# ----------------------------------------
# Jasper Version Info
# tool      : Jasper 2024.06
# platform  : Linux 3.10.0-1062.el7.x86_64
# version   : 2024.06p002 64 bits
# build date: 2024.09.02 16:28:38 UTC
# ----------------------------------------
# started   : 2025-11-18 09:52:40 IST
# hostname  : vlsi-moon.vlsidomain
# pid       : 189764
# arguments : '-label' 'session_0' '-console' '//127.0.0.1:37811' '-nowindow' '-style' 'windows' '-exitonerror' '-data' 'AAAA6nicY2RgYLCp////PwMYMD6A0Aw2jAyoAMRnQhUJbEChGRhYYZphSliAmItBl6GAoYghnyELyLNi0ANCfSA7HS6aypDMUMJQDBQtYcgA8ooYcoHiyUBcClSTAxSJZzBkMAXq5gGalcSQCFSXDFTJwKBGQIceWGUO2C0Aqa8dbw==' '-proj' '/users/rompel/jasper_executions/liveness/jgprojects/thermocouple_15/sessionLogs/session_0' '-init' '-hidden' '/users/rompel/jasper_executions/liveness/jgprojects/thermocouple_15/.tmp/.initCmds.tcl' 'thermocouple_15.tcl' '-hidden' '/users/rompel/jasper_executions/liveness/jgprojects/thermocouple_15/.tmp/.postCmds.tcl'

Any disclosure about the Cadence Design Systems software or its use
model to any third party violates the written Non-Disclosure Agreement
between Cadence Design Systems, Inc. and the customer.

THIS SOFTWARE CONTAINS CONFIDENTIAL INFORMATION AND TRADE SECRETS OF
CADENCE DESIGN SYSTEMS, INC. USE, DISCLOSURE, OR REPRODUCTION IS
PROHIBITED WITHOUT THE PRIOR EXPRESS WRITTEN PERMISSION OF CADENCE
DESIGN SYSTEMS, INC.

Copyright (C) 2000-2024 Cadence Design Systems, Inc. All Rights
Reserved.  Unpublished -- rights reserved under the copyright laws of
the United States.

This product includes software developed by others and redistributed
according to license agreement. See doc/third_party_readme.txt for
further details.

RESTRICTED RIGHTS LEGEND

Use, duplication, or disclosure by the Government is subject to
restrictions as set forth in subparagraph (c) (1) (ii) of the Rights in
Technical Data and Computer Software clause at DFARS 252.227-7013 or
subparagraphs (c) (1) and (2) of Commercial Computer Software -- Restricted
Rights at 48 CFR 52.227-19, as applicable.


                          Cadence Design Systems, Inc.
                          2655 Seely Avenue
                          San Jose, CA 95134
                          Phone: 408.943.1234

For technical assistance visit http://support.cadence.com.

Jasper Apps Analysis Session - /users/rompel/jasper_executions/liveness/jgprojects/thermocouple_15/sessionLogs/session_0

WARNING (WG017): [session]: The system's locale is "ANSI_X3.4-1968", which is not UTF-8. Non-ASCII characters might not be handled correctly.
WARNING (WG017): [jg_console]: The system's locale is "ANSI_X3.4-1968", which is not UTF-8. Non-ASCII characters might not be handled correctly.
INFO: successfully checked out license "jasper_fao".
INFO: reading configuration file "/users/rompel/.config/cadence/jasper.conf".
% analyze -sv09 ../thermocouple_15.sv
[-- (VERI-1482)] Analyzing Verilog file '/tools/cadence2425/JASPER/jasper_2024.06p002/lib/verilog/packages/std/std.sv' into library 'std'
[-- (VERI-1482)] Analyzing Verilog file '../thermocouple_15.sv'
% elaborate -bbox_mul 1000000 -bbox_div 1000000 -bbox_mod 1000000 -bbox_a 1000000
[INFO (HIER-8002)] ../thermocouple_15.sv(46): Disabling old hierarchical reference handler
[INFO (VERI-1018)] ../thermocouple_15.sv(1): compiling module 'Thermocouple'
[WARN (VERI-1209)] ../thermocouple_15.sv(18): expression size 32 truncated to fit in target size 17
[WARN (VERI-1209)] ../thermocouple_15.sv(37): expression size 32 truncated to fit in target size 17
[INFO (VERI-8005)] ../thermocouple_15.sv(1): Unintentional sequential element inferred for tc_temp_data read before write using blocking assignment
[INFO (VERI-8005)] ../thermocouple_15.sv(1): Unintentional sequential element inferred for junction_temp_data read before write using blocking assignment
[INFO (VERI-8005)] ../thermocouple_15.sv(1): Unintentional sequential element inferred for fault_bits read before write using blocking assignment
[INFO (VERI-8005)] ../thermocouple_15.sv(5): Unintentional sequential element inferred for state read before write using blocking assignment
[INFO (VERI-8005)] ../thermocouple_15.sv(6): Unintentional sequential element inferred for cnt read before write using blocking assignment
INFO (ISW003): Top module name is "Thermocouple".
INFO (INL208): Elaboration synthesis summary:
  Number of synthesized netlists          1 (0 packages)
  Single run mode                         On
  Pipeline                                On (1 pipelined netlists)
  Late hierarchical reference connection  On
  Number of analyzed Verilog modules      1 (1 synthesized)
  Number of analyzed VHDL entities        0 (0 synthesized)
INFO (INL003): Clearing all state information (assumes, stopats, and so forth).
Thermocouple
[<embedded>] % reset rst
INFO (IPM031): Clearing proof results of all properties.
INFO (IRS006): Current reset condition is "rst".
[<embedded>] % clock clk
[<embedded>] % prove -all
Ncustom1: Custom engine code is hT3Ng7hPPfiYQOTDZ3qhYOwGAM51eA+J/FjkM5shLioAsqhgLR4Ft+O1BuKG6ilQ83B9tLXSl+CwjiTMAQA
Bcustom2: Custom engine code is hT3Nm7hPr1Vp3Di1Ra2USNIGL4JypRnLKLAdF6JAyuavO2JfGCiY9OZJhcAcOUnLx5xwNdhILGrAWX9s+z2WDkKwNR7tAfClBEjRFVQeq6DU54boFgEA
AMcustom3: Custom engine code is hT3Ng7hP/feYQOTDZ3qhYOwGAM51eA+J/FjkM5shLioAsqhgLR4Ft+O1BuKG6ilQ83B9tLXSmmqwm7g9AQA
Mpcustom4: Custom engine code is hT3NZbhP9fmY2AbBQnsjfOxn6c+6e6yL+/e8fZFmaQrnlgEA
INFO (IPF036): Starting proof on task: "<embedded>", 1 properties to prove with 0 already proven/unreachable
INFO (IRS029): Starting reset analysis: phase 1 of 4.
INFO (IRS030): Running reset analysis: phase 2 of 4.
INFO (IRS031): Running reset analysis: phase 3 of 4.
INFO (IRS020): Starting the reset analysis simulation with a limit of 100 iterations (phase 4 of 4).
INFO (IRS024): Reset iterations 0 to 4 analyzed.
INFO (IRS018): Reset analysis simulation executed for 3 iterations. Assigned values for 50 of 50 design flops, 0 of 0 design latches, 3 of 3 internal elements.
INFO (IRS039): Reset analysis complete.
INFO (IPF031): Settings used for proof thread 0:
    orchestration                 = on
    time_limit                    = 86400s
    per_property_time_limit       = 1s * 10 ^ scan
    engine_mode                   = auto
    proofgrid_per_engine_max_jobs = 1
    max engine jobs               = auto
    proofgrid_mode                = local
    proofgrid_restarts            = 10
0: Using multistage preprocessing
0: Starting reduce
AMcustom5: Custom engine code is hT3N1rhP11/52HrFRS21ROp2LOjVTgPvT8L8BGXHgLhaIuqtT4nARFjUqrBL+7pLmaTOzBepZW/Jm8SSrHDybSQtoNiO3y43wk+dEoWlsZizu97Fih6O6lPVG/LpWP5SsUPwlGagLNa1FKEFvwVXyX7//8prySbvSxIHXr5er+z4RAEA
Ncustom6: Custom engine code is hT3OXrhPByJp3TrFSTLhUmMH4KVtJgmTCnNDF46yMXOKY48m4LS5nE7yBzFjA7kDuwO/GhGUpEPiky3p3wmPn3dJZHxFMsafSoObRzSC+tn7sEY0WbTdZ/FV4hL3MYH/b1CIUvXSWR4wqEoVLsmMOD4xIPT4lI1LO6ZCO7PnnWQuLwetnvKlrXx6wCW/A+x+enqslg1YPobi4wEF/EvbzOvcTYdJvl2s4H2yZg2b2ofAVN5WvhWk1HoBAA
ADcustom7: Custom engine code is hT3Nv7hPv1752HrFRa2kROx2f/ECJeZB2AZsLdlO8VwmIuqtT4nIDFXclhg+O+o+DMmQCekbheGk0kK28laA9gaOFDXsQp29J3X615HY1IPHJWd6FUFvCHjO+p1k652b5JJvZlShNpGlGSXAiQe/mEAj6tEBAA
Tricustom8: Custom engine code is hT3Nu7hPt1752DvFRa0kNDiyIV97VyejwM9C/jCLJjdPvusZONHY42VYUy0Q1ZotnhcVtNc56tJ5wbxv6V2+XpdsaSlHck5vfnbYjdwj1OECy9U+7oSQ0SZE3g5ayD+Phuh4odCJTjeKa2k4elM9ldQfkAEA
Gcustom9: Custom engine code is hT3NibhPDfeYQADBZnYcglOvK9Pfd7EOeniIqP8jNsyIqInncipMGcUXqAadachREE9F2PwhBUZUNw5kHnd4JdXkamORRgEA
0: Finished reduce in 0s
C2custom10: Custom engine code is hT3NirhPjfWYQADBZnYcglOvK9Pfd7EOeniIqP8jNsyIqInncgkrYMMXCYbdK0dUjZIF9d4cJ0rHoBDjwVLBKuG86XYVV00BAA
AGcustom11: Custom engine code is hT3NirhP/fmYQADBZnYcglOvK9Pfd7EOeniIqP8jNsyIqInnckcwYMMXCYbdK0dUjZIF9d4cJ0rHoBDjwVLBKuHEZnZByh0BAA
0.0.PRE: Performing Proof Simplification...
Bcustom12: Custom engine code is hT3NjrhPDfiYQADBZnYcglOvK9PfWxFtenjIyBqfrgr7if/jL/yPOuK1BAflEcW0DxNH2eDIoezN2gxlQFg81RZtiWXh7aiTAidvAQA
0.0.N: clocks: 1, declared: 1, looping: 0, posedge: 1, negedge: 0, noedge: 0, bothedge: 0
Ncustom13: Custom engine code is hT3NR7hPByFp3TrFSTLhUmMH4KWtJglTyV/c51BHEeZWamnJv767nE6PCak26bd3gf3XGN3rIRheufhDieCJQVISo+gNYUKhiUedBKGtsP/a18svAnlMJZudHxDFwK5ufsyoxsIyiAeSY2oi3tEuoDHr5gw42DFKAG3PqO3CEsl8Azzdt3pl5nGA1Ifv2H02eYsFzWb/nfp8PMb3F0krE/EgBcm8TD9Div8BAA
Tricustom14: Custom engine code is hT3Nu7hP3fiYQADBZnYcglNHp9bfd7EOeniIqP/ji8sGLQu8yhsFO+wxJ+O+R0bU8g/IewXFomyos+viQnWc2xYNYmMqpo3i40O7DaZR7qfp4YqNx26KRvQ/qx0BAA
0.0.N: Proof Simplification Iteration 1	[0.00 s]
0.0.N: Proof Simplification Iteration 2	[0.00 s]
0.0.N: Proof Simplification Iteration 3	[0.00 s]
0.0.PRE: A proof was found: No trace exists. [0.00 s]
INFO (IPF057): 0.0.PRE: The property ":noDeadEnd" was proven in 0.00 s.
    Use check_assumptions -show -dead_end to show this property in the property table.
0.0.PRE: A proof was found: No trace exists. [0.00 s]
INFO (IPF057): 0.0.PRE: The property ":noConflict" was proven in 0.00 s.
    Use check_assumptions -show to show this property in the property table.
INFO (IPF047): 0.0.PRE: The cover property ":live" was covered in 1 cycles in 0.00 s.
    Use check_assumptions -show -live to show this property in the property table.
0.0.PRE: Proof Simplification completed in 0.00 s
0: About to start ProofGrid in its own thread with a limit of 10000 pending notifications and a limit of 10 traces.
0: =============================== ProofGrid start ===============================
0: ProofGrid usable level: 1
0: Initial ProofGrid level: 1
0: ProofGrid is starting event handling
0.0.N: Proofgrid shell started at 189837@vlsi-moon(local) jg_189764_vlsi-moon_1
0.0.Hp: Proofgrid shell started at 189838@vlsi-moon(local) jg_189764_vlsi-moon_1
0.0.Hp: clocks: 1, declared: 1, looping: 0, posedge: 1, negedge: 0, noedge: 0, bothedge: 0
0.0.Hp: Last scan. Per property time limit: 0s
0.0.N: clocks: 1, declared: 1, looping: 0, posedge: 1, negedge: 0, noedge: 0, bothedge: 0
0.0.N: Last scan. Per property time limit: 0s
0.0.N: Starting proof for property "Thermocouple.p1"	[0.00 s].
0.0.Hp: Trace Attempt  1	[0.00 s]
0.0.N: Trace Attempt  1	[0.00 s]
0.0.N: Trace Attempt  2	[0.00 s]
0.0.Hp: Trace Attempt  2	[0.00 s]
0.0.N: Trace Attempt  2	[0.00 s]
0.0.Hp: Trace Attempt  3	[0.00 s]
0.0.N: Trace Attempt  3	[0.00 s]
0.0.N: Trace Attempt  4	[0.00 s]
0.0.Hp: Trace Attempt  4	[0.00 s]
0.0.N: Trace Attempt  4	[0.00 s]
0.0.Hp: Trace Attempt  5	[0.00 s]
0.0.N: Trace Attempt  5	[0.00 s]
0.0.N: Trace Attempt  1	[0.02 s]
0.0.N: Trace Attempt  2	[0.02 s]
0.0.N: Trace Attempt  3	[0.02 s]
0.0.N: Trace Attempt  4	[0.03 s]
0.0.B: Proofgrid shell started at 189871@vlsi-moon(local) jg_189764_vlsi-moon_1
0.0.B: clocks: 1, declared: 1, looping: 0, posedge: 1, negedge: 0, noedge: 0, bothedge: 0
0.0.B: Last scan. Per property time limit: 0s
0.0.B: Starting proof for property "Thermocouple.p1"	[0.00 s].
0.0.B: Trace Attempt  1	[0.00 s]
0.0.B: Trace Attempt  2	[0.00 s]
0.0.B: Trace Attempt  3	[0.00 s]
0.0.B: Trace Attempt  4	[0.00 s]
0.0.B: Trace Attempt  5	[0.00 s]
0.0.Oh: Proofgrid shell started at 189870@vlsi-moon(local) jg_189764_vlsi-moon_1
0.0.Oh: clocks: 1, declared: 1, looping: 0, posedge: 1, negedge: 0, noedge: 0, bothedge: 0
0.0.Oh: Reached length limit (2147483647) [0.00 s]
0.0.Oh: Exited with Success (@ 0.08 s)
0.0.AM: Proofgrid shell started at 189872@vlsi-moon(local) jg_189764_vlsi-moon_1
0.0.AM: clocks: 1, declared: 1, looping: 0, posedge: 1, negedge: 0, noedge: 0, bothedge: 0
0.0.AM: Last scan. Per property time limit: 0s
0.0.AM: Starting proof for property "Thermocouple.p1"	[0.00 s].
0.0.AM: Trace Attempt  1	[0.00 s]
0.0.AM: Trace Attempt  2	[0.00 s]
0.0.AM: Trace Attempt  3	[0.00 s]
0.0.AM: Trace Attempt  4	[0.00 s]
0.0.AM: Trace Attempt  5	[0.00 s]
0.0.Ht: Proofgrid shell started at 189869@vlsi-moon(local) jg_189764_vlsi-moon_1
0.0.Ht: clocks: 1, declared: 1, looping: 0, posedge: 1, negedge: 0, noedge: 0, bothedge: 0
0.0.Ht: Last scan. Per property time limit: 0s
0.0.AM: Trace Attempt  1	[0.00 s]
0.0.Ht: Trace Attempt  1	[0.00 s]
0.0.Ht: Trace Attempt  2	[0.00 s]
0.0.Ht: Trace Attempt  3	[0.00 s]
0.0.Ht: Trace Attempt  4	[0.00 s]
0.0.Ht: Trace Attempt  5	[0.00 s]
0.0.AM: Trace Attempt  2	[0.01 s]
0.0.AM: Trace Attempt  3	[0.01 s]
0.0.AM: Trace Attempt  4	[0.01 s]
0.0.AM: Trace Attempt  5	[0.01 s]
0.0.AM: Trace Attempt  1	[0.02 s]
0.0.AM: Trace Attempt  2	[0.02 s]
0.0.AM: Trace Attempt  3	[0.02 s]
0.0.AM: Trace Attempt  4	[0.02 s]
0.0.AM: Trace Attempt  5	[0.02 s]
0.0.AM: Trace Attempt  1	[0.07 s]
0.0.AM: Trace Attempt  2	[0.07 s]
0.0.AM: Trace Attempt  3	[0.07 s]
0.0.AM: Trace Attempt  4	[0.07 s]
0.0.AM: Trace Attempt  5	[0.08 s]
0.0.N: Trace Attempt  1	[0.24 s]
0.0.N: Trace Attempt  2	[0.24 s]
0.0.N: Trace Attempt  3	[0.24 s]
0.0.N: Trace Attempt  4	[0.25 s]
0.0.AM: Trace Attempt  1	[0.24 s]
0.0.AM: Trace Attempt  2	[0.24 s]
0.0.AM: Trace Attempt  3	[0.24 s]
0.0.AM: Trace Attempt  4	[0.24 s]
0.0.AM: Trace Attempt  5	[0.24 s]
0.0.AM: Trace Attempt  1	[0.82 s]
0.0.AM: Trace Attempt  2	[0.83 s]
0.0.AM: Trace Attempt  3	[0.83 s]
0.0.AM: Trace Attempt  4	[0.83 s]
0.0.AM: Trace Attempt  5	[0.83 s]
0.0.N: Trace Attempt  1	[0.92 s]
0.0.N: Trace Attempt  2	[0.93 s]
0.0.N: Trace Attempt  3	[0.93 s]
0.0.N: Trace Attempt  4	[0.93 s]
0.0.N: Trace Attempt  5	[0.93 s]
0.0.N: Trace Attempt  1	[3.20 s]
0.0.N: Trace Attempt  2	[3.20 s]
0.0.N: Trace Attempt  3	[3.20 s]
0.0.N: Trace Attempt  4	[3.21 s]
0.0.N: Trace Attempt  5	[3.21 s]
0.0.AM: Trace Attempt  1	[3.36 s]
0.0.AM: Trace Attempt  2	[3.36 s]
0.0.AM: Trace Attempt  3	[3.36 s]
0.0.AM: Trace Attempt  4	[3.37 s]
0.0.AM: Trace Attempt  5	[3.37 s]
0.0.Hp: Trace Attempt 407	[4.01 s]
0.0.B: Trace Attempt 1989	[4.00 s]
0.0.Ht: Trace Attempt 1927	[4.00 s]
0.0.N: Trace Attempt  1	[5.48 s]
0.0.N: Trace Attempt  2	[5.49 s]
0.0.N: Trace Attempt  3	[5.49 s]
0.0.N: Trace Attempt  4	[5.49 s]
0.0.N: Trace Attempt  5	[5.49 s]
0.0.AM: Trace Attempt 140	[7.38 s]
0.0.N: Trace Attempt  1	[7.76 s]
0.0.N: Trace Attempt  2	[7.77 s]
0.0.N: Trace Attempt  3	[7.77 s]
0.0.N: Trace Attempt  4	[7.77 s]
0.0.N: Trace Attempt  5	[7.77 s]
0.0.Hp: Trace Attempt 570	[8.02 s]
0.0.B: Trace Attempt 2701	[8.01 s]
0.0.Ht: Trace Attempt 2603	[8.00 s]
0.0.N: Trace Attempt  1	[10.26 s]
0.0.N: Trace Attempt  2	[10.26 s]
0.0.N: Trace Attempt  3	[10.27 s]
0.0.N: Trace Attempt  4	[10.27 s]
0.0.N: Trace Attempt  5	[10.27 s]
0.0.AM: Trace Attempt 220	[11.39 s]
0.0.Hp: Trace Attempt 694	[12.05 s]
0.0.Ht: Trace Attempt 3130	[12.00 s]
0.0.B: Trace Attempt 3220	[12.02 s]
0.0.AM: Trace Attempt  1	[13.07 s]
0.0.AM: Trace Attempt  2	[13.07 s]
0.0.AM: Trace Attempt  3	[13.07 s]
0.0.AM: Trace Attempt  4	[13.07 s]
0.0.AM: Trace Attempt  5	[13.08 s]
0.0.N: Trace Attempt 136	[14.29 s]
0.0.B: Trace Attempt 3623	[16.02 s]
0.0.Ht: Trace Attempt 3577	[16.00 s]
0.0.Hp: Trace Attempt 795	[16.10 s]
0.0.AM: Trace Attempt 170	[17.09 s]
0.0.N: Trace Attempt 201	[18.35 s]
0.0.B: Trace Attempt 3998	[20.02 s]
0.0.Ht: Trace Attempt 3950	[20.02 s]
0.0.Hp: Trace Attempt 889	[20.13 s]
0.0.N: Trace Attempt  1	[20.97 s]
0.0.N: Trace Attempt  2	[20.97 s]
0.0.N: Trace Attempt  3	[20.97 s]
0.0.N: Trace Attempt  4	[20.98 s]
0.0.N: Trace Attempt  5	[20.98 s]
0.0.AM: Trace Attempt 243	[21.13 s]
0.0.B: Trace Attempt 4331	[24.03 s]
0.0.Ht: Trace Attempt 4276	[24.02 s]
0.0.Hp: Trace Attempt 968	[24.14 s]
0.0.N: Trace Attempt 141	[24.99 s]
0.0.AM: Trace Attempt 305	[25.13 s]
0.0.B: Trace Attempt 4634	[28.03 s]
0.0.Ht: Trace Attempt 4576	[28.02 s]
0.0.Hp: Trace Attempt 1041	[28.14 s]
0.0.N: Trace Attempt 215	[29.04 s]
0.0.AM: Trace Attempt 369	[29.15 s]
0.0.N: Trace Attempt  1	[31.03 s]
0.0.N: Trace Attempt  2	[31.03 s]
0.0.N: Trace Attempt  3	[31.03 s]
0.0.N: Trace Attempt  4	[31.04 s]
0.0.N: Trace Attempt  5	[31.04 s]
0.0.Ht: Trace Attempt 4854	[32.02 s]
0.0.B: Trace Attempt 4910	[32.04 s]
0.0.Hp: Trace Attempt 1101	[32.15 s]
0.0.AM: Trace Attempt 387	[33.37 s]
0.0.N: Trace Attempt 142	[35.07 s]
0.0.Ht: Trace Attempt 5111	[36.03 s]
0.0.B: Trace Attempt 5169	[36.04 s]
0.0.Hp: Trace Attempt 1168	[36.19 s]
0.0.AM: Trace Attempt 405	[37.46 s]
0.0.N: Trace Attempt 218	[39.09 s]
0.0.Ht: Trace Attempt 5373	[40.04 s]
0.0.B: Trace Attempt 5412	[40.06 s]
0.0.Hp: Trace Attempt 1231	[40.26 s]
0.0.N: Trace Attempt  1	[40.91 s]
0.0.N: Trace Attempt  2	[40.91 s]
0.0.N: Trace Attempt  3	[40.91 s]
0.0.N: Trace Attempt  4	[40.91 s]
0.0.N: Trace Attempt  5	[40.91 s]
0.0.AM: Trace Attempt 417	[41.60 s]
0.0.B: Trace Attempt 5642	[44.06 s]
0.0.Ht: Trace Attempt 5621	[44.05 s]
0.0.Hp: Trace Attempt 1292	[44.26 s]
0.0.N: Trace Attempt 142	[44.94 s]
0.0.AM: Trace Attempt 428	[46.19 s]
0.0.B: Trace Attempt 5862	[48.06 s]
0.0.Ht: Trace Attempt 5853	[48.06 s]
0.0.Hp: Trace Attempt 1351	[48.28 s]
0.0.N: Trace Attempt 218	[48.98 s]
0.0.AM: Trace Attempt 444	[50.28 s]
0.0.N: Trace Attempt  1	[50.92 s]
0.0.N: Trace Attempt  2	[50.93 s]
0.0.N: Trace Attempt  3	[50.93 s]
0.0.N: Trace Attempt  4	[50.93 s]
0.0.N: Trace Attempt  5	[50.94 s]
0.0.B: Trace Attempt 6074	[52.07 s]
0.0.Ht: Trace Attempt 6076	[52.08 s]
0.0.Hp: Trace Attempt 1407	[52.28 s]
0.0.AM: Trace Attempt 307	[54.29 s]
0.0.N: Trace Attempt 141	[54.94 s]
0.0.B: Trace Attempt 6262	[56.08 s]
0.0.Ht: Trace Attempt 6276	[56.10 s]
0.0.Hp: Trace Attempt 1463	[56.35 s]
0.0.N: Trace Attempt 216	[58.97 s]
0.0.B: Trace Attempt 6435	[60.09 s]
0.0.Ht: Trace Attempt 6485	[60.11 s]
0.0.Hp: Trace Attempt 1508	[60.44 s]
0.0.AM: Trace Attempt 513	[60.37 s]
0.0.AM: Trace Attempt  1	[60.48 s]
0.0.AM: Trace Attempt  2	[60.48 s]
0.0.AM: Trace Attempt  3	[60.48 s]
0.0.AM: Trace Attempt  4	[60.48 s]
0.0.AM: Trace Attempt  5	[60.48 s]
0.0.N: Trace Attempt  1	[60.99 s]
0.0.N: Trace Attempt  2	[61.00 s]
0.0.N: Trace Attempt  3	[61.00 s]
0.0.N: Trace Attempt  4	[61.00 s]
0.0.N: Trace Attempt  5	[61.01 s]
0.0.B: Trace Attempt 6622	[64.09 s]
0.0.Ht: Trace Attempt 6681	[64.11 s]
0.0.Hp: Trace Attempt 1559	[64.48 s]
0.0.AM: Trace Attempt 205	[64.50 s]
0.0.N: Trace Attempt 142	[65.04 s]
0.0.B: Trace Attempt 6804	[68.09 s]
0.0.Ht: Trace Attempt 6859	[68.12 s]
0.0.Hp: Trace Attempt 1610	[68.54 s]
0.0.AM: Trace Attempt 264	[68.51 s]
0.0.N: Trace Attempt 218	[69.08 s]
0.0.N: Trace Attempt  1	[70.91 s]
0.0.N: Trace Attempt  2	[70.91 s]
0.0.N: Trace Attempt  3	[70.91 s]
0.0.N: Trace Attempt  4	[70.92 s]
0.0.N: Trace Attempt  5	[70.92 s]
0.0.B: Trace Attempt 6981	[72.10 s]
0.0.Ht: Trace Attempt 7043	[72.14 s]
0.0.Hp: Trace Attempt 1659	[72.58 s]
0.0.AM: Trace Attempt 329	[72.55 s]
0.0.N: Trace Attempt 142	[74.95 s]
0.0.B: Trace Attempt 7151	[76.10 s]
0.0.Ht: Trace Attempt 7220	[76.14 s]
0.0.Hp: Trace Attempt 1705	[76.60 s]
0.0.AM: Trace Attempt 384	[76.55 s]
0.0.N: Trace Attempt 217	[78.99 s]
0.0.B: Trace Attempt 7314	[80.12 s]
0.0.Ht: Trace Attempt 7396	[80.15 s]
0.0.Hp: Trace Attempt 1750	[80.61 s]
0.0.AM: Trace Attempt 458	[80.65 s]
0.0.N: Trace Attempt  1	[80.86 s]
0.0.N: Trace Attempt  2	[80.87 s]
0.0.N: Trace Attempt  3	[80.87 s]
0.0.N: Trace Attempt  4	[80.87 s]
0.0.N: Trace Attempt  5	[80.87 s]
0.0.B: Trace Attempt 7476	[84.14 s]
0.0.Ht: Trace Attempt 7567	[84.16 s]
0.0.Hp: Trace Attempt 1793	[84.68 s]
0.0.N: Trace Attempt 142	[84.97 s]
0.0.AM: Trace Attempt 476	[85.04 s]
0.0.B: Trace Attempt 7636	[88.16 s]
0.0.Ht: Trace Attempt 7735	[88.18 s]
0.0.Hp: Trace Attempt 1834	[88.77 s]
0.0.N: Trace Attempt 217	[89.00 s]
0.0.AM: Trace Attempt 501	[89.11 s]
0.0.N: Trace Attempt  1	[90.82 s]
0.0.N: Trace Attempt  2	[90.82 s]
0.0.N: Trace Attempt  3	[90.82 s]
0.0.N: Trace Attempt  4	[90.83 s]
0.0.N: Trace Attempt  5	[90.83 s]
0.0.B: Trace Attempt 7789	[92.16 s]
0.0.Ht: Trace Attempt 7893	[92.19 s]
0.0.Hp: Trace Attempt 1874	[92.81 s]
0.0.AM: Trace Attempt 528	[93.16 s]
0.0.N: Trace Attempt 142	[94.91 s]
0.0.B: Trace Attempt 7939	[96.18 s]
0.0.Ht: Trace Attempt 8052	[96.21 s]
0.0.Hp: Trace Attempt 1915	[96.82 s]
0.0.AM: Trace Attempt 562	[97.26 s]
0.0.N: Trace Attempt 217	[98.92 s]
0.0.B: Trace Attempt 8086	[100.20 s]
0.0.Ht: Trace Attempt 8202	[100.28 s]
0.0.N: Trace Attempt  1	[100.81 s]
0.0.N: Trace Attempt  2	[100.81 s]
0.0.N: Trace Attempt  3	[100.81 s]
0.0.N: Trace Attempt  4	[100.82 s]
0.0.N: Trace Attempt  5	[100.82 s]
0.0.Hp: Trace Attempt 1956	[100.88 s]
0.0.AM: Trace Attempt 591	[101.45 s]
0.0.B: Trace Attempt 8231	[104.22 s]
0.0.Ht: Trace Attempt 8330	[104.30 s]
0.0.Hp: Trace Attempt 1994	[104.89 s]
0.0.N: Trace Attempt 142	[104.91 s]
0.0.AM: Trace Attempt 620	[105.49 s]
0.0.B: Trace Attempt 8378	[108.23 s]
0.0.Ht: Trace Attempt 8458	[108.30 s]
0.0.N: Trace Attempt 217	[108.95 s]
0.0.Hp: Trace Attempt 2032	[108.96 s]
0.0.AM: Trace Attempt 649	[109.58 s]
0.0.N: Trace Attempt  1	[110.88 s]
0.0.N: Trace Attempt  2	[110.88 s]
0.0.N: Trace Attempt  3	[110.88 s]
0.0.N: Trace Attempt  4	[110.89 s]
0.0.N: Trace Attempt  5	[110.89 s]
0.0.B: Trace Attempt 8520	[112.24 s]
0.0.Ht: Trace Attempt 8588	[112.30 s]
0.0.Hp: Trace Attempt 2069	[113.02 s]
0.0.AM: Trace Attempt 680	[113.58 s]
0.0.N: Trace Attempt 142	[114.93 s]
0.0.B: Trace Attempt 8657	[116.25 s]
0.0.Ht: Trace Attempt 8698	[116.33 s]
0.0.Hp: Trace Attempt 2108	[117.12 s]
0.0.AM: Trace Attempt 709	[117.85 s]
0.0.N: Trace Attempt 216	[118.95 s]
0.0.B: Trace Attempt 8795	[120.27 s]
0.0.Ht: Trace Attempt 8812	[120.37 s]
0.0.Hp: Trace Attempt 2145	[121.13 s]
0.0.N: Trace Attempt  1	[121.57 s]
0.0.N: Trace Attempt  2	[121.57 s]
0.0.N: Trace Attempt  3	[121.57 s]
0.0.N: Trace Attempt  4	[121.57 s]
0.0.N: Trace Attempt  5	[121.58 s]
0.0.AM: Trace Attempt 731	[122.02 s]
0.0.B: Trace Attempt 8928	[124.29 s]
0.0.Ht: Trace Attempt 8917	[124.38 s]
0.0.Hp: Trace Attempt 2182	[125.20 s]
0.0.N: Trace Attempt 183	[125.58 s]
0.0.AM: Trace Attempt 757	[126.05 s]
0.0.B: Trace Attempt 9059	[128.32 s]
0.0.Ht: Trace Attempt 9037	[128.39 s]
0.0.Hp: Trace Attempt 2218	[129.21 s]
0.0.N: Trace Attempt 253	[129.65 s]
0.0.AM: Trace Attempt 786	[130.06 s]
0.0.B: Trace Attempt 9187	[132.34 s]
0.0.Ht: Trace Attempt 9155	[132.40 s]
0.0.Hp: Trace Attempt 2253	[133.22 s]
0.0.N: Trace Attempt 323	[133.69 s]
0.0.AM: Trace Attempt 814	[134.19 s]
0.0.B: Trace Attempt 9312	[136.35 s]
0.0.Ht: Trace Attempt 9283	[136.40 s]
0.0.Hp: Trace Attempt 2288	[137.25 s]
0.0.N: Trace Attempt 385	[137.69 s]
0.0.AM: Trace Attempt 839	[138.31 s]
0.0.B: Trace Attempt 9432	[140.37 s]
0.0.Ht: Trace Attempt 9415	[140.41 s]
0.0.Hp: Trace Attempt 2323	[141.34 s]
0.0.AM: Trace Attempt 868	[142.33 s]
0.0.N: Trace Attempt 440	[142.60 s]
0.0.B: Trace Attempt 9555	[144.40 s]
0.0.Ht: Trace Attempt 9552	[144.44 s]
0.0.Hp: Trace Attempt 2358	[145.49 s]
0.0.N: Trace Attempt  1	[146.52 s]
0.0.N: Trace Attempt  2	[146.52 s]
0.0.N: Trace Attempt  3	[146.52 s]
0.0.N: Trace Attempt  4	[146.53 s]
0.0.N: Trace Attempt  5	[146.53 s]
0.0.AM: Trace Attempt 900	[146.48 s]
0.0.B: Trace Attempt 9674	[148.40 s]
0.0.Ht: Trace Attempt 9690	[148.45 s]
0.0.Hp: Trace Attempt 2392	[149.57 s]
0.0.N: Trace Attempt 143	[150.55 s]
0.0.AM: Trace Attempt 932	[150.57 s]
0.0.B: Trace Attempt 9793	[152.41 s]
0.0.Ht: Trace Attempt 9826	[152.47 s]
0.0.Hp: Trace Attempt 2426	[153.67 s]
0.0.N: Trace Attempt 212	[154.57 s]
0.0.AM: Trace Attempt 561	[154.58 s]
0.0.B: Trace Attempt 9905	[156.43 s]
0.0.Ht: Trace Attempt 9960	[156.48 s]
0.0.Hp: Trace Attempt 2459	[157.73 s]
0.0.N: Trace Attempt 247	[158.59 s]
0.0.AM: Trace Attempt 666	[158.61 s]
0.0.B: Trace Attempt 10016	[160.44 s]
0.0.Ht: Trace Attempt 10092	[160.51 s]
0.0.Hp: Trace Attempt 2491	[161.74 s]
0.0.N: Trace Attempt 271	[162.66 s]
0.0.AM: Trace Attempt 763	[162.64 s]
0.0.B: Trace Attempt 10126	[164.47 s]
0.0.Ht: Trace Attempt 10216	[164.54 s]
0.0.Hp: Trace Attempt 2523	[165.76 s]
0.0.AM: Trace Attempt 846	[166.65 s]
0.0.N: Trace Attempt 306	[166.74 s]
0.0.B: Trace Attempt 10234	[168.49 s]
0.0.Ht: Trace Attempt 10323	[168.55 s]
0.0.Hp: Trace Attempt 2555	[169.88 s]
0.0.AM: Trace Attempt 919	[170.67 s]
0.0.N: Trace Attempt 347	[170.91 s]
0.0.B: Trace Attempt 10340	[172.49 s]
0.0.Ht: Trace Attempt 10437	[172.58 s]
0.0.Hp: Trace Attempt 2586	[173.93 s]
0.0.AM: Trace Attempt 982	[174.76 s]
0.0.N: Trace Attempt 377	[174.95 s]
0.0.B: Trace Attempt 10445	[176.50 s]
0.0.Ht: Trace Attempt 10557	[176.59 s]
0.0.Hp: Trace Attempt 2617	[178.04 s]
0.0.N: Trace Attempt 406	[179.03 s]
0.0.B: Trace Attempt 10551	[180.53 s]
0.0.Ht: Trace Attempt 10670	[180.62 s]
0.0.N: Trace Attempt 422	[180.94 s]
0.0.N: Stopped processing property "Thermocouple.p1"	[181.05 s].
0.0.N: Morphing to Ncustom1
0.0.N: All properties determined. [0.00 s]
0.0.N: Exited with Success (@ 0.00 s)
0.0.Ncustom1: clocks: 1, declared: 1, looping: 0, posedge: 1, negedge: 0, noedge: 0, bothedge: 0
0.0.Ncustom1: Starting proof for property "Thermocouple.p1"	[0.00 s].
0.0.B: Trace Attempt 10561	[180.91 s]
0.0.B: Stopped processing property "Thermocouple.p1"	[181.04 s].
0.0.B: Morphing to Bcustom2
0.0.B: All properties determined. [0.00 s]
0.0.B: Exited with Success (@ 0.00 s)
0.0.Bcustom2: clocks: 1, declared: 1, looping: 0, posedge: 1, negedge: 0, noedge: 0, bothedge: 0
0.0.Bcustom2: Starting proof for property "Thermocouple.p1"	[0.00 s].
0.0.Bcustom2: Trace Attempt  1	[0.00 s]
0.0.Bcustom2: Trace Attempt  2	[0.00 s]
0.0.Tri: Proofgrid shell started at 191364@vlsi-moon(local) jg_189764_vlsi-moon_1
0.0.Bcustom2: Trace Attempt  1	[0.00 s]
0.0.Bcustom2: Trace Attempt  2	[0.00 s]
0.0.Bcustom2: Trace Attempt  3	[0.00 s]
0.0.Bcustom2: Trace Attempt  4	[0.00 s]
0.0.Bcustom2: Trace Attempt  5	[0.00 s]
0.0.Tri: clocks: 1, declared: 1, looping: 0, posedge: 1, negedge: 0, noedge: 0, bothedge: 0
0.0.Bcustom2: Trace Attempt  1	[0.00 s]
0.0.Bcustom2: Trace Attempt  2	[0.00 s]
0.0.Bcustom2: Trace Attempt  3	[0.00 s]
0.0.Bcustom2: Trace Attempt  4	[0.00 s]
0.0.Bcustom2: Trace Attempt  5	[0.00 s]
0.0.Bcustom2: Trace Attempt  1	[0.01 s]
0.0.Bcustom2: Trace Attempt  2	[0.01 s]
0.0.Bcustom2: Trace Attempt  3	[0.01 s]
0.0.Bcustom2: Trace Attempt  4	[0.01 s]
0.0.Bcustom2: Trace Attempt  5	[0.01 s]
0.0.Tri: Last scan. Per property time limit: 0s
0.0.Tri: Starting proof for property "Thermocouple.p1"	[0.00 s].
0.0.Tri: Trace Attempt  1	[0.00 s]
0.0.Bcustom2: Trace Attempt  1	[0.02 s]
0.0.Bcustom2: Trace Attempt  2	[0.02 s]
0.0.Bcustom2: Trace Attempt  3	[0.02 s]
0.0.Bcustom2: Trace Attempt  4	[0.02 s]
0.0.Bcustom2: Trace Attempt  5	[0.02 s]
0.0.Ncustom1: Trace Attempt 447	[0.08 s]
0.0.Bcustom2: Trace Attempt  1	[0.03 s]
0.0.Bcustom2: Trace Attempt  2	[0.03 s]
0.0.Bcustom2: Trace Attempt  3	[0.03 s]
0.0.Bcustom2: Trace Attempt  4	[0.03 s]
0.0.Bcustom2: Trace Attempt  5	[0.03 s]
0.0.AM: Trace Attempt 1024	[177.33 s]
0.0.AM: Stopped processing property "Thermocouple.p1"	[181.10 s].
0.0.AM: Morphing to AMcustom3
0.0.AM: All properties determined. [0.00 s]
0.0.AM: Exited with Success (@ 0.00 s)
0.0.AMcustom3: clocks: 1, declared: 1, looping: 0, posedge: 1, negedge: 0, noedge: 0, bothedge: 0
0.0.AMcustom3: Starting proof for property "Thermocouple.p1"	[0.00 s].
0.0.AMcustom3: Trace Attempt  1	[0.00 s]
0.0.AMcustom3: Trace Attempt  2	[0.00 s]
0.0.AMcustom3: Trace Attempt  3	[0.00 s]
0.0.AMcustom3: Trace Attempt  4	[0.00 s]
0.0.AMcustom3: Trace Attempt  5	[0.00 s]
0.0.AMcustom3: Trace Attempt  1	[0.00 s]
0.0.Tri:    0.00" ---- Launching main thread ----
0.0.AMcustom3: Trace Attempt  2	[0.01 s]
0.0.AMcustom3: Trace Attempt  3	[0.01 s]
0.0.Bcustom2: Trace Attempt  1	[0.07 s]
0.0.Bcustom2: Trace Attempt  2	[0.07 s]
0.0.Bcustom2: Trace Attempt  3	[0.07 s]
0.0.Bcustom2: Trace Attempt  4	[0.07 s]
0.0.Bcustom2: Trace Attempt  5	[0.07 s]
0.0.AMcustom3: Trace Attempt  4	[0.01 s]
0.0.AMcustom3: Trace Attempt  5	[0.01 s]
0.0.AMcustom3: Trace Attempt  1	[0.02 s]
0.0.AMcustom3: Trace Attempt  2	[0.03 s]
0.0.AMcustom3: Trace Attempt  3	[0.03 s]
0.0.AMcustom3: Trace Attempt  4	[0.03 s]
0.0.AMcustom3: Trace Attempt  5	[0.03 s]
0.0.Tri:    0.04" ---- Launching abstraction thread ----
0.0.Tri:    0.04" ---- Launching multi-phase simplification thread ----
0.0.Tri:    0.06" ---- Launching liveness simplification thread ----
0.0.AMcustom3: Trace Attempt  1	[0.07 s]
0.0.AMcustom3: Trace Attempt  2	[0.08 s]
0.0.AMcustom3: Trace Attempt  3	[0.08 s]
0.0.AMcustom3: Trace Attempt  4	[0.08 s]
0.0.AMcustom3: Trace Attempt  5	[0.08 s]
0.0.Bcustom2: Trace Attempt  1	[0.15 s]
0.0.Bcustom2: Trace Attempt  2	[0.15 s]
0.0.Bcustom2: Trace Attempt  3	[0.15 s]
0.0.Bcustom2: Trace Attempt  4	[0.15 s]
0.0.Bcustom2: Trace Attempt  5	[0.15 s]
0.0.AMcustom3: Trace Attempt  1	[0.24 s]
0.0.AMcustom3: Trace Attempt  2	[0.24 s]
0.0.AMcustom3: Trace Attempt  3	[0.25 s]
0.0.AMcustom3: Trace Attempt  4	[0.25 s]
0.0.AMcustom3: Trace Attempt  5	[0.25 s]
0.0.Bcustom2: Trace Attempt  1	[0.36 s]
0.0.Bcustom2: Trace Attempt  2	[0.36 s]
0.0.Bcustom2: Trace Attempt  3	[0.36 s]
0.0.Bcustom2: Trace Attempt  4	[0.36 s]
0.0.Bcustom2: Trace Attempt  5	[0.36 s]
0.0.AMcustom3: Trace Attempt  1	[0.82 s]
0.0.AMcustom3: Trace Attempt  2	[0.82 s]
0.0.AMcustom3: Trace Attempt  3	[0.82 s]
0.0.AMcustom3: Trace Attempt  4	[0.82 s]
0.0.AMcustom3: Trace Attempt  5	[0.83 s]
0.0.Bcustom2: Trace Attempt  1	[0.94 s]
0.0.Bcustom2: Trace Attempt  2	[0.94 s]
0.0.Bcustom2: Trace Attempt  3	[0.94 s]
0.0.Bcustom2: Trace Attempt  4	[0.94 s]
0.0.Bcustom2: Trace Attempt  5	[0.94 s]
0.0.Bcustom2: Trace Attempt 77	[0.94 s]
0.0.Bcustom2: Stopped processing property "Thermocouple.p1"	[0.95 s].
0.0.Bcustom2: Morphing to D
0.0.Bcustom2: All properties determined. [0.00 s]
0.0.Bcustom2: Exited with Success (@ 0.00 s)
0.0.AMcustom3: Trace Attempt 19	[0.88 s]
0.0.AMcustom3: Stopped processing property "Thermocouple.p1"	[0.88 s].
0.0.D: clocks: 1, declared: 1, looping: 0, posedge: 1, negedge: 0, noedge: 0, bothedge: 0
0.0.D: Starting proof for property "Thermocouple.p1"	[0.00 s].
0.0.Tri:    0.88" Simplification phase 1 complete
0.0.D: Trace Attempt  1	[0.00 s]
0.0.D: Trace Attempt  2	[0.00 s]
0.0.Tri: Stopped processing property "Thermocouple.p1"	[0.94 s].
0.0.Tri: Morphing to AMcustom5
0.0.Tri: All properties determined. [0.00 s]
0.0.Tri: Exited with Success (@ 0.00 s)
0.0.AMcustom5: clocks: 1, declared: 1, looping: 0, posedge: 1, negedge: 0, noedge: 0, bothedge: 0
0.0.D: Trace Attempt  4	[0.01 s]
0.0.AMcustom5: Starting proof for property "Thermocouple.p1"	[0.00 s].
0.0.AMcustom5: Trace Attempt  1	[0.00 s]
0.0.AMcustom5: Trace Attempt  2	[0.00 s]
0.0.Hp: Trace Attempt 2647	[182.08 s]
0.0.AMcustom5: Trace Attempt  1	[0.01 s]
0.0.AMcustom5: Trace Attempt  2	[0.01 s]
0.0.AMcustom3: Morphing to M
0.0.AMcustom3: All properties determined. [0.00 s]
0.0.AMcustom3: Exited with Success (@ 0.00 s)
0.0.AMcustom5: Trace Attempt  3	[0.01 s]
0.0.M: clocks: 1, declared: 1, looping: 0, posedge: 1, negedge: 0, noedge: 0, bothedge: 0
0.0.M: Starting proof for property "Thermocouple.p1"	[0.00 s].
0.0.M: Trace Attempt  1	[0.00 s]
0.0.AMcustom5: Trace Attempt  4	[0.01 s]
0.0.AMcustom5: Trace Attempt  5	[0.01 s]
0.0.M: Trace Attempt  2	[0.00 s]
0.0.M: Trace Attempt  3	[0.00 s]
0.0.AMcustom5: Trace Attempt  1	[0.01 s]
0.0.AMcustom5: Trace Attempt  2	[0.01 s]
0.0.AMcustom5: Trace Attempt  3	[0.01 s]
0.0.AMcustom5: Trace Attempt  4	[0.01 s]
0.0.AMcustom5: Trace Attempt  5	[0.01 s]
0.0.AMcustom5: Trace Attempt  1	[0.02 s]
0.0.M: Trace Attempt  4	[0.01 s]
0.0.AMcustom5: Trace Attempt  2	[0.02 s]
0.0.AMcustom5: Trace Attempt  3	[0.02 s]
0.0.M: Trace Attempt  5	[0.01 s]
0.0.AMcustom5: Trace Attempt  4	[0.02 s]
0.0.AMcustom5: Trace Attempt  5	[0.02 s]
0.0.AMcustom5: Trace Attempt  1	[0.03 s]
0.0.AMcustom5: Trace Attempt  2	[0.03 s]
0.0.AMcustom5: Trace Attempt  3	[0.03 s]
0.0.AMcustom5: Trace Attempt  4	[0.03 s]
0.0.AMcustom5: Trace Attempt  5	[0.03 s]
0.0.AMcustom5: Trace Attempt  1	[0.03 s]
0.0.AMcustom5: Trace Attempt  2	[0.04 s]
0.0.AMcustom5: Trace Attempt  3	[0.04 s]
0.0.AMcustom5: Trace Attempt  4	[0.04 s]
0.0.AMcustom5: Trace Attempt  5	[0.04 s]
0.0.AMcustom5: Trace Attempt  1	[0.04 s]
0.0.AMcustom5: Trace Attempt  2	[0.04 s]
0.0.AMcustom5: Trace Attempt  3	[0.04 s]
0.0.AMcustom5: Trace Attempt  4	[0.05 s]
0.0.AMcustom5: Trace Attempt  5	[0.05 s]
0.0.AMcustom5: Trace Attempt  1	[0.08 s]
0.0.AMcustom5: Trace Attempt  2	[0.08 s]
0.0.AMcustom5: Trace Attempt  3	[0.08 s]
0.0.AMcustom5: Trace Attempt  4	[0.08 s]
0.0.AMcustom5: Trace Attempt  5	[0.08 s]
0.0.AMcustom5: Trace Attempt  1	[0.08 s]
0.0.AMcustom5: Trace Attempt  2	[0.09 s]
0.0.AMcustom5: Trace Attempt  3	[0.09 s]
0.0.AMcustom5: Trace Attempt  4	[0.09 s]
0.0.AMcustom5: Trace Attempt  5	[0.09 s]
0.0.AMcustom5: Trace Attempt  1	[0.10 s]
0.0.AMcustom5: Trace Attempt  2	[0.10 s]
0.0.AMcustom5: Trace Attempt  3	[0.10 s]
0.0.AMcustom5: Trace Attempt  4	[0.10 s]
0.0.AMcustom5: Trace Attempt  5	[0.10 s]
0.0.AMcustom5: Trace Attempt  1	[0.13 s]
0.0.AMcustom5: Trace Attempt  2	[0.13 s]
0.0.AMcustom5: Trace Attempt  3	[0.13 s]
0.0.AMcustom5: Trace Attempt  4	[0.13 s]
0.0.AMcustom5: Trace Attempt  5	[0.13 s]
0.0.AMcustom5: Trace Attempt  1	[0.24 s]
0.0.AMcustom5: Trace Attempt  2	[0.24 s]
0.0.AMcustom5: Trace Attempt  3	[0.24 s]
0.0.AMcustom5: Trace Attempt  4	[0.24 s]
0.0.AMcustom5: Trace Attempt  5	[0.24 s]
0.0.AMcustom5: Trace Attempt  1	[0.25 s]
0.0.AMcustom5: Trace Attempt  2	[0.25 s]
0.0.AMcustom5: Trace Attempt  3	[0.25 s]
0.0.AMcustom5: Trace Attempt  4	[0.25 s]
0.0.AMcustom5: Trace Attempt  5	[0.25 s]
0.0.AMcustom5: Trace Attempt  1	[0.26 s]
0.0.AMcustom5: Trace Attempt  2	[0.26 s]
0.0.AMcustom5: Trace Attempt  3	[0.26 s]
0.0.AMcustom5: Trace Attempt  4	[0.26 s]
0.0.AMcustom5: Trace Attempt  5	[0.26 s]
0.0.AMcustom5: Trace Attempt  1	[0.29 s]
0.0.AMcustom5: Trace Attempt  2	[0.29 s]
0.0.AMcustom5: Trace Attempt  3	[0.29 s]
0.0.AMcustom5: Trace Attempt  4	[0.30 s]
0.0.AMcustom5: Trace Attempt  5	[0.30 s]
0.0.AMcustom5: Trace Attempt  1	[0.40 s]
0.0.AMcustom5: Trace Attempt  2	[0.40 s]
0.0.AMcustom5: Trace Attempt  3	[0.40 s]
0.0.AMcustom5: Trace Attempt  4	[0.40 s]
0.0.AMcustom5: Trace Attempt  5	[0.40 s]
0.0.AMcustom5: Trace Attempt  1	[0.88 s]
0.0.AMcustom5: Trace Attempt  2	[0.88 s]
0.0.AMcustom5: Trace Attempt  3	[0.88 s]
0.0.AMcustom5: Trace Attempt  4	[0.88 s]
0.0.AMcustom5: Trace Attempt  5	[0.88 s]
0.0.AMcustom5: Trace Attempt  1	[0.89 s]
0.0.AMcustom5: Trace Attempt  2	[0.89 s]
0.0.AMcustom5: Trace Attempt  3	[0.89 s]
0.0.AMcustom5: Trace Attempt  4	[0.89 s]
0.0.AMcustom5: Trace Attempt  1	[0.90 s]
0.0.AMcustom5: Trace Attempt  2	[0.90 s]
0.0.AMcustom5: Trace Attempt  3	[0.90 s]
0.0.AMcustom5: Trace Attempt  4	[0.90 s]
0.0.AMcustom5: Trace Attempt  5	[0.90 s]
0.0.AMcustom5: Trace Attempt  1	[0.93 s]
0.0.AMcustom5: Trace Attempt  2	[0.94 s]
0.0.AMcustom5: Trace Attempt  3	[0.94 s]
0.0.AMcustom5: Trace Attempt  4	[0.94 s]
0.0.AMcustom5: Trace Attempt  5	[0.94 s]
0.0.AMcustom5: Trace Attempt  1	[1.06 s]
0.0.AMcustom5: Trace Attempt  2	[1.06 s]
0.0.AMcustom5: Trace Attempt  3	[1.06 s]
0.0.AMcustom5: Trace Attempt  4	[1.06 s]
0.0.AMcustom5: Trace Attempt  5	[1.07 s]
0.0.Ncustom1: Trace Attempt  1	[2.10 s]
0.0.Ncustom1: Trace Attempt  2	[2.10 s]
0.0.Ncustom1: Trace Attempt  3	[2.10 s]
0.0.Ncustom1: Trace Attempt  4	[2.10 s]
0.0.Ncustom1: Trace Attempt  5	[2.11 s]
0.0.AMcustom5: Trace Attempt  1	[1.61 s]
0.0.AMcustom5: Trace Attempt  2	[1.61 s]
0.0.AMcustom5: Trace Attempt  3	[1.61 s]
0.0.AMcustom5: Trace Attempt  4	[1.62 s]
0.0.AMcustom5: Trace Attempt  5	[1.62 s]
0.0.D: Trace Attempt 64	[1.05 s]
0.0.D: Stopped processing property "Thermocouple.p1"	[2.27 s].
0.0.D: Morphing to AMcustom3
0.0.Ncustom1: Trace Attempt 76	[3.27 s]
0.0.Ncustom1: Stopped processing property "Thermocouple.p1"	[3.28 s].
0.0.Ncustom1: Morphing to Bcustom2
0.0.Ncustom1: All properties determined. [0.00 s]
0.0.Ncustom1: Exited with Success (@ 0.00 s)
0.0.D: All properties determined. [0.00 s]
0.0.D: Exited with Success (@ 0.00 s)
0.0.AMcustom3: clocks: 1, declared: 1, looping: 0, posedge: 1, negedge: 0, noedge: 0, bothedge: 0
0.0.Bcustom2: clocks: 1, declared: 1, looping: 0, posedge: 1, negedge: 0, noedge: 0, bothedge: 0
0.0.AMcustom3: Starting proof for property "Thermocouple.p1"	[0.00 s].
0.0.Bcustom2: Starting proof for property "Thermocouple.p1"	[0.00 s].
0.0.AMcustom3: Trace Attempt  1	[0.00 s]
0.0.Bcustom2: Trace Attempt  1	[0.00 s]
0.0.Bcustom2: Trace Attempt  2	[0.00 s]
0.0.AMcustom3: Trace Attempt  2	[0.00 s]
0.0.AMcustom3: Trace Attempt  3	[0.00 s]
0.0.Bcustom2: Trace Attempt  1	[0.00 s]
0.0.Bcustom2: Trace Attempt  2	[0.00 s]
0.0.AMcustom5: Trace Attempt 84	[2.25 s]
0.0.AMcustom5: Stopped processing property "Thermocouple.p1"	[2.27 s].
0.0.Bcustom2: Trace Attempt  3	[0.00 s]
0.0.AMcustom3: Trace Attempt  4	[0.00 s]
0.0.AMcustom5: Morphing to ADcustom7
0.0.AMcustom5: All properties determined. [0.00 s]
0.0.AMcustom5: Exited with Success (@ 0.00 s)
0.0.Bcustom2: Trace Attempt  4	[0.00 s]
0.0.Bcustom2: Trace Attempt  5	[0.00 s]
0.0.AMcustom3: Trace Attempt  5	[0.00 s]
0.0.ADcustom7: clocks: 1, declared: 1, looping: 0, posedge: 1, negedge: 0, noedge: 0, bothedge: 0
0.0.ADcustom7: Starting proof for property "Thermocouple.p1"	[0.00 s].
0.0.ADcustom7: Trace Attempt  1	[0.00 s]
0.0.ADcustom7: Trace Attempt  2	[0.00 s]
0.0.AMcustom3: Trace Attempt  1	[0.00 s]
0.0.Bcustom2: Trace Attempt  1	[0.00 s]
0.0.Bcustom2: Trace Attempt  2	[0.00 s]
0.0.Bcustom2: Trace Attempt  3	[0.00 s]
0.0.Bcustom2: Trace Attempt  4	[0.00 s]
0.0.Bcustom2: Trace Attempt  5	[0.00 s]
0.0.ADcustom7: Trace Attempt  1	[0.00 s]
0.0.ADcustom7: Trace Attempt  2	[0.00 s]
0.0.AMcustom3: Trace Attempt  2	[0.01 s]
0.0.ADcustom7: Trace Attempt  3	[0.00 s]
0.0.AMcustom3: Trace Attempt  3	[0.01 s]
0.0.ADcustom7: Trace Attempt  4	[0.00 s]
0.0.ADcustom7: Trace Attempt  5	[0.00 s]
0.0.AMcustom3: Trace Attempt  4	[0.01 s]
0.0.Bcustom2: Trace Attempt  1	[0.01 s]
0.0.Bcustom2: Trace Attempt  2	[0.01 s]
0.0.Bcustom2: Trace Attempt  3	[0.01 s]
0.0.Bcustom2: Trace Attempt  4	[0.01 s]
0.0.Bcustom2: Trace Attempt  5	[0.01 s]
0.0.ADcustom7: Trace Attempt  1	[0.01 s]
0.0.ADcustom7: Trace Attempt  2	[0.01 s]
0.0.ADcustom7: Trace Attempt  3	[0.01 s]
0.0.ADcustom7: Trace Attempt  4	[0.01 s]
0.0.AMcustom3: Trace Attempt  5	[0.01 s]
0.0.ADcustom7: Trace Attempt  5	[0.01 s]
0.0.ADcustom7: Trace Attempt  1	[0.01 s]
0.0.ADcustom7: Trace Attempt  2	[0.01 s]
0.0.ADcustom7: Trace Attempt  3	[0.01 s]
0.0.ADcustom7: Trace Attempt  4	[0.01 s]
0.0.AMcustom3: Trace Attempt  1	[0.02 s]
0.0.Bcustom2: Trace Attempt  1	[0.02 s]
0.0.Bcustom2: Trace Attempt  2	[0.02 s]
0.0.Bcustom2: Trace Attempt  3	[0.02 s]
0.0.Bcustom2: Trace Attempt  4	[0.02 s]
0.0.Bcustom2: Trace Attempt  5	[0.02 s]
0.0.AMcustom3: Trace Attempt  2	[0.02 s]
0.0.AMcustom3: Trace Attempt  3	[0.02 s]
0.0.AMcustom3: Trace Attempt  4	[0.02 s]
0.0.AMcustom3: Trace Attempt  5	[0.02 s]
0.0.ADcustom7: Trace Attempt  1	[0.02 s]
0.0.ADcustom7: Trace Attempt  2	[0.02 s]
0.0.ADcustom7: Trace Attempt  3	[0.02 s]
0.0.ADcustom7: Trace Attempt  4	[0.02 s]
0.0.ADcustom7: Trace Attempt  5	[0.03 s]
0.0.ADcustom7: Trace Attempt  1	[0.03 s]
0.0.ADcustom7: Trace Attempt  2	[0.03 s]
0.0.ADcustom7: Trace Attempt  3	[0.03 s]
0.0.ADcustom7: Trace Attempt  4	[0.03 s]
0.0.Bcustom2: Trace Attempt  1	[0.03 s]
0.0.Bcustom2: Trace Attempt  2	[0.03 s]
0.0.Bcustom2: Trace Attempt  3	[0.03 s]
0.0.Bcustom2: Trace Attempt  4	[0.03 s]
0.0.Bcustom2: Trace Attempt  5	[0.03 s]
0.0.ADcustom7: Trace Attempt  1	[0.04 s]
0.0.ADcustom7: Trace Attempt  2	[0.04 s]
0.0.ADcustom7: Trace Attempt  3	[0.04 s]
0.0.ADcustom7: Trace Attempt  4	[0.04 s]
0.0.AMcustom3: Trace Attempt  1	[0.07 s]
0.0.AMcustom3: Trace Attempt  2	[0.07 s]
0.0.AMcustom3: Trace Attempt  3	[0.07 s]
0.0.Bcustom2: Trace Attempt  1	[0.07 s]
0.0.Bcustom2: Trace Attempt  2	[0.07 s]
0.0.Bcustom2: Trace Attempt  3	[0.07 s]
0.0.Bcustom2: Trace Attempt  4	[0.07 s]
0.0.Bcustom2: Trace Attempt  5	[0.07 s]
0.0.AMcustom3: Trace Attempt  4	[0.07 s]
0.0.AMcustom3: Trace Attempt  5	[0.07 s]
0.0.ADcustom7: Trace Attempt  1	[0.09 s]
0.0.ADcustom7: Trace Attempt  2	[0.09 s]
0.0.ADcustom7: Trace Attempt  3	[0.09 s]
0.0.ADcustom7: Trace Attempt  4	[0.09 s]
0.0.ADcustom7: Trace Attempt  5	[0.09 s]
0.0.ADcustom7: Trace Attempt  1	[0.09 s]
0.0.ADcustom7: Trace Attempt  2	[0.09 s]
0.0.ADcustom7: Trace Attempt  3	[0.09 s]
0.0.ADcustom7: Trace Attempt  4	[0.09 s]
0.0.ADcustom7: Trace Attempt  1	[0.10 s]
0.0.ADcustom7: Trace Attempt  2	[0.10 s]
0.0.ADcustom7: Trace Attempt  3	[0.10 s]
0.0.ADcustom7: Trace Attempt  4	[0.10 s]
0.0.ADcustom7: Trace Attempt  1	[0.15 s]
0.0.ADcustom7: Trace Attempt  2	[0.15 s]
0.0.Bcustom2: Trace Attempt  1	[0.15 s]
0.0.Bcustom2: Trace Attempt  2	[0.15 s]
0.0.Bcustom2: Trace Attempt  3	[0.15 s]
0.0.Bcustom2: Trace Attempt  4	[0.15 s]
0.0.Bcustom2: Trace Attempt  5	[0.15 s]
0.0.ADcustom7: Trace Attempt  3	[0.15 s]
0.0.ADcustom7: Trace Attempt  4	[0.15 s]
0.0.AMcustom3: Trace Attempt  1	[0.24 s]
0.0.AMcustom3: Trace Attempt  2	[0.24 s]
0.0.AMcustom3: Trace Attempt  3	[0.24 s]
0.0.AMcustom3: Trace Attempt  4	[0.24 s]
0.0.AMcustom3: Trace Attempt  5	[0.24 s]
0.0.ADcustom7: Trace Attempt  1	[0.33 s]
0.0.ADcustom7: Trace Attempt  2	[0.33 s]
0.0.ADcustom7: Trace Attempt  3	[0.34 s]
0.0.ADcustom7: Trace Attempt  4	[0.34 s]
0.0.ADcustom7: Trace Attempt  5	[0.34 s]
0.0.ADcustom7: Trace Attempt  1	[0.34 s]
0.0.ADcustom7: Trace Attempt  2	[0.34 s]
0.0.ADcustom7: Trace Attempt  3	[0.34 s]
0.0.ADcustom7: Trace Attempt  4	[0.34 s]
0.0.ADcustom7: Trace Attempt  1	[0.35 s]
0.0.ADcustom7: Trace Attempt  2	[0.35 s]
0.0.ADcustom7: Trace Attempt  3	[0.35 s]
0.0.ADcustom7: Trace Attempt  4	[0.35 s]
0.0.Bcustom2: Trace Attempt  1	[0.36 s]
0.0.Bcustom2: Trace Attempt  2	[0.36 s]
0.0.Bcustom2: Trace Attempt  3	[0.36 s]
0.0.Bcustom2: Trace Attempt  4	[0.36 s]
0.0.Bcustom2: Trace Attempt  5	[0.36 s]
0.0.Ht: Trace Attempt 10785	[184.64 s]
0.0.ADcustom7: Trace Attempt  1	[0.39 s]
0.0.ADcustom7: Trace Attempt  2	[0.39 s]
0.0.ADcustom7: Trace Attempt  3	[0.40 s]
0.0.ADcustom7: Trace Attempt  4	[0.40 s]
0.0.ADcustom7: Trace Attempt  1	[0.60 s]
0.0.ADcustom7: Trace Attempt  2	[0.60 s]
0.0.ADcustom7: Trace Attempt  3	[0.60 s]
0.0.ADcustom7: Trace Attempt  4	[0.60 s]
0.0.AMcustom3: Trace Attempt  1	[0.81 s]
0.0.AMcustom3: Trace Attempt  2	[0.81 s]
0.0.AMcustom3: Trace Attempt  3	[0.81 s]
0.0.AMcustom3: Trace Attempt  4	[0.82 s]
0.0.AMcustom3: Trace Attempt  5	[0.82 s]
0.0.Bcustom2: Trace Attempt  1	[0.93 s]
0.0.Bcustom2: Trace Attempt  2	[0.93 s]
0.0.Bcustom2: Trace Attempt  3	[0.93 s]
0.0.Bcustom2: Trace Attempt  4	[0.93 s]
0.0.Bcustom2: Trace Attempt  5	[0.93 s]
0.0.ADcustom7: Trace Attempt  1	[1.66 s]
0.0.ADcustom7: Trace Attempt  2	[1.66 s]
0.0.ADcustom7: Trace Attempt  3	[1.66 s]
0.0.ADcustom7: Trace Attempt  4	[1.66 s]
0.0.ADcustom7: Trace Attempt  5	[1.66 s]
0.0.ADcustom7: Trace Attempt  1	[1.66 s]
0.0.ADcustom7: Trace Attempt  2	[1.66 s]
0.0.ADcustom7: Trace Attempt  3	[1.67 s]
0.0.ADcustom7: Trace Attempt  4	[1.67 s]
0.0.ADcustom7: Trace Attempt  1	[1.68 s]
0.0.ADcustom7: Trace Attempt  2	[1.68 s]
0.0.ADcustom7: Trace Attempt  3	[1.68 s]
0.0.ADcustom7: Trace Attempt  4	[1.68 s]
0.0.ADcustom7: Trace Attempt  1	[1.73 s]
0.0.ADcustom7: Trace Attempt  2	[1.73 s]
0.0.ADcustom7: Trace Attempt  3	[1.73 s]
0.0.ADcustom7: Trace Attempt  4	[1.73 s]
0.0.M: Trace Attempt 195	[4.02 s]
0.0.Hp: Trace Attempt 2677	[186.21 s]
0.0.ADcustom7: Trace Attempt  1	[1.94 s]
0.0.ADcustom7: Trace Attempt  2	[1.94 s]
0.0.ADcustom7: Trace Attempt  3	[1.94 s]
0.0.ADcustom7: Trace Attempt  4	[1.94 s]
0.0.Bcustom2: Trace Attempt  1	[2.45 s]
0.0.Bcustom2: Trace Attempt  2	[2.45 s]
0.0.Bcustom2: Trace Attempt  3	[2.45 s]
0.0.Bcustom2: Trace Attempt  4	[2.45 s]
0.0.Bcustom2: Trace Attempt  5	[2.45 s]
0.0.ADcustom7: Trace Attempt  1	[3.02 s]
0.0.ADcustom7: Trace Attempt  2	[3.02 s]
0.0.ADcustom7: Trace Attempt  3	[3.02 s]
0.0.ADcustom7: Trace Attempt  4	[3.02 s]
0.0.AMcustom3: Trace Attempt  1	[3.33 s]
0.0.AMcustom3: Trace Attempt  2	[3.33 s]
0.0.AMcustom3: Trace Attempt  3	[3.33 s]
0.0.AMcustom3: Trace Attempt  4	[3.33 s]
0.0.AMcustom3: Trace Attempt  5	[3.33 s]
0.0.AMcustom3: Trace Attempt 48	[3.75 s]
0.0.AMcustom3: Stopped processing property "Thermocouple.p1"	[3.75 s].
0.0.AMcustom3: Morphing to D
0.0.AMcustom3: All properties determined. [0.00 s]
0.0.AMcustom3: Exited with Success (@ 0.00 s)
0.0.D: clocks: 1, declared: 1, looping: 0, posedge: 1, negedge: 0, noedge: 0, bothedge: 0
0.0.D: Starting proof for property "Thermocouple.p1"	[0.00 s].
0.0.ADcustom7: Trace Attempt 32	[3.20 s]
0.0.ADcustom7: Stopped processing property "Thermocouple.p1"	[3.75 s].
0.0.ADcustom7: Morphing to Tricustom8
0.0.ADcustom7: All properties determined. [0.00 s]
0.0.ADcustom7: Exited with Success (@ 0.00 s)
0.0.Tricustom8: clocks: 1, declared: 1, looping: 0, posedge: 1, negedge: 0, noedge: 0, bothedge: 0
0.0.D: Trace Attempt 64	[0.01 s]
0.0.Bcustom2: Trace Attempt 1130	[3.75 s]
0.0.Bcustom2: Stopped processing property "Thermocouple.p1"	[3.76 s].
0.0.Bcustom2: Morphing to Tri
0.0.Bcustom2: All properties determined. [0.00 s]
0.0.Bcustom2: Exited with Success (@ 0.00 s)
0.0.Tricustom8: Starting proof for property "Thermocouple.p1"	[0.00 s].
0.0.Tricustom8: Trace Attempt  1	[0.00 s]
0.0.Tri: clocks: 1, declared: 1, looping: 0, posedge: 1, negedge: 0, noedge: 0, bothedge: 0
0.0.Tri: Starting proof for property "Thermocouple.p1"	[0.00 s].
0.0.Tri: Trace Attempt  1	[0.00 s]
0.0.Tri:    0.00" ---- Launching main thread ----
0.0.Tri:    0.04" ---- Launching abstraction thread ----
0.0.Tri:    0.05" ---- Launching multi-phase simplification thread ----
0.0.Tri:    0.08" ---- Launching liveness simplification thread ----
0.0.Tri: Requesting engine job to terminate
0.0.D: Requesting engine job to terminate
0.0.M: Requesting engine job to terminate
0.0.Tricustom8: Requesting engine job to terminate
0.0.Hp: Requesting engine job to terminate
0.0.Ht: Requesting engine job to terminate
INFO (IPF144): 0: Initiating shutdown of proof [188.27 s]
0.0.Tricustom8: A proof was found: No trace exists. [0.16 s]
INFO (IPF057): 0.0.Tricustom8: The property "Thermocouple.p1" was proven in 0.16 s.
0.0.Hp: Trace Attempt 2691	[188.13 s]
0.0.Hp: All properties determined. [188.27 s]
0.0.D: Stopped processing property "Thermocouple.p1"	[0.18 s].
0.0.D: All properties determined. [0.18 s]
0.0.M: Trace Attempt 238	[6.12 s]
0.0.M: Stopped processing property "Thermocouple.p1"	[6.20 s].
0.0.M: All properties determined. [6.20 s]
0.0.M: Exited with Success (@ 188.29 s)
0: ProofGrid usable level: 0
0.0.Ht: Trace Attempt 10882	[188.17 s]
0.0.Ht: All properties determined. [188.20 s]
0.0.D: Exited with Success (@ 188.30 s)
0.0.Ht: Exited with Success (@ 188.44 s)
0.0.Tri: Stopped processing property "Thermocouple.p1"	[0.34 s].
0.0.Tricustom8: Stopped processing property "Thermocouple.p1"	[0.36 s].
0.0.Tri: All properties determined. [0.35 s]
0.0.Tricustom8: All properties determined. [0.36 s]
0.0.Tricustom8: Exited with Success (@ 188.47 s)
0.0.Tri: Exited with Success (@ 188.64 s)
0.0.Hp: Exited with Success (@ 188.64 s)
0: --------------------------------------------------------------
ProofGrid Summary (utilization 99.94 %)
--------------------------------------------------------------
     engines started                               :    15
     engine jobs started                           :     7

    Average time in state (seconds)
    ------------------------------------------------------
    Engine  Pending     Running        Dead    Utilization
    ------------------------------------------------------
     Hp        0.09      188.27        0.00       99.95 %
     Ht        0.09      188.18        0.00       99.95 %
     Oh        0.08        0.00        0.00        0.52 %
    Tri        0.09      188.17        0.00       99.95 %
      D        0.07      188.05        0.00       99.96 %
      M        0.08      187.98        0.00       99.96 %
    Tricustom8        0.10        7.13        0.00       98.65 %
    all        0.09      135.40        0.00       99.94 %

    Total time in state (seconds)
    -----------------------------------------
            Pending     Running        Dead  
    -----------------------------------------
               0.60      947.78        0.00

    Data read    : 6.18 MiB
    Data written : 5.01 kiB

0: All pending notifications were processed.
INFO (IPF059): 0: Completed proof on task: "<embedded>"

==============================================================
SUMMARY
==============================================================
           Properties Considered              : 1
                 assertions                   : 1
                  - proven                    : 1 (100%)
                  - bounded_proven (user)     : 0 (0%)
                  - bounded_proven (auto)     : 0 (0%)
                  - marked_proven             : 0 (0%)
                  - cex                       : 0 (0%)
                  - ar_cex                    : 0 (0%)
                  - undetermined              : 0 (0%)
                  - unknown                   : 0 (0%)
                  - error                     : 0 (0%)
                 covers                       : 0
                  - unreachable               : 0
                  - bounded_unreachable (user): 0
                  - covered                   : 0
                  - ar_covered                : 0
                  - undetermined              : 0
                  - unknown                   : 0
                  - error                     : 0
proven
[<embedded>] % exit -force
INFO (IPL005): Received request to exit from the console.
INFO: Waiting for proof threads to stop...
INFO: Proof threads stopped.
INFO (IPL018): The peak resident set memory use for this session was 1.860 GB.
INFO (IPL014): Waiting for the Tcl-thread to exit.
INFO (IPL015): The Tcl-thread exited with status 0.
INFO (IPL016): Exiting the analysis session with status 0.
