2025-11-20 05:44:27.794339 (30740) main____ INFO    ----------------------------------------
2025-11-20 05:44:27.794415 (30740) main____ INFO    Jasper version info
2025-11-20 05:44:27.794422 (30740) main____ INFO      tool      : Jasper 2024.06
2025-11-20 05:44:27.794428 (30740) main____ INFO      version   : 2024.06p002 64 bits
2025-11-20 05:44:27.794433 (30740) main____ INFO      build date: 2024.09.02 16:28:38 UTC
2025-11-20 05:44:27.794436 (30740) main____ INFO    ----------------------------------------
2025-11-20 05:44:27.794439 (30740) main____ INFO    Runtime info:
2025-11-20 05:44:27.794443 (30740) main____ INFO      platform  : Linux 3.10.0-1062.el7.x86_64 x86_64
2025-11-20 05:44:27.794452 (30740) main____ INFO      hostname  : vlsi-moon
2025-11-20 05:44:27.794457 (30740) main____ INFO      pid       : 30740
2025-11-20 05:44:27.794461 (30740) main____ INFO      arguments : '-style' 'windows' '-proj' '../jgprojects/1_gray_9' '-batch' '1_gray_9.tcl'
2025-11-20 05:44:27.794465 (30740) main____ INFO      locale    : ANSI_X3.4-1968
2025-11-20 05:44:27.794468 (30740) main____ INFO    ----------------------------------------
2025-11-20 05:44:27.794471 (30740) main____ INFO    System resource limits info:
2025-11-20 05:44:27.794475 (30740) main____ INFO      virtual memory: unlimited
2025-11-20 05:44:27.794482 (30740) main____ INFO      cpu time      : unlimited
2025-11-20 05:44:27.794489 (30740) main____ INFO      processes     : 4096
2025-11-20 05:44:27.794498 (30740) main____ INFO      stack size    : 8388608 B
2025-11-20 05:44:27.794503 (30740) main____ INFO      core file size: 1024 B
2025-11-20 05:44:27.794507 (30740) main____ INFO      open files    : 4096
2025-11-20 05:44:27.794512 (30740) main____ INFO      file size     : unlimited
2025-11-20 05:44:27.794515 (30740) main____ INFO    ----------------------------------------
2025-11-20 05:44:27.794517 (30740) main____ INFO    Memory statistics:
2025-11-20 05:44:27.794522 (30740) main____ INFO      total physical memory  : 527831204 kB
2025-11-20 05:44:27.794526 (30740) main____ INFO      free physical memory   : 512977104 kB
2025-11-20 05:44:27.794530 (30740) main____ INFO      committed address space: 11692284 kB
2025-11-20 05:44:27.794533 (30740) main____ INFO    ----------------------------------------
2025-11-20 05:44:27.795271 (30740) main____ INFO    Important environment variables:
2025-11-20 05:44:27.795288 (30740) main____ INFO      CDS_ASSURA         : '/eda/cadence/2023-24/RHELx86/ASSURA_04.16.115_231'
2025-11-20 05:44:27.795293 (30740) main____ INFO      CDS_AUTO_64BIT     : 'ALL'
2025-11-20 05:44:27.795298 (30740) main____ INFO      CDS_CONFRML        : '/eda/cadence/2023-24/RHELx86/CONFRML_23.10.300'
2025-11-20 05:44:27.795303 (30740) main____ INFO      CDS_DDIEXPORT      : '/eda/cadence/2023-24/RHELx86/DDIEXPORT_22.33.000'
2025-11-20 05:44:27.795308 (30740) main____ INFO      CDS_EMX            : '/eda/cadence/2023-24/RHELx86/EMX_23.10.000'
2025-11-20 05:44:27.795313 (30740) main____ INFO      CDS_GENUS          : '/eda/cadence/2023-24/RHELx86/DDIEXPORT_22.33.000/GENUS221'
2025-11-20 05:44:27.795318 (30740) main____ INFO      CDS_IC             : '/eda/cadence/2023-24/RHELx86/IC_23.10.020'
2025-11-20 05:44:27.795322 (30740) main____ INFO      CDS_INNOVUS        : '/eda/cadence/2023-24/RHELx86/DDIEXPORT_22.33.000/INNOVUS221'
2025-11-20 05:44:27.795327 (30740) main____ INFO      CDS_JLS            : '/eda/cadence/2023-24/RHELx86/DDIEXPORT_22.33.000/JLS221'
2025-11-20 05:44:27.795334 (30740) main____ INFO      CDS_LIC_FILE       : '/etc/local/cadence/license_8x.3868dd0560aa:5280@132.68.59.69:/etc/local/cadence/license_8x.1831bfb82c67:5280@132.68.59.64:/etc/local/cadence/license_8x.0894ef683fc3:5280@132.68.59.79:/etc/local/cadence/license_8x.1831bfb82c67:5280@132.68.59.61'
2025-11-20 05:44:27.795345 (30740) main____ INFO      CDS_LITMUS         : '/eda/cadence/2023-24/RHELx86/LITMUS_23.10.300'
2025-11-20 05:44:27.795350 (30740) main____ INFO      CDS_MODUS          : '/eda/cadence/2023-24/RHELx86/MODUS_22.12.000'
2025-11-20 05:44:27.795355 (30740) main____ INFO      CDS_MVS            : '/eda/cadence/2023-24/RHELx86/MVS_21.12.000'
2025-11-20 05:44:27.795361 (30740) main____ INFO      CDS_Netlisting_Mode: 'Analog'
2025-11-20 05:44:27.795366 (30740) main____ INFO      CDS_PEGASUS        : '/eda/cadence/2023-24/RHELx86/PEGASUS_23.11.000'
2025-11-20 05:44:27.795371 (30740) main____ INFO      CDS_PEGASUSDFM     : '/eda/cadence/2023-24/RHELx86/PEGASUSDFM_23.11.000'
2025-11-20 05:44:27.795376 (30740) main____ INFO      CDS_PVS            : '/eda/cadence/2023-24/RHELx86/PVS_22.22.000'
2025-11-20 05:44:27.795380 (30740) main____ INFO      CDS_QUANTUS        : '/eda/cadence/2023-24/RHELx86/QUANTUS_23.10.000'
2025-11-20 05:44:27.795385 (30740) main____ INFO      CDS_SPECTRE        : '/eda/cadence/2023-24/RHELx86/SPECTRE_23.10.242'
2025-11-20 05:44:27.795389 (30740) main____ INFO      CDS_SSV            : '/eda/cadence/2023-24/RHELx86/SSV_22.13.000'
2025-11-20 05:44:27.795393 (30740) main____ INFO      CDS_USE_PALETTE    : ''
2025-11-20 05:44:27.795397 (30740) main____ INFO      CDS_VERISIUMDEBUG  : '/eda/cadence/2023-24/RHELx86/VERISIUMDEBUG_23.03.001'
2025-11-20 05:44:27.795402 (30740) main____ INFO      CDS_VIPCAT         : '/eda/cadence/2023-24/RHELx86/VIPCAT_11.30.093'
2025-11-20 05:44:27.795408 (30740) main____ INFO      CDS_VMANAGER       : '/eda/cadence/2023-24/RHELx86/VMANAGER_23.03.004'
2025-11-20 05:44:27.795412 (30740) main____ INFO      CDS_XCELIUM        : '/eda/cadence/2023-24/RHELx86/XCELIUM_23.03.007'
2025-11-20 05:44:27.795416 (30740) main____ INFO      DISPLAY            : 'localhost:11.0'
2025-11-20 05:44:27.795421 (30740) main____ INFO      JASPER_CPU_CHECK   : '1'
2025-11-20 05:44:27.795425 (30740) main____ INFO      JASPER_INSTALL_DIR : '/tools/cadence2425/JASPER/jasper_2024.06p002'
2025-11-20 05:44:27.795429 (30740) main____ INFO      JASPER_KERNEL_CHECK: '1'
2025-11-20 05:44:27.795433 (30740) main____ INFO      JASPER_OS_CHECK    : '1'
2025-11-20 05:44:27.795437 (30740) main____ INFO      LANG               : 'C'
2025-11-20 05:44:27.795441 (30740) main____ INFO      TMPDIR             : '/tmp'
2025-11-20 05:44:27.795444 (30740) main____ INFO    ----------------------------------------
2025-11-20 05:44:27.795978 (30740) lic_core INFO    Initializing license system ...
2025-11-20 05:44:27.804561 (30740) lic_core INFO    ... license system initialized.
2025-11-20 05:44:27.819095 (30740) lic__man INFO    Claim 'fpv' for <ui>.
2025-11-20 05:44:27.819231 (30740) lic_core INFO    (1) checking out 'jasper_fpv' ...
2025-11-20 05:44:27.841190 (30740) lic_core INFO    ... (1) checkout failed (error: -5) ("FLEXnet ERROR(-5, 0, 0): No such feature exists.")
2025-11-20 05:44:27.841260 (30740) lic_core INFO    (2) checking out 'jasper_fao' ...
2025-11-20 05:44:27.863088 (30740) lic_core INFO    ... (2) checkout succeeded
2025-11-20 05:44:27.890730 (30740) session_ INFO    Starting analysis session with session id 'session_0' (launcher: <local>) ...
2025-11-20 05:44:27.893350 (30740) session_ INFO    Analysis session with session id 'session_0' started (pid: 30758)
2025-11-20 05:44:28.821175 (30740) session_ INFO    Analysis session 'session_0' connected to the console (host: 127.0.0.1:52470)
2025-11-20 05:44:29.488439 (30740) lic__man INFO    Unclaim everything for 'session_0'.
2025-11-20 05:44:29.535200 (30740) lic__man INFO    Claim 'fpv' for 'session_0'.
2025-11-20 05:44:29.535261 (30740) lic__man INFO    Claim 'fpv' for 'session_0/prove-0'.
2025-11-20 05:47:38.173915 (30740) lic__man INFO    Unclaim everything for 'session_0/prove-0'.
2025-11-20 05:47:38.179258 (30740) main____ INFO    About to exit: request to exit with status 0 received from analysis session 'session_0'
2025-11-20 05:47:38.314796 (30740) session_ INFO    Analysis session 'session_0' disconnected.
2025-11-20 05:47:38.315140 (30740) lic__man INFO    Unclaim everything for 'session_0'.
2025-11-20 05:47:38.315528 (30740) session_ INFO    Process for analysis session 'session_0' has exited with exit status '0'.
2025-11-20 05:47:40.179261 (30740) lic_core INFO    (2) checkin jasper_fao
2025-11-20 05:47:40.181825 (30740) main____ INFO    Exiting with status 0.
