2025-11-20 05:41:12.449814 (29031) main____ INFO    ----------------------------------------
2025-11-20 05:41:12.450001 (29031) main____ INFO    Jasper version info
2025-11-20 05:41:12.450023 (29031) main____ INFO      tool      : Jasper 2024.06
2025-11-20 05:41:12.450044 (29031) main____ INFO      version   : 2024.06p002 64 bits
2025-11-20 05:41:12.450060 (29031) main____ INFO      build date: 2024.09.02 16:28:38 UTC
2025-11-20 05:41:12.450072 (29031) main____ INFO    ----------------------------------------
2025-11-20 05:41:12.450082 (29031) main____ INFO    Runtime info:
2025-11-20 05:41:12.450097 (29031) main____ INFO      platform  : Linux 3.10.0-1062.el7.x86_64 x86_64
2025-11-20 05:41:12.450124 (29031) main____ INFO      hostname  : vlsi-moon
2025-11-20 05:41:12.450141 (29031) main____ INFO      pid       : 29031
2025-11-20 05:41:12.450155 (29031) main____ INFO      arguments : '-style' 'windows' '-proj' '../jgprojects/1_gray_8' '-batch' '1_gray_8.tcl'
2025-11-20 05:41:12.450169 (29031) main____ INFO      locale    : ANSI_X3.4-1968
2025-11-20 05:41:12.450180 (29031) main____ INFO    ----------------------------------------
2025-11-20 05:41:12.450190 (29031) main____ INFO    System resource limits info:
2025-11-20 05:41:12.450204 (29031) main____ INFO      virtual memory: unlimited
2025-11-20 05:41:12.450225 (29031) main____ INFO      cpu time      : unlimited
2025-11-20 05:41:12.450248 (29031) main____ INFO      processes     : 4096
2025-11-20 05:41:12.450274 (29031) main____ INFO      stack size    : 8388608 B
2025-11-20 05:41:12.450291 (29031) main____ INFO      core file size: 1024 B
2025-11-20 05:41:12.450306 (29031) main____ INFO      open files    : 4096
2025-11-20 05:41:12.450321 (29031) main____ INFO      file size     : unlimited
2025-11-20 05:41:12.450331 (29031) main____ INFO    ----------------------------------------
2025-11-20 05:41:12.450341 (29031) main____ INFO    Memory statistics:
2025-11-20 05:41:12.450355 (29031) main____ INFO      total physical memory  : 527831204 kB
2025-11-20 05:41:12.450368 (29031) main____ INFO      free physical memory   : 512968772 kB
2025-11-20 05:41:12.450380 (29031) main____ INFO      committed address space: 11691772 kB
2025-11-20 05:41:12.450391 (29031) main____ INFO    ----------------------------------------
2025-11-20 05:41:12.453083 (29031) main____ INFO    Important environment variables:
2025-11-20 05:41:12.453133 (29031) main____ INFO      CDS_ASSURA         : '/eda/cadence/2023-24/RHELx86/ASSURA_04.16.115_231'
2025-11-20 05:41:12.453153 (29031) main____ INFO      CDS_AUTO_64BIT     : 'ALL'
2025-11-20 05:41:12.453171 (29031) main____ INFO      CDS_CONFRML        : '/eda/cadence/2023-24/RHELx86/CONFRML_23.10.300'
2025-11-20 05:41:12.453189 (29031) main____ INFO      CDS_DDIEXPORT      : '/eda/cadence/2023-24/RHELx86/DDIEXPORT_22.33.000'
2025-11-20 05:41:12.453207 (29031) main____ INFO      CDS_EMX            : '/eda/cadence/2023-24/RHELx86/EMX_23.10.000'
2025-11-20 05:41:12.453226 (29031) main____ INFO      CDS_GENUS          : '/eda/cadence/2023-24/RHELx86/DDIEXPORT_22.33.000/GENUS221'
2025-11-20 05:41:12.453244 (29031) main____ INFO      CDS_IC             : '/eda/cadence/2023-24/RHELx86/IC_23.10.020'
2025-11-20 05:41:12.453262 (29031) main____ INFO      CDS_INNOVUS        : '/eda/cadence/2023-24/RHELx86/DDIEXPORT_22.33.000/INNOVUS221'
2025-11-20 05:41:12.453280 (29031) main____ INFO      CDS_JLS            : '/eda/cadence/2023-24/RHELx86/DDIEXPORT_22.33.000/JLS221'
2025-11-20 05:41:12.453307 (29031) main____ INFO      CDS_LIC_FILE       : '/etc/local/cadence/license_8x.3868dd0560aa:5280@132.68.59.69:/etc/local/cadence/license_8x.1831bfb82c67:5280@132.68.59.64:/etc/local/cadence/license_8x.0894ef683fc3:5280@132.68.59.79:/etc/local/cadence/license_8x.1831bfb82c67:5280@132.68.59.61'
2025-11-20 05:41:12.453340 (29031) main____ INFO      CDS_LITMUS         : '/eda/cadence/2023-24/RHELx86/LITMUS_23.10.300'
2025-11-20 05:41:12.453358 (29031) main____ INFO      CDS_MODUS          : '/eda/cadence/2023-24/RHELx86/MODUS_22.12.000'
2025-11-20 05:41:12.453376 (29031) main____ INFO      CDS_MVS            : '/eda/cadence/2023-24/RHELx86/MVS_21.12.000'
2025-11-20 05:41:12.453398 (29031) main____ INFO      CDS_Netlisting_Mode: 'Analog'
2025-11-20 05:41:12.453416 (29031) main____ INFO      CDS_PEGASUS        : '/eda/cadence/2023-24/RHELx86/PEGASUS_23.11.000'
2025-11-20 05:41:12.453434 (29031) main____ INFO      CDS_PEGASUSDFM     : '/eda/cadence/2023-24/RHELx86/PEGASUSDFM_23.11.000'
2025-11-20 05:41:12.453452 (29031) main____ INFO      CDS_PVS            : '/eda/cadence/2023-24/RHELx86/PVS_22.22.000'
2025-11-20 05:41:12.453469 (29031) main____ INFO      CDS_QUANTUS        : '/eda/cadence/2023-24/RHELx86/QUANTUS_23.10.000'
2025-11-20 05:41:12.453486 (29031) main____ INFO      CDS_SPECTRE        : '/eda/cadence/2023-24/RHELx86/SPECTRE_23.10.242'
2025-11-20 05:41:12.453503 (29031) main____ INFO      CDS_SSV            : '/eda/cadence/2023-24/RHELx86/SSV_22.13.000'
2025-11-20 05:41:12.453517 (29031) main____ INFO      CDS_USE_PALETTE    : ''
2025-11-20 05:41:12.453535 (29031) main____ INFO      CDS_VERISIUMDEBUG  : '/eda/cadence/2023-24/RHELx86/VERISIUMDEBUG_23.03.001'
2025-11-20 05:41:12.453552 (29031) main____ INFO      CDS_VIPCAT         : '/eda/cadence/2023-24/RHELx86/VIPCAT_11.30.093'
2025-11-20 05:41:12.453571 (29031) main____ INFO      CDS_VMANAGER       : '/eda/cadence/2023-24/RHELx86/VMANAGER_23.03.004'
2025-11-20 05:41:12.453588 (29031) main____ INFO      CDS_XCELIUM        : '/eda/cadence/2023-24/RHELx86/XCELIUM_23.03.007'
2025-11-20 05:41:12.453604 (29031) main____ INFO      DISPLAY            : 'localhost:11.0'
2025-11-20 05:41:12.453620 (29031) main____ INFO      JASPER_CPU_CHECK   : '1'
2025-11-20 05:41:12.453636 (29031) main____ INFO      JASPER_INSTALL_DIR : '/tools/cadence2425/JASPER/jasper_2024.06p002'
2025-11-20 05:41:12.453651 (29031) main____ INFO      JASPER_KERNEL_CHECK: '1'
2025-11-20 05:41:12.453666 (29031) main____ INFO      JASPER_OS_CHECK    : '1'
2025-11-20 05:41:12.453680 (29031) main____ INFO      LANG               : 'C'
2025-11-20 05:41:12.453696 (29031) main____ INFO      TMPDIR             : '/tmp'
2025-11-20 05:41:12.453706 (29031) main____ INFO    ----------------------------------------
2025-11-20 05:41:12.455657 (29031) lic_core INFO    Initializing license system ...
2025-11-20 05:41:12.469719 (29031) lic_core INFO    ... license system initialized.
2025-11-20 05:41:12.489670 (29031) lic__man INFO    Claim 'fpv' for <ui>.
2025-11-20 05:41:12.489766 (29031) lic_core INFO    (1) checking out 'jasper_fpv' ...
2025-11-20 05:41:12.513642 (29031) lic_core INFO    ... (1) checkout failed (error: -5) ("FLEXnet ERROR(-5, 0, 0): No such feature exists.")
2025-11-20 05:41:12.513711 (29031) lic_core INFO    (2) checking out 'jasper_fao' ...
2025-11-20 05:41:12.534675 (29031) lic_core INFO    ... (2) checkout succeeded
2025-11-20 05:41:12.567836 (29031) session_ INFO    Starting analysis session with session id 'session_0' (launcher: <local>) ...
2025-11-20 05:41:12.570308 (29031) session_ INFO    Analysis session with session id 'session_0' started (pid: 29050)
2025-11-20 05:41:13.506653 (29031) session_ INFO    Analysis session 'session_0' connected to the console (host: 127.0.0.1:39140)
2025-11-20 05:41:14.200824 (29031) lic__man INFO    Unclaim everything for 'session_0'.
2025-11-20 05:41:14.248201 (29031) lic__man INFO    Claim 'fpv' for 'session_0'.
2025-11-20 05:41:14.248257 (29031) lic__man INFO    Claim 'fpv' for 'session_0/prove-0'.
2025-11-20 05:44:25.464387 (29031) lic__man INFO    Unclaim everything for 'session_0/prove-0'.
2025-11-20 05:44:25.471263 (29031) main____ INFO    About to exit: request to exit with status 0 received from analysis session 'session_0'
2025-11-20 05:44:25.615429 (29031) session_ INFO    Analysis session 'session_0' disconnected.
2025-11-20 05:44:25.615892 (29031) lic__man INFO    Unclaim everything for 'session_0'.
2025-11-20 05:44:25.616519 (29031) session_ INFO    Process for analysis session 'session_0' has exited with exit status '0'.
2025-11-20 05:44:27.584603 (29031) lic_core INFO    (2) checkin jasper_fao
2025-11-20 05:44:27.587460 (29031) main____ INFO    Exiting with status 0.
