2025-11-22 18:11:15.300713 (108464) main____ INFO    ----------------------------------------
2025-11-22 18:11:15.300849 (108464) main____ INFO    Jasper version info
2025-11-22 18:11:15.300864 (108464) main____ INFO      tool      : Jasper 2024.06
2025-11-22 18:11:15.300877 (108464) main____ INFO      version   : 2024.06p002 64 bits
2025-11-22 18:11:15.300887 (108464) main____ INFO      build date: 2024.09.02 16:28:38 UTC
2025-11-22 18:11:15.300894 (108464) main____ INFO    ----------------------------------------
2025-11-22 18:11:15.300900 (108464) main____ INFO    Runtime info:
2025-11-22 18:11:15.300909 (108464) main____ INFO      platform  : Linux 3.10.0-1062.el7.x86_64 x86_64
2025-11-22 18:11:15.300926 (108464) main____ INFO      hostname  : vlsi-moon
2025-11-22 18:11:15.300936 (108464) main____ INFO      pid       : 108464
2025-11-22 18:11:15.300945 (108464) main____ INFO      arguments : '-style' 'windows' '-proj' '../jgprojects/2_load_store_7' '-batch' '2_load_store_7.tcl'
2025-11-22 18:11:15.300953 (108464) main____ INFO      locale    : ANSI_X3.4-1968
2025-11-22 18:11:15.300960 (108464) main____ INFO    ----------------------------------------
2025-11-22 18:11:15.300966 (108464) main____ INFO    System resource limits info:
2025-11-22 18:11:15.300976 (108464) main____ INFO      virtual memory: unlimited
2025-11-22 18:11:15.300988 (108464) main____ INFO      cpu time      : unlimited
2025-11-22 18:11:15.301003 (108464) main____ INFO      processes     : 4096
2025-11-22 18:11:15.301020 (108464) main____ INFO      stack size    : 8388608 B
2025-11-22 18:11:15.301031 (108464) main____ INFO      core file size: 1024 B
2025-11-22 18:11:15.301040 (108464) main____ INFO      open files    : 4096
2025-11-22 18:11:15.301050 (108464) main____ INFO      file size     : unlimited
2025-11-22 18:11:15.301056 (108464) main____ INFO    ----------------------------------------
2025-11-22 18:11:15.301062 (108464) main____ INFO    Memory statistics:
2025-11-22 18:11:15.301072 (108464) main____ INFO      total physical memory  : 527831204 kB
2025-11-22 18:11:15.301079 (108464) main____ INFO      free physical memory   : 511242936 kB
2025-11-22 18:11:15.301088 (108464) main____ INFO      committed address space: 10088164 kB
2025-11-22 18:11:15.301094 (108464) main____ INFO    ----------------------------------------
2025-11-22 18:11:15.302761 (108464) main____ INFO    Important environment variables:
2025-11-22 18:11:15.302795 (108464) main____ INFO      CDS_ASSURA         : '/eda/cadence/2023-24/RHELx86/ASSURA_04.16.115_231'
2025-11-22 18:11:15.302807 (108464) main____ INFO      CDS_AUTO_64BIT     : 'ALL'
2025-11-22 18:11:15.302818 (108464) main____ INFO      CDS_CONFRML        : '/eda/cadence/2023-24/RHELx86/CONFRML_23.10.300'
2025-11-22 18:11:15.302829 (108464) main____ INFO      CDS_DDIEXPORT      : '/eda/cadence/2023-24/RHELx86/DDIEXPORT_22.33.000'
2025-11-22 18:11:15.302840 (108464) main____ INFO      CDS_EMX            : '/eda/cadence/2023-24/RHELx86/EMX_23.10.000'
2025-11-22 18:11:15.302851 (108464) main____ INFO      CDS_GENUS          : '/eda/cadence/2023-24/RHELx86/DDIEXPORT_22.33.000/GENUS221'
2025-11-22 18:11:15.302862 (108464) main____ INFO      CDS_IC             : '/eda/cadence/2023-24/RHELx86/IC_23.10.020'
2025-11-22 18:11:15.302874 (108464) main____ INFO      CDS_INNOVUS        : '/eda/cadence/2023-24/RHELx86/DDIEXPORT_22.33.000/INNOVUS221'
2025-11-22 18:11:15.302884 (108464) main____ INFO      CDS_JLS            : '/eda/cadence/2023-24/RHELx86/DDIEXPORT_22.33.000/JLS221'
2025-11-22 18:11:15.302901 (108464) main____ INFO      CDS_LIC_FILE       : '/etc/local/cadence/license_8x.3868dd0560aa:5280@132.68.59.69:/etc/local/cadence/license_8x.1831bfb82c67:5280@132.68.59.64:/etc/local/cadence/license_8x.0894ef683fc3:5280@132.68.59.79:/etc/local/cadence/license_8x.1831bfb82c67:5280@132.68.59.61'
2025-11-22 18:11:15.302923 (108464) main____ INFO      CDS_LITMUS         : '/eda/cadence/2023-24/RHELx86/LITMUS_23.10.300'
2025-11-22 18:11:15.302934 (108464) main____ INFO      CDS_MODUS          : '/eda/cadence/2023-24/RHELx86/MODUS_22.12.000'
2025-11-22 18:11:15.302949 (108464) main____ INFO      CDS_MVS            : '/eda/cadence/2023-24/RHELx86/MVS_21.12.000'
2025-11-22 18:11:15.302959 (108464) main____ INFO      CDS_Netlisting_Mode: 'Analog'
2025-11-22 18:11:15.302969 (108464) main____ INFO      CDS_PEGASUS        : '/eda/cadence/2023-24/RHELx86/PEGASUS_23.11.000'
2025-11-22 18:11:15.302980 (108464) main____ INFO      CDS_PEGASUSDFM     : '/eda/cadence/2023-24/RHELx86/PEGASUSDFM_23.11.000'
2025-11-22 18:11:15.302991 (108464) main____ INFO      CDS_PVS            : '/eda/cadence/2023-24/RHELx86/PVS_22.22.000'
2025-11-22 18:11:15.303001 (108464) main____ INFO      CDS_QUANTUS        : '/eda/cadence/2023-24/RHELx86/QUANTUS_23.10.000'
2025-11-22 18:11:15.303012 (108464) main____ INFO      CDS_SPECTRE        : '/eda/cadence/2023-24/RHELx86/SPECTRE_23.10.242'
2025-11-22 18:11:15.303022 (108464) main____ INFO      CDS_SSV            : '/eda/cadence/2023-24/RHELx86/SSV_22.13.000'
2025-11-22 18:11:15.303030 (108464) main____ INFO      CDS_USE_PALETTE    : ''
2025-11-22 18:11:15.303041 (108464) main____ INFO      CDS_VERISIUMDEBUG  : '/eda/cadence/2023-24/RHELx86/VERISIUMDEBUG_23.03.001'
2025-11-22 18:11:15.303052 (108464) main____ INFO      CDS_VIPCAT         : '/eda/cadence/2023-24/RHELx86/VIPCAT_11.30.093'
2025-11-22 18:11:15.303064 (108464) main____ INFO      CDS_VMANAGER       : '/eda/cadence/2023-24/RHELx86/VMANAGER_23.03.004'
2025-11-22 18:11:15.303074 (108464) main____ INFO      CDS_XCELIUM        : '/eda/cadence/2023-24/RHELx86/XCELIUM_23.03.007'
2025-11-22 18:11:15.303084 (108464) main____ INFO      DISPLAY            : 'localhost:11.0'
2025-11-22 18:11:15.303093 (108464) main____ INFO      JASPER_CPU_CHECK   : '1'
2025-11-22 18:11:15.303103 (108464) main____ INFO      JASPER_INSTALL_DIR : '/tools/cadence2425/JASPER/jasper_2024.06p002'
2025-11-22 18:11:15.303112 (108464) main____ INFO      JASPER_KERNEL_CHECK: '1'
2025-11-22 18:11:15.303121 (108464) main____ INFO      JASPER_OS_CHECK    : '1'
2025-11-22 18:11:15.303130 (108464) main____ INFO      LANG               : 'C'
2025-11-22 18:11:15.303139 (108464) main____ INFO      TMPDIR             : '/tmp'
2025-11-22 18:11:15.303146 (108464) main____ INFO    ----------------------------------------
2025-11-22 18:11:15.304349 (108464) lic_core INFO    Initializing license system ...
2025-11-22 18:11:15.314639 (108464) lic_core INFO    ... license system initialized.
2025-11-22 18:11:15.332076 (108464) lic__man INFO    Claim 'fpv' for <ui>.
2025-11-22 18:11:15.332209 (108464) lic_core INFO    (1) checking out 'jasper_fpv' ...
2025-11-22 18:11:15.414604 (108464) lic_core INFO    ... (1) checkout failed (error: -5) ("FLEXnet ERROR(-5, 0, 0): No such feature exists.")
2025-11-22 18:11:15.414672 (108464) lic_core INFO    (2) checking out 'jasper_fao' ...
2025-11-22 18:11:15.436910 (108464) lic_core INFO    ... (2) checkout succeeded
2025-11-22 18:11:15.467479 (108464) session_ INFO    Starting analysis session with session id 'session_0' (launcher: <local>) ...
2025-11-22 18:11:15.470063 (108464) session_ INFO    Analysis session with session id 'session_0' started (pid: 108482)
2025-11-22 18:11:16.417789 (108464) session_ INFO    Analysis session 'session_0' connected to the console (host: 127.0.0.1:46954)
2025-11-22 18:11:17.080664 (108464) lic__man INFO    Unclaim everything for 'session_0'.
2025-11-22 18:11:17.127397 (108464) lic__man INFO    Claim 'fpv' for 'session_0'.
2025-11-22 18:11:17.127456 (108464) lic__man INFO    Claim 'fpv' for 'session_0/prove-0'.
2025-11-22 18:30:49.032629 (108464) lic__man INFO    Unclaim everything for 'session_0/prove-0'.
2025-11-22 18:30:49.039483 (108464) main____ INFO    About to exit: request to exit with status 0 received from analysis session 'session_0'
2025-11-22 18:30:49.211660 (108464) session_ INFO    Analysis session 'session_0' disconnected.
2025-11-22 18:30:49.211998 (108464) lic__man INFO    Unclaim everything for 'session_0'.
2025-11-22 18:30:49.212404 (108464) session_ INFO    Process for analysis session 'session_0' has exited with exit status '0'.
2025-11-22 18:30:51.152304 (108464) lic_core INFO    (2) checkin jasper_fao
2025-11-22 18:30:51.156237 (108464) main____ INFO    Exiting with status 0.
