2025-11-19 23:35:48.492884 (9516) main____ INFO    ----------------------------------------
2025-11-19 23:35:48.492923 (9516) main____ INFO    Jasper version info
2025-11-19 23:35:48.492928 (9516) main____ INFO      tool      : Jasper 2024.06
2025-11-19 23:35:48.492932 (9516) main____ INFO      version   : 2024.06p002 64 bits
2025-11-19 23:35:48.492935 (9516) main____ INFO      build date: 2024.09.02 16:28:38 UTC
2025-11-19 23:35:48.492937 (9516) main____ INFO    ----------------------------------------
2025-11-19 23:35:48.492939 (9516) main____ INFO    Runtime info:
2025-11-19 23:35:48.492941 (9516) main____ INFO      platform  : Linux 3.10.0-1160.62.1.el7.x86_64 x86_64
2025-11-19 23:35:48.492947 (9516) main____ INFO      hostname  : vlsi-ria84
2025-11-19 23:35:48.492950 (9516) main____ INFO      pid       : 9516
2025-11-19 23:35:48.492953 (9516) main____ INFO      arguments : '-style' 'windows' '-proj' '../jgprojects/s1_delay_16' '-batch' 's1_delay_16.tcl'
2025-11-19 23:35:48.492956 (9516) main____ INFO      locale    : ANSI_X3.4-1968
2025-11-19 23:35:48.492957 (9516) main____ INFO    ----------------------------------------
2025-11-19 23:35:48.492959 (9516) main____ INFO    System resource limits info:
2025-11-19 23:35:48.492962 (9516) main____ INFO      virtual memory: unlimited
2025-11-19 23:35:48.492966 (9516) main____ INFO      cpu time      : unlimited
2025-11-19 23:35:48.492971 (9516) main____ INFO      processes     : 4096
2025-11-19 23:35:48.492976 (9516) main____ INFO      stack size    : 8388608 B
2025-11-19 23:35:48.492980 (9516) main____ INFO      core file size: 1024 B
2025-11-19 23:35:48.492982 (9516) main____ INFO      open files    : 4096
2025-11-19 23:35:48.492985 (9516) main____ INFO      file size     : unlimited
2025-11-19 23:35:48.492987 (9516) main____ INFO    ----------------------------------------
2025-11-19 23:35:48.492989 (9516) main____ INFO    Memory statistics:
2025-11-19 23:35:48.492991 (9516) main____ INFO      total physical memory  : 65711068 kB
2025-11-19 23:35:48.492994 (9516) main____ INFO      free physical memory   : 50119296 kB
2025-11-19 23:35:48.492996 (9516) main____ INFO      committed address space: 6851784 kB
2025-11-19 23:35:48.492997 (9516) main____ INFO    ----------------------------------------
2025-11-19 23:35:48.493545 (9516) main____ INFO    Important environment variables:
2025-11-19 23:35:48.493556 (9516) main____ INFO      CDS_ASSURA         : '/eda/cadence/2023-24/RHELx86/ASSURA_04.16.115_231'
2025-11-19 23:35:48.493560 (9516) main____ INFO      CDS_AUTO_64BIT     : 'ALL'
2025-11-19 23:35:48.493564 (9516) main____ INFO      CDS_CONFRML        : '/eda/cadence/2023-24/RHELx86/CONFRML_23.10.300'
2025-11-19 23:35:48.493567 (9516) main____ INFO      CDS_DDIEXPORT      : '/eda/cadence/2023-24/RHELx86/DDIEXPORT_22.33.000'
2025-11-19 23:35:48.493570 (9516) main____ INFO      CDS_EMX            : '/eda/cadence/2023-24/RHELx86/EMX_23.10.000'
2025-11-19 23:35:48.493574 (9516) main____ INFO      CDS_GENUS          : '/eda/cadence/2023-24/RHELx86/DDIEXPORT_22.33.000/GENUS221'
2025-11-19 23:35:48.493577 (9516) main____ INFO      CDS_IC             : '/eda/cadence/2023-24/RHELx86/IC_23.10.020'
2025-11-19 23:35:48.493580 (9516) main____ INFO      CDS_INNOVUS        : '/eda/cadence/2023-24/RHELx86/DDIEXPORT_22.33.000/INNOVUS221'
2025-11-19 23:35:48.493583 (9516) main____ INFO      CDS_JLS            : '/eda/cadence/2023-24/RHELx86/DDIEXPORT_22.33.000/JLS221'
2025-11-19 23:35:48.493589 (9516) main____ INFO      CDS_LIC_FILE       : '/etc/local/cadence/license_8x.3868dd0560aa:5280@132.68.59.69:/etc/local/cadence/license_8x.1831bfb82c67:5280@132.68.59.64:/etc/local/cadence/license_8x.0894ef683fc3:5280@132.68.59.79:/etc/local/cadence/license_8x.1831bfb82c67:5280@132.68.59.61'
2025-11-19 23:35:48.493592 (9516) main____ INFO      CDS_LITMUS         : '/eda/cadence/2023-24/RHELx86/LITMUS_23.10.300'
2025-11-19 23:35:48.493595 (9516) main____ INFO      CDS_MODUS          : '/eda/cadence/2023-24/RHELx86/MODUS_22.12.000'
2025-11-19 23:35:48.493598 (9516) main____ INFO      CDS_MVS            : '/eda/cadence/2023-24/RHELx86/MVS_21.12.000'
2025-11-19 23:35:48.493603 (9516) main____ INFO      CDS_Netlisting_Mode: 'Analog'
2025-11-19 23:35:48.493606 (9516) main____ INFO      CDS_PEGASUS        : '/eda/cadence/2023-24/RHELx86/PEGASUS_23.11.000'
2025-11-19 23:35:48.493609 (9516) main____ INFO      CDS_PEGASUSDFM     : '/eda/cadence/2023-24/RHELx86/PEGASUSDFM_23.11.000'
2025-11-19 23:35:48.493612 (9516) main____ INFO      CDS_PVS            : '/eda/cadence/2023-24/RHELx86/PVS_22.22.000'
2025-11-19 23:35:48.493615 (9516) main____ INFO      CDS_QUANTUS        : '/eda/cadence/2023-24/RHELx86/QUANTUS_23.10.000'
2025-11-19 23:35:48.493619 (9516) main____ INFO      CDS_SPECTRE        : '/eda/cadence/2023-24/RHELx86/SPECTRE_23.10.242'
2025-11-19 23:35:48.493622 (9516) main____ INFO      CDS_SSV            : '/eda/cadence/2023-24/RHELx86/SSV_22.13.000'
2025-11-19 23:35:48.493624 (9516) main____ INFO      CDS_USE_PALETTE    : ''
2025-11-19 23:35:48.493627 (9516) main____ INFO      CDS_VERISIUMDEBUG  : '/eda/cadence/2023-24/RHELx86/VERISIUMDEBUG_23.03.001'
2025-11-19 23:35:48.493630 (9516) main____ INFO      CDS_VIPCAT         : '/eda/cadence/2023-24/RHELx86/VIPCAT_11.30.093'
2025-11-19 23:35:48.493634 (9516) main____ INFO      CDS_VMANAGER       : '/eda/cadence/2023-24/RHELx86/VMANAGER_23.03.004'
2025-11-19 23:35:48.493637 (9516) main____ INFO      CDS_XCELIUM        : '/eda/cadence/2023-24/RHELx86/XCELIUM_23.03.007'
2025-11-19 23:35:48.493640 (9516) main____ INFO      DISPLAY            : 'localhost:11.0'
2025-11-19 23:35:48.493643 (9516) main____ INFO      JASPER_CPU_CHECK   : '1'
2025-11-19 23:35:48.493645 (9516) main____ INFO      JASPER_INSTALL_DIR : '/tools/cadence2425/JASPER/jasper_2024.06p002'
2025-11-19 23:35:48.493648 (9516) main____ INFO      JASPER_KERNEL_CHECK: '1'
2025-11-19 23:35:48.493651 (9516) main____ INFO      JASPER_OS_CHECK    : '1'
2025-11-19 23:35:48.493653 (9516) main____ INFO      LANG               : 'C'
2025-11-19 23:35:48.493656 (9516) main____ INFO      TMPDIR             : '/tmp'
2025-11-19 23:35:48.493658 (9516) main____ INFO    ----------------------------------------
2025-11-19 23:35:48.494049 (9516) lic_core INFO    Initializing license system ...
2025-11-19 23:35:48.496661 (9516) lic_core INFO    ... license system initialized.
2025-11-19 23:35:48.503443 (9516) lic__man INFO    Claim 'fpv' for <ui>.
2025-11-19 23:35:48.503472 (9516) lic_core INFO    (1) checking out 'jasper_fpv' ...
2025-11-19 23:35:48.551309 (9516) lic_core INFO    ... (1) checkout failed (error: -5) ("FLEXnet ERROR(-5, 0, 0): No such feature exists.")
2025-11-19 23:35:48.551323 (9516) lic_core INFO    (2) checking out 'jasper_fao' ...
2025-11-19 23:35:48.559951 (9516) lic_core INFO    ... (2) checkout succeeded
2025-11-19 23:35:48.580655 (9516) session_ INFO    Starting analysis session with session id 'session_0' (launcher: <local>) ...
2025-11-19 23:35:48.581281 (9516) session_ INFO    Analysis session with session id 'session_0' started (pid: 9534)
2025-11-19 23:35:49.097775 (9516) session_ INFO    Analysis session 'session_0' connected to the console (host: 127.0.0.1:46154)
2025-11-19 23:35:49.442411 (9516) lic__man INFO    Unclaim everything for 'session_0'.
2025-11-19 23:35:49.484908 (9516) lic__man INFO    Claim 'fpv' for 'session_0'.
2025-11-19 23:35:49.484922 (9516) lic__man INFO    Claim 'fpv' for 'session_0/prove-0'.
2025-11-19 23:35:49.556414 (9516) lic__man INFO    Unclaim everything for 'session_0/prove-0'.
2025-11-19 23:35:49.557333 (9516) main____ INFO    About to exit: request to exit with status 0 received from analysis session 'session_0'
2025-11-19 23:35:49.608067 (9516) session_ INFO    Analysis session 'session_0' disconnected.
2025-11-19 23:35:49.608127 (9516) lic__man INFO    Unclaim everything for 'session_0'.
2025-11-19 23:35:49.608204 (9516) session_ INFO    Process for analysis session 'session_0' has exited with exit status '0'.
2025-11-19 23:35:51.460012 (9516) lic_core INFO    (2) checkin jasper_fao
2025-11-19 23:35:51.461185 (9516) main____ INFO    Exiting with status 0.
