2025-11-18 09:27:18.911230 (11413) main____ INFO    ----------------------------------------
2025-11-18 09:27:18.911269 (11413) main____ INFO    Jasper version info
2025-11-18 09:27:18.911274 (11413) main____ INFO      tool      : Jasper 2024.06
2025-11-18 09:27:18.911278 (11413) main____ INFO      version   : 2024.06p002 64 bits
2025-11-18 09:27:18.911281 (11413) main____ INFO      build date: 2024.09.02 16:28:38 UTC
2025-11-18 09:27:18.911283 (11413) main____ INFO    ----------------------------------------
2025-11-18 09:27:18.911284 (11413) main____ INFO    Runtime info:
2025-11-18 09:27:18.911287 (11413) main____ INFO      platform  : Linux 3.10.0-1160.62.1.el7.x86_64 x86_64
2025-11-18 09:27:18.911292 (11413) main____ INFO      hostname  : vlsi-ria84
2025-11-18 09:27:18.911295 (11413) main____ INFO      pid       : 11413
2025-11-18 09:27:18.911298 (11413) main____ INFO      arguments : '-style' 'windows' '-proj' '../jgprojects/vga_1' '-batch' 'vga_1.tcl'
2025-11-18 09:27:18.911300 (11413) main____ INFO      locale    : ANSI_X3.4-1968
2025-11-18 09:27:18.911302 (11413) main____ INFO    ----------------------------------------
2025-11-18 09:27:18.911304 (11413) main____ INFO    System resource limits info:
2025-11-18 09:27:18.911306 (11413) main____ INFO      virtual memory: unlimited
2025-11-18 09:27:18.911310 (11413) main____ INFO      cpu time      : unlimited
2025-11-18 09:27:18.911314 (11413) main____ INFO      processes     : 4096
2025-11-18 09:27:18.911320 (11413) main____ INFO      stack size    : 8388608 B
2025-11-18 09:27:18.911323 (11413) main____ INFO      core file size: 1024 B
2025-11-18 09:27:18.911326 (11413) main____ INFO      open files    : 4096
2025-11-18 09:27:18.911328 (11413) main____ INFO      file size     : unlimited
2025-11-18 09:27:18.911330 (11413) main____ INFO    ----------------------------------------
2025-11-18 09:27:18.911332 (11413) main____ INFO    Memory statistics:
2025-11-18 09:27:18.911334 (11413) main____ INFO      total physical memory  : 65711068 kB
2025-11-18 09:27:18.911337 (11413) main____ INFO      free physical memory   : 42139564 kB
2025-11-18 09:27:18.911339 (11413) main____ INFO      committed address space: 28167944 kB
2025-11-18 09:27:18.911340 (11413) main____ INFO    ----------------------------------------
2025-11-18 09:27:18.911873 (11413) main____ INFO    Important environment variables:
2025-11-18 09:27:18.911884 (11413) main____ INFO      CDS_ASSURA         : '/eda/cadence/2023-24/RHELx86/ASSURA_04.16.115_231'
2025-11-18 09:27:18.911888 (11413) main____ INFO      CDS_AUTO_64BIT     : 'ALL'
2025-11-18 09:27:18.911891 (11413) main____ INFO      CDS_CONFRML        : '/eda/cadence/2023-24/RHELx86/CONFRML_23.10.300'
2025-11-18 09:27:18.911895 (11413) main____ INFO      CDS_DDIEXPORT      : '/eda/cadence/2023-24/RHELx86/DDIEXPORT_22.33.000'
2025-11-18 09:27:18.911898 (11413) main____ INFO      CDS_EMX            : '/eda/cadence/2023-24/RHELx86/EMX_23.10.000'
2025-11-18 09:27:18.911901 (11413) main____ INFO      CDS_GENUS          : '/eda/cadence/2023-24/RHELx86/DDIEXPORT_22.33.000/GENUS221'
2025-11-18 09:27:18.911904 (11413) main____ INFO      CDS_IC             : '/eda/cadence/2023-24/RHELx86/IC_23.10.020'
2025-11-18 09:27:18.911907 (11413) main____ INFO      CDS_INNOVUS        : '/eda/cadence/2023-24/RHELx86/DDIEXPORT_22.33.000/INNOVUS221'
2025-11-18 09:27:18.911910 (11413) main____ INFO      CDS_JLS            : '/eda/cadence/2023-24/RHELx86/DDIEXPORT_22.33.000/JLS221'
2025-11-18 09:27:18.911915 (11413) main____ INFO      CDS_LIC_FILE       : '/etc/local/cadence/license_8x.3868dd0560aa:5280@132.68.59.69:/etc/local/cadence/license_8x.1831bfb82c67:5280@132.68.59.64:/etc/local/cadence/license_8x.0894ef683fc3:5280@132.68.59.79:/etc/local/cadence/license_8x.1831bfb82c67:5280@132.68.59.61'
2025-11-18 09:27:18.911922 (11413) main____ INFO      CDS_LITMUS         : '/eda/cadence/2023-24/RHELx86/LITMUS_23.10.300'
2025-11-18 09:27:18.911925 (11413) main____ INFO      CDS_MODUS          : '/eda/cadence/2023-24/RHELx86/MODUS_22.12.000'
2025-11-18 09:27:18.911928 (11413) main____ INFO      CDS_MVS            : '/eda/cadence/2023-24/RHELx86/MVS_21.12.000'
2025-11-18 09:27:18.911932 (11413) main____ INFO      CDS_Netlisting_Mode: 'Analog'
2025-11-18 09:27:18.911935 (11413) main____ INFO      CDS_PEGASUS        : '/eda/cadence/2023-24/RHELx86/PEGASUS_23.11.000'
2025-11-18 09:27:18.911939 (11413) main____ INFO      CDS_PEGASUSDFM     : '/eda/cadence/2023-24/RHELx86/PEGASUSDFM_23.11.000'
2025-11-18 09:27:18.911941 (11413) main____ INFO      CDS_PVS            : '/eda/cadence/2023-24/RHELx86/PVS_22.22.000'
2025-11-18 09:27:18.911944 (11413) main____ INFO      CDS_QUANTUS        : '/eda/cadence/2023-24/RHELx86/QUANTUS_23.10.000'
2025-11-18 09:27:18.911947 (11413) main____ INFO      CDS_SPECTRE        : '/eda/cadence/2023-24/RHELx86/SPECTRE_23.10.242'
2025-11-18 09:27:18.911950 (11413) main____ INFO      CDS_SSV            : '/eda/cadence/2023-24/RHELx86/SSV_22.13.000'
2025-11-18 09:27:18.911952 (11413) main____ INFO      CDS_USE_PALETTE    : ''
2025-11-18 09:27:18.911955 (11413) main____ INFO      CDS_VERISIUMDEBUG  : '/eda/cadence/2023-24/RHELx86/VERISIUMDEBUG_23.03.001'
2025-11-18 09:27:18.911958 (11413) main____ INFO      CDS_VIPCAT         : '/eda/cadence/2023-24/RHELx86/VIPCAT_11.30.093'
2025-11-18 09:27:18.911962 (11413) main____ INFO      CDS_VMANAGER       : '/eda/cadence/2023-24/RHELx86/VMANAGER_23.03.004'
2025-11-18 09:27:18.911965 (11413) main____ INFO      CDS_XCELIUM        : '/eda/cadence/2023-24/RHELx86/XCELIUM_23.03.007'
2025-11-18 09:27:18.911967 (11413) main____ INFO      DISPLAY            : 'localhost:11.0'
2025-11-18 09:27:18.911970 (11413) main____ INFO      JASPER_CPU_CHECK   : '1'
2025-11-18 09:27:18.911973 (11413) main____ INFO      JASPER_INSTALL_DIR : '/tools/cadence2425/JASPER/jasper_2024.06p002'
2025-11-18 09:27:18.911975 (11413) main____ INFO      JASPER_KERNEL_CHECK: '1'
2025-11-18 09:27:18.911978 (11413) main____ INFO      JASPER_OS_CHECK    : '1'
2025-11-18 09:27:18.911980 (11413) main____ INFO      LANG               : 'C'
2025-11-18 09:27:18.911983 (11413) main____ INFO      TMPDIR             : '/tmp'
2025-11-18 09:27:18.911985 (11413) main____ INFO    ----------------------------------------
2025-11-18 09:27:18.912382 (11413) lic_core INFO    Initializing license system ...
2025-11-18 09:27:18.914078 (11413) lic_core INFO    ... license system initialized.
2025-11-18 09:27:18.920643 (11413) lic__man INFO    Claim 'fpv' for <ui>.
2025-11-18 09:27:18.920696 (11413) lic_core INFO    (1) checking out 'jasper_fpv' ...
2025-11-18 09:27:18.936841 (11413) lic_core INFO    ... (1) checkout failed (error: -5) ("FLEXnet ERROR(-5, 0, 0): No such feature exists.")
2025-11-18 09:27:18.936857 (11413) lic_core INFO    (2) checking out 'jasper_fao' ...
2025-11-18 09:27:18.944748 (11413) lic_core INFO    ... (2) checkout succeeded
2025-11-18 09:27:18.975898 (11413) session_ INFO    Starting analysis session with session id 'session_0' (launcher: <local>) ...
2025-11-18 09:27:18.976814 (11413) session_ INFO    Analysis session with session id 'session_0' started (pid: 11432)
2025-11-18 09:27:19.513935 (11413) session_ INFO    Analysis session 'session_0' connected to the console (host: 127.0.0.1:47868)
2025-11-18 09:27:19.870650 (11413) lic__man INFO    Unclaim everything for 'session_0'.
2025-11-18 09:27:19.913122 (11413) lic__man INFO    Claim 'fpv' for 'session_0'.
2025-11-18 09:27:19.913136 (11413) lic__man INFO    Claim 'fpv' for 'session_0/prove-0'.
2025-11-18 09:30:22.167413 (11413) lic__man INFO    Unclaim everything for 'session_0/prove-0'.
2025-11-18 09:30:22.169052 (11413) main____ INFO    About to exit: request to exit with status 0 received from analysis session 'session_0'
2025-11-18 09:30:22.224139 (11413) session_ INFO    Analysis session 'session_0' disconnected.
2025-11-18 09:30:22.224218 (11413) lic__man INFO    Unclaim everything for 'session_0'.
2025-11-18 09:30:22.224294 (11413) session_ INFO    Process for analysis session 'session_0' has exited with exit status '0'.
2025-11-18 09:30:24.270655 (11413) lic_core INFO    (2) checkin jasper_fao
2025-11-18 09:30:24.272076 (11413) main____ INFO    Exiting with status 0.
