2025-11-20 14:27:25.399700 (104670) main____ INFO    ----------------------------------------
2025-11-20 14:27:25.399791 (104670) main____ INFO    Jasper version info
2025-11-20 14:27:25.399799 (104670) main____ INFO      tool      : Jasper 2024.06
2025-11-20 14:27:25.399806 (104670) main____ INFO      version   : 2024.06p002 64 bits
2025-11-20 14:27:25.399812 (104670) main____ INFO      build date: 2024.09.02 16:28:38 UTC
2025-11-20 14:27:25.399815 (104670) main____ INFO    ----------------------------------------
2025-11-20 14:27:25.399818 (104670) main____ INFO    Runtime info:
2025-11-20 14:27:25.399823 (104670) main____ INFO      platform  : Linux 3.10.0-1062.el7.x86_64 x86_64
2025-11-20 14:27:25.399832 (104670) main____ INFO      hostname  : vlsi-moon
2025-11-20 14:27:25.399838 (104670) main____ INFO      pid       : 104670
2025-11-20 14:27:25.399842 (104670) main____ INFO      arguments : '-style' 'windows' '-proj' '../jgprojects/1_load_store_1' '-batch' '1_load_store_1.tcl'
2025-11-20 14:27:25.399847 (104670) main____ INFO      locale    : ANSI_X3.4-1968
2025-11-20 14:27:25.399850 (104670) main____ INFO    ----------------------------------------
2025-11-20 14:27:25.399853 (104670) main____ INFO    System resource limits info:
2025-11-20 14:27:25.399858 (104670) main____ INFO      virtual memory: unlimited
2025-11-20 14:27:25.399864 (104670) main____ INFO      cpu time      : unlimited
2025-11-20 14:27:25.399873 (104670) main____ INFO      processes     : 4096
2025-11-20 14:27:25.399894 (104670) main____ INFO      stack size    : 8388608 B
2025-11-20 14:27:25.399900 (104670) main____ INFO      core file size: 1024 B
2025-11-20 14:27:25.399904 (104670) main____ INFO      open files    : 4096
2025-11-20 14:27:25.399909 (104670) main____ INFO      file size     : unlimited
2025-11-20 14:27:25.399912 (104670) main____ INFO    ----------------------------------------
2025-11-20 14:27:25.399915 (104670) main____ INFO    Memory statistics:
2025-11-20 14:27:25.399920 (104670) main____ INFO      total physical memory  : 527831204 kB
2025-11-20 14:27:25.399924 (104670) main____ INFO      free physical memory   : 514467684 kB
2025-11-20 14:27:25.399928 (104670) main____ INFO      committed address space: 9218408 kB
2025-11-20 14:27:25.399931 (104670) main____ INFO    ----------------------------------------
2025-11-20 14:27:25.400728 (104670) main____ INFO    Important environment variables:
2025-11-20 14:27:25.400751 (104670) main____ INFO      CDS_ASSURA         : '/eda/cadence/2023-24/RHELx86/ASSURA_04.16.115_231'
2025-11-20 14:27:25.400757 (104670) main____ INFO      CDS_AUTO_64BIT     : 'ALL'
2025-11-20 14:27:25.400763 (104670) main____ INFO      CDS_CONFRML        : '/eda/cadence/2023-24/RHELx86/CONFRML_23.10.300'
2025-11-20 14:27:25.400768 (104670) main____ INFO      CDS_DDIEXPORT      : '/eda/cadence/2023-24/RHELx86/DDIEXPORT_22.33.000'
2025-11-20 14:27:25.400773 (104670) main____ INFO      CDS_EMX            : '/eda/cadence/2023-24/RHELx86/EMX_23.10.000'
2025-11-20 14:27:25.400779 (104670) main____ INFO      CDS_GENUS          : '/eda/cadence/2023-24/RHELx86/DDIEXPORT_22.33.000/GENUS221'
2025-11-20 14:27:25.400784 (104670) main____ INFO      CDS_IC             : '/eda/cadence/2023-24/RHELx86/IC_23.10.020'
2025-11-20 14:27:25.400790 (104670) main____ INFO      CDS_INNOVUS        : '/eda/cadence/2023-24/RHELx86/DDIEXPORT_22.33.000/INNOVUS221'
2025-11-20 14:27:25.400795 (104670) main____ INFO      CDS_JLS            : '/eda/cadence/2023-24/RHELx86/DDIEXPORT_22.33.000/JLS221'
2025-11-20 14:27:25.400803 (104670) main____ INFO      CDS_LIC_FILE       : '/etc/local/cadence/license_8x.3868dd0560aa:5280@132.68.59.69:/etc/local/cadence/license_8x.1831bfb82c67:5280@132.68.59.64:/etc/local/cadence/license_8x.0894ef683fc3:5280@132.68.59.79:/etc/local/cadence/license_8x.1831bfb82c67:5280@132.68.59.61'
2025-11-20 14:27:25.400814 (104670) main____ INFO      CDS_LITMUS         : '/eda/cadence/2023-24/RHELx86/LITMUS_23.10.300'
2025-11-20 14:27:25.400820 (104670) main____ INFO      CDS_MODUS          : '/eda/cadence/2023-24/RHELx86/MODUS_22.12.000'
2025-11-20 14:27:25.400828 (104670) main____ INFO      CDS_MVS            : '/eda/cadence/2023-24/RHELx86/MVS_21.12.000'
2025-11-20 14:27:25.400833 (104670) main____ INFO      CDS_Netlisting_Mode: 'Analog'
2025-11-20 14:27:25.400838 (104670) main____ INFO      CDS_PEGASUS        : '/eda/cadence/2023-24/RHELx86/PEGASUS_23.11.000'
2025-11-20 14:27:25.400843 (104670) main____ INFO      CDS_PEGASUSDFM     : '/eda/cadence/2023-24/RHELx86/PEGASUSDFM_23.11.000'
2025-11-20 14:27:25.400848 (104670) main____ INFO      CDS_PVS            : '/eda/cadence/2023-24/RHELx86/PVS_22.22.000'
2025-11-20 14:27:25.400853 (104670) main____ INFO      CDS_QUANTUS        : '/eda/cadence/2023-24/RHELx86/QUANTUS_23.10.000'
2025-11-20 14:27:25.400858 (104670) main____ INFO      CDS_SPECTRE        : '/eda/cadence/2023-24/RHELx86/SPECTRE_23.10.242'
2025-11-20 14:27:25.400863 (104670) main____ INFO      CDS_SSV            : '/eda/cadence/2023-24/RHELx86/SSV_22.13.000'
2025-11-20 14:27:25.400867 (104670) main____ INFO      CDS_USE_PALETTE    : ''
2025-11-20 14:27:25.400872 (104670) main____ INFO      CDS_VERISIUMDEBUG  : '/eda/cadence/2023-24/RHELx86/VERISIUMDEBUG_23.03.001'
2025-11-20 14:27:25.400877 (104670) main____ INFO      CDS_VIPCAT         : '/eda/cadence/2023-24/RHELx86/VIPCAT_11.30.093'
2025-11-20 14:27:25.400883 (104670) main____ INFO      CDS_VMANAGER       : '/eda/cadence/2023-24/RHELx86/VMANAGER_23.03.004'
2025-11-20 14:27:25.400888 (104670) main____ INFO      CDS_XCELIUM        : '/eda/cadence/2023-24/RHELx86/XCELIUM_23.03.007'
2025-11-20 14:27:25.400892 (104670) main____ INFO      DISPLAY            : 'localhost:11.0'
2025-11-20 14:27:25.400897 (104670) main____ INFO      JASPER_CPU_CHECK   : '1'
2025-11-20 14:27:25.400901 (104670) main____ INFO      JASPER_INSTALL_DIR : '/tools/cadence2425/JASPER/jasper_2024.06p002'
2025-11-20 14:27:25.400906 (104670) main____ INFO      JASPER_KERNEL_CHECK: '1'
2025-11-20 14:27:25.400910 (104670) main____ INFO      JASPER_OS_CHECK    : '1'
2025-11-20 14:27:25.400914 (104670) main____ INFO      LANG               : 'C'
2025-11-20 14:27:25.400919 (104670) main____ INFO      TMPDIR             : '/tmp'
2025-11-20 14:27:25.400922 (104670) main____ INFO    ----------------------------------------
2025-11-20 14:27:25.401491 (104670) lic_core INFO    Initializing license system ...
2025-11-20 14:27:25.409804 (104670) lic_core INFO    ... license system initialized.
2025-11-20 14:27:25.423180 (104670) lic__man INFO    Claim 'fpv' for <ui>.
2025-11-20 14:27:25.423319 (104670) lic_core INFO    (1) checking out 'jasper_fpv' ...
2025-11-20 14:27:25.504881 (104670) lic_core INFO    ... (1) checkout failed (error: -5) ("FLEXnet ERROR(-5, 0, 0): No such feature exists.")
2025-11-20 14:27:25.504958 (104670) lic_core INFO    (2) checking out 'jasper_fao' ...
2025-11-20 14:27:25.526860 (104670) lic_core INFO    ... (2) checkout succeeded
2025-11-20 14:27:25.553443 (104670) session_ INFO    Starting analysis session with session id 'session_0' (launcher: <local>) ...
2025-11-20 14:27:25.556715 (104670) session_ INFO    Analysis session with session id 'session_0' started (pid: 104689)
2025-11-20 14:27:26.543571 (104670) session_ INFO    Analysis session 'session_0' connected to the console (host: 127.0.0.1:43610)
2025-11-20 14:27:27.167696 (104670) lic__man INFO    Unclaim everything for 'session_0'.
2025-11-20 14:27:27.214272 (104670) lic__man INFO    Claim 'fpv' for 'session_0'.
2025-11-20 14:27:27.214322 (104670) lic__man INFO    Claim 'fpv' for 'session_0/prove-0'.
2025-11-20 14:30:41.761521 (104670) lic__man INFO    Unclaim everything for 'session_0/prove-0'.
2025-11-20 14:30:41.768075 (104670) main____ INFO    About to exit: request to exit with status 0 received from analysis session 'session_0'
2025-11-20 14:30:41.906621 (104670) session_ INFO    Analysis session 'session_0' disconnected.
2025-11-20 14:30:41.906999 (104670) lic__man INFO    Unclaim everything for 'session_0'.
2025-11-20 14:30:41.907557 (104670) session_ INFO    Process for analysis session 'session_0' has exited with exit status '0'.
2025-11-20 14:30:43.681386 (104670) lic_core INFO    (2) checkin jasper_fao
2025-11-20 14:30:43.683270 (104670) main____ INFO    Exiting with status 0.
