2025-11-17 21:23:16.941934 (29281) main____ INFO    ----------------------------------------
2025-11-17 21:23:16.941979 (29281) main____ INFO    Jasper version info
2025-11-17 21:23:16.941984 (29281) main____ INFO      tool      : Jasper 2024.06
2025-11-17 21:23:16.941988 (29281) main____ INFO      version   : 2024.06p002 64 bits
2025-11-17 21:23:16.941991 (29281) main____ INFO      build date: 2024.09.02 16:28:38 UTC
2025-11-17 21:23:16.941993 (29281) main____ INFO    ----------------------------------------
2025-11-17 21:23:16.941994 (29281) main____ INFO    Runtime info:
2025-11-17 21:23:16.941997 (29281) main____ INFO      platform  : Linux 3.10.0-1160.62.1.el7.x86_64 x86_64
2025-11-17 21:23:16.942003 (29281) main____ INFO      hostname  : vlsi-ria85
2025-11-17 21:23:16.942007 (29281) main____ INFO      pid       : 29281
2025-11-17 21:23:16.942009 (29281) main____ INFO      arguments : '-style' 'windows' '-proj' '../jgprojects/lcd_2' '-batch' 'lcd_2.tcl'
2025-11-17 21:23:16.942012 (29281) main____ INFO      locale    : ANSI_X3.4-1968
2025-11-17 21:23:16.942014 (29281) main____ INFO    ----------------------------------------
2025-11-17 21:23:16.942016 (29281) main____ INFO    System resource limits info:
2025-11-17 21:23:16.942019 (29281) main____ INFO      virtual memory: unlimited
2025-11-17 21:23:16.942022 (29281) main____ INFO      cpu time      : unlimited
2025-11-17 21:23:16.942027 (29281) main____ INFO      processes     : 4096
2025-11-17 21:23:16.942033 (29281) main____ INFO      stack size    : 8388608 B
2025-11-17 21:23:16.942036 (29281) main____ INFO      core file size: 1024 B
2025-11-17 21:23:16.942039 (29281) main____ INFO      open files    : 4096
2025-11-17 21:23:16.942042 (29281) main____ INFO      file size     : unlimited
2025-11-17 21:23:16.942044 (29281) main____ INFO    ----------------------------------------
2025-11-17 21:23:16.942045 (29281) main____ INFO    Memory statistics:
2025-11-17 21:23:16.942048 (29281) main____ INFO      total physical memory  : 65714912 kB
2025-11-17 21:23:16.942050 (29281) main____ INFO      free physical memory   : 7644532 kB
2025-11-17 21:23:16.942052 (29281) main____ INFO      committed address space: 165942068 kB
2025-11-17 21:23:16.942054 (29281) main____ INFO    ----------------------------------------
2025-11-17 21:23:16.942610 (29281) main____ INFO    Important environment variables:
2025-11-17 21:23:16.942623 (29281) main____ INFO      CDS_ASSURA         : '/eda/cadence/2023-24/RHELx86/ASSURA_04.16.115_231'
2025-11-17 21:23:16.942627 (29281) main____ INFO      CDS_AUTO_64BIT     : 'ALL'
2025-11-17 21:23:16.942631 (29281) main____ INFO      CDS_CONFRML        : '/eda/cadence/2023-24/RHELx86/CONFRML_23.10.300'
2025-11-17 21:23:16.942634 (29281) main____ INFO      CDS_DDIEXPORT      : '/eda/cadence/2023-24/RHELx86/DDIEXPORT_22.33.000'
2025-11-17 21:23:16.942638 (29281) main____ INFO      CDS_EMX            : '/eda/cadence/2023-24/RHELx86/EMX_23.10.000'
2025-11-17 21:23:16.942641 (29281) main____ INFO      CDS_GENUS          : '/eda/cadence/2023-24/RHELx86/DDIEXPORT_22.33.000/GENUS221'
2025-11-17 21:23:16.942645 (29281) main____ INFO      CDS_IC             : '/eda/cadence/2023-24/RHELx86/IC_23.10.020'
2025-11-17 21:23:16.942648 (29281) main____ INFO      CDS_INNOVUS        : '/eda/cadence/2023-24/RHELx86/DDIEXPORT_22.33.000/INNOVUS221'
2025-11-17 21:23:16.942651 (29281) main____ INFO      CDS_JLS            : '/eda/cadence/2023-24/RHELx86/DDIEXPORT_22.33.000/JLS221'
2025-11-17 21:23:16.942656 (29281) main____ INFO      CDS_LIC_FILE       : '/etc/local/cadence/license_8x.3868dd0560aa:5280@132.68.59.69:/etc/local/cadence/license_8x.1831bfb82c67:5280@132.68.59.64:/etc/local/cadence/license_8x.0894ef683fc3:5280@132.68.59.79:/etc/local/cadence/license_8x.1831bfb82c67:5280@132.68.59.61'
2025-11-17 21:23:16.942663 (29281) main____ INFO      CDS_LITMUS         : '/eda/cadence/2023-24/RHELx86/LITMUS_23.10.300'
2025-11-17 21:23:16.942667 (29281) main____ INFO      CDS_MODUS          : '/eda/cadence/2023-24/RHELx86/MODUS_22.12.000'
2025-11-17 21:23:16.942670 (29281) main____ INFO      CDS_MVS            : '/eda/cadence/2023-24/RHELx86/MVS_21.12.000'
2025-11-17 21:23:16.942676 (29281) main____ INFO      CDS_Netlisting_Mode: 'Analog'
2025-11-17 21:23:16.942679 (29281) main____ INFO      CDS_PEGASUS        : '/eda/cadence/2023-24/RHELx86/PEGASUS_23.11.000'
2025-11-17 21:23:16.942683 (29281) main____ INFO      CDS_PEGASUSDFM     : '/eda/cadence/2023-24/RHELx86/PEGASUSDFM_23.11.000'
2025-11-17 21:23:16.942686 (29281) main____ INFO      CDS_PVS            : '/eda/cadence/2023-24/RHELx86/PVS_22.22.000'
2025-11-17 21:23:16.942689 (29281) main____ INFO      CDS_QUANTUS        : '/eda/cadence/2023-24/RHELx86/QUANTUS_23.10.000'
2025-11-17 21:23:16.942692 (29281) main____ INFO      CDS_SPECTRE        : '/eda/cadence/2023-24/RHELx86/SPECTRE_23.10.242'
2025-11-17 21:23:16.942695 (29281) main____ INFO      CDS_SSV            : '/eda/cadence/2023-24/RHELx86/SSV_22.13.000'
2025-11-17 21:23:16.942698 (29281) main____ INFO      CDS_USE_PALETTE    : ''
2025-11-17 21:23:16.942701 (29281) main____ INFO      CDS_VERISIUMDEBUG  : '/eda/cadence/2023-24/RHELx86/VERISIUMDEBUG_23.03.001'
2025-11-17 21:23:16.942704 (29281) main____ INFO      CDS_VIPCAT         : '/eda/cadence/2023-24/RHELx86/VIPCAT_11.30.093'
2025-11-17 21:23:16.942708 (29281) main____ INFO      CDS_VMANAGER       : '/eda/cadence/2023-24/RHELx86/VMANAGER_23.03.004'
2025-11-17 21:23:16.942712 (29281) main____ INFO      CDS_XCELIUM        : '/eda/cadence/2023-24/RHELx86/XCELIUM_23.03.007'
2025-11-17 21:23:16.942715 (29281) main____ INFO      DISPLAY            : 'localhost:13.0'
2025-11-17 21:23:16.942717 (29281) main____ INFO      JASPER_CPU_CHECK   : '1'
2025-11-17 21:23:16.942720 (29281) main____ INFO      JASPER_INSTALL_DIR : '/tools/cadence2425/JASPER/jasper_2024.06p002'
2025-11-17 21:23:16.942723 (29281) main____ INFO      JASPER_KERNEL_CHECK: '1'
2025-11-17 21:23:16.942726 (29281) main____ INFO      JASPER_OS_CHECK    : '1'
2025-11-17 21:23:16.942728 (29281) main____ INFO      LANG               : 'C'
2025-11-17 21:23:16.942731 (29281) main____ INFO      TMPDIR             : '/tmp'
2025-11-17 21:23:16.942733 (29281) main____ INFO    ----------------------------------------
2025-11-17 21:23:16.943126 (29281) lic_core INFO    Initializing license system ...
2025-11-17 21:23:16.947078 (29281) lic_core INFO    ... license system initialized.
2025-11-17 21:23:16.954663 (29281) lic__man INFO    Claim 'fpv' for <ui>.
2025-11-17 21:23:16.954698 (29281) lic_core INFO    (1) checking out 'jasper_fpv' ...
2025-11-17 21:23:16.992297 (29281) lic_core INFO    ... (1) checkout failed (error: -5) ("FLEXnet ERROR(-5, 0, 0): No such feature exists.")
2025-11-17 21:23:16.992316 (29281) lic_core INFO    (2) checking out 'jasper_fao' ...
2025-11-17 21:23:17.002710 (29281) lic_core INFO    ... (2) checkout succeeded
2025-11-17 21:23:17.026850 (29281) session_ INFO    Starting analysis session with session id 'session_0' (launcher: <local>) ...
2025-11-17 21:23:17.027875 (29281) session_ INFO    Analysis session with session id 'session_0' started (pid: 29341)
2025-11-17 21:23:17.643691 (29281) session_ INFO    Analysis session 'session_0' connected to the console (host: 127.0.0.1:36160)
2025-11-17 21:23:18.112001 (29281) lic__man INFO    Unclaim everything for 'session_0'.
2025-11-17 21:23:18.154113 (29281) lic__man INFO    Claim 'fpv' for 'session_0'.
2025-11-17 21:23:18.154132 (29281) lic__man INFO    Claim 'fpv' for 'session_0/prove-0'.
2025-11-17 21:24:02.700326 (29281) lic__man INFO    Unclaim everything for 'session_0/prove-0'.
2025-11-17 21:24:02.700422 (29281) main____ INFO    About to exit: request to exit with status 0 received from analysis session 'session_0'
2025-11-17 21:24:02.758278 (29281) session_ INFO    Analysis session 'session_0' disconnected.
2025-11-17 21:24:02.758340 (29281) lic__man INFO    Unclaim everything for 'session_0'.
2025-11-17 21:24:02.758412 (29281) session_ INFO    Process for analysis session 'session_0' has exited with exit status '0'.
2025-11-17 21:24:04.802005 (29281) lic_core INFO    (2) checkin jasper_fao
2025-11-17 21:24:04.833308 (29281) main____ INFO    Exiting with status 0.
