# ----------------------------------------
# Jasper Version Info
# tool      : Jasper 2024.06
# platform  : Linux 3.10.0-1160.62.1.el7.x86_64
# version   : 2024.06p002 64 bits
# build date: 2024.09.02 16:28:38 UTC
# ----------------------------------------
# started   : 2025-11-17 18:11:01 IST
# hostname  : vlsi-ria85.vlsidomain
# pid       : 10357
# arguments : '-label' 'session_0' '-console' '//127.0.0.1:37216' '-nowindow' '-style' 'windows' '-exitonerror' '-data' 'AAAAwnicY2RgYLCp////PwMYMD6A0Aw2jAyoAMRnQhUJbEChGRhYYZphSliAmItBl6GAoYghnyELyFNj0ANCfSA7HS6aypDMUMJQDBQNYAhn8GWIZzABquQB6ktiSATKJDNkAPlCSLJ6YNEcsB0AMTUUnQ==' '-proj' '/users/rompel/jasper_executions/safety/jgprojects/PWM_4/sessionLogs/session_0' '-init' '-hidden' '/users/rompel/jasper_executions/safety/jgprojects/PWM_4/.tmp/.initCmds.tcl' 'PWM_4.tcl' '-hidden' '/users/rompel/jasper_executions/safety/jgprojects/PWM_4/.tmp/.postCmds.tcl'

Any disclosure about the Cadence Design Systems software or its use
model to any third party violates the written Non-Disclosure Agreement
between Cadence Design Systems, Inc. and the customer.

THIS SOFTWARE CONTAINS CONFIDENTIAL INFORMATION AND TRADE SECRETS OF
CADENCE DESIGN SYSTEMS, INC. USE, DISCLOSURE, OR REPRODUCTION IS
PROHIBITED WITHOUT THE PRIOR EXPRESS WRITTEN PERMISSION OF CADENCE
DESIGN SYSTEMS, INC.

Copyright (C) 2000-2024 Cadence Design Systems, Inc. All Rights
Reserved.  Unpublished -- rights reserved under the copyright laws of
the United States.

This product includes software developed by others and redistributed
according to license agreement. See doc/third_party_readme.txt for
further details.

RESTRICTED RIGHTS LEGEND

Use, duplication, or disclosure by the Government is subject to
restrictions as set forth in subparagraph (c) (1) (ii) of the Rights in
Technical Data and Computer Software clause at DFARS 252.227-7013 or
subparagraphs (c) (1) and (2) of Commercial Computer Software -- Restricted
Rights at 48 CFR 52.227-19, as applicable.


                          Cadence Design Systems, Inc.
                          2655 Seely Avenue
                          San Jose, CA 95134
                          Phone: 408.943.1234

For technical assistance visit http://support.cadence.com.

Jasper Apps Analysis Session - /users/rompel/jasper_executions/safety/jgprojects/PWM_4/sessionLogs/session_0

WARNING (WG017): [session]: The system's locale is "ANSI_X3.4-1968", which is not UTF-8. Non-ASCII characters might not be handled correctly.
WARNING (WG017): [jg_console]: The system's locale is "ANSI_X3.4-1968", which is not UTF-8. Non-ASCII characters might not be handled correctly.
INFO: successfully checked out license "jasper_fao".
INFO: reading configuration file "/users/rompel/.config/cadence/jasper.conf".
% analyze -sv09 ../PWM_4.sv
[-- (VERI-1482)] Analyzing Verilog file '/tools/cadence2425/JASPER/jasper_2024.06p002/lib/verilog/packages/std/std.sv' into library 'std'
[-- (VERI-1482)] Analyzing Verilog file '../PWM_4.sv'
[INFO (VERI-2561)] ../PWM_4.sv(7): undeclared symbol 'lbR', assumed default net type 'wire'
[INFO (VERI-2561)] ../PWM_4.sv(8): undeclared symbol 'ubR', assumed default net type 'wire'
% elaborate -bbox_mul 1000000 -bbox_div 1000000 -bbox_mod 1000000 -bbox_a 1000000
[INFO (HIER-8002)] ../PWM_4.sv(32): Disabling old hierarchical reference handler
[INFO (VERI-1018)] ../PWM_4.sv(1): compiling module 'PWM_TOP'
[WARN (VERI-1209)] ../PWM_4.sv(7): expression size 14 truncated to fit in target size 1
[WARN (VERI-1209)] ../PWM_4.sv(8): expression size 14 truncated to fit in target size 1
[WARN (VERI-1209)] ../PWM_4.sv(13): expression size 32 truncated to fit in target size 13
[INFO (VERI-8005)] ../PWM_4.sv(1): Unintentional sequential element inferred for pulse_red read before write using blocking assignment
[INFO (VERI-8005)] ../PWM_4.sv(1): Unintentional sequential element inferred for lb_pulse read before write using blocking assignment
[INFO (VERI-8005)] ../PWM_4.sv(1): Unintentional sequential element inferred for ub_pulse read before write using blocking assignment
INFO (ISW003): Top module name is "PWM_TOP".
INFO (INL208): Elaboration synthesis summary:
  Number of synthesized netlists          1 (0 packages)
  Single run mode                         On
  Pipeline                                On (1 pipelined netlists)
  Late hierarchical reference connection  On
  Number of analyzed Verilog modules      1 (1 synthesized)
  Number of analyzed VHDL entities        0 (0 synthesized)
INFO (INL003): Clearing all state information (assumes, stopats, and so forth).
PWM_TOP
[<embedded>] % reset -none
INFO (IPM031): Clearing proof results of all properties.
[<embedded>] % clock clk
[<embedded>] % prove -all
Ncustom1: Custom engine code is hT3Ng7hPPfiYQOTDZ3qhYOwGAM51eA+J/FjkM5shLioAsqhgLR4Ft+O1BuKG6ilQ83B9tLXSl+CwjiTMAQA
Bcustom2: Custom engine code is hT3Nm7hPr1Vp3Di1Ra2USNIGL4JypRnLKLAdF6JAyuavO2JfGCiY9OZJhcAcOUnLx5xwNdhILGrAWX9s+z2WDkKwNR7tAfClBEjRFVQeq6DU54boFgEA
AMcustom3: Custom engine code is hT3Ng7hP/feYQOTDZ3qhYOwGAM51eA+J/FjkM5shLioAsqhgLR4Ft+O1BuKG6ilQ83B9tLXSmmqwm7g9AQA
Mpcustom4: Custom engine code is hT3NZbhP9fmY2AbBQnsjfOxn6c+6e6yL+/e8fZFmaQrnlgEA
INFO (IPF036): Starting proof on task: "<embedded>", 1 properties to prove with 0 already proven/unreachable
INFO (IRS029): Starting reset analysis: phase 1 of 4.
INFO (IRS030): Running reset analysis: phase 2 of 4.
INFO (IRS031): Running reset analysis: phase 3 of 4.
INFO (IRS020): Starting the reset analysis simulation with a limit of 100 iterations (phase 4 of 4).
INFO (IRS024): Reset iterations 0 to 4 analyzed.
INFO (IRS018): Reset analysis simulation executed for 3 iterations. Assigned values for 2 of 16 design flops, 0 of 0 design latches, 3 of 3 internal elements.
INFO (IRS039): Reset analysis complete.
INFO (IPF031): Settings used for proof thread 0:
    orchestration                 = on
    time_limit                    = 86400s
    per_property_time_limit       = 1s * 10 ^ scan
    engine_mode                   = auto
    proofgrid_per_engine_max_jobs = 1
    max engine jobs               = auto
    proofgrid_mode                = local
    proofgrid_restarts            = 10
0: Using multistage preprocessing
0: Starting reduce
AMcustom5: Custom engine code is hT3N1rhP11/52HrFRS21ROp2LOjVTgPvT8L8BGXHgLhaIuqtT4nARFjUqrBL+7pLmaTOzBepZW/Jm8SSrHDybSQtoNiO3y43wk+dEoWlsZizu97Fih6O6lPVG/LpWP5SsUPwlGagLNa1FKEFvwVXyX7//8prySbvSxIHXr5er+z4RAEA
Ncustom6: Custom engine code is hT3OXrhPByJp3TrFSTLhUmMH4KVtJgmTCnNDF46yMXOKY48m4LS5nE7yBzFjA7kDuwO/GhGUpEPiky3p3wmPn3dJZHxFMsafSoObRzSC+tn7sEY0WbTdZ/FV4hL3MYH/b1CIUvXSWR4wqEoVLsmMOD4xIPT4lI1LO6ZCO7PnnWQuLwetnvKlrXx6wCW/A+x+enqslg1YPobi4wEF/EvbzOvcTYdJvl2s4H2yZg2b2ofAVN5WvhWk1HoBAA
ADcustom7: Custom engine code is hT3Nv7hPv1752HrFRa2kROx2f/ECJeZB2AZsLdlO8VwmIuqtT4nIDFXclhg+O+o+DMmQCekbheGk0kK28laA9gaOFDXsQp29J3X615HY1IPHJWd6FUFvCHjO+p1k652b5JJvZlShNpGlGSXAiQe/mEAj6tEBAA
Tricustom8: Custom engine code is hT3Nu7hPt1752DvFRa0kNDiyIV97VyejwM9C/jCLJjdPvusZONHY42VYUy0Q1ZotnhcVtNc56tJ5wbxv6V2+XpdsaSlHck5vfnbYjdwj1OECy9U+7oSQ0SZE3g5ayD+Phuh4odCJTjeKa2k4elM9ldQfkAEA
0: Finished reduce in 0s
Gcustom9: Custom engine code is hT3NibhPDfeYQADBZnYcglOvK9Pfd7EOeniIqP8jNsyIqInncipMGcUXqAadachREE9F2PwhBUZUNw5kHnd4JdXkamORRgEA
C2custom10: Custom engine code is hT3NirhPjfWYQADBZnYcglOvK9Pfd7EOeniIqP8jNsyIqInncgkrYMMXCYbdK0dUjZIF9d4cJ0rHoBDjwVLBKuG86XYVV00BAA
AGcustom11: Custom engine code is hT3NirhP/fmYQADBZnYcglOvK9Pfd7EOeniIqP8jNsyIqInnckcwYMMXCYbdK0dUjZIF9d4cJ0rHoBDjwVLBKuHEZnZByh0BAA
0.0.PRE: Performing Proof Simplification...
Bcustom12: Custom engine code is hT3NjrhPDfiYQADBZnYcglOvK9PfWxFtenjIyBqfrgr7if/jL/yPOuK1BAflEcW0DxNH2eDIoezN2gxlQFg81RZtiWXh7aiTAidvAQA
0.0.N: clocks: 1, declared: 1, looping: 0, posedge: 1, negedge: 0, noedge: 0, bothedge: 0
Ncustom13: Custom engine code is hT3NR7hPByFp3TrFSTLhUmMH4KWtJglTyV/c51BHEeZWamnJv767nE6PCak26bd3gf3XGN3rIRheufhDieCJQVISo+gNYUKhiUedBKGtsP/a18svAnlMJZudHxDFwK5ufsyoxsIyiAeSY2oi3tEuoDHr5gw42DFKAG3PqO3CEsl8Azzdt3pl5nGA1Ifv2H02eYsFzWb/nfp8PMb3F0krE/EgBcm8TD9Div8BAA
Tricustom14: Custom engine code is hT3Nu7hP3fiYQADBZnYcglNHp9bfd7EOeniIqP/ji8sGLQu8yhsFO+wxJ+O+R0bU8g/IewXFomyos+viQnWc2xYNYmMqpo3i40O7DaZR7qfp4YqNx26KRvQ/qx0BAA
0.0.N: Proof Simplification Iteration 1	[0.00 s]
0.0.N: Proof Simplification Iteration 2	[0.00 s]
0.0.PRE: A proof was found: No trace exists. [0.00 s]
INFO (IPF057): 0.0.PRE: The property ":noDeadEnd" was proven in 0.00 s.
    Use check_assumptions -show -dead_end to show this property in the property table.
0.0.PRE: A proof was found: No trace exists. [0.00 s]
INFO (IPF057): 0.0.PRE: The property ":noConflict" was proven in 0.00 s.
    Use check_assumptions -show to show this property in the property table.
INFO (IPF047): 0.0.PRE: The cover property ":live" was covered in 1 cycles in 0.00 s.
    Use check_assumptions -show -live to show this property in the property table.
0.0.PRE: Proof Simplification completed in 0.00 s
0: About to start ProofGrid in its own thread with a limit of 10000 pending notifications and a limit of 10 traces.
0: =============================== ProofGrid start ===============================
0: ProofGrid usable level: 1
0: Initial ProofGrid level: 1
0: ProofGrid is starting event handling
0.0.Hp: Proofgrid shell started at 10475@vlsi-ria85(local) jg_10357_vlsi-ria85_1
0.0.N: Proofgrid shell started at 10471@vlsi-ria85(local) jg_10357_vlsi-ria85_1
0.0.N: clocks: 1, declared: 1, looping: 0, posedge: 1, negedge: 0, noedge: 0, bothedge: 0
0.0.N: Last scan. Per property time limit: 0s
0.0.N: Starting proof for property "PWM_TOP.p1"	[0.00 s].
0.0.N: Trace Attempt  1	[0.00 s]
0.0.N: Trace Attempt  2	[0.00 s]
0.0.N: Trace Attempt  2	[0.00 s]
0.0.Hp: clocks: 1, declared: 1, looping: 0, posedge: 1, negedge: 0, noedge: 0, bothedge: 0
0.0.Hp: Last scan. Per property time limit: 0s
0.0.N: Trace Attempt  3	[0.00 s]
0.0.N: Trace Attempt  3	[0.00 s]
0.0.Hp: Trace Attempt  1	[0.00 s]
0.0.Hp: Trace Attempt  2	[0.00 s]
0.0.Hp: Trace Attempt  3	[0.00 s]
0.0.Hp: Trace Attempt  4	[0.00 s]
0.0.Hp: Trace Attempt  5	[0.00 s]
0.0.N: Trace Attempt  4	[0.00 s]
0.0.N: Trace Attempt  5	[0.00 s]
0.0.Oh: Proofgrid shell started at 10575@vlsi-ria85(local) jg_10357_vlsi-ria85_1
0.0.Oh: clocks: 1, declared: 1, looping: 0, posedge: 1, negedge: 0, noedge: 0, bothedge: 0
0.0.Oh: Reached length limit (2147483647) [0.00 s]
0.0.Oh: Exited with Success (@ 0.03 s)
0.0.Oh: Completed, Restart ignored.
0.0.AM: Proofgrid shell started at 10588@vlsi-ria85(local) jg_10357_vlsi-ria85_1
0.0.AM: clocks: 1, declared: 1, looping: 0, posedge: 1, negedge: 0, noedge: 0, bothedge: 0
0.0.AM: Last scan. Per property time limit: 0s
0.0.AM: Starting proof for property "PWM_TOP.p1"	[0.00 s].
0.0.AM: Trace Attempt  1	[0.00 s]
0.0.AM: Trace Attempt  2	[0.00 s]
0.0.AM: Trace Attempt  3	[0.00 s]
0.0.AM: Trace Attempt  4	[0.00 s]
0.0.AM: Trace Attempt  5	[0.00 s]
0.0.N: Trace Attempt  1	[0.04 s]
0.0.N: Trace Attempt  2	[0.04 s]
0.0.N: Trace Attempt  3	[0.04 s]
0.0.N: Trace Attempt  4	[0.04 s]
0.0.Ht: Proofgrid shell started at 10572@vlsi-ria85(local) jg_10357_vlsi-ria85_1
0.0.AM: Trace Attempt  1	[0.00 s]
0.0.AM: Trace Attempt  2	[0.00 s]
0.0.AM: Trace Attempt  3	[0.00 s]
0.0.AM: Trace Attempt  4	[0.00 s]
0.0.AM: Trace Attempt  5	[0.01 s]
0.0.B: Proofgrid shell started at 10587@vlsi-ria85(local) jg_10357_vlsi-ria85_1
0.0.B: clocks: 1, declared: 1, looping: 0, posedge: 1, negedge: 0, noedge: 0, bothedge: 0
0.0.B: Last scan. Per property time limit: 0s
0.0.B: Starting proof for property "PWM_TOP.p1"	[0.00 s].
0.0.B: Trace Attempt  1	[0.00 s]
0.0.B: Trace Attempt  2	[0.00 s]
0.0.Ht: clocks: 1, declared: 1, looping: 0, posedge: 1, negedge: 0, noedge: 0, bothedge: 0
0.0.Ht: Last scan. Per property time limit: 0s
0.0.B: Trace Attempt  3	[0.00 s]
0.0.Ht: Trace Attempt  1	[0.00 s]
0.0.B: Trace Attempt  4	[0.00 s]
0.0.B: Trace Attempt  5	[0.00 s]
0.0.N: Trace Attempt  5	[0.04 s]
0.0.Ht: Trace Attempt  2	[0.00 s]
0.0.Ht: Trace Attempt  3	[0.00 s]
0.0.Ht: Trace Attempt  4	[0.00 s]
0.0.Ht: Trace Attempt  5	[0.00 s]
0.0.AM: Trace Attempt  1	[0.01 s]
0.0.AM: Trace Attempt  2	[0.01 s]
0.0.AM: Trace Attempt  3	[0.01 s]
0.0.AM: Trace Attempt  4	[0.01 s]
0.0.AM: Trace Attempt  5	[0.02 s]
0.0.AM: Trace Attempt  1	[0.06 s]
0.0.AM: Trace Attempt  2	[0.06 s]
0.0.AM: Trace Attempt  3	[0.06 s]
0.0.AM: Trace Attempt  4	[0.06 s]
0.0.AM: Trace Attempt  5	[0.07 s]
0.0.N: Trace Attempt  1	[0.18 s]
0.0.N: Trace Attempt  2	[0.18 s]
0.0.N: Trace Attempt  3	[0.18 s]
0.0.N: Trace Attempt  4	[0.18 s]
0.0.N: Trace Attempt  5	[0.19 s]
0.0.N: Trace Attempt  1	[0.33 s]
0.0.N: Trace Attempt  2	[0.33 s]
0.0.N: Trace Attempt  3	[0.33 s]
0.0.N: Trace Attempt  4	[0.33 s]
0.0.N: Trace Attempt  5	[0.34 s]
0.0.AM: Trace Attempt  1	[0.35 s]
0.0.AM: Trace Attempt  2	[0.35 s]
0.0.AM: Trace Attempt  3	[0.35 s]
0.0.AM: Trace Attempt  4	[0.35 s]
0.0.AM: Trace Attempt  5	[0.36 s]
0.0.N: Trace Attempt  1	[0.48 s]
0.0.N: Trace Attempt  2	[0.48 s]
0.0.N: Trace Attempt  3	[0.48 s]
0.0.N: Trace Attempt  4	[0.48 s]
0.0.N: Trace Attempt  5	[0.49 s]
0.0.N: Trace Attempt  1	[0.80 s]
0.0.N: Trace Attempt  2	[0.80 s]
0.0.N: Trace Attempt  3	[0.80 s]
0.0.N: Trace Attempt  4	[0.80 s]
0.0.N: Trace Attempt  5	[0.80 s]
0.0.AM: Trace Attempt  1	[2.78 s]
0.0.AM: Trace Attempt  2	[2.78 s]
0.0.AM: Trace Attempt  3	[2.78 s]
0.0.AM: Trace Attempt  4	[2.79 s]
0.0.AM: Trace Attempt  5	[2.79 s]
0.0.N: Trace Attempt  1	[3.18 s]
0.0.N: Trace Attempt  2	[3.18 s]
0.0.N: Trace Attempt  3	[3.18 s]
0.0.N: Trace Attempt  4	[3.18 s]
0.0.N: Trace Attempt  5	[3.19 s]
0.0.Hp: Trace Attempt 138	[4.05 s]
0.0.B: Trace Attempt 153	[4.06 s]
0.0.Ht: Trace Attempt 139	[4.26 s]
0.0.N: Trace Attempt  1	[5.68 s]
0.0.N: Trace Attempt  2	[5.68 s]
0.0.N: Trace Attempt  3	[5.68 s]
0.0.N: Trace Attempt  4	[5.69 s]
0.0.N: Trace Attempt  5	[5.69 s]
0.0.AM: Trace Attempt 80	[6.84 s]
0.0.Hp: Trace Attempt 167	[8.11 s]
0.0.B: Trace Attempt 193	[8.10 s]
0.0.N: Trace Attempt  1	[8.45 s]
0.0.N: Trace Attempt  2	[8.45 s]
0.0.N: Trace Attempt  3	[8.45 s]
0.0.N: Trace Attempt  4	[8.46 s]
0.0.N: Trace Attempt  5	[8.46 s]
0.0.Ht: Trace Attempt 170	[8.52 s]
0.0.AM: Trace Attempt 96	[10.96 s]
0.0.N: Trace Attempt  1	[11.01 s]
0.0.N: Trace Attempt  2	[11.01 s]
0.0.N: Trace Attempt  3	[11.01 s]
0.0.N: Trace Attempt  4	[11.01 s]
0.0.N: Trace Attempt  5	[11.02 s]
0.0.B: Trace Attempt 217	[12.22 s]
0.0.Hp: Trace Attempt 193	[12.55 s]
0.0.Ht: Trace Attempt 194	[12.55 s]
0.0.N: Trace Attempt  1	[13.69 s]
0.0.N: Trace Attempt  2	[13.69 s]
0.0.N: Trace Attempt  3	[13.69 s]
0.0.N: Trace Attempt  4	[13.69 s]
0.0.N: Trace Attempt  5	[13.70 s]
0.0.AM: Trace Attempt 104	[14.97 s]
0.0.B: Trace Attempt 239	[16.32 s]
0.0.N: Trace Attempt  1	[16.38 s]
0.0.N: Trace Attempt  2	[16.39 s]
0.0.N: Trace Attempt  3	[16.39 s]
0.0.N: Trace Attempt  4	[16.39 s]
0.0.N: Trace Attempt  5	[16.39 s]
0.0.Ht: Trace Attempt 214	[16.67 s]
0.0.Hp: Trace Attempt 214	[16.82 s]
0.0.AM: Trace Attempt  1	[18.19 s]
0.0.AM: Trace Attempt  2	[18.19 s]
0.0.AM: Trace Attempt  3	[18.19 s]
0.0.AM: Trace Attempt  4	[18.19 s]
0.0.AM: Trace Attempt  5	[18.20 s]
0.0.N: Trace Attempt  1	[19.09 s]
0.0.N: Trace Attempt  2	[19.09 s]
0.0.N: Trace Attempt  3	[19.09 s]
0.0.N: Trace Attempt  4	[19.10 s]
0.0.N: Trace Attempt  5	[19.10 s]
0.0.B: Trace Attempt 259	[20.55 s]
0.0.Ht: Trace Attempt 231	[20.95 s]
0.0.Hp: Trace Attempt 231	[21.15 s]
0.0.N: Trace Attempt  1	[21.87 s]
0.0.N: Trace Attempt  2	[21.87 s]
0.0.N: Trace Attempt  3	[21.87 s]
0.0.N: Trace Attempt  4	[21.87 s]
0.0.N: Trace Attempt  5	[21.88 s]
0.0.AM: Trace Attempt 67	[22.37 s]
0.0.B: Trace Attempt 271	[24.74 s]
0.0.Ht: Trace Attempt 247	[25.12 s]
0.0.Hp: Trace Attempt 247	[25.27 s]
0.0.N: Trace Attempt 66	[25.95 s]
0.0.N: Trace Attempt  1	[26.15 s]
0.0.N: Trace Attempt  2	[26.15 s]
0.0.N: Trace Attempt  3	[26.15 s]
0.0.N: Trace Attempt  4	[26.16 s]
0.0.N: Trace Attempt  5	[26.16 s]
0.0.AM: Trace Attempt 86	[26.47 s]
0.0.B: Trace Attempt 283	[28.79 s]
0.0.Hp: Trace Attempt 259	[29.29 s]
0.0.Ht: Trace Attempt 260	[29.42 s]
0.0.N: Trace Attempt 71	[30.24 s]
0.0.AM: Trace Attempt 123	[30.55 s]
0.0.B: Trace Attempt 294	[32.88 s]
0.0.Hp: Trace Attempt 267	[33.46 s]
0.0.Ht: Trace Attempt 268	[33.70 s]
0.0.N: Trace Attempt 81	[34.24 s]
0.0.AM: Trace Attempt 155	[34.85 s]
0.0.B: Trace Attempt 304	[37.19 s]
0.0.Hp: Trace Attempt 276	[37.65 s]
0.0.Ht: Trace Attempt 278	[37.84 s]
0.0.N: Trace Attempt 88	[38.37 s]
0.0.AM: Trace Attempt 169	[38.89 s]
0.0.B: Trace Attempt 313	[41.42 s]
0.0.Ht: Trace Attempt 286	[41.90 s]
0.0.Hp: Trace Attempt 284	[41.98 s]
0.0.AM: Trace Attempt 175	[43.04 s]
0.0.N: Trace Attempt 90	[43.37 s]
0.0.N: Trace Attempt  1	[43.62 s]
0.0.N: Trace Attempt  2	[43.62 s]
0.0.N: Trace Attempt  3	[43.62 s]
0.0.N: Trace Attempt  4	[43.63 s]
0.0.N: Trace Attempt  5	[43.63 s]
0.0.B: Trace Attempt 323	[45.70 s]
0.0.Hp: Trace Attempt 292	[46.16 s]
0.0.Ht: Trace Attempt 294	[46.40 s]
0.0.AM: Trace Attempt 179	[47.62 s]
0.0.N: Trace Attempt 71	[47.71 s]
0.0.Hp: Trace Attempt 299	[50.19 s]
0.0.B: Trace Attempt 332	[50.19 s]
0.0.Ht: Trace Attempt 302	[50.50 s]
0.0.N: Trace Attempt 82	[52.03 s]
0.0.AM: Trace Attempt 184	[53.02 s]
0.0.Hp: Trace Attempt 307	[54.39 s]
0.0.B: Trace Attempt 340	[54.66 s]
0.0.Ht: Trace Attempt 310	[54.66 s]
0.0.N: Trace Attempt 89	[56.43 s]
0.0.AM: Trace Attempt 187	[57.29 s]
0.0.Hp: Trace Attempt 313	[58.66 s]
0.0.B: Trace Attempt 346	[58.74 s]
0.0.Ht: Trace Attempt 317	[58.93 s]
0.0.AM: Trace Attempt 189	[61.37 s]
0.0.N: Trace Attempt 91	[61.52 s]
0.0.N: Trace Attempt  1	[61.79 s]
0.0.N: Trace Attempt  2	[61.79 s]
0.0.N: Trace Attempt  3	[61.79 s]
0.0.N: Trace Attempt  4	[61.80 s]
0.0.N: Trace Attempt  5	[61.80 s]
0.0.B: Trace Attempt 353	[62.92 s]
0.0.Hp: Trace Attempt 320	[63.31 s]
0.0.Ht: Trace Attempt 323	[63.73 s]
0.0.AM: Trace Attempt 192	[65.47 s]
0.0.N: Trace Attempt 71	[65.99 s]
0.0.B: Trace Attempt 360	[67.26 s]
0.0.Hp: Trace Attempt 326	[67.72 s]
0.0.Ht: Trace Attempt 330	[68.15 s]
0.0.N: Trace Attempt 81	[70.25 s]
0.0.AM: Trace Attempt 194	[71.27 s]
0.0.B: Trace Attempt 367	[71.37 s]
0.0.Hp: Trace Attempt 333	[72.38 s]
0.0.Ht: Trace Attempt 337	[72.55 s]
0.0.N: Trace Attempt 88	[74.58 s]
0.0.B: Trace Attempt 374	[75.41 s]
0.0.Ht: Trace Attempt 342	[76.86 s]
0.0.Hp: Trace Attempt 340	[77.08 s]
0.0.B: Trace Attempt 381	[79.52 s]
0.0.N: Trace Attempt 92	[80.36 s]
0.0.N: Trace Attempt  1	[80.64 s]
0.0.N: Trace Attempt  2	[80.64 s]
0.0.N: Trace Attempt  3	[80.64 s]
0.0.N: Trace Attempt  4	[80.64 s]
0.0.N: Trace Attempt  5	[80.65 s]
0.0.Ht: Trace Attempt 348	[81.51 s]
0.0.Hp: Trace Attempt 345	[81.73 s]
0.0.AM: Trace Attempt 133	[81.95 s]
0.0.B: Trace Attempt 387	[83.64 s]
0.0.N: Trace Attempt 71	[84.78 s]
0.0.AM: Trace Attempt 134	[85.98 s]
0.0.Ht: Trace Attempt 353	[86.02 s]
0.0.Hp: Trace Attempt 350	[86.51 s]
0.0.B: Trace Attempt 392	[87.80 s]
0.0.N: Trace Attempt 81	[88.85 s]
0.0.Ht: Trace Attempt 359	[90.41 s]
0.0.AM: Trace Attempt 135	[90.43 s]
0.0.Hp: Trace Attempt 355	[90.81 s]
0.0.B: Trace Attempt 397	[92.26 s]
0.0.N: Trace Attempt 88	[93.03 s]
0.0.AM: Trace Attempt 136	[94.77 s]
0.0.Ht: Trace Attempt 365	[95.03 s]
0.0.Hp: Trace Attempt 361	[95.50 s]
0.0.B: Trace Attempt 401	[96.43 s]
0.0.N: Trace Attempt 93	[98.88 s]
0.0.N: Trace Attempt  1	[99.15 s]
0.0.N: Trace Attempt  2	[99.15 s]
0.0.N: Trace Attempt  3	[99.15 s]
0.0.N: Trace Attempt  4	[99.15 s]
0.0.N: Trace Attempt  5	[99.16 s]
0.0.AM: Trace Attempt 137	[99.18 s]
0.0.Hp: Trace Attempt 367	[100.32 s]
0.0.Ht: Trace Attempt 371	[100.70 s]
0.0.B: Trace Attempt 406	[101.06 s]
0.0.N: Trace Attempt 71	[103.28 s]
0.0.AM: Trace Attempt 138	[103.30 s]
0.0.Hp: Trace Attempt 371	[104.64 s]
0.0.Ht: Trace Attempt 377	[104.98 s]
0.0.B: Trace Attempt 410	[105.44 s]
0.0.N: Trace Attempt 81	[107.31 s]
0.0.Hp: Trace Attempt 377	[109.01 s]
0.0.Ht: Trace Attempt 381	[109.80 s]
0.0.B: Trace Attempt 415	[110.28 s]
0.0.AM: Trace Attempt 140	[110.78 s]
0.0.N: Trace Attempt 88	[111.47 s]
0.0.Hp: Trace Attempt 381	[114.02 s]
0.0.B: Trace Attempt 419	[114.40 s]
0.0.Ht: Trace Attempt 386	[114.72 s]
0.0.AM: Trace Attempt 142	[116.18 s]
0.0.N: Trace Attempt 94	[117.25 s]
0.0.N: Trace Attempt  1	[117.54 s]
0.0.N: Trace Attempt  2	[117.54 s]
0.0.N: Trace Attempt  3	[117.54 s]
0.0.N: Trace Attempt  4	[117.54 s]
0.0.N: Trace Attempt  5	[117.55 s]
0.0.B: Trace Attempt 423	[118.54 s]
0.0.Hp: Trace Attempt 386	[118.91 s]
0.0.Ht: Trace Attempt 391	[119.19 s]
0.0.AM: Trace Attempt 154	[120.20 s]
0.0.N: Trace Attempt 71	[121.71 s]
0.0.B: Trace Attempt 428	[123.08 s]
0.0.Hp: Trace Attempt 391	[123.43 s]
0.0.Ht: Trace Attempt 396	[123.73 s]
0.0.AM: Trace Attempt 179	[124.40 s]
0.0.N: Trace Attempt 81	[125.74 s]
0.0.B: Trace Attempt 432	[127.31 s]
0.0.Ht: Trace Attempt 400	[127.88 s]
0.0.Hp: Trace Attempt 396	[128.26 s]
0.0.AM: Trace Attempt 199	[128.53 s]
0.0.N: Trace Attempt 88	[129.94 s]
0.0.B: Trace Attempt 436	[131.83 s]
0.0.Ht: Trace Attempt 403	[132.17 s]
0.0.AM: Trace Attempt 212	[132.60 s]
0.0.Hp: Trace Attempt 400	[132.79 s]
0.0.B: Trace Attempt 440	[136.50 s]
0.0.AM: Trace Attempt 223	[136.79 s]
0.0.Ht: Trace Attempt 408	[136.84 s]
0.0.Hp: Trace Attempt 403	[137.49 s]
0.0.N: Trace Attempt 95	[138.65 s]
0.0.N: Trace Attempt  1	[138.94 s]
0.0.N: Trace Attempt  2	[138.95 s]
0.0.N: Trace Attempt  3	[138.95 s]
0.0.N: Trace Attempt  4	[138.95 s]
0.0.N: Trace Attempt  5	[138.96 s]
0.0.AM: Trace Attempt 237	[140.92 s]
0.0.B: Trace Attempt 444	[141.26 s]
0.0.Ht: Trace Attempt 411	[141.85 s]
0.0.Hp: Trace Attempt 408	[142.18 s]
0.0.N: Trace Attempt 71	[143.06 s]
0.0.AM: Trace Attempt 252	[144.99 s]
0.0.Ht: Trace Attempt 415	[146.02 s]
0.0.B: Trace Attempt 448	[146.30 s]
0.0.N: Trace Attempt 81	[147.08 s]
0.0.Hp: Trace Attempt 411	[147.39 s]
0.0.AM: Trace Attempt 260	[149.25 s]
0.0.Ht: Trace Attempt 419	[150.42 s]
0.0.AM: Trace Attempt  1	[150.48 s]
0.0.AM: Trace Attempt  2	[150.48 s]
0.0.AM: Trace Attempt  3	[150.48 s]
0.0.AM: Trace Attempt  4	[150.49 s]
0.0.AM: Trace Attempt  5	[150.50 s]
0.0.N: Trace Attempt 88	[151.22 s]
0.0.B: Trace Attempt 452	[151.45 s]
0.0.Hp: Trace Attempt 415	[151.61 s]
0.0.AM: Trace Attempt 97	[154.58 s]
0.0.Ht: Trace Attempt 423	[154.68 s]
0.0.Hp: Trace Attempt 419	[155.83 s]
0.0.N: Trace Attempt 96	[156.95 s]
0.0.N: Trace Attempt  1	[157.24 s]
0.0.N: Trace Attempt  2	[157.25 s]
0.0.N: Trace Attempt  3	[157.25 s]
0.0.N: Trace Attempt  4	[157.25 s]
0.0.N: Trace Attempt  5	[157.26 s]
0.0.B: Trace Attempt 456	[158.12 s]
0.0.AM: Trace Attempt 144	[158.62 s]
0.0.Ht: Trace Attempt 427	[158.82 s]
0.0.Hp: Trace Attempt 423	[159.95 s]
0.0.N: Trace Attempt 71	[161.31 s]
0.0.AM: Trace Attempt 186	[162.72 s]
0.0.B: Trace Attempt 460	[163.04 s]
0.0.Ht: Trace Attempt 430	[163.88 s]
0.0.Hp: Trace Attempt 427	[164.13 s]
0.0.N: Trace Attempt 82	[165.63 s]
0.0.AM: Trace Attempt 208	[166.77 s]
0.0.Ht: Trace Attempt 434	[168.19 s]
0.0.B: Trace Attempt 464	[168.48 s]
0.0.Hp: Trace Attempt 430	[169.58 s]
0.0.N: Trace Attempt 89	[170.01 s]
0.0.AM: Trace Attempt 221	[170.88 s]
0.0.Ht: Trace Attempt 437	[172.41 s]
0.0.B: Trace Attempt 468	[173.79 s]
0.0.Hp: Trace Attempt 434	[174.06 s]
0.0.AM: Trace Attempt 239	[174.98 s]
0.0.N: Trace Attempt 97	[175.86 s]
0.0.N: Trace Attempt  1	[176.18 s]
0.0.N: Trace Attempt  2	[176.19 s]
0.0.N: Trace Attempt  3	[176.19 s]
0.0.N: Trace Attempt  4	[176.19 s]
0.0.N: Trace Attempt  5	[176.19 s]
0.0.Ht: Trace Attempt 440	[176.80 s]
0.0.B: Trace Attempt 471	[178.23 s]
0.0.Hp: Trace Attempt 437	[178.36 s]
0.0.AM: Trace Attempt 249	[179.46 s]
0.0.N: Trace Attempt 71	[180.31 s]
0.0.N: Trace Attempt 73	[180.91 s]
0.0.N: Stopped processing property "PWM_TOP.p1"	[181.02 s].
0.0.N: Morphing to Ncustom1
0.0.N: All properties determined. [0.00 s]
0.0.N: Exited with Success (@ 0.00 s)
0.0.Ncustom1: clocks: 1, declared: 1, looping: 0, posedge: 1, negedge: 0, noedge: 0, bothedge: 0
0.0.Ncustom1: Starting proof for property "PWM_TOP.p1"	[0.00 s].
0.0.Ncustom1: Trace Attempt 96	[0.00 s]
0.0.B: Trace Attempt 472	[179.96 s]
0.0.B: Stopped processing property "PWM_TOP.p1"	[181.00 s].
0.0.B: Morphing to Bcustom2
0.0.B: All properties determined. [0.00 s]
0.0.B: Exited with Success (@ 0.00 s)
0.0.Bcustom2: clocks: 1, declared: 1, looping: 0, posedge: 1, negedge: 0, noedge: 0, bothedge: 0
0.0.Bcustom2: Starting proof for property "PWM_TOP.p1"	[0.00 s].
0.0.Bcustom2: Trace Attempt  1	[0.00 s]
0.0.Bcustom2: Trace Attempt  2	[0.00 s]
0.0.Bcustom2: Trace Attempt  1	[0.00 s]
0.0.Bcustom2: Trace Attempt  2	[0.00 s]
0.0.Bcustom2: Trace Attempt  3	[0.00 s]
0.0.Bcustom2: Trace Attempt  4	[0.00 s]
0.0.Bcustom2: Trace Attempt  5	[0.00 s]
0.0.AM: Trace Attempt 253	[180.97 s]
0.0.AM: Stopped processing property "PWM_TOP.p1"	[181.06 s].
0.0.AM: Morphing to AMcustom3
0.0.AM: All properties determined. [0.00 s]
0.0.AM: Exited with Success (@ 0.00 s)
0.0.AMcustom3: clocks: 1, declared: 1, looping: 0, posedge: 1, negedge: 0, noedge: 0, bothedge: 0
0.0.AMcustom3: Starting proof for property "PWM_TOP.p1"	[0.00 s].
0.0.AMcustom3: Trace Attempt  1	[0.00 s]
0.0.AMcustom3: Trace Attempt  2	[0.00 s]
0.0.AMcustom3: Trace Attempt  3	[0.00 s]
0.0.AMcustom3: Trace Attempt  4	[0.00 s]
0.0.AMcustom3: Trace Attempt  5	[0.00 s]
0.0.AMcustom3: Trace Attempt  1	[0.00 s]
0.0.AMcustom3: Trace Attempt  2	[0.00 s]
0.0.AMcustom3: Trace Attempt  3	[0.00 s]
0.0.AMcustom3: Trace Attempt  4	[0.01 s]
0.0.AMcustom3: Trace Attempt  5	[0.01 s]
0.0.AMcustom3: Trace Attempt  1	[0.02 s]
0.0.AMcustom3: Trace Attempt  2	[0.02 s]
0.0.AMcustom3: Trace Attempt  3	[0.02 s]
0.0.AMcustom3: Trace Attempt  4	[0.02 s]
0.0.AMcustom3: Trace Attempt  5	[0.02 s]
0.0.AMcustom3: Trace Attempt  1	[0.07 s]
0.0.AMcustom3: Trace Attempt  2	[0.08 s]
0.0.AMcustom3: Trace Attempt  3	[0.08 s]
0.0.AMcustom3: Trace Attempt  4	[0.08 s]
0.0.Tri: Proofgrid shell started at 15241@vlsi-ria85(local) jg_10357_vlsi-ria85_1
0.0.AMcustom3: Trace Attempt  5	[0.08 s]
0.0.Tri: clocks: 1, declared: 1, looping: 0, posedge: 1, negedge: 0, noedge: 0, bothedge: 0
0.0.Tri: Last scan. Per property time limit: 0s
0.0.Tri: Starting proof for property "PWM_TOP.p1"	[0.00 s].
0.0.Tri: Trace Attempt  1	[0.00 s]
0.0.Ht: Trace Attempt 444	[181.17 s]
0.0.Tri:    0.00" ---- Launching main thread ----
0.0.Tri:    0.08" ---- Launching abstraction thread ----
0.0.Tri:    0.10" ---- Launching multi-phase simplification thread ----
0.0.Tri:    0.11" ---- Launching liveness simplification thread ----
0.0.AMcustom3: Trace Attempt  1	[0.55 s]
0.0.AMcustom3: Trace Attempt  2	[0.55 s]
0.0.AMcustom3: Trace Attempt  3	[0.55 s]
0.0.AMcustom3: Trace Attempt  4	[0.56 s]
0.0.AMcustom3: Trace Attempt  5	[0.56 s]
0.0.Tri:    0.91" Simplification phase 1 complete
0.0.Ncustom1: Requesting engine job to terminate
0.0.Bcustom2: Requesting engine job to terminate
0.0.AMcustom3: Requesting engine job to terminate
0.0.Tri: Requesting engine job to terminate
0.0.Hp: Requesting engine job to terminate
0.0.Ht: Requesting engine job to terminate
INFO (IPF144): 0: Initiating shutdown of proof [182.25 s]
0.0.Tri: A proof was found: No trace exists. [1.03 s]
INFO (IPF057): 0.0.Tri: The property "PWM_TOP.p1" was proven in 1.03 s.
0.0.Ncustom1: Stopped processing property "PWM_TOP.p1"	[1.22 s].
0.0.Ncustom1: All properties determined. [1.22 s]
0.0.AMcustom3: Trace Attempt 31	[1.09 s]
0.0.AMcustom3: Stopped processing property "PWM_TOP.p1"	[1.15 s].
0.0.AMcustom3: All properties determined. [1.14 s]
0.0.Ncustom1: Exited with Success (@ 182.25 s)
0: ProofGrid usable level: 0
0.0.Hp: Trace Attempt 439	[181.82 s]
0.0.Hp: All properties determined. [182.25 s]
0.0.AMcustom3: Exited with Success (@ 182.26 s)
0.0.Bcustom2: Trace Attempt 88	[1.19 s]
0.0.Bcustom2: Stopped processing property "PWM_TOP.p1"	[1.24 s].
0.0.Bcustom2: All properties determined. [1.24 s]
0.0.Bcustom2: Exited with Success (@ 182.28 s)
0.0.Hp: Exited with Success (@ 182.30 s)
0.0.Ht: All properties determined. [182.29 s]
0.0.Ht: Exited with Success (@ 182.35 s)
0.0.Tri: Stopped processing property "PWM_TOP.p1"	[1.23 s].
0.0.Tri: All properties determined. [1.23 s]
0.0.Tri: Exited with Success (@ 182.45 s)
0: --------------------------------------------------------------
ProofGrid Summary (utilization 99.96 %)
--------------------------------------------------------------
     engines started                               :    10
     engine jobs started                           :     7

    Average time in state (seconds)
    ------------------------------------------------------
    Engine  Pending     Running        Dead    Utilization
    ------------------------------------------------------
     Hp        0.03      182.24        0.00       99.98 %
     Ht        0.05      182.20        0.00       99.97 %
     Oh        0.03        0.00        0.00        3.84 %
    Ncustom1        0.03      182.22        0.00       99.98 %
    Bcustom2        0.04      182.18        0.00       99.98 %
    AMcustom3        0.03      182.13        0.00       99.98 %
    Tri        0.17        1.05        0.00       86.28 %
    all        0.06      130.29        0.00       99.96 %

    Total time in state (seconds)
    -----------------------------------------
            Pending     Running        Dead  
    -----------------------------------------
               0.39      912.02        0.00

    Data read    : 1.98 MiB
    Data written : 2.79 kiB

0: All pending notifications were processed.
INFO (IPF059): 0: Completed proof on task: "<embedded>"

==============================================================
SUMMARY
==============================================================
           Properties Considered              : 1
                 assertions                   : 1
                  - proven                    : 1 (100%)
                  - bounded_proven (user)     : 0 (0%)
                  - bounded_proven (auto)     : 0 (0%)
                  - marked_proven             : 0 (0%)
                  - cex                       : 0 (0%)
                  - ar_cex                    : 0 (0%)
                  - undetermined              : 0 (0%)
                  - unknown                   : 0 (0%)
                  - error                     : 0 (0%)
                 covers                       : 0
                  - unreachable               : 0
                  - bounded_unreachable (user): 0
                  - covered                   : 0
                  - ar_covered                : 0
                  - undetermined              : 0
                  - unknown                   : 0
                  - error                     : 0
proven
[<embedded>] % exit -force
INFO (IPL005): Received request to exit from the console.
INFO: Waiting for proof threads to stop...
INFO: Proof threads stopped.
INFO (IPL018): The peak resident set memory use for this session was 0.920 GB.
INFO (IPL014): Waiting for the Tcl-thread to exit.
INFO (IPL015): The Tcl-thread exited with status 0.
INFO (IPL016): Exiting the analysis session with status 0.
