2025-11-17 19:20:13.021090 (15144) main____ INFO    ----------------------------------------
2025-11-17 19:20:13.021144 (15144) main____ INFO    Jasper version info
2025-11-17 19:20:13.021150 (15144) main____ INFO      tool      : Jasper 2024.06
2025-11-17 19:20:13.021154 (15144) main____ INFO      version   : 2024.06p002 64 bits
2025-11-17 19:20:13.021158 (15144) main____ INFO      build date: 2024.09.02 16:28:38 UTC
2025-11-17 19:20:13.021160 (15144) main____ INFO    ----------------------------------------
2025-11-17 19:20:13.021162 (15144) main____ INFO    Runtime info:
2025-11-17 19:20:13.021165 (15144) main____ INFO      platform  : Linux 3.10.0-1160.62.1.el7.x86_64 x86_64
2025-11-17 19:20:13.021171 (15144) main____ INFO      hostname  : vlsi-ria85
2025-11-17 19:20:13.021175 (15144) main____ INFO      pid       : 15144
2025-11-17 19:20:13.021178 (15144) main____ INFO      arguments : '-style' 'windows' '-proj' '../jgprojects/blink_25' '-batch' 'blink_25.tcl'
2025-11-17 19:20:13.021180 (15144) main____ INFO      locale    : ANSI_X3.4-1968
2025-11-17 19:20:13.021182 (15144) main____ INFO    ----------------------------------------
2025-11-17 19:20:13.021184 (15144) main____ INFO    System resource limits info:
2025-11-17 19:20:13.021187 (15144) main____ INFO      virtual memory: unlimited
2025-11-17 19:20:13.021192 (15144) main____ INFO      cpu time      : unlimited
2025-11-17 19:20:13.021197 (15144) main____ INFO      processes     : 4096
2025-11-17 19:20:13.021203 (15144) main____ INFO      stack size    : 8388608 B
2025-11-17 19:20:13.021206 (15144) main____ INFO      core file size: 1024 B
2025-11-17 19:20:13.021209 (15144) main____ INFO      open files    : 4096
2025-11-17 19:20:13.021212 (15144) main____ INFO      file size     : unlimited
2025-11-17 19:20:13.021213 (15144) main____ INFO    ----------------------------------------
2025-11-17 19:20:13.021215 (15144) main____ INFO    Memory statistics:
2025-11-17 19:20:13.021218 (15144) main____ INFO      total physical memory  : 65714912 kB
2025-11-17 19:20:13.021220 (15144) main____ INFO      free physical memory   : 5652452 kB
2025-11-17 19:20:13.021222 (15144) main____ INFO      committed address space: 169741928 kB
2025-11-17 19:20:13.021224 (15144) main____ INFO    ----------------------------------------
2025-11-17 19:20:13.021777 (15144) main____ INFO    Important environment variables:
2025-11-17 19:20:13.021790 (15144) main____ INFO      CDS_ASSURA         : '/eda/cadence/2023-24/RHELx86/ASSURA_04.16.115_231'
2025-11-17 19:20:13.021795 (15144) main____ INFO      CDS_AUTO_64BIT     : 'ALL'
2025-11-17 19:20:13.021798 (15144) main____ INFO      CDS_CONFRML        : '/eda/cadence/2023-24/RHELx86/CONFRML_23.10.300'
2025-11-17 19:20:13.021802 (15144) main____ INFO      CDS_DDIEXPORT      : '/eda/cadence/2023-24/RHELx86/DDIEXPORT_22.33.000'
2025-11-17 19:20:13.021805 (15144) main____ INFO      CDS_EMX            : '/eda/cadence/2023-24/RHELx86/EMX_23.10.000'
2025-11-17 19:20:13.021808 (15144) main____ INFO      CDS_GENUS          : '/eda/cadence/2023-24/RHELx86/DDIEXPORT_22.33.000/GENUS221'
2025-11-17 19:20:13.021812 (15144) main____ INFO      CDS_IC             : '/eda/cadence/2023-24/RHELx86/IC_23.10.020'
2025-11-17 19:20:13.021815 (15144) main____ INFO      CDS_INNOVUS        : '/eda/cadence/2023-24/RHELx86/DDIEXPORT_22.33.000/INNOVUS221'
2025-11-17 19:20:13.021818 (15144) main____ INFO      CDS_JLS            : '/eda/cadence/2023-24/RHELx86/DDIEXPORT_22.33.000/JLS221'
2025-11-17 19:20:13.021825 (15144) main____ INFO      CDS_LIC_FILE       : '/etc/local/cadence/license_8x.3868dd0560aa:5280@132.68.59.69:/etc/local/cadence/license_8x.1831bfb82c67:5280@132.68.59.64:/etc/local/cadence/license_8x.0894ef683fc3:5280@132.68.59.79:/etc/local/cadence/license_8x.1831bfb82c67:5280@132.68.59.61'
2025-11-17 19:20:13.021832 (15144) main____ INFO      CDS_LITMUS         : '/eda/cadence/2023-24/RHELx86/LITMUS_23.10.300'
2025-11-17 19:20:13.021836 (15144) main____ INFO      CDS_MODUS          : '/eda/cadence/2023-24/RHELx86/MODUS_22.12.000'
2025-11-17 19:20:13.021839 (15144) main____ INFO      CDS_MVS            : '/eda/cadence/2023-24/RHELx86/MVS_21.12.000'
2025-11-17 19:20:13.021844 (15144) main____ INFO      CDS_Netlisting_Mode: 'Analog'
2025-11-17 19:20:13.021847 (15144) main____ INFO      CDS_PEGASUS        : '/eda/cadence/2023-24/RHELx86/PEGASUS_23.11.000'
2025-11-17 19:20:13.021850 (15144) main____ INFO      CDS_PEGASUSDFM     : '/eda/cadence/2023-24/RHELx86/PEGASUSDFM_23.11.000'
2025-11-17 19:20:13.021853 (15144) main____ INFO      CDS_PVS            : '/eda/cadence/2023-24/RHELx86/PVS_22.22.000'
2025-11-17 19:20:13.021856 (15144) main____ INFO      CDS_QUANTUS        : '/eda/cadence/2023-24/RHELx86/QUANTUS_23.10.000'
2025-11-17 19:20:13.021860 (15144) main____ INFO      CDS_SPECTRE        : '/eda/cadence/2023-24/RHELx86/SPECTRE_23.10.242'
2025-11-17 19:20:13.021862 (15144) main____ INFO      CDS_SSV            : '/eda/cadence/2023-24/RHELx86/SSV_22.13.000'
2025-11-17 19:20:13.021865 (15144) main____ INFO      CDS_USE_PALETTE    : ''
2025-11-17 19:20:13.021869 (15144) main____ INFO      CDS_VERISIUMDEBUG  : '/eda/cadence/2023-24/RHELx86/VERISIUMDEBUG_23.03.001'
2025-11-17 19:20:13.021872 (15144) main____ INFO      CDS_VIPCAT         : '/eda/cadence/2023-24/RHELx86/VIPCAT_11.30.093'
2025-11-17 19:20:13.021876 (15144) main____ INFO      CDS_VMANAGER       : '/eda/cadence/2023-24/RHELx86/VMANAGER_23.03.004'
2025-11-17 19:20:13.021879 (15144) main____ INFO      CDS_XCELIUM        : '/eda/cadence/2023-24/RHELx86/XCELIUM_23.03.007'
2025-11-17 19:20:13.021882 (15144) main____ INFO      DISPLAY            : 'localhost:13.0'
2025-11-17 19:20:13.021885 (15144) main____ INFO      JASPER_CPU_CHECK   : '1'
2025-11-17 19:20:13.021888 (15144) main____ INFO      JASPER_INSTALL_DIR : '/tools/cadence2425/JASPER/jasper_2024.06p002'
2025-11-17 19:20:13.021891 (15144) main____ INFO      JASPER_KERNEL_CHECK: '1'
2025-11-17 19:20:13.021894 (15144) main____ INFO      JASPER_OS_CHECK    : '1'
2025-11-17 19:20:13.021896 (15144) main____ INFO      LANG               : 'C'
2025-11-17 19:20:13.021899 (15144) main____ INFO      TMPDIR             : '/tmp'
2025-11-17 19:20:13.021901 (15144) main____ INFO    ----------------------------------------
2025-11-17 19:20:13.022356 (15144) lic_core INFO    Initializing license system ...
2025-11-17 19:20:13.026237 (15144) lic_core INFO    ... license system initialized.
2025-11-17 19:20:13.037548 (15144) lic__man INFO    Claim 'fpv' for <ui>.
2025-11-17 19:20:13.037587 (15144) lic_core INFO    (1) checking out 'jasper_fpv' ...
2025-11-17 19:20:13.051589 (15144) lic_core INFO    ... (1) checkout failed (error: -5) ("FLEXnet ERROR(-5, 0, 0): No such feature exists.")
2025-11-17 19:20:13.051613 (15144) lic_core INFO    (2) checking out 'jasper_fao' ...
2025-11-17 19:20:13.060749 (15144) lic_core INFO    ... (2) checkout succeeded
2025-11-17 19:20:13.084078 (15144) session_ INFO    Starting analysis session with session id 'session_0' (launcher: <local>) ...
2025-11-17 19:20:13.084926 (15144) session_ INFO    Analysis session with session id 'session_0' started (pid: 15165)
2025-11-17 19:20:13.701988 (15144) session_ INFO    Analysis session 'session_0' connected to the console (host: 127.0.0.1:32960)
2025-11-17 19:20:14.233462 (15144) lic__man INFO    Unclaim everything for 'session_0'.
2025-11-17 19:20:14.276115 (15144) lic__man INFO    Claim 'fpv' for 'session_0'.
2025-11-17 19:20:14.276136 (15144) lic__man INFO    Claim 'fpv' for 'session_0/prove-0'.
2025-11-17 19:23:22.811653 (15144) lic__man INFO    Unclaim everything for 'session_0/prove-0'.
2025-11-17 19:23:22.813475 (15144) main____ INFO    About to exit: request to exit with status 0 received from analysis session 'session_0'
2025-11-17 19:23:22.871418 (15144) session_ INFO    Analysis session 'session_0' disconnected.
2025-11-17 19:23:22.871481 (15144) lic__man INFO    Unclaim everything for 'session_0'.
2025-11-17 19:23:22.871558 (15144) session_ INFO    Process for analysis session 'session_0' has exited with exit status '0'.
2025-11-17 19:23:24.825500 (15144) lic_core INFO    (2) checkin jasper_fao
2025-11-17 19:23:24.826839 (15144) main____ INFO    Exiting with status 0.
