2025-11-18 09:14:34.876645 (167713) main____ INFO    ----------------------------------------
2025-11-18 09:14:34.876759 (167713) main____ INFO    Jasper version info
2025-11-18 09:14:34.876772 (167713) main____ INFO      tool      : Jasper 2024.06
2025-11-18 09:14:34.876783 (167713) main____ INFO      version   : 2024.06p002 64 bits
2025-11-18 09:14:34.876791 (167713) main____ INFO      build date: 2024.09.02 16:28:38 UTC
2025-11-18 09:14:34.876797 (167713) main____ INFO    ----------------------------------------
2025-11-18 09:14:34.876802 (167713) main____ INFO    Runtime info:
2025-11-18 09:14:34.876809 (167713) main____ INFO      platform  : Linux 3.10.0-1062.el7.x86_64 x86_64
2025-11-18 09:14:34.876823 (167713) main____ INFO      hostname  : vlsi-moon
2025-11-18 09:14:34.876832 (167713) main____ INFO      pid       : 167713
2025-11-18 09:14:34.876839 (167713) main____ INFO      arguments : '-style' 'windows' '-proj' '../jgprojects/seven_seg_3' '-batch' 'seven_seg_3.tcl'
2025-11-18 09:14:34.876846 (167713) main____ INFO      locale    : ANSI_X3.4-1968
2025-11-18 09:14:34.876852 (167713) main____ INFO    ----------------------------------------
2025-11-18 09:14:34.876857 (167713) main____ INFO    System resource limits info:
2025-11-18 09:14:34.876865 (167713) main____ INFO      virtual memory: unlimited
2025-11-18 09:14:34.876875 (167713) main____ INFO      cpu time      : unlimited
2025-11-18 09:14:34.876887 (167713) main____ INFO      processes     : 4096
2025-11-18 09:14:34.876901 (167713) main____ INFO      stack size    : 8388608 B
2025-11-18 09:14:34.876910 (167713) main____ INFO      core file size: 1024 B
2025-11-18 09:14:34.876918 (167713) main____ INFO      open files    : 4096
2025-11-18 09:14:34.876925 (167713) main____ INFO      file size     : unlimited
2025-11-18 09:14:34.876930 (167713) main____ INFO    ----------------------------------------
2025-11-18 09:14:34.876935 (167713) main____ INFO    Memory statistics:
2025-11-18 09:14:34.876943 (167713) main____ INFO      total physical memory  : 527831204 kB
2025-11-18 09:14:34.876949 (167713) main____ INFO      free physical memory   : 519227192 kB
2025-11-18 09:14:34.876956 (167713) main____ INFO      committed address space: 8727736 kB
2025-11-18 09:14:34.876962 (167713) main____ INFO    ----------------------------------------
2025-11-18 09:14:34.878254 (167713) main____ INFO    Important environment variables:
2025-11-18 09:14:34.878278 (167713) main____ INFO      CDS_ASSURA         : '/eda/cadence/2023-24/RHELx86/ASSURA_04.16.115_231'
2025-11-18 09:14:34.878288 (167713) main____ INFO      CDS_AUTO_64BIT     : 'ALL'
2025-11-18 09:14:34.878297 (167713) main____ INFO      CDS_CONFRML        : '/eda/cadence/2023-24/RHELx86/CONFRML_23.10.300'
2025-11-18 09:14:34.878306 (167713) main____ INFO      CDS_DDIEXPORT      : '/eda/cadence/2023-24/RHELx86/DDIEXPORT_22.33.000'
2025-11-18 09:14:34.878315 (167713) main____ INFO      CDS_EMX            : '/eda/cadence/2023-24/RHELx86/EMX_23.10.000'
2025-11-18 09:14:34.878324 (167713) main____ INFO      CDS_GENUS          : '/eda/cadence/2023-24/RHELx86/DDIEXPORT_22.33.000/GENUS221'
2025-11-18 09:14:34.878333 (167713) main____ INFO      CDS_IC             : '/eda/cadence/2023-24/RHELx86/IC_23.10.020'
2025-11-18 09:14:34.878342 (167713) main____ INFO      CDS_INNOVUS        : '/eda/cadence/2023-24/RHELx86/DDIEXPORT_22.33.000/INNOVUS221'
2025-11-18 09:14:34.878351 (167713) main____ INFO      CDS_JLS            : '/eda/cadence/2023-24/RHELx86/DDIEXPORT_22.33.000/JLS221'
2025-11-18 09:14:34.878365 (167713) main____ INFO      CDS_LIC_FILE       : '/etc/local/cadence/license_8x.3868dd0560aa:5280@132.68.59.69:/etc/local/cadence/license_8x.1831bfb82c67:5280@132.68.59.64:/etc/local/cadence/license_8x.0894ef683fc3:5280@132.68.59.79:/etc/local/cadence/license_8x.1831bfb82c67:5280@132.68.59.61'
2025-11-18 09:14:34.878382 (167713) main____ INFO      CDS_LITMUS         : '/eda/cadence/2023-24/RHELx86/LITMUS_23.10.300'
2025-11-18 09:14:34.878391 (167713) main____ INFO      CDS_MODUS          : '/eda/cadence/2023-24/RHELx86/MODUS_22.12.000'
2025-11-18 09:14:34.878403 (167713) main____ INFO      CDS_MVS            : '/eda/cadence/2023-24/RHELx86/MVS_21.12.000'
2025-11-18 09:14:34.878411 (167713) main____ INFO      CDS_Netlisting_Mode: 'Analog'
2025-11-18 09:14:34.878420 (167713) main____ INFO      CDS_PEGASUS        : '/eda/cadence/2023-24/RHELx86/PEGASUS_23.11.000'
2025-11-18 09:14:34.878428 (167713) main____ INFO      CDS_PEGASUSDFM     : '/eda/cadence/2023-24/RHELx86/PEGASUSDFM_23.11.000'
2025-11-18 09:14:34.878437 (167713) main____ INFO      CDS_PVS            : '/eda/cadence/2023-24/RHELx86/PVS_22.22.000'
2025-11-18 09:14:34.878445 (167713) main____ INFO      CDS_QUANTUS        : '/eda/cadence/2023-24/RHELx86/QUANTUS_23.10.000'
2025-11-18 09:14:34.878454 (167713) main____ INFO      CDS_SPECTRE        : '/eda/cadence/2023-24/RHELx86/SPECTRE_23.10.242'
2025-11-18 09:14:34.878462 (167713) main____ INFO      CDS_SSV            : '/eda/cadence/2023-24/RHELx86/SSV_22.13.000'
2025-11-18 09:14:34.878469 (167713) main____ INFO      CDS_USE_PALETTE    : ''
2025-11-18 09:14:34.878477 (167713) main____ INFO      CDS_VERISIUMDEBUG  : '/eda/cadence/2023-24/RHELx86/VERISIUMDEBUG_23.03.001'
2025-11-18 09:14:34.878486 (167713) main____ INFO      CDS_VIPCAT         : '/eda/cadence/2023-24/RHELx86/VIPCAT_11.30.093'
2025-11-18 09:14:34.878495 (167713) main____ INFO      CDS_VMANAGER       : '/eda/cadence/2023-24/RHELx86/VMANAGER_23.03.004'
2025-11-18 09:14:34.878504 (167713) main____ INFO      CDS_XCELIUM        : '/eda/cadence/2023-24/RHELx86/XCELIUM_23.03.007'
2025-11-18 09:14:34.878512 (167713) main____ INFO      DISPLAY            : 'localhost:10.0'
2025-11-18 09:14:34.878519 (167713) main____ INFO      JASPER_CPU_CHECK   : '1'
2025-11-18 09:14:34.878527 (167713) main____ INFO      JASPER_INSTALL_DIR : '/tools/cadence2425/JASPER/jasper_2024.06p002'
2025-11-18 09:14:34.878534 (167713) main____ INFO      JASPER_KERNEL_CHECK: '1'
2025-11-18 09:14:34.878542 (167713) main____ INFO      JASPER_OS_CHECK    : '1'
2025-11-18 09:14:34.878549 (167713) main____ INFO      LANG               : 'C'
2025-11-18 09:14:34.878557 (167713) main____ INFO      TMPDIR             : '/tmp'
2025-11-18 09:14:34.878562 (167713) main____ INFO    ----------------------------------------
2025-11-18 09:14:34.879490 (167713) lic_core INFO    Initializing license system ...
2025-11-18 09:14:34.888151 (167713) lic_core INFO    ... license system initialized.
2025-11-18 09:14:34.902954 (167713) lic__man INFO    Claim 'fpv' for <ui>.
2025-11-18 09:14:34.903102 (167713) lic_core INFO    (1) checking out 'jasper_fpv' ...
2025-11-18 09:14:34.924858 (167713) lic_core INFO    ... (1) checkout failed (error: -5) ("FLEXnet ERROR(-5, 0, 0): No such feature exists.")
2025-11-18 09:14:34.924927 (167713) lic_core INFO    (2) checking out 'jasper_fao' ...
2025-11-18 09:14:34.946521 (167713) lic_core INFO    ... (2) checkout succeeded
2025-11-18 09:14:34.973352 (167713) session_ INFO    Starting analysis session with session id 'session_0' (launcher: <local>) ...
2025-11-18 09:14:34.975764 (167713) session_ INFO    Analysis session with session id 'session_0' started (pid: 167731)
2025-11-18 09:14:35.925338 (167713) session_ INFO    Analysis session 'session_0' connected to the console (host: 127.0.0.1:38396)
2025-11-18 09:14:36.585171 (167713) lic__man INFO    Unclaim everything for 'session_0'.
2025-11-18 09:14:36.632320 (167713) lic__man INFO    Claim 'fpv' for 'session_0'.
2025-11-18 09:14:36.632374 (167713) lic__man INFO    Claim 'fpv' for 'session_0/prove-0'.
2025-11-18 09:17:39.405290 (167713) lic__man INFO    Unclaim everything for 'session_0/prove-0'.
2025-11-18 09:17:39.412003 (167713) main____ INFO    About to exit: request to exit with status 0 received from analysis session 'session_0'
2025-11-18 09:17:39.554685 (167713) session_ INFO    Analysis session 'session_0' disconnected.
2025-11-18 09:17:39.555044 (167713) lic__man INFO    Unclaim everything for 'session_0'.
2025-11-18 09:17:39.555645 (167713) session_ INFO    Process for analysis session 'session_0' has exited with exit status '0'.
2025-11-18 09:17:41.324730 (167713) lic_core INFO    (2) checkin jasper_fao
2025-11-18 09:17:41.327124 (167713) main____ INFO    Exiting with status 0.
