2025-11-17 19:56:47.912583 (11322) main____ INFO    ----------------------------------------
2025-11-17 19:56:47.912623 (11322) main____ INFO    Jasper version info
2025-11-17 19:56:47.912628 (11322) main____ INFO      tool      : Jasper 2024.06
2025-11-17 19:56:47.912631 (11322) main____ INFO      version   : 2024.06p002 64 bits
2025-11-17 19:56:47.912635 (11322) main____ INFO      build date: 2024.09.02 16:28:38 UTC
2025-11-17 19:56:47.912636 (11322) main____ INFO    ----------------------------------------
2025-11-17 19:56:47.912638 (11322) main____ INFO    Runtime info:
2025-11-17 19:56:47.912641 (11322) main____ INFO      platform  : Linux 3.10.0-1160.62.1.el7.x86_64 x86_64
2025-11-17 19:56:47.912646 (11322) main____ INFO      hostname  : vlsi-ria84
2025-11-17 19:56:47.912649 (11322) main____ INFO      pid       : 11322
2025-11-17 19:56:47.912652 (11322) main____ INFO      arguments : '-style' 'windows' '-proj' '../jgprojects/delay_13' '-batch' 'delay_13.tcl'
2025-11-17 19:56:47.912655 (11322) main____ INFO      locale    : ANSI_X3.4-1968
2025-11-17 19:56:47.912656 (11322) main____ INFO    ----------------------------------------
2025-11-17 19:56:47.912658 (11322) main____ INFO    System resource limits info:
2025-11-17 19:56:47.912661 (11322) main____ INFO      virtual memory: unlimited
2025-11-17 19:56:47.912664 (11322) main____ INFO      cpu time      : unlimited
2025-11-17 19:56:47.912669 (11322) main____ INFO      processes     : 4096
2025-11-17 19:56:47.912675 (11322) main____ INFO      stack size    : 8388608 B
2025-11-17 19:56:47.912678 (11322) main____ INFO      core file size: 1024 B
2025-11-17 19:56:47.912681 (11322) main____ INFO      open files    : 4096
2025-11-17 19:56:47.912683 (11322) main____ INFO      file size     : unlimited
2025-11-17 19:56:47.912685 (11322) main____ INFO    ----------------------------------------
2025-11-17 19:56:47.912687 (11322) main____ INFO    Memory statistics:
2025-11-17 19:56:47.912689 (11322) main____ INFO      total physical memory  : 65711068 kB
2025-11-17 19:56:47.912691 (11322) main____ INFO      free physical memory   : 41620956 kB
2025-11-17 19:56:47.912693 (11322) main____ INFO      committed address space: 31466724 kB
2025-11-17 19:56:47.912695 (11322) main____ INFO    ----------------------------------------
2025-11-17 19:56:47.913235 (11322) main____ INFO    Important environment variables:
2025-11-17 19:56:47.913247 (11322) main____ INFO      CDS_ASSURA         : '/eda/cadence/2023-24/RHELx86/ASSURA_04.16.115_231'
2025-11-17 19:56:47.913251 (11322) main____ INFO      CDS_AUTO_64BIT     : 'ALL'
2025-11-17 19:56:47.913254 (11322) main____ INFO      CDS_CONFRML        : '/eda/cadence/2023-24/RHELx86/CONFRML_23.10.300'
2025-11-17 19:56:47.913258 (11322) main____ INFO      CDS_DDIEXPORT      : '/eda/cadence/2023-24/RHELx86/DDIEXPORT_22.33.000'
2025-11-17 19:56:47.913261 (11322) main____ INFO      CDS_EMX            : '/eda/cadence/2023-24/RHELx86/EMX_23.10.000'
2025-11-17 19:56:47.913264 (11322) main____ INFO      CDS_GENUS          : '/eda/cadence/2023-24/RHELx86/DDIEXPORT_22.33.000/GENUS221'
2025-11-17 19:56:47.913267 (11322) main____ INFO      CDS_IC             : '/eda/cadence/2023-24/RHELx86/IC_23.10.020'
2025-11-17 19:56:47.913270 (11322) main____ INFO      CDS_INNOVUS        : '/eda/cadence/2023-24/RHELx86/DDIEXPORT_22.33.000/INNOVUS221'
2025-11-17 19:56:47.913274 (11322) main____ INFO      CDS_JLS            : '/eda/cadence/2023-24/RHELx86/DDIEXPORT_22.33.000/JLS221'
2025-11-17 19:56:47.913278 (11322) main____ INFO      CDS_LIC_FILE       : '/etc/local/cadence/license_8x.3868dd0560aa:5280@132.68.59.69:/etc/local/cadence/license_8x.1831bfb82c67:5280@132.68.59.64:/etc/local/cadence/license_8x.0894ef683fc3:5280@132.68.59.79:/etc/local/cadence/license_8x.1831bfb82c67:5280@132.68.59.61'
2025-11-17 19:56:47.913285 (11322) main____ INFO      CDS_LITMUS         : '/eda/cadence/2023-24/RHELx86/LITMUS_23.10.300'
2025-11-17 19:56:47.913288 (11322) main____ INFO      CDS_MODUS          : '/eda/cadence/2023-24/RHELx86/MODUS_22.12.000'
2025-11-17 19:56:47.913291 (11322) main____ INFO      CDS_MVS            : '/eda/cadence/2023-24/RHELx86/MVS_21.12.000'
2025-11-17 19:56:47.913296 (11322) main____ INFO      CDS_Netlisting_Mode: 'Analog'
2025-11-17 19:56:47.913299 (11322) main____ INFO      CDS_PEGASUS        : '/eda/cadence/2023-24/RHELx86/PEGASUS_23.11.000'
2025-11-17 19:56:47.913302 (11322) main____ INFO      CDS_PEGASUSDFM     : '/eda/cadence/2023-24/RHELx86/PEGASUSDFM_23.11.000'
2025-11-17 19:56:47.913305 (11322) main____ INFO      CDS_PVS            : '/eda/cadence/2023-24/RHELx86/PVS_22.22.000'
2025-11-17 19:56:47.913308 (11322) main____ INFO      CDS_QUANTUS        : '/eda/cadence/2023-24/RHELx86/QUANTUS_23.10.000'
2025-11-17 19:56:47.913311 (11322) main____ INFO      CDS_SPECTRE        : '/eda/cadence/2023-24/RHELx86/SPECTRE_23.10.242'
2025-11-17 19:56:47.913314 (11322) main____ INFO      CDS_SSV            : '/eda/cadence/2023-24/RHELx86/SSV_22.13.000'
2025-11-17 19:56:47.913316 (11322) main____ INFO      CDS_USE_PALETTE    : ''
2025-11-17 19:56:47.913319 (11322) main____ INFO      CDS_VERISIUMDEBUG  : '/eda/cadence/2023-24/RHELx86/VERISIUMDEBUG_23.03.001'
2025-11-17 19:56:47.913322 (11322) main____ INFO      CDS_VIPCAT         : '/eda/cadence/2023-24/RHELx86/VIPCAT_11.30.093'
2025-11-17 19:56:47.913326 (11322) main____ INFO      CDS_VMANAGER       : '/eda/cadence/2023-24/RHELx86/VMANAGER_23.03.004'
2025-11-17 19:56:47.913329 (11322) main____ INFO      CDS_XCELIUM        : '/eda/cadence/2023-24/RHELx86/XCELIUM_23.03.007'
2025-11-17 19:56:47.913331 (11322) main____ INFO      DISPLAY            : 'localhost:11.0'
2025-11-17 19:56:47.913334 (11322) main____ INFO      JASPER_CPU_CHECK   : '1'
2025-11-17 19:56:47.913337 (11322) main____ INFO      JASPER_INSTALL_DIR : '/tools/cadence2425/JASPER/jasper_2024.06p002'
2025-11-17 19:56:47.913339 (11322) main____ INFO      JASPER_KERNEL_CHECK: '1'
2025-11-17 19:56:47.913342 (11322) main____ INFO      JASPER_OS_CHECK    : '1'
2025-11-17 19:56:47.913345 (11322) main____ INFO      LANG               : 'C'
2025-11-17 19:56:47.913347 (11322) main____ INFO      TMPDIR             : '/tmp'
2025-11-17 19:56:47.913349 (11322) main____ INFO    ----------------------------------------
2025-11-17 19:56:47.913741 (11322) lic_core INFO    Initializing license system ...
2025-11-17 19:56:47.917661 (11322) lic_core INFO    ... license system initialized.
2025-11-17 19:56:47.924686 (11322) lic__man INFO    Claim 'fpv' for <ui>.
2025-11-17 19:56:47.924715 (11322) lic_core INFO    (1) checking out 'jasper_fpv' ...
2025-11-17 19:56:48.122785 (11322) lic_core INFO    ... (1) checkout failed (error: -5) ("FLEXnet ERROR(-5, 0, 0): No such feature exists.")
2025-11-17 19:56:48.122802 (11322) lic_core INFO    (2) checking out 'jasper_fao' ...
2025-11-17 19:56:48.131405 (11322) lic_core INFO    ... (2) checkout succeeded
2025-11-17 19:56:48.156515 (11322) session_ INFO    Starting analysis session with session id 'session_0' (launcher: <local>) ...
2025-11-17 19:56:48.157414 (11322) session_ INFO    Analysis session with session id 'session_0' started (pid: 11341)
2025-11-17 19:56:48.723198 (11322) session_ INFO    Analysis session 'session_0' connected to the console (host: 127.0.0.1:60154)
2025-11-17 19:56:49.240215 (11322) lic__man INFO    Unclaim everything for 'session_0'.
2025-11-17 19:56:49.283107 (11322) lic__man INFO    Claim 'fpv' for 'session_0'.
2025-11-17 19:56:49.283121 (11322) lic__man INFO    Claim 'fpv' for 'session_0/prove-0'.
2025-11-17 19:59:51.795600 (11322) lic__man INFO    Unclaim everything for 'session_0/prove-0'.
2025-11-17 19:59:51.797690 (11322) main____ INFO    About to exit: request to exit with status 0 received from analysis session 'session_0'
2025-11-17 19:59:51.873384 (11322) session_ INFO    Analysis session 'session_0' disconnected.
2025-11-17 19:59:51.873442 (11322) lic__man INFO    Unclaim everything for 'session_0'.
2025-11-17 19:59:51.873512 (11322) session_ INFO    Process for analysis session 'session_0' has exited with exit status '0'.
2025-11-17 19:59:53.825997 (11322) lic_core INFO    (2) checkin jasper_fao
2025-11-17 19:59:53.827778 (11322) main____ INFO    Exiting with status 0.
