2025-11-19 23:37:17.374193 (15485) main____ INFO    ----------------------------------------
2025-11-19 23:37:17.374235 (15485) main____ INFO    Jasper version info
2025-11-19 23:37:17.374240 (15485) main____ INFO      tool      : Jasper 2024.06
2025-11-19 23:37:17.374244 (15485) main____ INFO      version   : 2024.06p002 64 bits
2025-11-19 23:37:17.374247 (15485) main____ INFO      build date: 2024.09.02 16:28:38 UTC
2025-11-19 23:37:17.374249 (15485) main____ INFO    ----------------------------------------
2025-11-19 23:37:17.374250 (15485) main____ INFO    Runtime info:
2025-11-19 23:37:17.374253 (15485) main____ INFO      platform  : Linux 3.10.0-1160.62.1.el7.x86_64 x86_64
2025-11-19 23:37:17.374258 (15485) main____ INFO      hostname  : vlsi-ria84
2025-11-19 23:37:17.374262 (15485) main____ INFO      pid       : 15485
2025-11-19 23:37:17.374264 (15485) main____ INFO      arguments : '-style' 'windows' '-proj' '../jgprojects/s1_vga_5' '-batch' 's1_vga_5.tcl'
2025-11-19 23:37:17.374267 (15485) main____ INFO      locale    : ANSI_X3.4-1968
2025-11-19 23:37:17.374269 (15485) main____ INFO    ----------------------------------------
2025-11-19 23:37:17.374271 (15485) main____ INFO    System resource limits info:
2025-11-19 23:37:17.374274 (15485) main____ INFO      virtual memory: unlimited
2025-11-19 23:37:17.374278 (15485) main____ INFO      cpu time      : unlimited
2025-11-19 23:37:17.374283 (15485) main____ INFO      processes     : 4096
2025-11-19 23:37:17.374288 (15485) main____ INFO      stack size    : 8388608 B
2025-11-19 23:37:17.374291 (15485) main____ INFO      core file size: 1024 B
2025-11-19 23:37:17.374294 (15485) main____ INFO      open files    : 4096
2025-11-19 23:37:17.374296 (15485) main____ INFO      file size     : unlimited
2025-11-19 23:37:17.374298 (15485) main____ INFO    ----------------------------------------
2025-11-19 23:37:17.374300 (15485) main____ INFO    Memory statistics:
2025-11-19 23:37:17.374302 (15485) main____ INFO      total physical memory  : 65711068 kB
2025-11-19 23:37:17.374305 (15485) main____ INFO      free physical memory   : 50092232 kB
2025-11-19 23:37:17.374307 (15485) main____ INFO      committed address space: 6853452 kB
2025-11-19 23:37:17.374308 (15485) main____ INFO    ----------------------------------------
2025-11-19 23:37:17.374839 (15485) main____ INFO    Important environment variables:
2025-11-19 23:37:17.374849 (15485) main____ INFO      CDS_ASSURA         : '/eda/cadence/2023-24/RHELx86/ASSURA_04.16.115_231'
2025-11-19 23:37:17.374853 (15485) main____ INFO      CDS_AUTO_64BIT     : 'ALL'
2025-11-19 23:37:17.374856 (15485) main____ INFO      CDS_CONFRML        : '/eda/cadence/2023-24/RHELx86/CONFRML_23.10.300'
2025-11-19 23:37:17.374860 (15485) main____ INFO      CDS_DDIEXPORT      : '/eda/cadence/2023-24/RHELx86/DDIEXPORT_22.33.000'
2025-11-19 23:37:17.374863 (15485) main____ INFO      CDS_EMX            : '/eda/cadence/2023-24/RHELx86/EMX_23.10.000'
2025-11-19 23:37:17.374866 (15485) main____ INFO      CDS_GENUS          : '/eda/cadence/2023-24/RHELx86/DDIEXPORT_22.33.000/GENUS221'
2025-11-19 23:37:17.374869 (15485) main____ INFO      CDS_IC             : '/eda/cadence/2023-24/RHELx86/IC_23.10.020'
2025-11-19 23:37:17.374872 (15485) main____ INFO      CDS_INNOVUS        : '/eda/cadence/2023-24/RHELx86/DDIEXPORT_22.33.000/INNOVUS221'
2025-11-19 23:37:17.374875 (15485) main____ INFO      CDS_JLS            : '/eda/cadence/2023-24/RHELx86/DDIEXPORT_22.33.000/JLS221'
2025-11-19 23:37:17.374880 (15485) main____ INFO      CDS_LIC_FILE       : '/etc/local/cadence/license_8x.3868dd0560aa:5280@132.68.59.69:/etc/local/cadence/license_8x.1831bfb82c67:5280@132.68.59.64:/etc/local/cadence/license_8x.0894ef683fc3:5280@132.68.59.79:/etc/local/cadence/license_8x.1831bfb82c67:5280@132.68.59.61'
2025-11-19 23:37:17.374888 (15485) main____ INFO      CDS_LITMUS         : '/eda/cadence/2023-24/RHELx86/LITMUS_23.10.300'
2025-11-19 23:37:17.374891 (15485) main____ INFO      CDS_MODUS          : '/eda/cadence/2023-24/RHELx86/MODUS_22.12.000'
2025-11-19 23:37:17.374894 (15485) main____ INFO      CDS_MVS            : '/eda/cadence/2023-24/RHELx86/MVS_21.12.000'
2025-11-19 23:37:17.374898 (15485) main____ INFO      CDS_Netlisting_Mode: 'Analog'
2025-11-19 23:37:17.374901 (15485) main____ INFO      CDS_PEGASUS        : '/eda/cadence/2023-24/RHELx86/PEGASUS_23.11.000'
2025-11-19 23:37:17.374904 (15485) main____ INFO      CDS_PEGASUSDFM     : '/eda/cadence/2023-24/RHELx86/PEGASUSDFM_23.11.000'
2025-11-19 23:37:17.374907 (15485) main____ INFO      CDS_PVS            : '/eda/cadence/2023-24/RHELx86/PVS_22.22.000'
2025-11-19 23:37:17.374910 (15485) main____ INFO      CDS_QUANTUS        : '/eda/cadence/2023-24/RHELx86/QUANTUS_23.10.000'
2025-11-19 23:37:17.374913 (15485) main____ INFO      CDS_SPECTRE        : '/eda/cadence/2023-24/RHELx86/SPECTRE_23.10.242'
2025-11-19 23:37:17.374916 (15485) main____ INFO      CDS_SSV            : '/eda/cadence/2023-24/RHELx86/SSV_22.13.000'
2025-11-19 23:37:17.374918 (15485) main____ INFO      CDS_USE_PALETTE    : ''
2025-11-19 23:37:17.374921 (15485) main____ INFO      CDS_VERISIUMDEBUG  : '/eda/cadence/2023-24/RHELx86/VERISIUMDEBUG_23.03.001'
2025-11-19 23:37:17.374924 (15485) main____ INFO      CDS_VIPCAT         : '/eda/cadence/2023-24/RHELx86/VIPCAT_11.30.093'
2025-11-19 23:37:17.374928 (15485) main____ INFO      CDS_VMANAGER       : '/eda/cadence/2023-24/RHELx86/VMANAGER_23.03.004'
2025-11-19 23:37:17.374931 (15485) main____ INFO      CDS_XCELIUM        : '/eda/cadence/2023-24/RHELx86/XCELIUM_23.03.007'
2025-11-19 23:37:17.374934 (15485) main____ INFO      DISPLAY            : 'localhost:11.0'
2025-11-19 23:37:17.374936 (15485) main____ INFO      JASPER_CPU_CHECK   : '1'
2025-11-19 23:37:17.374939 (15485) main____ INFO      JASPER_INSTALL_DIR : '/tools/cadence2425/JASPER/jasper_2024.06p002'
2025-11-19 23:37:17.374942 (15485) main____ INFO      JASPER_KERNEL_CHECK: '1'
2025-11-19 23:37:17.374944 (15485) main____ INFO      JASPER_OS_CHECK    : '1'
2025-11-19 23:37:17.374947 (15485) main____ INFO      LANG               : 'C'
2025-11-19 23:37:17.374949 (15485) main____ INFO      TMPDIR             : '/tmp'
2025-11-19 23:37:17.374951 (15485) main____ INFO    ----------------------------------------
2025-11-19 23:37:17.375378 (15485) lic_core INFO    Initializing license system ...
2025-11-19 23:37:17.377142 (15485) lic_core INFO    ... license system initialized.
2025-11-19 23:37:17.383333 (15485) lic__man INFO    Claim 'fpv' for <ui>.
2025-11-19 23:37:17.383363 (15485) lic_core INFO    (1) checking out 'jasper_fpv' ...
2025-11-19 23:37:17.397220 (15485) lic_core INFO    ... (1) checkout failed (error: -5) ("FLEXnet ERROR(-5, 0, 0): No such feature exists.")
2025-11-19 23:37:17.397236 (15485) lic_core INFO    (2) checking out 'jasper_fao' ...
2025-11-19 23:37:17.405810 (15485) lic_core INFO    ... (2) checkout succeeded
2025-11-19 23:37:17.429126 (15485) session_ INFO    Starting analysis session with session id 'session_0' (launcher: <local>) ...
2025-11-19 23:37:17.429927 (15485) session_ INFO    Analysis session with session id 'session_0' started (pid: 15504)
2025-11-19 23:37:17.946720 (15485) session_ INFO    Analysis session 'session_0' connected to the console (host: 127.0.0.1:56768)
2025-11-19 23:37:18.290823 (15485) lic__man INFO    Unclaim everything for 'session_0'.
2025-11-19 23:37:18.332988 (15485) lic__man INFO    Claim 'fpv' for 'session_0'.
2025-11-19 23:37:18.333003 (15485) lic__man INFO    Claim 'fpv' for 'session_0/prove-0'.
2025-11-19 23:37:18.473497 (15485) lic__man INFO    Unclaim everything for 'session_0/prove-0'.
2025-11-19 23:37:18.474881 (15485) main____ INFO    About to exit: request to exit with status 0 received from analysis session 'session_0'
2025-11-19 23:37:18.536951 (15485) session_ INFO    Analysis session 'session_0' disconnected.
2025-11-19 23:37:18.537013 (15485) lic__man INFO    Unclaim everything for 'session_0'.
2025-11-19 23:37:18.537095 (15485) session_ INFO    Process for analysis session 'session_0' has exited with exit status '0'.
2025-11-19 23:37:20.376384 (15485) lic_core INFO    (2) checkin jasper_fao
2025-11-19 23:37:20.377640 (15485) main____ INFO    Exiting with status 0.
