Jasper Apps 2024.06p002 64 bits 2024.09.02 16:28:38 UTC

Any disclosure about the Cadence Design Systems software or its use
model to any third party violates the written Non-Disclosure Agreement
between Cadence Design Systems, Inc. and the customer.

THIS SOFTWARE CONTAINS CONFIDENTIAL INFORMATION AND TRADE SECRETS OF
CADENCE DESIGN SYSTEMS, INC. USE, DISCLOSURE, OR REPRODUCTION IS
PROHIBITED WITHOUT THE PRIOR EXPRESS WRITTEN PERMISSION OF CADENCE
DESIGN SYSTEMS, INC.

Copyright (C) 2000-2024 Cadence Design Systems, Inc. All Rights
Reserved.  Unpublished -- rights reserved under the copyright laws of
the United States.

This product includes software developed by others and redistributed
according to license agreement. See doc/third_party_readme.txt for
further details.

RESTRICTED RIGHTS LEGEND

Use, duplication, or disclosure by the Government is subject to
restrictions as set forth in subparagraph (c) (1) (ii) of the Rights in
Technical Data and Computer Software clause at DFARS 252.227-7013 or
subparagraphs (c) (1) and (2) of Commercial Computer Software -- Restricted
Rights at 48 CFR 52.227-19, as applicable.


                          Cadence Design Systems, Inc.
                          2655 Seely Avenue
                          San Jose, CA 95134
                          Phone: 408.943.1234

For technical assistance visit http://support.cadence.com.

Jasper Apps Analysis Session - /users/rompel/jasper_executions/safety_liveness/jgprojects/blink_4/sessionLogs/session_0

WARNING (WG017): [session]: The system's locale is "ANSI_X3.4-1968", which is not UTF-8. Non-ASCII characters might not be handled correctly.
WARNING (WG017): [jg_console]: The system's locale is "ANSI_X3.4-1968", which is not UTF-8. Non-ASCII characters might not be handled correctly.
INFO: successfully checked out license "jasper_fao".
INFO: reading configuration file "/users/rompel/.config/cadence/jasper.conf".
% analyze -sv09 ../blink_4.sv
[-- (VERI-1482)] Analyzing Verilog file '/tools/cadence2425/JASPER/jasper_2024.06p002/lib/verilog/packages/std/std.sv' into library 'std'
[-- (VERI-1482)] Analyzing Verilog file '../blink_4.sv'
% elaborate -bbox_mul 1000000 -bbox_div 1000000 -bbox_mod 1000000 -bbox_a 1000000
[INFO (HIER-8002)] ../blink_4.sv(18): Disabling old hierarchical reference handler
[INFO (VERI-1018)] ../blink_4.sv(1): compiling module 'BLINK'
[WARN (VERI-1209)] ../blink_4.sv(10): expression size 32 truncated to fit in target size 11
INFO (ISW003): Top module name is "BLINK".
INFO (INL208): Elaboration synthesis summary:
  Number of synthesized netlists          1 (0 packages)
  Single run mode                         On
  Pipeline                                On (1 pipelined netlists)
  Late hierarchical reference connection  On
  Number of analyzed Verilog modules      1 (1 synthesized)
  Number of analyzed VHDL entities        0 (0 synthesized)
INFO (INL003): Clearing all state information (assumes, stopats, and so forth).
BLINK
[<embedded>] % reset rst
INFO (IPM031): Clearing proof results of all properties.
INFO (IRS006): Current reset condition is "rst".
[<embedded>] % clock clk
[<embedded>] % prove -all
Ncustom1: Custom engine code is hT3Ng7hPPfiYQOTDZ3qhYOwGAM51eA+J/FjkM5shLioAsqhgLR4Ft+O1BuKG6ilQ83B9tLXSl+CwjiTMAQA
Bcustom2: Custom engine code is hT3Nm7hPr1Vp3Di1Ra2USNIGL4JypRnLKLAdF6JAyuavO2JfGCiY9OZJhcAcOUnLx5xwNdhILGrAWX9s+z2WDkKwNR7tAfClBEjRFVQeq6DU54boFgEA
AMcustom3: Custom engine code is hT3Ng7hP/feYQOTDZ3qhYOwGAM51eA+J/FjkM5shLioAsqhgLR4Ft+O1BuKG6ilQ83B9tLXSmmqwm7g9AQA
Mpcustom4: Custom engine code is hT3NZbhP9fmY2AbBQnsjfOxn6c+6e6yL+/e8fZFmaQrnlgEA
INFO (IPF036): Starting proof on task: "<embedded>", 1 properties to prove with 0 already proven/unreachable
INFO (IRS029): Starting reset analysis: phase 1 of 4.
INFO (IRS030): Running reset analysis: phase 2 of 4.
INFO (IRS031): Running reset analysis: phase 3 of 4.
INFO (IRS020): Starting the reset analysis simulation with a limit of 100 iterations (phase 4 of 4).
INFO (IRS024): Reset iterations 0 to 4 analyzed.
INFO (IRS018): Reset analysis simulation executed for 3 iterations. Assigned values for 12 of 14 design flops, 0 of 0 design latches, 3 of 3 internal elements.
INFO (IRS039): Reset analysis complete.
INFO (IPF031): Settings used for proof thread 0:
    orchestration                 = on
    time_limit                    = 86400s
    per_property_time_limit       = 1s * 10 ^ scan
    engine_mode                   = auto
    proofgrid_per_engine_max_jobs = 1
    max engine jobs               = auto
    proofgrid_mode                = local
    proofgrid_restarts            = 10
AMcustom5: Custom engine code is hT3N1rhP11/52HrFRS21ROp2LOjVTgPvT8L8BGXHgLhaIuqtT4nARFjUqrBL+7pLmaTOzBepZW/Jm8SSrHDybSQtoNiO3y43wk+dEoWlsZizu97Fih6O6lPVG/LpWP5SsUPwlGagLNa1FKEFvwVXyX7//8prySbvSxIHXr5er+z4RAEA
0: Using multistage preprocessing
0: Starting reduce
Ncustom6: Custom engine code is hT3OXrhPByJp3TrFSTLhUmMH4KVtJgmTCnNDF46yMXOKY48m4LS5nE7yBzFjA7kDuwO/GhGUpEPiky3p3wmPn3dJZHxFMsafSoObRzSC+tn7sEY0WbTdZ/FV4hL3MYH/b1CIUvXSWR4wqEoVLsmMOD4xIPT4lI1LO6ZCO7PnnWQuLwetnvKlrXx6wCW/A+x+enqslg1YPobi4wEF/EvbzOvcTYdJvl2s4H2yZg2b2ofAVN5WvhWk1HoBAA
ADcustom7: Custom engine code is hT3Nv7hPv1752HrFRa2kROx2f/ECJeZB2AZsLdlO8VwmIuqtT4nIDFXclhg+O+o+DMmQCekbheGk0kK28laA9gaOFDXsQp29J3X615HY1IPHJWd6FUFvCHjO+p1k652b5JJvZlShNpGlGSXAiQe/mEAj6tEBAA
Tricustom8: Custom engine code is hT3Nu7hPt1752DvFRa0kNDiyIV97VyejwM9C/jCLJjdPvusZONHY42VYUy0Q1ZotnhcVtNc56tJ5wbxv6V2+XpdsaSlHck5vfnbYjdwj1OECy9U+7oSQ0SZE3g5ayD+Phuh4odCJTjeKa2k4elM9ldQfkAEA
Gcustom9: Custom engine code is hT3NibhPDfeYQADBZnYcglOvK9Pfd7EOeniIqP8jNsyIqInncipMGcUXqAadachREE9F2PwhBUZUNw5kHnd4JdXkamORRgEA
C2custom10: Custom engine code is hT3NirhPjfWYQADBZnYcglOvK9Pfd7EOeniIqP8jNsyIqInncgkrYMMXCYbdK0dUjZIF9d4cJ0rHoBDjwVLBKuG86XYVV00BAA
AGcustom11: Custom engine code is hT3NirhP/fmYQADBZnYcglOvK9Pfd7EOeniIqP8jNsyIqInnckcwYMMXCYbdK0dUjZIF9d4cJ0rHoBDjwVLBKuHEZnZByh0BAA
Bcustom12: Custom engine code is hT3NjrhPDfiYQADBZnYcglOvK9PfWxFtenjIyBqfrgr7if/jL/yPOuK1BAflEcW0DxNH2eDIoezN2gxlQFg81RZtiWXh7aiTAidvAQA
0: Finished reduce in 0s
Ncustom13: Custom engine code is hT3NR7hPByFp3TrFSTLhUmMH4KWtJglTyV/c51BHEeZWamnJv767nE6PCak26bd3gf3XGN3rIRheufhDieCJQVISo+gNYUKhiUedBKGtsP/a18svAnlMJZudHxDFwK5ufsyoxsIyiAeSY2oi3tEuoDHr5gw42DFKAG3PqO3CEsl8Azzdt3pl5nGA1Ifv2H02eYsFzWb/nfp8PMb3F0krE/EgBcm8TD9Div8BAA
Tricustom14: Custom engine code is hT3Nu7hP3fiYQADBZnYcglNHp9bfd7EOeniIqP/ji8sGLQu8yhsFO+wxJ+O+R0bU8g/IewXFomyos+viQnWc2xYNYmMqpo3i40O7DaZR7qfp4YqNx26KRvQ/qx0BAA
0.0.PRE: Performing Proof Simplification...
0.0.N: clocks: 1, declared: 1, looping: 0, posedge: 1, negedge: 0, noedge: 0, bothedge: 0
0.0.N: Proof Simplification Iteration 1	[0.00 s]
0.0.PRE: A proof was found: No trace exists. [0.00 s]
INFO (IPF057): 0.0.PRE: The property ":noDeadEnd" was proven in 0.00 s.
    Use check_assumptions -show -dead_end to show this property in the property table.
0.0.PRE: A proof was found: No trace exists. [0.00 s]
INFO (IPF057): 0.0.PRE: The property ":noConflict" was proven in 0.00 s.
    Use check_assumptions -show to show this property in the property table.
INFO (IPF047): 0.0.PRE: The cover property ":live" was covered in 1 cycles in 0.00 s.
    Use check_assumptions -show -live to show this property in the property table.
0.0.PRE: Proof Simplification completed in 0.00 s
0: About to start ProofGrid in its own thread with a limit of 10000 pending notifications and a limit of 10 traces.
0: =============================== ProofGrid start ===============================
0: ProofGrid usable level: 1
0: Initial ProofGrid level: 1
0: ProofGrid is starting event handling
0.0.Hp: Proofgrid shell started at 5115@vlsi-ria84(local) jg_5046_vlsi-ria84_1
0.0.N: Proofgrid shell started at 5114@vlsi-ria84(local) jg_5046_vlsi-ria84_1
0.0.N: clocks: 1, declared: 1, looping: 0, posedge: 1, negedge: 0, noedge: 0, bothedge: 0
0.0.Hp: clocks: 1, declared: 1, looping: 0, posedge: 1, negedge: 0, noedge: 0, bothedge: 0
0.0.Hp: Last scan. Per property time limit: 0s
0.0.Hp: Trace Attempt  1	[0.00 s]
0.0.N: Last scan. Per property time limit: 0s
0.0.N: Starting proof for property "BLINK.p1"	[0.00 s].
0.0.N: Trace Attempt  1	[0.00 s]
0.0.N: Trace Attempt  2	[0.00 s]
0.0.N: Trace Attempt  2	[0.00 s]
0.0.N: Trace Attempt  3	[0.00 s]
0.0.N: Trace Attempt  3	[0.00 s]
0.0.Hp: Trace Attempt  2	[0.00 s]
0.0.Hp: Trace Attempt  3	[0.00 s]
0.0.Hp: Trace Attempt  4	[0.00 s]
0.0.Hp: Trace Attempt  5	[0.00 s]
0.0.N: Trace Attempt  4	[0.00 s]
0.0.N: Trace Attempt  5	[0.00 s]
0.0.N: Trace Attempt  1	[0.00 s]
0.0.N: Trace Attempt  2	[0.00 s]
0.0.N: Trace Attempt  3	[0.00 s]
0.0.N: Trace Attempt  4	[0.00 s]
0.0.N: Trace Attempt  5	[0.01 s]
0.0.Ht: Proofgrid shell started at 5146@vlsi-ria84(local) jg_5046_vlsi-ria84_1
0.0.B: Proofgrid shell started at 5148@vlsi-ria84(local) jg_5046_vlsi-ria84_1
0.0.Ht: clocks: 1, declared: 1, looping: 0, posedge: 1, negedge: 0, noedge: 0, bothedge: 0
0.0.Ht: Last scan. Per property time limit: 0s
0.0.Ht: Trace Attempt  1	[0.00 s]
0.0.Ht: Trace Attempt  2	[0.00 s]
0.0.Ht: Trace Attempt  3	[0.00 s]
0.0.Ht: Trace Attempt  4	[0.00 s]
0.0.Ht: Trace Attempt  5	[0.00 s]
0.0.B: clocks: 1, declared: 1, looping: 0, posedge: 1, negedge: 0, noedge: 0, bothedge: 0
0.0.B: Last scan. Per property time limit: 0s
0.0.B: Starting proof for property "BLINK.p1"	[0.00 s].
0.0.B: Trace Attempt  1	[0.00 s]
0.0.B: Trace Attempt  2	[0.00 s]
0.0.B: Trace Attempt  3	[0.00 s]
0.0.B: Trace Attempt  4	[0.00 s]
0.0.B: Trace Attempt  5	[0.00 s]
0.0.Oh: Proofgrid shell started at 5147@vlsi-ria84(local) jg_5046_vlsi-ria84_1
0.0.Oh: clocks: 1, declared: 1, looping: 0, posedge: 1, negedge: 0, noedge: 0, bothedge: 0
0.0.Oh: Reached length limit (2147483647) [0.00 s]
0.0.Oh: Exited with Success (@ 0.05 s)
0.0.AM: Proofgrid shell started at 5149@vlsi-ria84(local) jg_5046_vlsi-ria84_1
0.0.AM: clocks: 1, declared: 1, looping: 0, posedge: 1, negedge: 0, noedge: 0, bothedge: 0
0.0.AM: Last scan. Per property time limit: 0s
0.0.AM: Starting proof for property "BLINK.p1"	[0.00 s].
0.0.AM: Trace Attempt  1	[0.00 s]
0.0.AM: Trace Attempt  2	[0.00 s]
0.0.AM: Trace Attempt  3	[0.00 s]
0.0.AM: Trace Attempt  4	[0.00 s]
0.0.AM: Trace Attempt  5	[0.00 s]
0.0.AM: Trace Attempt  1	[0.00 s]
0.0.AM: Trace Attempt  2	[0.00 s]
0.0.AM: Trace Attempt  3	[0.00 s]
0.0.AM: Trace Attempt  4	[0.00 s]
0.0.AM: Trace Attempt  5	[0.01 s]
0.0.AM: Trace Attempt  1	[0.01 s]
0.0.AM: Trace Attempt  2	[0.01 s]
0.0.AM: Trace Attempt  3	[0.01 s]
0.0.AM: Trace Attempt  4	[0.01 s]
0.0.AM: Trace Attempt  5	[0.01 s]
0.0.AM: Trace Attempt  1	[0.03 s]
0.0.AM: Trace Attempt  2	[0.03 s]
0.0.AM: Trace Attempt  3	[0.03 s]
0.0.AM: Trace Attempt  4	[0.04 s]
0.0.AM: Trace Attempt  5	[0.04 s]
0.0.AM: Trace Attempt  1	[0.07 s]
0.0.AM: Trace Attempt  2	[0.07 s]
0.0.AM: Trace Attempt  3	[0.07 s]
0.0.AM: Trace Attempt  4	[0.08 s]
0.0.AM: Trace Attempt  5	[0.08 s]
0.0.AM: Trace Attempt  1	[0.19 s]
0.0.AM: Trace Attempt  2	[0.19 s]
0.0.AM: Trace Attempt  3	[0.19 s]
0.0.AM: Trace Attempt  4	[0.19 s]
0.0.AM: Trace Attempt  5	[0.19 s]
0.0.AM: Trace Attempt  1	[0.50 s]
0.0.AM: Trace Attempt  2	[0.50 s]
0.0.AM: Trace Attempt  3	[0.50 s]
0.0.AM: Trace Attempt  4	[0.51 s]
0.0.AM: Trace Attempt  5	[0.51 s]
0.0.AM: Trace Attempt  1	[1.63 s]
0.0.AM: Trace Attempt  2	[1.63 s]
0.0.AM: Trace Attempt  3	[1.63 s]
0.0.AM: Trace Attempt  4	[1.63 s]
0.0.AM: Trace Attempt  5	[1.63 s]
0.0.Hp: Trace Attempt 783	[4.00 s]
0.0.Ht: Trace Attempt 2249	[4.00 s]
0.0.B: Trace Attempt 1775	[4.00 s]
0.0.N: Trace Attempt 541	[4.04 s]
0.0.AM: Trace Attempt 492	[5.63 s]
0.0.AM: Trace Attempt  1	[5.86 s]
0.0.AM: Trace Attempt  2	[5.86 s]
0.0.AM: Trace Attempt  3	[5.86 s]
0.0.AM: Trace Attempt  4	[5.86 s]
0.0.AM: Trace Attempt  5	[5.86 s]
0.0.Hp: Trace Attempt 1087	[8.02 s]
0.0.Ht: Trace Attempt 2979	[8.00 s]
0.0.B: Trace Attempt 2605	[8.00 s]
0.0.N: Trace Attempt 863	[8.09 s]
0.0.AM: Trace Attempt 578	[9.91 s]
0.0.Hp: Trace Attempt 1325	[12.02 s]
0.0.Ht: Trace Attempt 3546	[12.00 s]
0.0.B: Trace Attempt 3286	[12.00 s]
0.0.N: Trace Attempt 1446	[12.13 s]
0.0.AM: Trace Attempt 824	[14.00 s]
0.0.Ht: Trace Attempt 4022	[16.00 s]
0.0.B: Trace Attempt 3834	[16.00 s]
0.0.Hp: Trace Attempt 1523	[16.04 s]
0.0.N: Trace Attempt 1585	[16.67 s]
0.0.AM: Trace Attempt 867	[18.23 s]
0.0.B: Trace Attempt 4163	[20.01 s]
0.0.Hp: Trace Attempt 1696	[20.06 s]
0.0.N: Trace Attempt 1607	[20.70 s]
0.0.Ht: Trace Attempt 4116	[22.32 s]
0.0.AM: Trace Attempt 897	[22.56 s]
0.0.B: Trace Attempt 4362	[24.02 s]
0.0.Hp: Trace Attempt 1857	[24.07 s]
0.0.N: Trace Attempt 1627	[24.97 s]
0.0.Ht: Trace Attempt 4700	[26.32 s]
0.0.AM: Trace Attempt 779	[26.57 s]
0.0.B: Trace Attempt 4587	[28.03 s]
0.0.Hp: Trace Attempt 1994	[28.07 s]
0.0.N: Trace Attempt 1636	[29.41 s]
0.0.Ht: Trace Attempt 5086	[30.32 s]
0.0.AM: Trace Attempt 1024	[30.58 s]
0.0.AM: Trace Attempt  1	[30.76 s]
0.0.AM: Trace Attempt  2	[30.76 s]
0.0.AM: Trace Attempt  3	[30.76 s]
0.0.AM: Trace Attempt  4	[30.76 s]
0.0.AM: Trace Attempt  5	[30.76 s]
0.0.B: Trace Attempt 4799	[32.04 s]
0.0.Hp: Trace Attempt 2123	[32.07 s]
0.0.N: Trace Attempt 1645	[33.82 s]
0.0.Ht: Trace Attempt 5486	[34.32 s]
0.0.AM: Trace Attempt 561	[34.80 s]
0.0.Hp: Trace Attempt 2252	[36.09 s]
0.0.B: Trace Attempt 5021	[36.06 s]
0.0.N: Trace Attempt 1660	[37.90 s]
0.0.Ht: Trace Attempt 5824	[38.33 s]
0.0.AM: Trace Attempt 708	[38.85 s]
0.0.B: Trace Attempt 5227	[40.08 s]
0.0.Hp: Trace Attempt 2373	[40.11 s]
0.0.Ht: Trace Attempt 6131	[42.34 s]
0.0.N: Trace Attempt 1670	[42.39 s]
0.0.AM: Trace Attempt 884	[42.85 s]
0.0.B: Trace Attempt 5394	[44.09 s]
0.0.Hp: Trace Attempt 2487	[44.13 s]
0.0.Ht: Trace Attempt 6199	[46.38 s]
0.0.N: Trace Attempt 1677	[46.80 s]
0.0.AM: Trace Attempt 1091	[46.91 s]
0.0.B: Trace Attempt 5536	[48.10 s]
0.0.Hp: Trace Attempt 2597	[48.14 s]
0.0.Ht: Trace Attempt 6343	[50.40 s]
0.0.AM: Trace Attempt 1330	[50.97 s]
0.0.N: Trace Attempt 1689	[51.61 s]
0.0.B: Trace Attempt 5653	[52.12 s]
0.0.Hp: Trace Attempt 2704	[52.16 s]
0.0.AM: Trace Attempt 1616	[54.98 s]
0.0.Ht: Trace Attempt 6448	[55.39 s]
0.0.N: Trace Attempt 1703	[55.67 s]
0.0.Hp: Trace Attempt 2808	[56.17 s]
0.0.B: Trace Attempt 5760	[56.15 s]
0.0.AM: Trace Attempt 1633	[59.04 s]
0.0.Ht: Trace Attempt 6733	[59.40 s]
0.0.N: Trace Attempt 1709	[60.10 s]
0.0.Hp: Trace Attempt 2907	[60.20 s]
0.0.B: Trace Attempt 5855	[60.19 s]
0.0.Ht: Trace Attempt 6945	[63.40 s]
0.0.AM: Trace Attempt 1660	[63.84 s]
0.0.Hp: Trace Attempt 3002	[64.20 s]
0.0.B: Trace Attempt 5943	[64.19 s]
0.0.N: Trace Attempt 1717	[64.33 s]
0.0.Ht: Trace Attempt 7180	[67.41 s]
0.0.Hp: Trace Attempt 3094	[68.22 s]
0.0.B: Trace Attempt 6023	[68.23 s]
0.0.AM: Trace Attempt 1667	[68.57 s]
0.0.N: Trace Attempt 1723	[69.37 s]
0.0.Ht: Trace Attempt 7380	[71.44 s]
0.0.Hp: Trace Attempt 3183	[72.22 s]
0.0.B: Trace Attempt 6098	[72.27 s]
0.0.N: Trace Attempt 1729	[73.87 s]
0.0.Ht: Trace Attempt 7580	[75.44 s]
0.0.AM: Trace Attempt 1670	[75.51 s]
0.0.Hp: Trace Attempt 3270	[76.25 s]
0.0.B: Trace Attempt 6160	[76.30 s]
0.0.N: Trace Attempt 1739	[78.79 s]
0.0.Ht: Trace Attempt 7762	[79.46 s]
0.0.AM: Trace Attempt 1681	[79.60 s]
0.0.Hp: Trace Attempt 3355	[80.25 s]
0.0.B: Trace Attempt 6196	[80.41 s]
0.0.N: Trace Attempt 1753	[82.89 s]
0.0.Ht: Trace Attempt 7928	[83.48 s]
0.0.AM: Trace Attempt 1690	[83.67 s]
0.0.Hp: Trace Attempt 3438	[84.29 s]
0.0.B: Trace Attempt 6227	[84.44 s]
0.0.N: Trace Attempt 1759	[87.33 s]
0.0.Ht: Trace Attempt 8079	[87.51 s]
0.0.AM: Trace Attempt 1697	[87.77 s]
0.0.Hp: Trace Attempt 3519	[88.32 s]
0.0.B: Trace Attempt 6256	[88.52 s]
0.0.Ht: Trace Attempt 8196	[92.04 s]
0.0.Hp: Trace Attempt 3598	[92.36 s]
0.0.AM: Trace Attempt 1709	[92.37 s]
0.0.N: Trace Attempt 1767	[92.58 s]
0.0.B: Trace Attempt 6284	[92.61 s]
0.0.Ht: Trace Attempt 8338	[96.04 s]
0.0.Hp: Trace Attempt 3676	[96.41 s]
0.0.AM: Trace Attempt 1720	[96.43 s]
0.0.B: Trace Attempt 6311	[96.71 s]
0.0.N: Trace Attempt 1771	[97.91 s]
0.0.Ht: Trace Attempt 8480	[100.04 s]
0.0.Hp: Trace Attempt 3752	[100.44 s]
0.0.B: Trace Attempt 6337	[100.75 s]
0.0.AM: Trace Attempt 1724	[100.75 s]
0.0.N: Trace Attempt 1773	[102.39 s]
0.0.Ht: Trace Attempt 8615	[104.06 s]
0.0.Hp: Trace Attempt 3824	[104.49 s]
0.0.AM: Trace Attempt 1085	[104.77 s]
0.0.B: Trace Attempt 6362	[104.85 s]
0.0.N: Trace Attempt 1776	[106.87 s]
0.0.Ht: Trace Attempt 8739	[108.07 s]
0.0.Hp: Trace Attempt 3892	[108.53 s]
0.0.AM: Trace Attempt 1238	[108.78 s]
0.0.B: Trace Attempt 6387	[109.01 s]
0.0.N: Trace Attempt 1787	[111.43 s]
0.0.Ht: Trace Attempt 8863	[112.09 s]
0.0.Hp: Trace Attempt 3958	[112.54 s]
0.0.AM: Trace Attempt 1399	[112.79 s]
0.0.B: Trace Attempt 6411	[113.14 s]
0.0.N: Trace Attempt 1798	[116.16 s]
0.0.N: Trace Attempt  1	[116.58 s]
0.0.N: Trace Attempt  2	[116.58 s]
0.0.N: Trace Attempt  3	[116.58 s]
0.0.N: Trace Attempt  4	[116.58 s]
0.0.N: Trace Attempt  5	[116.58 s]
0.0.Hp: Trace Attempt 4024	[116.61 s]
0.0.AM: Trace Attempt 1543	[116.80 s]
0.0.B: Trace Attempt 6434	[117.24 s]
0.0.Ht: Trace Attempt 8874	[117.27 s]
0.0.N: Trace Attempt 581	[120.61 s]
0.0.Hp: Trace Attempt 4089	[120.62 s]
0.0.Ht: Trace Attempt 9249	[121.27 s]
0.0.B: Trace Attempt 6457	[121.38 s]
0.0.AM: Trace Attempt 1606	[124.22 s]
0.0.Hp: Trace Attempt 4114	[124.66 s]
0.0.Ht: Trace Attempt 9559	[125.27 s]
0.0.B: Trace Attempt 6479	[125.44 s]
0.0.N: Trace Attempt 844	[126.38 s]
0.0.AM: Trace Attempt 1712	[128.25 s]
0.0.Hp: Trace Attempt 4116	[129.09 s]
0.0.Ht: Trace Attempt 9858	[129.29 s]
0.0.B: Trace Attempt 6501	[129.45 s]
0.0.N: Trace Attempt 1259	[130.44 s]
0.0.AM: Trace Attempt 1818	[132.26 s]
0.0.Hp: Trace Attempt 4184	[133.11 s]
0.0.Ht: Trace Attempt 10112	[133.30 s]
0.0.B: Trace Attempt 6523	[133.63 s]
0.0.N: Trace Attempt 1715	[134.50 s]
0.0.AM: Trace Attempt 1918	[136.29 s]
0.0.Hp: Trace Attempt 4250	[137.14 s]
0.0.Ht: Trace Attempt 10247	[137.72 s]
0.0.B: Trace Attempt 6544	[137.82 s]
0.0.N: Trace Attempt 1734	[139.41 s]
0.0.AM: Trace Attempt 2019	[140.32 s]
0.0.Hp: Trace Attempt 4314	[141.18 s]
0.0.Ht: Trace Attempt 10301	[141.72 s]
0.0.B: Trace Attempt 6565	[142.02 s]
0.0.N: Trace Attempt 1746	[144.12 s]
0.0.Hp: Trace Attempt 4375	[145.21 s]
0.0.Ht: Trace Attempt 10362	[145.73 s]
0.0.B: Trace Attempt 6585	[146.18 s]
0.0.AM: Trace Attempt 2049	[146.78 s]
0.0.AM: Trace Attempt  1	[147.05 s]
0.0.AM: Trace Attempt  2	[147.05 s]
0.0.AM: Trace Attempt  3	[147.05 s]
0.0.AM: Trace Attempt  4	[147.05 s]
0.0.AM: Trace Attempt  5	[147.05 s]
0.0.N: Trace Attempt 1756	[148.15 s]
0.0.Hp: Trace Attempt 4440	[149.25 s]
0.0.Ht: Trace Attempt 10426	[149.75 s]
0.0.B: Trace Attempt 6605	[150.32 s]
0.0.AM: Trace Attempt 600	[151.05 s]
0.0.N: Trace Attempt 1766	[152.30 s]
0.0.Hp: Trace Attempt 4507	[153.26 s]
0.0.Ht: Trace Attempt 10474	[153.84 s]
0.0.B: Trace Attempt 6625	[154.52 s]
0.0.AM: Trace Attempt 813	[155.08 s]
0.0.N: Trace Attempt 1774	[156.54 s]
0.0.Hp: Trace Attempt 4572	[157.27 s]
0.0.B: Trace Attempt 6644	[158.58 s]
0.0.AM: Trace Attempt 1131	[159.08 s]
0.0.N: Trace Attempt 1779	[160.96 s]
0.0.Hp: Trace Attempt 4636	[161.32 s]
0.0.B: Trace Attempt 6663	[162.76 s]
0.0.AM: Trace Attempt 1224	[163.08 s]
0.0.Ht: Trace Attempt 10510	[164.04 s]
0.0.Hp: Trace Attempt 4698	[165.37 s]
0.0.N: Trace Attempt 1787	[165.61 s]
0.0.B: Trace Attempt 6678	[166.80 s]
0.0.AM: Trace Attempt 1472	[167.09 s]
0.0.Ht: Trace Attempt 10644	[168.05 s]
0.0.N: Trace Attempt  1	[168.28 s]
0.0.N: Trace Attempt  2	[168.28 s]
0.0.N: Trace Attempt  3	[168.28 s]
0.0.N: Trace Attempt  4	[168.28 s]
0.0.N: Trace Attempt  5	[168.29 s]
0.0.Hp: Trace Attempt 4759	[169.37 s]
0.0.B: Trace Attempt 6696	[170.87 s]
0.0.AM: Trace Attempt 1582	[171.59 s]
0.0.Ht: Trace Attempt 10794	[172.05 s]
0.0.N: Trace Attempt 581	[172.33 s]
0.0.Hp: Trace Attempt 4821	[173.44 s]
0.0.B: Trace Attempt 6714	[175.00 s]
0.0.AM: Trace Attempt 1607	[175.80 s]
0.0.Ht: Trace Attempt 10932	[176.06 s]
0.0.Hp: Trace Attempt 4882	[177.50 s]
0.0.N: Trace Attempt 844	[178.03 s]
0.0.B: Trace Attempt 6732	[179.21 s]
0.0.AM: Trace Attempt 1620	[180.01 s]
0.0.Ht: Trace Attempt 11061	[180.07 s]
0.0.N: Trace Attempt 1103	[180.98 s]
0.0.N: Stopped processing property "BLINK.p1"	[181.02 s].
0.0.N: Morphing to Ncustom1
0.0.N: All properties determined. [0.00 s]
0.0.N: Exited with Success (@ 0.00 s)
0.0.Ncustom1: clocks: 1, declared: 1, looping: 0, posedge: 1, negedge: 0, noedge: 0, bothedge: 0
0.0.Ncustom1: Starting proof for property "BLINK.p1"	[0.00 s].
0.0.Tri: Proofgrid shell started at 5562@vlsi-ria84(local) jg_5046_vlsi-ria84_1
0.0.Tri: clocks: 1, declared: 1, looping: 0, posedge: 1, negedge: 0, noedge: 0, bothedge: 0
0.0.Tri: Last scan. Per property time limit: 0s
0.0.Tri: Starting proof for property "BLINK.p1"	[0.00 s].
0.0.Tri: Trace Attempt  1	[0.00 s]
0.0.AM: Trace Attempt 1624	[180.69 s]
0.0.AM: Stopped processing property "BLINK.p1"	[181.06 s].
0.0.AM: Morphing to AMcustom3
0.0.Ncustom1: Trace Attempt 1799	[0.10 s]
0.0.AM: All properties determined. [0.00 s]
0.0.AM: Exited with Success (@ 0.00 s)
0.0.AMcustom3: clocks: 1, declared: 1, looping: 0, posedge: 1, negedge: 0, noedge: 0, bothedge: 0
0.0.AMcustom3: Starting proof for property "BLINK.p1"	[0.00 s].
0.0.AMcustom3: Trace Attempt  1	[0.00 s]
0.0.Tri:    0.00" ---- Launching main thread ----
0.0.AMcustom3: Trace Attempt  2	[0.00 s]
0.0.AMcustom3: Trace Attempt  3	[0.00 s]
0.0.AMcustom3: Trace Attempt  4	[0.00 s]
0.0.AMcustom3: Trace Attempt  5	[0.00 s]
0.0.AMcustom3: Trace Attempt  1	[0.00 s]
0.0.AMcustom3: Trace Attempt  2	[0.00 s]
0.0.AMcustom3: Trace Attempt  3	[0.00 s]
0.0.AMcustom3: Trace Attempt  4	[0.00 s]
0.0.AMcustom3: Trace Attempt  5	[0.01 s]
0.0.AMcustom3: Trace Attempt  1	[0.01 s]
0.0.AMcustom3: Trace Attempt  2	[0.01 s]
0.0.AMcustom3: Trace Attempt  3	[0.01 s]
0.0.AMcustom3: Trace Attempt  4	[0.01 s]
0.0.AMcustom3: Trace Attempt  5	[0.02 s]
0.0.Tri:    0.03" ---- Launching abstraction thread ----
0.0.Tri:    0.03" ---- Launching multi-phase simplification thread ----
0.0.AMcustom3: Trace Attempt  1	[0.04 s]
0.0.AMcustom3: Trace Attempt  2	[0.04 s]
0.0.AMcustom3: Trace Attempt  3	[0.04 s]
0.0.AMcustom3: Trace Attempt  4	[0.04 s]
0.0.AMcustom3: Trace Attempt  5	[0.04 s]
0.0.Tri:    0.05" ---- Launching liveness simplification thread ----
0.0.B: Trace Attempt 6739	[180.88 s]
0.0.B: Stopped processing property "BLINK.p1"	[181.16 s].
0.0.B: Morphing to Bcustom2
0.0.B: All properties determined. [0.00 s]
0.0.B: Exited with Success (@ 0.00 s)
0.0.Bcustom2: clocks: 1, declared: 1, looping: 0, posedge: 1, negedge: 0, noedge: 0, bothedge: 0
0.0.Bcustom2: Starting proof for property "BLINK.p1"	[0.00 s].
0.0.Bcustom2: Trace Attempt  1	[0.00 s]
0.0.Bcustom2: Trace Attempt  2	[0.00 s]
0.0.Bcustom2: Trace Attempt  1	[0.00 s]
0.0.Bcustom2: Trace Attempt  2	[0.00 s]
0.0.Bcustom2: Trace Attempt  3	[0.00 s]
0.0.Bcustom2: Trace Attempt  4	[0.00 s]
0.0.Bcustom2: Trace Attempt  5	[0.00 s]
0.0.AMcustom3: Trace Attempt  1	[0.11 s]
0.0.AMcustom3: Trace Attempt  2	[0.11 s]
0.0.AMcustom3: Trace Attempt  3	[0.11 s]
0.0.AMcustom3: Trace Attempt  4	[0.11 s]
0.0.AMcustom3: Trace Attempt  5	[0.11 s]
0.0.AMcustom3: Trace Attempt  1	[0.30 s]
0.0.AMcustom3: Trace Attempt  2	[0.30 s]
0.0.AMcustom3: Trace Attempt  3	[0.30 s]
0.0.AMcustom3: Trace Attempt  4	[0.30 s]
0.0.AMcustom3: Trace Attempt  5	[0.30 s]
0.0.Hp: Trace Attempt 4939	[181.51 s]
0.0.Ncustom1: Trace Attempt  1	[0.49 s]
0.0.Ncustom1: Trace Attempt  2	[0.49 s]
0.0.Ncustom1: Trace Attempt  3	[0.49 s]
0.0.Ncustom1: Trace Attempt  4	[0.50 s]
0.0.AMcustom3: Trace Attempt  1	[0.73 s]
0.0.AMcustom3: Trace Attempt  2	[0.73 s]
0.0.AMcustom3: Trace Attempt  3	[0.73 s]
0.0.AMcustom3: Trace Attempt  4	[0.73 s]
0.0.AMcustom3: Trace Attempt  5	[0.73 s]
0.0.Tri:    0.90" Simplification phase 1 complete
0.0.AMcustom3: Trace Attempt 76	[0.89 s]
0.0.AMcustom3: Stopped processing property "BLINK.p1"	[0.92 s].
0.0.AMcustom3: Morphing to M
0.0.AMcustom3: All properties determined. [0.00 s]
0.0.AMcustom3: Exited with Success (@ 0.00 s)
0.0.M: clocks: 1, declared: 1, looping: 0, posedge: 1, negedge: 0, noedge: 0, bothedge: 0
0.0.M: Starting proof for property "BLINK.p1"	[0.00 s].
0.0.M: Trace Attempt  1	[0.00 s]
0.0.M: Trace Attempt  2	[0.00 s]
0.0.M: Trace Attempt  3	[0.00 s]
0.0.Ncustom1: Requesting engine job to terminate
0.0.M: Requesting engine job to terminate
0.0.Hp: Requesting engine job to terminate
0.0.Ht: Requesting engine job to terminate
INFO (IPF144): 0: Initiating shutdown of proof [182.06 s]
0.0.Tri: A proof was found: No trace exists. [0.97 s]
INFO (IPF057): 0.0.Tri: The property "BLINK.p1" was proven in 0.98 s.
0.0.Tri: Stopped processing property "BLINK.p1"	[0.98 s].
0.0.Tri: Morphing to AMcustom5
0.0.Tri: Preventing job from starting because proof is shutting down.
0.0.Tri: Requesting engine job to terminate
0.0.Bcustom2: Trace Attempt 1506	[0.85 s]
0.0.Bcustom2: Stopped processing property "BLINK.p1"	[0.86 s].
0.0.Bcustom2: Morphing to D
0.0.Bcustom2: Preventing job from starting because proof is shutting down.
0.0.Bcustom2: Requesting engine job to terminate
0.0.M: Trace Attempt  4	[0.00 s]
0.0.M: Trace Attempt  5	[0.00 s]
0.0.M: Trace Attempt  9	[0.01 s]
0.0.M: Stopped processing property "BLINK.p1"	[0.01 s].
0.0.M: All properties determined. [0.01 s]
0.0.Tri: All properties determined. [0.00 s]
0.0.Bcustom2: All properties determined. [0.01 s]
0.0.Tri: Exited with Success (@ 182.07 s)
0: ProofGrid usable level: 0
0.0.Hp: Trace Attempt 4945	[181.98 s]
0.0.Hp: All properties determined. [182.06 s]
0.0.Bcustom2: Exited with Success (@ 182.07 s)
0.0.M: Exited with Success (@ 182.07 s)
0.0.Ncustom1: Trace Attempt 216	[1.03 s]
0.0.Ncustom1: Stopped processing property "BLINK.p1"	[1.04 s].
0.0.Ncustom1: All properties determined. [1.03 s]
0.0.Ncustom1: Exited with Success (@ 182.07 s)
0.0.Ht: Trace Attempt 11115	[182.01 s]
0.0.Ht: All properties determined. [182.04 s]
0.0.Ht: Exited with Success (@ 182.10 s)
0.0.Hp: Exited with Success (@ 182.22 s)
0: --------------------------------------------------------------
ProofGrid Summary (utilization 99.97 %)
--------------------------------------------------------------
     engines started                               :    13
     engine jobs started                           :     7

    Average time in state (seconds)
    ------------------------------------------------------
    Engine  Pending     Running        Dead    Utilization
    ------------------------------------------------------
     Hp        0.03      182.06        0.00       99.98 %
     Ht        0.03      182.03        0.00       99.98 %
     Oh        0.04        0.00        0.00        0.45 %
    Ncustom1        0.03      182.01        0.00       99.98 %
      D        0.03      181.84        0.00       99.98 %
      M        0.05      181.90        0.00       99.97 %
    AMcustom5        0.06        0.97        0.00       94.57 %
    all        0.04      130.12        0.00       99.97 %

    Total time in state (seconds)
    -----------------------------------------
            Pending     Running        Dead  
    -----------------------------------------
               0.27      910.81        0.00

    Data read    : 10.67 MiB
    Data written : 5.69 kiB

0: All pending notifications were processed.
INFO (IPF059): 0: Completed proof on task: "<embedded>"

==============================================================
SUMMARY
==============================================================
           Properties Considered              : 1
                 assertions                   : 1
                  - proven                    : 1 (100%)
                  - bounded_proven (user)     : 0 (0%)
                  - bounded_proven (auto)     : 0 (0%)
                  - marked_proven             : 0 (0%)
                  - cex                       : 0 (0%)
                  - ar_cex                    : 0 (0%)
                  - undetermined              : 0 (0%)
                  - unknown                   : 0 (0%)
                  - error                     : 0 (0%)
                 covers                       : 0
                  - unreachable               : 0
                  - bounded_unreachable (user): 0
                  - covered                   : 0
                  - ar_covered                : 0
                  - undetermined              : 0
                  - unknown                   : 0
                  - error                     : 0
proven
[<embedded>] % exit -force
[<embedded>] % INFO (IPL005): Received request to exit from the console.
INFO: Waiting for proof threads to stop...
INFO: Proof threads stopped.
INFO (IPL018): The peak resident set memory use for this session was 2.009 GB.
INFO (IPL014): Waiting for the Tcl-thread to exit.
INFO (IPL015): The Tcl-thread exited with status 0.
INFO (IPL016): Exiting the analysis session with status 0.
Finished blink_4.tcl successfully
