Jasper Apps 2024.06p002 64 bits 2024.09.02 16:28:38 UTC

Any disclosure about the Cadence Design Systems software or its use
model to any third party violates the written Non-Disclosure Agreement
between Cadence Design Systems, Inc. and the customer.

THIS SOFTWARE CONTAINS CONFIDENTIAL INFORMATION AND TRADE SECRETS OF
CADENCE DESIGN SYSTEMS, INC. USE, DISCLOSURE, OR REPRODUCTION IS
PROHIBITED WITHOUT THE PRIOR EXPRESS WRITTEN PERMISSION OF CADENCE
DESIGN SYSTEMS, INC.

Copyright (C) 2000-2024 Cadence Design Systems, Inc. All Rights
Reserved.  Unpublished -- rights reserved under the copyright laws of
the United States.

This product includes software developed by others and redistributed
according to license agreement. See doc/third_party_readme.txt for
further details.

RESTRICTED RIGHTS LEGEND

Use, duplication, or disclosure by the Government is subject to
restrictions as set forth in subparagraph (c) (1) (ii) of the Rights in
Technical Data and Computer Software clause at DFARS 252.227-7013 or
subparagraphs (c) (1) and (2) of Commercial Computer Software -- Restricted
Rights at 48 CFR 52.227-19, as applicable.


                          Cadence Design Systems, Inc.
                          2655 Seely Avenue
                          San Jose, CA 95134
                          Phone: 408.943.1234

For technical assistance visit http://support.cadence.com.

Jasper Apps Analysis Session - /users/rompel/jasper_executions/safety_liveness/jgprojects/1_delay_4/sessionLogs/session_0

WARNING (WG017): [session]: The system's locale is "ANSI_X3.4-1968", which is not UTF-8. Non-ASCII characters might not be handled correctly.
WARNING (WG017): [jg_console]: The system's locale is "ANSI_X3.4-1968", which is not UTF-8. Non-ASCII characters might not be handled correctly.
INFO: successfully checked out license "jasper_fao".
INFO: reading configuration file "/users/rompel/.config/cadence/jasper.conf".
% analyze -sv09 ../1_delay_4.sv
[-- (VERI-1482)] Analyzing Verilog file '/tools/cadence2425/JASPER/jasper_2024.06p002/lib/verilog/packages/std/std.sv' into library 'std'
[-- (VERI-1482)] Analyzing Verilog file '../1_delay_4.sv'
% elaborate -bbox_mul 1000000 -bbox_div 1000000 -bbox_mod 1000000 -bbox_a 1000000
[INFO (HIER-8002)] ../1_delay_4.sv(13): Disabling old hierarchical reference handler
[INFO (VERI-1018)] ../1_delay_4.sv(1): compiling module 'DELAY'
[WARN (VERI-1209)] ../1_delay_4.sv(10): expression size 32 truncated to fit in target size 13
INFO (ISW003): Top module name is "DELAY".
INFO (INL208): Elaboration synthesis summary:
  Number of synthesized netlists          1 (0 packages)
  Single run mode                         On
  Pipeline                                On (1 pipelined netlists)
  Late hierarchical reference connection  On
  Number of analyzed Verilog modules      1 (1 synthesized)
  Number of analyzed VHDL entities        0 (0 synthesized)
INFO (INL003): Clearing all state information (assumes, stopats, and so forth).
DELAY
[<embedded>] % reset rst
INFO (IPM031): Clearing proof results of all properties.
INFO (IRS006): Current reset condition is "rst".
[<embedded>] % clock clk
[<embedded>] % prove -all
Ncustom1: Custom engine code is hT3Ng7hPPfiYQOTDZ3qhYOwGAM51eA+J/FjkM5shLioAsqhgLR4Ft+O1BuKG6ilQ83B9tLXSl+CwjiTMAQA
Bcustom2: Custom engine code is hT3Nm7hPr1Vp3Di1Ra2USNIGL4JypRnLKLAdF6JAyuavO2JfGCiY9OZJhcAcOUnLx5xwNdhILGrAWX9s+z2WDkKwNR7tAfClBEjRFVQeq6DU54boFgEA
AMcustom3: Custom engine code is hT3Ng7hP/feYQOTDZ3qhYOwGAM51eA+J/FjkM5shLioAsqhgLR4Ft+O1BuKG6ilQ83B9tLXSmmqwm7g9AQA
Mpcustom4: Custom engine code is hT3NZbhP9fmY2AbBQnsjfOxn6c+6e6yL+/e8fZFmaQrnlgEA
INFO (IPF036): Starting proof on task: "<embedded>", 1 properties to prove with 0 already proven/unreachable
INFO (IRS029): Starting reset analysis: phase 1 of 4.
INFO (IRS030): Running reset analysis: phase 2 of 4.
INFO (IRS031): Running reset analysis: phase 3 of 4.
INFO (IRS020): Starting the reset analysis simulation with a limit of 100 iterations (phase 4 of 4).
INFO (IRS024): Reset iterations 0 to 4 analyzed.
INFO (IRS018): Reset analysis simulation executed for 3 iterations. Assigned values for 13 of 13 design flops, 0 of 0 design latches, 5 of 5 internal elements.
INFO (IRS039): Reset analysis complete.
INFO (IPF031): Settings used for proof thread 0:
    orchestration                 = on
    time_limit                    = 86400s
    per_property_time_limit       = 1s * 10 ^ scan
    engine_mode                   = auto
    proofgrid_per_engine_max_jobs = 1
    max engine jobs               = auto
    proofgrid_mode                = local
    proofgrid_restarts            = 10
0: Using multistage preprocessing
0: Starting reduce
AMcustom5: Custom engine code is hT3N1rhP11/52HrFRS21ROp2LOjVTgPvT8L8BGXHgLhaIuqtT4nARFjUqrBL+7pLmaTOzBepZW/Jm8SSrHDybSQtoNiO3y43wk+dEoWlsZizu97Fih6O6lPVG/LpWP5SsUPwlGagLNa1FKEFvwVXyX7//8prySbvSxIHXr5er+z4RAEA
Ncustom6: Custom engine code is hT3OXrhPByJp3TrFSTLhUmMH4KVtJgmTCnNDF46yMXOKY48m4LS5nE7yBzFjA7kDuwO/GhGUpEPiky3p3wmPn3dJZHxFMsafSoObRzSC+tn7sEY0WbTdZ/FV4hL3MYH/b1CIUvXSWR4wqEoVLsmMOD4xIPT4lI1LO6ZCO7PnnWQuLwetnvKlrXx6wCW/A+x+enqslg1YPobi4wEF/EvbzOvcTYdJvl2s4H2yZg2b2ofAVN5WvhWk1HoBAA
ADcustom7: Custom engine code is hT3Nv7hPv1752HrFRa2kROx2f/ECJeZB2AZsLdlO8VwmIuqtT4nIDFXclhg+O+o+DMmQCekbheGk0kK28laA9gaOFDXsQp29J3X615HY1IPHJWd6FUFvCHjO+p1k652b5JJvZlShNpGlGSXAiQe/mEAj6tEBAA
Tricustom8: Custom engine code is hT3Nu7hPt1752DvFRa0kNDiyIV97VyejwM9C/jCLJjdPvusZONHY42VYUy0Q1ZotnhcVtNc56tJ5wbxv6V2+XpdsaSlHck5vfnbYjdwj1OECy9U+7oSQ0SZE3g5ayD+Phuh4odCJTjeKa2k4elM9ldQfkAEA
Gcustom9: Custom engine code is hT3NibhPDfeYQADBZnYcglOvK9Pfd7EOeniIqP8jNsyIqInncipMGcUXqAadachREE9F2PwhBUZUNw5kHnd4JdXkamORRgEA
0: Finished reduce in 0s
C2custom10: Custom engine code is hT3NirhPjfWYQADBZnYcglOvK9Pfd7EOeniIqP8jNsyIqInncgkrYMMXCYbdK0dUjZIF9d4cJ0rHoBDjwVLBKuG86XYVV00BAA
AGcustom11: Custom engine code is hT3NirhP/fmYQADBZnYcglOvK9Pfd7EOeniIqP8jNsyIqInnckcwYMMXCYbdK0dUjZIF9d4cJ0rHoBDjwVLBKuHEZnZByh0BAA
0.0.PRE: Performing Proof Simplification...
Bcustom12: Custom engine code is hT3NjrhPDfiYQADBZnYcglOvK9PfWxFtenjIyBqfrgr7if/jL/yPOuK1BAflEcW0DxNH2eDIoezN2gxlQFg81RZtiWXh7aiTAidvAQA
0.0.N: clocks: 1, declared: 1, looping: 0, posedge: 1, negedge: 0, noedge: 0, bothedge: 0
Ncustom13: Custom engine code is hT3NR7hPByFp3TrFSTLhUmMH4KWtJglTyV/c51BHEeZWamnJv767nE6PCak26bd3gf3XGN3rIRheufhDieCJQVISo+gNYUKhiUedBKGtsP/a18svAnlMJZudHxDFwK5ufsyoxsIyiAeSY2oi3tEuoDHr5gw42DFKAG3PqO3CEsl8Azzdt3pl5nGA1Ifv2H02eYsFzWb/nfp8PMb3F0krE/EgBcm8TD9Div8BAA
Tricustom14: Custom engine code is hT3Nu7hP3fiYQADBZnYcglNHp9bfd7EOeniIqP/ji8sGLQu8yhsFO+wxJ+O+R0bU8g/IewXFomyos+viQnWc2xYNYmMqpo3i40O7DaZR7qfp4YqNx26KRvQ/qx0BAA
0.0.N: Proof Simplification Iteration 1	[0.00 s]
0.0.N: Proof Simplification Iteration 2	[0.00 s]
0.0.PRE: A proof was found: No trace exists. [0.00 s]
INFO (IPF057): 0.0.PRE: The property ":noDeadEnd" was proven in 0.00 s.
    Use check_assumptions -show -dead_end to show this property in the property table.
0.0.PRE: A proof was found: No trace exists. [0.00 s]
INFO (IPF057): 0.0.PRE: The property ":noConflict" was proven in 0.00 s.
    Use check_assumptions -show to show this property in the property table.
INFO (IPF047): 0.0.PRE: The cover property ":live" was covered in 1 cycles in 0.00 s.
    Use check_assumptions -show -live to show this property in the property table.
0.0.PRE: Proof Simplification completed in 0.00 s
0: About to start ProofGrid in its own thread with a limit of 10000 pending notifications and a limit of 10 traces.
0: =============================== ProofGrid start ===============================
0: ProofGrid usable level: 1
0: Initial ProofGrid level: 1
0: ProofGrid is starting event handling
0.0.Hp: Proofgrid shell started at 132302@vlsi-moon(local) jg_132236_vlsi-moon_1
0.0.N: Proofgrid shell started at 132301@vlsi-moon(local) jg_132236_vlsi-moon_1
0.0.Hp: clocks: 1, declared: 1, looping: 0, posedge: 1, negedge: 0, noedge: 0, bothedge: 0
0.0.Hp: Last scan. Per property time limit: 0s
0.0.N: clocks: 1, declared: 1, looping: 0, posedge: 1, negedge: 0, noedge: 0, bothedge: 0
0.0.N: Last scan. Per property time limit: 0s
0.0.N: Starting proof for property "DELAY.p1"	[0.00 s].
0.0.N: Trace Attempt  1	[0.00 s]
0.0.N: Trace Attempt  2	[0.00 s]
0.0.N: Trace Attempt  3	[0.00 s]
0.0.N: Trace Attempt  3	[0.00 s]
0.0.N: Trace Attempt  4	[0.00 s]
0.0.N: Trace Attempt  4	[0.00 s]
0.0.Hp: Trace Attempt  1	[0.00 s]
0.0.N: Trace Attempt  5	[0.00 s]
0.0.Hp: Trace Attempt  2	[0.00 s]
0.0.Hp: Trace Attempt  3	[0.01 s]
0.0.Hp: Trace Attempt  4	[0.01 s]
0.0.Hp: Trace Attempt  5	[0.01 s]
0.0.N: Trace Attempt  1	[0.01 s]
0.0.N: Trace Attempt  2	[0.01 s]
0.0.N: Trace Attempt  3	[0.01 s]
0.0.N: Trace Attempt  5	[0.02 s]
0.0.Oh: Proofgrid shell started at 132334@vlsi-moon(local) jg_132236_vlsi-moon_1
0.0.Oh: clocks: 1, declared: 1, looping: 0, posedge: 1, negedge: 0, noedge: 0, bothedge: 0
0.0.Oh: Reached length limit (2147483647) [0.00 s]
0.0.B: Proofgrid shell started at 132335@vlsi-moon(local) jg_132236_vlsi-moon_1
0.0.B: clocks: 1, declared: 1, looping: 0, posedge: 1, negedge: 0, noedge: 0, bothedge: 0
0.0.B: Last scan. Per property time limit: 0s
0.0.B: Starting proof for property "DELAY.p1"	[0.00 s].
0.0.B: Trace Attempt  1	[0.00 s]
0.0.B: Trace Attempt  2	[0.00 s]
0.0.Oh: Exited with Success (@ 0.08 s)
0.0.B: Trace Attempt  3	[0.00 s]
0.0.B: Trace Attempt  4	[0.00 s]
0.0.B: Trace Attempt  5	[0.00 s]
0.0.Ht: Proofgrid shell started at 132333@vlsi-moon(local) jg_132236_vlsi-moon_1
0.0.Ht: clocks: 1, declared: 1, looping: 0, posedge: 1, negedge: 0, noedge: 0, bothedge: 0
0.0.Ht: Last scan. Per property time limit: 0s
0.0.Ht: Trace Attempt  1	[0.00 s]
0.0.Ht: Trace Attempt  2	[0.00 s]
0.0.Ht: Trace Attempt  3	[0.00 s]
0.0.Ht: Trace Attempt  4	[0.00 s]
0.0.Ht: Trace Attempt  5	[0.00 s]
0.0.AM: Proofgrid shell started at 132336@vlsi-moon(local) jg_132236_vlsi-moon_1
0.0.AM: clocks: 1, declared: 1, looping: 0, posedge: 1, negedge: 0, noedge: 0, bothedge: 0
0.0.AM: Last scan. Per property time limit: 0s
0.0.AM: Starting proof for property "DELAY.p1"	[0.00 s].
0.0.AM: Trace Attempt  1	[0.00 s]
0.0.AM: Trace Attempt  2	[0.00 s]
0.0.AM: Trace Attempt  3	[0.00 s]
0.0.AM: Trace Attempt  4	[0.00 s]
0.0.AM: Trace Attempt  5	[0.00 s]
0.0.AM: Trace Attempt  1	[0.00 s]
0.0.AM: Trace Attempt  2	[0.00 s]
0.0.AM: Trace Attempt  3	[0.00 s]
0.0.AM: Trace Attempt  4	[0.01 s]
0.0.AM: Trace Attempt  5	[0.01 s]
0.0.AM: Trace Attempt  1	[0.01 s]
0.0.AM: Trace Attempt  2	[0.01 s]
0.0.AM: Trace Attempt  3	[0.01 s]
0.0.AM: Trace Attempt  4	[0.02 s]
0.0.AM: Trace Attempt  5	[0.02 s]
0.0.N: Trace Attempt  1	[0.12 s]
0.0.N: Trace Attempt  2	[0.12 s]
0.0.N: Trace Attempt  3	[0.12 s]
0.0.N: Trace Attempt  4	[0.13 s]
0.0.N: Trace Attempt  5	[0.13 s]
0.0.AM: Trace Attempt  1	[0.04 s]
0.0.AM: Trace Attempt  2	[0.05 s]
0.0.AM: Trace Attempt  3	[0.05 s]
0.0.AM: Trace Attempt  4	[0.05 s]
0.0.AM: Trace Attempt  5	[0.05 s]
0.0.AM: Trace Attempt  1	[0.15 s]
0.0.AM: Trace Attempt  2	[0.15 s]
0.0.AM: Trace Attempt  3	[0.15 s]
0.0.AM: Trace Attempt  4	[0.15 s]
0.0.AM: Trace Attempt  5	[0.15 s]
0.0.N: Trace Attempt  1	[0.60 s]
0.0.N: Trace Attempt  2	[0.60 s]
0.0.N: Trace Attempt  3	[0.60 s]
0.0.N: Trace Attempt  5	[0.60 s]
0.0.AM: Trace Attempt  1	[0.56 s]
0.0.AM: Trace Attempt  2	[0.56 s]
0.0.AM: Trace Attempt  3	[0.56 s]
0.0.AM: Trace Attempt  4	[0.56 s]
0.0.AM: Trace Attempt  5	[0.56 s]
0.0.N: Trace Attempt  1	[2.30 s]
0.0.N: Trace Attempt  2	[2.30 s]
0.0.N: Trace Attempt  3	[2.30 s]
0.0.N: Trace Attempt  4	[2.30 s]
0.0.N: Trace Attempt  5	[2.30 s]
0.0.AM: Trace Attempt  1	[2.31 s]
0.0.AM: Trace Attempt  2	[2.31 s]
0.0.AM: Trace Attempt  3	[2.31 s]
0.0.AM: Trace Attempt  4	[2.31 s]
0.0.AM: Trace Attempt  5	[2.31 s]
0.0.Hp: Trace Attempt 599	[4.02 s]
0.0.B: Trace Attempt 2068	[4.00 s]
0.0.Ht: Trace Attempt 2203	[4.00 s]
0.0.N: Trace Attempt  1	[4.13 s]
0.0.N: Trace Attempt  2	[4.13 s]
0.0.N: Trace Attempt  3	[4.13 s]
0.0.N: Trace Attempt  4	[4.13 s]
0.0.N: Trace Attempt  5	[4.13 s]
0.0.N: Trace Attempt  1	[5.91 s]
0.0.N: Trace Attempt  2	[5.91 s]
0.0.N: Trace Attempt  3	[5.91 s]
0.0.N: Trace Attempt  4	[5.92 s]
0.0.N: Trace Attempt  5	[5.92 s]
0.0.AM: Trace Attempt 160	[6.33 s]
0.0.N: Trace Attempt  1	[7.70 s]
0.0.N: Trace Attempt  2	[7.70 s]
0.0.N: Trace Attempt  3	[7.70 s]
0.0.N: Trace Attempt  4	[7.70 s]
0.0.N: Trace Attempt  5	[7.70 s]
0.0.Hp: Trace Attempt 838	[8.03 s]
0.0.B: Trace Attempt 2732	[8.00 s]
0.0.Ht: Trace Attempt 2917	[8.00 s]
0.0.N: Trace Attempt  1	[9.57 s]
0.0.N: Trace Attempt  2	[9.57 s]
0.0.N: Trace Attempt  3	[9.57 s]
0.0.N: Trace Attempt  5	[9.58 s]
0.0.AM: Trace Attempt  1	[9.89 s]
0.0.AM: Trace Attempt  2	[9.89 s]
0.0.AM: Trace Attempt  3	[9.89 s]
0.0.AM: Trace Attempt  4	[9.89 s]
0.0.AM: Trace Attempt  5	[9.89 s]
0.0.Hp: Trace Attempt 1022	[12.03 s]
0.0.B: Trace Attempt 3231	[12.01 s]
0.0.Ht: Trace Attempt 3442	[12.00 s]
0.0.N: Trace Attempt 166	[13.62 s]
0.0.AM: Trace Attempt 175	[13.92 s]
0.0.Hp: Trace Attempt 1127	[16.03 s]
0.0.Ht: Trace Attempt 3874	[16.00 s]
0.0.B: Trace Attempt 3694	[16.01 s]
0.0.N: Trace Attempt  1	[16.93 s]
0.0.N: Trace Attempt  2	[16.93 s]
0.0.N: Trace Attempt  3	[16.93 s]
0.0.N: Trace Attempt  4	[16.93 s]
0.0.N: Trace Attempt  5	[16.93 s]
0.0.AM: Trace Attempt 247	[17.94 s]
0.0.Hp: Trace Attempt 1184	[20.07 s]
0.0.Ht: Trace Attempt 4242	[20.01 s]
0.0.B: Trace Attempt 4051	[20.02 s]
0.0.N: Trace Attempt 184	[20.95 s]
0.0.AM: Trace Attempt 282	[22.01 s]
0.0.N: Trace Attempt  1	[23.15 s]
0.0.N: Trace Attempt  2	[23.15 s]
0.0.N: Trace Attempt  3	[23.15 s]
0.0.N: Trace Attempt  4	[23.16 s]
0.0.N: Trace Attempt  5	[23.16 s]
0.0.Hp: Trace Attempt 1228	[24.08 s]
0.0.Ht: Trace Attempt 4576	[24.01 s]
0.0.B: Trace Attempt 4335	[24.02 s]
0.0.AM: Trace Attempt 328	[26.03 s]
0.0.N: Trace Attempt 185	[27.21 s]
0.0.Ht: Trace Attempt 4878	[28.03 s]
0.0.B: Trace Attempt 4622	[28.07 s]
0.0.Hp: Trace Attempt 1272	[28.16 s]
0.0.N: Trace Attempt  1	[29.27 s]
0.0.N: Trace Attempt  2	[29.27 s]
0.0.N: Trace Attempt  3	[29.27 s]
0.0.N: Trace Attempt  4	[29.27 s]
0.0.N: Trace Attempt  5	[29.28 s]
0.0.AM: Trace Attempt 363	[30.12 s]
0.0.B: Trace Attempt 4879	[32.08 s]
0.0.Hp: Trace Attempt 1339	[32.21 s]
0.0.N: Trace Attempt 186	[33.31 s]
0.0.AM: Trace Attempt 401	[34.14 s]
0.0.N: Trace Attempt  1	[35.37 s]
0.0.N: Trace Attempt  2	[35.37 s]
0.0.N: Trace Attempt  3	[35.37 s]
0.0.N: Trace Attempt  4	[35.38 s]
0.0.N: Trace Attempt  5	[35.38 s]
0.0.B: Trace Attempt 5026	[36.10 s]
0.0.Hp: Trace Attempt 1405	[36.24 s]
0.0.AM: Trace Attempt 437	[38.20 s]
0.0.N: Trace Attempt 186	[39.42 s]
0.0.B: Trace Attempt 5065	[40.17 s]
0.0.Hp: Trace Attempt 1442	[40.32 s]
0.0.N: Trace Attempt  1	[41.42 s]
0.0.N: Trace Attempt  2	[41.42 s]
0.0.N: Trace Attempt  3	[41.42 s]
0.0.N: Trace Attempt  4	[41.43 s]
0.0.N: Trace Attempt  5	[41.43 s]
0.0.AM: Trace Attempt 468	[42.34 s]
0.0.B: Trace Attempt 5099	[44.17 s]
0.0.Hp: Trace Attempt 1477	[44.35 s]
0.0.N: Trace Attempt 186	[45.48 s]
0.0.N: Trace Attempt  1	[47.53 s]
0.0.N: Trace Attempt  2	[47.53 s]
0.0.N: Trace Attempt  3	[47.53 s]
0.0.N: Trace Attempt  4	[47.54 s]
0.0.N: Trace Attempt  5	[47.54 s]
0.0.Ht: Trace Attempt 5004	[47.94 s]
0.0.AM: Trace Attempt 513	[47.94 s]
0.0.B: Trace Attempt 5132	[48.20 s]
0.0.Hp: Trace Attempt 1510	[48.43 s]
0.0.AM: Trace Attempt  1	[48.93 s]
0.0.AM: Trace Attempt  2	[48.93 s]
0.0.AM: Trace Attempt  3	[48.93 s]
0.0.AM: Trace Attempt  4	[48.93 s]
0.0.AM: Trace Attempt  5	[48.93 s]
0.0.N: Trace Attempt 182	[51.54 s]
0.0.B: Trace Attempt 5192	[52.20 s]
0.0.Hp: Trace Attempt 1546	[52.46 s]
0.0.AM: Trace Attempt 209	[52.94 s]
0.0.N: Trace Attempt  1	[53.99 s]
0.0.N: Trace Attempt  2	[53.99 s]
0.0.N: Trace Attempt  3	[53.99 s]
0.0.N: Trace Attempt  4	[53.99 s]
0.0.N: Trace Attempt  5	[53.99 s]
0.0.Ht: Trace Attempt 5007	[54.80 s]
0.0.B: Trace Attempt 5249	[56.26 s]
0.0.Hp: Trace Attempt 1582	[56.52 s]
0.0.AM: Trace Attempt 264	[57.04 s]
0.0.N: Trace Attempt 183	[58.06 s]
0.0.Ht: Trace Attempt 5064	[58.80 s]
0.0.B: Trace Attempt 5295	[60.27 s]
0.0.N: Trace Attempt  1	[60.39 s]
0.0.N: Trace Attempt  2	[60.39 s]
0.0.N: Trace Attempt  3	[60.39 s]
0.0.N: Trace Attempt  4	[60.39 s]
0.0.N: Trace Attempt  5	[60.39 s]
0.0.Hp: Trace Attempt 1617	[60.62 s]
0.0.AM: Trace Attempt 301	[61.19 s]
0.0.Ht: Trace Attempt 5132	[62.80 s]
0.0.B: Trace Attempt 5343	[64.30 s]
0.0.N: Trace Attempt 180	[64.42 s]
0.0.Hp: Trace Attempt 1651	[64.69 s]
0.0.AM: Trace Attempt 340	[65.28 s]
0.0.N: Trace Attempt  1	[67.08 s]
0.0.N: Trace Attempt  2	[67.08 s]
0.0.N: Trace Attempt  3	[67.08 s]
0.0.N: Trace Attempt  5	[67.08 s]
0.0.Ht: Trace Attempt 5179	[67.01 s]
0.0.B: Trace Attempt 5388	[68.32 s]
0.0.Hp: Trace Attempt 1685	[68.80 s]
0.0.AM: Trace Attempt 379	[69.34 s]
0.0.N: Trace Attempt 165	[71.12 s]
0.0.Ht: Trace Attempt 5254	[71.05 s]
0.0.B: Trace Attempt 5434	[72.40 s]
0.0.Hp: Trace Attempt 1713	[72.84 s]
0.0.AM: Trace Attempt 417	[73.35 s]
0.0.N: Trace Attempt  1	[74.75 s]
0.0.N: Trace Attempt  2	[74.75 s]
0.0.N: Trace Attempt  3	[74.75 s]
0.0.N: Trace Attempt  5	[74.75 s]
0.0.Ht: Trace Attempt 5325	[75.10 s]
0.0.B: Trace Attempt 5481	[76.43 s]
0.0.Hp: Trace Attempt 1742	[76.85 s]
0.0.AM: Trace Attempt 448	[77.36 s]
0.0.N: Trace Attempt 166	[78.75 s]
0.0.Ht: Trace Attempt 5389	[79.10 s]
0.0.B: Trace Attempt 5528	[80.51 s]
0.0.Hp: Trace Attempt 1770	[80.94 s]
0.0.AM: Trace Attempt 479	[81.59 s]
0.0.N: Trace Attempt  1	[82.39 s]
0.0.N: Trace Attempt  2	[82.39 s]
0.0.N: Trace Attempt  3	[82.39 s]
0.0.N: Trace Attempt  5	[82.39 s]
0.0.Ht: Trace Attempt 5439	[83.69 s]
0.0.B: Trace Attempt 5572	[84.56 s]
0.0.Hp: Trace Attempt 1800	[84.95 s]
0.0.AM: Trace Attempt 501	[85.60 s]
0.0.N: Trace Attempt 167	[86.40 s]
0.0.Ht: Trace Attempt 5487	[87.71 s]
0.0.B: Trace Attempt 5614	[88.60 s]
0.0.Hp: Trace Attempt 1830	[88.96 s]
0.0.N: Trace Attempt  1	[89.89 s]
0.0.N: Trace Attempt  2	[89.89 s]
0.0.N: Trace Attempt  3	[89.89 s]
0.0.N: Trace Attempt  5	[89.89 s]
0.0.AM: Trace Attempt 530	[89.91 s]
0.0.Ht: Trace Attempt 5529	[91.75 s]
0.0.B: Trace Attempt 5658	[92.69 s]
0.0.Hp: Trace Attempt 1860	[93.05 s]
0.0.N: Trace Attempt 166	[93.92 s]
0.0.AM: Trace Attempt 561	[93.92 s]
0.0.Ht: Trace Attempt 5567	[95.97 s]
0.0.B: Trace Attempt 5700	[96.69 s]
0.0.Hp: Trace Attempt 1889	[97.08 s]
0.0.N: Trace Attempt  1	[97.38 s]
0.0.N: Trace Attempt  2	[97.38 s]
0.0.N: Trace Attempt  3	[97.38 s]
0.0.N: Trace Attempt  4	[97.38 s]
0.0.N: Trace Attempt  5	[97.38 s]
0.0.AM: Trace Attempt 590	[97.93 s]
0.0.Ht: Trace Attempt 5617	[99.98 s]
0.0.B: Trace Attempt 5742	[100.79 s]
0.0.Hp: Trace Attempt 1917	[101.17 s]
0.0.N: Trace Attempt 181	[101.39 s]
0.0.AM: Trace Attempt 617	[101.94 s]
0.0.N: Trace Attempt  1	[103.85 s]
0.0.N: Trace Attempt  2	[103.85 s]
0.0.N: Trace Attempt  3	[103.85 s]
0.0.N: Trace Attempt  4	[103.86 s]
0.0.N: Trace Attempt  5	[103.86 s]
0.0.Ht: Trace Attempt 5667	[103.99 s]
0.0.B: Trace Attempt 5784	[104.84 s]
0.0.Hp: Trace Attempt 1946	[105.29 s]
0.0.AM: Trace Attempt 645	[106.24 s]
0.0.N: Trace Attempt 181	[107.87 s]
0.0.Ht: Trace Attempt 5687	[108.64 s]
0.0.B: Trace Attempt 5828	[108.98 s]
0.0.Hp: Trace Attempt 1973	[109.30 s]
0.0.N: Trace Attempt  1	[110.36 s]
0.0.N: Trace Attempt  2	[110.36 s]
0.0.N: Trace Attempt  3	[110.36 s]
0.0.N: Trace Attempt  4	[110.36 s]
0.0.N: Trace Attempt  5	[110.36 s]
0.0.AM: Trace Attempt 672	[110.30 s]
0.0.Ht: Trace Attempt 5753	[112.69 s]
0.0.B: Trace Attempt 5867	[113.01 s]
0.0.Hp: Trace Attempt 2003	[113.37 s]
0.0.N: Trace Attempt 181	[114.38 s]
0.0.AM: Trace Attempt 702	[114.40 s]
0.0.Ht: Trace Attempt 5818	[116.74 s]
0.0.N: Trace Attempt  1	[116.84 s]
0.0.N: Trace Attempt  2	[116.84 s]
0.0.N: Trace Attempt  3	[116.84 s]
0.0.N: Trace Attempt  4	[116.84 s]
0.0.N: Trace Attempt  5	[116.84 s]
0.0.B: Trace Attempt 5909	[117.04 s]
0.0.Hp: Trace Attempt 2033	[117.43 s]
0.0.AM: Trace Attempt 720	[118.50 s]
0.0.Ht: Trace Attempt 5881	[120.77 s]
0.0.N: Trace Attempt 181	[120.87 s]
0.0.B: Trace Attempt 5952	[121.04 s]
0.0.Hp: Trace Attempt 2072	[121.48 s]
0.0.AM: Trace Attempt 726	[122.60 s]
0.0.N: Trace Attempt  1	[123.69 s]
0.0.N: Trace Attempt  2	[123.69 s]
0.0.N: Trace Attempt  3	[123.69 s]
0.0.N: Trace Attempt  5	[123.69 s]
0.0.Ht: Trace Attempt 5939	[124.78 s]
0.0.B: Trace Attempt 5996	[125.09 s]
0.0.Hp: Trace Attempt 2120	[125.53 s]
0.0.AM: Trace Attempt 733	[126.85 s]
0.0.N: Trace Attempt 174	[127.71 s]
0.0.Ht: Trace Attempt 5995	[128.80 s]
0.0.B: Trace Attempt 6041	[129.16 s]
0.0.Hp: Trace Attempt 2169	[129.60 s]
0.0.N: Trace Attempt 243	[131.76 s]
0.0.AM: Trace Attempt 743	[132.95 s]
0.0.B: Trace Attempt 6083	[133.19 s]
0.0.Hp: Trace Attempt 2198	[133.71 s]
0.0.Ht: Trace Attempt 6033	[133.96 s]
0.0.N: Trace Attempt 271	[135.78 s]
0.0.B: Trace Attempt 6123	[137.19 s]
0.0.Hp: Trace Attempt 2224	[137.77 s]
0.0.AM: Trace Attempt 751	[137.75 s]
0.0.Ht: Trace Attempt 6079	[138.02 s]
0.0.N: Trace Attempt 297	[139.81 s]
0.0.B: Trace Attempt 6167	[141.25 s]
0.0.Hp: Trace Attempt 2249	[141.80 s]
0.0.AM: Trace Attempt 756	[141.91 s]
0.0.Ht: Trace Attempt 6126	[142.05 s]
0.0.N: Trace Attempt 337	[143.82 s]
0.0.B: Trace Attempt 6210	[145.32 s]
0.0.Hp: Trace Attempt 2273	[145.86 s]
0.0.AM: Trace Attempt 763	[146.07 s]
0.0.Ht: Trace Attempt 6177	[146.12 s]
0.0.N: Trace Attempt 367	[147.93 s]
0.0.B: Trace Attempt 6252	[149.35 s]
0.0.Hp: Trace Attempt 2296	[150.01 s]
0.0.Ht: Trace Attempt 6223	[150.13 s]
0.0.N: Trace Attempt 396	[151.95 s]
0.0.AM: Trace Attempt 768	[152.45 s]
0.0.B: Trace Attempt 6293	[153.39 s]
0.0.Hp: Trace Attempt 2334	[154.08 s]
0.0.Ht: Trace Attempt 6270	[154.21 s]
0.0.N: Trace Attempt 423	[156.06 s]
0.0.AM: Trace Attempt 776	[156.81 s]
0.0.B: Trace Attempt 6333	[157.47 s]
0.0.Hp: Trace Attempt 2378	[158.11 s]
0.0.Ht: Trace Attempt 6313	[158.25 s]
0.0.N: Trace Attempt 454	[160.11 s]
0.0.AM: Trace Attempt 781	[160.96 s]
0.0.B: Trace Attempt 6373	[161.48 s]
0.0.Hp: Trace Attempt 2422	[162.17 s]
0.0.Ht: Trace Attempt 6350	[162.25 s]
0.0.N: Trace Attempt  1	[163.38 s]
0.0.N: Trace Attempt  2	[163.38 s]
0.0.N: Trace Attempt  3	[163.38 s]
0.0.N: Trace Attempt  5	[163.39 s]
0.0.AM: Trace Attempt 788	[165.30 s]
0.0.B: Trace Attempt 6414	[165.57 s]
0.0.Hp: Trace Attempt 2449	[166.18 s]
0.0.Ht: Trace Attempt 6394	[166.28 s]
0.0.N: Trace Attempt 144	[167.43 s]
0.0.B: Trace Attempt 6456	[169.66 s]
0.0.AM: Trace Attempt 793	[169.68 s]
0.0.Hp: Trace Attempt 2472	[170.20 s]
0.0.Ht: Trace Attempt 6437	[170.29 s]
0.0.N: Trace Attempt 200	[171.46 s]
0.0.B: Trace Attempt 6497	[173.72 s]
0.0.AM: Trace Attempt 799	[174.05 s]
0.0.Hp: Trace Attempt 2495	[174.27 s]
0.0.Ht: Trace Attempt 6478	[174.30 s]
0.0.N: Trace Attempt 246	[175.58 s]
0.0.B: Trace Attempt 6538	[177.77 s]
0.0.Hp: Trace Attempt 2518	[178.37 s]
0.0.Ht: Trace Attempt 6521	[178.37 s]
0.0.AM: Trace Attempt 805	[179.14 s]
0.0.N: Trace Attempt 281	[179.60 s]
0.0.N: Trace Attempt 293	[181.23 s]
0.0.N: Stopped processing property "DELAY.p1"	[181.29 s].
0.0.N: Morphing to Ncustom1
0.0.N: All properties determined. [0.00 s]
0.0.N: Exited with Success (@ 0.00 s)
0.0.Ncustom1: clocks: 1, declared: 1, looping: 0, posedge: 1, negedge: 0, noedge: 0, bothedge: 0
0.0.Ncustom1: Starting proof for property "DELAY.p1"	[0.00 s].
0.0.Ncustom1: Trace Attempt 462	[0.04 s]
0.0.B: Trace Attempt 6571	[181.11 s]
0.0.B: Stopped processing property "DELAY.p1"	[181.27 s].
0.0.B: Morphing to Bcustom2
0.0.B: All properties determined. [0.00 s]
0.0.B: Exited with Success (@ 0.00 s)
0.0.Bcustom2: clocks: 1, declared: 1, looping: 0, posedge: 1, negedge: 0, noedge: 0, bothedge: 0
0.0.Bcustom2: Starting proof for property "DELAY.p1"	[0.00 s].
0.0.Bcustom2: Trace Attempt  1	[0.00 s]
0.0.Bcustom2: Trace Attempt  2	[0.00 s]
0.0.Bcustom2: Trace Attempt  3	[0.00 s]
0.0.Bcustom2: Trace Attempt  1	[0.00 s]
0.0.Bcustom2: Trace Attempt  2	[0.00 s]
0.0.Bcustom2: Trace Attempt  3	[0.00 s]
0.0.Bcustom2: Trace Attempt  4	[0.00 s]
0.0.Bcustom2: Trace Attempt  5	[0.00 s]
0.0.Bcustom2: Trace Attempt  1	[0.00 s]
0.0.Bcustom2: Trace Attempt  2	[0.00 s]
0.0.Bcustom2: Trace Attempt  3	[0.00 s]
0.0.Bcustom2: Trace Attempt  4	[0.00 s]
0.0.Bcustom2: Trace Attempt  5	[0.00 s]
0.0.Bcustom2: Trace Attempt  1	[0.01 s]
0.0.Bcustom2: Trace Attempt  2	[0.01 s]
0.0.Bcustom2: Trace Attempt  3	[0.01 s]
0.0.Bcustom2: Trace Attempt  4	[0.01 s]
0.0.Bcustom2: Trace Attempt  5	[0.01 s]
0.0.Bcustom2: Trace Attempt  1	[0.01 s]
0.0.Bcustom2: Trace Attempt  2	[0.01 s]
0.0.Bcustom2: Trace Attempt  3	[0.01 s]
0.0.Bcustom2: Trace Attempt  4	[0.01 s]
0.0.Bcustom2: Trace Attempt  5	[0.01 s]
0.0.Bcustom2: Trace Attempt  1	[0.02 s]
0.0.Bcustom2: Trace Attempt  2	[0.02 s]
0.0.Bcustom2: Trace Attempt  3	[0.02 s]
0.0.Bcustom2: Trace Attempt  4	[0.02 s]
0.0.Bcustom2: Trace Attempt  5	[0.02 s]
0.0.Tri: Proofgrid shell started at 133846@vlsi-moon(local) jg_132236_vlsi-moon_1
0.0.Tri: clocks: 1, declared: 1, looping: 0, posedge: 1, negedge: 0, noedge: 0, bothedge: 0
0.0.Bcustom2: Trace Attempt  1	[0.05 s]
0.0.Bcustom2: Trace Attempt  2	[0.05 s]
0.0.Bcustom2: Trace Attempt  3	[0.05 s]
0.0.Bcustom2: Trace Attempt  4	[0.05 s]
0.0.Bcustom2: Trace Attempt  5	[0.05 s]
0.0.Tri: Last scan. Per property time limit: 0s
0.0.Tri: Starting proof for property "DELAY.p1"	[0.00 s].
0.0.Tri: Trace Attempt  1	[0.00 s]
0.0.AM: Trace Attempt 807	[180.27 s]
0.0.AM: Stopped processing property "DELAY.p1"	[181.37 s].
0.0.AM: Morphing to AMcustom3
0.0.AM: All properties determined. [0.00 s]
0.0.AM: Exited with Success (@ 0.00 s)
0.0.AMcustom3: clocks: 1, declared: 1, looping: 0, posedge: 1, negedge: 0, noedge: 0, bothedge: 0
0.0.AMcustom3: Starting proof for property "DELAY.p1"	[0.00 s].
0.0.AMcustom3: Trace Attempt  1	[0.00 s]
0.0.AMcustom3: Trace Attempt  2	[0.00 s]
0.0.AMcustom3: Trace Attempt  3	[0.00 s]
0.0.AMcustom3: Trace Attempt  4	[0.00 s]
0.0.AMcustom3: Trace Attempt  5	[0.00 s]
0.0.AMcustom3: Trace Attempt  1	[0.00 s]
0.0.AMcustom3: Trace Attempt  2	[0.00 s]
0.0.AMcustom3: Trace Attempt  3	[0.00 s]
0.0.AMcustom3: Trace Attempt  4	[0.01 s]
0.0.Tri:    0.00" ---- Launching main thread ----
0.0.AMcustom3: Trace Attempt  5	[0.01 s]
0.0.AMcustom3: Trace Attempt  1	[0.01 s]
0.0.AMcustom3: Trace Attempt  2	[0.01 s]
0.0.AMcustom3: Trace Attempt  3	[0.01 s]
0.0.AMcustom3: Trace Attempt  4	[0.01 s]
0.0.AMcustom3: Trace Attempt  5	[0.02 s]
0.0.Tri:    0.04" ---- Launching abstraction thread ----
0.0.AMcustom3: Trace Attempt  1	[0.04 s]
0.0.AMcustom3: Trace Attempt  2	[0.04 s]
0.0.AMcustom3: Trace Attempt  3	[0.04 s]
0.0.Tri:    0.04" ---- Launching multi-phase simplification thread ----
0.0.AMcustom3: Trace Attempt  4	[0.05 s]
0.0.AMcustom3: Trace Attempt  5	[0.05 s]
0.0.Tri:    0.07" ---- Launching liveness simplification thread ----
0.0.Bcustom2: Trace Attempt  1	[0.18 s]
0.0.Bcustom2: Trace Attempt  2	[0.18 s]
0.0.Bcustom2: Trace Attempt  3	[0.18 s]
0.0.Bcustom2: Trace Attempt  4	[0.18 s]
0.0.Bcustom2: Trace Attempt  5	[0.18 s]
0.0.AMcustom3: Trace Attempt  1	[0.15 s]
0.0.AMcustom3: Trace Attempt  2	[0.15 s]
0.0.AMcustom3: Trace Attempt  3	[0.15 s]
0.0.AMcustom3: Trace Attempt  4	[0.15 s]
0.0.AMcustom3: Trace Attempt  5	[0.15 s]
0.0.AMcustom3: Trace Attempt  1	[0.56 s]
0.0.AMcustom3: Trace Attempt  2	[0.56 s]
0.0.AMcustom3: Trace Attempt  3	[0.57 s]
0.0.AMcustom3: Trace Attempt  4	[0.57 s]
0.0.AMcustom3: Trace Attempt  5	[0.57 s]
0.0.Bcustom2: Trace Attempt  1	[0.80 s]
0.0.Bcustom2: Trace Attempt  2	[0.80 s]
0.0.Bcustom2: Trace Attempt  3	[0.80 s]
0.0.Bcustom2: Trace Attempt  4	[0.80 s]
0.0.Bcustom2: Trace Attempt  5	[0.80 s]
0.0.AMcustom3: Trace Attempt 37	[0.76 s]
0.0.AMcustom3: Stopped processing property "DELAY.p1"	[0.78 s].
0.0.AMcustom3: Morphing to M
0.0.Bcustom2: Trace Attempt 296	[0.88 s]
0.0.Bcustom2: Stopped processing property "DELAY.p1"	[0.88 s].
0.0.Bcustom2: Morphing to D
0.0.Bcustom2: All properties determined. [0.00 s]
0.0.Bcustom2: Exited with Success (@ 0.00 s)
0.0.D: clocks: 1, declared: 1, looping: 0, posedge: 1, negedge: 0, noedge: 0, bothedge: 0
0.0.D: Starting proof for property "DELAY.p1"	[0.00 s].
0.0.D: Trace Attempt  1	[0.00 s]
0.0.D: Trace Attempt  2	[0.00 s]
0.0.D: Trace Attempt  3	[0.00 s]
0.0.D: Trace Attempt  4	[0.00 s]
0.0.AMcustom3: All properties determined. [0.00 s]
0.0.AMcustom3: Exited with Success (@ 0.00 s)
0.0.M: clocks: 1, declared: 1, looping: 0, posedge: 1, negedge: 0, noedge: 0, bothedge: 0
0.0.M: Starting proof for property "DELAY.p1"	[0.00 s].
0.0.M: Trace Attempt  1	[0.00 s]
0.0.M: Trace Attempt  2	[0.00 s]
0.0.M: Trace Attempt  3	[0.00 s]
0.0.M: Trace Attempt  4	[0.00 s]
0.0.M: Trace Attempt  5	[0.00 s]
0.0.Ncustom1: Trace Attempt  1	[0.99 s]
0.0.Ncustom1: Trace Attempt  2	[0.99 s]
0.0.Ncustom1: Trace Attempt  3	[0.99 s]
0.0.Ncustom1: Trace Attempt  5	[1.00 s]
0.0.Tri: Stopped processing property "DELAY.p1"	[0.92 s].
0.0.Tri: Morphing to AMcustom5
0.0.Tri: All properties determined. [0.00 s]
0.0.Tri: Exited with Success (@ 0.00 s)
0.0.AMcustom5: clocks: 1, declared: 1, looping: 0, posedge: 1, negedge: 0, noedge: 0, bothedge: 0
0.0.AMcustom5: Starting proof for property "DELAY.p1"	[0.00 s].
0.0.AMcustom5: Trace Attempt  1	[0.00 s]
0.0.AMcustom5: Trace Attempt  2	[0.00 s]
0.0.AMcustom5: Trace Attempt  3	[0.00 s]
0.0.AMcustom5: Trace Attempt  1	[0.01 s]
0.0.AMcustom5: Trace Attempt  2	[0.01 s]
0.0.AMcustom5: Trace Attempt  3	[0.01 s]
0.0.AMcustom5: Trace Attempt  4	[0.01 s]
0.0.AMcustom5: Trace Attempt  5	[0.01 s]
0.0.AMcustom5: Trace Attempt  1	[0.01 s]
0.0.AMcustom5: Trace Attempt  2	[0.01 s]
0.0.AMcustom5: Trace Attempt  3	[0.01 s]
0.0.AMcustom5: Trace Attempt  4	[0.01 s]
0.0.AMcustom5: Trace Attempt  5	[0.01 s]
0.0.AMcustom5: Trace Attempt  1	[0.02 s]
0.0.AMcustom5: Trace Attempt  2	[0.02 s]
0.0.AMcustom5: Trace Attempt  3	[0.02 s]
0.0.AMcustom5: Trace Attempt  4	[0.02 s]
0.0.AMcustom5: Trace Attempt  5	[0.02 s]
0.0.AMcustom5: Trace Attempt  1	[0.03 s]
0.0.AMcustom5: Trace Attempt  2	[0.03 s]
0.0.AMcustom5: Trace Attempt  3	[0.03 s]
0.0.AMcustom5: Trace Attempt  4	[0.04 s]
0.0.AMcustom5: Trace Attempt  5	[0.04 s]
0.0.AMcustom5: Trace Attempt  1	[0.04 s]
0.0.AMcustom5: Trace Attempt  2	[0.04 s]
0.0.AMcustom5: Trace Attempt  3	[0.04 s]
0.0.AMcustom5: Trace Attempt  4	[0.04 s]
0.0.AMcustom5: Trace Attempt  5	[0.04 s]
0.0.AMcustom5: Trace Attempt  1	[0.04 s]
0.0.AMcustom5: Trace Attempt  2	[0.05 s]
0.0.AMcustom5: Trace Attempt  3	[0.05 s]
0.0.AMcustom5: Trace Attempt  4	[0.05 s]
0.0.AMcustom5: Trace Attempt  5	[0.05 s]
0.0.Hp: Trace Attempt 2540	[182.41 s]
0.0.AMcustom5: Trace Attempt  1	[0.07 s]
0.0.AMcustom5: Trace Attempt  2	[0.07 s]
0.0.AMcustom5: Trace Attempt  3	[0.07 s]
0.0.AMcustom5: Trace Attempt  4	[0.07 s]
0.0.AMcustom5: Trace Attempt  5	[0.07 s]
0.0.AMcustom5: Trace Attempt  1	[0.07 s]
0.0.AMcustom5: Trace Attempt  2	[0.08 s]
0.0.AMcustom5: Trace Attempt  3	[0.08 s]
0.0.AMcustom5: Trace Attempt  4	[0.08 s]
0.0.AMcustom5: Trace Attempt  5	[0.08 s]
0.0.AMcustom5: Trace Attempt  1	[0.08 s]
0.0.AMcustom5: Trace Attempt  2	[0.09 s]
0.0.AMcustom5: Trace Attempt  3	[0.09 s]
0.0.AMcustom5: Trace Attempt  4	[0.09 s]
0.0.AMcustom5: Trace Attempt  5	[0.09 s]
0.0.AMcustom5: Trace Attempt  1	[0.11 s]
0.0.AMcustom5: Trace Attempt  2	[0.11 s]
0.0.AMcustom5: Trace Attempt  3	[0.11 s]
0.0.AMcustom5: Trace Attempt  4	[0.11 s]
0.0.AMcustom5: Trace Attempt  5	[0.11 s]
0.0.Ht: Trace Attempt 6563	[182.42 s]
0.0.AMcustom5: Trace Attempt  1	[0.19 s]
0.0.AMcustom5: Trace Attempt  2	[0.19 s]
0.0.AMcustom5: Trace Attempt  3	[0.19 s]
0.0.AMcustom5: Trace Attempt  4	[0.19 s]
0.0.AMcustom5: Trace Attempt  5	[0.19 s]
0.0.AMcustom5: Trace Attempt  1	[0.19 s]
0.0.AMcustom5: Trace Attempt  2	[0.19 s]
0.0.AMcustom5: Trace Attempt  3	[0.19 s]
0.0.AMcustom5: Trace Attempt  4	[0.19 s]
0.0.AMcustom5: Trace Attempt  5	[0.19 s]
0.0.AMcustom5: Trace Attempt  1	[0.20 s]
0.0.AMcustom5: Trace Attempt  2	[0.20 s]
0.0.AMcustom5: Trace Attempt  3	[0.20 s]
0.0.AMcustom5: Trace Attempt  4	[0.20 s]
0.0.AMcustom5: Trace Attempt  5	[0.20 s]
0.0.AMcustom5: Trace Attempt  1	[0.23 s]
0.0.AMcustom5: Trace Attempt  2	[0.23 s]
0.0.AMcustom5: Trace Attempt  3	[0.23 s]
0.0.AMcustom5: Trace Attempt  4	[0.23 s]
0.0.AMcustom5: Trace Attempt  5	[0.23 s]
0.0.AMcustom5: Trace Attempt  1	[0.33 s]
0.0.AMcustom5: Trace Attempt  2	[0.33 s]
0.0.AMcustom5: Trace Attempt  3	[0.33 s]
0.0.AMcustom5: Trace Attempt  4	[0.33 s]
0.0.AMcustom5: Trace Attempt  5	[0.33 s]
0.0.AMcustom5: Trace Attempt  1	[0.70 s]
0.0.AMcustom5: Trace Attempt  2	[0.70 s]
0.0.AMcustom5: Trace Attempt  3	[0.70 s]
0.0.AMcustom5: Trace Attempt  4	[0.70 s]
0.0.AMcustom5: Trace Attempt  5	[0.70 s]
0.0.AMcustom5: Trace Attempt  1	[0.70 s]
0.0.AMcustom5: Trace Attempt  2	[0.70 s]
0.0.AMcustom5: Trace Attempt  3	[0.70 s]
0.0.AMcustom5: Trace Attempt  4	[0.71 s]
0.0.AMcustom5: Trace Attempt  5	[0.71 s]
0.0.AMcustom5: Trace Attempt  1	[0.71 s]
0.0.AMcustom5: Trace Attempt  2	[0.71 s]
0.0.AMcustom5: Trace Attempt  3	[0.71 s]
0.0.AMcustom5: Trace Attempt  4	[0.71 s]
0.0.AMcustom5: Trace Attempt  5	[0.71 s]
0.0.AMcustom5: Trace Attempt  1	[0.74 s]
0.0.AMcustom5: Trace Attempt  2	[0.74 s]
0.0.AMcustom5: Trace Attempt  3	[0.74 s]
0.0.AMcustom5: Trace Attempt  4	[0.74 s]
0.0.AMcustom5: Trace Attempt  5	[0.74 s]
0.0.AMcustom5: Trace Attempt  1	[0.84 s]
0.0.AMcustom5: Trace Attempt  2	[0.84 s]
0.0.AMcustom5: Trace Attempt  3	[0.84 s]
0.0.AMcustom5: Trace Attempt  4	[0.84 s]
0.0.AMcustom5: Trace Attempt  5	[0.84 s]
0.0.AMcustom5: Trace Attempt  1	[1.16 s]
0.0.AMcustom5: Trace Attempt  2	[1.16 s]
0.0.AMcustom5: Trace Attempt  3	[1.16 s]
0.0.AMcustom5: Trace Attempt  4	[1.16 s]
0.0.AMcustom5: Trace Attempt  5	[1.16 s]
0.0.Ncustom1: Trace Attempt 126	[3.25 s]
0.0.Ncustom1: Stopped processing property "DELAY.p1"	[3.28 s].
0.0.Ncustom1: Morphing to Bcustom2
0.0.D: Trace Attempt 64	[0.77 s]
0.0.D: Stopped processing property "DELAY.p1"	[2.35 s].
0.0.D: Morphing to AMcustom3
0.0.D: All properties determined. [0.00 s]
0.0.D: Exited with Success (@ 0.00 s)
0.0.AMcustom3: clocks: 1, declared: 1, looping: 0, posedge: 1, negedge: 0, noedge: 0, bothedge: 0
0.0.AMcustom3: Starting proof for property "DELAY.p1"	[0.00 s].
0.0.AMcustom3: Trace Attempt  1	[0.00 s]
0.0.AMcustom3: Trace Attempt  2	[0.00 s]
0.0.AMcustom3: Trace Attempt  3	[0.00 s]
0.0.Ncustom1: All properties determined. [0.00 s]
0.0.Ncustom1: Exited with Success (@ 0.00 s)
0.0.AMcustom3: Trace Attempt  4	[0.00 s]
0.0.AMcustom3: Trace Attempt  5	[0.00 s]
0.0.Bcustom2: clocks: 1, declared: 1, looping: 0, posedge: 1, negedge: 0, noedge: 0, bothedge: 0
0.0.Bcustom2: Starting proof for property "DELAY.p1"	[0.00 s].
0.0.AMcustom3: Trace Attempt  1	[0.00 s]
0.0.Bcustom2: Trace Attempt  1	[0.00 s]
0.0.Bcustom2: Trace Attempt  2	[0.00 s]
0.0.Bcustom2: Trace Attempt  3	[0.00 s]
0.0.Bcustom2: Trace Attempt  1	[0.00 s]
0.0.Bcustom2: Trace Attempt  2	[0.00 s]
0.0.AMcustom3: Trace Attempt  2	[0.00 s]
0.0.Bcustom2: Trace Attempt  3	[0.00 s]
0.0.Bcustom2: Trace Attempt  4	[0.00 s]
0.0.AMcustom3: Trace Attempt  3	[0.00 s]
0.0.Bcustom2: Trace Attempt  5	[0.00 s]
0.0.Bcustom2: Trace Attempt  1	[0.00 s]
0.0.AMcustom3: Trace Attempt  4	[0.01 s]
0.0.Bcustom2: Trace Attempt  2	[0.00 s]
0.0.Bcustom2: Trace Attempt  3	[0.00 s]
0.0.Bcustom2: Trace Attempt  4	[0.00 s]
0.0.Bcustom2: Trace Attempt  5	[0.00 s]
0.0.AMcustom3: Trace Attempt  5	[0.01 s]
0.0.Bcustom2: Trace Attempt  1	[0.01 s]
0.0.Bcustom2: Trace Attempt  2	[0.01 s]
0.0.Bcustom2: Trace Attempt  3	[0.01 s]
0.0.Bcustom2: Trace Attempt  4	[0.01 s]
0.0.Bcustom2: Trace Attempt  5	[0.01 s]
0.0.AMcustom3: Trace Attempt  1	[0.01 s]
0.0.Bcustom2: Trace Attempt  1	[0.01 s]
0.0.Bcustom2: Trace Attempt  2	[0.01 s]
0.0.Bcustom2: Trace Attempt  3	[0.01 s]
0.0.Bcustom2: Trace Attempt  4	[0.01 s]
0.0.Bcustom2: Trace Attempt  5	[0.01 s]
0.0.AMcustom3: Trace Attempt  2	[0.01 s]
0.0.AMcustom3: Trace Attempt  3	[0.01 s]
0.0.AMcustom3: Trace Attempt  4	[0.01 s]
0.0.AMcustom3: Trace Attempt  5	[0.02 s]
0.0.Bcustom2: Trace Attempt  1	[0.02 s]
0.0.Bcustom2: Trace Attempt  2	[0.02 s]
0.0.Bcustom2: Trace Attempt  3	[0.02 s]
0.0.Bcustom2: Trace Attempt  4	[0.02 s]
0.0.Bcustom2: Trace Attempt  5	[0.02 s]
0.0.AMcustom5: Trace Attempt 69	[2.26 s]
0.0.AMcustom5: Stopped processing property "DELAY.p1"	[2.26 s].
0.0.AMcustom5: Morphing to ADcustom7
0.0.AMcustom5: All properties determined. [0.00 s]
0.0.AMcustom5: Exited with Success (@ 0.00 s)
0.0.ADcustom7: clocks: 1, declared: 1, looping: 0, posedge: 1, negedge: 0, noedge: 0, bothedge: 0
0.0.ADcustom7: Starting proof for property "DELAY.p1"	[0.00 s].
0.0.ADcustom7: Trace Attempt  1	[0.00 s]
0.0.ADcustom7: Trace Attempt  2	[0.00 s]
0.0.ADcustom7: Trace Attempt  3	[0.00 s]
0.0.ADcustom7: Trace Attempt  1	[0.00 s]
0.0.ADcustom7: Trace Attempt  2	[0.00 s]
0.0.ADcustom7: Trace Attempt  3	[0.00 s]
0.0.ADcustom7: Trace Attempt  4	[0.00 s]
0.0.ADcustom7: Trace Attempt  5	[0.00 s]
0.0.ADcustom7: Trace Attempt  1	[0.00 s]
0.0.ADcustom7: Trace Attempt  2	[0.00 s]
0.0.ADcustom7: Trace Attempt  3	[0.00 s]
0.0.ADcustom7: Trace Attempt  4	[0.00 s]
0.0.ADcustom7: Trace Attempt  5	[0.01 s]
0.0.ADcustom7: Trace Attempt  1	[0.01 s]
0.0.ADcustom7: Trace Attempt  2	[0.01 s]
0.0.ADcustom7: Trace Attempt  3	[0.01 s]
0.0.ADcustom7: Trace Attempt  4	[0.01 s]
0.0.AMcustom3: Trace Attempt  1	[0.04 s]
0.0.AMcustom3: Trace Attempt  2	[0.04 s]
0.0.AMcustom3: Trace Attempt  3	[0.04 s]
0.0.AMcustom3: Trace Attempt  4	[0.05 s]
0.0.AMcustom3: Trace Attempt  5	[0.05 s]
0.0.Bcustom2: Trace Attempt  1	[0.04 s]
0.0.Bcustom2: Trace Attempt  2	[0.04 s]
0.0.Bcustom2: Trace Attempt  3	[0.04 s]
0.0.Bcustom2: Trace Attempt  4	[0.04 s]
0.0.Bcustom2: Trace Attempt  5	[0.04 s]
0.0.ADcustom7: Trace Attempt  1	[0.03 s]
0.0.ADcustom7: Trace Attempt  2	[0.03 s]
0.0.ADcustom7: Trace Attempt  3	[0.03 s]
0.0.ADcustom7: Trace Attempt  4	[0.03 s]
0.0.ADcustom7: Trace Attempt  5	[0.03 s]
0.0.ADcustom7: Trace Attempt  1	[0.03 s]
0.0.ADcustom7: Trace Attempt  2	[0.03 s]
0.0.ADcustom7: Trace Attempt  3	[0.03 s]
0.0.ADcustom7: Trace Attempt  4	[0.03 s]
0.0.ADcustom7: Trace Attempt  1	[0.04 s]
0.0.ADcustom7: Trace Attempt  2	[0.04 s]
0.0.ADcustom7: Trace Attempt  3	[0.04 s]
0.0.ADcustom7: Trace Attempt  4	[0.04 s]
0.0.ADcustom7: Trace Attempt  1	[0.07 s]
0.0.ADcustom7: Trace Attempt  2	[0.07 s]
0.0.ADcustom7: Trace Attempt  3	[0.07 s]
0.0.ADcustom7: Trace Attempt  4	[0.07 s]
0.0.ADcustom7: Trace Attempt  5	[0.07 s]
0.0.ADcustom7: Trace Attempt  1	[0.08 s]
0.0.ADcustom7: Trace Attempt  2	[0.08 s]
0.0.ADcustom7: Trace Attempt  3	[0.08 s]
0.0.ADcustom7: Trace Attempt  4	[0.08 s]
0.0.ADcustom7: Trace Attempt  1	[0.09 s]
0.0.ADcustom7: Trace Attempt  2	[0.09 s]
0.0.ADcustom7: Trace Attempt  3	[0.09 s]
0.0.ADcustom7: Trace Attempt  4	[0.09 s]
0.0.AMcustom3: Trace Attempt  1	[0.14 s]
0.0.AMcustom3: Trace Attempt  2	[0.14 s]
0.0.AMcustom3: Trace Attempt  3	[0.14 s]
0.0.AMcustom3: Trace Attempt  4	[0.15 s]
0.0.AMcustom3: Trace Attempt  5	[0.15 s]
0.0.ADcustom7: Trace Attempt  1	[0.12 s]
0.0.ADcustom7: Trace Attempt  2	[0.12 s]
0.0.ADcustom7: Trace Attempt  3	[0.12 s]
0.0.ADcustom7: Trace Attempt  4	[0.12 s]
0.0.Bcustom2: Trace Attempt  1	[0.18 s]
0.0.Bcustom2: Trace Attempt  2	[0.18 s]
0.0.Bcustom2: Trace Attempt  3	[0.18 s]
0.0.Bcustom2: Trace Attempt  4	[0.18 s]
0.0.Bcustom2: Trace Attempt  5	[0.18 s]
0.0.ADcustom7: Trace Attempt  1	[0.30 s]
0.0.ADcustom7: Trace Attempt  2	[0.30 s]
0.0.ADcustom7: Trace Attempt  3	[0.30 s]
0.0.ADcustom7: Trace Attempt  4	[0.30 s]
0.0.ADcustom7: Trace Attempt  5	[0.30 s]
0.0.ADcustom7: Trace Attempt  1	[0.30 s]
0.0.ADcustom7: Trace Attempt  2	[0.30 s]
0.0.ADcustom7: Trace Attempt  3	[0.31 s]
0.0.ADcustom7: Trace Attempt  4	[0.31 s]
0.0.ADcustom7: Trace Attempt  1	[0.32 s]
0.0.ADcustom7: Trace Attempt  2	[0.32 s]
0.0.ADcustom7: Trace Attempt  3	[0.32 s]
0.0.ADcustom7: Trace Attempt  4	[0.32 s]
0.0.ADcustom7: Trace Attempt  1	[0.35 s]
0.0.ADcustom7: Trace Attempt  2	[0.35 s]
0.0.ADcustom7: Trace Attempt  3	[0.35 s]
0.0.ADcustom7: Trace Attempt  4	[0.35 s]
0.0.ADcustom7: Trace Attempt  1	[0.51 s]
0.0.ADcustom7: Trace Attempt  2	[0.51 s]
0.0.ADcustom7: Trace Attempt  3	[0.51 s]
0.0.ADcustom7: Trace Attempt  4	[0.51 s]
0.0.AMcustom3: Trace Attempt  1	[0.55 s]
0.0.AMcustom3: Trace Attempt  2	[0.55 s]
0.0.AMcustom3: Trace Attempt  3	[0.55 s]
0.0.AMcustom3: Trace Attempt  4	[0.55 s]
0.0.AMcustom3: Trace Attempt  5	[0.55 s]
0.0.Bcustom2: Trace Attempt  1	[0.79 s]
0.0.Bcustom2: Trace Attempt  2	[0.79 s]
0.0.Bcustom2: Trace Attempt  3	[0.79 s]
0.0.Bcustom2: Trace Attempt  4	[0.79 s]
0.0.Bcustom2: Trace Attempt  5	[0.79 s]
0.0.ADcustom7: Trace Attempt  1	[1.36 s]
0.0.ADcustom7: Trace Attempt  2	[1.36 s]
0.0.ADcustom7: Trace Attempt  3	[1.36 s]
0.0.ADcustom7: Trace Attempt  4	[1.36 s]
0.0.ADcustom7: Trace Attempt  5	[1.36 s]
0.0.ADcustom7: Trace Attempt  1	[1.36 s]
0.0.ADcustom7: Trace Attempt  2	[1.36 s]
0.0.ADcustom7: Trace Attempt  3	[1.37 s]
0.0.ADcustom7: Trace Attempt  4	[1.37 s]
0.0.ADcustom7: Trace Attempt  1	[1.38 s]
0.0.ADcustom7: Trace Attempt  2	[1.38 s]
0.0.ADcustom7: Trace Attempt  3	[1.38 s]
0.0.ADcustom7: Trace Attempt  4	[1.38 s]
0.0.ADcustom7: Trace Attempt  1	[1.41 s]
0.0.ADcustom7: Trace Attempt  2	[1.41 s]
0.0.ADcustom7: Trace Attempt  3	[1.41 s]
0.0.ADcustom7: Trace Attempt  4	[1.41 s]
0.0.ADcustom7: Trace Attempt  1	[1.58 s]
0.0.ADcustom7: Trace Attempt  2	[1.58 s]
0.0.ADcustom7: Trace Attempt  3	[1.58 s]
0.0.ADcustom7: Trace Attempt  4	[1.59 s]
0.0.M: Trace Attempt 224	[4.01 s]
0.0.Hp: Trace Attempt 2562	[186.46 s]
0.0.Ht: Trace Attempt 6603	[186.42 s]
0.0.AMcustom3: Trace Attempt  1	[2.28 s]
0.0.AMcustom3: Trace Attempt  2	[2.28 s]
0.0.AMcustom3: Trace Attempt  3	[2.28 s]
0.0.AMcustom3: Trace Attempt  4	[2.28 s]
0.0.AMcustom3: Trace Attempt  5	[2.29 s]
0.0.ADcustom7: Trace Attempt  1	[2.40 s]
0.0.ADcustom7: Trace Attempt  2	[2.40 s]
0.0.ADcustom7: Trace Attempt  3	[2.40 s]
0.0.ADcustom7: Trace Attempt  4	[2.40 s]
0.0.Bcustom2: Trace Attempt  1	[2.43 s]
0.0.Bcustom2: Trace Attempt  2	[2.43 s]
0.0.Bcustom2: Trace Attempt  3	[2.43 s]
0.0.Bcustom2: Trace Attempt  4	[2.43 s]
0.0.Bcustom2: Trace Attempt  5	[2.43 s]
0.0.ADcustom7: Trace Attempt 64	[3.08 s]
0.0.ADcustom7: Stopped processing property "DELAY.p1"	[4.68 s].
0.0.ADcustom7: Morphing to Tricustom8
0.0.ADcustom7: All properties determined. [0.00 s]
0.0.ADcustom7: Exited with Success (@ 0.00 s)
0.0.Tricustom8: clocks: 1, declared: 1, looping: 0, posedge: 1, negedge: 0, noedge: 0, bothedge: 0
0.0.AMcustom3: Trace Attempt 129	[4.63 s]
0.0.AMcustom3: Stopped processing property "DELAY.p1"	[4.72 s].
0.0.AMcustom3: Morphing to D
0.0.AMcustom3: All properties determined. [0.00 s]
0.0.AMcustom3: Exited with Success (@ 0.00 s)
0.0.D: clocks: 1, declared: 1, looping: 0, posedge: 1, negedge: 0, noedge: 0, bothedge: 0
0.0.D: Starting proof for property "DELAY.p1"	[0.00 s].
0.0.Tricustom8: Starting proof for property "DELAY.p1"	[0.00 s].
0.0.Tricustom8: Trace Attempt  1	[0.00 s]
0.0.D: Trace Attempt 64	[0.00 s]
0.0.D: Requesting engine job to terminate
0.0.M: Requesting engine job to terminate
0.0.Tricustom8: Requesting engine job to terminate
0.0.Hp: Requesting engine job to terminate
0.0.Ht: Requesting engine job to terminate
INFO (IPF144): 0: Initiating shutdown of proof [189.44 s]
0.0.Tricustom8: A proof was found: No trace exists. [0.12 s]
INFO (IPF057): 0.0.Tricustom8: The property "DELAY.p1" was proven in 0.12 s.
0.0.Tricustom8: Stopped processing property "DELAY.p1"	[0.13 s].
0.0.D: Stopped processing property "DELAY.p1"	[0.13 s].
0.0.D: All properties determined. [0.13 s]
0.0.Tricustom8: All properties determined. [0.13 s]
0.0.Tricustom8: Exited with Success (@ 189.45 s)
0: ProofGrid usable level: 0
0.0.Hp: Trace Attempt 2578	[189.41 s]
0.0.Hp: All properties determined. [189.44 s]
0.0.D: Exited with Success (@ 189.46 s)
0.0.M: Trace Attempt 277	[7.14 s]
0.0.M: Stopped processing property "DELAY.p1"	[7.20 s].
0.0.M: All properties determined. [7.20 s]
0.0.M: Exited with Success (@ 189.46 s)
0.0.Ht: Trace Attempt 6631	[189.35 s]
0.0.Ht: All properties determined. [189.44 s]
0.0.Ht: Exited with Success (@ 189.56 s)
0.0.Hp: Exited with Success (@ 189.68 s)
0.0.Bcustom2: Trace Attempt  1	[6.63 s]
0.0.Bcustom2: Stopped processing property "DELAY.p1"	[6.63 s].
0.0.Bcustom2: Morphing to Tri
0.0.Bcustom2: Preventing job from starting because proof is shutting down.
0.0.Bcustom2: Requesting engine job to terminate
0.0.Bcustom2: Interrupted. [0.00 s]
0.0.Bcustom2: Exited with Success (@ 191.23 s)
0: --------------------------------------------------------------
ProofGrid Summary (utilization 99.94 %)
--------------------------------------------------------------
     engines started                               :    15
     engine jobs started                           :     7

    Average time in state (seconds)
    ------------------------------------------------------
    Engine  Pending     Running        Dead    Utilization
    ------------------------------------------------------
     Hp        0.09      189.43        0.00       99.95 %
     Ht        0.08      189.36        0.00       99.96 %
     Oh        0.07        0.00        0.00        1.37 %
    Tri        0.10      189.22        0.00       99.95 %
      D        0.07      189.26        0.00       99.96 %
      M        0.09      189.17        0.00       99.95 %
    Tricustom8        0.10        7.88        0.00       98.73 %
    all        0.09      136.33        0.00       99.94 %

    Total time in state (seconds)
    -----------------------------------------
            Pending     Running        Dead  
    -----------------------------------------
               0.60      954.31        0.00

    Data read    : 6.87 MiB
    Data written : 5.20 kiB

0: All pending notifications were processed.
INFO (IPF059): 0: Completed proof on task: "<embedded>"

==============================================================
SUMMARY
==============================================================
           Properties Considered              : 1
                 assertions                   : 1
                  - proven                    : 1 (100%)
                  - bounded_proven (user)     : 0 (0%)
                  - bounded_proven (auto)     : 0 (0%)
                  - marked_proven             : 0 (0%)
                  - cex                       : 0 (0%)
                  - ar_cex                    : 0 (0%)
                  - undetermined              : 0 (0%)
                  - unknown                   : 0 (0%)
                  - error                     : 0 (0%)
                 covers                       : 0
                  - unreachable               : 0
                  - bounded_unreachable (user): 0
                  - covered                   : 0
                  - ar_covered                : 0
                  - undetermined              : 0
                  - unknown                   : 0
                  - error                     : 0
proven
[<embedded>] % exit -force
[<embedded>] % INFO (IPL005): Received request to exit from the console.
INFO: Waiting for proof threads to stop...
INFO: Proof threads stopped.
INFO (IPL018): The peak resident set memory use for this session was 1.624 GB.
INFO (IPL014): Waiting for the Tcl-thread to exit.
INFO (IPL015): The Tcl-thread exited with status 0.
INFO (IPL016): Exiting the analysis session with status 0.
Finished 1_delay_4.tcl successfully
