Jasper Apps 2024.06p002 64 bits 2024.09.02 16:28:38 UTC

Any disclosure about the Cadence Design Systems software or its use
model to any third party violates the written Non-Disclosure Agreement
between Cadence Design Systems, Inc. and the customer.

THIS SOFTWARE CONTAINS CONFIDENTIAL INFORMATION AND TRADE SECRETS OF
CADENCE DESIGN SYSTEMS, INC. USE, DISCLOSURE, OR REPRODUCTION IS
PROHIBITED WITHOUT THE PRIOR EXPRESS WRITTEN PERMISSION OF CADENCE
DESIGN SYSTEMS, INC.

Copyright (C) 2000-2024 Cadence Design Systems, Inc. All Rights
Reserved.  Unpublished -- rights reserved under the copyright laws of
the United States.

This product includes software developed by others and redistributed
according to license agreement. See doc/third_party_readme.txt for
further details.

RESTRICTED RIGHTS LEGEND

Use, duplication, or disclosure by the Government is subject to
restrictions as set forth in subparagraph (c) (1) (ii) of the Rights in
Technical Data and Computer Software clause at DFARS 252.227-7013 or
subparagraphs (c) (1) and (2) of Commercial Computer Software -- Restricted
Rights at 48 CFR 52.227-19, as applicable.


                          Cadence Design Systems, Inc.
                          2655 Seely Avenue
                          San Jose, CA 95134
                          Phone: 408.943.1234

For technical assistance visit http://support.cadence.com.

Jasper Apps Analysis Session - /users/rompel/jasper_executions/safety_liveness/jgprojects/1_gray_9/sessionLogs/session_0

WARNING (WG017): [session]: The system's locale is "ANSI_X3.4-1968", which is not UTF-8. Non-ASCII characters might not be handled correctly.
WARNING (WG017): [jg_console]: The system's locale is "ANSI_X3.4-1968", which is not UTF-8. Non-ASCII characters might not be handled correctly.
INFO: successfully checked out license "jasper_fao".
INFO: reading configuration file "/users/rompel/.config/cadence/jasper.conf".
% analyze -sv09 ../1_gray_9.sv
[-- (VERI-1482)] Analyzing Verilog file '/tools/cadence2425/JASPER/jasper_2024.06p002/lib/verilog/packages/std/std.sv' into library 'std'
[-- (VERI-1482)] Analyzing Verilog file '../1_gray_9.sv'
% elaborate -bbox_mul 1000000 -bbox_div 1000000 -bbox_mod 1000000 -bbox_a 1000000
[INFO (HIER-8002)] ../1_gray_9.sv(14): Disabling old hierarchical reference handler
[INFO (VERI-1018)] ../1_gray_9.sv(1): compiling module 'GRAY'
[WARN (VERI-1209)] ../1_gray_9.sv(9): expression size 32 truncated to fit in target size 16
INFO (ISW003): Top module name is "GRAY".
INFO (INL208): Elaboration synthesis summary:
  Number of synthesized netlists          1 (0 packages)
  Single run mode                         On
  Pipeline                                On (1 pipelined netlists)
  Late hierarchical reference connection  On
  Number of analyzed Verilog modules      1 (1 synthesized)
  Number of analyzed VHDL entities        0 (0 synthesized)
INFO (INL003): Clearing all state information (assumes, stopats, and so forth).
GRAY
[<embedded>] % reset rst
INFO (IPM031): Clearing proof results of all properties.
INFO (IRS006): Current reset condition is "rst".
[<embedded>] % clock clk
[<embedded>] % prove -all
Ncustom1: Custom engine code is hT3Ng7hPPfiYQOTDZ3qhYOwGAM51eA+J/FjkM5shLioAsqhgLR4Ft+O1BuKG6ilQ83B9tLXSl+CwjiTMAQA
Bcustom2: Custom engine code is hT3Nm7hPr1Vp3Di1Ra2USNIGL4JypRnLKLAdF6JAyuavO2JfGCiY9OZJhcAcOUnLx5xwNdhILGrAWX9s+z2WDkKwNR7tAfClBEjRFVQeq6DU54boFgEA
AMcustom3: Custom engine code is hT3Ng7hP/feYQOTDZ3qhYOwGAM51eA+J/FjkM5shLioAsqhgLR4Ft+O1BuKG6ilQ83B9tLXSmmqwm7g9AQA
Mpcustom4: Custom engine code is hT3NZbhP9fmY2AbBQnsjfOxn6c+6e6yL+/e8fZFmaQrnlgEA
INFO (IPF036): Starting proof on task: "<embedded>", 1 properties to prove with 0 already proven/unreachable
INFO (IRS029): Starting reset analysis: phase 1 of 4.
INFO (IRS030): Running reset analysis: phase 2 of 4.
INFO (IRS031): Running reset analysis: phase 3 of 4.
INFO (IRS020): Starting the reset analysis simulation with a limit of 100 iterations (phase 4 of 4).
INFO (IRS024): Reset iterations 0 to 4 analyzed.
INFO (IRS018): Reset analysis simulation executed for 3 iterations. Assigned values for 16 of 32 design flops, 0 of 0 design latches, 5 of 5 internal elements.
INFO (IRS039): Reset analysis complete.
INFO (IPF031): Settings used for proof thread 0:
    orchestration                 = on
    time_limit                    = 86400s
    per_property_time_limit       = 1s * 10 ^ scan
    engine_mode                   = auto
    proofgrid_per_engine_max_jobs = 1
    max engine jobs               = auto
    proofgrid_mode                = local
    proofgrid_restarts            = 10
0: Using multistage preprocessing
0: Starting reduce
AMcustom5: Custom engine code is hT3N1rhP11/52HrFRS21ROp2LOjVTgPvT8L8BGXHgLhaIuqtT4nARFjUqrBL+7pLmaTOzBepZW/Jm8SSrHDybSQtoNiO3y43wk+dEoWlsZizu97Fih6O6lPVG/LpWP5SsUPwlGagLNa1FKEFvwVXyX7//8prySbvSxIHXr5er+z4RAEA
Ncustom6: Custom engine code is hT3OXrhPByJp3TrFSTLhUmMH4KVtJgmTCnNDF46yMXOKY48m4LS5nE7yBzFjA7kDuwO/GhGUpEPiky3p3wmPn3dJZHxFMsafSoObRzSC+tn7sEY0WbTdZ/FV4hL3MYH/b1CIUvXSWR4wqEoVLsmMOD4xIPT4lI1LO6ZCO7PnnWQuLwetnvKlrXx6wCW/A+x+enqslg1YPobi4wEF/EvbzOvcTYdJvl2s4H2yZg2b2ofAVN5WvhWk1HoBAA
0: Finished reduce in 0s
ADcustom7: Custom engine code is hT3Nv7hPv1752HrFRa2kROx2f/ECJeZB2AZsLdlO8VwmIuqtT4nIDFXclhg+O+o+DMmQCekbheGk0kK28laA9gaOFDXsQp29J3X615HY1IPHJWd6FUFvCHjO+p1k652b5JJvZlShNpGlGSXAiQe/mEAj6tEBAA
Tricustom8: Custom engine code is hT3Nu7hPt1752DvFRa0kNDiyIV97VyejwM9C/jCLJjdPvusZONHY42VYUy0Q1ZotnhcVtNc56tJ5wbxv6V2+XpdsaSlHck5vfnbYjdwj1OECy9U+7oSQ0SZE3g5ayD+Phuh4odCJTjeKa2k4elM9ldQfkAEA
0.0.PRE: Performing Proof Simplification...
Gcustom9: Custom engine code is hT3NibhPDfeYQADBZnYcglOvK9Pfd7EOeniIqP8jNsyIqInncipMGcUXqAadachREE9F2PwhBUZUNw5kHnd4JdXkamORRgEA
0.0.N: clocks: 1, declared: 1, looping: 0, posedge: 1, negedge: 0, noedge: 0, bothedge: 0
C2custom10: Custom engine code is hT3NirhPjfWYQADBZnYcglOvK9Pfd7EOeniIqP8jNsyIqInncgkrYMMXCYbdK0dUjZIF9d4cJ0rHoBDjwVLBKuG86XYVV00BAA
AGcustom11: Custom engine code is hT3NirhP/fmYQADBZnYcglOvK9Pfd7EOeniIqP8jNsyIqInnckcwYMMXCYbdK0dUjZIF9d4cJ0rHoBDjwVLBKuHEZnZByh0BAA
Bcustom12: Custom engine code is hT3NjrhPDfiYQADBZnYcglOvK9PfWxFtenjIyBqfrgr7if/jL/yPOuK1BAflEcW0DxNH2eDIoezN2gxlQFg81RZtiWXh7aiTAidvAQA
0.0.N: Proof Simplification Iteration 1	[0.00 s]
0.0.N: Proof Simplification Iteration 2	[0.00 s]
Ncustom13: Custom engine code is hT3NR7hPByFp3TrFSTLhUmMH4KWtJglTyV/c51BHEeZWamnJv767nE6PCak26bd3gf3XGN3rIRheufhDieCJQVISo+gNYUKhiUedBKGtsP/a18svAnlMJZudHxDFwK5ufsyoxsIyiAeSY2oi3tEuoDHr5gw42DFKAG3PqO3CEsl8Azzdt3pl5nGA1Ifv2H02eYsFzWb/nfp8PMb3F0krE/EgBcm8TD9Div8BAA
Tricustom14: Custom engine code is hT3Nu7hP3fiYQADBZnYcglNHp9bfd7EOeniIqP/ji8sGLQu8yhsFO+wxJ+O+R0bU8g/IewXFomyos+viQnWc2xYNYmMqpo3i40O7DaZR7qfp4YqNx26KRvQ/qx0BAA
0.0.PRE: A proof was found: No trace exists. [0.00 s]
INFO (IPF057): 0.0.PRE: The property ":noDeadEnd" was proven in 0.00 s.
    Use check_assumptions -show -dead_end to show this property in the property table.
0.0.PRE: A proof was found: No trace exists. [0.00 s]
INFO (IPF057): 0.0.PRE: The property ":noConflict" was proven in 0.00 s.
    Use check_assumptions -show to show this property in the property table.
INFO (IPF047): 0.0.PRE: The cover property ":live" was covered in 1 cycles in 0.00 s.
    Use check_assumptions -show -live to show this property in the property table.
0.0.PRE: Proof Simplification completed in 0.00 s
0: About to start ProofGrid in its own thread with a limit of 10000 pending notifications and a limit of 10 traces.
0: =============================== ProofGrid start ===============================
0: ProofGrid usable level: 1
0: Initial ProofGrid level: 1
0: ProofGrid is starting event handling
0.0.Hp: Proofgrid shell started at 30825@vlsi-moon(local) jg_30758_vlsi-moon_1
0.0.Hp: clocks: 1, declared: 1, looping: 0, posedge: 1, negedge: 0, noedge: 0, bothedge: 0
0.0.Hp: Last scan. Per property time limit: 0s
0.0.Hp: Trace Attempt  1	[0.00 s]
0.0.N: Proofgrid shell started at 30824@vlsi-moon(local) jg_30758_vlsi-moon_1
0.0.Hp: Trace Attempt  2	[0.00 s]
0.0.N: clocks: 1, declared: 1, looping: 0, posedge: 1, negedge: 0, noedge: 0, bothedge: 0
0.0.N: Last scan. Per property time limit: 0s
0.0.N: Starting proof for property "GRAY.p1"	[0.00 s].
0.0.Hp: Trace Attempt  3	[0.01 s]
0.0.N: Trace Attempt  1	[0.00 s]
0.0.N: Trace Attempt  2	[0.00 s]
0.0.N: Trace Attempt  3	[0.00 s]
0.0.N: Trace Attempt  3	[0.00 s]
0.0.N: Trace Attempt  4	[0.00 s]
0.0.N: Trace Attempt  4	[0.00 s]
0.0.Hp: Trace Attempt  4	[0.01 s]
0.0.N: Trace Attempt  5	[0.00 s]
0.0.Hp: Trace Attempt  5	[0.01 s]
0.0.N: Trace Attempt  1	[0.01 s]
0.0.N: Trace Attempt  2	[0.01 s]
0.0.N: Trace Attempt  3	[0.02 s]
0.0.N: Trace Attempt  4	[0.02 s]
0.0.N: Trace Attempt  5	[0.02 s]
0.0.B: Proofgrid shell started at 30858@vlsi-moon(local) jg_30758_vlsi-moon_1
0.0.B: clocks: 1, declared: 1, looping: 0, posedge: 1, negedge: 0, noedge: 0, bothedge: 0
0.0.B: Last scan. Per property time limit: 0s
0.0.B: Starting proof for property "GRAY.p1"	[0.00 s].
0.0.Oh: Proofgrid shell started at 30857@vlsi-moon(local) jg_30758_vlsi-moon_1
0.0.Ht: Proofgrid shell started at 30856@vlsi-moon(local) jg_30758_vlsi-moon_1
0.0.B: Trace Attempt  1	[0.00 s]
0.0.B: Trace Attempt  2	[0.00 s]
0.0.B: Trace Attempt  3	[0.00 s]
0.0.B: Trace Attempt  4	[0.00 s]
0.0.B: Trace Attempt  5	[0.00 s]
0.0.Ht: clocks: 1, declared: 1, looping: 0, posedge: 1, negedge: 0, noedge: 0, bothedge: 0
0.0.Oh: clocks: 1, declared: 1, looping: 0, posedge: 1, negedge: 0, noedge: 0, bothedge: 0
0.0.Ht: Last scan. Per property time limit: 0s
0.0.Oh: Reached length limit (2147483647) [0.00 s]
0.0.Ht: Trace Attempt  1	[0.00 s]
0.0.Ht: Trace Attempt  2	[0.00 s]
0.0.Ht: Trace Attempt  3	[0.00 s]
0.0.Ht: Trace Attempt  4	[0.00 s]
0.0.Ht: Trace Attempt  5	[0.00 s]
0.0.Oh: Exited with Success (@ 0.08 s)
0.0.AM: Proofgrid shell started at 30859@vlsi-moon(local) jg_30758_vlsi-moon_1
0.0.AM: clocks: 1, declared: 1, looping: 0, posedge: 1, negedge: 0, noedge: 0, bothedge: 0
0.0.AM: Last scan. Per property time limit: 0s
0.0.AM: Starting proof for property "GRAY.p1"	[0.00 s].
0.0.AM: Trace Attempt  1	[0.00 s]
0.0.AM: Trace Attempt  2	[0.00 s]
0.0.AM: Trace Attempt  3	[0.00 s]
0.0.AM: Trace Attempt  4	[0.00 s]
0.0.AM: Trace Attempt  5	[0.00 s]
0.0.AM: Trace Attempt  1	[0.00 s]
0.0.AM: Trace Attempt  2	[0.00 s]
0.0.AM: Trace Attempt  3	[0.00 s]
0.0.AM: Trace Attempt  4	[0.01 s]
0.0.AM: Trace Attempt  5	[0.01 s]
0.0.AM: Trace Attempt  1	[0.01 s]
0.0.AM: Trace Attempt  2	[0.01 s]
0.0.AM: Trace Attempt  3	[0.01 s]
0.0.AM: Trace Attempt  4	[0.01 s]
0.0.AM: Trace Attempt  5	[0.02 s]
0.0.AM: Trace Attempt  1	[0.04 s]
0.0.AM: Trace Attempt  2	[0.05 s]
0.0.AM: Trace Attempt  3	[0.05 s]
0.0.AM: Trace Attempt  4	[0.05 s]
0.0.AM: Trace Attempt  5	[0.05 s]
0.0.N: Trace Attempt  1	[0.13 s]
0.0.N: Trace Attempt  2	[0.14 s]
0.0.N: Trace Attempt  3	[0.14 s]
0.0.N: Trace Attempt  4	[0.14 s]
0.0.N: Trace Attempt  5	[0.14 s]
0.0.AM: Trace Attempt  1	[0.14 s]
0.0.AM: Trace Attempt  2	[0.14 s]
0.0.AM: Trace Attempt  3	[0.14 s]
0.0.AM: Trace Attempt  4	[0.14 s]
0.0.AM: Trace Attempt  5	[0.14 s]
0.0.N: Trace Attempt  1	[0.48 s]
0.0.N: Trace Attempt  2	[0.48 s]
0.0.N: Trace Attempt  3	[0.48 s]
0.0.N: Trace Attempt  4	[0.48 s]
0.0.N: Trace Attempt  5	[0.48 s]
0.0.AM: Trace Attempt  1	[0.59 s]
0.0.AM: Trace Attempt  2	[0.59 s]
0.0.AM: Trace Attempt  3	[0.60 s]
0.0.AM: Trace Attempt  4	[0.60 s]
0.0.AM: Trace Attempt  5	[0.60 s]
0.0.N: Trace Attempt  1	[0.85 s]
0.0.N: Trace Attempt  2	[0.85 s]
0.0.N: Trace Attempt  3	[0.85 s]
0.0.N: Trace Attempt  4	[0.85 s]
0.0.N: Trace Attempt  5	[0.85 s]
0.0.AM: Trace Attempt  1	[2.37 s]
0.0.AM: Trace Attempt  2	[2.37 s]
0.0.AM: Trace Attempt  3	[2.37 s]
0.0.AM: Trace Attempt  4	[2.37 s]
0.0.AM: Trace Attempt  5	[2.37 s]
0.0.N: Trace Attempt  1	[2.52 s]
0.0.N: Trace Attempt  2	[2.52 s]
0.0.N: Trace Attempt  3	[2.52 s]
0.0.N: Trace Attempt  4	[2.53 s]
0.0.N: Trace Attempt  5	[2.53 s]
0.0.Hp: Trace Attempt 549	[4.01 s]
0.0.B: Trace Attempt 1977	[4.00 s]
0.0.Ht: Trace Attempt 2086	[4.01 s]
0.0.N: Trace Attempt  1	[4.21 s]
0.0.N: Trace Attempt  2	[4.21 s]
0.0.N: Trace Attempt  3	[4.21 s]
0.0.N: Trace Attempt  4	[4.21 s]
0.0.N: Trace Attempt  5	[4.22 s]
0.0.N: Trace Attempt  1	[5.90 s]
0.0.N: Trace Attempt  2	[5.90 s]
0.0.N: Trace Attempt  3	[5.90 s]
0.0.N: Trace Attempt  4	[5.90 s]
0.0.N: Trace Attempt  5	[5.90 s]
0.0.AM: Trace Attempt 217	[6.38 s]
0.0.N: Trace Attempt  1	[7.57 s]
0.0.N: Trace Attempt  2	[7.58 s]
0.0.N: Trace Attempt  3	[7.58 s]
0.0.N: Trace Attempt  4	[7.58 s]
0.0.N: Trace Attempt  5	[7.58 s]
0.0.Hp: Trace Attempt 781	[8.02 s]
0.0.B: Trace Attempt 2699	[8.01 s]
0.0.Ht: Trace Attempt 2695	[8.02 s]
0.0.AM: Trace Attempt  1	[8.16 s]
0.0.AM: Trace Attempt  2	[8.16 s]
0.0.AM: Trace Attempt  3	[8.16 s]
0.0.AM: Trace Attempt  4	[8.16 s]
0.0.AM: Trace Attempt  5	[8.16 s]
0.0.N: Trace Attempt  1	[9.25 s]
0.0.N: Trace Attempt  2	[9.26 s]
0.0.N: Trace Attempt  3	[9.26 s]
0.0.N: Trace Attempt  4	[9.26 s]
0.0.N: Trace Attempt  5	[9.26 s]
0.0.N: Trace Attempt  1	[10.93 s]
0.0.N: Trace Attempt  2	[10.93 s]
0.0.N: Trace Attempt  3	[10.93 s]
0.0.N: Trace Attempt  4	[10.93 s]
0.0.N: Trace Attempt  5	[10.93 s]
0.0.Hp: Trace Attempt 948	[12.03 s]
0.0.B: Trace Attempt 3235	[12.01 s]
0.0.Ht: Trace Attempt 3228	[12.02 s]
0.0.AM: Trace Attempt 166	[12.26 s]
0.0.N: Trace Attempt  1	[12.58 s]
0.0.N: Trace Attempt  2	[12.58 s]
0.0.N: Trace Attempt  3	[12.58 s]
0.0.N: Trace Attempt  4	[12.58 s]
0.0.N: Trace Attempt  5	[12.58 s]
0.0.N: Trace Attempt  1	[14.25 s]
0.0.N: Trace Attempt  2	[14.25 s]
0.0.N: Trace Attempt  3	[14.25 s]
0.0.N: Trace Attempt  4	[14.25 s]
0.0.N: Trace Attempt  5	[14.26 s]
0.0.Hp: Trace Attempt 1091	[16.05 s]
0.0.N: Trace Attempt  1	[16.08 s]
0.0.N: Trace Attempt  2	[16.08 s]
0.0.N: Trace Attempt  3	[16.08 s]
0.0.N: Trace Attempt  4	[16.08 s]
0.0.N: Trace Attempt  5	[16.08 s]
0.0.B: Trace Attempt 3667	[16.02 s]
0.0.Ht: Trace Attempt 3658	[16.02 s]
0.0.AM: Trace Attempt 227	[16.29 s]
0.0.Hp: Trace Attempt 1218	[20.05 s]
0.0.B: Trace Attempt 4055	[20.02 s]
0.0.Ht: Trace Attempt 4035	[20.02 s]
0.0.N: Trace Attempt 147	[20.10 s]
0.0.AM: Trace Attempt 250	[20.32 s]
0.0.Hp: Trace Attempt 1335	[24.07 s]
0.0.B: Trace Attempt 4408	[24.03 s]
0.0.Ht: Trace Attempt 4360	[24.03 s]
0.0.AM: Trace Attempt 290	[24.33 s]
0.0.N: Trace Attempt 228	[24.43 s]
0.0.N: Trace Attempt  1	[24.43 s]
0.0.N: Trace Attempt  2	[24.43 s]
0.0.N: Trace Attempt  3	[24.43 s]
0.0.N: Trace Attempt  4	[24.43 s]
0.0.N: Trace Attempt  5	[24.44 s]
0.0.Hp: Trace Attempt 1441	[28.07 s]
0.0.B: Trace Attempt 4726	[28.03 s]
0.0.Ht: Trace Attempt 4675	[28.04 s]
0.0.N: Trace Attempt 147	[28.47 s]
0.0.AM: Trace Attempt 328	[28.41 s]
0.0.Hp: Trace Attempt 1538	[32.11 s]
0.0.B: Trace Attempt 5019	[32.04 s]
0.0.Ht: Trace Attempt 4964	[32.04 s]
0.0.N: Trace Attempt 226	[32.48 s]
0.0.AM: Trace Attempt 356	[32.45 s]
0.0.N: Trace Attempt  1	[32.93 s]
0.0.N: Trace Attempt  2	[32.94 s]
0.0.N: Trace Attempt  3	[32.94 s]
0.0.N: Trace Attempt  4	[32.94 s]
0.0.N: Trace Attempt  5	[32.94 s]
0.0.B: Trace Attempt 5289	[36.05 s]
0.0.Hp: Trace Attempt 1627	[36.13 s]
0.0.Ht: Trace Attempt 5205	[36.06 s]
0.0.AM: Trace Attempt 386	[36.49 s]
0.0.N: Trace Attempt 147	[36.96 s]
0.0.B: Trace Attempt 5546	[40.06 s]
0.0.Ht: Trace Attempt 5457	[40.07 s]
0.0.Hp: Trace Attempt 1714	[40.15 s]
0.0.AM: Trace Attempt 418	[40.59 s]
0.0.N: Trace Attempt 230	[41.34 s]
0.0.N: Trace Attempt  1	[41.34 s]
0.0.N: Trace Attempt  2	[41.34 s]
0.0.N: Trace Attempt  3	[41.35 s]
0.0.N: Trace Attempt  4	[41.35 s]
0.0.N: Trace Attempt  5	[41.35 s]
0.0.B: Trace Attempt 5787	[44.08 s]
0.0.Ht: Trace Attempt 5697	[44.08 s]
0.0.Hp: Trace Attempt 1797	[44.20 s]
0.0.AM: Trace Attempt 449	[44.59 s]
0.0.N: Trace Attempt 147	[45.37 s]
0.0.B: Trace Attempt 6021	[48.08 s]
0.0.Ht: Trace Attempt 5927	[48.10 s]
0.0.Hp: Trace Attempt 1877	[48.25 s]
0.0.AM: Trace Attempt 260	[48.71 s]
0.0.N: Trace Attempt 231	[49.72 s]
0.0.N: Trace Attempt  1	[49.73 s]
0.0.N: Trace Attempt  2	[49.73 s]
0.0.N: Trace Attempt  3	[49.73 s]
0.0.N: Trace Attempt  4	[49.73 s]
0.0.N: Trace Attempt  5	[49.73 s]
0.0.B: Trace Attempt 6239	[52.09 s]
0.0.Ht: Trace Attempt 6145	[52.10 s]
0.0.Hp: Trace Attempt 1951	[52.25 s]
0.0.N: Trace Attempt 147	[53.81 s]
0.0.AM: Trace Attempt 513	[54.94 s]
0.0.B: Trace Attempt 6446	[56.09 s]
0.0.Ht: Trace Attempt 6330	[56.11 s]
0.0.AM: Trace Attempt  1	[56.13 s]
0.0.AM: Trace Attempt  2	[56.13 s]
0.0.AM: Trace Attempt  3	[56.13 s]
0.0.AM: Trace Attempt  4	[56.13 s]
0.0.AM: Trace Attempt  5	[56.13 s]
0.0.Hp: Trace Attempt 2024	[56.27 s]
0.0.N: Trace Attempt 231	[57.87 s]
0.0.N: Trace Attempt  1	[58.41 s]
0.0.N: Trace Attempt  2	[58.41 s]
0.0.N: Trace Attempt  3	[58.41 s]
0.0.N: Trace Attempt  4	[58.42 s]
0.0.N: Trace Attempt  5	[58.42 s]
0.0.B: Trace Attempt 6647	[60.11 s]
0.0.Ht: Trace Attempt 6539	[60.11 s]
0.0.AM: Trace Attempt 166	[60.15 s]
0.0.Hp: Trace Attempt 2086	[60.30 s]
0.0.N: Trace Attempt 147	[62.48 s]
0.0.B: Trace Attempt 6841	[64.11 s]
0.0.Ht: Trace Attempt 6731	[64.13 s]
0.0.Hp: Trace Attempt 2151	[64.35 s]
0.0.AM: Trace Attempt 235	[64.28 s]
0.0.N: Trace Attempt 232	[66.50 s]
0.0.N: Trace Attempt  1	[66.86 s]
0.0.N: Trace Attempt  2	[66.86 s]
0.0.N: Trace Attempt  3	[66.86 s]
0.0.N: Trace Attempt  4	[66.86 s]
0.0.N: Trace Attempt  5	[66.87 s]
0.0.B: Trace Attempt 7030	[68.13 s]
0.0.Ht: Trace Attempt 6927	[68.14 s]
0.0.Hp: Trace Attempt 2215	[68.37 s]
0.0.AM: Trace Attempt 259	[68.34 s]
0.0.N: Trace Attempt 147	[70.92 s]
0.0.B: Trace Attempt 7212	[72.14 s]
0.0.Ht: Trace Attempt 7110	[72.15 s]
0.0.Hp: Trace Attempt 2278	[72.37 s]
0.0.AM: Trace Attempt 287	[72.54 s]
0.0.N: Trace Attempt 233	[74.94 s]
0.0.N: Trace Attempt  1	[75.39 s]
0.0.N: Trace Attempt  2	[75.39 s]
0.0.N: Trace Attempt  3	[75.39 s]
0.0.N: Trace Attempt  4	[75.39 s]
0.0.N: Trace Attempt  5	[75.39 s]
0.0.B: Trace Attempt 7386	[76.15 s]
0.0.Ht: Trace Attempt 7264	[76.16 s]
0.0.Hp: Trace Attempt 2341	[76.42 s]
0.0.AM: Trace Attempt 323	[76.57 s]
0.0.N: Trace Attempt 147	[79.45 s]
0.0.B: Trace Attempt 7559	[80.17 s]
0.0.Ht: Trace Attempt 7426	[80.20 s]
0.0.Hp: Trace Attempt 2401	[80.44 s]
0.0.AM: Trace Attempt 356	[80.65 s]
0.0.N: Trace Attempt 234	[83.50 s]
0.0.N: Trace Attempt  1	[83.88 s]
0.0.N: Trace Attempt  2	[83.88 s]
0.0.N: Trace Attempt  3	[83.88 s]
0.0.N: Trace Attempt  4	[83.88 s]
0.0.N: Trace Attempt  5	[83.89 s]
0.0.B: Trace Attempt 7728	[84.19 s]
0.0.Ht: Trace Attempt 7570	[84.22 s]
0.0.Hp: Trace Attempt 2461	[84.49 s]
0.0.AM: Trace Attempt 386	[84.79 s]
0.0.N: Trace Attempt 147	[87.96 s]
0.0.B: Trace Attempt 7895	[88.19 s]
0.0.Ht: Trace Attempt 7731	[88.23 s]
0.0.Hp: Trace Attempt 2518	[88.51 s]
0.0.AM: Trace Attempt 413	[88.86 s]
0.0.N: Trace Attempt 235	[92.02 s]
0.0.B: Trace Attempt 8055	[92.21 s]
0.0.Ht: Trace Attempt 7881	[92.23 s]
0.0.N: Trace Attempt  1	[92.39 s]
0.0.N: Trace Attempt  2	[92.40 s]
0.0.N: Trace Attempt  3	[92.40 s]
0.0.N: Trace Attempt  4	[92.40 s]
0.0.N: Trace Attempt  5	[92.40 s]
0.0.Hp: Trace Attempt 2575	[92.59 s]
0.0.AM: Trace Attempt 442	[92.92 s]
0.0.B: Trace Attempt 8217	[96.22 s]
0.0.Ht: Trace Attempt 8039	[96.23 s]
0.0.N: Trace Attempt 147	[96.47 s]
0.0.Hp: Trace Attempt 2629	[96.60 s]
0.0.AM: Trace Attempt 461	[96.98 s]
0.0.B: Trace Attempt 8378	[100.23 s]
0.0.Ht: Trace Attempt 8197	[100.24 s]
0.0.N: Trace Attempt 236	[100.53 s]
0.0.Hp: Trace Attempt 2682	[100.60 s]
0.0.N: Trace Attempt  1	[100.84 s]
0.0.N: Trace Attempt  2	[100.84 s]
0.0.N: Trace Attempt  3	[100.84 s]
0.0.N: Trace Attempt  4	[100.84 s]
0.0.N: Trace Attempt  5	[100.84 s]
0.0.AM: Trace Attempt 466	[101.49 s]
0.0.B: Trace Attempt 8536	[104.23 s]
0.0.Ht: Trace Attempt 8335	[104.25 s]
0.0.Hp: Trace Attempt 2735	[104.68 s]
0.0.N: Trace Attempt 147	[104.91 s]
0.0.AM: Trace Attempt 472	[105.93 s]
0.0.B: Trace Attempt 8691	[108.23 s]
0.0.Ht: Trace Attempt 8497	[108.25 s]
0.0.Hp: Trace Attempt 2786	[108.71 s]
0.0.N: Trace Attempt 237	[108.96 s]
0.0.N: Trace Attempt  1	[109.40 s]
0.0.N: Trace Attempt  2	[109.40 s]
0.0.N: Trace Attempt  3	[109.40 s]
0.0.N: Trace Attempt  4	[109.41 s]
0.0.N: Trace Attempt  5	[109.41 s]
0.0.AM: Trace Attempt 479	[110.37 s]
0.0.B: Trace Attempt 8842	[112.26 s]
0.0.Ht: Trace Attempt 8653	[112.26 s]
0.0.Hp: Trace Attempt 2838	[112.78 s]
0.0.N: Trace Attempt 147	[113.45 s]
0.0.AM: Trace Attempt 486	[114.86 s]
0.0.B: Trace Attempt 8990	[116.27 s]
0.0.Ht: Trace Attempt 8790	[116.28 s]
0.0.Hp: Trace Attempt 2889	[116.85 s]
0.0.N: Trace Attempt 238	[117.48 s]
0.0.N: Trace Attempt  1	[117.80 s]
0.0.N: Trace Attempt  2	[117.80 s]
0.0.N: Trace Attempt  3	[117.80 s]
0.0.N: Trace Attempt  4	[117.80 s]
0.0.N: Trace Attempt  5	[117.80 s]
0.0.AM: Trace Attempt 495	[119.05 s]
0.0.B: Trace Attempt 9134	[120.27 s]
0.0.Ht: Trace Attempt 8933	[120.28 s]
0.0.Hp: Trace Attempt 2937	[120.86 s]
0.0.N: Trace Attempt 147	[121.88 s]
0.0.AM: Trace Attempt 508	[123.56 s]
0.0.B: Trace Attempt 9275	[124.28 s]
0.0.Ht: Trace Attempt 9075	[124.30 s]
0.0.Hp: Trace Attempt 2984	[124.91 s]
0.0.N: Trace Attempt 239	[125.90 s]
0.0.N: Trace Attempt  1	[126.47 s]
0.0.N: Trace Attempt  2	[126.47 s]
0.0.N: Trace Attempt  3	[126.47 s]
0.0.N: Trace Attempt  4	[126.47 s]
0.0.N: Trace Attempt  5	[126.47 s]
0.0.AM: Trace Attempt 524	[128.03 s]
0.0.B: Trace Attempt 9411	[128.30 s]
0.0.Ht: Trace Attempt 9219	[128.31 s]
0.0.Hp: Trace Attempt 3027	[128.95 s]
0.0.N: Trace Attempt 147	[130.54 s]
0.0.AM: Trace Attempt 535	[132.09 s]
0.0.B: Trace Attempt 9548	[132.32 s]
0.0.Ht: Trace Attempt 9328	[132.32 s]
0.0.Hp: Trace Attempt 3073	[133.04 s]
0.0.N: Trace Attempt 240	[134.60 s]
0.0.N: Trace Attempt  1	[135.01 s]
0.0.N: Trace Attempt  2	[135.01 s]
0.0.N: Trace Attempt  3	[135.01 s]
0.0.N: Trace Attempt  4	[135.01 s]
0.0.N: Trace Attempt  5	[135.01 s]
0.0.AM: Trace Attempt 547	[136.21 s]
0.0.B: Trace Attempt 9684	[136.32 s]
0.0.Ht: Trace Attempt 9464	[136.34 s]
0.0.Hp: Trace Attempt 3117	[137.06 s]
0.0.N: Trace Attempt 147	[139.05 s]
0.0.B: Trace Attempt 9818	[140.33 s]
0.0.Ht: Trace Attempt 9598	[140.35 s]
0.0.AM: Trace Attempt 559	[140.57 s]
0.0.Hp: Trace Attempt 3160	[141.06 s]
0.0.N: Trace Attempt 241	[143.10 s]
0.0.N: Trace Attempt  1	[143.62 s]
0.0.N: Trace Attempt  2	[143.62 s]
0.0.N: Trace Attempt  3	[143.62 s]
0.0.N: Trace Attempt  4	[143.62 s]
0.0.N: Trace Attempt  5	[143.62 s]
0.0.B: Trace Attempt 9949	[144.33 s]
0.0.Ht: Trace Attempt 9736	[144.37 s]
0.0.AM: Trace Attempt 570	[144.93 s]
0.0.Hp: Trace Attempt 3204	[145.12 s]
0.0.N: Trace Attempt 147	[147.70 s]
0.0.B: Trace Attempt 10079	[148.35 s]
0.0.Ht: Trace Attempt 9854	[148.38 s]
0.0.AM: Trace Attempt 582	[149.04 s]
0.0.Hp: Trace Attempt 3248	[149.21 s]
0.0.N: Trace Attempt 242	[151.76 s]
0.0.N: Trace Attempt  1	[152.22 s]
0.0.N: Trace Attempt  2	[152.22 s]
0.0.N: Trace Attempt  3	[152.22 s]
0.0.N: Trace Attempt  4	[152.22 s]
0.0.N: Trace Attempt  5	[152.22 s]
0.0.B: Trace Attempt 10206	[152.35 s]
0.0.Ht: Trace Attempt 9989	[152.40 s]
0.0.Hp: Trace Attempt 3290	[153.23 s]
0.0.AM: Trace Attempt 592	[153.17 s]
0.0.N: Trace Attempt 147	[156.30 s]
0.0.B: Trace Attempt 10329	[156.35 s]
0.0.Ht: Trace Attempt 10110	[156.41 s]
0.0.Hp: Trace Attempt 3332	[157.25 s]
0.0.AM: Trace Attempt 602	[157.22 s]
0.0.N: Trace Attempt 243	[160.33 s]
0.0.B: Trace Attempt 10452	[160.38 s]
0.0.Ht: Trace Attempt 10238	[160.42 s]
0.0.N: Trace Attempt  1	[160.80 s]
0.0.N: Trace Attempt  2	[160.80 s]
0.0.N: Trace Attempt  3	[160.80 s]
0.0.N: Trace Attempt  4	[160.80 s]
0.0.N: Trace Attempt  5	[160.80 s]
0.0.Hp: Trace Attempt 3373	[161.25 s]
0.0.AM: Trace Attempt 613	[161.63 s]
0.0.B: Trace Attempt 10573	[164.38 s]
0.0.Ht: Trace Attempt 10349	[164.45 s]
0.0.N: Trace Attempt 147	[164.84 s]
0.0.Hp: Trace Attempt 3413	[165.26 s]
0.0.AM: Trace Attempt 623	[165.73 s]
0.0.B: Trace Attempt 10692	[168.39 s]
0.0.Ht: Trace Attempt 10472	[168.46 s]
0.0.N: Trace Attempt 244	[168.85 s]
0.0.N: Trace Attempt  1	[169.26 s]
0.0.N: Trace Attempt  2	[169.26 s]
0.0.N: Trace Attempt  3	[169.26 s]
0.0.N: Trace Attempt  4	[169.26 s]
0.0.N: Trace Attempt  5	[169.26 s]
0.0.Hp: Trace Attempt 3453	[169.29 s]
0.0.AM: Trace Attempt 634	[170.01 s]
0.0.B: Trace Attempt 10809	[172.40 s]
0.0.Ht: Trace Attempt 10588	[172.47 s]
0.0.N: Trace Attempt 147	[173.34 s]
0.0.Hp: Trace Attempt 3493	[173.35 s]
0.0.AM: Trace Attempt 644	[174.15 s]
0.0.B: Trace Attempt 10925	[176.42 s]
0.0.Ht: Trace Attempt 10703	[176.48 s]
0.0.N: Trace Attempt 245	[177.39 s]
0.0.Hp: Trace Attempt 3533	[177.43 s]
0.0.N: Trace Attempt  1	[177.99 s]
0.0.N: Trace Attempt  2	[177.99 s]
0.0.N: Trace Attempt  3	[177.99 s]
0.0.N: Trace Attempt  4	[177.99 s]
0.0.N: Trace Attempt  5	[177.99 s]
0.0.AM: Trace Attempt 655	[179.03 s]
0.0.B: Trace Attempt 11039	[180.43 s]
0.0.Ht: Trace Attempt 10813	[180.50 s]
0.0.N: Trace Attempt 134	[180.97 s]
0.0.N: Stopped processing property "GRAY.p1"	[180.99 s].
0.0.N: Morphing to Ncustom1
0.0.N: All properties determined. [0.00 s]
0.0.N: Exited with Success (@ 0.00 s)
0.0.Ncustom1: clocks: 1, declared: 1, looping: 0, posedge: 1, negedge: 0, noedge: 0, bothedge: 0
0.0.Ncustom1: Starting proof for property "GRAY.p1"	[0.00 s].
0.0.Ncustom1: Trace Attempt 245	[0.02 s]
0.0.Tri: Proofgrid shell started at 32351@vlsi-moon(local) jg_30758_vlsi-moon_1
0.0.Tri: clocks: 1, declared: 1, looping: 0, posedge: 1, negedge: 0, noedge: 0, bothedge: 0
0.0.Tri: Last scan. Per property time limit: 0s
0.0.Tri: Starting proof for property "GRAY.p1"	[0.00 s].
0.0.Tri: Trace Attempt  1	[0.00 s]
0.0.B: Trace Attempt 11052	[180.89 s]
0.0.B: Stopped processing property "GRAY.p1"	[181.05 s].
0.0.B: Morphing to Bcustom2
0.0.B: All properties determined. [0.00 s]
0.0.B: Exited with Success (@ 0.00 s)
0.0.Bcustom2: clocks: 1, declared: 1, looping: 0, posedge: 1, negedge: 0, noedge: 0, bothedge: 0
0.0.Bcustom2: Starting proof for property "GRAY.p1"	[0.00 s].
0.0.Bcustom2: Trace Attempt  1	[0.00 s]
0.0.Bcustom2: Trace Attempt  2	[0.00 s]
0.0.Bcustom2: Trace Attempt  3	[0.00 s]
0.0.Bcustom2: Trace Attempt  1	[0.00 s]
0.0.Bcustom2: Trace Attempt  2	[0.00 s]
0.0.Bcustom2: Trace Attempt  3	[0.00 s]
0.0.Bcustom2: Trace Attempt  4	[0.00 s]
0.0.Bcustom2: Trace Attempt  5	[0.00 s]
0.0.Bcustom2: Trace Attempt  1	[0.00 s]
0.0.Bcustom2: Trace Attempt  2	[0.00 s]
0.0.Bcustom2: Trace Attempt  3	[0.00 s]
0.0.Bcustom2: Trace Attempt  4	[0.00 s]
0.0.Bcustom2: Trace Attempt  5	[0.00 s]
0.0.Bcustom2: Trace Attempt  1	[0.01 s]
0.0.Bcustom2: Trace Attempt  2	[0.01 s]
0.0.Bcustom2: Trace Attempt  3	[0.01 s]
0.0.Bcustom2: Trace Attempt  4	[0.01 s]
0.0.Bcustom2: Trace Attempt  5	[0.01 s]
0.0.Bcustom2: Trace Attempt  1	[0.01 s]
0.0.Bcustom2: Trace Attempt  2	[0.01 s]
0.0.Bcustom2: Trace Attempt  3	[0.01 s]
0.0.Bcustom2: Trace Attempt  4	[0.01 s]
0.0.Bcustom2: Trace Attempt  5	[0.01 s]
0.0.Bcustom2: Trace Attempt  1	[0.02 s]
0.0.Bcustom2: Trace Attempt  2	[0.02 s]
0.0.Bcustom2: Trace Attempt  3	[0.02 s]
0.0.Bcustom2: Trace Attempt  4	[0.03 s]
0.0.Bcustom2: Trace Attempt  5	[0.03 s]
0.0.AM: Trace Attempt 658	[180.53 s]
0.0.AM: Stopped processing property "GRAY.p1"	[181.07 s].
0.0.AM: Morphing to AMcustom3
0.0.Tri:    0.00" ---- Launching main thread ----
0.0.AM: All properties determined. [0.00 s]
0.0.AM: Exited with Success (@ 0.00 s)
0.0.AMcustom3: clocks: 1, declared: 1, looping: 0, posedge: 1, negedge: 0, noedge: 0, bothedge: 0
0.0.AMcustom3: Starting proof for property "GRAY.p1"	[0.00 s].
0.0.AMcustom3: Trace Attempt  1	[0.00 s]
0.0.AMcustom3: Trace Attempt  2	[0.00 s]
0.0.AMcustom3: Trace Attempt  3	[0.00 s]
0.0.AMcustom3: Trace Attempt  4	[0.00 s]
0.0.AMcustom3: Trace Attempt  5	[0.00 s]
0.0.Bcustom2: Trace Attempt  1	[0.05 s]
0.0.Bcustom2: Trace Attempt  2	[0.05 s]
0.0.Bcustom2: Trace Attempt  3	[0.05 s]
0.0.Bcustom2: Trace Attempt  4	[0.05 s]
0.0.Bcustom2: Trace Attempt  5	[0.05 s]
0.0.AMcustom3: Trace Attempt  1	[0.00 s]
0.0.AMcustom3: Trace Attempt  2	[0.00 s]
0.0.AMcustom3: Trace Attempt  3	[0.00 s]
0.0.AMcustom3: Trace Attempt  4	[0.01 s]
0.0.AMcustom3: Trace Attempt  5	[0.01 s]
0.0.AMcustom3: Trace Attempt  1	[0.01 s]
0.0.AMcustom3: Trace Attempt  2	[0.01 s]
0.0.AMcustom3: Trace Attempt  3	[0.01 s]
0.0.AMcustom3: Trace Attempt  4	[0.01 s]
0.0.AMcustom3: Trace Attempt  5	[0.02 s]
0.0.Tri:    0.05" ---- Launching abstraction thread ----
0.0.AMcustom3: Trace Attempt  1	[0.04 s]
0.0.AMcustom3: Trace Attempt  2	[0.04 s]
0.0.AMcustom3: Trace Attempt  3	[0.04 s]
0.0.AMcustom3: Trace Attempt  4	[0.05 s]
0.0.AMcustom3: Trace Attempt  5	[0.05 s]
0.0.Tri:    0.06" ---- Launching multi-phase simplification thread ----
0.0.Bcustom2: Trace Attempt  1	[0.11 s]
0.0.Bcustom2: Trace Attempt  2	[0.11 s]
0.0.Bcustom2: Trace Attempt  3	[0.11 s]
0.0.Bcustom2: Trace Attempt  4	[0.11 s]
0.0.Bcustom2: Trace Attempt  5	[0.11 s]
0.0.Tri:    0.07" ---- Launching liveness simplification thread ----
0.0.AMcustom3: Trace Attempt  1	[0.14 s]
0.0.AMcustom3: Trace Attempt  2	[0.14 s]
0.0.AMcustom3: Trace Attempt  3	[0.14 s]
0.0.AMcustom3: Trace Attempt  4	[0.14 s]
0.0.AMcustom3: Trace Attempt  5	[0.15 s]
0.0.Bcustom2: Trace Attempt  1	[0.26 s]
0.0.Bcustom2: Trace Attempt  2	[0.26 s]
0.0.Bcustom2: Trace Attempt  3	[0.26 s]
0.0.Bcustom2: Trace Attempt  4	[0.26 s]
0.0.Bcustom2: Trace Attempt  5	[0.26 s]
0.0.Hp: Trace Attempt 3572	[181.53 s]
0.0.Ncustom1: Trace Attempt  1	[0.63 s]
0.0.Ncustom1: Trace Attempt  2	[0.64 s]
0.0.Ncustom1: Trace Attempt  3	[0.64 s]
0.0.Ncustom1: Trace Attempt  4	[0.64 s]
0.0.Ncustom1: Trace Attempt  5	[0.64 s]
0.0.AMcustom3: Trace Attempt  1	[0.60 s]
0.0.AMcustom3: Trace Attempt  2	[0.60 s]
0.0.AMcustom3: Trace Attempt  3	[0.60 s]
0.0.AMcustom3: Trace Attempt  4	[0.60 s]
0.0.AMcustom3: Trace Attempt  5	[0.61 s]
0.0.Bcustom2: Trace Attempt  1	[0.73 s]
0.0.Bcustom2: Trace Attempt  2	[0.73 s]
0.0.Bcustom2: Trace Attempt  3	[0.73 s]
0.0.Bcustom2: Trace Attempt  4	[0.73 s]
0.0.Bcustom2: Trace Attempt  5	[0.73 s]
0.0.AMcustom3: Trace Attempt 47	[0.86 s]
0.0.AMcustom3: Stopped processing property "GRAY.p1"	[0.87 s].
0.0.AMcustom3: Morphing to M
0.0.AMcustom3: All properties determined. [0.00 s]
0.0.AMcustom3: Exited with Success (@ 0.00 s)
0.0.M: clocks: 1, declared: 1, looping: 0, posedge: 1, negedge: 0, noedge: 0, bothedge: 0
0.0.M: Starting proof for property "GRAY.p1"	[0.00 s].
0.0.Bcustom2: Trace Attempt 442	[0.91 s]
0.0.M: Trace Attempt  1	[0.00 s]
0.0.Bcustom2: Stopped processing property "GRAY.p1"	[0.92 s].
0.0.Bcustom2: Morphing to D
0.0.Bcustom2: All properties determined. [0.00 s]
0.0.Bcustom2: Exited with Success (@ 0.00 s)
0.0.D: clocks: 1, declared: 1, looping: 0, posedge: 1, negedge: 0, noedge: 0, bothedge: 0
0.0.Tri: Stopped processing property "GRAY.p1"	[0.94 s].
0.0.D: Starting proof for property "GRAY.p1"	[0.00 s].
0.0.M: Trace Attempt  2	[0.00 s]
0.0.M: Trace Attempt  3	[0.00 s]
0.0.D: Trace Attempt  1	[0.00 s]
0.0.D: Trace Attempt  2	[0.00 s]
0.0.D: Trace Attempt  3	[0.00 s]
0.0.Tri: Morphing to AMcustom5
0.0.Tri: All properties determined. [0.00 s]
0.0.Tri: Exited with Success (@ 0.00 s)
0.0.D: Trace Attempt  4	[0.00 s]
0.0.M: Trace Attempt  4	[0.00 s]
0.0.AMcustom5: clocks: 1, declared: 1, looping: 0, posedge: 1, negedge: 0, noedge: 0, bothedge: 0
0.0.AMcustom5: Starting proof for property "GRAY.p1"	[0.00 s].
0.0.AMcustom5: Trace Attempt  1	[0.00 s]
0.0.M: Trace Attempt  5	[0.01 s]
0.0.AMcustom5: Trace Attempt  2	[0.00 s]
0.0.AMcustom5: Trace Attempt  3	[0.00 s]
0.0.AMcustom5: Trace Attempt  1	[0.00 s]
0.0.AMcustom5: Trace Attempt  2	[0.00 s]
0.0.AMcustom5: Trace Attempt  3	[0.00 s]
0.0.AMcustom5: Trace Attempt  4	[0.00 s]
0.0.AMcustom5: Trace Attempt  5	[0.00 s]
0.0.AMcustom5: Trace Attempt  1	[0.01 s]
0.0.AMcustom5: Trace Attempt  2	[0.01 s]
0.0.AMcustom5: Trace Attempt  3	[0.01 s]
0.0.AMcustom5: Trace Attempt  4	[0.01 s]
0.0.AMcustom5: Trace Attempt  5	[0.01 s]
0.0.AMcustom5: Trace Attempt  1	[0.01 s]
0.0.AMcustom5: Trace Attempt  2	[0.01 s]
0.0.AMcustom5: Trace Attempt  3	[0.01 s]
0.0.AMcustom5: Trace Attempt  4	[0.01 s]
0.0.AMcustom5: Trace Attempt  5	[0.01 s]
0.0.AMcustom5: Trace Attempt  1	[0.02 s]
0.0.AMcustom5: Trace Attempt  2	[0.02 s]
0.0.AMcustom5: Trace Attempt  3	[0.02 s]
0.0.AMcustom5: Trace Attempt  4	[0.02 s]
0.0.AMcustom5: Trace Attempt  5	[0.02 s]
0.0.AMcustom5: Trace Attempt  1	[0.02 s]
0.0.AMcustom5: Trace Attempt  2	[0.02 s]
0.0.AMcustom5: Trace Attempt  3	[0.02 s]
0.0.AMcustom5: Trace Attempt  4	[0.02 s]
0.0.AMcustom5: Trace Attempt  5	[0.02 s]
0.0.AMcustom5: Trace Attempt  1	[0.02 s]
0.0.AMcustom5: Trace Attempt  2	[0.03 s]
0.0.AMcustom5: Trace Attempt  3	[0.03 s]
0.0.AMcustom5: Trace Attempt  4	[0.03 s]
0.0.AMcustom5: Trace Attempt  5	[0.03 s]
0.0.AMcustom5: Trace Attempt  1	[0.06 s]
0.0.AMcustom5: Trace Attempt  2	[0.06 s]
0.0.AMcustom5: Trace Attempt  3	[0.06 s]
0.0.AMcustom5: Trace Attempt  4	[0.06 s]
0.0.AMcustom5: Trace Attempt  5	[0.06 s]
0.0.AMcustom5: Trace Attempt  1	[0.06 s]
0.0.AMcustom5: Trace Attempt  2	[0.06 s]
0.0.AMcustom5: Trace Attempt  3	[0.06 s]
0.0.AMcustom5: Trace Attempt  4	[0.06 s]
0.0.AMcustom5: Trace Attempt  5	[0.06 s]
0.0.AMcustom5: Trace Attempt  1	[0.06 s]
0.0.AMcustom5: Trace Attempt  2	[0.07 s]
0.0.AMcustom5: Trace Attempt  3	[0.07 s]
0.0.AMcustom5: Trace Attempt  4	[0.07 s]
0.0.AMcustom5: Trace Attempt  5	[0.07 s]
0.0.AMcustom5: Trace Attempt  1	[0.09 s]
0.0.AMcustom5: Trace Attempt  2	[0.09 s]
0.0.AMcustom5: Trace Attempt  3	[0.09 s]
0.0.AMcustom5: Trace Attempt  4	[0.09 s]
0.0.AMcustom5: Trace Attempt  5	[0.09 s]
0.0.AMcustom5: Trace Attempt  1	[0.20 s]
0.0.AMcustom5: Trace Attempt  2	[0.20 s]
0.0.AMcustom5: Trace Attempt  3	[0.21 s]
0.0.AMcustom5: Trace Attempt  4	[0.21 s]
0.0.AMcustom5: Trace Attempt  5	[0.21 s]
0.0.AMcustom5: Trace Attempt  1	[0.21 s]
0.0.AMcustom5: Trace Attempt  2	[0.21 s]
0.0.AMcustom5: Trace Attempt  3	[0.21 s]
0.0.AMcustom5: Trace Attempt  4	[0.21 s]
0.0.AMcustom5: Trace Attempt  5	[0.21 s]
0.0.AMcustom5: Trace Attempt  1	[0.21 s]
0.0.AMcustom5: Trace Attempt  2	[0.22 s]
0.0.AMcustom5: Trace Attempt  3	[0.22 s]
0.0.AMcustom5: Trace Attempt  4	[0.22 s]
0.0.AMcustom5: Trace Attempt  5	[0.22 s]
0.0.AMcustom5: Trace Attempt  1	[0.24 s]
0.0.AMcustom5: Trace Attempt  2	[0.24 s]
0.0.AMcustom5: Trace Attempt  3	[0.24 s]
0.0.AMcustom5: Trace Attempt  4	[0.24 s]
0.0.AMcustom5: Trace Attempt  5	[0.25 s]
0.0.AMcustom5: Trace Attempt  1	[0.34 s]
0.0.AMcustom5: Trace Attempt  2	[0.34 s]
0.0.AMcustom5: Trace Attempt  3	[0.34 s]
0.0.AMcustom5: Trace Attempt  4	[0.34 s]
0.0.AMcustom5: Trace Attempt  5	[0.34 s]
0.0.AMcustom5: Trace Attempt  1	[0.69 s]
0.0.AMcustom5: Trace Attempt  2	[0.69 s]
0.0.AMcustom5: Trace Attempt  3	[0.69 s]
0.0.AMcustom5: Trace Attempt  4	[0.69 s]
0.0.AMcustom5: Trace Attempt  5	[0.69 s]
0.0.AMcustom5: Trace Attempt  1	[0.69 s]
0.0.AMcustom5: Trace Attempt  2	[0.69 s]
0.0.AMcustom5: Trace Attempt  3	[0.69 s]
0.0.AMcustom5: Trace Attempt  4	[0.69 s]
0.0.AMcustom5: Trace Attempt  5	[0.69 s]
0.0.AMcustom5: Trace Attempt  1	[0.70 s]
0.0.AMcustom5: Trace Attempt  2	[0.70 s]
0.0.AMcustom5: Trace Attempt  3	[0.70 s]
0.0.AMcustom5: Trace Attempt  4	[0.70 s]
0.0.AMcustom5: Trace Attempt  5	[0.70 s]
0.0.AMcustom5: Trace Attempt  1	[0.73 s]
0.0.AMcustom5: Trace Attempt  2	[0.73 s]
0.0.AMcustom5: Trace Attempt  3	[0.73 s]
0.0.AMcustom5: Trace Attempt  4	[0.73 s]
0.0.AMcustom5: Trace Attempt  5	[0.73 s]
0.0.AMcustom5: Trace Attempt  1	[0.81 s]
0.0.AMcustom5: Trace Attempt  2	[0.81 s]
0.0.AMcustom5: Trace Attempt  3	[0.81 s]
0.0.AMcustom5: Trace Attempt  4	[0.81 s]
0.0.AMcustom5: Trace Attempt  5	[0.82 s]
0.0.AMcustom5: Trace Attempt  1	[1.20 s]
0.0.AMcustom5: Trace Attempt  2	[1.20 s]
0.0.AMcustom5: Trace Attempt  3	[1.20 s]
0.0.AMcustom5: Trace Attempt  4	[1.20 s]
0.0.AMcustom5: Trace Attempt  5	[1.20 s]
0.0.D: Trace Attempt 64	[0.73 s]
0.0.D: Stopped processing property "GRAY.p1"	[2.30 s].
0.0.D: Morphing to AMcustom3
0.0.D: All properties determined. [0.00 s]
0.0.D: Exited with Success (@ 0.00 s)
0.0.AMcustom3: clocks: 1, declared: 1, looping: 0, posedge: 1, negedge: 0, noedge: 0, bothedge: 0
0.0.AMcustom3: Starting proof for property "GRAY.p1"	[0.00 s].
0.0.AMcustom3: Trace Attempt  1	[0.00 s]
0.0.AMcustom3: Trace Attempt  2	[0.00 s]
0.0.AMcustom3: Trace Attempt  3	[0.00 s]
0.0.AMcustom3: Trace Attempt  4	[0.00 s]
0.0.AMcustom3: Trace Attempt  5	[0.00 s]
0.0.AMcustom3: Trace Attempt  1	[0.00 s]
0.0.AMcustom3: Trace Attempt  2	[0.00 s]
0.0.AMcustom3: Trace Attempt  3	[0.00 s]
0.0.AMcustom3: Trace Attempt  4	[0.01 s]
0.0.AMcustom3: Trace Attempt  5	[0.01 s]
0.0.Ncustom1: Trace Attempt 129	[3.26 s]
0.0.Ncustom1: Stopped processing property "GRAY.p1"	[3.35 s].
0.0.Ncustom1: Morphing to Bcustom2
0.0.Ncustom1: All properties determined. [0.00 s]
0.0.Ncustom1: Exited with Success (@ 0.00 s)
0.0.AMcustom5: Trace Attempt 97	[2.29 s]
0.0.AMcustom5: Stopped processing property "GRAY.p1"	[2.30 s].
0.0.AMcustom5: Morphing to ADcustom7
0.0.AMcustom5: All properties determined. [0.00 s]
0.0.AMcustom5: Exited with Success (@ 0.00 s)
0.0.Bcustom2: clocks: 1, declared: 1, looping: 0, posedge: 1, negedge: 0, noedge: 0, bothedge: 0
0.0.Bcustom2: Starting proof for property "GRAY.p1"	[0.00 s].
0.0.Bcustom2: Trace Attempt  1	[0.00 s]
0.0.Bcustom2: Trace Attempt  2	[0.00 s]
0.0.Bcustom2: Trace Attempt  3	[0.00 s]
0.0.ADcustom7: clocks: 1, declared: 1, looping: 0, posedge: 1, negedge: 0, noedge: 0, bothedge: 0
0.0.ADcustom7: Starting proof for property "GRAY.p1"	[0.00 s].
0.0.Bcustom2: Trace Attempt  1	[0.00 s]
0.0.Bcustom2: Trace Attempt  2	[0.00 s]
0.0.Bcustom2: Trace Attempt  3	[0.00 s]
0.0.ADcustom7: Trace Attempt  1	[0.00 s]
0.0.Bcustom2: Trace Attempt  4	[0.00 s]
0.0.Bcustom2: Trace Attempt  5	[0.00 s]
0.0.ADcustom7: Trace Attempt  2	[0.00 s]
0.0.ADcustom7: Trace Attempt  3	[0.00 s]
0.0.Bcustom2: Trace Attempt  1	[0.00 s]
0.0.Bcustom2: Trace Attempt  2	[0.00 s]
0.0.Bcustom2: Trace Attempt  3	[0.00 s]
0.0.Bcustom2: Trace Attempt  4	[0.00 s]
0.0.Bcustom2: Trace Attempt  5	[0.00 s]
0.0.ADcustom7: Trace Attempt  1	[0.00 s]
0.0.ADcustom7: Trace Attempt  2	[0.00 s]
0.0.AMcustom3: Trace Attempt  1	[0.01 s]
0.0.ADcustom7: Trace Attempt  3	[0.00 s]
0.0.ADcustom7: Trace Attempt  4	[0.00 s]
0.0.ADcustom7: Trace Attempt  5	[0.00 s]
0.0.AMcustom3: Trace Attempt  2	[0.01 s]
0.0.AMcustom3: Trace Attempt  3	[0.01 s]
0.0.Bcustom2: Trace Attempt  1	[0.01 s]
0.0.Bcustom2: Trace Attempt  2	[0.01 s]
0.0.Bcustom2: Trace Attempt  3	[0.01 s]
0.0.Bcustom2: Trace Attempt  4	[0.01 s]
0.0.Bcustom2: Trace Attempt  5	[0.01 s]
0.0.AMcustom3: Trace Attempt  4	[0.01 s]
0.0.ADcustom7: Trace Attempt  1	[0.01 s]
0.0.AMcustom3: Trace Attempt  5	[0.01 s]
0.0.ADcustom7: Trace Attempt  2	[0.01 s]
0.0.ADcustom7: Trace Attempt  3	[0.01 s]
0.0.ADcustom7: Trace Attempt  4	[0.01 s]
0.0.ADcustom7: Trace Attempt  5	[0.01 s]
0.0.ADcustom7: Trace Attempt  1	[0.01 s]
0.0.ADcustom7: Trace Attempt  2	[0.01 s]
0.0.ADcustom7: Trace Attempt  3	[0.01 s]
0.0.ADcustom7: Trace Attempt  4	[0.01 s]
0.0.Bcustom2: Trace Attempt  1	[0.01 s]
0.0.Bcustom2: Trace Attempt  2	[0.01 s]
0.0.Bcustom2: Trace Attempt  3	[0.01 s]
0.0.Bcustom2: Trace Attempt  4	[0.01 s]
0.0.Bcustom2: Trace Attempt  5	[0.01 s]
0.0.ADcustom7: Trace Attempt  1	[0.02 s]
0.0.ADcustom7: Trace Attempt  2	[0.02 s]
0.0.ADcustom7: Trace Attempt  3	[0.02 s]
0.0.ADcustom7: Trace Attempt  4	[0.02 s]
0.0.ADcustom7: Trace Attempt  5	[0.02 s]
0.0.ADcustom7: Trace Attempt  1	[0.02 s]
0.0.ADcustom7: Trace Attempt  2	[0.02 s]
0.0.ADcustom7: Trace Attempt  3	[0.02 s]
0.0.ADcustom7: Trace Attempt  4	[0.02 s]
0.0.Bcustom2: Trace Attempt  1	[0.02 s]
0.0.Bcustom2: Trace Attempt  2	[0.02 s]
0.0.Bcustom2: Trace Attempt  3	[0.02 s]
0.0.Bcustom2: Trace Attempt  4	[0.02 s]
0.0.Bcustom2: Trace Attempt  5	[0.02 s]
0.0.ADcustom7: Trace Attempt  1	[0.03 s]
0.0.ADcustom7: Trace Attempt  2	[0.03 s]
0.0.ADcustom7: Trace Attempt  3	[0.03 s]
0.0.ADcustom7: Trace Attempt  4	[0.03 s]
0.0.AMcustom3: Trace Attempt  1	[0.04 s]
0.0.AMcustom3: Trace Attempt  2	[0.04 s]
0.0.AMcustom3: Trace Attempt  3	[0.04 s]
0.0.AMcustom3: Trace Attempt  4	[0.04 s]
0.0.AMcustom3: Trace Attempt  5	[0.05 s]
0.0.Bcustom2: Trace Attempt  1	[0.05 s]
0.0.Bcustom2: Trace Attempt  2	[0.05 s]
0.0.Bcustom2: Trace Attempt  3	[0.05 s]
0.0.Bcustom2: Trace Attempt  4	[0.05 s]
0.0.Bcustom2: Trace Attempt  5	[0.05 s]
0.0.ADcustom7: Trace Attempt  1	[0.06 s]
0.0.ADcustom7: Trace Attempt  2	[0.06 s]
0.0.ADcustom7: Trace Attempt  3	[0.06 s]
0.0.ADcustom7: Trace Attempt  4	[0.06 s]
0.0.ADcustom7: Trace Attempt  5	[0.06 s]
0.0.ADcustom7: Trace Attempt  1	[0.07 s]
0.0.ADcustom7: Trace Attempt  2	[0.07 s]
0.0.ADcustom7: Trace Attempt  3	[0.07 s]
0.0.ADcustom7: Trace Attempt  4	[0.07 s]
0.0.ADcustom7: Trace Attempt  1	[0.07 s]
0.0.ADcustom7: Trace Attempt  2	[0.07 s]
0.0.ADcustom7: Trace Attempt  3	[0.07 s]
0.0.ADcustom7: Trace Attempt  4	[0.07 s]
0.0.ADcustom7: Trace Attempt  1	[0.10 s]
0.0.ADcustom7: Trace Attempt  2	[0.10 s]
0.0.ADcustom7: Trace Attempt  3	[0.10 s]
0.0.ADcustom7: Trace Attempt  4	[0.10 s]
0.0.Bcustom2: Trace Attempt  1	[0.11 s]
0.0.Bcustom2: Trace Attempt  2	[0.11 s]
0.0.Bcustom2: Trace Attempt  3	[0.11 s]
0.0.Bcustom2: Trace Attempt  4	[0.11 s]
0.0.Bcustom2: Trace Attempt  5	[0.11 s]
0.0.AMcustom3: Trace Attempt  1	[0.14 s]
0.0.AMcustom3: Trace Attempt  2	[0.14 s]
0.0.AMcustom3: Trace Attempt  3	[0.14 s]
0.0.AMcustom3: Trace Attempt  4	[0.14 s]
0.0.AMcustom3: Trace Attempt  5	[0.14 s]
0.0.ADcustom7: Trace Attempt  1	[0.24 s]
0.0.ADcustom7: Trace Attempt  2	[0.24 s]
0.0.ADcustom7: Trace Attempt  3	[0.24 s]
0.0.ADcustom7: Trace Attempt  4	[0.24 s]
0.0.ADcustom7: Trace Attempt  5	[0.24 s]
0.0.ADcustom7: Trace Attempt  1	[0.24 s]
0.0.ADcustom7: Trace Attempt  2	[0.24 s]
0.0.ADcustom7: Trace Attempt  3	[0.24 s]
0.0.ADcustom7: Trace Attempt  4	[0.24 s]
0.0.ADcustom7: Trace Attempt  1	[0.25 s]
0.0.ADcustom7: Trace Attempt  2	[0.25 s]
0.0.ADcustom7: Trace Attempt  3	[0.25 s]
0.0.ADcustom7: Trace Attempt  4	[0.25 s]
0.0.Bcustom2: Trace Attempt  1	[0.26 s]
0.0.Bcustom2: Trace Attempt  2	[0.26 s]
0.0.Bcustom2: Trace Attempt  3	[0.26 s]
0.0.Bcustom2: Trace Attempt  4	[0.26 s]
0.0.Bcustom2: Trace Attempt  5	[0.26 s]
0.0.Ht: Trace Attempt 10924	[184.53 s]
0.0.ADcustom7: Trace Attempt  1	[0.28 s]
0.0.ADcustom7: Trace Attempt  2	[0.28 s]
0.0.ADcustom7: Trace Attempt  3	[0.28 s]
0.0.ADcustom7: Trace Attempt  4	[0.28 s]
0.0.ADcustom7: Trace Attempt  1	[0.39 s]
0.0.ADcustom7: Trace Attempt  2	[0.39 s]
0.0.ADcustom7: Trace Attempt  3	[0.40 s]
0.0.ADcustom7: Trace Attempt  4	[0.40 s]
0.0.AMcustom3: Trace Attempt  1	[0.59 s]
0.0.AMcustom3: Trace Attempt  2	[0.60 s]
0.0.AMcustom3: Trace Attempt  3	[0.60 s]
0.0.AMcustom3: Trace Attempt  4	[0.60 s]
0.0.AMcustom3: Trace Attempt  5	[0.60 s]
0.0.Bcustom2: Trace Attempt  1	[0.70 s]
0.0.Bcustom2: Trace Attempt  2	[0.70 s]
0.0.Bcustom2: Trace Attempt  3	[0.70 s]
0.0.Bcustom2: Trace Attempt  4	[0.70 s]
0.0.Bcustom2: Trace Attempt  5	[0.70 s]
0.0.ADcustom7: Trace Attempt  1	[1.16 s]
0.0.ADcustom7: Trace Attempt  2	[1.16 s]
0.0.ADcustom7: Trace Attempt  3	[1.16 s]
0.0.ADcustom7: Trace Attempt  4	[1.16 s]
0.0.ADcustom7: Trace Attempt  5	[1.16 s]
0.0.ADcustom7: Trace Attempt  1	[1.16 s]
0.0.ADcustom7: Trace Attempt  2	[1.16 s]
0.0.ADcustom7: Trace Attempt  3	[1.16 s]
0.0.ADcustom7: Trace Attempt  4	[1.16 s]
0.0.ADcustom7: Trace Attempt  1	[1.17 s]
0.0.ADcustom7: Trace Attempt  2	[1.17 s]
0.0.ADcustom7: Trace Attempt  3	[1.17 s]
0.0.ADcustom7: Trace Attempt  4	[1.17 s]
0.0.ADcustom7: Trace Attempt  1	[1.20 s]
0.0.ADcustom7: Trace Attempt  2	[1.20 s]
0.0.ADcustom7: Trace Attempt  3	[1.20 s]
0.0.ADcustom7: Trace Attempt  4	[1.20 s]
0.0.Hp: Trace Attempt 3612	[185.62 s]
0.0.ADcustom7: Trace Attempt  1	[1.33 s]
0.0.ADcustom7: Trace Attempt  2	[1.33 s]
0.0.ADcustom7: Trace Attempt  3	[1.33 s]
0.0.ADcustom7: Trace Attempt  4	[1.33 s]
0.0.M: Trace Attempt 144	[4.01 s]
0.0.ADcustom7: Trace Attempt  1	[2.03 s]
0.0.ADcustom7: Trace Attempt  2	[2.03 s]
0.0.ADcustom7: Trace Attempt  3	[2.03 s]
0.0.ADcustom7: Trace Attempt  4	[2.03 s]
0.0.Bcustom2: Trace Attempt  1	[2.32 s]
0.0.Bcustom2: Trace Attempt  2	[2.32 s]
0.0.Bcustom2: Trace Attempt  3	[2.32 s]
0.0.Bcustom2: Trace Attempt  4	[2.32 s]
0.0.Bcustom2: Trace Attempt  5	[2.32 s]
0.0.AMcustom3: Trace Attempt  1	[2.36 s]
0.0.AMcustom3: Trace Attempt  2	[2.36 s]
0.0.AMcustom3: Trace Attempt  3	[2.36 s]
0.0.AMcustom3: Trace Attempt  4	[2.37 s]
0.0.AMcustom3: Trace Attempt  5	[2.37 s]
0.0.ADcustom7: Trace Attempt 64	[2.63 s]
0.0.ADcustom7: Stopped processing property "GRAY.p1"	[3.73 s].
0.0.ADcustom7: Morphing to Tricustom8
0.0.ADcustom7: All properties determined. [0.00 s]
0.0.ADcustom7: Exited with Success (@ 0.00 s)
0.0.Tricustom8: clocks: 1, declared: 1, looping: 0, posedge: 1, negedge: 0, noedge: 0, bothedge: 0
0.0.AMcustom3: Trace Attempt 109	[3.73 s]
0.0.AMcustom3: Stopped processing property "GRAY.p1"	[3.74 s].
0.0.AMcustom3: Morphing to D
0.0.AMcustom3: All properties determined. [0.00 s]
0.0.AMcustom3: Exited with Success (@ 0.00 s)
0.0.D: clocks: 1, declared: 1, looping: 0, posedge: 1, negedge: 0, noedge: 0, bothedge: 0
0.0.D: Starting proof for property "GRAY.p1"	[0.00 s].
0.0.D: Trace Attempt 64	[0.00 s]
0.0.Tricustom8: Starting proof for property "GRAY.p1"	[0.00 s].
0.0.Tricustom8: Trace Attempt  1	[0.00 s]
0.0.Bcustom2: Trace Attempt 1179	[3.73 s]
0.0.Bcustom2: Stopped processing property "GRAY.p1"	[3.75 s].
0.0.Bcustom2: Morphing to Tri
0.0.Bcustom2: All properties determined. [0.00 s]
0.0.Bcustom2: Exited with Success (@ 0.00 s)
0.0.Tri: clocks: 1, declared: 1, looping: 0, posedge: 1, negedge: 0, noedge: 0, bothedge: 0
0.0.Tri: Starting proof for property "GRAY.p1"	[0.00 s].
0.0.Tri: Trace Attempt  1	[0.00 s]
0.0.Tri:    0.00" ---- Launching main thread ----
0.0.Tri:    0.04" ---- Launching abstraction thread ----
0.0.Tri:    0.04" ---- Launching multi-phase simplification thread ----
0.0.Tri:    0.06" ---- Launching liveness simplification thread ----
0.0.Tri: Requesting engine job to terminate
0.0.D: Requesting engine job to terminate
0.0.M: Requesting engine job to terminate
0.0.Tricustom8: Requesting engine job to terminate
0.0.Hp: Requesting engine job to terminate
0.0.Ht: Requesting engine job to terminate
INFO (IPF144): 0: Initiating shutdown of proof [188.21 s]
0.0.Tricustom8: A proof was found: No trace exists. [0.12 s]
INFO (IPF057): 0.0.Tricustom8: The property "GRAY.p1" was proven in 0.12 s.
0.0.D: Stopped processing property "GRAY.p1"	[0.13 s].
0.0.D: All properties determined. [0.13 s]
0.0.Ht: Trace Attempt 11029	[188.11 s]
0.0.Ht: All properties determined. [188.15 s]
0.0.M: Trace Attempt 225	[6.09 s]
0.0.M: Stopped processing property "GRAY.p1"	[6.19 s].
0.0.M: All properties determined. [6.19 s]
0.0.M: Exited with Success (@ 188.23 s)
0: ProofGrid usable level: 0
0.0.D: Exited with Success (@ 188.23 s)
0.0.Hp: Trace Attempt 3636	[188.15 s]
0.0.Hp: All properties determined. [188.24 s]
0.0.Ht: Exited with Success (@ 188.40 s)
0.0.Tri: Stopped processing property "GRAY.p1"	[0.31 s].
0.0.Tri: All properties determined. [0.31 s]
0.0.Tricustom8: Stopped processing property "GRAY.p1"	[0.32 s].
0.0.Tricustom8: All properties determined. [0.32 s]
0.0.Tri: Exited with Success (@ 188.42 s)
0.0.Tricustom8: Exited with Success (@ 188.42 s)
0.0.Hp: Exited with Success (@ 188.53 s)
0: --------------------------------------------------------------
ProofGrid Summary (utilization 99.94 %)
--------------------------------------------------------------
     engines started                               :    15
     engine jobs started                           :     7

    Average time in state (seconds)
    ------------------------------------------------------
    Engine  Pending     Running        Dead    Utilization
    ------------------------------------------------------
     Hp        0.08      188.21        0.00       99.96 %
     Ht        0.08      188.13        0.00       99.96 %
     Oh        0.07        0.00        0.00        1.86 %
    Tri        0.09      188.16        0.00       99.95 %
      D        0.07      188.00        0.00       99.96 %
      M        0.08      187.95        0.00       99.96 %
    Tricustom8        0.10        7.10        0.00       98.63 %
    all        0.08      135.36        0.00       99.94 %

    Total time in state (seconds)
    -----------------------------------------
            Pending     Running        Dead  
    -----------------------------------------
               0.57      947.54        0.00

    Data read    : 6.60 MiB
    Data written : 5.15 kiB

0: All pending notifications were processed.
INFO (IPF059): 0: Completed proof on task: "<embedded>"

==============================================================
SUMMARY
==============================================================
           Properties Considered              : 1
                 assertions                   : 1
                  - proven                    : 1 (100%)
                  - bounded_proven (user)     : 0 (0%)
                  - bounded_proven (auto)     : 0 (0%)
                  - marked_proven             : 0 (0%)
                  - cex                       : 0 (0%)
                  - ar_cex                    : 0 (0%)
                  - undetermined              : 0 (0%)
                  - unknown                   : 0 (0%)
                  - error                     : 0 (0%)
                 covers                       : 0
                  - unreachable               : 0
                  - bounded_unreachable (user): 0
                  - covered                   : 0
                  - ar_covered                : 0
                  - undetermined              : 0
                  - unknown                   : 0
                  - error                     : 0
proven
[<embedded>] % exit -force
[<embedded>] % INFO (IPL005): Received request to exit from the console.
INFO: Waiting for proof threads to stop...
INFO: Proof threads stopped.
INFO (IPL018): The peak resident set memory use for this session was 1.750 GB.
INFO (IPL014): Waiting for the Tcl-thread to exit.
INFO (IPL015): The Tcl-thread exited with status 0.
INFO (IPL016): Exiting the analysis session with status 0.
Finished 1_gray_9.tcl successfully
