Jasper Apps 2024.06p002 64 bits 2024.09.02 16:28:38 UTC

Any disclosure about the Cadence Design Systems software or its use
model to any third party violates the written Non-Disclosure Agreement
between Cadence Design Systems, Inc. and the customer.

THIS SOFTWARE CONTAINS CONFIDENTIAL INFORMATION AND TRADE SECRETS OF
CADENCE DESIGN SYSTEMS, INC. USE, DISCLOSURE, OR REPRODUCTION IS
PROHIBITED WITHOUT THE PRIOR EXPRESS WRITTEN PERMISSION OF CADENCE
DESIGN SYSTEMS, INC.

Copyright (C) 2000-2024 Cadence Design Systems, Inc. All Rights
Reserved.  Unpublished -- rights reserved under the copyright laws of
the United States.

This product includes software developed by others and redistributed
according to license agreement. See doc/third_party_readme.txt for
further details.

RESTRICTED RIGHTS LEGEND

Use, duplication, or disclosure by the Government is subject to
restrictions as set forth in subparagraph (c) (1) (ii) of the Rights in
Technical Data and Computer Software clause at DFARS 252.227-7013 or
subparagraphs (c) (1) and (2) of Commercial Computer Software -- Restricted
Rights at 48 CFR 52.227-19, as applicable.


                          Cadence Design Systems, Inc.
                          2655 Seely Avenue
                          San Jose, CA 95134
                          Phone: 408.943.1234

For technical assistance visit http://support.cadence.com.

Jasper Apps Analysis Session - /users/rompel/jasper_executions/safety_liveness/jgprojects/lcd_10/sessionLogs/session_0

WARNING (WG017): [session]: The system's locale is "ANSI_X3.4-1968", which is not UTF-8. Non-ASCII characters might not be handled correctly.
WARNING (WG017): [jg_console]: The system's locale is "ANSI_X3.4-1968", which is not UTF-8. Non-ASCII characters might not be handled correctly.
INFO: successfully checked out license "jasper_fao".
INFO: reading configuration file "/users/rompel/.config/cadence/jasper.conf".
% analyze -sv09 ../lcd_10.sv
[-- (VERI-1482)] Analyzing Verilog file '/tools/cadence2425/JASPER/jasper_2024.06p002/lib/verilog/packages/std/std.sv' into library 'std'
[-- (VERI-1482)] Analyzing Verilog file '../lcd_10.sv'
% elaborate -bbox_mul 1000000 -bbox_div 1000000 -bbox_mod 1000000 -bbox_a 1000000
[INFO (HIER-8002)] ../lcd_10.sv(101): Disabling old hierarchical reference handler
[INFO (VERI-1018)] ../lcd_10.sv(1): compiling module 'LCD'
[WARN (VERI-1209)] ../lcd_10.sv(17): expression size 32 truncated to fit in target size 15
[WARN (VERI-1209)] ../lcd_10.sv(28): expression size 32 truncated to fit in target size 15
[WARN (VERI-1209)] ../lcd_10.sv(92): expression size 32 truncated to fit in target size 15
[INFO (VERI-8005)] ../lcd_10.sv(1): Unintentional sequential element inferred for rw read before write using blocking assignment
[INFO (VERI-8005)] ../lcd_10.sv(1): Unintentional sequential element inferred for rs read before write using blocking assignment
[INFO (VERI-8005)] ../lcd_10.sv(1): Unintentional sequential element inferred for busy read before write using blocking assignment
[INFO (VERI-8005)] ../lcd_10.sv(1): Unintentional sequential element inferred for lcd_data read before write using blocking assignment
[INFO (VERI-8005)] ../lcd_10.sv(1): Unintentional sequential element inferred for e read before write using blocking assignment
[INFO (VERI-8005)] ../lcd_10.sv(5): Unintentional sequential element inferred for cnt read before write using blocking assignment
[INFO (VERI-8005)] ../lcd_10.sv(6): Unintentional sequential element inferred for state read before write using blocking assignment
INFO (ISW003): Top module name is "LCD".
INFO (INL208): Elaboration synthesis summary:
  Number of synthesized netlists          1 (0 packages)
  Single run mode                         On
  Pipeline                                On (1 pipelined netlists)
  Late hierarchical reference connection  On
  Number of analyzed Verilog modules      1 (1 synthesized)
  Number of analyzed VHDL entities        0 (0 synthesized)
INFO (INL003): Clearing all state information (assumes, stopats, and so forth).
LCD
[<embedded>] % reset -none
INFO (IPM031): Clearing proof results of all properties.
[<embedded>] % clock clk
[<embedded>] % prove -all
Ncustom1: Custom engine code is hT3Ng7hPPfiYQOTDZ3qhYOwGAM51eA+J/FjkM5shLioAsqhgLR4Ft+O1BuKG6ilQ83B9tLXSl+CwjiTMAQA
Bcustom2: Custom engine code is hT3Nm7hPr1Vp3Di1Ra2USNIGL4JypRnLKLAdF6JAyuavO2JfGCiY9OZJhcAcOUnLx5xwNdhILGrAWX9s+z2WDkKwNR7tAfClBEjRFVQeq6DU54boFgEA
AMcustom3: Custom engine code is hT3Ng7hP/feYQOTDZ3qhYOwGAM51eA+J/FjkM5shLioAsqhgLR4Ft+O1BuKG6ilQ83B9tLXSmmqwm7g9AQA
Mpcustom4: Custom engine code is hT3NZbhP9fmY2AbBQnsjfOxn6c+6e6yL+/e8fZFmaQrnlgEA
INFO (IPF036): Starting proof on task: "<embedded>", 1 properties to prove with 0 already proven/unreachable
INFO (IRS029): Starting reset analysis: phase 1 of 4.
INFO (IRS030): Running reset analysis: phase 2 of 4.
INFO (IRS031): Running reset analysis: phase 3 of 4.
INFO (IRS020): Starting the reset analysis simulation with a limit of 100 iterations (phase 4 of 4).
INFO (IRS024): Reset iterations 0 to 4 analyzed.
INFO (IRS018): Reset analysis simulation executed for 3 iterations. Assigned values for 0 of 29 design flops, 0 of 0 design latches, 3 of 3 internal elements.
INFO (IRS039): Reset analysis complete.
INFO (IPF031): Settings used for proof thread 0:
    orchestration                 = on
    time_limit                    = 86400s
    per_property_time_limit       = 1s * 10 ^ scan
    engine_mode                   = auto
    proofgrid_per_engine_max_jobs = 1
    max engine jobs               = auto
    proofgrid_mode                = local
    proofgrid_restarts            = 10
AMcustom5: Custom engine code is hT3N1rhP11/52HrFRS21ROp2LOjVTgPvT8L8BGXHgLhaIuqtT4nARFjUqrBL+7pLmaTOzBepZW/Jm8SSrHDybSQtoNiO3y43wk+dEoWlsZizu97Fih6O6lPVG/LpWP5SsUPwlGagLNa1FKEFvwVXyX7//8prySbvSxIHXr5er+z4RAEA
0: Using multistage preprocessing
Ncustom6: Custom engine code is hT3OXrhPByJp3TrFSTLhUmMH4KVtJgmTCnNDF46yMXOKY48m4LS5nE7yBzFjA7kDuwO/GhGUpEPiky3p3wmPn3dJZHxFMsafSoObRzSC+tn7sEY0WbTdZ/FV4hL3MYH/b1CIUvXSWR4wqEoVLsmMOD4xIPT4lI1LO6ZCO7PnnWQuLwetnvKlrXx6wCW/A+x+enqslg1YPobi4wEF/EvbzOvcTYdJvl2s4H2yZg2b2ofAVN5WvhWk1HoBAA
0: Starting reduce
ADcustom7: Custom engine code is hT3Nv7hPv1752HrFRa2kROx2f/ECJeZB2AZsLdlO8VwmIuqtT4nIDFXclhg+O+o+DMmQCekbheGk0kK28laA9gaOFDXsQp29J3X615HY1IPHJWd6FUFvCHjO+p1k652b5JJvZlShNpGlGSXAiQe/mEAj6tEBAA
Tricustom8: Custom engine code is hT3Nu7hPt1752DvFRa0kNDiyIV97VyejwM9C/jCLJjdPvusZONHY42VYUy0Q1ZotnhcVtNc56tJ5wbxv6V2+XpdsaSlHck5vfnbYjdwj1OECy9U+7oSQ0SZE3g5ayD+Phuh4odCJTjeKa2k4elM9ldQfkAEA
Gcustom9: Custom engine code is hT3NibhPDfeYQADBZnYcglOvK9Pfd7EOeniIqP8jNsyIqInncipMGcUXqAadachREE9F2PwhBUZUNw5kHnd4JdXkamORRgEA
C2custom10: Custom engine code is hT3NirhPjfWYQADBZnYcglOvK9Pfd7EOeniIqP8jNsyIqInncgkrYMMXCYbdK0dUjZIF9d4cJ0rHoBDjwVLBKuG86XYVV00BAA
AGcustom11: Custom engine code is hT3NirhP/fmYQADBZnYcglOvK9Pfd7EOeniIqP8jNsyIqInnckcwYMMXCYbdK0dUjZIF9d4cJ0rHoBDjwVLBKuHEZnZByh0BAA
Bcustom12: Custom engine code is hT3NjrhPDfiYQADBZnYcglOvK9PfWxFtenjIyBqfrgr7if/jL/yPOuK1BAflEcW0DxNH2eDIoezN2gxlQFg81RZtiWXh7aiTAidvAQA
Ncustom13: Custom engine code is hT3NR7hPByFp3TrFSTLhUmMH4KWtJglTyV/c51BHEeZWamnJv767nE6PCak26bd3gf3XGN3rIRheufhDieCJQVISo+gNYUKhiUedBKGtsP/a18svAnlMJZudHxDFwK5ufsyoxsIyiAeSY2oi3tEuoDHr5gw42DFKAG3PqO3CEsl8Azzdt3pl5nGA1Ifv2H02eYsFzWb/nfp8PMb3F0krE/EgBcm8TD9Div8BAA
0: Finished reduce in 0s
Tricustom14: Custom engine code is hT3Nu7hP3fiYQADBZnYcglNHp9bfd7EOeniIqP/ji8sGLQu8yhsFO+wxJ+O+R0bU8g/IewXFomyos+viQnWc2xYNYmMqpo3i40O7DaZR7qfp4YqNx26KRvQ/qx0BAA
0.0.PRE: Performing Proof Simplification...
0.0.N: clocks: 1, declared: 1, looping: 0, posedge: 1, negedge: 0, noedge: 0, bothedge: 0
0.0.N: Proof Simplification Iteration 1	[0.00 s]
0.0.N: Proof Simplification Iteration 2	[0.00 s]
0.0.N: Proof Simplification Iteration 3	[0.00 s]
0.0.N: Proof Simplification Iteration 4	[0.00 s]
0.0.PRE: A proof was found: No trace exists. [0.00 s]
INFO (IPF057): 0.0.PRE: The property ":noDeadEnd" was proven in 0.00 s.
    Use check_assumptions -show -dead_end to show this property in the property table.
0.0.PRE: A proof was found: No trace exists. [0.00 s]
INFO (IPF057): 0.0.PRE: The property ":noConflict" was proven in 0.00 s.
    Use check_assumptions -show to show this property in the property table.
INFO (IPF047): 0.0.PRE: The cover property ":live" was covered in 1 cycles in 0.00 s.
    Use check_assumptions -show -live to show this property in the property table.
0.0.PRE: Proof Simplification completed in 0.00 s
0: About to start ProofGrid in its own thread with a limit of 10000 pending notifications and a limit of 10 traces.
0: =============================== ProofGrid start ===============================
0: ProofGrid usable level: 1
0: Initial ProofGrid level: 1
0: ProofGrid is starting event handling
0.0.Hp: Proofgrid shell started at 26701@vlsi-ria84(local) jg_26633_vlsi-ria84_1
0.0.N: Proofgrid shell started at 26700@vlsi-ria84(local) jg_26633_vlsi-ria84_1
0.0.Hp: clocks: 1, declared: 1, looping: 0, posedge: 1, negedge: 0, noedge: 0, bothedge: 0
0.0.Hp: Last scan. Per property time limit: 0s
0.0.N: clocks: 1, declared: 1, looping: 0, posedge: 1, negedge: 0, noedge: 0, bothedge: 0
0.0.N: Last scan. Per property time limit: 0s
0.0.N: Starting proof for property "LCD.p1"	[0.00 s].
0.0.N: Trace Attempt  1	[0.00 s]
0.0.Hp: Trace Attempt  1	[0.00 s]
0.0.Hp: Trace Attempt  2	[0.00 s]
0.0.Hp: Trace Attempt  3	[0.00 s]
0.0.N: Trace Attempt  2	[0.00 s]
0.0.N: Trace Attempt  2	[0.00 s]
0.0.N: Trace Attempt  3	[0.00 s]
0.0.N: Trace Attempt  3	[0.00 s]
0.0.N: Trace Attempt  4	[0.00 s]
0.0.Hp: Trace Attempt  4	[0.01 s]
0.0.N: Trace Attempt  4	[0.01 s]
0.0.Hp: Trace Attempt  5	[0.01 s]
0.0.N: Trace Attempt  5	[0.01 s]
0.0.Oh: Proofgrid shell started at 26733@vlsi-ria84(local) jg_26633_vlsi-ria84_1
0.0.AM: Proofgrid shell started at 26735@vlsi-ria84(local) jg_26633_vlsi-ria84_1
0.0.Oh: clocks: 1, declared: 1, looping: 0, posedge: 1, negedge: 0, noedge: 0, bothedge: 0
0.0.AM: clocks: 1, declared: 1, looping: 0, posedge: 1, negedge: 0, noedge: 0, bothedge: 0
0.0.AM: Last scan. Per property time limit: 0s
0.0.AM: Starting proof for property "LCD.p1"	[0.00 s].
0.0.Oh: Reached length limit (2147483647) [0.00 s]
0.0.AM: Trace Attempt  1	[0.00 s]
0.0.Oh: Exited with Success (@ 0.04 s)
0.0.Oh: Completed, Restart ignored.
0.0.AM: Trace Attempt  2	[0.00 s]
0.0.AM: Trace Attempt  3	[0.00 s]
0.0.AM: Trace Attempt  4	[0.00 s]
0.0.AM: Trace Attempt  5	[0.00 s]
0.0.B: Proofgrid shell started at 26734@vlsi-ria84(local) jg_26633_vlsi-ria84_1
0.0.B: clocks: 1, declared: 1, looping: 0, posedge: 1, negedge: 0, noedge: 0, bothedge: 0
0.0.B: Last scan. Per property time limit: 0s
0.0.B: Starting proof for property "LCD.p1"	[0.00 s].
0.0.B: Trace Attempt  1	[0.00 s]
0.0.Ht: Proofgrid shell started at 26732@vlsi-ria84(local) jg_26633_vlsi-ria84_1
0.0.B: Trace Attempt  2	[0.00 s]
0.0.Ht: clocks: 1, declared: 1, looping: 0, posedge: 1, negedge: 0, noedge: 0, bothedge: 0
0.0.Ht: Last scan. Per property time limit: 0s
0.0.B: Trace Attempt  3	[0.00 s]
0.0.Ht: Trace Attempt  1	[0.00 s]
0.0.Ht: Trace Attempt  2	[0.00 s]
0.0.B: Trace Attempt  4	[0.00 s]
0.0.Ht: Trace Attempt  3	[0.00 s]
0.0.Ht: Trace Attempt  4	[0.00 s]
0.0.B: Trace Attempt  5	[0.01 s]
0.0.Ht: Trace Attempt  5	[0.00 s]
0.0.AM: Trace Attempt  1	[0.02 s]
0.0.AM: Trace Attempt  2	[0.02 s]
0.0.AM: Trace Attempt  3	[0.02 s]
0.0.AM: Trace Attempt  4	[0.02 s]
0.0.N: Trace Attempt  1	[0.06 s]
0.0.N: Trace Attempt  2	[0.07 s]
0.0.N: Trace Attempt  3	[0.07 s]
0.0.N: Trace Attempt  4	[0.07 s]
0.0.AM: Trace Attempt  5	[0.04 s]
0.0.N: Trace Attempt  5	[0.11 s]
0.0.AM: Trace Attempt  1	[0.13 s]
0.0.AM: Trace Attempt  2	[0.13 s]
0.0.AM: Trace Attempt  3	[0.13 s]
0.0.AM: Trace Attempt  4	[0.14 s]
0.0.AM: Trace Attempt  5	[0.18 s]
0.0.AM: Trace Attempt  1	[0.63 s]
0.0.AM: Trace Attempt  2	[0.63 s]
0.0.AM: Trace Attempt  3	[0.63 s]
0.0.AM: Trace Attempt  4	[0.63 s]
0.0.AM: Trace Attempt  5	[0.66 s]
0.0.B: Trace Attempt 63	[4.04 s]
0.0.Ht: Trace Attempt 51	[4.11 s]
0.0.N: Trace Attempt 35	[4.17 s]
0.0.Hp: Trace Attempt 51	[4.34 s]
0.0.AM: Trace Attempt  1	[4.47 s]
0.0.AM: Trace Attempt  2	[4.48 s]
0.0.AM: Trace Attempt  3	[4.48 s]
0.0.AM: Trace Attempt  4	[4.48 s]
0.0.AM: Trace Attempt  5	[4.55 s]
0.0.Ht: Trace Attempt 66	[8.19 s]
0.0.B: Trace Attempt 77	[8.31 s]
0.0.Hp: Trace Attempt 66	[8.57 s]
0.0.N: Trace Attempt 45	[8.75 s]
0.0.AM: Trace Attempt 32	[8.93 s]
0.0.Ht: Trace Attempt 77	[12.45 s]
0.0.Hp: Trace Attempt 77	[12.79 s]
0.0.N: Trace Attempt 53	[13.21 s]
0.0.AM: Trace Attempt 46	[13.19 s]
0.0.B: Trace Attempt 85	[15.90 s]
0.0.Ht: Trace Attempt 84	[16.52 s]
0.0.Hp: Trace Attempt 84	[16.96 s]
0.0.AM: Trace Attempt 60	[17.32 s]
0.0.N: Trace Attempt 64	[17.63 s]
0.0.B: Trace Attempt 87	[20.27 s]
0.0.AM: Trace Attempt 64	[21.37 s]
0.0.Ht: Trace Attempt 92	[21.43 s]
0.0.Hp: Trace Attempt 92	[21.88 s]
0.0.N: Trace Attempt 73	[22.02 s]
0.0.B: Trace Attempt 94	[24.61 s]
0.0.AM: Trace Attempt 70	[25.51 s]
0.0.Ht: Trace Attempt 99	[26.08 s]
0.0.N: Trace Attempt 80	[26.29 s]
0.0.Hp: Trace Attempt 99	[26.56 s]
0.0.AM: Trace Attempt 77	[30.06 s]
0.0.Ht: Trace Attempt 105	[30.33 s]
0.0.Hp: Trace Attempt 105	[30.95 s]
0.0.N: Trace Attempt 85	[31.08 s]
0.0.B: Trace Attempt 97	[31.75 s]
0.0.Ht: Trace Attempt 110	[35.02 s]
0.0.AM: Trace Attempt 84	[35.38 s]
0.0.Hp: Trace Attempt 110	[35.76 s]
0.0.B: Trace Attempt 99	[35.93 s]
0.0.N: Trace Attempt 89	[36.25 s]
0.0.AM: Trace Attempt 89	[39.45 s]
0.0.Ht: Trace Attempt 112	[39.68 s]
0.0.Hp: Trace Attempt 112	[40.38 s]
0.0.B: Trace Attempt 102	[40.46 s]
0.0.N: Trace Attempt 92	[41.07 s]
0.0.AM: Trace Attempt 93	[43.80 s]
0.0.Ht: Trace Attempt 115	[44.35 s]
0.0.Hp: Trace Attempt 115	[44.91 s]
0.0.B: Trace Attempt 106	[45.86 s]
0.0.N: Trace Attempt 94	[46.79 s]
0.0.AM: Trace Attempt 98	[48.23 s]
0.0.Ht: Trace Attempt 120	[49.38 s]
0.0.Hp: Trace Attempt 120	[49.88 s]
0.0.B: Trace Attempt 111	[50.55 s]
0.0.N: Trace Attempt 97	[50.95 s]
0.0.AM: Trace Attempt 105	[52.44 s]
0.0.Ht: Trace Attempt 123	[53.58 s]
0.0.Hp: Trace Attempt 123	[53.97 s]
0.0.B: Trace Attempt 117	[55.12 s]
0.0.AM: Trace Attempt 111	[56.90 s]
0.0.N: Trace Attempt 100	[57.32 s]
0.0.Ht: Trace Attempt 127	[57.70 s]
0.0.Hp: Trace Attempt 127	[58.04 s]
0.0.AM: Trace Attempt 115	[61.24 s]
0.0.B: Trace Attempt 121	[61.60 s]
0.0.N: Trace Attempt 108	[62.35 s]
0.0.Ht: Trace Attempt 131	[62.57 s]
0.0.Hp: Trace Attempt 131	[63.01 s]
0.0.B: Trace Attempt 125	[65.62 s]
0.0.AM: Trace Attempt 119	[65.73 s]
0.0.N: Trace Attempt 116	[66.60 s]
0.0.Ht: Trace Attempt 134	[67.10 s]
0.0.Hp: Trace Attempt 134	[67.32 s]
0.0.AM: Trace Attempt 124	[70.24 s]
0.0.B: Trace Attempt 130	[70.69 s]
0.0.N: Trace Attempt 124	[71.06 s]
0.0.Ht: Trace Attempt 137	[72.47 s]
0.0.Hp: Trace Attempt 137	[72.68 s]
0.0.AM: Trace Attempt 129	[74.85 s]
0.0.B: Trace Attempt 132	[74.85 s]
0.0.N: Trace Attempt 136	[75.23 s]
0.0.Ht: Trace Attempt 139	[77.02 s]
0.0.Hp: Trace Attempt 139	[77.23 s]
0.0.AM: Trace Attempt 133	[78.98 s]
0.0.N: Trace Attempt 158	[79.29 s]
0.0.B: Trace Attempt 135	[79.69 s]
0.0.Ht: Trace Attempt 141	[82.64 s]
0.0.Hp: Trace Attempt 141	[82.97 s]
0.0.AM: Trace Attempt 136	[84.23 s]
0.0.N: Trace Attempt 169	[84.30 s]
0.0.B: Trace Attempt 138	[84.35 s]
0.0.Ht: Trace Attempt 144	[87.17 s]
0.0.Hp: Trace Attempt 144	[87.48 s]
0.0.B: Trace Attempt 141	[88.71 s]
0.0.AM: Trace Attempt 140	[89.31 s]
0.0.N: Trace Attempt 174	[89.42 s]
0.0.Ht: Trace Attempt 147	[92.83 s]
0.0.Hp: Trace Attempt 147	[93.04 s]
0.0.N: Trace Attempt 178	[93.48 s]
0.0.B: Trace Attempt 144	[94.01 s]
0.0.AM: Trace Attempt 142	[94.13 s]
0.0.Ht: Trace Attempt 149	[97.41 s]
0.0.Hp: Trace Attempt 149	[97.61 s]
0.0.N: Trace Attempt 183	[97.96 s]
0.0.B: Trace Attempt 146	[98.39 s]
0.0.AM: Trace Attempt 145	[98.94 s]
0.0.Ht: Trace Attempt 151	[103.10 s]
0.0.Hp: Trace Attempt 151	[103.27 s]
0.0.N: Trace Attempt 187	[103.36 s]
0.0.AM: Trace Attempt 148	[103.40 s]
0.0.B: Trace Attempt 149	[103.97 s]
0.0.AM: Trace Attempt 151	[107.77 s]
0.0.N: Trace Attempt 191	[108.76 s]
0.0.Ht: Trace Attempt 153	[108.78 s]
0.0.Hp: Trace Attempt 153	[108.86 s]
0.0.B: Trace Attempt 152	[108.86 s]
0.0.AM: Trace Attempt 154	[113.01 s]
0.0.B: Trace Attempt 155	[113.91 s]
0.0.N: Trace Attempt 194	[114.35 s]
0.0.Ht: Trace Attempt 155	[115.56 s]
0.0.Hp: Trace Attempt 155	[115.68 s]
0.0.AM: Trace Attempt 157	[117.55 s]
0.0.B: Trace Attempt 157	[117.98 s]
0.0.N: Trace Attempt 196	[118.86 s]
0.0.Ht: Trace Attempt 157	[121.50 s]
0.0.Hp: Trace Attempt 157	[121.57 s]
0.0.AM: Trace Attempt 161	[122.20 s]
0.0.N: Trace Attempt 198	[123.13 s]
0.0.B: Trace Attempt 160	[123.77 s]
0.0.Ht: Trace Attempt 158	[126.63 s]
0.0.Hp: Trace Attempt 158	[126.76 s]
0.0.AM: Trace Attempt 164	[127.12 s]
0.0.B: Trace Attempt 163	[129.48 s]
0.0.AM: Trace Attempt 168	[131.87 s]
0.0.Ht: Trace Attempt 160	[132.72 s]
0.0.Hp: Trace Attempt 160	[132.83 s]
0.0.B: Trace Attempt 165	[133.88 s]
0.0.N: Trace Attempt 199	[134.12 s]
0.0.AM: Trace Attempt 172	[137.16 s]
0.0.B: Trace Attempt 167	[138.03 s]
0.0.Hp: Trace Attempt 162	[138.70 s]
0.0.Ht: Trace Attempt 162	[138.78 s]
0.0.N: Trace Attempt 202	[139.50 s]
0.0.B: Trace Attempt 169	[142.13 s]
0.0.AM: Trace Attempt 175	[142.59 s]
0.0.Hp: Trace Attempt 164	[144.37 s]
0.0.N: Trace Attempt 205	[144.58 s]
0.0.Ht: Trace Attempt 164	[144.61 s]
0.0.B: Trace Attempt 171	[146.54 s]
0.0.AM: Trace Attempt 179	[146.61 s]
0.0.N: Trace Attempt 208	[149.22 s]
0.0.Hp: Trace Attempt 165	[150.82 s]
0.0.AM: Trace Attempt 183	[150.92 s]
0.0.Ht: Trace Attempt 165	[151.04 s]
0.0.B: Trace Attempt 173	[151.28 s]
0.0.N: Trace Attempt 212	[154.35 s]
0.0.AM: Trace Attempt 187	[155.58 s]
0.0.B: Trace Attempt 175	[157.13 s]
0.0.N: Trace Attempt 215	[158.73 s]
0.0.Hp: Trace Attempt 167	[158.80 s]
0.0.Ht: Trace Attempt 167	[159.05 s]
0.0.AM: Trace Attempt 190	[160.16 s]
0.0.B: Trace Attempt 177	[161.46 s]
0.0.N: Trace Attempt 219	[163.85 s]
0.0.AM: Trace Attempt 192	[164.34 s]
0.0.Hp: Trace Attempt 169	[164.73 s]
0.0.Ht: Trace Attempt 169	[165.11 s]
0.0.B: Trace Attempt 179	[168.67 s]
0.0.N: Trace Attempt 223	[169.16 s]
0.0.AM: Trace Attempt 196	[169.26 s]
0.0.Hp: Trace Attempt 171	[171.71 s]
0.0.Ht: Trace Attempt 171	[172.45 s]
0.0.AM: Trace Attempt 199	[173.39 s]
0.0.N: Trace Attempt 227	[173.91 s]
0.0.B: Trace Attempt 181	[174.91 s]
0.0.N: Trace Attempt 231	[178.44 s]
0.0.AM: Trace Attempt 203	[179.37 s]
0.0.Hp: Trace Attempt 173	[179.63 s]
0.0.B: Trace Attempt 183	[180.21 s]
0.0.Ht: Trace Attempt 173	[180.83 s]
0.0.B: Stopped processing property "LCD.p1"	[180.96 s].
0.0.B: Morphing to Bcustom2
0.0.B: All properties determined. [0.00 s]
0.0.B: Exited with Success (@ 0.00 s)
0.0.Bcustom2: clocks: 1, declared: 1, looping: 0, posedge: 1, negedge: 0, noedge: 0, bothedge: 0
0.0.Bcustom2: Starting proof for property "LCD.p1"	[0.00 s].
0.0.Bcustom2: Trace Attempt  1	[0.00 s]
0.0.Bcustom2: Trace Attempt  2	[0.00 s]
0.0.Bcustom2: Trace Attempt  1	[0.00 s]
0.0.Bcustom2: Trace Attempt  2	[0.00 s]
0.0.Bcustom2: Trace Attempt  1	[0.00 s]
0.0.Bcustom2: Trace Attempt  2	[0.00 s]
0.0.Bcustom2: Trace Attempt  3	[0.00 s]
0.0.Bcustom2: Trace Attempt  4	[0.01 s]
0.0.Bcustom2: Trace Attempt  5	[0.01 s]
0.0.Bcustom2: Trace Attempt  1	[0.01 s]
0.0.Bcustom2: Trace Attempt  2	[0.01 s]
0.0.Bcustom2: Trace Attempt  3	[0.01 s]
0.0.Bcustom2: Trace Attempt  4	[0.01 s]
0.0.Bcustom2: Trace Attempt  5	[0.01 s]
0.0.Tri: Proofgrid shell started at 26972@vlsi-ria84(local) jg_26633_vlsi-ria84_1
0.0.Tri: clocks: 1, declared: 1, looping: 0, posedge: 1, negedge: 0, noedge: 0, bothedge: 0
0.0.Tri: Last scan. Per property time limit: 0s
0.0.Tri: Starting proof for property "LCD.p1"	[0.00 s].
0.0.Tri: Trace Attempt  1	[0.00 s]
0.0.Tri:    0.00" ---- Launching main thread ----
0.0.Tri:    0.02" ---- Launching abstraction thread ----
0.0.Tri:    0.03" ---- Launching multi-phase simplification thread ----
0.0.Tri:    0.04" ---- Launching liveness simplification thread ----
0.0.N: Trace Attempt 233	[180.08 s]
0.0.N: Stopped processing property "LCD.p1"	[181.17 s].
0.0.N: Morphing to Ncustom1
0.0.AM: Stopped processing property "LCD.p1"	[181.14 s].
0.0.AM: Morphing to AMcustom3
0.0.AM: All properties determined. [0.00 s]
0.0.AM: Exited with Success (@ 0.00 s)
0.0.AMcustom3: clocks: 1, declared: 1, looping: 0, posedge: 1, negedge: 0, noedge: 0, bothedge: 0
0.0.AMcustom3: Starting proof for property "LCD.p1"	[0.00 s].
0.0.AMcustom3: Trace Attempt  1	[0.00 s]
0.0.AMcustom3: Trace Attempt  2	[0.00 s]
0.0.AMcustom3: Trace Attempt  3	[0.00 s]
0.0.AMcustom3: Trace Attempt  4	[0.00 s]
0.0.AMcustom3: Trace Attempt  5	[0.00 s]
0.0.N: All properties determined. [0.00 s]
0.0.N: Exited with Success (@ 0.00 s)
0.0.Ncustom1: clocks: 1, declared: 1, looping: 0, posedge: 1, negedge: 0, noedge: 0, bothedge: 0
0.0.Ncustom1: Starting proof for property "LCD.p1"	[0.00 s].
0.0.Ncustom1: Trace Attempt  4	[0.00 s]
0.0.Ncustom1: Trace Attempt  5	[0.00 s]
0.0.AMcustom3: Trace Attempt  1	[0.02 s]
0.0.AMcustom3: Trace Attempt  2	[0.02 s]
0.0.AMcustom3: Trace Attempt  3	[0.02 s]
0.0.AMcustom3: Trace Attempt  4	[0.03 s]
0.0.AMcustom3: Trace Attempt  5	[0.04 s]
0.0.Ncustom1: Trace Attempt  1	[0.06 s]
0.0.Ncustom1: Trace Attempt  2	[0.07 s]
0.0.Ncustom1: Trace Attempt  3	[0.07 s]
0.0.Ncustom1: Trace Attempt  4	[0.07 s]
0.0.Ncustom1: Trace Attempt  5	[0.12 s]
0.0.AMcustom3: Trace Attempt  1	[0.14 s]
0.0.AMcustom3: Trace Attempt  2	[0.15 s]
0.0.AMcustom3: Trace Attempt  3	[0.15 s]
0.0.AMcustom3: Trace Attempt  4	[0.15 s]
0.0.AMcustom3: Trace Attempt  5	[0.18 s]
0.0.Tri:    0.82" Simplification phase 1 complete
0.0.AMcustom3: Trace Attempt  1	[0.79 s]
0.0.AMcustom3: Trace Attempt  2	[0.80 s]
0.0.AMcustom3: Trace Attempt  3	[0.80 s]
0.0.AMcustom3: Trace Attempt  4	[0.80 s]
0.0.AMcustom3: Trace Attempt  5	[0.85 s]
0.0.Tri:    1.16" Simplification phase 2 complete
0.0.Tri:    1.22" Simplification phase 3 complete
   1.22" ---- Completed simplification thread ----
   1.22" ---- Restarting main thread on simplified netlist ----
0.0.Tri:    1.25" ---- Restarting abstraction thread on simplified netlist ----
0.0.Ncustom1: Requesting engine job to terminate
0.0.Bcustom2: Requesting engine job to terminate
0.0.AMcustom3: Requesting engine job to terminate
0.0.Tri: Requesting engine job to terminate
0.0.Hp: Requesting engine job to terminate
0.0.Ht: Requesting engine job to terminate
INFO (IPF144): 0: Initiating shutdown of proof [183.46 s]
0.0.Tri: A proof was found: No trace exists. [2.39 s]
INFO (IPF057): 0.0.Tri: The property "LCD.p1" was proven in 2.39 s.
0.0.Ncustom1: Trace Attempt 26	[2.23 s]
0.0.Ncustom1: Stopped processing property "LCD.p1"	[2.27 s].
0.0.Ncustom1: All properties determined. [2.27 s]
0.0.Ncustom1: Exited with Success (@ 183.47 s)
0: ProofGrid usable level: 0
0.0.Bcustom2: Trace Attempt 41	[2.30 s]
0.0.Bcustom2: Stopped processing property "LCD.p1"	[2.46 s].
0.0.Bcustom2: All properties determined. [2.47 s]
0.0.Bcustom2: Exited with Success (@ 183.47 s)
0.0.AMcustom3: Trace Attempt 21	[2.30 s]
0.0.AMcustom3: Stopped processing property "LCD.p1"	[2.30 s].
0.0.AMcustom3: All properties determined. [2.30 s]
0.0.Ht: All properties determined. [183.44 s]
0.0.AMcustom3: Exited with Success (@ 183.49 s)
0.0.Ht: Exited with Success (@ 183.50 s)
0.0.Hp: Trace Attempt 174	[182.90 s]
0.0.Hp: All properties determined. [183.54 s]
0.0.Hp: Exited with Success (@ 183.59 s)
0.0.Tri: Stopped processing property "LCD.p1"	[2.52 s].
0.0.Tri: All properties determined. [2.52 s]
0.0.Tri: Exited with Success (@ 183.60 s)
0: --------------------------------------------------------------
ProofGrid Summary (utilization 99.97 %)
--------------------------------------------------------------
     engines started                               :    10
     engine jobs started                           :     7

    Average time in state (seconds)
    ------------------------------------------------------
    Engine  Pending     Running        Dead    Utilization
    ------------------------------------------------------
     Hp        0.03      183.46        0.00       99.98 %
     Ht        0.04      183.42        0.00       99.98 %
     Oh        0.04        0.00        0.00        5.20 %
    Ncustom1        0.03      183.26        0.00       99.98 %
    Bcustom2        0.04      183.40        0.00       99.98 %
    AMcustom3        0.03      183.25        0.00       99.98 %
    Tri        0.06        2.39        0.00       97.36 %
    all        0.04      131.31        0.00       99.97 %

    Total time in state (seconds)
    -----------------------------------------
            Pending     Running        Dead  
    -----------------------------------------
               0.28      919.18        0.00

    Data read    : 1.01 MiB
    Data written : 9.93 kiB

0: All pending notifications were processed.
INFO (IPF059): 0: Completed proof on task: "<embedded>"

==============================================================
SUMMARY
==============================================================
           Properties Considered              : 1
                 assertions                   : 1
                  - proven                    : 1 (100%)
                  - bounded_proven (user)     : 0 (0%)
                  - bounded_proven (auto)     : 0 (0%)
                  - marked_proven             : 0 (0%)
                  - cex                       : 0 (0%)
                  - ar_cex                    : 0 (0%)
                  - undetermined              : 0 (0%)
                  - unknown                   : 0 (0%)
                  - error                     : 0 (0%)
                 covers                       : 0
                  - unreachable               : 0
                  - bounded_unreachable (user): 0
                  - covered                   : 0
                  - ar_covered                : 0
                  - undetermined              : 0
                  - unknown                   : 0
                  - error                     : 0
proven
[<embedded>] % exit -force
[<embedded>] % INFO (IPL005): Received request to exit from the console.
INFO: Waiting for proof threads to stop...
INFO: Proof threads stopped.
INFO (IPL018): The peak resident set memory use for this session was 1.568 GB.
INFO (IPL014): Waiting for the Tcl-thread to exit.
INFO (IPL015): The Tcl-thread exited with status 0.
INFO (IPL016): Exiting the analysis session with status 0.
Finished lcd_10.tcl successfully
