Jasper Apps 2024.06p002 64 bits 2024.09.02 16:28:38 UTC

Any disclosure about the Cadence Design Systems software or its use
model to any third party violates the written Non-Disclosure Agreement
between Cadence Design Systems, Inc. and the customer.

THIS SOFTWARE CONTAINS CONFIDENTIAL INFORMATION AND TRADE SECRETS OF
CADENCE DESIGN SYSTEMS, INC. USE, DISCLOSURE, OR REPRODUCTION IS
PROHIBITED WITHOUT THE PRIOR EXPRESS WRITTEN PERMISSION OF CADENCE
DESIGN SYSTEMS, INC.

Copyright (C) 2000-2024 Cadence Design Systems, Inc. All Rights
Reserved.  Unpublished -- rights reserved under the copyright laws of
the United States.

This product includes software developed by others and redistributed
according to license agreement. See doc/third_party_readme.txt for
further details.

RESTRICTED RIGHTS LEGEND

Use, duplication, or disclosure by the Government is subject to
restrictions as set forth in subparagraph (c) (1) (ii) of the Rights in
Technical Data and Computer Software clause at DFARS 252.227-7013 or
subparagraphs (c) (1) and (2) of Commercial Computer Software -- Restricted
Rights at 48 CFR 52.227-19, as applicable.


                          Cadence Design Systems, Inc.
                          2655 Seely Avenue
                          San Jose, CA 95134
                          Phone: 408.943.1234

For technical assistance visit http://support.cadence.com.

Jasper Apps Analysis Session - /users/rompel/jasper_executions/safety_liveness/jgprojects/1_load_store_6/sessionLogs/session_0

WARNING (WG017): [session]: The system's locale is "ANSI_X3.4-1968", which is not UTF-8. Non-ASCII characters might not be handled correctly.
WARNING (WG017): [jg_console]: The system's locale is "ANSI_X3.4-1968", which is not UTF-8. Non-ASCII characters might not be handled correctly.
INFO: successfully checked out license "jasper_fao".
INFO: reading configuration file "/users/rompel/.config/cadence/jasper.conf".
% analyze -sv09 ../1_load_store_6.sv
[-- (VERI-1482)] Analyzing Verilog file '/tools/cadence2425/JASPER/jasper_2024.06p002/lib/verilog/packages/std/std.sv' into library 'std'
[-- (VERI-1482)] Analyzing Verilog file '../1_load_store_6.sv'
% elaborate -bbox_mul 1000000 -bbox_div 1000000 -bbox_mod 1000000 -bbox_a 1000000
[INFO (HIER-8002)] ../1_load_store_6.sv(23): Disabling old hierarchical reference handler
[INFO (VERI-1018)] ../1_load_store_6.sv(1): compiling module 'Load_Store'
[WARN (VERI-1209)] ../1_load_store_6.sv(10): expression size 32 truncated to fit in target size 14
[WARN (VERI-1209)] ../1_load_store_6.sv(12): expression size 32 truncated to fit in target size 14
[INFO (VERI-8005)] ../1_load_store_6.sv(5): Unintentional sequential element inferred for m read before write using blocking assignment
[INFO (VERI-8005)] ../1_load_store_6.sv(4): Unintentional sequential element inferred for vol read before write using blocking assignment
[INFO (VERI-8005)] ../1_load_store_6.sv(1): Unintentional sequential element inferred for sig read before write using blocking assignment
INFO (ISW003): Top module name is "Load_Store".
INFO (INL208): Elaboration synthesis summary:
  Number of synthesized netlists          1 (0 packages)
  Single run mode                         On
  Pipeline                                On (1 pipelined netlists)
  Late hierarchical reference connection  On
  Number of analyzed Verilog modules      1 (1 synthesized)
  Number of analyzed VHDL entities        0 (0 synthesized)
INFO (INL003): Clearing all state information (assumes, stopats, and so forth).
Load_Store
[<embedded>] % reset rst
INFO (IPM031): Clearing proof results of all properties.
INFO (IRS006): Current reset condition is "rst".
[<embedded>] % clock clk
[<embedded>] % prove -all
Ncustom1: Custom engine code is hT3Ng7hPPfiYQOTDZ3qhYOwGAM51eA+J/FjkM5shLioAsqhgLR4Ft+O1BuKG6ilQ83B9tLXSl+CwjiTMAQA
Bcustom2: Custom engine code is hT3Nm7hPr1Vp3Di1Ra2USNIGL4JypRnLKLAdF6JAyuavO2JfGCiY9OZJhcAcOUnLx5xwNdhILGrAWX9s+z2WDkKwNR7tAfClBEjRFVQeq6DU54boFgEA
AMcustom3: Custom engine code is hT3Ng7hP/feYQOTDZ3qhYOwGAM51eA+J/FjkM5shLioAsqhgLR4Ft+O1BuKG6ilQ83B9tLXSmmqwm7g9AQA
Mpcustom4: Custom engine code is hT3NZbhP9fmY2AbBQnsjfOxn6c+6e6yL+/e8fZFmaQrnlgEA
INFO (IPF036): Starting proof on task: "<embedded>", 2 properties to prove with 0 already proven/unreachable
INFO (IRS029): Starting reset analysis: phase 1 of 4.
INFO (IRS030): Running reset analysis: phase 2 of 4.
INFO (IRS031): Running reset analysis: phase 3 of 4.
INFO (IRS020): Starting the reset analysis simulation with a limit of 100 iterations (phase 4 of 4).
INFO (IRS024): Reset iterations 0 to 4 analyzed.
INFO (IRS018): Reset analysis simulation executed for 3 iterations. Assigned values for 16 of 16 design flops, 0 of 0 design latches, 6 of 6 internal elements.
INFO (IRS039): Reset analysis complete.
INFO (IPF031): Settings used for proof thread 0:
    orchestration                 = on
    time_limit                    = 86400s
    per_property_time_limit       = 1s * 10 ^ scan
    engine_mode                   = auto
    proofgrid_per_engine_max_jobs = 1
    max engine jobs               = auto
    proofgrid_mode                = local
    proofgrid_restarts            = 10
0: Using multistage preprocessing
0: Starting reduce
AMcustom5: Custom engine code is hT3N1rhP11/52HrFRS21ROp2LOjVTgPvT8L8BGXHgLhaIuqtT4nARFjUqrBL+7pLmaTOzBepZW/Jm8SSrHDybSQtoNiO3y43wk+dEoWlsZizu97Fih6O6lPVG/LpWP5SsUPwlGagLNa1FKEFvwVXyX7//8prySbvSxIHXr5er+z4RAEA
Ncustom6: Custom engine code is hT3OXrhPByJp3TrFSTLhUmMH4KVtJgmTCnNDF46yMXOKY48m4LS5nE7yBzFjA7kDuwO/GhGUpEPiky3p3wmPn3dJZHxFMsafSoObRzSC+tn7sEY0WbTdZ/FV4hL3MYH/b1CIUvXSWR4wqEoVLsmMOD4xIPT4lI1LO6ZCO7PnnWQuLwetnvKlrXx6wCW/A+x+enqslg1YPobi4wEF/EvbzOvcTYdJvl2s4H2yZg2b2ofAVN5WvhWk1HoBAA
ADcustom7: Custom engine code is hT3Nv7hPv1752HrFRa2kROx2f/ECJeZB2AZsLdlO8VwmIuqtT4nIDFXclhg+O+o+DMmQCekbheGk0kK28laA9gaOFDXsQp29J3X615HY1IPHJWd6FUFvCHjO+p1k652b5JJvZlShNpGlGSXAiQe/mEAj6tEBAA
Tricustom8: Custom engine code is hT3Nu7hPt1752DvFRa0kNDiyIV97VyejwM9C/jCLJjdPvusZONHY42VYUy0Q1ZotnhcVtNc56tJ5wbxv6V2+XpdsaSlHck5vfnbYjdwj1OECy9U+7oSQ0SZE3g5ayD+Phuh4odCJTjeKa2k4elM9ldQfkAEA
Gcustom9: Custom engine code is hT3NibhPDfeYQADBZnYcglOvK9Pfd7EOeniIqP8jNsyIqInncipMGcUXqAadachREE9F2PwhBUZUNw5kHnd4JdXkamORRgEA
C2custom10: Custom engine code is hT3NirhPjfWYQADBZnYcglOvK9Pfd7EOeniIqP8jNsyIqInncgkrYMMXCYbdK0dUjZIF9d4cJ0rHoBDjwVLBKuG86XYVV00BAA
0: Finished reduce in 0s
AGcustom11: Custom engine code is hT3NirhP/fmYQADBZnYcglOvK9Pfd7EOeniIqP8jNsyIqInnckcwYMMXCYbdK0dUjZIF9d4cJ0rHoBDjwVLBKuHEZnZByh0BAA
Bcustom12: Custom engine code is hT3NjrhPDfiYQADBZnYcglOvK9PfWxFtenjIyBqfrgr7if/jL/yPOuK1BAflEcW0DxNH2eDIoezN2gxlQFg81RZtiWXh7aiTAidvAQA
0.0.PRE: Performing Proof Simplification...
0.0.N: clocks: 1, declared: 1, looping: 0, posedge: 1, negedge: 0, noedge: 0, bothedge: 0
Ncustom13: Custom engine code is hT3NR7hPByFp3TrFSTLhUmMH4KWtJglTyV/c51BHEeZWamnJv767nE6PCak26bd3gf3XGN3rIRheufhDieCJQVISo+gNYUKhiUedBKGtsP/a18svAnlMJZudHxDFwK5ufsyoxsIyiAeSY2oi3tEuoDHr5gw42DFKAG3PqO3CEsl8Azzdt3pl5nGA1Ifv2H02eYsFzWb/nfp8PMb3F0krE/EgBcm8TD9Div8BAA
Tricustom14: Custom engine code is hT3Nu7hP3fiYQADBZnYcglNHp9bfd7EOeniIqP/ji8sGLQu8yhsFO+wxJ+O+R0bU8g/IewXFomyos+viQnWc2xYNYmMqpo3i40O7DaZR7qfp4YqNx26KRvQ/qx0BAA
0.0.N: Proof Simplification Iteration 1	[0.00 s]
0.0.PRE: A trace with 2 cycles was found. [0.00 s]
INFO (IPF047): 0.0.PRE: The cover property "Load_Store.p1:precondition1" was covered in 2 cycles in 0.00 s.
0.0.N: Proof Simplification Iteration 2	[0.04 s]
0.0.N: Proof Simplification Iteration 3	[0.04 s]
0.0.PRE: A proof was found: No trace exists. [0.00 s]
INFO (IPF057): 0.0.PRE: The property ":noDeadEnd" was proven in 0.00 s.
    Use check_assumptions -show -dead_end to show this property in the property table.
0.0.PRE: A proof was found: No trace exists. [0.00 s]
INFO (IPF057): 0.0.PRE: The property ":noConflict" was proven in 0.00 s.
    Use check_assumptions -show to show this property in the property table.
INFO (IPF047): 0.0.PRE: The cover property ":live" was covered in 1 cycles in 0.00 s.
    Use check_assumptions -show -live to show this property in the property table.
0.0.PRE: Proof Simplification completed in 0.04 s
0: About to start ProofGrid in its own thread with a limit of 10000 pending notifications and a limit of 10 traces.
0: =============================== ProofGrid start ===============================
0: ProofGrid usable level: 1
0: Initial ProofGrid level: 1
0: ProofGrid is starting event handling
0.0.N: Proofgrid shell started at 23833@vlsi-moon(local) jg_23767_vlsi-moon_1
0.0.N: clocks: 1, declared: 1, looping: 0, posedge: 1, negedge: 0, noedge: 0, bothedge: 0
0.0.N: Last scan. Per property time limit: 0s
0.0.N: Starting proof for property "Load_Store.p1"	[0.00 s].
0.0.N: Trace Attempt  1	[0.00 s]
0.0.Hp: Proofgrid shell started at 23834@vlsi-moon(local) jg_23767_vlsi-moon_1
0.0.N: Trace Attempt  2	[0.00 s]
0.0.N: Trace Attempt  3	[0.00 s]
0.0.N: Trace Attempt  3	[0.00 s]
0.0.Hp: clocks: 1, declared: 1, looping: 0, posedge: 1, negedge: 0, noedge: 0, bothedge: 0
0.0.Hp: Last scan. Per property time limit: 0s
0.0.Hp: Trace Attempt  1	[0.00 s]
0.0.N: Trace Attempt  4	[0.01 s]
0.0.N: Trace Attempt  5	[0.01 s]
0.0.Hp: Trace Attempt  2	[0.00 s]
0.0.Hp: Trace Attempt  3	[0.00 s]
0.0.Hp: Trace Attempt  4	[0.00 s]
0.0.N: Trace Attempt  5	[0.01 s]
0.0.Hp: Trace Attempt  5	[0.00 s]
0.0.N: Trace Attempt  1	[0.04 s]
0.0.N: Trace Attempt  2	[0.04 s]
0.0.N: Trace Attempt  3	[0.04 s]
0.0.N: Trace Attempt  4	[0.04 s]
0.0.N: Trace Attempt  5	[0.05 s]
0.0.Mpcustom4: Proofgrid shell started at 23867@vlsi-moon(local) jg_23767_vlsi-moon_1
0.0.B: Proofgrid shell started at 23870@vlsi-moon(local) jg_23767_vlsi-moon_1
0.0.Mpcustom4: clocks: 1, declared: 1, looping: 0, posedge: 1, negedge: 0, noedge: 0, bothedge: 0
0.0.Mpcustom4: Ignoring liveness properties
0.0.Mpcustom4: All properties either determined or skipped. [0.00 s]
0.0.Oh: Proofgrid shell started at 23868@vlsi-moon(local) jg_23767_vlsi-moon_1
0.0.B: clocks: 1, declared: 1, looping: 0, posedge: 1, negedge: 0, noedge: 0, bothedge: 0
0.0.B: Last scan. Per property time limit: 0s
0.0.B: Starting proof for property "Load_Store.p1"	[0.00 s].
0.0.B: Trace Attempt  1	[0.00 s]
0.0.Mpcustom4: Exited with Success (@ 0.08 s)
0.0.Mpcustom4: Completed, Restart ignored.
0.0.AM: Proofgrid shell started at 23871@vlsi-moon(local) jg_23767_vlsi-moon_1
0.0.B: Trace Attempt  2	[0.00 s]
0.0.Bm: Proofgrid shell started at 23866@vlsi-moon(local) jg_23767_vlsi-moon_1
0.0.B: Trace Attempt  3	[0.00 s]
0.0.B: Trace Attempt  4	[0.00 s]
0.0.B: Trace Attempt  5	[0.00 s]
0.0.Ht: Proofgrid shell started at 23865@vlsi-moon(local) jg_23767_vlsi-moon_1
0.0.Oh: clocks: 1, declared: 1, looping: 0, posedge: 1, negedge: 0, noedge: 0, bothedge: 0
0.0.Oh: Reached length limit (2147483647) [0.00 s]
0.0.AM: clocks: 1, declared: 1, looping: 0, posedge: 1, negedge: 0, noedge: 0, bothedge: 0
0.0.Bm: clocks: 1, declared: 1, looping: 0, posedge: 1, negedge: 0, noedge: 0, bothedge: 0
0.0.AM: Last scan. Per property time limit: 0s
0.0.AM: Starting proof for property "Load_Store.p1"	[0.00 s].
0.0.Bm: Ignoring liveness properties
0.0.Bm: Last scan. Per property time limit: 0s
0.0.Bm: Trace Attempt  1	[0.00 s]
0.0.Ht: clocks: 1, declared: 1, looping: 0, posedge: 1, negedge: 0, noedge: 0, bothedge: 0
0.0.Oh: Exited with Success (@ 0.08 s)
0.0.Bm: Trace Attempt  2	[0.00 s]
0.0.AM: Trace Attempt  1	[0.00 s]
0.0.Ht: Last scan. Per property time limit: 0s
0.0.Bm: Trace Attempt  3	[0.00 s]
0.0.Bm: Trace Attempt  4	[0.00 s]
0.0.AM: Trace Attempt  2	[0.00 s]
0.0.Ht: Trace Attempt  1	[0.00 s]
0.0.Ht: Trace Attempt  2	[0.00 s]
0.0.Bm: Trace Attempt  5	[0.00 s]
0.0.Ht: Trace Attempt  3	[0.00 s]
0.0.Ht: Trace Attempt  4	[0.00 s]
0.0.AM: Trace Attempt  3	[0.00 s]
0.0.Ht: Trace Attempt  5	[0.00 s]
0.0.AM: Trace Attempt  4	[0.00 s]
0.0.AM: Trace Attempt  5	[0.00 s]
0.0.L: Proofgrid shell started at 23869@vlsi-moon(local) jg_23767_vlsi-moon_1
0.0.L: clocks: 1, declared: 1, looping: 0, posedge: 1, negedge: 0, noedge: 0, bothedge: 0
0.0.L: Using trace diversification with seed 1 (0.05)
0.0.L: Using LRU state removal heuristic
0.0.L: Using states from traces to { (reset) }
0.0.AM: Trace Attempt  1	[0.01 s]
0.0.L: Trace Attempt  3	[0.00 s]
0.0.L: Ignoring liveness properties
0.0.L: All properties either determined or skipped. [0.00 s]
0.0.L: Exited with Success (@ 0.09 s)
0.0.L: Completed, Restart ignored.
0.0.AM: Trace Attempt  2	[0.01 s]
0.0.AM: Trace Attempt  3	[0.01 s]
0.0.AM: Trace Attempt  4	[0.01 s]
0.0.AM: Trace Attempt  1	[0.03 s]
0.0.AM: Trace Attempt  2	[0.03 s]
0.0.AM: Trace Attempt  3	[0.03 s]
0.0.AM: Trace Attempt  4	[0.04 s]
0.0.AM: Trace Attempt  1	[0.11 s]
0.0.AM: Trace Attempt  2	[0.11 s]
0.0.AM: Trace Attempt  3	[0.11 s]
0.0.AM: Trace Attempt  4	[0.12 s]
0.0.AM: Trace Attempt  5	[0.12 s]
0.0.N: Trace Attempt  1	[0.27 s]
0.0.N: Trace Attempt  2	[0.28 s]
0.0.N: Trace Attempt  3	[0.28 s]
0.0.N: Trace Attempt  5	[0.28 s]
0.0.AM: Trace Attempt  1	[0.33 s]
0.0.AM: Trace Attempt  2	[0.33 s]
0.0.AM: Trace Attempt  3	[0.33 s]
0.0.AM: Trace Attempt  4	[0.34 s]
0.0.N: Trace Attempt  1	[1.05 s]
0.0.N: Trace Attempt  2	[1.05 s]
0.0.N: Trace Attempt  3	[1.05 s]
0.0.N: Trace Attempt  4	[1.05 s]
0.0.N: Trace Attempt  5	[1.06 s]
0.0.AM: Trace Attempt  1	[1.17 s]
0.0.AM: Trace Attempt  2	[1.17 s]
0.0.AM: Trace Attempt  3	[1.17 s]
0.0.AM: Trace Attempt  4	[1.18 s]
0.0.AM: Trace Attempt  5	[1.18 s]
0.0.N: Trace Attempt  1	[3.98 s]
0.0.N: Trace Attempt  2	[3.98 s]
0.0.N: Trace Attempt  3	[3.98 s]
0.0.N: Trace Attempt  4	[3.99 s]
0.0.N: Trace Attempt  5	[3.99 s]
0.0.Hp: Trace Attempt 362	[4.02 s]
0.0.B: Trace Attempt 1686	[4.00 s]
0.0.Bm: Trace Attempt 1672	[4.00 s]
0.0.Ht: Trace Attempt 1952	[4.00 s]
0.0.AM: Trace Attempt  1	[4.28 s]
0.0.AM: Trace Attempt  2	[4.28 s]
0.0.AM: Trace Attempt  3	[4.28 s]
0.0.AM: Trace Attempt  4	[4.29 s]
0.0.AM: Trace Attempt  5	[4.29 s]
0.0.N: Trace Attempt  1	[6.87 s]
0.0.N: Trace Attempt  2	[6.87 s]
0.0.N: Trace Attempt  3	[6.87 s]
0.0.N: Trace Attempt  4	[6.88 s]
0.0.N: Trace Attempt  5	[6.88 s]
0.0.Hp: Trace Attempt 517	[8.05 s]
0.0.B: Trace Attempt 2331	[8.00 s]
0.0.Ht: Trace Attempt 2669	[8.01 s]
0.0.Bm: Trace Attempt 2315	[8.01 s]
0.0.AM: Trace Attempt 133	[8.31 s]
0.0.N: Trace Attempt  1	[9.73 s]
0.0.N: Trace Attempt  2	[9.73 s]
0.0.N: Trace Attempt  3	[9.73 s]
0.0.N: Trace Attempt  4	[9.74 s]
0.0.N: Trace Attempt  5	[9.74 s]
0.0.Hp: Trace Attempt 586	[12.07 s]
0.0.B: Trace Attempt 2811	[12.01 s]
0.0.Ht: Trace Attempt 3194	[12.02 s]
0.0.Bm: Trace Attempt 2795	[12.02 s]
0.0.AM: Trace Attempt 199	[12.36 s]
0.0.N: Trace Attempt  1	[12.61 s]
0.0.N: Trace Attempt  2	[12.61 s]
0.0.N: Trace Attempt  3	[12.61 s]
0.0.N: Trace Attempt  4	[12.62 s]
0.0.N: Trace Attempt  5	[12.62 s]
0.0.N: Trace Attempt  1	[15.48 s]
0.0.N: Trace Attempt  2	[15.48 s]
0.0.N: Trace Attempt  3	[15.48 s]
0.0.N: Trace Attempt  4	[15.49 s]
0.0.N: Trace Attempt  5	[15.49 s]
0.0.B: Trace Attempt 3198	[16.01 s]
0.0.Ht: Trace Attempt 3602	[16.02 s]
0.0.Bm: Trace Attempt 3184	[16.02 s]
0.0.Hp: Trace Attempt 647	[16.12 s]
0.0.AM: Trace Attempt 258	[16.46 s]
0.0.AM: Trace Attempt  1	[16.51 s]
0.0.AM: Trace Attempt  2	[16.51 s]
0.0.AM: Trace Attempt  3	[16.51 s]
0.0.AM: Trace Attempt  4	[16.52 s]
0.0.N: Trace Attempt  1	[18.32 s]
0.0.N: Trace Attempt  2	[18.32 s]
0.0.N: Trace Attempt  3	[18.32 s]
0.0.N: Trace Attempt  4	[18.33 s]
0.0.N: Trace Attempt  5	[18.33 s]
0.0.B: Trace Attempt 3538	[20.02 s]
0.0.Ht: Trace Attempt 3979	[20.02 s]
0.0.Bm: Trace Attempt 3524	[20.03 s]
0.0.Hp: Trace Attempt 704	[20.14 s]
0.0.AM: Trace Attempt 145	[20.57 s]
0.0.N: Trace Attempt  1	[21.28 s]
0.0.N: Trace Attempt  2	[21.29 s]
0.0.N: Trace Attempt  3	[21.29 s]
0.0.N: Trace Attempt  4	[21.29 s]
0.0.N: Trace Attempt  5	[21.29 s]
0.0.B: Trace Attempt 3845	[24.02 s]
0.0.Ht: Trace Attempt 4292	[24.02 s]
0.0.Bm: Trace Attempt 3831	[24.03 s]
0.0.N: Trace Attempt  1	[24.18 s]
0.0.N: Trace Attempt  2	[24.18 s]
0.0.N: Trace Attempt  3	[24.18 s]
0.0.Hp: Trace Attempt 758	[24.18 s]
0.0.N: Trace Attempt  4	[24.18 s]
0.0.N: Trace Attempt  5	[24.19 s]
0.0.AM: Trace Attempt 202	[24.59 s]
0.0.N: Trace Attempt  1	[27.89 s]
0.0.N: Trace Attempt  2	[27.90 s]
0.0.N: Trace Attempt  3	[27.90 s]
0.0.N: Trace Attempt  4	[27.90 s]
0.0.N: Trace Attempt  5	[27.91 s]
0.0.B: Trace Attempt 4127	[28.02 s]
0.0.Ht: Trace Attempt 4585	[28.02 s]
0.0.Bm: Trace Attempt 4113	[28.04 s]
0.0.Hp: Trace Attempt 810	[28.24 s]
0.0.AM: Trace Attempt 242	[28.73 s]
0.0.N: Trace Attempt  1	[31.56 s]
0.0.N: Trace Attempt  2	[31.56 s]
0.0.N: Trace Attempt  3	[31.56 s]
0.0.N: Trace Attempt  4	[31.57 s]
0.0.N: Trace Attempt  5	[31.57 s]
0.0.Ht: Trace Attempt 4866	[32.03 s]
0.0.B: Trace Attempt 4403	[32.03 s]
0.0.Bm: Trace Attempt 4389	[32.05 s]
0.0.Hp: Trace Attempt 860	[32.31 s]
0.0.AM: Trace Attempt 273	[32.81 s]
0.0.N: Trace Attempt  1	[34.43 s]
0.0.N: Trace Attempt  2	[34.44 s]
0.0.N: Trace Attempt  3	[34.44 s]
0.0.N: Trace Attempt  4	[34.44 s]
0.0.N: Trace Attempt  5	[34.44 s]
0.0.Ht: Trace Attempt 5125	[36.03 s]
0.0.B: Trace Attempt 4659	[36.05 s]
0.0.Bm: Trace Attempt 4645	[36.06 s]
0.0.Hp: Trace Attempt 908	[36.40 s]
0.0.AM: Trace Attempt 301	[36.84 s]
0.0.N: Trace Attempt  1	[37.47 s]
0.0.N: Trace Attempt  2	[37.47 s]
0.0.N: Trace Attempt  3	[37.47 s]
0.0.N: Trace Attempt  4	[37.48 s]
0.0.N: Trace Attempt  5	[37.48 s]
0.0.Ht: Trace Attempt 5354	[40.03 s]
0.0.B: Trace Attempt 4895	[40.05 s]
0.0.Bm: Trace Attempt 4881	[40.07 s]
0.0.Hp: Trace Attempt 953	[40.40 s]
0.0.AM: Trace Attempt 333	[40.97 s]
0.0.N: Trace Attempt 135	[41.48 s]
0.0.Ht: Trace Attempt 5573	[44.05 s]
0.0.B: Trace Attempt 5116	[44.05 s]
0.0.Bm: Trace Attempt 5104	[44.07 s]
0.0.Hp: Trace Attempt 997	[44.43 s]
0.0.AM: Trace Attempt 359	[45.00 s]
0.0.N: Trace Attempt 217	[45.49 s]
0.0.N: Trace Attempt  1	[47.55 s]
0.0.N: Trace Attempt  2	[47.55 s]
0.0.N: Trace Attempt  3	[47.55 s]
0.0.N: Trace Attempt  4	[47.56 s]
0.0.N: Trace Attempt  5	[47.56 s]
0.0.Ht: Trace Attempt 5785	[48.05 s]
0.0.B: Trace Attempt 5332	[48.07 s]
0.0.Bm: Trace Attempt 5318	[48.09 s]
0.0.Hp: Trace Attempt 1040	[48.51 s]
0.0.AM: Trace Attempt 381	[49.20 s]
0.0.N: Trace Attempt 136	[51.59 s]
0.0.Ht: Trace Attempt 5996	[52.06 s]
0.0.B: Trace Attempt 5538	[52.08 s]
0.0.Bm: Trace Attempt 5524	[52.10 s]
0.0.Hp: Trace Attempt 1081	[52.52 s]
0.0.AM: Trace Attempt 412	[53.27 s]
0.0.N: Trace Attempt 219	[55.62 s]
0.0.Ht: Trace Attempt 6188	[56.08 s]
0.0.B: Trace Attempt 5733	[56.08 s]
0.0.Bm: Trace Attempt 5720	[56.11 s]
0.0.Hp: Trace Attempt 1121	[56.53 s]
0.0.AM: Trace Attempt 442	[57.37 s]
0.0.N: Trace Attempt  1	[57.52 s]
0.0.N: Trace Attempt  2	[57.52 s]
0.0.N: Trace Attempt  3	[57.52 s]
0.0.N: Trace Attempt  4	[57.53 s]
0.0.N: Trace Attempt  5	[57.53 s]
0.0.Ht: Trace Attempt 6380	[60.08 s]
0.0.B: Trace Attempt 5922	[60.09 s]
0.0.Bm: Trace Attempt 5910	[60.13 s]
0.0.Hp: Trace Attempt 1160	[60.56 s]
0.0.AM: Trace Attempt 476	[61.41 s]
0.0.N: Trace Attempt 128	[61.58 s]
0.0.B: Trace Attempt 6105	[64.09 s]
0.0.Ht: Trace Attempt 6560	[64.10 s]
0.0.Bm: Trace Attempt 6093	[64.14 s]
0.0.Hp: Trace Attempt 1198	[64.60 s]
0.0.N: Trace Attempt 184	[65.60 s]
0.0.AM: Trace Attempt 261	[65.77 s]
0.0.B: Trace Attempt 6277	[68.11 s]
0.0.Ht: Trace Attempt 6732	[68.12 s]
0.0.Bm: Trace Attempt 6266	[68.15 s]
0.0.Hp: Trace Attempt 1235	[68.66 s]
0.0.N: Trace Attempt  1	[69.37 s]
0.0.N: Trace Attempt  2	[69.38 s]
0.0.N: Trace Attempt  3	[69.38 s]
0.0.N: Trace Attempt  4	[69.38 s]
0.0.N: Trace Attempt  5	[69.38 s]
0.0.AM: Trace Attempt 464	[69.77 s]
0.0.B: Trace Attempt 6442	[72.13 s]
0.0.Ht: Trace Attempt 6895	[72.14 s]
0.0.Bm: Trace Attempt 6432	[72.17 s]
0.0.Hp: Trace Attempt 1268	[72.70 s]
0.0.N: Trace Attempt 128	[73.42 s]
0.0.AM: Trace Attempt 514	[74.01 s]
0.0.AM: Trace Attempt  1	[74.49 s]
0.0.AM: Trace Attempt  2	[74.49 s]
0.0.AM: Trace Attempt  3	[74.49 s]
0.0.AM: Trace Attempt  4	[74.50 s]
0.0.AM: Trace Attempt  5	[74.50 s]
0.0.B: Trace Attempt 6609	[76.13 s]
0.0.Ht: Trace Attempt 7060	[76.15 s]
0.0.Bm: Trace Attempt 6600	[76.20 s]
0.0.Hp: Trace Attempt 1304	[76.77 s]
0.0.N: Trace Attempt 184	[77.49 s]
0.0.AM: Trace Attempt 135	[78.50 s]
0.0.B: Trace Attempt 6772	[80.14 s]
0.0.Ht: Trace Attempt 7225	[80.16 s]
0.0.Bm: Trace Attempt 6764	[80.22 s]
0.0.Hp: Trace Attempt 1339	[80.78 s]
0.0.N: Trace Attempt  1	[81.16 s]
0.0.N: Trace Attempt  2	[81.16 s]
0.0.N: Trace Attempt  3	[81.16 s]
0.0.N: Trace Attempt  4	[81.17 s]
0.0.N: Trace Attempt  5	[81.17 s]
0.0.AM: Trace Attempt 205	[82.53 s]
0.0.B: Trace Attempt 6930	[84.14 s]
0.0.Ht: Trace Attempt 7387	[84.18 s]
0.0.Bm: Trace Attempt 6923	[84.24 s]
0.0.Hp: Trace Attempt 1373	[84.84 s]
0.0.N: Trace Attempt 128	[85.22 s]
0.0.AM: Trace Attempt 243	[86.70 s]
0.0.B: Trace Attempt 7083	[88.16 s]
0.0.Ht: Trace Attempt 7545	[88.18 s]
0.0.Bm: Trace Attempt 7078	[88.26 s]
0.0.Hp: Trace Attempt 1406	[88.87 s]
0.0.N: Trace Attempt 184	[89.26 s]
0.0.AM: Trace Attempt 270	[90.73 s]
0.0.B: Trace Attempt 7231	[92.19 s]
0.0.Ht: Trace Attempt 7699	[92.19 s]
0.0.Bm: Trace Attempt 7228	[92.27 s]
0.0.Hp: Trace Attempt 1439	[92.97 s]
0.0.N: Trace Attempt  1	[93.02 s]
0.0.N: Trace Attempt  2	[93.02 s]
0.0.N: Trace Attempt  3	[93.02 s]
0.0.N: Trace Attempt  4	[93.03 s]
0.0.N: Trace Attempt  5	[93.03 s]
0.0.AM: Trace Attempt 304	[94.79 s]
0.0.Ht: Trace Attempt 7849	[96.19 s]
0.0.B: Trace Attempt 7375	[96.21 s]
0.0.Bm: Trace Attempt 7374	[96.28 s]
0.0.Hp: Trace Attempt 1471	[97.00 s]
0.0.N: Trace Attempt 127	[97.06 s]
0.0.AM: Trace Attempt 326	[98.84 s]
0.0.Ht: Trace Attempt 8000	[100.20 s]
0.0.B: Trace Attempt 7516	[100.23 s]
0.0.Bm: Trace Attempt 7517	[100.29 s]
0.0.N: Trace Attempt 183	[101.07 s]
0.0.Hp: Trace Attempt 1503	[101.12 s]
0.0.AM: Trace Attempt 347	[102.85 s]
0.0.Ht: Trace Attempt 8147	[104.22 s]
0.0.B: Trace Attempt 7654	[104.23 s]
0.0.Bm: Trace Attempt 7658	[104.31 s]
0.0.N: Trace Attempt  1	[104.86 s]
0.0.N: Trace Attempt  2	[104.86 s]
0.0.N: Trace Attempt  3	[104.86 s]
0.0.N: Trace Attempt  4	[104.87 s]
0.0.N: Trace Attempt  5	[104.87 s]
0.0.Hp: Trace Attempt 1534	[105.18 s]
0.0.AM: Trace Attempt 376	[107.05 s]
0.0.B: Trace Attempt 7789	[108.24 s]
0.0.Ht: Trace Attempt 8286	[108.24 s]
0.0.Bm: Trace Attempt 7795	[108.31 s]
0.0.N: Trace Attempt 136	[108.91 s]
0.0.Hp: Trace Attempt 1564	[109.19 s]
0.0.AM: Trace Attempt 404	[111.11 s]
0.0.Ht: Trace Attempt 8427	[112.25 s]
0.0.B: Trace Attempt 7922	[112.26 s]
0.0.Bm: Trace Attempt 7930	[112.34 s]
0.0.N: Trace Attempt 219	[112.94 s]
0.0.Hp: Trace Attempt 1594	[113.24 s]
0.0.N: Trace Attempt  1	[114.98 s]
0.0.N: Trace Attempt  2	[114.98 s]
0.0.N: Trace Attempt  3	[114.98 s]
0.0.N: Trace Attempt  4	[114.99 s]
0.0.N: Trace Attempt  5	[114.99 s]
0.0.AM: Trace Attempt 437	[115.20 s]
0.0.Ht: Trace Attempt 8560	[116.25 s]
0.0.B: Trace Attempt 8053	[116.28 s]
0.0.Bm: Trace Attempt 8063	[116.34 s]
0.0.Hp: Trace Attempt 1623	[117.27 s]
0.0.N: Trace Attempt 128	[119.04 s]
0.0.AM: Trace Attempt 453	[120.26 s]
0.0.Ht: Trace Attempt 8701	[120.27 s]
0.0.B: Trace Attempt 8182	[120.31 s]
0.0.Bm: Trace Attempt 8194	[120.37 s]
0.0.Hp: Trace Attempt 1652	[121.33 s]
0.0.N: Trace Attempt 184	[123.05 s]
0.0.Ht: Trace Attempt 8836	[124.30 s]
0.0.B: Trace Attempt 8315	[124.32 s]
0.0.Bm: Trace Attempt 8329	[124.37 s]
0.0.AM: Trace Attempt 461	[124.74 s]
0.0.Hp: Trace Attempt 1681	[125.46 s]
0.0.N: Trace Attempt  1	[126.88 s]
0.0.N: Trace Attempt  2	[126.88 s]
0.0.N: Trace Attempt  3	[126.88 s]
0.0.N: Trace Attempt  4	[126.89 s]
0.0.N: Trace Attempt  5	[126.89 s]
0.0.Ht: Trace Attempt 8967	[128.31 s]
0.0.B: Trace Attempt 8446	[128.32 s]
0.0.Bm: Trace Attempt 8462	[128.38 s]
0.0.AM: Trace Attempt 469	[129.05 s]
0.0.N: Trace Attempt 128	[130.94 s]
0.0.Ht: Trace Attempt 9096	[132.31 s]
0.0.B: Trace Attempt 8575	[132.35 s]
0.0.Bm: Trace Attempt 8592	[132.38 s]
0.0.AM: Trace Attempt 481	[133.06 s]
0.0.N: Trace Attempt 184	[134.97 s]
0.0.Ht: Trace Attempt 9222	[136.34 s]
0.0.B: Trace Attempt 8702	[136.35 s]
0.0.Bm: Trace Attempt 8721	[136.38 s]
0.0.AM: Trace Attempt 499	[137.21 s]
0.0.N: Trace Attempt  1	[138.71 s]
0.0.N: Trace Attempt  2	[138.71 s]
0.0.N: Trace Attempt  3	[138.72 s]
0.0.N: Trace Attempt  4	[138.72 s]
0.0.N: Trace Attempt  5	[138.72 s]
0.0.Ht: Trace Attempt 9346	[140.34 s]
0.0.B: Trace Attempt 8828	[140.38 s]
0.0.Bm: Trace Attempt 8849	[140.41 s]
0.0.Hp: Trace Attempt 1703	[140.97 s]
0.0.AM: Trace Attempt 515	[141.40 s]
0.0.N: Trace Attempt 128	[142.76 s]
0.0.Ht: Trace Attempt 9471	[144.36 s]
0.0.B: Trace Attempt 8950	[144.38 s]
0.0.Bm: Trace Attempt 8973	[144.43 s]
0.0.Hp: Trace Attempt 1742	[145.05 s]
0.0.AM: Trace Attempt 529	[145.60 s]
0.0.N: Trace Attempt 184	[146.79 s]
0.0.Ht: Trace Attempt 9588	[148.37 s]
0.0.B: Trace Attempt 9070	[148.39 s]
0.0.Bm: Trace Attempt 9094	[148.44 s]
0.0.Hp: Trace Attempt 1787	[149.08 s]
0.0.AM: Trace Attempt 544	[149.81 s]
0.0.N: Trace Attempt  1	[150.56 s]
0.0.N: Trace Attempt  2	[150.56 s]
0.0.N: Trace Attempt  3	[150.57 s]
0.0.N: Trace Attempt  4	[150.57 s]
0.0.N: Trace Attempt  5	[150.57 s]
0.0.Ht: Trace Attempt 9702	[152.39 s]
0.0.B: Trace Attempt 9189	[152.40 s]
0.0.Bm: Trace Attempt 9214	[152.46 s]
0.0.Hp: Trace Attempt 1830	[153.11 s]
0.0.AM: Trace Attempt 560	[153.92 s]
0.0.N: Trace Attempt 128	[154.61 s]
0.0.B: Trace Attempt 9305	[156.41 s]
0.0.Ht: Trace Attempt 9819	[156.41 s]
0.0.Bm: Trace Attempt 9331	[156.49 s]
0.0.Hp: Trace Attempt 1873	[157.14 s]
0.0.AM: Trace Attempt 571	[158.22 s]
0.0.N: Trace Attempt 184	[158.63 s]
0.0.B: Trace Attempt 9420	[160.43 s]
0.0.Ht: Trace Attempt 9933	[160.43 s]
0.0.Bm: Trace Attempt 9447	[160.52 s]
0.0.Hp: Trace Attempt 1915	[161.19 s]
0.0.N: Trace Attempt  1	[162.34 s]
0.0.N: Trace Attempt  2	[162.34 s]
0.0.N: Trace Attempt  3	[162.34 s]
0.0.N: Trace Attempt  4	[162.35 s]
0.0.N: Trace Attempt  5	[162.35 s]
0.0.AM: Trace Attempt 586	[162.39 s]
0.0.B: Trace Attempt 9533	[164.44 s]
0.0.Ht: Trace Attempt 10032	[164.47 s]
0.0.Bm: Trace Attempt 9561	[164.55 s]
0.0.Hp: Trace Attempt 1956	[165.25 s]
0.0.N: Trace Attempt 128	[166.39 s]
0.0.AM: Trace Attempt 597	[166.48 s]
0.0.B: Trace Attempt 9645	[168.46 s]
0.0.Ht: Trace Attempt 10134	[168.49 s]
0.0.Bm: Trace Attempt 9673	[168.56 s]
0.0.Hp: Trace Attempt 1996	[169.28 s]
0.0.N: Trace Attempt 184	[170.42 s]
0.0.AM: Trace Attempt 610	[170.51 s]
0.0.B: Trace Attempt 9755	[172.47 s]
0.0.Ht: Trace Attempt 10235	[172.50 s]
0.0.Bm: Trace Attempt 9784	[172.59 s]
0.0.Hp: Trace Attempt 2036	[173.38 s]
0.0.N: Trace Attempt 258	[174.56 s]
0.0.N: Trace Attempt  1	[174.57 s]
0.0.N: Trace Attempt  2	[174.57 s]
0.0.N: Trace Attempt  3	[174.57 s]
0.0.N: Trace Attempt  4	[174.57 s]
0.0.N: Trace Attempt  5	[174.58 s]
0.0.AM: Trace Attempt 621	[174.78 s]
0.0.B: Trace Attempt 9864	[176.50 s]
0.0.Ht: Trace Attempt 10332	[176.51 s]
0.0.Bm: Trace Attempt 9893	[176.59 s]
0.0.Hp: Trace Attempt 2074	[177.40 s]
0.0.N: Trace Attempt 166	[178.58 s]
0.0.AM: Trace Attempt 631	[178.88 s]
0.0.B: Trace Attempt 9972	[180.53 s]
0.0.Ht: Trace Attempt 10432	[180.54 s]
0.0.Bm: Trace Attempt 10001	[180.60 s]
0.0.N: Trace Attempt 196	[180.89 s]
0.0.N: Stopped processing property "Load_Store.p1"	[180.96 s].
0.0.N: Morphing to Ncustom1
0.0.N: All properties determined. [0.00 s]
0.0.N: Exited with Success (@ 0.00 s)
0.0.Ncustom1: clocks: 1, declared: 1, looping: 0, posedge: 1, negedge: 0, noedge: 0, bothedge: 0
0.0.Ncustom1: Starting proof for property "Load_Store.p1"	[0.00 s].
0.0.Ncustom1: Trace Attempt 257	[0.04 s]
0.0.D: Proofgrid shell started at 25430@vlsi-moon(local) jg_23767_vlsi-moon_1
0.0.Tri: Proofgrid shell started at 25429@vlsi-moon(local) jg_23767_vlsi-moon_1
0.0.D: clocks: 1, declared: 1, looping: 0, posedge: 1, negedge: 0, noedge: 0, bothedge: 0
0.0.D: Last scan. Per property time limit: 0s
0.0.D: Starting proof for property "Load_Store.p1"	[0.00 s].
0.0.Tri: clocks: 1, declared: 1, looping: 0, posedge: 1, negedge: 0, noedge: 0, bothedge: 0
0.0.D: Trace Attempt  1	[0.00 s]
0.0.D: Trace Attempt  2	[0.00 s]
0.0.D: Trace Attempt  3	[0.00 s]
0.0.D: Trace Attempt  5	[0.01 s]
0.0.Tri: Last scan. Per property time limit: 0s
0.0.Tri: Starting proof for property "Load_Store.p1"	[0.00 s].
0.0.Tri: Trace Attempt  1	[0.00 s]
0.0.AM: Trace Attempt 636	[180.80 s]
0.0.AM: Stopped processing property "Load_Store.p1"	[180.99 s].
0.0.AM: Morphing to AMcustom3
0.0.B: Trace Attempt 9981	[180.86 s]
0.0.B: Stopped processing property "Load_Store.p1"	[180.99 s].
0.0.B: Morphing to Bcustom2
0.0.B: All properties determined. [0.00 s]
0.0.B: Exited with Success (@ 0.00 s)
0.0.Bcustom2: clocks: 1, declared: 1, looping: 0, posedge: 1, negedge: 0, noedge: 0, bothedge: 0
0.0.Bcustom2: Starting proof for property "Load_Store.p1"	[0.00 s].
0.0.Bcustom2: Trace Attempt  1	[0.00 s]
0.0.Bcustom2: Trace Attempt  2	[0.00 s]
0.0.Bcustom2: Trace Attempt  3	[0.00 s]
0.0.Bcustom2: Trace Attempt  1	[0.00 s]
0.0.Bcustom2: Trace Attempt  2	[0.00 s]
0.0.Bcustom2: Trace Attempt  3	[0.00 s]
0.0.Bcustom2: Trace Attempt  4	[0.00 s]
0.0.Bcustom2: Trace Attempt  5	[0.00 s]
0.0.Bcustom2: Trace Attempt  1	[0.00 s]
0.0.Bcustom2: Trace Attempt  2	[0.00 s]
0.0.Bcustom2: Trace Attempt  3	[0.00 s]
0.0.Bcustom2: Trace Attempt  4	[0.00 s]
0.0.Bcustom2: Trace Attempt  5	[0.01 s]
0.0.Bcustom2: Trace Attempt  1	[0.01 s]
0.0.Bcustom2: Trace Attempt  2	[0.01 s]
0.0.Bcustom2: Trace Attempt  3	[0.01 s]
0.0.Bcustom2: Trace Attempt  4	[0.01 s]
0.0.Bcustom2: Trace Attempt  5	[0.01 s]
0.0.AM: All properties determined. [0.00 s]
0.0.AM: Exited with Success (@ 0.00 s)
0.0.AMcustom3: clocks: 1, declared: 1, looping: 0, posedge: 1, negedge: 0, noedge: 0, bothedge: 0
0.0.AMcustom3: Starting proof for property "Load_Store.p1"	[0.00 s].
0.0.AMcustom3: Trace Attempt  1	[0.00 s]
0.0.AMcustom3: Trace Attempt  2	[0.00 s]
0.0.AMcustom3: Trace Attempt  3	[0.00 s]
0.0.Bcustom2: Trace Attempt  1	[0.02 s]
0.0.Bcustom2: Trace Attempt  2	[0.02 s]
0.0.Bcustom2: Trace Attempt  3	[0.02 s]
0.0.Bcustom2: Trace Attempt  4	[0.02 s]
0.0.Bcustom2: Trace Attempt  5	[0.02 s]
0.0.AMcustom3: Trace Attempt  4	[0.00 s]
0.0.AMcustom3: Trace Attempt  5	[0.00 s]
0.0.AMcustom3: Trace Attempt  1	[0.00 s]
0.0.AMcustom3: Trace Attempt  2	[0.01 s]
0.0.AMcustom3: Trace Attempt  3	[0.01 s]
0.0.AMcustom3: Trace Attempt  4	[0.01 s]
0.0.Bcustom2: Trace Attempt  1	[0.04 s]
0.0.Bcustom2: Trace Attempt  2	[0.04 s]
0.0.Bcustom2: Trace Attempt  3	[0.04 s]
0.0.Bcustom2: Trace Attempt  4	[0.04 s]
0.0.Bcustom2: Trace Attempt  5	[0.04 s]
0.0.AMcustom3: Trace Attempt  1	[0.03 s]
0.0.Tri:    0.00" ---- Launching main thread ----
0.0.AMcustom3: Trace Attempt  2	[0.03 s]
0.0.AMcustom3: Trace Attempt  3	[0.03 s]
0.0.AMcustom3: Trace Attempt  4	[0.04 s]
0.0.Bcustom2: Trace Attempt  1	[0.08 s]
0.0.Bcustom2: Trace Attempt  2	[0.08 s]
0.0.Bcustom2: Trace Attempt  3	[0.08 s]
0.0.Bcustom2: Trace Attempt  4	[0.08 s]
0.0.Bcustom2: Trace Attempt  5	[0.08 s]
0.0.Tri:    0.04" ---- Launching abstraction thread ----
0.0.Tri:    0.05" ---- Launching multi-phase simplification thread ----
0.0.Tri:    0.07" ---- Launching liveness simplification thread ----
0.0.AMcustom3: Trace Attempt  1	[0.11 s]
0.0.AMcustom3: Trace Attempt  2	[0.11 s]
0.0.AMcustom3: Trace Attempt  3	[0.11 s]
0.0.AMcustom3: Trace Attempt  4	[0.12 s]
0.0.AMcustom3: Trace Attempt  5	[0.12 s]
0.0.Bcustom2: Trace Attempt  1	[0.17 s]
0.0.Bcustom2: Trace Attempt  2	[0.17 s]
0.0.Bcustom2: Trace Attempt  3	[0.17 s]
0.0.Bcustom2: Trace Attempt  4	[0.17 s]
0.0.Bcustom2: Trace Attempt  5	[0.17 s]
0.0.AMcustom3: Trace Attempt  1	[0.33 s]
0.0.AMcustom3: Trace Attempt  2	[0.33 s]
0.0.AMcustom3: Trace Attempt  3	[0.34 s]
0.0.AMcustom3: Trace Attempt  4	[0.34 s]
0.0.Hp: Trace Attempt 2112	[181.44 s]
0.0.Bcustom2: Trace Attempt  1	[0.38 s]
0.0.Bcustom2: Trace Attempt  2	[0.38 s]
0.0.Bcustom2: Trace Attempt  3	[0.38 s]
0.0.Bcustom2: Trace Attempt  4	[0.38 s]
0.0.Bcustom2: Trace Attempt  5	[0.38 s]
0.0.Ncustom1: Trace Attempt  1	[0.55 s]
0.0.Ncustom1: Trace Attempt  2	[0.56 s]
0.0.Ncustom1: Trace Attempt  3	[0.56 s]
0.0.Ncustom1: Trace Attempt  4	[0.56 s]
0.0.Ncustom1: Trace Attempt  5	[0.56 s]
0.0.Tri:    0.91" Simplification phase 1 complete
0.0.Tri:    0.99" ---- Completed liveness simplification thread ----
0.0.D: Trace Attempt 33	[0.30 s]
0.0.D: Stopped processing property "Load_Store.p1"	[1.17 s].
0.0.D: Morphing to M
0.0.D: All properties determined. [0.00 s]
0.0.D: Exited with Success (@ 0.00 s)
0.0.M: clocks: 1, declared: 1, looping: 0, posedge: 1, negedge: 0, noedge: 0, bothedge: 0
0.0.M: Starting proof for property "Load_Store.p1"	[0.00 s].
0.0.M: Trace Attempt  1	[0.00 s]
0.0.M: Trace Attempt  2	[0.00 s]
0.0.M: Trace Attempt  3	[0.00 s]
0.0.M: Trace Attempt  4	[0.01 s]
0.0.M: Trace Attempt  5	[0.01 s]
0.0.AMcustom3: Trace Attempt  1	[1.17 s]
0.0.AMcustom3: Trace Attempt  2	[1.18 s]
0.0.AMcustom3: Trace Attempt  3	[1.18 s]
0.0.AMcustom3: Trace Attempt  4	[1.18 s]
0.0.AMcustom3: Trace Attempt  5	[1.18 s]
0.0.AMcustom5: Proofgrid shell started at 25519@vlsi-moon(local) jg_23767_vlsi-moon_1
0.0.AMcustom5: clocks: 1, declared: 1, looping: 0, posedge: 1, negedge: 0, noedge: 0, bothedge: 0
0.0.AMcustom5: Last scan. Per property time limit: 0s
0.0.AMcustom5: Starting proof for property "Load_Store.p1"	[0.00 s].
0.0.AMcustom5: Trace Attempt  1	[0.00 s]
0.0.AMcustom5: Trace Attempt  2	[0.00 s]
0.0.AMcustom5: Trace Attempt  3	[0.00 s]
0.0.AMcustom5: Trace Attempt  1	[0.00 s]
0.0.AMcustom5: Trace Attempt  2	[0.00 s]
0.0.AMcustom5: Trace Attempt  3	[0.00 s]
0.0.AMcustom5: Trace Attempt  4	[0.01 s]
0.0.AMcustom5: Trace Attempt  5	[0.01 s]
0.0.AMcustom5: Trace Attempt  1	[0.01 s]
0.0.AMcustom5: Trace Attempt  2	[0.01 s]
0.0.AMcustom5: Trace Attempt  3	[0.01 s]
0.0.AMcustom5: Trace Attempt  4	[0.01 s]
0.0.AMcustom5: Trace Attempt  5	[0.01 s]
0.0.AMcustom5: Trace Attempt  1	[0.01 s]
0.0.AMcustom5: Trace Attempt  2	[0.01 s]
0.0.AMcustom5: Trace Attempt  3	[0.01 s]
0.0.AMcustom5: Trace Attempt  4	[0.02 s]
0.0.AMcustom5: Trace Attempt  5	[0.02 s]
0.0.AMcustom5: Trace Attempt  1	[0.05 s]
0.0.AMcustom5: Trace Attempt  2	[0.05 s]
0.0.AMcustom5: Trace Attempt  3	[0.05 s]
0.0.AMcustom5: Trace Attempt  4	[0.05 s]
0.0.AMcustom5: Trace Attempt  5	[0.05 s]
0.0.AMcustom5: Trace Attempt  1	[0.05 s]
0.0.AMcustom5: Trace Attempt  2	[0.05 s]
0.0.AMcustom5: Trace Attempt  3	[0.05 s]
0.0.AMcustom5: Trace Attempt  4	[0.06 s]
0.0.AMcustom5: Trace Attempt  5	[0.06 s]
0.0.AMcustom5: Trace Attempt  1	[0.07 s]
0.0.AMcustom5: Trace Attempt  2	[0.07 s]
0.0.AMcustom5: Trace Attempt  3	[0.07 s]
0.0.AMcustom5: Trace Attempt  4	[0.08 s]
0.0.AMcustom5: Trace Attempt  1	[0.14 s]
0.0.AMcustom5: Trace Attempt  2	[0.14 s]
0.0.AMcustom5: Trace Attempt  3	[0.14 s]
0.0.AMcustom5: Trace Attempt  4	[0.15 s]
0.0.AMcustom5: Trace Attempt  5	[0.15 s]
0.0.AMcustom5: Trace Attempt  1	[0.15 s]
0.0.AMcustom5: Trace Attempt  2	[0.15 s]
0.0.AMcustom5: Trace Attempt  3	[0.15 s]
0.0.AMcustom5: Trace Attempt  4	[0.16 s]
0.0.AMcustom5: Trace Attempt  5	[0.16 s]
0.0.AMcustom5: Trace Attempt  1	[0.17 s]
0.0.AMcustom5: Trace Attempt  2	[0.17 s]
0.0.AMcustom5: Trace Attempt  3	[0.17 s]
0.0.AMcustom5: Trace Attempt  5	[0.18 s]
0.0.AMcustom5: Trace Attempt  1	[0.23 s]
0.0.AMcustom5: Trace Attempt  2	[0.23 s]
0.0.AMcustom5: Trace Attempt  3	[0.23 s]
0.0.AMcustom5: Trace Attempt  5	[0.24 s]
0.0.Tri:    1.48" Simplification phase 2 complete
0.0.AMcustom5: Trace Attempt  1	[0.47 s]
0.0.AMcustom5: Trace Attempt  2	[0.47 s]
0.0.AMcustom5: Trace Attempt  3	[0.47 s]
0.0.AMcustom5: Trace Attempt  4	[0.47 s]
0.0.AMcustom5: Trace Attempt  5	[0.47 s]
0.0.AMcustom5: Trace Attempt  1	[0.48 s]
0.0.AMcustom5: Trace Attempt  2	[0.48 s]
0.0.AMcustom5: Trace Attempt  3	[0.48 s]
0.0.AMcustom5: Trace Attempt  4	[0.48 s]
0.0.AMcustom5: Trace Attempt  5	[0.48 s]
0.0.AMcustom5: Trace Attempt  1	[0.50 s]
0.0.AMcustom5: Trace Attempt  2	[0.50 s]
0.0.AMcustom5: Trace Attempt  3	[0.50 s]
0.0.AMcustom5: Trace Attempt  4	[0.51 s]
0.0.AMcustom5: Trace Attempt  5	[0.51 s]
0.0.Tri:    1.73" Simplification phase 3 complete
   1.73" ---- Completed simplification thread ----
0.0.Tri:    1.73" ---- Restarting main thread on simplified netlist ----
0.0.AMcustom5: Trace Attempt  1	[0.57 s]
0.0.AMcustom5: Trace Attempt  2	[0.57 s]
0.0.AMcustom5: Trace Attempt  3	[0.57 s]
0.0.AMcustom5: Trace Attempt  4	[0.58 s]
0.0.Tri:    1.77" ---- Restarting abstraction thread on simplified netlist ----
0.0.AMcustom5: Trace Attempt  1	[0.81 s]
0.0.AMcustom5: Trace Attempt  2	[0.81 s]
0.0.AMcustom5: Trace Attempt  3	[0.81 s]
0.0.AMcustom5: Trace Attempt  4	[0.82 s]
0.0.AMcustom5: Trace Attempt  5	[0.82 s]
0.0.AMcustom5: Trace Attempt  1	[1.68 s]
0.0.AMcustom5: Trace Attempt  2	[1.68 s]
0.0.AMcustom5: Trace Attempt  3	[1.68 s]
0.0.AMcustom5: Trace Attempt  4	[1.68 s]
0.0.AMcustom5: Trace Attempt  5	[1.68 s]
0.0.AMcustom5: Trace Attempt  1	[1.69 s]
0.0.AMcustom5: Trace Attempt  2	[1.69 s]
0.0.AMcustom5: Trace Attempt  3	[1.69 s]
0.0.AMcustom5: Trace Attempt  4	[1.69 s]
0.0.AMcustom5: Trace Attempt  5	[1.69 s]
0.0.AMcustom5: Trace Attempt  1	[1.71 s]
0.0.AMcustom5: Trace Attempt  2	[1.71 s]
0.0.AMcustom5: Trace Attempt  3	[1.71 s]
0.0.AMcustom5: Trace Attempt  5	[1.72 s]
0.0.AMcustom5: Trace Attempt  1	[1.77 s]
0.0.AMcustom5: Trace Attempt  2	[1.78 s]
0.0.AMcustom5: Trace Attempt  3	[1.78 s]
0.0.AMcustom5: Trace Attempt  4	[1.78 s]
0.0.AMcustom5: Trace Attempt  5	[1.78 s]
0.0.Tri: Stopped processing property "Load_Store.p1"	[3.24 s].
0.0.AMcustom5: Trace Attempt  1	[2.01 s]
0.0.Tri: Morphing to ADcustom7
0.0.Tri: All properties determined. [0.00 s]
0.0.Tri: Exited with Success (@ 0.00 s)
0.0.AMcustom5: Trace Attempt  2	[2.01 s]
0.0.ADcustom7: clocks: 1, declared: 1, looping: 0, posedge: 1, negedge: 0, noedge: 0, bothedge: 0
0.0.AMcustom5: Trace Attempt  3	[2.01 s]
0.0.ADcustom7: Starting proof for property "Load_Store.p1"	[0.00 s].
0.0.AMcustom5: Trace Attempt  4	[2.02 s]
0.0.AMcustom5: Trace Attempt  5	[2.02 s]
0.0.ADcustom7: Trace Attempt  1	[0.02 s]
0.0.ADcustom7: Trace Attempt  2	[0.02 s]
0.0.ADcustom7: Trace Attempt  3	[0.02 s]
0.0.ADcustom7: Trace Attempt  1	[0.02 s]
0.0.ADcustom7: Trace Attempt  2	[0.02 s]
0.0.ADcustom7: Trace Attempt  3	[0.02 s]
0.0.ADcustom7: Trace Attempt  4	[0.02 s]
0.0.ADcustom7: Trace Attempt  5	[0.02 s]
0.0.ADcustom7: Trace Attempt  1	[0.02 s]
0.0.ADcustom7: Trace Attempt  2	[0.03 s]
0.0.ADcustom7: Trace Attempt  3	[0.03 s]
0.0.ADcustom7: Trace Attempt  4	[0.03 s]
0.0.ADcustom7: Trace Attempt  5	[0.03 s]
0.0.ADcustom7: Trace Attempt  1	[0.03 s]
0.0.ADcustom7: Trace Attempt  2	[0.03 s]
0.0.ADcustom7: Trace Attempt  3	[0.03 s]
0.0.ADcustom7: Trace Attempt  5	[0.04 s]
0.0.ADcustom7: Trace Attempt  1	[0.06 s]
0.0.ADcustom7: Trace Attempt  2	[0.06 s]
0.0.ADcustom7: Trace Attempt  3	[0.06 s]
0.0.ADcustom7: Trace Attempt  4	[0.06 s]
0.0.ADcustom7: Trace Attempt  5	[0.06 s]
0.0.ADcustom7: Trace Attempt  1	[0.06 s]
0.0.ADcustom7: Trace Attempt  2	[0.06 s]
0.0.ADcustom7: Trace Attempt  3	[0.06 s]
0.0.ADcustom7: Trace Attempt  5	[0.07 s]
0.0.ADcustom7: Trace Attempt  1	[0.08 s]
0.0.ADcustom7: Trace Attempt  2	[0.08 s]
0.0.ADcustom7: Trace Attempt  3	[0.09 s]
0.0.ADcustom7: Trace Attempt  5	[0.09 s]
0.0.ADcustom7: Trace Attempt  1	[0.17 s]
0.0.ADcustom7: Trace Attempt  2	[0.17 s]
0.0.ADcustom7: Trace Attempt  3	[0.17 s]
0.0.ADcustom7: Trace Attempt  4	[0.17 s]
0.0.ADcustom7: Trace Attempt  5	[0.17 s]
0.0.ADcustom7: Trace Attempt  1	[0.17 s]
0.0.ADcustom7: Trace Attempt  2	[0.17 s]
0.0.ADcustom7: Trace Attempt  3	[0.17 s]
0.0.ADcustom7: Trace Attempt  5	[0.18 s]
0.0.ADcustom7: Trace Attempt  1	[0.19 s]
0.0.ADcustom7: Trace Attempt  2	[0.19 s]
0.0.ADcustom7: Trace Attempt  3	[0.20 s]
0.0.ADcustom7: Trace Attempt  5	[0.20 s]
0.0.ADcustom7: Trace Attempt  1	[0.27 s]
0.0.ADcustom7: Trace Attempt  2	[0.27 s]
0.0.ADcustom7: Trace Attempt  3	[0.27 s]
0.0.ADcustom7: Trace Attempt  5	[0.27 s]
0.0.Ht: Trace Attempt 10534	[184.57 s]
0.0.Bm: Trace Attempt 10103	[184.61 s]
0.0.ADcustom7: Trace Attempt  1	[0.60 s]
0.0.ADcustom7: Trace Attempt  2	[0.60 s]
0.0.ADcustom7: Trace Attempt  3	[0.60 s]
0.0.ADcustom7: Trace Attempt  4	[0.60 s]
0.0.ADcustom7: Trace Attempt  5	[0.60 s]
0.0.ADcustom7: Trace Attempt  1	[0.60 s]
0.0.ADcustom7: Trace Attempt  2	[0.60 s]
0.0.ADcustom7: Trace Attempt  3	[0.60 s]
0.0.ADcustom7: Trace Attempt  5	[0.61 s]
0.0.ADcustom7: Trace Attempt  1	[0.63 s]
0.0.ADcustom7: Trace Attempt  2	[0.63 s]
0.0.ADcustom7: Trace Attempt  3	[0.63 s]
0.0.ADcustom7: Trace Attempt  5	[0.63 s]
0.0.ADcustom7: Trace Attempt  1	[0.70 s]
0.0.ADcustom7: Trace Attempt  2	[0.70 s]
0.0.ADcustom7: Trace Attempt  3	[0.70 s]
0.0.ADcustom7: Trace Attempt  5	[0.70 s]
0.0.AMcustom5: Trace Attempt  1	[2.89 s]
0.0.AMcustom5: Trace Attempt  2	[2.89 s]
0.0.AMcustom5: Trace Attempt  3	[2.89 s]
0.0.AMcustom5: Trace Attempt  5	[2.90 s]
0.0.ADcustom7: Trace Attempt  1	[1.01 s]
0.0.ADcustom7: Trace Attempt  2	[1.01 s]
0.0.ADcustom7: Trace Attempt  3	[1.02 s]
0.0.ADcustom7: Trace Attempt  5	[1.02 s]
0.0.AMcustom3: Trace Attempt  1	[4.34 s]
0.0.AMcustom3: Trace Attempt  2	[4.34 s]
0.0.AMcustom3: Trace Attempt  3	[4.34 s]
0.0.AMcustom3: Trace Attempt  4	[4.35 s]
0.0.AMcustom3: Trace Attempt  5	[4.35 s]
0.0.Bcustom2: Trace Attempt  1	[4.43 s]
0.0.Bcustom2: Stopped processing property "Load_Store.p1"	[4.43 s].
0.0.Bcustom2: Morphing to D
0.0.Bcustom2: All properties determined. [0.00 s]
0.0.Bcustom2: Exited with Success (@ 0.00 s)
0.0.D: clocks: 1, declared: 1, looping: 0, posedge: 1, negedge: 0, noedge: 0, bothedge: 0
0.0.D: Starting proof for property "Load_Store.p1"	[0.00 s].
0.0.D: Trace Attempt  1	[0.00 s]
0.0.D: Trace Attempt  2	[0.00 s]
0.0.D: Trace Attempt  3	[0.00 s]
0.0.D: Trace Attempt  5	[0.01 s]
0.0.Hp: Trace Attempt 2149	[185.52 s]
0.0.Ncustom1: Trace Attempt 162	[4.62 s]
0.0.M: Trace Attempt 119	[4.03 s]
0.0.ADcustom7: Trace Attempt  1	[2.49 s]
0.0.ADcustom7: Trace Attempt  2	[2.49 s]
0.0.ADcustom7: Trace Attempt  3	[2.49 s]
0.0.ADcustom7: Trace Attempt  4	[2.49 s]
0.0.ADcustom7: Trace Attempt  5	[2.49 s]
0.0.ADcustom7: Trace Attempt  1	[2.49 s]
0.0.ADcustom7: Trace Attempt  2	[2.50 s]
0.0.ADcustom7: Trace Attempt  3	[2.50 s]
0.0.ADcustom7: Trace Attempt  5	[2.50 s]
0.0.ADcustom7: Trace Attempt  1	[2.52 s]
0.0.ADcustom7: Trace Attempt  2	[2.52 s]
0.0.ADcustom7: Trace Attempt  3	[2.52 s]
0.0.ADcustom7: Trace Attempt  5	[2.52 s]
0.0.ADcustom7: Trace Attempt  1	[2.59 s]
0.0.ADcustom7: Trace Attempt  2	[2.59 s]
0.0.ADcustom7: Trace Attempt  3	[2.59 s]
0.0.ADcustom7: Trace Attempt  5	[2.59 s]
0.0.ADcustom7: Trace Attempt  1	[2.86 s]
0.0.ADcustom7: Trace Attempt  2	[2.86 s]
0.0.ADcustom7: Trace Attempt  3	[2.86 s]
0.0.ADcustom7: Trace Attempt  5	[2.86 s]
0.0.Ncustom1: Trace Attempt 196	[7.18 s]
0.0.Ncustom1: Stopped processing property "Load_Store.p1"	[7.26 s].
0.0.Ncustom1: Morphing to Bcustom2
0.0.Ncustom1: All properties determined. [0.00 s]
0.0.Ncustom1: Exited with Success (@ 0.00 s)
0.0.AMcustom3: Trace Attempt 113	[6.97 s]
0.0.AMcustom3: Stopped processing property "Load_Store.p1"	[7.13 s].
0.0.AMcustom3: Morphing to Tri
0.0.AMcustom3: All properties determined. [0.00 s]
0.0.AMcustom3: Exited with Success (@ 0.00 s)
0.0.Bcustom2: clocks: 1, declared: 1, looping: 0, posedge: 1, negedge: 0, noedge: 0, bothedge: 0
0.0.Bcustom2: Starting proof for property "Load_Store.p1"	[0.00 s].
0.0.Tri: clocks: 1, declared: 1, looping: 0, posedge: 1, negedge: 0, noedge: 0, bothedge: 0
0.0.Bcustom2: Trace Attempt  1	[0.00 s]
0.0.Bcustom2: Trace Attempt  2	[0.00 s]
0.0.Bcustom2: Trace Attempt  3	[0.00 s]
0.0.Bcustom2: Trace Attempt  1	[0.00 s]
0.0.Bcustom2: Trace Attempt  2	[0.00 s]
0.0.Bcustom2: Trace Attempt  3	[0.00 s]
0.0.Bcustom2: Trace Attempt  4	[0.00 s]
0.0.Bcustom2: Trace Attempt  5	[0.00 s]
0.0.Bcustom2: Trace Attempt  1	[0.00 s]
0.0.Bcustom2: Trace Attempt  2	[0.00 s]
0.0.Bcustom2: Trace Attempt  3	[0.00 s]
0.0.Bcustom2: Trace Attempt  4	[0.00 s]
0.0.Bcustom2: Trace Attempt  5	[0.00 s]
0.0.Bcustom2: Trace Attempt  1	[0.01 s]
0.0.Bcustom2: Trace Attempt  2	[0.01 s]
0.0.Bcustom2: Trace Attempt  3	[0.01 s]
0.0.Bcustom2: Trace Attempt  4	[0.01 s]
0.0.Bcustom2: Trace Attempt  5	[0.01 s]
0.0.Tri: Starting proof for property "Load_Store.p1"	[0.00 s].
0.0.Tri: Trace Attempt  1	[0.00 s]
0.0.Bcustom2: Trace Attempt  1	[0.02 s]
0.0.Bcustom2: Trace Attempt  2	[0.02 s]
0.0.Bcustom2: Trace Attempt  3	[0.02 s]
0.0.Bcustom2: Trace Attempt  4	[0.02 s]
0.0.Bcustom2: Trace Attempt  5	[0.02 s]
0.0.Bcustom2: Trace Attempt  1	[0.04 s]
0.0.Bcustom2: Trace Attempt  2	[0.04 s]
0.0.Bcustom2: Trace Attempt  3	[0.04 s]
0.0.Bcustom2: Trace Attempt  4	[0.04 s]
0.0.Bcustom2: Trace Attempt  5	[0.04 s]
0.0.AMcustom5: Trace Attempt 129	[5.96 s]
0.0.AMcustom5: Stopped processing property "Load_Store.p1"	[5.99 s].
0.0.AMcustom5: Morphing to Tricustom8
0.0.AMcustom5: All properties determined. [0.00 s]
0.0.AMcustom5: Exited with Success (@ 0.00 s)
0.0.Tricustom8: clocks: 1, declared: 1, looping: 0, posedge: 1, negedge: 0, noedge: 0, bothedge: 0
0.0.Tri:    0.00" ---- Launching main thread ----
0.0.Tricustom8: Starting proof for property "Load_Store.p1"	[0.00 s].
0.0.Tricustom8: Trace Attempt  1	[0.00 s]
0.0.Bcustom2: Trace Attempt  1	[0.08 s]
0.0.Bcustom2: Trace Attempt  2	[0.08 s]
0.0.Bcustom2: Trace Attempt  3	[0.08 s]
0.0.Bcustom2: Trace Attempt  4	[0.08 s]
0.0.Bcustom2: Trace Attempt  5	[0.08 s]
0.0.Tri:    0.04" ---- Launching abstraction thread ----
0.0.Tri:    0.05" ---- Launching multi-phase simplification thread ----
0.0.Tri:    0.06" ---- Launching liveness simplification thread ----
0.0.Bcustom2: Trace Attempt  1	[0.16 s]
0.0.Bcustom2: Trace Attempt  2	[0.16 s]
0.0.Bcustom2: Trace Attempt  3	[0.16 s]
0.0.Bcustom2: Trace Attempt  4	[0.16 s]
0.0.Bcustom2: Trace Attempt  5	[0.16 s]
0.0.ADcustom7: Trace Attempt  1	[4.24 s]
0.0.ADcustom7: Trace Attempt  2	[4.24 s]
0.0.ADcustom7: Trace Attempt  3	[4.24 s]
0.0.ADcustom7: Trace Attempt  5	[4.25 s]
0.0.Bcustom2: Trace Attempt  1	[0.37 s]
0.0.Bcustom2: Trace Attempt  2	[0.37 s]
0.0.Bcustom2: Trace Attempt  3	[0.37 s]
0.0.Bcustom2: Trace Attempt  4	[0.37 s]
0.0.Bcustom2: Trace Attempt  5	[0.37 s]
0.0.Ht: Trace Attempt 10631	[188.61 s]
0.0.Bm: Trace Attempt 10206	[188.64 s]
0.0.Tri:    0.91" Simplification phase 1 complete
0.0.Tri:    1.02" ---- Completed liveness simplification thread ----
0.0.Hp: Trace Attempt 2186	[189.55 s]
0.0.Tri:    1.49" Simplification phase 2 complete
0.0.Tri:    1.75" Simplification phase 3 complete
0.0.Tri:    1.75" ---- Completed simplification thread ----
0.0.Tri:    1.75" ---- Restarting main thread on simplified netlist ----
0.0.Tri:    1.80" ---- Restarting abstraction thread on simplified netlist ----
0.0.M: Trace Attempt 192	[8.19 s]
0.0.Bcustom2: Trace Attempt  1	[4.37 s]
0.0.Bcustom2: Trace Attempt  2	[4.37 s]
0.0.Bcustom2: Trace Attempt  3	[4.37 s]
0.0.Bcustom2: Trace Attempt  4	[4.37 s]
0.0.Bcustom2: Trace Attempt  5	[4.37 s]
0.0.Ht: Trace Attempt 10725	[192.65 s]
0.0.Bm: Trace Attempt 10311	[192.67 s]
0.0.Hp: Trace Attempt 2222	[193.59 s]
0.0.M: Trace Attempt 224	[12.36 s]
0.0.ADcustom7: Trace Attempt 129	[10.77 s]
0.0.ADcustom7: Trace Attempt  1	[11.16 s]
0.0.ADcustom7: Trace Attempt  2	[11.16 s]
0.0.ADcustom7: Trace Attempt  3	[11.16 s]
0.0.ADcustom7: Trace Attempt  4	[11.17 s]
0.0.ADcustom7: Trace Attempt  5	[11.17 s]
0.0.ADcustom7: Trace Attempt  1	[11.17 s]
0.0.ADcustom7: Trace Attempt  2	[11.17 s]
0.0.ADcustom7: Trace Attempt  3	[11.17 s]
0.0.ADcustom7: Trace Attempt  5	[11.18 s]
0.0.ADcustom7: Trace Attempt  1	[11.19 s]
0.0.ADcustom7: Trace Attempt  2	[11.19 s]
0.0.ADcustom7: Trace Attempt  3	[11.20 s]
0.0.ADcustom7: Trace Attempt  5	[11.20 s]
0.0.ADcustom7: Trace Attempt  1	[11.27 s]
0.0.ADcustom7: Trace Attempt  2	[11.27 s]
0.0.ADcustom7: Trace Attempt  3	[11.27 s]
0.0.ADcustom7: Trace Attempt  5	[11.28 s]
0.0.ADcustom7: Trace Attempt  1	[11.60 s]
0.0.ADcustom7: Trace Attempt  2	[11.60 s]
0.0.ADcustom7: Trace Attempt  3	[11.60 s]
0.0.ADcustom7: Trace Attempt  5	[11.61 s]
0.0.Ht: Trace Attempt 10810	[196.68 s]
0.0.Bm: Trace Attempt 10415	[196.70 s]
0.0.D: Trace Attempt 65	[1.51 s]
0.0.D: Stopped processing property "Load_Store.p1"	[11.34 s].
0.0.D: Morphing to AMcustom3
0.0.D: All properties determined. [0.00 s]
0.0.D: Exited with Success (@ 0.00 s)
0.0.AMcustom3: clocks: 1, declared: 1, looping: 0, posedge: 1, negedge: 0, noedge: 0, bothedge: 0
0.0.AMcustom3: Starting proof for property "Load_Store.p1"	[0.00 s].
0.0.AMcustom3: Trace Attempt  1	[0.00 s]
0.0.AMcustom3: Trace Attempt  2	[0.00 s]
0.0.AMcustom3: Trace Attempt  3	[0.00 s]
0.0.AMcustom3: Trace Attempt  4	[0.00 s]
0.0.AMcustom3: Trace Attempt  5	[0.00 s]
0.0.AMcustom3: Trace Attempt  1	[0.01 s]
0.0.AMcustom3: Trace Attempt  2	[0.01 s]
0.0.AMcustom3: Trace Attempt  3	[0.01 s]
0.0.M: Trace Attempt 240	[14.58 s]
0.0.M: Stopped processing property "Load_Store.p1"	[14.63 s].
0.0.M: Morphing to AMcustom5
0.0.AMcustom3: Trace Attempt  4	[0.01 s]
0.0.M: All properties determined. [0.00 s]
0.0.M: Exited with Success (@ 0.00 s)
0.0.AMcustom5: clocks: 1, declared: 1, looping: 0, posedge: 1, negedge: 0, noedge: 0, bothedge: 0
0.0.AMcustom5: Starting proof for property "Load_Store.p1"	[0.00 s].
0.0.AMcustom5: Trace Attempt  1	[0.00 s]
0.0.AMcustom5: Trace Attempt  2	[0.00 s]
0.0.AMcustom5: Trace Attempt  3	[0.00 s]
0.0.AMcustom5: Trace Attempt  1	[0.00 s]
0.0.AMcustom5: Trace Attempt  2	[0.00 s]
0.0.AMcustom5: Trace Attempt  3	[0.00 s]
0.0.AMcustom5: Trace Attempt  4	[0.01 s]
0.0.AMcustom5: Trace Attempt  5	[0.01 s]
0.0.AMcustom5: Trace Attempt  1	[0.01 s]
0.0.AMcustom5: Trace Attempt  2	[0.01 s]
0.0.AMcustom5: Trace Attempt  3	[0.01 s]
0.0.AMcustom5: Trace Attempt  4	[0.01 s]
0.0.AMcustom5: Trace Attempt  5	[0.01 s]
0.0.AMcustom5: Trace Attempt  1	[0.01 s]
0.0.AMcustom3: Trace Attempt  1	[0.03 s]
0.0.AMcustom5: Trace Attempt  2	[0.01 s]
0.0.AMcustom5: Trace Attempt  3	[0.01 s]
0.0.AMcustom3: Trace Attempt  2	[0.03 s]
0.0.AMcustom3: Trace Attempt  3	[0.03 s]
0.0.AMcustom5: Trace Attempt  4	[0.02 s]
0.0.AMcustom5: Trace Attempt  5	[0.02 s]
0.0.AMcustom3: Trace Attempt  4	[0.04 s]
0.0.AMcustom5: Trace Attempt  1	[0.05 s]
0.0.AMcustom5: Trace Attempt  2	[0.05 s]
0.0.AMcustom5: Trace Attempt  3	[0.05 s]
0.0.AMcustom5: Trace Attempt  4	[0.05 s]
0.0.AMcustom5: Trace Attempt  5	[0.05 s]
0.0.AMcustom5: Trace Attempt  1	[0.05 s]
0.0.AMcustom5: Trace Attempt  2	[0.05 s]
0.0.AMcustom5: Trace Attempt  3	[0.06 s]
0.0.AMcustom5: Trace Attempt  4	[0.06 s]
0.0.AMcustom5: Trace Attempt  5	[0.06 s]
0.0.AMcustom5: Trace Attempt  1	[0.07 s]
0.0.AMcustom5: Trace Attempt  2	[0.07 s]
0.0.AMcustom5: Trace Attempt  3	[0.07 s]
0.0.Tri: Stopped processing property "Load_Store.p1"	[8.70 s].
0.0.AMcustom5: Trace Attempt  4	[0.08 s]
0.0.Tri: Morphing to Ncustom1
0.0.Tri: All properties determined. [0.00 s]
0.0.Tri: Exited with Success (@ 0.00 s)
0.0.Ncustom1: clocks: 1, declared: 1, looping: 0, posedge: 1, negedge: 0, noedge: 0, bothedge: 0
0.0.Ncustom1: Starting proof for property "Load_Store.p1"	[0.00 s].
0.0.Tricustom8: Stopped processing property "Load_Store.p1"	[8.65 s].
0.0.Tricustom8: Morphing to I
0.0.Tricustom8: All properties determined. [0.00 s]
0.0.Tricustom8: Exited with Success (@ 0.00 s)
0.0.I: clocks: 1, declared: 1, looping: 0, posedge: 1, negedge: 0, noedge: 0, bothedge: 0
0.0.I: Starting proof for property "Load_Store.p1"	[0.00 s].
0.0.AMcustom3: Trace Attempt  1	[0.11 s]
0.0.AMcustom3: Trace Attempt  2	[0.11 s]
0.0.AMcustom3: Trace Attempt  3	[0.11 s]
0.0.AMcustom3: Trace Attempt  4	[0.12 s]
0.0.AMcustom3: Trace Attempt  5	[0.12 s]
0.0.Ncustom1: Trace Attempt 257	[0.06 s]
0.0.AMcustom5: Trace Attempt  1	[0.15 s]
0.0.AMcustom5: Trace Attempt  2	[0.15 s]
0.0.AMcustom5: Trace Attempt  3	[0.15 s]
0.0.I: Trace Attempt 248	[0.06 s]
0.0.AMcustom5: Trace Attempt  4	[0.15 s]
0.0.AMcustom5: Trace Attempt  5	[0.15 s]
0.0.AMcustom5: Trace Attempt  1	[0.15 s]
0.0.AMcustom5: Trace Attempt  2	[0.15 s]
0.0.AMcustom5: Trace Attempt  3	[0.15 s]
0.0.AMcustom5: Trace Attempt  4	[0.16 s]
0.0.AMcustom5: Trace Attempt  5	[0.16 s]
0.0.AMcustom5: Trace Attempt  1	[0.17 s]
0.0.AMcustom5: Trace Attempt  2	[0.17 s]
0.0.AMcustom5: Trace Attempt  3	[0.17 s]
0.0.AMcustom5: Trace Attempt  5	[0.18 s]
0.0.AMcustom5: Trace Attempt  1	[0.23 s]
0.0.AMcustom5: Trace Attempt  2	[0.23 s]
0.0.AMcustom5: Trace Attempt  3	[0.24 s]
0.0.AMcustom5: Trace Attempt  5	[0.24 s]
0.0.ADcustom7: Trace Attempt  1	[12.83 s]
0.0.ADcustom7: Trace Attempt  2	[12.83 s]
0.0.ADcustom7: Trace Attempt  3	[12.83 s]
0.0.ADcustom7: Trace Attempt  5	[12.84 s]
0.0.AMcustom3: Trace Attempt  1	[0.34 s]
0.0.AMcustom3: Trace Attempt  2	[0.35 s]
0.0.AMcustom3: Trace Attempt  3	[0.35 s]
0.0.AMcustom3: Trace Attempt  4	[0.35 s]
0.0.AMcustom5: Trace Attempt  1	[0.47 s]
0.0.AMcustom5: Trace Attempt  2	[0.47 s]
0.0.AMcustom5: Trace Attempt  3	[0.47 s]
0.0.AMcustom5: Trace Attempt  4	[0.47 s]
0.0.AMcustom5: Trace Attempt  5	[0.47 s]
0.0.AMcustom5: Trace Attempt  1	[0.48 s]
0.0.AMcustom5: Trace Attempt  2	[0.48 s]
0.0.AMcustom5: Trace Attempt  3	[0.48 s]
0.0.AMcustom5: Trace Attempt  4	[0.48 s]
0.0.AMcustom5: Trace Attempt  5	[0.48 s]
0.0.AMcustom5: Trace Attempt  1	[0.50 s]
0.0.AMcustom5: Trace Attempt  2	[0.50 s]
0.0.AMcustom5: Trace Attempt  3	[0.50 s]
0.0.AMcustom5: Trace Attempt  4	[0.51 s]
0.0.AMcustom5: Trace Attempt  5	[0.51 s]
0.0.AMcustom5: Trace Attempt  1	[0.57 s]
0.0.AMcustom5: Trace Attempt  2	[0.57 s]
0.0.AMcustom5: Trace Attempt  3	[0.57 s]
0.0.AMcustom5: Trace Attempt  4	[0.58 s]
0.0.Ncustom1: Trace Attempt  1	[0.67 s]
0.0.Ncustom1: Trace Attempt  2	[0.67 s]
0.0.Ncustom1: Trace Attempt  3	[0.67 s]
0.0.Ncustom1: Trace Attempt  4	[0.68 s]
0.0.Ncustom1: Trace Attempt  5	[0.68 s]
0.0.AMcustom5: Trace Attempt  1	[0.81 s]
0.0.AMcustom5: Trace Attempt  2	[0.81 s]
0.0.AMcustom5: Trace Attempt  3	[0.81 s]
0.0.AMcustom5: Trace Attempt  4	[0.82 s]
0.0.AMcustom5: Trace Attempt  5	[0.82 s]
0.0.Hp: Trace Attempt 2258	[197.67 s]
0.0.AMcustom3: Trace Attempt  1	[1.20 s]
0.0.AMcustom3: Trace Attempt  2	[1.20 s]
0.0.AMcustom3: Trace Attempt  3	[1.20 s]
0.0.AMcustom3: Trace Attempt  4	[1.21 s]
0.0.AMcustom3: Trace Attempt  5	[1.21 s]
0.0.AMcustom5: Trace Attempt  1	[1.69 s]
0.0.AMcustom5: Trace Attempt  2	[1.69 s]
0.0.AMcustom5: Trace Attempt  3	[1.69 s]
0.0.AMcustom5: Trace Attempt  4	[1.69 s]
0.0.AMcustom5: Trace Attempt  5	[1.69 s]
0.0.AMcustom5: Trace Attempt  1	[1.70 s]
0.0.AMcustom5: Trace Attempt  2	[1.70 s]
0.0.AMcustom5: Trace Attempt  3	[1.70 s]
0.0.AMcustom5: Trace Attempt  4	[1.71 s]
0.0.AMcustom5: Trace Attempt  5	[1.71 s]
0.0.AMcustom5: Trace Attempt  1	[1.72 s]
0.0.AMcustom5: Trace Attempt  2	[1.72 s]
0.0.AMcustom5: Trace Attempt  3	[1.72 s]
0.0.AMcustom5: Trace Attempt  5	[1.73 s]
0.0.AMcustom5: Trace Attempt  1	[1.78 s]
0.0.AMcustom5: Trace Attempt  2	[1.79 s]
0.0.AMcustom5: Trace Attempt  3	[1.79 s]
0.0.AMcustom5: Trace Attempt  4	[1.79 s]
0.0.AMcustom5: Trace Attempt  5	[1.79 s]
0.0.AMcustom5: Trace Attempt  1	[2.02 s]
0.0.AMcustom5: Trace Attempt  2	[2.02 s]
0.0.AMcustom5: Trace Attempt  3	[2.02 s]
0.0.AMcustom5: Trace Attempt  4	[2.02 s]
0.0.AMcustom5: Trace Attempt  5	[2.03 s]
0.0.AMcustom5: Trace Attempt  1	[2.90 s]
0.0.AMcustom5: Trace Attempt  2	[2.90 s]
0.0.AMcustom5: Trace Attempt  3	[2.90 s]
0.0.AMcustom5: Trace Attempt  5	[2.91 s]
0.0.Ht: Trace Attempt 10902	[200.69 s]
0.0.Bm: Trace Attempt 10518	[200.73 s]
0.0.AMcustom3: Trace Attempt  1	[4.34 s]
0.0.AMcustom3: Trace Attempt  2	[4.34 s]
0.0.AMcustom3: Trace Attempt  3	[4.34 s]
0.0.AMcustom3: Trace Attempt  4	[4.35 s]
0.0.AMcustom3: Trace Attempt  5	[4.35 s]
0.0.I: Trace Attempt 255	[4.48 s]
0.0.Ncustom1: Trace Attempt 160	[4.69 s]
0.0.Hp: Trace Attempt 2293	[201.68 s]
0.0.AMcustom5: Trace Attempt  1	[6.03 s]
0.0.AMcustom5: Trace Attempt  2	[6.03 s]
0.0.AMcustom5: Trace Attempt  3	[6.03 s]
0.0.AMcustom5: Trace Attempt  4	[6.03 s]
0.0.AMcustom5: Trace Attempt  5	[6.03 s]
0.0.AMcustom5: Trace Attempt  1	[6.04 s]
0.0.AMcustom5: Trace Attempt  2	[6.04 s]
0.0.AMcustom5: Trace Attempt  3	[6.04 s]
0.0.AMcustom5: Trace Attempt  4	[6.04 s]
0.0.AMcustom5: Trace Attempt  5	[6.04 s]
0.0.AMcustom5: Trace Attempt  1	[6.06 s]
0.0.AMcustom5: Trace Attempt  2	[6.06 s]
0.0.AMcustom5: Trace Attempt  3	[6.06 s]
0.0.AMcustom5: Trace Attempt  4	[6.07 s]
0.0.AMcustom5: Trace Attempt  1	[6.12 s]
0.0.AMcustom5: Trace Attempt  2	[6.13 s]
0.0.AMcustom5: Trace Attempt  3	[6.13 s]
0.0.AMcustom5: Trace Attempt  4	[6.13 s]
0.0.AMcustom5: Trace Attempt  1	[6.36 s]
0.0.AMcustom5: Trace Attempt  2	[6.36 s]
0.0.AMcustom5: Trace Attempt  3	[6.36 s]
0.0.AMcustom5: Trace Attempt  5	[6.37 s]
0.0.I: Trace Attempt  1	[6.57 s]
0.0.I: Trace Attempt  2	[6.57 s]
0.0.I: Trace Attempt  3	[6.57 s]
0.0.I: Trace Attempt  5	[6.58 s]
0.0.ADcustom7: Trace Attempt 129	[19.49 s]
0.0.AMcustom5: Trace Attempt  1	[7.27 s]
0.0.AMcustom5: Trace Attempt  2	[7.28 s]
0.0.AMcustom5: Trace Attempt  3	[7.28 s]
0.0.AMcustom5: Trace Attempt  4	[7.28 s]
0.0.AMcustom5: Trace Attempt  5	[7.28 s]
0.0.ADcustom7: Trace Attempt  1	[19.84 s]
0.0.ADcustom7: Trace Attempt  2	[19.84 s]
0.0.ADcustom7: Trace Attempt  3	[19.84 s]
0.0.ADcustom7: Trace Attempt  5	[19.85 s]
0.0.Ht: Trace Attempt 10993	[204.72 s]
0.0.Bm: Trace Attempt 10620	[204.76 s]
0.0.AMcustom3: Trace Attempt 131	[8.38 s]
0.0.Ncustom1: Trace Attempt 203	[8.70 s]
0.0.Hp: Trace Attempt 2328	[205.79 s]
0.0.AMcustom5: Trace Attempt  1	[10.58 s]
0.0.AMcustom5: Trace Attempt  2	[10.58 s]
0.0.AMcustom5: Trace Attempt  3	[10.58 s]
0.0.AMcustom5: Trace Attempt  4	[10.59 s]
0.0.AMcustom5: Trace Attempt  5	[10.59 s]
0.0.Bcustom2: Trace Attempt  1	[19.57 s]
0.0.Bcustom2: Trace Attempt  2	[19.57 s]
0.0.Bcustom2: Trace Attempt  3	[19.57 s]
0.0.Bcustom2: Trace Attempt  4	[19.57 s]
0.0.Bcustom2: Trace Attempt  5	[19.57 s]
0.0.Ht: Trace Attempt 11071	[208.72 s]
0.0.Bm: Trace Attempt 10721	[208.79 s]
0.0.AMcustom3: Trace Attempt 198	[12.46 s]
0.0.Ncustom1: Trace Attempt 248	[12.78 s]
0.0.Hp: Trace Attempt 2362	[209.81 s]
0.0.I: Trace Attempt 129	[13.53 s]
0.0.ADcustom7: Trace Attempt 129	[26.59 s]
0.0.AMcustom5: Trace Attempt 106	[14.62 s]
0.0.Bcustom2: Trace Attempt 1653	[23.57 s]
0.0.AMcustom3: Trace Attempt 133	[15.30 s]
0.0.AMcustom3: Stopped processing property "Load_Store.p1"	[15.35 s].
0.0.AMcustom3: Morphing to D
0.0.AMcustom3: All properties determined. [0.00 s]
0.0.AMcustom3: Exited with Success (@ 0.00 s)
0.0.D: clocks: 1, declared: 1, looping: 0, posedge: 1, negedge: 0, noedge: 0, bothedge: 0
0.0.D: Starting proof for property "Load_Store.p1"	[0.00 s].
0.0.AMcustom5: Trace Attempt 113	[15.21 s]
0.0.AMcustom5: Stopped processing property "Load_Store.p1"	[15.33 s].
0.0.AMcustom5: Morphing to M
0.0.I: Stopped processing property "Load_Store.p1"	[15.24 s].
0.0.I: Morphing to Tricustom8
0.0.I: All properties determined. [0.00 s]
0.0.I: Exited with Success (@ 0.00 s)
0.0.AMcustom5: All properties determined. [0.00 s]
0.0.AMcustom5: Exited with Success (@ 0.00 s)
0.0.Tricustom8: clocks: 1, declared: 1, looping: 0, posedge: 1, negedge: 0, noedge: 0, bothedge: 0
0.0.M: clocks: 1, declared: 1, looping: 0, posedge: 1, negedge: 0, noedge: 0, bothedge: 0
0.0.M: Starting proof for property "Load_Store.p1"	[0.00 s].
0.0.M: Trace Attempt  1	[0.00 s]
0.0.M: Trace Attempt  2	[0.00 s]
0.0.M: Trace Attempt  3	[0.00 s]
0.0.D: Trace Attempt 65	[0.01 s]
0.0.M: Trace Attempt  4	[0.01 s]
0.0.Tricustom8: Starting proof for property "Load_Store.p1"	[0.00 s].
0.0.Tricustom8: Trace Attempt  1	[0.00 s]
0.0.M: Trace Attempt  5	[0.01 s]
0.0.Bcustom2: Trace Attempt 1711	[23.95 s]
0.0.Bcustom2: Stopped processing property "Load_Store.p1"	[23.99 s].
0.0.Bcustom2: Morphing to Tri
0.0.Bcustom2: All properties determined. [0.00 s]
0.0.Bcustom2: Exited with Success (@ 0.00 s)
0.0.Tri: clocks: 1, declared: 1, looping: 0, posedge: 1, negedge: 0, noedge: 0, bothedge: 0
0.0.Tri: Starting proof for property "Load_Store.p1"	[0.00 s].
0.0.Tri: Trace Attempt  1	[0.00 s]
0.0.Tri:    0.00" ---- Launching main thread ----
0.0.Tri:    0.03" ---- Launching abstraction thread ----
0.0.Tri:    0.04" ---- Launching multi-phase simplification thread ----
0.0.Tri:    0.06" ---- Launching liveness simplification thread ----
0.0.Ht: Trace Attempt 11162	[212.76 s]
0.0.Bm: Trace Attempt 10819	[212.80 s]
0.0.Tri:    0.91" Simplification phase 1 complete
0.0.Tri:    0.99" ---- Completed liveness simplification thread ----
0.0.Tri:    1.47" Simplification phase 2 complete
0.0.Ncustom1: Trace Attempt 295	[16.90 s]
0.0.Hp: Trace Attempt 2396	[213.91 s]
0.0.Tri:    1.72" Simplification phase 3 complete
   1.72" ---- Completed simplification thread ----
0.0.Tri:    1.72" ---- Restarting main thread on simplified netlist ----
0.0.Tri:    1.77" ---- Restarting abstraction thread on simplified netlist ----
0.0.M: Trace Attempt 118	[4.02 s]
0.0.Ht: Trace Attempt 11254	[216.78 s]
0.0.Bm: Trace Attempt 10916	[216.83 s]
0.0.Ncustom1: Trace Attempt 340	[20.90 s]
0.0.Hp: Trace Attempt 2425	[217.95 s]
0.0.M: Trace Attempt 162	[8.04 s]
0.0.Ht: Trace Attempt 11346	[220.79 s]
0.0.Bm: Trace Attempt 11012	[220.85 s]
0.0.Ncustom1: Trace Attempt 397	[24.96 s]
0.0.Hp: Trace Attempt 2458	[222.02 s]
0.0.D: Trace Attempt 129	[10.16 s]
0.0.M: Trace Attempt 210	[12.23 s]
0.0.Ht: Trace Attempt 11440	[224.83 s]
0.0.Bm: Trace Attempt 11107	[224.87 s]
0.0.Ncustom1: Trace Attempt 440	[29.12 s]
0.0.M: Trace Attempt 236	[16.53 s]
0.0.Ht: Trace Attempt 11532	[228.83 s]
0.0.Bm: Trace Attempt 11201	[228.88 s]
0.0.Ncustom1: Trace Attempt 451	[33.69 s]
0.0.Hp: Trace Attempt 2489	[231.19 s]
0.0.M: Trace Attempt 282	[20.60 s]
0.0.Ht: Trace Attempt 11621	[232.83 s]
0.0.Bm: Trace Attempt 11294	[232.92 s]
0.0.Ncustom1: Trace Attempt  1	[36.95 s]
0.0.Ncustom1: Trace Attempt  2	[36.95 s]
0.0.Ncustom1: Trace Attempt  3	[36.95 s]
0.0.Ncustom1: Trace Attempt  4	[36.96 s]
0.0.Ncustom1: Trace Attempt  5	[36.96 s]
0.0.Hp: Trace Attempt 2505	[235.21 s]
0.0.M: Trace Attempt 320	[24.68 s]
0.0.Ht: Trace Attempt 11711	[236.88 s]
0.0.Bm: Trace Attempt 11386	[236.94 s]
0.0.Ncustom1: Trace Attempt 144	[40.99 s]
0.0.Hp: Trace Attempt 2522	[239.39 s]
0.0.M: Trace Attempt 347	[28.78 s]
0.0.Ht: Trace Attempt 11804	[240.90 s]
0.0.Bm: Trace Attempt 11474	[240.95 s]
0.0.Ncustom1: Trace Attempt 205	[45.02 s]
0.0.Hp: Trace Attempt 2538	[243.45 s]
0.0.Ncustom1: Trace Attempt 228	[47.95 s]
0.0.Ncustom1: Stopped processing property "Load_Store.p1"	[48.00 s].
0.0.Ncustom1: Morphing to Bcustom2
0.0.Ncustom1: All properties determined. [0.00 s]
0.0.Ncustom1: Exited with Success (@ 0.00 s)
0.0.Bcustom2: clocks: 1, declared: 1, looping: 0, posedge: 1, negedge: 0, noedge: 0, bothedge: 0
0.0.Bcustom2: Starting proof for property "Load_Store.p1"	[0.00 s].
0.0.Bcustom2: Trace Attempt  1	[0.00 s]
0.0.Bcustom2: Trace Attempt  2	[0.00 s]
0.0.Bcustom2: Trace Attempt  3	[0.00 s]
0.0.Bcustom2: Trace Attempt  1	[0.00 s]
0.0.Bcustom2: Trace Attempt  2	[0.00 s]
0.0.Bcustom2: Trace Attempt  3	[0.00 s]
0.0.Bcustom2: Trace Attempt  4	[0.00 s]
0.0.Bcustom2: Trace Attempt  5	[0.00 s]
0.0.Bcustom2: Trace Attempt  1	[0.00 s]
0.0.Bcustom2: Trace Attempt  2	[0.00 s]
0.0.Bcustom2: Trace Attempt  3	[0.00 s]
0.0.Bcustom2: Trace Attempt  4	[0.00 s]
0.0.Bcustom2: Trace Attempt  5	[0.00 s]
0.0.Bcustom2: Trace Attempt  1	[0.01 s]
0.0.Bcustom2: Trace Attempt  2	[0.01 s]
0.0.Bcustom2: Trace Attempt  3	[0.01 s]
0.0.Bcustom2: Trace Attempt  4	[0.01 s]
0.0.Bcustom2: Trace Attempt  5	[0.01 s]
0.0.Bcustom2: Trace Attempt  1	[0.02 s]
0.0.Bcustom2: Trace Attempt  2	[0.02 s]
0.0.Bcustom2: Trace Attempt  3	[0.02 s]
0.0.Bcustom2: Trace Attempt  4	[0.02 s]
0.0.Bcustom2: Trace Attempt  5	[0.02 s]
0.0.D: Stopped processing property "Load_Store.p1"	[32.78 s].
0.0.D: Morphing to AMcustom5
0.0.D: All properties determined. [0.00 s]
0.0.D: Exited with Success (@ 0.00 s)
0.0.AMcustom5: clocks: 1, declared: 1, looping: 0, posedge: 1, negedge: 0, noedge: 0, bothedge: 0
0.0.AMcustom5: Starting proof for property "Load_Store.p1"	[0.00 s].
0.0.AMcustom5: Trace Attempt  1	[0.00 s]
0.0.AMcustom5: Trace Attempt  2	[0.00 s]
0.0.AMcustom5: Trace Attempt  3	[0.00 s]
0.0.Bcustom2: Trace Attempt  1	[0.04 s]
0.0.Bcustom2: Trace Attempt  2	[0.04 s]
0.0.Bcustom2: Trace Attempt  3	[0.04 s]
0.0.Bcustom2: Trace Attempt  4	[0.04 s]
0.0.Bcustom2: Trace Attempt  5	[0.04 s]
0.0.AMcustom5: Trace Attempt  1	[0.01 s]
0.0.AMcustom5: Trace Attempt  2	[0.01 s]
0.0.AMcustom5: Trace Attempt  3	[0.01 s]
0.0.AMcustom5: Trace Attempt  4	[0.01 s]
0.0.AMcustom5: Trace Attempt  5	[0.01 s]
0.0.AMcustom5: Trace Attempt  1	[0.02 s]
0.0.AMcustom5: Trace Attempt  2	[0.02 s]
0.0.AMcustom5: Trace Attempt  3	[0.02 s]
0.0.AMcustom5: Trace Attempt  4	[0.02 s]
0.0.AMcustom5: Trace Attempt  5	[0.02 s]
0.0.AMcustom5: Trace Attempt  1	[0.02 s]
0.0.AMcustom5: Trace Attempt  2	[0.02 s]
0.0.AMcustom5: Trace Attempt  3	[0.03 s]
0.0.AMcustom5: Trace Attempt  4	[0.03 s]
0.0.AMcustom5: Trace Attempt  5	[0.03 s]
0.0.Ht: Trace Attempt 11886	[244.93 s]
0.0.M: Trace Attempt 379	[32.82 s]
0.0.Bcustom2: Trace Attempt  1	[0.08 s]
0.0.Bcustom2: Trace Attempt  2	[0.08 s]
0.0.Bcustom2: Trace Attempt  3	[0.08 s]
0.0.Bcustom2: Trace Attempt  4	[0.08 s]
0.0.Bcustom2: Trace Attempt  5	[0.08 s]
0.0.Tricustom8: Stopped processing property "Load_Store.p1"	[32.83 s].
0.0.Tri: Stopped processing property "Load_Store.p1"	[32.81 s].
0.0.Tri: Morphing to AMcustom3
0.0.Tri: All properties determined. [0.00 s]
0.0.Tri: Exited with Success (@ 0.00 s)
0.0.Tricustom8: Morphing to Gcustom9
0.0.Tricustom8: All properties determined. [0.00 s]
0.0.Tricustom8: Exited with Success (@ 0.00 s)
0.0.AMcustom5: Trace Attempt  1	[0.06 s]
0.0.AMcustom3: clocks: 1, declared: 1, looping: 0, posedge: 1, negedge: 0, noedge: 0, bothedge: 0
0.0.Gcustom9: clocks: 1, declared: 1, looping: 0, posedge: 1, negedge: 0, noedge: 0, bothedge: 0
0.0.AMcustom3: Starting proof for property "Load_Store.p1"	[0.00 s].
0.0.Gcustom9: Starting proof for property "Load_Store.p1"	[0.00 s].
0.0.AMcustom5: Trace Attempt  2	[0.06 s]
0.0.AMcustom5: Trace Attempt  3	[0.06 s]
0.0.AMcustom3: Trace Attempt  1	[0.00 s]
0.0.ADcustom7: Stopped processing property "Load_Store.p1"	[60.73 s].
0.0.ADcustom7: Morphing to I
0.0.ADcustom7: All properties determined. [0.00 s]
0.0.ADcustom7: Exited with Success (@ 0.00 s)
0.0.AMcustom5: Trace Attempt  4	[0.06 s]
0.0.AMcustom5: Trace Attempt  5	[0.06 s]
0.0.I: clocks: 1, declared: 1, looping: 0, posedge: 1, negedge: 0, noedge: 0, bothedge: 0
0.0.I: Starting proof for property "Load_Store.p1"	[0.00 s].
0.0.AMcustom3: Trace Attempt  2	[0.00 s]
0.0.AMcustom5: Trace Attempt  1	[0.07 s]
0.0.AMcustom3: Trace Attempt  3	[0.01 s]
0.0.AMcustom5: Trace Attempt  2	[0.07 s]
0.0.AMcustom5: Trace Attempt  3	[0.07 s]
0.0.AMcustom3: Trace Attempt  4	[0.01 s]
0.0.AMcustom3: Trace Attempt  5	[0.01 s]
0.0.AMcustom3: Trace Attempt  1	[0.01 s]
0.0.AMcustom5: Trace Attempt  4	[0.07 s]
0.0.AMcustom5: Trace Attempt  5	[0.08 s]
0.0.AMcustom3: Trace Attempt  2	[0.02 s]
0.0.AMcustom3: Trace Attempt  3	[0.02 s]
0.0.AMcustom3: Trace Attempt  4	[0.02 s]
0.0.AMcustom5: Trace Attempt  1	[0.09 s]
0.0.AMcustom5: Trace Attempt  2	[0.09 s]
0.0.AMcustom5: Trace Attempt  3	[0.09 s]
0.0.Bm: Trace Attempt 11563	[244.98 s]
0.0.AMcustom5: Trace Attempt  4	[0.10 s]
0.0.AMcustom3: Trace Attempt  1	[0.04 s]
0.0.AMcustom3: Trace Attempt  2	[0.04 s]
0.0.AMcustom3: Trace Attempt  3	[0.04 s]
0.0.AMcustom3: Trace Attempt  4	[0.05 s]
0.0.Bcustom2: Trace Attempt  1	[0.17 s]
0.0.Bcustom2: Trace Attempt  2	[0.17 s]
0.0.Bcustom2: Trace Attempt  3	[0.17 s]
0.0.Bcustom2: Trace Attempt  4	[0.17 s]
0.0.Bcustom2: Trace Attempt  5	[0.17 s]
0.0.AMcustom5: Trace Attempt  1	[0.16 s]
0.0.AMcustom5: Trace Attempt  2	[0.16 s]
0.0.AMcustom5: Trace Attempt  3	[0.16 s]
0.0.AMcustom5: Trace Attempt  4	[0.16 s]
0.0.AMcustom5: Trace Attempt  5	[0.17 s]
0.0.AMcustom5: Trace Attempt  1	[0.17 s]
0.0.AMcustom5: Trace Attempt  2	[0.17 s]
0.0.AMcustom5: Trace Attempt  3	[0.17 s]
0.0.AMcustom5: Trace Attempt  4	[0.18 s]
0.0.AMcustom5: Trace Attempt  5	[0.18 s]
0.0.AMcustom3: Trace Attempt  1	[0.12 s]
0.0.AMcustom3: Trace Attempt  2	[0.12 s]
0.0.AMcustom3: Trace Attempt  3	[0.12 s]
0.0.AMcustom5: Trace Attempt  1	[0.19 s]
0.0.AMcustom5: Trace Attempt  2	[0.19 s]
0.0.AMcustom3: Trace Attempt  4	[0.13 s]
0.0.AMcustom5: Trace Attempt  3	[0.19 s]
0.0.AMcustom3: Trace Attempt  5	[0.13 s]
0.0.AMcustom5: Trace Attempt  5	[0.20 s]
0.0.AMcustom5: Trace Attempt  1	[0.25 s]
0.0.AMcustom5: Trace Attempt  2	[0.25 s]
0.0.AMcustom5: Trace Attempt  3	[0.25 s]
0.0.AMcustom5: Trace Attempt  5	[0.26 s]
0.0.Bcustom2: Trace Attempt  1	[0.37 s]
0.0.Bcustom2: Trace Attempt  2	[0.37 s]
0.0.Bcustom2: Trace Attempt  3	[0.37 s]
0.0.Bcustom2: Trace Attempt  4	[0.37 s]
0.0.Bcustom2: Trace Attempt  5	[0.37 s]
0.0.AMcustom3: Trace Attempt  1	[0.34 s]
0.0.AMcustom3: Trace Attempt  2	[0.34 s]
0.0.AMcustom3: Trace Attempt  3	[0.34 s]
0.0.AMcustom3: Trace Attempt  4	[0.35 s]
0.0.AMcustom5: Trace Attempt  1	[0.49 s]
0.0.AMcustom5: Trace Attempt  2	[0.49 s]
0.0.AMcustom5: Trace Attempt  3	[0.49 s]
0.0.AMcustom5: Trace Attempt  4	[0.49 s]
0.0.AMcustom5: Trace Attempt  5	[0.50 s]
0.0.AMcustom5: Trace Attempt  1	[0.50 s]
0.0.AMcustom5: Trace Attempt  2	[0.50 s]
0.0.AMcustom5: Trace Attempt  3	[0.50 s]
0.0.AMcustom5: Trace Attempt  4	[0.50 s]
0.0.AMcustom5: Trace Attempt  5	[0.51 s]
0.0.AMcustom5: Trace Attempt  1	[0.52 s]
0.0.AMcustom5: Trace Attempt  2	[0.52 s]
0.0.AMcustom5: Trace Attempt  3	[0.52 s]
0.0.AMcustom5: Trace Attempt  4	[0.53 s]
0.0.AMcustom5: Trace Attempt  5	[0.53 s]
0.0.AMcustom5: Trace Attempt  1	[0.60 s]
0.0.AMcustom5: Trace Attempt  2	[0.60 s]
0.0.AMcustom5: Trace Attempt  3	[0.60 s]
0.0.AMcustom5: Trace Attempt  4	[0.60 s]
0.0.I: Trace Attempt  1	[0.75 s]
0.0.I: Trace Attempt  2	[0.75 s]
0.0.I: Trace Attempt  3	[0.75 s]
0.0.I: Trace Attempt  5	[0.76 s]
0.0.AMcustom5: Trace Attempt  1	[0.84 s]
0.0.AMcustom5: Trace Attempt  2	[0.84 s]
0.0.AMcustom5: Trace Attempt  3	[0.84 s]
0.0.AMcustom5: Trace Attempt  4	[0.85 s]
0.0.AMcustom5: Trace Attempt  5	[0.85 s]
0.0.AMcustom3: Trace Attempt  1	[1.19 s]
0.0.AMcustom3: Trace Attempt  2	[1.19 s]
0.0.AMcustom3: Trace Attempt  3	[1.19 s]
0.0.AMcustom3: Trace Attempt  4	[1.20 s]
0.0.AMcustom3: Trace Attempt  5	[1.20 s]
0.0.AMcustom5: Trace Attempt  1	[1.72 s]
0.0.AMcustom5: Trace Attempt  2	[1.72 s]
0.0.AMcustom5: Trace Attempt  3	[1.72 s]
0.0.AMcustom5: Trace Attempt  4	[1.72 s]
0.0.AMcustom5: Trace Attempt  5	[1.72 s]
0.0.AMcustom5: Trace Attempt  1	[1.73 s]
0.0.AMcustom5: Trace Attempt  2	[1.73 s]
0.0.AMcustom5: Trace Attempt  3	[1.73 s]
0.0.AMcustom5: Trace Attempt  4	[1.73 s]
0.0.AMcustom5: Trace Attempt  5	[1.74 s]
0.0.AMcustom5: Trace Attempt  1	[1.75 s]
0.0.AMcustom5: Trace Attempt  2	[1.75 s]
0.0.AMcustom5: Trace Attempt  3	[1.75 s]
0.0.AMcustom5: Trace Attempt  5	[1.76 s]
0.0.AMcustom5: Trace Attempt  1	[1.81 s]
0.0.AMcustom5: Trace Attempt  2	[1.82 s]
0.0.AMcustom5: Trace Attempt  3	[1.82 s]
0.0.AMcustom5: Trace Attempt  4	[1.82 s]
0.0.AMcustom5: Trace Attempt  5	[1.82 s]
0.0.AMcustom5: Trace Attempt  1	[2.05 s]
0.0.AMcustom5: Trace Attempt  2	[2.05 s]
0.0.AMcustom5: Trace Attempt  3	[2.05 s]
0.0.AMcustom5: Trace Attempt  4	[2.06 s]
0.0.AMcustom5: Trace Attempt  5	[2.06 s]
0.0.Hp: Trace Attempt 2555	[247.63 s]
0.0.AMcustom5: Trace Attempt  1	[2.95 s]
0.0.AMcustom5: Trace Attempt  2	[2.95 s]
0.0.AMcustom5: Trace Attempt  3	[2.95 s]
0.0.AMcustom5: Trace Attempt  5	[2.96 s]
0.0.Ht: Trace Attempt 11970	[248.93 s]
0.0.Bm: Trace Attempt 11652	[249.02 s]
0.0.M: Trace Attempt 400	[37.06 s]
0.0.Bcustom2: Trace Attempt  1	[4.33 s]
0.0.Bcustom2: Trace Attempt  2	[4.33 s]
0.0.Bcustom2: Trace Attempt  3	[4.33 s]
0.0.Bcustom2: Trace Attempt  4	[4.33 s]
0.0.Bcustom2: Trace Attempt  5	[4.33 s]
0.0.AMcustom3: Trace Attempt  1	[4.31 s]
0.0.AMcustom3: Trace Attempt  2	[4.31 s]
0.0.AMcustom3: Trace Attempt  3	[4.31 s]
0.0.AMcustom3: Trace Attempt  4	[4.32 s]
0.0.AMcustom3: Trace Attempt  5	[4.32 s]
0.0.AMcustom5: Trace Attempt  1	[6.13 s]
0.0.AMcustom5: Trace Attempt  2	[6.13 s]
0.0.AMcustom5: Trace Attempt  3	[6.13 s]
0.0.AMcustom5: Trace Attempt  4	[6.13 s]
0.0.AMcustom5: Trace Attempt  5	[6.13 s]
0.0.AMcustom5: Trace Attempt  1	[6.14 s]
0.0.AMcustom5: Trace Attempt  2	[6.14 s]
0.0.AMcustom5: Trace Attempt  3	[6.14 s]
0.0.AMcustom5: Trace Attempt  4	[6.14 s]
0.0.AMcustom5: Trace Attempt  5	[6.15 s]
0.0.AMcustom5: Trace Attempt  1	[6.16 s]
0.0.AMcustom5: Trace Attempt  2	[6.16 s]
0.0.AMcustom5: Trace Attempt  3	[6.16 s]
0.0.AMcustom5: Trace Attempt  4	[6.17 s]
0.0.AMcustom5: Trace Attempt  1	[6.23 s]
0.0.AMcustom5: Trace Attempt  2	[6.23 s]
0.0.AMcustom5: Trace Attempt  3	[6.23 s]
0.0.AMcustom5: Trace Attempt  4	[6.24 s]
0.0.AMcustom5: Trace Attempt  1	[6.46 s]
0.0.AMcustom5: Trace Attempt  2	[6.47 s]
0.0.AMcustom5: Trace Attempt  3	[6.47 s]
0.0.AMcustom5: Trace Attempt  5	[6.47 s]
0.0.Hp: Trace Attempt 2571	[251.71 s]
0.0.AMcustom5: Trace Attempt  1	[7.39 s]
0.0.AMcustom5: Trace Attempt  2	[7.39 s]
0.0.AMcustom5: Trace Attempt  3	[7.39 s]
0.0.AMcustom5: Trace Attempt  4	[7.39 s]
0.0.AMcustom5: Trace Attempt  5	[7.40 s]
0.0.I: Trace Attempt 129	[7.68 s]
0.0.Ht: Trace Attempt 12057	[252.97 s]
0.0.Bm: Trace Attempt 11740	[253.07 s]
0.0.AMcustom3: Trace Attempt 131	[8.35 s]
0.0.M: Trace Attempt 420	[41.21 s]
0.0.AMcustom5: Trace Attempt  1	[10.73 s]
0.0.AMcustom5: Trace Attempt  2	[10.74 s]
0.0.AMcustom5: Trace Attempt  3	[10.74 s]
0.0.AMcustom5: Trace Attempt  4	[10.74 s]
0.0.AMcustom5: Trace Attempt  5	[10.74 s]
0.0.Hp: Trace Attempt 2586	[255.75 s]
0.0.Ht: Trace Attempt 12136	[257.02 s]
0.0.Bm: Trace Attempt 11826	[257.10 s]
0.0.AMcustom3: Trace Attempt 197	[12.36 s]
0.0.M: Trace Attempt 439	[45.75 s]
0.0.AMcustom5: Trace Attempt 106	[14.79 s]
0.0.Hp: Trace Attempt 2602	[259.81 s]
0.0.Ht: Trace Attempt 12218	[261.02 s]
0.0.Bm: Trace Attempt 11908	[261.11 s]
0.0.AMcustom3: Trace Attempt 254	[16.37 s]
0.0.AMcustom3: Trace Attempt  1	[16.78 s]
0.0.AMcustom3: Trace Attempt  2	[16.78 s]
0.0.AMcustom3: Trace Attempt  3	[16.78 s]
0.0.AMcustom3: Trace Attempt  4	[16.79 s]
0.0.M: Trace Attempt 448	[49.88 s]
0.0.AMcustom5: Trace Attempt 167	[18.85 s]
0.0.Hp: Trace Attempt 2618	[263.83 s]
0.0.Bcustom2: Trace Attempt  1	[19.57 s]
0.0.Bcustom2: Trace Attempt  2	[19.57 s]
0.0.Bcustom2: Trace Attempt  3	[19.57 s]
0.0.Bcustom2: Trace Attempt  4	[19.57 s]
0.0.Bcustom2: Trace Attempt  5	[19.57 s]
0.0.Ht: Trace Attempt 12301	[265.02 s]
0.0.Bm: Trace Attempt 11987	[265.14 s]
0.0.AMcustom3: Trace Attempt 143	[20.82 s]
0.0.M: Trace Attempt 468	[54.07 s]
0.0.AMcustom5: Trace Attempt 134	[22.86 s]
0.0.Hp: Trace Attempt 2635	[268.06 s]
0.0.Bcustom2: Trace Attempt 1687	[23.57 s]
0.0.Ht: Trace Attempt 12381	[269.06 s]
0.0.AMcustom5: Trace Attempt  1	[24.27 s]
0.0.AMcustom5: Trace Attempt  2	[24.27 s]
0.0.AMcustom5: Trace Attempt  3	[24.27 s]
0.0.AMcustom5: Trace Attempt  4	[24.27 s]
0.0.AMcustom5: Trace Attempt  5	[24.27 s]
0.0.AMcustom5: Trace Attempt  1	[24.27 s]
0.0.AMcustom5: Trace Attempt  2	[24.27 s]
0.0.AMcustom5: Trace Attempt  3	[24.27 s]
0.0.AMcustom5: Trace Attempt  5	[24.28 s]
0.0.Bm: Trace Attempt 12068	[269.18 s]
0.0.AMcustom5: Trace Attempt  1	[24.30 s]
0.0.AMcustom5: Trace Attempt  2	[24.30 s]
0.0.AMcustom5: Trace Attempt  3	[24.30 s]
0.0.AMcustom5: Trace Attempt  5	[24.30 s]
0.0.AMcustom5: Trace Attempt  1	[24.36 s]
0.0.AMcustom5: Trace Attempt  2	[24.36 s]
0.0.AMcustom5: Trace Attempt  3	[24.36 s]
0.0.AMcustom5: Trace Attempt  5	[24.37 s]
0.0.AMcustom5: Trace Attempt  1	[24.58 s]
0.0.AMcustom5: Trace Attempt  2	[24.59 s]
0.0.AMcustom5: Trace Attempt  3	[24.59 s]
0.0.AMcustom5: Trace Attempt  4	[24.59 s]
0.0.AMcustom3: Trace Attempt 198	[24.83 s]
0.0.AMcustom5: Trace Attempt  1	[25.26 s]
0.0.AMcustom5: Trace Attempt  2	[25.26 s]
0.0.AMcustom5: Trace Attempt  3	[25.26 s]
0.0.AMcustom5: Trace Attempt  4	[25.27 s]
0.0.M: Trace Attempt 489	[58.12 s]
0.0.Hp: Trace Attempt 2651	[272.09 s]
0.0.Ht: Trace Attempt 12463	[273.07 s]
0.0.Bm: Trace Attempt 12154	[273.20 s]
0.0.AMcustom5: Trace Attempt  1	[28.56 s]
0.0.AMcustom5: Trace Attempt  2	[28.56 s]
0.0.AMcustom5: Trace Attempt  3	[28.56 s]
0.0.AMcustom5: Trace Attempt  5	[28.57 s]
0.0.AMcustom3: Trace Attempt 240	[28.90 s]
0.0.M: Trace Attempt 511	[62.13 s]
0.0.Hp: Trace Attempt 2668	[276.33 s]
0.0.Ht: Trace Attempt 12545	[277.07 s]
0.0.Bm: Trace Attempt 12240	[277.24 s]
0.0.AMcustom5: Trace Attempt 128	[32.59 s]
0.0.AMcustom3: Trace Attempt 270	[33.03 s]
0.0.M: Trace Attempt 536	[66.19 s]
0.0.Hp: Trace Attempt 2684	[280.36 s]
0.0.Ht: Trace Attempt 12626	[281.10 s]
0.0.Bm: Trace Attempt 12325	[281.25 s]
0.0.AMcustom5: Trace Attempt 187	[36.72 s]
0.0.AMcustom3: Trace Attempt 298	[37.15 s]
0.0.M: Trace Attempt 551	[70.47 s]
0.0.Hp: Trace Attempt 2700	[284.42 s]
0.0.Ht: Trace Attempt 12710	[285.12 s]
0.0.Bm: Trace Attempt 12410	[285.29 s]
0.0.AMcustom5: Trace Attempt 216	[40.72 s]
0.0.AMcustom3: Trace Attempt 329	[41.16 s]
0.0.AMcustom5: Trace Attempt  1	[41.48 s]
0.0.AMcustom5: Trace Attempt  2	[41.48 s]
0.0.AMcustom5: Trace Attempt  3	[41.48 s]
0.0.AMcustom5: Trace Attempt  4	[41.49 s]
0.0.M: Trace Attempt 564	[74.61 s]
0.0.I: Trace Attempt 257	[42.37 s]
0.0.Hp: Trace Attempt 2716	[288.50 s]
0.0.Ht: Trace Attempt 12790	[289.14 s]
0.0.Bm: Trace Attempt 12494	[289.32 s]
0.0.AMcustom3: Trace Attempt 356	[45.27 s]
0.0.AMcustom5: Trace Attempt 136	[45.51 s]
0.0.M: Trace Attempt 583	[79.32 s]
0.0.Hp: Trace Attempt 2732	[292.54 s]
0.0.Ht: Trace Attempt 12864	[293.19 s]
0.0.Bm: Trace Attempt 12574	[293.37 s]
0.0.AMcustom3: Trace Attempt 376	[49.34 s]
0.0.AMcustom5: Trace Attempt 192	[49.53 s]
0.0.M: Trace Attempt 598	[84.05 s]
0.0.Hp: Trace Attempt 2748	[296.62 s]
0.0.Ht: Trace Attempt 12945	[297.20 s]
0.0.Bm: Trace Attempt 12655	[297.37 s]
0.0.AMcustom3: Trace Attempt 403	[53.34 s]
0.0.AMcustom5: Trace Attempt 230	[53.53 s]
0.0.Hp: Trace Attempt 2764	[300.71 s]
0.0.M: Trace Attempt 612	[88.57 s]
0.0.Ht: Trace Attempt 13021	[301.20 s]
0.0.Bm: Trace Attempt 12737	[301.42 s]
0.0.Bcustom2: Trace Attempt  1	[56.89 s]
0.0.Bcustom2: Trace Attempt  2	[56.89 s]
0.0.Bcustom2: Trace Attempt  3	[56.89 s]
0.0.Bcustom2: Trace Attempt  4	[56.89 s]
0.0.Bcustom2: Trace Attempt  5	[56.89 s]
0.0.AMcustom3: Trace Attempt 434	[57.43 s]
0.0.AMcustom5: Trace Attempt 250	[57.69 s]
0.0.M: Trace Attempt 625	[92.59 s]
0.0.Hp: Trace Attempt 2780	[304.95 s]
0.0.Ht: Trace Attempt 13097	[305.25 s]
0.0.Bm: Trace Attempt 12818	[305.45 s]
0.0.Bcustom2: Trace Attempt 1595	[60.90 s]
0.0.AMcustom3: Trace Attempt 464	[61.47 s]
0.0.AMcustom5: Trace Attempt 278	[61.69 s]
0.0.Bcustom2: Trace Attempt 1952	[63.50 s]
0.0.Bcustom2: Stopped processing property "Load_Store.p1"	[63.55 s].
0.0.Bcustom2: Morphing to Ncustom1
0.0.Bcustom2: All properties determined. [0.00 s]
0.0.Bcustom2: Exited with Success (@ 0.00 s)
0.0.Ncustom1: clocks: 1, declared: 1, looping: 0, posedge: 1, negedge: 0, noedge: 0, bothedge: 0
0.0.Ncustom1: Starting proof for property "Load_Store.p1"	[0.00 s].
0.0.AMcustom5: Trace Attempt 290	[63.44 s]
0.0.AMcustom5: Stopped processing property "Load_Store.p1"	[63.52 s].
0.0.AMcustom5: Morphing to Tricustom8
0.0.AMcustom5: All properties determined. [0.00 s]
0.0.AMcustom5: Exited with Success (@ 0.00 s)
0.0.Tricustom8: clocks: 1, declared: 1, looping: 0, posedge: 1, negedge: 0, noedge: 0, bothedge: 0
0.0.Tricustom8: Starting proof for property "Load_Store.p1"	[0.00 s].
0.0.Tricustom8: Trace Attempt  1	[0.00 s]
0.0.AMcustom3: Trace Attempt 477	[62.98 s]
0.0.AMcustom3: Stopped processing property "Load_Store.p1"	[63.48 s].
0.0.AMcustom3: Morphing to Tri
0.0.AMcustom3: All properties determined. [0.00 s]
0.0.AMcustom3: Exited with Success (@ 0.00 s)
0.0.Tri: clocks: 1, declared: 1, looping: 0, posedge: 1, negedge: 0, noedge: 0, bothedge: 0
0.0.Tri: Starting proof for property "Load_Store.p1"	[0.00 s].
0.0.Tri: Trace Attempt  1	[0.00 s]
0.0.M: Trace Attempt 637	[96.02 s]
0.0.M: Stopped processing property "Load_Store.p1"	[96.36 s].
0.0.M: Morphing to D
0.0.Ncustom1: Trace Attempt 452	[0.08 s]
0.0.M: All properties determined. [0.00 s]
0.0.M: Exited with Success (@ 0.00 s)
0.0.D: clocks: 1, declared: 1, looping: 0, posedge: 1, negedge: 0, noedge: 0, bothedge: 0
0.0.D: Starting proof for property "Load_Store.p1"	[0.00 s].
0.0.Tri:    0.00" ---- Launching main thread ----
0.0.Tri:    0.03" ---- Launching abstraction thread ----
0.0.Tri:    0.04" ---- Launching multi-phase simplification thread ----
0.0.Tri:    0.05" ---- Launching liveness simplification thread ----
0.0.Hp: Trace Attempt 2794	[309.18 s]
0.0.Ht: Trace Attempt 13166	[309.26 s]
0.0.Tri:    0.88" Simplification phase 1 complete
0.0.Tri:    0.96" ---- Completed liveness simplification thread ----
0.0.Bm: Trace Attempt 12899	[309.47 s]
0.0.Tri:    1.43" Simplification phase 2 complete
0.0.Tri:    1.67" Simplification phase 3 complete
   1.67" ---- Completed simplification thread ----
0.0.Tri:    1.67" ---- Restarting main thread on simplified netlist ----
0.0.Tri:    1.73" ---- Restarting abstraction thread on simplified netlist ----
0.0.Ncustom1: Trace Attempt  1	[2.48 s]
0.0.Ncustom1: Trace Attempt  2	[2.48 s]
0.0.Ncustom1: Trace Attempt  3	[2.48 s]
0.0.Ncustom1: Trace Attempt  4	[2.48 s]
0.0.Ncustom1: Trace Attempt  5	[2.49 s]
0.0.Ht: Trace Attempt 13243	[313.32 s]
0.0.Hp: Trace Attempt 2810	[313.43 s]
0.0.Bm: Trace Attempt 12979	[313.51 s]
0.0.Ncustom1: Trace Attempt 143	[6.51 s]
0.0.Ht: Trace Attempt 13323	[317.37 s]
0.0.Hp: Trace Attempt 2826	[317.53 s]
0.0.Bm: Trace Attempt 13058	[317.52 s]
0.0.Ncustom1: Trace Attempt 205	[10.52 s]
0.0.Ht: Trace Attempt 13400	[321.39 s]
0.0.Bm: Trace Attempt 13137	[321.56 s]
0.0.Hp: Trace Attempt 2842	[321.67 s]
0.0.Ncustom1: Trace Attempt 239	[14.61 s]
0.0.Ht: Trace Attempt 13478	[325.39 s]
0.0.Bm: Trace Attempt 13216	[325.61 s]
0.0.Hp: Trace Attempt 2858	[325.83 s]
0.0.Ncustom1: Trace Attempt 290	[18.75 s]
0.0.Ht: Trace Attempt 13552	[329.40 s]
0.0.Bm: Trace Attempt 13293	[329.62 s]
0.0.Hp: Trace Attempt 2874	[329.93 s]
0.0.Ncustom1: Trace Attempt 343	[22.77 s]
0.0.Ht: Trace Attempt 13627	[333.44 s]
0.0.Bm: Trace Attempt 13369	[333.66 s]
0.0.Hp: Trace Attempt 2890	[334.06 s]
0.0.Ncustom1: Trace Attempt 392	[26.77 s]
0.0.Ht: Trace Attempt 13703	[337.47 s]
0.0.Bm: Trace Attempt 13448	[337.67 s]
0.0.Hp: Trace Attempt 2906	[338.24 s]
0.0.Ncustom1: Trace Attempt 433	[31.04 s]
0.0.I: Trace Attempt 453	[96.07 s]
0.0.Ht: Trace Attempt 13775	[341.49 s]
0.0.Bm: Trace Attempt 13526	[341.68 s]
0.0.Hp: Trace Attempt 2922	[342.46 s]
0.0.Ncustom1: Trace Attempt  1	[34.27 s]
0.0.Ncustom1: Trace Attempt  2	[34.27 s]
0.0.Ncustom1: Trace Attempt  3	[34.28 s]
0.0.Ncustom1: Trace Attempt  4	[34.28 s]
0.0.Ncustom1: Trace Attempt  5	[34.28 s]
0.0.I: Trace Attempt  1	[97.84 s]
0.0.I: Trace Attempt  2	[97.84 s]
0.0.I: Trace Attempt  3	[97.84 s]
0.0.I: Trace Attempt  5	[97.85 s]
0.0.Ht: Trace Attempt 13850	[345.52 s]
0.0.Bm: Trace Attempt 13604	[345.72 s]
0.0.Hp: Trace Attempt 2938	[346.70 s]
0.0.Ncustom1: Trace Attempt 144	[38.31 s]
0.0.Ht: Trace Attempt 13917	[349.56 s]
0.0.Bm: Trace Attempt 13681	[349.72 s]
0.0.I: Trace Attempt 129	[104.78 s]
0.0.Ncustom1: Trace Attempt 205	[42.33 s]
0.0.Hp: Trace Attempt 2954	[350.95 s]
0.0.Ht: Trace Attempt 13991	[353.57 s]
0.0.Bm: Trace Attempt 13758	[353.75 s]
0.0.Ncustom1: Trace Attempt 239	[46.41 s]
0.0.Hp: Trace Attempt 2969	[354.99 s]
0.0.Ht: Trace Attempt 14061	[357.61 s]
0.0.Bm: Trace Attempt 13834	[357.77 s]
0.0.Hp: Trace Attempt 2984	[359.00 s]
0.0.Ncustom1: Trace Attempt 290	[50.58 s]
0.0.Ht: Trace Attempt 14130	[361.65 s]
0.0.Bm: Trace Attempt 13910	[361.78 s]
0.0.Hp: Trace Attempt 2999	[363.01 s]
0.0.Ncustom1: Trace Attempt 343	[54.59 s]
0.0.Ht: Trace Attempt 14200	[365.69 s]
0.0.Bm: Trace Attempt 13986	[365.81 s]
0.0.D: Trace Attempt 257	[58.05 s]
0.0.Hp: Trace Attempt 3014	[367.04 s]
0.0.Ncustom1: Trace Attempt 391	[58.62 s]
0.0.Ht: Trace Attempt 14269	[369.71 s]
0.0.Bm: Trace Attempt 14061	[369.84 s]
0.0.Hp: Trace Attempt 3029	[371.08 s]
0.0.Ncustom1: Trace Attempt 432	[62.70 s]
0.0.I: Trace Attempt 454	[128.02 s]
0.0.Ht: Trace Attempt 14340	[373.74 s]
0.0.Bm: Trace Attempt 14136	[373.89 s]
0.0.Ncustom1: Trace Attempt  1	[66.50 s]
0.0.Ncustom1: Trace Attempt  2	[66.50 s]
0.0.Ncustom1: Trace Attempt  3	[66.50 s]
0.0.Ncustom1: Trace Attempt  4	[66.51 s]
0.0.Ncustom1: Trace Attempt  5	[66.51 s]
0.0.I: Trace Attempt  1	[130.05 s]
0.0.I: Trace Attempt  2	[130.05 s]
0.0.I: Trace Attempt  3	[130.05 s]
0.0.I: Trace Attempt  5	[130.05 s]
0.0.Hp: Trace Attempt 3044	[375.13 s]
0.0.Ht: Trace Attempt 14408	[377.75 s]
0.0.Bm: Trace Attempt 14210	[377.91 s]
0.0.Ncustom1: Trace Attempt 143	[70.54 s]
0.0.Hp: Trace Attempt 3059	[379.19 s]
0.0.Ht: Trace Attempt 14480	[381.76 s]
0.0.Bm: Trace Attempt 14284	[381.94 s]
0.0.I: Trace Attempt 129	[136.99 s]
0.0.Ncustom1: Trace Attempt 205	[74.60 s]
0.0.Hp: Trace Attempt 3074	[383.29 s]
0.0.Ht: Trace Attempt 14549	[385.81 s]
0.0.Bm: Trace Attempt 14357	[385.98 s]
0.0.Ncustom1: Trace Attempt 238	[78.62 s]
0.0.Hp: Trace Attempt 3089	[387.40 s]
0.0.Ht: Trace Attempt 14621	[389.85 s]
0.0.Bm: Trace Attempt 14430	[390.04 s]
0.0.Ncustom1: Trace Attempt 286	[82.64 s]
0.0.Hp: Trace Attempt 3104	[391.54 s]
0.0.Ht: Trace Attempt 14689	[393.87 s]
0.0.Bm: Trace Attempt 14502	[394.06 s]
0.0.Ncustom1: Trace Attempt 339	[86.69 s]
0.0.Hp: Trace Attempt 3119	[395.65 s]
0.0.Ht: Trace Attempt 14759	[397.87 s]
0.0.Bm: Trace Attempt 14574	[398.11 s]
0.0.Ncustom1: Trace Attempt 390	[90.73 s]
0.0.Ncustom1: Requesting engine job to terminate
0.0.Tri: Requesting engine job to terminate
0.0.D: Requesting engine job to terminate
0.0.Tricustom8: Requesting engine job to terminate
0.0.I: Requesting engine job to terminate
0.0.Hp: Requesting engine job to terminate
0.0.Ht: Requesting engine job to terminate
0.0.Bm: Requesting engine job to terminate
INFO (IPF144): 0: Initiating shutdown of proof [399.29 s]
0.0.Tri: A proof was found: No trace exists. [90.76 s]
INFO (IPF057): 0.0.Tri: The property "Load_Store.p1" was proven in 90.77 s.
0.0.D: Stopped processing property "Load_Store.p1"	[90.73 s].
0.0.D: All properties determined. [90.73 s]
0.0.D: Exited with Success (@ 399.31 s)
0: ProofGrid usable level: 0
0.0.Hp: Trace Attempt 3132	[399.23 s]
0.0.Hp: All properties determined. [399.33 s]
0.0.Ht: Trace Attempt 14779	[399.20 s]
0.0.Ht: All properties determined. [399.26 s]
0.0.Ncustom1: Stopped processing property "Load_Store.p1"	[90.87 s].
0.0.Ncustom1: All properties determined. [90.87 s]
0.0.I: Stopped processing property "Load_Store.p1"	[154.33 s].
0.0.I: All properties determined. [154.33 s]
0.0.Ncustom1: Exited with Success (@ 399.37 s)
0.0.I: Exited with Success (@ 399.38 s)
0.0.Tricustom8: Stopped processing property "Load_Store.p1"	[90.88 s].
0.0.Tricustom8: All properties determined. [90.88 s]
0.0.Tricustom8: Exited with Success (@ 399.43 s)
0.0.Bm: Trace Attempt 14593	[399.18 s]
0.0.Bm: All properties determined. [399.40 s]
0.0.Tri: Stopped processing property "Load_Store.p1"	[90.97 s].
0.0.Tri: All properties determined. [90.97 s]
0.0.Tri: Exited with Success (@ 399.51 s)
0.0.Bm: Exited with Success (@ 399.52 s)
0.0.Ht: Exited with Success (@ 399.57 s)
0.0.Hp: Exited with Success (@ 399.80 s)
0.0.Gcustom9: Sending SIGKILL
0.0.Gcustom9: Stopped processing property "Load_Store.p1"	[156.28 s].
0.0.Gcustom9: Terminated by signal SIGKILL (@ 401.31 s)
0: --------------------------------------------------------------
ProofGrid Summary (utilization 99.97 %)
--------------------------------------------------------------
     engines started                               :    21
     engine jobs started                           :    12

    Average time in state (seconds)
    ------------------------------------------------------
    Engine  Pending     Running        Dead    Utilization
    ------------------------------------------------------
     Hp        0.09      399.28        0.00       99.98 %
     Ht        0.08      399.21        0.00       99.98 %
     Bm        0.08      399.21        0.00       99.98 %
    Mpcustom4        0.07        0.00        0.00        2.03 %
     Oh        0.07        0.00        0.00        2.00 %
      L        0.08        0.00        0.00        2.26 %
    Ncustom1        0.07      398.88        0.00       99.98 %
    Tri        0.09      399.04        0.00       99.98 %
      D        0.09      218.07        0.00       99.96 %
    Tricustom8        0.07      397.63        0.00       99.98 %
      I        0.10      217.97        0.00       99.95 %
    C2custom10        0.08      125.88        0.00       99.94 %
    all        0.08      246.26        0.00       99.97 %

    Total time in state (seconds)
    -----------------------------------------
            Pending     Running        Dead  
    -----------------------------------------
               0.98     2955.18        0.00

    Data read    : 12.64 MiB
    Data written : 11.89 kiB

0: All pending notifications were processed.
INFO (IPF059): 0: Completed proof on task: "<embedded>"

==============================================================
SUMMARY
==============================================================
           Properties Considered              : 2
                 assertions                   : 1
                  - proven                    : 1 (100%)
                  - bounded_proven (user)     : 0 (0%)
                  - bounded_proven (auto)     : 0 (0%)
                  - marked_proven             : 0 (0%)
                  - cex                       : 0 (0%)
                  - ar_cex                    : 0 (0%)
                  - undetermined              : 0 (0%)
                  - unknown                   : 0 (0%)
                  - error                     : 0 (0%)
                 covers                       : 1
                  - unreachable               : 0 (0%)
                  - bounded_unreachable (user): 0 (0%)
                  - covered                   : 1 (100%)
                  - ar_covered                : 0 (0%)
                  - undetermined              : 0 (0%)
                  - unknown                   : 0 (0%)
                  - error                     : 0 (0%)
determined
[<embedded>] % exit -force
[<embedded>] % INFO (IPL005): Received request to exit from the console.
INFO (IPL014): Waiting for the Tcl-thread to exit.
INFO: Waiting for proof threads to stop...
INFO: Proof threads stopped.
INFO (IPL018): The peak resident set memory use for this session was 2.843 GB.
INFO (IPL015): The Tcl-thread exited with status 0.
INFO (IPL016): Exiting the analysis session with status 0.
Finished 1_load_store_6.tcl successfully
