Jasper Apps 2024.06p002 64 bits 2024.09.02 16:28:38 UTC

Any disclosure about the Cadence Design Systems software or its use
model to any third party violates the written Non-Disclosure Agreement
between Cadence Design Systems, Inc. and the customer.

THIS SOFTWARE CONTAINS CONFIDENTIAL INFORMATION AND TRADE SECRETS OF
CADENCE DESIGN SYSTEMS, INC. USE, DISCLOSURE, OR REPRODUCTION IS
PROHIBITED WITHOUT THE PRIOR EXPRESS WRITTEN PERMISSION OF CADENCE
DESIGN SYSTEMS, INC.

Copyright (C) 2000-2024 Cadence Design Systems, Inc. All Rights
Reserved.  Unpublished -- rights reserved under the copyright laws of
the United States.

This product includes software developed by others and redistributed
according to license agreement. See doc/third_party_readme.txt for
further details.

RESTRICTED RIGHTS LEGEND

Use, duplication, or disclosure by the Government is subject to
restrictions as set forth in subparagraph (c) (1) (ii) of the Rights in
Technical Data and Computer Software clause at DFARS 252.227-7013 or
subparagraphs (c) (1) and (2) of Commercial Computer Software -- Restricted
Rights at 48 CFR 52.227-19, as applicable.


                          Cadence Design Systems, Inc.
                          2655 Seely Avenue
                          San Jose, CA 95134
                          Phone: 408.943.1234

For technical assistance visit http://support.cadence.com.

Jasper Apps Analysis Session - /users/rompel/jasper_executions/safety_liveness/jgprojects/seven_seg_14/sessionLogs/session_0

WARNING (WG017): [session]: The system's locale is "ANSI_X3.4-1968", which is not UTF-8. Non-ASCII characters might not be handled correctly.
WARNING (WG017): [jg_console]: The system's locale is "ANSI_X3.4-1968", which is not UTF-8. Non-ASCII characters might not be handled correctly.
INFO: successfully checked out license "jasper_fao".
INFO: reading configuration file "/users/rompel/.config/cadence/jasper.conf".
% analyze -sv09 ../seven_seg_14.sv
[-- (VERI-1482)] Analyzing Verilog file '/tools/cadence2425/JASPER/jasper_2024.06p002/lib/verilog/packages/std/std.sv' into library 'std'
[-- (VERI-1482)] Analyzing Verilog file '../seven_seg_14.sv'
% elaborate -bbox_mul 1000000 -bbox_div 1000000 -bbox_mod 1000000 -bbox_a 1000000
[INFO (HIER-8002)] ../seven_seg_14.sv(32): Disabling old hierarchical reference handler
[INFO (VERI-1018)] ../seven_seg_14.sv(1): compiling module 'SEVEN'
[WARN (VERI-1209)] ../seven_seg_14.sv(15): expression size 32 truncated to fit in target size 17
[INFO (VERI-8005)] ../seven_seg_14.sv(5): Unintentional sequential element inferred for cnt read before write using blocking assignment
[INFO (VERI-8005)] ../seven_seg_14.sv(6): Unintentional sequential element inferred for digit_select read before write using blocking assignment
[INFO (VERI-8005)] ../seven_seg_14.sv(1): Unintentional sequential element inferred for segment read before write using blocking assignment
[INFO (VERI-8005)] ../seven_seg_14.sv(1): Unintentional sequential element inferred for sig read before write using blocking assignment
INFO (ISW003): Top module name is "SEVEN".
INFO (INL208): Elaboration synthesis summary:
  Number of synthesized netlists          1 (0 packages)
  Single run mode                         On
  Pipeline                                On (1 pipelined netlists)
  Late hierarchical reference connection  On
  Number of analyzed Verilog modules      1 (1 synthesized)
  Number of analyzed VHDL entities        0 (0 synthesized)
INFO (INL003): Clearing all state information (assumes, stopats, and so forth).
SEVEN
[<embedded>] % reset rst
INFO (IPM031): Clearing proof results of all properties.
INFO (IRS006): Current reset condition is "rst".
[<embedded>] % clock clk
[<embedded>] % prove -all
Ncustom1: Custom engine code is hT3Ng7hPPfiYQOTDZ3qhYOwGAM51eA+J/FjkM5shLioAsqhgLR4Ft+O1BuKG6ilQ83B9tLXSl+CwjiTMAQA
Bcustom2: Custom engine code is hT3Nm7hPr1Vp3Di1Ra2USNIGL4JypRnLKLAdF6JAyuavO2JfGCiY9OZJhcAcOUnLx5xwNdhILGrAWX9s+z2WDkKwNR7tAfClBEjRFVQeq6DU54boFgEA
AMcustom3: Custom engine code is hT3Ng7hP/feYQOTDZ3qhYOwGAM51eA+J/FjkM5shLioAsqhgLR4Ft+O1BuKG6ilQ83B9tLXSmmqwm7g9AQA
Mpcustom4: Custom engine code is hT3NZbhP9fmY2AbBQnsjfOxn6c+6e6yL+/e8fZFmaQrnlgEA
INFO (IPF036): Starting proof on task: "<embedded>", 2 properties to prove with 0 already proven/unreachable
INFO (IRS029): Starting reset analysis: phase 1 of 4.
INFO (IRS030): Running reset analysis: phase 2 of 4.
INFO (IRS031): Running reset analysis: phase 3 of 4.
INFO (IRS020): Starting the reset analysis simulation with a limit of 100 iterations (phase 4 of 4).
INFO (IRS024): Reset iterations 0 to 4 analyzed.
INFO (IRS018): Reset analysis simulation executed for 3 iterations. Assigned values for 26 of 26 design flops, 0 of 0 design latches, 6 of 6 internal elements.
INFO (IRS039): Reset analysis complete.
INFO (IPF031): Settings used for proof thread 0:
    orchestration                 = on
    time_limit                    = 86400s
    per_property_time_limit       = 1s * 10 ^ scan
    engine_mode                   = auto
    proofgrid_per_engine_max_jobs = 1
    max engine jobs               = auto
    proofgrid_mode                = local
    proofgrid_restarts            = 10
0: Using multistage preprocessing
AMcustom5: Custom engine code is hT3N1rhP11/52HrFRS21ROp2LOjVTgPvT8L8BGXHgLhaIuqtT4nARFjUqrBL+7pLmaTOzBepZW/Jm8SSrHDybSQtoNiO3y43wk+dEoWlsZizu97Fih6O6lPVG/LpWP5SsUPwlGagLNa1FKEFvwVXyX7//8prySbvSxIHXr5er+z4RAEA
0: Starting reduce
Ncustom6: Custom engine code is hT3OXrhPByJp3TrFSTLhUmMH4KVtJgmTCnNDF46yMXOKY48m4LS5nE7yBzFjA7kDuwO/GhGUpEPiky3p3wmPn3dJZHxFMsafSoObRzSC+tn7sEY0WbTdZ/FV4hL3MYH/b1CIUvXSWR4wqEoVLsmMOD4xIPT4lI1LO6ZCO7PnnWQuLwetnvKlrXx6wCW/A+x+enqslg1YPobi4wEF/EvbzOvcTYdJvl2s4H2yZg2b2ofAVN5WvhWk1HoBAA
ADcustom7: Custom engine code is hT3Nv7hPv1752HrFRa2kROx2f/ECJeZB2AZsLdlO8VwmIuqtT4nIDFXclhg+O+o+DMmQCekbheGk0kK28laA9gaOFDXsQp29J3X615HY1IPHJWd6FUFvCHjO+p1k652b5JJvZlShNpGlGSXAiQe/mEAj6tEBAA
Tricustom8: Custom engine code is hT3Nu7hPt1752DvFRa0kNDiyIV97VyejwM9C/jCLJjdPvusZONHY42VYUy0Q1ZotnhcVtNc56tJ5wbxv6V2+XpdsaSlHck5vfnbYjdwj1OECy9U+7oSQ0SZE3g5ayD+Phuh4odCJTjeKa2k4elM9ldQfkAEA
Gcustom9: Custom engine code is hT3NibhPDfeYQADBZnYcglOvK9Pfd7EOeniIqP8jNsyIqInncipMGcUXqAadachREE9F2PwhBUZUNw5kHnd4JdXkamORRgEA
C2custom10: Custom engine code is hT3NirhPjfWYQADBZnYcglOvK9Pfd7EOeniIqP8jNsyIqInncgkrYMMXCYbdK0dUjZIF9d4cJ0rHoBDjwVLBKuG86XYVV00BAA
AGcustom11: Custom engine code is hT3NirhP/fmYQADBZnYcglOvK9Pfd7EOeniIqP8jNsyIqInnckcwYMMXCYbdK0dUjZIF9d4cJ0rHoBDjwVLBKuHEZnZByh0BAA
Bcustom12: Custom engine code is hT3NjrhPDfiYQADBZnYcglOvK9PfWxFtenjIyBqfrgr7if/jL/yPOuK1BAflEcW0DxNH2eDIoezN2gxlQFg81RZtiWXh7aiTAidvAQA
Ncustom13: Custom engine code is hT3NR7hPByFp3TrFSTLhUmMH4KWtJglTyV/c51BHEeZWamnJv767nE6PCak26bd3gf3XGN3rIRheufhDieCJQVISo+gNYUKhiUedBKGtsP/a18svAnlMJZudHxDFwK5ufsyoxsIyiAeSY2oi3tEuoDHr5gw42DFKAG3PqO3CEsl8Azzdt3pl5nGA1Ifv2H02eYsFzWb/nfp8PMb3F0krE/EgBcm8TD9Div8BAA
0: Finished reduce in 0s
Tricustom14: Custom engine code is hT3Nu7hP3fiYQADBZnYcglNHp9bfd7EOeniIqP/ji8sGLQu8yhsFO+wxJ+O+R0bU8g/IewXFomyos+viQnWc2xYNYmMqpo3i40O7DaZR7qfp4YqNx26KRvQ/qx0BAA
0.0.PRE: Performing Proof Simplification...
0.0.N: clocks: 1, declared: 1, looping: 0, posedge: 1, negedge: 0, noedge: 0, bothedge: 0
0.0.N: Proof Simplification Iteration 1	[0.00 s]
0.0.PRE: A trace with 1 cycles was found. [0.00 s]
INFO (IPF047): 0.0.PRE: The cover property "SEVEN.p1:precondition1" was covered in 1 cycles in 0.00 s.
0.0.N: Proof Simplification Iteration 2	[0.06 s]
0.0.PRE: A proof was found: No trace exists. [0.00 s]
INFO (IPF057): 0.0.PRE: The property ":noDeadEnd" was proven in 0.00 s.
    Use check_assumptions -show -dead_end to show this property in the property table.
0.0.PRE: A proof was found: No trace exists. [0.00 s]
INFO (IPF057): 0.0.PRE: The property ":noConflict" was proven in 0.00 s.
    Use check_assumptions -show to show this property in the property table.
INFO (IPF047): 0.0.PRE: The cover property ":live" was covered in 1 cycles in 0.00 s.
    Use check_assumptions -show -live to show this property in the property table.
0.0.PRE: Proof Simplification completed in 0.06 s
0: About to start ProofGrid in its own thread with a limit of 10000 pending notifications and a limit of 10 traces.
0: =============================== ProofGrid start ===============================
0: ProofGrid usable level: 1
0: Initial ProofGrid level: 1
0: ProofGrid is starting event handling
0.0.Hp: Proofgrid shell started at 26267@vlsi-ria84(local) jg_26192_vlsi-ria84_1
0.0.N: Proofgrid shell started at 26266@vlsi-ria84(local) jg_26192_vlsi-ria84_1
0.0.Hp: clocks: 1, declared: 1, looping: 0, posedge: 1, negedge: 0, noedge: 0, bothedge: 0
0.0.Hp: Last scan. Per property time limit: 0s
0.0.Hp: Trace Attempt  1	[0.00 s]
0.0.Hp: Trace Attempt  2	[0.00 s]
0.0.Hp: Trace Attempt  3	[0.00 s]
0.0.Hp: Trace Attempt  4	[0.00 s]
0.0.Hp: Trace Attempt  5	[0.00 s]
0.0.N: clocks: 1, declared: 1, looping: 0, posedge: 1, negedge: 0, noedge: 0, bothedge: 0
0.0.N: Last scan. Per property time limit: 0s
0.0.N: Starting proof for property "SEVEN.p1"	[0.00 s].
0.0.N: Trace Attempt  1	[0.00 s]
0.0.N: Trace Attempt  2	[0.00 s]
0.0.N: Trace Attempt  2	[0.00 s]
0.0.N: Trace Attempt  3	[0.00 s]
0.0.N: Trace Attempt  3	[0.00 s]
0.0.N: Trace Attempt  4	[0.00 s]
0.0.N: Trace Attempt  5	[0.00 s]
0.0.N: Trace Attempt  1	[0.01 s]
0.0.N: Trace Attempt  2	[0.01 s]
0.0.N: Trace Attempt  3	[0.01 s]
0.0.N: Trace Attempt  4	[0.01 s]
0.0.N: Trace Attempt  5	[0.01 s]
0.0.Ht: Proofgrid shell started at 26298@vlsi-ria84(local) jg_26192_vlsi-ria84_1
0.0.Ht: clocks: 1, declared: 1, looping: 0, posedge: 1, negedge: 0, noedge: 0, bothedge: 0
0.0.Ht: Last scan. Per property time limit: 0s
0.0.Ht: Trace Attempt  1	[0.00 s]
0.0.Ht: Trace Attempt  2	[0.00 s]
0.0.Ht: Trace Attempt  3	[0.00 s]
0.0.Ht: Trace Attempt  4	[0.00 s]
0.0.Ht: Trace Attempt  5	[0.00 s]
0.0.Bm: Proofgrid shell started at 26299@vlsi-ria84(local) jg_26192_vlsi-ria84_1
0.0.Mpcustom4: Proofgrid shell started at 26300@vlsi-ria84(local) jg_26192_vlsi-ria84_1
0.0.L: Proofgrid shell started at 26302@vlsi-ria84(local) jg_26192_vlsi-ria84_1
0.0.L: clocks: 1, declared: 1, looping: 0, posedge: 1, negedge: 0, noedge: 0, bothedge: 0
0.0.L: Using trace diversification with seed 1 (0.05)
0.0.L: Using LRU state removal heuristic
0.0.L: Ignoring liveness properties
0.0.L: All properties either determined or skipped. [0.00 s]
0.0.Bm: clocks: 1, declared: 1, looping: 0, posedge: 1, negedge: 0, noedge: 0, bothedge: 0
0.0.Bm: Ignoring liveness properties
0.0.Bm: Last scan. Per property time limit: 0s
0.0.Bm: Trace Attempt  1	[0.00 s]
0.0.L: Exited with Success (@ 0.04 s)
0.0.L: Completed, Restart ignored.
0.0.Bm: Trace Attempt  2	[0.00 s]
0.0.Bm: Trace Attempt  3	[0.00 s]
0.0.Bm: Trace Attempt  4	[0.00 s]
0.0.Bm: Trace Attempt  5	[0.00 s]
0.0.B: Proofgrid shell started at 26313@vlsi-ria84(local) jg_26192_vlsi-ria84_1
0.0.Mpcustom4: clocks: 1, declared: 1, looping: 0, posedge: 1, negedge: 0, noedge: 0, bothedge: 0
0.0.Mpcustom4: Ignoring liveness properties
0.0.Mpcustom4: All properties either determined or skipped. [0.01 s]
0.0.Mpcustom4: Exited with Success (@ 0.05 s)
0.0.Mpcustom4: Completed, Restart ignored.
0.0.B: clocks: 1, declared: 1, looping: 0, posedge: 1, negedge: 0, noedge: 0, bothedge: 0
0.0.B: Last scan. Per property time limit: 0s
0.0.B: Starting proof for property "SEVEN.p1"	[0.00 s].
0.0.B: Trace Attempt  1	[0.00 s]
0.0.B: Trace Attempt  2	[0.00 s]
0.0.B: Trace Attempt  3	[0.00 s]
0.0.B: Trace Attempt  4	[0.00 s]
0.0.B: Trace Attempt  5	[0.00 s]
0.0.AM: Proofgrid shell started at 26321@vlsi-ria84(local) jg_26192_vlsi-ria84_1
0.0.Oh: Proofgrid shell started at 26301@vlsi-ria84(local) jg_26192_vlsi-ria84_1
0.0.AM: clocks: 1, declared: 1, looping: 0, posedge: 1, negedge: 0, noedge: 0, bothedge: 0
0.0.Oh: clocks: 1, declared: 1, looping: 0, posedge: 1, negedge: 0, noedge: 0, bothedge: 0
0.0.Oh: Reached length limit (2147483647) [0.00 s]
0.0.AM: Last scan. Per property time limit: 0s
0.0.AM: Starting proof for property "SEVEN.p1"	[0.00 s].
0.0.AM: Trace Attempt  1	[0.00 s]
0.0.AM: Trace Attempt  2	[0.00 s]
0.0.AM: Trace Attempt  3	[0.00 s]
0.0.AM: Trace Attempt  4	[0.00 s]
0.0.AM: Trace Attempt  5	[0.00 s]
0.0.AM: Trace Attempt  1	[0.00 s]
0.0.AM: Trace Attempt  2	[0.00 s]
0.0.AM: Trace Attempt  3	[0.00 s]
0.0.Oh: Exited with Success (@ 0.06 s)
0.0.Oh: Completed, Restart ignored.
0.0.AM: Trace Attempt  4	[0.00 s]
0.0.AM: Trace Attempt  5	[0.00 s]
0.0.AM: Trace Attempt  1	[0.01 s]
0.0.AM: Trace Attempt  2	[0.01 s]
0.0.AM: Trace Attempt  3	[0.01 s]
0.0.AM: Trace Attempt  4	[0.01 s]
0.0.AM: Trace Attempt  5	[0.01 s]
0.0.AM: Trace Attempt  1	[0.03 s]
0.0.AM: Trace Attempt  2	[0.03 s]
0.0.AM: Trace Attempt  3	[0.03 s]
0.0.AM: Trace Attempt  4	[0.03 s]
0.0.AM: Trace Attempt  5	[0.03 s]
0.0.N: Trace Attempt  1	[0.11 s]
0.0.N: Trace Attempt  2	[0.11 s]
0.0.N: Trace Attempt  3	[0.11 s]
0.0.N: Trace Attempt  4	[0.11 s]
0.0.N: Trace Attempt  5	[0.11 s]
0.0.AM: Trace Attempt  1	[0.10 s]
0.0.AM: Trace Attempt  2	[0.10 s]
0.0.AM: Trace Attempt  3	[0.10 s]
0.0.AM: Trace Attempt  4	[0.11 s]
0.0.AM: Trace Attempt  5	[0.11 s]
0.0.AM: Trace Attempt  1	[0.41 s]
0.0.AM: Trace Attempt  2	[0.41 s]
0.0.AM: Trace Attempt  3	[0.41 s]
0.0.AM: Trace Attempt  4	[0.41 s]
0.0.AM: Trace Attempt  5	[0.41 s]
0.0.N: Trace Attempt  1	[0.53 s]
0.0.N: Trace Attempt  2	[0.53 s]
0.0.N: Trace Attempt  3	[0.53 s]
0.0.N: Trace Attempt  4	[0.53 s]
0.0.N: Trace Attempt  5	[0.53 s]
0.0.AM: Trace Attempt  1	[1.73 s]
0.0.AM: Trace Attempt  2	[1.74 s]
0.0.AM: Trace Attempt  3	[1.74 s]
0.0.AM: Trace Attempt  4	[1.74 s]
0.0.AM: Trace Attempt  5	[1.74 s]
0.0.N: Trace Attempt  1	[2.35 s]
0.0.N: Trace Attempt  2	[2.35 s]
0.0.N: Trace Attempt  3	[2.35 s]
0.0.N: Trace Attempt  4	[2.36 s]
0.0.N: Trace Attempt  5	[2.36 s]
0.0.Hp: Trace Attempt 571	[4.01 s]
0.0.Ht: Trace Attempt 1681	[4.00 s]
0.0.Bm: Trace Attempt 1660	[4.00 s]
0.0.B: Trace Attempt 1679	[4.00 s]
0.0.AM: Trace Attempt 196	[5.76 s]
0.0.N: Trace Attempt 196	[6.37 s]
0.0.Hp: Trace Attempt 801	[8.01 s]
0.0.Ht: Trace Attempt 2281	[8.01 s]
0.0.Bm: Trace Attempt 2295	[8.01 s]
0.0.B: Trace Attempt 2324	[8.00 s]
0.0.N: Trace Attempt  1	[8.29 s]
0.0.N: Trace Attempt  2	[8.29 s]
0.0.N: Trace Attempt  3	[8.29 s]
0.0.N: Trace Attempt  4	[8.29 s]
0.0.N: Trace Attempt  5	[8.29 s]
0.0.AM: Trace Attempt  1	[8.52 s]
0.0.AM: Trace Attempt  2	[8.52 s]
0.0.AM: Trace Attempt  3	[8.52 s]
0.0.AM: Trace Attempt  4	[8.53 s]
0.0.AM: Trace Attempt  5	[8.53 s]
0.0.Hp: Trace Attempt 975	[12.03 s]
0.0.Ht: Trace Attempt 2745	[12.01 s]
0.0.Bm: Trace Attempt 2788	[12.01 s]
0.0.B: Trace Attempt 2824	[12.01 s]
0.0.N: Trace Attempt 189	[12.31 s]
0.0.AM: Trace Attempt 186	[12.54 s]
0.0.N: Trace Attempt  1	[14.32 s]
0.0.N: Trace Attempt  2	[14.32 s]
0.0.N: Trace Attempt  3	[14.32 s]
0.0.N: Trace Attempt  4	[14.33 s]
0.0.N: Trace Attempt  5	[14.33 s]
0.0.Hp: Trace Attempt 1121	[16.04 s]
0.0.Ht: Trace Attempt 3151	[16.02 s]
0.0.Bm: Trace Attempt 3203	[16.02 s]
0.0.B: Trace Attempt 3239	[16.01 s]
0.0.AM: Trace Attempt 251	[16.57 s]
0.0.N: Trace Attempt 190	[18.33 s]
0.0.Hp: Trace Attempt 1252	[20.04 s]
0.0.Ht: Trace Attempt 3515	[20.02 s]
0.0.Bm: Trace Attempt 3564	[20.03 s]
0.0.B: Trace Attempt 3602	[20.02 s]
0.0.N: Trace Attempt  1	[20.33 s]
0.0.N: Trace Attempt  2	[20.33 s]
0.0.N: Trace Attempt  3	[20.33 s]
0.0.N: Trace Attempt  4	[20.33 s]
0.0.N: Trace Attempt  5	[20.33 s]
0.0.AM: Trace Attempt 295	[20.64 s]
0.0.Ht: Trace Attempt 3830	[24.03 s]
0.0.Hp: Trace Attempt 1371	[24.07 s]
0.0.Bm: Trace Attempt 3891	[24.04 s]
0.0.B: Trace Attempt 3931	[24.03 s]
0.0.N: Trace Attempt 190	[24.34 s]
0.0.AM: Trace Attempt 343	[24.74 s]
0.0.N: Trace Attempt  1	[26.33 s]
0.0.N: Trace Attempt  2	[26.33 s]
0.0.N: Trace Attempt  3	[26.33 s]
0.0.N: Trace Attempt  4	[26.33 s]
0.0.N: Trace Attempt  5	[26.33 s]
0.0.Ht: Trace Attempt 4119	[28.03 s]
0.0.B: Trace Attempt 4237	[28.03 s]
0.0.Bm: Trace Attempt 4194	[28.05 s]
0.0.Hp: Trace Attempt 1480	[28.09 s]
0.0.AM: Trace Attempt 374	[28.82 s]
0.0.N: Trace Attempt 190	[30.34 s]
0.0.Ht: Trace Attempt 4382	[32.05 s]
0.0.B: Trace Attempt 4529	[32.04 s]
0.0.Bm: Trace Attempt 4483	[32.06 s]
0.0.Hp: Trace Attempt 1581	[32.12 s]
0.0.N: Trace Attempt  1	[32.42 s]
0.0.N: Trace Attempt  2	[32.42 s]
0.0.N: Trace Attempt  3	[32.42 s]
0.0.N: Trace Attempt  4	[32.42 s]
0.0.N: Trace Attempt  5	[32.42 s]
0.0.AM: Trace Attempt 411	[32.83 s]
0.0.Ht: Trace Attempt 4643	[36.05 s]
0.0.B: Trace Attempt 4795	[36.04 s]
0.0.Bm: Trace Attempt 4748	[36.07 s]
0.0.Hp: Trace Attempt 1673	[36.12 s]
0.0.N: Trace Attempt 189	[36.43 s]
0.0.AM: Trace Attempt 450	[36.85 s]
0.0.N: Trace Attempt  1	[38.43 s]
0.0.N: Trace Attempt  2	[38.43 s]
0.0.N: Trace Attempt  3	[38.43 s]
0.0.N: Trace Attempt  4	[38.44 s]
0.0.N: Trace Attempt  5	[38.44 s]
0.0.Ht: Trace Attempt 4875	[40.06 s]
0.0.B: Trace Attempt 5039	[40.05 s]
0.0.Bm: Trace Attempt 4986	[40.07 s]
0.0.Hp: Trace Attempt 1761	[40.17 s]
0.0.AM: Trace Attempt 469	[40.88 s]
0.0.N: Trace Attempt 190	[42.46 s]
0.0.Ht: Trace Attempt 5101	[44.08 s]
0.0.Bm: Trace Attempt 5202	[44.07 s]
0.0.B: Trace Attempt 5255	[44.06 s]
0.0.Hp: Trace Attempt 1841	[44.19 s]
0.0.N: Trace Attempt  1	[44.47 s]
0.0.N: Trace Attempt  2	[44.47 s]
0.0.N: Trace Attempt  3	[44.47 s]
0.0.N: Trace Attempt  4	[44.47 s]
0.0.N: Trace Attempt  5	[44.47 s]
0.0.Ht: Trace Attempt 5276	[48.08 s]
0.0.Bm: Trace Attempt 5403	[48.08 s]
0.0.B: Trace Attempt 5456	[48.08 s]
0.0.Hp: Trace Attempt 1917	[48.20 s]
0.0.N: Trace Attempt 190	[48.47 s]
0.0.AM: Trace Attempt 512	[48.45 s]
0.0.AM: Trace Attempt  1	[50.32 s]
0.0.AM: Trace Attempt  2	[50.32 s]
0.0.AM: Trace Attempt  3	[50.32 s]
0.0.AM: Trace Attempt  4	[50.32 s]
0.0.AM: Trace Attempt  5	[50.32 s]
0.0.N: Trace Attempt  1	[50.48 s]
0.0.N: Trace Attempt  2	[50.48 s]
0.0.N: Trace Attempt  3	[50.48 s]
0.0.N: Trace Attempt  4	[50.48 s]
0.0.N: Trace Attempt  5	[50.49 s]
0.0.Ht: Trace Attempt 5486	[52.09 s]
0.0.B: Trace Attempt 5666	[52.08 s]
0.0.Bm: Trace Attempt 5613	[52.10 s]
0.0.Hp: Trace Attempt 1993	[52.22 s]
0.0.AM: Trace Attempt 171	[54.33 s]
0.0.N: Trace Attempt 191	[54.50 s]
0.0.B: Trace Attempt 5882	[56.09 s]
0.0.Bm: Trace Attempt 5829	[56.11 s]
0.0.Ht: Trace Attempt 5693	[56.12 s]
0.0.Hp: Trace Attempt 2068	[56.22 s]
0.0.N: Trace Attempt  1	[56.49 s]
0.0.N: Trace Attempt  2	[56.50 s]
0.0.N: Trace Attempt  3	[56.50 s]
0.0.N: Trace Attempt  4	[56.50 s]
0.0.N: Trace Attempt  5	[56.50 s]
0.0.AM: Trace Attempt 236	[58.36 s]
0.0.Bm: Trace Attempt 6034	[60.11 s]
0.0.B: Trace Attempt 6087	[60.10 s]
0.0.Ht: Trace Attempt 5892	[60.13 s]
0.0.Hp: Trace Attempt 2139	[60.26 s]
0.0.N: Trace Attempt 191	[60.52 s]
0.0.AM: Trace Attempt 274	[62.38 s]
0.0.N: Trace Attempt  1	[62.45 s]
0.0.N: Trace Attempt  2	[62.45 s]
0.0.N: Trace Attempt  3	[62.45 s]
0.0.N: Trace Attempt  4	[62.45 s]
0.0.N: Trace Attempt  5	[62.46 s]
0.0.B: Trace Attempt 6280	[64.11 s]
0.0.Ht: Trace Attempt 6090	[64.13 s]
0.0.Bm: Trace Attempt 6230	[64.12 s]
0.0.Hp: Trace Attempt 2209	[64.31 s]
0.0.N: Trace Attempt 191	[66.46 s]
0.0.AM: Trace Attempt 320	[66.46 s]
0.0.B: Trace Attempt 6466	[68.12 s]
0.0.Ht: Trace Attempt 6268	[68.14 s]
0.0.Bm: Trace Attempt 6417	[68.14 s]
0.0.Hp: Trace Attempt 2277	[68.31 s]
0.0.N: Trace Attempt  1	[68.61 s]
0.0.N: Trace Attempt  2	[68.61 s]
0.0.N: Trace Attempt  3	[68.61 s]
0.0.N: Trace Attempt  4	[68.62 s]
0.0.N: Trace Attempt  5	[68.62 s]
0.0.AM: Trace Attempt 352	[70.55 s]
0.0.Ht: Trace Attempt 6455	[72.14 s]
0.0.B: Trace Attempt 6645	[72.12 s]
0.0.Bm: Trace Attempt 6597	[72.16 s]
0.0.Hp: Trace Attempt 2343	[72.36 s]
0.0.N: Trace Attempt 191	[72.64 s]
0.0.N: Trace Attempt  1	[74.64 s]
0.0.N: Trace Attempt  2	[74.64 s]
0.0.N: Trace Attempt  3	[74.64 s]
0.0.N: Trace Attempt  4	[74.64 s]
0.0.N: Trace Attempt  5	[74.64 s]
0.0.AM: Trace Attempt 386	[74.69 s]
0.0.B: Trace Attempt 6817	[76.12 s]
0.0.Ht: Trace Attempt 6635	[76.15 s]
0.0.Bm: Trace Attempt 6771	[76.19 s]
0.0.Hp: Trace Attempt 2407	[76.42 s]
0.0.N: Trace Attempt 191	[78.64 s]
0.0.AM: Trace Attempt 417	[78.70 s]
0.0.B: Trace Attempt 6985	[80.12 s]
0.0.Ht: Trace Attempt 6794	[80.16 s]
0.0.Bm: Trace Attempt 6938	[80.19 s]
0.0.Hp: Trace Attempt 2469	[80.45 s]
0.0.N: Trace Attempt  1	[80.70 s]
0.0.N: Trace Attempt  2	[80.70 s]
0.0.N: Trace Attempt  3	[80.70 s]
0.0.N: Trace Attempt  4	[80.70 s]
0.0.N: Trace Attempt  5	[80.70 s]
0.0.AM: Trace Attempt 451	[82.82 s]
0.0.B: Trace Attempt 7149	[84.13 s]
0.0.Ht: Trace Attempt 6962	[84.18 s]
0.0.Bm: Trace Attempt 7103	[84.22 s]
0.0.Hp: Trace Attempt 2529	[84.48 s]
0.0.N: Trace Attempt 191	[84.71 s]
0.0.N: Trace Attempt  1	[86.65 s]
0.0.N: Trace Attempt  2	[86.65 s]
0.0.N: Trace Attempt  3	[86.65 s]
0.0.N: Trace Attempt  4	[86.65 s]
0.0.N: Trace Attempt  5	[86.65 s]
0.0.AM: Trace Attempt 468	[86.94 s]
0.0.B: Trace Attempt 7310	[88.15 s]
0.0.Ht: Trace Attempt 7128	[88.19 s]
0.0.Bm: Trace Attempt 7265	[88.23 s]
0.0.Hp: Trace Attempt 2587	[88.49 s]
0.0.N: Trace Attempt 191	[90.67 s]
0.0.AM: Trace Attempt 476	[91.09 s]
0.0.B: Trace Attempt 7469	[92.16 s]
0.0.Ht: Trace Attempt 7278	[92.20 s]
0.0.Bm: Trace Attempt 7425	[92.25 s]
0.0.Hp: Trace Attempt 2644	[92.55 s]
0.0.N: Trace Attempt  1	[92.69 s]
0.0.N: Trace Attempt  2	[92.69 s]
0.0.N: Trace Attempt  3	[92.69 s]
0.0.N: Trace Attempt  4	[92.70 s]
0.0.N: Trace Attempt  5	[92.70 s]
0.0.AM: Trace Attempt 486	[95.45 s]
0.0.B: Trace Attempt 7622	[96.17 s]
0.0.Ht: Trace Attempt 7439	[96.22 s]
0.0.Bm: Trace Attempt 7578	[96.27 s]
0.0.Hp: Trace Attempt 2700	[96.60 s]
0.0.N: Trace Attempt 191	[96.70 s]
0.0.N: Trace Attempt  1	[99.08 s]
0.0.N: Trace Attempt  2	[99.08 s]
0.0.N: Trace Attempt  3	[99.08 s]
0.0.N: Trace Attempt  4	[99.08 s]
0.0.N: Trace Attempt  5	[99.08 s]
0.0.AM: Trace Attempt 500	[99.56 s]
0.0.B: Trace Attempt 7768	[100.17 s]
0.0.Ht: Trace Attempt 7590	[100.24 s]
0.0.Bm: Trace Attempt 7725	[100.28 s]
0.0.Hp: Trace Attempt 2755	[100.66 s]
0.0.N: Trace Attempt 171	[103.14 s]
0.0.AM: Trace Attempt 516	[103.58 s]
0.0.B: Trace Attempt 7915	[104.20 s]
0.0.Ht: Trace Attempt 7737	[104.24 s]
0.0.Bm: Trace Attempt 7872	[104.30 s]
0.0.Hp: Trace Attempt 2809	[104.67 s]
0.0.N: Trace Attempt 243	[107.24 s]
0.0.AM: Trace Attempt 530	[107.62 s]
0.0.B: Trace Attempt 8057	[108.20 s]
0.0.Ht: Trace Attempt 7877	[108.25 s]
0.0.Bm: Trace Attempt 8015	[108.32 s]
0.0.Hp: Trace Attempt 2861	[108.68 s]
0.0.N: Trace Attempt 281	[111.52 s]
0.0.AM: Trace Attempt 545	[111.93 s]
0.0.B: Trace Attempt 8197	[112.22 s]
0.0.Ht: Trace Attempt 8019	[112.27 s]
0.0.Bm: Trace Attempt 8155	[112.34 s]
0.0.Hp: Trace Attempt 2912	[112.70 s]
0.0.N: Trace Attempt 325	[115.53 s]
0.0.AM: Trace Attempt 557	[116.16 s]
0.0.B: Trace Attempt 8337	[116.23 s]
0.0.Ht: Trace Attempt 8161	[116.29 s]
0.0.Bm: Trace Attempt 8295	[116.37 s]
0.0.Hp: Trace Attempt 2963	[116.78 s]
0.0.N: Trace Attempt 360	[119.60 s]
0.0.B: Trace Attempt 8475	[120.24 s]
0.0.Ht: Trace Attempt 8275	[120.31 s]
0.0.Bm: Trace Attempt 8434	[120.38 s]
0.0.AM: Trace Attempt 568	[120.43 s]
0.0.Hp: Trace Attempt 3013	[120.82 s]
0.0.N: Trace Attempt 395	[123.69 s]
0.0.B: Trace Attempt 8608	[124.24 s]
0.0.Ht: Trace Attempt 8404	[124.33 s]
0.0.Bm: Trace Attempt 8568	[124.41 s]
0.0.AM: Trace Attempt 581	[124.72 s]
0.0.Hp: Trace Attempt 3062	[124.89 s]
0.0.N: Trace Attempt 432	[127.77 s]
0.0.B: Trace Attempt 8737	[128.25 s]
0.0.Ht: Trace Attempt 8536	[128.34 s]
0.0.Bm: Trace Attempt 8698	[128.43 s]
0.0.AM: Trace Attempt 592	[128.75 s]
0.0.Hp: Trace Attempt 3108	[128.90 s]
0.0.N: Trace Attempt 456	[131.83 s]
0.0.B: Trace Attempt 8861	[132.28 s]
0.0.Ht: Trace Attempt 8667	[132.36 s]
0.0.Bm: Trace Attempt 8823	[132.44 s]
0.0.AM: Trace Attempt 603	[132.88 s]
0.0.Hp: Trace Attempt 3153	[132.96 s]
0.0.B: Trace Attempt 8984	[136.30 s]
0.0.Ht: Trace Attempt 8778	[136.39 s]
0.0.Bm: Trace Attempt 8944	[136.47 s]
0.0.Hp: Trace Attempt 3197	[137.05 s]
0.0.AM: Trace Attempt 614	[137.20 s]
0.0.N: Trace Attempt 465	[137.76 s]
0.0.N: Trace Attempt  1	[137.77 s]
0.0.N: Trace Attempt  2	[137.78 s]
0.0.N: Trace Attempt  3	[137.78 s]
0.0.N: Trace Attempt  4	[137.78 s]
0.0.N: Trace Attempt  5	[137.78 s]
0.0.B: Trace Attempt 9108	[140.31 s]
0.0.Ht: Trace Attempt 8894	[140.41 s]
0.0.Bm: Trace Attempt 9069	[140.48 s]
0.0.Hp: Trace Attempt 3242	[141.07 s]
0.0.AM: Trace Attempt 625	[141.62 s]
0.0.N: Trace Attempt 171	[141.81 s]
0.0.B: Trace Attempt 9234	[144.32 s]
0.0.Ht: Trace Attempt 9019	[144.41 s]
0.0.Bm: Trace Attempt 9195	[144.48 s]
0.0.Hp: Trace Attempt 3287	[145.07 s]
0.0.AM: Trace Attempt 634	[145.67 s]
0.0.N: Trace Attempt 243	[145.90 s]
0.0.B: Trace Attempt 9356	[148.32 s]
0.0.Ht: Trace Attempt 9142	[148.43 s]
0.0.Bm: Trace Attempt 9318	[148.50 s]
0.0.Hp: Trace Attempt 3332	[149.16 s]
0.0.AM: Trace Attempt 644	[150.07 s]
0.0.N: Trace Attempt 281	[150.16 s]
0.0.B: Trace Attempt 9477	[152.35 s]
0.0.Ht: Trace Attempt 9253	[152.47 s]
0.0.Bm: Trace Attempt 9439	[152.53 s]
0.0.Hp: Trace Attempt 3376	[153.24 s]
0.0.N: Trace Attempt 325	[154.17 s]
0.0.AM: Trace Attempt 653	[154.12 s]
0.0.B: Trace Attempt 9596	[156.37 s]
0.0.Ht: Trace Attempt 9348	[156.50 s]
0.0.Bm: Trace Attempt 9558	[156.53 s]
0.0.Hp: Trace Attempt 3419	[157.28 s]
0.0.N: Trace Attempt 360	[158.23 s]
0.0.AM: Trace Attempt 663	[158.49 s]
0.0.B: Trace Attempt 9711	[160.37 s]
0.0.Ht: Trace Attempt 9466	[160.53 s]
0.0.Bm: Trace Attempt 9673	[160.55 s]
0.0.Hp: Trace Attempt 3461	[161.29 s]
0.0.N: Trace Attempt 395	[162.33 s]
0.0.AM: Trace Attempt 673	[163.00 s]
0.0.B: Trace Attempt 9825	[164.38 s]
0.0.Ht: Trace Attempt 9578	[164.55 s]
0.0.Bm: Trace Attempt 9788	[164.58 s]
0.0.Hp: Trace Attempt 3503	[165.32 s]
0.0.N: Trace Attempt 432	[166.34 s]
0.0.AM: Trace Attempt 681	[167.32 s]
0.0.B: Trace Attempt 9936	[168.38 s]
0.0.Ht: Trace Attempt 9692	[168.56 s]
0.0.Bm: Trace Attempt 9899	[168.58 s]
0.0.Hp: Trace Attempt 3545	[169.42 s]
0.0.N: Trace Attempt 456	[170.35 s]
0.0.AM: Trace Attempt 689	[171.46 s]
0.0.B: Trace Attempt 10046	[172.40 s]
0.0.Ht: Trace Attempt 9792	[172.59 s]
0.0.Bm: Trace Attempt 10009	[172.61 s]
0.0.Hp: Trace Attempt 3586	[173.52 s]
0.0.AM: Trace Attempt 697	[175.56 s]
0.0.N: Trace Attempt 466	[175.71 s]
0.0.N: Trace Attempt  1	[175.73 s]
0.0.N: Trace Attempt  2	[175.73 s]
0.0.N: Trace Attempt  3	[175.73 s]
0.0.N: Trace Attempt  4	[175.73 s]
0.0.N: Trace Attempt  5	[175.73 s]
0.0.B: Trace Attempt 10152	[176.42 s]
0.0.Ht: Trace Attempt 9890	[176.60 s]
0.0.Bm: Trace Attempt 10115	[176.61 s]
0.0.Hp: Trace Attempt 3625	[177.57 s]
0.0.N: Trace Attempt 171	[179.76 s]
0.0.AM: Trace Attempt 707	[180.02 s]
0.0.B: Trace Attempt 10262	[180.44 s]
0.0.Ht: Trace Attempt 10004	[180.61 s]
0.0.Bm: Trace Attempt 10225	[180.64 s]
0.0.N: Trace Attempt 199	[180.90 s]
0.0.N: Stopped processing property "SEVEN.p1"	[180.95 s].
0.0.N: Morphing to Ncustom1
0.0.N: All properties determined. [0.00 s]
0.0.N: Exited with Success (@ 0.00 s)
0.0.Ncustom1: clocks: 1, declared: 1, looping: 0, posedge: 1, negedge: 0, noedge: 0, bothedge: 0
0.0.Ncustom1: Starting proof for property "SEVEN.p1"	[0.00 s].
0.0.Ncustom1: Trace Attempt 465	[0.04 s]
0.0.D: Proofgrid shell started at 26665@vlsi-ria84(local) jg_26192_vlsi-ria84_1
0.0.D: clocks: 1, declared: 1, looping: 0, posedge: 1, negedge: 0, noedge: 0, bothedge: 0
0.0.D: Last scan. Per property time limit: 0s
0.0.D: Starting proof for property "SEVEN.p1"	[0.00 s].
0.0.D: Trace Attempt  1	[0.00 s]
0.0.D: Trace Attempt  2	[0.00 s]
0.0.D: Trace Attempt  3	[0.00 s]
0.0.Tri: Proofgrid shell started at 26664@vlsi-ria84(local) jg_26192_vlsi-ria84_1
0.0.Tri: clocks: 1, declared: 1, looping: 0, posedge: 1, negedge: 0, noedge: 0, bothedge: 0
0.0.Tri: Last scan. Per property time limit: 0s
0.0.Tri: Starting proof for property "SEVEN.p1"	[0.00 s].
0.0.Tri: Trace Attempt  1	[0.00 s]
0.0.B: Trace Attempt 10273	[180.85 s]
0.0.B: Stopped processing property "SEVEN.p1"	[181.03 s].
0.0.B: Morphing to Bcustom2
0.0.B: All properties determined. [0.00 s]
0.0.B: Exited with Success (@ 0.00 s)
0.0.AM: Trace Attempt 708	[180.51 s]
0.0.AM: Stopped processing property "SEVEN.p1"	[181.03 s].
0.0.AM: Morphing to AMcustom3
0.0.Bcustom2: clocks: 1, declared: 1, looping: 0, posedge: 1, negedge: 0, noedge: 0, bothedge: 0
0.0.Bcustom2: Starting proof for property "SEVEN.p1"	[0.00 s].
0.0.Bcustom2: Trace Attempt  1	[0.00 s]
0.0.Bcustom2: Trace Attempt  2	[0.00 s]
0.0.Bcustom2: Trace Attempt  1	[0.00 s]
0.0.Bcustom2: Trace Attempt  2	[0.00 s]
0.0.Bcustom2: Trace Attempt  3	[0.00 s]
0.0.Bcustom2: Trace Attempt  4	[0.00 s]
0.0.Bcustom2: Trace Attempt  5	[0.00 s]
0.0.Bcustom2: Trace Attempt  1	[0.00 s]
0.0.Bcustom2: Trace Attempt  2	[0.00 s]
0.0.Bcustom2: Trace Attempt  3	[0.00 s]
0.0.Bcustom2: Trace Attempt  4	[0.00 s]
0.0.Bcustom2: Trace Attempt  5	[0.00 s]
0.0.Bcustom2: Trace Attempt  1	[0.00 s]
0.0.Bcustom2: Trace Attempt  2	[0.00 s]
0.0.Bcustom2: Trace Attempt  3	[0.00 s]
0.0.Bcustom2: Trace Attempt  4	[0.00 s]
0.0.Bcustom2: Trace Attempt  5	[0.00 s]
0.0.AM: All properties determined. [0.00 s]
0.0.AM: Exited with Success (@ 0.00 s)
0.0.Bcustom2: Trace Attempt  1	[0.01 s]
0.0.Bcustom2: Trace Attempt  2	[0.01 s]
0.0.Bcustom2: Trace Attempt  3	[0.01 s]
0.0.Bcustom2: Trace Attempt  4	[0.01 s]
0.0.Bcustom2: Trace Attempt  5	[0.01 s]
0.0.Bcustom2: Trace Attempt  1	[0.02 s]
0.0.Bcustom2: Trace Attempt  2	[0.02 s]
0.0.Bcustom2: Trace Attempt  3	[0.02 s]
0.0.Bcustom2: Trace Attempt  4	[0.02 s]
0.0.Bcustom2: Trace Attempt  5	[0.02 s]
0.0.AMcustom3: clocks: 1, declared: 1, looping: 0, posedge: 1, negedge: 0, noedge: 0, bothedge: 0
0.0.AMcustom3: Starting proof for property "SEVEN.p1"	[0.00 s].
0.0.AMcustom3: Trace Attempt  1	[0.00 s]
0.0.AMcustom3: Trace Attempt  2	[0.00 s]
0.0.AMcustom3: Trace Attempt  3	[0.00 s]
0.0.AMcustom3: Trace Attempt  4	[0.00 s]
0.0.AMcustom3: Trace Attempt  5	[0.00 s]
0.0.AMcustom3: Trace Attempt  1	[0.00 s]
0.0.AMcustom3: Trace Attempt  2	[0.00 s]
0.0.AMcustom3: Trace Attempt  3	[0.00 s]
0.0.AMcustom3: Trace Attempt  4	[0.00 s]
0.0.AMcustom3: Trace Attempt  5	[0.00 s]
0.0.Tri:    0.00" ---- Launching main thread ----
0.0.AMcustom3: Trace Attempt  1	[0.01 s]
0.0.AMcustom3: Trace Attempt  2	[0.01 s]
0.0.AMcustom3: Trace Attempt  3	[0.01 s]
0.0.AMcustom3: Trace Attempt  4	[0.01 s]
0.0.AMcustom3: Trace Attempt  5	[0.01 s]
0.0.Bcustom2: Trace Attempt  1	[0.04 s]
0.0.Bcustom2: Trace Attempt  2	[0.04 s]
0.0.Bcustom2: Trace Attempt  3	[0.04 s]
0.0.Bcustom2: Trace Attempt  4	[0.04 s]
0.0.Bcustom2: Trace Attempt  5	[0.04 s]
0.0.AMcustom3: Trace Attempt  1	[0.03 s]
0.0.AMcustom3: Trace Attempt  2	[0.03 s]
0.0.AMcustom3: Trace Attempt  3	[0.03 s]
0.0.AMcustom3: Trace Attempt  4	[0.04 s]
0.0.AMcustom3: Trace Attempt  5	[0.04 s]
0.0.Bcustom2: Trace Attempt  1	[0.09 s]
0.0.Bcustom2: Trace Attempt  2	[0.09 s]
0.0.Bcustom2: Trace Attempt  3	[0.09 s]
0.0.Bcustom2: Trace Attempt  4	[0.09 s]
0.0.Bcustom2: Trace Attempt  5	[0.09 s]
0.0.Tri:    0.11" ---- Launching abstraction thread ----
0.0.Tri:    0.11" ---- Launching multi-phase simplification thread ----
0.0.AMcustom3: Trace Attempt  1	[0.12 s]
0.0.AMcustom3: Trace Attempt  2	[0.12 s]
0.0.AMcustom3: Trace Attempt  3	[0.12 s]
0.0.AMcustom3: Trace Attempt  4	[0.12 s]
0.0.AMcustom3: Trace Attempt  5	[0.12 s]
0.0.Tri:    0.13" ---- Launching liveness simplification thread ----
0.0.Bcustom2: Trace Attempt  1	[0.22 s]
0.0.Bcustom2: Trace Attempt  2	[0.22 s]
0.0.Bcustom2: Trace Attempt  3	[0.22 s]
0.0.Bcustom2: Trace Attempt  4	[0.22 s]
0.0.Bcustom2: Trace Attempt  5	[0.22 s]
0.0.Hp: Trace Attempt 3663	[181.58 s]
0.0.AMcustom3: Trace Attempt  1	[0.48 s]
0.0.AMcustom3: Trace Attempt  2	[0.48 s]
0.0.AMcustom3: Trace Attempt  3	[0.48 s]
0.0.AMcustom3: Trace Attempt  4	[0.48 s]
0.0.AMcustom3: Trace Attempt  5	[0.48 s]
0.0.Bcustom2: Trace Attempt  1	[0.66 s]
0.0.Bcustom2: Trace Attempt  2	[0.66 s]
0.0.Bcustom2: Trace Attempt  3	[0.66 s]
0.0.Bcustom2: Trace Attempt  4	[0.66 s]
0.0.Bcustom2: Trace Attempt  5	[0.66 s]
0.0.Tri:    0.93" Simplification phase 1 complete
0.0.D: Trace Attempt 66	[0.94 s]
0.0.D: Stopped processing property "SEVEN.p1"	[1.01 s].
0.0.D: Morphing to M
0.0.D: All properties determined. [0.00 s]
0.0.D: Exited with Success (@ 0.00 s)
0.0.M: clocks: 1, declared: 1, looping: 0, posedge: 1, negedge: 0, noedge: 0, bothedge: 0
0.0.M: Starting proof for property "SEVEN.p1"	[0.00 s].
0.0.M: Trace Attempt  1	[0.00 s]
0.0.M: Trace Attempt  2	[0.00 s]
0.0.M: Trace Attempt  3	[0.00 s]
0.0.M: Trace Attempt  4	[0.00 s]
0.0.M: Trace Attempt  5	[0.01 s]
0.0.Ncustom1: Requesting engine job to terminate
0.0.Bcustom2: Requesting engine job to terminate
0.0.AMcustom3: Requesting engine job to terminate
0.0.Tri: Requesting engine job to terminate
0.0.M: Requesting engine job to terminate
0.0.Hp: Requesting engine job to terminate
0.0.Ht: Requesting engine job to terminate
0.0.Bm: Requesting engine job to terminate
INFO (IPF144): 0: Initiating shutdown of proof [182.10 s]
0.0.Tri: A proof was found: No trace exists. [1.03 s]
INFO (IPF057): 0.0.Tri: The property "SEVEN.p1" was proven in 1.02 s.
0.0.M: Trace Attempt 15	[0.04 s]
0.0.M: Stopped processing property "SEVEN.p1"	[0.04 s].
0.0.M: All properties determined. [0.04 s]
0.0.M: Exited with Success (@ 182.10 s)
0: ProofGrid usable level: 0
0.0.AMcustom3: Trace Attempt 61	[0.98 s]
0.0.AMcustom3: Stopped processing property "SEVEN.p1"	[0.98 s].
0.0.AMcustom3: All properties determined. [0.99 s]
0.0.AMcustom3: Exited with Success (@ 182.10 s)
0.0.Ncustom1: Stopped processing property "SEVEN.p1"	[1.14 s].
0.0.Ncustom1: All properties determined. [1.15 s]
0.0.Bcustom2: Trace Attempt 573	[1.01 s]
0.0.Bcustom2: Stopped processing property "SEVEN.p1"	[1.00 s].
0.0.Bcustom2: All properties determined. [1.02 s]
0.0.Ncustom1: Exited with Success (@ 182.11 s)
0.0.Ht: Trace Attempt 10041	[182.04 s]
0.0.Ht: All properties determined. [182.08 s]
0.0.Hp: Trace Attempt 3667	[182.01 s]
0.0.Hp: All properties determined. [182.11 s]
0.0.Bcustom2: Exited with Success (@ 182.13 s)
0.0.AMcustom5: Proofgrid shell started at 26745@vlsi-ria84(local) jg_26192_vlsi-ria84_1
0.0.AMcustom5: Requesting engine job to terminate
0.0.AMcustom5: Preventing job from starting because proof is shutting down.
0.0.AMcustom5: Requesting engine job to terminate
0.0.AMcustom5: Interrupted. [0.00 s]
0.0.AMcustom5: Exited with Success (@ 182.14 s)
0.0.Bm: Trace Attempt 10260	[182.03 s]
0.0.Bm: All properties determined. [182.15 s]
0.0.Bm: Exited with Success (@ 182.21 s)
0.0.Ht: Exited with Success (@ 182.23 s)
0.0.Tri: Stopped processing property "SEVEN.p1"	[1.22 s].
0.0.Tri: All properties determined. [1.23 s]
0.0.Tri: Exited with Success (@ 182.30 s)
0.0.Hp: Exited with Success (@ 182.33 s)
0: --------------------------------------------------------------
ProofGrid Summary (utilization 99.94 %)
--------------------------------------------------------------
     engines started                               :    16
     engine jobs started                           :    12

    Average time in state (seconds)
    ------------------------------------------------------
    Engine  Pending     Running        Dead    Utilization
    ------------------------------------------------------
     Hp        0.03      182.10        0.00       99.98 %
     Ht        0.03      182.07        0.00       99.98 %
     Bm        0.04      182.06        0.00       99.98 %
    Mpcustom4        0.04        0.01        0.00       26.66 %
     Oh        0.06        0.00        0.00        6.37 %
      L        0.03        0.00        0.00        2.03 %
    Ncustom1        0.03      182.07        0.00       99.98 %
    Bcustom2        0.03      181.89        0.00       99.98 %
    AMcustom3        0.05      181.87        0.00       99.97 %
    Tri        0.10        1.04        0.00       90.90 %
      M        0.08        1.05        0.00       93.06 %
    AMcustom5        0.09        0.00        0.00        0.00 %
    all        0.05       91.18        0.00       99.94 %

    Total time in state (seconds)
    -----------------------------------------
            Pending     Running        Dead  
    -----------------------------------------
               0.62     1094.16        0.00

    Data read    : 6.93 MiB
    Data written : 4.42 kiB

0: All pending notifications were processed.
INFO (IPF059): 0: Completed proof on task: "<embedded>"

==============================================================
SUMMARY
==============================================================
           Properties Considered              : 2
                 assertions                   : 1
                  - proven                    : 1 (100%)
                  - bounded_proven (user)     : 0 (0%)
                  - bounded_proven (auto)     : 0 (0%)
                  - marked_proven             : 0 (0%)
                  - cex                       : 0 (0%)
                  - ar_cex                    : 0 (0%)
                  - undetermined              : 0 (0%)
                  - unknown                   : 0 (0%)
                  - error                     : 0 (0%)
                 covers                       : 1
                  - unreachable               : 0 (0%)
                  - bounded_unreachable (user): 0 (0%)
                  - covered                   : 1 (100%)
                  - ar_covered                : 0 (0%)
                  - undetermined              : 0 (0%)
                  - unknown                   : 0 (0%)
                  - error                     : 0 (0%)
determined
[<embedded>] % exit -force
[<embedded>] % INFO (IPL005): Received request to exit from the console.
INFO (IPL014): Waiting for the Tcl-thread to exit.
INFO: Waiting for proof threads to stop...
INFO: Proof threads stopped.
INFO (IPL018): The peak resident set memory use for this session was 2.242 GB.
INFO (IPL015): The Tcl-thread exited with status 0.
INFO (IPL016): Exiting the analysis session with status 0.
Finished seven_seg_14.tcl successfully
