Jasper Apps 2024.06p002 64 bits 2024.09.02 16:28:38 UTC

Any disclosure about the Cadence Design Systems software or its use
model to any third party violates the written Non-Disclosure Agreement
between Cadence Design Systems, Inc. and the customer.

THIS SOFTWARE CONTAINS CONFIDENTIAL INFORMATION AND TRADE SECRETS OF
CADENCE DESIGN SYSTEMS, INC. USE, DISCLOSURE, OR REPRODUCTION IS
PROHIBITED WITHOUT THE PRIOR EXPRESS WRITTEN PERMISSION OF CADENCE
DESIGN SYSTEMS, INC.

Copyright (C) 2000-2024 Cadence Design Systems, Inc. All Rights
Reserved.  Unpublished -- rights reserved under the copyright laws of
the United States.

This product includes software developed by others and redistributed
according to license agreement. See doc/third_party_readme.txt for
further details.

RESTRICTED RIGHTS LEGEND

Use, duplication, or disclosure by the Government is subject to
restrictions as set forth in subparagraph (c) (1) (ii) of the Rights in
Technical Data and Computer Software clause at DFARS 252.227-7013 or
subparagraphs (c) (1) and (2) of Commercial Computer Software -- Restricted
Rights at 48 CFR 52.227-19, as applicable.


                          Cadence Design Systems, Inc.
                          2655 Seely Avenue
                          San Jose, CA 95134
                          Phone: 408.943.1234

For technical assistance visit http://support.cadence.com.

Jasper Apps Analysis Session - /users/rompel/jasper_executions/safety_liveness/jgprojects/vga_6/sessionLogs/session_0

WARNING (WG017): [session]: The system's locale is "ANSI_X3.4-1968", which is not UTF-8. Non-ASCII characters might not be handled correctly.
WARNING (WG017): [jg_console]: The system's locale is "ANSI_X3.4-1968", which is not UTF-8. Non-ASCII characters might not be handled correctly.
INFO: successfully checked out license "jasper_fao".
INFO: reading configuration file "/users/rompel/.config/cadence/jasper.conf".
% analyze -sv09 ../vga_6.sv
[-- (VERI-1482)] Analyzing Verilog file '/tools/cadence2425/JASPER/jasper_2024.06p002/lib/verilog/packages/std/std.sv' into library 'std'
[-- (VERI-1482)] Analyzing Verilog file '../vga_6.sv'
% elaborate -bbox_mul 1000000 -bbox_div 1000000 -bbox_mod 1000000 -bbox_a 1000000
[INFO (HIER-8002)] ../vga_6.sv(64): Disabling old hierarchical reference handler
[INFO (VERI-1018)] ../vga_6.sv(1): compiling module 'VGA'
[WARN (VERI-1209)] ../vga_6.sv(33): expression size 32 truncated to fit in target size 9
[WARN (VERI-1209)] ../vga_6.sv(37): expression size 32 truncated to fit in target size 8
[INFO (VERI-8005)] ../vga_6.sv(17): Unintentional sequential element inferred for h_cnt read before write using blocking assignment
[INFO (VERI-8005)] ../vga_6.sv(18): Unintentional sequential element inferred for v_cnt read before write using blocking assignment
[INFO (VERI-8005)] ../vga_6.sv(19): Unintentional sequential element inferred for h_sync read before write using blocking assignment
[INFO (VERI-8005)] ../vga_6.sv(20): Unintentional sequential element inferred for v_sync read before write using blocking assignment
[INFO (VERI-8005)] ../vga_6.sv(1): Unintentional sequential element inferred for disp_ena read before write using blocking assignment
[INFO (VERI-8005)] ../vga_6.sv(1): Unintentional sequential element inferred for col read before write using blocking assignment
[INFO (VERI-8005)] ../vga_6.sv(1): Unintentional sequential element inferred for row read before write using blocking assignment
INFO (ISW003): Top module name is "VGA".
INFO (INL208): Elaboration synthesis summary:
  Number of synthesized netlists          1 (0 packages)
  Single run mode                         On
  Pipeline                                On (1 pipelined netlists)
  Late hierarchical reference connection  On
  Number of analyzed Verilog modules      1 (1 synthesized)
  Number of analyzed VHDL entities        0 (0 synthesized)
INFO (INL003): Clearing all state information (assumes, stopats, and so forth).
VGA
[<embedded>] % reset rst
INFO (IPM031): Clearing proof results of all properties.
INFO (IRS006): Current reset condition is "rst".
[<embedded>] % clock clk
[<embedded>] % prove -all
Ncustom1: Custom engine code is hT3Ng7hPPfiYQOTDZ3qhYOwGAM51eA+J/FjkM5shLioAsqhgLR4Ft+O1BuKG6ilQ83B9tLXSl+CwjiTMAQA
Bcustom2: Custom engine code is hT3Nm7hPr1Vp3Di1Ra2USNIGL4JypRnLKLAdF6JAyuavO2JfGCiY9OZJhcAcOUnLx5xwNdhILGrAWX9s+z2WDkKwNR7tAfClBEjRFVQeq6DU54boFgEA
AMcustom3: Custom engine code is hT3Ng7hP/feYQOTDZ3qhYOwGAM51eA+J/FjkM5shLioAsqhgLR4Ft+O1BuKG6ilQ83B9tLXSmmqwm7g9AQA
Mpcustom4: Custom engine code is hT3NZbhP9fmY2AbBQnsjfOxn6c+6e6yL+/e8fZFmaQrnlgEA
INFO (IPF036): Starting proof on task: "<embedded>", 1 properties to prove with 0 already proven/unreachable
INFO (IRS029): Starting reset analysis: phase 1 of 4.
INFO (IRS030): Running reset analysis: phase 2 of 4.
INFO (IRS031): Running reset analysis: phase 3 of 4.
INFO (IRS020): Starting the reset analysis simulation with a limit of 100 iterations (phase 4 of 4).
INFO (IRS024): Reset iterations 0 to 4 analyzed.
INFO (IRS018): Reset analysis simulation executed for 3 iterations. Assigned values for 35 of 37 design flops, 0 of 0 design latches, 3 of 3 internal elements.
INFO (IRS039): Reset analysis complete.
INFO (IPF031): Settings used for proof thread 0:
    orchestration                 = on
    time_limit                    = 86400s
    per_property_time_limit       = 1s * 10 ^ scan
    engine_mode                   = auto
    proofgrid_per_engine_max_jobs = 1
    max engine jobs               = auto
    proofgrid_mode                = local
    proofgrid_restarts            = 10
AMcustom5: Custom engine code is hT3N1rhP11/52HrFRS21ROp2LOjVTgPvT8L8BGXHgLhaIuqtT4nARFjUqrBL+7pLmaTOzBepZW/Jm8SSrHDybSQtoNiO3y43wk+dEoWlsZizu97Fih6O6lPVG/LpWP5SsUPwlGagLNa1FKEFvwVXyX7//8prySbvSxIHXr5er+z4RAEA
0: Using multistage preprocessing
0: Starting reduce
Ncustom6: Custom engine code is hT3OXrhPByJp3TrFSTLhUmMH4KVtJgmTCnNDF46yMXOKY48m4LS5nE7yBzFjA7kDuwO/GhGUpEPiky3p3wmPn3dJZHxFMsafSoObRzSC+tn7sEY0WbTdZ/FV4hL3MYH/b1CIUvXSWR4wqEoVLsmMOD4xIPT4lI1LO6ZCO7PnnWQuLwetnvKlrXx6wCW/A+x+enqslg1YPobi4wEF/EvbzOvcTYdJvl2s4H2yZg2b2ofAVN5WvhWk1HoBAA
ADcustom7: Custom engine code is hT3Nv7hPv1752HrFRa2kROx2f/ECJeZB2AZsLdlO8VwmIuqtT4nIDFXclhg+O+o+DMmQCekbheGk0kK28laA9gaOFDXsQp29J3X615HY1IPHJWd6FUFvCHjO+p1k652b5JJvZlShNpGlGSXAiQe/mEAj6tEBAA
Tricustom8: Custom engine code is hT3Nu7hPt1752DvFRa0kNDiyIV97VyejwM9C/jCLJjdPvusZONHY42VYUy0Q1ZotnhcVtNc56tJ5wbxv6V2+XpdsaSlHck5vfnbYjdwj1OECy9U+7oSQ0SZE3g5ayD+Phuh4odCJTjeKa2k4elM9ldQfkAEA
Gcustom9: Custom engine code is hT3NibhPDfeYQADBZnYcglOvK9Pfd7EOeniIqP8jNsyIqInncipMGcUXqAadachREE9F2PwhBUZUNw5kHnd4JdXkamORRgEA
C2custom10: Custom engine code is hT3NirhPjfWYQADBZnYcglOvK9Pfd7EOeniIqP8jNsyIqInncgkrYMMXCYbdK0dUjZIF9d4cJ0rHoBDjwVLBKuG86XYVV00BAA
AGcustom11: Custom engine code is hT3NirhP/fmYQADBZnYcglOvK9Pfd7EOeniIqP8jNsyIqInnckcwYMMXCYbdK0dUjZIF9d4cJ0rHoBDjwVLBKuHEZnZByh0BAA
Bcustom12: Custom engine code is hT3NjrhPDfiYQADBZnYcglOvK9PfWxFtenjIyBqfrgr7if/jL/yPOuK1BAflEcW0DxNH2eDIoezN2gxlQFg81RZtiWXh7aiTAidvAQA
Ncustom13: Custom engine code is hT3NR7hPByFp3TrFSTLhUmMH4KWtJglTyV/c51BHEeZWamnJv767nE6PCak26bd3gf3XGN3rIRheufhDieCJQVISo+gNYUKhiUedBKGtsP/a18svAnlMJZudHxDFwK5ufsyoxsIyiAeSY2oi3tEuoDHr5gw42DFKAG3PqO3CEsl8Azzdt3pl5nGA1Ifv2H02eYsFzWb/nfp8PMb3F0krE/EgBcm8TD9Div8BAA
0: Finished reduce in 0s
Tricustom14: Custom engine code is hT3Nu7hP3fiYQADBZnYcglNHp9bfd7EOeniIqP/ji8sGLQu8yhsFO+wxJ+O+R0bU8g/IewXFomyos+viQnWc2xYNYmMqpo3i40O7DaZR7qfp4YqNx26KRvQ/qx0BAA
0.0.PRE: Performing Proof Simplification...
0.0.N: clocks: 1, declared: 1, looping: 0, posedge: 1, negedge: 0, noedge: 0, bothedge: 0
0.0.N: Proof Simplification Iteration 1	[0.00 s]
0.0.PRE: A proof was found: No trace exists. [0.00 s]
INFO (IPF057): 0.0.PRE: The property ":noDeadEnd" was proven in 0.00 s.
    Use check_assumptions -show -dead_end to show this property in the property table.
0.0.PRE: A proof was found: No trace exists. [0.00 s]
INFO (IPF057): 0.0.PRE: The property ":noConflict" was proven in 0.00 s.
    Use check_assumptions -show to show this property in the property table.
INFO (IPF047): 0.0.PRE: The cover property ":live" was covered in 1 cycles in 0.00 s.
    Use check_assumptions -show -live to show this property in the property table.
0.0.PRE: Proof Simplification completed in 0.00 s
0: About to start ProofGrid in its own thread with a limit of 10000 pending notifications and a limit of 10 traces.
0: =============================== ProofGrid start ===============================
0: ProofGrid usable level: 1
0: Initial ProofGrid level: 1
0: ProofGrid is starting event handling
0.0.Hp: Proofgrid shell started at 14973@vlsi-ria84(local) jg_14907_vlsi-ria84_1
0.0.N: Proofgrid shell started at 14972@vlsi-ria84(local) jg_14907_vlsi-ria84_1
0.0.Hp: clocks: 1, declared: 1, looping: 0, posedge: 1, negedge: 0, noedge: 0, bothedge: 0
0.0.Hp: Last scan. Per property time limit: 0s
0.0.N: clocks: 1, declared: 1, looping: 0, posedge: 1, negedge: 0, noedge: 0, bothedge: 0
0.0.N: Last scan. Per property time limit: 0s
0.0.N: Starting proof for property "VGA.p1"	[0.00 s].
0.0.N: Trace Attempt  1	[0.00 s]
0.0.Hp: Trace Attempt  1	[0.00 s]
0.0.N: Trace Attempt  2	[0.00 s]
0.0.Hp: Trace Attempt  2	[0.00 s]
0.0.N: Trace Attempt  2	[0.00 s]
0.0.N: Trace Attempt  3	[0.00 s]
0.0.Hp: Trace Attempt  3	[0.00 s]
0.0.N: Trace Attempt  4	[0.00 s]
0.0.Hp: Trace Attempt  4	[0.00 s]
0.0.Hp: Trace Attempt  5	[0.00 s]
0.0.N: Trace Attempt  4	[0.00 s]
0.0.N: Trace Attempt  5	[0.00 s]
0.0.N: Trace Attempt  1	[0.01 s]
0.0.N: Trace Attempt  2	[0.01 s]
0.0.N: Trace Attempt  3	[0.01 s]
0.0.N: Trace Attempt  4	[0.01 s]
0.0.N: Trace Attempt  5	[0.01 s]
0.0.Ht: Proofgrid shell started at 15004@vlsi-ria84(local) jg_14907_vlsi-ria84_1
0.0.Oh: Proofgrid shell started at 15005@vlsi-ria84(local) jg_14907_vlsi-ria84_1
0.0.B: Proofgrid shell started at 15006@vlsi-ria84(local) jg_14907_vlsi-ria84_1
0.0.AM: Proofgrid shell started at 15007@vlsi-ria84(local) jg_14907_vlsi-ria84_1
0.0.AM: clocks: 1, declared: 1, looping: 0, posedge: 1, negedge: 0, noedge: 0, bothedge: 0
0.0.B: clocks: 1, declared: 1, looping: 0, posedge: 1, negedge: 0, noedge: 0, bothedge: 0
0.0.AM: Last scan. Per property time limit: 0s
0.0.AM: Starting proof for property "VGA.p1"	[0.00 s].
0.0.B: Last scan. Per property time limit: 0s
0.0.B: Starting proof for property "VGA.p1"	[0.00 s].
0.0.B: Trace Attempt  1	[0.00 s]
0.0.B: Trace Attempt  2	[0.00 s]
0.0.AM: Trace Attempt  1	[0.00 s]
0.0.B: Trace Attempt  3	[0.00 s]
0.0.B: Trace Attempt  4	[0.00 s]
0.0.AM: Trace Attempt  2	[0.00 s]
0.0.B: Trace Attempt  5	[0.00 s]
0.0.AM: Trace Attempt  3	[0.00 s]
0.0.Ht: clocks: 1, declared: 1, looping: 0, posedge: 1, negedge: 0, noedge: 0, bothedge: 0
0.0.Ht: Last scan. Per property time limit: 0s
0.0.AM: Trace Attempt  4	[0.00 s]
0.0.AM: Trace Attempt  5	[0.00 s]
0.0.AM: Trace Attempt  1	[0.00 s]
0.0.AM: Trace Attempt  2	[0.00 s]
0.0.AM: Trace Attempt  3	[0.00 s]
0.0.AM: Trace Attempt  4	[0.00 s]
0.0.Ht: Trace Attempt  1	[0.00 s]
0.0.Ht: Trace Attempt  2	[0.00 s]
0.0.Ht: Trace Attempt  3	[0.00 s]
0.0.Ht: Trace Attempt  4	[0.00 s]
0.0.Ht: Trace Attempt  5	[0.00 s]
0.0.Oh: clocks: 1, declared: 1, looping: 0, posedge: 1, negedge: 0, noedge: 0, bothedge: 0
0.0.Oh: Reached length limit (2147483647) [0.01 s]
0.0.Oh: Exited with Success (@ 0.04 s)
0.0.Oh: Completed, Restart ignored.
0.0.AM: Trace Attempt  1	[0.01 s]
0.0.AM: Trace Attempt  2	[0.01 s]
0.0.AM: Trace Attempt  3	[0.01 s]
0.0.AM: Trace Attempt  4	[0.01 s]
0.0.N: Trace Attempt  1	[0.09 s]
0.0.N: Trace Attempt  2	[0.09 s]
0.0.N: Trace Attempt  3	[0.09 s]
0.0.N: Trace Attempt  4	[0.09 s]
0.0.N: Trace Attempt  5	[0.09 s]
0.0.AM: Trace Attempt  1	[0.08 s]
0.0.AM: Trace Attempt  2	[0.09 s]
0.0.AM: Trace Attempt  3	[0.09 s]
0.0.AM: Trace Attempt  4	[0.09 s]
0.0.N: Trace Attempt  1	[0.28 s]
0.0.N: Trace Attempt  2	[0.28 s]
0.0.N: Trace Attempt  3	[0.28 s]
0.0.N: Trace Attempt  4	[0.28 s]
0.0.N: Trace Attempt  5	[0.28 s]
0.0.AM: Trace Attempt  1	[0.57 s]
0.0.AM: Trace Attempt  2	[0.57 s]
0.0.AM: Trace Attempt  3	[0.57 s]
0.0.AM: Trace Attempt  4	[0.57 s]
0.0.N: Trace Attempt  1	[0.64 s]
0.0.N: Trace Attempt  2	[0.64 s]
0.0.N: Trace Attempt  3	[0.64 s]
0.0.N: Trace Attempt  4	[0.64 s]
0.0.N: Trace Attempt  5	[0.64 s]
0.0.N: Trace Attempt  1	[1.00 s]
0.0.N: Trace Attempt  2	[1.00 s]
0.0.N: Trace Attempt  3	[1.00 s]
0.0.N: Trace Attempt  4	[1.00 s]
0.0.N: Trace Attempt  5	[1.00 s]
0.0.N: Trace Attempt  1	[1.36 s]
0.0.N: Trace Attempt  2	[1.36 s]
0.0.N: Trace Attempt  3	[1.36 s]
0.0.N: Trace Attempt  4	[1.36 s]
0.0.N: Trace Attempt  5	[1.36 s]
0.0.N: Trace Attempt  1	[1.75 s]
0.0.N: Trace Attempt  2	[1.75 s]
0.0.N: Trace Attempt  3	[1.75 s]
0.0.N: Trace Attempt  4	[1.75 s]
0.0.N: Trace Attempt  5	[1.76 s]
0.0.N: Trace Attempt  1	[2.60 s]
0.0.N: Trace Attempt  2	[2.60 s]
0.0.N: Trace Attempt  3	[2.60 s]
0.0.N: Trace Attempt  4	[2.61 s]
0.0.N: Trace Attempt  5	[2.61 s]
0.0.N: Trace Attempt  1	[3.46 s]
0.0.N: Trace Attempt  2	[3.46 s]
0.0.N: Trace Attempt  3	[3.46 s]
0.0.N: Trace Attempt  4	[3.46 s]
0.0.N: Trace Attempt  5	[3.46 s]
0.0.Hp: Trace Attempt 357	[4.01 s]
0.0.B: Trace Attempt 1933	[4.00 s]
0.0.Ht: Trace Attempt 1891	[4.00 s]
0.0.N: Trace Attempt  1	[4.31 s]
0.0.N: Trace Attempt  2	[4.31 s]
0.0.N: Trace Attempt  3	[4.31 s]
0.0.N: Trace Attempt  4	[4.31 s]
0.0.N: Trace Attempt  5	[4.31 s]
0.0.AM: Trace Attempt 238	[4.57 s]
0.0.AM: Trace Attempt  1	[4.95 s]
0.0.AM: Trace Attempt  2	[4.95 s]
0.0.AM: Trace Attempt  3	[4.95 s]
0.0.AM: Trace Attempt  4	[4.95 s]
0.0.N: Trace Attempt  1	[5.18 s]
0.0.N: Trace Attempt  2	[5.18 s]
0.0.N: Trace Attempt  3	[5.18 s]
0.0.N: Trace Attempt  4	[5.18 s]
0.0.N: Trace Attempt  5	[5.19 s]
0.0.N: Trace Attempt  1	[6.44 s]
0.0.N: Trace Attempt  2	[6.44 s]
0.0.N: Trace Attempt  3	[6.44 s]
0.0.N: Trace Attempt  4	[6.44 s]
0.0.N: Trace Attempt  5	[6.44 s]
0.0.N: Trace Attempt  1	[7.69 s]
0.0.N: Trace Attempt  2	[7.70 s]
0.0.N: Trace Attempt  3	[7.70 s]
0.0.N: Trace Attempt  4	[7.70 s]
0.0.N: Trace Attempt  5	[7.70 s]
0.0.B: Trace Attempt 2686	[8.00 s]
0.0.Ht: Trace Attempt 2557	[8.00 s]
0.0.Hp: Trace Attempt 496	[8.04 s]
0.0.N: Trace Attempt  1	[8.95 s]
0.0.N: Trace Attempt  2	[8.95 s]
0.0.N: Trace Attempt  3	[8.95 s]
0.0.N: Trace Attempt  4	[8.96 s]
0.0.N: Trace Attempt  5	[8.96 s]
0.0.AM: Trace Attempt 274	[9.01 s]
0.0.N: Trace Attempt  1	[10.24 s]
0.0.N: Trace Attempt  2	[10.24 s]
0.0.N: Trace Attempt  3	[10.24 s]
0.0.N: Trace Attempt  4	[10.24 s]
0.0.N: Trace Attempt  5	[10.24 s]
0.0.AM: Trace Attempt  1	[10.35 s]
0.0.AM: Trace Attempt  2	[10.35 s]
0.0.AM: Trace Attempt  3	[10.35 s]
0.0.AM: Trace Attempt  4	[10.35 s]
0.0.AM: Trace Attempt  5	[10.36 s]
0.0.N: Trace Attempt  1	[11.50 s]
0.0.N: Trace Attempt  2	[11.50 s]
0.0.N: Trace Attempt  3	[11.50 s]
0.0.N: Trace Attempt  4	[11.50 s]
0.0.N: Trace Attempt  5	[11.50 s]
0.0.Ht: Trace Attempt 3100	[12.00 s]
0.0.B: Trace Attempt 3260	[12.01 s]
0.0.Hp: Trace Attempt 608	[12.06 s]
0.0.N: Trace Attempt  1	[12.76 s]
0.0.N: Trace Attempt  2	[12.76 s]
0.0.N: Trace Attempt  3	[12.76 s]
0.0.N: Trace Attempt  4	[12.76 s]
0.0.N: Trace Attempt  5	[12.76 s]
0.0.N: Trace Attempt  1	[14.01 s]
0.0.N: Trace Attempt  2	[14.01 s]
0.0.N: Trace Attempt  3	[14.01 s]
0.0.N: Trace Attempt  4	[14.01 s]
0.0.N: Trace Attempt  5	[14.02 s]
0.0.AM: Trace Attempt 312	[14.47 s]
0.0.N: Trace Attempt  1	[15.30 s]
0.0.N: Trace Attempt  2	[15.30 s]
0.0.N: Trace Attempt  3	[15.30 s]
0.0.N: Trace Attempt  4	[15.30 s]
0.0.N: Trace Attempt  5	[15.31 s]
0.0.AM: Trace Attempt  1	[15.73 s]
0.0.AM: Trace Attempt  2	[15.73 s]
0.0.AM: Trace Attempt  3	[15.73 s]
0.0.AM: Trace Attempt  4	[15.73 s]
0.0.AM: Trace Attempt  5	[15.73 s]
0.0.Ht: Trace Attempt 3514	[16.01 s]
0.0.B: Trace Attempt 3745	[16.02 s]
0.0.Hp: Trace Attempt 697	[16.09 s]
0.0.N: Trace Attempt  1	[16.61 s]
0.0.N: Trace Attempt  2	[16.61 s]
0.0.N: Trace Attempt  3	[16.61 s]
0.0.N: Trace Attempt  4	[16.61 s]
0.0.N: Trace Attempt  5	[16.61 s]
0.0.N: Trace Attempt  1	[17.89 s]
0.0.N: Trace Attempt  2	[17.89 s]
0.0.N: Trace Attempt  3	[17.89 s]
0.0.N: Trace Attempt  4	[17.89 s]
0.0.N: Trace Attempt  5	[17.89 s]
0.0.N: Trace Attempt  1	[19.20 s]
0.0.N: Trace Attempt  2	[19.20 s]
0.0.N: Trace Attempt  3	[19.20 s]
0.0.N: Trace Attempt  4	[19.21 s]
0.0.N: Trace Attempt  5	[19.21 s]
0.0.AM: Trace Attempt 387	[19.73 s]
0.0.Ht: Trace Attempt 3873	[20.02 s]
0.0.B: Trace Attempt 4174	[20.02 s]
0.0.N: Trace Attempt  1	[20.20 s]
0.0.N: Trace Attempt  2	[20.20 s]
0.0.N: Trace Attempt  3	[20.20 s]
0.0.N: Trace Attempt  4	[20.20 s]
0.0.N: Trace Attempt  5	[20.20 s]
0.0.AM: Trace Attempt  1	[20.47 s]
0.0.AM: Trace Attempt  2	[20.47 s]
0.0.AM: Trace Attempt  3	[20.47 s]
0.0.AM: Trace Attempt  4	[20.47 s]
0.0.AM: Trace Attempt  5	[20.47 s]
0.0.N: Trace Attempt  1	[21.18 s]
0.0.N: Trace Attempt  2	[21.18 s]
0.0.N: Trace Attempt  3	[21.18 s]
0.0.N: Trace Attempt  4	[21.18 s]
0.0.N: Trace Attempt  5	[21.18 s]
0.0.Hp: Trace Attempt 751	[21.65 s]
0.0.N: Trace Attempt  1	[22.16 s]
0.0.N: Trace Attempt  2	[22.16 s]
0.0.N: Trace Attempt  3	[22.16 s]
0.0.N: Trace Attempt  4	[22.16 s]
0.0.N: Trace Attempt  5	[22.16 s]
0.0.N: Trace Attempt  1	[23.15 s]
0.0.N: Trace Attempt  2	[23.15 s]
0.0.N: Trace Attempt  3	[23.15 s]
0.0.N: Trace Attempt  4	[23.15 s]
0.0.N: Trace Attempt  5	[23.15 s]
0.0.B: Trace Attempt 4567	[24.02 s]
0.0.Ht: Trace Attempt 4256	[24.02 s]
0.0.N: Trace Attempt  1	[24.13 s]
0.0.N: Trace Attempt  2	[24.13 s]
0.0.N: Trace Attempt  3	[24.13 s]
0.0.N: Trace Attempt  4	[24.13 s]
0.0.N: Trace Attempt  5	[24.14 s]
0.0.AM: Trace Attempt 389	[24.48 s]
0.0.N: Trace Attempt  1	[25.12 s]
0.0.N: Trace Attempt  2	[25.12 s]
0.0.N: Trace Attempt  3	[25.12 s]
0.0.N: Trace Attempt  4	[25.12 s]
0.0.N: Trace Attempt  5	[25.12 s]
0.0.Hp: Trace Attempt 830	[25.67 s]
0.0.N: Trace Attempt  1	[26.18 s]
0.0.N: Trace Attempt  2	[26.18 s]
0.0.N: Trace Attempt  3	[26.18 s]
0.0.N: Trace Attempt  4	[26.18 s]
0.0.N: Trace Attempt  5	[26.18 s]
0.0.B: Trace Attempt 4931	[28.02 s]
0.0.Ht: Trace Attempt 4620	[28.03 s]
0.0.AM: Trace Attempt 433	[28.59 s]
0.0.N: Trace Attempt  1	[29.36 s]
0.0.N: Trace Attempt  2	[29.36 s]
0.0.N: Trace Attempt  3	[29.36 s]
0.0.N: Trace Attempt  4	[29.36 s]
0.0.N: Trace Attempt  5	[29.36 s]
0.0.Hp: Trace Attempt 900	[29.71 s]
0.0.B: Trace Attempt 5265	[32.03 s]
0.0.Ht: Trace Attempt 4926	[32.03 s]
0.0.N: Trace Attempt  1	[32.56 s]
0.0.N: Trace Attempt  2	[32.56 s]
0.0.N: Trace Attempt  3	[32.56 s]
0.0.N: Trace Attempt  4	[32.56 s]
0.0.N: Trace Attempt  5	[32.56 s]
0.0.AM: Trace Attempt 468	[32.66 s]
0.0.Hp: Trace Attempt 968	[33.73 s]
0.0.N: Trace Attempt  1	[35.88 s]
0.0.N: Trace Attempt  2	[35.88 s]
0.0.N: Trace Attempt  3	[35.88 s]
0.0.N: Trace Attempt  4	[35.88 s]
0.0.N: Trace Attempt  5	[35.88 s]
0.0.Ht: Trace Attempt 5194	[36.04 s]
0.0.B: Trace Attempt 5574	[36.04 s]
0.0.AM: Trace Attempt 493	[36.69 s]
0.0.Hp: Trace Attempt 1032	[37.73 s]
0.0.N: Trace Attempt  1	[39.07 s]
0.0.N: Trace Attempt  2	[39.07 s]
0.0.N: Trace Attempt  3	[39.07 s]
0.0.N: Trace Attempt  4	[39.07 s]
0.0.N: Trace Attempt  5	[39.07 s]
0.0.B: Trace Attempt 5864	[40.05 s]
0.0.Ht: Trace Attempt 5450	[40.06 s]
0.0.AM: Trace Attempt 530	[40.72 s]
0.0.Hp: Trace Attempt 1089	[41.76 s]
0.0.N: Trace Attempt  1	[42.34 s]
0.0.N: Trace Attempt  2	[42.34 s]
0.0.N: Trace Attempt  3	[42.34 s]
0.0.N: Trace Attempt  4	[42.34 s]
0.0.N: Trace Attempt  5	[42.35 s]
0.0.Ht: Trace Attempt 5719	[44.06 s]
0.0.B: Trace Attempt 6147	[44.06 s]
0.0.AM: Trace Attempt 606	[44.74 s]
0.0.N: Trace Attempt  1	[45.62 s]
0.0.N: Trace Attempt  2	[45.62 s]
0.0.N: Trace Attempt  3	[45.62 s]
0.0.N: Trace Attempt  4	[45.62 s]
0.0.N: Trace Attempt  5	[45.62 s]
0.0.Hp: Trace Attempt 1142	[45.83 s]
0.0.Ht: Trace Attempt 5996	[48.07 s]
0.0.B: Trace Attempt 6419	[48.07 s]
0.0.AM: Trace Attempt 681	[48.75 s]
0.0.N: Trace Attempt  1	[49.01 s]
0.0.N: Trace Attempt  2	[49.01 s]
0.0.N: Trace Attempt  3	[49.01 s]
0.0.N: Trace Attempt  4	[49.01 s]
0.0.N: Trace Attempt  5	[49.01 s]
0.0.Hp: Trace Attempt 1192	[49.84 s]
0.0.Ht: Trace Attempt 6255	[52.07 s]
0.0.B: Trace Attempt 6679	[52.08 s]
0.0.N: Trace Attempt  1	[52.28 s]
0.0.N: Trace Attempt  2	[52.28 s]
0.0.N: Trace Attempt  3	[52.28 s]
0.0.N: Trace Attempt  4	[52.28 s]
0.0.N: Trace Attempt  5	[52.28 s]
0.0.AM: Trace Attempt 702	[52.90 s]
0.0.Hp: Trace Attempt 1208	[54.39 s]
0.0.N: Trace Attempt  1	[55.48 s]
0.0.N: Trace Attempt  2	[55.48 s]
0.0.N: Trace Attempt  3	[55.48 s]
0.0.N: Trace Attempt  4	[55.48 s]
0.0.N: Trace Attempt  5	[55.48 s]
0.0.Ht: Trace Attempt 6479	[56.08 s]
0.0.B: Trace Attempt 6927	[56.09 s]
0.0.AM: Trace Attempt 706	[57.35 s]
0.0.Hp: Trace Attempt 1237	[58.50 s]
0.0.N: Trace Attempt  1	[58.78 s]
0.0.N: Trace Attempt  2	[58.78 s]
0.0.N: Trace Attempt  3	[58.78 s]
0.0.N: Trace Attempt  4	[58.78 s]
0.0.N: Trace Attempt  5	[58.78 s]
0.0.Ht: Trace Attempt 6681	[60.10 s]
0.0.B: Trace Attempt 7163	[60.11 s]
0.0.AM: Trace Attempt 715	[61.35 s]
0.0.N: Trace Attempt  1	[62.13 s]
0.0.N: Trace Attempt  2	[62.13 s]
0.0.N: Trace Attempt  3	[62.13 s]
0.0.N: Trace Attempt  4	[62.13 s]
0.0.N: Trace Attempt  5	[62.13 s]
0.0.Hp: Trace Attempt 1265	[62.56 s]
0.0.B: Trace Attempt 7389	[64.11 s]
0.0.Ht: Trace Attempt 6871	[64.11 s]
0.0.N: Trace Attempt  1	[65.54 s]
0.0.N: Trace Attempt  2	[65.54 s]
0.0.N: Trace Attempt  3	[65.54 s]
0.0.N: Trace Attempt  4	[65.54 s]
0.0.N: Trace Attempt  5	[65.54 s]
0.0.Hp: Trace Attempt 1291	[66.59 s]
0.0.AM: Trace Attempt 721	[66.60 s]
0.0.B: Trace Attempt 7614	[68.12 s]
0.0.Ht: Trace Attempt 7052	[68.12 s]
0.0.N: Trace Attempt  1	[68.81 s]
0.0.N: Trace Attempt  2	[68.81 s]
0.0.N: Trace Attempt  3	[68.81 s]
0.0.N: Trace Attempt  4	[68.82 s]
0.0.N: Trace Attempt  5	[68.82 s]
0.0.Hp: Trace Attempt 1318	[70.70 s]
0.0.AM: Trace Attempt 401	[71.62 s]
0.0.B: Trace Attempt 7819	[72.13 s]
0.0.Ht: Trace Attempt 7243	[72.14 s]
0.0.N: Trace Attempt  1	[72.24 s]
0.0.N: Trace Attempt  2	[72.24 s]
0.0.N: Trace Attempt  3	[72.24 s]
0.0.N: Trace Attempt  4	[72.25 s]
0.0.N: Trace Attempt  5	[72.25 s]
0.0.Hp: Trace Attempt 1342	[74.85 s]
0.0.AM: Trace Attempt 614	[75.64 s]
0.0.N: Trace Attempt  1	[75.85 s]
0.0.N: Trace Attempt  2	[75.85 s]
0.0.N: Trace Attempt  3	[75.85 s]
0.0.N: Trace Attempt  4	[75.85 s]
0.0.N: Trace Attempt  5	[75.86 s]
0.0.Ht: Trace Attempt 7438	[76.14 s]
0.0.B: Trace Attempt 8008	[76.14 s]
0.0.Hp: Trace Attempt 1367	[78.87 s]
0.0.N: Trace Attempt  1	[79.68 s]
0.0.N: Trace Attempt  2	[79.68 s]
0.0.N: Trace Attempt  3	[79.68 s]
0.0.N: Trace Attempt  4	[79.68 s]
0.0.N: Trace Attempt  5	[79.68 s]
0.0.Ht: Trace Attempt 7634	[80.15 s]
0.0.B: Trace Attempt 8190	[80.15 s]
0.0.AM: Trace Attempt 725	[82.36 s]
0.0.Hp: Trace Attempt 1389	[82.94 s]
0.0.N: Trace Attempt  1	[83.25 s]
0.0.N: Trace Attempt  2	[83.25 s]
0.0.N: Trace Attempt  3	[83.25 s]
0.0.N: Trace Attempt  4	[83.25 s]
0.0.N: Trace Attempt  5	[83.25 s]
0.0.Ht: Trace Attempt 7821	[84.15 s]
0.0.B: Trace Attempt 8371	[84.16 s]
0.0.AM: Trace Attempt 750	[86.40 s]
0.0.N: Trace Attempt  1	[87.02 s]
0.0.N: Trace Attempt  2	[87.02 s]
0.0.N: Trace Attempt  3	[87.02 s]
0.0.N: Trace Attempt  4	[87.02 s]
0.0.Hp: Trace Attempt 1428	[87.03 s]
0.0.N: Trace Attempt  5	[87.02 s]
0.0.Ht: Trace Attempt 7996	[88.17 s]
0.0.B: Trace Attempt 8553	[88.17 s]
0.0.AM: Trace Attempt 793	[90.56 s]
0.0.N: Trace Attempt  1	[90.93 s]
0.0.N: Trace Attempt  2	[90.94 s]
0.0.N: Trace Attempt  3	[90.94 s]
0.0.N: Trace Attempt  4	[90.94 s]
0.0.N: Trace Attempt  5	[90.94 s]
0.0.Hp: Trace Attempt 1463	[91.08 s]
0.0.Ht: Trace Attempt 8144	[92.17 s]
0.0.B: Trace Attempt 8731	[92.18 s]
0.0.AM: Trace Attempt  1	[92.21 s]
0.0.AM: Trace Attempt  2	[92.22 s]
0.0.AM: Trace Attempt  3	[92.22 s]
0.0.AM: Trace Attempt  4	[92.22 s]
0.0.AM: Trace Attempt  5	[92.22 s]
0.0.N: Trace Attempt  1	[94.47 s]
0.0.N: Trace Attempt  2	[94.47 s]
0.0.N: Trace Attempt  3	[94.47 s]
0.0.N: Trace Attempt  4	[94.47 s]
0.0.N: Trace Attempt  5	[94.47 s]
0.0.Hp: Trace Attempt 1498	[95.14 s]
0.0.Ht: Trace Attempt 8304	[96.17 s]
0.0.B: Trace Attempt 8918	[96.20 s]
0.0.AM: Trace Attempt 388	[96.24 s]
0.0.N: Trace Attempt  1	[98.13 s]
0.0.N: Trace Attempt  2	[98.13 s]
0.0.N: Trace Attempt  3	[98.13 s]
0.0.N: Trace Attempt  4	[98.13 s]
0.0.N: Trace Attempt  5	[98.14 s]
0.0.Hp: Trace Attempt 1533	[99.20 s]
0.0.Ht: Trace Attempt 8455	[100.17 s]
0.0.B: Trace Attempt 9103	[100.21 s]
0.0.AM: Trace Attempt 483	[100.28 s]
0.0.N: Trace Attempt  1	[101.69 s]
0.0.N: Trace Attempt  2	[101.69 s]
0.0.N: Trace Attempt  3	[101.69 s]
0.0.N: Trace Attempt  4	[101.69 s]
0.0.N: Trace Attempt  5	[101.69 s]
0.0.Hp: Trace Attempt 1566	[103.20 s]
0.0.Ht: Trace Attempt 8604	[104.18 s]
0.0.B: Trace Attempt 9282	[104.21 s]
0.0.AM: Trace Attempt 527	[104.30 s]
0.0.N: Trace Attempt  1	[105.31 s]
0.0.N: Trace Attempt  2	[105.31 s]
0.0.N: Trace Attempt  3	[105.31 s]
0.0.N: Trace Attempt  4	[105.31 s]
0.0.N: Trace Attempt  5	[105.31 s]
0.0.Hp: Trace Attempt 1600	[107.31 s]
0.0.Ht: Trace Attempt 8764	[108.19 s]
0.0.B: Trace Attempt 9464	[108.22 s]
0.0.AM: Trace Attempt 565	[108.39 s]
0.0.N: Trace Attempt  1	[109.02 s]
0.0.N: Trace Attempt  2	[109.02 s]
0.0.N: Trace Attempt  3	[109.02 s]
0.0.N: Trace Attempt  4	[109.02 s]
0.0.N: Trace Attempt  5	[109.02 s]
0.0.Hp: Trace Attempt 1632	[111.40 s]
0.0.Ht: Trace Attempt 8940	[112.21 s]
0.0.B: Trace Attempt 9636	[112.23 s]
0.0.AM: Trace Attempt 613	[112.41 s]
0.0.N: Trace Attempt  1	[112.49 s]
0.0.N: Trace Attempt  2	[112.49 s]
0.0.N: Trace Attempt  3	[112.49 s]
0.0.N: Trace Attempt  4	[112.49 s]
0.0.N: Trace Attempt  5	[112.49 s]
0.0.Hp: Trace Attempt 1663	[115.42 s]
0.0.Ht: Trace Attempt 9118	[116.21 s]
0.0.B: Trace Attempt 9803	[116.23 s]
0.0.AM: Trace Attempt 646	[116.46 s]
0.0.N: Trace Attempt 384	[116.53 s]
0.0.N: Trace Attempt  1	[116.55 s]
0.0.N: Trace Attempt  2	[116.55 s]
0.0.N: Trace Attempt  3	[116.55 s]
0.0.N: Trace Attempt  4	[116.55 s]
0.0.N: Trace Attempt  5	[116.55 s]
0.0.Hp: Trace Attempt 1695	[119.53 s]
0.0.N: Trace Attempt  1	[120.23 s]
0.0.N: Trace Attempt  2	[120.23 s]
0.0.N: Trace Attempt  3	[120.23 s]
0.0.N: Trace Attempt  4	[120.23 s]
0.0.N: Trace Attempt  5	[120.23 s]
0.0.Ht: Trace Attempt 9287	[120.22 s]
0.0.B: Trace Attempt 9968	[120.23 s]
0.0.AM: Trace Attempt 674	[120.50 s]
0.0.Hp: Trace Attempt 1726	[123.57 s]
0.0.N: Trace Attempt  1	[123.81 s]
0.0.N: Trace Attempt  2	[123.81 s]
0.0.N: Trace Attempt  3	[123.81 s]
0.0.N: Trace Attempt  4	[123.81 s]
0.0.N: Trace Attempt  5	[123.81 s]
0.0.Ht: Trace Attempt 9458	[124.22 s]
0.0.B: Trace Attempt 10132	[124.24 s]
0.0.AM: Trace Attempt 738	[124.74 s]
0.0.Hp: Trace Attempt 1758	[127.59 s]
0.0.N: Trace Attempt 397	[128.12 s]
0.0.N: Trace Attempt  1	[128.13 s]
0.0.N: Trace Attempt  2	[128.13 s]
0.0.N: Trace Attempt  3	[128.13 s]
0.0.N: Trace Attempt  4	[128.13 s]
0.0.N: Trace Attempt  5	[128.13 s]
0.0.Ht: Trace Attempt 9598	[128.22 s]
0.0.B: Trace Attempt 10291	[128.25 s]
0.0.AM: Trace Attempt 781	[128.90 s]
0.0.Hp: Trace Attempt 1791	[131.64 s]
0.0.N: Trace Attempt 364	[132.15 s]
0.0.Ht: Trace Attempt 9729	[132.24 s]
0.0.B: Trace Attempt 10449	[132.26 s]
0.0.AM: Trace Attempt 810	[132.94 s]
0.0.Hp: Trace Attempt 1820	[135.67 s]
0.0.N: Trace Attempt 444	[136.17 s]
0.0.Ht: Trace Attempt 9860	[136.26 s]
0.0.B: Trace Attempt 10604	[136.27 s]
0.0.Hp: Trace Attempt 1851	[139.70 s]
0.0.N: Trace Attempt 507	[140.28 s]
0.0.Ht: Trace Attempt 9988	[140.27 s]
0.0.B: Trace Attempt 10759	[140.29 s]
0.0.AM: Trace Attempt 813	[141.09 s]
0.0.Hp: Trace Attempt 1884	[143.76 s]
0.0.N: Trace Attempt 561	[144.32 s]
0.0.Ht: Trace Attempt 10115	[144.29 s]
0.0.B: Trace Attempt 10910	[144.31 s]
0.0.AM: Trace Attempt 852	[145.12 s]
0.0.Hp: Trace Attempt 1916	[147.77 s]
0.0.N: Trace Attempt 611	[148.34 s]
0.0.B: Trace Attempt 11059	[148.31 s]
0.0.Ht: Trace Attempt 10241	[148.33 s]
0.0.AM: Trace Attempt 886	[149.21 s]
0.0.Hp: Trace Attempt 1948	[151.84 s]
0.0.B: Trace Attempt 11202	[152.33 s]
0.0.Ht: Trace Attempt 10382	[152.35 s]
0.0.N: Trace Attempt 650	[152.63 s]
0.0.AM: Trace Attempt 919	[153.50 s]
0.0.Hp: Trace Attempt 1979	[155.88 s]
0.0.B: Trace Attempt 11342	[156.35 s]
0.0.Ht: Trace Attempt 10527	[156.35 s]
0.0.N: Trace Attempt 665	[156.76 s]
0.0.AM: Trace Attempt 970	[157.57 s]
0.0.Hp: Trace Attempt 2010	[160.00 s]
0.0.B: Trace Attempt 11483	[160.36 s]
0.0.Ht: Trace Attempt 10676	[160.37 s]
0.0.N: Trace Attempt 668	[160.85 s]
0.0.AM: Trace Attempt 1004	[161.63 s]
0.0.Hp: Trace Attempt 2040	[164.09 s]
0.0.Ht: Trace Attempt 10818	[164.38 s]
0.0.B: Trace Attempt 11619	[164.39 s]
0.0.N: Trace Attempt 684	[165.54 s]
0.0.AM: Trace Attempt 1040	[165.87 s]
0.0.Hp: Trace Attempt 2069	[168.10 s]
0.0.B: Trace Attempt 11754	[168.40 s]
0.0.Ht: Trace Attempt 10959	[168.41 s]
0.0.N: Trace Attempt 695	[170.01 s]
0.0.AM: Trace Attempt 1062	[170.04 s]
0.0.Hp: Trace Attempt 2098	[172.15 s]
0.0.B: Trace Attempt 11891	[172.42 s]
0.0.Ht: Trace Attempt 11101	[172.44 s]
0.0.N: Trace Attempt 702	[174.44 s]
0.0.AM: Trace Attempt 1083	[174.54 s]
0.0.Hp: Trace Attempt 2127	[176.21 s]
0.0.B: Trace Attempt 12026	[176.43 s]
0.0.Ht: Trace Attempt 11211	[176.44 s]
0.0.Hp: Trace Attempt 2157	[180.31 s]
0.0.B: Trace Attempt 12150	[180.44 s]
0.0.Ht: Trace Attempt 11316	[180.47 s]
0.0.N: Trace Attempt 713	[178.13 s]
0.0.N: Stopped processing property "VGA.p1"	[181.02 s].
0.0.N: Morphing to Ncustom1
0.0.N: All properties determined. [0.00 s]
0.0.N: Exited with Success (@ 0.00 s)
0.0.Ncustom1: clocks: 1, declared: 1, looping: 0, posedge: 1, negedge: 0, noedge: 0, bothedge: 0
0.0.Ncustom1: Starting proof for property "VGA.p1"	[0.00 s].
0.0.Tri: Proofgrid shell started at 15267@vlsi-ria84(local) jg_14907_vlsi-ria84_1
0.0.Tri: clocks: 1, declared: 1, looping: 0, posedge: 1, negedge: 0, noedge: 0, bothedge: 0
0.0.Tri: Last scan. Per property time limit: 0s
0.0.Tri: Starting proof for property "VGA.p1"	[0.00 s].
0.0.Tri: Trace Attempt  1	[0.00 s]
0.0.Ncustom1: Trace Attempt 713	[0.07 s]
0.0.Tri:    0.00" ---- Launching main thread ----
0.0.Tri:    0.02" ---- Launching abstraction thread ----
0.0.Tri:    0.03" ---- Launching multi-phase simplification thread ----
0.0.B: Trace Attempt 12166	[180.96 s]
0.0.B: Stopped processing property "VGA.p1"	[181.11 s].
0.0.B: Morphing to Bcustom2
0.0.B: All properties determined. [0.00 s]
0.0.B: Exited with Success (@ 0.00 s)
0.0.Bcustom2: clocks: 1, declared: 1, looping: 0, posedge: 1, negedge: 0, noedge: 0, bothedge: 0
0.0.Bcustom2: Starting proof for property "VGA.p1"	[0.00 s].
0.0.Bcustom2: Trace Attempt  1	[0.00 s]
0.0.Bcustom2: Trace Attempt  2	[0.00 s]
0.0.Bcustom2: Trace Attempt  1	[0.00 s]
0.0.Bcustom2: Trace Attempt  2	[0.00 s]
0.0.Bcustom2: Trace Attempt  3	[0.00 s]
0.0.Bcustom2: Trace Attempt  4	[0.00 s]
0.0.Bcustom2: Trace Attempt  5	[0.00 s]
0.0.Tri:    0.04" ---- Launching liveness simplification thread ----
0.0.Bcustom2: Trace Attempt  1	[0.03 s]
0.0.Bcustom2: Trace Attempt  2	[0.03 s]
0.0.Bcustom2: Trace Attempt  3	[0.03 s]
0.0.Bcustom2: Trace Attempt  4	[0.03 s]
0.0.Bcustom2: Trace Attempt  5	[0.03 s]
0.0.AM: Trace Attempt 1100	[177.54 s]
0.0.AM: Stopped processing property "VGA.p1"	[181.16 s].
0.0.AM: Morphing to AMcustom3
0.0.AM: All properties determined. [0.00 s]
0.0.AM: Exited with Success (@ 0.00 s)
0.0.AMcustom3: clocks: 1, declared: 1, looping: 0, posedge: 1, negedge: 0, noedge: 0, bothedge: 0
0.0.AMcustom3: Starting proof for property "VGA.p1"	[0.00 s].
0.0.AMcustom3: Trace Attempt  1	[0.00 s]
0.0.AMcustom3: Trace Attempt  2	[0.00 s]
0.0.AMcustom3: Trace Attempt  3	[0.00 s]
0.0.AMcustom3: Trace Attempt  4	[0.00 s]
0.0.AMcustom3: Trace Attempt  5	[0.00 s]
0.0.AMcustom3: Trace Attempt  1	[0.00 s]
0.0.AMcustom3: Trace Attempt  2	[0.00 s]
0.0.AMcustom3: Trace Attempt  3	[0.00 s]
0.0.AMcustom3: Trace Attempt  4	[0.00 s]
0.0.AMcustom3: Trace Attempt  1	[0.02 s]
0.0.AMcustom3: Trace Attempt  2	[0.02 s]
0.0.AMcustom3: Trace Attempt  3	[0.02 s]
0.0.AMcustom3: Trace Attempt  4	[0.02 s]
0.0.Bcustom2: Trace Attempt  1	[0.09 s]
0.0.Bcustom2: Trace Attempt  2	[0.09 s]
0.0.Bcustom2: Trace Attempt  3	[0.09 s]
0.0.Bcustom2: Trace Attempt  4	[0.09 s]
0.0.Bcustom2: Trace Attempt  5	[0.09 s]
0.0.AMcustom3: Trace Attempt  1	[0.09 s]
0.0.AMcustom3: Trace Attempt  2	[0.09 s]
0.0.AMcustom3: Trace Attempt  3	[0.09 s]
0.0.AMcustom3: Trace Attempt  4	[0.09 s]
0.0.AMcustom3: Trace Attempt  1	[0.52 s]
0.0.AMcustom3: Trace Attempt  2	[0.52 s]
0.0.AMcustom3: Trace Attempt  3	[0.52 s]
0.0.AMcustom3: Trace Attempt  4	[0.52 s]
0.0.Tri:    0.84" Simplification phase 1 complete
0.0.Ncustom1: Requesting engine job to terminate
0.0.Bcustom2: Requesting engine job to terminate
0.0.AMcustom3: Requesting engine job to terminate
0.0.Tri: Requesting engine job to terminate
0.0.Hp: Requesting engine job to terminate
0.0.Ht: Requesting engine job to terminate
INFO (IPF144): 0: Initiating shutdown of proof [182.00 s]
0.0.Tri: A proof was found: No trace exists. [0.92 s]
INFO (IPF057): 0.0.Tri: The property "VGA.p1" was proven in 0.92 s.
0.0.AMcustom3: Trace Attempt 64	[0.76 s]
0.0.AMcustom3: Stopped processing property "VGA.p1"	[0.81 s].
0.0.AMcustom3: All properties determined. [0.81 s]
0.0.Hp: Trace Attempt 2170	[181.98 s]
0.0.Hp: All properties determined. [182.00 s]
0.0.Ncustom1: Stopped processing property "VGA.p1"	[0.98 s].
0.0.Ncustom1: All properties determined. [0.99 s]
0.0.AMcustom3: Exited with Success (@ 182.02 s)
0: ProofGrid usable level: 0
0.0.Ht: Trace Attempt 11354	[181.94 s]
0.0.Ht: All properties determined. [181.98 s]
0.0.Ncustom1: Exited with Success (@ 182.07 s)
0.0.Bcustom2: Trace Attempt 788	[0.79 s]
0.0.Bcustom2: Stopped processing property "VGA.p1"	[0.93 s].
0.0.Bcustom2: All properties determined. [0.93 s]
0.0.Tri: Stopped processing property "VGA.p1"	[1.02 s].
0.0.Tri: All properties determined. [1.02 s]
0.0.Tri: Exited with Success (@ 182.10 s)
0.0.Bcustom2: Exited with Success (@ 182.10 s)
0.0.Ht: Exited with Success (@ 182.11 s)
0.0.Hp: Exited with Success (@ 182.18 s)
0: --------------------------------------------------------------
ProofGrid Summary (utilization 99.97 %)
--------------------------------------------------------------
     engines started                               :    10
     engine jobs started                           :     7

    Average time in state (seconds)
    ------------------------------------------------------
    Engine  Pending     Running        Dead    Utilization
    ------------------------------------------------------
     Hp        0.03      182.00        0.00       99.98 %
     Ht        0.04      181.96        0.00       99.98 %
     Oh        0.04        0.01        0.00       18.05 %
    Ncustom1        0.03      181.97        0.00       99.98 %
    Bcustom2        0.04      181.84        0.00       99.98 %
    AMcustom3        0.04      181.80        0.00       99.98 %
    Tri        0.05        0.93        0.00       95.08 %
    all        0.04      130.07        0.00       99.97 %

    Total time in state (seconds)
    -----------------------------------------
            Pending     Running        Dead  
    -----------------------------------------
               0.25      910.51        0.00

    Data read    : 15.25 MiB
    Data written : 5.26 kiB

0: All pending notifications were processed.
INFO (IPF059): 0: Completed proof on task: "<embedded>"

==============================================================
SUMMARY
==============================================================
           Properties Considered              : 1
                 assertions                   : 1
                  - proven                    : 1 (100%)
                  - bounded_proven (user)     : 0 (0%)
                  - bounded_proven (auto)     : 0 (0%)
                  - marked_proven             : 0 (0%)
                  - cex                       : 0 (0%)
                  - ar_cex                    : 0 (0%)
                  - undetermined              : 0 (0%)
                  - unknown                   : 0 (0%)
                  - error                     : 0 (0%)
                 covers                       : 0
                  - unreachable               : 0
                  - bounded_unreachable (user): 0
                  - covered                   : 0
                  - ar_covered                : 0
                  - undetermined              : 0
                  - unknown                   : 0
                  - error                     : 0
proven
[<embedded>] % exit -force
[<embedded>] % INFO (IPL005): Received request to exit from the console.
INFO: Waiting for proof threads to stop...
INFO: Proof threads stopped.
INFO (IPL018): The peak resident set memory use for this session was 2.073 GB.
INFO (IPL014): Waiting for the Tcl-thread to exit.
INFO (IPL015): The Tcl-thread exited with status 0.
INFO (IPL016): Exiting the analysis session with status 0.
Finished vga_6.tcl successfully
