Jasper Apps 2024.06p002 64 bits 2024.09.02 16:28:38 UTC

Any disclosure about the Cadence Design Systems software or its use
model to any third party violates the written Non-Disclosure Agreement
between Cadence Design Systems, Inc. and the customer.

THIS SOFTWARE CONTAINS CONFIDENTIAL INFORMATION AND TRADE SECRETS OF
CADENCE DESIGN SYSTEMS, INC. USE, DISCLOSURE, OR REPRODUCTION IS
PROHIBITED WITHOUT THE PRIOR EXPRESS WRITTEN PERMISSION OF CADENCE
DESIGN SYSTEMS, INC.

Copyright (C) 2000-2024 Cadence Design Systems, Inc. All Rights
Reserved.  Unpublished -- rights reserved under the copyright laws of
the United States.

This product includes software developed by others and redistributed
according to license agreement. See doc/third_party_readme.txt for
further details.

RESTRICTED RIGHTS LEGEND

Use, duplication, or disclosure by the Government is subject to
restrictions as set forth in subparagraph (c) (1) (ii) of the Rights in
Technical Data and Computer Software clause at DFARS 252.227-7013 or
subparagraphs (c) (1) and (2) of Commercial Computer Software -- Restricted
Rights at 48 CFR 52.227-19, as applicable.


                          Cadence Design Systems, Inc.
                          2655 Seely Avenue
                          San Jose, CA 95134
                          Phone: 408.943.1234

For technical assistance visit http://support.cadence.com.

Jasper Apps Analysis Session - /users/rompel/jasper_executions/safety_liveness/jgprojects/2_delay_3/sessionLogs/session_0

WARNING (WG017): [session]: The system's locale is "ANSI_X3.4-1968", which is not UTF-8. Non-ASCII characters might not be handled correctly.
WARNING (WG017): [jg_console]: The system's locale is "ANSI_X3.4-1968", which is not UTF-8. Non-ASCII characters might not be handled correctly.
INFO: successfully checked out license "jasper_fao".
INFO: reading configuration file "/users/rompel/.config/cadence/jasper.conf".
% analyze -sv09 ../2_delay_3.sv
[-- (VERI-1482)] Analyzing Verilog file '/tools/cadence2425/JASPER/jasper_2024.06p002/lib/verilog/packages/std/std.sv' into library 'std'
[-- (VERI-1482)] Analyzing Verilog file '../2_delay_3.sv'
% elaborate -bbox_mul 1000000 -bbox_div 1000000 -bbox_mod 1000000 -bbox_a 1000000
[INFO (HIER-8002)] ../2_delay_3.sv(13): Disabling old hierarchical reference handler
[INFO (VERI-1018)] ../2_delay_3.sv(1): compiling module 'DELAY'
[WARN (VERI-1209)] ../2_delay_3.sv(10): expression size 32 truncated to fit in target size 12
INFO (ISW003): Top module name is "DELAY".
INFO (INL208): Elaboration synthesis summary:
  Number of synthesized netlists          1 (0 packages)
  Single run mode                         On
  Pipeline                                On (1 pipelined netlists)
  Late hierarchical reference connection  On
  Number of analyzed Verilog modules      1 (1 synthesized)
  Number of analyzed VHDL entities        0 (0 synthesized)
INFO (INL003): Clearing all state information (assumes, stopats, and so forth).
DELAY
[<embedded>] % reset rst
INFO (IPM031): Clearing proof results of all properties.
INFO (IRS006): Current reset condition is "rst".
[<embedded>] % clock clk
[<embedded>] % prove -all
Ncustom1: Custom engine code is hT3Ng7hPPfiYQOTDZ3qhYOwGAM51eA+J/FjkM5shLioAsqhgLR4Ft+O1BuKG6ilQ83B9tLXSl+CwjiTMAQA
Bcustom2: Custom engine code is hT3Nm7hPr1Vp3Di1Ra2USNIGL4JypRnLKLAdF6JAyuavO2JfGCiY9OZJhcAcOUnLx5xwNdhILGrAWX9s+z2WDkKwNR7tAfClBEjRFVQeq6DU54boFgEA
AMcustom3: Custom engine code is hT3Ng7hP/feYQOTDZ3qhYOwGAM51eA+J/FjkM5shLioAsqhgLR4Ft+O1BuKG6ilQ83B9tLXSmmqwm7g9AQA
Mpcustom4: Custom engine code is hT3NZbhP9fmY2AbBQnsjfOxn6c+6e6yL+/e8fZFmaQrnlgEA
INFO (IPF036): Starting proof on task: "<embedded>", 1 properties to prove with 0 already proven/unreachable
INFO (IRS029): Starting reset analysis: phase 1 of 4.
INFO (IRS030): Running reset analysis: phase 2 of 4.
INFO (IRS031): Running reset analysis: phase 3 of 4.
INFO (IRS020): Starting the reset analysis simulation with a limit of 100 iterations (phase 4 of 4).
INFO (IRS024): Reset iterations 0 to 4 analyzed.
INFO (IRS018): Reset analysis simulation executed for 3 iterations. Assigned values for 12 of 12 design flops, 0 of 0 design latches, 14 of 14 internal elements.
INFO (IRS039): Reset analysis complete.
INFO (IPF031): Settings used for proof thread 0:
    orchestration                 = on
    time_limit                    = 86400s
    per_property_time_limit       = 1s * 10 ^ scan
    engine_mode                   = auto
    proofgrid_per_engine_max_jobs = 1
    max engine jobs               = auto
    proofgrid_mode                = local
    proofgrid_restarts            = 10
0: Using multistage preprocessing
0: Starting reduce
AMcustom5: Custom engine code is hT3N1rhP11/52HrFRS21ROp2LOjVTgPvT8L8BGXHgLhaIuqtT4nARFjUqrBL+7pLmaTOzBepZW/Jm8SSrHDybSQtoNiO3y43wk+dEoWlsZizu97Fih6O6lPVG/LpWP5SsUPwlGagLNa1FKEFvwVXyX7//8prySbvSxIHXr5er+z4RAEA
Ncustom6: Custom engine code is hT3OXrhPByJp3TrFSTLhUmMH4KVtJgmTCnNDF46yMXOKY48m4LS5nE7yBzFjA7kDuwO/GhGUpEPiky3p3wmPn3dJZHxFMsafSoObRzSC+tn7sEY0WbTdZ/FV4hL3MYH/b1CIUvXSWR4wqEoVLsmMOD4xIPT4lI1LO6ZCO7PnnWQuLwetnvKlrXx6wCW/A+x+enqslg1YPobi4wEF/EvbzOvcTYdJvl2s4H2yZg2b2ofAVN5WvhWk1HoBAA
ADcustom7: Custom engine code is hT3Nv7hPv1752HrFRa2kROx2f/ECJeZB2AZsLdlO8VwmIuqtT4nIDFXclhg+O+o+DMmQCekbheGk0kK28laA9gaOFDXsQp29J3X615HY1IPHJWd6FUFvCHjO+p1k652b5JJvZlShNpGlGSXAiQe/mEAj6tEBAA
Tricustom8: Custom engine code is hT3Nu7hPt1752DvFRa0kNDiyIV97VyejwM9C/jCLJjdPvusZONHY42VYUy0Q1ZotnhcVtNc56tJ5wbxv6V2+XpdsaSlHck5vfnbYjdwj1OECy9U+7oSQ0SZE3g5ayD+Phuh4odCJTjeKa2k4elM9ldQfkAEA
Gcustom9: Custom engine code is hT3NibhPDfeYQADBZnYcglOvK9Pfd7EOeniIqP8jNsyIqInncipMGcUXqAadachREE9F2PwhBUZUNw5kHnd4JdXkamORRgEA
0: Finished reduce in 0s
C2custom10: Custom engine code is hT3NirhPjfWYQADBZnYcglOvK9Pfd7EOeniIqP8jNsyIqInncgkrYMMXCYbdK0dUjZIF9d4cJ0rHoBDjwVLBKuG86XYVV00BAA
AGcustom11: Custom engine code is hT3NirhP/fmYQADBZnYcglOvK9Pfd7EOeniIqP8jNsyIqInnckcwYMMXCYbdK0dUjZIF9d4cJ0rHoBDjwVLBKuHEZnZByh0BAA
0.0.PRE: Performing Proof Simplification...
Bcustom12: Custom engine code is hT3NjrhPDfiYQADBZnYcglOvK9PfWxFtenjIyBqfrgr7if/jL/yPOuK1BAflEcW0DxNH2eDIoezN2gxlQFg81RZtiWXh7aiTAidvAQA
0.0.N: clocks: 1, declared: 1, looping: 0, posedge: 1, negedge: 0, noedge: 0, bothedge: 0
Ncustom13: Custom engine code is hT3NR7hPByFp3TrFSTLhUmMH4KWtJglTyV/c51BHEeZWamnJv767nE6PCak26bd3gf3XGN3rIRheufhDieCJQVISo+gNYUKhiUedBKGtsP/a18svAnlMJZudHxDFwK5ufsyoxsIyiAeSY2oi3tEuoDHr5gw42DFKAG3PqO3CEsl8Azzdt3pl5nGA1Ifv2H02eYsFzWb/nfp8PMb3F0krE/EgBcm8TD9Div8BAA
Tricustom14: Custom engine code is hT3Nu7hP3fiYQADBZnYcglNHp9bfd7EOeniIqP/ji8sGLQu8yhsFO+wxJ+O+R0bU8g/IewXFomyos+viQnWc2xYNYmMqpo3i40O7DaZR7qfp4YqNx26KRvQ/qx0BAA
0.0.N: Proof Simplification Iteration 1	[0.00 s]
0.0.N: Proof Simplification Iteration 2	[0.00 s]
0.0.N: Proof Simplification Iteration 3	[0.00 s]
0.0.N: Proof Simplification Iteration 4	[0.00 s]
0.0.PRE: A proof was found: No trace exists. [0.00 s]
INFO (IPF057): 0.0.PRE: The property ":noDeadEnd" was proven in 0.00 s.
    Use check_assumptions -show -dead_end to show this property in the property table.
0.0.PRE: A proof was found: No trace exists. [0.00 s]
INFO (IPF057): 0.0.PRE: The property ":noConflict" was proven in 0.00 s.
    Use check_assumptions -show to show this property in the property table.
INFO (IPF047): 0.0.PRE: The cover property ":live" was covered in 1 cycles in 0.00 s.
    Use check_assumptions -show -live to show this property in the property table.
0.0.PRE: Proof Simplification completed in 0.00 s
0: About to start ProofGrid in its own thread with a limit of 10000 pending notifications and a limit of 10 traces.
0: =============================== ProofGrid start ===============================
0: ProofGrid usable level: 1
0: Initial ProofGrid level: 1
0: ProofGrid is starting event handling
0.0.Hp: Proofgrid shell started at 243210@vlsi-moon(local) jg_243144_vlsi-moon_1
0.0.N: Proofgrid shell started at 243209@vlsi-moon(local) jg_243144_vlsi-moon_1
0.0.N: clocks: 1, declared: 1, looping: 0, posedge: 1, negedge: 0, noedge: 0, bothedge: 0
0.0.N: Last scan. Per property time limit: 0s
0.0.N: Starting proof for property "DELAY.p1"	[0.00 s].
0.0.Hp: clocks: 1, declared: 1, looping: 0, posedge: 1, negedge: 0, noedge: 0, bothedge: 0
0.0.N: Trace Attempt  1	[0.00 s]
0.0.N: Trace Attempt  2	[0.00 s]
0.0.Hp: Last scan. Per property time limit: 0s
0.0.N: Trace Attempt  2	[0.00 s]
0.0.N: Trace Attempt  3	[0.00 s]
0.0.N: Trace Attempt  4	[0.00 s]
0.0.N: Trace Attempt  4	[0.00 s]
0.0.N: Trace Attempt  5	[0.00 s]
0.0.Hp: Trace Attempt  1	[0.01 s]
0.0.Hp: Trace Attempt  2	[0.01 s]
0.0.Hp: Trace Attempt  3	[0.01 s]
0.0.Hp: Trace Attempt  4	[0.01 s]
0.0.Hp: Trace Attempt  5	[0.01 s]
0.0.N: Trace Attempt  1	[0.02 s]
0.0.N: Trace Attempt  2	[0.02 s]
0.0.N: Trace Attempt  3	[0.02 s]
0.0.N: Trace Attempt  4	[0.02 s]
0.0.N: Trace Attempt  5	[0.02 s]
0.0.AM: Proofgrid shell started at 243244@vlsi-moon(local) jg_243144_vlsi-moon_1
0.0.AM: clocks: 1, declared: 1, looping: 0, posedge: 1, negedge: 0, noedge: 0, bothedge: 0
0.0.AM: Last scan. Per property time limit: 0s
0.0.AM: Starting proof for property "DELAY.p1"	[0.00 s].
0.0.AM: Trace Attempt  1	[0.00 s]
0.0.AM: Trace Attempt  2	[0.00 s]
0.0.B: Proofgrid shell started at 243243@vlsi-moon(local) jg_243144_vlsi-moon_1
0.0.AM: Trace Attempt  3	[0.00 s]
0.0.B: clocks: 1, declared: 1, looping: 0, posedge: 1, negedge: 0, noedge: 0, bothedge: 0
0.0.AM: Trace Attempt  4	[0.00 s]
0.0.B: Last scan. Per property time limit: 0s
0.0.B: Starting proof for property "DELAY.p1"	[0.00 s].
0.0.Ht: Proofgrid shell started at 243241@vlsi-moon(local) jg_243144_vlsi-moon_1
0.0.B: Trace Attempt  1	[0.00 s]
0.0.B: Trace Attempt  2	[0.00 s]
0.0.AM: Trace Attempt  5	[0.00 s]
0.0.B: Trace Attempt  3	[0.00 s]
0.0.Ht: clocks: 1, declared: 1, looping: 0, posedge: 1, negedge: 0, noedge: 0, bothedge: 0
0.0.B: Trace Attempt  4	[0.00 s]
0.0.Ht: Last scan. Per property time limit: 0s
0.0.AM: Trace Attempt  1	[0.00 s]
0.0.Ht: Trace Attempt  1	[0.00 s]
0.0.B: Trace Attempt  5	[0.00 s]
0.0.Ht: Trace Attempt  2	[0.00 s]
0.0.Ht: Trace Attempt  3	[0.00 s]
0.0.Ht: Trace Attempt  4	[0.00 s]
0.0.Ht: Trace Attempt  5	[0.00 s]
0.0.AM: Trace Attempt  2	[0.01 s]
0.0.AM: Trace Attempt  3	[0.01 s]
0.0.AM: Trace Attempt  4	[0.01 s]
0.0.Oh: Proofgrid shell started at 243242@vlsi-moon(local) jg_243144_vlsi-moon_1
0.0.AM: Trace Attempt  5	[0.01 s]
0.0.Oh: clocks: 1, declared: 1, looping: 0, posedge: 1, negedge: 0, noedge: 0, bothedge: 0
0.0.Oh: Reached length limit (2147483647) [0.00 s]
0.0.Oh: Exited with Success (@ 0.10 s)
0.0.AM: Trace Attempt  1	[0.02 s]
0.0.AM: Trace Attempt  2	[0.02 s]
0.0.AM: Trace Attempt  3	[0.02 s]
0.0.AM: Trace Attempt  4	[0.02 s]
0.0.AM: Trace Attempt  5	[0.03 s]
0.0.AM: Trace Attempt  1	[0.07 s]
0.0.AM: Trace Attempt  2	[0.07 s]
0.0.AM: Trace Attempt  3	[0.07 s]
0.0.AM: Trace Attempt  4	[0.07 s]
0.0.AM: Trace Attempt  5	[0.07 s]
0.0.N: Trace Attempt  1	[0.18 s]
0.0.N: Trace Attempt  2	[0.18 s]
0.0.N: Trace Attempt  3	[0.18 s]
0.0.N: Trace Attempt  4	[0.19 s]
0.0.N: Trace Attempt  5	[0.19 s]
0.0.AM: Trace Attempt  1	[0.24 s]
0.0.AM: Trace Attempt  2	[0.24 s]
0.0.AM: Trace Attempt  3	[0.24 s]
0.0.AM: Trace Attempt  4	[0.25 s]
0.0.AM: Trace Attempt  5	[0.25 s]
0.0.N: Trace Attempt  1	[0.85 s]
0.0.N: Trace Attempt  2	[0.85 s]
0.0.N: Trace Attempt  3	[0.85 s]
0.0.N: Trace Attempt  4	[0.85 s]
0.0.N: Trace Attempt  5	[0.86 s]
0.0.AM: Trace Attempt  1	[0.86 s]
0.0.AM: Trace Attempt  2	[0.87 s]
0.0.AM: Trace Attempt  3	[0.87 s]
0.0.AM: Trace Attempt  4	[0.87 s]
0.0.AM: Trace Attempt  5	[0.87 s]
0.0.N: Trace Attempt  1	[3.22 s]
0.0.N: Trace Attempt  2	[3.22 s]
0.0.N: Trace Attempt  3	[3.22 s]
0.0.N: Trace Attempt  4	[3.23 s]
0.0.N: Trace Attempt  5	[3.23 s]
0.0.AM: Trace Attempt  1	[3.44 s]
0.0.AM: Trace Attempt  2	[3.44 s]
0.0.AM: Trace Attempt  3	[3.44 s]
0.0.AM: Trace Attempt  4	[3.44 s]
0.0.AM: Trace Attempt  5	[3.45 s]
0.0.Hp: Trace Attempt 343	[4.02 s]
0.0.B: Trace Attempt 1228	[4.01 s]
0.0.Ht: Trace Attempt 1761	[4.01 s]
0.0.N: Trace Attempt 143	[7.26 s]
0.0.AM: Trace Attempt 150	[7.45 s]
0.0.Hp: Trace Attempt 477	[8.05 s]
0.0.Ht: Trace Attempt 2413	[8.01 s]
0.0.B: Trace Attempt 1687	[8.04 s]
0.0.N: Trace Attempt 223	[11.27 s]
0.0.AM: Trace Attempt 215	[11.48 s]
0.0.Hp: Trace Attempt 584	[12.09 s]
0.0.B: Trace Attempt 2095	[12.04 s]
0.0.N: Trace Attempt  1	[12.67 s]
0.0.N: Trace Attempt  2	[12.67 s]
0.0.N: Trace Attempt  3	[12.67 s]
0.0.N: Trace Attempt  4	[12.67 s]
0.0.N: Trace Attempt  5	[12.67 s]
0.0.AM: Trace Attempt  1	[13.77 s]
0.0.AM: Trace Attempt  2	[13.77 s]
0.0.AM: Trace Attempt  3	[13.77 s]
0.0.AM: Trace Attempt  4	[13.77 s]
0.0.AM: Trace Attempt  5	[13.77 s]
0.0.Hp: Trace Attempt 668	[16.11 s]
0.0.B: Trace Attempt 2416	[16.05 s]
0.0.N: Trace Attempt 145	[16.69 s]
0.0.AM: Trace Attempt 147	[17.77 s]
0.0.Ht: Trace Attempt 2504	[19.01 s]
0.0.N: Trace Attempt 223	[20.70 s]
0.0.AM: Trace Attempt 223	[21.79 s]
0.0.Hp: Trace Attempt 708	[21.98 s]
0.0.N: Trace Attempt  1	[22.30 s]
0.0.N: Trace Attempt  2	[22.30 s]
0.0.N: Trace Attempt  3	[22.30 s]
0.0.N: Trace Attempt  4	[22.30 s]
0.0.N: Trace Attempt  5	[22.30 s]
0.0.B: Trace Attempt 2503	[23.02 s]
0.0.AM: Trace Attempt 245	[25.80 s]
0.0.Hp: Trace Attempt 843	[25.99 s]
0.0.N: Trace Attempt 145	[26.32 s]
0.0.B: Trace Attempt 2516	[27.08 s]
0.0.AM: Trace Attempt 266	[29.89 s]
0.0.Hp: Trace Attempt 958	[30.02 s]
0.0.N: Trace Attempt 226	[30.34 s]
0.0.N: Trace Attempt  1	[31.64 s]
0.0.N: Trace Attempt  2	[31.64 s]
0.0.N: Trace Attempt  3	[31.64 s]
0.0.N: Trace Attempt  4	[31.65 s]
0.0.N: Trace Attempt  5	[31.65 s]
0.0.Hp: Trace Attempt 1054	[34.03 s]
0.0.AM: Trace Attempt 301	[33.99 s]
0.0.N: Trace Attempt 146	[35.67 s]
0.0.Hp: Trace Attempt 1143	[38.06 s]
0.0.AM: Trace Attempt 338	[38.02 s]
0.0.N: Trace Attempt 226	[39.71 s]
0.0.N: Trace Attempt  1	[41.10 s]
0.0.N: Trace Attempt  2	[41.10 s]
0.0.N: Trace Attempt  3	[41.10 s]
0.0.N: Trace Attempt  4	[41.10 s]
0.0.N: Trace Attempt  5	[41.10 s]
0.0.B: Trace Attempt 2518	[41.41 s]
0.0.Hp: Trace Attempt 1226	[42.09 s]
0.0.AM: Trace Attempt 362	[42.04 s]
0.0.N: Trace Attempt 143	[45.12 s]
0.0.B: Trace Attempt 2531	[45.41 s]
0.0.Hp: Trace Attempt 1302	[46.11 s]
0.0.AM: Trace Attempt 397	[46.05 s]
0.0.N: Trace Attempt 224	[49.13 s]
0.0.B: Trace Attempt 2542	[49.49 s]
0.0.Hp: Trace Attempt 1373	[50.14 s]
0.0.AM: Trace Attempt 431	[50.18 s]
0.0.N: Trace Attempt  1	[50.69 s]
0.0.N: Trace Attempt  2	[50.70 s]
0.0.N: Trace Attempt  3	[50.70 s]
0.0.N: Trace Attempt  4	[50.70 s]
0.0.N: Trace Attempt  5	[50.70 s]
0.0.B: Trace Attempt 2556	[53.63 s]
0.0.Hp: Trace Attempt 1439	[54.15 s]
0.0.AM: Trace Attempt 462	[54.44 s]
0.0.N: Trace Attempt 145	[54.73 s]
0.0.B: Trace Attempt 2571	[57.84 s]
0.0.Hp: Trace Attempt 1501	[58.19 s]
0.0.AM: Trace Attempt 510	[58.44 s]
0.0.N: Trace Attempt 226	[58.73 s]
0.0.Ht: Trace Attempt 2505	[58.93 s]
0.0.N: Trace Attempt  1	[60.10 s]
0.0.N: Trace Attempt  2	[60.10 s]
0.0.N: Trace Attempt  3	[60.10 s]
0.0.N: Trace Attempt  4	[60.10 s]
0.0.N: Trace Attempt  5	[60.10 s]
0.0.B: Trace Attempt 2584	[62.11 s]
0.0.Hp: Trace Attempt 1559	[62.22 s]
0.0.AM: Trace Attempt  1	[62.19 s]
0.0.AM: Trace Attempt  2	[62.20 s]
0.0.AM: Trace Attempt  3	[62.20 s]
0.0.AM: Trace Attempt  4	[62.20 s]
0.0.AM: Trace Attempt  5	[62.20 s]
0.0.N: Trace Attempt 145	[64.13 s]
0.0.Hp: Trace Attempt 1614	[66.23 s]
0.0.B: Trace Attempt 2598	[66.20 s]
0.0.AM: Trace Attempt 206	[66.21 s]
0.0.N: Trace Attempt 226	[68.18 s]
0.0.N: Trace Attempt  1	[69.90 s]
0.0.N: Trace Attempt  2	[69.90 s]
0.0.N: Trace Attempt  3	[69.90 s]
0.0.N: Trace Attempt  4	[69.91 s]
0.0.N: Trace Attempt  5	[69.91 s]
0.0.Hp: Trace Attempt 1668	[70.27 s]
0.0.AM: Trace Attempt 262	[70.21 s]
0.0.B: Trace Attempt 2612	[70.54 s]
0.0.N: Trace Attempt 131	[73.97 s]
0.0.Hp: Trace Attempt 1721	[74.30 s]
0.0.AM: Trace Attempt 326	[74.28 s]
0.0.B: Trace Attempt 2625	[74.63 s]
0.0.N: Trace Attempt 207	[77.97 s]
0.0.Hp: Trace Attempt 1771	[78.32 s]
0.0.AM: Trace Attempt 385	[78.31 s]
0.0.B: Trace Attempt 2642	[78.73 s]
0.0.N: Trace Attempt 237	[82.14 s]
0.0.Hp: Trace Attempt 1820	[82.40 s]
0.0.AM: Trace Attempt 443	[82.37 s]
0.0.B: Trace Attempt 2658	[82.88 s]
0.0.N: Trace Attempt 260	[86.19 s]
0.0.Hp: Trace Attempt 1866	[86.45 s]
0.0.AM: Trace Attempt 464	[86.51 s]
0.0.B: Trace Attempt 2674	[86.93 s]
0.0.N: Trace Attempt 294	[90.21 s]
0.0.Hp: Trace Attempt 1913	[90.50 s]
0.0.AM: Trace Attempt 490	[90.68 s]
0.0.B: Trace Attempt 2687	[91.15 s]
0.0.N: Trace Attempt 325	[94.24 s]
0.0.Hp: Trace Attempt 1958	[94.53 s]
0.0.AM: Trace Attempt 519	[94.69 s]
0.0.B: Trace Attempt 2699	[95.33 s]
0.0.N: Trace Attempt 346	[98.33 s]
0.0.Hp: Trace Attempt 2000	[98.61 s]
0.0.AM: Trace Attempt 549	[98.80 s]
0.0.B: Trace Attempt 2711	[99.42 s]
0.0.N: Trace Attempt 368	[102.48 s]
0.0.Hp: Trace Attempt 2041	[102.62 s]
0.0.AM: Trace Attempt 576	[102.88 s]
0.0.B: Trace Attempt 2722	[103.49 s]
0.0.Hp: Trace Attempt 2083	[106.63 s]
0.0.N: Trace Attempt 395	[106.64 s]
0.0.AM: Trace Attempt 602	[106.97 s]
0.0.B: Trace Attempt 2733	[107.55 s]
0.0.Hp: Trace Attempt 2120	[110.68 s]
0.0.N: Trace Attempt 424	[110.81 s]
0.0.AM: Trace Attempt 631	[111.16 s]
0.0.B: Trace Attempt 2746	[112.01 s]
0.0.Hp: Trace Attempt 2159	[114.80 s]
0.0.N: Trace Attempt 453	[114.94 s]
0.0.AM: Trace Attempt 659	[115.37 s]
0.0.B: Trace Attempt 2758	[116.03 s]
0.0.N: Trace Attempt  1	[117.40 s]
0.0.N: Trace Attempt  2	[117.40 s]
0.0.N: Trace Attempt  3	[117.40 s]
0.0.N: Trace Attempt  4	[117.41 s]
0.0.N: Trace Attempt  5	[117.41 s]
0.0.Hp: Trace Attempt 2193	[118.82 s]
0.0.AM: Trace Attempt 679	[119.39 s]
0.0.B: Trace Attempt 2771	[120.39 s]
0.0.N: Trace Attempt 131	[121.41 s]
0.0.Hp: Trace Attempt 2222	[122.83 s]
0.0.AM: Trace Attempt 695	[123.45 s]
0.0.B: Trace Attempt 2783	[124.50 s]
0.0.Ht: Trace Attempt 2506	[125.37 s]
0.0.N: Trace Attempt 208	[125.46 s]
0.0.Hp: Trace Attempt 2251	[126.90 s]
0.0.AM: Trace Attempt 717	[127.57 s]
0.0.B: Trace Attempt 2796	[128.66 s]
0.0.N: Trace Attempt 237	[129.60 s]
0.0.Hp: Trace Attempt 2281	[130.91 s]
0.0.AM: Trace Attempt 739	[131.59 s]
0.0.B: Trace Attempt 2807	[132.75 s]
0.0.N: Trace Attempt 260	[133.65 s]
0.0.Hp: Trace Attempt 2312	[134.94 s]
0.0.AM: Trace Attempt 759	[135.59 s]
0.0.B: Trace Attempt 2819	[137.05 s]
0.0.N: Trace Attempt 295	[137.69 s]
0.0.Hp: Trace Attempt 2344	[139.04 s]
0.0.AM: Trace Attempt 782	[139.74 s]
0.0.B: Trace Attempt 2833	[141.33 s]
0.0.N: Trace Attempt 326	[141.78 s]
0.0.Hp: Trace Attempt 2375	[143.13 s]
0.0.AM: Trace Attempt 803	[143.80 s]
0.0.B: Trace Attempt 2847	[145.38 s]
0.0.N: Trace Attempt 347	[145.91 s]
0.0.Hp: Trace Attempt 2403	[147.26 s]
0.0.AM: Trace Attempt 826	[147.97 s]
0.0.B: Trace Attempt 2862	[149.59 s]
0.0.N: Trace Attempt 368	[149.92 s]
0.0.Hp: Trace Attempt 2430	[151.38 s]
0.0.AM: Trace Attempt 848	[152.08 s]
0.0.B: Trace Attempt 2874	[153.78 s]
0.0.N: Trace Attempt 395	[154.06 s]
0.0.Hp: Trace Attempt 2457	[155.49 s]
0.0.AM: Trace Attempt 869	[156.14 s]
0.0.B: Trace Attempt 2887	[158.04 s]
0.0.N: Trace Attempt 424	[158.20 s]
0.0.Hp: Trace Attempt 2483	[159.61 s]
0.0.AM: Trace Attempt 892	[160.20 s]
0.0.B: Trace Attempt 2900	[162.06 s]
0.0.N: Trace Attempt 453	[162.35 s]
0.0.Hp: Trace Attempt 2503	[164.29 s]
0.0.AM: Trace Attempt 912	[164.24 s]
0.0.N: Trace Attempt  1	[164.88 s]
0.0.N: Trace Attempt  2	[164.88 s]
0.0.N: Trace Attempt  3	[164.89 s]
0.0.N: Trace Attempt  4	[164.90 s]
0.0.N: Trace Attempt  5	[164.90 s]
0.0.B: Trace Attempt 2913	[166.28 s]
0.0.N: Trace Attempt 132	[168.91 s]
0.0.AM: Trace Attempt 918	[169.03 s]
0.0.B: Trace Attempt 2926	[170.32 s]
0.0.N: Trace Attempt 209	[172.93 s]
0.0.AM: Trace Attempt 517	[173.35 s]
0.0.B: Trace Attempt 2937	[174.50 s]
0.0.Ht: Trace Attempt 2511	[175.03 s]
0.0.N: Trace Attempt 237	[176.97 s]
0.0.AM: Trace Attempt 696	[177.36 s]
0.0.B: Trace Attempt 2951	[178.71 s]
0.0.Hp: Trace Attempt 2504	[179.07 s]
0.0.N: Trace Attempt 260	[181.04 s]
0.0.N: Trace Attempt 261	[181.16 s]
0.0.N: Stopped processing property "DELAY.p1"	[181.19 s].
0.0.N: Morphing to Ncustom1
0.0.N: All properties determined. [0.00 s]
0.0.N: Exited with Success (@ 0.00 s)
0.0.Ncustom1: clocks: 1, declared: 1, looping: 0, posedge: 1, negedge: 0, noedge: 0, bothedge: 0
0.0.Ncustom1: Starting proof for property "DELAY.p1"	[0.00 s].
0.0.Ncustom1: Trace Attempt 456	[0.06 s]
0.0.Tri: Proofgrid shell started at 244749@vlsi-moon(local) jg_243144_vlsi-moon_1
0.0.Tri: clocks: 1, declared: 1, looping: 0, posedge: 1, negedge: 0, noedge: 0, bothedge: 0
0.0.Tri: Last scan. Per property time limit: 0s
0.0.Tri: Starting proof for property "DELAY.p1"	[0.00 s].
0.0.Tri: Trace Attempt  1	[0.00 s]
0.0.B: Trace Attempt 2958	[180.85 s]
0.0.B: Stopped processing property "DELAY.p1"	[181.23 s].
0.0.B: Morphing to Bcustom2
0.0.B: All properties determined. [0.00 s]
0.0.B: Exited with Success (@ 0.00 s)
0.0.Bcustom2: clocks: 1, declared: 1, looping: 0, posedge: 1, negedge: 0, noedge: 0, bothedge: 0
0.0.Bcustom2: Starting proof for property "DELAY.p1"	[0.00 s].
0.0.Bcustom2: Trace Attempt  1	[0.00 s]
0.0.Bcustom2: Trace Attempt  2	[0.00 s]
0.0.Bcustom2: Trace Attempt  1	[0.00 s]
0.0.Bcustom2: Trace Attempt  2	[0.00 s]
0.0.Bcustom2: Trace Attempt  3	[0.00 s]
0.0.Bcustom2: Trace Attempt  4	[0.00 s]
0.0.Bcustom2: Trace Attempt  5	[0.00 s]
0.0.Bcustom2: Trace Attempt  1	[0.00 s]
0.0.Bcustom2: Trace Attempt  2	[0.00 s]
0.0.Bcustom2: Trace Attempt  3	[0.00 s]
0.0.Bcustom2: Trace Attempt  4	[0.00 s]
0.0.Bcustom2: Trace Attempt  5	[0.00 s]
0.0.Bcustom2: Trace Attempt  1	[0.01 s]
0.0.Bcustom2: Trace Attempt  2	[0.01 s]
0.0.Bcustom2: Trace Attempt  3	[0.01 s]
0.0.Bcustom2: Trace Attempt  4	[0.01 s]
0.0.Bcustom2: Trace Attempt  5	[0.01 s]
0.0.Bcustom2: Trace Attempt  1	[0.02 s]
0.0.Bcustom2: Trace Attempt  2	[0.02 s]
0.0.Bcustom2: Trace Attempt  3	[0.02 s]
0.0.Bcustom2: Trace Attempt  4	[0.02 s]
0.0.Bcustom2: Trace Attempt  5	[0.02 s]
0.0.Bcustom2: Trace Attempt  1	[0.04 s]
0.0.Bcustom2: Trace Attempt  2	[0.04 s]
0.0.Bcustom2: Trace Attempt  3	[0.04 s]
0.0.Bcustom2: Trace Attempt  4	[0.04 s]
0.0.Bcustom2: Trace Attempt  5	[0.04 s]
0.0.Tri:    0.00" ---- Launching main thread ----
0.0.AM: Trace Attempt 794	[180.54 s]
0.0.AM: Stopped processing property "DELAY.p1"	[181.30 s].
0.0.AM: Morphing to AMcustom3
0.0.AM: All properties determined. [0.00 s]
0.0.AM: Exited with Success (@ 0.00 s)
0.0.AMcustom3: clocks: 1, declared: 1, looping: 0, posedge: 1, negedge: 0, noedge: 0, bothedge: 0
0.0.AMcustom3: Starting proof for property "DELAY.p1"	[0.00 s].
0.0.AMcustom3: Trace Attempt  1	[0.00 s]
0.0.AMcustom3: Trace Attempt  2	[0.00 s]
0.0.AMcustom3: Trace Attempt  3	[0.00 s]
0.0.AMcustom3: Trace Attempt  4	[0.00 s]
0.0.AMcustom3: Trace Attempt  5	[0.00 s]
0.0.AMcustom3: Trace Attempt  1	[0.00 s]
0.0.AMcustom3: Trace Attempt  2	[0.01 s]
0.0.AMcustom3: Trace Attempt  3	[0.01 s]
0.0.Tri:    0.04" ---- Launching abstraction thread ----
0.0.Bcustom2: Trace Attempt  1	[0.10 s]
0.0.Bcustom2: Trace Attempt  2	[0.10 s]
0.0.Bcustom2: Trace Attempt  3	[0.10 s]
0.0.Bcustom2: Trace Attempt  4	[0.10 s]
0.0.Bcustom2: Trace Attempt  5	[0.10 s]
0.0.Tri:    0.04" ---- Launching multi-phase simplification thread ----
0.0.AMcustom3: Trace Attempt  4	[0.03 s]
0.0.AMcustom3: Trace Attempt  5	[0.03 s]
0.0.AMcustom3: Trace Attempt  1	[0.04 s]
0.0.AMcustom3: Trace Attempt  2	[0.04 s]
0.0.AMcustom3: Trace Attempt  3	[0.04 s]
0.0.Tri:    0.06" ---- Launching liveness simplification thread ----
0.0.AMcustom3: Trace Attempt  4	[0.04 s]
0.0.AMcustom3: Trace Attempt  5	[0.04 s]
0.0.AMcustom3: Trace Attempt  1	[0.08 s]
0.0.AMcustom3: Trace Attempt  2	[0.09 s]
0.0.AMcustom3: Trace Attempt  3	[0.09 s]
0.0.AMcustom3: Trace Attempt  4	[0.09 s]
0.0.AMcustom3: Trace Attempt  5	[0.09 s]
0.0.Bcustom2: Trace Attempt  1	[0.30 s]
0.0.Bcustom2: Trace Attempt  2	[0.30 s]
0.0.Bcustom2: Trace Attempt  3	[0.30 s]
0.0.Bcustom2: Trace Attempt  4	[0.30 s]
0.0.Bcustom2: Trace Attempt  5	[0.30 s]
0.0.AMcustom3: Trace Attempt  1	[0.25 s]
0.0.AMcustom3: Trace Attempt  2	[0.26 s]
0.0.AMcustom3: Trace Attempt  3	[0.26 s]
0.0.AMcustom3: Trace Attempt  4	[0.26 s]
0.0.AMcustom3: Trace Attempt  5	[0.26 s]
0.0.Bcustom2: Trace Attempt  1	[0.82 s]
0.0.Bcustom2: Trace Attempt  2	[0.82 s]
0.0.Bcustom2: Trace Attempt  3	[0.82 s]
0.0.Bcustom2: Trace Attempt  4	[0.82 s]
0.0.Bcustom2: Trace Attempt  5	[0.82 s]
0.0.Bcustom2: Trace Attempt 97	[0.84 s]
0.0.Bcustom2: Stopped processing property "DELAY.p1"	[0.84 s].
0.0.Bcustom2: Morphing to D
0.0.Bcustom2: All properties determined. [0.00 s]
0.0.Bcustom2: Exited with Success (@ 0.00 s)
0.0.AMcustom3: Trace Attempt 60	[0.75 s]
0.0.AMcustom3: Stopped processing property "DELAY.p1"	[0.76 s].
0.0.AMcustom3: Morphing to M
0.0.AMcustom3: All properties determined. [0.00 s]
0.0.AMcustom3: Exited with Success (@ 0.00 s)
0.0.D: clocks: 1, declared: 1, looping: 0, posedge: 1, negedge: 0, noedge: 0, bothedge: 0
0.0.D: Starting proof for property "DELAY.p1"	[0.00 s].
0.0.M: clocks: 1, declared: 1, looping: 0, posedge: 1, negedge: 0, noedge: 0, bothedge: 0
0.0.M: Starting proof for property "DELAY.p1"	[0.00 s].
0.0.D: Trace Attempt  1	[0.00 s]
0.0.M: Trace Attempt  1	[0.00 s]
0.0.D: Trace Attempt  2	[0.00 s]
0.0.M: Trace Attempt  2	[0.00 s]
0.0.M: Trace Attempt  3	[0.00 s]
0.0.D: Trace Attempt  4	[0.00 s]
0.0.M: Trace Attempt  4	[0.01 s]
0.0.M: Trace Attempt  5	[0.01 s]
0.0.Tri: Stopped processing property "DELAY.p1"	[0.93 s].
0.0.Tri: Morphing to AMcustom5
0.0.Tri: All properties determined. [0.00 s]
0.0.Tri: Exited with Success (@ 0.00 s)
0.0.AMcustom5: clocks: 1, declared: 1, looping: 0, posedge: 1, negedge: 0, noedge: 0, bothedge: 0
0.0.AMcustom5: Starting proof for property "DELAY.p1"	[0.00 s].
0.0.AMcustom5: Trace Attempt  1	[0.00 s]
0.0.AMcustom5: Trace Attempt  2	[0.00 s]
0.0.AMcustom5: Trace Attempt  1	[0.01 s]
0.0.AMcustom5: Trace Attempt  2	[0.01 s]
0.0.AMcustom5: Trace Attempt  3	[0.01 s]
0.0.AMcustom5: Trace Attempt  4	[0.01 s]
0.0.AMcustom5: Trace Attempt  5	[0.01 s]
0.0.AMcustom5: Trace Attempt  1	[0.02 s]
0.0.AMcustom5: Trace Attempt  2	[0.02 s]
0.0.AMcustom5: Trace Attempt  3	[0.02 s]
0.0.AMcustom5: Trace Attempt  4	[0.02 s]
0.0.AMcustom5: Trace Attempt  5	[0.02 s]
0.0.AMcustom5: Trace Attempt  1	[0.02 s]
0.0.AMcustom5: Trace Attempt  2	[0.02 s]
0.0.AMcustom5: Trace Attempt  3	[0.02 s]
0.0.AMcustom5: Trace Attempt  4	[0.03 s]
0.0.AMcustom5: Trace Attempt  5	[0.03 s]
0.0.AMcustom5: Trace Attempt  1	[0.04 s]
0.0.AMcustom5: Trace Attempt  2	[0.04 s]
0.0.AMcustom5: Trace Attempt  3	[0.04 s]
0.0.AMcustom5: Trace Attempt  4	[0.04 s]
0.0.AMcustom5: Trace Attempt  5	[0.04 s]
0.0.AMcustom5: Trace Attempt  1	[0.04 s]
0.0.AMcustom5: Trace Attempt  2	[0.05 s]
0.0.AMcustom5: Trace Attempt  3	[0.05 s]
0.0.AMcustom5: Trace Attempt  4	[0.05 s]
0.0.AMcustom5: Trace Attempt  5	[0.05 s]
0.0.AMcustom5: Trace Attempt  1	[0.06 s]
0.0.AMcustom5: Trace Attempt  2	[0.06 s]
0.0.AMcustom5: Trace Attempt  3	[0.06 s]
0.0.AMcustom5: Trace Attempt  4	[0.06 s]
0.0.AMcustom5: Trace Attempt  5	[0.06 s]
0.0.AMcustom5: Trace Attempt  1	[0.11 s]
0.0.AMcustom5: Trace Attempt  2	[0.11 s]
0.0.AMcustom5: Trace Attempt  3	[0.11 s]
0.0.AMcustom5: Trace Attempt  4	[0.11 s]
0.0.AMcustom5: Trace Attempt  5	[0.11 s]
0.0.AMcustom5: Trace Attempt  1	[0.11 s]
0.0.AMcustom5: Trace Attempt  2	[0.12 s]
0.0.AMcustom5: Trace Attempt  3	[0.12 s]
0.0.AMcustom5: Trace Attempt  4	[0.12 s]
0.0.AMcustom5: Trace Attempt  5	[0.12 s]
0.0.AMcustom5: Trace Attempt  1	[0.13 s]
0.0.AMcustom5: Trace Attempt  2	[0.13 s]
0.0.AMcustom5: Trace Attempt  3	[0.13 s]
0.0.AMcustom5: Trace Attempt  4	[0.13 s]
0.0.AMcustom5: Trace Attempt  5	[0.13 s]
0.0.AMcustom5: Trace Attempt  1	[0.17 s]
0.0.AMcustom5: Trace Attempt  2	[0.17 s]
0.0.AMcustom5: Trace Attempt  3	[0.17 s]
0.0.AMcustom5: Trace Attempt  4	[0.18 s]
0.0.AMcustom5: Trace Attempt  5	[0.18 s]
0.0.AMcustom5: Trace Attempt  1	[0.33 s]
0.0.AMcustom5: Trace Attempt  2	[0.33 s]
0.0.AMcustom5: Trace Attempt  3	[0.33 s]
0.0.AMcustom5: Trace Attempt  4	[0.33 s]
0.0.AMcustom5: Trace Attempt  5	[0.34 s]
0.0.AMcustom5: Trace Attempt  1	[0.34 s]
0.0.AMcustom5: Trace Attempt  2	[0.34 s]
0.0.AMcustom5: Trace Attempt  3	[0.34 s]
0.0.AMcustom5: Trace Attempt  4	[0.34 s]
0.0.AMcustom5: Trace Attempt  5	[0.34 s]
0.0.AMcustom5: Trace Attempt  1	[0.35 s]
0.0.AMcustom5: Trace Attempt  2	[0.35 s]
0.0.AMcustom5: Trace Attempt  3	[0.35 s]
0.0.AMcustom5: Trace Attempt  4	[0.35 s]
0.0.AMcustom5: Trace Attempt  5	[0.36 s]
0.0.AMcustom5: Trace Attempt  1	[0.39 s]
0.0.AMcustom5: Trace Attempt  2	[0.39 s]
0.0.AMcustom5: Trace Attempt  3	[0.39 s]
0.0.AMcustom5: Trace Attempt  4	[0.40 s]
0.0.AMcustom5: Trace Attempt  5	[0.40 s]
0.0.AMcustom5: Trace Attempt  1	[0.54 s]
0.0.AMcustom5: Trace Attempt  2	[0.55 s]
0.0.AMcustom5: Trace Attempt  3	[0.55 s]
0.0.AMcustom5: Trace Attempt  4	[0.55 s]
0.0.AMcustom5: Trace Attempt  5	[0.55 s]
0.0.AMcustom5: Trace Attempt  1	[1.13 s]
0.0.AMcustom5: Trace Attempt  2	[1.13 s]
0.0.AMcustom5: Trace Attempt  3	[1.13 s]
0.0.AMcustom5: Trace Attempt  4	[1.13 s]
0.0.AMcustom5: Trace Attempt  5	[1.13 s]
0.0.AMcustom5: Trace Attempt  1	[1.13 s]
0.0.AMcustom5: Trace Attempt  2	[1.14 s]
0.0.AMcustom5: Trace Attempt  3	[1.14 s]
0.0.AMcustom5: Trace Attempt  4	[1.14 s]
0.0.AMcustom5: Trace Attempt  5	[1.14 s]
0.0.Ncustom1: Trace Attempt  1	[2.19 s]
0.0.Ncustom1: Trace Attempt  2	[2.20 s]
0.0.AMcustom5: Trace Attempt  1	[1.15 s]
0.0.AMcustom5: Trace Attempt  2	[1.15 s]
0.0.Ncustom1: Trace Attempt  3	[2.20 s]
0.0.AMcustom5: Trace Attempt  3	[1.15 s]
0.0.AMcustom5: Trace Attempt  4	[1.15 s]
0.0.AMcustom5: Trace Attempt  5	[1.15 s]
0.0.Ncustom1: Trace Attempt  4	[2.20 s]
0.0.Ncustom1: Trace Attempt  5	[2.20 s]
0.0.AMcustom5: Trace Attempt  1	[1.19 s]
0.0.AMcustom5: Trace Attempt  2	[1.19 s]
0.0.AMcustom5: Trace Attempt  3	[1.19 s]
0.0.AMcustom5: Trace Attempt  4	[1.19 s]
0.0.AMcustom5: Trace Attempt  5	[1.20 s]
0.0.AMcustom5: Trace Attempt  1	[1.33 s]
0.0.AMcustom5: Trace Attempt  2	[1.34 s]
0.0.AMcustom5: Trace Attempt  3	[1.34 s]
0.0.AMcustom5: Trace Attempt  4	[1.34 s]
0.0.AMcustom5: Trace Attempt  5	[1.34 s]
0.0.AMcustom5: Trace Attempt  1	[1.89 s]
0.0.AMcustom5: Trace Attempt  2	[1.90 s]
0.0.AMcustom5: Trace Attempt  3	[1.90 s]
0.0.AMcustom5: Trace Attempt  4	[1.90 s]
0.0.AMcustom5: Trace Attempt  5	[1.90 s]
0.0.D: Trace Attempt 64	[0.92 s]
0.0.D: Stopped processing property "DELAY.p1"	[2.34 s].
0.0.Ncustom1: Trace Attempt 70	[3.29 s]
0.0.Ncustom1: Stopped processing property "DELAY.p1"	[3.29 s].
0.0.D: Morphing to AMcustom3
0.0.D: All properties determined. [0.00 s]
0.0.D: Exited with Success (@ 0.00 s)
0.0.AMcustom3: clocks: 1, declared: 1, looping: 0, posedge: 1, negedge: 0, noedge: 0, bothedge: 0
0.0.AMcustom3: Starting proof for property "DELAY.p1"	[0.00 s].
0.0.AMcustom3: Trace Attempt  1	[0.00 s]
0.0.Ncustom1: Morphing to Bcustom2
0.0.Ncustom1: All properties determined. [0.00 s]
0.0.Ncustom1: Exited with Success (@ 0.00 s)
0.0.AMcustom3: Trace Attempt  2	[0.00 s]
0.0.AMcustom3: Trace Attempt  3	[0.00 s]
0.0.Bcustom2: clocks: 1, declared: 1, looping: 0, posedge: 1, negedge: 0, noedge: 0, bothedge: 0
0.0.Bcustom2: Starting proof for property "DELAY.p1"	[0.00 s].
0.0.AMcustom3: Trace Attempt  4	[0.00 s]
0.0.Bcustom2: Trace Attempt  1	[0.00 s]
0.0.Bcustom2: Trace Attempt  2	[0.00 s]
0.0.AMcustom3: Trace Attempt  5	[0.00 s]
0.0.Bcustom2: Trace Attempt  1	[0.00 s]
0.0.Bcustom2: Trace Attempt  2	[0.00 s]
0.0.AMcustom3: Trace Attempt  1	[0.00 s]
0.0.Bcustom2: Trace Attempt  3	[0.00 s]
0.0.Bcustom2: Trace Attempt  4	[0.00 s]
0.0.Bcustom2: Trace Attempt  5	[0.00 s]
0.0.AMcustom5: Trace Attempt 54	[2.25 s]
0.0.AMcustom5: Stopped processing property "DELAY.p1"	[2.25 s].
0.0.AMcustom5: Morphing to ADcustom7
0.0.AMcustom5: All properties determined. [0.00 s]
0.0.AMcustom5: Exited with Success (@ 0.00 s)
0.0.ADcustom7: clocks: 1, declared: 1, looping: 0, posedge: 1, negedge: 0, noedge: 0, bothedge: 0
0.0.ADcustom7: Starting proof for property "DELAY.p1"	[0.00 s].
0.0.AMcustom3: Trace Attempt  2	[0.01 s]
0.0.AMcustom3: Trace Attempt  3	[0.01 s]
0.0.Bcustom2: Trace Attempt  1	[0.00 s]
0.0.Bcustom2: Trace Attempt  2	[0.00 s]
0.0.Bcustom2: Trace Attempt  3	[0.00 s]
0.0.ADcustom7: Trace Attempt  1	[0.00 s]
0.0.Bcustom2: Trace Attempt  4	[0.01 s]
0.0.Bcustom2: Trace Attempt  5	[0.01 s]
0.0.ADcustom7: Trace Attempt  2	[0.00 s]
0.0.AMcustom3: Trace Attempt  4	[0.01 s]
0.0.AMcustom3: Trace Attempt  5	[0.01 s]
0.0.ADcustom7: Trace Attempt  1	[0.01 s]
0.0.ADcustom7: Trace Attempt  2	[0.01 s]
0.0.Bcustom2: Trace Attempt  1	[0.01 s]
0.0.Bcustom2: Trace Attempt  2	[0.01 s]
0.0.Bcustom2: Trace Attempt  3	[0.01 s]
0.0.ADcustom7: Trace Attempt  3	[0.01 s]
0.0.Bcustom2: Trace Attempt  4	[0.01 s]
0.0.Bcustom2: Trace Attempt  5	[0.01 s]
0.0.ADcustom7: Trace Attempt  4	[0.01 s]
0.0.ADcustom7: Trace Attempt  5	[0.01 s]
0.0.ADcustom7: Trace Attempt  1	[0.01 s]
0.0.ADcustom7: Trace Attempt  2	[0.01 s]
0.0.ADcustom7: Trace Attempt  3	[0.01 s]
0.0.AMcustom3: Trace Attempt  1	[0.02 s]
0.0.ADcustom7: Trace Attempt  4	[0.01 s]
0.0.ADcustom7: Trace Attempt  5	[0.01 s]
0.0.AMcustom3: Trace Attempt  2	[0.02 s]
0.0.ADcustom7: Trace Attempt  1	[0.02 s]
0.0.Bcustom2: Trace Attempt  1	[0.02 s]
0.0.ADcustom7: Trace Attempt  2	[0.02 s]
0.0.AMcustom3: Trace Attempt  3	[0.02 s]
0.0.Bcustom2: Trace Attempt  2	[0.02 s]
0.0.Bcustom2: Trace Attempt  3	[0.02 s]
0.0.Bcustom2: Trace Attempt  4	[0.02 s]
0.0.Bcustom2: Trace Attempt  5	[0.02 s]
0.0.ADcustom7: Trace Attempt  3	[0.02 s]
0.0.AMcustom3: Trace Attempt  4	[0.02 s]
0.0.ADcustom7: Trace Attempt  4	[0.02 s]
0.0.AMcustom3: Trace Attempt  5	[0.03 s]
0.0.ADcustom7: Trace Attempt  1	[0.04 s]
0.0.ADcustom7: Trace Attempt  2	[0.04 s]
0.0.ADcustom7: Trace Attempt  3	[0.04 s]
0.0.ADcustom7: Trace Attempt  4	[0.04 s]
0.0.Bcustom2: Trace Attempt  1	[0.04 s]
0.0.Bcustom2: Trace Attempt  2	[0.04 s]
0.0.Bcustom2: Trace Attempt  3	[0.04 s]
0.0.ADcustom7: Trace Attempt  5	[0.04 s]
0.0.Bcustom2: Trace Attempt  4	[0.04 s]
0.0.Bcustom2: Trace Attempt  5	[0.04 s]
0.0.ADcustom7: Trace Attempt  1	[0.04 s]
0.0.ADcustom7: Trace Attempt  2	[0.04 s]
0.0.ADcustom7: Trace Attempt  3	[0.04 s]
0.0.ADcustom7: Trace Attempt  4	[0.04 s]
0.0.ADcustom7: Trace Attempt  1	[0.05 s]
0.0.ADcustom7: Trace Attempt  2	[0.05 s]
0.0.ADcustom7: Trace Attempt  3	[0.05 s]
0.0.ADcustom7: Trace Attempt  4	[0.05 s]
0.0.AMcustom3: Trace Attempt  1	[0.07 s]
0.0.AMcustom3: Trace Attempt  2	[0.07 s]
0.0.AMcustom3: Trace Attempt  3	[0.07 s]
0.0.AMcustom3: Trace Attempt  4	[0.07 s]
0.0.AMcustom3: Trace Attempt  5	[0.07 s]
0.0.Bcustom2: Trace Attempt  1	[0.10 s]
0.0.Bcustom2: Trace Attempt  2	[0.10 s]
0.0.Bcustom2: Trace Attempt  3	[0.10 s]
0.0.Bcustom2: Trace Attempt  4	[0.10 s]
0.0.Bcustom2: Trace Attempt  5	[0.10 s]
0.0.ADcustom7: Trace Attempt  1	[0.11 s]
0.0.ADcustom7: Trace Attempt  2	[0.11 s]
0.0.ADcustom7: Trace Attempt  3	[0.11 s]
0.0.ADcustom7: Trace Attempt  4	[0.11 s]
0.0.ADcustom7: Trace Attempt  5	[0.11 s]
0.0.ADcustom7: Trace Attempt  1	[0.11 s]
0.0.ADcustom7: Trace Attempt  2	[0.11 s]
0.0.ADcustom7: Trace Attempt  3	[0.11 s]
0.0.ADcustom7: Trace Attempt  4	[0.11 s]
0.0.ADcustom7: Trace Attempt  1	[0.12 s]
0.0.ADcustom7: Trace Attempt  2	[0.13 s]
0.0.ADcustom7: Trace Attempt  3	[0.13 s]
0.0.ADcustom7: Trace Attempt  4	[0.13 s]
0.0.ADcustom7: Trace Attempt  1	[0.17 s]
0.0.ADcustom7: Trace Attempt  2	[0.17 s]
0.0.ADcustom7: Trace Attempt  3	[0.17 s]
0.0.ADcustom7: Trace Attempt  4	[0.17 s]
0.0.AMcustom3: Trace Attempt  1	[0.23 s]
0.0.AMcustom3: Trace Attempt  2	[0.24 s]
0.0.AMcustom3: Trace Attempt  3	[0.24 s]
0.0.AMcustom3: Trace Attempt  4	[0.24 s]
0.0.AMcustom3: Trace Attempt  5	[0.24 s]
0.0.Bcustom2: Trace Attempt  1	[0.31 s]
0.0.Bcustom2: Trace Attempt  2	[0.31 s]
0.0.Bcustom2: Trace Attempt  3	[0.31 s]
0.0.Bcustom2: Trace Attempt  4	[0.31 s]
0.0.Bcustom2: Trace Attempt  5	[0.31 s]
0.0.ADcustom7: Trace Attempt  1	[0.38 s]
0.0.ADcustom7: Trace Attempt  2	[0.38 s]
0.0.ADcustom7: Trace Attempt  3	[0.38 s]
0.0.ADcustom7: Trace Attempt  4	[0.38 s]
0.0.ADcustom7: Trace Attempt  5	[0.38 s]
0.0.ADcustom7: Trace Attempt  1	[0.38 s]
0.0.ADcustom7: Trace Attempt  2	[0.38 s]
0.0.ADcustom7: Trace Attempt  3	[0.39 s]
0.0.ADcustom7: Trace Attempt  4	[0.39 s]
0.0.ADcustom7: Trace Attempt  1	[0.40 s]
0.0.ADcustom7: Trace Attempt  2	[0.40 s]
0.0.ADcustom7: Trace Attempt  3	[0.40 s]
0.0.ADcustom7: Trace Attempt  4	[0.40 s]
0.0.ADcustom7: Trace Attempt  1	[0.45 s]
0.0.ADcustom7: Trace Attempt  2	[0.45 s]
0.0.ADcustom7: Trace Attempt  3	[0.46 s]
0.0.ADcustom7: Trace Attempt  4	[0.46 s]
0.0.ADcustom7: Trace Attempt  1	[0.67 s]
0.0.ADcustom7: Trace Attempt  2	[0.67 s]
0.0.ADcustom7: Trace Attempt  3	[0.67 s]
0.0.ADcustom7: Trace Attempt  4	[0.67 s]
0.0.AMcustom3: Trace Attempt  1	[0.83 s]
0.0.Bcustom2: Trace Attempt  1	[0.83 s]
0.0.Bcustom2: Trace Attempt  2	[0.83 s]
0.0.Bcustom2: Trace Attempt  3	[0.83 s]
0.0.Bcustom2: Trace Attempt  4	[0.83 s]
0.0.Bcustom2: Trace Attempt  5	[0.83 s]
0.0.AMcustom3: Trace Attempt  2	[0.83 s]
0.0.AMcustom3: Trace Attempt  3	[0.83 s]
0.0.AMcustom3: Trace Attempt  4	[0.84 s]
0.0.AMcustom3: Trace Attempt  5	[0.84 s]
0.0.ADcustom7: Trace Attempt  1	[1.68 s]
0.0.ADcustom7: Trace Attempt  2	[1.68 s]
0.0.ADcustom7: Trace Attempt  3	[1.68 s]
0.0.ADcustom7: Trace Attempt  4	[1.68 s]
0.0.ADcustom7: Trace Attempt  5	[1.68 s]
0.0.ADcustom7: Trace Attempt  1	[1.68 s]
0.0.ADcustom7: Trace Attempt  2	[1.68 s]
0.0.ADcustom7: Trace Attempt  3	[1.68 s]
0.0.ADcustom7: Trace Attempt  4	[1.68 s]
0.0.ADcustom7: Trace Attempt  1	[1.70 s]
0.0.ADcustom7: Trace Attempt  2	[1.70 s]
0.0.ADcustom7: Trace Attempt  3	[1.70 s]
0.0.ADcustom7: Trace Attempt  4	[1.70 s]
0.0.M: Trace Attempt 136	[4.06 s]
0.0.ADcustom7: Trace Attempt  1	[1.74 s]
0.0.ADcustom7: Trace Attempt  2	[1.75 s]
0.0.ADcustom7: Trace Attempt  3	[1.75 s]
0.0.ADcustom7: Trace Attempt  4	[1.75 s]
0.0.ADcustom7: Trace Attempt  1	[1.94 s]
0.0.ADcustom7: Trace Attempt  2	[1.94 s]
0.0.ADcustom7: Trace Attempt  3	[1.95 s]
0.0.ADcustom7: Trace Attempt  4	[1.95 s]
0.0.Bcustom2: Trace Attempt  1	[2.13 s]
0.0.Bcustom2: Trace Attempt  2	[2.13 s]
0.0.Bcustom2: Trace Attempt  3	[2.13 s]
0.0.Bcustom2: Trace Attempt  4	[2.13 s]
0.0.Bcustom2: Trace Attempt  5	[2.13 s]
0.0.ADcustom7: Trace Attempt  1	[2.89 s]
0.0.ADcustom7: Trace Attempt  2	[2.89 s]
0.0.ADcustom7: Trace Attempt  3	[2.89 s]
0.0.ADcustom7: Trace Attempt  4	[2.89 s]
0.0.AMcustom3: Trace Attempt  1	[3.33 s]
0.0.AMcustom3: Trace Attempt  2	[3.33 s]
0.0.AMcustom3: Trace Attempt  3	[3.33 s]
0.0.AMcustom3: Trace Attempt  4	[3.33 s]
0.0.AMcustom3: Trace Attempt  5	[3.33 s]
0.0.AMcustom3: Trace Attempt 74	[4.26 s]
0.0.AMcustom3: Stopped processing property "DELAY.p1"	[4.28 s].
0.0.AMcustom3: Morphing to D
0.0.AMcustom3: All properties determined. [0.00 s]
0.0.AMcustom3: Exited with Success (@ 0.00 s)
0.0.D: clocks: 1, declared: 1, looping: 0, posedge: 1, negedge: 0, noedge: 0, bothedge: 0
0.0.ADcustom7: Trace Attempt 64	[3.77 s]
0.0.ADcustom7: Stopped processing property "DELAY.p1"	[4.28 s].
0.0.D: Starting proof for property "DELAY.p1"	[0.00 s].
0.0.ADcustom7: Morphing to Tricustom8
0.0.ADcustom7: All properties determined. [0.00 s]
0.0.ADcustom7: Exited with Success (@ 0.00 s)
0.0.Tricustom8: clocks: 1, declared: 1, looping: 0, posedge: 1, negedge: 0, noedge: 0, bothedge: 0
0.0.D: Trace Attempt 64	[0.01 s]
0.0.Tricustom8: Starting proof for property "DELAY.p1"	[0.00 s].
0.0.Tricustom8: Trace Attempt  1	[0.00 s]
0.0.M: Trace Attempt 187	[8.11 s]
0.0.Bcustom2: Trace Attempt 1025	[3.80 s]
0.0.Bcustom2: Stopped processing property "DELAY.p1"	[6.57 s].
0.0.Bcustom2: Morphing to Tri
0.0.Bcustom2: All properties determined. [0.00 s]
0.0.Bcustom2: Exited with Success (@ 0.00 s)
0.0.Tri: clocks: 1, declared: 1, looping: 0, posedge: 1, negedge: 0, noedge: 0, bothedge: 0
0.0.Tri: Starting proof for property "DELAY.p1"	[0.00 s].
0.0.Tri: Trace Attempt  1	[0.00 s]
0.0.Tri:    0.00" ---- Launching main thread ----
0.0.Tri:    0.04" ---- Launching abstraction thread ----
0.0.Tri:    0.04" ---- Launching multi-phase simplification thread ----
0.0.Tri:    0.06" ---- Launching liveness simplification thread ----
0.0.Tri:    0.90" Simplification phase 1 complete
0.0.Tri:    0.97" ---- Completed liveness simplification thread ----
0.0.Tri:    1.20" Simplification phase 2 complete
0.0.Tri:    1.45" Simplification phase 3 complete
   1.45" ---- Completed simplification thread ----
0.0.Tri:    1.45" ---- Restarting main thread on simplified netlist ----
0.0.Tri:    1.50" ---- Restarting abstraction thread on simplified netlist ----
0.0.D: Trace Attempt 128	[4.54 s]
0.0.M: Trace Attempt 240	[12.14 s]
0.0.Ht: Trace Attempt 2512	[195.95 s]
0.0.M: Trace Attempt 251	[16.15 s]
0.0.Tri: Requesting engine job to terminate
0.0.D: Requesting engine job to terminate
0.0.M: Requesting engine job to terminate
0.0.Tricustom8: Requesting engine job to terminate
0.0.Hp: Requesting engine job to terminate
0.0.Ht: Requesting engine job to terminate
INFO (IPF144): 0: Initiating shutdown of proof [201.79 s]
0.0.Tri: A proof was found: No trace exists. [10.70 s]
INFO (IPF057): 0.0.Tri: The property "DELAY.p1" was proven in 10.70 s.
0.0.D: Stopped processing property "DELAY.p1"	[13.01 s].
0.0.D: All properties determined. [13.01 s]
0.0.D: Exited with Success (@ 201.80 s)
0: ProofGrid usable level: 0
0.0.M: Trace Attempt 268	[19.55 s]
0.0.M: Stopped processing property "DELAY.p1"	[19.67 s].
0.0.M: All properties determined. [19.67 s]
0.0.M: Exited with Success (@ 201.83 s)
0.0.Tricustom8: Stopped processing property "DELAY.p1"	[13.10 s].
0.0.Tricustom8: All properties determined. [13.10 s]
0.0.Tri: Stopped processing property "DELAY.p1"	[10.81 s].
0.0.Tricustom8: Exited with Success (@ 201.90 s)
0.0.Tri: All properties determined. [10.81 s]
0.0.Tri: Exited with Success (@ 201.91 s)
0.0.Hp: Sending SIGKILL
0.0.Ht: Sending SIGKILL
0.0.Ht: Terminated by signal SIGKILL (@ 203.94 s)
0.0.Hp: Terminated by signal SIGKILL (@ 203.97 s)
0: --------------------------------------------------------------
ProofGrid Summary (utilization 99.94 %)
--------------------------------------------------------------
     engines started                               :    15
     engine jobs started                           :     7

    Average time in state (seconds)
    ------------------------------------------------------
    Engine  Pending     Running        Dead    Utilization
    ------------------------------------------------------
     Hp        0.08      201.78        0.00       99.96 %
     Ht        0.09      201.70        0.00       99.96 %
     Oh        0.10        0.00        0.00        0.43 %
    Tri        0.09      199.44        0.00       99.95 %
      D        0.09      201.57        0.00       99.96 %
      M        0.08      201.50        0.00       99.96 %
    Tricustom8        0.11       20.38        0.00       99.48 %
    all        0.09      146.63        0.00       99.94 %

    Total time in state (seconds)
    -----------------------------------------
            Pending     Running        Dead  
    -----------------------------------------
               0.64     1026.38        0.00

    Data read    : 5.38 MiB
    Data written : 4.86 kiB

0: All pending notifications were processed.
INFO (IPF059): 0: Completed proof on task: "<embedded>"

==============================================================
SUMMARY
==============================================================
           Properties Considered              : 1
                 assertions                   : 1
                  - proven                    : 1 (100%)
                  - bounded_proven (user)     : 0 (0%)
                  - bounded_proven (auto)     : 0 (0%)
                  - marked_proven             : 0 (0%)
                  - cex                       : 0 (0%)
                  - ar_cex                    : 0 (0%)
                  - undetermined              : 0 (0%)
                  - unknown                   : 0 (0%)
                  - error                     : 0 (0%)
                 covers                       : 0
                  - unreachable               : 0
                  - bounded_unreachable (user): 0
                  - covered                   : 0
                  - ar_covered                : 0
                  - undetermined              : 0
                  - unknown                   : 0
                  - error                     : 0
proven
[<embedded>] % exit -force
[<embedded>] % INFO (IPL005): Received request to exit from the console.
INFO: Waiting for proof threads to stop...
INFO: Proof threads stopped.
INFO (IPL018): The peak resident set memory use for this session was 1.880 GB.
INFO (IPL014): Waiting for the Tcl-thread to exit.
INFO (IPL015): The Tcl-thread exited with status 0.
INFO (IPL016): Exiting the analysis session with status 0.
Finished 2_delay_3.tcl successfully
