Jasper Apps 2024.06p002 64 bits 2024.09.02 16:28:38 UTC

Any disclosure about the Cadence Design Systems software or its use
model to any third party violates the written Non-Disclosure Agreement
between Cadence Design Systems, Inc. and the customer.

THIS SOFTWARE CONTAINS CONFIDENTIAL INFORMATION AND TRADE SECRETS OF
CADENCE DESIGN SYSTEMS, INC. USE, DISCLOSURE, OR REPRODUCTION IS
PROHIBITED WITHOUT THE PRIOR EXPRESS WRITTEN PERMISSION OF CADENCE
DESIGN SYSTEMS, INC.

Copyright (C) 2000-2024 Cadence Design Systems, Inc. All Rights
Reserved.  Unpublished -- rights reserved under the copyright laws of
the United States.

This product includes software developed by others and redistributed
according to license agreement. See doc/third_party_readme.txt for
further details.

RESTRICTED RIGHTS LEGEND

Use, duplication, or disclosure by the Government is subject to
restrictions as set forth in subparagraph (c) (1) (ii) of the Rights in
Technical Data and Computer Software clause at DFARS 252.227-7013 or
subparagraphs (c) (1) and (2) of Commercial Computer Software -- Restricted
Rights at 48 CFR 52.227-19, as applicable.


                          Cadence Design Systems, Inc.
                          2655 Seely Avenue
                          San Jose, CA 95134
                          Phone: 408.943.1234

For technical assistance visit http://support.cadence.com.

Jasper Apps Analysis Session - /users/rompel/jasper_executions/safety_liveness/jgprojects/2_gray_6/sessionLogs/session_0

WARNING (WG017): [session]: The system's locale is "ANSI_X3.4-1968", which is not UTF-8. Non-ASCII characters might not be handled correctly.
WARNING (WG017): [jg_console]: The system's locale is "ANSI_X3.4-1968", which is not UTF-8. Non-ASCII characters might not be handled correctly.
INFO: successfully checked out license "jasper_fao".
INFO: reading configuration file "/users/rompel/.config/cadence/jasper.conf".
% analyze -sv09 ../2_gray_6.sv
[-- (VERI-1482)] Analyzing Verilog file '/tools/cadence2425/JASPER/jasper_2024.06p002/lib/verilog/packages/std/std.sv' into library 'std'
[-- (VERI-1482)] Analyzing Verilog file '../2_gray_6.sv'
% elaborate -bbox_mul 1000000 -bbox_div 1000000 -bbox_mod 1000000 -bbox_a 1000000
[INFO (HIER-8002)] ../2_gray_6.sv(14): Disabling old hierarchical reference handler
[INFO (VERI-1018)] ../2_gray_6.sv(1): compiling module 'GRAY'
[WARN (VERI-1209)] ../2_gray_6.sv(9): expression size 32 truncated to fit in target size 13
INFO (ISW003): Top module name is "GRAY".
INFO (INL208): Elaboration synthesis summary:
  Number of synthesized netlists          1 (0 packages)
  Single run mode                         On
  Pipeline                                On (1 pipelined netlists)
  Late hierarchical reference connection  On
  Number of analyzed Verilog modules      1 (1 synthesized)
  Number of analyzed VHDL entities        0 (0 synthesized)
INFO (INL003): Clearing all state information (assumes, stopats, and so forth).
GRAY
[<embedded>] % reset rst
INFO (IPM031): Clearing proof results of all properties.
INFO (IRS006): Current reset condition is "rst".
[<embedded>] % clock clk
[<embedded>] % prove -all
Ncustom1: Custom engine code is hT3Ng7hPPfiYQOTDZ3qhYOwGAM51eA+J/FjkM5shLioAsqhgLR4Ft+O1BuKG6ilQ83B9tLXSl+CwjiTMAQA
Bcustom2: Custom engine code is hT3Nm7hPr1Vp3Di1Ra2USNIGL4JypRnLKLAdF6JAyuavO2JfGCiY9OZJhcAcOUnLx5xwNdhILGrAWX9s+z2WDkKwNR7tAfClBEjRFVQeq6DU54boFgEA
AMcustom3: Custom engine code is hT3Ng7hP/feYQOTDZ3qhYOwGAM51eA+J/FjkM5shLioAsqhgLR4Ft+O1BuKG6ilQ83B9tLXSmmqwm7g9AQA
Mpcustom4: Custom engine code is hT3NZbhP9fmY2AbBQnsjfOxn6c+6e6yL+/e8fZFmaQrnlgEA
INFO (IPF036): Starting proof on task: "<embedded>", 1 properties to prove with 0 already proven/unreachable
INFO (IRS029): Starting reset analysis: phase 1 of 4.
INFO (IRS030): Running reset analysis: phase 2 of 4.
INFO (IRS031): Running reset analysis: phase 3 of 4.
INFO (IRS020): Starting the reset analysis simulation with a limit of 100 iterations (phase 4 of 4).
INFO (IRS024): Reset iterations 0 to 4 analyzed.
INFO (IRS018): Reset analysis simulation executed for 3 iterations. Assigned values for 13 of 26 design flops, 0 of 0 design latches, 14 of 14 internal elements.
INFO (IRS039): Reset analysis complete.
INFO (IPF031): Settings used for proof thread 0:
    orchestration                 = on
    time_limit                    = 86400s
    per_property_time_limit       = 1s * 10 ^ scan
    engine_mode                   = auto
    proofgrid_per_engine_max_jobs = 1
    max engine jobs               = auto
    proofgrid_mode                = local
    proofgrid_restarts            = 10
0: Using multistage preprocessing
0: Starting reduce
AMcustom5: Custom engine code is hT3N1rhP11/52HrFRS21ROp2LOjVTgPvT8L8BGXHgLhaIuqtT4nARFjUqrBL+7pLmaTOzBepZW/Jm8SSrHDybSQtoNiO3y43wk+dEoWlsZizu97Fih6O6lPVG/LpWP5SsUPwlGagLNa1FKEFvwVXyX7//8prySbvSxIHXr5er+z4RAEA
Ncustom6: Custom engine code is hT3OXrhPByJp3TrFSTLhUmMH4KVtJgmTCnNDF46yMXOKY48m4LS5nE7yBzFjA7kDuwO/GhGUpEPiky3p3wmPn3dJZHxFMsafSoObRzSC+tn7sEY0WbTdZ/FV4hL3MYH/b1CIUvXSWR4wqEoVLsmMOD4xIPT4lI1LO6ZCO7PnnWQuLwetnvKlrXx6wCW/A+x+enqslg1YPobi4wEF/EvbzOvcTYdJvl2s4H2yZg2b2ofAVN5WvhWk1HoBAA
0: Finished reduce in 0s
ADcustom7: Custom engine code is hT3Nv7hPv1752HrFRa2kROx2f/ECJeZB2AZsLdlO8VwmIuqtT4nIDFXclhg+O+o+DMmQCekbheGk0kK28laA9gaOFDXsQp29J3X615HY1IPHJWd6FUFvCHjO+p1k652b5JJvZlShNpGlGSXAiQe/mEAj6tEBAA
Tricustom8: Custom engine code is hT3Nu7hPt1752DvFRa0kNDiyIV97VyejwM9C/jCLJjdPvusZONHY42VYUy0Q1ZotnhcVtNc56tJ5wbxv6V2+XpdsaSlHck5vfnbYjdwj1OECy9U+7oSQ0SZE3g5ayD+Phuh4odCJTjeKa2k4elM9ldQfkAEA
Gcustom9: Custom engine code is hT3NibhPDfeYQADBZnYcglOvK9Pfd7EOeniIqP8jNsyIqInncipMGcUXqAadachREE9F2PwhBUZUNw5kHnd4JdXkamORRgEA
C2custom10: Custom engine code is hT3NirhPjfWYQADBZnYcglOvK9Pfd7EOeniIqP8jNsyIqInncgkrYMMXCYbdK0dUjZIF9d4cJ0rHoBDjwVLBKuG86XYVV00BAA
AGcustom11: Custom engine code is hT3NirhP/fmYQADBZnYcglOvK9Pfd7EOeniIqP8jNsyIqInnckcwYMMXCYbdK0dUjZIF9d4cJ0rHoBDjwVLBKuHEZnZByh0BAA
0.0.PRE: Performing Proof Simplification...
Bcustom12: Custom engine code is hT3NjrhPDfiYQADBZnYcglOvK9PfWxFtenjIyBqfrgr7if/jL/yPOuK1BAflEcW0DxNH2eDIoezN2gxlQFg81RZtiWXh7aiTAidvAQA
0.0.N: clocks: 1, declared: 1, looping: 0, posedge: 1, negedge: 0, noedge: 0, bothedge: 0
Ncustom13: Custom engine code is hT3NR7hPByFp3TrFSTLhUmMH4KWtJglTyV/c51BHEeZWamnJv767nE6PCak26bd3gf3XGN3rIRheufhDieCJQVISo+gNYUKhiUedBKGtsP/a18svAnlMJZudHxDFwK5ufsyoxsIyiAeSY2oi3tEuoDHr5gw42DFKAG3PqO3CEsl8Azzdt3pl5nGA1Ifv2H02eYsFzWb/nfp8PMb3F0krE/EgBcm8TD9Div8BAA
0.0.N: Proof Simplification Iteration 1	[0.00 s]
Tricustom14: Custom engine code is hT3Nu7hP3fiYQADBZnYcglNHp9bfd7EOeniIqP/ji8sGLQu8yhsFO+wxJ+O+R0bU8g/IewXFomyos+viQnWc2xYNYmMqpo3i40O7DaZR7qfp4YqNx26KRvQ/qx0BAA
0.0.N: Proof Simplification Iteration 2	[0.00 s]
0.0.N: Proof Simplification Iteration 3	[0.00 s]
0.0.N: Proof Simplification Iteration 4	[0.00 s]
0.0.PRE: A proof was found: No trace exists. [0.00 s]
INFO (IPF057): 0.0.PRE: The property ":noDeadEnd" was proven in 0.00 s.
    Use check_assumptions -show -dead_end to show this property in the property table.
0.0.PRE: A proof was found: No trace exists. [0.00 s]
INFO (IPF057): 0.0.PRE: The property ":noConflict" was proven in 0.00 s.
    Use check_assumptions -show to show this property in the property table.
INFO (IPF047): 0.0.PRE: The cover property ":live" was covered in 1 cycles in 0.00 s.
    Use check_assumptions -show -live to show this property in the property table.
0.0.PRE: Proof Simplification completed in 0.00 s
0: About to start ProofGrid in its own thread with a limit of 10000 pending notifications and a limit of 10 traces.
0: =============================== ProofGrid start ===============================
0: ProofGrid usable level: 1
0: Initial ProofGrid level: 1
0: ProofGrid is starting event handling
0.0.Hp: Proofgrid shell started at 254879@vlsi-moon(local) jg_254813_vlsi-moon_1
0.0.Hp: clocks: 1, declared: 1, looping: 0, posedge: 1, negedge: 0, noedge: 0, bothedge: 0
0.0.Hp: Last scan. Per property time limit: 0s
0.0.Hp: Trace Attempt  1	[0.00 s]
0.0.Hp: Trace Attempt  2	[0.00 s]
0.0.N: Proofgrid shell started at 254878@vlsi-moon(local) jg_254813_vlsi-moon_1
0.0.N: clocks: 1, declared: 1, looping: 0, posedge: 1, negedge: 0, noedge: 0, bothedge: 0
0.0.Hp: Trace Attempt  3	[0.00 s]
0.0.N: Last scan. Per property time limit: 0s
0.0.N: Starting proof for property "GRAY.p1"	[0.00 s].
0.0.N: Trace Attempt  1	[0.00 s]
0.0.N: Trace Attempt  2	[0.00 s]
0.0.N: Trace Attempt  3	[0.00 s]
0.0.Hp: Trace Attempt  4	[0.00 s]
0.0.N: Trace Attempt  3	[0.00 s]
0.0.Hp: Trace Attempt  5	[0.00 s]
0.0.N: Trace Attempt  4	[0.00 s]
0.0.N: Trace Attempt  4	[0.00 s]
0.0.N: Trace Attempt  5	[0.00 s]
0.0.N: Trace Attempt  1	[0.01 s]
0.0.N: Trace Attempt  2	[0.02 s]
0.0.N: Trace Attempt  3	[0.02 s]
0.0.N: Trace Attempt  4	[0.02 s]
0.0.N: Trace Attempt  5	[0.02 s]
0.0.Ht: Proofgrid shell started at 254910@vlsi-moon(local) jg_254813_vlsi-moon_1
0.0.Ht: clocks: 1, declared: 1, looping: 0, posedge: 1, negedge: 0, noedge: 0, bothedge: 0
0.0.Ht: Last scan. Per property time limit: 0s
0.0.Ht: Trace Attempt  1	[0.00 s]
0.0.Ht: Trace Attempt  2	[0.00 s]
0.0.Ht: Trace Attempt  3	[0.00 s]
0.0.Ht: Trace Attempt  4	[0.00 s]
0.0.B: Proofgrid shell started at 254912@vlsi-moon(local) jg_254813_vlsi-moon_1
0.0.Ht: Trace Attempt  5	[0.00 s]
0.0.B: clocks: 1, declared: 1, looping: 0, posedge: 1, negedge: 0, noedge: 0, bothedge: 0
0.0.B: Last scan. Per property time limit: 0s
0.0.B: Starting proof for property "GRAY.p1"	[0.00 s].
0.0.B: Trace Attempt  1	[0.00 s]
0.0.B: Trace Attempt  2	[0.00 s]
0.0.B: Trace Attempt  3	[0.00 s]
0.0.B: Trace Attempt  4	[0.00 s]
0.0.B: Trace Attempt  5	[0.00 s]
0.0.AM: Proofgrid shell started at 254913@vlsi-moon(local) jg_254813_vlsi-moon_1
0.0.Oh: Proofgrid shell started at 254911@vlsi-moon(local) jg_254813_vlsi-moon_1
0.0.AM: clocks: 1, declared: 1, looping: 0, posedge: 1, negedge: 0, noedge: 0, bothedge: 0
0.0.Oh: clocks: 1, declared: 1, looping: 0, posedge: 1, negedge: 0, noedge: 0, bothedge: 0
0.0.AM: Last scan. Per property time limit: 0s
0.0.AM: Starting proof for property "GRAY.p1"	[0.00 s].
0.0.Oh: Reached length limit (2147483647) [0.00 s]
0.0.AM: Trace Attempt  1	[0.00 s]
0.0.AM: Trace Attempt  2	[0.00 s]
0.0.Oh: Exited with Success (@ 0.09 s)
0.0.AM: Trace Attempt  3	[0.00 s]
0.0.AM: Trace Attempt  4	[0.00 s]
0.0.AM: Trace Attempt  5	[0.00 s]
0.0.AM: Trace Attempt  1	[0.00 s]
0.0.AM: Trace Attempt  2	[0.01 s]
0.0.AM: Trace Attempt  3	[0.01 s]
0.0.AM: Trace Attempt  4	[0.01 s]
0.0.AM: Trace Attempt  5	[0.01 s]
0.0.AM: Trace Attempt  1	[0.02 s]
0.0.AM: Trace Attempt  2	[0.02 s]
0.0.AM: Trace Attempt  3	[0.02 s]
0.0.AM: Trace Attempt  4	[0.03 s]
0.0.AM: Trace Attempt  5	[0.03 s]
0.0.AM: Trace Attempt  1	[0.06 s]
0.0.AM: Trace Attempt  2	[0.06 s]
0.0.AM: Trace Attempt  3	[0.06 s]
0.0.N: Trace Attempt  1	[0.14 s]
0.0.N: Trace Attempt  2	[0.15 s]
0.0.N: Trace Attempt  3	[0.15 s]
0.0.AM: Trace Attempt  4	[0.06 s]
0.0.AM: Trace Attempt  5	[0.07 s]
0.0.N: Trace Attempt  4	[0.15 s]
0.0.N: Trace Attempt  5	[0.15 s]
0.0.AM: Trace Attempt  1	[0.19 s]
0.0.AM: Trace Attempt  2	[0.19 s]
0.0.AM: Trace Attempt  3	[0.19 s]
0.0.AM: Trace Attempt  4	[0.19 s]
0.0.AM: Trace Attempt  5	[0.19 s]
0.0.AM: Trace Attempt  1	[0.63 s]
0.0.AM: Trace Attempt  2	[0.63 s]
0.0.AM: Trace Attempt  3	[0.63 s]
0.0.AM: Trace Attempt  4	[0.63 s]
0.0.AM: Trace Attempt  5	[0.63 s]
0.0.N: Trace Attempt  1	[0.75 s]
0.0.N: Trace Attempt  2	[0.76 s]
0.0.N: Trace Attempt  3	[0.76 s]
0.0.N: Trace Attempt  4	[0.76 s]
0.0.N: Trace Attempt  5	[0.76 s]
0.0.AM: Trace Attempt  1	[2.75 s]
0.0.AM: Trace Attempt  2	[2.75 s]
0.0.AM: Trace Attempt  3	[2.75 s]
0.0.AM: Trace Attempt  4	[2.75 s]
0.0.AM: Trace Attempt  5	[2.76 s]
0.0.N: Trace Attempt  1	[2.89 s]
0.0.N: Trace Attempt  2	[2.89 s]
0.0.N: Trace Attempt  3	[2.89 s]
0.0.N: Trace Attempt  4	[2.90 s]
0.0.N: Trace Attempt  5	[2.90 s]
0.0.Hp: Trace Attempt 469	[4.02 s]
0.0.B: Trace Attempt 1262	[4.00 s]
0.0.Ht: Trace Attempt 1725	[4.01 s]
0.0.N: Trace Attempt  1	[4.98 s]
0.0.N: Trace Attempt  2	[4.98 s]
0.0.N: Trace Attempt  3	[4.98 s]
0.0.N: Trace Attempt  4	[4.98 s]
0.0.N: Trace Attempt  5	[4.98 s]
0.0.AM: Trace Attempt 159	[6.76 s]
0.0.N: Trace Attempt  1	[7.07 s]
0.0.N: Trace Attempt  2	[7.07 s]
0.0.N: Trace Attempt  3	[7.07 s]
0.0.N: Trace Attempt  4	[7.07 s]
0.0.N: Trace Attempt  5	[7.07 s]
0.0.Hp: Trace Attempt 646	[8.04 s]
0.0.B: Trace Attempt 1779	[8.00 s]
0.0.Ht: Trace Attempt 2305	[8.01 s]
0.0.N: Trace Attempt  1	[9.24 s]
0.0.N: Trace Attempt  2	[9.24 s]
0.0.N: Trace Attempt  3	[9.24 s]
0.0.N: Trace Attempt  4	[9.25 s]
0.0.N: Trace Attempt  5	[9.25 s]
0.0.AM: Trace Attempt 155	[10.76 s]
0.0.AM: Trace Attempt  1	[11.46 s]
0.0.AM: Trace Attempt  2	[11.46 s]
0.0.AM: Trace Attempt  3	[11.46 s]
0.0.AM: Trace Attempt  4	[11.47 s]
0.0.AM: Trace Attempt  5	[11.47 s]
0.0.Hp: Trace Attempt 771	[12.09 s]
0.0.B: Trace Attempt 2173	[12.01 s]
0.0.Ht: Trace Attempt 2762	[12.02 s]
0.0.N: Trace Attempt 139	[13.25 s]
0.0.AM: Trace Attempt 149	[15.47 s]
0.0.Hp: Trace Attempt 889	[16.10 s]
0.0.Ht: Trace Attempt 3125	[16.02 s]
0.0.B: Trace Attempt 2501	[16.03 s]
0.0.N: Trace Attempt 210	[17.26 s]
0.0.N: Trace Attempt  1	[18.73 s]
0.0.N: Trace Attempt  2	[18.73 s]
0.0.N: Trace Attempt  3	[18.73 s]
0.0.N: Trace Attempt  4	[18.73 s]
0.0.N: Trace Attempt  5	[18.73 s]
0.0.AM: Trace Attempt 213	[19.50 s]
0.0.Ht: Trace Attempt 3454	[20.03 s]
0.0.B: Trace Attempt 2781	[20.03 s]
0.0.Hp: Trace Attempt 983	[20.12 s]
0.0.N: Trace Attempt 141	[22.74 s]
0.0.AM: Trace Attempt 256	[23.55 s]
0.0.Ht: Trace Attempt 3733	[24.04 s]
0.0.B: Trace Attempt 3037	[24.04 s]
0.0.Hp: Trace Attempt 1079	[24.15 s]
0.0.N: Trace Attempt 212	[26.78 s]
0.0.AM: Trace Attempt 292	[27.56 s]
0.0.N: Trace Attempt  1	[28.06 s]
0.0.N: Trace Attempt  2	[28.06 s]
0.0.N: Trace Attempt  3	[28.06 s]
0.0.N: Trace Attempt  4	[28.07 s]
0.0.N: Trace Attempt  5	[28.07 s]
0.0.B: Trace Attempt 3269	[28.04 s]
0.0.Ht: Trace Attempt 4000	[28.05 s]
0.0.Hp: Trace Attempt 1167	[28.19 s]
0.0.AM: Trace Attempt 330	[31.56 s]
0.0.B: Trace Attempt 3485	[32.05 s]
0.0.Ht: Trace Attempt 4252	[32.07 s]
0.0.N: Trace Attempt 142	[32.19 s]
0.0.Hp: Trace Attempt 1248	[32.22 s]
0.0.AM: Trace Attempt 362	[35.58 s]
0.0.B: Trace Attempt 3676	[36.05 s]
0.0.Ht: Trace Attempt 4501	[36.07 s]
0.0.N: Trace Attempt 215	[36.24 s]
0.0.Hp: Trace Attempt 1324	[36.27 s]
0.0.N: Trace Attempt  1	[37.45 s]
0.0.N: Trace Attempt  2	[37.45 s]
0.0.N: Trace Attempt  3	[37.45 s]
0.0.N: Trace Attempt  4	[37.45 s]
0.0.N: Trace Attempt  5	[37.45 s]
0.0.AM: Trace Attempt 392	[39.67 s]
0.0.B: Trace Attempt 3853	[40.07 s]
0.0.Ht: Trace Attempt 4738	[40.08 s]
0.0.Hp: Trace Attempt 1397	[40.33 s]
0.0.N: Trace Attempt 140	[41.46 s]
0.0.AM: Trace Attempt 427	[43.77 s]
0.0.B: Trace Attempt 4020	[44.08 s]
0.0.Ht: Trace Attempt 4963	[44.09 s]
0.0.Hp: Trace Attempt 1466	[44.34 s]
0.0.N: Trace Attempt 210	[45.48 s]
0.0.N: Trace Attempt  1	[47.06 s]
0.0.N: Trace Attempt  2	[47.06 s]
0.0.N: Trace Attempt  3	[47.06 s]
0.0.N: Trace Attempt  4	[47.06 s]
0.0.N: Trace Attempt  5	[47.07 s]
0.0.AM: Trace Attempt 464	[47.85 s]
0.0.B: Trace Attempt 4193	[48.08 s]
0.0.Ht: Trace Attempt 5170	[48.11 s]
0.0.Hp: Trace Attempt 1531	[48.36 s]
0.0.N: Trace Attempt 140	[51.08 s]
0.0.AM: Trace Attempt 464	[51.86 s]
0.0.B: Trace Attempt 4369	[52.10 s]
0.0.Ht: Trace Attempt 5359	[52.13 s]
0.0.Hp: Trace Attempt 1593	[52.42 s]
0.0.AM: Trace Attempt  1	[54.57 s]
0.0.AM: Trace Attempt  2	[54.57 s]
0.0.AM: Trace Attempt  3	[54.57 s]
0.0.AM: Trace Attempt  4	[54.58 s]
0.0.AM: Trace Attempt  5	[54.58 s]
0.0.N: Trace Attempt 211	[55.11 s]
0.0.Ht: Trace Attempt 5548	[56.13 s]
0.0.B: Trace Attempt 4531	[56.16 s]
0.0.Hp: Trace Attempt 1653	[56.45 s]
0.0.N: Trace Attempt  1	[56.51 s]
0.0.N: Trace Attempt  2	[56.51 s]
0.0.N: Trace Attempt  3	[56.51 s]
0.0.N: Trace Attempt  4	[56.51 s]
0.0.N: Trace Attempt  5	[56.51 s]
0.0.AM: Trace Attempt 146	[58.64 s]
0.0.Ht: Trace Attempt 5727	[60.14 s]
0.0.B: Trace Attempt 4690	[60.17 s]
0.0.Hp: Trace Attempt 1711	[60.50 s]
0.0.N: Trace Attempt 141	[60.52 s]
0.0.AM: Trace Attempt 215	[62.67 s]
0.0.Ht: Trace Attempt 5881	[64.16 s]
0.0.B: Trace Attempt 4846	[64.18 s]
0.0.N: Trace Attempt 211	[64.54 s]
0.0.Hp: Trace Attempt 1766	[64.55 s]
0.0.N: Trace Attempt  1	[65.94 s]
0.0.N: Trace Attempt  2	[65.94 s]
0.0.N: Trace Attempt  3	[65.94 s]
0.0.N: Trace Attempt  4	[65.94 s]
0.0.N: Trace Attempt  5	[65.94 s]
0.0.AM: Trace Attempt 249	[66.77 s]
0.0.Ht: Trace Attempt 6047	[68.17 s]
0.0.B: Trace Attempt 4987	[68.19 s]
0.0.Hp: Trace Attempt 1821	[68.59 s]
0.0.N: Trace Attempt 142	[70.08 s]
0.0.AM: Trace Attempt 286	[70.84 s]
0.0.Ht: Trace Attempt 6211	[72.19 s]
0.0.B: Trace Attempt 5116	[72.21 s]
0.0.Hp: Trace Attempt 1873	[72.64 s]
0.0.N: Trace Attempt 213	[74.09 s]
0.0.AM: Trace Attempt 324	[74.90 s]
0.0.N: Trace Attempt  1	[75.51 s]
0.0.N: Trace Attempt  2	[75.51 s]
0.0.N: Trace Attempt  3	[75.51 s]
0.0.N: Trace Attempt  4	[75.52 s]
0.0.N: Trace Attempt  5	[75.52 s]
0.0.Ht: Trace Attempt 6365	[76.19 s]
0.0.B: Trace Attempt 5242	[76.22 s]
0.0.Hp: Trace Attempt 1925	[76.67 s]
0.0.AM: Trace Attempt 354	[78.97 s]
0.0.N: Trace Attempt 142	[79.61 s]
0.0.Ht: Trace Attempt 6521	[80.20 s]
0.0.B: Trace Attempt 5372	[80.23 s]
0.0.Hp: Trace Attempt 1975	[80.71 s]
0.0.AM: Trace Attempt 382	[83.01 s]
0.0.N: Trace Attempt 215	[83.64 s]
0.0.Ht: Trace Attempt 6663	[84.21 s]
0.0.B: Trace Attempt 5503	[84.27 s]
0.0.Hp: Trace Attempt 2024	[84.78 s]
0.0.N: Trace Attempt  1	[84.93 s]
0.0.N: Trace Attempt  2	[84.94 s]
0.0.N: Trace Attempt  3	[84.94 s]
0.0.N: Trace Attempt  4	[84.94 s]
0.0.N: Trace Attempt  5	[84.94 s]
0.0.AM: Trace Attempt 413	[87.08 s]
0.0.Ht: Trace Attempt 6810	[88.22 s]
0.0.B: Trace Attempt 5611	[88.28 s]
0.0.Hp: Trace Attempt 2073	[88.83 s]
0.0.N: Trace Attempt 141	[88.95 s]
0.0.AM: Trace Attempt 444	[91.17 s]
0.0.Ht: Trace Attempt 6950	[92.24 s]
0.0.B: Trace Attempt 5714	[92.29 s]
0.0.Hp: Trace Attempt 2120	[92.85 s]
0.0.N: Trace Attempt 212	[92.98 s]
0.0.N: Trace Attempt  1	[94.28 s]
0.0.N: Trace Attempt  2	[94.28 s]
0.0.N: Trace Attempt  3	[94.28 s]
0.0.N: Trace Attempt  4	[94.28 s]
0.0.N: Trace Attempt  5	[94.28 s]
0.0.AM: Trace Attempt 468	[95.85 s]
0.0.Ht: Trace Attempt 7087	[96.27 s]
0.0.B: Trace Attempt 5839	[96.30 s]
0.0.Hp: Trace Attempt 2166	[96.91 s]
0.0.N: Trace Attempt 142	[98.40 s]
0.0.AM: Trace Attempt 476	[99.87 s]
0.0.Ht: Trace Attempt 7223	[100.28 s]
0.0.B: Trace Attempt 5950	[100.32 s]
0.0.Hp: Trace Attempt 2211	[100.98 s]
0.0.N: Trace Attempt 215	[102.47 s]
0.0.N: Trace Attempt  1	[103.79 s]
0.0.N: Trace Attempt  2	[103.79 s]
0.0.N: Trace Attempt  3	[103.79 s]
0.0.N: Trace Attempt  4	[103.79 s]
0.0.N: Trace Attempt  5	[103.80 s]
0.0.AM: Trace Attempt 485	[103.95 s]
0.0.Ht: Trace Attempt 7354	[104.29 s]
0.0.B: Trace Attempt 6050	[104.34 s]
0.0.Hp: Trace Attempt 2255	[104.98 s]
0.0.N: Trace Attempt 141	[107.80 s]
0.0.Ht: Trace Attempt 7485	[108.29 s]
0.0.B: Trace Attempt 6150	[108.38 s]
0.0.AM: Trace Attempt 495	[108.48 s]
0.0.Hp: Trace Attempt 2299	[109.06 s]
0.0.N: Trace Attempt 211	[111.83 s]
0.0.Ht: Trace Attempt 7613	[112.31 s]
0.0.B: Trace Attempt 6245	[112.38 s]
0.0.AM: Trace Attempt 505	[112.62 s]
0.0.Hp: Trace Attempt 2342	[113.14 s]
0.0.N: Trace Attempt  1	[113.22 s]
0.0.N: Trace Attempt  2	[113.22 s]
0.0.N: Trace Attempt  3	[113.22 s]
0.0.N: Trace Attempt  4	[113.22 s]
0.0.N: Trace Attempt  5	[113.22 s]
0.0.Ht: Trace Attempt 7737	[116.33 s]
0.0.B: Trace Attempt 6357	[116.38 s]
0.0.AM: Trace Attempt 523	[116.62 s]
0.0.Hp: Trace Attempt 2381	[117.15 s]
0.0.N: Trace Attempt 141	[117.23 s]
0.0.Ht: Trace Attempt 7856	[120.36 s]
0.0.B: Trace Attempt 6467	[120.39 s]
0.0.AM: Trace Attempt 535	[120.73 s]
0.0.Hp: Trace Attempt 2421	[121.23 s]
0.0.N: Trace Attempt 212	[121.27 s]
0.0.N: Trace Attempt  1	[122.66 s]
0.0.N: Trace Attempt  2	[122.66 s]
0.0.N: Trace Attempt  3	[122.66 s]
0.0.N: Trace Attempt  4	[122.66 s]
0.0.N: Trace Attempt  5	[122.66 s]
0.0.Ht: Trace Attempt 7978	[124.38 s]
0.0.B: Trace Attempt 6572	[124.43 s]
0.0.AM: Trace Attempt 549	[124.91 s]
0.0.Hp: Trace Attempt 2460	[125.27 s]
0.0.N: Trace Attempt 140	[126.67 s]
0.0.Ht: Trace Attempt 8095	[128.40 s]
0.0.B: Trace Attempt 6667	[128.44 s]
0.0.AM: Trace Attempt 559	[128.96 s]
0.0.Hp: Trace Attempt 2500	[129.34 s]
0.0.N: Trace Attempt 211	[130.73 s]
0.0.N: Trace Attempt  1	[132.29 s]
0.0.N: Trace Attempt  2	[132.29 s]
0.0.N: Trace Attempt  3	[132.29 s]
0.0.N: Trace Attempt  4	[132.30 s]
0.0.N: Trace Attempt  5	[132.30 s]
0.0.B: Trace Attempt 6760	[132.45 s]
0.0.AM: Trace Attempt 572	[133.14 s]
0.0.Hp: Trace Attempt 2538	[133.35 s]
0.0.N: Trace Attempt 141	[136.31 s]
0.0.B: Trace Attempt 6866	[136.47 s]
0.0.Hp: Trace Attempt 2574	[137.35 s]
0.0.AM: Trace Attempt 585	[137.40 s]
0.0.N: Trace Attempt 212	[140.34 s]
0.0.B: Trace Attempt 6961	[140.47 s]
0.0.Hp: Trace Attempt 2610	[141.36 s]
0.0.AM: Trace Attempt 597	[141.60 s]
0.0.N: Trace Attempt  1	[142.00 s]
0.0.N: Trace Attempt  2	[142.00 s]
0.0.N: Trace Attempt  3	[142.00 s]
0.0.N: Trace Attempt  4	[142.00 s]
0.0.N: Trace Attempt  5	[142.00 s]
0.0.B: Trace Attempt 7052	[144.49 s]
0.0.Hp: Trace Attempt 2646	[145.42 s]
0.0.AM: Trace Attempt 610	[145.69 s]
0.0.N: Trace Attempt 141	[146.01 s]
0.0.B: Trace Attempt 7141	[148.52 s]
0.0.Hp: Trace Attempt 2683	[149.52 s]
0.0.AM: Trace Attempt 626	[149.91 s]
0.0.N: Trace Attempt 211	[150.05 s]
0.0.N: Trace Attempt  1	[151.56 s]
0.0.N: Trace Attempt  2	[151.56 s]
0.0.N: Trace Attempt  3	[151.56 s]
0.0.N: Trace Attempt  4	[151.57 s]
0.0.N: Trace Attempt  5	[151.57 s]
0.0.B: Trace Attempt 7228	[152.52 s]
0.0.Hp: Trace Attempt 2717	[153.53 s]
0.0.AM: Trace Attempt 641	[154.07 s]
0.0.N: Trace Attempt 142	[155.69 s]
0.0.B: Trace Attempt 7324	[156.54 s]
0.0.Hp: Trace Attempt 2751	[157.59 s]
0.0.AM: Trace Attempt 655	[158.09 s]
0.0.N: Trace Attempt 215	[159.72 s]
0.0.B: Trace Attempt 7412	[160.56 s]
0.0.N: Trace Attempt  1	[161.20 s]
0.0.N: Trace Attempt  2	[161.21 s]
0.0.N: Trace Attempt  3	[161.21 s]
0.0.N: Trace Attempt  4	[161.21 s]
0.0.N: Trace Attempt  5	[161.21 s]
0.0.Hp: Trace Attempt 2785	[161.61 s]
0.0.AM: Trace Attempt 670	[162.33 s]
0.0.B: Trace Attempt 7503	[164.59 s]
0.0.N: Trace Attempt 140	[165.21 s]
0.0.Hp: Trace Attempt 2818	[165.65 s]
0.0.AM: Trace Attempt 680	[167.25 s]
0.0.B: Trace Attempt 7597	[168.62 s]
0.0.N: Trace Attempt 212	[169.24 s]
0.0.Hp: Trace Attempt 2850	[169.72 s]
0.0.N: Trace Attempt  1	[170.70 s]
0.0.N: Trace Attempt  2	[170.70 s]
0.0.N: Trace Attempt  3	[170.70 s]
0.0.N: Trace Attempt  4	[170.71 s]
0.0.N: Trace Attempt  5	[170.71 s]
0.0.AM: Trace Attempt 688	[171.61 s]
0.0.B: Trace Attempt 7683	[172.62 s]
0.0.Hp: Trace Attempt 2882	[173.73 s]
0.0.N: Trace Attempt 140	[174.71 s]
0.0.AM: Trace Attempt 695	[175.98 s]
0.0.B: Trace Attempt 7764	[176.66 s]
0.0.Hp: Trace Attempt 2912	[177.81 s]
0.0.N: Trace Attempt 210	[178.73 s]
0.0.AM: Trace Attempt 704	[180.56 s]
0.0.N: Trace Attempt  1	[180.67 s]
0.0.N: Trace Attempt  2	[180.67 s]
0.0.N: Trace Attempt  3	[180.67 s]
0.0.N: Trace Attempt  4	[180.68 s]
0.0.N: Trace Attempt  5	[180.68 s]
0.0.B: Trace Attempt 7844	[180.66 s]
0.0.N: Trace Attempt 41	[180.97 s]
0.0.N: Stopped processing property "GRAY.p1"	[181.00 s].
0.0.N: Morphing to Ncustom1
0.0.N: All properties determined. [0.00 s]
0.0.N: Exited with Success (@ 0.00 s)
0.0.Ncustom1: clocks: 1, declared: 1, looping: 0, posedge: 1, negedge: 0, noedge: 0, bothedge: 0
0.0.Ncustom1: Starting proof for property "GRAY.p1"	[0.00 s].
0.0.Ncustom1: Trace Attempt 256	[0.03 s]
0.0.Tri: Proofgrid shell started at 256463@vlsi-moon(local) jg_254813_vlsi-moon_1
0.0.Tri: clocks: 1, declared: 1, looping: 0, posedge: 1, negedge: 0, noedge: 0, bothedge: 0
0.0.Tri: Last scan. Per property time limit: 0s
0.0.Tri: Starting proof for property "GRAY.p1"	[0.00 s].
0.0.Tri: Trace Attempt  1	[0.00 s]
0.0.AM: Stopped processing property "GRAY.p1"	[181.07 s].
0.0.AM: Morphing to AMcustom3
0.0.AM: All properties determined. [0.00 s]
0.0.AM: Exited with Success (@ 0.00 s)
0.0.AMcustom3: clocks: 1, declared: 1, looping: 0, posedge: 1, negedge: 0, noedge: 0, bothedge: 0
0.0.AMcustom3: Starting proof for property "GRAY.p1"	[0.00 s].
0.0.AMcustom3: Trace Attempt  1	[0.00 s]
0.0.AMcustom3: Trace Attempt  2	[0.00 s]
0.0.AMcustom3: Trace Attempt  3	[0.00 s]
0.0.AMcustom3: Trace Attempt  4	[0.00 s]
0.0.AMcustom3: Trace Attempt  5	[0.00 s]
0.0.Tri:    0.00" ---- Launching main thread ----
0.0.AMcustom3: Trace Attempt  1	[0.00 s]
0.0.AMcustom3: Trace Attempt  2	[0.01 s]
0.0.AMcustom3: Trace Attempt  3	[0.01 s]
0.0.AMcustom3: Trace Attempt  4	[0.01 s]
0.0.AMcustom3: Trace Attempt  5	[0.01 s]
0.0.AMcustom3: Trace Attempt  1	[0.02 s]
0.0.AMcustom3: Trace Attempt  2	[0.02 s]
0.0.AMcustom3: Trace Attempt  3	[0.02 s]
0.0.AMcustom3: Trace Attempt  4	[0.02 s]
0.0.AMcustom3: Trace Attempt  5	[0.03 s]
0.0.Tri:    0.05" ---- Launching abstraction thread ----
0.0.Tri:    0.05" ---- Launching multi-phase simplification thread ----
0.0.AMcustom3: Trace Attempt  1	[0.06 s]
0.0.B: Trace Attempt 7850	[180.92 s]
0.0.B: Stopped processing property "GRAY.p1"	[181.15 s].
0.0.B: Morphing to Bcustom2
0.0.B: All properties determined. [0.00 s]
0.0.B: Exited with Success (@ 0.00 s)
0.0.AMcustom3: Trace Attempt  2	[0.06 s]
0.0.AMcustom3: Trace Attempt  3	[0.06 s]
0.0.Bcustom2: clocks: 1, declared: 1, looping: 0, posedge: 1, negedge: 0, noedge: 0, bothedge: 0
0.0.Bcustom2: Starting proof for property "GRAY.p1"	[0.00 s].
0.0.Bcustom2: Trace Attempt  1	[0.00 s]
0.0.Bcustom2: Trace Attempt  2	[0.00 s]
0.0.Bcustom2: Trace Attempt  3	[0.00 s]
0.0.Bcustom2: Trace Attempt  1	[0.00 s]
0.0.Bcustom2: Trace Attempt  2	[0.00 s]
0.0.Bcustom2: Trace Attempt  3	[0.00 s]
0.0.AMcustom3: Trace Attempt  4	[0.07 s]
0.0.Bcustom2: Trace Attempt  4	[0.00 s]
0.0.Bcustom2: Trace Attempt  5	[0.00 s]
0.0.AMcustom3: Trace Attempt  5	[0.07 s]
0.0.Bcustom2: Trace Attempt  1	[0.00 s]
0.0.Bcustom2: Trace Attempt  2	[0.00 s]
0.0.Bcustom2: Trace Attempt  3	[0.00 s]
0.0.Bcustom2: Trace Attempt  4	[0.00 s]
0.0.Bcustom2: Trace Attempt  5	[0.00 s]
0.0.Bcustom2: Trace Attempt  1	[0.01 s]
0.0.Bcustom2: Trace Attempt  2	[0.01 s]
0.0.Bcustom2: Trace Attempt  3	[0.01 s]
0.0.Bcustom2: Trace Attempt  4	[0.01 s]
0.0.Bcustom2: Trace Attempt  5	[0.01 s]
0.0.Tri:    0.08" ---- Launching liveness simplification thread ----
0.0.Bcustom2: Trace Attempt  1	[0.02 s]
0.0.Bcustom2: Trace Attempt  2	[0.02 s]
0.0.Bcustom2: Trace Attempt  3	[0.02 s]
0.0.Bcustom2: Trace Attempt  4	[0.02 s]
0.0.Bcustom2: Trace Attempt  5	[0.02 s]
0.0.Bcustom2: Trace Attempt  1	[0.04 s]
0.0.Bcustom2: Trace Attempt  2	[0.04 s]
0.0.Bcustom2: Trace Attempt  3	[0.04 s]
0.0.Bcustom2: Trace Attempt  4	[0.04 s]
0.0.Bcustom2: Trace Attempt  5	[0.04 s]
0.0.Bcustom2: Trace Attempt  1	[0.10 s]
0.0.Bcustom2: Trace Attempt  2	[0.10 s]
0.0.Bcustom2: Trace Attempt  3	[0.10 s]
0.0.Bcustom2: Trace Attempt  4	[0.10 s]
0.0.Bcustom2: Trace Attempt  5	[0.10 s]
0.0.AMcustom3: Trace Attempt  1	[0.19 s]
0.0.AMcustom3: Trace Attempt  2	[0.19 s]
0.0.AMcustom3: Trace Attempt  3	[0.19 s]
0.0.AMcustom3: Trace Attempt  4	[0.20 s]
0.0.AMcustom3: Trace Attempt  5	[0.20 s]
0.0.Ncustom1: Trace Attempt  1	[0.40 s]
0.0.Ncustom1: Trace Attempt  2	[0.40 s]
0.0.Ncustom1: Trace Attempt  3	[0.40 s]
0.0.Ncustom1: Trace Attempt  4	[0.41 s]
0.0.Ncustom1: Trace Attempt  5	[0.41 s]
0.0.Bcustom2: Trace Attempt  1	[0.25 s]
0.0.Bcustom2: Trace Attempt  2	[0.25 s]
0.0.Bcustom2: Trace Attempt  3	[0.25 s]
0.0.Bcustom2: Trace Attempt  4	[0.25 s]
0.0.Bcustom2: Trace Attempt  5	[0.25 s]
0.0.AMcustom3: Trace Attempt  1	[0.64 s]
0.0.AMcustom3: Trace Attempt  2	[0.64 s]
0.0.AMcustom3: Trace Attempt  3	[0.64 s]
0.0.AMcustom3: Trace Attempt  4	[0.64 s]
0.0.AMcustom3: Trace Attempt  5	[0.64 s]
0.0.Hp: Trace Attempt 2943	[181.90 s]
0.0.Tri:    0.89" Simplification phase 1 complete
0.0.Tri:    0.95" ---- Completed liveness simplification thread ----
0.0.Bcustom2: Trace Attempt  1	[1.06 s]
0.0.Bcustom2: Trace Attempt  2	[1.06 s]
0.0.Bcustom2: Trace Attempt  3	[1.06 s]
0.0.Bcustom2: Trace Attempt  4	[1.06 s]
0.0.Bcustom2: Trace Attempt  5	[1.06 s]
0.0.Bcustom2: Trace Attempt 74	[1.07 s]
0.0.Bcustom2: Stopped processing property "GRAY.p1"	[1.07 s].
0.0.Bcustom2: Morphing to D
0.0.Bcustom2: All properties determined. [0.00 s]
0.0.Bcustom2: Exited with Success (@ 0.00 s)
0.0.AMcustom3: Trace Attempt 54	[1.08 s]
0.0.AMcustom3: Stopped processing property "GRAY.p1"	[1.14 s].
0.0.AMcustom3: Morphing to M
0.0.AMcustom3: All properties determined. [0.00 s]
0.0.AMcustom3: Exited with Success (@ 0.00 s)
0.0.D: clocks: 1, declared: 1, looping: 0, posedge: 1, negedge: 0, noedge: 0, bothedge: 0
0.0.D: Starting proof for property "GRAY.p1"	[0.00 s].
0.0.M: clocks: 1, declared: 1, looping: 0, posedge: 1, negedge: 0, noedge: 0, bothedge: 0
0.0.M: Starting proof for property "GRAY.p1"	[0.00 s].
0.0.D: Trace Attempt  1	[0.00 s]
0.0.M: Trace Attempt  1	[0.00 s]
0.0.D: Trace Attempt  2	[0.00 s]
0.0.D: Trace Attempt  3	[0.00 s]
0.0.M: Trace Attempt  2	[0.00 s]
0.0.M: Trace Attempt  3	[0.00 s]
0.0.D: Trace Attempt  4	[0.00 s]
0.0.M: Trace Attempt  4	[0.01 s]
0.0.M: Trace Attempt  5	[0.01 s]
0.0.Tri: Stopped processing property "GRAY.p1"	[1.21 s].
0.0.Tri: Morphing to AMcustom5
0.0.Tri: All properties determined. [0.00 s]
0.0.Tri: Exited with Success (@ 0.00 s)
0.0.AMcustom5: clocks: 1, declared: 1, looping: 0, posedge: 1, negedge: 0, noedge: 0, bothedge: 0
0.0.AMcustom5: Starting proof for property "GRAY.p1"	[0.00 s].
0.0.AMcustom5: Trace Attempt  1	[0.00 s]
0.0.AMcustom5: Trace Attempt  2	[0.00 s]
0.0.AMcustom5: Trace Attempt  3	[0.01 s]
0.0.AMcustom5: Trace Attempt  1	[0.01 s]
0.0.AMcustom5: Trace Attempt  2	[0.01 s]
0.0.AMcustom5: Trace Attempt  3	[0.01 s]
0.0.AMcustom5: Trace Attempt  4	[0.01 s]
0.0.AMcustom5: Trace Attempt  5	[0.01 s]
0.0.AMcustom5: Trace Attempt  1	[0.02 s]
0.0.AMcustom5: Trace Attempt  2	[0.02 s]
0.0.AMcustom5: Trace Attempt  3	[0.02 s]
0.0.AMcustom5: Trace Attempt  4	[0.02 s]
0.0.AMcustom5: Trace Attempt  5	[0.02 s]
0.0.AMcustom5: Trace Attempt  1	[0.02 s]
0.0.AMcustom5: Trace Attempt  2	[0.02 s]
0.0.AMcustom5: Trace Attempt  3	[0.02 s]
0.0.AMcustom5: Trace Attempt  4	[0.02 s]
0.0.AMcustom5: Trace Attempt  5	[0.02 s]
0.0.AMcustom5: Trace Attempt  1	[0.03 s]
0.0.AMcustom5: Trace Attempt  2	[0.04 s]
0.0.AMcustom5: Trace Attempt  3	[0.04 s]
0.0.AMcustom5: Trace Attempt  4	[0.04 s]
0.0.AMcustom5: Trace Attempt  5	[0.04 s]
0.0.AMcustom5: Trace Attempt  1	[0.04 s]
0.0.AMcustom5: Trace Attempt  2	[0.04 s]
0.0.AMcustom5: Trace Attempt  3	[0.04 s]
0.0.AMcustom5: Trace Attempt  4	[0.04 s]
0.0.AMcustom5: Trace Attempt  5	[0.04 s]
0.0.AMcustom5: Trace Attempt  1	[0.05 s]
0.0.AMcustom5: Trace Attempt  2	[0.05 s]
0.0.AMcustom5: Trace Attempt  3	[0.05 s]
0.0.AMcustom5: Trace Attempt  4	[0.05 s]
0.0.AMcustom5: Trace Attempt  5	[0.05 s]
0.0.AMcustom5: Trace Attempt  1	[0.11 s]
0.0.AMcustom5: Trace Attempt  2	[0.11 s]
0.0.AMcustom5: Trace Attempt  3	[0.11 s]
0.0.AMcustom5: Trace Attempt  4	[0.11 s]
0.0.AMcustom5: Trace Attempt  5	[0.11 s]
0.0.AMcustom5: Trace Attempt  1	[0.11 s]
0.0.AMcustom5: Trace Attempt  2	[0.11 s]
0.0.AMcustom5: Trace Attempt  3	[0.11 s]
0.0.AMcustom5: Trace Attempt  4	[0.11 s]
0.0.AMcustom5: Trace Attempt  5	[0.11 s]
0.0.AMcustom5: Trace Attempt  1	[0.12 s]
0.0.AMcustom5: Trace Attempt  2	[0.12 s]
0.0.AMcustom5: Trace Attempt  3	[0.12 s]
0.0.AMcustom5: Trace Attempt  4	[0.13 s]
0.0.AMcustom5: Trace Attempt  5	[0.13 s]
0.0.AMcustom5: Trace Attempt  1	[0.16 s]
0.0.AMcustom5: Trace Attempt  2	[0.16 s]
0.0.AMcustom5: Trace Attempt  3	[0.16 s]
0.0.AMcustom5: Trace Attempt  4	[0.16 s]
0.0.AMcustom5: Trace Attempt  5	[0.16 s]
0.0.AMcustom5: Trace Attempt  1	[0.36 s]
0.0.AMcustom5: Trace Attempt  2	[0.37 s]
0.0.AMcustom5: Trace Attempt  3	[0.37 s]
0.0.AMcustom5: Trace Attempt  4	[0.37 s]
0.0.AMcustom5: Trace Attempt  5	[0.37 s]
0.0.AMcustom5: Trace Attempt  1	[0.37 s]
0.0.AMcustom5: Trace Attempt  2	[0.37 s]
0.0.AMcustom5: Trace Attempt  3	[0.37 s]
0.0.AMcustom5: Trace Attempt  4	[0.37 s]
0.0.AMcustom5: Trace Attempt  5	[0.37 s]
0.0.AMcustom5: Trace Attempt  1	[0.38 s]
0.0.AMcustom5: Trace Attempt  2	[0.38 s]
0.0.AMcustom5: Trace Attempt  3	[0.38 s]
0.0.AMcustom5: Trace Attempt  4	[0.38 s]
0.0.AMcustom5: Trace Attempt  5	[0.38 s]
0.0.AMcustom5: Trace Attempt  1	[0.42 s]
0.0.AMcustom5: Trace Attempt  2	[0.42 s]
0.0.AMcustom5: Trace Attempt  3	[0.42 s]
0.0.AMcustom5: Trace Attempt  4	[0.42 s]
0.0.AMcustom5: Trace Attempt  5	[0.42 s]
0.0.AMcustom5: Trace Attempt  1	[0.56 s]
0.0.AMcustom5: Trace Attempt  2	[0.56 s]
0.0.AMcustom5: Trace Attempt  3	[0.56 s]
0.0.AMcustom5: Trace Attempt  4	[0.57 s]
0.0.AMcustom5: Trace Attempt  5	[0.57 s]
0.0.AMcustom5: Trace Attempt  1	[1.33 s]
0.0.AMcustom5: Trace Attempt  2	[1.33 s]
0.0.AMcustom5: Trace Attempt  3	[1.33 s]
0.0.AMcustom5: Trace Attempt  4	[1.33 s]
0.0.AMcustom5: Trace Attempt  5	[1.33 s]
0.0.AMcustom5: Trace Attempt  1	[1.33 s]
0.0.AMcustom5: Trace Attempt  2	[1.33 s]
0.0.AMcustom5: Trace Attempt  3	[1.33 s]
0.0.AMcustom5: Trace Attempt  4	[1.33 s]
0.0.AMcustom5: Trace Attempt  5	[1.33 s]
0.0.AMcustom5: Trace Attempt  1	[1.34 s]
0.0.AMcustom5: Trace Attempt  2	[1.35 s]
0.0.AMcustom5: Trace Attempt  3	[1.35 s]
0.0.AMcustom5: Trace Attempt  4	[1.35 s]
0.0.AMcustom5: Trace Attempt  5	[1.35 s]
0.0.AMcustom5: Trace Attempt  1	[1.39 s]
0.0.AMcustom5: Trace Attempt  2	[1.39 s]
0.0.AMcustom5: Trace Attempt  3	[1.39 s]
0.0.AMcustom5: Trace Attempt  4	[1.39 s]
0.0.AMcustom5: Trace Attempt  5	[1.39 s]
0.0.AMcustom5: Trace Attempt  1	[1.55 s]
0.0.AMcustom5: Trace Attempt  2	[1.56 s]
0.0.AMcustom5: Trace Attempt  3	[1.56 s]
0.0.AMcustom5: Trace Attempt  4	[1.56 s]
0.0.AMcustom5: Trace Attempt  5	[1.56 s]
0.0.D: Trace Attempt 64	[0.75 s]
0.0.D: Stopped processing property "GRAY.p1"	[2.14 s].
0.0.D: Morphing to AMcustom3
0.0.D: All properties determined. [0.00 s]
0.0.D: Exited with Success (@ 0.00 s)
0.0.AMcustom3: clocks: 1, declared: 1, looping: 0, posedge: 1, negedge: 0, noedge: 0, bothedge: 0
0.0.AMcustom3: Starting proof for property "GRAY.p1"	[0.00 s].
0.0.AMcustom3: Trace Attempt  1	[0.00 s]
0.0.AMcustom3: Trace Attempt  2	[0.00 s]
0.0.AMcustom3: Trace Attempt  3	[0.00 s]
0.0.AMcustom3: Trace Attempt  4	[0.00 s]
0.0.AMcustom3: Trace Attempt  5	[0.00 s]
0.0.AMcustom5: Trace Attempt 56	[2.12 s]
0.0.AMcustom5: Stopped processing property "GRAY.p1"	[2.12 s].
0.0.AMcustom5: Morphing to ADcustom7
0.0.AMcustom5: All properties determined. [0.00 s]
0.0.AMcustom5: Exited with Success (@ 0.00 s)
0.0.AMcustom3: Trace Attempt  1	[0.00 s]
0.0.Ncustom1: Trace Attempt 116	[3.43 s]
0.0.Ncustom1: Stopped processing property "GRAY.p1"	[3.45 s].
0.0.Ncustom1: Morphing to Bcustom2
0.0.Ncustom1: All properties determined. [0.00 s]
0.0.Ncustom1: Exited with Success (@ 0.00 s)
0.0.ADcustom7: clocks: 1, declared: 1, looping: 0, posedge: 1, negedge: 0, noedge: 0, bothedge: 0
0.0.ADcustom7: Starting proof for property "GRAY.p1"	[0.00 s].
0.0.ADcustom7: Trace Attempt  1	[0.00 s]
0.0.Bcustom2: clocks: 1, declared: 1, looping: 0, posedge: 1, negedge: 0, noedge: 0, bothedge: 0
0.0.ADcustom7: Trace Attempt  2	[0.00 s]
0.0.Bcustom2: Starting proof for property "GRAY.p1"	[0.00 s].
0.0.AMcustom3: Trace Attempt  2	[0.01 s]
0.0.Bcustom2: Trace Attempt  1	[0.00 s]
0.0.AMcustom3: Trace Attempt  3	[0.01 s]
0.0.Bcustom2: Trace Attempt  2	[0.00 s]
0.0.Bcustom2: Trace Attempt  3	[0.00 s]
0.0.ADcustom7: Trace Attempt  3	[0.00 s]
0.0.Bcustom2: Trace Attempt  1	[0.00 s]
0.0.Bcustom2: Trace Attempt  2	[0.00 s]
0.0.Bcustom2: Trace Attempt  3	[0.00 s]
0.0.Bcustom2: Trace Attempt  4	[0.00 s]
0.0.Bcustom2: Trace Attempt  5	[0.00 s]
0.0.ADcustom7: Trace Attempt  1	[0.00 s]
0.0.ADcustom7: Trace Attempt  2	[0.00 s]
0.0.ADcustom7: Trace Attempt  3	[0.00 s]
0.0.AMcustom3: Trace Attempt  4	[0.01 s]
0.0.ADcustom7: Trace Attempt  4	[0.00 s]
0.0.AMcustom3: Trace Attempt  5	[0.01 s]
0.0.Bcustom2: Trace Attempt  1	[0.00 s]
0.0.Bcustom2: Trace Attempt  2	[0.00 s]
0.0.Bcustom2: Trace Attempt  3	[0.00 s]
0.0.ADcustom7: Trace Attempt  5	[0.01 s]
0.0.Bcustom2: Trace Attempt  4	[0.01 s]
0.0.Bcustom2: Trace Attempt  5	[0.01 s]
0.0.ADcustom7: Trace Attempt  1	[0.01 s]
0.0.ADcustom7: Trace Attempt  2	[0.01 s]
0.0.ADcustom7: Trace Attempt  3	[0.01 s]
0.0.ADcustom7: Trace Attempt  4	[0.01 s]
0.0.ADcustom7: Trace Attempt  5	[0.01 s]
0.0.Bcustom2: Trace Attempt  1	[0.01 s]
0.0.Bcustom2: Trace Attempt  2	[0.01 s]
0.0.ADcustom7: Trace Attempt  1	[0.01 s]
0.0.Bcustom2: Trace Attempt  3	[0.01 s]
0.0.Bcustom2: Trace Attempt  4	[0.01 s]
0.0.ADcustom7: Trace Attempt  2	[0.01 s]
0.0.Bcustom2: Trace Attempt  5	[0.01 s]
0.0.ADcustom7: Trace Attempt  3	[0.01 s]
0.0.ADcustom7: Trace Attempt  4	[0.01 s]
0.0.AMcustom3: Trace Attempt  1	[0.02 s]
0.0.AMcustom3: Trace Attempt  2	[0.02 s]
0.0.AMcustom3: Trace Attempt  3	[0.02 s]
0.0.AMcustom3: Trace Attempt  4	[0.02 s]
0.0.AMcustom3: Trace Attempt  5	[0.02 s]
0.0.Bcustom2: Trace Attempt  1	[0.02 s]
0.0.Bcustom2: Trace Attempt  2	[0.02 s]
0.0.Bcustom2: Trace Attempt  3	[0.02 s]
0.0.Bcustom2: Trace Attempt  4	[0.02 s]
0.0.Bcustom2: Trace Attempt  5	[0.02 s]
0.0.ADcustom7: Trace Attempt  1	[0.03 s]
0.0.ADcustom7: Trace Attempt  2	[0.03 s]
0.0.ADcustom7: Trace Attempt  3	[0.03 s]
0.0.ADcustom7: Trace Attempt  4	[0.03 s]
0.0.ADcustom7: Trace Attempt  5	[0.03 s]
0.0.ADcustom7: Trace Attempt  1	[0.03 s]
0.0.ADcustom7: Trace Attempt  2	[0.03 s]
0.0.ADcustom7: Trace Attempt  3	[0.03 s]
0.0.ADcustom7: Trace Attempt  4	[0.03 s]
0.0.ADcustom7: Trace Attempt  1	[0.04 s]
0.0.ADcustom7: Trace Attempt  2	[0.04 s]
0.0.ADcustom7: Trace Attempt  3	[0.04 s]
0.0.ADcustom7: Trace Attempt  4	[0.04 s]
0.0.Bcustom2: Trace Attempt  1	[0.05 s]
0.0.Bcustom2: Trace Attempt  2	[0.05 s]
0.0.Bcustom2: Trace Attempt  3	[0.05 s]
0.0.Bcustom2: Trace Attempt  4	[0.05 s]
0.0.Bcustom2: Trace Attempt  5	[0.05 s]
0.0.AMcustom3: Trace Attempt  1	[0.06 s]
0.0.AMcustom3: Trace Attempt  2	[0.06 s]
0.0.AMcustom3: Trace Attempt  3	[0.06 s]
0.0.AMcustom3: Trace Attempt  4	[0.06 s]
0.0.AMcustom3: Trace Attempt  5	[0.07 s]
0.0.ADcustom7: Trace Attempt  1	[0.09 s]
0.0.ADcustom7: Trace Attempt  2	[0.09 s]
0.0.ADcustom7: Trace Attempt  3	[0.10 s]
0.0.ADcustom7: Trace Attempt  4	[0.10 s]
0.0.ADcustom7: Trace Attempt  5	[0.10 s]
0.0.ADcustom7: Trace Attempt  1	[0.10 s]
0.0.ADcustom7: Trace Attempt  2	[0.10 s]
0.0.Bcustom2: Trace Attempt  1	[0.10 s]
0.0.Bcustom2: Trace Attempt  2	[0.10 s]
0.0.Bcustom2: Trace Attempt  3	[0.10 s]
0.0.ADcustom7: Trace Attempt  3	[0.10 s]
0.0.Bcustom2: Trace Attempt  4	[0.10 s]
0.0.Bcustom2: Trace Attempt  5	[0.10 s]
0.0.ADcustom7: Trace Attempt  4	[0.10 s]
0.0.ADcustom7: Trace Attempt  1	[0.11 s]
0.0.ADcustom7: Trace Attempt  2	[0.11 s]
0.0.ADcustom7: Trace Attempt  3	[0.11 s]
0.0.ADcustom7: Trace Attempt  4	[0.11 s]
0.0.ADcustom7: Trace Attempt  1	[0.15 s]
0.0.ADcustom7: Trace Attempt  2	[0.15 s]
0.0.ADcustom7: Trace Attempt  3	[0.15 s]
0.0.ADcustom7: Trace Attempt  4	[0.15 s]
0.0.AMcustom3: Trace Attempt  1	[0.19 s]
0.0.AMcustom3: Trace Attempt  2	[0.19 s]
0.0.AMcustom3: Trace Attempt  3	[0.19 s]
0.0.AMcustom3: Trace Attempt  4	[0.20 s]
0.0.AMcustom3: Trace Attempt  5	[0.20 s]
0.0.Bcustom2: Trace Attempt  1	[0.24 s]
0.0.Bcustom2: Trace Attempt  2	[0.24 s]
0.0.Bcustom2: Trace Attempt  3	[0.24 s]
0.0.Bcustom2: Trace Attempt  4	[0.24 s]
0.0.Bcustom2: Trace Attempt  5	[0.24 s]
0.0.ADcustom7: Trace Attempt  1	[0.36 s]
0.0.ADcustom7: Trace Attempt  2	[0.36 s]
0.0.ADcustom7: Trace Attempt  3	[0.36 s]
0.0.ADcustom7: Trace Attempt  4	[0.36 s]
0.0.ADcustom7: Trace Attempt  5	[0.36 s]
0.0.ADcustom7: Trace Attempt  1	[0.36 s]
0.0.ADcustom7: Trace Attempt  2	[0.36 s]
0.0.ADcustom7: Trace Attempt  3	[0.36 s]
0.0.ADcustom7: Trace Attempt  4	[0.36 s]
0.0.ADcustom7: Trace Attempt  1	[0.38 s]
0.0.ADcustom7: Trace Attempt  2	[0.38 s]
0.0.ADcustom7: Trace Attempt  3	[0.38 s]
0.0.ADcustom7: Trace Attempt  4	[0.38 s]
0.0.ADcustom7: Trace Attempt  1	[0.41 s]
0.0.ADcustom7: Trace Attempt  2	[0.41 s]
0.0.ADcustom7: Trace Attempt  3	[0.41 s]
0.0.ADcustom7: Trace Attempt  4	[0.41 s]
0.0.ADcustom7: Trace Attempt  1	[0.58 s]
0.0.ADcustom7: Trace Attempt  2	[0.58 s]
0.0.ADcustom7: Trace Attempt  3	[0.58 s]
0.0.ADcustom7: Trace Attempt  4	[0.58 s]
0.0.AMcustom3: Trace Attempt  1	[0.63 s]
0.0.AMcustom3: Trace Attempt  2	[0.63 s]
0.0.AMcustom3: Trace Attempt  3	[0.63 s]
0.0.AMcustom3: Trace Attempt  4	[0.63 s]
0.0.AMcustom3: Trace Attempt  5	[0.63 s]
0.0.Bcustom2: Trace Attempt  1	[1.02 s]
0.0.Bcustom2: Trace Attempt  2	[1.02 s]
0.0.Bcustom2: Trace Attempt  3	[1.02 s]
0.0.Bcustom2: Trace Attempt  4	[1.02 s]
0.0.Bcustom2: Trace Attempt  5	[1.02 s]
0.0.ADcustom7: Trace Attempt  1	[1.45 s]
0.0.ADcustom7: Trace Attempt  2	[1.45 s]
0.0.ADcustom7: Trace Attempt  3	[1.45 s]
0.0.ADcustom7: Trace Attempt  4	[1.45 s]
0.0.ADcustom7: Trace Attempt  5	[1.45 s]
0.0.ADcustom7: Trace Attempt  1	[1.45 s]
0.0.ADcustom7: Trace Attempt  2	[1.45 s]
0.0.ADcustom7: Trace Attempt  3	[1.45 s]
0.0.ADcustom7: Trace Attempt  4	[1.45 s]
0.0.ADcustom7: Trace Attempt  1	[1.46 s]
0.0.ADcustom7: Trace Attempt  2	[1.46 s]
0.0.ADcustom7: Trace Attempt  3	[1.47 s]
0.0.ADcustom7: Trace Attempt  4	[1.47 s]
0.0.ADcustom7: Trace Attempt  1	[1.50 s]
0.0.ADcustom7: Trace Attempt  2	[1.50 s]
0.0.ADcustom7: Trace Attempt  3	[1.50 s]
0.0.ADcustom7: Trace Attempt  4	[1.50 s]
0.0.Hp: Trace Attempt 2975	[185.97 s]
0.0.ADcustom7: Trace Attempt  1	[1.68 s]
0.0.ADcustom7: Trace Attempt  2	[1.68 s]
0.0.ADcustom7: Trace Attempt  3	[1.68 s]
0.0.ADcustom7: Trace Attempt  4	[1.69 s]
0.0.M: Trace Attempt 127	[4.02 s]
0.0.ADcustom7: Trace Attempt  1	[2.40 s]
0.0.ADcustom7: Trace Attempt  2	[2.40 s]
0.0.ADcustom7: Trace Attempt  3	[2.40 s]
0.0.ADcustom7: Trace Attempt  4	[2.40 s]
0.0.AMcustom3: Trace Attempt  1	[2.71 s]
0.0.AMcustom3: Trace Attempt  2	[2.71 s]
0.0.AMcustom3: Trace Attempt  3	[2.71 s]
0.0.AMcustom3: Trace Attempt  4	[2.72 s]
0.0.AMcustom3: Trace Attempt  5	[2.72 s]
0.0.Bcustom2: Trace Attempt  1	[4.39 s]
0.0.Bcustom2: Trace Attempt  2	[4.39 s]
0.0.Bcustom2: Trace Attempt  3	[4.39 s]
0.0.Bcustom2: Trace Attempt  4	[4.39 s]
0.0.Bcustom2: Trace Attempt  5	[4.39 s]
0.0.Bcustom2: Trace Attempt 13	[4.39 s]
0.0.Bcustom2: Stopped processing property "GRAY.p1"	[4.39 s].
0.0.Bcustom2: Morphing to Tri
0.0.Bcustom2: All properties determined. [0.00 s]
0.0.Bcustom2: Exited with Success (@ 0.00 s)
0.0.Tri: clocks: 1, declared: 1, looping: 0, posedge: 1, negedge: 0, noedge: 0, bothedge: 0
0.0.AMcustom3: Trace Attempt 108	[4.39 s]
0.0.AMcustom3: Stopped processing property "GRAY.p1"	[4.40 s].
0.0.AMcustom3: Morphing to D
0.0.AMcustom3: All properties determined. [0.00 s]
0.0.AMcustom3: Exited with Success (@ 0.00 s)
0.0.D: clocks: 1, declared: 1, looping: 0, posedge: 1, negedge: 0, noedge: 0, bothedge: 0
0.0.D: Starting proof for property "GRAY.p1"	[0.00 s].
0.0.Tri: Starting proof for property "GRAY.p1"	[0.00 s].
0.0.Tri: Trace Attempt  1	[0.00 s]
0.0.ADcustom7: Trace Attempt 64	[3.05 s]
0.0.ADcustom7: Stopped processing property "GRAY.p1"	[4.40 s].
0.0.ADcustom7: Morphing to Tricustom8
0.0.ADcustom7: All properties determined. [0.00 s]
0.0.ADcustom7: Exited with Success (@ 0.00 s)
0.0.Tricustom8: clocks: 1, declared: 1, looping: 0, posedge: 1, negedge: 0, noedge: 0, bothedge: 0
0.0.D: Trace Attempt 64	[0.01 s]
0.0.Tricustom8: Starting proof for property "GRAY.p1"	[0.00 s].
0.0.Tricustom8: Trace Attempt  1	[0.00 s]
0.0.Tri:    0.00" ---- Launching main thread ----
0.0.Tri:    0.04" ---- Launching abstraction thread ----
0.0.Tri:    0.05" ---- Launching multi-phase simplification thread ----
0.0.Tri:    0.07" ---- Launching liveness simplification thread ----
0.0.Tri:    0.89" Simplification phase 1 complete
0.0.Tri:    0.96" ---- Completed liveness simplification thread ----
0.0.Hp: Trace Attempt 3007	[190.00 s]
0.0.Tri:    1.29" Simplification phase 2 complete
0.0.Tri:    1.52" Simplification phase 3 complete
0.0.Tri:    1.52" ---- Completed simplification thread ----
0.0.Tri:    1.52" ---- Restarting main thread on simplified netlist ----
0.0.M: Trace Attempt 176	[8.12 s]
0.0.Tri:    1.57" ---- Restarting abstraction thread on simplified netlist ----
0.0.Hp: Trace Attempt 3039	[194.11 s]
0.0.M: Trace Attempt 228	[12.35 s]
0.0.Hp: Trace Attempt 3070	[198.13 s]
0.0.M: Trace Attempt 243	[16.48 s]
0.0.D: Trace Attempt 128	[3.72 s]
0.0.D: Stopped processing property "GRAY.p1"	[11.13 s].
0.0.D: Morphing to Bcustom2
0.0.D: All properties determined. [0.00 s]
0.0.D: Exited with Success (@ 0.00 s)
0.0.Bcustom2: clocks: 1, declared: 1, looping: 0, posedge: 1, negedge: 0, noedge: 0, bothedge: 0
0.0.Bcustom2: Starting proof for property "GRAY.p1"	[0.00 s].
0.0.Bcustom2: Trace Attempt  1	[0.00 s]
0.0.Bcustom2: Trace Attempt  2	[0.00 s]
0.0.Bcustom2: Trace Attempt  3	[0.00 s]
0.0.Bcustom2: Trace Attempt  1	[0.00 s]
0.0.Bcustom2: Trace Attempt  2	[0.00 s]
0.0.Bcustom2: Trace Attempt  3	[0.00 s]
0.0.Bcustom2: Trace Attempt  4	[0.00 s]
0.0.Bcustom2: Trace Attempt  5	[0.00 s]
0.0.Bcustom2: Trace Attempt  1	[0.00 s]
0.0.Bcustom2: Trace Attempt  2	[0.00 s]
0.0.Bcustom2: Trace Attempt  3	[0.00 s]
0.0.Bcustom2: Trace Attempt  4	[0.00 s]
0.0.Bcustom2: Trace Attempt  5	[0.00 s]
0.0.Bcustom2: Trace Attempt  1	[0.01 s]
0.0.Bcustom2: Trace Attempt  2	[0.01 s]
0.0.Bcustom2: Trace Attempt  3	[0.01 s]
0.0.Bcustom2: Trace Attempt  4	[0.01 s]
0.0.Bcustom2: Trace Attempt  5	[0.01 s]
0.0.Bcustom2: Trace Attempt  1	[0.02 s]
0.0.Bcustom2: Trace Attempt  2	[0.02 s]
0.0.Bcustom2: Trace Attempt  3	[0.02 s]
0.0.Bcustom2: Trace Attempt  4	[0.02 s]
0.0.Bcustom2: Trace Attempt  5	[0.02 s]
0.0.M: Trace Attempt 250	[17.60 s]
0.0.M: Stopped processing property "GRAY.p1"	[17.70 s].
0.0.M: Morphing to AMcustom5
0.0.M: All properties determined. [0.00 s]
0.0.M: Exited with Success (@ 0.00 s)
0.0.AMcustom5: clocks: 1, declared: 1, looping: 0, posedge: 1, negedge: 0, noedge: 0, bothedge: 0
0.0.AMcustom5: Starting proof for property "GRAY.p1"	[0.00 s].
0.0.AMcustom5: Trace Attempt  1	[0.00 s]
0.0.AMcustom5: Trace Attempt  2	[0.00 s]
0.0.AMcustom5: Trace Attempt  3	[0.00 s]
0.0.AMcustom5: Trace Attempt  1	[0.00 s]
0.0.AMcustom5: Trace Attempt  2	[0.00 s]
0.0.AMcustom5: Trace Attempt  3	[0.00 s]
0.0.AMcustom5: Trace Attempt  4	[0.00 s]
0.0.AMcustom5: Trace Attempt  5	[0.01 s]
0.0.AMcustom5: Trace Attempt  1	[0.01 s]
0.0.AMcustom5: Trace Attempt  2	[0.01 s]
0.0.AMcustom5: Trace Attempt  3	[0.01 s]
0.0.AMcustom5: Trace Attempt  4	[0.01 s]
0.0.AMcustom5: Trace Attempt  5	[0.01 s]
0.0.AMcustom5: Trace Attempt  1	[0.01 s]
0.0.AMcustom5: Trace Attempt  2	[0.01 s]
0.0.AMcustom5: Trace Attempt  3	[0.01 s]
0.0.AMcustom5: Trace Attempt  4	[0.01 s]
0.0.AMcustom5: Trace Attempt  5	[0.01 s]
0.0.Bcustom2: Trace Attempt  1	[0.04 s]
0.0.Bcustom2: Trace Attempt  2	[0.04 s]
0.0.Bcustom2: Trace Attempt  3	[0.04 s]
0.0.Bcustom2: Trace Attempt  4	[0.04 s]
0.0.Bcustom2: Trace Attempt  5	[0.04 s]
0.0.AMcustom5: Trace Attempt  1	[0.03 s]
0.0.AMcustom5: Trace Attempt  2	[0.03 s]
0.0.AMcustom5: Trace Attempt  3	[0.03 s]
0.0.AMcustom5: Trace Attempt  4	[0.03 s]
0.0.AMcustom5: Trace Attempt  5	[0.03 s]
0.0.AMcustom5: Trace Attempt  1	[0.03 s]
0.0.AMcustom5: Trace Attempt  2	[0.03 s]
0.0.AMcustom5: Trace Attempt  3	[0.03 s]
0.0.AMcustom5: Trace Attempt  4	[0.03 s]
0.0.AMcustom5: Trace Attempt  5	[0.03 s]
0.0.AMcustom5: Trace Attempt  1	[0.04 s]
0.0.AMcustom5: Trace Attempt  2	[0.04 s]
0.0.AMcustom5: Trace Attempt  3	[0.04 s]
0.0.AMcustom5: Trace Attempt  4	[0.04 s]
0.0.AMcustom5: Trace Attempt  5	[0.04 s]
0.0.Bcustom2: Trace Attempt  1	[0.10 s]
0.0.Bcustom2: Trace Attempt  2	[0.10 s]
0.0.Bcustom2: Trace Attempt  3	[0.10 s]
0.0.Bcustom2: Trace Attempt  4	[0.10 s]
0.0.Bcustom2: Trace Attempt  5	[0.10 s]
0.0.AMcustom5: Trace Attempt  1	[0.10 s]
0.0.AMcustom5: Trace Attempt  2	[0.10 s]
0.0.AMcustom5: Trace Attempt  3	[0.10 s]
0.0.AMcustom5: Trace Attempt  4	[0.10 s]
0.0.AMcustom5: Trace Attempt  5	[0.10 s]
0.0.AMcustom5: Trace Attempt  1	[0.10 s]
0.0.AMcustom5: Trace Attempt  2	[0.10 s]
0.0.AMcustom5: Trace Attempt  3	[0.10 s]
0.0.Tri: Stopped processing property "GRAY.p1"	[11.26 s].
0.0.AMcustom5: Trace Attempt  4	[0.10 s]
0.0.AMcustom5: Trace Attempt  5	[0.10 s]
0.0.Tri: Morphing to Ncustom1
0.0.Tri: All properties determined. [0.00 s]
0.0.Tri: Exited with Success (@ 0.00 s)
0.0.Ncustom1: clocks: 1, declared: 1, looping: 0, posedge: 1, negedge: 0, noedge: 0, bothedge: 0
0.0.Ncustom1: Starting proof for property "GRAY.p1"	[0.00 s].
0.0.AMcustom5: Trace Attempt  1	[0.11 s]
0.0.AMcustom5: Trace Attempt  2	[0.12 s]
0.0.AMcustom5: Trace Attempt  3	[0.12 s]
0.0.AMcustom5: Trace Attempt  4	[0.12 s]
0.0.AMcustom5: Trace Attempt  5	[0.12 s]
0.0.AMcustom5: Trace Attempt  1	[0.15 s]
0.0.AMcustom5: Trace Attempt  2	[0.15 s]
0.0.AMcustom5: Trace Attempt  3	[0.15 s]
0.0.Ncustom1: Trace Attempt 256	[0.04 s]
0.0.AMcustom5: Trace Attempt  4	[0.15 s]
0.0.AMcustom5: Trace Attempt  5	[0.16 s]
0.0.Bcustom2: Trace Attempt  1	[0.25 s]
0.0.Bcustom2: Trace Attempt  2	[0.25 s]
0.0.Bcustom2: Trace Attempt  3	[0.25 s]
0.0.Bcustom2: Trace Attempt  4	[0.25 s]
0.0.Bcustom2: Trace Attempt  5	[0.25 s]
0.0.AMcustom5: Trace Attempt  1	[0.35 s]
0.0.AMcustom5: Trace Attempt  2	[0.35 s]
0.0.AMcustom5: Trace Attempt  3	[0.35 s]
0.0.AMcustom5: Trace Attempt  4	[0.35 s]
0.0.AMcustom5: Trace Attempt  5	[0.35 s]
0.0.AMcustom5: Trace Attempt  1	[0.35 s]
0.0.AMcustom5: Trace Attempt  2	[0.36 s]
0.0.AMcustom5: Trace Attempt  3	[0.36 s]
0.0.AMcustom5: Trace Attempt  4	[0.36 s]
0.0.AMcustom5: Trace Attempt  5	[0.36 s]
0.0.AMcustom5: Trace Attempt  1	[0.37 s]
0.0.AMcustom5: Trace Attempt  2	[0.37 s]
0.0.AMcustom5: Trace Attempt  3	[0.37 s]
0.0.AMcustom5: Trace Attempt  4	[0.37 s]
0.0.AMcustom5: Trace Attempt  5	[0.37 s]
0.0.AMcustom5: Trace Attempt  1	[0.41 s]
0.0.AMcustom5: Trace Attempt  2	[0.41 s]
0.0.AMcustom5: Trace Attempt  3	[0.41 s]
0.0.AMcustom5: Trace Attempt  4	[0.41 s]
0.0.AMcustom5: Trace Attempt  5	[0.41 s]
0.0.Ncustom1: Trace Attempt  1	[0.44 s]
0.0.Ncustom1: Trace Attempt  2	[0.44 s]
0.0.Ncustom1: Trace Attempt  3	[0.44 s]
0.0.Ncustom1: Trace Attempt  4	[0.44 s]
0.0.Ncustom1: Trace Attempt  5	[0.44 s]
0.0.AMcustom5: Trace Attempt  1	[0.56 s]
0.0.AMcustom5: Trace Attempt  2	[0.56 s]
0.0.AMcustom5: Trace Attempt  3	[0.56 s]
0.0.AMcustom5: Trace Attempt  4	[0.56 s]
0.0.AMcustom5: Trace Attempt  5	[0.56 s]
0.0.Bcustom2: Trace Attempt  1	[1.07 s]
0.0.Bcustom2: Trace Attempt  2	[1.07 s]
0.0.Bcustom2: Trace Attempt  3	[1.07 s]
0.0.Bcustom2: Trace Attempt  4	[1.07 s]
0.0.Bcustom2: Trace Attempt  5	[1.07 s]
0.0.AMcustom5: Trace Attempt  1	[1.28 s]
0.0.AMcustom5: Trace Attempt  2	[1.28 s]
0.0.AMcustom5: Trace Attempt  3	[1.28 s]
0.0.AMcustom5: Trace Attempt  4	[1.28 s]
0.0.AMcustom5: Trace Attempt  5	[1.28 s]
0.0.AMcustom5: Trace Attempt  1	[1.28 s]
0.0.AMcustom5: Trace Attempt  2	[1.28 s]
0.0.AMcustom5: Trace Attempt  3	[1.28 s]
0.0.AMcustom5: Trace Attempt  4	[1.28 s]
0.0.AMcustom5: Trace Attempt  5	[1.29 s]
0.0.AMcustom5: Trace Attempt  1	[1.30 s]
0.0.AMcustom5: Trace Attempt  2	[1.30 s]
0.0.AMcustom5: Trace Attempt  3	[1.30 s]
0.0.AMcustom5: Trace Attempt  4	[1.30 s]
0.0.AMcustom5: Trace Attempt  5	[1.30 s]
0.0.AMcustom5: Trace Attempt  1	[1.34 s]
0.0.AMcustom5: Trace Attempt  2	[1.34 s]
0.0.AMcustom5: Trace Attempt  3	[1.34 s]
0.0.AMcustom5: Trace Attempt  4	[1.35 s]
0.0.AMcustom5: Trace Attempt  5	[1.35 s]
0.0.AMcustom5: Trace Attempt  1	[1.51 s]
0.0.AMcustom5: Trace Attempt  2	[1.51 s]
0.0.AMcustom5: Trace Attempt  3	[1.51 s]
0.0.AMcustom5: Trace Attempt  4	[1.51 s]
0.0.AMcustom5: Trace Attempt  5	[1.51 s]
0.0.AMcustom5: Trace Attempt  1	[2.10 s]
0.0.AMcustom5: Trace Attempt  2	[2.10 s]
0.0.AMcustom5: Trace Attempt  3	[2.10 s]
0.0.AMcustom5: Trace Attempt  4	[2.10 s]
0.0.AMcustom5: Trace Attempt  5	[2.11 s]
0.0.Bcustom2: Trace Attempt  1	[4.48 s]
0.0.Bcustom2: Trace Attempt  2	[4.48 s]
0.0.Bcustom2: Trace Attempt  3	[4.48 s]
0.0.Bcustom2: Trace Attempt  4	[4.48 s]
0.0.Bcustom2: Trace Attempt  5	[4.48 s]
0.0.AMcustom5: Trace Attempt  1	[4.47 s]
0.0.AMcustom5: Trace Attempt  2	[4.47 s]
0.0.AMcustom5: Trace Attempt  3	[4.47 s]
0.0.AMcustom5: Trace Attempt  4	[4.47 s]
0.0.AMcustom5: Trace Attempt  5	[4.47 s]
0.0.AMcustom5: Trace Attempt  1	[4.47 s]
0.0.AMcustom5: Trace Attempt  2	[4.47 s]
0.0.AMcustom5: Trace Attempt  3	[4.47 s]
0.0.AMcustom5: Trace Attempt  4	[4.47 s]
0.0.AMcustom5: Trace Attempt  5	[4.48 s]
0.0.AMcustom5: Trace Attempt  1	[4.49 s]
0.0.AMcustom5: Trace Attempt  2	[4.49 s]
0.0.AMcustom5: Trace Attempt  3	[4.49 s]
0.0.AMcustom5: Trace Attempt  4	[4.49 s]
0.0.AMcustom5: Trace Attempt  5	[4.49 s]
0.0.AMcustom5: Trace Attempt  1	[4.53 s]
0.0.AMcustom5: Trace Attempt  2	[4.53 s]
0.0.AMcustom5: Trace Attempt  3	[4.53 s]
0.0.AMcustom5: Trace Attempt  4	[4.53 s]
0.0.AMcustom5: Trace Attempt  5	[4.54 s]
0.0.Ncustom1: Trace Attempt 126	[4.51 s]
0.0.AMcustom5: Trace Attempt  1	[4.69 s]
0.0.AMcustom5: Trace Attempt  2	[4.69 s]
0.0.AMcustom5: Trace Attempt  3	[4.69 s]
0.0.AMcustom5: Trace Attempt  4	[4.69 s]
0.0.AMcustom5: Trace Attempt  5	[4.69 s]
0.0.AMcustom5: Trace Attempt  1	[5.25 s]
0.0.AMcustom5: Trace Attempt  2	[5.25 s]
0.0.AMcustom5: Trace Attempt  3	[5.25 s]
0.0.AMcustom5: Trace Attempt  4	[5.25 s]
0.0.AMcustom5: Trace Attempt  5	[5.25 s]
0.0.AMcustom5: Trace Attempt  1	[6.75 s]
0.0.AMcustom5: Trace Attempt  2	[6.75 s]
0.0.AMcustom5: Trace Attempt  3	[6.75 s]
0.0.AMcustom5: Trace Attempt  4	[6.75 s]
0.0.AMcustom5: Trace Attempt  5	[6.75 s]
0.0.Ncustom1: Trace Attempt 184	[8.62 s]
0.0.AMcustom5: Trace Attempt 137	[10.77 s]
0.0.Bcustom2: Trace Attempt 1026	[11.07 s]
0.0.Ncustom1: Trace Attempt 236	[12.89 s]
0.0.AMcustom5: Trace Attempt 220	[14.80 s]
0.0.Bcustom2: Trace Attempt  1	[15.68 s]
0.0.Bcustom2: Trace Attempt  2	[15.68 s]
0.0.Bcustom2: Trace Attempt  3	[15.68 s]
0.0.Bcustom2: Trace Attempt  4	[15.68 s]
0.0.Bcustom2: Trace Attempt  5	[15.68 s]
0.0.Bcustom2: Trace Attempt 82	[15.70 s]
0.0.Bcustom2: Stopped processing property "GRAY.p1"	[15.70 s].
0.0.Bcustom2: Morphing to AMcustom3
0.0.Bcustom2: All properties determined. [0.00 s]
0.0.Bcustom2: Exited with Success (@ 0.00 s)
0.0.AMcustom3: clocks: 1, declared: 1, looping: 0, posedge: 1, negedge: 0, noedge: 0, bothedge: 0
0.0.AMcustom3: Starting proof for property "GRAY.p1"	[0.00 s].
0.0.AMcustom3: Trace Attempt  1	[0.00 s]
0.0.AMcustom3: Trace Attempt  2	[0.00 s]
0.0.AMcustom3: Trace Attempt  3	[0.00 s]
0.0.AMcustom3: Trace Attempt  4	[0.00 s]
0.0.AMcustom3: Trace Attempt  5	[0.00 s]
0.0.AMcustom3: Trace Attempt  1	[0.00 s]
0.0.AMcustom3: Trace Attempt  2	[0.01 s]
0.0.AMcustom3: Trace Attempt  3	[0.01 s]
0.0.AMcustom3: Trace Attempt  4	[0.01 s]
0.0.AMcustom3: Trace Attempt  5	[0.01 s]
0.0.AMcustom3: Trace Attempt  1	[0.02 s]
0.0.AMcustom3: Trace Attempt  2	[0.02 s]
0.0.AMcustom3: Trace Attempt  3	[0.02 s]
0.0.AMcustom3: Trace Attempt  4	[0.02 s]
0.0.AMcustom3: Trace Attempt  5	[0.02 s]
0.0.AMcustom3: Trace Attempt  1	[0.06 s]
0.0.AMcustom3: Trace Attempt  2	[0.06 s]
0.0.AMcustom3: Trace Attempt  3	[0.06 s]
0.0.AMcustom3: Trace Attempt  4	[0.06 s]
0.0.AMcustom3: Trace Attempt  5	[0.06 s]
0.0.AMcustom5: Trace Attempt 133	[15.76 s]
0.0.AMcustom5: Stopped processing property "GRAY.p1"	[15.77 s].
0.0.AMcustom5: Morphing to ADcustom7
0.0.AMcustom5: All properties determined. [0.00 s]
0.0.AMcustom5: Exited with Success (@ 0.00 s)
0.0.ADcustom7: clocks: 1, declared: 1, looping: 0, posedge: 1, negedge: 0, noedge: 0, bothedge: 0
0.0.ADcustom7: Starting proof for property "GRAY.p1"	[0.00 s].
0.0.ADcustom7: Trace Attempt  1	[0.00 s]
0.0.ADcustom7: Trace Attempt  2	[0.00 s]
0.0.ADcustom7: Trace Attempt  3	[0.00 s]
0.0.ADcustom7: Trace Attempt  1	[0.00 s]
0.0.ADcustom7: Trace Attempt  2	[0.00 s]
0.0.ADcustom7: Trace Attempt  3	[0.00 s]
0.0.ADcustom7: Trace Attempt  4	[0.00 s]
0.0.ADcustom7: Trace Attempt  5	[0.01 s]
0.0.ADcustom7: Trace Attempt  1	[0.01 s]
0.0.ADcustom7: Trace Attempt  2	[0.01 s]
0.0.ADcustom7: Trace Attempt  3	[0.01 s]
0.0.ADcustom7: Trace Attempt  4	[0.01 s]
0.0.ADcustom7: Trace Attempt  5	[0.01 s]
0.0.ADcustom7: Trace Attempt  1	[0.01 s]
0.0.ADcustom7: Trace Attempt  2	[0.01 s]
0.0.ADcustom7: Trace Attempt  3	[0.01 s]
0.0.ADcustom7: Trace Attempt  4	[0.01 s]
0.0.ADcustom7: Trace Attempt  1	[0.03 s]
0.0.ADcustom7: Trace Attempt  2	[0.03 s]
0.0.ADcustom7: Trace Attempt  3	[0.03 s]
0.0.ADcustom7: Trace Attempt  4	[0.03 s]
0.0.ADcustom7: Trace Attempt  5	[0.03 s]
0.0.ADcustom7: Trace Attempt  1	[0.03 s]
0.0.ADcustom7: Trace Attempt  2	[0.03 s]
0.0.ADcustom7: Trace Attempt  3	[0.03 s]
0.0.ADcustom7: Trace Attempt  4	[0.03 s]
0.0.ADcustom7: Trace Attempt  1	[0.04 s]
0.0.ADcustom7: Trace Attempt  2	[0.04 s]
0.0.ADcustom7: Trace Attempt  3	[0.04 s]
0.0.ADcustom7: Trace Attempt  4	[0.04 s]
0.0.AMcustom3: Trace Attempt  1	[0.18 s]
0.0.AMcustom3: Trace Attempt  2	[0.19 s]
0.0.AMcustom3: Trace Attempt  3	[0.19 s]
0.0.AMcustom3: Trace Attempt  4	[0.19 s]
0.0.AMcustom3: Trace Attempt  5	[0.19 s]
0.0.ADcustom7: Trace Attempt  1	[0.09 s]
0.0.ADcustom7: Trace Attempt  2	[0.09 s]
0.0.ADcustom7: Trace Attempt  3	[0.09 s]
0.0.ADcustom7: Trace Attempt  4	[0.09 s]
0.0.ADcustom7: Trace Attempt  5	[0.10 s]
0.0.ADcustom7: Trace Attempt  1	[0.10 s]
0.0.ADcustom7: Trace Attempt  2	[0.10 s]
0.0.ADcustom7: Trace Attempt  3	[0.10 s]
0.0.ADcustom7: Trace Attempt  4	[0.10 s]
0.0.ADcustom7: Trace Attempt  1	[0.11 s]
0.0.ADcustom7: Trace Attempt  2	[0.11 s]
0.0.ADcustom7: Trace Attempt  3	[0.11 s]
0.0.ADcustom7: Trace Attempt  4	[0.11 s]
0.0.ADcustom7: Trace Attempt  1	[0.15 s]
0.0.ADcustom7: Trace Attempt  2	[0.15 s]
0.0.ADcustom7: Trace Attempt  3	[0.15 s]
0.0.ADcustom7: Trace Attempt  4	[0.15 s]
0.0.ADcustom7: Trace Attempt  1	[0.36 s]
0.0.ADcustom7: Trace Attempt  2	[0.36 s]
0.0.ADcustom7: Trace Attempt  3	[0.36 s]
0.0.ADcustom7: Trace Attempt  4	[0.36 s]
0.0.ADcustom7: Trace Attempt  5	[0.36 s]
0.0.ADcustom7: Trace Attempt  1	[0.36 s]
0.0.ADcustom7: Trace Attempt  2	[0.36 s]
0.0.ADcustom7: Trace Attempt  3	[0.36 s]
0.0.ADcustom7: Trace Attempt  4	[0.36 s]
0.0.ADcustom7: Trace Attempt  1	[0.37 s]
0.0.ADcustom7: Trace Attempt  2	[0.37 s]
0.0.ADcustom7: Trace Attempt  3	[0.37 s]
0.0.ADcustom7: Trace Attempt  4	[0.38 s]
0.0.ADcustom7: Trace Attempt  1	[0.41 s]
0.0.ADcustom7: Trace Attempt  2	[0.41 s]
0.0.ADcustom7: Trace Attempt  3	[0.41 s]
0.0.ADcustom7: Trace Attempt  4	[0.41 s]
0.0.AMcustom3: Trace Attempt  1	[0.62 s]
0.0.AMcustom3: Trace Attempt  2	[0.62 s]
0.0.AMcustom3: Trace Attempt  3	[0.62 s]
0.0.AMcustom3: Trace Attempt  4	[0.63 s]
0.0.AMcustom3: Trace Attempt  5	[0.63 s]
0.0.Hp: Trace Attempt 3073	[216.37 s]
0.0.ADcustom7: Trace Attempt  1	[0.57 s]
0.0.ADcustom7: Trace Attempt  2	[0.57 s]
0.0.ADcustom7: Trace Attempt  3	[0.57 s]
0.0.ADcustom7: Trace Attempt  4	[0.57 s]
0.0.Ncustom1: Trace Attempt 265	[16.90 s]
0.0.ADcustom7: Trace Attempt  1	[1.45 s]
0.0.ADcustom7: Trace Attempt  2	[1.45 s]
0.0.ADcustom7: Trace Attempt  3	[1.45 s]
0.0.ADcustom7: Trace Attempt  4	[1.45 s]
0.0.ADcustom7: Trace Attempt  5	[1.45 s]
0.0.ADcustom7: Trace Attempt  1	[1.45 s]
0.0.ADcustom7: Trace Attempt  2	[1.45 s]
0.0.ADcustom7: Trace Attempt  3	[1.45 s]
0.0.ADcustom7: Trace Attempt  4	[1.45 s]
0.0.ADcustom7: Trace Attempt  1	[1.46 s]
0.0.ADcustom7: Trace Attempt  2	[1.46 s]
0.0.ADcustom7: Trace Attempt  3	[1.46 s]
0.0.ADcustom7: Trace Attempt  4	[1.47 s]
0.0.ADcustom7: Trace Attempt  1	[1.50 s]
0.0.ADcustom7: Trace Attempt  2	[1.50 s]
0.0.ADcustom7: Trace Attempt  3	[1.50 s]
0.0.ADcustom7: Trace Attempt  4	[1.50 s]
0.0.ADcustom7: Trace Attempt  1	[1.68 s]
0.0.ADcustom7: Trace Attempt  2	[1.68 s]
0.0.ADcustom7: Trace Attempt  3	[1.68 s]
0.0.ADcustom7: Trace Attempt  4	[1.69 s]
0.0.ADcustom7: Trace Attempt  1	[2.40 s]
0.0.ADcustom7: Trace Attempt  2	[2.40 s]
0.0.ADcustom7: Trace Attempt  3	[2.40 s]
0.0.ADcustom7: Trace Attempt  4	[2.41 s]
0.0.AMcustom3: Trace Attempt  1	[2.71 s]
0.0.AMcustom3: Trace Attempt  2	[2.71 s]
0.0.AMcustom3: Trace Attempt  3	[2.71 s]
0.0.AMcustom3: Trace Attempt  4	[2.71 s]
0.0.AMcustom3: Trace Attempt  5	[2.72 s]
0.0.Hp: Trace Attempt 3080	[220.74 s]
0.0.Ncustom1: Trace Attempt 301	[20.92 s]
0.0.ADcustom7: Trace Attempt 90	[6.41 s]
0.0.AMcustom3: Trace Attempt 157	[6.72 s]
0.0.ADcustom7: Trace Attempt  1	[6.75 s]
0.0.ADcustom7: Trace Attempt  2	[6.76 s]
0.0.ADcustom7: Trace Attempt  3	[6.76 s]
0.0.ADcustom7: Trace Attempt  4	[6.76 s]
0.0.ADcustom7: Trace Attempt  5	[6.76 s]
0.0.ADcustom7: Trace Attempt  1	[6.76 s]
0.0.ADcustom7: Trace Attempt  2	[6.76 s]
0.0.ADcustom7: Trace Attempt  3	[6.76 s]
0.0.ADcustom7: Trace Attempt  4	[6.76 s]
0.0.ADcustom7: Trace Attempt  1	[6.77 s]
0.0.ADcustom7: Trace Attempt  2	[6.77 s]
0.0.ADcustom7: Trace Attempt  3	[6.77 s]
0.0.ADcustom7: Trace Attempt  4	[6.77 s]
0.0.ADcustom7: Trace Attempt  1	[6.81 s]
0.0.ADcustom7: Trace Attempt  2	[6.81 s]
0.0.ADcustom7: Trace Attempt  3	[6.81 s]
0.0.ADcustom7: Trace Attempt  4	[6.81 s]
0.0.ADcustom7: Trace Attempt  1	[6.98 s]
0.0.ADcustom7: Trace Attempt  2	[6.98 s]
0.0.ADcustom7: Trace Attempt  3	[6.98 s]
0.0.ADcustom7: Trace Attempt  4	[6.98 s]
0.0.ADcustom7: Trace Attempt  1	[7.75 s]
0.0.ADcustom7: Trace Attempt  2	[7.75 s]
0.0.ADcustom7: Trace Attempt  3	[7.75 s]
0.0.ADcustom7: Trace Attempt  4	[7.75 s]
0.0.Ncustom1: Trace Attempt 334	[24.92 s]
0.0.Hp: Trace Attempt 3083	[225.28 s]
0.0.AMcustom3: Trace Attempt 132	[10.75 s]
0.0.AMcustom3: Trace Attempt  1	[11.59 s]
0.0.AMcustom3: Trace Attempt  2	[11.59 s]
0.0.AMcustom3: Trace Attempt  3	[11.59 s]
0.0.AMcustom3: Trace Attempt  4	[11.60 s]
0.0.AMcustom3: Trace Attempt  5	[11.60 s]
0.0.ADcustom7: Trace Attempt 104	[11.75 s]
0.0.ADcustom7: Trace Attempt  1	[11.87 s]
0.0.ADcustom7: Trace Attempt  2	[11.87 s]
0.0.ADcustom7: Trace Attempt  3	[11.87 s]
0.0.ADcustom7: Trace Attempt  4	[11.87 s]
0.0.Ncustom1: Trace Attempt 360	[29.04 s]
0.0.AMcustom3: Trace Attempt 149	[15.70 s]
0.0.Ncustom1: Trace Attempt 389	[33.06 s]
0.0.AMcustom3: Trace Attempt 211	[19.70 s]
0.0.Hp: Trace Attempt 3086	[235.49 s]
0.0.Ncustom1: Trace Attempt 416	[37.06 s]
0.0.AMcustom3: Trace Attempt 255	[23.76 s]
0.0.Ncustom1: Trace Attempt 445	[41.08 s]
0.0.Hp: Trace Attempt 3087	[242.81 s]
0.0.AMcustom3: Trace Attempt 289	[27.78 s]
0.0.Ncustom1: Trace Attempt  1	[44.81 s]
0.0.Ncustom1: Trace Attempt  2	[44.81 s]
0.0.Ncustom1: Trace Attempt  3	[44.81 s]
0.0.Ncustom1: Trace Attempt  4	[44.82 s]
0.0.Ncustom1: Trace Attempt  5	[44.82 s]
0.0.AMcustom3: Trace Attempt 327	[31.85 s]
0.0.Ncustom1: Trace Attempt 126	[48.90 s]
0.0.Ncustom1: Trace Attempt 132	[49.47 s]
0.0.Ncustom1: Stopped processing property "GRAY.p1"	[49.57 s].
0.0.Ncustom1: Morphing to Tri
0.0.Ncustom1: All properties determined. [0.00 s]
0.0.Ncustom1: Exited with Success (@ 0.00 s)
0.0.Tri: clocks: 1, declared: 1, looping: 0, posedge: 1, negedge: 0, noedge: 0, bothedge: 0
0.0.Tri: Starting proof for property "GRAY.p1"	[0.00 s].
0.0.Tri: Trace Attempt  1	[0.00 s]
0.0.AMcustom3: Trace Attempt 346	[34.00 s]
0.0.AMcustom3: Stopped processing property "GRAY.p1"	[34.05 s].
0.0.AMcustom3: Morphing to D
0.0.AMcustom3: All properties determined. [0.00 s]
0.0.AMcustom3: Exited with Success (@ 0.00 s)
0.0.D: clocks: 1, declared: 1, looping: 0, posedge: 1, negedge: 0, noedge: 0, bothedge: 0
0.0.D: Starting proof for property "GRAY.p1"	[0.00 s].
0.0.D: Trace Attempt 128	[0.01 s]
0.0.Tri:    0.00" ---- Launching main thread ----
0.0.Tricustom8: Stopped processing property "GRAY.p1"	[60.95 s].
0.0.Tricustom8: Morphing to I
0.0.Tricustom8: All properties determined. [0.00 s]
0.0.Tricustom8: Exited with Success (@ 0.00 s)
0.0.I: clocks: 1, declared: 1, looping: 0, posedge: 1, negedge: 0, noedge: 0, bothedge: 0
0.0.I: Starting proof for property "GRAY.p1"	[0.00 s].
0.0.Tri:    0.05" ---- Launching abstraction thread ----
0.0.Tri:    0.06" ---- Launching multi-phase simplification thread ----
0.0.Tri:    0.07" ---- Launching liveness simplification thread ----
0.0.I: Trace Attempt 257	[0.04 s]
0.0.I: Trace Attempt  1	[0.45 s]
0.0.I: Trace Attempt  2	[0.45 s]
0.0.I: Trace Attempt  3	[0.45 s]
0.0.I: Trace Attempt  4	[0.45 s]
0.0.Tri:    0.89" Simplification phase 1 complete
0.0.Tri:    0.96" ---- Completed liveness simplification thread ----
0.0.Tri:    1.29" Simplification phase 2 complete
0.0.Tri:    1.54" Simplification phase 3 complete
0.0.Tri:    1.54" ---- Completed simplification thread ----
0.0.Tri:    1.54" ---- Restarting main thread on simplified netlist ----
0.0.Tri:    1.59" ---- Restarting abstraction thread on simplified netlist ----
0.0.Hp: Trace Attempt 3088	[253.82 s]
0.0.I: Trace Attempt 128	[4.56 s]
0.0.ADcustom7: Trace Attempt 256	[39.26 s]
0.0.ADcustom7: Trace Attempt  1	[44.12 s]
0.0.ADcustom7: Trace Attempt  2	[44.12 s]
0.0.ADcustom7: Trace Attempt  3	[44.13 s]
0.0.ADcustom7: Trace Attempt  4	[44.13 s]
0.0.ADcustom7: Trace Attempt  5	[44.13 s]
0.0.ADcustom7: Trace Attempt  1	[44.13 s]
0.0.ADcustom7: Trace Attempt  2	[44.13 s]
0.0.ADcustom7: Trace Attempt  3	[44.13 s]
0.0.ADcustom7: Trace Attempt  4	[44.13 s]
0.0.ADcustom7: Trace Attempt  1	[44.14 s]
0.0.ADcustom7: Trace Attempt  2	[44.14 s]
0.0.ADcustom7: Trace Attempt  3	[44.14 s]
0.0.ADcustom7: Trace Attempt  4	[44.14 s]
0.0.ADcustom7: Trace Attempt  1	[44.18 s]
0.0.ADcustom7: Trace Attempt  2	[44.18 s]
0.0.ADcustom7: Trace Attempt  3	[44.18 s]
0.0.ADcustom7: Trace Attempt  4	[44.18 s]
0.0.ADcustom7: Trace Attempt  1	[44.37 s]
0.0.ADcustom7: Trace Attempt  2	[44.37 s]
0.0.ADcustom7: Trace Attempt  3	[44.37 s]
0.0.ADcustom7: Trace Attempt  4	[44.37 s]
0.0.ADcustom7: Trace Attempt  1	[45.17 s]
0.0.ADcustom7: Trace Attempt  2	[45.17 s]
0.0.ADcustom7: Trace Attempt  3	[45.17 s]
0.0.ADcustom7: Trace Attempt  4	[45.17 s]
0.0.Hp: Trace Attempt 3090	[262.68 s]
0.0.ADcustom7: Trace Attempt  1	[49.16 s]
0.0.ADcustom7: Trace Attempt  2	[49.16 s]
0.0.ADcustom7: Trace Attempt  3	[49.16 s]
0.0.ADcustom7: Trace Attempt  4	[49.16 s]
0.0.Hp: Trace Attempt 3094	[266.93 s]
0.0.Tri: Requesting engine job to terminate
0.0.D: Requesting engine job to terminate
0.0.ADcustom7: Requesting engine job to terminate
0.0.I: Requesting engine job to terminate
0.0.Hp: Requesting engine job to terminate
0.0.Ht: Requesting engine job to terminate
INFO (IPF144): 0: Initiating shutdown of proof [268.39 s]
0.0.Tri: A proof was found: No trace exists. [18.66 s]
INFO (IPF057): 0.0.Tri: The property "GRAY.p1" was proven in 18.67 s.
0.0.I: Stopped processing property "GRAY.p1"	[18.58 s].
0.0.I: All properties determined. [18.58 s]
0.0.ADcustom7: Trace Attempt 64	[49.81 s]
0.0.ADcustom7: Stopped processing property "GRAY.p1"	[52.60 s].
0.0.ADcustom7: All properties determined. [52.60 s]
0.0.I: Exited with Success (@ 268.40 s)
0: ProofGrid usable level: 0
0.0.ADcustom7: Exited with Success (@ 268.41 s)
0.0.Hp: Trace Attempt 3097	[268.32 s]
0.0.Hp: All properties determined. [268.41 s]
0.0.D: Stopped processing property "GRAY.p1"	[18.74 s].
0.0.D: All properties determined. [18.74 s]
0.0.D: Exited with Success (@ 268.51 s)
0.0.Tri: Stopped processing property "GRAY.p1"	[18.85 s].
0.0.Tri: All properties determined. [18.84 s]
0.0.Tri: Exited with Success (@ 268.58 s)
0.0.Hp: Exited with Success (@ 268.84 s)
0.0.Ht: Trace Attempt 8193	[132.16 s]
0.0.Ht: All properties determined. [269.34 s]
0.0.Ht: Exited with Success (@ 270.12 s)
0: --------------------------------------------------------------
ProofGrid Summary (utilization 99.96 %)
--------------------------------------------------------------
     engines started                               :    16
     engine jobs started                           :     7

    Average time in state (seconds)
    ------------------------------------------------------
    Engine  Pending     Running        Dead    Utilization
    ------------------------------------------------------
     Hp        0.08      268.39        0.00       99.97 %
     Ht        0.08      268.31        0.00       99.97 %
     Oh        0.09        0.00        0.00        0.41 %
    Tri        0.09      268.18        0.00       99.97 %
      D        0.08      268.02        0.00       99.97 %
    ADcustom7        0.08      267.99        0.00       99.97 %
      I        0.10       87.12        0.00       99.89 %
    all        0.09      204.00        0.00       99.96 %

    Total time in state (seconds)
    -----------------------------------------
            Pending     Running        Dead  
    -----------------------------------------
               0.60     1428.01        0.00

    Data read    : 7.36 MiB
    Data written : 8.10 kiB

0: All pending notifications were processed.
INFO (IPF059): 0: Completed proof on task: "<embedded>"

==============================================================
SUMMARY
==============================================================
           Properties Considered              : 1
                 assertions                   : 1
                  - proven                    : 1 (100%)
                  - bounded_proven (user)     : 0 (0%)
                  - bounded_proven (auto)     : 0 (0%)
                  - marked_proven             : 0 (0%)
                  - cex                       : 0 (0%)
                  - ar_cex                    : 0 (0%)
                  - undetermined              : 0 (0%)
                  - unknown                   : 0 (0%)
                  - error                     : 0 (0%)
                 covers                       : 0
                  - unreachable               : 0
                  - bounded_unreachable (user): 0
                  - covered                   : 0
                  - ar_covered                : 0
                  - undetermined              : 0
                  - unknown                   : 0
                  - error                     : 0
proven
[<embedded>] % exit -force
[<embedded>] % INFO (IPL005): Received request to exit from the console.
INFO: Waiting for proof threads to stop...
INFO: Proof threads stopped.
INFO (IPL018): The peak resident set memory use for this session was 2.485 GB.
INFO (IPL014): Waiting for the Tcl-thread to exit.
INFO (IPL015): The Tcl-thread exited with status 0.
INFO (IPL016): Exiting the analysis session with status 0.
Finished 2_gray_6.tcl successfully
