Jasper Apps 2024.06p002 64 bits 2024.09.02 16:28:38 UTC

Any disclosure about the Cadence Design Systems software or its use
model to any third party violates the written Non-Disclosure Agreement
between Cadence Design Systems, Inc. and the customer.

THIS SOFTWARE CONTAINS CONFIDENTIAL INFORMATION AND TRADE SECRETS OF
CADENCE DESIGN SYSTEMS, INC. USE, DISCLOSURE, OR REPRODUCTION IS
PROHIBITED WITHOUT THE PRIOR EXPRESS WRITTEN PERMISSION OF CADENCE
DESIGN SYSTEMS, INC.

Copyright (C) 2000-2024 Cadence Design Systems, Inc. All Rights
Reserved.  Unpublished -- rights reserved under the copyright laws of
the United States.

This product includes software developed by others and redistributed
according to license agreement. See doc/third_party_readme.txt for
further details.

RESTRICTED RIGHTS LEGEND

Use, duplication, or disclosure by the Government is subject to
restrictions as set forth in subparagraph (c) (1) (ii) of the Rights in
Technical Data and Computer Software clause at DFARS 252.227-7013 or
subparagraphs (c) (1) and (2) of Commercial Computer Software -- Restricted
Rights at 48 CFR 52.227-19, as applicable.


                          Cadence Design Systems, Inc.
                          2655 Seely Avenue
                          San Jose, CA 95134
                          Phone: 408.943.1234

For technical assistance visit http://support.cadence.com.

Jasper Apps Analysis Session - /users/rompel/jasper_executions/safety_liveness/jgprojects/delay_4/sessionLogs/session_0

WARNING (WG017): [session]: The system's locale is "ANSI_X3.4-1968", which is not UTF-8. Non-ASCII characters might not be handled correctly.
WARNING (WG017): [jg_console]: The system's locale is "ANSI_X3.4-1968", which is not UTF-8. Non-ASCII characters might not be handled correctly.
INFO: successfully checked out license "jasper_fao".
INFO: reading configuration file "/users/rompel/.config/cadence/jasper.conf".
% analyze -sv09 ../delay_4.sv
[-- (VERI-1482)] Analyzing Verilog file '/tools/cadence2425/JASPER/jasper_2024.06p002/lib/verilog/packages/std/std.sv' into library 'std'
[-- (VERI-1482)] Analyzing Verilog file '../delay_4.sv'
% elaborate -bbox_mul 1000000 -bbox_div 1000000 -bbox_mod 1000000 -bbox_a 1000000
[INFO (HIER-8002)] ../delay_4.sv(13): Disabling old hierarchical reference handler
[INFO (VERI-1018)] ../delay_4.sv(1): compiling module 'DELAY'
[WARN (VERI-1209)] ../delay_4.sv(10): expression size 32 truncated to fit in target size 13
INFO (ISW003): Top module name is "DELAY".
INFO (INL208): Elaboration synthesis summary:
  Number of synthesized netlists          1 (0 packages)
  Single run mode                         On
  Pipeline                                On (1 pipelined netlists)
  Late hierarchical reference connection  On
  Number of analyzed Verilog modules      1 (1 synthesized)
  Number of analyzed VHDL entities        0 (0 synthesized)
INFO (INL003): Clearing all state information (assumes, stopats, and so forth).
DELAY
[<embedded>] % reset rst
INFO (IPM031): Clearing proof results of all properties.
INFO (IRS006): Current reset condition is "rst".
[<embedded>] % clock clk
[<embedded>] % prove -all
Ncustom1: Custom engine code is hT3Ng7hPPfiYQOTDZ3qhYOwGAM51eA+J/FjkM5shLioAsqhgLR4Ft+O1BuKG6ilQ83B9tLXSl+CwjiTMAQA
Bcustom2: Custom engine code is hT3Nm7hPr1Vp3Di1Ra2USNIGL4JypRnLKLAdF6JAyuavO2JfGCiY9OZJhcAcOUnLx5xwNdhILGrAWX9s+z2WDkKwNR7tAfClBEjRFVQeq6DU54boFgEA
AMcustom3: Custom engine code is hT3Ng7hP/feYQOTDZ3qhYOwGAM51eA+J/FjkM5shLioAsqhgLR4Ft+O1BuKG6ilQ83B9tLXSmmqwm7g9AQA
Mpcustom4: Custom engine code is hT3NZbhP9fmY2AbBQnsjfOxn6c+6e6yL+/e8fZFmaQrnlgEA
INFO (IPF036): Starting proof on task: "<embedded>", 2 properties to prove with 0 already proven/unreachable
INFO (IRS029): Starting reset analysis: phase 1 of 4.
INFO (IRS030): Running reset analysis: phase 2 of 4.
INFO (IRS031): Running reset analysis: phase 3 of 4.
INFO (IRS020): Starting the reset analysis simulation with a limit of 100 iterations (phase 4 of 4).
INFO (IRS024): Reset iterations 0 to 4 analyzed.
INFO (IRS018): Reset analysis simulation executed for 3 iterations. Assigned values for 13 of 13 design flops, 0 of 0 design latches, 6 of 6 internal elements.
INFO (IRS039): Reset analysis complete.
INFO (IPF031): Settings used for proof thread 0:
    orchestration                 = on
    time_limit                    = 86400s
    per_property_time_limit       = 1s * 10 ^ scan
    engine_mode                   = auto
    proofgrid_per_engine_max_jobs = 1
    max engine jobs               = auto
    proofgrid_mode                = local
    proofgrid_restarts            = 10
AMcustom5: Custom engine code is hT3N1rhP11/52HrFRS21ROp2LOjVTgPvT8L8BGXHgLhaIuqtT4nARFjUqrBL+7pLmaTOzBepZW/Jm8SSrHDybSQtoNiO3y43wk+dEoWlsZizu97Fih6O6lPVG/LpWP5SsUPwlGagLNa1FKEFvwVXyX7//8prySbvSxIHXr5er+z4RAEA
0: Using multistage preprocessing
Ncustom6: Custom engine code is hT3OXrhPByJp3TrFSTLhUmMH4KVtJgmTCnNDF46yMXOKY48m4LS5nE7yBzFjA7kDuwO/GhGUpEPiky3p3wmPn3dJZHxFMsafSoObRzSC+tn7sEY0WbTdZ/FV4hL3MYH/b1CIUvXSWR4wqEoVLsmMOD4xIPT4lI1LO6ZCO7PnnWQuLwetnvKlrXx6wCW/A+x+enqslg1YPobi4wEF/EvbzOvcTYdJvl2s4H2yZg2b2ofAVN5WvhWk1HoBAA
0: Starting reduce
ADcustom7: Custom engine code is hT3Nv7hPv1752HrFRa2kROx2f/ECJeZB2AZsLdlO8VwmIuqtT4nIDFXclhg+O+o+DMmQCekbheGk0kK28laA9gaOFDXsQp29J3X615HY1IPHJWd6FUFvCHjO+p1k652b5JJvZlShNpGlGSXAiQe/mEAj6tEBAA
Tricustom8: Custom engine code is hT3Nu7hPt1752DvFRa0kNDiyIV97VyejwM9C/jCLJjdPvusZONHY42VYUy0Q1ZotnhcVtNc56tJ5wbxv6V2+XpdsaSlHck5vfnbYjdwj1OECy9U+7oSQ0SZE3g5ayD+Phuh4odCJTjeKa2k4elM9ldQfkAEA
Gcustom9: Custom engine code is hT3NibhPDfeYQADBZnYcglOvK9Pfd7EOeniIqP8jNsyIqInncipMGcUXqAadachREE9F2PwhBUZUNw5kHnd4JdXkamORRgEA
C2custom10: Custom engine code is hT3NirhPjfWYQADBZnYcglOvK9Pfd7EOeniIqP8jNsyIqInncgkrYMMXCYbdK0dUjZIF9d4cJ0rHoBDjwVLBKuG86XYVV00BAA
AGcustom11: Custom engine code is hT3NirhP/fmYQADBZnYcglOvK9Pfd7EOeniIqP8jNsyIqInnckcwYMMXCYbdK0dUjZIF9d4cJ0rHoBDjwVLBKuHEZnZByh0BAA
Bcustom12: Custom engine code is hT3NjrhPDfiYQADBZnYcglOvK9PfWxFtenjIyBqfrgr7if/jL/yPOuK1BAflEcW0DxNH2eDIoezN2gxlQFg81RZtiWXh7aiTAidvAQA
Ncustom13: Custom engine code is hT3NR7hPByFp3TrFSTLhUmMH4KWtJglTyV/c51BHEeZWamnJv767nE6PCak26bd3gf3XGN3rIRheufhDieCJQVISo+gNYUKhiUedBKGtsP/a18svAnlMJZudHxDFwK5ufsyoxsIyiAeSY2oi3tEuoDHr5gw42DFKAG3PqO3CEsl8Azzdt3pl5nGA1Ifv2H02eYsFzWb/nfp8PMb3F0krE/EgBcm8TD9Div8BAA
0: Finished reduce in 0s
Tricustom14: Custom engine code is hT3Nu7hP3fiYQADBZnYcglNHp9bfd7EOeniIqP/ji8sGLQu8yhsFO+wxJ+O+R0bU8g/IewXFomyos+viQnWc2xYNYmMqpo3i40O7DaZR7qfp4YqNx26KRvQ/qx0BAA
0.0.PRE: Performing Proof Simplification...
0.0.N: clocks: 1, declared: 1, looping: 0, posedge: 1, negedge: 0, noedge: 0, bothedge: 0
0.0.N: Proof Simplification Iteration 1	[0.00 s]
0.0.PRE: A trace with 1 cycles was found. [0.00 s]
INFO (IPF047): 0.0.PRE: The cover property "DELAY.p1:precondition1" was covered in 1 cycles in 0.00 s.
0.0.N: Proof Simplification Iteration 2	[0.06 s]
0.0.PRE: A proof was found: No trace exists. [0.00 s]
INFO (IPF057): 0.0.PRE: The property ":noDeadEnd" was proven in 0.00 s.
    Use check_assumptions -show -dead_end to show this property in the property table.
0.0.PRE: A proof was found: No trace exists. [0.00 s]
INFO (IPF057): 0.0.PRE: The property ":noConflict" was proven in 0.00 s.
    Use check_assumptions -show to show this property in the property table.
INFO (IPF047): 0.0.PRE: The cover property ":live" was covered in 1 cycles in 0.00 s.
    Use check_assumptions -show -live to show this property in the property table.
0.0.PRE: Proof Simplification completed in 0.06 s
0: About to start ProofGrid in its own thread with a limit of 10000 pending notifications and a limit of 10 traces.
0: =============================== ProofGrid start ===============================
0: ProofGrid usable level: 1
0: Initial ProofGrid level: 1
0: ProofGrid is starting event handling
0.0.Hp: Proofgrid shell started at 15581@vlsi-ria84(local) jg_15498_vlsi-ria84_1
0.0.N: Proofgrid shell started at 15580@vlsi-ria84(local) jg_15498_vlsi-ria84_1
0.0.N: clocks: 1, declared: 1, looping: 0, posedge: 1, negedge: 0, noedge: 0, bothedge: 0
0.0.N: Last scan. Per property time limit: 0s
0.0.N: Starting proof for property "DELAY.p1"	[0.00 s].
0.0.N: Trace Attempt  1	[0.00 s]
0.0.Hp: clocks: 1, declared: 1, looping: 0, posedge: 1, negedge: 0, noedge: 0, bothedge: 0
0.0.Hp: Last scan. Per property time limit: 0s
0.0.Hp: Trace Attempt  1	[0.00 s]
0.0.Hp: Trace Attempt  2	[0.00 s]
0.0.Hp: Trace Attempt  3	[0.00 s]
0.0.Hp: Trace Attempt  4	[0.00 s]
0.0.N: Trace Attempt  2	[0.00 s]
0.0.N: Trace Attempt  2	[0.00 s]
0.0.N: Trace Attempt  3	[0.00 s]
0.0.N: Trace Attempt  4	[0.00 s]
0.0.N: Trace Attempt  4	[0.00 s]
0.0.N: Trace Attempt  5	[0.00 s]
0.0.Hp: Trace Attempt  5	[0.00 s]
0.0.N: Trace Attempt  1	[0.01 s]
0.0.N: Trace Attempt  2	[0.01 s]
0.0.N: Trace Attempt  3	[0.01 s]
0.0.N: Trace Attempt  4	[0.01 s]
0.0.N: Trace Attempt  5	[0.01 s]
0.0.Ht: Proofgrid shell started at 15660@vlsi-ria84(local) jg_15498_vlsi-ria84_1
0.0.Bm: Proofgrid shell started at 15661@vlsi-ria84(local) jg_15498_vlsi-ria84_1
0.0.Mpcustom4: Proofgrid shell started at 15665@vlsi-ria84(local) jg_15498_vlsi-ria84_1
0.0.Bm: clocks: 1, declared: 1, looping: 0, posedge: 1, negedge: 0, noedge: 0, bothedge: 0
0.0.Mpcustom4: clocks: 1, declared: 1, looping: 0, posedge: 1, negedge: 0, noedge: 0, bothedge: 0
0.0.Mpcustom4: Ignoring liveness properties
0.0.Mpcustom4: All properties either determined or skipped. [0.00 s]
0.0.Oh: Proofgrid shell started at 15666@vlsi-ria84(local) jg_15498_vlsi-ria84_1
0.0.Ht: clocks: 1, declared: 1, looping: 0, posedge: 1, negedge: 0, noedge: 0, bothedge: 0
0.0.Ht: Last scan. Per property time limit: 0s
0.0.Ht: Trace Attempt  1	[0.00 s]
0.0.Ht: Trace Attempt  2	[0.00 s]
0.0.Ht: Trace Attempt  3	[0.00 s]
0.0.Ht: Trace Attempt  4	[0.00 s]
0.0.Ht: Trace Attempt  5	[0.00 s]
0.0.Bm: Ignoring liveness properties
0.0.Bm: Last scan. Per property time limit: 0s
0.0.Bm: Trace Attempt  1	[0.00 s]
0.0.Bm: Trace Attempt  2	[0.00 s]
0.0.Bm: Trace Attempt  3	[0.00 s]
0.0.Bm: Trace Attempt  4	[0.00 s]
0.0.Mpcustom4: Exited with Success (@ 0.04 s)
0.0.Mpcustom4: Completed, Restart ignored.
0.0.Bm: Trace Attempt  5	[0.00 s]
0.0.Oh: clocks: 1, declared: 1, looping: 0, posedge: 1, negedge: 0, noedge: 0, bothedge: 0
0.0.Oh: Reached length limit (2147483647) [0.00 s]
0.0.L: Proofgrid shell started at 15669@vlsi-ria84(local) jg_15498_vlsi-ria84_1
0.0.Oh: Exited with Success (@ 0.04 s)
0.0.Oh: Completed, Restart ignored.
0.0.B: Proofgrid shell started at 15674@vlsi-ria84(local) jg_15498_vlsi-ria84_1
0.0.L: clocks: 1, declared: 1, looping: 0, posedge: 1, negedge: 0, noedge: 0, bothedge: 0
0.0.L: Using trace diversification with seed 1 (0.05)
0.0.L: Using LRU state removal heuristic
0.0.L: Ignoring liveness properties
0.0.L: All properties either determined or skipped. [0.00 s]
0.0.L: Exited with Success (@ 0.05 s)
0.0.L: Completed, Restart ignored.
0.0.B: clocks: 1, declared: 1, looping: 0, posedge: 1, negedge: 0, noedge: 0, bothedge: 0
0.0.B: Last scan. Per property time limit: 0s
0.0.B: Starting proof for property "DELAY.p1"	[0.00 s].
0.0.B: Trace Attempt  1	[0.00 s]
0.0.B: Trace Attempt  2	[0.00 s]
0.0.B: Trace Attempt  3	[0.00 s]
0.0.B: Trace Attempt  4	[0.00 s]
0.0.B: Trace Attempt  5	[0.00 s]
0.0.AM: Proofgrid shell started at 15680@vlsi-ria84(local) jg_15498_vlsi-ria84_1
0.0.AM: clocks: 1, declared: 1, looping: 0, posedge: 1, negedge: 0, noedge: 0, bothedge: 0
0.0.AM: Last scan. Per property time limit: 0s
0.0.AM: Starting proof for property "DELAY.p1"	[0.00 s].
0.0.AM: Trace Attempt  1	[0.00 s]
0.0.AM: Trace Attempt  2	[0.00 s]
0.0.AM: Trace Attempt  3	[0.00 s]
0.0.AM: Trace Attempt  4	[0.00 s]
0.0.AM: Trace Attempt  5	[0.00 s]
0.0.AM: Trace Attempt  1	[0.00 s]
0.0.AM: Trace Attempt  2	[0.00 s]
0.0.AM: Trace Attempt  3	[0.00 s]
0.0.AM: Trace Attempt  4	[0.00 s]
0.0.AM: Trace Attempt  5	[0.00 s]
0.0.AM: Trace Attempt  1	[0.01 s]
0.0.AM: Trace Attempt  2	[0.01 s]
0.0.AM: Trace Attempt  3	[0.01 s]
0.0.AM: Trace Attempt  4	[0.01 s]
0.0.AM: Trace Attempt  5	[0.01 s]
0.0.N: Trace Attempt  1	[0.08 s]
0.0.N: Trace Attempt  2	[0.08 s]
0.0.N: Trace Attempt  3	[0.08 s]
0.0.N: Trace Attempt  4	[0.08 s]
0.0.N: Trace Attempt  5	[0.09 s]
0.0.AM: Trace Attempt  1	[0.03 s]
0.0.AM: Trace Attempt  2	[0.03 s]
0.0.AM: Trace Attempt  3	[0.03 s]
0.0.AM: Trace Attempt  4	[0.03 s]
0.0.AM: Trace Attempt  5	[0.03 s]
0.0.AM: Trace Attempt  1	[0.11 s]
0.0.AM: Trace Attempt  2	[0.11 s]
0.0.AM: Trace Attempt  3	[0.11 s]
0.0.AM: Trace Attempt  4	[0.11 s]
0.0.AM: Trace Attempt  5	[0.11 s]
0.0.N: Trace Attempt  1	[0.42 s]
0.0.N: Trace Attempt  2	[0.42 s]
0.0.N: Trace Attempt  3	[0.42 s]
0.0.N: Trace Attempt  4	[0.42 s]
0.0.N: Trace Attempt  5	[0.42 s]
0.0.AM: Trace Attempt  1	[0.44 s]
0.0.AM: Trace Attempt  2	[0.44 s]
0.0.AM: Trace Attempt  3	[0.44 s]
0.0.AM: Trace Attempt  4	[0.44 s]
0.0.AM: Trace Attempt  5	[0.44 s]
0.0.N: Trace Attempt  1	[1.67 s]
0.0.N: Trace Attempt  2	[1.67 s]
0.0.N: Trace Attempt  3	[1.67 s]
0.0.N: Trace Attempt  4	[1.67 s]
0.0.N: Trace Attempt  5	[1.67 s]
0.0.AM: Trace Attempt  1	[1.70 s]
0.0.AM: Trace Attempt  2	[1.70 s]
0.0.AM: Trace Attempt  3	[1.70 s]
0.0.AM: Trace Attempt  4	[1.70 s]
0.0.AM: Trace Attempt  5	[1.70 s]
0.0.N: Trace Attempt  1	[2.91 s]
0.0.N: Trace Attempt  2	[2.91 s]
0.0.N: Trace Attempt  3	[2.91 s]
0.0.N: Trace Attempt  4	[2.91 s]
0.0.N: Trace Attempt  5	[2.91 s]
0.0.Hp: Trace Attempt 646	[4.01 s]
0.0.Ht: Trace Attempt 1868	[4.00 s]
0.0.Bm: Trace Attempt 1709	[4.00 s]
0.0.B: Trace Attempt 1701	[4.00 s]
0.0.N: Trace Attempt  1	[4.14 s]
0.0.N: Trace Attempt  2	[4.14 s]
0.0.N: Trace Attempt  3	[4.14 s]
0.0.N: Trace Attempt  4	[4.14 s]
0.0.N: Trace Attempt  5	[4.15 s]
0.0.N: Trace Attempt  1	[5.38 s]
0.0.N: Trace Attempt  2	[5.38 s]
0.0.N: Trace Attempt  3	[5.38 s]
0.0.N: Trace Attempt  4	[5.38 s]
0.0.N: Trace Attempt  5	[5.38 s]
0.0.AM: Trace Attempt 216	[5.70 s]
0.0.N: Trace Attempt  1	[6.63 s]
0.0.N: Trace Attempt  2	[6.63 s]
0.0.N: Trace Attempt  3	[6.63 s]
0.0.N: Trace Attempt  4	[6.63 s]
0.0.N: Trace Attempt  5	[6.63 s]
0.0.AM: Trace Attempt  1	[7.47 s]
0.0.AM: Trace Attempt  2	[7.47 s]
0.0.AM: Trace Attempt  3	[7.47 s]
0.0.AM: Trace Attempt  4	[7.47 s]
0.0.AM: Trace Attempt  5	[7.47 s]
0.0.N: Trace Attempt  1	[7.99 s]
0.0.N: Trace Attempt  2	[7.99 s]
0.0.N: Trace Attempt  3	[7.99 s]
0.0.N: Trace Attempt  4	[7.99 s]
0.0.N: Trace Attempt  5	[7.99 s]
0.0.Hp: Trace Attempt 900	[8.02 s]
0.0.Bm: Trace Attempt 2362	[8.00 s]
0.0.Ht: Trace Attempt 2542	[8.00 s]
0.0.B: Trace Attempt 2357	[8.01 s]
0.0.AM: Trace Attempt 224	[11.51 s]
0.0.N: Trace Attempt 188	[12.01 s]
0.0.Hp: Trace Attempt 1082	[12.03 s]
0.0.Bm: Trace Attempt 2872	[12.01 s]
0.0.Ht: Trace Attempt 3075	[12.01 s]
0.0.B: Trace Attempt 2866	[12.01 s]
0.0.N: Trace Attempt  1	[13.94 s]
0.0.N: Trace Attempt  2	[13.94 s]
0.0.N: Trace Attempt  3	[13.94 s]
0.0.N: Trace Attempt  4	[13.94 s]
0.0.N: Trace Attempt  5	[13.95 s]
0.0.AM: Trace Attempt 276	[15.52 s]
0.0.Bm: Trace Attempt 3286	[16.02 s]
0.0.Ht: Trace Attempt 3512	[16.02 s]
0.0.B: Trace Attempt 3279	[16.01 s]
0.0.Hp: Trace Attempt 1165	[16.06 s]
0.0.N: Trace Attempt 188	[17.99 s]
0.0.AM: Trace Attempt 329	[19.55 s]
0.0.N: Trace Attempt  1	[19.97 s]
0.0.N: Trace Attempt  2	[19.98 s]
0.0.N: Trace Attempt  3	[19.98 s]
0.0.N: Trace Attempt  4	[19.98 s]
0.0.N: Trace Attempt  5	[19.98 s]
0.0.Bm: Trace Attempt 3648	[20.02 s]
0.0.B: Trace Attempt 3641	[20.01 s]
0.0.Ht: Trace Attempt 3889	[20.03 s]
0.0.Hp: Trace Attempt 1216	[20.09 s]
0.0.AM: Trace Attempt 373	[23.71 s]
0.0.N: Trace Attempt 188	[24.02 s]
0.0.Bm: Trace Attempt 3976	[24.03 s]
0.0.B: Trace Attempt 3969	[24.02 s]
0.0.Ht: Trace Attempt 4236	[24.03 s]
0.0.Hp: Trace Attempt 1265	[24.12 s]
0.0.N: Trace Attempt  1	[26.02 s]
0.0.N: Trace Attempt  2	[26.02 s]
0.0.N: Trace Attempt  3	[26.02 s]
0.0.N: Trace Attempt  4	[26.02 s]
0.0.N: Trace Attempt  5	[26.03 s]
0.0.AM: Trace Attempt 419	[27.75 s]
0.0.Bm: Trace Attempt 4281	[28.03 s]
0.0.B: Trace Attempt 4274	[28.03 s]
0.0.Ht: Trace Attempt 4564	[28.04 s]
0.0.Hp: Trace Attempt 1337	[28.16 s]
0.0.N: Trace Attempt 188	[30.06 s]
0.0.AM: Trace Attempt 453	[31.78 s]
0.0.N: Trace Attempt  1	[32.04 s]
0.0.N: Trace Attempt  2	[32.04 s]
0.0.N: Trace Attempt  3	[32.04 s]
0.0.N: Trace Attempt  4	[32.04 s]
0.0.N: Trace Attempt  5	[32.05 s]
0.0.Bm: Trace Attempt 4568	[32.04 s]
0.0.B: Trace Attempt 4561	[32.04 s]
0.0.Ht: Trace Attempt 4859	[32.05 s]
0.0.Hp: Trace Attempt 1412	[32.26 s]
0.0.AM: Trace Attempt 465	[35.80 s]
0.0.N: Trace Attempt 187	[36.05 s]
0.0.B: Trace Attempt 4815	[36.04 s]
0.0.Bm: Trace Attempt 4821	[36.05 s]
0.0.Hp: Trace Attempt 1450	[36.31 s]
0.0.N: Trace Attempt  1	[38.12 s]
0.0.N: Trace Attempt  2	[38.12 s]
0.0.N: Trace Attempt  3	[38.12 s]
0.0.N: Trace Attempt  4	[38.13 s]
0.0.N: Trace Attempt  5	[38.13 s]
0.0.AM: Trace Attempt 514	[39.88 s]
0.0.AM: Trace Attempt  1	[39.91 s]
0.0.AM: Trace Attempt  2	[39.91 s]
0.0.AM: Trace Attempt  3	[39.91 s]
0.0.AM: Trace Attempt  4	[39.92 s]
0.0.AM: Trace Attempt  5	[39.92 s]
0.0.B: Trace Attempt 5011	[40.05 s]
0.0.Bm: Trace Attempt 5012	[40.09 s]
0.0.Hp: Trace Attempt 1487	[40.32 s]
0.0.N: Trace Attempt 188	[42.15 s]
0.0.Ht: Trace Attempt 5004	[43.81 s]
0.0.AM: Trace Attempt 188	[43.95 s]
0.0.N: Trace Attempt  1	[44.13 s]
0.0.N: Trace Attempt  2	[44.13 s]
0.0.N: Trace Attempt  3	[44.13 s]
0.0.N: Trace Attempt  4	[44.13 s]
0.0.N: Trace Attempt  5	[44.13 s]
0.0.Bm: Trace Attempt 5081	[44.12 s]
0.0.B: Trace Attempt 5082	[44.10 s]
0.0.Hp: Trace Attempt 1528	[44.37 s]
0.0.Ht: Trace Attempt 5156	[47.82 s]
0.0.AM: Trace Attempt 244	[47.99 s]
0.0.Bm: Trace Attempt 5146	[48.12 s]
0.0.N: Trace Attempt 188	[48.16 s]
0.0.B: Trace Attempt 5148	[48.11 s]
0.0.Hp: Trace Attempt 1568	[48.40 s]
0.0.N: Trace Attempt  1	[50.14 s]
0.0.N: Trace Attempt  2	[50.14 s]
0.0.N: Trace Attempt  3	[50.14 s]
0.0.N: Trace Attempt  4	[50.14 s]
0.0.N: Trace Attempt  5	[50.15 s]
0.0.Ht: Trace Attempt 5296	[51.84 s]
0.0.AM: Trace Attempt 298	[52.07 s]
0.0.B: Trace Attempt 5201	[52.12 s]
0.0.Bm: Trace Attempt 5199	[52.18 s]
0.0.Hp: Trace Attempt 1608	[52.49 s]
0.0.N: Trace Attempt 188	[54.16 s]
0.0.Ht: Trace Attempt 5376	[55.88 s]
0.0.AM: Trace Attempt 345	[56.09 s]
0.0.B: Trace Attempt 5252	[56.14 s]
0.0.N: Trace Attempt  1	[56.21 s]
0.0.N: Trace Attempt  2	[56.21 s]
0.0.N: Trace Attempt  3	[56.21 s]
0.0.N: Trace Attempt  4	[56.21 s]
0.0.N: Trace Attempt  5	[56.21 s]
0.0.Bm: Trace Attempt 5249	[56.20 s]
0.0.Hp: Trace Attempt 1646	[56.50 s]
0.0.Ht: Trace Attempt 5495	[59.89 s]
0.0.AM: Trace Attempt 389	[60.12 s]
0.0.N: Trace Attempt 188	[60.24 s]
0.0.B: Trace Attempt 5302	[60.21 s]
0.0.Bm: Trace Attempt 5298	[60.27 s]
0.0.Hp: Trace Attempt 1683	[60.50 s]
0.0.N: Trace Attempt  1	[62.24 s]
0.0.N: Trace Attempt  2	[62.24 s]
0.0.N: Trace Attempt  3	[62.24 s]
0.0.N: Trace Attempt  4	[62.24 s]
0.0.N: Trace Attempt  5	[62.25 s]
0.0.Ht: Trace Attempt 5598	[63.90 s]
0.0.AM: Trace Attempt 433	[64.13 s]
0.0.B: Trace Attempt 5351	[64.28 s]
0.0.Bm: Trace Attempt 5346	[64.36 s]
0.0.Hp: Trace Attempt 1719	[64.50 s]
0.0.N: Trace Attempt 188	[66.27 s]
0.0.Ht: Trace Attempt 5694	[67.92 s]
0.0.AM: Trace Attempt 453	[68.21 s]
0.0.N: Trace Attempt  1	[68.31 s]
0.0.N: Trace Attempt  2	[68.31 s]
0.0.N: Trace Attempt  3	[68.31 s]
0.0.N: Trace Attempt  4	[68.31 s]
0.0.N: Trace Attempt  5	[68.31 s]
0.0.B: Trace Attempt 5399	[68.32 s]
0.0.Bm: Trace Attempt 5393	[68.36 s]
0.0.Hp: Trace Attempt 1755	[68.59 s]
0.0.Ht: Trace Attempt 5790	[71.93 s]
0.0.N: Trace Attempt 188	[72.34 s]
0.0.B: Trace Attempt 5448	[72.38 s]
0.0.Bm: Trace Attempt 5441	[72.42 s]
0.0.Hp: Trace Attempt 1791	[72.67 s]
0.0.AM: Trace Attempt 464	[72.75 s]
0.0.N: Trace Attempt  1	[74.31 s]
0.0.N: Trace Attempt  2	[74.31 s]
0.0.N: Trace Attempt  3	[74.31 s]
0.0.N: Trace Attempt  4	[74.31 s]
0.0.N: Trace Attempt  5	[74.31 s]
0.0.Ht: Trace Attempt 5877	[75.93 s]
0.0.B: Trace Attempt 5496	[76.38 s]
0.0.Bm: Trace Attempt 5489	[76.50 s]
0.0.Hp: Trace Attempt 1826	[76.75 s]
0.0.AM: Trace Attempt 475	[76.83 s]
0.0.N: Trace Attempt 188	[78.33 s]
0.0.Ht: Trace Attempt 5959	[79.94 s]
0.0.N: Trace Attempt  1	[80.32 s]
0.0.N: Trace Attempt  2	[80.32 s]
0.0.N: Trace Attempt  3	[80.32 s]
0.0.N: Trace Attempt  4	[80.32 s]
0.0.N: Trace Attempt  5	[80.32 s]
0.0.B: Trace Attempt 5543	[80.43 s]
0.0.Bm: Trace Attempt 5536	[80.58 s]
0.0.Hp: Trace Attempt 1860	[80.80 s]
0.0.AM: Trace Attempt 487	[80.91 s]
0.0.Ht: Trace Attempt 6048	[83.98 s]
0.0.N: Trace Attempt 188	[84.33 s]
0.0.B: Trace Attempt 5589	[84.46 s]
0.0.Bm: Trace Attempt 5581	[84.59 s]
0.0.Hp: Trace Attempt 1893	[84.81 s]
0.0.AM: Trace Attempt 504	[85.21 s]
0.0.N: Trace Attempt  1	[86.43 s]
0.0.N: Trace Attempt  2	[86.43 s]
0.0.N: Trace Attempt  3	[86.43 s]
0.0.N: Trace Attempt  4	[86.43 s]
0.0.N: Trace Attempt  5	[86.43 s]
0.0.Ht: Trace Attempt 6131	[87.98 s]
0.0.B: Trace Attempt 5634	[88.47 s]
0.0.Bm: Trace Attempt 5626	[88.68 s]
0.0.Hp: Trace Attempt 1926	[88.92 s]
0.0.AM: Trace Attempt 520	[89.42 s]
0.0.N: Trace Attempt 188	[90.46 s]
0.0.Ht: Trace Attempt 6214	[92.04 s]
0.0.N: Trace Attempt  1	[92.41 s]
0.0.N: Trace Attempt  2	[92.41 s]
0.0.N: Trace Attempt  3	[92.41 s]
0.0.N: Trace Attempt  4	[92.41 s]
0.0.N: Trace Attempt  5	[92.41 s]
0.0.B: Trace Attempt 5679	[92.54 s]
0.0.Bm: Trace Attempt 5670	[92.72 s]
0.0.Hp: Trace Attempt 1958	[92.96 s]
0.0.AM: Trace Attempt 536	[93.49 s]
0.0.N: Trace Attempt 188	[96.42 s]
0.0.B: Trace Attempt 5725	[96.56 s]
0.0.Bm: Trace Attempt 5715	[96.74 s]
0.0.Hp: Trace Attempt 1984	[97.09 s]
0.0.Ht: Trace Attempt 6260	[97.54 s]
0.0.AM: Trace Attempt 552	[97.61 s]
0.0.N: Trace Attempt  1	[98.37 s]
0.0.N: Trace Attempt  2	[98.37 s]
0.0.N: Trace Attempt  3	[98.37 s]
0.0.N: Trace Attempt  4	[98.37 s]
0.0.N: Trace Attempt  5	[98.38 s]
0.0.B: Trace Attempt 5770	[100.63 s]
0.0.Bm: Trace Attempt 5759	[100.82 s]
0.0.Hp: Trace Attempt 2008	[101.12 s]
0.0.Ht: Trace Attempt 6389	[101.56 s]
0.0.AM: Trace Attempt 568	[101.76 s]
0.0.N: Trace Attempt 188	[102.40 s]
0.0.N: Trace Attempt  1	[104.38 s]
0.0.N: Trace Attempt  2	[104.38 s]
0.0.N: Trace Attempt  3	[104.38 s]
0.0.N: Trace Attempt  4	[104.38 s]
0.0.N: Trace Attempt  5	[104.39 s]
0.0.B: Trace Attempt 5813	[104.70 s]
0.0.Bm: Trace Attempt 5801	[104.84 s]
0.0.Hp: Trace Attempt 2032	[105.19 s]
0.0.Ht: Trace Attempt 6508	[105.59 s]
0.0.AM: Trace Attempt 581	[105.86 s]
0.0.N: Trace Attempt 188	[108.41 s]
0.0.B: Trace Attempt 5856	[108.73 s]
0.0.Bm: Trace Attempt 5844	[108.91 s]
0.0.Hp: Trace Attempt 2067	[109.20 s]
0.0.Ht: Trace Attempt 6576	[109.61 s]
0.0.AM: Trace Attempt 595	[109.99 s]
0.0.N: Trace Attempt  1	[110.45 s]
0.0.N: Trace Attempt  2	[110.45 s]
0.0.N: Trace Attempt  3	[110.45 s]
0.0.N: Trace Attempt  4	[110.45 s]
0.0.N: Trace Attempt  5	[110.46 s]
0.0.B: Trace Attempt 5899	[112.79 s]
0.0.Bm: Trace Attempt 5886	[112.95 s]
0.0.Hp: Trace Attempt 2121	[113.26 s]
0.0.Ht: Trace Attempt 6670	[113.64 s]
0.0.AM: Trace Attempt 609	[114.05 s]
0.0.N: Trace Attempt 188	[114.47 s]
0.0.N: Trace Attempt  1	[116.46 s]
0.0.N: Trace Attempt  2	[116.46 s]
0.0.N: Trace Attempt  3	[116.46 s]
0.0.N: Trace Attempt  4	[116.46 s]
0.0.N: Trace Attempt  5	[116.46 s]
0.0.B: Trace Attempt 5940	[116.82 s]
0.0.Bm: Trace Attempt 5927	[117.02 s]
0.0.Hp: Trace Attempt 2174	[117.27 s]
0.0.Ht: Trace Attempt 6759	[117.66 s]
0.0.AM: Trace Attempt 622	[118.16 s]
0.0.N: Trace Attempt 188	[120.48 s]
0.0.B: Trace Attempt 5982	[120.87 s]
0.0.Bm: Trace Attempt 5968	[121.04 s]
0.0.Hp: Trace Attempt 2196	[121.34 s]
0.0.Ht: Trace Attempt 6854	[121.67 s]
0.0.AM: Trace Attempt 634	[122.37 s]
0.0.N: Trace Attempt  1	[122.97 s]
0.0.N: Trace Attempt  2	[122.97 s]
0.0.N: Trace Attempt  3	[122.97 s]
0.0.N: Trace Attempt  4	[122.97 s]
0.0.N: Trace Attempt  5	[122.97 s]
0.0.B: Trace Attempt 6024	[124.96 s]
0.0.Bm: Trace Attempt 6008	[125.05 s]
0.0.Hp: Trace Attempt 2218	[125.53 s]
0.0.Ht: Trace Attempt 6942	[125.73 s]
0.0.AM: Trace Attempt 646	[126.48 s]
0.0.N: Trace Attempt 145	[127.08 s]
0.0.B: Trace Attempt 6064	[129.02 s]
0.0.Bm: Trace Attempt 6048	[129.07 s]
0.0.Hp: Trace Attempt 2240	[129.67 s]
0.0.Ht: Trace Attempt 7024	[129.75 s]
0.0.AM: Trace Attempt 658	[130.65 s]
0.0.N: Trace Attempt 194	[131.11 s]
0.0.B: Trace Attempt 6104	[133.07 s]
0.0.Bm: Trace Attempt 6087	[133.10 s]
0.0.Hp: Trace Attempt 2261	[133.69 s]
0.0.Ht: Trace Attempt 7103	[133.78 s]
0.0.AM: Trace Attempt 669	[134.78 s]
0.0.N: Trace Attempt 231	[135.17 s]
0.0.Bm: Trace Attempt 6126	[137.10 s]
0.0.B: Trace Attempt 6144	[137.09 s]
0.0.Hp: Trace Attempt 2282	[137.72 s]
0.0.Ht: Trace Attempt 7178	[137.81 s]
0.0.AM: Trace Attempt 679	[138.95 s]
0.0.N: Trace Attempt 276	[139.23 s]
0.0.Bm: Trace Attempt 6165	[141.14 s]
0.0.B: Trace Attempt 6184	[141.14 s]
0.0.Hp: Trace Attempt 2303	[141.79 s]
0.0.Ht: Trace Attempt 7253	[141.81 s]
0.0.AM: Trace Attempt 688	[143.05 s]
0.0.N: Trace Attempt 319	[143.24 s]
0.0.B: Trace Attempt 6223	[145.15 s]
0.0.Bm: Trace Attempt 6204	[145.22 s]
0.0.Hp: Trace Attempt 2353	[145.80 s]
0.0.Ht: Trace Attempt 7328	[145.82 s]
0.0.N: Trace Attempt 356	[147.30 s]
0.0.AM: Trace Attempt 697	[147.47 s]
0.0.Bm: Trace Attempt 6242	[149.22 s]
0.0.B: Trace Attempt 6263	[149.25 s]
0.0.Hp: Trace Attempt 2402	[149.81 s]
0.0.Ht: Trace Attempt 7399	[149.84 s]
0.0.N: Trace Attempt 393	[151.34 s]
0.0.AM: Trace Attempt 707	[151.84 s]
0.0.Bm: Trace Attempt 6280	[153.25 s]
0.0.B: Trace Attempt 6301	[153.26 s]
0.0.Hp: Trace Attempt 2439	[153.92 s]
0.0.Ht: Trace Attempt 7467	[153.89 s]
0.0.N: Trace Attempt 424	[155.35 s]
0.0.AM: Trace Attempt 718	[156.36 s]
0.0.Bm: Trace Attempt 6317	[157.34 s]
0.0.B: Trace Attempt 6339	[157.36 s]
0.0.Ht: Trace Attempt 7531	[157.90 s]
0.0.Hp: Trace Attempt 2459	[158.11 s]
0.0.N: Trace Attempt 459	[159.45 s]
0.0.AM: Trace Attempt 726	[160.57 s]
0.0.Bm: Trace Attempt 6354	[161.43 s]
0.0.B: Trace Attempt 6377	[161.46 s]
0.0.Ht: Trace Attempt 7594	[161.94 s]
0.0.Hp: Trace Attempt 2478	[162.14 s]
0.0.N: Trace Attempt 470	[163.54 s]
0.0.N: Trace Attempt  1	[163.55 s]
0.0.N: Trace Attempt  2	[163.55 s]
0.0.N: Trace Attempt  3	[163.55 s]
0.0.N: Trace Attempt  4	[163.56 s]
0.0.N: Trace Attempt  5	[163.56 s]
0.0.AM: Trace Attempt 734	[164.71 s]
0.0.B: Trace Attempt 6414	[165.47 s]
0.0.Bm: Trace Attempt 6391	[165.50 s]
0.0.Ht: Trace Attempt 7656	[166.00 s]
0.0.Hp: Trace Attempt 2497	[166.14 s]
0.0.N: Trace Attempt 145	[167.66 s]
0.0.AM: Trace Attempt 744	[169.06 s]
0.0.B: Trace Attempt 6453	[169.55 s]
0.0.Bm: Trace Attempt 6429	[169.58 s]
0.0.Ht: Trace Attempt 7717	[170.01 s]
0.0.Hp: Trace Attempt 2517	[170.34 s]
0.0.N: Trace Attempt 194	[171.69 s]
0.0.AM: Trace Attempt 754	[173.14 s]
0.0.B: Trace Attempt 6492	[173.62 s]
0.0.Bm: Trace Attempt 6467	[173.65 s]
0.0.Ht: Trace Attempt 7775	[174.16 s]
0.0.Hp: Trace Attempt 2536	[174.36 s]
0.0.N: Trace Attempt 231	[175.74 s]
0.0.AM: Trace Attempt 764	[177.16 s]
0.0.B: Trace Attempt 6530	[177.68 s]
0.0.Bm: Trace Attempt 6504	[177.72 s]
0.0.Ht: Trace Attempt 7838	[178.24 s]
0.0.Hp: Trace Attempt 2555	[178.44 s]
0.0.N: Trace Attempt 276	[179.81 s]
0.0.N: Trace Attempt 290	[180.91 s]
0.0.N: Stopped processing property "DELAY.p1"	[180.97 s].
0.0.N: Morphing to Ncustom1
0.0.N: All properties determined. [0.00 s]
0.0.N: Exited with Success (@ 0.00 s)
0.0.Ncustom1: clocks: 1, declared: 1, looping: 0, posedge: 1, negedge: 0, noedge: 0, bothedge: 0
0.0.Ncustom1: Starting proof for property "DELAY.p1"	[0.00 s].
0.0.Ncustom1: Trace Attempt 469	[0.04 s]
0.0.B: Trace Attempt 6559	[180.85 s]
0.0.B: Stopped processing property "DELAY.p1"	[180.98 s].
0.0.B: Morphing to Bcustom2
0.0.B: All properties determined. [0.00 s]
0.0.B: Exited with Success (@ 0.00 s)
0.0.Bcustom2: clocks: 1, declared: 1, looping: 0, posedge: 1, negedge: 0, noedge: 0, bothedge: 0
0.0.Bcustom2: Starting proof for property "DELAY.p1"	[0.00 s].
0.0.Bcustom2: Trace Attempt  1	[0.00 s]
0.0.Bcustom2: Trace Attempt  2	[0.00 s]
0.0.Bcustom2: Trace Attempt  1	[0.00 s]
0.0.Bcustom2: Trace Attempt  2	[0.00 s]
0.0.Bcustom2: Trace Attempt  3	[0.00 s]
0.0.Bcustom2: Trace Attempt  4	[0.00 s]
0.0.Bcustom2: Trace Attempt  5	[0.00 s]
0.0.Bcustom2: Trace Attempt  1	[0.00 s]
0.0.Bcustom2: Trace Attempt  2	[0.00 s]
0.0.Bcustom2: Trace Attempt  3	[0.00 s]
0.0.Bcustom2: Trace Attempt  4	[0.00 s]
0.0.Bcustom2: Trace Attempt  5	[0.00 s]
0.0.Bcustom2: Trace Attempt  1	[0.00 s]
0.0.Bcustom2: Trace Attempt  2	[0.00 s]
0.0.Bcustom2: Trace Attempt  3	[0.00 s]
0.0.Bcustom2: Trace Attempt  4	[0.00 s]
0.0.Bcustom2: Trace Attempt  5	[0.00 s]
0.0.Bcustom2: Trace Attempt  1	[0.01 s]
0.0.Bcustom2: Trace Attempt  2	[0.01 s]
0.0.Bcustom2: Trace Attempt  3	[0.01 s]
0.0.Bcustom2: Trace Attempt  4	[0.01 s]
0.0.Bcustom2: Trace Attempt  5	[0.01 s]
0.0.Bcustom2: Trace Attempt  1	[0.02 s]
0.0.Bcustom2: Trace Attempt  2	[0.02 s]
0.0.Bcustom2: Trace Attempt  3	[0.02 s]
0.0.Bcustom2: Trace Attempt  4	[0.02 s]
0.0.Bcustom2: Trace Attempt  5	[0.02 s]
0.0.Tri: Proofgrid shell started at 16083@vlsi-ria84(local) jg_15498_vlsi-ria84_1
0.0.Tri: clocks: 1, declared: 1, looping: 0, posedge: 1, negedge: 0, noedge: 0, bothedge: 0
0.0.Bcustom2: Trace Attempt  1	[0.04 s]
0.0.Bcustom2: Trace Attempt  2	[0.04 s]
0.0.Bcustom2: Trace Attempt  3	[0.04 s]
0.0.Bcustom2: Trace Attempt  4	[0.04 s]
0.0.Bcustom2: Trace Attempt  5	[0.04 s]
0.0.Tri: Last scan. Per property time limit: 0s
0.0.Tri: Starting proof for property "DELAY.p1"	[0.00 s].
0.0.Tri: Trace Attempt  1	[0.00 s]
0.0.D: Proofgrid shell started at 16086@vlsi-ria84(local) jg_15498_vlsi-ria84_1
0.0.D: clocks: 1, declared: 1, looping: 0, posedge: 1, negedge: 0, noedge: 0, bothedge: 0
0.0.D: Last scan. Per property time limit: 0s
0.0.D: Starting proof for property "DELAY.p1"	[0.00 s].
0.0.D: Trace Attempt  1	[0.00 s]
0.0.D: Trace Attempt  2	[0.00 s]
0.0.D: Trace Attempt  4	[0.00 s]
0.0.AM: Trace Attempt 772	[180.55 s]
0.0.AM: Stopped processing property "DELAY.p1"	[181.06 s].
0.0.AM: Morphing to AMcustom3
0.0.AM: All properties determined. [0.00 s]
0.0.AM: Exited with Success (@ 0.00 s)
0.0.AMcustom3: clocks: 1, declared: 1, looping: 0, posedge: 1, negedge: 0, noedge: 0, bothedge: 0
0.0.AMcustom3: Starting proof for property "DELAY.p1"	[0.00 s].
0.0.AMcustom3: Trace Attempt  1	[0.00 s]
0.0.AMcustom3: Trace Attempt  2	[0.00 s]
0.0.AMcustom3: Trace Attempt  3	[0.00 s]
0.0.AMcustom3: Trace Attempt  4	[0.00 s]
0.0.AMcustom3: Trace Attempt  5	[0.00 s]
0.0.AMcustom3: Trace Attempt  1	[0.00 s]
0.0.AMcustom3: Trace Attempt  2	[0.00 s]
0.0.AMcustom3: Trace Attempt  3	[0.00 s]
0.0.AMcustom3: Trace Attempt  4	[0.01 s]
0.0.AMcustom3: Trace Attempt  5	[0.01 s]
0.0.AMcustom3: Trace Attempt  1	[0.01 s]
0.0.AMcustom3: Trace Attempt  2	[0.01 s]
0.0.AMcustom3: Trace Attempt  3	[0.01 s]
0.0.AMcustom3: Trace Attempt  4	[0.01 s]
0.0.AMcustom3: Trace Attempt  5	[0.01 s]
0.0.Tri:    0.00" ---- Launching main thread ----
0.0.AMcustom3: Trace Attempt  1	[0.03 s]
0.0.AMcustom3: Trace Attempt  2	[0.04 s]
0.0.AMcustom3: Trace Attempt  3	[0.04 s]
0.0.AMcustom3: Trace Attempt  4	[0.04 s]
0.0.AMcustom3: Trace Attempt  5	[0.04 s]
0.0.Bcustom2: Trace Attempt  1	[0.15 s]
0.0.Bcustom2: Trace Attempt  2	[0.15 s]
0.0.Bcustom2: Trace Attempt  3	[0.15 s]
0.0.Bcustom2: Trace Attempt  4	[0.15 s]
0.0.Bcustom2: Trace Attempt  5	[0.15 s]
0.0.Tri:    0.10" ---- Launching abstraction thread ----
0.0.Tri:    0.11" ---- Launching multi-phase simplification thread ----
0.0.AMcustom3: Trace Attempt  1	[0.13 s]
0.0.AMcustom3: Trace Attempt  2	[0.13 s]
0.0.AMcustom3: Trace Attempt  3	[0.13 s]
0.0.AMcustom3: Trace Attempt  4	[0.13 s]
0.0.AMcustom3: Trace Attempt  5	[0.13 s]
0.0.Tri:    0.14" ---- Launching liveness simplification thread ----
0.0.AMcustom3: Trace Attempt  1	[0.52 s]
0.0.AMcustom3: Trace Attempt  2	[0.52 s]
0.0.AMcustom3: Trace Attempt  3	[0.52 s]
0.0.AMcustom3: Trace Attempt  4	[0.52 s]
0.0.AMcustom3: Trace Attempt  5	[0.52 s]
0.0.Bcustom2: Trace Attempt  1	[0.66 s]
0.0.Bcustom2: Trace Attempt  2	[0.66 s]
0.0.Bcustom2: Trace Attempt  3	[0.66 s]
0.0.Bcustom2: Trace Attempt  4	[0.66 s]
0.0.Bcustom2: Trace Attempt  5	[0.66 s]
0.0.Bm: Trace Attempt 6541	[181.78 s]
0.0.Tri:    0.94" Simplification phase 1 complete
0.0.Ncustom1: Requesting engine job to terminate
0.0.Bcustom2: Requesting engine job to terminate
0.0.AMcustom3: Requesting engine job to terminate
0.0.Tri: Requesting engine job to terminate
0.0.D: Requesting engine job to terminate
0.0.Hp: Requesting engine job to terminate
0.0.Ht: Requesting engine job to terminate
0.0.Bm: Requesting engine job to terminate
INFO (IPF144): 0: Initiating shutdown of proof [182.14 s]
0.0.Tri: A proof was found: No trace exists. [1.04 s]
INFO (IPF057): 0.0.Tri: The property "DELAY.p1" was proven in 1.05 s.
0.0.D: Trace Attempt 64	[0.70 s]
0.0.D: Stopped processing property "DELAY.p1"	[1.05 s].
0.0.D: All properties determined. [1.05 s]
0.0.AMcustom3: Trace Attempt 64	[0.99 s]
0.0.AMcustom3: Stopped processing property "DELAY.p1"	[1.00 s].
0.0.AMcustom3: All properties determined. [0.99 s]
0.0.AMcustom3: Exited with Success (@ 182.14 s)
0: ProofGrid usable level: 0
0.0.D: Exited with Success (@ 182.14 s)
0.0.Ncustom1: Stopped processing property "DELAY.p1"	[1.17 s].
0.0.Ncustom1: All properties determined. [1.17 s]
0.0.Hp: Trace Attempt 2571	[181.93 s]
0.0.Hp: All properties determined. [182.15 s]
0.0.Ncustom1: Exited with Success (@ 182.15 s)
0.0.Ht: Trace Attempt 7895	[182.08 s]
0.0.Ht: All properties determined. [182.14 s]
0.0.Bm: Trace Attempt 6543	[182.03 s]
0.0.Bm: All properties determined. [182.17 s]
0.0.Bm: Exited with Success (@ 182.21 s)
0.0.Ht: Exited with Success (@ 182.22 s)
0.0.Hp: Exited with Success (@ 182.32 s)
0.0.Tri: Stopped processing property "DELAY.p1"	[1.26 s].
0.0.Tri: All properties determined. [1.26 s]
0.0.Tri: Exited with Success (@ 182.35 s)
0.0.Bcustom2: Trace Attempt  1	[1.92 s]
0.0.Bcustom2: Stopped processing property "DELAY.p1"	[1.92 s].
0.0.Bcustom2: All properties determined. [1.92 s]
0.0.Bcustom2: Exited with Success (@ 182.97 s)
0: --------------------------------------------------------------
ProofGrid Summary (utilization 99.95 %)
--------------------------------------------------------------
     engines started                               :    14
     engine jobs started                           :    11

    Average time in state (seconds)
    ------------------------------------------------------
    Engine  Pending     Running        Dead    Utilization
    ------------------------------------------------------
     Hp        0.03      182.14        0.00       99.98 %
     Ht        0.04      182.10        0.00       99.98 %
     Bm        0.03      182.10        0.00       99.98 %
    Mpcustom4        0.03        0.00        0.00        5.39 %
     Oh        0.04        0.00        0.00        7.10 %
      L        0.04        0.01        0.00       16.59 %
    Ncustom1        0.03      182.10        0.00       99.98 %
    Bcustom2        0.04      182.00        0.00       99.98 %
    AMcustom3        0.06      181.90        0.00       99.97 %
    Tri        0.09        1.07        0.00       92.49 %
      D        0.10        1.05        0.00       91.28 %
    all        0.05       99.50        0.00       99.95 %

    Total time in state (seconds)
    -----------------------------------------
            Pending     Running        Dead  
    -----------------------------------------
               0.53     1094.47        0.00

    Data read    : 6.63 MiB
    Data written : 4.25 kiB

0: All pending notifications were processed.
INFO (IPF059): 0: Completed proof on task: "<embedded>"

==============================================================
SUMMARY
==============================================================
           Properties Considered              : 2
                 assertions                   : 1
                  - proven                    : 1 (100%)
                  - bounded_proven (user)     : 0 (0%)
                  - bounded_proven (auto)     : 0 (0%)
                  - marked_proven             : 0 (0%)
                  - cex                       : 0 (0%)
                  - ar_cex                    : 0 (0%)
                  - undetermined              : 0 (0%)
                  - unknown                   : 0 (0%)
                  - error                     : 0 (0%)
                 covers                       : 1
                  - unreachable               : 0 (0%)
                  - bounded_unreachable (user): 0 (0%)
                  - covered                   : 1 (100%)
                  - ar_covered                : 0 (0%)
                  - undetermined              : 0 (0%)
                  - unknown                   : 0 (0%)
                  - error                     : 0 (0%)
determined
[<embedded>] % exit -force
[<embedded>] % INFO (IPL005): Received request to exit from the console.
INFO (IPL014): Waiting for the Tcl-thread to exit.
INFO: Waiting for proof threads to stop...
INFO: Proof threads stopped.
INFO (IPL018): The peak resident set memory use for this session was 2.038 GB.
INFO (IPL015): The Tcl-thread exited with status 0.
INFO (IPL016): Exiting the analysis session with status 0.
Finished delay_4.tcl successfully
