Jasper Apps 2024.06p002 64 bits 2024.09.02 16:28:38 UTC

Any disclosure about the Cadence Design Systems software or its use
model to any third party violates the written Non-Disclosure Agreement
between Cadence Design Systems, Inc. and the customer.

THIS SOFTWARE CONTAINS CONFIDENTIAL INFORMATION AND TRADE SECRETS OF
CADENCE DESIGN SYSTEMS, INC. USE, DISCLOSURE, OR REPRODUCTION IS
PROHIBITED WITHOUT THE PRIOR EXPRESS WRITTEN PERMISSION OF CADENCE
DESIGN SYSTEMS, INC.

Copyright (C) 2000-2024 Cadence Design Systems, Inc. All Rights
Reserved.  Unpublished -- rights reserved under the copyright laws of
the United States.

This product includes software developed by others and redistributed
according to license agreement. See doc/third_party_readme.txt for
further details.

RESTRICTED RIGHTS LEGEND

Use, duplication, or disclosure by the Government is subject to
restrictions as set forth in subparagraph (c) (1) (ii) of the Rights in
Technical Data and Computer Software clause at DFARS 252.227-7013 or
subparagraphs (c) (1) and (2) of Commercial Computer Software -- Restricted
Rights at 48 CFR 52.227-19, as applicable.


                          Cadence Design Systems, Inc.
                          2655 Seely Avenue
                          San Jose, CA 95134
                          Phone: 408.943.1234

For technical assistance visit http://support.cadence.com.

Jasper Apps Analysis Session - /users/rompel/jasper_executions/safety_liveness/jgprojects/delay_3/sessionLogs/session_0

WARNING (WG017): [session]: The system's locale is "ANSI_X3.4-1968", which is not UTF-8. Non-ASCII characters might not be handled correctly.
WARNING (WG017): [jg_console]: The system's locale is "ANSI_X3.4-1968", which is not UTF-8. Non-ASCII characters might not be handled correctly.
INFO: successfully checked out license "jasper_fao".
INFO: reading configuration file "/users/rompel/.config/cadence/jasper.conf".
% analyze -sv09 ../delay_3.sv
[-- (VERI-1482)] Analyzing Verilog file '/tools/cadence2425/JASPER/jasper_2024.06p002/lib/verilog/packages/std/std.sv' into library 'std'
[-- (VERI-1482)] Analyzing Verilog file '../delay_3.sv'
% elaborate -bbox_mul 1000000 -bbox_div 1000000 -bbox_mod 1000000 -bbox_a 1000000
[INFO (HIER-8002)] ../delay_3.sv(13): Disabling old hierarchical reference handler
[INFO (VERI-1018)] ../delay_3.sv(1): compiling module 'DELAY'
[WARN (VERI-1209)] ../delay_3.sv(10): expression size 32 truncated to fit in target size 12
INFO (ISW003): Top module name is "DELAY".
INFO (INL208): Elaboration synthesis summary:
  Number of synthesized netlists          1 (0 packages)
  Single run mode                         On
  Pipeline                                On (1 pipelined netlists)
  Late hierarchical reference connection  On
  Number of analyzed Verilog modules      1 (1 synthesized)
  Number of analyzed VHDL entities        0 (0 synthesized)
INFO (INL003): Clearing all state information (assumes, stopats, and so forth).
DELAY
[<embedded>] % reset rst
INFO (IPM031): Clearing proof results of all properties.
INFO (IRS006): Current reset condition is "rst".
[<embedded>] % clock clk
[<embedded>] % prove -all
Ncustom1: Custom engine code is hT3Ng7hPPfiYQOTDZ3qhYOwGAM51eA+J/FjkM5shLioAsqhgLR4Ft+O1BuKG6ilQ83B9tLXSl+CwjiTMAQA
Bcustom2: Custom engine code is hT3Nm7hPr1Vp3Di1Ra2USNIGL4JypRnLKLAdF6JAyuavO2JfGCiY9OZJhcAcOUnLx5xwNdhILGrAWX9s+z2WDkKwNR7tAfClBEjRFVQeq6DU54boFgEA
AMcustom3: Custom engine code is hT3Ng7hP/feYQOTDZ3qhYOwGAM51eA+J/FjkM5shLioAsqhgLR4Ft+O1BuKG6ilQ83B9tLXSmmqwm7g9AQA
Mpcustom4: Custom engine code is hT3NZbhP9fmY2AbBQnsjfOxn6c+6e6yL+/e8fZFmaQrnlgEA
INFO (IPF036): Starting proof on task: "<embedded>", 2 properties to prove with 0 already proven/unreachable
INFO (IRS029): Starting reset analysis: phase 1 of 4.
INFO (IRS030): Running reset analysis: phase 2 of 4.
INFO (IRS031): Running reset analysis: phase 3 of 4.
INFO (IRS020): Starting the reset analysis simulation with a limit of 100 iterations (phase 4 of 4).
INFO (IRS024): Reset iterations 0 to 4 analyzed.
INFO (IRS018): Reset analysis simulation executed for 3 iterations. Assigned values for 12 of 12 design flops, 0 of 0 design latches, 6 of 6 internal elements.
INFO (IRS039): Reset analysis complete.
INFO (IPF031): Settings used for proof thread 0:
    orchestration                 = on
    time_limit                    = 86400s
    per_property_time_limit       = 1s * 10 ^ scan
    engine_mode                   = auto
    proofgrid_per_engine_max_jobs = 1
    max engine jobs               = auto
    proofgrid_mode                = local
    proofgrid_restarts            = 10
AMcustom5: Custom engine code is hT3N1rhP11/52HrFRS21ROp2LOjVTgPvT8L8BGXHgLhaIuqtT4nARFjUqrBL+7pLmaTOzBepZW/Jm8SSrHDybSQtoNiO3y43wk+dEoWlsZizu97Fih6O6lPVG/LpWP5SsUPwlGagLNa1FKEFvwVXyX7//8prySbvSxIHXr5er+z4RAEA
0: Using multistage preprocessing
Ncustom6: Custom engine code is hT3OXrhPByJp3TrFSTLhUmMH4KVtJgmTCnNDF46yMXOKY48m4LS5nE7yBzFjA7kDuwO/GhGUpEPiky3p3wmPn3dJZHxFMsafSoObRzSC+tn7sEY0WbTdZ/FV4hL3MYH/b1CIUvXSWR4wqEoVLsmMOD4xIPT4lI1LO6ZCO7PnnWQuLwetnvKlrXx6wCW/A+x+enqslg1YPobi4wEF/EvbzOvcTYdJvl2s4H2yZg2b2ofAVN5WvhWk1HoBAA
0: Starting reduce
ADcustom7: Custom engine code is hT3Nv7hPv1752HrFRa2kROx2f/ECJeZB2AZsLdlO8VwmIuqtT4nIDFXclhg+O+o+DMmQCekbheGk0kK28laA9gaOFDXsQp29J3X615HY1IPHJWd6FUFvCHjO+p1k652b5JJvZlShNpGlGSXAiQe/mEAj6tEBAA
Tricustom8: Custom engine code is hT3Nu7hPt1752DvFRa0kNDiyIV97VyejwM9C/jCLJjdPvusZONHY42VYUy0Q1ZotnhcVtNc56tJ5wbxv6V2+XpdsaSlHck5vfnbYjdwj1OECy9U+7oSQ0SZE3g5ayD+Phuh4odCJTjeKa2k4elM9ldQfkAEA
Gcustom9: Custom engine code is hT3NibhPDfeYQADBZnYcglOvK9Pfd7EOeniIqP8jNsyIqInncipMGcUXqAadachREE9F2PwhBUZUNw5kHnd4JdXkamORRgEA
C2custom10: Custom engine code is hT3NirhPjfWYQADBZnYcglOvK9Pfd7EOeniIqP8jNsyIqInncgkrYMMXCYbdK0dUjZIF9d4cJ0rHoBDjwVLBKuG86XYVV00BAA
AGcustom11: Custom engine code is hT3NirhP/fmYQADBZnYcglOvK9Pfd7EOeniIqP8jNsyIqInnckcwYMMXCYbdK0dUjZIF9d4cJ0rHoBDjwVLBKuHEZnZByh0BAA
Bcustom12: Custom engine code is hT3NjrhPDfiYQADBZnYcglOvK9PfWxFtenjIyBqfrgr7if/jL/yPOuK1BAflEcW0DxNH2eDIoezN2gxlQFg81RZtiWXh7aiTAidvAQA
Ncustom13: Custom engine code is hT3NR7hPByFp3TrFSTLhUmMH4KWtJglTyV/c51BHEeZWamnJv767nE6PCak26bd3gf3XGN3rIRheufhDieCJQVISo+gNYUKhiUedBKGtsP/a18svAnlMJZudHxDFwK5ufsyoxsIyiAeSY2oi3tEuoDHr5gw42DFKAG3PqO3CEsl8Azzdt3pl5nGA1Ifv2H02eYsFzWb/nfp8PMb3F0krE/EgBcm8TD9Div8BAA
0: Finished reduce in 0s
Tricustom14: Custom engine code is hT3Nu7hP3fiYQADBZnYcglNHp9bfd7EOeniIqP/ji8sGLQu8yhsFO+wxJ+O+R0bU8g/IewXFomyos+viQnWc2xYNYmMqpo3i40O7DaZR7qfp4YqNx26KRvQ/qx0BAA
0.0.PRE: Performing Proof Simplification...
0.0.N: clocks: 1, declared: 1, looping: 0, posedge: 1, negedge: 0, noedge: 0, bothedge: 0
0.0.N: Proof Simplification Iteration 1	[0.00 s]
0.0.PRE: A trace with 1 cycles was found. [0.00 s]
INFO (IPF047): 0.0.PRE: The cover property "DELAY.p1:precondition1" was covered in 1 cycles in 0.00 s.
0.0.N: Proof Simplification Iteration 2	[0.06 s]
0.0.PRE: A proof was found: No trace exists. [0.00 s]
INFO (IPF057): 0.0.PRE: The property ":noDeadEnd" was proven in 0.00 s.
    Use check_assumptions -show -dead_end to show this property in the property table.
0.0.PRE: A proof was found: No trace exists. [0.00 s]
INFO (IPF057): 0.0.PRE: The property ":noConflict" was proven in 0.00 s.
    Use check_assumptions -show to show this property in the property table.
INFO (IPF047): 0.0.PRE: The cover property ":live" was covered in 1 cycles in 0.00 s.
    Use check_assumptions -show -live to show this property in the property table.
0.0.PRE: Proof Simplification completed in 0.06 s
0: About to start ProofGrid in its own thread with a limit of 10000 pending notifications and a limit of 10 traces.
0: =============================== ProofGrid start ===============================
0: ProofGrid usable level: 1
0: Initial ProofGrid level: 1
0: ProofGrid is starting event handling
0.0.Hp: Proofgrid shell started at 14960@vlsi-ria84(local) jg_14890_vlsi-ria84_1
0.0.N: Proofgrid shell started at 14959@vlsi-ria84(local) jg_14890_vlsi-ria84_1
0.0.Hp: clocks: 1, declared: 1, looping: 0, posedge: 1, negedge: 0, noedge: 0, bothedge: 0
0.0.Hp: Last scan. Per property time limit: 0s
0.0.N: clocks: 1, declared: 1, looping: 0, posedge: 1, negedge: 0, noedge: 0, bothedge: 0
0.0.N: Last scan. Per property time limit: 0s
0.0.N: Starting proof for property "DELAY.p1"	[0.00 s].
0.0.N: Trace Attempt  1	[0.00 s]
0.0.Hp: Trace Attempt  1	[0.00 s]
0.0.Hp: Trace Attempt  2	[0.00 s]
0.0.N: Trace Attempt  2	[0.00 s]
0.0.Hp: Trace Attempt  3	[0.00 s]
0.0.N: Trace Attempt  2	[0.00 s]
0.0.Hp: Trace Attempt  4	[0.00 s]
0.0.N: Trace Attempt  3	[0.00 s]
0.0.N: Trace Attempt  4	[0.00 s]
0.0.Hp: Trace Attempt  5	[0.00 s]
0.0.N: Trace Attempt  4	[0.00 s]
0.0.N: Trace Attempt  5	[0.00 s]
0.0.N: Trace Attempt  1	[0.01 s]
0.0.N: Trace Attempt  2	[0.01 s]
0.0.N: Trace Attempt  3	[0.01 s]
0.0.N: Trace Attempt  4	[0.01 s]
0.0.N: Trace Attempt  5	[0.01 s]
0.0.L: Proofgrid shell started at 14995@vlsi-ria84(local) jg_14890_vlsi-ria84_1
0.0.Mpcustom4: Proofgrid shell started at 14993@vlsi-ria84(local) jg_14890_vlsi-ria84_1
0.0.Oh: Proofgrid shell started at 14994@vlsi-ria84(local) jg_14890_vlsi-ria84_1
0.0.Ht: Proofgrid shell started at 14991@vlsi-ria84(local) jg_14890_vlsi-ria84_1
0.0.L: clocks: 1, declared: 1, looping: 0, posedge: 1, negedge: 0, noedge: 0, bothedge: 0
0.0.Bm: Proofgrid shell started at 14992@vlsi-ria84(local) jg_14890_vlsi-ria84_1
0.0.L: Using trace diversification with seed 1 (0.05)
0.0.L: Using LRU state removal heuristic
0.0.L: Ignoring liveness properties
0.0.L: All properties either determined or skipped. [0.00 s]
0.0.Bm: clocks: 1, declared: 1, looping: 0, posedge: 1, negedge: 0, noedge: 0, bothedge: 0
0.0.Mpcustom4: clocks: 1, declared: 1, looping: 0, posedge: 1, negedge: 0, noedge: 0, bothedge: 0
0.0.Oh: clocks: 1, declared: 1, looping: 0, posedge: 1, negedge: 0, noedge: 0, bothedge: 0
0.0.Oh: Reached length limit (2147483647) [0.00 s]
0.0.L: Exited with Success (@ 0.05 s)
0.0.L: Completed, Restart ignored.
0.0.Ht: clocks: 1, declared: 1, looping: 0, posedge: 1, negedge: 0, noedge: 0, bothedge: 0
0.0.Ht: Last scan. Per property time limit: 0s
0.0.Ht: Trace Attempt  1	[0.00 s]
0.0.Ht: Trace Attempt  2	[0.00 s]
0.0.Ht: Trace Attempt  3	[0.00 s]
0.0.Ht: Trace Attempt  4	[0.00 s]
0.0.Ht: Trace Attempt  5	[0.00 s]
0.0.Bm: Ignoring liveness properties
0.0.Bm: Last scan. Per property time limit: 0s
0.0.Bm: Trace Attempt  1	[0.00 s]
0.0.Bm: Trace Attempt  2	[0.00 s]
0.0.Bm: Trace Attempt  3	[0.00 s]
0.0.Bm: Trace Attempt  4	[0.00 s]
0.0.Bm: Trace Attempt  5	[0.00 s]
0.0.Mpcustom4: Ignoring liveness properties
0.0.Mpcustom4: All properties either determined or skipped. [0.00 s]
0.0.Oh: Exited with Success (@ 0.05 s)
0.0.Mpcustom4: Exited with Success (@ 0.05 s)
0.0.Mpcustom4: Completed, Restart ignored.
0.0.AM: Proofgrid shell started at 15004@vlsi-ria84(local) jg_14890_vlsi-ria84_1
0.0.AM: clocks: 1, declared: 1, looping: 0, posedge: 1, negedge: 0, noedge: 0, bothedge: 0
0.0.AM: Last scan. Per property time limit: 0s
0.0.AM: Starting proof for property "DELAY.p1"	[0.00 s].
0.0.AM: Trace Attempt  1	[0.00 s]
0.0.AM: Trace Attempt  2	[0.00 s]
0.0.AM: Trace Attempt  3	[0.00 s]
0.0.AM: Trace Attempt  4	[0.00 s]
0.0.AM: Trace Attempt  5	[0.00 s]
0.0.AM: Trace Attempt  1	[0.00 s]
0.0.AM: Trace Attempt  2	[0.00 s]
0.0.AM: Trace Attempt  3	[0.00 s]
0.0.AM: Trace Attempt  4	[0.00 s]
0.0.AM: Trace Attempt  5	[0.00 s]
0.0.AM: Trace Attempt  1	[0.01 s]
0.0.AM: Trace Attempt  2	[0.01 s]
0.0.AM: Trace Attempt  3	[0.01 s]
0.0.AM: Trace Attempt  4	[0.01 s]
0.0.AM: Trace Attempt  5	[0.01 s]
0.0.B: Proofgrid shell started at 15001@vlsi-ria84(local) jg_14890_vlsi-ria84_1
0.0.B: clocks: 1, declared: 1, looping: 0, posedge: 1, negedge: 0, noedge: 0, bothedge: 0
0.0.B: Last scan. Per property time limit: 0s
0.0.B: Starting proof for property "DELAY.p1"	[0.00 s].
0.0.B: Trace Attempt  1	[0.00 s]
0.0.B: Trace Attempt  2	[0.00 s]
0.0.B: Trace Attempt  3	[0.00 s]
0.0.B: Trace Attempt  4	[0.00 s]
0.0.B: Trace Attempt  5	[0.00 s]
0.0.AM: Trace Attempt  1	[0.03 s]
0.0.AM: Trace Attempt  2	[0.03 s]
0.0.AM: Trace Attempt  3	[0.03 s]
0.0.AM: Trace Attempt  4	[0.03 s]
0.0.AM: Trace Attempt  5	[0.03 s]
0.0.N: Trace Attempt  1	[0.09 s]
0.0.N: Trace Attempt  2	[0.09 s]
0.0.N: Trace Attempt  3	[0.09 s]
0.0.N: Trace Attempt  4	[0.09 s]
0.0.N: Trace Attempt  5	[0.09 s]
0.0.AM: Trace Attempt  1	[0.10 s]
0.0.AM: Trace Attempt  2	[0.10 s]
0.0.AM: Trace Attempt  3	[0.10 s]
0.0.AM: Trace Attempt  4	[0.10 s]
0.0.AM: Trace Attempt  5	[0.10 s]
0.0.N: Trace Attempt  1	[0.40 s]
0.0.N: Trace Attempt  2	[0.40 s]
0.0.N: Trace Attempt  3	[0.40 s]
0.0.AM: Trace Attempt  1	[0.35 s]
0.0.N: Trace Attempt  4	[0.40 s]
0.0.N: Trace Attempt  5	[0.40 s]
0.0.AM: Trace Attempt  2	[0.35 s]
0.0.AM: Trace Attempt  3	[0.35 s]
0.0.AM: Trace Attempt  4	[0.35 s]
0.0.AM: Trace Attempt  5	[0.35 s]
0.0.AM: Trace Attempt  1	[1.53 s]
0.0.AM: Trace Attempt  2	[1.53 s]
0.0.AM: Trace Attempt  3	[1.53 s]
0.0.AM: Trace Attempt  4	[1.53 s]
0.0.AM: Trace Attempt  5	[1.53 s]
0.0.N: Trace Attempt  1	[1.72 s]
0.0.N: Trace Attempt  2	[1.72 s]
0.0.N: Trace Attempt  3	[1.72 s]
0.0.N: Trace Attempt  4	[1.72 s]
0.0.N: Trace Attempt  5	[1.72 s]
0.0.N: Trace Attempt  1	[3.04 s]
0.0.N: Trace Attempt  2	[3.04 s]
0.0.N: Trace Attempt  3	[3.04 s]
0.0.N: Trace Attempt  4	[3.04 s]
0.0.N: Trace Attempt  5	[3.04 s]
0.0.Hp: Trace Attempt 593	[4.04 s]
0.0.Ht: Trace Attempt 1896	[4.00 s]
0.0.Bm: Trace Attempt 1728	[4.00 s]
0.0.B: Trace Attempt 1713	[4.00 s]
0.0.N: Trace Attempt  1	[4.35 s]
0.0.N: Trace Attempt  2	[4.35 s]
0.0.N: Trace Attempt  3	[4.35 s]
0.0.N: Trace Attempt  4	[4.35 s]
0.0.N: Trace Attempt  5	[4.36 s]
0.0.AM: Trace Attempt 215	[5.54 s]
0.0.N: Trace Attempt  1	[5.67 s]
0.0.N: Trace Attempt  2	[5.67 s]
0.0.N: Trace Attempt  3	[5.67 s]
0.0.N: Trace Attempt  4	[5.67 s]
0.0.N: Trace Attempt  5	[5.67 s]
0.0.N: Trace Attempt  1	[7.12 s]
0.0.N: Trace Attempt  2	[7.12 s]
0.0.N: Trace Attempt  3	[7.12 s]
0.0.N: Trace Attempt  4	[7.12 s]
0.0.N: Trace Attempt  5	[7.12 s]
0.0.AM: Trace Attempt  1	[7.24 s]
0.0.AM: Trace Attempt  2	[7.24 s]
0.0.AM: Trace Attempt  3	[7.24 s]
0.0.AM: Trace Attempt  4	[7.24 s]
0.0.AM: Trace Attempt  5	[7.24 s]
0.0.Bm: Trace Attempt 2385	[8.01 s]
0.0.Hp: Trace Attempt 721	[8.05 s]
0.0.B: Trace Attempt 2357	[8.01 s]
0.0.N: Trace Attempt  1	[10.06 s]
0.0.N: Trace Attempt  2	[10.06 s]
0.0.N: Trace Attempt  3	[10.06 s]
0.0.N: Trace Attempt  4	[10.06 s]
0.0.N: Trace Attempt  5	[10.06 s]
0.0.Ht: Trace Attempt 2504	[11.28 s]
0.0.AM: Trace Attempt 206	[11.27 s]
0.0.Bm: Trace Attempt 2612	[12.01 s]
0.0.Hp: Trace Attempt 807	[12.07 s]
0.0.B: Trace Attempt 2603	[12.01 s]
0.0.N: Trace Attempt  1	[13.04 s]
0.0.N: Trace Attempt  2	[13.04 s]
0.0.N: Trace Attempt  3	[13.04 s]
0.0.N: Trace Attempt  4	[13.05 s]
0.0.N: Trace Attempt  5	[13.05 s]
0.0.AM: Trace Attempt 259	[15.32 s]
0.0.N: Trace Attempt  1	[16.02 s]
0.0.N: Trace Attempt  2	[16.02 s]
0.0.N: Trace Attempt  3	[16.02 s]
0.0.N: Trace Attempt  4	[16.02 s]
0.0.N: Trace Attempt  5	[16.02 s]
0.0.Ht: Trace Attempt 2505	[16.00 s]
0.0.Bm: Trace Attempt 2749	[16.01 s]
0.0.B: Trace Attempt 2737	[16.02 s]
0.0.Hp: Trace Attempt 886	[16.10 s]
0.0.N: Trace Attempt  1	[19.02 s]
0.0.N: Trace Attempt  2	[19.02 s]
0.0.N: Trace Attempt  3	[19.02 s]
0.0.N: Trace Attempt  4	[19.03 s]
0.0.N: Trace Attempt  5	[19.03 s]
0.0.AM: Trace Attempt 306	[19.39 s]
0.0.Ht: Trace Attempt 2824	[20.00 s]
0.0.Bm: Trace Attempt 2882	[20.04 s]
0.0.Hp: Trace Attempt 960	[20.12 s]
0.0.B: Trace Attempt 2868	[20.05 s]
0.0.N: Trace Attempt  1	[22.06 s]
0.0.N: Trace Attempt  2	[22.06 s]
0.0.N: Trace Attempt  3	[22.06 s]
0.0.N: Trace Attempt  4	[22.06 s]
0.0.N: Trace Attempt  5	[22.06 s]
0.0.AM: Trace Attempt 359	[23.51 s]
0.0.Ht: Trace Attempt 3001	[24.01 s]
0.0.Bm: Trace Attempt 3011	[24.07 s]
0.0.B: Trace Attempt 2993	[24.06 s]
0.0.Hp: Trace Attempt 1032	[24.14 s]
0.0.N: Trace Attempt  1	[25.09 s]
0.0.N: Trace Attempt  2	[25.10 s]
0.0.N: Trace Attempt  3	[25.10 s]
0.0.N: Trace Attempt  4	[25.10 s]
0.0.N: Trace Attempt  5	[25.10 s]
0.0.AM: Trace Attempt 397	[27.54 s]
0.0.Ht: Trace Attempt 3186	[28.03 s]
0.0.N: Trace Attempt  1	[28.13 s]
0.0.N: Trace Attempt  2	[28.13 s]
0.0.N: Trace Attempt  3	[28.13 s]
0.0.Bm: Trace Attempt 3129	[28.10 s]
0.0.N: Trace Attempt  4	[28.13 s]
0.0.N: Trace Attempt  5	[28.13 s]
0.0.B: Trace Attempt 3109	[28.08 s]
0.0.Hp: Trace Attempt 1118	[28.21 s]
0.0.N: Trace Attempt  1	[31.18 s]
0.0.N: Trace Attempt  2	[31.18 s]
0.0.N: Trace Attempt  3	[31.18 s]
0.0.N: Trace Attempt  4	[31.18 s]
0.0.N: Trace Attempt  5	[31.18 s]
0.0.AM: Trace Attempt 436	[31.56 s]
0.0.Ht: Trace Attempt 3344	[32.04 s]
0.0.Bm: Trace Attempt 3243	[32.11 s]
0.0.B: Trace Attempt 3221	[32.09 s]
0.0.Hp: Trace Attempt 1195	[32.23 s]
0.0.N: Trace Attempt  1	[34.19 s]
0.0.N: Trace Attempt  2	[34.19 s]
0.0.N: Trace Attempt  3	[34.19 s]
0.0.N: Trace Attempt  4	[34.19 s]
0.0.N: Trace Attempt  5	[34.19 s]
0.0.AM: Trace Attempt 261	[35.71 s]
0.0.Ht: Trace Attempt 3489	[36.06 s]
0.0.Bm: Trace Attempt 3350	[36.15 s]
0.0.B: Trace Attempt 3327	[36.12 s]
0.0.Hp: Trace Attempt 1257	[36.30 s]
0.0.N: Trace Attempt  1	[37.24 s]
0.0.N: Trace Attempt  2	[37.24 s]
0.0.N: Trace Attempt  3	[37.24 s]
0.0.N: Trace Attempt  4	[37.24 s]
0.0.N: Trace Attempt  5	[37.24 s]
0.0.Ht: Trace Attempt 3608	[40.08 s]
0.0.Bm: Trace Attempt 3446	[40.17 s]
0.0.B: Trace Attempt 3423	[40.16 s]
0.0.N: Trace Attempt  1	[40.29 s]
0.0.N: Trace Attempt  2	[40.29 s]
0.0.N: Trace Attempt  3	[40.29 s]
0.0.N: Trace Attempt  4	[40.29 s]
0.0.N: Trace Attempt  5	[40.29 s]
0.0.Hp: Trace Attempt 1305	[40.37 s]
0.0.AM: Trace Attempt 513	[41.60 s]
0.0.AM: Trace Attempt  1	[42.00 s]
0.0.AM: Trace Attempt  2	[42.00 s]
0.0.AM: Trace Attempt  3	[42.00 s]
0.0.AM: Trace Attempt  4	[42.00 s]
0.0.AM: Trace Attempt  5	[42.00 s]
0.0.N: Trace Attempt  1	[43.33 s]
0.0.N: Trace Attempt  2	[43.33 s]
0.0.N: Trace Attempt  3	[43.33 s]
0.0.N: Trace Attempt  4	[43.33 s]
0.0.N: Trace Attempt  5	[43.33 s]
0.0.Ht: Trace Attempt 3732	[44.12 s]
0.0.Bm: Trace Attempt 3545	[44.17 s]
0.0.B: Trace Attempt 3524	[44.18 s]
0.0.Hp: Trace Attempt 1354	[44.37 s]
0.0.AM: Trace Attempt 193	[46.01 s]
0.0.N: Trace Attempt  1	[46.36 s]
0.0.N: Trace Attempt  2	[46.36 s]
0.0.N: Trace Attempt  3	[46.36 s]
0.0.N: Trace Attempt  4	[46.37 s]
0.0.N: Trace Attempt  5	[46.37 s]
0.0.Ht: Trace Attempt 3806	[48.13 s]
0.0.Bm: Trace Attempt 3650	[48.19 s]
0.0.B: Trace Attempt 3626	[48.18 s]
0.0.Hp: Trace Attempt 1395	[48.40 s]
0.0.N: Trace Attempt  1	[49.47 s]
0.0.N: Trace Attempt  2	[49.47 s]
0.0.N: Trace Attempt  3	[49.47 s]
0.0.N: Trace Attempt  4	[49.47 s]
0.0.N: Trace Attempt  5	[49.47 s]
0.0.AM: Trace Attempt 259	[50.06 s]
0.0.Ht: Trace Attempt 4040	[52.14 s]
0.0.Bm: Trace Attempt 3750	[52.21 s]
0.0.B: Trace Attempt 3726	[52.22 s]
0.0.Hp: Trace Attempt 1432	[52.43 s]
0.0.N: Trace Attempt  1	[52.49 s]
0.0.N: Trace Attempt  2	[52.49 s]
0.0.N: Trace Attempt  3	[52.49 s]
0.0.N: Trace Attempt  4	[52.49 s]
0.0.N: Trace Attempt  5	[52.49 s]
0.0.AM: Trace Attempt 306	[54.13 s]
0.0.N: Trace Attempt  1	[55.53 s]
0.0.N: Trace Attempt  2	[55.53 s]
0.0.N: Trace Attempt  3	[55.53 s]
0.0.N: Trace Attempt  4	[55.53 s]
0.0.N: Trace Attempt  5	[55.53 s]
0.0.Ht: Trace Attempt 4172	[56.16 s]
0.0.Bm: Trace Attempt 3847	[56.22 s]
0.0.B: Trace Attempt 3824	[56.26 s]
0.0.Hp: Trace Attempt 1469	[56.52 s]
0.0.AM: Trace Attempt 348	[58.19 s]
0.0.N: Trace Attempt  1	[58.62 s]
0.0.N: Trace Attempt  2	[58.62 s]
0.0.N: Trace Attempt  3	[58.62 s]
0.0.N: Trace Attempt  4	[58.62 s]
0.0.N: Trace Attempt  5	[58.62 s]
0.0.Ht: Trace Attempt 4319	[60.19 s]
0.0.Bm: Trace Attempt 3941	[60.25 s]
0.0.B: Trace Attempt 3918	[60.27 s]
0.0.Hp: Trace Attempt 1505	[60.59 s]
0.0.N: Trace Attempt  1	[61.73 s]
0.0.N: Trace Attempt  2	[61.73 s]
0.0.N: Trace Attempt  3	[61.73 s]
0.0.N: Trace Attempt  4	[61.73 s]
0.0.N: Trace Attempt  5	[61.73 s]
0.0.AM: Trace Attempt 380	[62.23 s]
0.0.Ht: Trace Attempt 4446	[64.19 s]
0.0.Bm: Trace Attempt 4029	[64.27 s]
0.0.B: Trace Attempt 4007	[64.30 s]
0.0.Hp: Trace Attempt 1546	[64.61 s]
0.0.N: Trace Attempt  1	[64.75 s]
0.0.N: Trace Attempt  2	[64.76 s]
0.0.N: Trace Attempt  3	[64.76 s]
0.0.N: Trace Attempt  4	[64.76 s]
0.0.N: Trace Attempt  5	[64.76 s]
0.0.AM: Trace Attempt 420	[66.24 s]
0.0.N: Trace Attempt  1	[67.84 s]
0.0.N: Trace Attempt  2	[67.84 s]
0.0.N: Trace Attempt  3	[67.84 s]
0.0.N: Trace Attempt  4	[67.85 s]
0.0.N: Trace Attempt  5	[67.85 s]
0.0.Ht: Trace Attempt 4578	[68.21 s]
0.0.Bm: Trace Attempt 4108	[68.32 s]
0.0.B: Trace Attempt 4087	[68.31 s]
0.0.Hp: Trace Attempt 1611	[68.62 s]
0.0.AM: Trace Attempt 457	[70.30 s]
0.0.N: Trace Attempt  1	[70.89 s]
0.0.N: Trace Attempt  2	[70.89 s]
0.0.N: Trace Attempt  3	[70.89 s]
0.0.N: Trace Attempt  4	[70.89 s]
0.0.N: Trace Attempt  5	[70.89 s]
0.0.Ht: Trace Attempt 4700	[72.23 s]
0.0.Bm: Trace Attempt 4182	[72.36 s]
0.0.B: Trace Attempt 4162	[72.34 s]
0.0.Hp: Trace Attempt 1644	[72.66 s]
0.0.N: Trace Attempt  1	[73.96 s]
0.0.N: Trace Attempt  2	[73.96 s]
0.0.N: Trace Attempt  3	[73.96 s]
0.0.N: Trace Attempt  4	[73.96 s]
0.0.N: Trace Attempt  5	[73.96 s]
0.0.AM: Trace Attempt 492	[75.20 s]
0.0.Ht: Trace Attempt 4813	[76.23 s]
0.0.Bm: Trace Attempt 4251	[76.36 s]
0.0.B: Trace Attempt 4232	[76.37 s]
0.0.Hp: Trace Attempt 1696	[76.66 s]
0.0.N: Trace Attempt  1	[77.41 s]
0.0.N: Trace Attempt  2	[77.41 s]
0.0.N: Trace Attempt  3	[77.41 s]
0.0.N: Trace Attempt  4	[77.41 s]
0.0.N: Trace Attempt  5	[77.41 s]
0.0.AM: Trace Attempt 502	[79.40 s]
0.0.Ht: Trace Attempt 4917	[80.24 s]
0.0.Bm: Trace Attempt 4316	[80.42 s]
0.0.B: Trace Attempt 4298	[80.42 s]
0.0.Hp: Trace Attempt 1747	[80.76 s]
0.0.N: Trace Attempt 243	[81.46 s]
0.0.AM: Trace Attempt 517	[83.53 s]
0.0.Bm: Trace Attempt 4377	[84.44 s]
0.0.B: Trace Attempt 4360	[84.46 s]
0.0.Hp: Trace Attempt 1779	[84.79 s]
0.0.Ht: Trace Attempt 5004	[84.90 s]
0.0.N: Trace Attempt 351	[85.49 s]
0.0.AM: Trace Attempt 533	[87.81 s]
0.0.Bm: Trace Attempt 4433	[88.48 s]
0.0.B: Trace Attempt 4417	[88.48 s]
0.0.Hp: Trace Attempt 1811	[88.92 s]
0.0.Ht: Trace Attempt 5055	[88.93 s]
0.0.N: Trace Attempt 450	[89.52 s]
0.0.N: Trace Attempt  1	[91.58 s]
0.0.N: Trace Attempt  2	[91.58 s]
0.0.N: Trace Attempt  3	[91.58 s]
0.0.N: Trace Attempt  4	[91.58 s]
0.0.N: Trace Attempt  5	[91.58 s]
0.0.AM: Trace Attempt 547	[91.91 s]
0.0.Bm: Trace Attempt 4485	[92.53 s]
0.0.B: Trace Attempt 4469	[92.52 s]
0.0.Hp: Trace Attempt 1842	[92.99 s]
0.0.Ht: Trace Attempt 5070	[93.96 s]
0.0.N: Trace Attempt 243	[95.62 s]
0.0.AM: Trace Attempt 562	[95.94 s]
0.0.Bm: Trace Attempt 4534	[96.54 s]
0.0.B: Trace Attempt 4519	[96.53 s]
0.0.Hp: Trace Attempt 1873	[97.03 s]
0.0.Ht: Trace Attempt 5102	[99.15 s]
0.0.N: Trace Attempt 351	[99.65 s]
0.0.AM: Trace Attempt 578	[100.09 s]
0.0.Bm: Trace Attempt 4580	[100.61 s]
0.0.B: Trace Attempt 4566	[100.61 s]
0.0.Hp: Trace Attempt 1905	[101.16 s]
0.0.Ht: Trace Attempt 5282	[103.16 s]
0.0.N: Trace Attempt 450	[103.65 s]
0.0.AM: Trace Attempt 593	[104.28 s]
0.0.Bm: Trace Attempt 4623	[104.62 s]
0.0.B: Trace Attempt 4610	[104.72 s]
0.0.Hp: Trace Attempt 1935	[105.26 s]
0.0.N: Trace Attempt  1	[105.74 s]
0.0.N: Trace Attempt  2	[105.74 s]
0.0.N: Trace Attempt  3	[105.74 s]
0.0.N: Trace Attempt  4	[105.74 s]
0.0.N: Trace Attempt  5	[105.74 s]
0.0.Ht: Trace Attempt 5357	[107.18 s]
0.0.AM: Trace Attempt 608	[108.60 s]
0.0.Bm: Trace Attempt 4664	[108.70 s]
0.0.B: Trace Attempt 4652	[108.84 s]
0.0.Hp: Trace Attempt 1965	[109.34 s]
0.0.N: Trace Attempt 243	[109.79 s]
0.0.Ht: Trace Attempt 5483	[111.19 s]
0.0.AM: Trace Attempt 621	[112.62 s]
0.0.Bm: Trace Attempt 4704	[112.78 s]
0.0.B: Trace Attempt 4692	[112.88 s]
0.0.Hp: Trace Attempt 1995	[113.42 s]
0.0.N: Trace Attempt 351	[113.83 s]
0.0.Ht: Trace Attempt 5525	[115.84 s]
0.0.AM: Trace Attempt 634	[116.71 s]
0.0.Bm: Trace Attempt 4742	[116.82 s]
0.0.B: Trace Attempt 4730	[116.90 s]
0.0.Hp: Trace Attempt 2025	[117.55 s]
0.0.N: Trace Attempt 450	[117.85 s]
0.0.Ht: Trace Attempt 5632	[119.87 s]
0.0.N: Trace Attempt  1	[120.00 s]
0.0.N: Trace Attempt  2	[120.00 s]
0.0.N: Trace Attempt  3	[120.00 s]
0.0.N: Trace Attempt  4	[120.00 s]
0.0.N: Trace Attempt  5	[120.00 s]
0.0.Bm: Trace Attempt 4778	[120.83 s]
0.0.AM: Trace Attempt 648	[120.84 s]
0.0.B: Trace Attempt 4766	[120.91 s]
0.0.Hp: Trace Attempt 2062	[121.58 s]
0.0.Ht: Trace Attempt 5749	[123.90 s]
0.0.N: Trace Attempt 242	[124.00 s]
0.0.Bm: Trace Attempt 4814	[124.94 s]
0.0.B: Trace Attempt 4802	[124.98 s]
0.0.AM: Trace Attempt 662	[125.04 s]
0.0.Hp: Trace Attempt 2119	[125.66 s]
0.0.Ht: Trace Attempt 5828	[127.91 s]
0.0.N: Trace Attempt 350	[128.01 s]
0.0.Bm: Trace Attempt 4849	[128.99 s]
0.0.B: Trace Attempt 4837	[129.05 s]
0.0.AM: Trace Attempt 674	[129.14 s]
0.0.Hp: Trace Attempt 2147	[129.69 s]
0.0.Ht: Trace Attempt 5935	[131.93 s]
0.0.N: Trace Attempt 450	[132.12 s]
0.0.Bm: Trace Attempt 4882	[133.05 s]
0.0.B: Trace Attempt 4870	[133.11 s]
0.0.AM: Trace Attempt 687	[133.39 s]
0.0.Hp: Trace Attempt 2174	[133.73 s]
0.0.N: Trace Attempt  1	[134.32 s]
0.0.N: Trace Attempt  2	[134.32 s]
0.0.N: Trace Attempt  3	[134.32 s]
0.0.N: Trace Attempt  4	[134.32 s]
0.0.N: Trace Attempt  5	[134.32 s]
0.0.Ht: Trace Attempt 6031	[135.96 s]
0.0.Bm: Trace Attempt 4915	[137.09 s]
0.0.B: Trace Attempt 4903	[137.17 s]
0.0.AM: Trace Attempt 700	[137.67 s]
0.0.Hp: Trace Attempt 2237	[137.78 s]
0.0.N: Trace Attempt 242	[138.33 s]
0.0.Ht: Trace Attempt 6133	[139.98 s]
0.0.Bm: Trace Attempt 4948	[141.25 s]
0.0.B: Trace Attempt 4936	[141.32 s]
0.0.Hp: Trace Attempt 2265	[141.82 s]
0.0.AM: Trace Attempt 711	[141.86 s]
0.0.N: Trace Attempt 350	[142.34 s]
0.0.Bm: Trace Attempt 4980	[145.37 s]
0.0.B: Trace Attempt 4968	[145.41 s]
0.0.Hp: Trace Attempt 2292	[145.89 s]
0.0.AM: Trace Attempt 723	[145.87 s]
0.0.Ht: Trace Attempt 6214	[146.12 s]
0.0.N: Trace Attempt 450	[146.44 s]
0.0.N: Trace Attempt  1	[148.87 s]
0.0.N: Trace Attempt  2	[148.87 s]
0.0.N: Trace Attempt  3	[148.87 s]
0.0.N: Trace Attempt  4	[148.87 s]
0.0.N: Trace Attempt  5	[148.87 s]
0.0.Bm: Trace Attempt 5006	[149.42 s]
0.0.B: Trace Attempt 4998	[149.59 s]
0.0.Hp: Trace Attempt 2318	[150.02 s]
0.0.Ht: Trace Attempt 6373	[150.13 s]
0.0.AM: Trace Attempt 734	[150.37 s]
0.0.N: Trace Attempt 242	[152.88 s]
0.0.Bm: Trace Attempt 5034	[153.45 s]
0.0.B: Trace Attempt 5021	[153.65 s]
0.0.Hp: Trace Attempt 2343	[154.06 s]
0.0.AM: Trace Attempt 744	[154.84 s]
0.0.Ht: Trace Attempt 6464	[154.90 s]
0.0.N: Trace Attempt 350	[156.88 s]
0.0.Bm: Trace Attempt 5069	[157.49 s]
0.0.B: Trace Attempt 5055	[157.73 s]
0.0.Hp: Trace Attempt 2368	[158.19 s]
0.0.Ht: Trace Attempt 6573	[158.95 s]
0.0.AM: Trace Attempt 754	[159.16 s]
0.0.N: Trace Attempt 450	[161.00 s]
0.0.Bm: Trace Attempt 5100	[161.55 s]
0.0.B: Trace Attempt 5087	[161.82 s]
0.0.Hp: Trace Attempt 2392	[162.24 s]
0.0.N: Trace Attempt  1	[162.95 s]
0.0.N: Trace Attempt  2	[162.95 s]
0.0.N: Trace Attempt  3	[162.95 s]
0.0.N: Trace Attempt  4	[162.95 s]
0.0.N: Trace Attempt  5	[162.95 s]
0.0.Ht: Trace Attempt 6668	[162.97 s]
0.0.AM: Trace Attempt 764	[163.39 s]
0.0.Bm: Trace Attempt 5130	[165.59 s]
0.0.B: Trace Attempt 5118	[165.90 s]
0.0.Hp: Trace Attempt 2416	[166.54 s]
0.0.N: Trace Attempt 243	[166.98 s]
0.0.Ht: Trace Attempt 6768	[166.98 s]
0.0.AM: Trace Attempt 774	[167.80 s]
0.0.Bm: Trace Attempt 5160	[169.64 s]
0.0.B: Trace Attempt 5147	[169.98 s]
0.0.Hp: Trace Attempt 2441	[170.67 s]
0.0.N: Trace Attempt 351	[171.02 s]
0.0.Ht: Trace Attempt 6867	[171.00 s]
0.0.AM: Trace Attempt 783	[171.90 s]
0.0.Bm: Trace Attempt 5194	[173.71 s]
0.0.B: Trace Attempt 5180	[174.13 s]
0.0.Hp: Trace Attempt 2465	[174.72 s]
0.0.Ht: Trace Attempt 6957	[175.04 s]
0.0.N: Trace Attempt 450	[175.10 s]
0.0.AM: Trace Attempt 793	[176.23 s]
0.0.Bm: Trace Attempt 5230	[177.78 s]
0.0.N: Trace Attempt  1	[177.88 s]
0.0.N: Trace Attempt  2	[177.88 s]
0.0.N: Trace Attempt  3	[177.88 s]
0.0.N: Trace Attempt  4	[177.88 s]
0.0.N: Trace Attempt  5	[177.88 s]
0.0.B: Trace Attempt 5213	[178.15 s]
0.0.Hp: Trace Attempt 2488	[178.79 s]
0.0.Ht: Trace Attempt 7038	[179.05 s]
0.0.AM: Trace Attempt 802	[180.82 s]
0.0.N: Trace Attempt 222	[180.89 s]
0.0.N: Stopped processing property "DELAY.p1"	[180.94 s].
0.0.N: Morphing to Ncustom1
0.0.N: All properties determined. [0.00 s]
0.0.N: Exited with Success (@ 0.00 s)
0.0.Ncustom1: clocks: 1, declared: 1, looping: 0, posedge: 1, negedge: 0, noedge: 0, bothedge: 0
0.0.Ncustom1: Starting proof for property "DELAY.p1"	[0.00 s].
0.0.Ncustom1: Trace Attempt 462	[0.03 s]
0.0.B: Trace Attempt 5237	[180.81 s]
0.0.B: Stopped processing property "DELAY.p1"	[180.93 s].
0.0.B: Morphing to Bcustom2
0.0.B: All properties determined. [0.00 s]
0.0.B: Exited with Success (@ 0.00 s)
0.0.Bcustom2: clocks: 1, declared: 1, looping: 0, posedge: 1, negedge: 0, noedge: 0, bothedge: 0
0.0.Bcustom2: Starting proof for property "DELAY.p1"	[0.00 s].
0.0.Bcustom2: Trace Attempt  1	[0.00 s]
0.0.Bcustom2: Trace Attempt  2	[0.00 s]
0.0.Bcustom2: Trace Attempt  1	[0.00 s]
0.0.Bcustom2: Trace Attempt  2	[0.00 s]
0.0.Bcustom2: Trace Attempt  3	[0.00 s]
0.0.Bcustom2: Trace Attempt  4	[0.00 s]
0.0.Bcustom2: Trace Attempt  5	[0.00 s]
0.0.Bcustom2: Trace Attempt  1	[0.00 s]
0.0.Bcustom2: Trace Attempt  2	[0.00 s]
0.0.Bcustom2: Trace Attempt  3	[0.00 s]
0.0.Bcustom2: Trace Attempt  4	[0.00 s]
0.0.Bcustom2: Trace Attempt  5	[0.00 s]
0.0.Bcustom2: Trace Attempt  1	[0.00 s]
0.0.Bcustom2: Trace Attempt  2	[0.00 s]
0.0.Bcustom2: Trace Attempt  3	[0.00 s]
0.0.Bcustom2: Trace Attempt  4	[0.00 s]
0.0.Bcustom2: Trace Attempt  5	[0.00 s]
0.0.Bcustom2: Trace Attempt  1	[0.01 s]
0.0.Bcustom2: Trace Attempt  2	[0.01 s]
0.0.Bcustom2: Trace Attempt  3	[0.01 s]
0.0.Bcustom2: Trace Attempt  4	[0.01 s]
0.0.Bcustom2: Trace Attempt  5	[0.01 s]
0.0.Bcustom2: Trace Attempt  1	[0.01 s]
0.0.Bcustom2: Trace Attempt  2	[0.01 s]
0.0.Bcustom2: Trace Attempt  3	[0.01 s]
0.0.Bcustom2: Trace Attempt  4	[0.01 s]
0.0.Bcustom2: Trace Attempt  5	[0.01 s]
0.0.Tri: Proofgrid shell started at 15306@vlsi-ria84(local) jg_14890_vlsi-ria84_1
0.0.Tri: clocks: 1, declared: 1, looping: 0, posedge: 1, negedge: 0, noedge: 0, bothedge: 0
0.0.D: Proofgrid shell started at 15307@vlsi-ria84(local) jg_14890_vlsi-ria84_1
0.0.D: clocks: 1, declared: 1, looping: 0, posedge: 1, negedge: 0, noedge: 0, bothedge: 0
0.0.D: Last scan. Per property time limit: 0s
0.0.D: Starting proof for property "DELAY.p1"	[0.00 s].
0.0.D: Trace Attempt  1	[0.00 s]
0.0.D: Trace Attempt  2	[0.00 s]
0.0.D: Trace Attempt  4	[0.00 s]
0.0.Tri: Last scan. Per property time limit: 0s
0.0.Tri: Starting proof for property "DELAY.p1"	[0.00 s].
0.0.Tri: Trace Attempt  1	[0.00 s]
0.0.Bcustom2: Trace Attempt  1	[0.05 s]
0.0.Bcustom2: Trace Attempt  2	[0.05 s]
0.0.Bcustom2: Trace Attempt  3	[0.05 s]
0.0.Bcustom2: Trace Attempt  4	[0.05 s]
0.0.Bcustom2: Trace Attempt  5	[0.05 s]
0.0.AM: Stopped processing property "DELAY.p1"	[181.02 s].
0.0.AM: Morphing to AMcustom3
0.0.AM: All properties determined. [0.00 s]
0.0.AM: Exited with Success (@ 0.00 s)
0.0.AMcustom3: clocks: 1, declared: 1, looping: 0, posedge: 1, negedge: 0, noedge: 0, bothedge: 0
0.0.AMcustom3: Starting proof for property "DELAY.p1"	[0.00 s].
0.0.AMcustom3: Trace Attempt  1	[0.00 s]
0.0.AMcustom3: Trace Attempt  2	[0.00 s]
0.0.AMcustom3: Trace Attempt  3	[0.00 s]
0.0.AMcustom3: Trace Attempt  4	[0.00 s]
0.0.AMcustom3: Trace Attempt  5	[0.00 s]
0.0.AMcustom3: Trace Attempt  1	[0.00 s]
0.0.Tri:    0.00" ---- Launching main thread ----
0.0.AMcustom3: Trace Attempt  2	[0.00 s]
0.0.AMcustom3: Trace Attempt  3	[0.00 s]
0.0.AMcustom3: Trace Attempt  4	[0.00 s]
0.0.AMcustom3: Trace Attempt  5	[0.00 s]
0.0.AMcustom3: Trace Attempt  1	[0.01 s]
0.0.AMcustom3: Trace Attempt  2	[0.01 s]
0.0.AMcustom3: Trace Attempt  3	[0.01 s]
0.0.AMcustom3: Trace Attempt  4	[0.01 s]
0.0.AMcustom3: Trace Attempt  5	[0.01 s]
0.0.AMcustom3: Trace Attempt  1	[0.03 s]
0.0.AMcustom3: Trace Attempt  2	[0.03 s]
0.0.AMcustom3: Trace Attempt  3	[0.03 s]
0.0.AMcustom3: Trace Attempt  4	[0.04 s]
0.0.AMcustom3: Trace Attempt  5	[0.04 s]
0.0.Tri:    0.10" ---- Launching abstraction thread ----
0.0.Tri:    0.10" ---- Launching multi-phase simplification thread ----
0.0.Bcustom2: Trace Attempt  1	[0.19 s]
0.0.Bcustom2: Trace Attempt  2	[0.19 s]
0.0.Bcustom2: Trace Attempt  3	[0.19 s]
0.0.Bcustom2: Trace Attempt  4	[0.19 s]
0.0.Bcustom2: Trace Attempt  5	[0.19 s]
0.0.AMcustom3: Trace Attempt  1	[0.11 s]
0.0.AMcustom3: Trace Attempt  2	[0.11 s]
0.0.AMcustom3: Trace Attempt  3	[0.11 s]
0.0.AMcustom3: Trace Attempt  4	[0.12 s]
0.0.AMcustom3: Trace Attempt  5	[0.12 s]
0.0.Tri:    0.15" ---- Launching liveness simplification thread ----
0.0.AMcustom3: Trace Attempt  1	[0.40 s]
0.0.AMcustom3: Trace Attempt  2	[0.40 s]
0.0.AMcustom3: Trace Attempt  3	[0.40 s]
0.0.AMcustom3: Trace Attempt  4	[0.40 s]
0.0.AMcustom3: Trace Attempt  5	[0.40 s]
0.0.Bcustom2: Trace Attempt  1	[0.58 s]
0.0.Bcustom2: Trace Attempt  2	[0.58 s]
0.0.Bcustom2: Trace Attempt  3	[0.58 s]
0.0.Bcustom2: Trace Attempt  4	[0.58 s]
0.0.Bcustom2: Trace Attempt  5	[0.58 s]
0.0.Bm: Trace Attempt 5264	[181.90 s]
0.0.Tri:    0.96" Simplification phase 1 complete
0.0.Ncustom1: Requesting engine job to terminate
0.0.Bcustom2: Requesting engine job to terminate
0.0.AMcustom3: Requesting engine job to terminate
0.0.Tri: Requesting engine job to terminate
0.0.D: Requesting engine job to terminate
0.0.Hp: Requesting engine job to terminate
0.0.Ht: Requesting engine job to terminate
0.0.Bm: Requesting engine job to terminate
INFO (IPF144): 0: Initiating shutdown of proof [182.10 s]
0.0.Tri: A proof was found: No trace exists. [1.04 s]
INFO (IPF057): 0.0.Tri: The property "DELAY.p1" was proven in 1.05 s.
0.0.D: Trace Attempt 64	[0.74 s]
0.0.D: Stopped processing property "DELAY.p1"	[1.06 s].
0.0.D: All properties determined. [1.06 s]
0.0.D: Exited with Success (@ 182.10 s)
0: ProofGrid usable level: 0
0.0.AMcustom3: Trace Attempt 78	[0.99 s]
0.0.AMcustom3: Stopped processing property "DELAY.p1"	[1.01 s].
0.0.AMcustom3: All properties determined. [1.01 s]
0.0.AMcustom3: Exited with Success (@ 182.10 s)
0.0.Ncustom1: Stopped processing property "DELAY.p1"	[1.15 s].
0.0.Ncustom1: All properties determined. [1.16 s]
0.0.Ht: Trace Attempt 7092	[182.00 s]
0.0.Ht: All properties determined. [182.07 s]
0.0.Ncustom1: Exited with Success (@ 182.14 s)
0.0.Ht: Exited with Success (@ 182.14 s)
0.0.Bm: Trace Attempt 5265	[182.02 s]
0.0.Bm: All properties determined. [182.12 s]
0.0.Bm: Exited with Success (@ 182.16 s)
0.0.Tri: Stopped processing property "DELAY.p1"	[1.25 s].
0.0.Tri: All properties determined. [1.25 s]
0.0.Tri: Exited with Success (@ 182.29 s)
0.0.Hp: Trace Attempt 2503	[181.16 s]
0.0.Hp: All properties determined. [182.47 s]
0.0.Bcustom2: Trace Attempt  1	[1.54 s]
0.0.Bcustom2: Stopped processing property "DELAY.p1"	[1.54 s].
0.0.Bcustom2: All properties determined. [1.54 s]
0.0.Bcustom2: Exited with Success (@ 182.55 s)
0.0.Hp: Exited with Success (@ 182.60 s)
0: --------------------------------------------------------------
ProofGrid Summary (utilization 99.95 %)
--------------------------------------------------------------
     engines started                               :    14
     engine jobs started                           :    11

    Average time in state (seconds)
    ------------------------------------------------------
    Engine  Pending     Running        Dead    Utilization
    ------------------------------------------------------
     Hp        0.03      182.09        0.00       99.98 %
     Ht        0.04      182.06        0.00       99.98 %
     Bm        0.04      182.06        0.00       99.98 %
    Mpcustom4        0.04        0.01        0.00       27.87 %
     Oh        0.04        0.01        0.00       23.27 %
      L        0.03        0.00        0.00        5.32 %
    Ncustom1        0.03      182.08        0.00       99.98 %
    Bcustom2        0.06      181.95        0.00       99.96 %
    AMcustom3        0.05      181.88        0.00       99.97 %
    Tri        0.10        1.06        0.00       91.70 %
      D        0.09        1.06        0.00       91.96 %
    all        0.05       99.48        0.00       99.95 %

    Total time in state (seconds)
    -----------------------------------------
            Pending     Running        Dead  
    -----------------------------------------
               0.54     1094.26        0.00

    Data read    : 8.66 MiB
    Data written : 4.46 kiB

0: All pending notifications were processed.
INFO (IPF059): 0: Completed proof on task: "<embedded>"

==============================================================
SUMMARY
==============================================================
           Properties Considered              : 2
                 assertions                   : 1
                  - proven                    : 1 (100%)
                  - bounded_proven (user)     : 0 (0%)
                  - bounded_proven (auto)     : 0 (0%)
                  - marked_proven             : 0 (0%)
                  - cex                       : 0 (0%)
                  - ar_cex                    : 0 (0%)
                  - undetermined              : 0 (0%)
                  - unknown                   : 0 (0%)
                  - error                     : 0 (0%)
                 covers                       : 1
                  - unreachable               : 0 (0%)
                  - bounded_unreachable (user): 0 (0%)
                  - covered                   : 1 (100%)
                  - ar_covered                : 0 (0%)
                  - undetermined              : 0 (0%)
                  - unknown                   : 0 (0%)
                  - error                     : 0 (0%)
determined
[<embedded>] % exit -force
[<embedded>] % INFO (IPL005): Received request to exit from the console.
INFO (IPL014): Waiting for the Tcl-thread to exit.
INFO: Waiting for proof threads to stop...
INFO: Proof threads stopped.
INFO (IPL018): The peak resident set memory use for this session was 1.699 GB.
INFO (IPL015): The Tcl-thread exited with status 0.
INFO (IPL016): Exiting the analysis session with status 0.
Finished delay_3.tcl successfully
