Jasper Apps 2024.06p002 64 bits 2024.09.02 16:28:38 UTC

Any disclosure about the Cadence Design Systems software or its use
model to any third party violates the written Non-Disclosure Agreement
between Cadence Design Systems, Inc. and the customer.

THIS SOFTWARE CONTAINS CONFIDENTIAL INFORMATION AND TRADE SECRETS OF
CADENCE DESIGN SYSTEMS, INC. USE, DISCLOSURE, OR REPRODUCTION IS
PROHIBITED WITHOUT THE PRIOR EXPRESS WRITTEN PERMISSION OF CADENCE
DESIGN SYSTEMS, INC.

Copyright (C) 2000-2024 Cadence Design Systems, Inc. All Rights
Reserved.  Unpublished -- rights reserved under the copyright laws of
the United States.

This product includes software developed by others and redistributed
according to license agreement. See doc/third_party_readme.txt for
further details.

RESTRICTED RIGHTS LEGEND

Use, duplication, or disclosure by the Government is subject to
restrictions as set forth in subparagraph (c) (1) (ii) of the Rights in
Technical Data and Computer Software clause at DFARS 252.227-7013 or
subparagraphs (c) (1) and (2) of Commercial Computer Software -- Restricted
Rights at 48 CFR 52.227-19, as applicable.


                          Cadence Design Systems, Inc.
                          2655 Seely Avenue
                          San Jose, CA 95134
                          Phone: 408.943.1234

For technical assistance visit http://support.cadence.com.

Jasper Apps Analysis Session - /users/rompel/jasper_executions/safety_liveness/jgprojects/lcd_8/sessionLogs/session_0

WARNING (WG017): [session]: The system's locale is "ANSI_X3.4-1968", which is not UTF-8. Non-ASCII characters might not be handled correctly.
WARNING (WG017): [jg_console]: The system's locale is "ANSI_X3.4-1968", which is not UTF-8. Non-ASCII characters might not be handled correctly.
INFO: successfully checked out license "jasper_fao".
INFO: reading configuration file "/users/rompel/.config/cadence/jasper.conf".
% analyze -sv09 ../lcd_8.sv
[-- (VERI-1482)] Analyzing Verilog file '/tools/cadence2425/JASPER/jasper_2024.06p002/lib/verilog/packages/std/std.sv' into library 'std'
[-- (VERI-1482)] Analyzing Verilog file '../lcd_8.sv'
% elaborate -bbox_mul 1000000 -bbox_div 1000000 -bbox_mod 1000000 -bbox_a 1000000
[INFO (HIER-8002)] ../lcd_8.sv(101): Disabling old hierarchical reference handler
[INFO (VERI-1018)] ../lcd_8.sv(1): compiling module 'LCD'
[WARN (VERI-1209)] ../lcd_8.sv(17): expression size 32 truncated to fit in target size 14
[WARN (VERI-1209)] ../lcd_8.sv(28): expression size 32 truncated to fit in target size 14
[WARN (VERI-1209)] ../lcd_8.sv(92): expression size 32 truncated to fit in target size 14
[INFO (VERI-8005)] ../lcd_8.sv(1): Unintentional sequential element inferred for rw read before write using blocking assignment
[INFO (VERI-8005)] ../lcd_8.sv(1): Unintentional sequential element inferred for rs read before write using blocking assignment
[INFO (VERI-8005)] ../lcd_8.sv(1): Unintentional sequential element inferred for busy read before write using blocking assignment
[INFO (VERI-8005)] ../lcd_8.sv(1): Unintentional sequential element inferred for lcd_data read before write using blocking assignment
[INFO (VERI-8005)] ../lcd_8.sv(1): Unintentional sequential element inferred for e read before write using blocking assignment
[INFO (VERI-8005)] ../lcd_8.sv(5): Unintentional sequential element inferred for cnt read before write using blocking assignment
[INFO (VERI-8005)] ../lcd_8.sv(6): Unintentional sequential element inferred for state read before write using blocking assignment
INFO (ISW003): Top module name is "LCD".
INFO (INL208): Elaboration synthesis summary:
  Number of synthesized netlists          1 (0 packages)
  Single run mode                         On
  Pipeline                                On (1 pipelined netlists)
  Late hierarchical reference connection  On
  Number of analyzed Verilog modules      1 (1 synthesized)
  Number of analyzed VHDL entities        0 (0 synthesized)
INFO (INL003): Clearing all state information (assumes, stopats, and so forth).
LCD
[<embedded>] % reset -none
INFO (IPM031): Clearing proof results of all properties.
[<embedded>] % clock clk
[<embedded>] % prove -all
Ncustom1: Custom engine code is hT3Ng7hPPfiYQOTDZ3qhYOwGAM51eA+J/FjkM5shLioAsqhgLR4Ft+O1BuKG6ilQ83B9tLXSl+CwjiTMAQA
Bcustom2: Custom engine code is hT3Nm7hPr1Vp3Di1Ra2USNIGL4JypRnLKLAdF6JAyuavO2JfGCiY9OZJhcAcOUnLx5xwNdhILGrAWX9s+z2WDkKwNR7tAfClBEjRFVQeq6DU54boFgEA
AMcustom3: Custom engine code is hT3Ng7hP/feYQOTDZ3qhYOwGAM51eA+J/FjkM5shLioAsqhgLR4Ft+O1BuKG6ilQ83B9tLXSmmqwm7g9AQA
Mpcustom4: Custom engine code is hT3NZbhP9fmY2AbBQnsjfOxn6c+6e6yL+/e8fZFmaQrnlgEA
INFO (IPF036): Starting proof on task: "<embedded>", 1 properties to prove with 0 already proven/unreachable
INFO (IRS029): Starting reset analysis: phase 1 of 4.
INFO (IRS030): Running reset analysis: phase 2 of 4.
INFO (IRS031): Running reset analysis: phase 3 of 4.
INFO (IRS020): Starting the reset analysis simulation with a limit of 100 iterations (phase 4 of 4).
INFO (IRS024): Reset iterations 0 to 4 analyzed.
INFO (IRS018): Reset analysis simulation executed for 3 iterations. Assigned values for 0 of 28 design flops, 0 of 0 design latches, 3 of 3 internal elements.
INFO (IRS039): Reset analysis complete.
INFO (IPF031): Settings used for proof thread 0:
    orchestration                 = on
    time_limit                    = 86400s
    per_property_time_limit       = 1s * 10 ^ scan
    engine_mode                   = auto
    proofgrid_per_engine_max_jobs = 1
    max engine jobs               = auto
    proofgrid_mode                = local
    proofgrid_restarts            = 10
AMcustom5: Custom engine code is hT3N1rhP11/52HrFRS21ROp2LOjVTgPvT8L8BGXHgLhaIuqtT4nARFjUqrBL+7pLmaTOzBepZW/Jm8SSrHDybSQtoNiO3y43wk+dEoWlsZizu97Fih6O6lPVG/LpWP5SsUPwlGagLNa1FKEFvwVXyX7//8prySbvSxIHXr5er+z4RAEA
0: Using multistage preprocessing
Ncustom6: Custom engine code is hT3OXrhPByJp3TrFSTLhUmMH4KVtJgmTCnNDF46yMXOKY48m4LS5nE7yBzFjA7kDuwO/GhGUpEPiky3p3wmPn3dJZHxFMsafSoObRzSC+tn7sEY0WbTdZ/FV4hL3MYH/b1CIUvXSWR4wqEoVLsmMOD4xIPT4lI1LO6ZCO7PnnWQuLwetnvKlrXx6wCW/A+x+enqslg1YPobi4wEF/EvbzOvcTYdJvl2s4H2yZg2b2ofAVN5WvhWk1HoBAA
0: Starting reduce
ADcustom7: Custom engine code is hT3Nv7hPv1752HrFRa2kROx2f/ECJeZB2AZsLdlO8VwmIuqtT4nIDFXclhg+O+o+DMmQCekbheGk0kK28laA9gaOFDXsQp29J3X615HY1IPHJWd6FUFvCHjO+p1k652b5JJvZlShNpGlGSXAiQe/mEAj6tEBAA
Tricustom8: Custom engine code is hT3Nu7hPt1752DvFRa0kNDiyIV97VyejwM9C/jCLJjdPvusZONHY42VYUy0Q1ZotnhcVtNc56tJ5wbxv6V2+XpdsaSlHck5vfnbYjdwj1OECy9U+7oSQ0SZE3g5ayD+Phuh4odCJTjeKa2k4elM9ldQfkAEA
Gcustom9: Custom engine code is hT3NibhPDfeYQADBZnYcglOvK9Pfd7EOeniIqP8jNsyIqInncipMGcUXqAadachREE9F2PwhBUZUNw5kHnd4JdXkamORRgEA
C2custom10: Custom engine code is hT3NirhPjfWYQADBZnYcglOvK9Pfd7EOeniIqP8jNsyIqInncgkrYMMXCYbdK0dUjZIF9d4cJ0rHoBDjwVLBKuG86XYVV00BAA
AGcustom11: Custom engine code is hT3NirhP/fmYQADBZnYcglOvK9Pfd7EOeniIqP8jNsyIqInnckcwYMMXCYbdK0dUjZIF9d4cJ0rHoBDjwVLBKuHEZnZByh0BAA
Bcustom12: Custom engine code is hT3NjrhPDfiYQADBZnYcglOvK9PfWxFtenjIyBqfrgr7if/jL/yPOuK1BAflEcW0DxNH2eDIoezN2gxlQFg81RZtiWXh7aiTAidvAQA
Ncustom13: Custom engine code is hT3NR7hPByFp3TrFSTLhUmMH4KWtJglTyV/c51BHEeZWamnJv767nE6PCak26bd3gf3XGN3rIRheufhDieCJQVISo+gNYUKhiUedBKGtsP/a18svAnlMJZudHxDFwK5ufsyoxsIyiAeSY2oi3tEuoDHr5gw42DFKAG3PqO3CEsl8Azzdt3pl5nGA1Ifv2H02eYsFzWb/nfp8PMb3F0krE/EgBcm8TD9Div8BAA
0: Finished reduce in 0s
Tricustom14: Custom engine code is hT3Nu7hP3fiYQADBZnYcglNHp9bfd7EOeniIqP/ji8sGLQu8yhsFO+wxJ+O+R0bU8g/IewXFomyos+viQnWc2xYNYmMqpo3i40O7DaZR7qfp4YqNx26KRvQ/qx0BAA
0.0.PRE: Performing Proof Simplification...
0.0.N: clocks: 1, declared: 1, looping: 0, posedge: 1, negedge: 0, noedge: 0, bothedge: 0
0.0.N: Proof Simplification Iteration 1	[0.00 s]
0.0.N: Proof Simplification Iteration 2	[0.00 s]
0.0.N: Proof Simplification Iteration 3	[0.00 s]
0.0.PRE: A proof was found: No trace exists. [0.00 s]
INFO (IPF057): 0.0.PRE: The property ":noDeadEnd" was proven in 0.00 s.
    Use check_assumptions -show -dead_end to show this property in the property table.
0.0.PRE: A proof was found: No trace exists. [0.00 s]
INFO (IPF057): 0.0.PRE: The property ":noConflict" was proven in 0.00 s.
    Use check_assumptions -show to show this property in the property table.
INFO (IPF047): 0.0.PRE: The cover property ":live" was covered in 1 cycles in 0.00 s.
    Use check_assumptions -show -live to show this property in the property table.
0.0.PRE: Proof Simplification completed in 0.00 s
0: About to start ProofGrid in its own thread with a limit of 10000 pending notifications and a limit of 10 traces.
0: =============================== ProofGrid start ===============================
0: ProofGrid usable level: 1
0: Initial ProofGrid level: 1
0: ProofGrid is starting event handling
0.0.Hp: Proofgrid shell started at 32757@vlsi-ria84(local) jg_32691_vlsi-ria84_1
0.0.N: Proofgrid shell started at 32756@vlsi-ria84(local) jg_32691_vlsi-ria84_1
0.0.Hp: clocks: 1, declared: 1, looping: 0, posedge: 1, negedge: 0, noedge: 0, bothedge: 0
0.0.Hp: Last scan. Per property time limit: 0s
0.0.Hp: Trace Attempt  1	[0.00 s]
0.0.N: clocks: 1, declared: 1, looping: 0, posedge: 1, negedge: 0, noedge: 0, bothedge: 0
0.0.N: Last scan. Per property time limit: 0s
0.0.N: Starting proof for property "LCD.p1"	[0.00 s].
0.0.N: Trace Attempt  1	[0.00 s]
0.0.N: Trace Attempt  2	[0.00 s]
0.0.N: Trace Attempt  2	[0.00 s]
0.0.Hp: Trace Attempt  2	[0.00 s]
0.0.N: Trace Attempt  3	[0.00 s]
0.0.N: Trace Attempt  3	[0.00 s]
0.0.Hp: Trace Attempt  3	[0.00 s]
0.0.Hp: Trace Attempt  4	[0.01 s]
0.0.N: Trace Attempt  4	[0.01 s]
0.0.N: Trace Attempt  5	[0.01 s]
0.0.N: Trace Attempt  5	[0.01 s]
0.0.Hp: Trace Attempt  5	[0.01 s]
0.0.Oh: Proofgrid shell started at 321@vlsi-ria84(local) jg_32691_vlsi-ria84_1
0.0.B: Proofgrid shell started at 322@vlsi-ria84(local) jg_32691_vlsi-ria84_1
0.0.AM: Proofgrid shell started at 323@vlsi-ria84(local) jg_32691_vlsi-ria84_1
0.0.Ht: Proofgrid shell started at 320@vlsi-ria84(local) jg_32691_vlsi-ria84_1
0.0.Oh: clocks: 1, declared: 1, looping: 0, posedge: 1, negedge: 0, noedge: 0, bothedge: 0
0.0.Oh: Reached length limit (2147483647) [0.00 s]
0.0.B: clocks: 1, declared: 1, looping: 0, posedge: 1, negedge: 0, noedge: 0, bothedge: 0
0.0.B: Last scan. Per property time limit: 0s
0.0.B: Starting proof for property "LCD.p1"	[0.00 s].
0.0.B: Trace Attempt  1	[0.00 s]
0.0.Oh: Exited with Success (@ 0.03 s)
0.0.Oh: Completed, Restart ignored.
0.0.B: Trace Attempt  2	[0.00 s]
0.0.AM: clocks: 1, declared: 1, looping: 0, posedge: 1, negedge: 0, noedge: 0, bothedge: 0
0.0.Ht: clocks: 1, declared: 1, looping: 0, posedge: 1, negedge: 0, noedge: 0, bothedge: 0
0.0.AM: Last scan. Per property time limit: 0s
0.0.AM: Starting proof for property "LCD.p1"	[0.00 s].
0.0.Ht: Last scan. Per property time limit: 0s
0.0.Ht: Trace Attempt  1	[0.00 s]
0.0.AM: Trace Attempt  1	[0.00 s]
0.0.B: Trace Attempt  3	[0.00 s]
0.0.AM: Trace Attempt  2	[0.00 s]
0.0.Ht: Trace Attempt  2	[0.00 s]
0.0.AM: Trace Attempt  3	[0.00 s]
0.0.Ht: Trace Attempt  3	[0.00 s]
0.0.Ht: Trace Attempt  4	[0.00 s]
0.0.Ht: Trace Attempt  5	[0.00 s]
0.0.B: Trace Attempt  4	[0.00 s]
0.0.B: Trace Attempt  5	[0.01 s]
0.0.AM: Trace Attempt  4	[0.00 s]
0.0.AM: Trace Attempt  5	[0.00 s]
0.0.AM: Trace Attempt  1	[0.02 s]
0.0.AM: Trace Attempt  2	[0.02 s]
0.0.AM: Trace Attempt  3	[0.02 s]
0.0.AM: Trace Attempt  4	[0.02 s]
0.0.N: Trace Attempt  1	[0.07 s]
0.0.N: Trace Attempt  2	[0.07 s]
0.0.N: Trace Attempt  3	[0.07 s]
0.0.N: Trace Attempt  4	[0.08 s]
0.0.AM: Trace Attempt  1	[0.10 s]
0.0.AM: Trace Attempt  2	[0.10 s]
0.0.AM: Trace Attempt  3	[0.10 s]
0.0.AM: Trace Attempt  4	[0.11 s]
0.0.N: Trace Attempt  5	[0.15 s]
0.0.AM: Trace Attempt  5	[0.13 s]
0.0.AM: Trace Attempt  1	[0.67 s]
0.0.AM: Trace Attempt  2	[0.67 s]
0.0.AM: Trace Attempt  3	[0.67 s]
0.0.AM: Trace Attempt  4	[0.67 s]
0.0.AM: Trace Attempt  5	[0.72 s]
0.0.Hp: Trace Attempt 51	[4.05 s]
0.0.B: Trace Attempt 62	[4.12 s]
0.0.Ht: Trace Attempt 53	[4.15 s]
0.0.N: Trace Attempt 31	[4.39 s]
0.0.AM: Trace Attempt 37	[4.81 s]
0.0.Ht: Trace Attempt 67	[8.16 s]
0.0.Hp: Trace Attempt 66	[8.27 s]
0.0.B: Trace Attempt 76	[8.39 s]
0.0.AM: Trace Attempt 56	[8.94 s]
0.0.N: Trace Attempt 41	[9.16 s]
0.0.Ht: Trace Attempt 76	[12.17 s]
0.0.B: Trace Attempt 86	[12.69 s]
0.0.Hp: Trace Attempt 76	[12.89 s]
0.0.AM: Trace Attempt 69	[13.04 s]
0.0.N: Trace Attempt 50	[13.36 s]
0.0.Ht: Trace Attempt 84	[16.65 s]
0.0.Hp: Trace Attempt 83	[17.09 s]
0.0.B: Trace Attempt 93	[17.14 s]
0.0.AM: Trace Attempt 77	[17.18 s]
0.0.N: Trace Attempt 56	[17.58 s]
0.0.Ht: Trace Attempt 91	[21.07 s]
0.0.AM: Trace Attempt 85	[21.27 s]
0.0.Hp: Trace Attempt 90	[21.75 s]
0.0.B: Trace Attempt 100	[21.76 s]
0.0.N: Trace Attempt 62	[22.95 s]
0.0.Ht: Trace Attempt 96	[25.49 s]
0.0.AM: Trace Attempt 96	[25.79 s]
0.0.B: Trace Attempt 107	[26.20 s]
0.0.Hp: Trace Attempt 95	[26.33 s]
0.0.N: Trace Attempt 68	[27.09 s]
0.0.Ht: Trace Attempt 101	[29.92 s]
0.0.AM: Trace Attempt 104	[30.03 s]
0.0.Hp: Trace Attempt 100	[30.83 s]
0.0.B: Trace Attempt 113	[30.91 s]
0.0.N: Trace Attempt 73	[31.47 s]
0.0.Ht: Trace Attempt 105	[34.05 s]
0.0.AM: Trace Attempt 110	[34.48 s]
0.0.Hp: Trace Attempt 104	[34.84 s]
0.0.B: Trace Attempt 118	[35.13 s]
0.0.N: Trace Attempt 78	[36.20 s]
0.0.Ht: Trace Attempt 110	[38.60 s]
0.0.AM: Trace Attempt 117	[38.60 s]
0.0.Hp: Trace Attempt 108	[38.87 s]
0.0.B: Trace Attempt 123	[39.58 s]
0.0.N: Trace Attempt 84	[40.87 s]
0.0.AM: Trace Attempt 127	[42.69 s]
0.0.Hp: Trace Attempt 113	[43.37 s]
0.0.Ht: Trace Attempt 115	[43.66 s]
0.0.B: Trace Attempt 129	[44.29 s]
0.0.N: Trace Attempt 88	[45.23 s]
0.0.AM: Trace Attempt 133	[47.40 s]
0.0.Hp: Trace Attempt 117	[48.33 s]
0.0.Ht: Trace Attempt 119	[48.57 s]
0.0.B: Trace Attempt 132	[49.25 s]
0.0.N: Trace Attempt 90	[49.74 s]
0.0.Hp: Trace Attempt 120	[52.54 s]
0.0.B: Trace Attempt 135	[54.66 s]
0.0.N: Trace Attempt 93	[54.76 s]
0.0.Ht: Trace Attempt 123	[54.78 s]
0.0.AM: Trace Attempt 136	[55.10 s]
0.0.Hp: Trace Attempt 123	[57.44 s]
0.0.Ht: Trace Attempt 128	[59.26 s]
0.0.B: Trace Attempt 138	[59.29 s]
0.0.N: Trace Attempt 96	[59.96 s]
0.0.AM: Trace Attempt 140	[60.35 s]
0.0.Hp: Trace Attempt 128	[62.36 s]
0.0.Ht: Trace Attempt 131	[63.34 s]
0.0.B: Trace Attempt 141	[64.37 s]
0.0.N: Trace Attempt 99	[65.06 s]
0.0.AM: Trace Attempt 146	[65.05 s]
0.0.Hp: Trace Attempt 131	[66.70 s]
0.0.Ht: Trace Attempt 133	[67.90 s]
0.0.N: Trace Attempt 102	[69.62 s]
0.0.B: Trace Attempt 144	[69.61 s]
0.0.AM: Trace Attempt 152	[69.92 s]
0.0.Hp: Trace Attempt 133	[71.46 s]
0.0.Ht: Trace Attempt 135	[72.39 s]
0.0.N: Trace Attempt 104	[73.63 s]
0.0.B: Trace Attempt 147	[74.53 s]
0.0.Hp: Trace Attempt 135	[76.05 s]
0.0.AM: Trace Attempt 156	[76.66 s]
0.0.N: Trace Attempt 107	[78.69 s]
0.0.Ht: Trace Attempt 138	[79.82 s]
0.0.B: Trace Attempt 150	[79.99 s]
0.0.AM: Trace Attempt 158	[80.88 s]
0.0.Hp: Trace Attempt 138	[83.68 s]
0.0.Ht: Trace Attempt 140	[83.97 s]
0.0.B: Trace Attempt 152	[84.17 s]
0.0.N: Trace Attempt 113	[84.27 s]
0.0.AM: Trace Attempt 161	[86.67 s]
0.0.Hp: Trace Attempt 140	[87.95 s]
0.0.N: Trace Attempt 116	[88.36 s]
0.0.Ht: Trace Attempt 142	[89.08 s]
0.0.B: Trace Attempt 155	[90.60 s]
0.0.AM: Trace Attempt 163	[91.47 s]
0.0.N: Trace Attempt 120	[92.62 s]
0.0.Hp: Trace Attempt 142	[93.16 s]
0.0.Ht: Trace Attempt 144	[94.45 s]
0.0.B: Trace Attempt 157	[95.03 s]
0.0.N: Trace Attempt 122	[97.94 s]
0.0.AM: Trace Attempt 165	[98.20 s]
0.0.Hp: Trace Attempt 144	[98.61 s]
0.0.B: Trace Attempt 159	[99.21 s]
0.0.Ht: Trace Attempt 146	[101.01 s]
0.0.N: Trace Attempt 125	[102.32 s]
0.0.AM: Trace Attempt 166	[102.31 s]
0.0.B: Trace Attempt 161	[103.26 s]
0.0.Hp: Trace Attempt 146	[105.21 s]
0.0.AM: Trace Attempt 168	[107.08 s]
0.0.Ht: Trace Attempt 148	[107.58 s]
0.0.B: Trace Attempt 163	[107.75 s]
0.0.N: Trace Attempt 127	[107.85 s]
0.0.Hp: Trace Attempt 148	[111.97 s]
0.0.N: Trace Attempt 129	[112.60 s]
0.0.B: Trace Attempt 165	[112.87 s]
0.0.AM: Trace Attempt 171	[113.03 s]
0.0.Ht: Trace Attempt 150	[113.32 s]
0.0.N: Trace Attempt 131	[117.05 s]
0.0.AM: Trace Attempt 172	[117.16 s]
0.0.Hp: Trace Attempt 150	[117.71 s]
0.0.Ht: Trace Attempt 153	[118.28 s]
0.0.B: Trace Attempt 168	[118.57 s]
0.0.AM: Trace Attempt 174	[121.50 s]
0.0.N: Trace Attempt 134	[121.67 s]
0.0.Ht: Trace Attempt 155	[122.65 s]
0.0.Hp: Trace Attempt 153	[122.74 s]
0.0.B: Trace Attempt 170	[122.81 s]
0.0.Ht: Trace Attempt 156	[127.14 s]
0.0.N: Trace Attempt 136	[127.24 s]
0.0.Hp: Trace Attempt 155	[127.33 s]
0.0.B: Trace Attempt 172	[127.41 s]
0.0.AM: Trace Attempt 176	[127.50 s]
0.0.Ht: Trace Attempt 157	[131.17 s]
0.0.N: Trace Attempt 138	[131.41 s]
0.0.B: Trace Attempt 174	[131.65 s]
0.0.Hp: Trace Attempt 156	[132.01 s]
0.0.AM: Trace Attempt 177	[132.56 s]
0.0.B: Trace Attempt 176	[136.03 s]
0.0.Hp: Trace Attempt 157	[136.12 s]
0.0.N: Trace Attempt 141	[138.34 s]
0.0.Ht: Trace Attempt 159	[138.80 s]
0.0.B: Trace Attempt 179	[141.79 s]
0.0.N: Trace Attempt 143	[142.64 s]
0.0.Hp: Trace Attempt 159	[144.07 s]
0.0.Ht: Trace Attempt 160	[144.12 s]
0.0.B: Trace Attempt 181	[146.09 s]
0.0.Ht: Trace Attempt 162	[148.83 s]
0.0.Hp: Trace Attempt 160	[149.53 s]
0.0.N: Trace Attempt 146	[150.51 s]
0.0.B: Trace Attempt 183	[152.36 s]
0.0.AM: Trace Attempt 179	[153.26 s]
0.0.Hp: Trace Attempt 162	[154.24 s]
0.0.N: Trace Attempt 149	[154.61 s]
0.0.Ht: Trace Attempt 164	[154.66 s]
0.0.B: Trace Attempt 185	[156.86 s]
0.0.AM: Trace Attempt 180	[158.33 s]
0.0.N: Trace Attempt 151	[159.21 s]
0.0.Ht: Trace Attempt 165	[159.44 s]
0.0.Hp: Trace Attempt 164	[160.07 s]
0.0.B: Trace Attempt 188	[163.12 s]
0.0.Hp: Trace Attempt 165	[164.91 s]
0.0.N: Trace Attempt 154	[165.20 s]
0.0.Ht: Trace Attempt 167	[166.11 s]
0.0.B: Trace Attempt 190	[167.19 s]
0.0.AM: Trace Attempt 181	[167.66 s]
0.0.N: Trace Attempt 156	[170.78 s]
0.0.Ht: Trace Attempt 169	[171.62 s]
0.0.B: Trace Attempt 192	[171.70 s]
0.0.Hp: Trace Attempt 167	[171.86 s]
0.0.N: Trace Attempt 159	[175.72 s]
0.0.AM: Trace Attempt 182	[176.03 s]
0.0.B: Trace Attempt 194	[176.89 s]
0.0.Ht: Trace Attempt 171	[176.91 s]
0.0.Hp: Trace Attempt 169	[177.51 s]
0.0.N: Trace Attempt 162	[181.12 s]
0.0.N: Stopped processing property "LCD.p1"	[181.29 s].
0.0.N: Morphing to Ncustom1
0.0.N: All properties determined. [0.00 s]
0.0.N: Exited with Success (@ 0.00 s)
0.0.Ncustom1: clocks: 1, declared: 1, looping: 0, posedge: 1, negedge: 0, noedge: 0, bothedge: 0
0.0.Ncustom1: Starting proof for property "LCD.p1"	[0.00 s].
0.0.Ncustom1: Trace Attempt  5	[0.00 s]
0.0.B: Trace Attempt 195	[179.62 s]
0.0.B: Stopped processing property "LCD.p1"	[181.27 s].
0.0.B: Morphing to Bcustom2
0.0.B: All properties determined. [0.00 s]
0.0.B: Exited with Success (@ 0.00 s)
0.0.Bcustom2: clocks: 1, declared: 1, looping: 0, posedge: 1, negedge: 0, noedge: 0, bothedge: 0
0.0.Bcustom2: Starting proof for property "LCD.p1"	[0.00 s].
0.0.Bcustom2: Trace Attempt  1	[0.00 s]
0.0.Bcustom2: Trace Attempt  2	[0.00 s]
0.0.Bcustom2: Trace Attempt  1	[0.00 s]
0.0.Bcustom2: Trace Attempt  2	[0.00 s]
0.0.Bcustom2: Trace Attempt  1	[0.00 s]
0.0.Bcustom2: Trace Attempt  2	[0.00 s]
0.0.Bcustom2: Trace Attempt  3	[0.00 s]
0.0.Bcustom2: Trace Attempt  4	[0.01 s]
0.0.Bcustom2: Trace Attempt  5	[0.01 s]
0.0.Bcustom2: Trace Attempt  1	[0.01 s]
0.0.Bcustom2: Trace Attempt  2	[0.01 s]
0.0.Bcustom2: Trace Attempt  3	[0.01 s]
0.0.Bcustom2: Trace Attempt  4	[0.01 s]
0.0.Bcustom2: Trace Attempt  5	[0.01 s]
0.0.Ncustom1: Trace Attempt  1	[0.06 s]
0.0.Ncustom1: Trace Attempt  2	[0.06 s]
0.0.Ncustom1: Trace Attempt  3	[0.06 s]
0.0.Tri: Proofgrid shell started at 649@vlsi-ria84(local) jg_32691_vlsi-ria84_1
0.0.Tri: clocks: 1, declared: 1, looping: 0, posedge: 1, negedge: 0, noedge: 0, bothedge: 0
0.0.Tri: Last scan. Per property time limit: 0s
0.0.Tri: Starting proof for property "LCD.p1"	[0.00 s].
0.0.Tri: Trace Attempt  1	[0.00 s]
0.0.Ncustom1: Trace Attempt  4	[0.08 s]
0.0.Tri:    0.00" ---- Launching main thread ----
0.0.Tri:    0.02" ---- Launching abstraction thread ----
0.0.Tri:    0.03" ---- Launching multi-phase simplification thread ----
0.0.Tri:    0.04" ---- Launching liveness simplification thread ----
0.0.Ncustom1: Trace Attempt  5	[0.15 s]
0.0.AM: Stopped processing property "LCD.p1"	[181.49 s].
0.0.AM: Morphing to AMcustom3
0.0.AM: All properties determined. [0.00 s]
0.0.AM: Exited with Success (@ 0.00 s)
0.0.AMcustom3: clocks: 1, declared: 1, looping: 0, posedge: 1, negedge: 0, noedge: 0, bothedge: 0
0.0.AMcustom3: Starting proof for property "LCD.p1"	[0.00 s].
0.0.AMcustom3: Trace Attempt  1	[0.00 s]
0.0.AMcustom3: Trace Attempt  2	[0.00 s]
0.0.AMcustom3: Trace Attempt  3	[0.00 s]
0.0.AMcustom3: Trace Attempt  4	[0.00 s]
0.0.AMcustom3: Trace Attempt  5	[0.00 s]
0.0.AMcustom3: Trace Attempt  1	[0.02 s]
0.0.AMcustom3: Trace Attempt  2	[0.02 s]
0.0.AMcustom3: Trace Attempt  3	[0.02 s]
0.0.AMcustom3: Trace Attempt  4	[0.03 s]
0.0.AMcustom3: Trace Attempt  1	[0.11 s]
0.0.AMcustom3: Trace Attempt  2	[0.11 s]
0.0.AMcustom3: Trace Attempt  3	[0.11 s]
0.0.AMcustom3: Trace Attempt  4	[0.12 s]
0.0.AMcustom3: Trace Attempt  5	[0.14 s]
0.0.Ht: Trace Attempt 173	[182.01 s]
0.0.AMcustom3: Trace Attempt  1	[0.71 s]
0.0.AMcustom3: Trace Attempt  2	[0.72 s]
0.0.AMcustom3: Trace Attempt  3	[0.72 s]
0.0.AMcustom3: Trace Attempt  4	[0.72 s]
0.0.AMcustom3: Trace Attempt  5	[0.76 s]
0.0.Tri:    0.89" Simplification phase 1 complete
0.0.Tri:    1.11" Simplification phase 2 complete
0.0.Tri:    1.14" Simplification phase 3 complete
   1.14" ---- Completed simplification thread ----
0.0.Tri:    1.14" ---- Restarting main thread on simplified netlist ----
0.0.Hp: Trace Attempt 171	[182.73 s]
0.0.Ncustom1: Requesting engine job to terminate
0.0.Bcustom2: Requesting engine job to terminate
0.0.AMcustom3: Requesting engine job to terminate
0.0.Tri: Requesting engine job to terminate
0.0.Hp: Requesting engine job to terminate
0.0.Ht: Requesting engine job to terminate
INFO (IPF144): 0: Initiating shutdown of proof [183.62 s]
0.0.Tri: A proof was found: No trace exists. [2.25 s]
INFO (IPF057): 0.0.Tri: The property "LCD.p1" was proven in 2.25 s.
0.0.AMcustom3: Trace Attempt 26	[1.97 s]
0.0.AMcustom3: Stopped processing property "LCD.p1"	[2.10 s].
0.0.AMcustom3: All properties determined. [2.10 s]
0.0.Ncustom1: Trace Attempt 23	[2.28 s]
0.0.Ncustom1: Stopped processing property "LCD.p1"	[2.32 s].
0.0.Ncustom1: All properties determined. [2.33 s]
0.0.Ncustom1: Exited with Success (@ 183.63 s)
0: ProofGrid usable level: 0
0.0.AMcustom3: Exited with Success (@ 183.63 s)
0.0.Bcustom2: Trace Attempt 40	[2.21 s]
0.0.Bcustom2: Stopped processing property "LCD.p1"	[2.36 s].
0.0.Bcustom2: All properties determined. [2.36 s]
0.0.Bcustom2: Exited with Success (@ 183.67 s)
0.0.Ht: All properties determined. [183.69 s]
0.0.Ht: Exited with Success (@ 183.74 s)
0.0.Hp: All properties determined. [183.78 s]
0.0.Tri: Stopped processing property "LCD.p1"	[2.43 s].
0.0.Tri: All properties determined. [2.42 s]
0.0.Tri: Exited with Success (@ 183.79 s)
0.0.Hp: Exited with Success (@ 183.83 s)
0: --------------------------------------------------------------
ProofGrid Summary (utilization 99.97 %)
--------------------------------------------------------------
     engines started                               :    10
     engine jobs started                           :     7

    Average time in state (seconds)
    ------------------------------------------------------
    Engine  Pending     Running        Dead    Utilization
    ------------------------------------------------------
     Hp        0.03      183.62        0.00       99.98 %
     Ht        0.03      183.59        0.00       99.98 %
     Oh        0.03        0.00        0.00        2.72 %
    Ncustom1        0.03      183.45        0.00       99.98 %
    Bcustom2        0.03      183.57        0.00       99.98 %
    AMcustom3        0.03      183.36        0.00       99.98 %
    Tri        0.07        2.26        0.00       97.13 %
    all        0.04      131.40        0.00       99.97 %

    Total time in state (seconds)
    -----------------------------------------
            Pending     Running        Dead  
    -----------------------------------------
               0.25      919.83        0.00

    Data read    : 713.86 kiB
    Data written : 8.93 kiB

0: All pending notifications were processed.
INFO (IPF059): 0: Completed proof on task: "<embedded>"

==============================================================
SUMMARY
==============================================================
           Properties Considered              : 1
                 assertions                   : 1
                  - proven                    : 1 (100%)
                  - bounded_proven (user)     : 0 (0%)
                  - bounded_proven (auto)     : 0 (0%)
                  - marked_proven             : 0 (0%)
                  - cex                       : 0 (0%)
                  - ar_cex                    : 0 (0%)
                  - undetermined              : 0 (0%)
                  - unknown                   : 0 (0%)
                  - error                     : 0 (0%)
                 covers                       : 0
                  - unreachable               : 0
                  - bounded_unreachable (user): 0
                  - covered                   : 0
                  - ar_covered                : 0
                  - undetermined              : 0
                  - unknown                   : 0
                  - error                     : 0
proven
[<embedded>] % exit -force
[<embedded>] % INFO (IPL005): Received request to exit from the console.
INFO: Waiting for proof threads to stop...
INFO: Proof threads stopped.
INFO (IPL018): The peak resident set memory use for this session was 1.549 GB.
INFO (IPL014): Waiting for the Tcl-thread to exit.
INFO (IPL015): The Tcl-thread exited with status 0.
INFO (IPL016): Exiting the analysis session with status 0.
Finished lcd_8.tcl successfully
