Jasper Apps 2024.06p002 64 bits 2024.09.02 16:28:38 UTC

Any disclosure about the Cadence Design Systems software or its use
model to any third party violates the written Non-Disclosure Agreement
between Cadence Design Systems, Inc. and the customer.

THIS SOFTWARE CONTAINS CONFIDENTIAL INFORMATION AND TRADE SECRETS OF
CADENCE DESIGN SYSTEMS, INC. USE, DISCLOSURE, OR REPRODUCTION IS
PROHIBITED WITHOUT THE PRIOR EXPRESS WRITTEN PERMISSION OF CADENCE
DESIGN SYSTEMS, INC.

Copyright (C) 2000-2024 Cadence Design Systems, Inc. All Rights
Reserved.  Unpublished -- rights reserved under the copyright laws of
the United States.

This product includes software developed by others and redistributed
according to license agreement. See doc/third_party_readme.txt for
further details.

RESTRICTED RIGHTS LEGEND

Use, duplication, or disclosure by the Government is subject to
restrictions as set forth in subparagraph (c) (1) (ii) of the Rights in
Technical Data and Computer Software clause at DFARS 252.227-7013 or
subparagraphs (c) (1) and (2) of Commercial Computer Software -- Restricted
Rights at 48 CFR 52.227-19, as applicable.


                          Cadence Design Systems, Inc.
                          2655 Seely Avenue
                          San Jose, CA 95134
                          Phone: 408.943.1234

For technical assistance visit http://support.cadence.com.

Jasper Apps Analysis Session - /users/rompel/jasper_executions/safety_liveness/jgprojects/load_store_12/sessionLogs/session_0

WARNING (WG017): [session]: The system's locale is "ANSI_X3.4-1968", which is not UTF-8. Non-ASCII characters might not be handled correctly.
WARNING (WG017): [jg_console]: The system's locale is "ANSI_X3.4-1968", which is not UTF-8. Non-ASCII characters might not be handled correctly.
INFO: successfully checked out license "jasper_fao".
INFO: reading configuration file "/users/rompel/.config/cadence/jasper.conf".
% analyze -sv09 ../load_store_12.sv
[-- (VERI-1482)] Analyzing Verilog file '/tools/cadence2425/JASPER/jasper_2024.06p002/lib/verilog/packages/std/std.sv' into library 'std'
[-- (VERI-1482)] Analyzing Verilog file '../load_store_12.sv'
% elaborate -bbox_mul 1000000 -bbox_div 1000000 -bbox_mod 1000000 -bbox_a 1000000
[INFO (HIER-8002)] ../load_store_12.sv(23): Disabling old hierarchical reference handler
[INFO (VERI-1018)] ../load_store_12.sv(1): compiling module 'Load_Store'
[WARN (VERI-1209)] ../load_store_12.sv(10): expression size 32 truncated to fit in target size 15
[WARN (VERI-1209)] ../load_store_12.sv(12): expression size 32 truncated to fit in target size 15
[INFO (VERI-8005)] ../load_store_12.sv(5): Unintentional sequential element inferred for m read before write using blocking assignment
[INFO (VERI-8005)] ../load_store_12.sv(4): Unintentional sequential element inferred for vol read before write using blocking assignment
[INFO (VERI-8005)] ../load_store_12.sv(1): Unintentional sequential element inferred for sig read before write using blocking assignment
INFO (ISW003): Top module name is "Load_Store".
INFO (INL208): Elaboration synthesis summary:
  Number of synthesized netlists          1 (0 packages)
  Single run mode                         On
  Pipeline                                On (1 pipelined netlists)
  Late hierarchical reference connection  On
  Number of analyzed Verilog modules      1 (1 synthesized)
  Number of analyzed VHDL entities        0 (0 synthesized)
INFO (INL003): Clearing all state information (assumes, stopats, and so forth).
Load_Store
[<embedded>] % reset rst
INFO (IPM031): Clearing proof results of all properties.
INFO (IRS006): Current reset condition is "rst".
[<embedded>] % clock clk
[<embedded>] % prove -all
Ncustom1: Custom engine code is hT3Ng7hPPfiYQOTDZ3qhYOwGAM51eA+J/FjkM5shLioAsqhgLR4Ft+O1BuKG6ilQ83B9tLXSl+CwjiTMAQA
Bcustom2: Custom engine code is hT3Nm7hPr1Vp3Di1Ra2USNIGL4JypRnLKLAdF6JAyuavO2JfGCiY9OZJhcAcOUnLx5xwNdhILGrAWX9s+z2WDkKwNR7tAfClBEjRFVQeq6DU54boFgEA
AMcustom3: Custom engine code is hT3Ng7hP/feYQOTDZ3qhYOwGAM51eA+J/FjkM5shLioAsqhgLR4Ft+O1BuKG6ilQ83B9tLXSmmqwm7g9AQA
Mpcustom4: Custom engine code is hT3NZbhP9fmY2AbBQnsjfOxn6c+6e6yL+/e8fZFmaQrnlgEA
INFO (IPF036): Starting proof on task: "<embedded>", 1 properties to prove with 0 already proven/unreachable
INFO (IRS029): Starting reset analysis: phase 1 of 4.
INFO (IRS030): Running reset analysis: phase 2 of 4.
INFO (IRS031): Running reset analysis: phase 3 of 4.
INFO (IRS020): Starting the reset analysis simulation with a limit of 100 iterations (phase 4 of 4).
INFO (IRS024): Reset iterations 0 to 4 analyzed.
INFO (IRS018): Reset analysis simulation executed for 3 iterations. Assigned values for 17 of 17 design flops, 0 of 0 design latches, 3 of 3 internal elements.
INFO (IRS039): Reset analysis complete.
INFO (IPF031): Settings used for proof thread 0:
    orchestration                 = on
    time_limit                    = 86400s
    per_property_time_limit       = 1s * 10 ^ scan
    engine_mode                   = auto
    proofgrid_per_engine_max_jobs = 1
    max engine jobs               = auto
    proofgrid_mode                = local
    proofgrid_restarts            = 10
AMcustom5: Custom engine code is hT3N1rhP11/52HrFRS21ROp2LOjVTgPvT8L8BGXHgLhaIuqtT4nARFjUqrBL+7pLmaTOzBepZW/Jm8SSrHDybSQtoNiO3y43wk+dEoWlsZizu97Fih6O6lPVG/LpWP5SsUPwlGagLNa1FKEFvwVXyX7//8prySbvSxIHXr5er+z4RAEA
0: Using multistage preprocessing
0: Starting reduce
Ncustom6: Custom engine code is hT3OXrhPByJp3TrFSTLhUmMH4KVtJgmTCnNDF46yMXOKY48m4LS5nE7yBzFjA7kDuwO/GhGUpEPiky3p3wmPn3dJZHxFMsafSoObRzSC+tn7sEY0WbTdZ/FV4hL3MYH/b1CIUvXSWR4wqEoVLsmMOD4xIPT4lI1LO6ZCO7PnnWQuLwetnvKlrXx6wCW/A+x+enqslg1YPobi4wEF/EvbzOvcTYdJvl2s4H2yZg2b2ofAVN5WvhWk1HoBAA
ADcustom7: Custom engine code is hT3Nv7hPv1752HrFRa2kROx2f/ECJeZB2AZsLdlO8VwmIuqtT4nIDFXclhg+O+o+DMmQCekbheGk0kK28laA9gaOFDXsQp29J3X615HY1IPHJWd6FUFvCHjO+p1k652b5JJvZlShNpGlGSXAiQe/mEAj6tEBAA
Tricustom8: Custom engine code is hT3Nu7hPt1752DvFRa0kNDiyIV97VyejwM9C/jCLJjdPvusZONHY42VYUy0Q1ZotnhcVtNc56tJ5wbxv6V2+XpdsaSlHck5vfnbYjdwj1OECy9U+7oSQ0SZE3g5ayD+Phuh4odCJTjeKa2k4elM9ldQfkAEA
Gcustom9: Custom engine code is hT3NibhPDfeYQADBZnYcglOvK9Pfd7EOeniIqP8jNsyIqInncipMGcUXqAadachREE9F2PwhBUZUNw5kHnd4JdXkamORRgEA
C2custom10: Custom engine code is hT3NirhPjfWYQADBZnYcglOvK9Pfd7EOeniIqP8jNsyIqInncgkrYMMXCYbdK0dUjZIF9d4cJ0rHoBDjwVLBKuG86XYVV00BAA
AGcustom11: Custom engine code is hT3NirhP/fmYQADBZnYcglOvK9Pfd7EOeniIqP8jNsyIqInnckcwYMMXCYbdK0dUjZIF9d4cJ0rHoBDjwVLBKuHEZnZByh0BAA
Bcustom12: Custom engine code is hT3NjrhPDfiYQADBZnYcglOvK9PfWxFtenjIyBqfrgr7if/jL/yPOuK1BAflEcW0DxNH2eDIoezN2gxlQFg81RZtiWXh7aiTAidvAQA
Ncustom13: Custom engine code is hT3NR7hPByFp3TrFSTLhUmMH4KWtJglTyV/c51BHEeZWamnJv767nE6PCak26bd3gf3XGN3rIRheufhDieCJQVISo+gNYUKhiUedBKGtsP/a18svAnlMJZudHxDFwK5ufsyoxsIyiAeSY2oi3tEuoDHr5gw42DFKAG3PqO3CEsl8Azzdt3pl5nGA1Ifv2H02eYsFzWb/nfp8PMb3F0krE/EgBcm8TD9Div8BAA
Tricustom14: Custom engine code is hT3Nu7hP3fiYQADBZnYcglNHp9bfd7EOeniIqP/ji8sGLQu8yhsFO+wxJ+O+R0bU8g/IewXFomyos+viQnWc2xYNYmMqpo3i40O7DaZR7qfp4YqNx26KRvQ/qx0BAA
0: Finished reduce in 0s
0.0.PRE: Performing Proof Simplification...
0.0.N: clocks: 1, declared: 1, looping: 0, posedge: 1, negedge: 0, noedge: 0, bothedge: 0
0.0.N: Proof Simplification Iteration 1	[0.00 s]
0.0.N: Proof Simplification Iteration 2	[0.00 s]
0.0.N: Proof Simplification Iteration 3	[0.00 s]
0.0.PRE: A proof was found: No trace exists. [0.00 s]
INFO (IPF057): 0.0.PRE: The property ":noDeadEnd" was proven in 0.00 s.
    Use check_assumptions -show -dead_end to show this property in the property table.
0.0.PRE: A proof was found: No trace exists. [0.00 s]
INFO (IPF057): 0.0.PRE: The property ":noConflict" was proven in 0.00 s.
    Use check_assumptions -show to show this property in the property table.
INFO (IPF047): 0.0.PRE: The cover property ":live" was covered in 1 cycles in 0.00 s.
    Use check_assumptions -show -live to show this property in the property table.
0.0.PRE: Proof Simplification completed in 0.00 s
0: About to start ProofGrid in its own thread with a limit of 10000 pending notifications and a limit of 10 traces.
0: =============================== ProofGrid start ===============================
0: ProofGrid usable level: 1
0: Initial ProofGrid level: 1
0: ProofGrid is starting event handling
0.0.Hp: Proofgrid shell started at 3383@vlsi-ria84(local) jg_3316_vlsi-ria84_1
0.0.N: Proofgrid shell started at 3382@vlsi-ria84(local) jg_3316_vlsi-ria84_1
0.0.Hp: clocks: 1, declared: 1, looping: 0, posedge: 1, negedge: 0, noedge: 0, bothedge: 0
0.0.Hp: Last scan. Per property time limit: 0s
0.0.N: clocks: 1, declared: 1, looping: 0, posedge: 1, negedge: 0, noedge: 0, bothedge: 0
0.0.Hp: Trace Attempt  1	[0.00 s]
0.0.N: Last scan. Per property time limit: 0s
0.0.N: Starting proof for property "Load_Store.p1"	[0.00 s].
0.0.N: Trace Attempt  1	[0.00 s]
0.0.Hp: Trace Attempt  2	[0.00 s]
0.0.N: Trace Attempt  2	[0.00 s]
0.0.N: Trace Attempt  2	[0.00 s]
0.0.Hp: Trace Attempt  3	[0.00 s]
0.0.N: Trace Attempt  3	[0.00 s]
0.0.Hp: Trace Attempt  4	[0.00 s]
0.0.N: Trace Attempt  3	[0.00 s]
0.0.Hp: Trace Attempt  5	[0.00 s]
0.0.N: Trace Attempt  4	[0.00 s]
0.0.N: Trace Attempt  5	[0.00 s]
0.0.N: Trace Attempt  5	[0.00 s]
0.0.N: Trace Attempt  1	[0.02 s]
0.0.N: Trace Attempt  2	[0.02 s]
0.0.N: Trace Attempt  3	[0.02 s]
0.0.N: Trace Attempt  4	[0.02 s]
0.0.N: Trace Attempt  5	[0.02 s]
0.0.AM: Proofgrid shell started at 3417@vlsi-ria84(local) jg_3316_vlsi-ria84_1
0.0.AM: clocks: 1, declared: 1, looping: 0, posedge: 1, negedge: 0, noedge: 0, bothedge: 0
0.0.AM: Last scan. Per property time limit: 0s
0.0.AM: Starting proof for property "Load_Store.p1"	[0.00 s].
0.0.AM: Trace Attempt  1	[0.00 s]
0.0.AM: Trace Attempt  2	[0.00 s]
0.0.AM: Trace Attempt  3	[0.00 s]
0.0.AM: Trace Attempt  4	[0.00 s]
0.0.AM: Trace Attempt  5	[0.00 s]
0.0.AM: Trace Attempt  1	[0.00 s]
0.0.AM: Trace Attempt  2	[0.00 s]
0.0.AM: Trace Attempt  3	[0.01 s]
0.0.B: Proofgrid shell started at 3416@vlsi-ria84(local) jg_3316_vlsi-ria84_1
0.0.Oh: Proofgrid shell started at 3415@vlsi-ria84(local) jg_3316_vlsi-ria84_1
0.0.B: clocks: 1, declared: 1, looping: 0, posedge: 1, negedge: 0, noedge: 0, bothedge: 0
0.0.B: Last scan. Per property time limit: 0s
0.0.B: Starting proof for property "Load_Store.p1"	[0.00 s].
0.0.B: Trace Attempt  1	[0.00 s]
0.0.B: Trace Attempt  2	[0.00 s]
0.0.B: Trace Attempt  3	[0.00 s]
0.0.B: Trace Attempt  4	[0.00 s]
0.0.B: Trace Attempt  5	[0.00 s]
0.0.AM: Trace Attempt  4	[0.01 s]
0.0.AM: Trace Attempt  5	[0.01 s]
0.0.Oh: clocks: 1, declared: 1, looping: 0, posedge: 1, negedge: 0, noedge: 0, bothedge: 0
0.0.Oh: Reached length limit (2147483647) [0.00 s]
0.0.Oh: Exited with Success (@ 0.05 s)
0.0.Oh: Completed, Restart ignored.
0.0.AM: Trace Attempt  1	[0.02 s]
0.0.AM: Trace Attempt  2	[0.02 s]
0.0.AM: Trace Attempt  3	[0.02 s]
0.0.AM: Trace Attempt  4	[0.03 s]
0.0.Ht: Proofgrid shell started at 3414@vlsi-ria84(local) jg_3316_vlsi-ria84_1
0.0.Ht: clocks: 1, declared: 1, looping: 0, posedge: 1, negedge: 0, noedge: 0, bothedge: 0
0.0.AM: Trace Attempt  5	[0.03 s]
0.0.Ht: Last scan. Per property time limit: 0s
0.0.Ht: Trace Attempt  1	[0.00 s]
0.0.Ht: Trace Attempt  2	[0.00 s]
0.0.Ht: Trace Attempt  3	[0.00 s]
0.0.Ht: Trace Attempt  4	[0.00 s]
0.0.Ht: Trace Attempt  5	[0.00 s]
0.0.AM: Trace Attempt  1	[0.06 s]
0.0.AM: Trace Attempt  2	[0.06 s]
0.0.AM: Trace Attempt  3	[0.06 s]
0.0.AM: Trace Attempt  4	[0.07 s]
0.0.AM: Trace Attempt  5	[0.07 s]
0.0.N: Trace Attempt  1	[0.18 s]
0.0.N: Trace Attempt  2	[0.18 s]
0.0.N: Trace Attempt  3	[0.18 s]
0.0.N: Trace Attempt  4	[0.19 s]
0.0.N: Trace Attempt  5	[0.19 s]
0.0.AM: Trace Attempt  1	[0.20 s]
0.0.AM: Trace Attempt  2	[0.20 s]
0.0.AM: Trace Attempt  3	[0.21 s]
0.0.AM: Trace Attempt  4	[0.21 s]
0.0.AM: Trace Attempt  5	[0.21 s]
0.0.AM: Trace Attempt  1	[0.57 s]
0.0.AM: Trace Attempt  2	[0.57 s]
0.0.AM: Trace Attempt  3	[0.57 s]
0.0.AM: Trace Attempt  4	[0.57 s]
0.0.AM: Trace Attempt  5	[0.58 s]
0.0.N: Trace Attempt  1	[0.78 s]
0.0.N: Trace Attempt  2	[0.78 s]
0.0.N: Trace Attempt  3	[0.78 s]
0.0.N: Trace Attempt  4	[0.79 s]
0.0.N: Trace Attempt  5	[0.79 s]
0.0.N: Trace Attempt  1	[2.31 s]
0.0.N: Trace Attempt  2	[2.31 s]
0.0.N: Trace Attempt  3	[2.31 s]
0.0.N: Trace Attempt  4	[2.31 s]
0.0.N: Trace Attempt  5	[2.31 s]
0.0.AM: Trace Attempt  1	[2.68 s]
0.0.AM: Trace Attempt  2	[2.68 s]
0.0.AM: Trace Attempt  3	[2.68 s]
0.0.AM: Trace Attempt  4	[2.68 s]
0.0.AM: Trace Attempt  5	[2.68 s]
0.0.Hp: Trace Attempt 456	[4.00 s]
0.0.B: Trace Attempt 1884	[4.00 s]
0.0.Ht: Trace Attempt 2044	[4.00 s]
0.0.N: Trace Attempt  1	[4.37 s]
0.0.N: Trace Attempt  2	[4.37 s]
0.0.N: Trace Attempt  3	[4.37 s]
0.0.N: Trace Attempt  4	[4.38 s]
0.0.N: Trace Attempt  5	[4.38 s]
0.0.N: Trace Attempt  1	[5.90 s]
0.0.N: Trace Attempt  2	[5.90 s]
0.0.N: Trace Attempt  3	[5.90 s]
0.0.N: Trace Attempt  4	[5.91 s]
0.0.N: Trace Attempt  5	[5.91 s]
0.0.AM: Trace Attempt 168	[6.72 s]
0.0.N: Trace Attempt  1	[7.94 s]
0.0.N: Trace Attempt  2	[7.95 s]
0.0.N: Trace Attempt  3	[7.95 s]
0.0.N: Trace Attempt  4	[7.95 s]
0.0.N: Trace Attempt  5	[7.95 s]
0.0.Hp: Trace Attempt 641	[8.00 s]
0.0.B: Trace Attempt 2626	[8.00 s]
0.0.Ht: Trace Attempt 2784	[8.00 s]
0.0.N: Trace Attempt  1	[9.99 s]
0.0.N: Trace Attempt  2	[9.99 s]
0.0.N: Trace Attempt  3	[10.00 s]
0.0.N: Trace Attempt  4	[10.00 s]
0.0.N: Trace Attempt  5	[10.00 s]
0.0.AM: Trace Attempt 184	[10.72 s]
0.0.AM: Trace Attempt  1	[11.82 s]
0.0.AM: Trace Attempt  2	[11.82 s]
0.0.AM: Trace Attempt  3	[11.82 s]
0.0.AM: Trace Attempt  4	[11.83 s]
0.0.AM: Trace Attempt  5	[11.83 s]
0.0.B: Trace Attempt 3174	[12.01 s]
0.0.Ht: Trace Attempt 3345	[12.01 s]
0.0.N: Trace Attempt  1	[12.20 s]
0.0.N: Trace Attempt  2	[12.20 s]
0.0.N: Trace Attempt  3	[12.20 s]
0.0.N: Trace Attempt  4	[12.21 s]
0.0.N: Trace Attempt  5	[12.21 s]
0.0.Hp: Trace Attempt 680	[12.25 s]
0.0.AM: Trace Attempt 167	[15.88 s]
0.0.B: Trace Attempt 3650	[16.02 s]
0.0.Ht: Trace Attempt 3832	[16.01 s]
0.0.N: Trace Attempt 212	[16.24 s]
0.0.Hp: Trace Attempt 833	[16.25 s]
0.0.N: Trace Attempt  1	[17.27 s]
0.0.N: Trace Attempt  2	[17.27 s]
0.0.N: Trace Attempt  3	[17.27 s]
0.0.N: Trace Attempt  4	[17.28 s]
0.0.N: Trace Attempt  5	[17.28 s]
0.0.AM: Trace Attempt 231	[19.96 s]
0.0.B: Trace Attempt 4067	[20.02 s]
0.0.Ht: Trace Attempt 4253	[20.02 s]
0.0.Hp: Trace Attempt 942	[20.27 s]
0.0.N: Trace Attempt 208	[21.31 s]
0.0.N: Trace Attempt  1	[22.27 s]
0.0.N: Trace Attempt  2	[22.27 s]
0.0.N: Trace Attempt  3	[22.27 s]
0.0.N: Trace Attempt  4	[22.27 s]
0.0.N: Trace Attempt  5	[22.27 s]
0.0.AM: Trace Attempt 277	[23.98 s]
0.0.B: Trace Attempt 4445	[24.03 s]
0.0.Ht: Trace Attempt 4636	[24.03 s]
0.0.Hp: Trace Attempt 1052	[24.30 s]
0.0.N: Trace Attempt 203	[26.29 s]
0.0.N: Trace Attempt  1	[27.33 s]
0.0.N: Trace Attempt  2	[27.33 s]
0.0.N: Trace Attempt  3	[27.33 s]
0.0.N: Trace Attempt  4	[27.34 s]
0.0.N: Trace Attempt  5	[27.34 s]
0.0.AM: Trace Attempt 323	[28.00 s]
0.0.B: Trace Attempt 4787	[28.04 s]
0.0.Ht: Trace Attempt 4985	[28.03 s]
0.0.Hp: Trace Attempt 1152	[28.34 s]
0.0.N: Trace Attempt 203	[31.34 s]
0.0.AM: Trace Attempt 358	[32.05 s]
0.0.B: Trace Attempt 5109	[32.05 s]
0.0.Ht: Trace Attempt 5322	[32.03 s]
0.0.Hp: Trace Attempt 1240	[32.34 s]
0.0.N: Trace Attempt  1	[32.43 s]
0.0.N: Trace Attempt  2	[32.44 s]
0.0.N: Trace Attempt  3	[32.44 s]
0.0.N: Trace Attempt  4	[32.44 s]
0.0.N: Trace Attempt  5	[32.44 s]
0.0.B: Trace Attempt 5403	[36.06 s]
0.0.Ht: Trace Attempt 5644	[36.04 s]
0.0.AM: Trace Attempt 400	[36.08 s]
0.0.Hp: Trace Attempt 1333	[36.36 s]
0.0.N: Trace Attempt 158	[36.45 s]
0.0.B: Trace Attempt 5679	[40.06 s]
0.0.AM: Trace Attempt 443	[40.08 s]
0.0.Ht: Trace Attempt 5940	[40.05 s]
0.0.Hp: Trace Attempt 1419	[40.38 s]
0.0.N: Trace Attempt 237	[40.53 s]
0.0.N: Trace Attempt  1	[40.53 s]
0.0.N: Trace Attempt  2	[40.53 s]
0.0.N: Trace Attempt  3	[40.53 s]
0.0.N: Trace Attempt  4	[40.54 s]
0.0.N: Trace Attempt  5	[40.54 s]
0.0.B: Trace Attempt 5925	[44.07 s]
0.0.Ht: Trace Attempt 6197	[44.06 s]
0.0.AM: Trace Attempt 390	[44.09 s]
0.0.Hp: Trace Attempt 1496	[44.40 s]
0.0.N: Trace Attempt 158	[44.54 s]
0.0.B: Trace Attempt 6153	[48.07 s]
0.0.Ht: Trace Attempt 6438	[48.08 s]
0.0.Hp: Trace Attempt 1567	[48.44 s]
0.0.N: Trace Attempt 238	[48.69 s]
0.0.N: Trace Attempt  1	[48.70 s]
0.0.N: Trace Attempt  2	[48.70 s]
0.0.N: Trace Attempt  3	[48.70 s]
0.0.N: Trace Attempt  4	[48.70 s]
0.0.N: Trace Attempt  5	[48.70 s]
0.0.AM: Trace Attempt 514	[48.77 s]
0.0.AM: Trace Attempt  1	[48.87 s]
0.0.AM: Trace Attempt  2	[48.87 s]
0.0.AM: Trace Attempt  3	[48.87 s]
0.0.AM: Trace Attempt  4	[48.88 s]
0.0.AM: Trace Attempt  5	[48.88 s]
0.0.B: Trace Attempt 6388	[52.08 s]
0.0.Ht: Trace Attempt 6688	[52.09 s]
0.0.Hp: Trace Attempt 1640	[52.47 s]
0.0.N: Trace Attempt 205	[52.71 s]
0.0.AM: Trace Attempt 177	[52.91 s]
0.0.N: Trace Attempt  1	[53.66 s]
0.0.N: Trace Attempt  2	[53.67 s]
0.0.N: Trace Attempt  3	[53.67 s]
0.0.N: Trace Attempt  4	[53.67 s]
0.0.N: Trace Attempt  5	[53.67 s]
0.0.B: Trace Attempt 6619	[56.08 s]
0.0.Ht: Trace Attempt 6934	[56.09 s]
0.0.Hp: Trace Attempt 1710	[56.49 s]
0.0.AM: Trace Attempt 239	[56.94 s]
0.0.N: Trace Attempt 158	[57.68 s]
0.0.B: Trace Attempt 6844	[60.09 s]
0.0.Ht: Trace Attempt 7177	[60.10 s]
0.0.Hp: Trace Attempt 1778	[60.54 s]
0.0.AM: Trace Attempt 294	[61.02 s]
0.0.N: Trace Attempt 240	[61.78 s]
0.0.N: Trace Attempt  1	[61.79 s]
0.0.N: Trace Attempt  2	[61.79 s]
0.0.N: Trace Attempt  3	[61.79 s]
0.0.N: Trace Attempt  4	[61.80 s]
0.0.N: Trace Attempt  5	[61.80 s]
0.0.B: Trace Attempt 7065	[64.11 s]
0.0.Ht: Trace Attempt 7410	[64.12 s]
0.0.Hp: Trace Attempt 1842	[64.55 s]
0.0.AM: Trace Attempt 340	[65.03 s]
0.0.N: Trace Attempt 158	[65.80 s]
0.0.B: Trace Attempt 7279	[68.12 s]
0.0.Ht: Trace Attempt 7634	[68.13 s]
0.0.Hp: Trace Attempt 1905	[68.61 s]
0.0.AM: Trace Attempt 390	[69.08 s]
0.0.N: Trace Attempt 241	[69.90 s]
0.0.N: Trace Attempt  1	[69.91 s]
0.0.N: Trace Attempt  2	[69.91 s]
0.0.N: Trace Attempt  3	[69.91 s]
0.0.N: Trace Attempt  4	[69.91 s]
0.0.N: Trace Attempt  5	[69.91 s]
0.0.B: Trace Attempt 7483	[72.12 s]
0.0.Ht: Trace Attempt 7849	[72.14 s]
0.0.Hp: Trace Attempt 1965	[72.64 s]
0.0.AM: Trace Attempt 430	[73.43 s]
0.0.N: Trace Attempt 158	[73.92 s]
0.0.B: Trace Attempt 7684	[76.14 s]
0.0.Ht: Trace Attempt 8061	[76.14 s]
0.0.Hp: Trace Attempt 2024	[76.69 s]
0.0.AM: Trace Attempt 448	[77.59 s]
0.0.N: Trace Attempt 242	[77.93 s]
0.0.N: Trace Attempt  1	[77.93 s]
0.0.N: Trace Attempt  2	[77.94 s]
0.0.N: Trace Attempt  3	[77.94 s]
0.0.N: Trace Attempt  4	[77.94 s]
0.0.N: Trace Attempt  5	[77.94 s]
0.0.B: Trace Attempt 7876	[80.14 s]
0.0.Ht: Trace Attempt 8252	[80.14 s]
0.0.Hp: Trace Attempt 2076	[80.70 s]
0.0.AM: Trace Attempt 475	[81.65 s]
0.0.N: Trace Attempt 160	[82.02 s]
0.0.B: Trace Attempt 8062	[84.16 s]
0.0.Ht: Trace Attempt 8461	[84.15 s]
0.0.Hp: Trace Attempt 2133	[84.74 s]
0.0.AM: Trace Attempt 496	[85.67 s]
0.0.N: Trace Attempt 243	[86.10 s]
0.0.N: Trace Attempt  1	[86.11 s]
0.0.N: Trace Attempt  2	[86.11 s]
0.0.N: Trace Attempt  3	[86.11 s]
0.0.N: Trace Attempt  4	[86.11 s]
0.0.N: Trace Attempt  5	[86.11 s]
0.0.B: Trace Attempt 8245	[88.18 s]
0.0.Ht: Trace Attempt 8653	[88.16 s]
0.0.Hp: Trace Attempt 2188	[88.77 s]
0.0.AM: Trace Attempt 520	[89.70 s]
0.0.N: Trace Attempt 158	[90.11 s]
0.0.B: Trace Attempt 8432	[92.19 s]
0.0.Ht: Trace Attempt 8836	[92.17 s]
0.0.Hp: Trace Attempt 2242	[92.84 s]
0.0.AM: Trace Attempt 543	[93.86 s]
0.0.N: Trace Attempt 244	[94.30 s]
0.0.N: Trace Attempt  1	[94.31 s]
0.0.N: Trace Attempt  2	[94.31 s]
0.0.N: Trace Attempt  3	[94.31 s]
0.0.N: Trace Attempt  4	[94.31 s]
0.0.N: Trace Attempt  5	[94.31 s]
0.0.B: Trace Attempt 8611	[96.19 s]
0.0.Ht: Trace Attempt 9015	[96.17 s]
0.0.Hp: Trace Attempt 2294	[96.89 s]
0.0.AM: Trace Attempt 570	[97.89 s]
0.0.N: Trace Attempt 204	[98.32 s]
0.0.N: Trace Attempt  1	[99.37 s]
0.0.N: Trace Attempt  2	[99.37 s]
0.0.N: Trace Attempt  3	[99.37 s]
0.0.N: Trace Attempt  4	[99.38 s]
0.0.N: Trace Attempt  5	[99.38 s]
0.0.Ht: Trace Attempt 9203	[100.19 s]
0.0.B: Trace Attempt 8786	[100.21 s]
0.0.Hp: Trace Attempt 2344	[100.92 s]
0.0.AM: Trace Attempt 595	[101.92 s]
0.0.N: Trace Attempt 160	[103.45 s]
0.0.B: Trace Attempt 8956	[104.22 s]
0.0.Ht: Trace Attempt 9382	[104.20 s]
0.0.Hp: Trace Attempt 2393	[104.94 s]
0.0.AM: Trace Attempt 620	[106.12 s]
0.0.N: Trace Attempt  1	[107.45 s]
0.0.N: Trace Attempt  2	[107.45 s]
0.0.N: Trace Attempt  3	[107.45 s]
0.0.N: Trace Attempt  4	[107.46 s]
0.0.N: Trace Attempt  5	[107.46 s]
0.0.B: Trace Attempt 9118	[108.22 s]
0.0.Ht: Trace Attempt 9557	[108.22 s]
0.0.Hp: Trace Attempt 2441	[108.97 s]
0.0.AM: Trace Attempt 643	[110.23 s]
0.0.N: Trace Attempt 204	[111.47 s]
0.0.B: Trace Attempt 9278	[112.24 s]
0.0.Ht: Trace Attempt 9738	[112.24 s]
0.0.N: Trace Attempt  1	[112.43 s]
0.0.N: Trace Attempt  2	[112.44 s]
0.0.N: Trace Attempt  3	[112.44 s]
0.0.N: Trace Attempt  4	[112.44 s]
0.0.N: Trace Attempt  5	[112.44 s]
0.0.Hp: Trace Attempt 2488	[113.00 s]
0.0.AM: Trace Attempt 668	[114.28 s]
0.0.B: Trace Attempt 9433	[116.25 s]
0.0.Ht: Trace Attempt 9905	[116.25 s]
0.0.N: Trace Attempt 204	[116.45 s]
0.0.Hp: Trace Attempt 2534	[117.01 s]
0.0.N: Trace Attempt  1	[117.92 s]
0.0.N: Trace Attempt  2	[117.92 s]
0.0.N: Trace Attempt  3	[117.92 s]
0.0.N: Trace Attempt  4	[117.92 s]
0.0.N: Trace Attempt  5	[117.92 s]
0.0.AM: Trace Attempt 697	[118.29 s]
0.0.B: Trace Attempt 9583	[120.26 s]
0.0.Ht: Trace Attempt 10067	[120.26 s]
0.0.Hp: Trace Attempt 2579	[121.08 s]
0.0.N: Trace Attempt 173	[121.98 s]
0.0.AM: Trace Attempt 721	[122.45 s]
0.0.B: Trace Attempt 9729	[124.27 s]
0.0.Ht: Trace Attempt 10235	[124.26 s]
0.0.Hp: Trace Attempt 2622	[125.08 s]
0.0.N: Trace Attempt 221	[126.01 s]
0.0.AM: Trace Attempt 746	[126.47 s]
0.0.B: Trace Attempt 9876	[128.28 s]
0.0.Ht: Trace Attempt 10381	[128.28 s]
0.0.Hp: Trace Attempt 2665	[129.09 s]
0.0.N: Trace Attempt 245	[130.07 s]
0.0.AM: Trace Attempt 772	[130.55 s]
0.0.B: Trace Attempt 10025	[132.31 s]
0.0.Ht: Trace Attempt 10534	[132.29 s]
0.0.Hp: Trace Attempt 2708	[133.18 s]
0.0.N: Trace Attempt 290	[134.15 s]
0.0.AM: Trace Attempt 798	[134.64 s]
0.0.Ht: Trace Attempt 10686	[136.30 s]
0.0.B: Trace Attempt 10171	[136.33 s]
0.0.Hp: Trace Attempt 2750	[137.27 s]
0.0.N: Trace Attempt 333	[138.38 s]
0.0.AM: Trace Attempt 823	[138.66 s]
0.0.Ht: Trace Attempt 10826	[140.31 s]
0.0.B: Trace Attempt 10314	[140.33 s]
0.0.Hp: Trace Attempt 2792	[141.35 s]
0.0.N: Trace Attempt 366	[142.44 s]
0.0.AM: Trace Attempt 832	[143.16 s]
0.0.Ht: Trace Attempt 10980	[144.31 s]
0.0.B: Trace Attempt 10455	[144.34 s]
0.0.Hp: Trace Attempt 2833	[145.41 s]
0.0.N: Trace Attempt 404	[146.53 s]
0.0.AM: Trace Attempt 840	[147.68 s]
0.0.Ht: Trace Attempt 11122	[148.32 s]
0.0.B: Trace Attempt 10593	[148.35 s]
0.0.Hp: Trace Attempt 2873	[149.49 s]
0.0.N: Trace Attempt 445	[150.53 s]
0.0.Ht: Trace Attempt 11270	[152.33 s]
0.0.B: Trace Attempt 10728	[152.37 s]
0.0.AM: Trace Attempt 848	[153.25 s]
0.0.Hp: Trace Attempt 2912	[153.51 s]
0.0.N: Trace Attempt 469	[155.23 s]
0.0.N: Trace Attempt  1	[155.25 s]
0.0.N: Trace Attempt  2	[155.25 s]
0.0.N: Trace Attempt  3	[155.25 s]
0.0.N: Trace Attempt  4	[155.25 s]
0.0.N: Trace Attempt  5	[155.25 s]
0.0.B: Trace Attempt 10859	[156.38 s]
0.0.Ht: Trace Attempt 11408	[156.36 s]
0.0.AM: Trace Attempt 855	[157.36 s]
0.0.Hp: Trace Attempt 2951	[157.60 s]
0.0.N: Trace Attempt 173	[159.26 s]
0.0.B: Trace Attempt 10993	[160.39 s]
0.0.Ht: Trace Attempt 11552	[160.38 s]
0.0.Hp: Trace Attempt 2989	[161.60 s]
0.0.AM: Trace Attempt 861	[162.93 s]
0.0.N: Trace Attempt 221	[163.30 s]
0.0.Ht: Trace Attempt 11692	[164.38 s]
0.0.B: Trace Attempt 11124	[164.41 s]
0.0.Hp: Trace Attempt 3027	[165.64 s]
0.0.AM: Trace Attempt 867	[167.12 s]
0.0.N: Trace Attempt 245	[167.36 s]
0.0.Ht: Trace Attempt 11829	[168.41 s]
0.0.B: Trace Attempt 11253	[168.43 s]
0.0.N: Trace Attempt 290	[171.46 s]
0.0.AM: Trace Attempt 872	[171.64 s]
0.0.B: Trace Attempt 11381	[172.44 s]
0.0.Ht: Trace Attempt 11970	[172.42 s]
0.0.N: Trace Attempt 333	[175.71 s]
0.0.AM: Trace Attempt 877	[176.09 s]
0.0.B: Trace Attempt 11507	[176.45 s]
0.0.Ht: Trace Attempt 12104	[176.44 s]
0.0.N: Trace Attempt 366	[179.76 s]
0.0.B: Trace Attempt 11635	[180.45 s]
0.0.AM: Trace Attempt 878	[180.47 s]
0.0.Ht: Trace Attempt 12247	[180.45 s]
0.0.N: Trace Attempt 377	[180.93 s]
0.0.N: Stopped processing property "Load_Store.p1"	[181.03 s].
0.0.N: Morphing to Ncustom1
0.0.N: All properties determined. [0.00 s]
0.0.N: Exited with Success (@ 0.00 s)
0.0.Ncustom1: clocks: 1, declared: 1, looping: 0, posedge: 1, negedge: 0, noedge: 0, bothedge: 0
0.0.Ncustom1: Starting proof for property "Load_Store.p1"	[0.00 s].
0.0.Tri: Proofgrid shell started at 4089@vlsi-ria84(local) jg_3316_vlsi-ria84_1
0.0.Tri: clocks: 1, declared: 1, looping: 0, posedge: 1, negedge: 0, noedge: 0, bothedge: 0
0.0.Tri: Last scan. Per property time limit: 0s
0.0.Tri: Starting proof for property "Load_Store.p1"	[0.00 s].
0.0.Tri: Trace Attempt  1	[0.00 s]
0.0.Ncustom1: Trace Attempt 468	[0.07 s]
0.0.B: Trace Attempt 11652	[180.96 s]
0.0.B: Stopped processing property "Load_Store.p1"	[181.07 s].
0.0.B: Morphing to Bcustom2
0.0.B: All properties determined. [0.00 s]
0.0.B: Exited with Success (@ 0.00 s)
0.0.Bcustom2: clocks: 1, declared: 1, looping: 0, posedge: 1, negedge: 0, noedge: 0, bothedge: 0
0.0.Bcustom2: Starting proof for property "Load_Store.p1"	[0.00 s].
0.0.Bcustom2: Trace Attempt  1	[0.00 s]
0.0.Bcustom2: Trace Attempt  2	[0.00 s]
0.0.Bcustom2: Trace Attempt  1	[0.00 s]
0.0.Bcustom2: Trace Attempt  2	[0.00 s]
0.0.Bcustom2: Trace Attempt  3	[0.00 s]
0.0.Bcustom2: Trace Attempt  1	[0.00 s]
0.0.Bcustom2: Trace Attempt  2	[0.00 s]
0.0.Bcustom2: Trace Attempt  3	[0.00 s]
0.0.Bcustom2: Trace Attempt  4	[0.00 s]
0.0.Bcustom2: Trace Attempt  5	[0.00 s]
0.0.Bcustom2: Trace Attempt  1	[0.00 s]
0.0.Bcustom2: Trace Attempt  2	[0.00 s]
0.0.Bcustom2: Trace Attempt  3	[0.00 s]
0.0.Bcustom2: Trace Attempt  4	[0.00 s]
0.0.Bcustom2: Trace Attempt  5	[0.00 s]
0.0.Bcustom2: Trace Attempt  1	[0.01 s]
0.0.Bcustom2: Trace Attempt  2	[0.01 s]
0.0.Bcustom2: Trace Attempt  3	[0.01 s]
0.0.Bcustom2: Trace Attempt  4	[0.01 s]
0.0.Bcustom2: Trace Attempt  5	[0.01 s]
0.0.Bcustom2: Trace Attempt  1	[0.01 s]
0.0.Bcustom2: Trace Attempt  2	[0.01 s]
0.0.Bcustom2: Trace Attempt  3	[0.01 s]
0.0.Bcustom2: Trace Attempt  4	[0.01 s]
0.0.Bcustom2: Trace Attempt  5	[0.01 s]
0.0.Tri:    0.00" ---- Launching main thread ----
0.0.Bcustom2: Trace Attempt  1	[0.02 s]
0.0.Bcustom2: Trace Attempt  2	[0.02 s]
0.0.Bcustom2: Trace Attempt  3	[0.02 s]
0.0.Bcustom2: Trace Attempt  4	[0.02 s]
0.0.Bcustom2: Trace Attempt  5	[0.02 s]
0.0.Tri:    0.02" ---- Launching abstraction thread ----
0.0.AM: Stopped processing property "Load_Store.p1"	[181.12 s].
0.0.AM: Morphing to AMcustom3
0.0.Tri:    0.03" ---- Launching multi-phase simplification thread ----
0.0.AM: All properties determined. [0.00 s]
0.0.AM: Exited with Success (@ 0.00 s)
0.0.AMcustom3: clocks: 1, declared: 1, looping: 0, posedge: 1, negedge: 0, noedge: 0, bothedge: 0
0.0.AMcustom3: Starting proof for property "Load_Store.p1"	[0.00 s].
0.0.AMcustom3: Trace Attempt  1	[0.00 s]
0.0.AMcustom3: Trace Attempt  2	[0.00 s]
0.0.AMcustom3: Trace Attempt  3	[0.00 s]
0.0.AMcustom3: Trace Attempt  4	[0.00 s]
0.0.AMcustom3: Trace Attempt  5	[0.00 s]
0.0.AMcustom3: Trace Attempt  1	[0.00 s]
0.0.AMcustom3: Trace Attempt  2	[0.00 s]
0.0.AMcustom3: Trace Attempt  3	[0.01 s]
0.0.Bcustom2: Trace Attempt  1	[0.05 s]
0.0.Bcustom2: Trace Attempt  2	[0.05 s]
0.0.Bcustom2: Trace Attempt  3	[0.05 s]
0.0.Bcustom2: Trace Attempt  4	[0.05 s]
0.0.Bcustom2: Trace Attempt  5	[0.05 s]
0.0.AMcustom3: Trace Attempt  4	[0.01 s]
0.0.AMcustom3: Trace Attempt  5	[0.01 s]
0.0.Tri:    0.04" ---- Launching liveness simplification thread ----
0.0.AMcustom3: Trace Attempt  1	[0.02 s]
0.0.AMcustom3: Trace Attempt  2	[0.02 s]
0.0.AMcustom3: Trace Attempt  3	[0.02 s]
0.0.AMcustom3: Trace Attempt  4	[0.03 s]
0.0.AMcustom3: Trace Attempt  5	[0.03 s]
0.0.Bcustom2: Trace Attempt  1	[0.11 s]
0.0.Bcustom2: Trace Attempt  2	[0.11 s]
0.0.Bcustom2: Trace Attempt  3	[0.11 s]
0.0.Bcustom2: Trace Attempt  4	[0.11 s]
0.0.Bcustom2: Trace Attempt  5	[0.11 s]
0.0.AMcustom3: Trace Attempt  1	[0.07 s]
0.0.AMcustom3: Trace Attempt  2	[0.07 s]
0.0.AMcustom3: Trace Attempt  3	[0.07 s]
0.0.AMcustom3: Trace Attempt  4	[0.07 s]
0.0.AMcustom3: Trace Attempt  5	[0.07 s]
0.0.AMcustom3: Trace Attempt  1	[0.22 s]
0.0.AMcustom3: Trace Attempt  2	[0.22 s]
0.0.AMcustom3: Trace Attempt  3	[0.22 s]
0.0.Bcustom2: Trace Attempt  1	[0.27 s]
0.0.Bcustom2: Trace Attempt  2	[0.27 s]
0.0.Bcustom2: Trace Attempt  3	[0.27 s]
0.0.Bcustom2: Trace Attempt  4	[0.27 s]
0.0.Bcustom2: Trace Attempt  5	[0.27 s]
0.0.AMcustom3: Trace Attempt  4	[0.23 s]
0.0.AMcustom3: Trace Attempt  5	[0.23 s]
0.0.AMcustom3: Trace Attempt  1	[0.61 s]
0.0.AMcustom3: Trace Attempt  2	[0.61 s]
0.0.AMcustom3: Trace Attempt  3	[0.61 s]
0.0.AMcustom3: Trace Attempt  4	[0.62 s]
0.0.AMcustom3: Trace Attempt  5	[0.62 s]
0.0.Bcustom2: Trace Attempt  1	[0.73 s]
0.0.Bcustom2: Trace Attempt  2	[0.73 s]
0.0.Bcustom2: Trace Attempt  3	[0.73 s]
0.0.Bcustom2: Trace Attempt  4	[0.73 s]
0.0.Bcustom2: Trace Attempt  5	[0.73 s]
0.0.Tri:    0.83" Simplification phase 1 complete
0.0.AMcustom3: Trace Attempt 38	[0.88 s]
0.0.AMcustom3: Stopped processing property "Load_Store.p1"	[0.89 s].
0.0.Bcustom2: Trace Attempt 517	[0.93 s]
0.0.Bcustom2: Stopped processing property "Load_Store.p1"	[0.93 s].
0.0.Bcustom2: Morphing to D
0.0.Bcustom2: All properties determined. [0.00 s]
0.0.Bcustom2: Exited with Success (@ 0.00 s)
0.0.D: clocks: 1, declared: 1, looping: 0, posedge: 1, negedge: 0, noedge: 0, bothedge: 0
0.0.D: Starting proof for property "Load_Store.p1"	[0.00 s].
0.0.D: Trace Attempt  1	[0.00 s]
0.0.D: Trace Attempt  2	[0.00 s]
0.0.AMcustom3: Morphing to M
0.0.AMcustom3: All properties determined. [0.00 s]
0.0.AMcustom3: Exited with Success (@ 0.00 s)
0.0.Ncustom1: Requesting engine job to terminate
0.0.D: Requesting engine job to terminate
0.0.M: Requesting engine job to terminate
0.0.Hp: Requesting engine job to terminate
0.0.Ht: Requesting engine job to terminate
INFO (IPF144): 0: Initiating shutdown of proof [182.06 s]
0.0.Tri: A proof was found: No trace exists. [0.96 s]
INFO (IPF057): 0.0.Tri: The property "Load_Store.p1" was proven in 0.97 s.
0.0.Tri: Stopped processing property "Load_Store.p1"	[0.97 s].
0.0.D: Trace Attempt  4	[0.00 s]
0.0.Tri: Morphing to AMcustom5
0.0.Tri: Preventing job from starting because proof is shutting down.
0.0.Tri: Requesting engine job to terminate
0.0.D: Stopped processing property "Load_Store.p1"	[0.01 s].
0.0.D: All properties determined. [0.01 s]
0.0.M: Interrupted. [0.00 s]
0.0.Tri: All properties determined. [0.00 s]
0.0.M: Exited with Success (@ 182.07 s)
0: ProofGrid usable level: 0
0.0.Tri: Exited with Success (@ 182.07 s)
0.0.Ht: Trace Attempt 12300	[181.99 s]
0.0.Ht: All properties determined. [182.01 s]
0.0.D: Exited with Success (@ 182.08 s)
0.0.Ncustom1: Trace Attempt 469	[1.10 s]
0.0.Ncustom1: Stopped processing property "Load_Store.p1"	[1.10 s].
0.0.Ncustom1: All properties determined. [1.10 s]
0.0.Ncustom1: Exited with Success (@ 182.14 s)
0.0.Ht: Exited with Success (@ 182.19 s)
0.0.Hp: Trace Attempt 3052	[168.33 s]
0.0.Hp: All properties determined. [182.44 s]
0.0.Hp: Exited with Success (@ 182.83 s)
0: --------------------------------------------------------------
ProofGrid Summary (utilization 99.97 %)
--------------------------------------------------------------
     engines started                               :    13
     engine jobs started                           :     7

    Average time in state (seconds)
    ------------------------------------------------------
    Engine  Pending     Running        Dead    Utilization
    ------------------------------------------------------
     Hp        0.03      182.06        0.00       99.98 %
     Ht        0.06      182.00        0.00       99.97 %
     Oh        0.05        0.00        0.00        2.61 %
    Ncustom1        0.03      182.01        0.00       99.98 %
      D        0.04      181.89        0.00       99.98 %
      M        0.03      181.86        0.00       99.98 %
    AMcustom5        0.06        0.96        0.00       94.18 %
    all        0.04      130.11        0.00       99.97 %

    Total time in state (seconds)
    -----------------------------------------
            Pending     Running        Dead  
    -----------------------------------------
               0.29      910.78        0.00

    Data read    : 7.08 MiB
    Data written : 3.71 kiB

0: All pending notifications were processed.
INFO (IPF059): 0: Completed proof on task: "<embedded>"

==============================================================
SUMMARY
==============================================================
           Properties Considered              : 1
                 assertions                   : 1
                  - proven                    : 1 (100%)
                  - bounded_proven (user)     : 0 (0%)
                  - bounded_proven (auto)     : 0 (0%)
                  - marked_proven             : 0 (0%)
                  - cex                       : 0 (0%)
                  - ar_cex                    : 0 (0%)
                  - undetermined              : 0 (0%)
                  - unknown                   : 0 (0%)
                  - error                     : 0 (0%)
                 covers                       : 0
                  - unreachable               : 0
                  - bounded_unreachable (user): 0
                  - covered                   : 0
                  - ar_covered                : 0
                  - undetermined              : 0
                  - unknown                   : 0
                  - error                     : 0
proven
[<embedded>] % exit -force
[<embedded>] % INFO (IPL005): Received request to exit from the console.
INFO: Waiting for proof threads to stop...
INFO: Proof threads stopped.
INFO (IPL018): The peak resident set memory use for this session was 2.246 GB.
INFO (IPL014): Waiting for the Tcl-thread to exit.
INFO (IPL015): The Tcl-thread exited with status 0.
INFO (IPL016): Exiting the analysis session with status 0.
Finished load_store_12.tcl successfully
