Jasper Apps 2024.06p002 64 bits 2024.09.02 16:28:38 UTC

Any disclosure about the Cadence Design Systems software or its use
model to any third party violates the written Non-Disclosure Agreement
between Cadence Design Systems, Inc. and the customer.

THIS SOFTWARE CONTAINS CONFIDENTIAL INFORMATION AND TRADE SECRETS OF
CADENCE DESIGN SYSTEMS, INC. USE, DISCLOSURE, OR REPRODUCTION IS
PROHIBITED WITHOUT THE PRIOR EXPRESS WRITTEN PERMISSION OF CADENCE
DESIGN SYSTEMS, INC.

Copyright (C) 2000-2024 Cadence Design Systems, Inc. All Rights
Reserved.  Unpublished -- rights reserved under the copyright laws of
the United States.

This product includes software developed by others and redistributed
according to license agreement. See doc/third_party_readme.txt for
further details.

RESTRICTED RIGHTS LEGEND

Use, duplication, or disclosure by the Government is subject to
restrictions as set forth in subparagraph (c) (1) (ii) of the Rights in
Technical Data and Computer Software clause at DFARS 252.227-7013 or
subparagraphs (c) (1) and (2) of Commercial Computer Software -- Restricted
Rights at 48 CFR 52.227-19, as applicable.


                          Cadence Design Systems, Inc.
                          2655 Seely Avenue
                          San Jose, CA 95134
                          Phone: 408.943.1234

For technical assistance visit http://support.cadence.com.

Jasper Apps Analysis Session - /users/rompel/jasper_executions/safety_liveness/jgprojects/PWM_8/sessionLogs/session_0

WARNING (WG017): [session]: The system's locale is "ANSI_X3.4-1968", which is not UTF-8. Non-ASCII characters might not be handled correctly.
WARNING (WG017): [jg_console]: The system's locale is "ANSI_X3.4-1968", which is not UTF-8. Non-ASCII characters might not be handled correctly.
INFO: successfully checked out license "jasper_fao".
INFO: reading configuration file "/users/rompel/.config/cadence/jasper.conf".
% analyze -sv09 ../PWM_8.sv
[-- (VERI-1482)] Analyzing Verilog file '/tools/cadence2425/JASPER/jasper_2024.06p002/lib/verilog/packages/std/std.sv' into library 'std'
[-- (VERI-1482)] Analyzing Verilog file '../PWM_8.sv'
[INFO (VERI-2561)] ../PWM_8.sv(7): undeclared symbol 'lbR', assumed default net type 'wire'
[INFO (VERI-2561)] ../PWM_8.sv(8): undeclared symbol 'ubR', assumed default net type 'wire'
% elaborate -bbox_mul 1000000 -bbox_div 1000000 -bbox_mod 1000000 -bbox_a 1000000
[INFO (HIER-8002)] ../PWM_8.sv(32): Disabling old hierarchical reference handler
[INFO (VERI-1018)] ../PWM_8.sv(1): compiling module 'PWM_TOP'
[WARN (VERI-1209)] ../PWM_8.sv(7): expression size 18 truncated to fit in target size 1
[WARN (VERI-1209)] ../PWM_8.sv(8): expression size 18 truncated to fit in target size 1
[WARN (VERI-1209)] ../PWM_8.sv(13): expression size 32 truncated to fit in target size 17
[INFO (VERI-8005)] ../PWM_8.sv(1): Unintentional sequential element inferred for pulse_red read before write using blocking assignment
[INFO (VERI-8005)] ../PWM_8.sv(1): Unintentional sequential element inferred for lb_pulse read before write using blocking assignment
[INFO (VERI-8005)] ../PWM_8.sv(1): Unintentional sequential element inferred for ub_pulse read before write using blocking assignment
INFO (ISW003): Top module name is "PWM_TOP".
INFO (INL208): Elaboration synthesis summary:
  Number of synthesized netlists          1 (0 packages)
  Single run mode                         On
  Pipeline                                On (1 pipelined netlists)
  Late hierarchical reference connection  On
  Number of analyzed Verilog modules      1 (1 synthesized)
  Number of analyzed VHDL entities        0 (0 synthesized)
INFO (INL003): Clearing all state information (assumes, stopats, and so forth).
PWM_TOP
[<embedded>] % reset -none
INFO (IPM031): Clearing proof results of all properties.
[<embedded>] % clock clk
[<embedded>] % prove -all
Ncustom1: Custom engine code is hT3Ng7hPPfiYQOTDZ3qhYOwGAM51eA+J/FjkM5shLioAsqhgLR4Ft+O1BuKG6ilQ83B9tLXSl+CwjiTMAQA
Bcustom2: Custom engine code is hT3Nm7hPr1Vp3Di1Ra2USNIGL4JypRnLKLAdF6JAyuavO2JfGCiY9OZJhcAcOUnLx5xwNdhILGrAWX9s+z2WDkKwNR7tAfClBEjRFVQeq6DU54boFgEA
AMcustom3: Custom engine code is hT3Ng7hP/feYQOTDZ3qhYOwGAM51eA+J/FjkM5shLioAsqhgLR4Ft+O1BuKG6ilQ83B9tLXSmmqwm7g9AQA
Mpcustom4: Custom engine code is hT3NZbhP9fmY2AbBQnsjfOxn6c+6e6yL+/e8fZFmaQrnlgEA
INFO (IPF036): Starting proof on task: "<embedded>", 1 properties to prove with 0 already proven/unreachable
INFO (IRS029): Starting reset analysis: phase 1 of 4.
INFO (IRS030): Running reset analysis: phase 2 of 4.
INFO (IRS031): Running reset analysis: phase 3 of 4.
INFO (IRS020): Starting the reset analysis simulation with a limit of 100 iterations (phase 4 of 4).
INFO (IRS024): Reset iterations 0 to 4 analyzed.
INFO (IRS018): Reset analysis simulation executed for 3 iterations. Assigned values for 2 of 20 design flops, 0 of 0 design latches, 3 of 3 internal elements.
INFO (IRS039): Reset analysis complete.
INFO (IPF031): Settings used for proof thread 0:
    orchestration                 = on
    time_limit                    = 86400s
    per_property_time_limit       = 1s * 10 ^ scan
    engine_mode                   = auto
    proofgrid_per_engine_max_jobs = 1
    max engine jobs               = auto
    proofgrid_mode                = local
    proofgrid_restarts            = 10
0: Using multistage preprocessing
0: Starting reduce
AMcustom5: Custom engine code is hT3N1rhP11/52HrFRS21ROp2LOjVTgPvT8L8BGXHgLhaIuqtT4nARFjUqrBL+7pLmaTOzBepZW/Jm8SSrHDybSQtoNiO3y43wk+dEoWlsZizu97Fih6O6lPVG/LpWP5SsUPwlGagLNa1FKEFvwVXyX7//8prySbvSxIHXr5er+z4RAEA
Ncustom6: Custom engine code is hT3OXrhPByJp3TrFSTLhUmMH4KVtJgmTCnNDF46yMXOKY48m4LS5nE7yBzFjA7kDuwO/GhGUpEPiky3p3wmPn3dJZHxFMsafSoObRzSC+tn7sEY0WbTdZ/FV4hL3MYH/b1CIUvXSWR4wqEoVLsmMOD4xIPT4lI1LO6ZCO7PnnWQuLwetnvKlrXx6wCW/A+x+enqslg1YPobi4wEF/EvbzOvcTYdJvl2s4H2yZg2b2ofAVN5WvhWk1HoBAA
ADcustom7: Custom engine code is hT3Nv7hPv1752HrFRa2kROx2f/ECJeZB2AZsLdlO8VwmIuqtT4nIDFXclhg+O+o+DMmQCekbheGk0kK28laA9gaOFDXsQp29J3X615HY1IPHJWd6FUFvCHjO+p1k652b5JJvZlShNpGlGSXAiQe/mEAj6tEBAA
Tricustom8: Custom engine code is hT3Nu7hPt1752DvFRa0kNDiyIV97VyejwM9C/jCLJjdPvusZONHY42VYUy0Q1ZotnhcVtNc56tJ5wbxv6V2+XpdsaSlHck5vfnbYjdwj1OECy9U+7oSQ0SZE3g5ayD+Phuh4odCJTjeKa2k4elM9ldQfkAEA
Gcustom9: Custom engine code is hT3NibhPDfeYQADBZnYcglOvK9Pfd7EOeniIqP8jNsyIqInncipMGcUXqAadachREE9F2PwhBUZUNw5kHnd4JdXkamORRgEA
0: Finished reduce in 0s
C2custom10: Custom engine code is hT3NirhPjfWYQADBZnYcglOvK9Pfd7EOeniIqP8jNsyIqInncgkrYMMXCYbdK0dUjZIF9d4cJ0rHoBDjwVLBKuG86XYVV00BAA
AGcustom11: Custom engine code is hT3NirhP/fmYQADBZnYcglOvK9Pfd7EOeniIqP8jNsyIqInnckcwYMMXCYbdK0dUjZIF9d4cJ0rHoBDjwVLBKuHEZnZByh0BAA
Bcustom12: Custom engine code is hT3NjrhPDfiYQADBZnYcglOvK9PfWxFtenjIyBqfrgr7if/jL/yPOuK1BAflEcW0DxNH2eDIoezN2gxlQFg81RZtiWXh7aiTAidvAQA
0.0.PRE: Performing Proof Simplification...
Ncustom13: Custom engine code is hT3NR7hPByFp3TrFSTLhUmMH4KWtJglTyV/c51BHEeZWamnJv767nE6PCak26bd3gf3XGN3rIRheufhDieCJQVISo+gNYUKhiUedBKGtsP/a18svAnlMJZudHxDFwK5ufsyoxsIyiAeSY2oi3tEuoDHr5gw42DFKAG3PqO3CEsl8Azzdt3pl5nGA1Ifv2H02eYsFzWb/nfp8PMb3F0krE/EgBcm8TD9Div8BAA
0.0.N: clocks: 1, declared: 1, looping: 0, posedge: 1, negedge: 0, noedge: 0, bothedge: 0
Tricustom14: Custom engine code is hT3Nu7hP3fiYQADBZnYcglNHp9bfd7EOeniIqP/ji8sGLQu8yhsFO+wxJ+O+R0bU8g/IewXFomyos+viQnWc2xYNYmMqpo3i40O7DaZR7qfp4YqNx26KRvQ/qx0BAA
0.0.N: Proof Simplification Iteration 1	[0.00 s]
0.0.N: Proof Simplification Iteration 2	[0.00 s]
0.0.PRE: A proof was found: No trace exists. [0.00 s]
INFO (IPF057): 0.0.PRE: The property ":noDeadEnd" was proven in 0.00 s.
    Use check_assumptions -show -dead_end to show this property in the property table.
0.0.PRE: A proof was found: No trace exists. [0.00 s]
INFO (IPF057): 0.0.PRE: The property ":noConflict" was proven in 0.00 s.
    Use check_assumptions -show to show this property in the property table.
INFO (IPF047): 0.0.PRE: The cover property ":live" was covered in 1 cycles in 0.00 s.
    Use check_assumptions -show -live to show this property in the property table.
0.0.PRE: Proof Simplification completed in 0.00 s
0: About to start ProofGrid in its own thread with a limit of 10000 pending notifications and a limit of 10 traces.
0: =============================== ProofGrid start ===============================
0: ProofGrid usable level: 1
0: Initial ProofGrid level: 1
0: ProofGrid is starting event handling
0.0.N: Proofgrid shell started at 25012@vlsi-ria84(local) jg_24946_vlsi-ria84_1
0.0.Hp: Proofgrid shell started at 25013@vlsi-ria84(local) jg_24946_vlsi-ria84_1
0.0.Hp: clocks: 1, declared: 1, looping: 0, posedge: 1, negedge: 0, noedge: 0, bothedge: 0
0.0.Hp: Last scan. Per property time limit: 0s
0.0.N: clocks: 1, declared: 1, looping: 0, posedge: 1, negedge: 0, noedge: 0, bothedge: 0
0.0.N: Last scan. Per property time limit: 0s
0.0.N: Starting proof for property "PWM_TOP.p1"	[0.00 s].
0.0.N: Trace Attempt  1	[0.00 s]
0.0.N: Trace Attempt  2	[0.00 s]
0.0.N: Trace Attempt  2	[0.00 s]
0.0.N: Trace Attempt  3	[0.00 s]
0.0.N: Trace Attempt  3	[0.00 s]
0.0.N: Trace Attempt  4	[0.00 s]
0.0.N: Trace Attempt  5	[0.00 s]
0.0.Hp: Trace Attempt  1	[0.00 s]
0.0.Hp: Trace Attempt  2	[0.00 s]
0.0.Hp: Trace Attempt  3	[0.00 s]
0.0.Hp: Trace Attempt  4	[0.00 s]
0.0.Hp: Trace Attempt  5	[0.00 s]
0.0.Oh: Proofgrid shell started at 25045@vlsi-ria84(local) jg_24946_vlsi-ria84_1
0.0.Ht: Proofgrid shell started at 25044@vlsi-ria84(local) jg_24946_vlsi-ria84_1
0.0.Ht: clocks: 1, declared: 1, looping: 0, posedge: 1, negedge: 0, noedge: 0, bothedge: 0
0.0.Ht: Last scan. Per property time limit: 0s
0.0.Ht: Trace Attempt  1	[0.00 s]
0.0.Ht: Trace Attempt  2	[0.00 s]
0.0.Ht: Trace Attempt  3	[0.00 s]
0.0.Oh: clocks: 1, declared: 1, looping: 0, posedge: 1, negedge: 0, noedge: 0, bothedge: 0
0.0.Oh: Reached length limit (2147483647) [0.00 s]
0.0.Ht: Trace Attempt  4	[0.00 s]
0.0.Ht: Trace Attempt  5	[0.00 s]
0.0.Oh: Exited with Success (@ 0.03 s)
0.0.B: Proofgrid shell started at 25046@vlsi-ria84(local) jg_24946_vlsi-ria84_1
0.0.B: clocks: 1, declared: 1, looping: 0, posedge: 1, negedge: 0, noedge: 0, bothedge: 0
0.0.B: Last scan. Per property time limit: 0s
0.0.B: Starting proof for property "PWM_TOP.p1"	[0.00 s].
0.0.B: Trace Attempt  1	[0.00 s]
0.0.B: Trace Attempt  2	[0.00 s]
0.0.B: Trace Attempt  3	[0.00 s]
0.0.B: Trace Attempt  4	[0.00 s]
0.0.B: Trace Attempt  5	[0.00 s]
0.0.N: Trace Attempt  1	[0.04 s]
0.0.N: Trace Attempt  2	[0.04 s]
0.0.N: Trace Attempt  3	[0.04 s]
0.0.N: Trace Attempt  4	[0.04 s]
0.0.N: Trace Attempt  5	[0.05 s]
0.0.AM: Proofgrid shell started at 25047@vlsi-ria84(local) jg_24946_vlsi-ria84_1
0.0.AM: clocks: 1, declared: 1, looping: 0, posedge: 1, negedge: 0, noedge: 0, bothedge: 0
0.0.AM: Last scan. Per property time limit: 0s
0.0.AM: Starting proof for property "PWM_TOP.p1"	[0.00 s].
0.0.AM: Trace Attempt  1	[0.00 s]
0.0.AM: Trace Attempt  2	[0.00 s]
0.0.AM: Trace Attempt  3	[0.00 s]
0.0.AM: Trace Attempt  4	[0.00 s]
0.0.AM: Trace Attempt  5	[0.00 s]
0.0.AM: Trace Attempt  1	[0.00 s]
0.0.AM: Trace Attempt  2	[0.00 s]
0.0.AM: Trace Attempt  3	[0.00 s]
0.0.AM: Trace Attempt  4	[0.01 s]
0.0.AM: Trace Attempt  5	[0.01 s]
0.0.AM: Trace Attempt  1	[0.02 s]
0.0.AM: Trace Attempt  2	[0.02 s]
0.0.AM: Trace Attempt  3	[0.02 s]
0.0.AM: Trace Attempt  4	[0.02 s]
0.0.AM: Trace Attempt  5	[0.02 s]
0.0.AM: Trace Attempt  1	[0.07 s]
0.0.AM: Trace Attempt  2	[0.07 s]
0.0.AM: Trace Attempt  3	[0.07 s]
0.0.AM: Trace Attempt  4	[0.07 s]
0.0.AM: Trace Attempt  5	[0.07 s]
0.0.N: Trace Attempt  1	[0.16 s]
0.0.N: Trace Attempt  2	[0.16 s]
0.0.N: Trace Attempt  3	[0.16 s]
0.0.N: Trace Attempt  4	[0.16 s]
0.0.N: Trace Attempt  5	[0.17 s]
0.0.AM: Trace Attempt  1	[0.45 s]
0.0.AM: Trace Attempt  2	[0.45 s]
0.0.AM: Trace Attempt  3	[0.45 s]
0.0.AM: Trace Attempt  4	[0.45 s]
0.0.AM: Trace Attempt  5	[0.46 s]
0.0.N: Trace Attempt  1	[0.55 s]
0.0.N: Trace Attempt  2	[0.55 s]
0.0.N: Trace Attempt  3	[0.55 s]
0.0.N: Trace Attempt  4	[0.55 s]
0.0.N: Trace Attempt  5	[0.56 s]
0.0.N: Trace Attempt  1	[1.84 s]
0.0.N: Trace Attempt  2	[1.84 s]
0.0.N: Trace Attempt  3	[1.84 s]
0.0.N: Trace Attempt  4	[1.85 s]
0.0.N: Trace Attempt  5	[1.85 s]
0.0.AM: Trace Attempt  1	[2.54 s]
0.0.AM: Trace Attempt  2	[2.54 s]
0.0.AM: Trace Attempt  3	[2.54 s]
0.0.AM: Trace Attempt  4	[2.54 s]
0.0.AM: Trace Attempt  5	[2.55 s]
0.0.N: Trace Attempt  1	[3.14 s]
0.0.N: Trace Attempt  2	[3.14 s]
0.0.N: Trace Attempt  3	[3.14 s]
0.0.N: Trace Attempt  4	[3.14 s]
0.0.N: Trace Attempt  5	[3.15 s]
0.0.Ht: Trace Attempt 138	[4.06 s]
0.0.Hp: Trace Attempt 135	[4.09 s]
0.0.B: Trace Attempt 146	[4.08 s]
0.0.N: Trace Attempt  1	[4.43 s]
0.0.N: Trace Attempt  2	[4.43 s]
0.0.N: Trace Attempt  3	[4.43 s]
0.0.N: Trace Attempt  4	[4.44 s]
0.0.N: Trace Attempt  5	[4.44 s]
0.0.N: Trace Attempt  1	[5.80 s]
0.0.N: Trace Attempt  2	[5.81 s]
0.0.N: Trace Attempt  3	[5.81 s]
0.0.N: Trace Attempt  4	[5.81 s]
0.0.N: Trace Attempt  5	[5.82 s]
0.0.AM: Trace Attempt 71	[6.61 s]
0.0.N: Trace Attempt  1	[7.17 s]
0.0.N: Trace Attempt  2	[7.17 s]
0.0.N: Trace Attempt  3	[7.17 s]
0.0.N: Trace Attempt  4	[7.17 s]
0.0.N: Trace Attempt  5	[7.18 s]
0.0.Ht: Trace Attempt 177	[8.07 s]
0.0.Hp: Trace Attempt 172	[8.15 s]
0.0.B: Trace Attempt 183	[8.17 s]
0.0.N: Trace Attempt  1	[8.59 s]
0.0.N: Trace Attempt  2	[8.59 s]
0.0.N: Trace Attempt  3	[8.59 s]
0.0.N: Trace Attempt  4	[8.60 s]
0.0.N: Trace Attempt  5	[8.60 s]
0.0.N: Trace Attempt  1	[10.07 s]
0.0.N: Trace Attempt  2	[10.07 s]
0.0.N: Trace Attempt  3	[10.07 s]
0.0.N: Trace Attempt  4	[10.07 s]
0.0.N: Trace Attempt  5	[10.08 s]
0.0.AM: Trace Attempt 86	[10.95 s]
0.0.N: Trace Attempt  1	[11.57 s]
0.0.N: Trace Attempt  2	[11.57 s]
0.0.N: Trace Attempt  3	[11.57 s]
0.0.N: Trace Attempt  4	[11.57 s]
0.0.N: Trace Attempt  5	[11.58 s]
0.0.Hp: Trace Attempt 199	[12.16 s]
0.0.Ht: Trace Attempt 205	[12.15 s]
0.0.B: Trace Attempt 207	[12.22 s]
0.0.N: Trace Attempt  1	[13.07 s]
0.0.N: Trace Attempt  2	[13.07 s]
0.0.N: Trace Attempt  3	[13.07 s]
0.0.N: Trace Attempt  4	[13.07 s]
0.0.N: Trace Attempt  5	[13.08 s]
0.0.N: Trace Attempt  1	[14.61 s]
0.0.N: Trace Attempt  2	[14.62 s]
0.0.N: Trace Attempt  3	[14.62 s]
0.0.N: Trace Attempt  4	[14.62 s]
0.0.N: Trace Attempt  5	[14.62 s]
0.0.AM: Trace Attempt 74	[14.98 s]
0.0.Ht: Trace Attempt 226	[16.18 s]
0.0.N: Trace Attempt  1	[16.23 s]
0.0.N: Trace Attempt  2	[16.23 s]
0.0.N: Trace Attempt  3	[16.23 s]
0.0.N: Trace Attempt  4	[16.24 s]
0.0.N: Trace Attempt  5	[16.25 s]
0.0.Hp: Trace Attempt 222	[16.32 s]
0.0.B: Trace Attempt 228	[16.40 s]
0.0.N: Trace Attempt  1	[18.00 s]
0.0.N: Trace Attempt  2	[18.00 s]
0.0.N: Trace Attempt  3	[18.00 s]
0.0.N: Trace Attempt  4	[18.01 s]
0.0.N: Trace Attempt  5	[18.01 s]
0.0.AM: Trace Attempt  1	[19.03 s]
0.0.AM: Trace Attempt  2	[19.03 s]
0.0.AM: Trace Attempt  3	[19.03 s]
0.0.AM: Trace Attempt  4	[19.04 s]
0.0.AM: Trace Attempt  5	[19.05 s]
0.0.N: Trace Attempt  1	[19.75 s]
0.0.N: Trace Attempt  2	[19.75 s]
0.0.N: Trace Attempt  3	[19.75 s]
0.0.N: Trace Attempt  4	[19.76 s]
0.0.N: Trace Attempt  5	[19.76 s]
0.0.Ht: Trace Attempt 240	[20.27 s]
0.0.Hp: Trace Attempt 235	[20.43 s]
0.0.B: Trace Attempt 247	[20.53 s]
0.0.N: Trace Attempt  1	[21.58 s]
0.0.N: Trace Attempt  2	[21.58 s]
0.0.N: Trace Attempt  3	[21.58 s]
0.0.N: Trace Attempt  4	[21.59 s]
0.0.N: Trace Attempt  5	[21.59 s]
0.0.AM: Trace Attempt 73	[23.08 s]
0.0.N: Trace Attempt  1	[23.36 s]
0.0.N: Trace Attempt  2	[23.36 s]
0.0.N: Trace Attempt  3	[23.36 s]
0.0.N: Trace Attempt  4	[23.36 s]
0.0.N: Trace Attempt  5	[23.37 s]
0.0.Ht: Trace Attempt 256	[24.35 s]
0.0.Hp: Trace Attempt 252	[24.49 s]
0.0.B: Trace Attempt 263	[24.63 s]
0.0.N: Trace Attempt  1	[25.19 s]
0.0.N: Trace Attempt  2	[25.19 s]
0.0.N: Trace Attempt  3	[25.19 s]
0.0.N: Trace Attempt  4	[25.19 s]
0.0.N: Trace Attempt  5	[25.20 s]
0.0.AM: Trace Attempt 90	[27.12 s]
0.0.N: Trace Attempt  1	[28.44 s]
0.0.N: Trace Attempt  2	[28.44 s]
0.0.N: Trace Attempt  3	[28.44 s]
0.0.N: Trace Attempt  4	[28.45 s]
0.0.N: Trace Attempt  5	[28.45 s]
0.0.Hp: Trace Attempt 262	[28.65 s]
0.0.B: Trace Attempt 276	[28.64 s]
0.0.Ht: Trace Attempt 266	[28.90 s]
0.0.AM: Trace Attempt 103	[31.30 s]
0.0.N: Trace Attempt 70	[32.47 s]
0.0.B: Trace Attempt 289	[32.64 s]
0.0.Hp: Trace Attempt 270	[32.74 s]
0.0.Ht: Trace Attempt 276	[33.26 s]
0.0.AM: Trace Attempt 114	[35.46 s]
0.0.N: Trace Attempt 81	[36.63 s]
0.0.Hp: Trace Attempt 279	[36.76 s]
0.0.B: Trace Attempt 299	[37.06 s]
0.0.Ht: Trace Attempt 284	[37.28 s]
0.0.AM: Trace Attempt 124	[40.07 s]
0.0.Hp: Trace Attempt 287	[40.82 s]
0.0.B: Trace Attempt 309	[41.16 s]
0.0.N: Trace Attempt 89	[41.41 s]
0.0.Ht: Trace Attempt 292	[41.78 s]
0.0.AM: Trace Attempt 131	[44.10 s]
0.0.Hp: Trace Attempt 294	[45.19 s]
0.0.B: Trace Attempt 319	[45.43 s]
0.0.Ht: Trace Attempt 301	[45.95 s]
0.0.AM: Trace Attempt 136	[48.73 s]
0.0.N: Trace Attempt 94	[49.37 s]
0.0.N: Trace Attempt  1	[49.62 s]
0.0.N: Trace Attempt  2	[49.62 s]
0.0.N: Trace Attempt  3	[49.62 s]
0.0.N: Trace Attempt  4	[49.63 s]
0.0.N: Trace Attempt  5	[49.64 s]
0.0.Hp: Trace Attempt 303	[49.66 s]
0.0.B: Trace Attempt 327	[49.82 s]
0.0.Ht: Trace Attempt 309	[50.23 s]
0.0.AM: Trace Attempt 141	[52.78 s]
0.0.N: Trace Attempt 70	[53.67 s]
0.0.Hp: Trace Attempt 310	[53.73 s]
0.0.B: Trace Attempt 334	[54.12 s]
0.0.Ht: Trace Attempt 317	[54.37 s]
0.0.N: Trace Attempt 81	[57.85 s]
0.0.AM: Trace Attempt 145	[58.00 s]
0.0.Hp: Trace Attempt 318	[58.20 s]
0.0.B: Trace Attempt 342	[58.30 s]
0.0.Ht: Trace Attempt 325	[58.89 s]
0.0.Hp: Trace Attempt 325	[62.46 s]
0.0.B: Trace Attempt 349	[62.46 s]
0.0.N: Trace Attempt 89	[62.70 s]
0.0.AM: Trace Attempt 148	[62.80 s]
0.0.Ht: Trace Attempt 333	[63.26 s]
0.0.AM: Trace Attempt 152	[66.84 s]
0.0.Hp: Trace Attempt 333	[66.96 s]
0.0.B: Trace Attempt 358	[67.21 s]
0.0.Ht: Trace Attempt 339	[67.37 s]
0.0.N: Trace Attempt 95	[71.25 s]
0.0.N: Trace Attempt  1	[71.51 s]
0.0.N: Trace Attempt  2	[71.51 s]
0.0.N: Trace Attempt  3	[71.51 s]
0.0.N: Trace Attempt  4	[71.52 s]
0.0.N: Trace Attempt  5	[71.53 s]
0.0.Hp: Trace Attempt 339	[71.55 s]
0.0.B: Trace Attempt 366	[71.74 s]
0.0.AM: Trace Attempt 156	[72.08 s]
0.0.Ht: Trace Attempt 346	[72.11 s]
0.0.N: Trace Attempt 71	[75.76 s]
0.0.B: Trace Attempt 374	[76.03 s]
0.0.Hp: Trace Attempt 346	[76.28 s]
0.0.Ht: Trace Attempt 353	[76.72 s]
0.0.AM: Trace Attempt 160	[77.14 s]
0.0.N: Trace Attempt 82	[80.46 s]
0.0.B: Trace Attempt 382	[80.54 s]
0.0.Hp: Trace Attempt 352	[80.58 s]
0.0.Ht: Trace Attempt 360	[80.98 s]
0.0.AM: Trace Attempt 163	[82.77 s]
0.0.B: Trace Attempt 388	[84.66 s]
0.0.N: Trace Attempt 90	[85.01 s]
0.0.Hp: Trace Attempt 359	[85.17 s]
0.0.Ht: Trace Attempt 367	[85.50 s]
0.0.AM: Trace Attempt 166	[87.43 s]
0.0.B: Trace Attempt 392	[88.83 s]
0.0.Hp: Trace Attempt 365	[89.26 s]
0.0.Ht: Trace Attempt 373	[90.03 s]
0.0.AM: Trace Attempt 168	[91.96 s]
0.0.B: Trace Attempt 396	[92.92 s]
0.0.N: Trace Attempt 96	[93.06 s]
0.0.N: Trace Attempt  1	[93.34 s]
0.0.N: Trace Attempt  2	[93.34 s]
0.0.N: Trace Attempt  3	[93.34 s]
0.0.N: Trace Attempt  4	[93.34 s]
0.0.N: Trace Attempt  5	[93.35 s]
0.0.Hp: Trace Attempt 370	[93.57 s]
0.0.Ht: Trace Attempt 379	[94.60 s]
0.0.AM: Trace Attempt 170	[96.88 s]
0.0.B: Trace Attempt 401	[97.20 s]
0.0.N: Trace Attempt 71	[97.54 s]
0.0.Hp: Trace Attempt 377	[98.54 s]
0.0.Ht: Trace Attempt 385	[98.78 s]
0.0.B: Trace Attempt 406	[101.75 s]
0.0.N: Trace Attempt 82	[102.21 s]
0.0.Ht: Trace Attempt 390	[102.84 s]
0.0.AM: Trace Attempt 173	[102.89 s]
0.0.Hp: Trace Attempt 383	[102.98 s]
0.0.B: Trace Attempt 411	[106.10 s]
0.0.N: Trace Attempt 90	[106.63 s]
0.0.Ht: Trace Attempt 396	[107.28 s]
0.0.Hp: Trace Attempt 389	[107.76 s]
0.0.AM: Trace Attempt 174	[109.73 s]
0.0.B: Trace Attempt 416	[111.08 s]
0.0.Hp: Trace Attempt 394	[111.79 s]
0.0.Ht: Trace Attempt 401	[112.58 s]
0.0.AM: Trace Attempt 175	[114.79 s]
0.0.N: Trace Attempt 97	[115.01 s]
0.0.N: Trace Attempt  1	[115.31 s]
0.0.N: Trace Attempt  2	[115.31 s]
0.0.N: Trace Attempt  3	[115.31 s]
0.0.N: Trace Attempt  4	[115.32 s]
0.0.N: Trace Attempt  5	[115.32 s]
0.0.Hp: Trace Attempt 399	[115.86 s]
0.0.B: Trace Attempt 421	[115.85 s]
0.0.Ht: Trace Attempt 407	[117.12 s]
0.0.N: Trace Attempt 71	[119.55 s]
0.0.B: Trace Attempt 425	[119.96 s]
0.0.AM: Trace Attempt 176	[120.17 s]
0.0.Hp: Trace Attempt 403	[120.30 s]
0.0.Ht: Trace Attempt 411	[122.28 s]
0.0.N: Trace Attempt 82	[124.18 s]
0.0.Hp: Trace Attempt 408	[124.45 s]
0.0.B: Trace Attempt 430	[124.94 s]
0.0.AM: Trace Attempt 179	[125.17 s]
0.0.Ht: Trace Attempt 416	[126.88 s]
0.0.N: Trace Attempt 90	[128.58 s]
0.0.Hp: Trace Attempt 411	[128.84 s]
0.0.AM: Trace Attempt 180	[129.19 s]
0.0.B: Trace Attempt 435	[129.64 s]
0.0.Ht: Trace Attempt 421	[131.07 s]
0.0.Hp: Trace Attempt 416	[133.80 s]
0.0.AM: Trace Attempt 183	[134.20 s]
0.0.B: Trace Attempt 440	[134.25 s]
0.0.Ht: Trace Attempt 426	[135.49 s]
0.0.N: Trace Attempt 98	[136.63 s]
0.0.N: Trace Attempt  1	[136.92 s]
0.0.N: Trace Attempt  2	[136.92 s]
0.0.N: Trace Attempt  3	[136.92 s]
0.0.N: Trace Attempt  4	[136.92 s]
0.0.N: Trace Attempt  5	[136.93 s]
0.0.Hp: Trace Attempt 421	[138.43 s]
0.0.B: Trace Attempt 444	[138.58 s]
0.0.AM: Trace Attempt 185	[139.63 s]
0.0.N: Trace Attempt 70	[141.03 s]
0.0.Ht: Trace Attempt 431	[141.32 s]
0.0.Hp: Trace Attempt 426	[143.09 s]
0.0.B: Trace Attempt 449	[143.31 s]
0.0.AM: Trace Attempt 186	[143.77 s]
0.0.N: Trace Attempt 81	[145.19 s]
0.0.Ht: Trace Attempt 436	[145.63 s]
0.0.B: Trace Attempt 453	[147.74 s]
0.0.AM: Trace Attempt 187	[148.29 s]
0.0.Hp: Trace Attempt 431	[149.16 s]
0.0.N: Trace Attempt 89	[149.82 s]
0.0.Ht: Trace Attempt 440	[150.64 s]
0.0.B: Trace Attempt 456	[151.89 s]
0.0.Hp: Trace Attempt 436	[153.87 s]
0.0.Ht: Trace Attempt 444	[155.01 s]
0.0.B: Trace Attempt 460	[156.54 s]
0.0.AM: Trace Attempt 189	[157.69 s]
0.0.N: Trace Attempt 99	[159.13 s]
0.0.Hp: Trace Attempt 440	[159.31 s]
0.0.N: Trace Attempt  1	[159.41 s]
0.0.N: Trace Attempt  2	[159.41 s]
0.0.N: Trace Attempt  3	[159.41 s]
0.0.N: Trace Attempt  4	[159.41 s]
0.0.N: Trace Attempt  5	[159.42 s]
0.0.Ht: Trace Attempt 449	[159.98 s]
0.0.B: Trace Attempt 464	[161.38 s]
0.0.N: Trace Attempt 71	[163.64 s]
0.0.Hp: Trace Attempt 444	[163.69 s]
0.0.AM: Trace Attempt 191	[163.88 s]
0.0.Ht: Trace Attempt 454	[164.85 s]
0.0.B: Trace Attempt 467	[165.74 s]
0.0.Hp: Trace Attempt 448	[167.73 s]
0.0.N: Trace Attempt 82	[168.29 s]
0.0.Ht: Trace Attempt 458	[168.90 s]
0.0.B: Trace Attempt 471	[170.56 s]
0.0.Hp: Trace Attempt 452	[172.15 s]
0.0.N: Trace Attempt 89	[172.30 s]
0.0.B: Trace Attempt 474	[174.73 s]
0.0.Ht: Trace Attempt 462	[175.06 s]
0.0.AM: Trace Attempt 193	[176.45 s]
0.0.Hp: Trace Attempt 456	[176.72 s]
0.0.Ht: Trace Attempt 466	[179.21 s]
0.0.B: Trace Attempt 478	[179.35 s]
0.0.N: Trace Attempt 99	[176.16 s]
0.0.N: Stopped processing property "PWM_TOP.p1"	[181.01 s].
0.0.N: Morphing to Ncustom1
0.0.N: All properties determined. [0.00 s]
0.0.N: Exited with Success (@ 0.00 s)
0.0.Ncustom1: clocks: 1, declared: 1, looping: 0, posedge: 1, negedge: 0, noedge: 0, bothedge: 0
0.0.Ncustom1: Starting proof for property "PWM_TOP.p1"	[0.00 s].
0.0.Ncustom1: Trace Attempt 99	[0.00 s]
0.0.B: Trace Attempt 479	[180.48 s]
0.0.B: Stopped processing property "PWM_TOP.p1"	[180.99 s].
0.0.B: Morphing to Bcustom2
0.0.B: All properties determined. [0.00 s]
0.0.B: Exited with Success (@ 0.00 s)
0.0.Bcustom2: clocks: 1, declared: 1, looping: 0, posedge: 1, negedge: 0, noedge: 0, bothedge: 0
0.0.Bcustom2: Starting proof for property "PWM_TOP.p1"	[0.00 s].
0.0.Bcustom2: Trace Attempt  1	[0.00 s]
0.0.Bcustom2: Trace Attempt  2	[0.00 s]
0.0.Bcustom2: Trace Attempt  1	[0.00 s]
0.0.Bcustom2: Trace Attempt  2	[0.00 s]
0.0.Bcustom2: Trace Attempt  3	[0.00 s]
0.0.Bcustom2: Trace Attempt  4	[0.00 s]
0.0.Bcustom2: Trace Attempt  5	[0.00 s]
0.0.Tri: Proofgrid shell started at 25773@vlsi-ria84(local) jg_24946_vlsi-ria84_1
0.0.Tri: clocks: 1, declared: 1, looping: 0, posedge: 1, negedge: 0, noedge: 0, bothedge: 0
0.0.Tri: Last scan. Per property time limit: 0s
0.0.Tri: Starting proof for property "PWM_TOP.p1"	[0.00 s].
0.0.Tri: Trace Attempt  1	[0.00 s]
0.0.Tri:    0.00" ---- Launching main thread ----
0.0.Tri:    0.02" ---- Launching abstraction thread ----
0.0.Tri:    0.02" ---- Launching multi-phase simplification thread ----
0.0.Tri:    0.04" ---- Launching liveness simplification thread ----
0.0.AM: Stopped processing property "PWM_TOP.p1"	[181.29 s].
0.0.AM: Morphing to AMcustom3
0.0.AM: All properties determined. [0.00 s]
0.0.AM: Exited with Success (@ 0.00 s)
0.0.AMcustom3: clocks: 1, declared: 1, looping: 0, posedge: 1, negedge: 0, noedge: 0, bothedge: 0
0.0.AMcustom3: Starting proof for property "PWM_TOP.p1"	[0.00 s].
0.0.AMcustom3: Trace Attempt  1	[0.00 s]
0.0.AMcustom3: Trace Attempt  2	[0.00 s]
0.0.AMcustom3: Trace Attempt  3	[0.00 s]
0.0.AMcustom3: Trace Attempt  4	[0.00 s]
0.0.AMcustom3: Trace Attempt  5	[0.00 s]
0.0.AMcustom3: Trace Attempt  1	[0.00 s]
0.0.AMcustom3: Trace Attempt  2	[0.00 s]
0.0.AMcustom3: Trace Attempt  3	[0.00 s]
0.0.AMcustom3: Trace Attempt  4	[0.01 s]
0.0.AMcustom3: Trace Attempt  5	[0.01 s]
0.0.AMcustom3: Trace Attempt  1	[0.02 s]
0.0.AMcustom3: Trace Attempt  2	[0.02 s]
0.0.AMcustom3: Trace Attempt  3	[0.02 s]
0.0.AMcustom3: Trace Attempt  4	[0.02 s]
0.0.AMcustom3: Trace Attempt  5	[0.02 s]
0.0.Hp: Trace Attempt 460	[181.38 s]
0.0.AMcustom3: Trace Attempt  1	[0.08 s]
0.0.AMcustom3: Trace Attempt  2	[0.08 s]
0.0.AMcustom3: Trace Attempt  3	[0.08 s]
0.0.AMcustom3: Trace Attempt  4	[0.08 s]
0.0.AMcustom3: Trace Attempt  5	[0.08 s]
0.0.AMcustom3: Trace Attempt  1	[0.40 s]
0.0.AMcustom3: Trace Attempt  2	[0.40 s]
0.0.AMcustom3: Trace Attempt  3	[0.40 s]
0.0.AMcustom3: Trace Attempt  4	[0.41 s]
0.0.AMcustom3: Trace Attempt  5	[0.41 s]
0.0.Tri:    0.79" Simplification phase 1 complete
0.0.Ncustom1: Requesting engine job to terminate
0.0.Bcustom2: Requesting engine job to terminate
0.0.AMcustom3: Requesting engine job to terminate
0.0.Tri: Requesting engine job to terminate
0.0.Hp: Requesting engine job to terminate
0.0.Ht: Requesting engine job to terminate
INFO (IPF144): 0: Initiating shutdown of proof [181.97 s]
0.0.Tri: A proof was found: No trace exists. [0.86 s]
INFO (IPF057): 0.0.Tri: The property "PWM_TOP.p1" was proven in 0.86 s.
0.0.AMcustom3: Trace Attempt 25	[0.61 s]
0.0.AMcustom3: Stopped processing property "PWM_TOP.p1"	[0.62 s].
0.0.AMcustom3: All properties determined. [0.62 s]
0.0.Ncustom1: Stopped processing property "PWM_TOP.p1"	[0.94 s].
0.0.Ncustom1: All properties determined. [0.95 s]
0.0.Bcustom2: Trace Attempt 82	[0.90 s]
0.0.Bcustom2: Stopped processing property "PWM_TOP.p1"	[0.92 s].
0.0.Bcustom2: All properties determined. [0.93 s]
0.0.Ncustom1: Exited with Success (@ 181.97 s)
0: ProofGrid usable level: 0
0.0.Bcustom2: Exited with Success (@ 181.97 s)
0.0.AMcustom3: Exited with Success (@ 181.98 s)
0.0.Ht: Trace Attempt 468	[181.32 s]
0.0.Ht: All properties determined. [182.01 s]
0.0.Ht: Exited with Success (@ 182.05 s)
0.0.Hp: All properties determined. [182.06 s]
0.0.Hp: Exited with Success (@ 182.10 s)
0.0.Tri: Stopped processing property "PWM_TOP.p1"	[1.02 s].
0.0.Tri: All properties determined. [1.02 s]
0.0.Tri: Exited with Success (@ 182.13 s)
0: --------------------------------------------------------------
ProofGrid Summary (utilization 99.97 %)
--------------------------------------------------------------
     engines started                               :    10
     engine jobs started                           :     7

    Average time in state (seconds)
    ------------------------------------------------------
    Engine  Pending     Running        Dead    Utilization
    ------------------------------------------------------
     Hp        0.03      181.97        0.00       99.98 %
     Ht        0.03      181.94        0.00       99.98 %
     Oh        0.03        0.00        0.00        4.22 %
    Ncustom1        0.03      181.96        0.00       99.98 %
    Bcustom2        0.04      181.91        0.00       99.98 %
    AMcustom3        0.05      181.59        0.00       99.97 %
    Tri        0.08        0.86        0.00       91.38 %
    all        0.04      130.03        0.00       99.97 %

    Total time in state (seconds)
    -----------------------------------------
            Pending     Running        Dead  
    -----------------------------------------
               0.29      910.24        0.00

    Data read    : 1.46 MiB
    Data written : 2.96 kiB

0: All pending notifications were processed.
INFO (IPF059): 0: Completed proof on task: "<embedded>"

==============================================================
SUMMARY
==============================================================
           Properties Considered              : 1
                 assertions                   : 1
                  - proven                    : 1 (100%)
                  - bounded_proven (user)     : 0 (0%)
                  - bounded_proven (auto)     : 0 (0%)
                  - marked_proven             : 0 (0%)
                  - cex                       : 0 (0%)
                  - ar_cex                    : 0 (0%)
                  - undetermined              : 0 (0%)
                  - unknown                   : 0 (0%)
                  - error                     : 0 (0%)
                 covers                       : 0
                  - unreachable               : 0
                  - bounded_unreachable (user): 0
                  - covered                   : 0
                  - ar_covered                : 0
                  - undetermined              : 0
                  - unknown                   : 0
                  - error                     : 0
proven
[<embedded>] % exit -force
[<embedded>] % INFO (IPL005): Received request to exit from the console.
INFO: Waiting for proof threads to stop...
INFO: Proof threads stopped.
INFO (IPL018): The peak resident set memory use for this session was 1.235 GB.
INFO (IPL014): Waiting for the Tcl-thread to exit.
INFO (IPL015): The Tcl-thread exited with status 0.
INFO (IPL016): Exiting the analysis session with status 0.
Finished PWM_8.tcl successfully
