Jasper Apps 2024.06p002 64 bits 2024.09.02 16:28:38 UTC

Any disclosure about the Cadence Design Systems software or its use
model to any third party violates the written Non-Disclosure Agreement
between Cadence Design Systems, Inc. and the customer.

THIS SOFTWARE CONTAINS CONFIDENTIAL INFORMATION AND TRADE SECRETS OF
CADENCE DESIGN SYSTEMS, INC. USE, DISCLOSURE, OR REPRODUCTION IS
PROHIBITED WITHOUT THE PRIOR EXPRESS WRITTEN PERMISSION OF CADENCE
DESIGN SYSTEMS, INC.

Copyright (C) 2000-2024 Cadence Design Systems, Inc. All Rights
Reserved.  Unpublished -- rights reserved under the copyright laws of
the United States.

This product includes software developed by others and redistributed
according to license agreement. See doc/third_party_readme.txt for
further details.

RESTRICTED RIGHTS LEGEND

Use, duplication, or disclosure by the Government is subject to
restrictions as set forth in subparagraph (c) (1) (ii) of the Rights in
Technical Data and Computer Software clause at DFARS 252.227-7013 or
subparagraphs (c) (1) and (2) of Commercial Computer Software -- Restricted
Rights at 48 CFR 52.227-19, as applicable.


                          Cadence Design Systems, Inc.
                          2655 Seely Avenue
                          San Jose, CA 95134
                          Phone: 408.943.1234

For technical assistance visit http://support.cadence.com.

Jasper Apps Analysis Session - /users/rompel/jasper_executions/safety_liveness/jgprojects/seven_seg_10/sessionLogs/session_0

WARNING (WG017): [session]: The system's locale is "ANSI_X3.4-1968", which is not UTF-8. Non-ASCII characters might not be handled correctly.
WARNING (WG017): [jg_console]: The system's locale is "ANSI_X3.4-1968", which is not UTF-8. Non-ASCII characters might not be handled correctly.
INFO: successfully checked out license "jasper_fao".
INFO: reading configuration file "/users/rompel/.config/cadence/jasper.conf".
% analyze -sv09 ../seven_seg_10.sv
[-- (VERI-1482)] Analyzing Verilog file '/tools/cadence2425/JASPER/jasper_2024.06p002/lib/verilog/packages/std/std.sv' into library 'std'
[-- (VERI-1482)] Analyzing Verilog file '../seven_seg_10.sv'
% elaborate -bbox_mul 1000000 -bbox_div 1000000 -bbox_mod 1000000 -bbox_a 1000000
[INFO (HIER-8002)] ../seven_seg_10.sv(32): Disabling old hierarchical reference handler
[INFO (VERI-1018)] ../seven_seg_10.sv(1): compiling module 'SEVEN'
[WARN (VERI-1209)] ../seven_seg_10.sv(15): expression size 32 truncated to fit in target size 14
[INFO (VERI-8005)] ../seven_seg_10.sv(5): Unintentional sequential element inferred for cnt read before write using blocking assignment
[INFO (VERI-8005)] ../seven_seg_10.sv(6): Unintentional sequential element inferred for digit_select read before write using blocking assignment
[INFO (VERI-8005)] ../seven_seg_10.sv(1): Unintentional sequential element inferred for segment read before write using blocking assignment
[INFO (VERI-8005)] ../seven_seg_10.sv(1): Unintentional sequential element inferred for sig read before write using blocking assignment
INFO (ISW003): Top module name is "SEVEN".
INFO (INL208): Elaboration synthesis summary:
  Number of synthesized netlists          1 (0 packages)
  Single run mode                         On
  Pipeline                                On (1 pipelined netlists)
  Late hierarchical reference connection  On
  Number of analyzed Verilog modules      1 (1 synthesized)
  Number of analyzed VHDL entities        0 (0 synthesized)
INFO (INL003): Clearing all state information (assumes, stopats, and so forth).
SEVEN
[<embedded>] % reset rst
INFO (IPM031): Clearing proof results of all properties.
INFO (IRS006): Current reset condition is "rst".
[<embedded>] % clock clk
[<embedded>] % prove -all
Ncustom1: Custom engine code is hT3Ng7hPPfiYQOTDZ3qhYOwGAM51eA+J/FjkM5shLioAsqhgLR4Ft+O1BuKG6ilQ83B9tLXSl+CwjiTMAQA
Bcustom2: Custom engine code is hT3Nm7hPr1Vp3Di1Ra2USNIGL4JypRnLKLAdF6JAyuavO2JfGCiY9OZJhcAcOUnLx5xwNdhILGrAWX9s+z2WDkKwNR7tAfClBEjRFVQeq6DU54boFgEA
AMcustom3: Custom engine code is hT3Ng7hP/feYQOTDZ3qhYOwGAM51eA+J/FjkM5shLioAsqhgLR4Ft+O1BuKG6ilQ83B9tLXSmmqwm7g9AQA
Mpcustom4: Custom engine code is hT3NZbhP9fmY2AbBQnsjfOxn6c+6e6yL+/e8fZFmaQrnlgEA
INFO (IPF036): Starting proof on task: "<embedded>", 2 properties to prove with 0 already proven/unreachable
INFO (IRS029): Starting reset analysis: phase 1 of 4.
INFO (IRS030): Running reset analysis: phase 2 of 4.
INFO (IRS031): Running reset analysis: phase 3 of 4.
INFO (IRS020): Starting the reset analysis simulation with a limit of 100 iterations (phase 4 of 4).
INFO (IRS024): Reset iterations 0 to 4 analyzed.
INFO (IRS018): Reset analysis simulation executed for 3 iterations. Assigned values for 23 of 23 design flops, 0 of 0 design latches, 6 of 6 internal elements.
INFO (IRS039): Reset analysis complete.
INFO (IPF031): Settings used for proof thread 0:
    orchestration                 = on
    time_limit                    = 86400s
    per_property_time_limit       = 1s * 10 ^ scan
    engine_mode                   = auto
    proofgrid_per_engine_max_jobs = 1
    max engine jobs               = auto
    proofgrid_mode                = local
    proofgrid_restarts            = 10
AMcustom5: Custom engine code is hT3N1rhP11/52HrFRS21ROp2LOjVTgPvT8L8BGXHgLhaIuqtT4nARFjUqrBL+7pLmaTOzBepZW/Jm8SSrHDybSQtoNiO3y43wk+dEoWlsZizu97Fih6O6lPVG/LpWP5SsUPwlGagLNa1FKEFvwVXyX7//8prySbvSxIHXr5er+z4RAEA
0: Using multistage preprocessing
0: Starting reduce
Ncustom6: Custom engine code is hT3OXrhPByJp3TrFSTLhUmMH4KVtJgmTCnNDF46yMXOKY48m4LS5nE7yBzFjA7kDuwO/GhGUpEPiky3p3wmPn3dJZHxFMsafSoObRzSC+tn7sEY0WbTdZ/FV4hL3MYH/b1CIUvXSWR4wqEoVLsmMOD4xIPT4lI1LO6ZCO7PnnWQuLwetnvKlrXx6wCW/A+x+enqslg1YPobi4wEF/EvbzOvcTYdJvl2s4H2yZg2b2ofAVN5WvhWk1HoBAA
ADcustom7: Custom engine code is hT3Nv7hPv1752HrFRa2kROx2f/ECJeZB2AZsLdlO8VwmIuqtT4nIDFXclhg+O+o+DMmQCekbheGk0kK28laA9gaOFDXsQp29J3X615HY1IPHJWd6FUFvCHjO+p1k652b5JJvZlShNpGlGSXAiQe/mEAj6tEBAA
Tricustom8: Custom engine code is hT3Nu7hPt1752DvFRa0kNDiyIV97VyejwM9C/jCLJjdPvusZONHY42VYUy0Q1ZotnhcVtNc56tJ5wbxv6V2+XpdsaSlHck5vfnbYjdwj1OECy9U+7oSQ0SZE3g5ayD+Phuh4odCJTjeKa2k4elM9ldQfkAEA
Gcustom9: Custom engine code is hT3NibhPDfeYQADBZnYcglOvK9Pfd7EOeniIqP8jNsyIqInncipMGcUXqAadachREE9F2PwhBUZUNw5kHnd4JdXkamORRgEA
C2custom10: Custom engine code is hT3NirhPjfWYQADBZnYcglOvK9Pfd7EOeniIqP8jNsyIqInncgkrYMMXCYbdK0dUjZIF9d4cJ0rHoBDjwVLBKuG86XYVV00BAA
AGcustom11: Custom engine code is hT3NirhP/fmYQADBZnYcglOvK9Pfd7EOeniIqP8jNsyIqInnckcwYMMXCYbdK0dUjZIF9d4cJ0rHoBDjwVLBKuHEZnZByh0BAA
Bcustom12: Custom engine code is hT3NjrhPDfiYQADBZnYcglOvK9PfWxFtenjIyBqfrgr7if/jL/yPOuK1BAflEcW0DxNH2eDIoezN2gxlQFg81RZtiWXh7aiTAidvAQA
Ncustom13: Custom engine code is hT3NR7hPByFp3TrFSTLhUmMH4KWtJglTyV/c51BHEeZWamnJv767nE6PCak26bd3gf3XGN3rIRheufhDieCJQVISo+gNYUKhiUedBKGtsP/a18svAnlMJZudHxDFwK5ufsyoxsIyiAeSY2oi3tEuoDHr5gw42DFKAG3PqO3CEsl8Azzdt3pl5nGA1Ifv2H02eYsFzWb/nfp8PMb3F0krE/EgBcm8TD9Div8BAA
Tricustom14: Custom engine code is hT3Nu7hP3fiYQADBZnYcglNHp9bfd7EOeniIqP/ji8sGLQu8yhsFO+wxJ+O+R0bU8g/IewXFomyos+viQnWc2xYNYmMqpo3i40O7DaZR7qfp4YqNx26KRvQ/qx0BAA
0: Finished reduce in 0s
0.0.PRE: Performing Proof Simplification...
0.0.N: clocks: 1, declared: 1, looping: 0, posedge: 1, negedge: 0, noedge: 0, bothedge: 0
0.0.N: Proof Simplification Iteration 1	[0.00 s]
0.0.PRE: A trace with 1 cycles was found. [0.00 s]
INFO (IPF047): 0.0.PRE: The cover property "SEVEN.p1:precondition1" was covered in 1 cycles in 0.00 s.
0.0.N: Proof Simplification Iteration 2	[0.05 s]
0.0.PRE: A proof was found: No trace exists. [0.00 s]
INFO (IPF057): 0.0.PRE: The property ":noDeadEnd" was proven in 0.00 s.
    Use check_assumptions -show -dead_end to show this property in the property table.
0.0.PRE: A proof was found: No trace exists. [0.00 s]
INFO (IPF057): 0.0.PRE: The property ":noConflict" was proven in 0.00 s.
    Use check_assumptions -show to show this property in the property table.
INFO (IPF047): 0.0.PRE: The cover property ":live" was covered in 1 cycles in 0.00 s.
    Use check_assumptions -show -live to show this property in the property table.
0.0.PRE: Proof Simplification completed in 0.06 s
0: About to start ProofGrid in its own thread with a limit of 10000 pending notifications and a limit of 10 traces.
0: =============================== ProofGrid start ===============================
0: ProofGrid usable level: 1
0: Initial ProofGrid level: 1
0: ProofGrid is starting event handling
0.0.Hp: Proofgrid shell started at 23885@vlsi-ria84(local) jg_23818_vlsi-ria84_1
0.0.N: Proofgrid shell started at 23884@vlsi-ria84(local) jg_23818_vlsi-ria84_1
0.0.N: clocks: 1, declared: 1, looping: 0, posedge: 1, negedge: 0, noedge: 0, bothedge: 0
0.0.N: Last scan. Per property time limit: 0s
0.0.N: Starting proof for property "SEVEN.p1"	[0.00 s].
0.0.N: Trace Attempt  1	[0.00 s]
0.0.N: Trace Attempt  2	[0.00 s]
0.0.N: Trace Attempt  2	[0.00 s]
0.0.N: Trace Attempt  3	[0.00 s]
0.0.N: Trace Attempt  3	[0.00 s]
0.0.Hp: clocks: 1, declared: 1, looping: 0, posedge: 1, negedge: 0, noedge: 0, bothedge: 0
0.0.N: Trace Attempt  4	[0.00 s]
0.0.N: Trace Attempt  5	[0.00 s]
0.0.Hp: Last scan. Per property time limit: 0s
0.0.Hp: Trace Attempt  1	[0.00 s]
0.0.Hp: Trace Attempt  2	[0.00 s]
0.0.Hp: Trace Attempt  3	[0.00 s]
0.0.Hp: Trace Attempt  4	[0.00 s]
0.0.Hp: Trace Attempt  5	[0.00 s]
0.0.N: Trace Attempt  1	[0.01 s]
0.0.N: Trace Attempt  2	[0.01 s]
0.0.N: Trace Attempt  3	[0.01 s]
0.0.N: Trace Attempt  4	[0.01 s]
0.0.N: Trace Attempt  5	[0.01 s]
0.0.Ht: Proofgrid shell started at 23916@vlsi-ria84(local) jg_23818_vlsi-ria84_1
0.0.Bm: Proofgrid shell started at 23917@vlsi-ria84(local) jg_23818_vlsi-ria84_1
0.0.Mpcustom4: Proofgrid shell started at 23918@vlsi-ria84(local) jg_23818_vlsi-ria84_1
0.0.L: Proofgrid shell started at 23920@vlsi-ria84(local) jg_23818_vlsi-ria84_1
0.0.B: Proofgrid shell started at 23921@vlsi-ria84(local) jg_23818_vlsi-ria84_1
0.0.Ht: clocks: 1, declared: 1, looping: 0, posedge: 1, negedge: 0, noedge: 0, bothedge: 0
0.0.B: clocks: 1, declared: 1, looping: 0, posedge: 1, negedge: 0, noedge: 0, bothedge: 0
0.0.Ht: Last scan. Per property time limit: 0s
0.0.B: Last scan. Per property time limit: 0s
0.0.B: Starting proof for property "SEVEN.p1"	[0.00 s].
0.0.Ht: Trace Attempt  1	[0.00 s]
0.0.Ht: Trace Attempt  2	[0.00 s]
0.0.Ht: Trace Attempt  3	[0.00 s]
0.0.Ht: Trace Attempt  4	[0.00 s]
0.0.Ht: Trace Attempt  5	[0.00 s]
0.0.Bm: clocks: 1, declared: 1, looping: 0, posedge: 1, negedge: 0, noedge: 0, bothedge: 0
0.0.Bm: Ignoring liveness properties
0.0.Bm: Last scan. Per property time limit: 0s
0.0.Bm: Trace Attempt  1	[0.00 s]
0.0.Bm: Trace Attempt  2	[0.00 s]
0.0.Bm: Trace Attempt  3	[0.00 s]
0.0.Bm: Trace Attempt  4	[0.00 s]
0.0.Bm: Trace Attempt  5	[0.00 s]
0.0.Mpcustom4: clocks: 1, declared: 1, looping: 0, posedge: 1, negedge: 0, noedge: 0, bothedge: 0
0.0.Mpcustom4: Ignoring liveness properties
0.0.Mpcustom4: All properties either determined or skipped. [0.00 s]
0.0.L: clocks: 1, declared: 1, looping: 0, posedge: 1, negedge: 0, noedge: 0, bothedge: 0
0.0.L: Using trace diversification with seed 1 (0.05)
0.0.L: Using LRU state removal heuristic
0.0.L: Ignoring liveness properties
0.0.L: All properties either determined or skipped. [0.00 s]
0.0.B: Trace Attempt  1	[0.00 s]
0.0.B: Trace Attempt  2	[0.00 s]
0.0.B: Trace Attempt  3	[0.00 s]
0.0.B: Trace Attempt  4	[0.00 s]
0.0.B: Trace Attempt  5	[0.00 s]
0.0.Mpcustom4: Exited with Success (@ 0.05 s)
0.0.Mpcustom4: Completed, Restart ignored.
0.0.L: Exited with Success (@ 0.05 s)
0.0.L: Completed, Restart ignored.
0.0.AM: Proofgrid shell started at 23929@vlsi-ria84(local) jg_23818_vlsi-ria84_1
0.0.AM: clocks: 1, declared: 1, looping: 0, posedge: 1, negedge: 0, noedge: 0, bothedge: 0
0.0.AM: Last scan. Per property time limit: 0s
0.0.AM: Starting proof for property "SEVEN.p1"	[0.00 s].
0.0.AM: Trace Attempt  1	[0.00 s]
0.0.AM: Trace Attempt  2	[0.00 s]
0.0.AM: Trace Attempt  3	[0.00 s]
0.0.AM: Trace Attempt  4	[0.00 s]
0.0.AM: Trace Attempt  5	[0.00 s]
0.0.AM: Trace Attempt  1	[0.00 s]
0.0.AM: Trace Attempt  2	[0.00 s]
0.0.AM: Trace Attempt  3	[0.00 s]
0.0.AM: Trace Attempt  4	[0.00 s]
0.0.AM: Trace Attempt  5	[0.00 s]
0.0.AM: Trace Attempt  1	[0.01 s]
0.0.AM: Trace Attempt  2	[0.01 s]
0.0.AM: Trace Attempt  3	[0.01 s]
0.0.AM: Trace Attempt  4	[0.01 s]
0.0.AM: Trace Attempt  5	[0.01 s]
0.0.Oh: Proofgrid shell started at 23919@vlsi-ria84(local) jg_23818_vlsi-ria84_1
0.0.AM: Trace Attempt  1	[0.03 s]
0.0.AM: Trace Attempt  2	[0.03 s]
0.0.AM: Trace Attempt  3	[0.03 s]
0.0.AM: Trace Attempt  4	[0.03 s]
0.0.Oh: clocks: 1, declared: 1, looping: 0, posedge: 1, negedge: 0, noedge: 0, bothedge: 0
0.0.Oh: Reached length limit (2147483647) [0.00 s]
0.0.AM: Trace Attempt  5	[0.03 s]
0.0.Oh: Exited with Success (@ 0.08 s)
0.0.Oh: Completed, Restart ignored.
0.0.N: Trace Attempt  1	[0.10 s]
0.0.N: Trace Attempt  2	[0.10 s]
0.0.N: Trace Attempt  3	[0.10 s]
0.0.N: Trace Attempt  4	[0.10 s]
0.0.N: Trace Attempt  5	[0.10 s]
0.0.AM: Trace Attempt  1	[0.10 s]
0.0.AM: Trace Attempt  2	[0.10 s]
0.0.AM: Trace Attempt  3	[0.10 s]
0.0.AM: Trace Attempt  4	[0.10 s]
0.0.AM: Trace Attempt  5	[0.10 s]
0.0.AM: Trace Attempt  1	[0.39 s]
0.0.AM: Trace Attempt  2	[0.39 s]
0.0.AM: Trace Attempt  3	[0.39 s]
0.0.AM: Trace Attempt  4	[0.40 s]
0.0.AM: Trace Attempt  5	[0.40 s]
0.0.N: Trace Attempt  1	[0.47 s]
0.0.N: Trace Attempt  2	[0.47 s]
0.0.N: Trace Attempt  3	[0.47 s]
0.0.N: Trace Attempt  4	[0.47 s]
0.0.N: Trace Attempt  5	[0.47 s]
0.0.AM: Trace Attempt  1	[1.61 s]
0.0.AM: Trace Attempt  2	[1.61 s]
0.0.AM: Trace Attempt  3	[1.61 s]
0.0.AM: Trace Attempt  4	[1.61 s]
0.0.AM: Trace Attempt  5	[1.61 s]
0.0.N: Trace Attempt  1	[1.92 s]
0.0.N: Trace Attempt  2	[1.92 s]
0.0.N: Trace Attempt  3	[1.92 s]
0.0.N: Trace Attempt  5	[1.92 s]
0.0.Hp: Trace Attempt 382	[4.01 s]
0.0.B: Trace Attempt 1730	[4.00 s]
0.0.Ht: Trace Attempt 1796	[4.01 s]
0.0.Bm: Trace Attempt 1729	[4.00 s]
0.0.AM: Trace Attempt 190	[5.61 s]
0.0.N: Trace Attempt 182	[5.93 s]
0.0.Hp: Trace Attempt 502	[8.04 s]
0.0.B: Trace Attempt 2395	[8.00 s]
0.0.Bm: Trace Attempt 2385	[8.01 s]
0.0.Ht: Trace Attempt 2453	[8.01 s]
0.0.AM: Trace Attempt  1	[8.13 s]
0.0.AM: Trace Attempt  2	[8.13 s]
0.0.AM: Trace Attempt  3	[8.13 s]
0.0.AM: Trace Attempt  4	[8.13 s]
0.0.AM: Trace Attempt  5	[8.13 s]
0.0.N: Trace Attempt  1	[9.13 s]
0.0.N: Trace Attempt  2	[9.13 s]
0.0.N: Trace Attempt  3	[9.13 s]
0.0.N: Trace Attempt  5	[9.13 s]
0.0.B: Trace Attempt 2911	[12.00 s]
0.0.Bm: Trace Attempt 2891	[12.01 s]
0.0.Hp: Trace Attempt 591	[12.05 s]
0.0.Ht: Trace Attempt 2963	[12.02 s]
0.0.AM: Trace Attempt 186	[12.17 s]
0.0.N: Trace Attempt 176	[13.17 s]
0.0.B: Trace Attempt 3338	[16.01 s]
0.0.Bm: Trace Attempt 3310	[16.01 s]
0.0.Ht: Trace Attempt 3390	[16.02 s]
0.0.Hp: Trace Attempt 670	[16.06 s]
0.0.AM: Trace Attempt 250	[16.20 s]
0.0.N: Trace Attempt  1	[16.57 s]
0.0.N: Trace Attempt  2	[16.57 s]
0.0.N: Trace Attempt  3	[16.57 s]
0.0.N: Trace Attempt  5	[16.57 s]
0.0.B: Trace Attempt 3710	[20.01 s]
0.0.Bm: Trace Attempt 3681	[20.02 s]
0.0.Ht: Trace Attempt 3769	[20.03 s]
0.0.Hp: Trace Attempt 756	[20.09 s]
0.0.AM: Trace Attempt 295	[20.29 s]
0.0.N: Trace Attempt 176	[20.59 s]
0.0.N: Trace Attempt  1	[24.02 s]
0.0.N: Trace Attempt  2	[24.02 s]
0.0.N: Trace Attempt  3	[24.02 s]
0.0.N: Trace Attempt  5	[24.02 s]
0.0.B: Trace Attempt 4039	[24.02 s]
0.0.Bm: Trace Attempt 4009	[24.02 s]
0.0.Ht: Trace Attempt 4116	[24.03 s]
0.0.Hp: Trace Attempt 833	[24.14 s]
0.0.AM: Trace Attempt 340	[24.38 s]
0.0.N: Trace Attempt 176	[28.02 s]
0.0.Bm: Trace Attempt 4326	[28.02 s]
0.0.B: Trace Attempt 4361	[28.03 s]
0.0.Ht: Trace Attempt 4434	[28.03 s]
0.0.Hp: Trace Attempt 903	[28.18 s]
0.0.AM: Trace Attempt 372	[28.72 s]
0.0.N: Trace Attempt  1	[31.67 s]
0.0.N: Trace Attempt  2	[31.67 s]
0.0.N: Trace Attempt  3	[31.67 s]
0.0.N: Trace Attempt  5	[31.67 s]
0.0.Bm: Trace Attempt 4624	[32.03 s]
0.0.B: Trace Attempt 4657	[32.04 s]
0.0.Ht: Trace Attempt 4734	[32.04 s]
0.0.Hp: Trace Attempt 970	[32.23 s]
0.0.AM: Trace Attempt 390	[32.83 s]
0.0.N: Trace Attempt 176	[35.70 s]
0.0.Ht: Trace Attempt 5014	[36.04 s]
0.0.Bm: Trace Attempt 4898	[36.05 s]
0.0.B: Trace Attempt 4930	[36.05 s]
0.0.Hp: Trace Attempt 1033	[36.30 s]
0.0.AM: Trace Attempt 410	[36.92 s]
0.0.N: Trace Attempt  1	[39.21 s]
0.0.N: Trace Attempt  2	[39.21 s]
0.0.N: Trace Attempt  3	[39.21 s]
0.0.N: Trace Attempt  5	[39.22 s]
0.0.Ht: Trace Attempt 5264	[40.06 s]
0.0.Bm: Trace Attempt 5149	[40.06 s]
0.0.B: Trace Attempt 5180	[40.06 s]
0.0.Hp: Trace Attempt 1094	[40.36 s]
0.0.AM: Trace Attempt 437	[41.01 s]
0.0.N: Trace Attempt 177	[43.23 s]
0.0.Bm: Trace Attempt 5386	[44.07 s]
0.0.Ht: Trace Attempt 5517	[44.07 s]
0.0.B: Trace Attempt 5418	[44.07 s]
0.0.Hp: Trace Attempt 1151	[44.36 s]
0.0.AM: Trace Attempt 465	[45.03 s]
0.0.N: Trace Attempt  1	[46.70 s]
0.0.N: Trace Attempt  2	[46.70 s]
0.0.N: Trace Attempt  3	[46.70 s]
0.0.N: Trace Attempt  5	[46.70 s]
0.0.Ht: Trace Attempt 5741	[48.07 s]
0.0.Bm: Trace Attempt 5608	[48.08 s]
0.0.B: Trace Attempt 5641	[48.08 s]
0.0.Hp: Trace Attempt 1199	[48.39 s]
0.0.AM: Trace Attempt 443	[49.06 s]
0.0.N: Trace Attempt 176	[50.70 s]
0.0.Ht: Trace Attempt 5942	[52.08 s]
0.0.Bm: Trace Attempt 5808	[52.09 s]
0.0.B: Trace Attempt 5842	[52.10 s]
0.0.Hp: Trace Attempt 1244	[52.40 s]
0.0.AM: Trace Attempt 512	[53.55 s]
0.0.N: Trace Attempt  1	[54.22 s]
0.0.N: Trace Attempt  2	[54.22 s]
0.0.N: Trace Attempt  3	[54.22 s]
0.0.N: Trace Attempt  5	[54.22 s]
0.0.AM: Trace Attempt  1	[55.02 s]
0.0.AM: Trace Attempt  2	[55.02 s]
0.0.AM: Trace Attempt  3	[55.02 s]
0.0.AM: Trace Attempt  4	[55.02 s]
0.0.AM: Trace Attempt  5	[55.03 s]
0.0.Ht: Trace Attempt 6162	[56.08 s]
0.0.B: Trace Attempt 6045	[56.10 s]
0.0.Bm: Trace Attempt 6011	[56.10 s]
0.0.N: Trace Attempt 177	[58.23 s]
0.0.Hp: Trace Attempt 1264	[58.66 s]
0.0.AM: Trace Attempt 188	[59.05 s]
0.0.Ht: Trace Attempt 6375	[60.09 s]
0.0.Bm: Trace Attempt 6228	[60.10 s]
0.0.B: Trace Attempt 6260	[60.12 s]
0.0.N: Trace Attempt  1	[61.74 s]
0.0.N: Trace Attempt  2	[61.75 s]
0.0.N: Trace Attempt  3	[61.75 s]
0.0.N: Trace Attempt  5	[61.75 s]
0.0.Hp: Trace Attempt 1426	[62.66 s]
0.0.AM: Trace Attempt 256	[63.08 s]
0.0.Ht: Trace Attempt 6598	[64.10 s]
0.0.Bm: Trace Attempt 6427	[64.10 s]
0.0.B: Trace Attempt 6461	[64.12 s]
0.0.N: Trace Attempt 176	[65.75 s]
0.0.Hp: Trace Attempt 1571	[66.69 s]
0.0.AM: Trace Attempt 299	[67.08 s]
0.0.Ht: Trace Attempt 6796	[68.11 s]
0.0.Bm: Trace Attempt 6625	[68.12 s]
0.0.B: Trace Attempt 6658	[68.13 s]
0.0.N: Trace Attempt  1	[69.17 s]
0.0.N: Trace Attempt  2	[69.18 s]
0.0.N: Trace Attempt  3	[69.18 s]
0.0.N: Trace Attempt  5	[69.18 s]
0.0.Hp: Trace Attempt 1699	[70.69 s]
0.0.AM: Trace Attempt 348	[71.21 s]
0.0.Ht: Trace Attempt 6991	[72.13 s]
0.0.Bm: Trace Attempt 6812	[72.14 s]
0.0.B: Trace Attempt 6844	[72.14 s]
0.0.N: Trace Attempt 177	[73.20 s]
0.0.Hp: Trace Attempt 1818	[74.72 s]
0.0.AM: Trace Attempt 383	[75.26 s]
0.0.Ht: Trace Attempt 7186	[76.14 s]
0.0.Bm: Trace Attempt 6993	[76.14 s]
0.0.B: Trace Attempt 7026	[76.15 s]
0.0.N: Trace Attempt  1	[76.63 s]
0.0.N: Trace Attempt  2	[76.63 s]
0.0.N: Trace Attempt  3	[76.63 s]
0.0.N: Trace Attempt  5	[76.64 s]
0.0.Hp: Trace Attempt 1928	[78.72 s]
0.0.AM: Trace Attempt 423	[79.30 s]
0.0.B: Trace Attempt 7205	[80.16 s]
0.0.Bm: Trace Attempt 7174	[80.16 s]
0.0.Ht: Trace Attempt 7358	[80.16 s]
0.0.N: Trace Attempt 177	[80.65 s]
0.0.Hp: Trace Attempt 2032	[82.75 s]
0.0.AM: Trace Attempt 460	[83.45 s]
0.0.N: Trace Attempt  1	[83.99 s]
0.0.N: Trace Attempt  2	[83.99 s]
0.0.N: Trace Attempt  3	[83.99 s]
0.0.N: Trace Attempt  5	[83.99 s]
0.0.B: Trace Attempt 7376	[84.16 s]
0.0.Bm: Trace Attempt 7346	[84.17 s]
0.0.Ht: Trace Attempt 7536	[84.17 s]
0.0.Hp: Trace Attempt 2128	[86.78 s]
0.0.AM: Trace Attempt 475	[87.74 s]
0.0.N: Trace Attempt 179	[88.06 s]
0.0.B: Trace Attempt 7546	[88.16 s]
0.0.Ht: Trace Attempt 7713	[88.17 s]
0.0.Bm: Trace Attempt 7517	[88.18 s]
0.0.Hp: Trace Attempt 2220	[90.80 s]
0.0.N: Trace Attempt  1	[91.58 s]
0.0.N: Trace Attempt  2	[91.58 s]
0.0.N: Trace Attempt  3	[91.58 s]
0.0.N: Trace Attempt  5	[91.58 s]
0.0.AM: Trace Attempt 486	[91.78 s]
0.0.Ht: Trace Attempt 7872	[92.17 s]
0.0.B: Trace Attempt 7710	[92.18 s]
0.0.Bm: Trace Attempt 7682	[92.19 s]
0.0.Hp: Trace Attempt 2308	[94.82 s]
0.0.N: Trace Attempt 176	[95.58 s]
0.0.AM: Trace Attempt 502	[95.79 s]
0.0.Ht: Trace Attempt 8040	[96.18 s]
0.0.B: Trace Attempt 7868	[96.19 s]
0.0.Bm: Trace Attempt 7839	[96.19 s]
0.0.Hp: Trace Attempt 2392	[98.83 s]
0.0.N: Trace Attempt  1	[99.08 s]
0.0.N: Trace Attempt  2	[99.08 s]
0.0.N: Trace Attempt  3	[99.08 s]
0.0.N: Trace Attempt  5	[99.08 s]
0.0.AM: Trace Attempt 522	[100.16 s]
0.0.B: Trace Attempt 8020	[100.20 s]
0.0.Ht: Trace Attempt 8204	[100.21 s]
0.0.Bm: Trace Attempt 7992	[100.21 s]
0.0.Hp: Trace Attempt 2473	[102.85 s]
0.0.N: Trace Attempt 177	[103.09 s]
0.0.Bm: Trace Attempt 8143	[104.21 s]
0.0.B: Trace Attempt 8171	[104.21 s]
0.0.Ht: Trace Attempt 8355	[104.23 s]
0.0.AM: Trace Attempt 539	[104.30 s]
0.0.N: Trace Attempt  1	[106.59 s]
0.0.N: Trace Attempt  2	[106.59 s]
0.0.N: Trace Attempt  3	[106.59 s]
0.0.N: Trace Attempt  5	[106.60 s]
0.0.Hp: Trace Attempt 2551	[106.89 s]
0.0.B: Trace Attempt 8322	[108.22 s]
0.0.Ht: Trace Attempt 8513	[108.23 s]
0.0.Bm: Trace Attempt 8294	[108.23 s]
0.0.AM: Trace Attempt 556	[108.40 s]
0.0.N: Trace Attempt 179	[110.66 s]
0.0.Hp: Trace Attempt 2626	[110.93 s]
0.0.Ht: Trace Attempt 8680	[112.24 s]
0.0.B: Trace Attempt 8474	[112.25 s]
0.0.Bm: Trace Attempt 8447	[112.25 s]
0.0.AM: Trace Attempt 570	[112.56 s]
0.0.N: Trace Attempt  1	[114.44 s]
0.0.N: Trace Attempt  2	[114.45 s]
0.0.N: Trace Attempt  3	[114.45 s]
0.0.N: Trace Attempt  4	[114.45 s]
0.0.N: Trace Attempt  5	[114.45 s]
0.0.Hp: Trace Attempt 2698	[114.96 s]
0.0.Ht: Trace Attempt 8823	[116.25 s]
0.0.B: Trace Attempt 8620	[116.26 s]
0.0.Bm: Trace Attempt 8594	[116.28 s]
0.0.AM: Trace Attempt 582	[116.60 s]
0.0.N: Trace Attempt 195	[118.47 s]
0.0.Hp: Trace Attempt 2769	[119.01 s]
0.0.Ht: Trace Attempt 8963	[120.25 s]
0.0.B: Trace Attempt 8765	[120.27 s]
0.0.Bm: Trace Attempt 8740	[120.29 s]
0.0.AM: Trace Attempt 594	[120.61 s]
0.0.N: Trace Attempt 253	[122.48 s]
0.0.Hp: Trace Attempt 2837	[123.02 s]
0.0.Ht: Trace Attempt 9120	[124.27 s]
0.0.B: Trace Attempt 8905	[124.27 s]
0.0.Bm: Trace Attempt 8880	[124.31 s]
0.0.AM: Trace Attempt 607	[124.77 s]
0.0.N: Trace Attempt 300	[126.52 s]
0.0.Hp: Trace Attempt 2904	[127.05 s]
0.0.Ht: Trace Attempt 9262	[128.28 s]
0.0.B: Trace Attempt 9042	[128.30 s]
0.0.Bm: Trace Attempt 9017	[128.32 s]
0.0.AM: Trace Attempt 619	[128.83 s]
0.0.N: Trace Attempt 347	[130.61 s]
0.0.Hp: Trace Attempt 2969	[131.08 s]
0.0.Ht: Trace Attempt 9392	[132.31 s]
0.0.B: Trace Attempt 9177	[132.31 s]
0.0.Bm: Trace Attempt 9151	[132.34 s]
0.0.AM: Trace Attempt 631	[133.02 s]
0.0.N: Trace Attempt 383	[134.61 s]
0.0.Hp: Trace Attempt 3033	[135.13 s]
0.0.Ht: Trace Attempt 9530	[136.32 s]
0.0.B: Trace Attempt 9311	[136.34 s]
0.0.Bm: Trace Attempt 9284	[136.34 s]
0.0.AM: Trace Attempt 641	[137.33 s]
0.0.N: Trace Attempt 419	[138.71 s]
0.0.Hp: Trace Attempt 3094	[139.16 s]
0.0.Ht: Trace Attempt 9674	[140.32 s]
0.0.Bm: Trace Attempt 9414	[140.35 s]
0.0.B: Trace Attempt 9442	[140.35 s]
0.0.AM: Trace Attempt 651	[141.51 s]
0.0.N: Trace Attempt 453	[142.73 s]
0.0.Hp: Trace Attempt 3154	[143.22 s]
0.0.Ht: Trace Attempt 9800	[144.34 s]
0.0.B: Trace Attempt 9568	[144.35 s]
0.0.Bm: Trace Attempt 9540	[144.37 s]
0.0.AM: Trace Attempt 660	[145.52 s]
0.0.N: Trace Attempt 468	[146.83 s]
0.0.Hp: Trace Attempt 3211	[147.25 s]
0.0.Ht: Trace Attempt 9917	[148.37 s]
0.0.B: Trace Attempt 9689	[148.37 s]
0.0.Bm: Trace Attempt 9660	[148.37 s]
0.0.N: Trace Attempt  1	[148.90 s]
0.0.N: Trace Attempt  2	[148.90 s]
0.0.N: Trace Attempt  3	[148.90 s]
0.0.N: Trace Attempt  4	[148.90 s]
0.0.N: Trace Attempt  5	[148.90 s]
0.0.AM: Trace Attempt 670	[149.69 s]
0.0.Hp: Trace Attempt 3268	[151.28 s]
0.0.B: Trace Attempt 9815	[152.37 s]
0.0.Ht: Trace Attempt 10048	[152.39 s]
0.0.Bm: Trace Attempt 9786	[152.39 s]
0.0.N: Trace Attempt 195	[152.91 s]
0.0.AM: Trace Attempt 679	[153.74 s]
0.0.Hp: Trace Attempt 3325	[155.32 s]
0.0.B: Trace Attempt 9939	[156.39 s]
0.0.Bm: Trace Attempt 9908	[156.40 s]
0.0.Ht: Trace Attempt 10185	[156.41 s]
0.0.N: Trace Attempt 254	[157.07 s]
0.0.AM: Trace Attempt 688	[157.87 s]
0.0.Hp: Trace Attempt 3382	[159.36 s]
0.0.Bm: Trace Attempt 10032	[160.40 s]
0.0.B: Trace Attempt 10064	[160.41 s]
0.0.Ht: Trace Attempt 10310	[160.43 s]
0.0.N: Trace Attempt 302	[161.09 s]
0.0.AM: Trace Attempt 696	[162.10 s]
0.0.Hp: Trace Attempt 3438	[163.41 s]
0.0.Bm: Trace Attempt 10152	[164.41 s]
0.0.B: Trace Attempt 10185	[164.43 s]
0.0.Ht: Trace Attempt 10427	[164.45 s]
0.0.N: Trace Attempt 348	[165.15 s]
0.0.AM: Trace Attempt 704	[166.51 s]
0.0.Hp: Trace Attempt 3493	[167.47 s]
0.0.Bm: Trace Attempt 10271	[168.43 s]
0.0.B: Trace Attempt 10303	[168.43 s]
0.0.Ht: Trace Attempt 10550	[168.46 s]
0.0.N: Trace Attempt 385	[169.28 s]
0.0.AM: Trace Attempt 712	[170.65 s]
0.0.Hp: Trace Attempt 3547	[171.55 s]
0.0.Bm: Trace Attempt 10384	[172.43 s]
0.0.B: Trace Attempt 10417	[172.46 s]
0.0.Ht: Trace Attempt 10677	[172.49 s]
0.0.N: Trace Attempt 421	[173.30 s]
0.0.AM: Trace Attempt 722	[174.92 s]
0.0.Hp: Trace Attempt 3598	[175.59 s]
0.0.Bm: Trace Attempt 10496	[176.45 s]
0.0.B: Trace Attempt 10529	[176.48 s]
0.0.Ht: Trace Attempt 10794	[176.53 s]
0.0.N: Trace Attempt 455	[177.33 s]
0.0.Hp: Trace Attempt 3648	[179.59 s]
0.0.AM: Trace Attempt 732	[179.60 s]
0.0.Bm: Trace Attempt 10604	[180.45 s]
0.0.B: Trace Attempt 10637	[180.49 s]
0.0.Ht: Trace Attempt 10900	[180.55 s]
0.0.N: Trace Attempt 467	[180.38 s]
0.0.N: Stopped processing property "SEVEN.p1"	[181.01 s].
0.0.N: Morphing to Ncustom1
0.0.N: All properties determined. [0.00 s]
0.0.N: Exited with Success (@ 0.00 s)
0.0.Ncustom1: clocks: 1, declared: 1, looping: 0, posedge: 1, negedge: 0, noedge: 0, bothedge: 0
0.0.Ncustom1: Starting proof for property "SEVEN.p1"	[0.00 s].
0.0.Ncustom1: Trace Attempt 468	[0.04 s]
0.0.D: Proofgrid shell started at 24440@vlsi-ria84(local) jg_23818_vlsi-ria84_1
0.0.D: clocks: 1, declared: 1, looping: 0, posedge: 1, negedge: 0, noedge: 0, bothedge: 0
0.0.D: Last scan. Per property time limit: 0s
0.0.D: Starting proof for property "SEVEN.p1"	[0.00 s].
0.0.D: Trace Attempt  1	[0.00 s]
0.0.D: Trace Attempt  2	[0.00 s]
0.0.D: Trace Attempt  3	[0.00 s]
0.0.Tri: Proofgrid shell started at 24439@vlsi-ria84(local) jg_23818_vlsi-ria84_1
0.0.Tri: clocks: 1, declared: 1, looping: 0, posedge: 1, negedge: 0, noedge: 0, bothedge: 0
0.0.Tri: Last scan. Per property time limit: 0s
0.0.Tri: Starting proof for property "SEVEN.p1"	[0.00 s].
0.0.Tri: Trace Attempt  1	[0.00 s]
0.0.AM: Trace Attempt 734	[180.66 s]
0.0.AM: Stopped processing property "SEVEN.p1"	[181.05 s].
0.0.AM: Morphing to AMcustom3
0.0.B: Trace Attempt 10648	[180.91 s]
0.0.B: Stopped processing property "SEVEN.p1"	[181.07 s].
0.0.B: Morphing to Bcustom2
0.0.B: All properties determined. [0.00 s]
0.0.B: Exited with Success (@ 0.00 s)
0.0.AM: All properties determined. [0.00 s]
0.0.AM: Exited with Success (@ 0.00 s)
0.0.Bcustom2: clocks: 1, declared: 1, looping: 0, posedge: 1, negedge: 0, noedge: 0, bothedge: 0
0.0.Bcustom2: Starting proof for property "SEVEN.p1"	[0.00 s].
0.0.Bcustom2: Trace Attempt  1	[0.00 s]
0.0.Bcustom2: Trace Attempt  2	[0.00 s]
0.0.Bcustom2: Trace Attempt  1	[0.00 s]
0.0.Bcustom2: Trace Attempt  2	[0.00 s]
0.0.AMcustom3: clocks: 1, declared: 1, looping: 0, posedge: 1, negedge: 0, noedge: 0, bothedge: 0
0.0.AMcustom3: Starting proof for property "SEVEN.p1"	[0.00 s].
0.0.AMcustom3: Trace Attempt  1	[0.00 s]
0.0.AMcustom3: Trace Attempt  2	[0.00 s]
0.0.AMcustom3: Trace Attempt  3	[0.00 s]
0.0.AMcustom3: Trace Attempt  4	[0.00 s]
0.0.AMcustom3: Trace Attempt  5	[0.00 s]
0.0.AMcustom3: Trace Attempt  1	[0.00 s]
0.0.Bcustom2: Trace Attempt  3	[0.00 s]
0.0.Bcustom2: Trace Attempt  4	[0.00 s]
0.0.Bcustom2: Trace Attempt  5	[0.00 s]
0.0.Bcustom2: Trace Attempt  1	[0.00 s]
0.0.Bcustom2: Trace Attempt  2	[0.00 s]
0.0.Bcustom2: Trace Attempt  3	[0.00 s]
0.0.Bcustom2: Trace Attempt  4	[0.00 s]
0.0.Bcustom2: Trace Attempt  5	[0.00 s]
0.0.AMcustom3: Trace Attempt  2	[0.00 s]
0.0.AMcustom3: Trace Attempt  3	[0.00 s]
0.0.Bcustom2: Trace Attempt  1	[0.00 s]
0.0.Bcustom2: Trace Attempt  2	[0.00 s]
0.0.Bcustom2: Trace Attempt  3	[0.00 s]
0.0.Bcustom2: Trace Attempt  4	[0.00 s]
0.0.Bcustom2: Trace Attempt  5	[0.00 s]
0.0.Bcustom2: Trace Attempt  1	[0.01 s]
0.0.Bcustom2: Trace Attempt  2	[0.01 s]
0.0.Bcustom2: Trace Attempt  3	[0.01 s]
0.0.Bcustom2: Trace Attempt  4	[0.01 s]
0.0.Bcustom2: Trace Attempt  5	[0.01 s]
0.0.AMcustom3: Trace Attempt  4	[0.00 s]
0.0.AMcustom3: Trace Attempt  5	[0.00 s]
0.0.AMcustom3: Trace Attempt  1	[0.01 s]
0.0.AMcustom3: Trace Attempt  2	[0.01 s]
0.0.AMcustom3: Trace Attempt  3	[0.01 s]
0.0.Tri:    0.00" ---- Launching main thread ----
0.0.Bcustom2: Trace Attempt  1	[0.02 s]
0.0.Bcustom2: Trace Attempt  2	[0.02 s]
0.0.Bcustom2: Trace Attempt  3	[0.02 s]
0.0.Bcustom2: Trace Attempt  4	[0.02 s]
0.0.Bcustom2: Trace Attempt  5	[0.02 s]
0.0.AMcustom3: Trace Attempt  4	[0.01 s]
0.0.AMcustom3: Trace Attempt  5	[0.01 s]
0.0.Bcustom2: Trace Attempt  1	[0.04 s]
0.0.Bcustom2: Trace Attempt  2	[0.04 s]
0.0.Bcustom2: Trace Attempt  3	[0.04 s]
0.0.Bcustom2: Trace Attempt  4	[0.04 s]
0.0.Bcustom2: Trace Attempt  5	[0.04 s]
0.0.AMcustom3: Trace Attempt  1	[0.03 s]
0.0.AMcustom3: Trace Attempt  2	[0.03 s]
0.0.AMcustom3: Trace Attempt  3	[0.03 s]
0.0.AMcustom3: Trace Attempt  4	[0.03 s]
0.0.AMcustom3: Trace Attempt  5	[0.03 s]
0.0.Tri:    0.06" ---- Launching abstraction thread ----
0.0.Bcustom2: Trace Attempt  1	[0.08 s]
0.0.Bcustom2: Trace Attempt  2	[0.08 s]
0.0.Bcustom2: Trace Attempt  3	[0.08 s]
0.0.Bcustom2: Trace Attempt  4	[0.08 s]
0.0.Bcustom2: Trace Attempt  5	[0.08 s]
0.0.Tri:    0.08" ---- Launching multi-phase simplification thread ----
0.0.AMcustom3: Trace Attempt  1	[0.11 s]
0.0.AMcustom3: Trace Attempt  2	[0.11 s]
0.0.AMcustom3: Trace Attempt  3	[0.11 s]
0.0.AMcustom3: Trace Attempt  4	[0.11 s]
0.0.AMcustom3: Trace Attempt  5	[0.11 s]
0.0.Tri:    0.12" ---- Launching liveness simplification thread ----
0.0.Bcustom2: Trace Attempt  1	[0.21 s]
0.0.Bcustom2: Trace Attempt  2	[0.21 s]
0.0.Bcustom2: Trace Attempt  3	[0.21 s]
0.0.Bcustom2: Trace Attempt  4	[0.21 s]
0.0.Bcustom2: Trace Attempt  5	[0.21 s]
0.0.AMcustom3: Trace Attempt  1	[0.46 s]
0.0.AMcustom3: Trace Attempt  2	[0.46 s]
0.0.AMcustom3: Trace Attempt  3	[0.46 s]
0.0.AMcustom3: Trace Attempt  4	[0.46 s]
0.0.AMcustom3: Trace Attempt  5	[0.46 s]
0.0.Tri:    0.93" Simplification phase 1 complete
0.0.Ncustom1: Requesting engine job to terminate
0.0.Bcustom2: Requesting engine job to terminate
0.0.AMcustom3: Requesting engine job to terminate
0.0.Tri: Requesting engine job to terminate
0.0.D: Requesting engine job to terminate
0.0.Hp: Requesting engine job to terminate
0.0.Ht: Requesting engine job to terminate
0.0.Bm: Requesting engine job to terminate
INFO (IPF144): 0: Initiating shutdown of proof [182.12 s]
0.0.Tri: A proof was found: No trace exists. [1.03 s]
INFO (IPF057): 0.0.Tri: The property "SEVEN.p1" was proven in 1.04 s.
0.0.D: Trace Attempt 63	[1.00 s]
0.0.D: Stopped processing property "SEVEN.p1"	[1.06 s].
0.0.D: All properties determined. [1.06 s]
0.0.AMcustom3: Trace Attempt 60	[0.99 s]
0.0.AMcustom3: Stopped processing property "SEVEN.p1"	[1.00 s].
0.0.AMcustom3: All properties determined. [1.01 s]
0.0.D: Exited with Success (@ 182.13 s)
0: ProofGrid usable level: 0
0.0.AMcustom3: Exited with Success (@ 182.13 s)
0.0.Hp: Trace Attempt 3677	[182.11 s]
0.0.Hp: All properties determined. [182.13 s]
0.0.Ncustom1: Stopped processing property "SEVEN.p1"	[1.12 s].
0.0.Ncustom1: All properties determined. [1.12 s]
0.0.Ncustom1: Exited with Success (@ 182.14 s)
0.0.Ht: Trace Attempt 10940	[182.07 s]
0.0.Ht: All properties determined. [182.10 s]
0.0.Bm: Trace Attempt 10646	[182.07 s]
0.0.Bm: All properties determined. [182.19 s]
0.0.Bm: Exited with Success (@ 182.25 s)
0.0.Ht: Exited with Success (@ 182.26 s)
0.0.Tri: Stopped processing property "SEVEN.p1"	[1.23 s].
0.0.Tri: All properties determined. [1.23 s]
0.0.Tri: Exited with Success (@ 182.32 s)
0.0.Hp: Exited with Success (@ 182.34 s)
0.0.Bcustom2: Trace Attempt  1	[1.57 s]
0.0.Bcustom2: Stopped processing property "SEVEN.p1"	[1.57 s].
0.0.Bcustom2: All properties determined. [1.57 s]
0.0.Bcustom2: Exited with Success (@ 182.70 s)
0: --------------------------------------------------------------
ProofGrid Summary (utilization 99.95 %)
--------------------------------------------------------------
     engines started                               :    14
     engine jobs started                           :    11

    Average time in state (seconds)
    ------------------------------------------------------
    Engine  Pending     Running        Dead    Utilization
    ------------------------------------------------------
     Hp        0.03      182.12        0.00       99.98 %
     Ht        0.04      182.09        0.00       99.98 %
     Bm        0.04      182.09        0.00       99.98 %
    Mpcustom4        0.04        0.01        0.00       24.28 %
     Oh        0.08        0.00        0.00        2.44 %
      L        0.03        0.01        0.00       24.36 %
    Ncustom1        0.03      182.05        0.00       99.98 %
    Bcustom2        0.03      181.92        0.00       99.98 %
    AMcustom3        0.04      181.91        0.00       99.98 %
    Tri        0.11        1.05        0.00       90.65 %
      D        0.08        1.06        0.00       92.99 %
    all        0.05       99.48        0.00       99.95 %

    Total time in state (seconds)
    -----------------------------------------
            Pending     Running        Dead  
    -----------------------------------------
               0.55     1094.32        0.00

    Data read    : 7.06 MiB
    Data written : 4.12 kiB

0: All pending notifications were processed.
INFO (IPF059): 0: Completed proof on task: "<embedded>"

==============================================================
SUMMARY
==============================================================
           Properties Considered              : 2
                 assertions                   : 1
                  - proven                    : 1 (100%)
                  - bounded_proven (user)     : 0 (0%)
                  - bounded_proven (auto)     : 0 (0%)
                  - marked_proven             : 0 (0%)
                  - cex                       : 0 (0%)
                  - ar_cex                    : 0 (0%)
                  - undetermined              : 0 (0%)
                  - unknown                   : 0 (0%)
                  - error                     : 0 (0%)
                 covers                       : 1
                  - unreachable               : 0 (0%)
                  - bounded_unreachable (user): 0 (0%)
                  - covered                   : 1 (100%)
                  - ar_covered                : 0 (0%)
                  - undetermined              : 0 (0%)
                  - unknown                   : 0 (0%)
                  - error                     : 0 (0%)
determined
[<embedded>] % exit -force
[<embedded>] % INFO (IPL005): Received request to exit from the console.
INFO (IPL014): Waiting for the Tcl-thread to exit.
INFO: Waiting for proof threads to stop...
INFO: Proof threads stopped.
INFO (IPL018): The peak resident set memory use for this session was 2.265 GB.
INFO (IPL015): The Tcl-thread exited with status 0.
INFO (IPL016): Exiting the analysis session with status 0.
Finished seven_seg_10.tcl successfully
