2025-11-17 21:13:24.633666 (13153) main____ INFO    ----------------------------------------
2025-11-17 21:13:24.634343 (13153) main____ INFO    Jasper version info
2025-11-17 21:13:24.634349 (13153) main____ INFO      tool      : Jasper 2024.06
2025-11-17 21:13:24.634353 (13153) main____ INFO      version   : 2024.06p002 64 bits
2025-11-17 21:13:24.634356 (13153) main____ INFO      build date: 2024.09.02 16:28:38 UTC
2025-11-17 21:13:24.634358 (13153) main____ INFO    ----------------------------------------
2025-11-17 21:13:24.634360 (13153) main____ INFO    Runtime info:
2025-11-17 21:13:24.634362 (13153) main____ INFO      platform  : Linux 3.10.0-1160.62.1.el7.x86_64 x86_64
2025-11-17 21:13:24.634368 (13153) main____ INFO      hostname  : vlsi-ria85
2025-11-17 21:13:24.634372 (13153) main____ INFO      pid       : 13153
2025-11-17 21:13:24.634374 (13153) main____ INFO      arguments : '-style' 'windows' '-proj' '../jgprojects/lcd_12' '-batch' 'lcd_12.tcl'
2025-11-17 21:13:24.634377 (13153) main____ INFO      locale    : ANSI_X3.4-1968
2025-11-17 21:13:24.634378 (13153) main____ INFO    ----------------------------------------
2025-11-17 21:13:24.634380 (13153) main____ INFO    System resource limits info:
2025-11-17 21:13:24.634383 (13153) main____ INFO      virtual memory: unlimited
2025-11-17 21:13:24.634387 (13153) main____ INFO      cpu time      : unlimited
2025-11-17 21:13:24.634391 (13153) main____ INFO      processes     : 4096
2025-11-17 21:13:24.634397 (13153) main____ INFO      stack size    : 8388608 B
2025-11-17 21:13:24.634401 (13153) main____ INFO      core file size: 1024 B
2025-11-17 21:13:24.634404 (13153) main____ INFO      open files    : 4096
2025-11-17 21:13:24.634406 (13153) main____ INFO      file size     : unlimited
2025-11-17 21:13:24.634408 (13153) main____ INFO    ----------------------------------------
2025-11-17 21:13:24.634410 (13153) main____ INFO    Memory statistics:
2025-11-17 21:13:24.634412 (13153) main____ INFO      total physical memory  : 65714912 kB
2025-11-17 21:13:24.634414 (13153) main____ INFO      free physical memory   : 7641268 kB
2025-11-17 21:13:24.634416 (13153) main____ INFO      committed address space: 165922120 kB
2025-11-17 21:13:24.634418 (13153) main____ INFO    ----------------------------------------
2025-11-17 21:13:24.634994 (13153) main____ INFO    Important environment variables:
2025-11-17 21:13:24.635005 (13153) main____ INFO      CDS_ASSURA         : '/eda/cadence/2023-24/RHELx86/ASSURA_04.16.115_231'
2025-11-17 21:13:24.635010 (13153) main____ INFO      CDS_AUTO_64BIT     : 'ALL'
2025-11-17 21:13:24.635013 (13153) main____ INFO      CDS_CONFRML        : '/eda/cadence/2023-24/RHELx86/CONFRML_23.10.300'
2025-11-17 21:13:24.635016 (13153) main____ INFO      CDS_DDIEXPORT      : '/eda/cadence/2023-24/RHELx86/DDIEXPORT_22.33.000'
2025-11-17 21:13:24.635019 (13153) main____ INFO      CDS_EMX            : '/eda/cadence/2023-24/RHELx86/EMX_23.10.000'
2025-11-17 21:13:24.635023 (13153) main____ INFO      CDS_GENUS          : '/eda/cadence/2023-24/RHELx86/DDIEXPORT_22.33.000/GENUS221'
2025-11-17 21:13:24.635026 (13153) main____ INFO      CDS_IC             : '/eda/cadence/2023-24/RHELx86/IC_23.10.020'
2025-11-17 21:13:24.635030 (13153) main____ INFO      CDS_INNOVUS        : '/eda/cadence/2023-24/RHELx86/DDIEXPORT_22.33.000/INNOVUS221'
2025-11-17 21:13:24.635033 (13153) main____ INFO      CDS_JLS            : '/eda/cadence/2023-24/RHELx86/DDIEXPORT_22.33.000/JLS221'
2025-11-17 21:13:24.635038 (13153) main____ INFO      CDS_LIC_FILE       : '/etc/local/cadence/license_8x.3868dd0560aa:5280@132.68.59.69:/etc/local/cadence/license_8x.1831bfb82c67:5280@132.68.59.64:/etc/local/cadence/license_8x.0894ef683fc3:5280@132.68.59.79:/etc/local/cadence/license_8x.1831bfb82c67:5280@132.68.59.61'
2025-11-17 21:13:24.635044 (13153) main____ INFO      CDS_LITMUS         : '/eda/cadence/2023-24/RHELx86/LITMUS_23.10.300'
2025-11-17 21:13:24.635048 (13153) main____ INFO      CDS_MODUS          : '/eda/cadence/2023-24/RHELx86/MODUS_22.12.000'
2025-11-17 21:13:24.635051 (13153) main____ INFO      CDS_MVS            : '/eda/cadence/2023-24/RHELx86/MVS_21.12.000'
2025-11-17 21:13:24.635055 (13153) main____ INFO      CDS_Netlisting_Mode: 'Analog'
2025-11-17 21:13:24.635059 (13153) main____ INFO      CDS_PEGASUS        : '/eda/cadence/2023-24/RHELx86/PEGASUS_23.11.000'
2025-11-17 21:13:24.635062 (13153) main____ INFO      CDS_PEGASUSDFM     : '/eda/cadence/2023-24/RHELx86/PEGASUSDFM_23.11.000'
2025-11-17 21:13:24.635065 (13153) main____ INFO      CDS_PVS            : '/eda/cadence/2023-24/RHELx86/PVS_22.22.000'
2025-11-17 21:13:24.635068 (13153) main____ INFO      CDS_QUANTUS        : '/eda/cadence/2023-24/RHELx86/QUANTUS_23.10.000'
2025-11-17 21:13:24.635071 (13153) main____ INFO      CDS_SPECTRE        : '/eda/cadence/2023-24/RHELx86/SPECTRE_23.10.242'
2025-11-17 21:13:24.635074 (13153) main____ INFO      CDS_SSV            : '/eda/cadence/2023-24/RHELx86/SSV_22.13.000'
2025-11-17 21:13:24.635076 (13153) main____ INFO      CDS_USE_PALETTE    : ''
2025-11-17 21:13:24.635079 (13153) main____ INFO      CDS_VERISIUMDEBUG  : '/eda/cadence/2023-24/RHELx86/VERISIUMDEBUG_23.03.001'
2025-11-17 21:13:24.635082 (13153) main____ INFO      CDS_VIPCAT         : '/eda/cadence/2023-24/RHELx86/VIPCAT_11.30.093'
2025-11-17 21:13:24.635087 (13153) main____ INFO      CDS_VMANAGER       : '/eda/cadence/2023-24/RHELx86/VMANAGER_23.03.004'
2025-11-17 21:13:24.635090 (13153) main____ INFO      CDS_XCELIUM        : '/eda/cadence/2023-24/RHELx86/XCELIUM_23.03.007'
2025-11-17 21:13:24.635093 (13153) main____ INFO      DISPLAY            : 'localhost:13.0'
2025-11-17 21:13:24.635095 (13153) main____ INFO      JASPER_CPU_CHECK   : '1'
2025-11-17 21:13:24.635098 (13153) main____ INFO      JASPER_INSTALL_DIR : '/tools/cadence2425/JASPER/jasper_2024.06p002'
2025-11-17 21:13:24.635101 (13153) main____ INFO      JASPER_KERNEL_CHECK: '1'
2025-11-17 21:13:24.635103 (13153) main____ INFO      JASPER_OS_CHECK    : '1'
2025-11-17 21:13:24.635106 (13153) main____ INFO      LANG               : 'C'
2025-11-17 21:13:24.635109 (13153) main____ INFO      TMPDIR             : '/tmp'
2025-11-17 21:13:24.635111 (13153) main____ INFO    ----------------------------------------
2025-11-17 21:13:24.635545 (13153) lic_core INFO    Initializing license system ...
2025-11-17 21:13:24.639118 (13153) lic_core INFO    ... license system initialized.
2025-11-17 21:13:24.646420 (13153) lic__man INFO    Claim 'fpv' for <ui>.
2025-11-17 21:13:24.646451 (13153) lic_core INFO    (1) checking out 'jasper_fpv' ...
2025-11-17 21:13:24.682705 (13153) lic_core INFO    ... (1) checkout failed (error: -5) ("FLEXnet ERROR(-5, 0, 0): No such feature exists.")
2025-11-17 21:13:24.682727 (13153) lic_core INFO    (2) checking out 'jasper_fao' ...
2025-11-17 21:13:24.691757 (13153) lic_core INFO    ... (2) checkout succeeded
2025-11-17 21:13:24.724805 (13153) session_ INFO    Starting analysis session with session id 'session_0' (launcher: <local>) ...
2025-11-17 21:13:24.725799 (13153) session_ INFO    Analysis session with session id 'session_0' started (pid: 13172)
2025-11-17 21:13:25.362218 (13153) session_ INFO    Analysis session 'session_0' connected to the console (host: 127.0.0.1:57794)
2025-11-17 21:13:25.817755 (13153) lic__man INFO    Unclaim everything for 'session_0'.
2025-11-17 21:13:25.860136 (13153) lic__man INFO    Claim 'fpv' for 'session_0'.
2025-11-17 21:13:25.860160 (13153) lic__man INFO    Claim 'fpv' for 'session_0/prove-0'.
2025-11-17 21:16:45.958464 (13153) lic__man INFO    Unclaim everything for 'session_0/prove-0'.
2025-11-17 21:16:45.961571 (13153) main____ INFO    About to exit: request to exit with status 0 received from analysis session 'session_0'
2025-11-17 21:16:46.019637 (13153) session_ INFO    Analysis session 'session_0' disconnected.
2025-11-17 21:16:46.019699 (13153) lic__man INFO    Unclaim everything for 'session_0'.
2025-11-17 21:16:46.019780 (13153) session_ INFO    Process for analysis session 'session_0' has exited with exit status '0'.
2025-11-17 21:16:47.863879 (13153) lic_core INFO    (2) checkin jasper_fao
2025-11-17 21:16:47.959007 (13153) main____ INFO    Exiting with status 0.
