Skipping 1_PWM_1.tcl, output already exists: outputs/1_PWM_1.out
Skipping 1_PWM_10.tcl, output already exists: outputs/1_PWM_10.out
Skipping 1_PWM_11.tcl, output already exists: outputs/1_PWM_11.out
Skipping 1_PWM_12.tcl, output already exists: outputs/1_PWM_12.out
Skipping 1_PWM_2.tcl, output already exists: outputs/1_PWM_2.out
Skipping 1_PWM_3.tcl, output already exists: outputs/1_PWM_3.out
Skipping 1_PWM_4.tcl, output already exists: outputs/1_PWM_4.out
Skipping 1_PWM_5.tcl, output already exists: outputs/1_PWM_5.out
Skipping 1_PWM_6.tcl, output already exists: outputs/1_PWM_6.out
Skipping 1_PWM_7.tcl, output already exists: outputs/1_PWM_7.out
Skipping 1_PWM_8.tcl, output already exists: outputs/1_PWM_8.out
Skipping 1_PWM_9.tcl, output already exists: outputs/1_PWM_9.out
Running: jg -batch 1_delay_1.tcl (timeout 5h)
Output -> outputs/1_delay_1.out
Finished: 1_delay_1.tcl
----------------------------------------
Running: jg -batch 1_delay_10.tcl (timeout 5h)
Output -> outputs/1_delay_10.out
Finished: 1_delay_10.tcl
----------------------------------------
Running: jg -batch 1_delay_11.tcl (timeout 5h)
Output -> outputs/1_delay_11.out
Finished: 1_delay_11.tcl
----------------------------------------
Running: jg -batch 1_delay_12.tcl (timeout 5h)
Output -> outputs/1_delay_12.out
Finished: 1_delay_12.tcl
----------------------------------------
Running: jg -batch 1_delay_13.tcl (timeout 5h)
Output -> outputs/1_delay_13.out
Finished: 1_delay_13.tcl
----------------------------------------
Running: jg -batch 1_delay_14.tcl (timeout 5h)
Output -> outputs/1_delay_14.out
Finished: 1_delay_14.tcl
----------------------------------------
Running: jg -batch 1_delay_15.tcl (timeout 5h)
Output -> outputs/1_delay_15.out
Finished: 1_delay_15.tcl
----------------------------------------
Running: jg -batch 1_delay_16.tcl (timeout 5h)
Output -> outputs/1_delay_16.out
Finished: 1_delay_16.tcl
----------------------------------------
Running: jg -batch 1_delay_2.tcl (timeout 5h)
Output -> outputs/1_delay_2.out
Finished: 1_delay_2.tcl
----------------------------------------
Running: jg -batch 1_delay_3.tcl (timeout 5h)
Output -> outputs/1_delay_3.out
Finished: 1_delay_3.tcl
----------------------------------------
Running: jg -batch 1_delay_4.tcl (timeout 5h)
Output -> outputs/1_delay_4.out
Finished: 1_delay_4.tcl
----------------------------------------
Running: jg -batch 1_delay_5.tcl (timeout 5h)
Output -> outputs/1_delay_5.out
Finished: 1_delay_5.tcl
----------------------------------------
Running: jg -batch 1_delay_6.tcl (timeout 5h)
Output -> outputs/1_delay_6.out
Finished: 1_delay_6.tcl
----------------------------------------
Running: jg -batch 1_delay_7.tcl (timeout 5h)
Output -> outputs/1_delay_7.out
Finished: 1_delay_7.tcl
----------------------------------------
Running: jg -batch 1_delay_8.tcl (timeout 5h)
Output -> outputs/1_delay_8.out
Finished: 1_delay_8.tcl
----------------------------------------
Running: jg -batch 1_delay_9.tcl (timeout 5h)
Output -> outputs/1_delay_9.out
Finished: 1_delay_9.tcl
----------------------------------------
Running: jg -batch 1_gray_1.tcl (timeout 5h)
Output -> outputs/1_gray_1.out
Finished: 1_gray_1.tcl
----------------------------------------
Running: jg -batch 1_gray_10.tcl (timeout 5h)
Output -> outputs/1_gray_10.out
Finished: 1_gray_10.tcl
----------------------------------------
Running: jg -batch 1_gray_11.tcl (timeout 5h)
Output -> outputs/1_gray_11.out
Finished: 1_gray_11.tcl
----------------------------------------
Running: jg -batch 1_gray_2.tcl (timeout 5h)
Output -> outputs/1_gray_2.out
Finished: 1_gray_2.tcl
----------------------------------------
Running: jg -batch 1_gray_3.tcl (timeout 5h)
Output -> outputs/1_gray_3.out
Finished: 1_gray_3.tcl
----------------------------------------
Running: jg -batch 1_gray_4.tcl (timeout 5h)
Output -> outputs/1_gray_4.out
Finished: 1_gray_4.tcl
----------------------------------------
Running: jg -batch 1_gray_5.tcl (timeout 5h)
Output -> outputs/1_gray_5.out
Finished: 1_gray_5.tcl
----------------------------------------
Running: jg -batch 1_gray_6.tcl (timeout 5h)
Output -> outputs/1_gray_6.out
Finished: 1_gray_6.tcl
----------------------------------------
Running: jg -batch 1_gray_7.tcl (timeout 5h)
Output -> outputs/1_gray_7.out
Finished: 1_gray_7.tcl
----------------------------------------
Running: jg -batch 1_gray_8.tcl (timeout 5h)
Output -> outputs/1_gray_8.out
Finished: 1_gray_8.tcl
----------------------------------------
Running: jg -batch 1_gray_9.tcl (timeout 5h)
Output -> outputs/1_gray_9.out
Finished: 1_gray_9.tcl
----------------------------------------
Skipping 1_lcd_1.tcl, output already exists: outputs/1_lcd_1.out
Skipping 1_lcd_10.tcl, output already exists: outputs/1_lcd_10.out
Skipping 1_lcd_11.tcl, output already exists: outputs/1_lcd_11.out
Skipping 1_lcd_12.tcl, output already exists: outputs/1_lcd_12.out
Skipping 1_lcd_13.tcl, output already exists: outputs/1_lcd_13.out
Skipping 1_lcd_14.tcl, output already exists: outputs/1_lcd_14.out
Skipping 1_lcd_2.tcl, output already exists: outputs/1_lcd_2.out
Skipping 1_lcd_3.tcl, output already exists: outputs/1_lcd_3.out
Skipping 1_lcd_4.tcl, output already exists: outputs/1_lcd_4.out
Skipping 1_lcd_5.tcl, output already exists: outputs/1_lcd_5.out
Skipping 1_lcd_6.tcl, output already exists: outputs/1_lcd_6.out
Skipping 1_lcd_7.tcl, output already exists: outputs/1_lcd_7.out
Skipping 1_lcd_8.tcl, output already exists: outputs/1_lcd_8.out
Skipping 1_lcd_9.tcl, output already exists: outputs/1_lcd_9.out
Skipping 1_load_store_1.tcl, output already exists: outputs/1_load_store_1.out
Skipping 1_load_store_10.tcl, output already exists: outputs/1_load_store_10.out
Skipping 1_load_store_11.tcl, output already exists: outputs/1_load_store_11.out
Skipping 1_load_store_12.tcl, output already exists: outputs/1_load_store_12.out
Skipping 1_load_store_13.tcl, output already exists: outputs/1_load_store_13.out
Skipping 1_load_store_14.tcl, output already exists: outputs/1_load_store_14.out
Skipping 1_load_store_15.tcl, output already exists: outputs/1_load_store_15.out
Skipping 1_load_store_16.tcl, output already exists: outputs/1_load_store_16.out
Skipping 1_load_store_2.tcl, output already exists: outputs/1_load_store_2.out
Skipping 1_load_store_3.tcl, output already exists: outputs/1_load_store_3.out
Skipping 1_load_store_4.tcl, output already exists: outputs/1_load_store_4.out
Skipping 1_load_store_5.tcl, output already exists: outputs/1_load_store_5.out
Skipping 1_load_store_6.tcl, output already exists: outputs/1_load_store_6.out
Skipping 1_load_store_7.tcl, output already exists: outputs/1_load_store_7.out
Skipping 1_load_store_8.tcl, output already exists: outputs/1_load_store_8.out
Skipping 1_load_store_9.tcl, output already exists: outputs/1_load_store_9.out
Running: jg -batch 1_seven_seg_1.tcl (timeout 5h)
Output -> outputs/1_seven_seg_1.out
Finished: 1_seven_seg_1.tcl
----------------------------------------
Running: jg -batch 1_seven_seg_10.tcl (timeout 5h)
Output -> outputs/1_seven_seg_10.out
Finished: 1_seven_seg_10.tcl
----------------------------------------
Running: jg -batch 1_seven_seg_11.tcl (timeout 5h)
Output -> outputs/1_seven_seg_11.out
Finished: 1_seven_seg_11.tcl
----------------------------------------
Running: jg -batch 1_seven_seg_12.tcl (timeout 5h)
Output -> outputs/1_seven_seg_12.out
Finished: 1_seven_seg_12.tcl
----------------------------------------
Running: jg -batch 1_seven_seg_13.tcl (timeout 5h)
Output -> outputs/1_seven_seg_13.out
Finished: 1_seven_seg_13.tcl
----------------------------------------
Running: jg -batch 1_seven_seg_14.tcl (timeout 5h)
Output -> outputs/1_seven_seg_14.out
Finished: 1_seven_seg_14.tcl
----------------------------------------
Running: jg -batch 1_seven_seg_15.tcl (timeout 5h)
Output -> outputs/1_seven_seg_15.out
Finished: 1_seven_seg_15.tcl
----------------------------------------
Running: jg -batch 1_seven_seg_2.tcl (timeout 5h)
Output -> outputs/1_seven_seg_2.out
Finished: 1_seven_seg_2.tcl
----------------------------------------
Running: jg -batch 1_seven_seg_3.tcl (timeout 5h)
Output -> outputs/1_seven_seg_3.out
Finished: 1_seven_seg_3.tcl
----------------------------------------
Running: jg -batch 1_seven_seg_4.tcl (timeout 5h)
Output -> outputs/1_seven_seg_4.out
Finished: 1_seven_seg_4.tcl
----------------------------------------
Running: jg -batch 1_seven_seg_5.tcl (timeout 5h)
Output -> outputs/1_seven_seg_5.out
Finished: 1_seven_seg_5.tcl
----------------------------------------
Running: jg -batch 1_seven_seg_6.tcl (timeout 5h)
Output -> outputs/1_seven_seg_6.out
Finished: 1_seven_seg_6.tcl
----------------------------------------
Running: jg -batch 1_seven_seg_7.tcl (timeout 5h)
Output -> outputs/1_seven_seg_7.out
Finished: 1_seven_seg_7.tcl
----------------------------------------
Running: jg -batch 1_seven_seg_8.tcl (timeout 5h)
Output -> outputs/1_seven_seg_8.out
Finished: 1_seven_seg_8.tcl
----------------------------------------
Running: jg -batch 1_seven_seg_9.tcl (timeout 5h)
Output -> outputs/1_seven_seg_9.out
Finished: 1_seven_seg_9.tcl
----------------------------------------
Skipping 1_thermocouple_1.tcl, output already exists: outputs/1_thermocouple_1.out
Skipping 1_thermocouple_10.tcl, output already exists: outputs/1_thermocouple_10.out
Skipping 1_thermocouple_11.tcl, output already exists: outputs/1_thermocouple_11.out
Skipping 1_thermocouple_12.tcl, output already exists: outputs/1_thermocouple_12.out
Skipping 1_thermocouple_13.tcl, output already exists: outputs/1_thermocouple_13.out
Skipping 1_thermocouple_14.tcl, output already exists: outputs/1_thermocouple_14.out
Skipping 1_thermocouple_15.tcl, output already exists: outputs/1_thermocouple_15.out
Skipping 1_thermocouple_16.tcl, output already exists: outputs/1_thermocouple_16.out
Skipping 1_thermocouple_17.tcl, output already exists: outputs/1_thermocouple_17.out
Skipping 1_thermocouple_2.tcl, output already exists: outputs/1_thermocouple_2.out
Skipping 1_thermocouple_3.tcl, output already exists: outputs/1_thermocouple_3.out
Skipping 1_thermocouple_4.tcl, output already exists: outputs/1_thermocouple_4.out
Skipping 1_thermocouple_5.tcl, output already exists: outputs/1_thermocouple_5.out
Skipping 1_thermocouple_6.tcl, output already exists: outputs/1_thermocouple_6.out
Skipping 1_thermocouple_7.tcl, output already exists: outputs/1_thermocouple_7.out
Skipping 1_thermocouple_8.tcl, output already exists: outputs/1_thermocouple_8.out
Skipping 1_thermocouple_9.tcl, output already exists: outputs/1_thermocouple_9.out
Skipping 1_uart_transmit_1.tcl, output already exists: outputs/1_uart_transmit_1.out
Skipping 1_uart_transmit_10.tcl, output already exists: outputs/1_uart_transmit_10.out
Skipping 1_uart_transmit_2.tcl, output already exists: outputs/1_uart_transmit_2.out
Skipping 1_uart_transmit_3.tcl, output already exists: outputs/1_uart_transmit_3.out
Skipping 1_uart_transmit_4.tcl, output already exists: outputs/1_uart_transmit_4.out
Skipping 1_uart_transmit_5.tcl, output already exists: outputs/1_uart_transmit_5.out
Skipping 1_uart_transmit_6.tcl, output already exists: outputs/1_uart_transmit_6.out
Skipping 1_uart_transmit_7.tcl, output already exists: outputs/1_uart_transmit_7.out
Skipping 1_uart_transmit_8.tcl, output already exists: outputs/1_uart_transmit_8.out
Skipping 1_uart_transmit_9.tcl, output already exists: outputs/1_uart_transmit_9.out
Skipping 1_vga_1.tcl, output already exists: outputs/1_vga_1.out
Skipping 1_vga_10.tcl, output already exists: outputs/1_vga_10.out
Skipping 1_vga_2.tcl, output already exists: outputs/1_vga_2.out
Skipping 1_vga_3.tcl, output already exists: outputs/1_vga_3.out
Skipping 1_vga_4.tcl, output already exists: outputs/1_vga_4.out
Skipping 1_vga_5.tcl, output already exists: outputs/1_vga_5.out
Skipping 1_vga_6.tcl, output already exists: outputs/1_vga_6.out
Skipping 1_vga_7.tcl, output already exists: outputs/1_vga_7.out
Skipping 1_vga_8.tcl, output already exists: outputs/1_vga_8.out
Skipping 1_vga_9.tcl, output already exists: outputs/1_vga_9.out
Running: jg -batch 2_delay_1.tcl (timeout 5h)
Output -> outputs/2_delay_1.out
Finished: 2_delay_1.tcl
----------------------------------------
Running: jg -batch 2_delay_10.tcl (timeout 5h)
Output -> outputs/2_delay_10.out
Finished: 2_delay_10.tcl
----------------------------------------
Running: jg -batch 2_delay_11.tcl (timeout 5h)
Output -> outputs/2_delay_11.out
Finished: 2_delay_11.tcl
----------------------------------------
Running: jg -batch 2_delay_12.tcl (timeout 5h)
Output -> outputs/2_delay_12.out
Finished: 2_delay_12.tcl
----------------------------------------
Running: jg -batch 2_delay_13.tcl (timeout 5h)
Output -> outputs/2_delay_13.out
Finished: 2_delay_13.tcl
----------------------------------------
Running: jg -batch 2_delay_14.tcl (timeout 5h)
Output -> outputs/2_delay_14.out
Finished: 2_delay_14.tcl
----------------------------------------
Running: jg -batch 2_delay_15.tcl (timeout 5h)
Output -> outputs/2_delay_15.out
Finished: 2_delay_15.tcl
----------------------------------------
Running: jg -batch 2_delay_16.tcl (timeout 5h)
Output -> outputs/2_delay_16.out
Finished: 2_delay_16.tcl
----------------------------------------
Running: jg -batch 2_delay_2.tcl (timeout 5h)
Output -> outputs/2_delay_2.out
Finished: 2_delay_2.tcl
----------------------------------------
Running: jg -batch 2_delay_3.tcl (timeout 5h)
Output -> outputs/2_delay_3.out
Finished: 2_delay_3.tcl
----------------------------------------
Running: jg -batch 2_delay_4.tcl (timeout 5h)
Output -> outputs/2_delay_4.out
Finished: 2_delay_4.tcl
----------------------------------------
Running: jg -batch 2_delay_5.tcl (timeout 5h)
Output -> outputs/2_delay_5.out
Finished: 2_delay_5.tcl
----------------------------------------
Running: jg -batch 2_delay_6.tcl (timeout 5h)
Output -> outputs/2_delay_6.out
Finished: 2_delay_6.tcl
----------------------------------------
Running: jg -batch 2_delay_7.tcl (timeout 5h)
Output -> outputs/2_delay_7.out
Finished: 2_delay_7.tcl
----------------------------------------
Running: jg -batch 2_delay_8.tcl (timeout 5h)
Output -> outputs/2_delay_8.out
Finished: 2_delay_8.tcl
----------------------------------------
Running: jg -batch 2_delay_9.tcl (timeout 5h)
Output -> outputs/2_delay_9.out
Finished: 2_delay_9.tcl
----------------------------------------
Running: jg -batch 2_gray_1.tcl (timeout 5h)
Output -> outputs/2_gray_1.out
Finished: 2_gray_1.tcl
----------------------------------------
Running: jg -batch 2_gray_10.tcl (timeout 5h)
Output -> outputs/2_gray_10.out
Finished: 2_gray_10.tcl
----------------------------------------
Running: jg -batch 2_gray_11.tcl (timeout 5h)
Output -> outputs/2_gray_11.out
Finished: 2_gray_11.tcl
----------------------------------------
Running: jg -batch 2_gray_2.tcl (timeout 5h)
Output -> outputs/2_gray_2.out
Finished: 2_gray_2.tcl
----------------------------------------
Running: jg -batch 2_gray_3.tcl (timeout 5h)
Output -> outputs/2_gray_3.out
Finished: 2_gray_3.tcl
----------------------------------------
Running: jg -batch 2_gray_4.tcl (timeout 5h)
Output -> outputs/2_gray_4.out
Finished: 2_gray_4.tcl
----------------------------------------
Running: jg -batch 2_gray_5.tcl (timeout 5h)
Output -> outputs/2_gray_5.out
Finished: 2_gray_5.tcl
----------------------------------------
Running: jg -batch 2_gray_6.tcl (timeout 5h)
Output -> outputs/2_gray_6.out
Finished: 2_gray_6.tcl
----------------------------------------
Running: jg -batch 2_gray_7.tcl (timeout 5h)
Output -> outputs/2_gray_7.out
Finished: 2_gray_7.tcl
----------------------------------------
Running: jg -batch 2_gray_8.tcl (timeout 5h)
Output -> outputs/2_gray_8.out
Finished: 2_gray_8.tcl
----------------------------------------
Running: jg -batch 2_gray_9.tcl (timeout 5h)
Output -> outputs/2_gray_9.out
Finished: 2_gray_9.tcl
----------------------------------------
Running: jg -batch 2_seven_seg_1.tcl (timeout 5h)
Output -> outputs/2_seven_seg_1.out
Finished: 2_seven_seg_1.tcl
----------------------------------------
Running: jg -batch 2_seven_seg_10.tcl (timeout 5h)
Output -> outputs/2_seven_seg_10.out
Finished: 2_seven_seg_10.tcl
----------------------------------------
Running: jg -batch 2_seven_seg_11.tcl (timeout 5h)
Output -> outputs/2_seven_seg_11.out
Finished: 2_seven_seg_11.tcl
----------------------------------------
Running: jg -batch 2_seven_seg_12.tcl (timeout 5h)
Output -> outputs/2_seven_seg_12.out
Finished: 2_seven_seg_12.tcl
----------------------------------------
Running: jg -batch 2_seven_seg_13.tcl (timeout 5h)
Output -> outputs/2_seven_seg_13.out
Finished: 2_seven_seg_13.tcl
----------------------------------------
Running: jg -batch 2_seven_seg_14.tcl (timeout 5h)
Output -> outputs/2_seven_seg_14.out
Finished: 2_seven_seg_14.tcl
----------------------------------------
Running: jg -batch 2_seven_seg_15.tcl (timeout 5h)
Output -> outputs/2_seven_seg_15.out
Finished: 2_seven_seg_15.tcl
----------------------------------------
Running: jg -batch 2_seven_seg_2.tcl (timeout 5h)
Output -> outputs/2_seven_seg_2.out
Finished: 2_seven_seg_2.tcl
----------------------------------------
Running: jg -batch 2_seven_seg_3.tcl (timeout 5h)
Output -> outputs/2_seven_seg_3.out
Finished: 2_seven_seg_3.tcl
----------------------------------------
Running: jg -batch 2_seven_seg_4.tcl (timeout 5h)
Output -> outputs/2_seven_seg_4.out
Finished: 2_seven_seg_4.tcl
----------------------------------------
Running: jg -batch 2_seven_seg_5.tcl (timeout 5h)
Output -> outputs/2_seven_seg_5.out
Finished: 2_seven_seg_5.tcl
----------------------------------------
Running: jg -batch 2_seven_seg_6.tcl (timeout 5h)
Output -> outputs/2_seven_seg_6.out
Finished: 2_seven_seg_6.tcl
----------------------------------------
Running: jg -batch 2_seven_seg_7.tcl (timeout 5h)
Output -> outputs/2_seven_seg_7.out
Finished: 2_seven_seg_7.tcl
----------------------------------------
Running: jg -batch 2_seven_seg_8.tcl (timeout 5h)
Output -> outputs/2_seven_seg_8.out
Finished: 2_seven_seg_8.tcl
----------------------------------------
Running: jg -batch 2_seven_seg_9.tcl (timeout 5h)
Output -> outputs/2_seven_seg_9.out
Finished: 2_seven_seg_9.tcl
----------------------------------------
Running: jg -batch 3_gray_1.tcl (timeout 5h)
Output -> outputs/3_gray_1.out
Finished: 3_gray_1.tcl
----------------------------------------
Running: jg -batch 3_gray_10.tcl (timeout 5h)
Output -> outputs/3_gray_10.out
Finished: 3_gray_10.tcl
----------------------------------------
Running: jg -batch 3_gray_11.tcl (timeout 5h)
Output -> outputs/3_gray_11.out
Finished: 3_gray_11.tcl
----------------------------------------
Running: jg -batch 3_gray_2.tcl (timeout 5h)
Output -> outputs/3_gray_2.out
Finished: 3_gray_2.tcl
----------------------------------------
Running: jg -batch 3_gray_3.tcl (timeout 5h)
Output -> outputs/3_gray_3.out
Finished: 3_gray_3.tcl
----------------------------------------
Running: jg -batch 3_gray_4.tcl (timeout 5h)
Output -> outputs/3_gray_4.out
Finished: 3_gray_4.tcl
----------------------------------------
Running: jg -batch 3_gray_5.tcl (timeout 5h)
Output -> outputs/3_gray_5.out
Finished: 3_gray_5.tcl
----------------------------------------
Running: jg -batch 3_gray_6.tcl (timeout 5h)
Output -> outputs/3_gray_6.out
Finished: 3_gray_6.tcl
----------------------------------------
Running: jg -batch 3_gray_7.tcl (timeout 5h)
Output -> outputs/3_gray_7.out
Finished: 3_gray_7.tcl
----------------------------------------
Running: jg -batch 3_gray_8.tcl (timeout 5h)
Output -> outputs/3_gray_8.out
Finished: 3_gray_8.tcl
----------------------------------------
Running: jg -batch 3_gray_9.tcl (timeout 5h)
Output -> outputs/3_gray_9.out
Finished: 3_gray_9.tcl
----------------------------------------
All jobs finished.
