2025-11-26 23:11:23.468024 (8981) main____ INFO    ----------------------------------------
2025-11-26 23:11:23.468064 (8981) main____ INFO    Jasper version info
2025-11-26 23:11:23.468069 (8981) main____ INFO      tool      : Jasper 2024.06
2025-11-26 23:11:23.468072 (8981) main____ INFO      version   : 2024.06p002 64 bits
2025-11-26 23:11:23.468075 (8981) main____ INFO      build date: 2024.09.02 16:28:38 UTC
2025-11-26 23:11:23.468077 (8981) main____ INFO    ----------------------------------------
2025-11-26 23:11:23.468079 (8981) main____ INFO    Runtime info:
2025-11-26 23:11:23.468082 (8981) main____ INFO      platform  : Linux 3.10.0-1160.62.1.el7.x86_64 x86_64
2025-11-26 23:11:23.468087 (8981) main____ INFO      hostname  : vlsi-ria85
2025-11-26 23:11:23.468090 (8981) main____ INFO      pid       : 8981
2025-11-26 23:11:23.468093 (8981) main____ INFO      arguments : '-style' 'windows' '-proj' '../jgprojects/1_blink_15' '-batch' '1_blink_15.tcl'
2025-11-26 23:11:23.468096 (8981) main____ INFO      locale    : ANSI_X3.4-1968
2025-11-26 23:11:23.468098 (8981) main____ INFO    ----------------------------------------
2025-11-26 23:11:23.468099 (8981) main____ INFO    System resource limits info:
2025-11-26 23:11:23.468102 (8981) main____ INFO      virtual memory: unlimited
2025-11-26 23:11:23.468106 (8981) main____ INFO      cpu time      : unlimited
2025-11-26 23:11:23.468110 (8981) main____ INFO      processes     : 4096
2025-11-26 23:11:23.468116 (8981) main____ INFO      stack size    : 8388608 B
2025-11-26 23:11:23.468120 (8981) main____ INFO      core file size: 1024 B
2025-11-26 23:11:23.468122 (8981) main____ INFO      open files    : 4096
2025-11-26 23:11:23.468125 (8981) main____ INFO      file size     : unlimited
2025-11-26 23:11:23.468127 (8981) main____ INFO    ----------------------------------------
2025-11-26 23:11:23.468128 (8981) main____ INFO    Memory statistics:
2025-11-26 23:11:23.468131 (8981) main____ INFO      total physical memory  : 65714912 kB
2025-11-26 23:11:23.468133 (8981) main____ INFO      free physical memory   : 27878272 kB
2025-11-26 23:11:23.468135 (8981) main____ INFO      committed address space: 65581008 kB
2025-11-26 23:11:23.468137 (8981) main____ INFO    ----------------------------------------
2025-11-26 23:11:23.468670 (8981) main____ INFO    Important environment variables:
2025-11-26 23:11:23.468681 (8981) main____ INFO      CDS_ASSURA         : '/eda/cadence/2023-24/RHELx86/ASSURA_04.16.115_231'
2025-11-26 23:11:23.468685 (8981) main____ INFO      CDS_AUTO_64BIT     : 'ALL'
2025-11-26 23:11:23.468689 (8981) main____ INFO      CDS_CONFRML        : '/eda/cadence/2023-24/RHELx86/CONFRML_23.10.300'
2025-11-26 23:11:23.468692 (8981) main____ INFO      CDS_DDIEXPORT      : '/eda/cadence/2023-24/RHELx86/DDIEXPORT_22.33.000'
2025-11-26 23:11:23.468699 (8981) main____ INFO      CDS_EMX            : '/eda/cadence/2023-24/RHELx86/EMX_23.10.000'
2025-11-26 23:11:23.468703 (8981) main____ INFO      CDS_GENUS          : '/eda/cadence/2023-24/RHELx86/DDIEXPORT_22.33.000/GENUS221'
2025-11-26 23:11:23.468706 (8981) main____ INFO      CDS_IC             : '/eda/cadence/2023-24/RHELx86/IC_23.10.020'
2025-11-26 23:11:23.468709 (8981) main____ INFO      CDS_INNOVUS        : '/eda/cadence/2023-24/RHELx86/DDIEXPORT_22.33.000/INNOVUS221'
2025-11-26 23:11:23.468713 (8981) main____ INFO      CDS_JLS            : '/eda/cadence/2023-24/RHELx86/DDIEXPORT_22.33.000/JLS221'
2025-11-26 23:11:23.468718 (8981) main____ INFO      CDS_LIC_FILE       : '/etc/local/cadence/license_8x.3868dd0560aa:5280@132.68.59.69:/etc/local/cadence/license_8x.1831bfb82c67:5280@132.68.59.64:/etc/local/cadence/license_8x.0894ef683fc3:5280@132.68.59.79:/etc/local/cadence/license_8x.1831bfb82c67:5280@132.68.59.61'
2025-11-26 23:11:23.468722 (8981) main____ INFO      CDS_LITMUS         : '/eda/cadence/2023-24/RHELx86/LITMUS_23.10.300'
2025-11-26 23:11:23.468725 (8981) main____ INFO      CDS_MODUS          : '/eda/cadence/2023-24/RHELx86/MODUS_22.12.000'
2025-11-26 23:11:23.468728 (8981) main____ INFO      CDS_MVS            : '/eda/cadence/2023-24/RHELx86/MVS_21.12.000'
2025-11-26 23:11:23.468733 (8981) main____ INFO      CDS_Netlisting_Mode: 'Analog'
2025-11-26 23:11:23.468736 (8981) main____ INFO      CDS_PEGASUS        : '/eda/cadence/2023-24/RHELx86/PEGASUS_23.11.000'
2025-11-26 23:11:23.468739 (8981) main____ INFO      CDS_PEGASUSDFM     : '/eda/cadence/2023-24/RHELx86/PEGASUSDFM_23.11.000'
2025-11-26 23:11:23.468742 (8981) main____ INFO      CDS_PVS            : '/eda/cadence/2023-24/RHELx86/PVS_22.22.000'
2025-11-26 23:11:23.468745 (8981) main____ INFO      CDS_QUANTUS        : '/eda/cadence/2023-24/RHELx86/QUANTUS_23.10.000'
2025-11-26 23:11:23.468748 (8981) main____ INFO      CDS_SPECTRE        : '/eda/cadence/2023-24/RHELx86/SPECTRE_23.10.242'
2025-11-26 23:11:23.468751 (8981) main____ INFO      CDS_SSV            : '/eda/cadence/2023-24/RHELx86/SSV_22.13.000'
2025-11-26 23:11:23.468754 (8981) main____ INFO      CDS_USE_PALETTE    : ''
2025-11-26 23:11:23.468757 (8981) main____ INFO      CDS_VERISIUMDEBUG  : '/eda/cadence/2023-24/RHELx86/VERISIUMDEBUG_23.03.001'
2025-11-26 23:11:23.468760 (8981) main____ INFO      CDS_VIPCAT         : '/eda/cadence/2023-24/RHELx86/VIPCAT_11.30.093'
2025-11-26 23:11:23.468763 (8981) main____ INFO      CDS_VMANAGER       : '/eda/cadence/2023-24/RHELx86/VMANAGER_23.03.004'
2025-11-26 23:11:23.468766 (8981) main____ INFO      CDS_XCELIUM        : '/eda/cadence/2023-24/RHELx86/XCELIUM_23.03.007'
2025-11-26 23:11:23.468769 (8981) main____ INFO      DISPLAY            : 'localhost:18.0'
2025-11-26 23:11:23.468772 (8981) main____ INFO      JASPER_CPU_CHECK   : '1'
2025-11-26 23:11:23.468775 (8981) main____ INFO      JASPER_INSTALL_DIR : '/tools/cadence2425/JASPER/jasper_2024.06p002'
2025-11-26 23:11:23.468777 (8981) main____ INFO      JASPER_KERNEL_CHECK: '1'
2025-11-26 23:11:23.468780 (8981) main____ INFO      JASPER_OS_CHECK    : '1'
2025-11-26 23:11:23.468782 (8981) main____ INFO      LANG               : 'C'
2025-11-26 23:11:23.468785 (8981) main____ INFO      TMPDIR             : '/tmp'
2025-11-26 23:11:23.468787 (8981) main____ INFO    ----------------------------------------
2025-11-26 23:11:23.469175 (8981) lic_core INFO    Initializing license system ...
2025-11-26 23:11:23.472991 (8981) lic_core INFO    ... license system initialized.
2025-11-26 23:11:23.480820 (8981) lic__man INFO    Claim 'fpv' for <ui>.
2025-11-26 23:11:23.480850 (8981) lic_core INFO    (1) checking out 'jasper_fpv' ...
2025-11-26 23:11:23.614152 (8981) lic_core INFO    ... (1) checkout failed (error: -5) ("FLEXnet ERROR(-5, 0, 0): No such feature exists.")
2025-11-26 23:11:23.614171 (8981) lic_core INFO    (2) checking out 'jasper_fao' ...
2025-11-26 23:11:23.623407 (8981) lic_core INFO    ... (2) checkout succeeded
2025-11-26 23:11:23.647960 (8981) session_ INFO    Starting analysis session with session id 'session_0' (launcher: <local>) ...
2025-11-26 23:11:23.648897 (8981) session_ INFO    Analysis session with session id 'session_0' started (pid: 8999)
2025-11-26 23:11:24.213879 (8981) session_ INFO    Analysis session 'session_0' connected to the console (host: 127.0.0.1:36940)
2025-11-26 23:11:24.626815 (8981) lic__man INFO    Unclaim everything for 'session_0'.
2025-11-26 23:11:24.668630 (8981) lic__man INFO    Claim 'fpv' for 'session_0'.
2025-11-26 23:11:24.668644 (8981) lic__man INFO    Claim 'fpv' for 'session_0/prove-0'.
2025-11-26 23:14:26.952943 (8981) lic__man INFO    Unclaim everything for 'session_0/prove-0'.
2025-11-26 23:14:26.955136 (8981) main____ INFO    About to exit: request to exit with status 0 received from analysis session 'session_0'
2025-11-26 23:14:27.008116 (8981) session_ INFO    Analysis session 'session_0' disconnected.
2025-11-26 23:14:27.008174 (8981) lic__man INFO    Unclaim everything for 'session_0'.
2025-11-26 23:14:27.008244 (8981) session_ INFO    Process for analysis session 'session_0' has exited with exit status '0'.
2025-11-26 23:14:28.856675 (8981) lic_core INFO    (2) checkin jasper_fao
2025-11-26 23:14:28.857955 (8981) main____ INFO    Exiting with status 0.
