2025-11-19 23:36:04.036780 (10536) main____ INFO    ----------------------------------------
2025-11-19 23:36:04.036822 (10536) main____ INFO    Jasper version info
2025-11-19 23:36:04.036827 (10536) main____ INFO      tool      : Jasper 2024.06
2025-11-19 23:36:04.036831 (10536) main____ INFO      version   : 2024.06p002 64 bits
2025-11-19 23:36:04.036834 (10536) main____ INFO      build date: 2024.09.02 16:28:38 UTC
2025-11-19 23:36:04.036836 (10536) main____ INFO    ----------------------------------------
2025-11-19 23:36:04.036837 (10536) main____ INFO    Runtime info:
2025-11-19 23:36:04.036840 (10536) main____ INFO      platform  : Linux 3.10.0-1160.62.1.el7.x86_64 x86_64
2025-11-19 23:36:04.036845 (10536) main____ INFO      hostname  : vlsi-ria84
2025-11-19 23:36:04.036849 (10536) main____ INFO      pid       : 10536
2025-11-19 23:36:04.036851 (10536) main____ INFO      arguments : '-style' 'windows' '-proj' '../jgprojects/s1_delay_6' '-batch' 's1_delay_6.tcl'
2025-11-19 23:36:04.036854 (10536) main____ INFO      locale    : ANSI_X3.4-1968
2025-11-19 23:36:04.036856 (10536) main____ INFO    ----------------------------------------
2025-11-19 23:36:04.036857 (10536) main____ INFO    System resource limits info:
2025-11-19 23:36:04.036860 (10536) main____ INFO      virtual memory: unlimited
2025-11-19 23:36:04.036863 (10536) main____ INFO      cpu time      : unlimited
2025-11-19 23:36:04.036868 (10536) main____ INFO      processes     : 4096
2025-11-19 23:36:04.036873 (10536) main____ INFO      stack size    : 8388608 B
2025-11-19 23:36:04.036877 (10536) main____ INFO      core file size: 1024 B
2025-11-19 23:36:04.036879 (10536) main____ INFO      open files    : 4096
2025-11-19 23:36:04.036882 (10536) main____ INFO      file size     : unlimited
2025-11-19 23:36:04.036884 (10536) main____ INFO    ----------------------------------------
2025-11-19 23:36:04.036885 (10536) main____ INFO    Memory statistics:
2025-11-19 23:36:04.036888 (10536) main____ INFO      total physical memory  : 65711068 kB
2025-11-19 23:36:04.036890 (10536) main____ INFO      free physical memory   : 50108392 kB
2025-11-19 23:36:04.036892 (10536) main____ INFO      committed address space: 6851808 kB
2025-11-19 23:36:04.036894 (10536) main____ INFO    ----------------------------------------
2025-11-19 23:36:04.037435 (10536) main____ INFO    Important environment variables:
2025-11-19 23:36:04.037446 (10536) main____ INFO      CDS_ASSURA         : '/eda/cadence/2023-24/RHELx86/ASSURA_04.16.115_231'
2025-11-19 23:36:04.037451 (10536) main____ INFO      CDS_AUTO_64BIT     : 'ALL'
2025-11-19 23:36:04.037454 (10536) main____ INFO      CDS_CONFRML        : '/eda/cadence/2023-24/RHELx86/CONFRML_23.10.300'
2025-11-19 23:36:04.037457 (10536) main____ INFO      CDS_DDIEXPORT      : '/eda/cadence/2023-24/RHELx86/DDIEXPORT_22.33.000'
2025-11-19 23:36:04.037460 (10536) main____ INFO      CDS_EMX            : '/eda/cadence/2023-24/RHELx86/EMX_23.10.000'
2025-11-19 23:36:04.037464 (10536) main____ INFO      CDS_GENUS          : '/eda/cadence/2023-24/RHELx86/DDIEXPORT_22.33.000/GENUS221'
2025-11-19 23:36:04.037467 (10536) main____ INFO      CDS_IC             : '/eda/cadence/2023-24/RHELx86/IC_23.10.020'
2025-11-19 23:36:04.037470 (10536) main____ INFO      CDS_INNOVUS        : '/eda/cadence/2023-24/RHELx86/DDIEXPORT_22.33.000/INNOVUS221'
2025-11-19 23:36:04.037473 (10536) main____ INFO      CDS_JLS            : '/eda/cadence/2023-24/RHELx86/DDIEXPORT_22.33.000/JLS221'
2025-11-19 23:36:04.037478 (10536) main____ INFO      CDS_LIC_FILE       : '/etc/local/cadence/license_8x.3868dd0560aa:5280@132.68.59.69:/etc/local/cadence/license_8x.1831bfb82c67:5280@132.68.59.64:/etc/local/cadence/license_8x.0894ef683fc3:5280@132.68.59.79:/etc/local/cadence/license_8x.1831bfb82c67:5280@132.68.59.61'
2025-11-19 23:36:04.037485 (10536) main____ INFO      CDS_LITMUS         : '/eda/cadence/2023-24/RHELx86/LITMUS_23.10.300'
2025-11-19 23:36:04.037488 (10536) main____ INFO      CDS_MODUS          : '/eda/cadence/2023-24/RHELx86/MODUS_22.12.000'
2025-11-19 23:36:04.037491 (10536) main____ INFO      CDS_MVS            : '/eda/cadence/2023-24/RHELx86/MVS_21.12.000'
2025-11-19 23:36:04.037495 (10536) main____ INFO      CDS_Netlisting_Mode: 'Analog'
2025-11-19 23:36:04.037499 (10536) main____ INFO      CDS_PEGASUS        : '/eda/cadence/2023-24/RHELx86/PEGASUS_23.11.000'
2025-11-19 23:36:04.037502 (10536) main____ INFO      CDS_PEGASUSDFM     : '/eda/cadence/2023-24/RHELx86/PEGASUSDFM_23.11.000'
2025-11-19 23:36:04.037505 (10536) main____ INFO      CDS_PVS            : '/eda/cadence/2023-24/RHELx86/PVS_22.22.000'
2025-11-19 23:36:04.037508 (10536) main____ INFO      CDS_QUANTUS        : '/eda/cadence/2023-24/RHELx86/QUANTUS_23.10.000'
2025-11-19 23:36:04.037511 (10536) main____ INFO      CDS_SPECTRE        : '/eda/cadence/2023-24/RHELx86/SPECTRE_23.10.242'
2025-11-19 23:36:04.037514 (10536) main____ INFO      CDS_SSV            : '/eda/cadence/2023-24/RHELx86/SSV_22.13.000'
2025-11-19 23:36:04.037516 (10536) main____ INFO      CDS_USE_PALETTE    : ''
2025-11-19 23:36:04.037520 (10536) main____ INFO      CDS_VERISIUMDEBUG  : '/eda/cadence/2023-24/RHELx86/VERISIUMDEBUG_23.03.001'
2025-11-19 23:36:04.037523 (10536) main____ INFO      CDS_VIPCAT         : '/eda/cadence/2023-24/RHELx86/VIPCAT_11.30.093'
2025-11-19 23:36:04.037526 (10536) main____ INFO      CDS_VMANAGER       : '/eda/cadence/2023-24/RHELx86/VMANAGER_23.03.004'
2025-11-19 23:36:04.037529 (10536) main____ INFO      CDS_XCELIUM        : '/eda/cadence/2023-24/RHELx86/XCELIUM_23.03.007'
2025-11-19 23:36:04.037532 (10536) main____ INFO      DISPLAY            : 'localhost:11.0'
2025-11-19 23:36:04.037535 (10536) main____ INFO      JASPER_CPU_CHECK   : '1'
2025-11-19 23:36:04.037538 (10536) main____ INFO      JASPER_INSTALL_DIR : '/tools/cadence2425/JASPER/jasper_2024.06p002'
2025-11-19 23:36:04.037540 (10536) main____ INFO      JASPER_KERNEL_CHECK: '1'
2025-11-19 23:36:04.037543 (10536) main____ INFO      JASPER_OS_CHECK    : '1'
2025-11-19 23:36:04.037546 (10536) main____ INFO      LANG               : 'C'
2025-11-19 23:36:04.037548 (10536) main____ INFO      TMPDIR             : '/tmp'
2025-11-19 23:36:04.037550 (10536) main____ INFO    ----------------------------------------
2025-11-19 23:36:04.037935 (10536) lic_core INFO    Initializing license system ...
2025-11-19 23:36:04.039522 (10536) lic_core INFO    ... license system initialized.
2025-11-19 23:36:04.045316 (10536) lic__man INFO    Claim 'fpv' for <ui>.
2025-11-19 23:36:04.045341 (10536) lic_core INFO    (1) checking out 'jasper_fpv' ...
2025-11-19 23:36:04.058945 (10536) lic_core INFO    ... (1) checkout failed (error: -5) ("FLEXnet ERROR(-5, 0, 0): No such feature exists.")
2025-11-19 23:36:04.058960 (10536) lic_core INFO    (2) checking out 'jasper_fao' ...
2025-11-19 23:36:04.067489 (10536) lic_core INFO    ... (2) checkout succeeded
2025-11-19 23:36:04.089660 (10536) session_ INFO    Starting analysis session with session id 'session_0' (launcher: <local>) ...
2025-11-19 23:36:04.090462 (10536) session_ INFO    Analysis session with session id 'session_0' started (pid: 10554)
2025-11-19 23:36:04.606745 (10536) session_ INFO    Analysis session 'session_0' connected to the console (host: 127.0.0.1:46974)
2025-11-19 23:36:04.947513 (10536) lic__man INFO    Unclaim everything for 'session_0'.
2025-11-19 23:36:04.989845 (10536) lic__man INFO    Claim 'fpv' for 'session_0'.
2025-11-19 23:36:04.989858 (10536) lic__man INFO    Claim 'fpv' for 'session_0/prove-0'.
2025-11-19 23:36:05.065796 (10536) lic__man INFO    Unclaim everything for 'session_0/prove-0'.
2025-11-19 23:36:05.066836 (10536) main____ INFO    About to exit: request to exit with status 0 received from analysis session 'session_0'
2025-11-19 23:36:05.118925 (10536) session_ INFO    Analysis session 'session_0' disconnected.
2025-11-19 23:36:05.118986 (10536) lic__man INFO    Unclaim everything for 'session_0'.
2025-11-19 23:36:05.119066 (10536) session_ INFO    Process for analysis session 'session_0' has exited with exit status '0'.
2025-11-19 23:36:06.969355 (10536) lic_core INFO    (2) checkin jasper_fao
2025-11-19 23:36:06.970630 (10536) main____ INFO    Exiting with status 0.
