2025-11-17 19:00:43.630636 (1604) main____ INFO    ----------------------------------------
2025-11-17 19:00:43.630848 (1604) main____ INFO    Jasper version info
2025-11-17 19:00:43.630871 (1604) main____ INFO      tool      : Jasper 2024.06
2025-11-17 19:00:43.630893 (1604) main____ INFO      version   : 2024.06p002 64 bits
2025-11-17 19:00:43.630909 (1604) main____ INFO      build date: 2024.09.02 16:28:38 UTC
2025-11-17 19:00:43.630921 (1604) main____ INFO    ----------------------------------------
2025-11-17 19:00:43.630931 (1604) main____ INFO    Runtime info:
2025-11-17 19:00:43.630946 (1604) main____ INFO      platform  : Linux 3.10.0-1062.el7.x86_64 x86_64
2025-11-17 19:00:43.630975 (1604) main____ INFO      hostname  : vlsi-moon
2025-11-17 19:00:43.630992 (1604) main____ INFO      pid       : 1604
2025-11-17 19:00:43.631007 (1604) main____ INFO      arguments : '-style' 'windows' '-proj' '../jgprojects/blink_19' '-batch' 'blink_19.tcl'
2025-11-17 19:00:43.631021 (1604) main____ INFO      locale    : ANSI_X3.4-1968
2025-11-17 19:00:43.631032 (1604) main____ INFO    ----------------------------------------
2025-11-17 19:00:43.631043 (1604) main____ INFO    System resource limits info:
2025-11-17 19:00:43.631057 (1604) main____ INFO      virtual memory: unlimited
2025-11-17 19:00:43.631078 (1604) main____ INFO      cpu time      : unlimited
2025-11-17 19:00:43.631101 (1604) main____ INFO      processes     : 4096
2025-11-17 19:00:43.631128 (1604) main____ INFO      stack size    : 8388608 B
2025-11-17 19:00:43.631145 (1604) main____ INFO      core file size: 1024 B
2025-11-17 19:00:43.631159 (1604) main____ INFO      open files    : 4096
2025-11-17 19:00:43.631174 (1604) main____ INFO      file size     : unlimited
2025-11-17 19:00:43.631184 (1604) main____ INFO    ----------------------------------------
2025-11-17 19:00:43.631194 (1604) main____ INFO    Memory statistics:
2025-11-17 19:00:43.631209 (1604) main____ INFO      total physical memory  : 527831204 kB
2025-11-17 19:00:43.631222 (1604) main____ INFO      free physical memory   : 2324180 kB
2025-11-17 19:00:43.631234 (1604) main____ INFO      committed address space: 722514804 kB
2025-11-17 19:00:43.631245 (1604) main____ INFO    ----------------------------------------
2025-11-17 19:00:43.633920 (1604) main____ INFO    Important environment variables:
2025-11-17 19:00:43.633971 (1604) main____ INFO      CDS_ASSURA         : '/eda/cadence/2023-24/RHELx86/ASSURA_04.16.115_231'
2025-11-17 19:00:43.633991 (1604) main____ INFO      CDS_AUTO_64BIT     : 'ALL'
2025-11-17 19:00:43.634010 (1604) main____ INFO      CDS_CONFRML        : '/eda/cadence/2023-24/RHELx86/CONFRML_23.10.300'
2025-11-17 19:00:43.634028 (1604) main____ INFO      CDS_DDIEXPORT      : '/eda/cadence/2023-24/RHELx86/DDIEXPORT_22.33.000'
2025-11-17 19:00:43.634045 (1604) main____ INFO      CDS_EMX            : '/eda/cadence/2023-24/RHELx86/EMX_23.10.000'
2025-11-17 19:00:43.634064 (1604) main____ INFO      CDS_GENUS          : '/eda/cadence/2023-24/RHELx86/DDIEXPORT_22.33.000/GENUS221'
2025-11-17 19:00:43.634081 (1604) main____ INFO      CDS_IC             : '/eda/cadence/2023-24/RHELx86/IC_23.10.020'
2025-11-17 19:00:43.634100 (1604) main____ INFO      CDS_INNOVUS        : '/eda/cadence/2023-24/RHELx86/DDIEXPORT_22.33.000/INNOVUS221'
2025-11-17 19:00:43.634118 (1604) main____ INFO      CDS_JLS            : '/eda/cadence/2023-24/RHELx86/DDIEXPORT_22.33.000/JLS221'
2025-11-17 19:00:43.634147 (1604) main____ INFO      CDS_LIC_FILE       : '/etc/local/cadence/license_8x.3868dd0560aa:5280@132.68.59.69:/etc/local/cadence/license_8x.1831bfb82c67:5280@132.68.59.64:/etc/local/cadence/license_8x.0894ef683fc3:5280@132.68.59.79:/etc/local/cadence/license_8x.1831bfb82c67:5280@132.68.59.61'
2025-11-17 19:00:43.634166 (1604) main____ INFO      CDS_LITMUS         : '/eda/cadence/2023-24/RHELx86/LITMUS_23.10.300'
2025-11-17 19:00:43.634184 (1604) main____ INFO      CDS_MODUS          : '/eda/cadence/2023-24/RHELx86/MODUS_22.12.000'
2025-11-17 19:00:43.634201 (1604) main____ INFO      CDS_MVS            : '/eda/cadence/2023-24/RHELx86/MVS_21.12.000'
2025-11-17 19:00:43.634224 (1604) main____ INFO      CDS_Netlisting_Mode: 'Analog'
2025-11-17 19:00:43.634243 (1604) main____ INFO      CDS_PEGASUS        : '/eda/cadence/2023-24/RHELx86/PEGASUS_23.11.000'
2025-11-17 19:00:43.634260 (1604) main____ INFO      CDS_PEGASUSDFM     : '/eda/cadence/2023-24/RHELx86/PEGASUSDFM_23.11.000'
2025-11-17 19:00:43.634278 (1604) main____ INFO      CDS_PVS            : '/eda/cadence/2023-24/RHELx86/PVS_22.22.000'
2025-11-17 19:00:43.634295 (1604) main____ INFO      CDS_QUANTUS        : '/eda/cadence/2023-24/RHELx86/QUANTUS_23.10.000'
2025-11-17 19:00:43.634312 (1604) main____ INFO      CDS_SPECTRE        : '/eda/cadence/2023-24/RHELx86/SPECTRE_23.10.242'
2025-11-17 19:00:43.634328 (1604) main____ INFO      CDS_SSV            : '/eda/cadence/2023-24/RHELx86/SSV_22.13.000'
2025-11-17 19:00:43.634342 (1604) main____ INFO      CDS_USE_PALETTE    : ''
2025-11-17 19:00:43.634359 (1604) main____ INFO      CDS_VERISIUMDEBUG  : '/eda/cadence/2023-24/RHELx86/VERISIUMDEBUG_23.03.001'
2025-11-17 19:00:43.634376 (1604) main____ INFO      CDS_VIPCAT         : '/eda/cadence/2023-24/RHELx86/VIPCAT_11.30.093'
2025-11-17 19:00:43.634395 (1604) main____ INFO      CDS_VMANAGER       : '/eda/cadence/2023-24/RHELx86/VMANAGER_23.03.004'
2025-11-17 19:00:43.634412 (1604) main____ INFO      CDS_XCELIUM        : '/eda/cadence/2023-24/RHELx86/XCELIUM_23.03.007'
2025-11-17 19:00:43.634428 (1604) main____ INFO      DISPLAY            : 'localhost:10.0'
2025-11-17 19:00:43.634443 (1604) main____ INFO      JASPER_CPU_CHECK   : '1'
2025-11-17 19:00:43.634459 (1604) main____ INFO      JASPER_INSTALL_DIR : '/tools/cadence2425/JASPER/jasper_2024.06p002'
2025-11-17 19:00:43.634474 (1604) main____ INFO      JASPER_KERNEL_CHECK: '1'
2025-11-17 19:00:43.634488 (1604) main____ INFO      JASPER_OS_CHECK    : '1'
2025-11-17 19:00:43.634503 (1604) main____ INFO      LANG               : 'C'
2025-11-17 19:00:43.634518 (1604) main____ INFO      TMPDIR             : '/tmp'
2025-11-17 19:00:43.634529 (1604) main____ INFO    ----------------------------------------
2025-11-17 19:00:43.636470 (1604) lic_core INFO    Initializing license system ...
2025-11-17 19:00:43.649373 (1604) lic_core INFO    ... license system initialized.
2025-11-17 19:00:43.665961 (1604) lic__man INFO    Claim 'fpv' for <ui>.
2025-11-17 19:00:43.666105 (1604) lic_core INFO    (1) checking out 'jasper_fpv' ...
2025-11-17 19:00:43.691522 (1604) lic_core INFO    ... (1) checkout failed (error: -5) ("FLEXnet ERROR(-5, 0, 0): No such feature exists.")
2025-11-17 19:00:43.691597 (1604) lic_core INFO    (2) checking out 'jasper_fao' ...
2025-11-17 19:00:43.712866 (1604) lic_core INFO    ... (2) checkout succeeded
2025-11-17 19:00:43.745957 (1604) session_ INFO    Starting analysis session with session id 'session_0' (launcher: <local>) ...
2025-11-17 19:00:43.747432 (1604) session_ INFO    Analysis session with session id 'session_0' started (pid: 1622)
2025-11-17 19:00:45.815620 (1604) session_ INFO    Analysis session 'session_0' connected to the console (host: 127.0.0.1:38528)
2025-11-17 19:00:47.003143 (1604) lic__man INFO    Unclaim everything for 'session_0'.
2025-11-17 19:00:47.110620 (1604) lic__man INFO    Claim 'fpv' for 'session_0'.
2025-11-17 19:00:47.110681 (1604) lic__man INFO    Claim 'fpv' for 'session_0/prove-0'.
2025-11-17 19:03:58.391561 (1604) lic__man INFO    Unclaim everything for 'session_0/prove-0'.
2025-11-17 19:03:58.643449 (1604) main____ INFO    About to exit: request to exit with status 0 received from analysis session 'session_0'
2025-11-17 19:04:00.698002 (1604) session_ INFO    Analysis session 'session_0' disconnected.
2025-11-17 19:04:00.896637 (1604) lic_core INFO    (2) checkin jasper_fao
2025-11-17 19:04:00.930530 (1604) main____ INFO    Exiting with status 0.
