2025-11-18 03:02:12.135193 (23079) main____ INFO    ----------------------------------------
2025-11-18 03:02:12.135249 (23079) main____ INFO    Jasper version info
2025-11-18 03:02:12.135255 (23079) main____ INFO      tool      : Jasper 2024.06
2025-11-18 03:02:12.135262 (23079) main____ INFO      version   : 2024.06p002 64 bits
2025-11-18 03:02:12.135266 (23079) main____ INFO      build date: 2024.09.02 16:28:38 UTC
2025-11-18 03:02:12.135268 (23079) main____ INFO    ----------------------------------------
2025-11-18 03:02:12.135270 (23079) main____ INFO    Runtime info:
2025-11-18 03:02:12.135273 (23079) main____ INFO      platform  : Linux 3.10.0-1160.62.1.el7.x86_64 x86_64
2025-11-18 03:02:12.135280 (23079) main____ INFO      hostname  : vlsi-ria85
2025-11-18 03:02:12.135284 (23079) main____ INFO      pid       : 23079
2025-11-18 03:02:12.135287 (23079) main____ INFO      arguments : '-style' 'windows' '-proj' '../jgprojects/load_store_15' '-batch' 'load_store_15.tcl'
2025-11-18 03:02:12.135290 (23079) main____ INFO      locale    : ANSI_X3.4-1968
2025-11-18 03:02:12.135292 (23079) main____ INFO    ----------------------------------------
2025-11-18 03:02:12.135293 (23079) main____ INFO    System resource limits info:
2025-11-18 03:02:12.135296 (23079) main____ INFO      virtual memory: unlimited
2025-11-18 03:02:12.135313 (23079) main____ INFO      cpu time      : unlimited
2025-11-18 03:02:12.135318 (23079) main____ INFO      processes     : 4096
2025-11-18 03:02:12.135324 (23079) main____ INFO      stack size    : 8388608 B
2025-11-18 03:02:12.135327 (23079) main____ INFO      core file size: 1024 B
2025-11-18 03:02:12.135330 (23079) main____ INFO      open files    : 4096
2025-11-18 03:02:12.135332 (23079) main____ INFO      file size     : unlimited
2025-11-18 03:02:12.135334 (23079) main____ INFO    ----------------------------------------
2025-11-18 03:02:12.135336 (23079) main____ INFO    Memory statistics:
2025-11-18 03:02:12.135338 (23079) main____ INFO      total physical memory  : 65714912 kB
2025-11-18 03:02:12.135341 (23079) main____ INFO      free physical memory   : 12374800 kB
2025-11-18 03:02:12.135343 (23079) main____ INFO      committed address space: 176703920 kB
2025-11-18 03:02:12.135345 (23079) main____ INFO    ----------------------------------------
2025-11-18 03:02:12.135926 (23079) main____ INFO    Important environment variables:
2025-11-18 03:02:12.135939 (23079) main____ INFO      CDS_ASSURA         : '/eda/cadence/2023-24/RHELx86/ASSURA_04.16.115_231'
2025-11-18 03:02:12.135943 (23079) main____ INFO      CDS_AUTO_64BIT     : 'ALL'
2025-11-18 03:02:12.135947 (23079) main____ INFO      CDS_CONFRML        : '/eda/cadence/2023-24/RHELx86/CONFRML_23.10.300'
2025-11-18 03:02:12.135950 (23079) main____ INFO      CDS_DDIEXPORT      : '/eda/cadence/2023-24/RHELx86/DDIEXPORT_22.33.000'
2025-11-18 03:02:12.135954 (23079) main____ INFO      CDS_EMX            : '/eda/cadence/2023-24/RHELx86/EMX_23.10.000'
2025-11-18 03:02:12.135957 (23079) main____ INFO      CDS_GENUS          : '/eda/cadence/2023-24/RHELx86/DDIEXPORT_22.33.000/GENUS221'
2025-11-18 03:02:12.135961 (23079) main____ INFO      CDS_IC             : '/eda/cadence/2023-24/RHELx86/IC_23.10.020'
2025-11-18 03:02:12.135964 (23079) main____ INFO      CDS_INNOVUS        : '/eda/cadence/2023-24/RHELx86/DDIEXPORT_22.33.000/INNOVUS221'
2025-11-18 03:02:12.135967 (23079) main____ INFO      CDS_JLS            : '/eda/cadence/2023-24/RHELx86/DDIEXPORT_22.33.000/JLS221'
2025-11-18 03:02:12.135974 (23079) main____ INFO      CDS_LIC_FILE       : '/etc/local/cadence/license_8x.3868dd0560aa:5280@132.68.59.69:/etc/local/cadence/license_8x.1831bfb82c67:5280@132.68.59.64:/etc/local/cadence/license_8x.0894ef683fc3:5280@132.68.59.79:/etc/local/cadence/license_8x.1831bfb82c67:5280@132.68.59.61'
2025-11-18 03:02:12.135983 (23079) main____ INFO      CDS_LITMUS         : '/eda/cadence/2023-24/RHELx86/LITMUS_23.10.300'
2025-11-18 03:02:12.135986 (23079) main____ INFO      CDS_MODUS          : '/eda/cadence/2023-24/RHELx86/MODUS_22.12.000'
2025-11-18 03:02:12.135989 (23079) main____ INFO      CDS_MVS            : '/eda/cadence/2023-24/RHELx86/MVS_21.12.000'
2025-11-18 03:02:12.135995 (23079) main____ INFO      CDS_Netlisting_Mode: 'Analog'
2025-11-18 03:02:12.135998 (23079) main____ INFO      CDS_PEGASUS        : '/eda/cadence/2023-24/RHELx86/PEGASUS_23.11.000'
2025-11-18 03:02:12.136002 (23079) main____ INFO      CDS_PEGASUSDFM     : '/eda/cadence/2023-24/RHELx86/PEGASUSDFM_23.11.000'
2025-11-18 03:02:12.136005 (23079) main____ INFO      CDS_PVS            : '/eda/cadence/2023-24/RHELx86/PVS_22.22.000'
2025-11-18 03:02:12.136009 (23079) main____ INFO      CDS_QUANTUS        : '/eda/cadence/2023-24/RHELx86/QUANTUS_23.10.000'
2025-11-18 03:02:12.136012 (23079) main____ INFO      CDS_SPECTRE        : '/eda/cadence/2023-24/RHELx86/SPECTRE_23.10.242'
2025-11-18 03:02:12.136015 (23079) main____ INFO      CDS_SSV            : '/eda/cadence/2023-24/RHELx86/SSV_22.13.000'
2025-11-18 03:02:12.136017 (23079) main____ INFO      CDS_USE_PALETTE    : ''
2025-11-18 03:02:12.136021 (23079) main____ INFO      CDS_VERISIUMDEBUG  : '/eda/cadence/2023-24/RHELx86/VERISIUMDEBUG_23.03.001'
2025-11-18 03:02:12.136024 (23079) main____ INFO      CDS_VIPCAT         : '/eda/cadence/2023-24/RHELx86/VIPCAT_11.30.093'
2025-11-18 03:02:12.136029 (23079) main____ INFO      CDS_VMANAGER       : '/eda/cadence/2023-24/RHELx86/VMANAGER_23.03.004'
2025-11-18 03:02:12.136033 (23079) main____ INFO      CDS_XCELIUM        : '/eda/cadence/2023-24/RHELx86/XCELIUM_23.03.007'
2025-11-18 03:02:12.136036 (23079) main____ INFO      DISPLAY            : 'localhost:13.0'
2025-11-18 03:02:12.136038 (23079) main____ INFO      JASPER_CPU_CHECK   : '1'
2025-11-18 03:02:12.136041 (23079) main____ INFO      JASPER_INSTALL_DIR : '/tools/cadence2425/JASPER/jasper_2024.06p002'
2025-11-18 03:02:12.136044 (23079) main____ INFO      JASPER_KERNEL_CHECK: '1'
2025-11-18 03:02:12.136047 (23079) main____ INFO      JASPER_OS_CHECK    : '1'
2025-11-18 03:02:12.136049 (23079) main____ INFO      LANG               : 'C'
2025-11-18 03:02:12.136052 (23079) main____ INFO      TMPDIR             : '/tmp'
2025-11-18 03:02:12.136054 (23079) main____ INFO    ----------------------------------------
2025-11-18 03:02:12.136470 (23079) lic_core INFO    Initializing license system ...
2025-11-18 03:02:12.190295 (23079) lic_core INFO    ... license system initialized.
2025-11-18 03:02:12.234580 (23079) lic__man INFO    Claim 'fpv' for <ui>.
2025-11-18 03:02:12.234612 (23079) lic_core INFO    (1) checking out 'jasper_fpv' ...
2025-11-18 03:02:12.770445 (23079) lic_core INFO    ... (1) checkout failed (error: -5) ("FLEXnet ERROR(-5, 0, 0): No such feature exists.")
2025-11-18 03:02:12.770466 (23079) lic_core INFO    (2) checking out 'jasper_fao' ...
2025-11-18 03:02:12.779202 (23079) lic_core INFO    ... (2) checkout succeeded
2025-11-18 03:02:12.816448 (23079) session_ INFO    Starting analysis session with session id 'session_0' (launcher: <local>) ...
2025-11-18 03:02:12.817434 (23079) session_ INFO    Analysis session with session id 'session_0' started (pid: 23128)
2025-11-18 03:02:13.583343 (23079) session_ INFO    Analysis session 'session_0' connected to the console (host: 127.0.0.1:42538)
2025-11-18 03:02:14.244494 (23079) lic__man INFO    Unclaim everything for 'session_0'.
2025-11-18 03:02:14.287975 (23079) lic__man INFO    Claim 'fpv' for 'session_0'.
2025-11-18 03:02:14.287992 (23079) lic__man INFO    Claim 'fpv' for 'session_0/prove-0'.
