# ----------------------------------------
# Jasper Version Info
# tool      : Jasper 2024.06
# platform  : Linux 3.10.0-1160.62.1.el7.x86_64
# version   : 2024.06p002 64 bits
# build date: 2024.09.02 16:28:38 UTC
# ----------------------------------------
# started   : 2025-11-20 02:15:07 IST
# hostname  : vlsi-ria85.vlsidomain
# pid       : 29700
# arguments : '-label' 'session_0' '-console' '//127.0.0.1:34278' '-nowindow' '-style' 'windows' '-exitonerror' '-data' 'AAAA0nicY2RgYLCp////PwMYMD6A0Aw2jAyoAMRnQhUJbEChGRhYYZphSliAmItBl6GAoYghnyELyNMDQ30gOx0umsqQzFDCUAwUNWKIZ0gB8nMYEhkqgWxToA4eoP4kIL8EqCoDyJfCokoPLJsDthMAxR4YBw==' '-proj' '/users/rompel/jasper_executions/liveness/jgprojects/2_delay_5/sessionLogs/session_0' '-init' '-hidden' '/users/rompel/jasper_executions/liveness/jgprojects/2_delay_5/.tmp/.initCmds.tcl' '2_delay_5.tcl' '-hidden' '/users/rompel/jasper_executions/liveness/jgprojects/2_delay_5/.tmp/.postCmds.tcl'

Any disclosure about the Cadence Design Systems software or its use
model to any third party violates the written Non-Disclosure Agreement
between Cadence Design Systems, Inc. and the customer.

THIS SOFTWARE CONTAINS CONFIDENTIAL INFORMATION AND TRADE SECRETS OF
CADENCE DESIGN SYSTEMS, INC. USE, DISCLOSURE, OR REPRODUCTION IS
PROHIBITED WITHOUT THE PRIOR EXPRESS WRITTEN PERMISSION OF CADENCE
DESIGN SYSTEMS, INC.

Copyright (C) 2000-2024 Cadence Design Systems, Inc. All Rights
Reserved.  Unpublished -- rights reserved under the copyright laws of
the United States.

This product includes software developed by others and redistributed
according to license agreement. See doc/third_party_readme.txt for
further details.

RESTRICTED RIGHTS LEGEND

Use, duplication, or disclosure by the Government is subject to
restrictions as set forth in subparagraph (c) (1) (ii) of the Rights in
Technical Data and Computer Software clause at DFARS 252.227-7013 or
subparagraphs (c) (1) and (2) of Commercial Computer Software -- Restricted
Rights at 48 CFR 52.227-19, as applicable.


                          Cadence Design Systems, Inc.
                          2655 Seely Avenue
                          San Jose, CA 95134
                          Phone: 408.943.1234

For technical assistance visit http://support.cadence.com.

Jasper Apps Analysis Session - /users/rompel/jasper_executions/liveness/jgprojects/2_delay_5/sessionLogs/session_0

WARNING (WG017): [session]: The system's locale is "ANSI_X3.4-1968", which is not UTF-8. Non-ASCII characters might not be handled correctly.
WARNING (WG017): [jg_console]: The system's locale is "ANSI_X3.4-1968", which is not UTF-8. Non-ASCII characters might not be handled correctly.
INFO: successfully checked out license "jasper_fao".
INFO: reading configuration file "/users/rompel/.config/cadence/jasper.conf".
% analyze -sv09 ../2_delay_5.sv
[-- (VERI-1482)] Analyzing Verilog file '/tools/cadence2425/JASPER/jasper_2024.06p002/lib/verilog/packages/std/std.sv' into library 'std'
[-- (VERI-1482)] Analyzing Verilog file '../2_delay_5.sv'
% elaborate -bbox_mul 1000000 -bbox_div 1000000 -bbox_mod 1000000 -bbox_a 1000000
[INFO (HIER-8002)] ../2_delay_5.sv(13): Disabling old hierarchical reference handler
[INFO (VERI-1018)] ../2_delay_5.sv(1): compiling module 'DELAY'
[WARN (VERI-1209)] ../2_delay_5.sv(10): expression size 32 truncated to fit in target size 13
INFO (ISW003): Top module name is "DELAY".
INFO (INL208): Elaboration synthesis summary:
  Number of synthesized netlists          1 (0 packages)
  Single run mode                         On
  Pipeline                                On (1 pipelined netlists)
  Late hierarchical reference connection  On
  Number of analyzed Verilog modules      1 (1 synthesized)
  Number of analyzed VHDL entities        0 (0 synthesized)
INFO (INL003): Clearing all state information (assumes, stopats, and so forth).
DELAY
[<embedded>] % reset rst
INFO (IPM031): Clearing proof results of all properties.
INFO (IRS006): Current reset condition is "rst".
[<embedded>] % clock clk
[<embedded>] % prove -all
Ncustom1: Custom engine code is hT3Ng7hPPfiYQOTDZ3qhYOwGAM51eA+J/FjkM5shLioAsqhgLR4Ft+O1BuKG6ilQ83B9tLXSl+CwjiTMAQA
Bcustom2: Custom engine code is hT3Nm7hPr1Vp3Di1Ra2USNIGL4JypRnLKLAdF6JAyuavO2JfGCiY9OZJhcAcOUnLx5xwNdhILGrAWX9s+z2WDkKwNR7tAfClBEjRFVQeq6DU54boFgEA
AMcustom3: Custom engine code is hT3Ng7hP/feYQOTDZ3qhYOwGAM51eA+J/FjkM5shLioAsqhgLR4Ft+O1BuKG6ilQ83B9tLXSmmqwm7g9AQA
Mpcustom4: Custom engine code is hT3NZbhP9fmY2AbBQnsjfOxn6c+6e6yL+/e8fZFmaQrnlgEA
INFO (IPF036): Starting proof on task: "<embedded>", 2 properties to prove with 0 already proven/unreachable
INFO (IRS029): Starting reset analysis: phase 1 of 4.
INFO (IRS030): Running reset analysis: phase 2 of 4.
INFO (IRS031): Running reset analysis: phase 3 of 4.
INFO (IRS020): Starting the reset analysis simulation with a limit of 100 iterations (phase 4 of 4).
INFO (IRS024): Reset iterations 0 to 4 analyzed.
INFO (IRS018): Reset analysis simulation executed for 3 iterations. Assigned values for 13 of 13 design flops, 0 of 0 design latches, 6 of 6 internal elements.
INFO (IRS039): Reset analysis complete.
INFO (IPF031): Settings used for proof thread 0:
    orchestration                 = on
    time_limit                    = 86400s
    per_property_time_limit       = 1s * 10 ^ scan
    engine_mode                   = auto
    proofgrid_per_engine_max_jobs = 1
    max engine jobs               = auto
    proofgrid_mode                = local
    proofgrid_restarts            = 10
0: Using multistage preprocessing
AMcustom5: Custom engine code is hT3N1rhP11/52HrFRS21ROp2LOjVTgPvT8L8BGXHgLhaIuqtT4nARFjUqrBL+7pLmaTOzBepZW/Jm8SSrHDybSQtoNiO3y43wk+dEoWlsZizu97Fih6O6lPVG/LpWP5SsUPwlGagLNa1FKEFvwVXyX7//8prySbvSxIHXr5er+z4RAEA
0: Starting reduce
Ncustom6: Custom engine code is hT3OXrhPByJp3TrFSTLhUmMH4KVtJgmTCnNDF46yMXOKY48m4LS5nE7yBzFjA7kDuwO/GhGUpEPiky3p3wmPn3dJZHxFMsafSoObRzSC+tn7sEY0WbTdZ/FV4hL3MYH/b1CIUvXSWR4wqEoVLsmMOD4xIPT4lI1LO6ZCO7PnnWQuLwetnvKlrXx6wCW/A+x+enqslg1YPobi4wEF/EvbzOvcTYdJvl2s4H2yZg2b2ofAVN5WvhWk1HoBAA
ADcustom7: Custom engine code is hT3Nv7hPv1752HrFRa2kROx2f/ECJeZB2AZsLdlO8VwmIuqtT4nIDFXclhg+O+o+DMmQCekbheGk0kK28laA9gaOFDXsQp29J3X615HY1IPHJWd6FUFvCHjO+p1k652b5JJvZlShNpGlGSXAiQe/mEAj6tEBAA
Tricustom8: Custom engine code is hT3Nu7hPt1752DvFRa0kNDiyIV97VyejwM9C/jCLJjdPvusZONHY42VYUy0Q1ZotnhcVtNc56tJ5wbxv6V2+XpdsaSlHck5vfnbYjdwj1OECy9U+7oSQ0SZE3g5ayD+Phuh4odCJTjeKa2k4elM9ldQfkAEA
Gcustom9: Custom engine code is hT3NibhPDfeYQADBZnYcglOvK9Pfd7EOeniIqP8jNsyIqInncipMGcUXqAadachREE9F2PwhBUZUNw5kHnd4JdXkamORRgEA
C2custom10: Custom engine code is hT3NirhPjfWYQADBZnYcglOvK9Pfd7EOeniIqP8jNsyIqInncgkrYMMXCYbdK0dUjZIF9d4cJ0rHoBDjwVLBKuG86XYVV00BAA
AGcustom11: Custom engine code is hT3NirhP/fmYQADBZnYcglOvK9Pfd7EOeniIqP8jNsyIqInnckcwYMMXCYbdK0dUjZIF9d4cJ0rHoBDjwVLBKuHEZnZByh0BAA
Bcustom12: Custom engine code is hT3NjrhPDfiYQADBZnYcglOvK9PfWxFtenjIyBqfrgr7if/jL/yPOuK1BAflEcW0DxNH2eDIoezN2gxlQFg81RZtiWXh7aiTAidvAQA
0: Finished reduce in 0s
Ncustom13: Custom engine code is hT3NR7hPByFp3TrFSTLhUmMH4KWtJglTyV/c51BHEeZWamnJv767nE6PCak26bd3gf3XGN3rIRheufhDieCJQVISo+gNYUKhiUedBKGtsP/a18svAnlMJZudHxDFwK5ufsyoxsIyiAeSY2oi3tEuoDHr5gw42DFKAG3PqO3CEsl8Azzdt3pl5nGA1Ifv2H02eYsFzWb/nfp8PMb3F0krE/EgBcm8TD9Div8BAA
Tricustom14: Custom engine code is hT3Nu7hP3fiYQADBZnYcglNHp9bfd7EOeniIqP/ji8sGLQu8yhsFO+wxJ+O+R0bU8g/IewXFomyos+viQnWc2xYNYmMqpo3i40O7DaZR7qfp4YqNx26KRvQ/qx0BAA
0.0.PRE: Performing Proof Simplification...
0.0.N: clocks: 1, declared: 1, looping: 0, posedge: 1, negedge: 0, noedge: 0, bothedge: 0
0.0.N: Proof Simplification Iteration 1	[0.00 s]
0.0.PRE: A trace with 1 cycles was found. [0.00 s]
INFO (IPF047): 0.0.PRE: The cover property "DELAY.p1:precondition1" was covered in 1 cycles in 0.00 s.
0.0.N: Proof Simplification Iteration 2	[0.05 s]
0.0.PRE: A proof was found: No trace exists. [0.00 s]
INFO (IPF057): 0.0.PRE: The property ":noDeadEnd" was proven in 0.00 s.
    Use check_assumptions -show -dead_end to show this property in the property table.
0.0.PRE: A proof was found: No trace exists. [0.00 s]
INFO (IPF057): 0.0.PRE: The property ":noConflict" was proven in 0.00 s.
    Use check_assumptions -show to show this property in the property table.
INFO (IPF047): 0.0.PRE: The cover property ":live" was covered in 1 cycles in 0.00 s.
    Use check_assumptions -show -live to show this property in the property table.
0.0.PRE: Proof Simplification completed in 0.05 s
0: About to start ProofGrid in its own thread with a limit of 10000 pending notifications and a limit of 10 traces.
0: =============================== ProofGrid start ===============================
0: ProofGrid usable level: 1
0: Initial ProofGrid level: 1
0: ProofGrid is starting event handling
0.0.N: Proofgrid shell started at 29793@vlsi-ria85(local) jg_29700_vlsi-ria85_1
0.0.Hp: Proofgrid shell started at 29794@vlsi-ria85(local) jg_29700_vlsi-ria85_1
0.0.N: clocks: 1, declared: 1, looping: 0, posedge: 1, negedge: 0, noedge: 0, bothedge: 0
0.0.N: Last scan. Per property time limit: 0s
0.0.N: Starting proof for property "DELAY.p1"	[0.00 s].
0.0.Hp: clocks: 1, declared: 1, looping: 0, posedge: 1, negedge: 0, noedge: 0, bothedge: 0
0.0.Hp: Last scan. Per property time limit: 0s
0.0.Hp: Trace Attempt  1	[0.00 s]
0.0.Hp: Trace Attempt  2	[0.00 s]
0.0.Hp: Trace Attempt  3	[0.00 s]
0.0.Hp: Trace Attempt  4	[0.00 s]
0.0.Hp: Trace Attempt  5	[0.00 s]
0.0.N: Trace Attempt  1	[0.00 s]
0.0.N: Trace Attempt  2	[0.00 s]
0.0.N: Trace Attempt  2	[0.00 s]
0.0.N: Trace Attempt  3	[0.00 s]
0.0.N: Trace Attempt  4	[0.00 s]
0.0.N: Trace Attempt  4	[0.00 s]
0.0.N: Trace Attempt  5	[0.00 s]
0.0.N: Trace Attempt  1	[0.01 s]
0.0.N: Trace Attempt  2	[0.01 s]
0.0.N: Trace Attempt  3	[0.01 s]
0.0.N: Trace Attempt  4	[0.01 s]
0.0.N: Trace Attempt  5	[0.01 s]
0.0.Mpcustom4: Proofgrid shell started at 29831@vlsi-ria85(local) jg_29700_vlsi-ria85_1
0.0.L: Proofgrid shell started at 29833@vlsi-ria85(local) jg_29700_vlsi-ria85_1
0.0.Mpcustom4: clocks: 1, declared: 1, looping: 0, posedge: 1, negedge: 0, noedge: 0, bothedge: 0
0.0.Mpcustom4: Ignoring liveness properties
0.0.Mpcustom4: All properties either determined or skipped. [0.00 s]
0.0.Oh: Proofgrid shell started at 29832@vlsi-ria85(local) jg_29700_vlsi-ria85_1
0.0.Oh: clocks: 1, declared: 1, looping: 0, posedge: 1, negedge: 0, noedge: 0, bothedge: 0
0.0.Mpcustom4: Exited with Success (@ 0.04 s)
0.0.Mpcustom4: Completed, Restart ignored.
0.0.Oh: Reached length limit (2147483647) [0.00 s]
0.0.L: clocks: 1, declared: 1, looping: 0, posedge: 1, negedge: 0, noedge: 0, bothedge: 0
0.0.Ht: Proofgrid shell started at 29829@vlsi-ria85(local) jg_29700_vlsi-ria85_1
0.0.Bm: Proofgrid shell started at 29830@vlsi-ria85(local) jg_29700_vlsi-ria85_1
0.0.Oh: Exited with Success (@ 0.05 s)
0.0.L: Using trace diversification with seed 1 (0.05)
0.0.L: Using LRU state removal heuristic
0.0.L: Ignoring liveness properties
0.0.L: All properties either determined or skipped. [0.00 s]
0.0.L: Exited with Success (@ 0.05 s)
0.0.L: Completed, Restart ignored.
0.0.Ht: clocks: 1, declared: 1, looping: 0, posedge: 1, negedge: 0, noedge: 0, bothedge: 0
0.0.Ht: Last scan. Per property time limit: 0s
0.0.Ht: Trace Attempt  1	[0.00 s]
0.0.Ht: Trace Attempt  2	[0.00 s]
0.0.Ht: Trace Attempt  3	[0.00 s]
0.0.Ht: Trace Attempt  4	[0.00 s]
0.0.Ht: Trace Attempt  5	[0.00 s]
0.0.Bm: clocks: 1, declared: 1, looping: 0, posedge: 1, negedge: 0, noedge: 0, bothedge: 0
0.0.Bm: Ignoring liveness properties
0.0.Bm: Last scan. Per property time limit: 0s
0.0.Bm: Trace Attempt  1	[0.00 s]
0.0.Bm: Trace Attempt  2	[0.00 s]
0.0.Bm: Trace Attempt  3	[0.00 s]
0.0.Bm: Trace Attempt  4	[0.00 s]
0.0.Bm: Trace Attempt  5	[0.00 s]
0.0.B: Proofgrid shell started at 29868@vlsi-ria85(local) jg_29700_vlsi-ria85_1
0.0.AM: Proofgrid shell started at 29884@vlsi-ria85(local) jg_29700_vlsi-ria85_1
0.0.AM: clocks: 1, declared: 1, looping: 0, posedge: 1, negedge: 0, noedge: 0, bothedge: 0
0.0.AM: Last scan. Per property time limit: 0s
0.0.AM: Starting proof for property "DELAY.p1"	[0.00 s].
0.0.AM: Trace Attempt  1	[0.00 s]
0.0.B: clocks: 1, declared: 1, looping: 0, posedge: 1, negedge: 0, noedge: 0, bothedge: 0
0.0.B: Last scan. Per property time limit: 0s
0.0.B: Starting proof for property "DELAY.p1"	[0.00 s].
0.0.AM: Trace Attempt  2	[0.00 s]
0.0.B: Trace Attempt  1	[0.00 s]
0.0.B: Trace Attempt  2	[0.00 s]
0.0.B: Trace Attempt  3	[0.00 s]
0.0.B: Trace Attempt  4	[0.00 s]
0.0.B: Trace Attempt  5	[0.00 s]
0.0.AM: Trace Attempt  3	[0.00 s]
0.0.AM: Trace Attempt  4	[0.00 s]
0.0.AM: Trace Attempt  5	[0.00 s]
0.0.AM: Trace Attempt  1	[0.00 s]
0.0.AM: Trace Attempt  2	[0.00 s]
0.0.AM: Trace Attempt  3	[0.00 s]
0.0.AM: Trace Attempt  4	[0.00 s]
0.0.AM: Trace Attempt  5	[0.00 s]
0.0.AM: Trace Attempt  1	[0.01 s]
0.0.AM: Trace Attempt  2	[0.01 s]
0.0.AM: Trace Attempt  3	[0.01 s]
0.0.AM: Trace Attempt  4	[0.01 s]
0.0.AM: Trace Attempt  5	[0.01 s]
0.0.N: Trace Attempt  1	[0.09 s]
0.0.N: Trace Attempt  2	[0.09 s]
0.0.N: Trace Attempt  3	[0.09 s]
0.0.N: Trace Attempt  4	[0.09 s]
0.0.N: Trace Attempt  5	[0.10 s]
0.0.AM: Trace Attempt  1	[0.03 s]
0.0.AM: Trace Attempt  2	[0.03 s]
0.0.AM: Trace Attempt  3	[0.03 s]
0.0.AM: Trace Attempt  4	[0.03 s]
0.0.AM: Trace Attempt  5	[0.04 s]
0.0.AM: Trace Attempt  1	[0.12 s]
0.0.AM: Trace Attempt  2	[0.12 s]
0.0.AM: Trace Attempt  3	[0.12 s]
0.0.AM: Trace Attempt  4	[0.12 s]
0.0.AM: Trace Attempt  5	[0.12 s]
0.0.N: Trace Attempt  1	[0.48 s]
0.0.N: Trace Attempt  2	[0.48 s]
0.0.N: Trace Attempt  3	[0.48 s]
0.0.N: Trace Attempt  4	[0.48 s]
0.0.N: Trace Attempt  5	[0.49 s]
0.0.AM: Trace Attempt  1	[0.44 s]
0.0.AM: Trace Attempt  2	[0.44 s]
0.0.AM: Trace Attempt  3	[0.44 s]
0.0.AM: Trace Attempt  4	[0.44 s]
0.0.AM: Trace Attempt  5	[0.44 s]
0.0.N: Trace Attempt  1	[1.81 s]
0.0.N: Trace Attempt  2	[1.81 s]
0.0.N: Trace Attempt  3	[1.81 s]
0.0.N: Trace Attempt  4	[1.81 s]
0.0.N: Trace Attempt  5	[1.81 s]
0.0.AM: Trace Attempt  1	[1.94 s]
0.0.AM: Trace Attempt  2	[1.94 s]
0.0.AM: Trace Attempt  3	[1.94 s]
0.0.AM: Trace Attempt  4	[1.94 s]
0.0.AM: Trace Attempt  5	[1.94 s]
0.0.N: Trace Attempt  1	[3.13 s]
0.0.N: Trace Attempt  2	[3.13 s]
0.0.N: Trace Attempt  3	[3.13 s]
0.0.N: Trace Attempt  4	[3.13 s]
0.0.N: Trace Attempt  5	[3.13 s]
0.0.Hp: Trace Attempt 469	[4.01 s]
0.0.Ht: Trace Attempt 1783	[4.00 s]
0.0.Bm: Trace Attempt 1645	[4.00 s]
0.0.B: Trace Attempt 1630	[4.00 s]
0.0.N: Trace Attempt  1	[4.43 s]
0.0.N: Trace Attempt  2	[4.43 s]
0.0.N: Trace Attempt  3	[4.43 s]
0.0.N: Trace Attempt  4	[4.43 s]
0.0.N: Trace Attempt  5	[4.43 s]
0.0.N: Trace Attempt  1	[5.76 s]
0.0.N: Trace Attempt  2	[5.76 s]
0.0.N: Trace Attempt  3	[5.76 s]
0.0.N: Trace Attempt  4	[5.77 s]
0.0.N: Trace Attempt  5	[5.77 s]
0.0.AM: Trace Attempt 252	[5.94 s]
0.0.AM: Trace Attempt  1	[6.34 s]
0.0.AM: Trace Attempt  2	[6.34 s]
0.0.AM: Trace Attempt  3	[6.34 s]
0.0.AM: Trace Attempt  4	[6.34 s]
0.0.AM: Trace Attempt  5	[6.34 s]
0.0.N: Trace Attempt  1	[7.12 s]
0.0.N: Trace Attempt  2	[7.12 s]
0.0.N: Trace Attempt  3	[7.12 s]
0.0.N: Trace Attempt  4	[7.12 s]
0.0.N: Trace Attempt  5	[7.12 s]
0.0.Hp: Trace Attempt 594	[8.01 s]
0.0.Ht: Trace Attempt 2434	[8.01 s]
0.0.Bm: Trace Attempt 2261	[8.01 s]
0.0.B: Trace Attempt 2250	[8.00 s]
0.0.N: Trace Attempt  1	[8.52 s]
0.0.N: Trace Attempt  2	[8.52 s]
0.0.N: Trace Attempt  3	[8.52 s]
0.0.N: Trace Attempt  4	[8.52 s]
0.0.N: Trace Attempt  5	[8.52 s]
0.0.N: Trace Attempt  1	[10.02 s]
0.0.N: Trace Attempt  2	[10.03 s]
0.0.N: Trace Attempt  3	[10.03 s]
0.0.N: Trace Attempt  4	[10.03 s]
0.0.N: Trace Attempt  5	[10.03 s]
0.0.AM: Trace Attempt 206	[10.34 s]
0.0.Hp: Trace Attempt 700	[12.02 s]
0.0.Ht: Trace Attempt 2953	[12.01 s]
0.0.Bm: Trace Attempt 2746	[12.02 s]
0.0.B: Trace Attempt 2738	[12.00 s]
0.0.N: Trace Attempt  1	[13.10 s]
0.0.N: Trace Attempt  2	[13.10 s]
0.0.N: Trace Attempt  3	[13.10 s]
0.0.N: Trace Attempt  4	[13.10 s]
0.0.N: Trace Attempt  5	[13.10 s]
0.0.AM: Trace Attempt 252	[14.38 s]
0.0.Ht: Trace Attempt 3388	[16.02 s]
0.0.Hp: Trace Attempt 791	[16.07 s]
0.0.Bm: Trace Attempt 3148	[16.03 s]
0.0.B: Trace Attempt 3147	[16.01 s]
0.0.N: Trace Attempt  1	[16.17 s]
0.0.N: Trace Attempt  2	[16.17 s]
0.0.N: Trace Attempt  3	[16.17 s]
0.0.N: Trace Attempt  4	[16.18 s]
0.0.N: Trace Attempt  5	[16.18 s]
0.0.AM: Trace Attempt 300	[18.39 s]
0.0.N: Trace Attempt  1	[19.24 s]
0.0.N: Trace Attempt  2	[19.24 s]
0.0.N: Trace Attempt  3	[19.24 s]
0.0.N: Trace Attempt  4	[19.24 s]
0.0.N: Trace Attempt  5	[19.24 s]
0.0.Ht: Trace Attempt 3765	[20.02 s]
0.0.Bm: Trace Attempt 3497	[20.04 s]
0.0.B: Trace Attempt 3501	[20.02 s]
0.0.Hp: Trace Attempt 872	[20.11 s]
0.0.N: Trace Attempt  1	[22.38 s]
0.0.N: Trace Attempt  2	[22.38 s]
0.0.N: Trace Attempt  3	[22.38 s]
0.0.N: Trace Attempt  4	[22.39 s]
0.0.N: Trace Attempt  5	[22.39 s]
0.0.AM: Trace Attempt 343	[22.49 s]
0.0.Ht: Trace Attempt 4109	[24.02 s]
0.0.B: Trace Attempt 3821	[24.02 s]
0.0.Bm: Trace Attempt 3814	[24.05 s]
0.0.Hp: Trace Attempt 944	[24.26 s]
0.0.N: Trace Attempt  1	[25.52 s]
0.0.N: Trace Attempt  2	[25.52 s]
0.0.N: Trace Attempt  3	[25.52 s]
0.0.N: Trace Attempt  4	[25.52 s]
0.0.N: Trace Attempt  5	[25.52 s]
0.0.AM: Trace Attempt 378	[26.51 s]
0.0.Ht: Trace Attempt 4433	[28.03 s]
0.0.B: Trace Attempt 4111	[28.02 s]
0.0.Bm: Trace Attempt 4101	[28.06 s]
0.0.Hp: Trace Attempt 994	[28.31 s]
0.0.N: Trace Attempt  1	[28.75 s]
0.0.N: Trace Attempt  2	[28.75 s]
0.0.N: Trace Attempt  3	[28.75 s]
0.0.N: Trace Attempt  4	[28.75 s]
0.0.N: Trace Attempt  5	[28.75 s]
0.0.AM: Trace Attempt 414	[30.69 s]
0.0.N: Trace Attempt  1	[31.89 s]
0.0.N: Trace Attempt  2	[31.89 s]
0.0.N: Trace Attempt  3	[31.89 s]
0.0.N: Trace Attempt  4	[31.89 s]
0.0.N: Trace Attempt  5	[31.89 s]
0.0.Ht: Trace Attempt 4736	[32.04 s]
0.0.B: Trace Attempt 4392	[32.03 s]
0.0.Bm: Trace Attempt 4378	[32.06 s]
0.0.Hp: Trace Attempt 1065	[32.33 s]
0.0.AM: Trace Attempt 451	[34.71 s]
0.0.N: Trace Attempt  1	[34.97 s]
0.0.N: Trace Attempt  2	[34.97 s]
0.0.N: Trace Attempt  3	[34.97 s]
0.0.N: Trace Attempt  4	[34.97 s]
0.0.N: Trace Attempt  5	[34.97 s]
0.0.Ht: Trace Attempt 5015	[36.04 s]
0.0.Bm: Trace Attempt 4637	[36.06 s]
0.0.B: Trace Attempt 4654	[36.04 s]
0.0.Hp: Trace Attempt 1158	[36.37 s]
0.0.N: Trace Attempt  1	[38.06 s]
0.0.N: Trace Attempt  2	[38.06 s]
0.0.N: Trace Attempt  3	[38.06 s]
0.0.N: Trace Attempt  4	[38.06 s]
0.0.N: Trace Attempt  5	[38.07 s]
0.0.AM: Trace Attempt 376	[38.71 s]
0.0.Ht: Trace Attempt 5263	[40.06 s]
0.0.Bm: Trace Attempt 4864	[40.08 s]
0.0.B: Trace Attempt 4884	[40.05 s]
0.0.Hp: Trace Attempt 1195	[40.38 s]
0.0.N: Trace Attempt  1	[41.28 s]
0.0.N: Trace Attempt  2	[41.28 s]
0.0.N: Trace Attempt  3	[41.28 s]
0.0.N: Trace Attempt  4	[41.28 s]
0.0.N: Trace Attempt  5	[41.28 s]
0.0.Ht: Trace Attempt 5500	[44.07 s]
0.0.Bm: Trace Attempt 5074	[44.08 s]
0.0.B: Trace Attempt 5095	[44.07 s]
0.0.AM: Trace Attempt 513	[44.28 s]
0.0.N: Trace Attempt  1	[44.45 s]
0.0.N: Trace Attempt  2	[44.45 s]
0.0.N: Trace Attempt  3	[44.45 s]
0.0.N: Trace Attempt  4	[44.45 s]
0.0.N: Trace Attempt  5	[44.45 s]
0.0.Hp: Trace Attempt 1231	[44.46 s]
0.0.AM: Trace Attempt  1	[44.76 s]
0.0.AM: Trace Attempt  2	[44.76 s]
0.0.AM: Trace Attempt  3	[44.76 s]
0.0.AM: Trace Attempt  4	[44.77 s]
0.0.AM: Trace Attempt  5	[44.77 s]
0.0.N: Trace Attempt  1	[47.67 s]
0.0.N: Trace Attempt  2	[47.67 s]
0.0.N: Trace Attempt  3	[47.67 s]
0.0.N: Trace Attempt  4	[47.67 s]
0.0.N: Trace Attempt  5	[47.67 s]
0.0.Ht: Trace Attempt 5740	[48.07 s]
0.0.Bm: Trace Attempt 5295	[48.09 s]
0.0.B: Trace Attempt 5319	[48.09 s]
0.0.Hp: Trace Attempt 1269	[48.49 s]
0.0.AM: Trace Attempt 177	[48.80 s]
0.0.N: Trace Attempt  1	[50.77 s]
0.0.N: Trace Attempt  2	[50.77 s]
0.0.N: Trace Attempt  3	[50.77 s]
0.0.N: Trace Attempt  4	[50.78 s]
0.0.N: Trace Attempt  5	[50.78 s]
0.0.Ht: Trace Attempt 5971	[52.08 s]
0.0.Bm: Trace Attempt 5510	[52.09 s]
0.0.B: Trace Attempt 5534	[52.09 s]
0.0.Hp: Trace Attempt 1344	[52.50 s]
0.0.AM: Trace Attempt 241	[52.99 s]
0.0.N: Trace Attempt  1	[54.04 s]
0.0.N: Trace Attempt  2	[54.04 s]
0.0.N: Trace Attempt  3	[54.04 s]
0.0.N: Trace Attempt  4	[54.04 s]
0.0.N: Trace Attempt  5	[54.04 s]
0.0.Ht: Trace Attempt 6195	[56.10 s]
0.0.Bm: Trace Attempt 5715	[56.09 s]
0.0.B: Trace Attempt 5740	[56.09 s]
0.0.Hp: Trace Attempt 1416	[56.51 s]
0.0.AM: Trace Attempt 280	[57.09 s]
0.0.N: Trace Attempt  1	[57.21 s]
0.0.N: Trace Attempt  2	[57.21 s]
0.0.N: Trace Attempt  3	[57.21 s]
0.0.N: Trace Attempt  4	[57.21 s]
0.0.N: Trace Attempt  5	[57.21 s]
0.0.Ht: Trace Attempt 6403	[60.10 s]
0.0.Bm: Trace Attempt 5911	[60.11 s]
0.0.B: Trace Attempt 5937	[60.09 s]
0.0.N: Trace Attempt  1	[60.31 s]
0.0.N: Trace Attempt  2	[60.31 s]
0.0.N: Trace Attempt  3	[60.31 s]
0.0.N: Trace Attempt  4	[60.31 s]
0.0.N: Trace Attempt  5	[60.31 s]
0.0.Hp: Trace Attempt 1450	[60.56 s]
0.0.AM: Trace Attempt 321	[61.13 s]
0.0.N: Trace Attempt  1	[63.50 s]
0.0.N: Trace Attempt  2	[63.50 s]
0.0.N: Trace Attempt  3	[63.50 s]
0.0.N: Trace Attempt  4	[63.51 s]
0.0.N: Trace Attempt  5	[63.51 s]
0.0.Ht: Trace Attempt 6606	[64.12 s]
0.0.Bm: Trace Attempt 6098	[64.13 s]
0.0.B: Trace Attempt 6126	[64.11 s]
0.0.Hp: Trace Attempt 1483	[64.59 s]
0.0.AM: Trace Attempt 354	[65.28 s]
0.0.N: Trace Attempt  1	[66.67 s]
0.0.N: Trace Attempt  2	[66.67 s]
0.0.N: Trace Attempt  3	[66.67 s]
0.0.N: Trace Attempt  4	[66.68 s]
0.0.N: Trace Attempt  5	[66.68 s]
0.0.Ht: Trace Attempt 6798	[68.14 s]
0.0.B: Trace Attempt 6304	[68.12 s]
0.0.Bm: Trace Attempt 6276	[68.15 s]
0.0.Hp: Trace Attempt 1516	[68.68 s]
0.0.AM: Trace Attempt 390	[69.49 s]
0.0.N: Trace Attempt  1	[69.84 s]
0.0.N: Trace Attempt  2	[69.84 s]
0.0.N: Trace Attempt  3	[69.84 s]
0.0.N: Trace Attempt  4	[69.84 s]
0.0.N: Trace Attempt  5	[69.84 s]
0.0.Ht: Trace Attempt 6987	[72.15 s]
0.0.Bm: Trace Attempt 6449	[72.15 s]
0.0.B: Trace Attempt 6482	[72.14 s]
0.0.Hp: Trace Attempt 1548	[72.69 s]
0.0.N: Trace Attempt  1	[72.92 s]
0.0.N: Trace Attempt  2	[72.92 s]
0.0.N: Trace Attempt  3	[72.92 s]
0.0.N: Trace Attempt  4	[72.92 s]
0.0.N: Trace Attempt  5	[72.92 s]
0.0.AM: Trace Attempt 423	[73.50 s]
0.0.Ht: Trace Attempt 7170	[76.16 s]
0.0.Bm: Trace Attempt 6616	[76.16 s]
0.0.B: Trace Attempt 6651	[76.15 s]
0.0.N: Trace Attempt  1	[76.42 s]
0.0.N: Trace Attempt  2	[76.42 s]
0.0.N: Trace Attempt  3	[76.42 s]
0.0.N: Trace Attempt  4	[76.42 s]
0.0.N: Trace Attempt  5	[76.42 s]
0.0.Hp: Trace Attempt 1580	[76.72 s]
0.0.AM: Trace Attempt 454	[77.53 s]
0.0.Bm: Trace Attempt 6781	[80.16 s]
0.0.Ht: Trace Attempt 7341	[80.17 s]
0.0.B: Trace Attempt 6817	[80.15 s]
0.0.N: Trace Attempt 195	[80.46 s]
0.0.Hp: Trace Attempt 1612	[80.75 s]
0.0.AM: Trace Attempt 464	[81.68 s]
0.0.Bm: Trace Attempt 6943	[84.18 s]
0.0.B: Trace Attempt 6980	[84.17 s]
0.0.N: Trace Attempt 252	[84.55 s]
0.0.Hp: Trace Attempt 1643	[84.76 s]
0.0.AM: Trace Attempt 475	[85.75 s]
0.0.Bm: Trace Attempt 7092	[88.19 s]
0.0.B: Trace Attempt 7130	[88.20 s]
0.0.N: Trace Attempt 295	[88.61 s]
0.0.Hp: Trace Attempt 1673	[88.87 s]
0.0.AM: Trace Attempt 488	[89.75 s]
0.0.Bm: Trace Attempt 7235	[92.19 s]
0.0.B: Trace Attempt 7273	[92.22 s]
0.0.N: Trace Attempt 333	[92.68 s]
0.0.Hp: Trace Attempt 1702	[92.92 s]
0.0.AM: Trace Attempt 507	[93.86 s]
0.0.Bm: Trace Attempt 7374	[96.21 s]
0.0.B: Trace Attempt 7413	[96.23 s]
0.0.N: Trace Attempt 366	[96.80 s]
0.0.Hp: Trace Attempt 1731	[97.06 s]
0.0.AM: Trace Attempt 524	[97.88 s]
0.0.Bm: Trace Attempt 7503	[100.25 s]
0.0.B: Trace Attempt 7511	[100.31 s]
0.0.N: Trace Attempt 401	[100.91 s]
0.0.Hp: Trace Attempt 1760	[101.08 s]
0.0.AM: Trace Attempt 539	[102.16 s]
0.0.Bm: Trace Attempt 7536	[104.36 s]
0.0.B: Trace Attempt 7546	[104.37 s]
0.0.N: Trace Attempt 434	[104.94 s]
0.0.Hp: Trace Attempt 1790	[105.19 s]
0.0.AM: Trace Attempt 553	[106.33 s]
0.0.Bm: Trace Attempt 7571	[108.38 s]
0.0.B: Trace Attempt 7582	[108.45 s]
0.0.N: Trace Attempt 459	[108.97 s]
0.0.Hp: Trace Attempt 1820	[109.30 s]
0.0.AM: Trace Attempt 567	[110.51 s]
0.0.N: Trace Attempt  1	[111.74 s]
0.0.N: Trace Attempt  2	[111.74 s]
0.0.N: Trace Attempt  3	[111.74 s]
0.0.N: Trace Attempt  4	[111.75 s]
0.0.N: Trace Attempt  5	[111.75 s]
0.0.Bm: Trace Attempt 7606	[112.39 s]
0.0.B: Trace Attempt 7618	[112.54 s]
0.0.Hp: Trace Attempt 1850	[113.42 s]
0.0.Ht: Trace Attempt 7504	[113.86 s]
0.0.AM: Trace Attempt 580	[114.56 s]
0.0.N: Trace Attempt 195	[115.78 s]
0.0.Bm: Trace Attempt 7642	[116.47 s]
0.0.B: Trace Attempt 7653	[116.60 s]
0.0.Hp: Trace Attempt 1878	[117.42 s]
0.0.Ht: Trace Attempt 7597	[117.88 s]
0.0.AM: Trace Attempt 593	[118.62 s]
0.0.N: Trace Attempt 252	[119.80 s]
0.0.Bm: Trace Attempt 7671	[120.50 s]
0.0.B: Trace Attempt 7681	[120.68 s]
0.0.Hp: Trace Attempt 1906	[121.43 s]
0.0.Ht: Trace Attempt 7687	[121.93 s]
0.0.AM: Trace Attempt 607	[122.91 s]
0.0.N: Trace Attempt 295	[123.85 s]
0.0.Bm: Trace Attempt 7699	[124.65 s]
0.0.B: Trace Attempt 7709	[124.77 s]
0.0.Hp: Trace Attempt 1932	[125.44 s]
0.0.Ht: Trace Attempt 7770	[125.94 s]
0.0.AM: Trace Attempt 619	[127.16 s]
0.0.N: Trace Attempt 334	[127.99 s]
0.0.Bm: Trace Attempt 7727	[128.73 s]
0.0.B: Trace Attempt 7737	[128.86 s]
0.0.Hp: Trace Attempt 1961	[129.56 s]
0.0.Ht: Trace Attempt 7847	[129.97 s]
0.0.AM: Trace Attempt 629	[131.16 s]
0.0.N: Trace Attempt 368	[132.01 s]
0.0.Bm: Trace Attempt 7755	[132.79 s]
0.0.B: Trace Attempt 7765	[132.90 s]
0.0.Hp: Trace Attempt 1989	[133.57 s]
0.0.AM: Trace Attempt 639	[135.24 s]
0.0.Ht: Trace Attempt 7870	[135.57 s]
0.0.N: Trace Attempt 403	[136.06 s]
0.0.Bm: Trace Attempt 7782	[136.85 s]
0.0.B: Trace Attempt 7794	[136.93 s]
0.0.Hp: Trace Attempt 2016	[137.59 s]
0.0.Ht: Trace Attempt 7938	[139.59 s]
0.0.AM: Trace Attempt 649	[139.65 s]
0.0.N: Trace Attempt 436	[140.08 s]
0.0.Bm: Trace Attempt 7813	[140.89 s]
0.0.B: Trace Attempt 7823	[141.01 s]
0.0.Hp: Trace Attempt 2042	[141.60 s]
0.0.Ht: Trace Attempt 8009	[143.62 s]
0.0.AM: Trace Attempt 659	[143.82 s]
0.0.N: Trace Attempt 460	[144.14 s]
0.0.Bm: Trace Attempt 7839	[144.93 s]
0.0.B: Trace Attempt 7849	[145.04 s]
0.0.Hp: Trace Attempt 2093	[145.65 s]
0.0.N: Trace Attempt  1	[146.97 s]
0.0.N: Trace Attempt  2	[146.97 s]
0.0.N: Trace Attempt  3	[146.97 s]
0.0.N: Trace Attempt  4	[146.97 s]
0.0.N: Trace Attempt  5	[146.97 s]
0.0.Ht: Trace Attempt 8078	[147.66 s]
0.0.AM: Trace Attempt 668	[147.91 s]
0.0.Bm: Trace Attempt 7865	[148.95 s]
0.0.B: Trace Attempt 7876	[149.18 s]
0.0.Hp: Trace Attempt 2149	[149.67 s]
0.0.N: Trace Attempt 196	[151.00 s]
0.0.Ht: Trace Attempt 8147	[151.70 s]
0.0.Bm: Trace Attempt 7892	[152.97 s]
0.0.AM: Trace Attempt 680	[153.08 s]
0.0.B: Trace Attempt 7903	[153.27 s]
0.0.Hp: Trace Attempt 2188	[153.74 s]
0.0.N: Trace Attempt 253	[155.08 s]
0.0.Ht: Trace Attempt 8214	[155.74 s]
0.0.Bm: Trace Attempt 7919	[157.06 s]
0.0.AM: Trace Attempt 689	[157.19 s]
0.0.B: Trace Attempt 7930	[157.34 s]
0.0.Hp: Trace Attempt 2213	[157.88 s]
0.0.N: Trace Attempt 296	[159.24 s]
0.0.Ht: Trace Attempt 8280	[159.74 s]
0.0.Bm: Trace Attempt 7946	[161.09 s]
0.0.AM: Trace Attempt 697	[161.35 s]
0.0.B: Trace Attempt 7957	[161.37 s]
0.0.Hp: Trace Attempt 2238	[162.04 s]
0.0.N: Trace Attempt 335	[163.24 s]
0.0.Ht: Trace Attempt 8343	[163.77 s]
0.0.Bm: Trace Attempt 7973	[165.18 s]
0.0.B: Trace Attempt 7984	[165.44 s]
0.0.AM: Trace Attempt 706	[165.92 s]
0.0.Hp: Trace Attempt 2262	[166.10 s]
0.0.N: Trace Attempt 369	[167.27 s]
0.0.Ht: Trace Attempt 8403	[167.80 s]
0.0.Bm: Trace Attempt 8000	[169.21 s]
0.0.B: Trace Attempt 8011	[169.44 s]
0.0.AM: Trace Attempt 714	[170.06 s]
0.0.N: Trace Attempt 404	[171.42 s]
0.0.Ht: Trace Attempt 8463	[171.84 s]
0.0.Bm: Trace Attempt 8027	[173.25 s]
0.0.B: Trace Attempt 8037	[173.47 s]
0.0.AM: Trace Attempt 723	[174.40 s]
0.0.N: Trace Attempt 440	[175.51 s]
0.0.Ht: Trace Attempt 8523	[175.90 s]
0.0.Bm: Trace Attempt 8054	[177.42 s]
0.0.B: Trace Attempt 8064	[177.53 s]
0.0.AM: Trace Attempt 733	[178.54 s]
0.0.N: Trace Attempt 463	[179.53 s]
0.0.Ht: Trace Attempt 8585	[179.93 s]
0.0.Hp: Trace Attempt 2272	[180.17 s]
0.0.N: Trace Attempt 465	[179.78 s]
0.0.N: Stopped processing property "DELAY.p1"	[180.95 s].
0.0.N: Morphing to Ncustom1
0.0.N: All properties determined. [0.00 s]
0.0.N: Exited with Success (@ 0.00 s)
0.0.Ncustom1: clocks: 1, declared: 1, looping: 0, posedge: 1, negedge: 0, noedge: 0, bothedge: 0
0.0.Ncustom1: Starting proof for property "DELAY.p1"	[0.00 s].
0.0.Ncustom1: Trace Attempt 465	[0.04 s]
0.0.B: Trace Attempt 8085	[180.84 s]
0.0.B: Stopped processing property "DELAY.p1"	[181.00 s].
0.0.B: Morphing to Bcustom2
0.0.B: All properties determined. [0.00 s]
0.0.B: Exited with Success (@ 0.00 s)
0.0.Bcustom2: clocks: 1, declared: 1, looping: 0, posedge: 1, negedge: 0, noedge: 0, bothedge: 0
0.0.Bcustom2: Starting proof for property "DELAY.p1"	[0.00 s].
0.0.Bcustom2: Trace Attempt  1	[0.00 s]
0.0.Bcustom2: Trace Attempt  2	[0.00 s]
0.0.Bcustom2: Trace Attempt  1	[0.00 s]
0.0.Bcustom2: Trace Attempt  2	[0.00 s]
0.0.Bcustom2: Trace Attempt  3	[0.00 s]
0.0.Bcustom2: Trace Attempt  4	[0.00 s]
0.0.Bcustom2: Trace Attempt  5	[0.00 s]
0.0.Bcustom2: Trace Attempt  1	[0.00 s]
0.0.Bcustom2: Trace Attempt  2	[0.00 s]
0.0.Bcustom2: Trace Attempt  3	[0.00 s]
0.0.Bcustom2: Trace Attempt  4	[0.00 s]
0.0.Bcustom2: Trace Attempt  5	[0.00 s]
0.0.Bcustom2: Trace Attempt  1	[0.00 s]
0.0.Bcustom2: Trace Attempt  2	[0.00 s]
0.0.Bcustom2: Trace Attempt  3	[0.00 s]
0.0.Bcustom2: Trace Attempt  4	[0.00 s]
0.0.Bcustom2: Trace Attempt  5	[0.00 s]
0.0.Bcustom2: Trace Attempt  1	[0.01 s]
0.0.Bcustom2: Trace Attempt  2	[0.01 s]
0.0.Bcustom2: Trace Attempt  3	[0.01 s]
0.0.Bcustom2: Trace Attempt  4	[0.01 s]
0.0.Bcustom2: Trace Attempt  5	[0.01 s]
0.0.Bcustom2: Trace Attempt  1	[0.02 s]
0.0.Bcustom2: Trace Attempt  2	[0.02 s]
0.0.Bcustom2: Trace Attempt  3	[0.02 s]
0.0.Bcustom2: Trace Attempt  4	[0.02 s]
0.0.Bcustom2: Trace Attempt  5	[0.02 s]
0.0.Bcustom2: Trace Attempt  1	[0.04 s]
0.0.Bcustom2: Trace Attempt  2	[0.04 s]
0.0.Bcustom2: Trace Attempt  3	[0.04 s]
0.0.Bcustom2: Trace Attempt  4	[0.04 s]
0.0.Bcustom2: Trace Attempt  5	[0.04 s]
0.0.AM: Trace Attempt 738	[180.70 s]
0.0.AM: Stopped processing property "DELAY.p1"	[181.06 s].
0.0.AM: Morphing to AMcustom3
0.0.AM: All properties determined. [0.00 s]
0.0.AM: Exited with Success (@ 0.00 s)
0.0.AMcustom3: clocks: 1, declared: 1, looping: 0, posedge: 1, negedge: 0, noedge: 0, bothedge: 0
0.0.AMcustom3: Starting proof for property "DELAY.p1"	[0.00 s].
0.0.AMcustom3: Trace Attempt  1	[0.00 s]
0.0.Bcustom2: Trace Attempt  1	[0.09 s]
0.0.Bcustom2: Trace Attempt  2	[0.09 s]
0.0.Bcustom2: Trace Attempt  3	[0.09 s]
0.0.Bcustom2: Trace Attempt  4	[0.09 s]
0.0.Bcustom2: Trace Attempt  5	[0.09 s]
0.0.Tri: Proofgrid shell started at 3586@vlsi-ria85(local) jg_29700_vlsi-ria85_1
0.0.AMcustom3: Trace Attempt  2	[0.04 s]
0.0.AMcustom3: Trace Attempt  3	[0.04 s]
0.0.AMcustom3: Trace Attempt  4	[0.04 s]
0.0.AMcustom3: Trace Attempt  5	[0.04 s]
0.0.AMcustom3: Trace Attempt  1	[0.04 s]
0.0.AMcustom3: Trace Attempt  2	[0.04 s]
0.0.AMcustom3: Trace Attempt  3	[0.04 s]
0.0.AMcustom3: Trace Attempt  4	[0.04 s]
0.0.AMcustom3: Trace Attempt  5	[0.04 s]
0.0.AMcustom3: Trace Attempt  1	[0.05 s]
0.0.AMcustom3: Trace Attempt  2	[0.05 s]
0.0.AMcustom3: Trace Attempt  3	[0.05 s]
0.0.AMcustom3: Trace Attempt  4	[0.05 s]
0.0.AMcustom3: Trace Attempt  5	[0.05 s]
0.0.Tri: clocks: 1, declared: 1, looping: 0, posedge: 1, negedge: 0, noedge: 0, bothedge: 0
0.0.Tri: Last scan. Per property time limit: 0s
0.0.Tri: Starting proof for property "DELAY.p1"	[0.00 s].
0.0.Tri: Trace Attempt  1	[0.00 s]
0.0.AMcustom3: Trace Attempt  1	[0.09 s]
0.0.AMcustom3: Trace Attempt  2	[0.09 s]
0.0.AMcustom3: Trace Attempt  3	[0.09 s]
0.0.AMcustom3: Trace Attempt  4	[0.10 s]
0.0.AMcustom3: Trace Attempt  5	[0.10 s]
0.0.D: Proofgrid shell started at 3587@vlsi-ria85(local) jg_29700_vlsi-ria85_1
0.0.D: clocks: 1, declared: 1, looping: 0, posedge: 1, negedge: 0, noedge: 0, bothedge: 0
0.0.D: Last scan. Per property time limit: 0s
0.0.D: Starting proof for property "DELAY.p1"	[0.00 s].
0.0.D: Trace Attempt  1	[0.00 s]
0.0.D: Trace Attempt  2	[0.00 s]
0.0.D: Trace Attempt  4	[0.00 s]
0.0.Tri:    0.00" ---- Launching main thread ----
0.0.AMcustom3: Trace Attempt  1	[0.20 s]
0.0.AMcustom3: Trace Attempt  2	[0.20 s]
0.0.AMcustom3: Trace Attempt  3	[0.20 s]
0.0.AMcustom3: Trace Attempt  4	[0.20 s]
0.0.AMcustom3: Trace Attempt  5	[0.20 s]
0.0.Tri:    0.25" ---- Launching abstraction thread ----
0.0.Tri:    0.27" ---- Launching multi-phase simplification thread ----
0.0.Bm: Trace Attempt 8080	[181.54 s]
0.0.Tri:    0.36" ---- Launching liveness simplification thread ----
0.0.Bcustom2: Trace Attempt  1	[0.62 s]
0.0.Bcustom2: Trace Attempt  2	[0.62 s]
0.0.Bcustom2: Trace Attempt  3	[0.62 s]
0.0.Bcustom2: Trace Attempt  4	[0.62 s]
0.0.Bcustom2: Trace Attempt  5	[0.62 s]
0.0.AMcustom3: Trace Attempt  1	[0.63 s]
0.0.AMcustom3: Trace Attempt  2	[0.63 s]
0.0.AMcustom3: Trace Attempt  3	[0.63 s]
0.0.AMcustom3: Trace Attempt  4	[0.63 s]
0.0.AMcustom3: Trace Attempt  5	[0.63 s]
0.0.Tri:    1.19" Simplification phase 1 complete
0.0.D: Trace Attempt 64	[0.82 s]
0.0.D: Stopped processing property "DELAY.p1"	[1.29 s].
0.0.D: Morphing to M
0.0.D: All properties determined. [0.00 s]
0.0.D: Exited with Success (@ 0.00 s)
0.0.Ncustom1: Requesting engine job to terminate
0.0.Bcustom2: Requesting engine job to terminate
0.0.AMcustom3: Requesting engine job to terminate
0.0.Tri: Requesting engine job to terminate
0.0.M: Requesting engine job to terminate
0.0.Hp: Requesting engine job to terminate
0.0.Ht: Requesting engine job to terminate
0.0.Bm: Requesting engine job to terminate
INFO (IPF144): 0: Initiating shutdown of proof [182.53 s]
0.0.Tri: A proof was found: No trace exists. [1.31 s]
INFO (IPF057): 0.0.Tri: The property "DELAY.p1" was proven in 1.33 s.
0.0.M: Interrupted. [0.03 s]
0.0.AMcustom3: Trace Attempt 69	[1.39 s]
0.0.M: Exited with Success (@ 182.53 s)
0: ProofGrid usable level: 0
0.0.AMcustom3: Stopped processing property "DELAY.p1"	[1.38 s].
0.0.AMcustom3: All properties determined. [1.39 s]
0.0.AMcustom3: Exited with Success (@ 182.53 s)
0.0.Ncustom1: Stopped processing property "DELAY.p1"	[1.56 s].
0.0.Ncustom1: All properties determined. [1.58 s]
0.0.Hp: Trace Attempt 2317	[182.49 s]
0.0.Hp: All properties determined. [182.54 s]
0.0.Ncustom1: Exited with Success (@ 182.54 s)
0.0.Ht: Trace Attempt 8621	[182.46 s]
0.0.Ht: All properties determined. [182.52 s]
0.0.AMcustom5: Proofgrid shell started at 3997@vlsi-ria85(local) jg_29700_vlsi-ria85_1
0.0.AMcustom5: Requesting engine job to terminate
0.0.AMcustom5: Preventing job from starting because proof is shutting down.
0.0.AMcustom5: Requesting engine job to terminate
0.0.AMcustom5: Interrupted. [0.00 s]
0.0.Bm: Trace Attempt 8085	[182.38 s]
0.0.Bm: All properties determined. [182.57 s]
0.0.AMcustom5: Exited with Success (@ 182.62 s)
0.0.Ht: Exited with Success (@ 182.64 s)
0.0.Bm: Exited with Success (@ 182.64 s)
0.0.Hp: Exited with Success (@ 182.68 s)
0.0.Tri: Stopped processing property "DELAY.p1"	[1.52 s].
0.0.Tri: All properties determined. [1.52 s]
0.0.Tri: Exited with Success (@ 182.71 s)
0.0.Bcustom2: Trace Attempt  1	[2.31 s]
0.0.Bcustom2: Stopped processing property "DELAY.p1"	[2.32 s].
0.0.Bcustom2: All properties determined. [2.31 s]
0.0.Bcustom2: Exited with Success (@ 183.41 s)
0: --------------------------------------------------------------
ProofGrid Summary (utilization 99.91 %)
--------------------------------------------------------------
     engines started                               :    16
     engine jobs started                           :    12

    Average time in state (seconds)
    ------------------------------------------------------
    Engine  Pending     Running        Dead    Utilization
    ------------------------------------------------------
     Hp        0.03      182.52        0.00       99.98 %
     Ht        0.05      182.48        0.00       99.97 %
     Bm        0.05      182.48        0.00       99.98 %
    Mpcustom4        0.04        0.00        0.00        0.67 %
     Oh        0.04        0.00        0.00        0.74 %
      L        0.04        0.01        0.00       13.54 %
    Ncustom1        0.03      182.51        0.00       99.98 %
    Bcustom2        0.06      182.33        0.00       99.97 %
    AMcustom3        0.06      182.27        0.00       99.97 %
    Tri        0.22        1.34        0.00       85.86 %
      M        0.25        1.26        0.00       83.19 %
    AMcustom5        0.08        0.00        0.00        0.00 %
    all        0.08       91.43        0.00       99.91 %

    Total time in state (seconds)
    -----------------------------------------
            Pending     Running        Dead  
    -----------------------------------------
               0.94     1097.20        0.00

    Data read    : 7.69 MiB
    Data written : 4.52 kiB

0: All pending notifications were processed.
INFO (IPF059): 0: Completed proof on task: "<embedded>"

==============================================================
SUMMARY
==============================================================
           Properties Considered              : 2
                 assertions                   : 1
                  - proven                    : 1 (100%)
                  - bounded_proven (user)     : 0 (0%)
                  - bounded_proven (auto)     : 0 (0%)
                  - marked_proven             : 0 (0%)
                  - cex                       : 0 (0%)
                  - ar_cex                    : 0 (0%)
                  - undetermined              : 0 (0%)
                  - unknown                   : 0 (0%)
                  - error                     : 0 (0%)
                 covers                       : 1
                  - unreachable               : 0 (0%)
                  - bounded_unreachable (user): 0 (0%)
                  - covered                   : 1 (100%)
                  - ar_covered                : 0 (0%)
                  - undetermined              : 0 (0%)
                  - unknown                   : 0 (0%)
                  - error                     : 0 (0%)
determined
[<embedded>] % exit -force
INFO (IPL005): Received request to exit from the console.
INFO (IPL014): Waiting for the Tcl-thread to exit.
INFO: Waiting for proof threads to stop...
INFO: Proof threads stopped.
INFO (IPL018): The peak resident set memory use for this session was 2.104 GB.
INFO (IPL015): The Tcl-thread exited with status 0.
INFO (IPL016): Exiting the analysis session with status 0.
