2025-11-18 09:23:38.921832 (8301) main____ INFO    ----------------------------------------
2025-11-18 09:23:38.921873 (8301) main____ INFO    Jasper version info
2025-11-18 09:23:38.921878 (8301) main____ INFO      tool      : Jasper 2024.06
2025-11-18 09:23:38.921882 (8301) main____ INFO      version   : 2024.06p002 64 bits
2025-11-18 09:23:38.921885 (8301) main____ INFO      build date: 2024.09.02 16:28:38 UTC
2025-11-18 09:23:38.921887 (8301) main____ INFO    ----------------------------------------
2025-11-18 09:23:38.921889 (8301) main____ INFO    Runtime info:
2025-11-18 09:23:38.921891 (8301) main____ INFO      platform  : Linux 3.10.0-1160.62.1.el7.x86_64 x86_64
2025-11-18 09:23:38.921897 (8301) main____ INFO      hostname  : vlsi-ria84
2025-11-18 09:23:38.921900 (8301) main____ INFO      pid       : 8301
2025-11-18 09:23:38.921903 (8301) main____ INFO      arguments : '-style' 'windows' '-proj' '../jgprojects/thermocouple_9' '-batch' 'thermocouple_9.tcl'
2025-11-18 09:23:38.921906 (8301) main____ INFO      locale    : ANSI_X3.4-1968
2025-11-18 09:23:38.921907 (8301) main____ INFO    ----------------------------------------
2025-11-18 09:23:38.921909 (8301) main____ INFO    System resource limits info:
2025-11-18 09:23:38.921912 (8301) main____ INFO      virtual memory: unlimited
2025-11-18 09:23:38.921916 (8301) main____ INFO      cpu time      : unlimited
2025-11-18 09:23:38.921920 (8301) main____ INFO      processes     : 4096
2025-11-18 09:23:38.921926 (8301) main____ INFO      stack size    : 8388608 B
2025-11-18 09:23:38.921929 (8301) main____ INFO      core file size: 1024 B
2025-11-18 09:23:38.921932 (8301) main____ INFO      open files    : 4096
2025-11-18 09:23:38.921935 (8301) main____ INFO      file size     : unlimited
2025-11-18 09:23:38.921936 (8301) main____ INFO    ----------------------------------------
2025-11-18 09:23:38.921938 (8301) main____ INFO    Memory statistics:
2025-11-18 09:23:38.921940 (8301) main____ INFO      total physical memory  : 65711068 kB
2025-11-18 09:23:38.921943 (8301) main____ INFO      free physical memory   : 42064536 kB
2025-11-18 09:23:38.921945 (8301) main____ INFO      committed address space: 28166940 kB
2025-11-18 09:23:38.921946 (8301) main____ INFO    ----------------------------------------
2025-11-18 09:23:38.922488 (8301) main____ INFO    Important environment variables:
2025-11-18 09:23:38.922500 (8301) main____ INFO      CDS_ASSURA         : '/eda/cadence/2023-24/RHELx86/ASSURA_04.16.115_231'
2025-11-18 09:23:38.922504 (8301) main____ INFO      CDS_AUTO_64BIT     : 'ALL'
2025-11-18 09:23:38.922507 (8301) main____ INFO      CDS_CONFRML        : '/eda/cadence/2023-24/RHELx86/CONFRML_23.10.300'
2025-11-18 09:23:38.922510 (8301) main____ INFO      CDS_DDIEXPORT      : '/eda/cadence/2023-24/RHELx86/DDIEXPORT_22.33.000'
2025-11-18 09:23:38.922514 (8301) main____ INFO      CDS_EMX            : '/eda/cadence/2023-24/RHELx86/EMX_23.10.000'
2025-11-18 09:23:38.922517 (8301) main____ INFO      CDS_GENUS          : '/eda/cadence/2023-24/RHELx86/DDIEXPORT_22.33.000/GENUS221'
2025-11-18 09:23:38.922520 (8301) main____ INFO      CDS_IC             : '/eda/cadence/2023-24/RHELx86/IC_23.10.020'
2025-11-18 09:23:38.922523 (8301) main____ INFO      CDS_INNOVUS        : '/eda/cadence/2023-24/RHELx86/DDIEXPORT_22.33.000/INNOVUS221'
2025-11-18 09:23:38.922527 (8301) main____ INFO      CDS_JLS            : '/eda/cadence/2023-24/RHELx86/DDIEXPORT_22.33.000/JLS221'
2025-11-18 09:23:38.922531 (8301) main____ INFO      CDS_LIC_FILE       : '/etc/local/cadence/license_8x.3868dd0560aa:5280@132.68.59.69:/etc/local/cadence/license_8x.1831bfb82c67:5280@132.68.59.64:/etc/local/cadence/license_8x.0894ef683fc3:5280@132.68.59.79:/etc/local/cadence/license_8x.1831bfb82c67:5280@132.68.59.61'
2025-11-18 09:23:38.922535 (8301) main____ INFO      CDS_LITMUS         : '/eda/cadence/2023-24/RHELx86/LITMUS_23.10.300'
2025-11-18 09:23:38.922538 (8301) main____ INFO      CDS_MODUS          : '/eda/cadence/2023-24/RHELx86/MODUS_22.12.000'
2025-11-18 09:23:38.922541 (8301) main____ INFO      CDS_MVS            : '/eda/cadence/2023-24/RHELx86/MVS_21.12.000'
2025-11-18 09:23:38.922546 (8301) main____ INFO      CDS_Netlisting_Mode: 'Analog'
2025-11-18 09:23:38.922550 (8301) main____ INFO      CDS_PEGASUS        : '/eda/cadence/2023-24/RHELx86/PEGASUS_23.11.000'
2025-11-18 09:23:38.922553 (8301) main____ INFO      CDS_PEGASUSDFM     : '/eda/cadence/2023-24/RHELx86/PEGASUSDFM_23.11.000'
2025-11-18 09:23:38.922556 (8301) main____ INFO      CDS_PVS            : '/eda/cadence/2023-24/RHELx86/PVS_22.22.000'
2025-11-18 09:23:38.922559 (8301) main____ INFO      CDS_QUANTUS        : '/eda/cadence/2023-24/RHELx86/QUANTUS_23.10.000'
2025-11-18 09:23:38.922562 (8301) main____ INFO      CDS_SPECTRE        : '/eda/cadence/2023-24/RHELx86/SPECTRE_23.10.242'
2025-11-18 09:23:38.922565 (8301) main____ INFO      CDS_SSV            : '/eda/cadence/2023-24/RHELx86/SSV_22.13.000'
2025-11-18 09:23:38.922567 (8301) main____ INFO      CDS_USE_PALETTE    : ''
2025-11-18 09:23:38.922570 (8301) main____ INFO      CDS_VERISIUMDEBUG  : '/eda/cadence/2023-24/RHELx86/VERISIUMDEBUG_23.03.001'
2025-11-18 09:23:38.922573 (8301) main____ INFO      CDS_VIPCAT         : '/eda/cadence/2023-24/RHELx86/VIPCAT_11.30.093'
2025-11-18 09:23:38.922577 (8301) main____ INFO      CDS_VMANAGER       : '/eda/cadence/2023-24/RHELx86/VMANAGER_23.03.004'
2025-11-18 09:23:38.922580 (8301) main____ INFO      CDS_XCELIUM        : '/eda/cadence/2023-24/RHELx86/XCELIUM_23.03.007'
2025-11-18 09:23:38.922582 (8301) main____ INFO      DISPLAY            : 'localhost:11.0'
2025-11-18 09:23:38.922585 (8301) main____ INFO      JASPER_CPU_CHECK   : '1'
2025-11-18 09:23:38.922588 (8301) main____ INFO      JASPER_INSTALL_DIR : '/tools/cadence2425/JASPER/jasper_2024.06p002'
2025-11-18 09:23:38.922590 (8301) main____ INFO      JASPER_KERNEL_CHECK: '1'
2025-11-18 09:23:38.922593 (8301) main____ INFO      JASPER_OS_CHECK    : '1'
2025-11-18 09:23:38.922596 (8301) main____ INFO      LANG               : 'C'
2025-11-18 09:23:38.922598 (8301) main____ INFO      TMPDIR             : '/tmp'
2025-11-18 09:23:38.922600 (8301) main____ INFO    ----------------------------------------
2025-11-18 09:23:38.922989 (8301) lic_core INFO    Initializing license system ...
2025-11-18 09:23:38.927992 (8301) lic_core INFO    ... license system initialized.
2025-11-18 09:23:38.940855 (8301) lic__man INFO    Claim 'fpv' for <ui>.
2025-11-18 09:23:38.940885 (8301) lic_core INFO    (1) checking out 'jasper_fpv' ...
2025-11-18 09:23:38.965300 (8301) lic_core INFO    ... (1) checkout failed (error: -5) ("FLEXnet ERROR(-5, 0, 0): No such feature exists.")
2025-11-18 09:23:38.965315 (8301) lic_core INFO    (2) checking out 'jasper_fao' ...
2025-11-18 09:23:38.973079 (8301) lic_core INFO    ... (2) checkout succeeded
2025-11-18 09:23:39.002029 (8301) session_ INFO    Starting analysis session with session id 'session_0' (launcher: <local>) ...
2025-11-18 09:23:39.003060 (8301) session_ INFO    Analysis session with session id 'session_0' started (pid: 8319)
2025-11-18 09:23:39.584965 (8301) session_ INFO    Analysis session 'session_0' connected to the console (host: 127.0.0.1:41642)
2025-11-18 09:23:39.996944 (8301) lic__man INFO    Unclaim everything for 'session_0'.
2025-11-18 09:23:40.039077 (8301) lic__man INFO    Claim 'fpv' for 'session_0'.
2025-11-18 09:23:40.039090 (8301) lic__man INFO    Claim 'fpv' for 'session_0/prove-0'.
2025-11-18 09:26:44.310509 (8301) lic__man INFO    Unclaim everything for 'session_0/prove-0'.
2025-11-18 09:26:44.313660 (8301) main____ INFO    About to exit: request to exit with status 0 received from analysis session 'session_0'
2025-11-18 09:26:44.371051 (8301) session_ INFO    Analysis session 'session_0' disconnected.
2025-11-18 09:26:44.371111 (8301) lic__man INFO    Unclaim everything for 'session_0'.
2025-11-18 09:26:44.371213 (8301) session_ INFO    Process for analysis session 'session_0' has exited with exit status '0'.
2025-11-18 09:26:46.325695 (8301) lic_core INFO    (2) checkin jasper_fao
2025-11-18 09:26:46.327493 (8301) main____ INFO    Exiting with status 0.
