2025-11-19 23:39:02.428067 (21588) main____ INFO    ----------------------------------------
2025-11-19 23:39:02.428107 (21588) main____ INFO    Jasper version info
2025-11-19 23:39:02.428112 (21588) main____ INFO      tool      : Jasper 2024.06
2025-11-19 23:39:02.428116 (21588) main____ INFO      version   : 2024.06p002 64 bits
2025-11-19 23:39:02.428119 (21588) main____ INFO      build date: 2024.09.02 16:28:38 UTC
2025-11-19 23:39:02.428121 (21588) main____ INFO    ----------------------------------------
2025-11-19 23:39:02.428123 (21588) main____ INFO    Runtime info:
2025-11-19 23:39:02.428125 (21588) main____ INFO      platform  : Linux 3.10.0-1160.62.1.el7.x86_64 x86_64
2025-11-19 23:39:02.428131 (21588) main____ INFO      hostname  : vlsi-ria84
2025-11-19 23:39:02.428135 (21588) main____ INFO      pid       : 21588
2025-11-19 23:39:02.428137 (21588) main____ INFO      arguments : '-style' 'windows' '-proj' '../jgprojects/s2_lcd_14' '-batch' 's2_lcd_14.tcl'
2025-11-19 23:39:02.428140 (21588) main____ INFO      locale    : ANSI_X3.4-1968
2025-11-19 23:39:02.428142 (21588) main____ INFO    ----------------------------------------
2025-11-19 23:39:02.428144 (21588) main____ INFO    System resource limits info:
2025-11-19 23:39:02.428146 (21588) main____ INFO      virtual memory: unlimited
2025-11-19 23:39:02.428150 (21588) main____ INFO      cpu time      : unlimited
2025-11-19 23:39:02.428155 (21588) main____ INFO      processes     : 4096
2025-11-19 23:39:02.428161 (21588) main____ INFO      stack size    : 8388608 B
2025-11-19 23:39:02.428164 (21588) main____ INFO      core file size: 1024 B
2025-11-19 23:39:02.428168 (21588) main____ INFO      open files    : 4096
2025-11-19 23:39:02.428170 (21588) main____ INFO      file size     : unlimited
2025-11-19 23:39:02.428172 (21588) main____ INFO    ----------------------------------------
2025-11-19 23:39:02.428174 (21588) main____ INFO    Memory statistics:
2025-11-19 23:39:02.428177 (21588) main____ INFO      total physical memory  : 65711068 kB
2025-11-19 23:39:02.428179 (21588) main____ INFO      free physical memory   : 50078800 kB
2025-11-19 23:39:02.428181 (21588) main____ INFO      committed address space: 6855892 kB
2025-11-19 23:39:02.428184 (21588) main____ INFO    ----------------------------------------
2025-11-19 23:39:02.428718 (21588) main____ INFO    Important environment variables:
2025-11-19 23:39:02.428729 (21588) main____ INFO      CDS_ASSURA         : '/eda/cadence/2023-24/RHELx86/ASSURA_04.16.115_231'
2025-11-19 23:39:02.428734 (21588) main____ INFO      CDS_AUTO_64BIT     : 'ALL'
2025-11-19 23:39:02.428737 (21588) main____ INFO      CDS_CONFRML        : '/eda/cadence/2023-24/RHELx86/CONFRML_23.10.300'
2025-11-19 23:39:02.428740 (21588) main____ INFO      CDS_DDIEXPORT      : '/eda/cadence/2023-24/RHELx86/DDIEXPORT_22.33.000'
2025-11-19 23:39:02.428743 (21588) main____ INFO      CDS_EMX            : '/eda/cadence/2023-24/RHELx86/EMX_23.10.000'
2025-11-19 23:39:02.428747 (21588) main____ INFO      CDS_GENUS          : '/eda/cadence/2023-24/RHELx86/DDIEXPORT_22.33.000/GENUS221'
2025-11-19 23:39:02.428750 (21588) main____ INFO      CDS_IC             : '/eda/cadence/2023-24/RHELx86/IC_23.10.020'
2025-11-19 23:39:02.428753 (21588) main____ INFO      CDS_INNOVUS        : '/eda/cadence/2023-24/RHELx86/DDIEXPORT_22.33.000/INNOVUS221'
2025-11-19 23:39:02.428757 (21588) main____ INFO      CDS_JLS            : '/eda/cadence/2023-24/RHELx86/DDIEXPORT_22.33.000/JLS221'
2025-11-19 23:39:02.428762 (21588) main____ INFO      CDS_LIC_FILE       : '/etc/local/cadence/license_8x.3868dd0560aa:5280@132.68.59.69:/etc/local/cadence/license_8x.1831bfb82c67:5280@132.68.59.64:/etc/local/cadence/license_8x.0894ef683fc3:5280@132.68.59.79:/etc/local/cadence/license_8x.1831bfb82c67:5280@132.68.59.61'
2025-11-19 23:39:02.428769 (21588) main____ INFO      CDS_LITMUS         : '/eda/cadence/2023-24/RHELx86/LITMUS_23.10.300'
2025-11-19 23:39:02.428773 (21588) main____ INFO      CDS_MODUS          : '/eda/cadence/2023-24/RHELx86/MODUS_22.12.000'
2025-11-19 23:39:02.428776 (21588) main____ INFO      CDS_MVS            : '/eda/cadence/2023-24/RHELx86/MVS_21.12.000'
2025-11-19 23:39:02.428780 (21588) main____ INFO      CDS_Netlisting_Mode: 'Analog'
2025-11-19 23:39:02.428784 (21588) main____ INFO      CDS_PEGASUS        : '/eda/cadence/2023-24/RHELx86/PEGASUS_23.11.000'
2025-11-19 23:39:02.428787 (21588) main____ INFO      CDS_PEGASUSDFM     : '/eda/cadence/2023-24/RHELx86/PEGASUSDFM_23.11.000'
2025-11-19 23:39:02.428790 (21588) main____ INFO      CDS_PVS            : '/eda/cadence/2023-24/RHELx86/PVS_22.22.000'
2025-11-19 23:39:02.428793 (21588) main____ INFO      CDS_QUANTUS        : '/eda/cadence/2023-24/RHELx86/QUANTUS_23.10.000'
2025-11-19 23:39:02.428797 (21588) main____ INFO      CDS_SPECTRE        : '/eda/cadence/2023-24/RHELx86/SPECTRE_23.10.242'
2025-11-19 23:39:02.428800 (21588) main____ INFO      CDS_SSV            : '/eda/cadence/2023-24/RHELx86/SSV_22.13.000'
2025-11-19 23:39:02.428802 (21588) main____ INFO      CDS_USE_PALETTE    : ''
2025-11-19 23:39:02.428805 (21588) main____ INFO      CDS_VERISIUMDEBUG  : '/eda/cadence/2023-24/RHELx86/VERISIUMDEBUG_23.03.001'
2025-11-19 23:39:02.428809 (21588) main____ INFO      CDS_VIPCAT         : '/eda/cadence/2023-24/RHELx86/VIPCAT_11.30.093'
2025-11-19 23:39:02.428812 (21588) main____ INFO      CDS_VMANAGER       : '/eda/cadence/2023-24/RHELx86/VMANAGER_23.03.004'
2025-11-19 23:39:02.428815 (21588) main____ INFO      CDS_XCELIUM        : '/eda/cadence/2023-24/RHELx86/XCELIUM_23.03.007'
2025-11-19 23:39:02.428818 (21588) main____ INFO      DISPLAY            : 'localhost:11.0'
2025-11-19 23:39:02.428821 (21588) main____ INFO      JASPER_CPU_CHECK   : '1'
2025-11-19 23:39:02.428824 (21588) main____ INFO      JASPER_INSTALL_DIR : '/tools/cadence2425/JASPER/jasper_2024.06p002'
2025-11-19 23:39:02.428827 (21588) main____ INFO      JASPER_KERNEL_CHECK: '1'
2025-11-19 23:39:02.428830 (21588) main____ INFO      JASPER_OS_CHECK    : '1'
2025-11-19 23:39:02.428832 (21588) main____ INFO      LANG               : 'C'
2025-11-19 23:39:02.428835 (21588) main____ INFO      TMPDIR             : '/tmp'
2025-11-19 23:39:02.428837 (21588) main____ INFO    ----------------------------------------
2025-11-19 23:39:02.429228 (21588) lic_core INFO    Initializing license system ...
2025-11-19 23:39:02.430885 (21588) lic_core INFO    ... license system initialized.
2025-11-19 23:39:02.437703 (21588) lic__man INFO    Claim 'fpv' for <ui>.
2025-11-19 23:39:02.437731 (21588) lic_core INFO    (1) checking out 'jasper_fpv' ...
2025-11-19 23:39:02.450082 (21588) lic_core INFO    ... (1) checkout failed (error: -5) ("FLEXnet ERROR(-5, 0, 0): No such feature exists.")
2025-11-19 23:39:02.450097 (21588) lic_core INFO    (2) checking out 'jasper_fao' ...
2025-11-19 23:39:02.458812 (21588) lic_core INFO    ... (2) checkout succeeded
2025-11-19 23:39:02.482725 (21588) session_ INFO    Starting analysis session with session id 'session_0' (launcher: <local>) ...
2025-11-19 23:39:02.483371 (21588) session_ INFO    Analysis session with session id 'session_0' started (pid: 21606)
2025-11-19 23:39:03.016484 (21588) session_ INFO    Analysis session 'session_0' connected to the console (host: 127.0.0.1:36370)
2025-11-19 23:39:03.359173 (21588) lic__man INFO    Unclaim everything for 'session_0'.
2025-11-19 23:39:03.401838 (21588) lic__man INFO    Claim 'fpv' for 'session_0'.
2025-11-19 23:39:03.401853 (21588) lic__man INFO    Claim 'fpv' for 'session_0/prove-0'.
2025-11-19 23:39:03.514701 (21588) lic__man INFO    Unclaim everything for 'session_0/prove-0'.
2025-11-19 23:39:03.515310 (21588) main____ INFO    About to exit: request to exit with status 0 received from analysis session 'session_0'
2025-11-19 23:39:03.577352 (21588) session_ INFO    Analysis session 'session_0' disconnected.
2025-11-19 23:39:03.577412 (21588) lic__man INFO    Unclaim everything for 'session_0'.
2025-11-19 23:39:03.577489 (21588) session_ INFO    Process for analysis session 'session_0' has exited with exit status '0'.
2025-11-19 23:39:05.417325 (21588) lic_core INFO    (2) checkin jasper_fao
2025-11-19 23:39:05.418826 (21588) main____ INFO    Exiting with status 0.
