# ----------------------------------------
# Jasper Version Info
# tool      : Jasper 2024.06
# platform  : Linux 3.10.0-1160.62.1.el7.x86_64
# version   : 2024.06p002 64 bits
# build date: 2024.09.02 16:28:38 UTC
# ----------------------------------------
# started   : 2025-12-24 22:35:59 IST
# hostname  : vlsi-ria84.vlsidomain
# pid       : 15302
# arguments : '-label' 'session_0' '-console' '//127.0.0.1:35030' '-nowindow' '-style' 'windows' '-exitonerror' '-data' 'AAAAznicY2RgYLCp////PwMYMD6A0Aw2jAyoAMRnQhUJbEChGRhYYZphSliAmItBl6GAoYghnyELyNNh0ANCfSA7HS6aypDMUMJQDBQ1ZIhnCGAIZ/AF0oZAyMDAA9SdxJAIlE9myADyJTDU6IHlcsD2AQA0xBYl' '-proj' '/users/rompel/jasper_executions/liveness/jgprojects/1_PWM_11/sessionLogs/session_0' '-init' '-hidden' '/users/rompel/jasper_executions/liveness/jgprojects/1_PWM_11/.tmp/.initCmds.tcl' '1_PWM_11.tcl' '-hidden' '/users/rompel/jasper_executions/liveness/jgprojects/1_PWM_11/.tmp/.postCmds.tcl'

Any disclosure about the Cadence Design Systems software or its use
model to any third party violates the written Non-Disclosure Agreement
between Cadence Design Systems, Inc. and the customer.

THIS SOFTWARE CONTAINS CONFIDENTIAL INFORMATION AND TRADE SECRETS OF
CADENCE DESIGN SYSTEMS, INC. USE, DISCLOSURE, OR REPRODUCTION IS
PROHIBITED WITHOUT THE PRIOR EXPRESS WRITTEN PERMISSION OF CADENCE
DESIGN SYSTEMS, INC.

Copyright (C) 2000-2024 Cadence Design Systems, Inc. All Rights
Reserved.  Unpublished -- rights reserved under the copyright laws of
the United States.

This product includes software developed by others and redistributed
according to license agreement. See doc/third_party_readme.txt for
further details.

RESTRICTED RIGHTS LEGEND

Use, duplication, or disclosure by the Government is subject to
restrictions as set forth in subparagraph (c) (1) (ii) of the Rights in
Technical Data and Computer Software clause at DFARS 252.227-7013 or
subparagraphs (c) (1) and (2) of Commercial Computer Software -- Restricted
Rights at 48 CFR 52.227-19, as applicable.


                          Cadence Design Systems, Inc.
                          2655 Seely Avenue
                          San Jose, CA 95134
                          Phone: 408.943.1234

For technical assistance visit http://support.cadence.com.

Jasper Apps Analysis Session - /users/rompel/jasper_executions/liveness/jgprojects/1_PWM_11/sessionLogs/session_0

WARNING (WG017): [session]: The system's locale is "ANSI_X3.4-1968", which is not UTF-8. Non-ASCII characters might not be handled correctly.
WARNING (WG017): [jg_console]: The system's locale is "ANSI_X3.4-1968", which is not UTF-8. Non-ASCII characters might not be handled correctly.
INFO: successfully checked out license "jasper_fao".
INFO: reading configuration file "/users/rompel/.config/cadence/jasper.conf".
% analyze -sv09 ../1_PWM_11.sv
[-- (VERI-1482)] Analyzing Verilog file '/tools/cadence2425/JASPER/jasper_2024.06p002/lib/verilog/packages/std/std.sv' into library 'std'
[-- (VERI-1482)] Analyzing Verilog file '../1_PWM_11.sv'
% elaborate -bbox_mul 1000000 -bbox_div 1000000 -bbox_mod 1000000 -bbox_a 1000000
[INFO (HIER-8002)] ../1_PWM_11.sv(36): Disabling old hierarchical reference handler
[INFO (VERI-1018)] ../1_PWM_11.sv(1): compiling module 'PWM_TOP'
[WARN (VERI-1209)] ../1_PWM_11.sv(15): expression size 32 truncated to fit in target size 20
[INFO (VERI-8005)] ../1_PWM_11.sv(1): Unintentional sequential element inferred for pulse_red read before write using blocking assignment
[INFO (VERI-8005)] ../1_PWM_11.sv(1): Unintentional sequential element inferred for lb_pulse read before write using blocking assignment
[INFO (VERI-8005)] ../1_PWM_11.sv(1): Unintentional sequential element inferred for ub_pulse read before write using blocking assignment
INFO (ISW003): Top module name is "PWM_TOP".
INFO (INL208): Elaboration synthesis summary:
  Number of synthesized netlists          1 (0 packages)
  Single run mode                         On
  Pipeline                                On (1 pipelined netlists)
  Late hierarchical reference connection  On
  Number of analyzed Verilog modules      1 (1 synthesized)
  Number of analyzed VHDL entities        0 (0 synthesized)
INFO (INL003): Clearing all state information (assumes, stopats, and so forth).
PWM_TOP
[<embedded>] % reset -none
INFO (IPM031): Clearing proof results of all properties.
[<embedded>] % clock clk
[<embedded>] % prove -all
Ncustom1: Custom engine code is hT3Ng7hPPfiYQOTDZ3qhYOwGAM51eA+J/FjkM5shLioAsqhgLR4Ft+O1BuKG6ilQ83B9tLXSl+CwjiTMAQA
Bcustom2: Custom engine code is hT3Nm7hPr1Vp3Di1Ra2USNIGL4JypRnLKLAdF6JAyuavO2JfGCiY9OZJhcAcOUnLx5xwNdhILGrAWX9s+z2WDkKwNR7tAfClBEjRFVQeq6DU54boFgEA
AMcustom3: Custom engine code is hT3Ng7hP/feYQOTDZ3qhYOwGAM51eA+J/FjkM5shLioAsqhgLR4Ft+O1BuKG6ilQ83B9tLXSmmqwm7g9AQA
Mpcustom4: Custom engine code is hT3NZbhP9fmY2AbBQnsjfOxn6c+6e6yL+/e8fZFmaQrnlgEA
INFO (IPF036): Starting proof on task: "<embedded>", 1 properties to prove with 0 already proven/unreachable
INFO (IRS029): Starting reset analysis: phase 1 of 4.
INFO (IRS030): Running reset analysis: phase 2 of 4.
INFO (IRS031): Running reset analysis: phase 3 of 4.
INFO (IRS020): Starting the reset analysis simulation with a limit of 100 iterations (phase 4 of 4).
INFO (IRS024): Reset iterations 0 to 4 analyzed.
INFO (IRS018): Reset analysis simulation executed for 3 iterations. Assigned values for 0 of 23 design flops, 0 of 0 design latches, 3 of 3 internal elements.
INFO (IRS039): Reset analysis complete.
INFO (IPF031): Settings used for proof thread 0:
    orchestration                 = on
    time_limit                    = 86400s
    per_property_time_limit       = 1s * 10 ^ scan
    engine_mode                   = auto
    proofgrid_per_engine_max_jobs = 1
    max engine jobs               = auto
    proofgrid_mode                = local
    proofgrid_restarts            = 10
AMcustom5: Custom engine code is hT3N1rhP11/52HrFRS21ROp2LOjVTgPvT8L8BGXHgLhaIuqtT4nARFjUqrBL+7pLmaTOzBepZW/Jm8SSrHDybSQtoNiO3y43wk+dEoWlsZizu97Fih6O6lPVG/LpWP5SsUPwlGagLNa1FKEFvwVXyX7//8prySbvSxIHXr5er+z4RAEA
0: Using multistage preprocessing
Ncustom6: Custom engine code is hT3OXrhPByJp3TrFSTLhUmMH4KVtJgmTCnNDF46yMXOKY48m4LS5nE7yBzFjA7kDuwO/GhGUpEPiky3p3wmPn3dJZHxFMsafSoObRzSC+tn7sEY0WbTdZ/FV4hL3MYH/b1CIUvXSWR4wqEoVLsmMOD4xIPT4lI1LO6ZCO7PnnWQuLwetnvKlrXx6wCW/A+x+enqslg1YPobi4wEF/EvbzOvcTYdJvl2s4H2yZg2b2ofAVN5WvhWk1HoBAA
0: Starting reduce
ADcustom7: Custom engine code is hT3Nv7hPv1752HrFRa2kROx2f/ECJeZB2AZsLdlO8VwmIuqtT4nIDFXclhg+O+o+DMmQCekbheGk0kK28laA9gaOFDXsQp29J3X615HY1IPHJWd6FUFvCHjO+p1k652b5JJvZlShNpGlGSXAiQe/mEAj6tEBAA
Tricustom8: Custom engine code is hT3Nu7hPt1752DvFRa0kNDiyIV97VyejwM9C/jCLJjdPvusZONHY42VYUy0Q1ZotnhcVtNc56tJ5wbxv6V2+XpdsaSlHck5vfnbYjdwj1OECy9U+7oSQ0SZE3g5ayD+Phuh4odCJTjeKa2k4elM9ldQfkAEA
Gcustom9: Custom engine code is hT3NibhPDfeYQADBZnYcglOvK9Pfd7EOeniIqP8jNsyIqInncipMGcUXqAadachREE9F2PwhBUZUNw5kHnd4JdXkamORRgEA
C2custom10: Custom engine code is hT3NirhPjfWYQADBZnYcglOvK9Pfd7EOeniIqP8jNsyIqInncgkrYMMXCYbdK0dUjZIF9d4cJ0rHoBDjwVLBKuG86XYVV00BAA
AGcustom11: Custom engine code is hT3NirhP/fmYQADBZnYcglOvK9Pfd7EOeniIqP8jNsyIqInnckcwYMMXCYbdK0dUjZIF9d4cJ0rHoBDjwVLBKuHEZnZByh0BAA
Bcustom12: Custom engine code is hT3NjrhPDfiYQADBZnYcglOvK9PfWxFtenjIyBqfrgr7if/jL/yPOuK1BAflEcW0DxNH2eDIoezN2gxlQFg81RZtiWXh7aiTAidvAQA
0: Finished reduce in 0s
Ncustom13: Custom engine code is hT3NR7hPByFp3TrFSTLhUmMH4KWtJglTyV/c51BHEeZWamnJv767nE6PCak26bd3gf3XGN3rIRheufhDieCJQVISo+gNYUKhiUedBKGtsP/a18svAnlMJZudHxDFwK5ufsyoxsIyiAeSY2oi3tEuoDHr5gw42DFKAG3PqO3CEsl8Azzdt3pl5nGA1Ifv2H02eYsFzWb/nfp8PMb3F0krE/EgBcm8TD9Div8BAA
Tricustom14: Custom engine code is hT3Nu7hP3fiYQADBZnYcglNHp9bfd7EOeniIqP/ji8sGLQu8yhsFO+wxJ+O+R0bU8g/IewXFomyos+viQnWc2xYNYmMqpo3i40O7DaZR7qfp4YqNx26KRvQ/qx0BAA
0.0.PRE: Performing Proof Simplification...
0.0.N: clocks: 1, declared: 1, looping: 0, posedge: 1, negedge: 0, noedge: 0, bothedge: 0
0.0.N: Proof Simplification Iteration 1	[0.00 s]
0.0.N: Proof Simplification Iteration 2	[0.00 s]
0.0.PRE: A proof was found: No trace exists. [0.00 s]
INFO (IPF057): 0.0.PRE: The property ":noDeadEnd" was proven in 0.00 s.
    Use check_assumptions -show -dead_end to show this property in the property table.
0.0.PRE: A proof was found: No trace exists. [0.00 s]
INFO (IPF057): 0.0.PRE: The property ":noConflict" was proven in 0.00 s.
    Use check_assumptions -show to show this property in the property table.
INFO (IPF047): 0.0.PRE: The cover property ":live" was covered in 1 cycles in 0.00 s.
    Use check_assumptions -show -live to show this property in the property table.
0.0.PRE: Proof Simplification completed in 0.00 s
0: About to start ProofGrid in its own thread with a limit of 10000 pending notifications and a limit of 10 traces.
0: =============================== ProofGrid start ===============================
0: ProofGrid usable level: 1
0: Initial ProofGrid level: 1
0: ProofGrid is starting event handling
0.0.Hp: Proofgrid shell started at 15368@vlsi-ria84(local) jg_15302_vlsi-ria84_1
0.0.N: Proofgrid shell started at 15367@vlsi-ria84(local) jg_15302_vlsi-ria84_1
0.0.N: clocks: 1, declared: 1, looping: 0, posedge: 1, negedge: 0, noedge: 0, bothedge: 0
0.0.N: Last scan. Per property time limit: 0s
0.0.N: Starting proof for property "PWM_TOP.p1"	[0.00 s].
0.0.N: Trace Attempt  1	[0.00 s]
0.0.N: Trace Attempt  2	[0.00 s]
0.0.Hp: clocks: 1, declared: 1, looping: 0, posedge: 1, negedge: 0, noedge: 0, bothedge: 0
0.0.Hp: Last scan. Per property time limit: 0s
0.0.N: Trace Attempt  2	[0.00 s]
0.0.N: Trace Attempt  3	[0.00 s]
0.0.Hp: Trace Attempt  1	[0.00 s]
0.0.Hp: Trace Attempt  2	[0.00 s]
0.0.N: Trace Attempt  3	[0.00 s]
0.0.Hp: Trace Attempt  3	[0.00 s]
0.0.N: Trace Attempt  4	[0.00 s]
0.0.N: Trace Attempt  5	[0.00 s]
0.0.Hp: Trace Attempt  4	[0.00 s]
0.0.Hp: Trace Attempt  5	[0.01 s]
0.0.B: Proofgrid shell started at 15401@vlsi-ria84(local) jg_15302_vlsi-ria84_1
0.0.Ht: Proofgrid shell started at 15399@vlsi-ria84(local) jg_15302_vlsi-ria84_1
0.0.Oh: Proofgrid shell started at 15400@vlsi-ria84(local) jg_15302_vlsi-ria84_1
0.0.Ht: clocks: 1, declared: 1, looping: 0, posedge: 1, negedge: 0, noedge: 0, bothedge: 0
0.0.Oh: clocks: 1, declared: 1, looping: 0, posedge: 1, negedge: 0, noedge: 0, bothedge: 0
0.0.Ht: Last scan. Per property time limit: 0s
0.0.Oh: Reached length limit (2147483647) [0.00 s]
0.0.AM: Proofgrid shell started at 15402@vlsi-ria84(local) jg_15302_vlsi-ria84_1
0.0.Ht: Trace Attempt  1	[0.00 s]
0.0.Ht: Trace Attempt  2	[0.00 s]
0.0.Oh: Exited with Success (@ 0.03 s)
0.0.Ht: Trace Attempt  3	[0.00 s]
0.0.Ht: Trace Attempt  4	[0.00 s]
0.0.B: clocks: 1, declared: 1, looping: 0, posedge: 1, negedge: 0, noedge: 0, bothedge: 0
0.0.B: Last scan. Per property time limit: 0s
0.0.B: Starting proof for property "PWM_TOP.p1"	[0.00 s].
0.0.Ht: Trace Attempt  5	[0.00 s]
0.0.AM: clocks: 1, declared: 1, looping: 0, posedge: 1, negedge: 0, noedge: 0, bothedge: 0
0.0.B: Trace Attempt  1	[0.00 s]
0.0.AM: Last scan. Per property time limit: 0s
0.0.AM: Starting proof for property "PWM_TOP.p1"	[0.00 s].
0.0.B: Trace Attempt  2	[0.00 s]
0.0.AM: Trace Attempt  1	[0.00 s]
0.0.B: Trace Attempt  3	[0.00 s]
0.0.AM: Trace Attempt  2	[0.00 s]
0.0.B: Trace Attempt  4	[0.00 s]
0.0.AM: Trace Attempt  3	[0.00 s]
0.0.B: Trace Attempt  5	[0.00 s]
0.0.AM: Trace Attempt  4	[0.00 s]
0.0.AM: Trace Attempt  5	[0.00 s]
0.0.AM: Trace Attempt  1	[0.00 s]
0.0.AM: Trace Attempt  2	[0.00 s]
0.0.AM: Trace Attempt  3	[0.00 s]
0.0.AM: Trace Attempt  4	[0.01 s]
0.0.AM: Trace Attempt  5	[0.01 s]
0.0.AM: Trace Attempt  1	[0.02 s]
0.0.AM: Trace Attempt  2	[0.02 s]
0.0.AM: Trace Attempt  3	[0.02 s]
0.0.AM: Trace Attempt  4	[0.02 s]
0.0.AM: Trace Attempt  5	[0.02 s]
0.0.N: Trace Attempt  1	[0.06 s]
0.0.N: Trace Attempt  2	[0.06 s]
0.0.N: Trace Attempt  3	[0.06 s]
0.0.N: Trace Attempt  4	[0.06 s]
0.0.N: Trace Attempt  5	[0.07 s]
0.0.AM: Trace Attempt  1	[0.07 s]
0.0.AM: Trace Attempt  2	[0.08 s]
0.0.AM: Trace Attempt  3	[0.08 s]
0.0.AM: Trace Attempt  4	[0.08 s]
0.0.AM: Trace Attempt  5	[0.08 s]
0.0.N: Trace Attempt  1	[0.20 s]
0.0.N: Trace Attempt  2	[0.20 s]
0.0.N: Trace Attempt  3	[0.20 s]
0.0.N: Trace Attempt  4	[0.20 s]
0.0.N: Trace Attempt  5	[0.20 s]
0.0.N: Trace Attempt  1	[0.34 s]
0.0.N: Trace Attempt  2	[0.34 s]
0.0.N: Trace Attempt  3	[0.34 s]
0.0.N: Trace Attempt  4	[0.34 s]
0.0.N: Trace Attempt  5	[0.35 s]
0.0.AM: Trace Attempt  1	[0.41 s]
0.0.AM: Trace Attempt  2	[0.41 s]
0.0.AM: Trace Attempt  3	[0.41 s]
0.0.AM: Trace Attempt  4	[0.41 s]
0.0.AM: Trace Attempt  5	[0.42 s]
0.0.N: Trace Attempt  1	[0.49 s]
0.0.N: Trace Attempt  2	[0.49 s]
0.0.N: Trace Attempt  3	[0.49 s]
0.0.N: Trace Attempt  4	[0.49 s]
0.0.N: Trace Attempt  5	[0.49 s]
0.0.N: Trace Attempt  1	[0.64 s]
0.0.N: Trace Attempt  2	[0.64 s]
0.0.N: Trace Attempt  3	[0.64 s]
0.0.N: Trace Attempt  4	[0.64 s]
0.0.N: Trace Attempt  5	[0.64 s]
0.0.N: Trace Attempt  1	[0.79 s]
0.0.N: Trace Attempt  2	[0.79 s]
0.0.N: Trace Attempt  3	[0.79 s]
0.0.N: Trace Attempt  4	[0.80 s]
0.0.N: Trace Attempt  5	[0.80 s]
0.0.N: Trace Attempt  1	[1.11 s]
0.0.N: Trace Attempt  2	[1.11 s]
0.0.N: Trace Attempt  3	[1.11 s]
0.0.N: Trace Attempt  4	[1.11 s]
0.0.N: Trace Attempt  5	[1.12 s]
0.0.N: Trace Attempt  1	[2.64 s]
0.0.N: Trace Attempt  2	[2.65 s]
0.0.N: Trace Attempt  3	[2.65 s]
0.0.N: Trace Attempt  4	[2.65 s]
0.0.N: Trace Attempt  5	[2.65 s]
0.0.AM: Trace Attempt  1	[2.76 s]
0.0.AM: Trace Attempt  2	[2.76 s]
0.0.AM: Trace Attempt  3	[2.76 s]
0.0.AM: Trace Attempt  4	[2.77 s]
0.0.AM: Trace Attempt  5	[2.78 s]
0.0.Hp: Trace Attempt 136	[4.05 s]
0.0.B: Trace Attempt 143	[4.03 s]
0.0.Ht: Trace Attempt 138	[4.03 s]
0.0.N: Trace Attempt  1	[4.22 s]
0.0.N: Trace Attempt  2	[4.22 s]
0.0.N: Trace Attempt  3	[4.22 s]
0.0.N: Trace Attempt  4	[4.22 s]
0.0.N: Trace Attempt  5	[4.22 s]
0.0.N: Trace Attempt  1	[5.82 s]
0.0.N: Trace Attempt  2	[5.82 s]
0.0.N: Trace Attempt  3	[5.82 s]
0.0.N: Trace Attempt  4	[5.83 s]
0.0.N: Trace Attempt  5	[5.83 s]
0.0.AM: Trace Attempt 79	[7.31 s]
0.0.N: Trace Attempt  1	[7.44 s]
0.0.N: Trace Attempt  2	[7.44 s]
0.0.N: Trace Attempt  3	[7.44 s]
0.0.N: Trace Attempt  4	[7.44 s]
0.0.N: Trace Attempt  5	[7.45 s]
0.0.Hp: Trace Attempt 167	[8.10 s]
0.0.B: Trace Attempt 181	[8.08 s]
0.0.Ht: Trace Attempt 173	[8.12 s]
0.0.N: Trace Attempt  1	[9.08 s]
0.0.N: Trace Attempt  2	[9.08 s]
0.0.N: Trace Attempt  3	[9.08 s]
0.0.N: Trace Attempt  4	[9.09 s]
0.0.N: Trace Attempt  5	[9.09 s]
0.0.N: Trace Attempt  1	[11.02 s]
0.0.N: Trace Attempt  2	[11.02 s]
0.0.N: Trace Attempt  3	[11.02 s]
0.0.N: Trace Attempt  4	[11.02 s]
0.0.N: Trace Attempt  5	[11.03 s]
0.0.AM: Trace Attempt 90	[11.81 s]
0.0.Ht: Trace Attempt 199	[12.22 s]
0.0.B: Trace Attempt 209	[12.23 s]
0.0.Hp: Trace Attempt 194	[12.46 s]
0.0.N: Trace Attempt  1	[12.80 s]
0.0.N: Trace Attempt  2	[12.80 s]
0.0.N: Trace Attempt  3	[12.80 s]
0.0.N: Trace Attempt  4	[12.80 s]
0.0.N: Trace Attempt  5	[12.81 s]
0.0.N: Trace Attempt  1	[14.53 s]
0.0.N: Trace Attempt  2	[14.53 s]
0.0.N: Trace Attempt  3	[14.53 s]
0.0.N: Trace Attempt  4	[14.53 s]
0.0.N: Trace Attempt  5	[14.54 s]
0.0.AM: Trace Attempt 94	[15.85 s]
0.0.B: Trace Attempt 228	[16.34 s]
0.0.N: Trace Attempt  1	[16.37 s]
0.0.N: Trace Attempt  2	[16.37 s]
0.0.N: Trace Attempt  3	[16.37 s]
0.0.N: Trace Attempt  4	[16.37 s]
0.0.Ht: Trace Attempt 220	[16.35 s]
0.0.N: Trace Attempt  5	[16.38 s]
0.0.Hp: Trace Attempt 215	[16.49 s]
0.0.N: Trace Attempt  1	[18.18 s]
0.0.N: Trace Attempt  2	[18.18 s]
0.0.N: Trace Attempt  3	[18.18 s]
0.0.N: Trace Attempt  4	[18.18 s]
0.0.N: Trace Attempt  5	[18.18 s]
0.0.AM: Trace Attempt  1	[18.46 s]
0.0.AM: Trace Attempt  2	[18.47 s]
0.0.AM: Trace Attempt  3	[18.47 s]
0.0.AM: Trace Attempt  4	[18.47 s]
0.0.AM: Trace Attempt  5	[18.48 s]
0.0.N: Trace Attempt  1	[20.08 s]
0.0.N: Trace Attempt  2	[20.08 s]
0.0.N: Trace Attempt  3	[20.08 s]
0.0.N: Trace Attempt  4	[20.09 s]
0.0.N: Trace Attempt  5	[20.09 s]
0.0.Ht: Trace Attempt 236	[20.45 s]
0.0.B: Trace Attempt 248	[20.50 s]
0.0.Hp: Trace Attempt 230	[20.54 s]
0.0.N: Trace Attempt  1	[22.09 s]
0.0.N: Trace Attempt  2	[22.09 s]
0.0.N: Trace Attempt  3	[22.09 s]
0.0.N: Trace Attempt  4	[22.10 s]
0.0.N: Trace Attempt  5	[22.10 s]
0.0.AM: Trace Attempt 82	[22.51 s]
0.0.N: Trace Attempt  1	[24.02 s]
0.0.N: Trace Attempt  2	[24.02 s]
0.0.N: Trace Attempt  3	[24.02 s]
0.0.N: Trace Attempt  4	[24.02 s]
0.0.N: Trace Attempt  5	[24.03 s]
0.0.Hp: Trace Attempt 246	[24.62 s]
0.0.Ht: Trace Attempt 251	[24.60 s]
0.0.B: Trace Attempt 263	[24.88 s]
0.0.AM: Trace Attempt 97	[26.54 s]
0.0.N: Trace Attempt  1	[27.21 s]
0.0.N: Trace Attempt  2	[27.21 s]
0.0.N: Trace Attempt  3	[27.21 s]
0.0.N: Trace Attempt  4	[27.21 s]
0.0.N: Trace Attempt  5	[27.22 s]
0.0.Hp: Trace Attempt 258	[28.65 s]
0.0.Ht: Trace Attempt 262	[28.98 s]
0.0.B: Trace Attempt 274	[29.05 s]
0.0.AM: Trace Attempt 110	[30.77 s]
0.0.N: Trace Attempt 78	[31.44 s]
0.0.Hp: Trace Attempt 266	[32.99 s]
0.0.B: Trace Attempt 286	[33.11 s]
0.0.Ht: Trace Attempt 272	[33.14 s]
0.0.AM: Trace Attempt 123	[34.88 s]
0.0.N: Trace Attempt 89	[35.51 s]
0.0.Hp: Trace Attempt 275	[37.09 s]
0.0.B: Trace Attempt 297	[37.25 s]
0.0.Ht: Trace Attempt 281	[37.46 s]
0.0.AM: Trace Attempt 136	[39.09 s]
0.0.Hp: Trace Attempt 283	[41.36 s]
0.0.B: Trace Attempt 308	[41.70 s]
0.0.Ht: Trace Attempt 289	[41.77 s]
0.0.AM: Trace Attempt 143	[43.55 s]
0.0.N: Trace Attempt 95	[44.19 s]
0.0.N: Trace Attempt  1	[44.48 s]
0.0.N: Trace Attempt  2	[44.48 s]
0.0.N: Trace Attempt  3	[44.48 s]
0.0.N: Trace Attempt  4	[44.48 s]
0.0.N: Trace Attempt  5	[44.49 s]
0.0.Hp: Trace Attempt 290	[45.48 s]
0.0.B: Trace Attempt 318	[45.72 s]
0.0.Ht: Trace Attempt 298	[46.20 s]
0.0.AM: Trace Attempt 147	[47.59 s]
0.0.N: Trace Attempt 77	[48.49 s]
0.0.Hp: Trace Attempt 299	[49.79 s]
0.0.B: Trace Attempt 328	[50.10 s]
0.0.Ht: Trace Attempt 306	[50.60 s]
0.0.N: Trace Attempt 88	[52.55 s]
0.0.AM: Trace Attempt 152	[53.08 s]
0.0.Hp: Trace Attempt 306	[54.05 s]
0.0.B: Trace Attempt 336	[54.29 s]
0.0.Ht: Trace Attempt 315	[55.04 s]
0.0.N: Trace Attempt 95	[56.58 s]
0.0.AM: Trace Attempt 155	[57.29 s]
0.0.B: Trace Attempt 343	[58.78 s]
0.0.Hp: Trace Attempt 315	[58.90 s]
0.0.Ht: Trace Attempt 321	[59.37 s]
0.0.AM: Trace Attempt 157	[61.71 s]
0.0.N: Trace Attempt 96	[61.85 s]
0.0.N: Trace Attempt  1	[62.16 s]
0.0.N: Trace Attempt  2	[62.16 s]
0.0.N: Trace Attempt  3	[62.16 s]
0.0.N: Trace Attempt  4	[62.16 s]
0.0.N: Trace Attempt  5	[62.17 s]
0.0.B: Trace Attempt 350	[63.12 s]
0.0.Hp: Trace Attempt 321	[63.29 s]
0.0.Ht: Trace Attempt 328	[63.40 s]
0.0.N: Trace Attempt 76	[66.19 s]
0.0.AM: Trace Attempt 159	[66.19 s]
0.0.Hp: Trace Attempt 328	[67.54 s]
0.0.Ht: Trace Attempt 335	[67.55 s]
0.0.B: Trace Attempt 358	[67.55 s]
0.0.N: Trace Attempt 88	[70.30 s]
0.0.AM: Trace Attempt 161	[70.78 s]
0.0.Hp: Trace Attempt 335	[71.85 s]
0.0.Ht: Trace Attempt 342	[71.98 s]
0.0.B: Trace Attempt 366	[71.99 s]
0.0.N: Trace Attempt 96	[74.34 s]
0.0.AM: Trace Attempt 164	[75.07 s]
0.0.Hp: Trace Attempt 341	[76.20 s]
0.0.B: Trace Attempt 372	[76.38 s]
0.0.Ht: Trace Attempt 348	[76.45 s]
0.0.N: Trace Attempt 97	[78.57 s]
0.0.N: Trace Attempt  1	[78.86 s]
0.0.N: Trace Attempt  2	[78.86 s]
0.0.N: Trace Attempt  3	[78.86 s]
0.0.N: Trace Attempt  4	[78.86 s]
0.0.N: Trace Attempt  5	[78.87 s]
0.0.AM: Trace Attempt 167	[79.89 s]
0.0.B: Trace Attempt 379	[80.45 s]
0.0.Hp: Trace Attempt 347	[80.62 s]
0.0.Ht: Trace Attempt 355	[80.94 s]
0.0.N: Trace Attempt 77	[82.88 s]
0.0.B: Trace Attempt 386	[84.61 s]
0.0.AM: Trace Attempt 171	[84.77 s]
0.0.Ht: Trace Attempt 361	[85.05 s]
0.0.Hp: Trace Attempt 354	[85.17 s]
0.0.N: Trace Attempt 88	[86.95 s]
0.0.Hp: Trace Attempt 360	[89.40 s]
0.0.AM: Trace Attempt 173	[89.54 s]
0.0.Ht: Trace Attempt 366	[89.59 s]
0.0.B: Trace Attempt 391	[89.69 s]
0.0.N: Trace Attempt 97	[91.00 s]
0.0.Ht: Trace Attempt 373	[93.59 s]
0.0.B: Trace Attempt 396	[94.41 s]
0.0.AM: Trace Attempt 176	[95.00 s]
0.0.Hp: Trace Attempt 366	[95.35 s]
0.0.N: Trace Attempt 98	[95.49 s]
0.0.N: Trace Attempt  1	[95.77 s]
0.0.N: Trace Attempt  2	[95.77 s]
0.0.N: Trace Attempt  3	[95.77 s]
0.0.N: Trace Attempt  4	[95.77 s]
0.0.N: Trace Attempt  5	[95.78 s]
0.0.Ht: Trace Attempt 378	[98.03 s]
0.0.B: Trace Attempt 401	[99.06 s]
0.0.Hp: Trace Attempt 373	[99.44 s]
0.0.AM: Trace Attempt 178	[99.61 s]
0.0.N: Trace Attempt 77	[99.81 s]
0.0.Ht: Trace Attempt 384	[102.58 s]
0.0.B: Trace Attempt 405	[103.11 s]
0.0.N: Trace Attempt 88	[103.89 s]
0.0.Hp: Trace Attempt 378	[104.00 s]
0.0.AM: Trace Attempt 179	[104.49 s]
0.0.Ht: Trace Attempt 390	[107.23 s]
0.0.B: Trace Attempt 410	[107.58 s]
0.0.N: Trace Attempt 98	[107.94 s]
0.0.Hp: Trace Attempt 383	[108.03 s]
0.0.AM: Trace Attempt 180	[108.74 s]
0.0.Ht: Trace Attempt 395	[111.60 s]
0.0.B: Trace Attempt 414	[111.69 s]
0.0.Hp: Trace Attempt 388	[112.26 s]
0.0.N: Trace Attempt 99	[113.71 s]
0.0.N: Trace Attempt  1	[114.02 s]
0.0.N: Trace Attempt  2	[114.02 s]
0.0.N: Trace Attempt  3	[114.02 s]
0.0.N: Trace Attempt  4	[114.02 s]
0.0.N: Trace Attempt  5	[114.03 s]
0.0.Ht: Trace Attempt 398	[115.72 s]
0.0.B: Trace Attempt 418	[115.90 s]
0.0.Hp: Trace Attempt 393	[116.30 s]
0.0.AM: Trace Attempt 182	[117.02 s]
0.0.N: Trace Attempt 77	[118.03 s]
0.0.B: Trace Attempt 422	[120.18 s]
0.0.Ht: Trace Attempt 404	[120.64 s]
0.0.N: Trace Attempt 88	[122.12 s]
0.0.AM: Trace Attempt 133	[122.44 s]
0.0.Hp: Trace Attempt 398	[122.51 s]
0.0.B: Trace Attempt 427	[124.53 s]
0.0.Ht: Trace Attempt 408	[125.49 s]
0.0.N: Trace Attempt 99	[126.21 s]
0.0.Hp: Trace Attempt 403	[126.77 s]
0.0.B: Trace Attempt 431	[129.08 s]
0.0.AM: Trace Attempt 135	[129.55 s]
0.0.Ht: Trace Attempt 412	[129.84 s]
0.0.Hp: Trace Attempt 407	[131.89 s]
0.0.N: Trace Attempt 100	[132.02 s]
0.0.N: Trace Attempt  1	[132.29 s]
0.0.N: Trace Attempt  2	[132.29 s]
0.0.N: Trace Attempt  3	[132.29 s]
0.0.N: Trace Attempt  4	[132.30 s]
0.0.N: Trace Attempt  5	[132.31 s]
0.0.B: Trace Attempt 435	[133.15 s]
0.0.Ht: Trace Attempt 417	[134.36 s]
0.0.Hp: Trace Attempt 411	[136.18 s]
0.0.N: Trace Attempt 77	[136.34 s]
0.0.AM: Trace Attempt 137	[136.48 s]
0.0.B: Trace Attempt 440	[138.22 s]
0.0.Ht: Trace Attempt 422	[139.35 s]
0.0.N: Trace Attempt 88	[140.44 s]
0.0.Hp: Trace Attempt 416	[140.81 s]
0.0.B: Trace Attempt 444	[142.53 s]
0.0.AM: Trace Attempt 139	[143.22 s]
0.0.Ht: Trace Attempt 427	[144.08 s]
0.0.N: Trace Attempt 100	[144.51 s]
0.0.Hp: Trace Attempt 420	[144.91 s]
0.0.B: Trace Attempt 449	[147.30 s]
0.0.Ht: Trace Attempt 429	[148.24 s]
0.0.Hp: Trace Attempt 424	[149.16 s]
0.0.AM: Trace Attempt 141	[149.71 s]
0.0.N: Trace Attempt 101	[150.32 s]
0.0.N: Trace Attempt  1	[150.61 s]
0.0.N: Trace Attempt  2	[150.61 s]
0.0.N: Trace Attempt  3	[150.61 s]
0.0.N: Trace Attempt  4	[150.62 s]
0.0.N: Trace Attempt  5	[150.62 s]
0.0.B: Trace Attempt 453	[151.77 s]
0.0.Ht: Trace Attempt 434	[152.55 s]
0.0.AM: Trace Attempt 149	[153.78 s]
0.0.N: Trace Attempt 77	[154.66 s]
0.0.Hp: Trace Attempt 428	[155.84 s]
0.0.B: Trace Attempt 457	[156.37 s]
0.0.Ht: Trace Attempt 438	[157.92 s]
0.0.AM: Trace Attempt 176	[158.04 s]
0.0.N: Trace Attempt 88	[158.78 s]
0.0.Hp: Trace Attempt 433	[160.69 s]
0.0.B: Trace Attempt 461	[161.44 s]
0.0.AM: Trace Attempt 197	[162.12 s]
0.0.Ht: Trace Attempt 441	[162.19 s]
0.0.N: Trace Attempt 101	[162.87 s]
0.0.Hp: Trace Attempt 437	[165.14 s]
0.0.AM: Trace Attempt 214	[166.27 s]
0.0.B: Trace Attempt 465	[166.48 s]
0.0.Ht: Trace Attempt 445	[167.44 s]
0.0.N: Trace Attempt 102	[168.87 s]
0.0.N: Trace Attempt  1	[169.15 s]
0.0.N: Trace Attempt  2	[169.16 s]
0.0.N: Trace Attempt  3	[169.16 s]
0.0.N: Trace Attempt  4	[169.16 s]
0.0.N: Trace Attempt  5	[169.17 s]
0.0.Hp: Trace Attempt 439	[169.24 s]
0.0.AM: Trace Attempt 228	[170.27 s]
0.0.B: Trace Attempt 469	[171.58 s]
0.0.Ht: Trace Attempt 449	[172.69 s]
0.0.N: Trace Attempt 77	[173.19 s]
0.0.Hp: Trace Attempt 442	[173.80 s]
0.0.AM: Trace Attempt 238	[174.48 s]
0.0.B: Trace Attempt 472	[175.75 s]
0.0.Ht: Trace Attempt 453	[176.97 s]
0.0.N: Trace Attempt 88	[177.30 s]
0.0.AM: Trace Attempt 254	[178.67 s]
0.0.Hp: Trace Attempt 446	[178.79 s]
0.0.B: Trace Attempt 476	[180.67 s]
0.0.N: Trace Attempt 94	[180.90 s]
0.0.N: Stopped processing property "PWM_TOP.p1"	[181.34 s].
0.0.N: Morphing to Ncustom1
0.0.N: All properties determined. [0.00 s]
0.0.N: Exited with Success (@ 0.00 s)
0.0.Ncustom1: clocks: 1, declared: 1, looping: 0, posedge: 1, negedge: 0, noedge: 0, bothedge: 0
0.0.Ncustom1: Starting proof for property "PWM_TOP.p1"	[0.00 s].
0.0.Ncustom1: Trace Attempt 101	[0.00 s]
0.0.B: Stopped processing property "PWM_TOP.p1"	[181.33 s].
0.0.B: Morphing to Bcustom2
0.0.B: All properties determined. [0.00 s]
0.0.B: Exited with Success (@ 0.00 s)
0.0.Bcustom2: clocks: 1, declared: 1, looping: 0, posedge: 1, negedge: 0, noedge: 0, bothedge: 0
0.0.Bcustom2: Starting proof for property "PWM_TOP.p1"	[0.00 s].
0.0.Bcustom2: Trace Attempt  1	[0.00 s]
0.0.Bcustom2: Trace Attempt  2	[0.00 s]
0.0.Bcustom2: Trace Attempt  1	[0.00 s]
0.0.Bcustom2: Trace Attempt  2	[0.00 s]
0.0.Bcustom2: Trace Attempt  3	[0.00 s]
0.0.Bcustom2: Trace Attempt  4	[0.00 s]
0.0.Bcustom2: Trace Attempt  5	[0.00 s]
0.0.AM: Trace Attempt 259	[181.27 s]
0.0.AM: Stopped processing property "PWM_TOP.p1"	[181.34 s].
0.0.AM: Morphing to AMcustom3
0.0.AM: All properties determined. [0.00 s]
0.0.AM: Exited with Success (@ 0.00 s)
0.0.AMcustom3: clocks: 1, declared: 1, looping: 0, posedge: 1, negedge: 0, noedge: 0, bothedge: 0
0.0.AMcustom3: Starting proof for property "PWM_TOP.p1"	[0.00 s].
0.0.AMcustom3: Trace Attempt  1	[0.00 s]
0.0.AMcustom3: Trace Attempt  2	[0.00 s]
0.0.AMcustom3: Trace Attempt  3	[0.00 s]
0.0.AMcustom3: Trace Attempt  4	[0.00 s]
0.0.AMcustom3: Trace Attempt  5	[0.00 s]
0.0.AMcustom3: Trace Attempt  1	[0.00 s]
0.0.AMcustom3: Trace Attempt  2	[0.00 s]
0.0.AMcustom3: Trace Attempt  3	[0.00 s]
0.0.AMcustom3: Trace Attempt  4	[0.01 s]
0.0.AMcustom3: Trace Attempt  5	[0.01 s]
0.0.AMcustom3: Trace Attempt  1	[0.02 s]
0.0.AMcustom3: Trace Attempt  2	[0.02 s]
0.0.AMcustom3: Trace Attempt  3	[0.02 s]
0.0.AMcustom3: Trace Attempt  4	[0.02 s]
0.0.AMcustom3: Trace Attempt  5	[0.03 s]
0.0.Tri: Proofgrid shell started at 15905@vlsi-ria84(local) jg_15302_vlsi-ria84_1
0.0.Tri: clocks: 1, declared: 1, looping: 0, posedge: 1, negedge: 0, noedge: 0, bothedge: 0
0.0.Tri: Last scan. Per property time limit: 0s
0.0.Tri: Starting proof for property "PWM_TOP.p1"	[0.00 s].
0.0.Tri: Trace Attempt  1	[0.00 s]
0.0.AMcustom3: Trace Attempt  1	[0.08 s]
0.0.AMcustom3: Trace Attempt  2	[0.08 s]
0.0.AMcustom3: Trace Attempt  3	[0.08 s]
0.0.AMcustom3: Trace Attempt  4	[0.09 s]
0.0.Tri:    0.00" ---- Launching main thread ----
0.0.AMcustom3: Trace Attempt  5	[0.09 s]
0.0.Tri:    0.04" ---- Launching abstraction thread ----
0.0.Tri:    0.04" ---- Launching multi-phase simplification thread ----
0.0.Tri:    0.05" ---- Launching liveness simplification thread ----
0.0.AMcustom3: Trace Attempt  1	[0.44 s]
0.0.AMcustom3: Trace Attempt  2	[0.44 s]
0.0.AMcustom3: Trace Attempt  3	[0.44 s]
0.0.AMcustom3: Trace Attempt  4	[0.45 s]
0.0.AMcustom3: Trace Attempt  5	[0.45 s]
0.0.Tri:    0.82" Simplification phase 1 complete
0.0.Ncustom1: Requesting engine job to terminate
0.0.Bcustom2: Requesting engine job to terminate
0.0.AMcustom3: Requesting engine job to terminate
0.0.Tri: Requesting engine job to terminate
0.0.Hp: Requesting engine job to terminate
0.0.Ht: Requesting engine job to terminate
INFO (IPF144): 0: Initiating shutdown of proof [182.33 s]
0.0.Tri: A proof was found: No trace exists. [0.89 s]
INFO (IPF057): 0.0.Tri: The property "PWM_TOP.p1" was proven in 0.90 s.
0.0.Ncustom1: Stopped processing property "PWM_TOP.p1"	[0.98 s].
0.0.Ncustom1: All properties determined. [0.98 s]
0.0.AMcustom3: Trace Attempt 31	[0.90 s]
0.0.AMcustom3: Stopped processing property "PWM_TOP.p1"	[0.95 s].
0.0.AMcustom3: All properties determined. [0.95 s]
0.0.AMcustom3: Exited with Success (@ 182.33 s)
0: ProofGrid usable level: 0
0.0.Ncustom1: Exited with Success (@ 182.33 s)
0.0.Bcustom2: Trace Attempt 84	[0.95 s]
0.0.Bcustom2: Stopped processing property "PWM_TOP.p1"	[0.97 s].
0.0.Bcustom2: All properties determined. [0.97 s]
0.0.Bcustom2: Exited with Success (@ 182.34 s)
0.0.Hp: Trace Attempt 448	[181.59 s]
0.0.Hp: All properties determined. [182.38 s]
0.0.Ht: Trace Attempt 456	[180.56 s]
0.0.Ht: All properties determined. [182.38 s]
0.0.Ht: Exited with Success (@ 182.43 s)
0.0.Hp: Exited with Success (@ 182.44 s)
0.0.Tri: Stopped processing property "PWM_TOP.p1"	[1.02 s].
0.0.Tri: All properties determined. [1.02 s]
0.0.Tri: Exited with Success (@ 182.45 s)
0: --------------------------------------------------------------
ProofGrid Summary (utilization 99.97 %)
--------------------------------------------------------------
     engines started                               :    10
     engine jobs started                           :     7

    Average time in state (seconds)
    ------------------------------------------------------
    Engine  Pending     Running        Dead    Utilization
    ------------------------------------------------------
     Hp        0.03      182.32        0.00       99.98 %
     Ht        0.03      182.29        0.00       99.98 %
     Oh        0.03        0.00        0.00        0.57 %
    Ncustom1        0.03      182.28        0.00       99.98 %
    Bcustom2        0.03      182.27        0.00       99.98 %
    AMcustom3        0.03      182.26        0.00       99.98 %
    Tri        0.08        0.90        0.00       91.72 %
    all        0.04      130.33        0.00       99.97 %

    Total time in state (seconds)
    -----------------------------------------
            Pending     Running        Dead  
    -----------------------------------------
               0.27      912.33        0.00

    Data read    : 1.58 MiB
    Data written : 2.96 kiB

0: All pending notifications were processed.
INFO (IPF059): 0: Completed proof on task: "<embedded>"

==============================================================
SUMMARY
==============================================================
           Properties Considered              : 1
                 assertions                   : 1
                  - proven                    : 1 (100%)
                  - bounded_proven (user)     : 0 (0%)
                  - bounded_proven (auto)     : 0 (0%)
                  - marked_proven             : 0 (0%)
                  - cex                       : 0 (0%)
                  - ar_cex                    : 0 (0%)
                  - undetermined              : 0 (0%)
                  - unknown                   : 0 (0%)
                  - error                     : 0 (0%)
                 covers                       : 0
                  - unreachable               : 0
                  - bounded_unreachable (user): 0
                  - covered                   : 0
                  - ar_covered                : 0
                  - undetermined              : 0
                  - unknown                   : 0
                  - error                     : 0
proven
[<embedded>] % exit -force
INFO (IPL005): Received request to exit from the console.
INFO: Waiting for proof threads to stop...
INFO: Proof threads stopped.
INFO (IPL018): The peak resident set memory use for this session was 1.084 GB.
INFO (IPL014): Waiting for the Tcl-thread to exit.
INFO (IPL015): The Tcl-thread exited with status 0.
INFO (IPL016): Exiting the analysis session with status 0.
