2025-11-18 10:26:01.362143 (210459) main____ INFO    ----------------------------------------
2025-11-18 10:26:01.362276 (210459) main____ INFO    Jasper version info
2025-11-18 10:26:01.362292 (210459) main____ INFO      tool      : Jasper 2024.06
2025-11-18 10:26:01.362306 (210459) main____ INFO      version   : 2024.06p002 64 bits
2025-11-18 10:26:01.362317 (210459) main____ INFO      build date: 2024.09.02 16:28:38 UTC
2025-11-18 10:26:01.362325 (210459) main____ INFO    ----------------------------------------
2025-11-18 10:26:01.362331 (210459) main____ INFO    Runtime info:
2025-11-18 10:26:01.362341 (210459) main____ INFO      platform  : Linux 3.10.0-1062.el7.x86_64 x86_64
2025-11-18 10:26:01.362360 (210459) main____ INFO      hostname  : vlsi-moon
2025-11-18 10:26:01.362371 (210459) main____ INFO      pid       : 210459
2025-11-18 10:26:01.362381 (210459) main____ INFO      arguments : '-style' 'windows' '-proj' '../jgprojects/vga_1' '-batch' 'vga_1.tcl'
2025-11-18 10:26:01.362390 (210459) main____ INFO      locale    : ANSI_X3.4-1968
2025-11-18 10:26:01.362398 (210459) main____ INFO    ----------------------------------------
2025-11-18 10:26:01.362405 (210459) main____ INFO    System resource limits info:
2025-11-18 10:26:01.362415 (210459) main____ INFO      virtual memory: unlimited
2025-11-18 10:26:01.362429 (210459) main____ INFO      cpu time      : unlimited
2025-11-18 10:26:01.362445 (210459) main____ INFO      processes     : 4096
2025-11-18 10:26:01.362463 (210459) main____ INFO      stack size    : 8388608 B
2025-11-18 10:26:01.362476 (210459) main____ INFO      core file size: 1024 B
2025-11-18 10:26:01.362485 (210459) main____ INFO      open files    : 4096
2025-11-18 10:26:01.362495 (210459) main____ INFO      file size     : unlimited
2025-11-18 10:26:01.362502 (210459) main____ INFO    ----------------------------------------
2025-11-18 10:26:01.362508 (210459) main____ INFO    Memory statistics:
2025-11-18 10:26:01.362519 (210459) main____ INFO      total physical memory  : 527831204 kB
2025-11-18 10:26:01.362527 (210459) main____ INFO      free physical memory   : 519192464 kB
2025-11-18 10:26:01.362536 (210459) main____ INFO      committed address space: 8727744 kB
2025-11-18 10:26:01.362543 (210459) main____ INFO    ----------------------------------------
2025-11-18 10:26:01.364360 (210459) main____ INFO    Important environment variables:
2025-11-18 10:26:01.364394 (210459) main____ INFO      CDS_ASSURA         : '/eda/cadence/2023-24/RHELx86/ASSURA_04.16.115_231'
2025-11-18 10:26:01.364407 (210459) main____ INFO      CDS_AUTO_64BIT     : 'ALL'
2025-11-18 10:26:01.364420 (210459) main____ INFO      CDS_CONFRML        : '/eda/cadence/2023-24/RHELx86/CONFRML_23.10.300'
2025-11-18 10:26:01.364432 (210459) main____ INFO      CDS_DDIEXPORT      : '/eda/cadence/2023-24/RHELx86/DDIEXPORT_22.33.000'
2025-11-18 10:26:01.364445 (210459) main____ INFO      CDS_EMX            : '/eda/cadence/2023-24/RHELx86/EMX_23.10.000'
2025-11-18 10:26:01.364457 (210459) main____ INFO      CDS_GENUS          : '/eda/cadence/2023-24/RHELx86/DDIEXPORT_22.33.000/GENUS221'
2025-11-18 10:26:01.364469 (210459) main____ INFO      CDS_IC             : '/eda/cadence/2023-24/RHELx86/IC_23.10.020'
2025-11-18 10:26:01.364482 (210459) main____ INFO      CDS_INNOVUS        : '/eda/cadence/2023-24/RHELx86/DDIEXPORT_22.33.000/INNOVUS221'
2025-11-18 10:26:01.364494 (210459) main____ INFO      CDS_JLS            : '/eda/cadence/2023-24/RHELx86/DDIEXPORT_22.33.000/JLS221'
2025-11-18 10:26:01.364512 (210459) main____ INFO      CDS_LIC_FILE       : '/etc/local/cadence/license_8x.3868dd0560aa:5280@132.68.59.69:/etc/local/cadence/license_8x.1831bfb82c67:5280@132.68.59.64:/etc/local/cadence/license_8x.0894ef683fc3:5280@132.68.59.79:/etc/local/cadence/license_8x.1831bfb82c67:5280@132.68.59.61'
2025-11-18 10:26:01.364536 (210459) main____ INFO      CDS_LITMUS         : '/eda/cadence/2023-24/RHELx86/LITMUS_23.10.300'
2025-11-18 10:26:01.364548 (210459) main____ INFO      CDS_MODUS          : '/eda/cadence/2023-24/RHELx86/MODUS_22.12.000'
2025-11-18 10:26:01.364560 (210459) main____ INFO      CDS_MVS            : '/eda/cadence/2023-24/RHELx86/MVS_21.12.000'
2025-11-18 10:26:01.364575 (210459) main____ INFO      CDS_Netlisting_Mode: 'Analog'
2025-11-18 10:26:01.364588 (210459) main____ INFO      CDS_PEGASUS        : '/eda/cadence/2023-24/RHELx86/PEGASUS_23.11.000'
2025-11-18 10:26:01.364599 (210459) main____ INFO      CDS_PEGASUSDFM     : '/eda/cadence/2023-24/RHELx86/PEGASUSDFM_23.11.000'
2025-11-18 10:26:01.364611 (210459) main____ INFO      CDS_PVS            : '/eda/cadence/2023-24/RHELx86/PVS_22.22.000'
2025-11-18 10:26:01.364622 (210459) main____ INFO      CDS_QUANTUS        : '/eda/cadence/2023-24/RHELx86/QUANTUS_23.10.000'
2025-11-18 10:26:01.364634 (210459) main____ INFO      CDS_SPECTRE        : '/eda/cadence/2023-24/RHELx86/SPECTRE_23.10.242'
2025-11-18 10:26:01.364645 (210459) main____ INFO      CDS_SSV            : '/eda/cadence/2023-24/RHELx86/SSV_22.13.000'
2025-11-18 10:26:01.364655 (210459) main____ INFO      CDS_USE_PALETTE    : ''
2025-11-18 10:26:01.364667 (210459) main____ INFO      CDS_VERISIUMDEBUG  : '/eda/cadence/2023-24/RHELx86/VERISIUMDEBUG_23.03.001'
2025-11-18 10:26:01.364679 (210459) main____ INFO      CDS_VIPCAT         : '/eda/cadence/2023-24/RHELx86/VIPCAT_11.30.093'
2025-11-18 10:26:01.364692 (210459) main____ INFO      CDS_VMANAGER       : '/eda/cadence/2023-24/RHELx86/VMANAGER_23.03.004'
2025-11-18 10:26:01.364703 (210459) main____ INFO      CDS_XCELIUM        : '/eda/cadence/2023-24/RHELx86/XCELIUM_23.03.007'
2025-11-18 10:26:01.364714 (210459) main____ INFO      DISPLAY            : 'localhost:10.0'
2025-11-18 10:26:01.364725 (210459) main____ INFO      JASPER_CPU_CHECK   : '1'
2025-11-18 10:26:01.364736 (210459) main____ INFO      JASPER_INSTALL_DIR : '/tools/cadence2425/JASPER/jasper_2024.06p002'
2025-11-18 10:26:01.364759 (210459) main____ INFO      JASPER_KERNEL_CHECK: '1'
2025-11-18 10:26:01.364770 (210459) main____ INFO      JASPER_OS_CHECK    : '1'
2025-11-18 10:26:01.364780 (210459) main____ INFO      LANG               : 'C'
2025-11-18 10:26:01.364790 (210459) main____ INFO      TMPDIR             : '/tmp'
2025-11-18 10:26:01.364798 (210459) main____ INFO    ----------------------------------------
2025-11-18 10:26:01.366088 (210459) lic_core INFO    Initializing license system ...
2025-11-18 10:26:01.399237 (210459) lic_core INFO    ... license system initialized.
2025-11-18 10:26:01.443776 (210459) lic__man INFO    Claim 'fpv' for <ui>.
2025-11-18 10:26:01.443896 (210459) lic_core INFO    (1) checking out 'jasper_fpv' ...
2025-11-18 10:26:01.497822 (210459) lic_core INFO    ... (1) checkout failed (error: -5) ("FLEXnet ERROR(-5, 0, 0): No such feature exists.")
2025-11-18 10:26:01.497895 (210459) lic_core INFO    (2) checking out 'jasper_fao' ...
2025-11-18 10:26:01.518558 (210459) lic_core INFO    ... (2) checkout succeeded
2025-11-18 10:26:01.543777 (210459) session_ INFO    Starting analysis session with session id 'session_0' (launcher: <local>) ...
2025-11-18 10:26:01.545823 (210459) session_ INFO    Analysis session with session id 'session_0' started (pid: 210477)
2025-11-18 10:26:02.425454 (210459) session_ INFO    Analysis session 'session_0' connected to the console (host: 127.0.0.1:58844)
2025-11-18 10:26:02.992904 (210459) lic__man INFO    Unclaim everything for 'session_0'.
2025-11-18 10:26:03.039516 (210459) lic__man INFO    Claim 'fpv' for 'session_0'.
2025-11-18 10:26:03.039577 (210459) lic__man INFO    Claim 'fpv' for 'session_0/prove-0'.
2025-11-18 10:29:11.722962 (210459) lic__man INFO    Unclaim everything for 'session_0/prove-0'.
2025-11-18 10:29:11.729586 (210459) main____ INFO    About to exit: request to exit with status 0 received from analysis session 'session_0'
2025-11-18 10:29:11.895520 (210459) session_ INFO    Analysis session 'session_0' disconnected.
2025-11-18 10:29:11.895927 (210459) lic__man INFO    Unclaim everything for 'session_0'.
2025-11-18 10:29:11.896555 (210459) session_ INFO    Process for analysis session 'session_0' has exited with exit status '0'.
2025-11-18 10:29:13.682007 (210459) lic_core INFO    (2) checkin jasper_fao
2025-11-18 10:29:13.684699 (210459) main____ INFO    Exiting with status 0.
