2025-11-19 23:36:22.925773 (11711) main____ INFO    ----------------------------------------
2025-11-19 23:36:22.925816 (11711) main____ INFO    Jasper version info
2025-11-19 23:36:22.925821 (11711) main____ INFO      tool      : Jasper 2024.06
2025-11-19 23:36:22.925824 (11711) main____ INFO      version   : 2024.06p002 64 bits
2025-11-19 23:36:22.925827 (11711) main____ INFO      build date: 2024.09.02 16:28:38 UTC
2025-11-19 23:36:22.925829 (11711) main____ INFO    ----------------------------------------
2025-11-19 23:36:22.925831 (11711) main____ INFO    Runtime info:
2025-11-19 23:36:22.925833 (11711) main____ INFO      platform  : Linux 3.10.0-1160.62.1.el7.x86_64 x86_64
2025-11-19 23:36:22.925838 (11711) main____ INFO      hostname  : vlsi-ria84
2025-11-19 23:36:22.925842 (11711) main____ INFO      pid       : 11711
2025-11-19 23:36:22.925845 (11711) main____ INFO      arguments : '-style' 'windows' '-proj' '../jgprojects/s1_lcd_11' '-batch' 's1_lcd_11.tcl'
2025-11-19 23:36:22.925847 (11711) main____ INFO      locale    : ANSI_X3.4-1968
2025-11-19 23:36:22.925849 (11711) main____ INFO    ----------------------------------------
2025-11-19 23:36:22.925851 (11711) main____ INFO    System resource limits info:
2025-11-19 23:36:22.925853 (11711) main____ INFO      virtual memory: unlimited
2025-11-19 23:36:22.925857 (11711) main____ INFO      cpu time      : unlimited
2025-11-19 23:36:22.925861 (11711) main____ INFO      processes     : 4096
2025-11-19 23:36:22.925867 (11711) main____ INFO      stack size    : 8388608 B
2025-11-19 23:36:22.925870 (11711) main____ INFO      core file size: 1024 B
2025-11-19 23:36:22.925872 (11711) main____ INFO      open files    : 4096
2025-11-19 23:36:22.925875 (11711) main____ INFO      file size     : unlimited
2025-11-19 23:36:22.925877 (11711) main____ INFO    ----------------------------------------
2025-11-19 23:36:22.925878 (11711) main____ INFO    Memory statistics:
2025-11-19 23:36:22.925881 (11711) main____ INFO      total physical memory  : 65711068 kB
2025-11-19 23:36:22.925883 (11711) main____ INFO      free physical memory   : 50107828 kB
2025-11-19 23:36:22.925885 (11711) main____ INFO      committed address space: 6851796 kB
2025-11-19 23:36:22.925887 (11711) main____ INFO    ----------------------------------------
2025-11-19 23:36:22.926425 (11711) main____ INFO    Important environment variables:
2025-11-19 23:36:22.926437 (11711) main____ INFO      CDS_ASSURA         : '/eda/cadence/2023-24/RHELx86/ASSURA_04.16.115_231'
2025-11-19 23:36:22.926441 (11711) main____ INFO      CDS_AUTO_64BIT     : 'ALL'
2025-11-19 23:36:22.926444 (11711) main____ INFO      CDS_CONFRML        : '/eda/cadence/2023-24/RHELx86/CONFRML_23.10.300'
2025-11-19 23:36:22.926447 (11711) main____ INFO      CDS_DDIEXPORT      : '/eda/cadence/2023-24/RHELx86/DDIEXPORT_22.33.000'
2025-11-19 23:36:22.926451 (11711) main____ INFO      CDS_EMX            : '/eda/cadence/2023-24/RHELx86/EMX_23.10.000'
2025-11-19 23:36:22.926454 (11711) main____ INFO      CDS_GENUS          : '/eda/cadence/2023-24/RHELx86/DDIEXPORT_22.33.000/GENUS221'
2025-11-19 23:36:22.926457 (11711) main____ INFO      CDS_IC             : '/eda/cadence/2023-24/RHELx86/IC_23.10.020'
2025-11-19 23:36:22.926460 (11711) main____ INFO      CDS_INNOVUS        : '/eda/cadence/2023-24/RHELx86/DDIEXPORT_22.33.000/INNOVUS221'
2025-11-19 23:36:22.926463 (11711) main____ INFO      CDS_JLS            : '/eda/cadence/2023-24/RHELx86/DDIEXPORT_22.33.000/JLS221'
2025-11-19 23:36:22.926468 (11711) main____ INFO      CDS_LIC_FILE       : '/etc/local/cadence/license_8x.3868dd0560aa:5280@132.68.59.69:/etc/local/cadence/license_8x.1831bfb82c67:5280@132.68.59.64:/etc/local/cadence/license_8x.0894ef683fc3:5280@132.68.59.79:/etc/local/cadence/license_8x.1831bfb82c67:5280@132.68.59.61'
2025-11-19 23:36:22.926474 (11711) main____ INFO      CDS_LITMUS         : '/eda/cadence/2023-24/RHELx86/LITMUS_23.10.300'
2025-11-19 23:36:22.926478 (11711) main____ INFO      CDS_MODUS          : '/eda/cadence/2023-24/RHELx86/MODUS_22.12.000'
2025-11-19 23:36:22.926481 (11711) main____ INFO      CDS_MVS            : '/eda/cadence/2023-24/RHELx86/MVS_21.12.000'
2025-11-19 23:36:22.926485 (11711) main____ INFO      CDS_Netlisting_Mode: 'Analog'
2025-11-19 23:36:22.926488 (11711) main____ INFO      CDS_PEGASUS        : '/eda/cadence/2023-24/RHELx86/PEGASUS_23.11.000'
2025-11-19 23:36:22.926491 (11711) main____ INFO      CDS_PEGASUSDFM     : '/eda/cadence/2023-24/RHELx86/PEGASUSDFM_23.11.000'
2025-11-19 23:36:22.926494 (11711) main____ INFO      CDS_PVS            : '/eda/cadence/2023-24/RHELx86/PVS_22.22.000'
2025-11-19 23:36:22.926497 (11711) main____ INFO      CDS_QUANTUS        : '/eda/cadence/2023-24/RHELx86/QUANTUS_23.10.000'
2025-11-19 23:36:22.926500 (11711) main____ INFO      CDS_SPECTRE        : '/eda/cadence/2023-24/RHELx86/SPECTRE_23.10.242'
2025-11-19 23:36:22.926503 (11711) main____ INFO      CDS_SSV            : '/eda/cadence/2023-24/RHELx86/SSV_22.13.000'
2025-11-19 23:36:22.926505 (11711) main____ INFO      CDS_USE_PALETTE    : ''
2025-11-19 23:36:22.926508 (11711) main____ INFO      CDS_VERISIUMDEBUG  : '/eda/cadence/2023-24/RHELx86/VERISIUMDEBUG_23.03.001'
2025-11-19 23:36:22.926511 (11711) main____ INFO      CDS_VIPCAT         : '/eda/cadence/2023-24/RHELx86/VIPCAT_11.30.093'
2025-11-19 23:36:22.926515 (11711) main____ INFO      CDS_VMANAGER       : '/eda/cadence/2023-24/RHELx86/VMANAGER_23.03.004'
2025-11-19 23:36:22.926518 (11711) main____ INFO      CDS_XCELIUM        : '/eda/cadence/2023-24/RHELx86/XCELIUM_23.03.007'
2025-11-19 23:36:22.926520 (11711) main____ INFO      DISPLAY            : 'localhost:11.0'
2025-11-19 23:36:22.926523 (11711) main____ INFO      JASPER_CPU_CHECK   : '1'
2025-11-19 23:36:22.926526 (11711) main____ INFO      JASPER_INSTALL_DIR : '/tools/cadence2425/JASPER/jasper_2024.06p002'
2025-11-19 23:36:22.926528 (11711) main____ INFO      JASPER_KERNEL_CHECK: '1'
2025-11-19 23:36:22.926531 (11711) main____ INFO      JASPER_OS_CHECK    : '1'
2025-11-19 23:36:22.926533 (11711) main____ INFO      LANG               : 'C'
2025-11-19 23:36:22.926536 (11711) main____ INFO      TMPDIR             : '/tmp'
2025-11-19 23:36:22.926538 (11711) main____ INFO    ----------------------------------------
2025-11-19 23:36:22.926924 (11711) lic_core INFO    Initializing license system ...
2025-11-19 23:36:22.928566 (11711) lic_core INFO    ... license system initialized.
2025-11-19 23:36:22.935097 (11711) lic__man INFO    Claim 'fpv' for <ui>.
2025-11-19 23:36:22.935126 (11711) lic_core INFO    (1) checking out 'jasper_fpv' ...
2025-11-19 23:36:22.948062 (11711) lic_core INFO    ... (1) checkout failed (error: -5) ("FLEXnet ERROR(-5, 0, 0): No such feature exists.")
2025-11-19 23:36:22.948076 (11711) lic_core INFO    (2) checking out 'jasper_fao' ...
2025-11-19 23:36:22.956631 (11711) lic_core INFO    ... (2) checkout succeeded
2025-11-19 23:36:22.979262 (11711) session_ INFO    Starting analysis session with session id 'session_0' (launcher: <local>) ...
2025-11-19 23:36:22.979881 (11711) session_ INFO    Analysis session with session id 'session_0' started (pid: 11729)
2025-11-19 23:36:23.494795 (11711) session_ INFO    Analysis session 'session_0' connected to the console (host: 127.0.0.1:49026)
2025-11-19 23:36:23.841737 (11711) lic__man INFO    Unclaim everything for 'session_0'.
2025-11-19 23:36:23.883961 (11711) lic__man INFO    Claim 'fpv' for 'session_0'.
2025-11-19 23:36:23.883974 (11711) lic__man INFO    Claim 'fpv' for 'session_0/prove-0'.
2025-11-19 23:36:23.983267 (11711) lic__man INFO    Unclaim everything for 'session_0/prove-0'.
2025-11-19 23:36:23.983998 (11711) main____ INFO    About to exit: request to exit with status 0 received from analysis session 'session_0'
2025-11-19 23:36:24.046226 (11711) session_ INFO    Analysis session 'session_0' disconnected.
2025-11-19 23:36:24.046287 (11711) lic__man INFO    Unclaim everything for 'session_0'.
2025-11-19 23:36:24.046364 (11711) session_ INFO    Process for analysis session 'session_0' has exited with exit status '0'.
2025-11-19 23:36:25.885459 (11711) lic_core INFO    (2) checkin jasper_fao
2025-11-19 23:36:25.887973 (11711) main____ INFO    Exiting with status 0.
