2025-11-17 19:28:49.483834 (5634) main____ INFO    ----------------------------------------
2025-11-17 19:28:49.483876 (5634) main____ INFO    Jasper version info
2025-11-17 19:28:49.483881 (5634) main____ INFO      tool      : Jasper 2024.06
2025-11-17 19:28:49.483885 (5634) main____ INFO      version   : 2024.06p002 64 bits
2025-11-17 19:28:49.483888 (5634) main____ INFO      build date: 2024.09.02 16:28:38 UTC
2025-11-17 19:28:49.483890 (5634) main____ INFO    ----------------------------------------
2025-11-17 19:28:49.483892 (5634) main____ INFO    Runtime info:
2025-11-17 19:28:49.483894 (5634) main____ INFO      platform  : Linux 3.10.0-1160.62.1.el7.x86_64 x86_64
2025-11-17 19:28:49.483899 (5634) main____ INFO      hostname  : vlsi-ria84
2025-11-17 19:28:49.483903 (5634) main____ INFO      pid       : 5634
2025-11-17 19:28:49.483905 (5634) main____ INFO      arguments : '-style' 'windows' '-proj' '../jgprojects/blink_5' '-batch' 'blink_5.tcl'
2025-11-17 19:28:49.483908 (5634) main____ INFO      locale    : ANSI_X3.4-1968
2025-11-17 19:28:49.483910 (5634) main____ INFO    ----------------------------------------
2025-11-17 19:28:49.483912 (5634) main____ INFO    System resource limits info:
2025-11-17 19:28:49.483914 (5634) main____ INFO      virtual memory: unlimited
2025-11-17 19:28:49.483918 (5634) main____ INFO      cpu time      : unlimited
2025-11-17 19:28:49.483923 (5634) main____ INFO      processes     : 4096
2025-11-17 19:28:49.483928 (5634) main____ INFO      stack size    : 8388608 B
2025-11-17 19:28:49.483931 (5634) main____ INFO      core file size: 1024 B
2025-11-17 19:28:49.483934 (5634) main____ INFO      open files    : 4096
2025-11-17 19:28:49.483936 (5634) main____ INFO      file size     : unlimited
2025-11-17 19:28:49.483938 (5634) main____ INFO    ----------------------------------------
2025-11-17 19:28:49.483939 (5634) main____ INFO    Memory statistics:
2025-11-17 19:28:49.483942 (5634) main____ INFO      total physical memory  : 65711068 kB
2025-11-17 19:28:49.483944 (5634) main____ INFO      free physical memory   : 41632672 kB
2025-11-17 19:28:49.483946 (5634) main____ INFO      committed address space: 31458944 kB
2025-11-17 19:28:49.483948 (5634) main____ INFO    ----------------------------------------
2025-11-17 19:28:49.484487 (5634) main____ INFO    Important environment variables:
2025-11-17 19:28:49.484500 (5634) main____ INFO      CDS_ASSURA         : '/eda/cadence/2023-24/RHELx86/ASSURA_04.16.115_231'
2025-11-17 19:28:49.484504 (5634) main____ INFO      CDS_AUTO_64BIT     : 'ALL'
2025-11-17 19:28:49.484507 (5634) main____ INFO      CDS_CONFRML        : '/eda/cadence/2023-24/RHELx86/CONFRML_23.10.300'
2025-11-17 19:28:49.484510 (5634) main____ INFO      CDS_DDIEXPORT      : '/eda/cadence/2023-24/RHELx86/DDIEXPORT_22.33.000'
2025-11-17 19:28:49.484513 (5634) main____ INFO      CDS_EMX            : '/eda/cadence/2023-24/RHELx86/EMX_23.10.000'
2025-11-17 19:28:49.484516 (5634) main____ INFO      CDS_GENUS          : '/eda/cadence/2023-24/RHELx86/DDIEXPORT_22.33.000/GENUS221'
2025-11-17 19:28:49.484519 (5634) main____ INFO      CDS_IC             : '/eda/cadence/2023-24/RHELx86/IC_23.10.020'
2025-11-17 19:28:49.484522 (5634) main____ INFO      CDS_INNOVUS        : '/eda/cadence/2023-24/RHELx86/DDIEXPORT_22.33.000/INNOVUS221'
2025-11-17 19:28:49.484526 (5634) main____ INFO      CDS_JLS            : '/eda/cadence/2023-24/RHELx86/DDIEXPORT_22.33.000/JLS221'
2025-11-17 19:28:49.484530 (5634) main____ INFO      CDS_LIC_FILE       : '/etc/local/cadence/license_8x.3868dd0560aa:5280@132.68.59.69:/etc/local/cadence/license_8x.1831bfb82c67:5280@132.68.59.64:/etc/local/cadence/license_8x.0894ef683fc3:5280@132.68.59.79:/etc/local/cadence/license_8x.1831bfb82c67:5280@132.68.59.61'
2025-11-17 19:28:49.484534 (5634) main____ INFO      CDS_LITMUS         : '/eda/cadence/2023-24/RHELx86/LITMUS_23.10.300'
2025-11-17 19:28:49.484537 (5634) main____ INFO      CDS_MODUS          : '/eda/cadence/2023-24/RHELx86/MODUS_22.12.000'
2025-11-17 19:28:49.484540 (5634) main____ INFO      CDS_MVS            : '/eda/cadence/2023-24/RHELx86/MVS_21.12.000'
2025-11-17 19:28:49.484544 (5634) main____ INFO      CDS_Netlisting_Mode: 'Analog'
2025-11-17 19:28:49.484547 (5634) main____ INFO      CDS_PEGASUS        : '/eda/cadence/2023-24/RHELx86/PEGASUS_23.11.000'
2025-11-17 19:28:49.484550 (5634) main____ INFO      CDS_PEGASUSDFM     : '/eda/cadence/2023-24/RHELx86/PEGASUSDFM_23.11.000'
2025-11-17 19:28:49.484553 (5634) main____ INFO      CDS_PVS            : '/eda/cadence/2023-24/RHELx86/PVS_22.22.000'
2025-11-17 19:28:49.484556 (5634) main____ INFO      CDS_QUANTUS        : '/eda/cadence/2023-24/RHELx86/QUANTUS_23.10.000'
2025-11-17 19:28:49.484559 (5634) main____ INFO      CDS_SPECTRE        : '/eda/cadence/2023-24/RHELx86/SPECTRE_23.10.242'
2025-11-17 19:28:49.484561 (5634) main____ INFO      CDS_SSV            : '/eda/cadence/2023-24/RHELx86/SSV_22.13.000'
2025-11-17 19:28:49.484564 (5634) main____ INFO      CDS_USE_PALETTE    : ''
2025-11-17 19:28:49.484567 (5634) main____ INFO      CDS_VERISIUMDEBUG  : '/eda/cadence/2023-24/RHELx86/VERISIUMDEBUG_23.03.001'
2025-11-17 19:28:49.484570 (5634) main____ INFO      CDS_VIPCAT         : '/eda/cadence/2023-24/RHELx86/VIPCAT_11.30.093'
2025-11-17 19:28:49.484573 (5634) main____ INFO      CDS_VMANAGER       : '/eda/cadence/2023-24/RHELx86/VMANAGER_23.03.004'
2025-11-17 19:28:49.484576 (5634) main____ INFO      CDS_XCELIUM        : '/eda/cadence/2023-24/RHELx86/XCELIUM_23.03.007'
2025-11-17 19:28:49.484579 (5634) main____ INFO      DISPLAY            : 'localhost:11.0'
2025-11-17 19:28:49.484581 (5634) main____ INFO      JASPER_CPU_CHECK   : '1'
2025-11-17 19:28:49.484584 (5634) main____ INFO      JASPER_INSTALL_DIR : '/tools/cadence2425/JASPER/jasper_2024.06p002'
2025-11-17 19:28:49.484587 (5634) main____ INFO      JASPER_KERNEL_CHECK: '1'
2025-11-17 19:28:49.484589 (5634) main____ INFO      JASPER_OS_CHECK    : '1'
2025-11-17 19:28:49.484592 (5634) main____ INFO      LANG               : 'C'
2025-11-17 19:28:49.484594 (5634) main____ INFO      TMPDIR             : '/tmp'
2025-11-17 19:28:49.484596 (5634) main____ INFO    ----------------------------------------
2025-11-17 19:28:49.484987 (5634) lic_core INFO    Initializing license system ...
2025-11-17 19:28:49.488825 (5634) lic_core INFO    ... license system initialized.
2025-11-17 19:28:49.496009 (5634) lic__man INFO    Claim 'fpv' for <ui>.
2025-11-17 19:28:49.496038 (5634) lic_core INFO    (1) checking out 'jasper_fpv' ...
2025-11-17 19:28:49.574174 (5634) lic_core INFO    ... (1) checkout failed (error: -5) ("FLEXnet ERROR(-5, 0, 0): No such feature exists.")
2025-11-17 19:28:49.574190 (5634) lic_core INFO    (2) checking out 'jasper_fao' ...
2025-11-17 19:28:49.583133 (5634) lic_core INFO    ... (2) checkout succeeded
2025-11-17 19:28:49.608476 (5634) session_ INFO    Starting analysis session with session id 'session_0' (launcher: <local>) ...
2025-11-17 19:28:49.609098 (5634) session_ INFO    Analysis session with session id 'session_0' started (pid: 5652)
2025-11-17 19:28:50.170799 (5634) session_ INFO    Analysis session 'session_0' connected to the console (host: 127.0.0.1:48442)
2025-11-17 19:28:50.584209 (5634) lic__man INFO    Unclaim everything for 'session_0'.
2025-11-17 19:28:50.627035 (5634) lic__man INFO    Claim 'fpv' for 'session_0'.
2025-11-17 19:28:50.627049 (5634) lic__man INFO    Claim 'fpv' for 'session_0/prove-0'.
2025-11-17 19:31:52.918751 (5634) lic__man INFO    Unclaim everything for 'session_0/prove-0'.
2025-11-17 19:31:52.920457 (5634) main____ INFO    About to exit: request to exit with status 0 received from analysis session 'session_0'
2025-11-17 19:31:52.976650 (5634) session_ INFO    Analysis session 'session_0' disconnected.
2025-11-17 19:31:52.976710 (5634) lic__man INFO    Unclaim everything for 'session_0'.
2025-11-17 19:31:52.976787 (5634) session_ INFO    Process for analysis session 'session_0' has exited with exit status '0'.
2025-11-17 19:31:54.826711 (5634) lic_core INFO    (2) checkin jasper_fao
2025-11-17 19:31:54.845579 (5634) main____ INFO    Exiting with status 0.
