2025-11-17 21:21:54.865375 (82606) main____ INFO    ----------------------------------------
2025-11-17 21:21:54.865535 (82606) main____ INFO    Jasper version info
2025-11-17 21:21:54.865554 (82606) main____ INFO      tool      : Jasper 2024.06
2025-11-17 21:21:54.865571 (82606) main____ INFO      version   : 2024.06p002 64 bits
2025-11-17 21:21:54.865584 (82606) main____ INFO      build date: 2024.09.02 16:28:38 UTC
2025-11-17 21:21:54.865593 (82606) main____ INFO    ----------------------------------------
2025-11-17 21:21:54.865601 (82606) main____ INFO    Runtime info:
2025-11-17 21:21:54.865612 (82606) main____ INFO      platform  : Linux 3.10.0-1062.el7.x86_64 x86_64
2025-11-17 21:21:54.865634 (82606) main____ INFO      hostname  : vlsi-moon
2025-11-17 21:21:54.865648 (82606) main____ INFO      pid       : 82606
2025-11-17 21:21:54.865659 (82606) main____ INFO      arguments : '-style' 'windows' '-proj' '../jgprojects/lcd_10' '-batch' 'lcd_10.tcl'
2025-11-17 21:21:54.865670 (82606) main____ INFO      locale    : ANSI_X3.4-1968
2025-11-17 21:21:54.865678 (82606) main____ INFO    ----------------------------------------
2025-11-17 21:21:54.865686 (82606) main____ INFO    System resource limits info:
2025-11-17 21:21:54.865698 (82606) main____ INFO      virtual memory: unlimited
2025-11-17 21:21:54.865714 (82606) main____ INFO      cpu time      : unlimited
2025-11-17 21:21:54.865733 (82606) main____ INFO      processes     : 4096
2025-11-17 21:21:54.865765 (82606) main____ INFO      stack size    : 8388608 B
2025-11-17 21:21:54.865780 (82606) main____ INFO      core file size: 1024 B
2025-11-17 21:21:54.865792 (82606) main____ INFO      open files    : 4096
2025-11-17 21:21:54.865803 (82606) main____ INFO      file size     : unlimited
2025-11-17 21:21:54.865811 (82606) main____ INFO    ----------------------------------------
2025-11-17 21:21:54.865819 (82606) main____ INFO    Memory statistics:
2025-11-17 21:21:54.865830 (82606) main____ INFO      total physical memory  : 527831204 kB
2025-11-17 21:21:54.865840 (82606) main____ INFO      free physical memory   : 1058020 kB
2025-11-17 21:21:54.865849 (82606) main____ INFO      committed address space: 728077228 kB
2025-11-17 21:21:54.865857 (82606) main____ INFO    ----------------------------------------
2025-11-17 21:21:54.868018 (82606) main____ INFO    Important environment variables:
2025-11-17 21:21:54.868059 (82606) main____ INFO      CDS_ASSURA         : '/eda/cadence/2023-24/RHELx86/ASSURA_04.16.115_231'
2025-11-17 21:21:54.868075 (82606) main____ INFO      CDS_AUTO_64BIT     : 'ALL'
2025-11-17 21:21:54.868089 (82606) main____ INFO      CDS_CONFRML        : '/eda/cadence/2023-24/RHELx86/CONFRML_23.10.300'
2025-11-17 21:21:54.868104 (82606) main____ INFO      CDS_DDIEXPORT      : '/eda/cadence/2023-24/RHELx86/DDIEXPORT_22.33.000'
2025-11-17 21:21:54.868118 (82606) main____ INFO      CDS_EMX            : '/eda/cadence/2023-24/RHELx86/EMX_23.10.000'
2025-11-17 21:21:54.868132 (82606) main____ INFO      CDS_GENUS          : '/eda/cadence/2023-24/RHELx86/DDIEXPORT_22.33.000/GENUS221'
2025-11-17 21:21:54.868146 (82606) main____ INFO      CDS_IC             : '/eda/cadence/2023-24/RHELx86/IC_23.10.020'
2025-11-17 21:21:54.868161 (82606) main____ INFO      CDS_INNOVUS        : '/eda/cadence/2023-24/RHELx86/DDIEXPORT_22.33.000/INNOVUS221'
2025-11-17 21:21:54.868175 (82606) main____ INFO      CDS_JLS            : '/eda/cadence/2023-24/RHELx86/DDIEXPORT_22.33.000/JLS221'
2025-11-17 21:21:54.868197 (82606) main____ INFO      CDS_LIC_FILE       : '/etc/local/cadence/license_8x.3868dd0560aa:5280@132.68.59.69:/etc/local/cadence/license_8x.1831bfb82c67:5280@132.68.59.64:/etc/local/cadence/license_8x.0894ef683fc3:5280@132.68.59.79:/etc/local/cadence/license_8x.1831bfb82c67:5280@132.68.59.61'
2025-11-17 21:21:54.868224 (82606) main____ INFO      CDS_LITMUS         : '/eda/cadence/2023-24/RHELx86/LITMUS_23.10.300'
2025-11-17 21:21:54.868239 (82606) main____ INFO      CDS_MODUS          : '/eda/cadence/2023-24/RHELx86/MODUS_22.12.000'
2025-11-17 21:21:54.868252 (82606) main____ INFO      CDS_MVS            : '/eda/cadence/2023-24/RHELx86/MVS_21.12.000'
2025-11-17 21:21:54.868270 (82606) main____ INFO      CDS_Netlisting_Mode: 'Analog'
2025-11-17 21:21:54.868285 (82606) main____ INFO      CDS_PEGASUS        : '/eda/cadence/2023-24/RHELx86/PEGASUS_23.11.000'
2025-11-17 21:21:54.868298 (82606) main____ INFO      CDS_PEGASUSDFM     : '/eda/cadence/2023-24/RHELx86/PEGASUSDFM_23.11.000'
2025-11-17 21:21:54.868312 (82606) main____ INFO      CDS_PVS            : '/eda/cadence/2023-24/RHELx86/PVS_22.22.000'
2025-11-17 21:21:54.868326 (82606) main____ INFO      CDS_QUANTUS        : '/eda/cadence/2023-24/RHELx86/QUANTUS_23.10.000'
2025-11-17 21:21:54.868339 (82606) main____ INFO      CDS_SPECTRE        : '/eda/cadence/2023-24/RHELx86/SPECTRE_23.10.242'
2025-11-17 21:21:54.868352 (82606) main____ INFO      CDS_SSV            : '/eda/cadence/2023-24/RHELx86/SSV_22.13.000'
2025-11-17 21:21:54.868363 (82606) main____ INFO      CDS_USE_PALETTE    : ''
2025-11-17 21:21:54.868377 (82606) main____ INFO      CDS_VERISIUMDEBUG  : '/eda/cadence/2023-24/RHELx86/VERISIUMDEBUG_23.03.001'
2025-11-17 21:21:54.868391 (82606) main____ INFO      CDS_VIPCAT         : '/eda/cadence/2023-24/RHELx86/VIPCAT_11.30.093'
2025-11-17 21:21:54.868406 (82606) main____ INFO      CDS_VMANAGER       : '/eda/cadence/2023-24/RHELx86/VMANAGER_23.03.004'
2025-11-17 21:21:54.868419 (82606) main____ INFO      CDS_XCELIUM        : '/eda/cadence/2023-24/RHELx86/XCELIUM_23.03.007'
2025-11-17 21:21:54.868432 (82606) main____ INFO      DISPLAY            : 'localhost:10.0'
2025-11-17 21:21:54.868444 (82606) main____ INFO      JASPER_CPU_CHECK   : '1'
2025-11-17 21:21:54.868457 (82606) main____ INFO      JASPER_INSTALL_DIR : '/tools/cadence2425/JASPER/jasper_2024.06p002'
2025-11-17 21:21:54.868468 (82606) main____ INFO      JASPER_KERNEL_CHECK: '1'
2025-11-17 21:21:54.868480 (82606) main____ INFO      JASPER_OS_CHECK    : '1'
2025-11-17 21:21:54.868491 (82606) main____ INFO      LANG               : 'C'
2025-11-17 21:21:54.868503 (82606) main____ INFO      TMPDIR             : '/tmp'
2025-11-17 21:21:54.868512 (82606) main____ INFO    ----------------------------------------
2025-11-17 21:21:54.870075 (82606) lic_core INFO    Initializing license system ...
2025-11-17 21:21:54.879663 (82606) lic_core INFO    ... license system initialized.
2025-11-17 21:21:54.893785 (82606) lic__man INFO    Claim 'fpv' for <ui>.
2025-11-17 21:21:54.893966 (82606) lic_core INFO    (1) checking out 'jasper_fpv' ...
2025-11-17 21:21:54.914809 (82606) lic_core INFO    ... (1) checkout failed (error: -5) ("FLEXnet ERROR(-5, 0, 0): No such feature exists.")
2025-11-17 21:21:54.914889 (82606) lic_core INFO    (2) checking out 'jasper_fao' ...
2025-11-17 21:21:54.936343 (82606) lic_core INFO    ... (2) checkout succeeded
2025-11-17 21:21:54.962549 (82606) session_ INFO    Starting analysis session with session id 'session_0' (launcher: <local>) ...
2025-11-17 21:21:54.964061 (82606) session_ INFO    Analysis session with session id 'session_0' started (pid: 82624)
2025-11-17 21:21:56.777333 (82606) session_ INFO    Analysis session 'session_0' connected to the console (host: 127.0.0.1:40128)
2025-11-17 21:21:57.878808 (82606) lic__man INFO    Unclaim everything for 'session_0'.
2025-11-17 21:21:57.942831 (82606) lic__man INFO    Claim 'fpv' for 'session_0'.
2025-11-17 21:21:57.942877 (82606) lic__man INFO    Claim 'fpv' for 'session_0/prove-0'.
2025-11-17 21:25:21.525576 (82606) lic__man INFO    Unclaim everything for 'session_0/prove-0'.
2025-11-17 21:25:21.735053 (82606) main____ INFO    About to exit: request to exit with status 0 received from analysis session 'session_0'
2025-11-17 21:25:23.608673 (82606) session_ INFO    Analysis session 'session_0' disconnected.
2025-11-17 21:25:23.651477 (82606) lic__man INFO    Unclaim everything for 'session_0'.
2025-11-17 21:25:23.652309 (82606) session_ INFO    Process for analysis session 'session_0' has exited with exit status '0'.
2025-11-17 21:25:23.823911 (82606) lic_core INFO    (2) checkin jasper_fao
2025-11-17 21:25:23.875263 (82606) main____ INFO    Exiting with status 0.
