2025-11-17 21:51:37.294400 (99311) main____ INFO    ----------------------------------------
2025-11-17 21:51:37.294497 (99311) main____ INFO    Jasper version info
2025-11-17 21:51:37.294507 (99311) main____ INFO      tool      : Jasper 2024.06
2025-11-17 21:51:37.294517 (99311) main____ INFO      version   : 2024.06p002 64 bits
2025-11-17 21:51:37.294524 (99311) main____ INFO      build date: 2024.09.02 16:28:38 UTC
2025-11-17 21:51:37.294529 (99311) main____ INFO    ----------------------------------------
2025-11-17 21:51:37.294534 (99311) main____ INFO    Runtime info:
2025-11-17 21:51:37.294540 (99311) main____ INFO      platform  : Linux 3.10.0-1062.el7.x86_64 x86_64
2025-11-17 21:51:37.294552 (99311) main____ INFO      hostname  : vlsi-moon
2025-11-17 21:51:37.294560 (99311) main____ INFO      pid       : 99311
2025-11-17 21:51:37.294566 (99311) main____ INFO      arguments : '-style' 'windows' '-proj' '../jgprojects/lcd_6' '-batch' 'lcd_6.tcl'
2025-11-17 21:51:37.294572 (99311) main____ INFO      locale    : ANSI_X3.4-1968
2025-11-17 21:51:37.294577 (99311) main____ INFO    ----------------------------------------
2025-11-17 21:51:37.294581 (99311) main____ INFO    System resource limits info:
2025-11-17 21:51:37.294588 (99311) main____ INFO      virtual memory: unlimited
2025-11-17 21:51:37.294597 (99311) main____ INFO      cpu time      : unlimited
2025-11-17 21:51:37.294608 (99311) main____ INFO      processes     : 4096
2025-11-17 21:51:37.294620 (99311) main____ INFO      stack size    : 8388608 B
2025-11-17 21:51:37.294628 (99311) main____ INFO      core file size: 1024 B
2025-11-17 21:51:37.294634 (99311) main____ INFO      open files    : 4096
2025-11-17 21:51:37.294641 (99311) main____ INFO      file size     : unlimited
2025-11-17 21:51:37.294645 (99311) main____ INFO    ----------------------------------------
2025-11-17 21:51:37.294650 (99311) main____ INFO    Memory statistics:
2025-11-17 21:51:37.294656 (99311) main____ INFO      total physical memory  : 527831204 kB
2025-11-17 21:51:37.294662 (99311) main____ INFO      free physical memory   : 1439296 kB
2025-11-17 21:51:37.294668 (99311) main____ INFO      committed address space: 728077908 kB
2025-11-17 21:51:37.294672 (99311) main____ INFO    ----------------------------------------
2025-11-17 21:51:37.295735 (99311) main____ INFO    Important environment variables:
2025-11-17 21:51:37.295762 (99311) main____ INFO      CDS_ASSURA         : '/eda/cadence/2023-24/RHELx86/ASSURA_04.16.115_231'
2025-11-17 21:51:37.295770 (99311) main____ INFO      CDS_AUTO_64BIT     : 'ALL'
2025-11-17 21:51:37.295778 (99311) main____ INFO      CDS_CONFRML        : '/eda/cadence/2023-24/RHELx86/CONFRML_23.10.300'
2025-11-17 21:51:37.295785 (99311) main____ INFO      CDS_DDIEXPORT      : '/eda/cadence/2023-24/RHELx86/DDIEXPORT_22.33.000'
2025-11-17 21:51:37.295792 (99311) main____ INFO      CDS_EMX            : '/eda/cadence/2023-24/RHELx86/EMX_23.10.000'
2025-11-17 21:51:37.295799 (99311) main____ INFO      CDS_GENUS          : '/eda/cadence/2023-24/RHELx86/DDIEXPORT_22.33.000/GENUS221'
2025-11-17 21:51:37.295806 (99311) main____ INFO      CDS_IC             : '/eda/cadence/2023-24/RHELx86/IC_23.10.020'
2025-11-17 21:51:37.295813 (99311) main____ INFO      CDS_INNOVUS        : '/eda/cadence/2023-24/RHELx86/DDIEXPORT_22.33.000/INNOVUS221'
2025-11-17 21:51:37.295820 (99311) main____ INFO      CDS_JLS            : '/eda/cadence/2023-24/RHELx86/DDIEXPORT_22.33.000/JLS221'
2025-11-17 21:51:37.295831 (99311) main____ INFO      CDS_LIC_FILE       : '/etc/local/cadence/license_8x.3868dd0560aa:5280@132.68.59.69:/etc/local/cadence/license_8x.1831bfb82c67:5280@132.68.59.64:/etc/local/cadence/license_8x.0894ef683fc3:5280@132.68.59.79:/etc/local/cadence/license_8x.1831bfb82c67:5280@132.68.59.61'
2025-11-17 21:51:37.295845 (99311) main____ INFO      CDS_LITMUS         : '/eda/cadence/2023-24/RHELx86/LITMUS_23.10.300'
2025-11-17 21:51:37.295853 (99311) main____ INFO      CDS_MODUS          : '/eda/cadence/2023-24/RHELx86/MODUS_22.12.000'
2025-11-17 21:51:37.295860 (99311) main____ INFO      CDS_MVS            : '/eda/cadence/2023-24/RHELx86/MVS_21.12.000'
2025-11-17 21:51:37.295869 (99311) main____ INFO      CDS_Netlisting_Mode: 'Analog'
2025-11-17 21:51:37.295876 (99311) main____ INFO      CDS_PEGASUS        : '/eda/cadence/2023-24/RHELx86/PEGASUS_23.11.000'
2025-11-17 21:51:37.295883 (99311) main____ INFO      CDS_PEGASUSDFM     : '/eda/cadence/2023-24/RHELx86/PEGASUSDFM_23.11.000'
2025-11-17 21:51:37.295890 (99311) main____ INFO      CDS_PVS            : '/eda/cadence/2023-24/RHELx86/PVS_22.22.000'
2025-11-17 21:51:37.295896 (99311) main____ INFO      CDS_QUANTUS        : '/eda/cadence/2023-24/RHELx86/QUANTUS_23.10.000'
2025-11-17 21:51:37.295903 (99311) main____ INFO      CDS_SPECTRE        : '/eda/cadence/2023-24/RHELx86/SPECTRE_23.10.242'
2025-11-17 21:51:37.295909 (99311) main____ INFO      CDS_SSV            : '/eda/cadence/2023-24/RHELx86/SSV_22.13.000'
2025-11-17 21:51:37.295914 (99311) main____ INFO      CDS_USE_PALETTE    : ''
2025-11-17 21:51:37.295921 (99311) main____ INFO      CDS_VERISIUMDEBUG  : '/eda/cadence/2023-24/RHELx86/VERISIUMDEBUG_23.03.001'
2025-11-17 21:51:37.295928 (99311) main____ INFO      CDS_VIPCAT         : '/eda/cadence/2023-24/RHELx86/VIPCAT_11.30.093'
2025-11-17 21:51:37.295936 (99311) main____ INFO      CDS_VMANAGER       : '/eda/cadence/2023-24/RHELx86/VMANAGER_23.03.004'
2025-11-17 21:51:37.295942 (99311) main____ INFO      CDS_XCELIUM        : '/eda/cadence/2023-24/RHELx86/XCELIUM_23.03.007'
2025-11-17 21:51:37.295948 (99311) main____ INFO      DISPLAY            : 'localhost:10.0'
2025-11-17 21:51:37.295955 (99311) main____ INFO      JASPER_CPU_CHECK   : '1'
2025-11-17 21:51:37.295961 (99311) main____ INFO      JASPER_INSTALL_DIR : '/tools/cadence2425/JASPER/jasper_2024.06p002'
2025-11-17 21:51:37.295967 (99311) main____ INFO      JASPER_KERNEL_CHECK: '1'
2025-11-17 21:51:37.295972 (99311) main____ INFO      JASPER_OS_CHECK    : '1'
2025-11-17 21:51:37.295978 (99311) main____ INFO      LANG               : 'C'
2025-11-17 21:51:37.295984 (99311) main____ INFO      TMPDIR             : '/tmp'
2025-11-17 21:51:37.295988 (99311) main____ INFO    ----------------------------------------
2025-11-17 21:51:37.296729 (99311) lic_core INFO    Initializing license system ...
2025-11-17 21:51:37.308288 (99311) lic_core INFO    ... license system initialized.
2025-11-17 21:51:37.325497 (99311) lic__man INFO    Claim 'fpv' for <ui>.
2025-11-17 21:51:37.325638 (99311) lic_core INFO    (1) checking out 'jasper_fpv' ...
2025-11-17 21:51:37.531710 (99311) lic_core INFO    ... (1) checkout failed (error: -5) ("FLEXnet ERROR(-5, 0, 0): No such feature exists.")
2025-11-17 21:51:37.531808 (99311) lic_core INFO    (2) checking out 'jasper_fao' ...
2025-11-17 21:51:37.555580 (99311) lic_core INFO    ... (2) checkout succeeded
2025-11-17 21:51:37.601473 (99311) session_ INFO    Starting analysis session with session id 'session_0' (launcher: <local>) ...
2025-11-17 21:51:37.603384 (99311) session_ INFO    Analysis session with session id 'session_0' started (pid: 99329)
2025-11-17 21:51:39.414636 (99311) session_ INFO    Analysis session 'session_0' connected to the console (host: 127.0.0.1:49328)
2025-11-17 21:51:40.530319 (99311) lic__man INFO    Unclaim everything for 'session_0'.
2025-11-17 21:51:40.580596 (99311) lic__man INFO    Claim 'fpv' for 'session_0'.
2025-11-17 21:51:40.580658 (99311) lic__man INFO    Claim 'fpv' for 'session_0/prove-0'.
2025-11-17 21:55:01.575136 (99311) lic__man INFO    Unclaim everything for 'session_0/prove-0'.
2025-11-17 21:55:01.886219 (99311) main____ INFO    About to exit: request to exit with status 0 received from analysis session 'session_0'
2025-11-17 21:55:04.021080 (99311) session_ INFO    Analysis session 'session_0' disconnected.
2025-11-17 21:55:04.699580 (99311) lic_core INFO    (2) checkin jasper_fao
2025-11-17 21:55:04.879533 (99311) main____ INFO    Exiting with status 0.
