2025-11-17 18:46:07.568531 (29258) main____ INFO    ----------------------------------------
2025-11-17 18:46:07.568570 (29258) main____ INFO    Jasper version info
2025-11-17 18:46:07.568574 (29258) main____ INFO      tool      : Jasper 2024.06
2025-11-17 18:46:07.568578 (29258) main____ INFO      version   : 2024.06p002 64 bits
2025-11-17 18:46:07.568581 (29258) main____ INFO      build date: 2024.09.02 16:28:38 UTC
2025-11-17 18:46:07.568583 (29258) main____ INFO    ----------------------------------------
2025-11-17 18:46:07.568584 (29258) main____ INFO    Runtime info:
2025-11-17 18:46:07.568587 (29258) main____ INFO      platform  : Linux 3.10.0-1160.62.1.el7.x86_64 x86_64
2025-11-17 18:46:07.568592 (29258) main____ INFO      hostname  : vlsi-ria84
2025-11-17 18:46:07.568595 (29258) main____ INFO      pid       : 29258
2025-11-17 18:46:07.568598 (29258) main____ INFO      arguments : '-style' 'windows' '-proj' '../jgprojects/blink_15' '-batch' 'blink_15.tcl'
2025-11-17 18:46:07.568601 (29258) main____ INFO      locale    : ANSI_X3.4-1968
2025-11-17 18:46:07.568603 (29258) main____ INFO    ----------------------------------------
2025-11-17 18:46:07.568604 (29258) main____ INFO    System resource limits info:
2025-11-17 18:46:07.568607 (29258) main____ INFO      virtual memory: unlimited
2025-11-17 18:46:07.568610 (29258) main____ INFO      cpu time      : unlimited
2025-11-17 18:46:07.568615 (29258) main____ INFO      processes     : 4096
2025-11-17 18:46:07.568620 (29258) main____ INFO      stack size    : 8388608 B
2025-11-17 18:46:07.568623 (29258) main____ INFO      core file size: 1024 B
2025-11-17 18:46:07.568626 (29258) main____ INFO      open files    : 4096
2025-11-17 18:46:07.568629 (29258) main____ INFO      file size     : unlimited
2025-11-17 18:46:07.568630 (29258) main____ INFO    ----------------------------------------
2025-11-17 18:46:07.568632 (29258) main____ INFO    Memory statistics:
2025-11-17 18:46:07.568634 (29258) main____ INFO      total physical memory  : 65711068 kB
2025-11-17 18:46:07.568637 (29258) main____ INFO      free physical memory   : 41055620 kB
2025-11-17 18:46:07.568639 (29258) main____ INFO      committed address space: 32476652 kB
2025-11-17 18:46:07.568640 (29258) main____ INFO    ----------------------------------------
2025-11-17 18:46:07.569179 (29258) main____ INFO    Important environment variables:
2025-11-17 18:46:07.569191 (29258) main____ INFO      CDS_ASSURA         : '/eda/cadence/2023-24/RHELx86/ASSURA_04.16.115_231'
2025-11-17 18:46:07.569195 (29258) main____ INFO      CDS_AUTO_64BIT     : 'ALL'
2025-11-17 18:46:07.569198 (29258) main____ INFO      CDS_CONFRML        : '/eda/cadence/2023-24/RHELx86/CONFRML_23.10.300'
2025-11-17 18:46:07.569201 (29258) main____ INFO      CDS_DDIEXPORT      : '/eda/cadence/2023-24/RHELx86/DDIEXPORT_22.33.000'
2025-11-17 18:46:07.569204 (29258) main____ INFO      CDS_EMX            : '/eda/cadence/2023-24/RHELx86/EMX_23.10.000'
2025-11-17 18:46:07.569208 (29258) main____ INFO      CDS_GENUS          : '/eda/cadence/2023-24/RHELx86/DDIEXPORT_22.33.000/GENUS221'
2025-11-17 18:46:07.569211 (29258) main____ INFO      CDS_IC             : '/eda/cadence/2023-24/RHELx86/IC_23.10.020'
2025-11-17 18:46:07.569214 (29258) main____ INFO      CDS_INNOVUS        : '/eda/cadence/2023-24/RHELx86/DDIEXPORT_22.33.000/INNOVUS221'
2025-11-17 18:46:07.569217 (29258) main____ INFO      CDS_JLS            : '/eda/cadence/2023-24/RHELx86/DDIEXPORT_22.33.000/JLS221'
2025-11-17 18:46:07.569222 (29258) main____ INFO      CDS_LIC_FILE       : '/etc/local/cadence/license_8x.3868dd0560aa:5280@132.68.59.69:/etc/local/cadence/license_8x.1831bfb82c67:5280@132.68.59.64:/etc/local/cadence/license_8x.0894ef683fc3:5280@132.68.59.79:/etc/local/cadence/license_8x.1831bfb82c67:5280@132.68.59.61'
2025-11-17 18:46:07.569228 (29258) main____ INFO      CDS_LITMUS         : '/eda/cadence/2023-24/RHELx86/LITMUS_23.10.300'
2025-11-17 18:46:07.569232 (29258) main____ INFO      CDS_MODUS          : '/eda/cadence/2023-24/RHELx86/MODUS_22.12.000'
2025-11-17 18:46:07.569235 (29258) main____ INFO      CDS_MVS            : '/eda/cadence/2023-24/RHELx86/MVS_21.12.000'
2025-11-17 18:46:07.569240 (29258) main____ INFO      CDS_Netlisting_Mode: 'Analog'
2025-11-17 18:46:07.569243 (29258) main____ INFO      CDS_PEGASUS        : '/eda/cadence/2023-24/RHELx86/PEGASUS_23.11.000'
2025-11-17 18:46:07.569246 (29258) main____ INFO      CDS_PEGASUSDFM     : '/eda/cadence/2023-24/RHELx86/PEGASUSDFM_23.11.000'
2025-11-17 18:46:07.569249 (29258) main____ INFO      CDS_PVS            : '/eda/cadence/2023-24/RHELx86/PVS_22.22.000'
2025-11-17 18:46:07.569252 (29258) main____ INFO      CDS_QUANTUS        : '/eda/cadence/2023-24/RHELx86/QUANTUS_23.10.000'
2025-11-17 18:46:07.569255 (29258) main____ INFO      CDS_SPECTRE        : '/eda/cadence/2023-24/RHELx86/SPECTRE_23.10.242'
2025-11-17 18:46:07.569258 (29258) main____ INFO      CDS_SSV            : '/eda/cadence/2023-24/RHELx86/SSV_22.13.000'
2025-11-17 18:46:07.569260 (29258) main____ INFO      CDS_USE_PALETTE    : ''
2025-11-17 18:46:07.569263 (29258) main____ INFO      CDS_VERISIUMDEBUG  : '/eda/cadence/2023-24/RHELx86/VERISIUMDEBUG_23.03.001'
2025-11-17 18:46:07.569267 (29258) main____ INFO      CDS_VIPCAT         : '/eda/cadence/2023-24/RHELx86/VIPCAT_11.30.093'
2025-11-17 18:46:07.569270 (29258) main____ INFO      CDS_VMANAGER       : '/eda/cadence/2023-24/RHELx86/VMANAGER_23.03.004'
2025-11-17 18:46:07.569273 (29258) main____ INFO      CDS_XCELIUM        : '/eda/cadence/2023-24/RHELx86/XCELIUM_23.03.007'
2025-11-17 18:46:07.569276 (29258) main____ INFO      DISPLAY            : 'localhost:11.0'
2025-11-17 18:46:07.569278 (29258) main____ INFO      JASPER_CPU_CHECK   : '1'
2025-11-17 18:46:07.569281 (29258) main____ INFO      JASPER_INSTALL_DIR : '/tools/cadence2425/JASPER/jasper_2024.06p002'
2025-11-17 18:46:07.569284 (29258) main____ INFO      JASPER_KERNEL_CHECK: '1'
2025-11-17 18:46:07.569286 (29258) main____ INFO      JASPER_OS_CHECK    : '1'
2025-11-17 18:46:07.569289 (29258) main____ INFO      LANG               : 'C'
2025-11-17 18:46:07.569292 (29258) main____ INFO      TMPDIR             : '/tmp'
2025-11-17 18:46:07.569294 (29258) main____ INFO    ----------------------------------------
2025-11-17 18:46:07.569685 (29258) lic_core INFO    Initializing license system ...
2025-11-17 18:46:07.573139 (29258) lic_core INFO    ... license system initialized.
2025-11-17 18:46:07.580825 (29258) lic__man INFO    Claim 'fpv' for <ui>.
2025-11-17 18:46:07.580855 (29258) lic_core INFO    (1) checking out 'jasper_fpv' ...
2025-11-17 18:46:07.593499 (29258) lic_core INFO    ... (1) checkout failed (error: -5) ("FLEXnet ERROR(-5, 0, 0): No such feature exists.")
2025-11-17 18:46:07.593515 (29258) lic_core INFO    (2) checking out 'jasper_fao' ...
2025-11-17 18:46:07.601732 (29258) lic_core INFO    ... (2) checkout succeeded
2025-11-17 18:46:07.627705 (29258) session_ INFO    Starting analysis session with session id 'session_0' (launcher: <local>) ...
2025-11-17 18:46:07.628573 (29258) session_ INFO    Analysis session with session id 'session_0' started (pid: 29276)
2025-11-17 18:46:08.252593 (29258) session_ INFO    Analysis session 'session_0' connected to the console (host: 127.0.0.1:50964)
2025-11-17 18:46:08.663397 (29258) lic__man INFO    Unclaim everything for 'session_0'.
2025-11-17 18:46:08.705001 (29258) lic__man INFO    Claim 'fpv' for 'session_0'.
2025-11-17 18:46:08.705012 (29258) lic__man INFO    Claim 'fpv' for 'session_0/prove-0'.
2025-11-17 18:49:11.010319 (29258) lic__man INFO    Unclaim everything for 'session_0/prove-0'.
2025-11-17 18:49:11.013396 (29258) main____ INFO    About to exit: request to exit with status 0 received from analysis session 'session_0'
2025-11-17 18:49:11.067408 (29258) session_ INFO    Analysis session 'session_0' disconnected.
2025-11-17 18:49:11.067467 (29258) lic__man INFO    Unclaim everything for 'session_0'.
2025-11-17 18:49:11.067543 (29258) session_ INFO    Process for analysis session 'session_0' has exited with exit status '0'.
2025-11-17 18:49:12.916084 (29258) lic_core INFO    (2) checkin jasper_fao
2025-11-17 18:49:12.944094 (29258) main____ INFO    Exiting with status 0.
