# ----------------------------------------
# Jasper Version Info
# tool      : Jasper 2024.06
# platform  : Linux 3.10.0-1160.62.1.el7.x86_64
# version   : 2024.06p002 64 bits
# build date: 2024.09.02 16:28:38 UTC
# ----------------------------------------
# started   : 2025-11-20 03:07:56 IST
# hostname  : vlsi-ria85.vlsidomain
# pid       : 20836
# arguments : '-label' 'session_0' '-console' '//127.0.0.1:33342' '-nowindow' '-style' 'windows' '-exitonerror' '-data' 'AAAA5nicY2RgYLCp////PwMYMD6A0Aw2jAyoAMRnQhUJbEChGRhYYZphSliAmItBl6GAoYghnyELyLNg0ANCfSA7HS6aypDMUMJQDBQ1YogH0qkMZUCcB2WnA2lDIGRg4AGalMSQCFSbzJAB5KvgVa8HVpcDdgcA/HYb1Q==' '-proj' '/users/rompel/jasper_executions/liveness/jgprojects/2_seven_seg_11/sessionLogs/session_0' '-init' '-hidden' '/users/rompel/jasper_executions/liveness/jgprojects/2_seven_seg_11/.tmp/.initCmds.tcl' '2_seven_seg_11.tcl' '-hidden' '/users/rompel/jasper_executions/liveness/jgprojects/2_seven_seg_11/.tmp/.postCmds.tcl'

Any disclosure about the Cadence Design Systems software or its use
model to any third party violates the written Non-Disclosure Agreement
between Cadence Design Systems, Inc. and the customer.

THIS SOFTWARE CONTAINS CONFIDENTIAL INFORMATION AND TRADE SECRETS OF
CADENCE DESIGN SYSTEMS, INC. USE, DISCLOSURE, OR REPRODUCTION IS
PROHIBITED WITHOUT THE PRIOR EXPRESS WRITTEN PERMISSION OF CADENCE
DESIGN SYSTEMS, INC.

Copyright (C) 2000-2024 Cadence Design Systems, Inc. All Rights
Reserved.  Unpublished -- rights reserved under the copyright laws of
the United States.

This product includes software developed by others and redistributed
according to license agreement. See doc/third_party_readme.txt for
further details.

RESTRICTED RIGHTS LEGEND

Use, duplication, or disclosure by the Government is subject to
restrictions as set forth in subparagraph (c) (1) (ii) of the Rights in
Technical Data and Computer Software clause at DFARS 252.227-7013 or
subparagraphs (c) (1) and (2) of Commercial Computer Software -- Restricted
Rights at 48 CFR 52.227-19, as applicable.


                          Cadence Design Systems, Inc.
                          2655 Seely Avenue
                          San Jose, CA 95134
                          Phone: 408.943.1234

For technical assistance visit http://support.cadence.com.

Jasper Apps Analysis Session - /users/rompel/jasper_executions/liveness/jgprojects/2_seven_seg_11/sessionLogs/session_0

WARNING (WG017): [session]: The system's locale is "ANSI_X3.4-1968", which is not UTF-8. Non-ASCII characters might not be handled correctly.
WARNING (WG017): [jg_console]: The system's locale is "ANSI_X3.4-1968", which is not UTF-8. Non-ASCII characters might not be handled correctly.
INFO: successfully checked out license "jasper_fao".
INFO: reading configuration file "/users/rompel/.config/cadence/jasper.conf".
% analyze -sv09 ../2_seven_seg_11.sv
[-- (VERI-1482)] Analyzing Verilog file '/tools/cadence2425/JASPER/jasper_2024.06p002/lib/verilog/packages/std/std.sv' into library 'std'
[-- (VERI-1482)] Analyzing Verilog file '../2_seven_seg_11.sv'
% elaborate -bbox_mul 1000000 -bbox_div 1000000 -bbox_mod 1000000 -bbox_a 1000000
[INFO (HIER-8002)] ../2_seven_seg_11.sv(32): Disabling old hierarchical reference handler
[INFO (VERI-1018)] ../2_seven_seg_11.sv(1): compiling module 'SEVEN'
[WARN (VERI-1209)] ../2_seven_seg_11.sv(15): expression size 32 truncated to fit in target size 15
[INFO (VERI-8005)] ../2_seven_seg_11.sv(5): Unintentional sequential element inferred for cnt read before write using blocking assignment
[INFO (VERI-8005)] ../2_seven_seg_11.sv(6): Unintentional sequential element inferred for digit_select read before write using blocking assignment
[INFO (VERI-8005)] ../2_seven_seg_11.sv(1): Unintentional sequential element inferred for segment read before write using blocking assignment
[INFO (VERI-8005)] ../2_seven_seg_11.sv(1): Unintentional sequential element inferred for sig read before write using blocking assignment
INFO (ISW003): Top module name is "SEVEN".
INFO (INL208): Elaboration synthesis summary:
  Number of synthesized netlists          1 (0 packages)
  Single run mode                         On
  Pipeline                                On (1 pipelined netlists)
  Late hierarchical reference connection  On
  Number of analyzed Verilog modules      1 (1 synthesized)
  Number of analyzed VHDL entities        0 (0 synthesized)
INFO (INL003): Clearing all state information (assumes, stopats, and so forth).
SEVEN
[<embedded>] % reset rst
INFO (IPM031): Clearing proof results of all properties.
INFO (IRS006): Current reset condition is "rst".
[<embedded>] % clock clk
[<embedded>] % prove -all
Ncustom1: Custom engine code is hT3Ng7hPPfiYQOTDZ3qhYOwGAM51eA+J/FjkM5shLioAsqhgLR4Ft+O1BuKG6ilQ83B9tLXSl+CwjiTMAQA
Bcustom2: Custom engine code is hT3Nm7hPr1Vp3Di1Ra2USNIGL4JypRnLKLAdF6JAyuavO2JfGCiY9OZJhcAcOUnLx5xwNdhILGrAWX9s+z2WDkKwNR7tAfClBEjRFVQeq6DU54boFgEA
AMcustom3: Custom engine code is hT3Ng7hP/feYQOTDZ3qhYOwGAM51eA+J/FjkM5shLioAsqhgLR4Ft+O1BuKG6ilQ83B9tLXSmmqwm7g9AQA
Mpcustom4: Custom engine code is hT3NZbhP9fmY2AbBQnsjfOxn6c+6e6yL+/e8fZFmaQrnlgEA
INFO (IPF036): Starting proof on task: "<embedded>", 2 properties to prove with 0 already proven/unreachable
INFO (IRS029): Starting reset analysis: phase 1 of 4.
INFO (IRS030): Running reset analysis: phase 2 of 4.
INFO (IRS031): Running reset analysis: phase 3 of 4.
INFO (IRS020): Starting the reset analysis simulation with a limit of 100 iterations (phase 4 of 4).
INFO (IRS024): Reset iterations 0 to 4 analyzed.
INFO (IRS018): Reset analysis simulation executed for 3 iterations. Assigned values for 24 of 24 design flops, 0 of 0 design latches, 6 of 6 internal elements.
INFO (IRS039): Reset analysis complete.
INFO (IPF031): Settings used for proof thread 0:
    orchestration                 = on
    time_limit                    = 86400s
    per_property_time_limit       = 1s * 10 ^ scan
    engine_mode                   = auto
    proofgrid_per_engine_max_jobs = 1
    max engine jobs               = auto
    proofgrid_mode                = local
    proofgrid_restarts            = 10
AMcustom5: Custom engine code is hT3N1rhP11/52HrFRS21ROp2LOjVTgPvT8L8BGXHgLhaIuqtT4nARFjUqrBL+7pLmaTOzBepZW/Jm8SSrHDybSQtoNiO3y43wk+dEoWlsZizu97Fih6O6lPVG/LpWP5SsUPwlGagLNa1FKEFvwVXyX7//8prySbvSxIHXr5er+z4RAEA
0: Using multistage preprocessing
Ncustom6: Custom engine code is hT3OXrhPByJp3TrFSTLhUmMH4KVtJgmTCnNDF46yMXOKY48m4LS5nE7yBzFjA7kDuwO/GhGUpEPiky3p3wmPn3dJZHxFMsafSoObRzSC+tn7sEY0WbTdZ/FV4hL3MYH/b1CIUvXSWR4wqEoVLsmMOD4xIPT4lI1LO6ZCO7PnnWQuLwetnvKlrXx6wCW/A+x+enqslg1YPobi4wEF/EvbzOvcTYdJvl2s4H2yZg2b2ofAVN5WvhWk1HoBAA
0: Starting reduce
ADcustom7: Custom engine code is hT3Nv7hPv1752HrFRa2kROx2f/ECJeZB2AZsLdlO8VwmIuqtT4nIDFXclhg+O+o+DMmQCekbheGk0kK28laA9gaOFDXsQp29J3X615HY1IPHJWd6FUFvCHjO+p1k652b5JJvZlShNpGlGSXAiQe/mEAj6tEBAA
Tricustom8: Custom engine code is hT3Nu7hPt1752DvFRa0kNDiyIV97VyejwM9C/jCLJjdPvusZONHY42VYUy0Q1ZotnhcVtNc56tJ5wbxv6V2+XpdsaSlHck5vfnbYjdwj1OECy9U+7oSQ0SZE3g5ayD+Phuh4odCJTjeKa2k4elM9ldQfkAEA
Gcustom9: Custom engine code is hT3NibhPDfeYQADBZnYcglOvK9Pfd7EOeniIqP8jNsyIqInncipMGcUXqAadachREE9F2PwhBUZUNw5kHnd4JdXkamORRgEA
C2custom10: Custom engine code is hT3NirhPjfWYQADBZnYcglOvK9Pfd7EOeniIqP8jNsyIqInncgkrYMMXCYbdK0dUjZIF9d4cJ0rHoBDjwVLBKuG86XYVV00BAA
AGcustom11: Custom engine code is hT3NirhP/fmYQADBZnYcglOvK9Pfd7EOeniIqP8jNsyIqInnckcwYMMXCYbdK0dUjZIF9d4cJ0rHoBDjwVLBKuHEZnZByh0BAA
Bcustom12: Custom engine code is hT3NjrhPDfiYQADBZnYcglOvK9PfWxFtenjIyBqfrgr7if/jL/yPOuK1BAflEcW0DxNH2eDIoezN2gxlQFg81RZtiWXh7aiTAidvAQA
Ncustom13: Custom engine code is hT3NR7hPByFp3TrFSTLhUmMH4KWtJglTyV/c51BHEeZWamnJv767nE6PCak26bd3gf3XGN3rIRheufhDieCJQVISo+gNYUKhiUedBKGtsP/a18svAnlMJZudHxDFwK5ufsyoxsIyiAeSY2oi3tEuoDHr5gw42DFKAG3PqO3CEsl8Azzdt3pl5nGA1Ifv2H02eYsFzWb/nfp8PMb3F0krE/EgBcm8TD9Div8BAA
Tricustom14: Custom engine code is hT3Nu7hP3fiYQADBZnYcglNHp9bfd7EOeniIqP/ji8sGLQu8yhsFO+wxJ+O+R0bU8g/IewXFomyos+viQnWc2xYNYmMqpo3i40O7DaZR7qfp4YqNx26KRvQ/qx0BAA
0: Finished reduce in 0s
0.0.PRE: Performing Proof Simplification...
0.0.N: clocks: 1, declared: 1, looping: 0, posedge: 1, negedge: 0, noedge: 0, bothedge: 0
0.0.N: Proof Simplification Iteration 1	[0.00 s]
0.0.PRE: A trace with 1 cycles was found. [0.00 s]
INFO (IPF047): 0.0.PRE: The cover property "SEVEN.p1:precondition1" was covered in 1 cycles in 0.00 s.
0.0.N: Proof Simplification Iteration 2	[0.06 s]
0.0.PRE: A proof was found: No trace exists. [0.00 s]
INFO (IPF057): 0.0.PRE: The property ":noDeadEnd" was proven in 0.00 s.
    Use check_assumptions -show -dead_end to show this property in the property table.
0.0.PRE: A proof was found: No trace exists. [0.00 s]
INFO (IPF057): 0.0.PRE: The property ":noConflict" was proven in 0.00 s.
    Use check_assumptions -show to show this property in the property table.
INFO (IPF047): 0.0.PRE: The cover property ":live" was covered in 1 cycles in 0.00 s.
    Use check_assumptions -show -live to show this property in the property table.
0.0.PRE: Proof Simplification completed in 0.06 s
0: About to start ProofGrid in its own thread with a limit of 10000 pending notifications and a limit of 10 traces.
0: =============================== ProofGrid start ===============================
0: ProofGrid usable level: 1
0: Initial ProofGrid level: 1
0: ProofGrid is starting event handling
0.0.Hp: Proofgrid shell started at 21031@vlsi-ria85(local) jg_20836_vlsi-ria85_1
0.0.N: Proofgrid shell started at 21030@vlsi-ria85(local) jg_20836_vlsi-ria85_1
0.0.Hp: clocks: 1, declared: 1, looping: 0, posedge: 1, negedge: 0, noedge: 0, bothedge: 0
0.0.Hp: Last scan. Per property time limit: 0s
0.0.N: clocks: 1, declared: 1, looping: 0, posedge: 1, negedge: 0, noedge: 0, bothedge: 0
0.0.N: Last scan. Per property time limit: 0s
0.0.N: Starting proof for property "SEVEN.p1"	[0.00 s].
0.0.Hp: Trace Attempt  1	[0.00 s]
0.0.N: Trace Attempt  1	[0.00 s]
0.0.N: Trace Attempt  2	[0.00 s]
0.0.N: Trace Attempt  2	[0.00 s]
0.0.N: Trace Attempt  3	[0.00 s]
0.0.N: Trace Attempt  3	[0.00 s]
0.0.N: Trace Attempt  4	[0.00 s]
0.0.N: Trace Attempt  5	[0.00 s]
0.0.N: Trace Attempt  1	[0.01 s]
0.0.N: Trace Attempt  2	[0.01 s]
0.0.N: Trace Attempt  3	[0.01 s]
0.0.Hp: Trace Attempt  2	[0.00 s]
0.0.Hp: Trace Attempt  3	[0.00 s]
0.0.Hp: Trace Attempt  4	[0.00 s]
0.0.Hp: Trace Attempt  5	[0.00 s]
0.0.N: Trace Attempt  4	[0.01 s]
0.0.N: Trace Attempt  5	[0.01 s]
0.0.Ht: Proofgrid shell started at 21113@vlsi-ria85(local) jg_20836_vlsi-ria85_1
0.0.Bm: Proofgrid shell started at 21115@vlsi-ria85(local) jg_20836_vlsi-ria85_1
0.0.Bm: clocks: 1, declared: 1, looping: 0, posedge: 1, negedge: 0, noedge: 0, bothedge: 0
0.0.Bm: Ignoring liveness properties
0.0.Bm: Last scan. Per property time limit: 0s
0.0.Bm: Trace Attempt  1	[0.00 s]
0.0.Bm: Trace Attempt  2	[0.00 s]
0.0.Bm: Trace Attempt  3	[0.00 s]
0.0.Oh: Proofgrid shell started at 21117@vlsi-ria85(local) jg_20836_vlsi-ria85_1
0.0.Ht: clocks: 1, declared: 1, looping: 0, posedge: 1, negedge: 0, noedge: 0, bothedge: 0
0.0.Ht: Last scan. Per property time limit: 0s
0.0.Ht: Trace Attempt  1	[0.00 s]
0.0.Ht: Trace Attempt  2	[0.00 s]
0.0.Ht: Trace Attempt  3	[0.00 s]
0.0.Ht: Trace Attempt  4	[0.00 s]
0.0.Ht: Trace Attempt  5	[0.00 s]
0.0.Bm: Trace Attempt  4	[0.00 s]
0.0.Bm: Trace Attempt  5	[0.00 s]
0.0.Mpcustom4: Proofgrid shell started at 21116@vlsi-ria85(local) jg_20836_vlsi-ria85_1
0.0.Mpcustom4: clocks: 1, declared: 1, looping: 0, posedge: 1, negedge: 0, noedge: 0, bothedge: 0
0.0.Mpcustom4: Ignoring liveness properties
0.0.Mpcustom4: All properties either determined or skipped. [0.00 s]
0.0.Oh: clocks: 1, declared: 1, looping: 0, posedge: 1, negedge: 0, noedge: 0, bothedge: 0
0.0.Oh: Reached length limit (2147483647) [0.00 s]
0.0.Mpcustom4: Exited with Success (@ 0.04 s)
0.0.Mpcustom4: Completed, Restart ignored.
0.0.Oh: Exited with Success (@ 0.05 s)
0.0.AM: Proofgrid shell started at 21180@vlsi-ria85(local) jg_20836_vlsi-ria85_1
0.0.AM: clocks: 1, declared: 1, looping: 0, posedge: 1, negedge: 0, noedge: 0, bothedge: 0
0.0.AM: Last scan. Per property time limit: 0s
0.0.AM: Starting proof for property "SEVEN.p1"	[0.00 s].
0.0.AM: Trace Attempt  1	[0.00 s]
0.0.AM: Trace Attempt  2	[0.00 s]
0.0.AM: Trace Attempt  3	[0.00 s]
0.0.AM: Trace Attempt  4	[0.00 s]
0.0.AM: Trace Attempt  5	[0.00 s]
0.0.AM: Trace Attempt  1	[0.00 s]
0.0.AM: Trace Attempt  2	[0.00 s]
0.0.AM: Trace Attempt  3	[0.00 s]
0.0.AM: Trace Attempt  4	[0.00 s]
0.0.AM: Trace Attempt  5	[0.00 s]
0.0.AM: Trace Attempt  1	[0.01 s]
0.0.AM: Trace Attempt  2	[0.01 s]
0.0.AM: Trace Attempt  3	[0.01 s]
0.0.B: Proofgrid shell started at 21175@vlsi-ria85(local) jg_20836_vlsi-ria85_1
0.0.AM: Trace Attempt  4	[0.01 s]
0.0.B: clocks: 1, declared: 1, looping: 0, posedge: 1, negedge: 0, noedge: 0, bothedge: 0
0.0.B: Last scan. Per property time limit: 0s
0.0.B: Starting proof for property "SEVEN.p1"	[0.00 s].
0.0.B: Trace Attempt  1	[0.00 s]
0.0.B: Trace Attempt  2	[0.00 s]
0.0.B: Trace Attempt  3	[0.00 s]
0.0.B: Trace Attempt  4	[0.00 s]
0.0.AM: Trace Attempt  5	[0.01 s]
0.0.B: Trace Attempt  5	[0.00 s]
0.0.AM: Trace Attempt  1	[0.03 s]
0.0.AM: Trace Attempt  2	[0.03 s]
0.0.AM: Trace Attempt  3	[0.03 s]
0.0.L: Proofgrid shell started at 21118@vlsi-ria85(local) jg_20836_vlsi-ria85_1
0.0.AM: Trace Attempt  4	[0.03 s]
0.0.AM: Trace Attempt  5	[0.03 s]
0.0.N: Trace Attempt  1	[0.11 s]
0.0.N: Trace Attempt  2	[0.11 s]
0.0.N: Trace Attempt  3	[0.11 s]
0.0.N: Trace Attempt  4	[0.11 s]
0.0.N: Trace Attempt  5	[0.12 s]
0.0.L: clocks: 1, declared: 1, looping: 0, posedge: 1, negedge: 0, noedge: 0, bothedge: 0
0.0.L: Using trace diversification with seed 1 (0.05)
0.0.L: Using LRU state removal heuristic
0.0.L: Ignoring liveness properties
0.0.L: All properties either determined or skipped. [0.01 s]
0.0.L: Exited with Success (@ 0.12 s)
0.0.L: Completed, Restart ignored.
0.0.AM: Trace Attempt  1	[0.11 s]
0.0.AM: Trace Attempt  2	[0.11 s]
0.0.AM: Trace Attempt  3	[0.11 s]
0.0.AM: Trace Attempt  4	[0.11 s]
0.0.AM: Trace Attempt  5	[0.11 s]
0.0.AM: Trace Attempt  1	[0.42 s]
0.0.AM: Trace Attempt  2	[0.42 s]
0.0.AM: Trace Attempt  3	[0.42 s]
0.0.AM: Trace Attempt  4	[0.42 s]
0.0.AM: Trace Attempt  5	[0.42 s]
0.0.N: Trace Attempt  1	[0.53 s]
0.0.N: Trace Attempt  2	[0.53 s]
0.0.N: Trace Attempt  3	[0.53 s]
0.0.N: Trace Attempt  4	[0.53 s]
0.0.N: Trace Attempt  5	[0.53 s]
0.0.AM: Trace Attempt  1	[1.86 s]
0.0.AM: Trace Attempt  2	[1.86 s]
0.0.AM: Trace Attempt  3	[1.86 s]
0.0.AM: Trace Attempt  4	[1.86 s]
0.0.AM: Trace Attempt  5	[1.86 s]
0.0.N: Trace Attempt  1	[2.06 s]
0.0.N: Trace Attempt  2	[2.06 s]
0.0.N: Trace Attempt  3	[2.06 s]
0.0.N: Trace Attempt  4	[2.06 s]
0.0.N: Trace Attempt  5	[2.07 s]
0.0.Hp: Trace Attempt 465	[4.01 s]
0.0.Ht: Trace Attempt 1732	[4.00 s]
0.0.Bm: Trace Attempt 1651	[4.00 s]
0.0.B: Trace Attempt 1659	[4.00 s]
0.0.N: Trace Attempt  1	[5.77 s]
0.0.N: Trace Attempt  2	[5.77 s]
0.0.N: Trace Attempt  3	[5.77 s]
0.0.N: Trace Attempt  4	[5.77 s]
0.0.N: Trace Attempt  5	[5.78 s]
0.0.AM: Trace Attempt 197	[5.90 s]
0.0.Hp: Trace Attempt 648	[8.01 s]
0.0.Bm: Trace Attempt 2274	[8.00 s]
0.0.Ht: Trace Attempt 2344	[8.01 s]
0.0.B: Trace Attempt 2286	[8.00 s]
0.0.AM: Trace Attempt  1	[8.80 s]
0.0.AM: Trace Attempt  2	[8.80 s]
0.0.AM: Trace Attempt  3	[8.80 s]
0.0.AM: Trace Attempt  4	[8.81 s]
0.0.AM: Trace Attempt  5	[8.81 s]
0.0.N: Trace Attempt  1	[9.60 s]
0.0.N: Trace Attempt  2	[9.60 s]
0.0.N: Trace Attempt  3	[9.60 s]
0.0.N: Trace Attempt  4	[9.60 s]
0.0.N: Trace Attempt  5	[9.60 s]
0.0.Hp: Trace Attempt 788	[12.04 s]
0.0.Bm: Trace Attempt 2748	[12.00 s]
0.0.Ht: Trace Attempt 2823	[12.02 s]
0.0.B: Trace Attempt 2769	[12.01 s]
0.0.AM: Trace Attempt 183	[12.81 s]
0.0.N: Trace Attempt  1	[13.49 s]
0.0.N: Trace Attempt  2	[13.49 s]
0.0.N: Trace Attempt  3	[13.49 s]
0.0.N: Trace Attempt  4	[13.49 s]
0.0.N: Trace Attempt  5	[13.49 s]
0.0.Bm: Trace Attempt 3149	[16.01 s]
0.0.Hp: Trace Attempt 906	[16.05 s]
0.0.Ht: Trace Attempt 3218	[16.02 s]
0.0.B: Trace Attempt 3168	[16.01 s]
0.0.AM: Trace Attempt 240	[16.83 s]
0.0.N: Trace Attempt  1	[17.34 s]
0.0.N: Trace Attempt  2	[17.34 s]
0.0.N: Trace Attempt  3	[17.34 s]
0.0.N: Trace Attempt  4	[17.34 s]
0.0.N: Trace Attempt  5	[17.34 s]
0.0.Bm: Trace Attempt 3501	[20.02 s]
0.0.Hp: Trace Attempt 1010	[20.06 s]
0.0.Ht: Trace Attempt 3566	[20.02 s]
0.0.B: Trace Attempt 3523	[20.02 s]
0.0.AM: Trace Attempt 273	[20.87 s]
0.0.N: Trace Attempt  1	[21.24 s]
0.0.N: Trace Attempt  2	[21.24 s]
0.0.N: Trace Attempt  3	[21.24 s]
0.0.N: Trace Attempt  4	[21.24 s]
0.0.N: Trace Attempt  5	[21.24 s]
0.0.Bm: Trace Attempt 3815	[24.02 s]
0.0.Ht: Trace Attempt 3890	[24.03 s]
0.0.Hp: Trace Attempt 1104	[24.09 s]
0.0.B: Trace Attempt 3842	[24.02 s]
0.0.AM: Trace Attempt 318	[24.92 s]
0.0.N: Trace Attempt  1	[25.00 s]
0.0.N: Trace Attempt  2	[25.00 s]
0.0.N: Trace Attempt  3	[25.00 s]
0.0.N: Trace Attempt  4	[25.01 s]
0.0.N: Trace Attempt  5	[25.01 s]
0.0.Bm: Trace Attempt 4111	[28.02 s]
0.0.Ht: Trace Attempt 4184	[28.04 s]
0.0.Hp: Trace Attempt 1190	[28.09 s]
0.0.B: Trace Attempt 4141	[28.04 s]
0.0.N: Trace Attempt  1	[28.89 s]
0.0.N: Trace Attempt  2	[28.89 s]
0.0.N: Trace Attempt  3	[28.89 s]
0.0.N: Trace Attempt  4	[28.89 s]
0.0.N: Trace Attempt  5	[28.89 s]
0.0.AM: Trace Attempt 355	[28.96 s]
0.0.Bm: Trace Attempt 4394	[32.02 s]
0.0.Ht: Trace Attempt 4456	[32.05 s]
0.0.Hp: Trace Attempt 1270	[32.12 s]
0.0.B: Trace Attempt 4425	[32.04 s]
0.0.N: Trace Attempt  1	[32.85 s]
0.0.N: Trace Attempt  2	[32.85 s]
0.0.N: Trace Attempt  3	[32.85 s]
0.0.N: Trace Attempt  4	[32.85 s]
0.0.N: Trace Attempt  5	[32.85 s]
0.0.AM: Trace Attempt 392	[33.08 s]
0.0.Bm: Trace Attempt 4654	[36.02 s]
0.0.Ht: Trace Attempt 4717	[36.06 s]
0.0.B: Trace Attempt 4687	[36.04 s]
0.0.Hp: Trace Attempt 1344	[36.14 s]
0.0.N: Trace Attempt  1	[36.60 s]
0.0.N: Trace Attempt  2	[36.60 s]
0.0.N: Trace Attempt  3	[36.60 s]
0.0.N: Trace Attempt  4	[36.60 s]
0.0.N: Trace Attempt  5	[36.60 s]
0.0.AM: Trace Attempt 423	[37.09 s]
0.0.Bm: Trace Attempt 4895	[40.04 s]
0.0.Ht: Trace Attempt 4960	[40.06 s]
0.0.B: Trace Attempt 4931	[40.05 s]
0.0.Hp: Trace Attempt 1414	[40.16 s]
0.0.N: Trace Attempt  1	[40.59 s]
0.0.N: Trace Attempt  2	[40.59 s]
0.0.N: Trace Attempt  3	[40.59 s]
0.0.N: Trace Attempt  4	[40.59 s]
0.0.N: Trace Attempt  5	[40.59 s]
0.0.AM: Trace Attempt 454	[41.20 s]
0.0.Bm: Trace Attempt 5123	[44.05 s]
0.0.Ht: Trace Attempt 5176	[44.08 s]
0.0.B: Trace Attempt 5155	[44.06 s]
0.0.Hp: Trace Attempt 1479	[44.23 s]
0.0.N: Trace Attempt  1	[44.57 s]
0.0.N: Trace Attempt  2	[44.57 s]
0.0.N: Trace Attempt  3	[44.57 s]
0.0.N: Trace Attempt  4	[44.57 s]
0.0.N: Trace Attempt  5	[44.57 s]
0.0.AM: Trace Attempt 441	[45.21 s]
0.0.Bm: Trace Attempt 5325	[48.07 s]
0.0.Ht: Trace Attempt 5379	[48.10 s]
0.0.B: Trace Attempt 5357	[48.08 s]
0.0.Hp: Trace Attempt 1539	[48.28 s]
0.0.N: Trace Attempt  1	[48.48 s]
0.0.N: Trace Attempt  2	[48.48 s]
0.0.N: Trace Attempt  3	[48.48 s]
0.0.N: Trace Attempt  4	[48.48 s]
0.0.N: Trace Attempt  5	[48.49 s]
0.0.AM: Trace Attempt 512	[50.60 s]
0.0.AM: Trace Attempt  1	[51.28 s]
0.0.AM: Trace Attempt  2	[51.28 s]
0.0.AM: Trace Attempt  3	[51.28 s]
0.0.AM: Trace Attempt  4	[51.28 s]
0.0.AM: Trace Attempt  5	[51.28 s]
0.0.Bm: Trace Attempt 5527	[52.09 s]
0.0.Ht: Trace Attempt 5573	[52.10 s]
0.0.B: Trace Attempt 5559	[52.09 s]
0.0.Hp: Trace Attempt 1597	[52.31 s]
0.0.N: Trace Attempt 257	[52.96 s]
0.0.N: Trace Attempt  1	[52.97 s]
0.0.N: Trace Attempt  2	[52.97 s]
0.0.N: Trace Attempt  3	[52.97 s]
0.0.N: Trace Attempt  4	[52.97 s]
0.0.N: Trace Attempt  5	[52.97 s]
0.0.AM: Trace Attempt 239	[55.29 s]
0.0.Bm: Trace Attempt 5735	[56.09 s]
0.0.Ht: Trace Attempt 5781	[56.11 s]
0.0.B: Trace Attempt 5767	[56.11 s]
0.0.Hp: Trace Attempt 1657	[56.35 s]
0.0.N: Trace Attempt 179	[57.02 s]
0.0.AM: Trace Attempt 327	[59.33 s]
0.0.Bm: Trace Attempt 5936	[60.11 s]
0.0.Ht: Trace Attempt 5985	[60.12 s]
0.0.B: Trace Attempt 5969	[60.12 s]
0.0.Hp: Trace Attempt 1715	[60.42 s]
0.0.N: Trace Attempt 246	[61.09 s]
0.0.AM: Trace Attempt 409	[63.34 s]
0.0.Bm: Trace Attempt 6126	[64.12 s]
0.0.Ht: Trace Attempt 6169	[64.14 s]
0.0.B: Trace Attempt 6157	[64.12 s]
0.0.Hp: Trace Attempt 1770	[64.44 s]
0.0.N: Trace Attempt 276	[65.11 s]
0.0.AM: Trace Attempt 462	[67.49 s]
0.0.Bm: Trace Attempt 6304	[68.12 s]
0.0.Ht: Trace Attempt 6360	[68.14 s]
0.0.B: Trace Attempt 6335	[68.13 s]
0.0.Hp: Trace Attempt 1823	[68.46 s]
0.0.N: Trace Attempt 323	[69.14 s]
0.0.AM: Trace Attempt 485	[71.66 s]
0.0.Bm: Trace Attempt 6482	[72.14 s]
0.0.Ht: Trace Attempt 6539	[72.15 s]
0.0.B: Trace Attempt 6513	[72.13 s]
0.0.Hp: Trace Attempt 1875	[72.54 s]
0.0.N: Trace Attempt 358	[73.29 s]
0.0.AM: Trace Attempt 523	[75.74 s]
0.0.Bm: Trace Attempt 6650	[76.14 s]
0.0.Ht: Trace Attempt 6714	[76.15 s]
0.0.B: Trace Attempt 6683	[76.13 s]
0.0.Hp: Trace Attempt 1924	[76.55 s]
0.0.N: Trace Attempt 387	[77.30 s]
0.0.AM: Trace Attempt 562	[79.78 s]
0.0.Ht: Trace Attempt 6886	[80.16 s]
0.0.Bm: Trace Attempt 6816	[80.16 s]
0.0.B: Trace Attempt 6845	[80.14 s]
0.0.Hp: Trace Attempt 1971	[80.63 s]
0.0.N: Trace Attempt 418	[81.33 s]
0.0.AM: Trace Attempt 593	[83.91 s]
0.0.Ht: Trace Attempt 7051	[84.16 s]
0.0.Bm: Trace Attempt 6977	[84.17 s]
0.0.B: Trace Attempt 7004	[84.15 s]
0.0.Hp: Trace Attempt 2018	[84.71 s]
0.0.N: Trace Attempt 449	[85.42 s]
0.0.AM: Trace Attempt 620	[87.98 s]
0.0.Ht: Trace Attempt 7202	[88.17 s]
0.0.Bm: Trace Attempt 7132	[88.18 s]
0.0.B: Trace Attempt 7157	[88.17 s]
0.0.Hp: Trace Attempt 2063	[88.79 s]
0.0.N: Trace Attempt 485	[89.64 s]
0.0.Ht: Trace Attempt 7357	[92.17 s]
0.0.Bm: Trace Attempt 7279	[92.20 s]
0.0.B: Trace Attempt 7302	[92.18 s]
0.0.AM: Trace Attempt 647	[92.22 s]
0.0.Hp: Trace Attempt 2107	[92.83 s]
0.0.N: Trace Attempt 495	[96.03 s]
0.0.N: Trace Attempt  1	[96.05 s]
0.0.N: Trace Attempt  2	[96.05 s]
0.0.N: Trace Attempt  3	[96.05 s]
0.0.N: Trace Attempt  4	[96.06 s]
0.0.N: Trace Attempt  5	[96.06 s]
0.0.Bm: Trace Attempt 7418	[96.20 s]
0.0.Ht: Trace Attempt 7495	[96.20 s]
0.0.B: Trace Attempt 7441	[96.19 s]
0.0.AM: Trace Attempt 671	[96.26 s]
0.0.Hp: Trace Attempt 2150	[96.87 s]
0.0.N: Trace Attempt 179	[100.06 s]
0.0.Ht: Trace Attempt 7644	[100.20 s]
0.0.Bm: Trace Attempt 7566	[100.20 s]
0.0.B: Trace Attempt 7589	[100.20 s]
0.0.AM: Trace Attempt 694	[100.43 s]
0.0.Hp: Trace Attempt 2194	[100.92 s]
0.0.N: Trace Attempt 247	[104.12 s]
0.0.Bm: Trace Attempt 7709	[104.21 s]
0.0.Ht: Trace Attempt 7795	[104.21 s]
0.0.B: Trace Attempt 7733	[104.20 s]
0.0.AM: Trace Attempt 714	[104.44 s]
0.0.Hp: Trace Attempt 2237	[104.96 s]
0.0.N: Trace Attempt 279	[108.17 s]
0.0.Bm: Trace Attempt 7848	[108.23 s]
0.0.Ht: Trace Attempt 7942	[108.23 s]
0.0.B: Trace Attempt 7874	[108.22 s]
0.0.AM: Trace Attempt 732	[108.53 s]
0.0.Hp: Trace Attempt 2279	[108.99 s]
0.0.N: Trace Attempt 326	[112.23 s]
0.0.Bm: Trace Attempt 7984	[112.26 s]
0.0.Ht: Trace Attempt 8085	[112.26 s]
0.0.B: Trace Attempt 8011	[112.22 s]
0.0.AM: Trace Attempt 752	[112.63 s]
0.0.Hp: Trace Attempt 2320	[113.06 s]
0.0.N: Trace Attempt 360	[116.26 s]
0.0.Ht: Trace Attempt 8217	[116.27 s]
0.0.B: Trace Attempt 8144	[116.22 s]
0.0.Bm: Trace Attempt 8116	[116.27 s]
0.0.AM: Trace Attempt 775	[116.69 s]
0.0.Hp: Trace Attempt 2360	[117.12 s]
0.0.N: Trace Attempt 389	[120.28 s]
0.0.Ht: Trace Attempt 8354	[120.27 s]
0.0.B: Trace Attempt 8281	[120.24 s]
0.0.Bm: Trace Attempt 8249	[120.30 s]
0.0.AM: Trace Attempt 798	[120.75 s]
0.0.Hp: Trace Attempt 2399	[121.12 s]
0.0.Ht: Trace Attempt 8485	[124.29 s]
0.0.B: Trace Attempt 8416	[124.25 s]
0.0.Bm: Trace Attempt 8383	[124.30 s]
0.0.N: Trace Attempt 421	[124.35 s]
0.0.AM: Trace Attempt 815	[124.86 s]
0.0.Hp: Trace Attempt 2437	[125.20 s]
0.0.Ht: Trace Attempt 8610	[128.31 s]
0.0.Bm: Trace Attempt 8503	[128.32 s]
0.0.B: Trace Attempt 8538	[128.27 s]
0.0.N: Trace Attempt 449	[128.45 s]
0.0.AM: Trace Attempt 837	[129.17 s]
0.0.Hp: Trace Attempt 2473	[129.26 s]
0.0.Ht: Trace Attempt 8734	[132.31 s]
0.0.Bm: Trace Attempt 8620	[132.34 s]
0.0.B: Trace Attempt 8661	[132.29 s]
0.0.N: Trace Attempt 482	[132.56 s]
0.0.AM: Trace Attempt 855	[133.19 s]
0.0.Hp: Trace Attempt 2509	[133.36 s]
0.0.Ht: Trace Attempt 8858	[136.32 s]
0.0.Bm: Trace Attempt 8739	[136.35 s]
0.0.B: Trace Attempt 8782	[136.31 s]
0.0.AM: Trace Attempt 874	[137.32 s]
0.0.Hp: Trace Attempt 2545	[137.47 s]
0.0.N: Trace Attempt 496	[138.75 s]
0.0.N: Trace Attempt  1	[138.77 s]
0.0.N: Trace Attempt  2	[138.77 s]
0.0.N: Trace Attempt  3	[138.77 s]
0.0.N: Trace Attempt  4	[138.77 s]
0.0.N: Trace Attempt  5	[138.77 s]
0.0.Ht: Trace Attempt 8983	[140.32 s]
0.0.B: Trace Attempt 8903	[140.31 s]
0.0.Bm: Trace Attempt 8859	[140.37 s]
0.0.AM: Trace Attempt 895	[141.34 s]
0.0.Hp: Trace Attempt 2581	[141.51 s]
0.0.N: Trace Attempt 179	[142.79 s]
0.0.Ht: Trace Attempt 9110	[144.32 s]
0.0.B: Trace Attempt 9027	[144.31 s]
0.0.Bm: Trace Attempt 8981	[144.38 s]
0.0.AM: Trace Attempt 914	[145.40 s]
0.0.Hp: Trace Attempt 2617	[145.56 s]
0.0.N: Trace Attempt 247	[146.84 s]
0.0.Ht: Trace Attempt 9232	[148.32 s]
0.0.B: Trace Attempt 9150	[148.33 s]
0.0.Bm: Trace Attempt 9103	[148.41 s]
0.0.AM: Trace Attempt 923	[149.46 s]
0.0.Hp: Trace Attempt 2653	[149.64 s]
0.0.N: Trace Attempt 279	[150.89 s]
0.0.Ht: Trace Attempt 9353	[152.34 s]
0.0.B: Trace Attempt 9270	[152.34 s]
0.0.Bm: Trace Attempt 9222	[152.43 s]
0.0.Hp: Trace Attempt 2688	[153.67 s]
0.0.AM: Trace Attempt 935	[153.96 s]
0.0.N: Trace Attempt 326	[154.96 s]
0.0.Ht: Trace Attempt 9473	[156.34 s]
0.0.B: Trace Attempt 9386	[156.35 s]
0.0.Bm: Trace Attempt 9336	[156.43 s]
0.0.Hp: Trace Attempt 2721	[157.67 s]
0.0.AM: Trace Attempt 516	[158.16 s]
0.0.N: Trace Attempt 360	[159.03 s]
0.0.Ht: Trace Attempt 9579	[160.35 s]
0.0.B: Trace Attempt 9493	[160.35 s]
0.0.Bm: Trace Attempt 9442	[160.45 s]
0.0.Hp: Trace Attempt 2754	[161.79 s]
0.0.AM: Trace Attempt 663	[162.16 s]
0.0.N: Trace Attempt 389	[163.10 s]
0.0.Ht: Trace Attempt 9688	[164.37 s]
0.0.B: Trace Attempt 9599	[164.37 s]
0.0.Bm: Trace Attempt 9547	[164.48 s]
0.0.Hp: Trace Attempt 2786	[165.86 s]
0.0.AM: Trace Attempt 779	[166.19 s]
0.0.N: Trace Attempt 420	[167.13 s]
0.0.Ht: Trace Attempt 9799	[168.40 s]
0.0.B: Trace Attempt 9704	[168.39 s]
0.0.Bm: Trace Attempt 9651	[168.50 s]
0.0.Hp: Trace Attempt 2818	[169.92 s]
0.0.N: Trace Attempt 450	[171.24 s]
0.0.Ht: Trace Attempt 9911	[172.41 s]
0.0.B: Trace Attempt 9810	[172.40 s]
0.0.Bm: Trace Attempt 9756	[172.52 s]
0.0.AM: Trace Attempt 783	[172.97 s]
0.0.Hp: Trace Attempt 2850	[174.01 s]
0.0.N: Trace Attempt 485	[175.41 s]
0.0.Ht: Trace Attempt 10018	[176.43 s]
0.0.B: Trace Attempt 9912	[176.40 s]
0.0.Bm: Trace Attempt 9857	[176.56 s]
0.0.AM: Trace Attempt 847	[177.00 s]
0.0.Hp: Trace Attempt 2880	[178.02 s]
0.0.Ht: Trace Attempt 10123	[180.44 s]
0.0.B: Trace Attempt 10011	[180.43 s]
0.0.Bm: Trace Attempt 9954	[180.56 s]
0.0.N: Trace Attempt 497	[180.65 s]
0.0.N: Trace Attempt  1	[180.67 s]
0.0.N: Trace Attempt  2	[180.67 s]
0.0.N: Trace Attempt  3	[180.67 s]
0.0.N: Trace Attempt  4	[180.68 s]
0.0.N: Trace Attempt  5	[180.68 s]
0.0.N: Trace Attempt 52	[180.94 s]
0.0.N: Stopped processing property "SEVEN.p1"	[180.95 s].
0.0.N: Morphing to Ncustom1
0.0.N: All properties determined. [0.00 s]
0.0.N: Exited with Success (@ 0.00 s)
0.0.Ncustom1: clocks: 1, declared: 1, looping: 0, posedge: 1, negedge: 0, noedge: 0, bothedge: 0
0.0.Ncustom1: Starting proof for property "SEVEN.p1"	[0.00 s].
0.0.Ncustom1: Trace Attempt 496	[0.05 s]
0.0.AM: Trace Attempt 944	[181.00 s]
0.0.B: Trace Attempt 10022	[180.87 s]
0.0.B: Stopped processing property "SEVEN.p1"	[181.01 s].
0.0.B: Morphing to Bcustom2
0.0.B: All properties determined. [0.00 s]
0.0.B: Exited with Success (@ 0.00 s)
0.0.Bcustom2: clocks: 1, declared: 1, looping: 0, posedge: 1, negedge: 0, noedge: 0, bothedge: 0
0.0.Bcustom2: Starting proof for property "SEVEN.p1"	[0.00 s].
0.0.Bcustom2: Trace Attempt  1	[0.00 s]
0.0.Bcustom2: Trace Attempt  2	[0.00 s]
0.0.Bcustom2: Trace Attempt  1	[0.00 s]
0.0.Bcustom2: Trace Attempt  2	[0.00 s]
0.0.Bcustom2: Trace Attempt  3	[0.00 s]
0.0.Bcustom2: Trace Attempt  4	[0.00 s]
0.0.Bcustom2: Trace Attempt  5	[0.00 s]
0.0.Bcustom2: Trace Attempt  1	[0.00 s]
0.0.Bcustom2: Trace Attempt  2	[0.00 s]
0.0.Bcustom2: Trace Attempt  3	[0.00 s]
0.0.Bcustom2: Trace Attempt  4	[0.00 s]
0.0.Bcustom2: Trace Attempt  5	[0.00 s]
0.0.Bcustom2: Trace Attempt  1	[0.00 s]
0.0.Bcustom2: Trace Attempt  2	[0.00 s]
0.0.Bcustom2: Trace Attempt  3	[0.00 s]
0.0.Bcustom2: Trace Attempt  4	[0.00 s]
0.0.Bcustom2: Trace Attempt  5	[0.00 s]
0.0.Bcustom2: Trace Attempt  1	[0.01 s]
0.0.Bcustom2: Trace Attempt  2	[0.01 s]
0.0.Bcustom2: Trace Attempt  3	[0.01 s]
0.0.Bcustom2: Trace Attempt  4	[0.01 s]
0.0.Bcustom2: Trace Attempt  5	[0.01 s]
0.0.Bcustom2: Trace Attempt  1	[0.02 s]
0.0.Bcustom2: Trace Attempt  2	[0.02 s]
0.0.Bcustom2: Trace Attempt  3	[0.02 s]
0.0.Bcustom2: Trace Attempt  4	[0.02 s]
0.0.Bcustom2: Trace Attempt  5	[0.02 s]
0.0.Bcustom2: Trace Attempt  1	[0.04 s]
0.0.Bcustom2: Trace Attempt  2	[0.04 s]
0.0.Bcustom2: Trace Attempt  3	[0.04 s]
0.0.Bcustom2: Trace Attempt  4	[0.04 s]
0.0.Bcustom2: Trace Attempt  5	[0.04 s]
0.0.D: Proofgrid shell started at 26316@vlsi-ria85(local) jg_20836_vlsi-ria85_1
0.0.D: clocks: 1, declared: 1, looping: 0, posedge: 1, negedge: 0, noedge: 0, bothedge: 0
0.0.D: Last scan. Per property time limit: 0s
0.0.D: Starting proof for property "SEVEN.p1"	[0.00 s].
0.0.D: Trace Attempt  1	[0.00 s]
0.0.D: Trace Attempt  2	[0.00 s]
0.0.D: Trace Attempt  3	[0.00 s]
0.0.Bcustom2: Trace Attempt  1	[0.09 s]
0.0.Bcustom2: Trace Attempt  2	[0.09 s]
0.0.Bcustom2: Trace Attempt  3	[0.09 s]
0.0.Bcustom2: Trace Attempt  4	[0.09 s]
0.0.Bcustom2: Trace Attempt  5	[0.09 s]
0.0.Tri: Proofgrid shell started at 26315@vlsi-ria85(local) jg_20836_vlsi-ria85_1
0.0.Tri: clocks: 1, declared: 1, looping: 0, posedge: 1, negedge: 0, noedge: 0, bothedge: 0
0.0.Tri: Last scan. Per property time limit: 0s
0.0.Tri: Starting proof for property "SEVEN.p1"	[0.00 s].
0.0.Tri: Trace Attempt  1	[0.00 s]
0.0.Tri:    0.00" ---- Launching main thread ----
0.0.Bcustom2: Trace Attempt  1	[0.22 s]
0.0.Bcustom2: Trace Attempt  2	[0.22 s]
0.0.Bcustom2: Trace Attempt  3	[0.22 s]
0.0.Bcustom2: Trace Attempt  4	[0.22 s]
0.0.Bcustom2: Trace Attempt  5	[0.22 s]
0.0.AM: Trace Attempt 949	[181.24 s]
0.0.AM: Stopped processing property "SEVEN.p1"	[181.26 s].
0.0.AM: Morphing to AMcustom3
0.0.AM: All properties determined. [0.00 s]
0.0.AM: Exited with Success (@ 0.00 s)
0.0.AMcustom3: clocks: 1, declared: 1, looping: 0, posedge: 1, negedge: 0, noedge: 0, bothedge: 0
0.0.AMcustom3: Starting proof for property "SEVEN.p1"	[0.00 s].
0.0.AMcustom3: Trace Attempt  1	[0.00 s]
0.0.AMcustom3: Trace Attempt  2	[0.00 s]
0.0.AMcustom3: Trace Attempt  3	[0.00 s]
0.0.AMcustom3: Trace Attempt  4	[0.00 s]
0.0.AMcustom3: Trace Attempt  5	[0.00 s]
0.0.AMcustom3: Trace Attempt  1	[0.00 s]
0.0.AMcustom3: Trace Attempt  2	[0.00 s]
0.0.AMcustom3: Trace Attempt  3	[0.00 s]
0.0.AMcustom3: Trace Attempt  4	[0.02 s]
0.0.AMcustom3: Trace Attempt  5	[0.02 s]
0.0.AMcustom3: Trace Attempt  1	[0.04 s]
0.0.AMcustom3: Trace Attempt  2	[0.04 s]
0.0.AMcustom3: Trace Attempt  3	[0.04 s]
0.0.AMcustom3: Trace Attempt  4	[0.04 s]
0.0.AMcustom3: Trace Attempt  5	[0.04 s]
0.0.AMcustom3: Trace Attempt  1	[0.07 s]
0.0.AMcustom3: Trace Attempt  2	[0.07 s]
0.0.AMcustom3: Trace Attempt  3	[0.07 s]
0.0.AMcustom3: Trace Attempt  4	[0.07 s]
0.0.AMcustom3: Trace Attempt  5	[0.07 s]
0.0.Tri:    0.19" ---- Launching abstraction thread ----
0.0.AMcustom3: Trace Attempt  1	[0.15 s]
0.0.AMcustom3: Trace Attempt  2	[0.15 s]
0.0.AMcustom3: Trace Attempt  3	[0.15 s]
0.0.AMcustom3: Trace Attempt  4	[0.15 s]
0.0.AMcustom3: Trace Attempt  5	[0.16 s]
0.0.Tri:    0.22" ---- Launching multi-phase simplification thread ----
0.0.Tri:    0.28" ---- Launching liveness simplification thread ----
0.0.Bcustom2: Trace Attempt  1	[0.67 s]
0.0.Bcustom2: Trace Attempt  2	[0.67 s]
0.0.Bcustom2: Trace Attempt  3	[0.67 s]
0.0.Bcustom2: Trace Attempt  4	[0.67 s]
0.0.Bcustom2: Trace Attempt  5	[0.67 s]
0.0.AMcustom3: Trace Attempt  1	[0.52 s]
0.0.AMcustom3: Trace Attempt  2	[0.52 s]
0.0.AMcustom3: Trace Attempt  3	[0.52 s]
0.0.AMcustom3: Trace Attempt  4	[0.52 s]
0.0.AMcustom3: Trace Attempt  5	[0.52 s]
0.0.Hp: Trace Attempt 2909	[182.02 s]
0.0.D: Trace Attempt 63	[0.88 s]
0.0.D: Stopped processing property "SEVEN.p1"	[0.90 s].
0.0.D: Morphing to M
0.0.D: All properties determined. [0.00 s]
0.0.D: Exited with Success (@ 0.00 s)
0.0.M: clocks: 1, declared: 1, looping: 0, posedge: 1, negedge: 0, noedge: 0, bothedge: 0
0.0.M: Starting proof for property "SEVEN.p1"	[0.00 s].
0.0.M: Trace Attempt  1	[0.00 s]
0.0.M: Trace Attempt  2	[0.00 s]
0.0.M: Trace Attempt  3	[0.00 s]
0.0.M: Trace Attempt  4	[0.00 s]
0.0.M: Trace Attempt  5	[0.01 s]
0.0.AMcustom5: Proofgrid shell started at 26442@vlsi-ria85(local) jg_20836_vlsi-ria85_1
0.0.Tri:    1.10" Simplification phase 1 complete
0: Running jobs with 9 threads on "vlsi-ria85" with 8 cores.
0: Running jobs with 9 threads on "vlsi-ria85" with 8 cores.
0.0.AMcustom5: clocks: 1, declared: 1, looping: 0, posedge: 1, negedge: 0, noedge: 0, bothedge: 0
0.0.AMcustom5: Last scan. Per property time limit: 0s
0.0.AMcustom5: Starting proof for property "SEVEN.p1"	[0.00 s].
0.0.AMcustom5: Trace Attempt  1	[0.00 s]
0.0.AMcustom5: Trace Attempt  2	[0.00 s]
0.0.AMcustom5: Trace Attempt  1	[0.00 s]
0.0.AMcustom5: Trace Attempt  2	[0.00 s]
0.0.AMcustom5: Trace Attempt  3	[0.00 s]
0.0.AMcustom5: Trace Attempt  4	[0.00 s]
0.0.AMcustom5: Trace Attempt  5	[0.00 s]
0.0.AMcustom5: Trace Attempt  1	[0.01 s]
0.0.AMcustom5: Trace Attempt  2	[0.01 s]
0.0.AMcustom5: Trace Attempt  3	[0.01 s]
0.0.AMcustom5: Trace Attempt  4	[0.01 s]
0.0.AMcustom5: Trace Attempt  5	[0.01 s]
0.0.AMcustom5: Trace Attempt  1	[0.01 s]
0.0.AMcustom5: Trace Attempt  2	[0.01 s]
0.0.AMcustom5: Trace Attempt  3	[0.01 s]
0.0.AMcustom5: Trace Attempt  4	[0.01 s]
0.0.AMcustom5: Trace Attempt  5	[0.01 s]
0.0.AMcustom5: Trace Attempt  1	[0.02 s]
0.0.AMcustom5: Trace Attempt  2	[0.02 s]
0.0.AMcustom5: Trace Attempt  3	[0.02 s]
0.0.AMcustom5: Trace Attempt  4	[0.02 s]
0.0.AMcustom5: Trace Attempt  5	[0.02 s]
0.0.AMcustom5: Trace Attempt  1	[0.02 s]
0.0.AMcustom5: Trace Attempt  2	[0.02 s]
0.0.AMcustom5: Trace Attempt  3	[0.02 s]
0.0.AMcustom5: Trace Attempt  4	[0.02 s]
0.0.AMcustom5: Trace Attempt  5	[0.02 s]
0.0.AMcustom5: Trace Attempt  1	[0.03 s]
0.0.AMcustom5: Trace Attempt  2	[0.03 s]
0.0.AMcustom5: Trace Attempt  3	[0.03 s]
0.0.AMcustom5: Trace Attempt  4	[0.03 s]
0.0.AMcustom5: Trace Attempt  5	[0.03 s]
0.0.AMcustom5: Trace Attempt  1	[0.06 s]
0.0.AMcustom5: Trace Attempt  2	[0.06 s]
0.0.AMcustom5: Trace Attempt  3	[0.06 s]
0.0.AMcustom5: Trace Attempt  4	[0.06 s]
0.0.AMcustom5: Trace Attempt  5	[0.06 s]
0.0.AMcustom5: Trace Attempt  1	[0.06 s]
0.0.AMcustom5: Trace Attempt  2	[0.06 s]
0.0.AMcustom5: Trace Attempt  3	[0.06 s]
0.0.AMcustom5: Trace Attempt  4	[0.06 s]
0.0.AMcustom5: Trace Attempt  5	[0.06 s]
0.0.AMcustom5: Trace Attempt  1	[0.07 s]
0.0.AMcustom5: Trace Attempt  2	[0.07 s]
0.0.AMcustom5: Trace Attempt  3	[0.07 s]
0.0.AMcustom5: Trace Attempt  4	[0.07 s]
0.0.AMcustom5: Trace Attempt  5	[0.07 s]
0.0.AMcustom5: Trace Attempt  1	[0.10 s]
0.0.AMcustom5: Trace Attempt  2	[0.10 s]
0.0.AMcustom5: Trace Attempt  3	[0.10 s]
0.0.AMcustom5: Trace Attempt  4	[0.10 s]
0.0.AMcustom5: Trace Attempt  5	[0.10 s]
0.0.Ncustom1: Requesting engine job to terminate
0.0.Bcustom2: Requesting engine job to terminate
0.0.AMcustom3: Requesting engine job to terminate
0.0.Tri: Requesting engine job to terminate
0.0.M: Requesting engine job to terminate
0.0.AMcustom5: Requesting engine job to terminate
0.0.Hp: Requesting engine job to terminate
0.0.Ht: Requesting engine job to terminate
0.0.Bm: Requesting engine job to terminate
INFO (IPF144): 0: Initiating shutdown of proof [182.54 s]
0.0.Tri: A proof was found: No trace exists. [1.28 s]
INFO (IPF057): 0.0.Tri: The property "SEVEN.p1" was proven in 1.29 s.
0.0.M: Trace Attempt 54	[0.43 s]
0.0.M: Stopped processing property "SEVEN.p1"	[0.47 s].
0.0.M: All properties determined. [0.47 s]
0.0.AMcustom5: Trace Attempt 17	[0.12 s]
0.0.AMcustom5: Stopped processing property "SEVEN.p1"	[0.13 s].
0.0.AMcustom5: All properties determined. [0.13 s]
0.0.AMcustom5: Exited with Success (@ 182.54 s)
0: ProofGrid usable level: 0
0.0.AMcustom3: Trace Attempt 72	[1.19 s]
0.0.AMcustom3: Stopped processing property "SEVEN.p1"	[1.20 s].
0.0.M: Exited with Success (@ 182.55 s)
0.0.AMcustom3: All properties determined. [1.20 s]
0.0.Hp: Trace Attempt 2912	[182.42 s]
0.0.Hp: All properties determined. [182.55 s]
0.0.AMcustom3: Exited with Success (@ 182.55 s)
0.0.Ncustom1: Stopped processing property "SEVEN.p1"	[1.55 s].
0.0.Bcustom2: Trace Attempt 748	[1.43 s]
0.0.Bcustom2: Stopped processing property "SEVEN.p1"	[1.45 s].
0.0.Bcustom2: All properties determined. [1.45 s]
0.0.Ncustom1: All properties determined. [1.57 s]
0.0.Ncustom1: Exited with Success (@ 182.56 s)
0.0.Ht: Trace Attempt 10178	[182.50 s]
0.0.Ht: All properties determined. [182.53 s]
0.0.Bcustom2: Exited with Success (@ 182.59 s)
0.0.Bm: Trace Attempt 9998	[182.48 s]
0.0.Bm: All properties determined. [182.60 s]
0.0.Bm: Exited with Success (@ 182.67 s)
0.0.Ht: Exited with Success (@ 182.70 s)
0.0.Tri: Stopped processing property "SEVEN.p1"	[1.50 s].
0.0.Hp: Exited with Success (@ 182.75 s)
0.0.Tri: All properties determined. [1.50 s]
0.0.Tri: Exited with Success (@ 182.75 s)
0: --------------------------------------------------------------
ProofGrid Summary (utilization 99.89 %)
--------------------------------------------------------------
     engines started                               :    16
     engine jobs started                           :    12

    Average time in state (seconds)
    ------------------------------------------------------
    Engine  Pending     Running        Dead    Utilization
    ------------------------------------------------------
     Hp        0.03      182.53        0.00       99.98 %
     Ht        0.04      182.50        0.00       99.98 %
     Bm        0.04      182.50        0.00       99.98 %
    Mpcustom4        0.04        0.00        0.00        0.58 %
     Oh        0.04        0.00        0.00        3.10 %
      L        0.11        0.00        0.00        0.87 %
    Ncustom1        0.04      182.51        0.00       99.98 %
    Bcustom2        0.07      182.31        0.00       99.96 %
    AMcustom3        0.06      182.09        0.00       99.97 %
    Tri        0.24        1.31        0.00       84.30 %
      M        0.16        1.36        0.00       89.37 %
    AMcustom5        0.34        0.13        0.00       28.40 %
    all        0.10       91.44        0.00       99.89 %

    Total time in state (seconds)
    -----------------------------------------
            Pending     Running        Dead  
    -----------------------------------------
               1.20     1097.24        0.00

    Data read    : 7.47 MiB
    Data written : 4.56 kiB

0: All pending notifications were processed.
INFO (IPF059): 0: Completed proof on task: "<embedded>"

==============================================================
SUMMARY
==============================================================
           Properties Considered              : 2
                 assertions                   : 1
                  - proven                    : 1 (100%)
                  - bounded_proven (user)     : 0 (0%)
                  - bounded_proven (auto)     : 0 (0%)
                  - marked_proven             : 0 (0%)
                  - cex                       : 0 (0%)
                  - ar_cex                    : 0 (0%)
                  - undetermined              : 0 (0%)
                  - unknown                   : 0 (0%)
                  - error                     : 0 (0%)
                 covers                       : 1
                  - unreachable               : 0 (0%)
                  - bounded_unreachable (user): 0 (0%)
                  - covered                   : 1 (100%)
                  - ar_covered                : 0 (0%)
                  - undetermined              : 0 (0%)
                  - unknown                   : 0 (0%)
                  - error                     : 0 (0%)
determined
[<embedded>] % exit -force
INFO (IPL005): Received request to exit from the console.
INFO (IPL014): Waiting for the Tcl-thread to exit.
INFO: Waiting for proof threads to stop...
INFO: Proof threads stopped.
INFO (IPL018): The peak resident set memory use for this session was 1.991 GB.
INFO (IPL015): The Tcl-thread exited with status 0.
INFO (IPL016): Exiting the analysis session with status 0.
