2025-11-21 19:42:40.285818 (245251) main____ INFO    ----------------------------------------
2025-11-21 19:42:40.286846 (245251) main____ INFO    Jasper version info
2025-11-21 19:42:40.286855 (245251) main____ INFO      tool      : Jasper 2024.06
2025-11-21 19:42:40.286862 (245251) main____ INFO      version   : 2024.06p002 64 bits
2025-11-21 19:42:40.286867 (245251) main____ INFO      build date: 2024.09.02 16:28:38 UTC
2025-11-21 19:42:40.286870 (245251) main____ INFO    ----------------------------------------
2025-11-21 19:42:40.286872 (245251) main____ INFO    Runtime info:
2025-11-21 19:42:40.286876 (245251) main____ INFO      platform  : Linux 3.10.0-1062.el7.x86_64 x86_64
2025-11-21 19:42:40.286885 (245251) main____ INFO      hostname  : vlsi-moon
2025-11-21 19:42:40.286891 (245251) main____ INFO      pid       : 245251
2025-11-21 19:42:40.286895 (245251) main____ INFO      arguments : '-style' 'windows' '-proj' '../jgprojects/2_delay_4' '-batch' '2_delay_4.tcl'
2025-11-21 19:42:40.286899 (245251) main____ INFO      locale    : ANSI_X3.4-1968
2025-11-21 19:42:40.286902 (245251) main____ INFO    ----------------------------------------
2025-11-21 19:42:40.286905 (245251) main____ INFO    System resource limits info:
2025-11-21 19:42:40.286910 (245251) main____ INFO      virtual memory: unlimited
2025-11-21 19:42:40.286916 (245251) main____ INFO      cpu time      : unlimited
2025-11-21 19:42:40.286924 (245251) main____ INFO      processes     : 4096
2025-11-21 19:42:40.286934 (245251) main____ INFO      stack size    : 8388608 B
2025-11-21 19:42:40.286939 (245251) main____ INFO      core file size: 1024 B
2025-11-21 19:42:40.286943 (245251) main____ INFO      open files    : 4096
2025-11-21 19:42:40.286948 (245251) main____ INFO      file size     : unlimited
2025-11-21 19:42:40.286950 (245251) main____ INFO    ----------------------------------------
2025-11-21 19:42:40.286953 (245251) main____ INFO    Memory statistics:
2025-11-21 19:42:40.286958 (245251) main____ INFO      total physical memory  : 527831204 kB
2025-11-21 19:42:40.286962 (245251) main____ INFO      free physical memory   : 511380056 kB
2025-11-21 19:42:40.286966 (245251) main____ INFO      committed address space: 10022424 kB
2025-11-21 19:42:40.286969 (245251) main____ INFO    ----------------------------------------
2025-11-21 19:42:40.287727 (245251) main____ INFO    Important environment variables:
2025-11-21 19:42:40.287750 (245251) main____ INFO      CDS_ASSURA         : '/eda/cadence/2023-24/RHELx86/ASSURA_04.16.115_231'
2025-11-21 19:42:40.287756 (245251) main____ INFO      CDS_AUTO_64BIT     : 'ALL'
2025-11-21 19:42:40.287761 (245251) main____ INFO      CDS_CONFRML        : '/eda/cadence/2023-24/RHELx86/CONFRML_23.10.300'
2025-11-21 19:42:40.287766 (245251) main____ INFO      CDS_DDIEXPORT      : '/eda/cadence/2023-24/RHELx86/DDIEXPORT_22.33.000'
2025-11-21 19:42:40.287770 (245251) main____ INFO      CDS_EMX            : '/eda/cadence/2023-24/RHELx86/EMX_23.10.000'
2025-11-21 19:42:40.287776 (245251) main____ INFO      CDS_GENUS          : '/eda/cadence/2023-24/RHELx86/DDIEXPORT_22.33.000/GENUS221'
2025-11-21 19:42:40.287780 (245251) main____ INFO      CDS_IC             : '/eda/cadence/2023-24/RHELx86/IC_23.10.020'
2025-11-21 19:42:40.287785 (245251) main____ INFO      CDS_INNOVUS        : '/eda/cadence/2023-24/RHELx86/DDIEXPORT_22.33.000/INNOVUS221'
2025-11-21 19:42:40.287790 (245251) main____ INFO      CDS_JLS            : '/eda/cadence/2023-24/RHELx86/DDIEXPORT_22.33.000/JLS221'
2025-11-21 19:42:40.287797 (245251) main____ INFO      CDS_LIC_FILE       : '/etc/local/cadence/license_8x.3868dd0560aa:5280@132.68.59.69:/etc/local/cadence/license_8x.1831bfb82c67:5280@132.68.59.64:/etc/local/cadence/license_8x.0894ef683fc3:5280@132.68.59.79:/etc/local/cadence/license_8x.1831bfb82c67:5280@132.68.59.61'
2025-11-21 19:42:40.287811 (245251) main____ INFO      CDS_LITMUS         : '/eda/cadence/2023-24/RHELx86/LITMUS_23.10.300'
2025-11-21 19:42:40.287816 (245251) main____ INFO      CDS_MODUS          : '/eda/cadence/2023-24/RHELx86/MODUS_22.12.000'
2025-11-21 19:42:40.287823 (245251) main____ INFO      CDS_MVS            : '/eda/cadence/2023-24/RHELx86/MVS_21.12.000'
2025-11-21 19:42:40.287828 (245251) main____ INFO      CDS_Netlisting_Mode: 'Analog'
2025-11-21 19:42:40.287833 (245251) main____ INFO      CDS_PEGASUS        : '/eda/cadence/2023-24/RHELx86/PEGASUS_23.11.000'
2025-11-21 19:42:40.287837 (245251) main____ INFO      CDS_PEGASUSDFM     : '/eda/cadence/2023-24/RHELx86/PEGASUSDFM_23.11.000'
2025-11-21 19:42:40.287842 (245251) main____ INFO      CDS_PVS            : '/eda/cadence/2023-24/RHELx86/PVS_22.22.000'
2025-11-21 19:42:40.287847 (245251) main____ INFO      CDS_QUANTUS        : '/eda/cadence/2023-24/RHELx86/QUANTUS_23.10.000'
2025-11-21 19:42:40.287851 (245251) main____ INFO      CDS_SPECTRE        : '/eda/cadence/2023-24/RHELx86/SPECTRE_23.10.242'
2025-11-21 19:42:40.287856 (245251) main____ INFO      CDS_SSV            : '/eda/cadence/2023-24/RHELx86/SSV_22.13.000'
2025-11-21 19:42:40.287859 (245251) main____ INFO      CDS_USE_PALETTE    : ''
2025-11-21 19:42:40.287864 (245251) main____ INFO      CDS_VERISIUMDEBUG  : '/eda/cadence/2023-24/RHELx86/VERISIUMDEBUG_23.03.001'
2025-11-21 19:42:40.287869 (245251) main____ INFO      CDS_VIPCAT         : '/eda/cadence/2023-24/RHELx86/VIPCAT_11.30.093'
2025-11-21 19:42:40.287874 (245251) main____ INFO      CDS_VMANAGER       : '/eda/cadence/2023-24/RHELx86/VMANAGER_23.03.004'
2025-11-21 19:42:40.287879 (245251) main____ INFO      CDS_XCELIUM        : '/eda/cadence/2023-24/RHELx86/XCELIUM_23.03.007'
2025-11-21 19:42:40.287883 (245251) main____ INFO      DISPLAY            : 'localhost:11.0'
2025-11-21 19:42:40.287887 (245251) main____ INFO      JASPER_CPU_CHECK   : '1'
2025-11-21 19:42:40.287892 (245251) main____ INFO      JASPER_INSTALL_DIR : '/tools/cadence2425/JASPER/jasper_2024.06p002'
2025-11-21 19:42:40.287896 (245251) main____ INFO      JASPER_KERNEL_CHECK: '1'
2025-11-21 19:42:40.287900 (245251) main____ INFO      JASPER_OS_CHECK    : '1'
2025-11-21 19:42:40.287904 (245251) main____ INFO      LANG               : 'C'
2025-11-21 19:42:40.287908 (245251) main____ INFO      TMPDIR             : '/tmp'
2025-11-21 19:42:40.287911 (245251) main____ INFO    ----------------------------------------
2025-11-21 19:42:40.288451 (245251) lic_core INFO    Initializing license system ...
2025-11-21 19:42:40.297937 (245251) lic_core INFO    ... license system initialized.
2025-11-21 19:42:40.315941 (245251) lic__man INFO    Claim 'fpv' for <ui>.
2025-11-21 19:42:40.316079 (245251) lic_core INFO    (1) checking out 'jasper_fpv' ...
2025-11-21 19:42:40.400148 (245251) lic_core INFO    ... (1) checkout failed (error: -5) ("FLEXnet ERROR(-5, 0, 0): No such feature exists.")
2025-11-21 19:42:40.400220 (245251) lic_core INFO    (2) checking out 'jasper_fao' ...
2025-11-21 19:42:40.422662 (245251) lic_core INFO    ... (2) checkout succeeded
2025-11-21 19:42:40.458076 (245251) session_ INFO    Starting analysis session with session id 'session_0' (launcher: <local>) ...
2025-11-21 19:42:40.461162 (245251) session_ INFO    Analysis session with session id 'session_0' started (pid: 245270)
2025-11-21 19:42:41.396668 (245251) session_ INFO    Analysis session 'session_0' connected to the console (host: 127.0.0.1:32940)
2025-11-21 19:42:42.090651 (245251) lic__man INFO    Unclaim everything for 'session_0'.
2025-11-21 19:42:42.139236 (245251) lic__man INFO    Claim 'fpv' for 'session_0'.
2025-11-21 19:42:42.139298 (245251) lic__man INFO    Claim 'fpv' for 'session_0/prove-0'.
2025-11-21 19:47:23.700065 (245251) lic__man INFO    Unclaim everything for 'session_0/prove-0'.
2025-11-21 19:47:23.706909 (245251) main____ INFO    About to exit: request to exit with status 0 received from analysis session 'session_0'
2025-11-21 19:47:23.851156 (245251) session_ INFO    Analysis session 'session_0' disconnected.
2025-11-21 19:47:23.851491 (245251) lic__man INFO    Unclaim everything for 'session_0'.
2025-11-21 19:47:23.852008 (245251) session_ INFO    Process for analysis session 'session_0' has exited with exit status '0'.
2025-11-21 19:47:25.681549 (245251) lic_core INFO    (2) checkin jasper_fao
2025-11-21 19:47:25.684111 (245251) main____ INFO    Exiting with status 0.
