2025-11-19 23:39:30.943643 (23573) main____ INFO    ----------------------------------------
2025-11-19 23:39:30.943682 (23573) main____ INFO    Jasper version info
2025-11-19 23:39:30.943688 (23573) main____ INFO      tool      : Jasper 2024.06
2025-11-19 23:39:30.943691 (23573) main____ INFO      version   : 2024.06p002 64 bits
2025-11-19 23:39:30.943694 (23573) main____ INFO      build date: 2024.09.02 16:28:38 UTC
2025-11-19 23:39:30.943696 (23573) main____ INFO    ----------------------------------------
2025-11-19 23:39:30.943698 (23573) main____ INFO    Runtime info:
2025-11-19 23:39:30.943700 (23573) main____ INFO      platform  : Linux 3.10.0-1160.62.1.el7.x86_64 x86_64
2025-11-19 23:39:30.943705 (23573) main____ INFO      hostname  : vlsi-ria84
2025-11-19 23:39:30.943709 (23573) main____ INFO      pid       : 23573
2025-11-19 23:39:30.943712 (23573) main____ INFO      arguments : '-style' 'windows' '-proj' '../jgprojects/s2_vga_1' '-batch' 's2_vga_1.tcl'
2025-11-19 23:39:30.943714 (23573) main____ INFO      locale    : ANSI_X3.4-1968
2025-11-19 23:39:30.943716 (23573) main____ INFO    ----------------------------------------
2025-11-19 23:39:30.943717 (23573) main____ INFO    System resource limits info:
2025-11-19 23:39:30.943720 (23573) main____ INFO      virtual memory: unlimited
2025-11-19 23:39:30.943723 (23573) main____ INFO      cpu time      : unlimited
2025-11-19 23:39:30.943728 (23573) main____ INFO      processes     : 4096
2025-11-19 23:39:30.943734 (23573) main____ INFO      stack size    : 8388608 B
2025-11-19 23:39:30.943737 (23573) main____ INFO      core file size: 1024 B
2025-11-19 23:39:30.943739 (23573) main____ INFO      open files    : 4096
2025-11-19 23:39:30.943742 (23573) main____ INFO      file size     : unlimited
2025-11-19 23:39:30.943743 (23573) main____ INFO    ----------------------------------------
2025-11-19 23:39:30.943745 (23573) main____ INFO    Memory statistics:
2025-11-19 23:39:30.943747 (23573) main____ INFO      total physical memory  : 65711068 kB
2025-11-19 23:39:30.943750 (23573) main____ INFO      free physical memory   : 50062692 kB
2025-11-19 23:39:30.943752 (23573) main____ INFO      committed address space: 6863208 kB
2025-11-19 23:39:30.943753 (23573) main____ INFO    ----------------------------------------
2025-11-19 23:39:30.944301 (23573) main____ INFO    Important environment variables:
2025-11-19 23:39:30.944312 (23573) main____ INFO      CDS_ASSURA         : '/eda/cadence/2023-24/RHELx86/ASSURA_04.16.115_231'
2025-11-19 23:39:30.944316 (23573) main____ INFO      CDS_AUTO_64BIT     : 'ALL'
2025-11-19 23:39:30.944320 (23573) main____ INFO      CDS_CONFRML        : '/eda/cadence/2023-24/RHELx86/CONFRML_23.10.300'
2025-11-19 23:39:30.944323 (23573) main____ INFO      CDS_DDIEXPORT      : '/eda/cadence/2023-24/RHELx86/DDIEXPORT_22.33.000'
2025-11-19 23:39:30.944326 (23573) main____ INFO      CDS_EMX            : '/eda/cadence/2023-24/RHELx86/EMX_23.10.000'
2025-11-19 23:39:30.944329 (23573) main____ INFO      CDS_GENUS          : '/eda/cadence/2023-24/RHELx86/DDIEXPORT_22.33.000/GENUS221'
2025-11-19 23:39:30.944332 (23573) main____ INFO      CDS_IC             : '/eda/cadence/2023-24/RHELx86/IC_23.10.020'
2025-11-19 23:39:30.944335 (23573) main____ INFO      CDS_INNOVUS        : '/eda/cadence/2023-24/RHELx86/DDIEXPORT_22.33.000/INNOVUS221'
2025-11-19 23:39:30.944339 (23573) main____ INFO      CDS_JLS            : '/eda/cadence/2023-24/RHELx86/DDIEXPORT_22.33.000/JLS221'
2025-11-19 23:39:30.944344 (23573) main____ INFO      CDS_LIC_FILE       : '/etc/local/cadence/license_8x.3868dd0560aa:5280@132.68.59.69:/etc/local/cadence/license_8x.1831bfb82c67:5280@132.68.59.64:/etc/local/cadence/license_8x.0894ef683fc3:5280@132.68.59.79:/etc/local/cadence/license_8x.1831bfb82c67:5280@132.68.59.61'
2025-11-19 23:39:30.944350 (23573) main____ INFO      CDS_LITMUS         : '/eda/cadence/2023-24/RHELx86/LITMUS_23.10.300'
2025-11-19 23:39:30.944353 (23573) main____ INFO      CDS_MODUS          : '/eda/cadence/2023-24/RHELx86/MODUS_22.12.000'
2025-11-19 23:39:30.944356 (23573) main____ INFO      CDS_MVS            : '/eda/cadence/2023-24/RHELx86/MVS_21.12.000'
2025-11-19 23:39:30.944361 (23573) main____ INFO      CDS_Netlisting_Mode: 'Analog'
2025-11-19 23:39:30.944364 (23573) main____ INFO      CDS_PEGASUS        : '/eda/cadence/2023-24/RHELx86/PEGASUS_23.11.000'
2025-11-19 23:39:30.944367 (23573) main____ INFO      CDS_PEGASUSDFM     : '/eda/cadence/2023-24/RHELx86/PEGASUSDFM_23.11.000'
2025-11-19 23:39:30.944370 (23573) main____ INFO      CDS_PVS            : '/eda/cadence/2023-24/RHELx86/PVS_22.22.000'
2025-11-19 23:39:30.944373 (23573) main____ INFO      CDS_QUANTUS        : '/eda/cadence/2023-24/RHELx86/QUANTUS_23.10.000'
2025-11-19 23:39:30.944376 (23573) main____ INFO      CDS_SPECTRE        : '/eda/cadence/2023-24/RHELx86/SPECTRE_23.10.242'
2025-11-19 23:39:30.944379 (23573) main____ INFO      CDS_SSV            : '/eda/cadence/2023-24/RHELx86/SSV_22.13.000'
2025-11-19 23:39:30.944381 (23573) main____ INFO      CDS_USE_PALETTE    : ''
2025-11-19 23:39:30.944384 (23573) main____ INFO      CDS_VERISIUMDEBUG  : '/eda/cadence/2023-24/RHELx86/VERISIUMDEBUG_23.03.001'
2025-11-19 23:39:30.944387 (23573) main____ INFO      CDS_VIPCAT         : '/eda/cadence/2023-24/RHELx86/VIPCAT_11.30.093'
2025-11-19 23:39:30.944391 (23573) main____ INFO      CDS_VMANAGER       : '/eda/cadence/2023-24/RHELx86/VMANAGER_23.03.004'
2025-11-19 23:39:30.944394 (23573) main____ INFO      CDS_XCELIUM        : '/eda/cadence/2023-24/RHELx86/XCELIUM_23.03.007'
2025-11-19 23:39:30.944397 (23573) main____ INFO      DISPLAY            : 'localhost:11.0'
2025-11-19 23:39:30.944399 (23573) main____ INFO      JASPER_CPU_CHECK   : '1'
2025-11-19 23:39:30.944402 (23573) main____ INFO      JASPER_INSTALL_DIR : '/tools/cadence2425/JASPER/jasper_2024.06p002'
2025-11-19 23:39:30.944405 (23573) main____ INFO      JASPER_KERNEL_CHECK: '1'
2025-11-19 23:39:30.944407 (23573) main____ INFO      JASPER_OS_CHECK    : '1'
2025-11-19 23:39:30.944410 (23573) main____ INFO      LANG               : 'C'
2025-11-19 23:39:30.944412 (23573) main____ INFO      TMPDIR             : '/tmp'
2025-11-19 23:39:30.944414 (23573) main____ INFO    ----------------------------------------
2025-11-19 23:39:30.944802 (23573) lic_core INFO    Initializing license system ...
2025-11-19 23:39:30.947801 (23573) lic_core INFO    ... license system initialized.
2025-11-19 23:39:30.954308 (23573) lic__man INFO    Claim 'fpv' for <ui>.
2025-11-19 23:39:30.954336 (23573) lic_core INFO    (1) checking out 'jasper_fpv' ...
2025-11-19 23:39:30.968643 (23573) lic_core INFO    ... (1) checkout failed (error: -5) ("FLEXnet ERROR(-5, 0, 0): No such feature exists.")
2025-11-19 23:39:30.968659 (23573) lic_core INFO    (2) checking out 'jasper_fao' ...
2025-11-19 23:39:30.976840 (23573) lic_core INFO    ... (2) checkout succeeded
2025-11-19 23:39:31.000348 (23573) session_ INFO    Starting analysis session with session id 'session_0' (launcher: <local>) ...
2025-11-19 23:39:31.001166 (23573) session_ INFO    Analysis session with session id 'session_0' started (pid: 23591)
2025-11-19 23:39:31.517909 (23573) session_ INFO    Analysis session 'session_0' connected to the console (host: 127.0.0.1:38580)
2025-11-19 23:39:31.865300 (23573) lic__man INFO    Unclaim everything for 'session_0'.
2025-11-19 23:39:31.907996 (23573) lic__man INFO    Claim 'fpv' for 'session_0'.
2025-11-19 23:39:31.908009 (23573) lic__man INFO    Claim 'fpv' for 'session_0/prove-0'.
2025-11-19 23:39:32.046423 (23573) lic__man INFO    Unclaim everything for 'session_0/prove-0'.
2025-11-19 23:39:32.047780 (23573) main____ INFO    About to exit: request to exit with status 0 received from analysis session 'session_0'
2025-11-19 23:39:32.110105 (23573) session_ INFO    Analysis session 'session_0' disconnected.
2025-11-19 23:39:32.110166 (23573) lic__man INFO    Unclaim everything for 'session_0'.
2025-11-19 23:39:32.110244 (23573) session_ INFO    Process for analysis session 'session_0' has exited with exit status '0'.
2025-11-19 23:39:33.949097 (23573) lic_core INFO    (2) checkin jasper_fao
2025-11-19 23:39:33.950470 (23573) main____ INFO    Exiting with status 0.
