2025-11-20 01:25:23.546594 (19309) main____ INFO    ----------------------------------------
2025-11-20 01:25:23.546637 (19309) main____ INFO    Jasper version info
2025-11-20 01:25:23.546642 (19309) main____ INFO      tool      : Jasper 2024.06
2025-11-20 01:25:23.546646 (19309) main____ INFO      version   : 2024.06p002 64 bits
2025-11-20 01:25:23.546649 (19309) main____ INFO      build date: 2024.09.02 16:28:38 UTC
2025-11-20 01:25:23.546651 (19309) main____ INFO    ----------------------------------------
2025-11-20 01:25:23.546652 (19309) main____ INFO    Runtime info:
2025-11-20 01:25:23.546655 (19309) main____ INFO      platform  : Linux 3.10.0-1160.62.1.el7.x86_64 x86_64
2025-11-20 01:25:23.546661 (19309) main____ INFO      hostname  : vlsi-ria85
2025-11-20 01:25:23.546664 (19309) main____ INFO      pid       : 19309
2025-11-20 01:25:23.546667 (19309) main____ INFO      arguments : '-style' 'windows' '-proj' '../jgprojects/1_seven_seg_5' '-batch' '1_seven_seg_5.tcl'
2025-11-20 01:25:23.546670 (19309) main____ INFO      locale    : ANSI_X3.4-1968
2025-11-20 01:25:23.546672 (19309) main____ INFO    ----------------------------------------
2025-11-20 01:25:23.546673 (19309) main____ INFO    System resource limits info:
2025-11-20 01:25:23.546676 (19309) main____ INFO      virtual memory: unlimited
2025-11-20 01:25:23.546680 (19309) main____ INFO      cpu time      : unlimited
2025-11-20 01:25:23.546685 (19309) main____ INFO      processes     : 4096
2025-11-20 01:25:23.546690 (19309) main____ INFO      stack size    : 8388608 B
2025-11-20 01:25:23.546694 (19309) main____ INFO      core file size: 1024 B
2025-11-20 01:25:23.546696 (19309) main____ INFO      open files    : 4096
2025-11-20 01:25:23.546699 (19309) main____ INFO      file size     : unlimited
2025-11-20 01:25:23.546701 (19309) main____ INFO    ----------------------------------------
2025-11-20 01:25:23.546702 (19309) main____ INFO    Memory statistics:
2025-11-20 01:25:23.546705 (19309) main____ INFO      total physical memory  : 65714912 kB
2025-11-20 01:25:23.546707 (19309) main____ INFO      free physical memory   : 4009460 kB
2025-11-20 01:25:23.546709 (19309) main____ INFO      committed address space: 188481832 kB
2025-11-20 01:25:23.546711 (19309) main____ INFO    ----------------------------------------
2025-11-20 01:25:23.547355 (19309) main____ INFO    Important environment variables:
2025-11-20 01:25:23.547367 (19309) main____ INFO      CDS_ASSURA         : '/eda/cadence/2023-24/RHELx86/ASSURA_04.16.115_231'
2025-11-20 01:25:23.547371 (19309) main____ INFO      CDS_AUTO_64BIT     : 'ALL'
2025-11-20 01:25:23.547375 (19309) main____ INFO      CDS_CONFRML        : '/eda/cadence/2023-24/RHELx86/CONFRML_23.10.300'
2025-11-20 01:25:23.547378 (19309) main____ INFO      CDS_DDIEXPORT      : '/eda/cadence/2023-24/RHELx86/DDIEXPORT_22.33.000'
2025-11-20 01:25:23.547381 (19309) main____ INFO      CDS_EMX            : '/eda/cadence/2023-24/RHELx86/EMX_23.10.000'
2025-11-20 01:25:23.547385 (19309) main____ INFO      CDS_GENUS          : '/eda/cadence/2023-24/RHELx86/DDIEXPORT_22.33.000/GENUS221'
2025-11-20 01:25:23.547388 (19309) main____ INFO      CDS_IC             : '/eda/cadence/2023-24/RHELx86/IC_23.10.020'
2025-11-20 01:25:23.547391 (19309) main____ INFO      CDS_INNOVUS        : '/eda/cadence/2023-24/RHELx86/DDIEXPORT_22.33.000/INNOVUS221'
2025-11-20 01:25:23.547394 (19309) main____ INFO      CDS_JLS            : '/eda/cadence/2023-24/RHELx86/DDIEXPORT_22.33.000/JLS221'
2025-11-20 01:25:23.547400 (19309) main____ INFO      CDS_LIC_FILE       : '/etc/local/cadence/license_8x.3868dd0560aa:5280@132.68.59.69:/etc/local/cadence/license_8x.1831bfb82c67:5280@132.68.59.64:/etc/local/cadence/license_8x.0894ef683fc3:5280@132.68.59.79:/etc/local/cadence/license_8x.1831bfb82c67:5280@132.68.59.61'
2025-11-20 01:25:23.547408 (19309) main____ INFO      CDS_LITMUS         : '/eda/cadence/2023-24/RHELx86/LITMUS_23.10.300'
2025-11-20 01:25:23.547411 (19309) main____ INFO      CDS_MODUS          : '/eda/cadence/2023-24/RHELx86/MODUS_22.12.000'
2025-11-20 01:25:23.547414 (19309) main____ INFO      CDS_MVS            : '/eda/cadence/2023-24/RHELx86/MVS_21.12.000'
2025-11-20 01:25:23.547419 (19309) main____ INFO      CDS_Netlisting_Mode: 'Analog'
2025-11-20 01:25:23.547422 (19309) main____ INFO      CDS_PEGASUS        : '/eda/cadence/2023-24/RHELx86/PEGASUS_23.11.000'
2025-11-20 01:25:23.547425 (19309) main____ INFO      CDS_PEGASUSDFM     : '/eda/cadence/2023-24/RHELx86/PEGASUSDFM_23.11.000'
2025-11-20 01:25:23.547428 (19309) main____ INFO      CDS_PVS            : '/eda/cadence/2023-24/RHELx86/PVS_22.22.000'
2025-11-20 01:25:23.547431 (19309) main____ INFO      CDS_QUANTUS        : '/eda/cadence/2023-24/RHELx86/QUANTUS_23.10.000'
2025-11-20 01:25:23.547434 (19309) main____ INFO      CDS_SPECTRE        : '/eda/cadence/2023-24/RHELx86/SPECTRE_23.10.242'
2025-11-20 01:25:23.547437 (19309) main____ INFO      CDS_SSV            : '/eda/cadence/2023-24/RHELx86/SSV_22.13.000'
2025-11-20 01:25:23.547439 (19309) main____ INFO      CDS_USE_PALETTE    : ''
2025-11-20 01:25:23.547443 (19309) main____ INFO      CDS_VERISIUMDEBUG  : '/eda/cadence/2023-24/RHELx86/VERISIUMDEBUG_23.03.001'
2025-11-20 01:25:23.547446 (19309) main____ INFO      CDS_VIPCAT         : '/eda/cadence/2023-24/RHELx86/VIPCAT_11.30.093'
2025-11-20 01:25:23.547449 (19309) main____ INFO      CDS_VMANAGER       : '/eda/cadence/2023-24/RHELx86/VMANAGER_23.03.004'
2025-11-20 01:25:23.547452 (19309) main____ INFO      CDS_XCELIUM        : '/eda/cadence/2023-24/RHELx86/XCELIUM_23.03.007'
2025-11-20 01:25:23.547456 (19309) main____ INFO      DISPLAY            : 'localhost:13.0'
2025-11-20 01:25:23.547459 (19309) main____ INFO      JASPER_CPU_CHECK   : '1'
2025-11-20 01:25:23.547461 (19309) main____ INFO      JASPER_INSTALL_DIR : '/tools/cadence2425/JASPER/jasper_2024.06p002'
2025-11-20 01:25:23.547464 (19309) main____ INFO      JASPER_KERNEL_CHECK: '1'
2025-11-20 01:25:23.547467 (19309) main____ INFO      JASPER_OS_CHECK    : '1'
2025-11-20 01:25:23.547469 (19309) main____ INFO      LANG               : 'C'
2025-11-20 01:25:23.547472 (19309) main____ INFO      TMPDIR             : '/tmp'
2025-11-20 01:25:23.547474 (19309) main____ INFO    ----------------------------------------
2025-11-20 01:25:23.547864 (19309) lic_core INFO    Initializing license system ...
2025-11-20 01:25:23.551572 (19309) lic_core INFO    ... license system initialized.
2025-11-20 01:25:23.558720 (19309) lic__man INFO    Claim 'fpv' for <ui>.
2025-11-20 01:25:23.558750 (19309) lic_core INFO    (1) checking out 'jasper_fpv' ...
2025-11-20 01:25:23.574993 (19309) lic_core INFO    ... (1) checkout failed (error: -5) ("FLEXnet ERROR(-5, 0, 0): No such feature exists.")
2025-11-20 01:25:23.575028 (19309) lic_core INFO    (2) checking out 'jasper_fao' ...
2025-11-20 01:25:23.582839 (19309) lic_core INFO    ... (2) checkout succeeded
2025-11-20 01:25:23.608575 (19309) session_ INFO    Starting analysis session with session id 'session_0' (launcher: <local>) ...
2025-11-20 01:25:23.609383 (19309) session_ INFO    Analysis session with session id 'session_0' started (pid: 19362)
2025-11-20 01:25:24.375348 (19309) session_ INFO    Analysis session 'session_0' connected to the console (host: 127.0.0.1:52080)
2025-11-20 01:25:24.814237 (19309) lic__man INFO    Unclaim everything for 'session_0'.
2025-11-20 01:25:24.857178 (19309) lic__man INFO    Claim 'fpv' for 'session_0'.
2025-11-20 01:25:24.857194 (19309) lic__man INFO    Claim 'fpv' for 'session_0/prove-0'.
2025-11-20 01:28:27.868866 (19309) lic__man INFO    Unclaim everything for 'session_0/prove-0'.
2025-11-20 01:28:27.871287 (19309) main____ INFO    About to exit: request to exit with status 0 received from analysis session 'session_0'
2025-11-20 01:28:27.931670 (19309) session_ INFO    Analysis session 'session_0' disconnected.
2025-11-20 01:28:27.931732 (19309) lic__man INFO    Unclaim everything for 'session_0'.
2025-11-20 01:28:27.931813 (19309) session_ INFO    Process for analysis session 'session_0' has exited with exit status '0'.
2025-11-20 01:28:29.825363 (19309) lic_core INFO    (2) checkin jasper_fao
2025-11-20 01:28:29.826997 (19309) main____ INFO    Exiting with status 0.
