# ----------------------------------------
# Jasper Version Info
# tool      : Jasper 2024.06
# platform  : Linux 3.10.0-1160.62.1.el7.x86_64
# version   : 2024.06p002 64 bits
# build date: 2024.09.02 16:28:38 UTC
# ----------------------------------------
# started   : 2025-11-20 03:14:08 IST
# hostname  : vlsi-ria85.vlsidomain
# pid       : 32387
# arguments : '-label' 'session_0' '-console' '//127.0.0.1:42747' '-nowindow' '-style' 'windows' '-exitonerror' '-data' 'AAAA5nicY2RgYLCp////PwMYMD6A0Aw2jAyoAMRnQhUJbEChGRhYYZphSliAmItBl6GAoYghnyELyLNg0ANCfSA7HS6aypDMUMJQDBQ1YogH0qkMZUCcB2WnA2lDBmOgXh6gSUkMiUC1yQwZQL4KXvV6YHU5YHcAAP0OG9k=' '-proj' '/users/rompel/jasper_executions/liveness/jgprojects/2_seven_seg_13/sessionLogs/session_0' '-init' '-hidden' '/users/rompel/jasper_executions/liveness/jgprojects/2_seven_seg_13/.tmp/.initCmds.tcl' '2_seven_seg_13.tcl' '-hidden' '/users/rompel/jasper_executions/liveness/jgprojects/2_seven_seg_13/.tmp/.postCmds.tcl'

Any disclosure about the Cadence Design Systems software or its use
model to any third party violates the written Non-Disclosure Agreement
between Cadence Design Systems, Inc. and the customer.

THIS SOFTWARE CONTAINS CONFIDENTIAL INFORMATION AND TRADE SECRETS OF
CADENCE DESIGN SYSTEMS, INC. USE, DISCLOSURE, OR REPRODUCTION IS
PROHIBITED WITHOUT THE PRIOR EXPRESS WRITTEN PERMISSION OF CADENCE
DESIGN SYSTEMS, INC.

Copyright (C) 2000-2024 Cadence Design Systems, Inc. All Rights
Reserved.  Unpublished -- rights reserved under the copyright laws of
the United States.

This product includes software developed by others and redistributed
according to license agreement. See doc/third_party_readme.txt for
further details.

RESTRICTED RIGHTS LEGEND

Use, duplication, or disclosure by the Government is subject to
restrictions as set forth in subparagraph (c) (1) (ii) of the Rights in
Technical Data and Computer Software clause at DFARS 252.227-7013 or
subparagraphs (c) (1) and (2) of Commercial Computer Software -- Restricted
Rights at 48 CFR 52.227-19, as applicable.


                          Cadence Design Systems, Inc.
                          2655 Seely Avenue
                          San Jose, CA 95134
                          Phone: 408.943.1234

For technical assistance visit http://support.cadence.com.

Jasper Apps Analysis Session - /users/rompel/jasper_executions/liveness/jgprojects/2_seven_seg_13/sessionLogs/session_0

WARNING (WG017): [session]: The system's locale is "ANSI_X3.4-1968", which is not UTF-8. Non-ASCII characters might not be handled correctly.
WARNING (WG017): [jg_console]: The system's locale is "ANSI_X3.4-1968", which is not UTF-8. Non-ASCII characters might not be handled correctly.
INFO: successfully checked out license "jasper_fao".
INFO: reading configuration file "/users/rompel/.config/cadence/jasper.conf".
% analyze -sv09 ../2_seven_seg_13.sv
[-- (VERI-1482)] Analyzing Verilog file '/tools/cadence2425/JASPER/jasper_2024.06p002/lib/verilog/packages/std/std.sv' into library 'std'
[-- (VERI-1482)] Analyzing Verilog file '../2_seven_seg_13.sv'
% elaborate -bbox_mul 1000000 -bbox_div 1000000 -bbox_mod 1000000 -bbox_a 1000000
[INFO (HIER-8002)] ../2_seven_seg_13.sv(32): Disabling old hierarchical reference handler
[INFO (VERI-1018)] ../2_seven_seg_13.sv(1): compiling module 'SEVEN'
[WARN (VERI-1209)] ../2_seven_seg_13.sv(15): expression size 32 truncated to fit in target size 16
[INFO (VERI-8005)] ../2_seven_seg_13.sv(5): Unintentional sequential element inferred for cnt read before write using blocking assignment
[INFO (VERI-8005)] ../2_seven_seg_13.sv(6): Unintentional sequential element inferred for digit_select read before write using blocking assignment
[INFO (VERI-8005)] ../2_seven_seg_13.sv(1): Unintentional sequential element inferred for segment read before write using blocking assignment
[INFO (VERI-8005)] ../2_seven_seg_13.sv(1): Unintentional sequential element inferred for sig read before write using blocking assignment
INFO (ISW003): Top module name is "SEVEN".
INFO (INL208): Elaboration synthesis summary:
  Number of synthesized netlists          1 (0 packages)
  Single run mode                         On
  Pipeline                                On (1 pipelined netlists)
  Late hierarchical reference connection  On
  Number of analyzed Verilog modules      1 (1 synthesized)
  Number of analyzed VHDL entities        0 (0 synthesized)
INFO (INL003): Clearing all state information (assumes, stopats, and so forth).
SEVEN
[<embedded>] % reset rst
INFO (IPM031): Clearing proof results of all properties.
INFO (IRS006): Current reset condition is "rst".
[<embedded>] % clock clk
[<embedded>] % prove -all
Ncustom1: Custom engine code is hT3Ng7hPPfiYQOTDZ3qhYOwGAM51eA+J/FjkM5shLioAsqhgLR4Ft+O1BuKG6ilQ83B9tLXSl+CwjiTMAQA
Bcustom2: Custom engine code is hT3Nm7hPr1Vp3Di1Ra2USNIGL4JypRnLKLAdF6JAyuavO2JfGCiY9OZJhcAcOUnLx5xwNdhILGrAWX9s+z2WDkKwNR7tAfClBEjRFVQeq6DU54boFgEA
AMcustom3: Custom engine code is hT3Ng7hP/feYQOTDZ3qhYOwGAM51eA+J/FjkM5shLioAsqhgLR4Ft+O1BuKG6ilQ83B9tLXSmmqwm7g9AQA
Mpcustom4: Custom engine code is hT3NZbhP9fmY2AbBQnsjfOxn6c+6e6yL+/e8fZFmaQrnlgEA
INFO (IPF036): Starting proof on task: "<embedded>", 2 properties to prove with 0 already proven/unreachable
INFO (IRS029): Starting reset analysis: phase 1 of 4.
INFO (IRS030): Running reset analysis: phase 2 of 4.
INFO (IRS031): Running reset analysis: phase 3 of 4.
INFO (IRS020): Starting the reset analysis simulation with a limit of 100 iterations (phase 4 of 4).
INFO (IRS024): Reset iterations 0 to 4 analyzed.
INFO (IRS018): Reset analysis simulation executed for 3 iterations. Assigned values for 25 of 25 design flops, 0 of 0 design latches, 6 of 6 internal elements.
INFO (IRS039): Reset analysis complete.
INFO (IPF031): Settings used for proof thread 0:
    orchestration                 = on
    time_limit                    = 86400s
    per_property_time_limit       = 1s * 10 ^ scan
    engine_mode                   = auto
    proofgrid_per_engine_max_jobs = 1
    max engine jobs               = auto
    proofgrid_mode                = local
    proofgrid_restarts            = 10
AMcustom5: Custom engine code is hT3N1rhP11/52HrFRS21ROp2LOjVTgPvT8L8BGXHgLhaIuqtT4nARFjUqrBL+7pLmaTOzBepZW/Jm8SSrHDybSQtoNiO3y43wk+dEoWlsZizu97Fih6O6lPVG/LpWP5SsUPwlGagLNa1FKEFvwVXyX7//8prySbvSxIHXr5er+z4RAEA
0: Using multistage preprocessing
Ncustom6: Custom engine code is hT3OXrhPByJp3TrFSTLhUmMH4KVtJgmTCnNDF46yMXOKY48m4LS5nE7yBzFjA7kDuwO/GhGUpEPiky3p3wmPn3dJZHxFMsafSoObRzSC+tn7sEY0WbTdZ/FV4hL3MYH/b1CIUvXSWR4wqEoVLsmMOD4xIPT4lI1LO6ZCO7PnnWQuLwetnvKlrXx6wCW/A+x+enqslg1YPobi4wEF/EvbzOvcTYdJvl2s4H2yZg2b2ofAVN5WvhWk1HoBAA
0: Starting reduce
ADcustom7: Custom engine code is hT3Nv7hPv1752HrFRa2kROx2f/ECJeZB2AZsLdlO8VwmIuqtT4nIDFXclhg+O+o+DMmQCekbheGk0kK28laA9gaOFDXsQp29J3X615HY1IPHJWd6FUFvCHjO+p1k652b5JJvZlShNpGlGSXAiQe/mEAj6tEBAA
Tricustom8: Custom engine code is hT3Nu7hPt1752DvFRa0kNDiyIV97VyejwM9C/jCLJjdPvusZONHY42VYUy0Q1ZotnhcVtNc56tJ5wbxv6V2+XpdsaSlHck5vfnbYjdwj1OECy9U+7oSQ0SZE3g5ayD+Phuh4odCJTjeKa2k4elM9ldQfkAEA
Gcustom9: Custom engine code is hT3NibhPDfeYQADBZnYcglOvK9Pfd7EOeniIqP8jNsyIqInncipMGcUXqAadachREE9F2PwhBUZUNw5kHnd4JdXkamORRgEA
C2custom10: Custom engine code is hT3NirhPjfWYQADBZnYcglOvK9Pfd7EOeniIqP8jNsyIqInncgkrYMMXCYbdK0dUjZIF9d4cJ0rHoBDjwVLBKuG86XYVV00BAA
AGcustom11: Custom engine code is hT3NirhP/fmYQADBZnYcglOvK9Pfd7EOeniIqP8jNsyIqInnckcwYMMXCYbdK0dUjZIF9d4cJ0rHoBDjwVLBKuHEZnZByh0BAA
Bcustom12: Custom engine code is hT3NjrhPDfiYQADBZnYcglOvK9PfWxFtenjIyBqfrgr7if/jL/yPOuK1BAflEcW0DxNH2eDIoezN2gxlQFg81RZtiWXh7aiTAidvAQA
Ncustom13: Custom engine code is hT3NR7hPByFp3TrFSTLhUmMH4KWtJglTyV/c51BHEeZWamnJv767nE6PCak26bd3gf3XGN3rIRheufhDieCJQVISo+gNYUKhiUedBKGtsP/a18svAnlMJZudHxDFwK5ufsyoxsIyiAeSY2oi3tEuoDHr5gw42DFKAG3PqO3CEsl8Azzdt3pl5nGA1Ifv2H02eYsFzWb/nfp8PMb3F0krE/EgBcm8TD9Div8BAA
Tricustom14: Custom engine code is hT3Nu7hP3fiYQADBZnYcglNHp9bfd7EOeniIqP/ji8sGLQu8yhsFO+wxJ+O+R0bU8g/IewXFomyos+viQnWc2xYNYmMqpo3i40O7DaZR7qfp4YqNx26KRvQ/qx0BAA
0: Finished reduce in 0s
0.0.PRE: Performing Proof Simplification...
0.0.N: clocks: 1, declared: 1, looping: 0, posedge: 1, negedge: 0, noedge: 0, bothedge: 0
0.0.N: Proof Simplification Iteration 1	[0.00 s]
0.0.PRE: A trace with 1 cycles was found. [0.00 s]
INFO (IPF047): 0.0.PRE: The cover property "SEVEN.p1:precondition1" was covered in 1 cycles in 0.00 s.
0.0.N: Proof Simplification Iteration 2	[0.06 s]
0.0.PRE: A proof was found: No trace exists. [0.00 s]
INFO (IPF057): 0.0.PRE: The property ":noDeadEnd" was proven in 0.00 s.
    Use check_assumptions -show -dead_end to show this property in the property table.
0.0.PRE: A proof was found: No trace exists. [0.00 s]
INFO (IPF057): 0.0.PRE: The property ":noConflict" was proven in 0.00 s.
    Use check_assumptions -show to show this property in the property table.
INFO (IPF047): 0.0.PRE: The cover property ":live" was covered in 1 cycles in 0.00 s.
    Use check_assumptions -show -live to show this property in the property table.
0.0.PRE: Proof Simplification completed in 0.06 s
0: About to start ProofGrid in its own thread with a limit of 10000 pending notifications and a limit of 10 traces.
0: =============================== ProofGrid start ===============================
0: ProofGrid usable level: 1
0: Initial ProofGrid level: 1
0: ProofGrid is starting event handling
0.0.Hp: Proofgrid shell started at 321@vlsi-ria85(local) jg_32387_vlsi-ria85_1
0.0.N: Proofgrid shell started at 320@vlsi-ria85(local) jg_32387_vlsi-ria85_1
0.0.Hp: clocks: 1, declared: 1, looping: 0, posedge: 1, negedge: 0, noedge: 0, bothedge: 0
0.0.Hp: Last scan. Per property time limit: 0s
0.0.Hp: Trace Attempt  1	[0.00 s]
0.0.Hp: Trace Attempt  2	[0.00 s]
0.0.Hp: Trace Attempt  3	[0.00 s]
0.0.Hp: Trace Attempt  4	[0.00 s]
0.0.Hp: Trace Attempt  5	[0.00 s]
0.0.N: clocks: 1, declared: 1, looping: 0, posedge: 1, negedge: 0, noedge: 0, bothedge: 0
0.0.N: Last scan. Per property time limit: 0s
0.0.N: Starting proof for property "SEVEN.p1"	[0.00 s].
0.0.N: Trace Attempt  1	[0.00 s]
0.0.N: Trace Attempt  2	[0.00 s]
0.0.N: Trace Attempt  2	[0.00 s]
0.0.N: Trace Attempt  3	[0.00 s]
0.0.N: Trace Attempt  3	[0.00 s]
0.0.N: Trace Attempt  4	[0.00 s]
0.0.N: Trace Attempt  5	[0.00 s]
0.0.N: Trace Attempt  1	[0.01 s]
0.0.N: Trace Attempt  2	[0.01 s]
0.0.N: Trace Attempt  3	[0.01 s]
0.0.N: Trace Attempt  4	[0.01 s]
0.0.N: Trace Attempt  5	[0.01 s]
0.0.Ht: Proofgrid shell started at 424@vlsi-ria85(local) jg_32387_vlsi-ria85_1
0.0.Bm: Proofgrid shell started at 425@vlsi-ria85(local) jg_32387_vlsi-ria85_1
0.0.Ht: clocks: 1, declared: 1, looping: 0, posedge: 1, negedge: 0, noedge: 0, bothedge: 0
0.0.Ht: Last scan. Per property time limit: 0s
0.0.Ht: Trace Attempt  1	[0.00 s]
0.0.Ht: Trace Attempt  2	[0.00 s]
0.0.Ht: Trace Attempt  3	[0.00 s]
0.0.Ht: Trace Attempt  4	[0.00 s]
0.0.Ht: Trace Attempt  5	[0.00 s]
0.0.Bm: clocks: 1, declared: 1, looping: 0, posedge: 1, negedge: 0, noedge: 0, bothedge: 0
0.0.Bm: Ignoring liveness properties
0.0.Bm: Last scan. Per property time limit: 0s
0.0.Bm: Trace Attempt  1	[0.00 s]
0.0.Bm: Trace Attempt  2	[0.00 s]
0.0.Bm: Trace Attempt  3	[0.00 s]
0.0.Bm: Trace Attempt  4	[0.00 s]
0.0.Bm: Trace Attempt  5	[0.00 s]
0.0.Oh: Proofgrid shell started at 428@vlsi-ria85(local) jg_32387_vlsi-ria85_1
0.0.Mpcustom4: Proofgrid shell started at 427@vlsi-ria85(local) jg_32387_vlsi-ria85_1
0.0.Mpcustom4: clocks: 1, declared: 1, looping: 0, posedge: 1, negedge: 0, noedge: 0, bothedge: 0
0.0.Mpcustom4: Ignoring liveness properties
0.0.Mpcustom4: All properties either determined or skipped. [0.00 s]
0.0.Oh: clocks: 1, declared: 1, looping: 0, posedge: 1, negedge: 0, noedge: 0, bothedge: 0
0.0.Oh: Reached length limit (2147483647) [0.00 s]
0.0.L: Proofgrid shell started at 532@vlsi-ria85(local) jg_32387_vlsi-ria85_1
0.0.Mpcustom4: Exited with Success (@ 0.07 s)
0.0.Mpcustom4: Completed, Restart ignored.
0.0.Oh: Exited with Success (@ 0.07 s)
0.0.Oh: Completed, Restart ignored.
0.0.L: clocks: 1, declared: 1, looping: 0, posedge: 1, negedge: 0, noedge: 0, bothedge: 0
0.0.L: Using trace diversification with seed 1 (0.05)
0.0.L: Using LRU state removal heuristic
0.0.L: Ignoring liveness properties
0.0.L: All properties either determined or skipped. [0.00 s]
0.0.AM: Proofgrid shell started at 543@vlsi-ria85(local) jg_32387_vlsi-ria85_1
0.0.L: Exited with Success (@ 0.08 s)
0.0.L: Completed, Restart ignored.
0.0.AM: clocks: 1, declared: 1, looping: 0, posedge: 1, negedge: 0, noedge: 0, bothedge: 0
0.0.AM: Last scan. Per property time limit: 0s
0.0.AM: Starting proof for property "SEVEN.p1"	[0.00 s].
0.0.AM: Trace Attempt  1	[0.00 s]
0.0.AM: Trace Attempt  2	[0.00 s]
0.0.AM: Trace Attempt  3	[0.00 s]
0.0.AM: Trace Attempt  4	[0.00 s]
0.0.AM: Trace Attempt  5	[0.00 s]
0.0.AM: Trace Attempt  1	[0.00 s]
0.0.AM: Trace Attempt  2	[0.00 s]
0.0.AM: Trace Attempt  3	[0.00 s]
0.0.AM: Trace Attempt  4	[0.00 s]
0.0.AM: Trace Attempt  5	[0.00 s]
0.0.AM: Trace Attempt  1	[0.01 s]
0.0.AM: Trace Attempt  2	[0.01 s]
0.0.AM: Trace Attempt  3	[0.01 s]
0.0.AM: Trace Attempt  4	[0.01 s]
0.0.AM: Trace Attempt  5	[0.01 s]
0.0.B: Proofgrid shell started at 541@vlsi-ria85(local) jg_32387_vlsi-ria85_1
0.0.AM: Trace Attempt  1	[0.03 s]
0.0.AM: Trace Attempt  2	[0.03 s]
0.0.AM: Trace Attempt  3	[0.03 s]
0.0.AM: Trace Attempt  4	[0.03 s]
0.0.AM: Trace Attempt  5	[0.03 s]
0.0.B: clocks: 1, declared: 1, looping: 0, posedge: 1, negedge: 0, noedge: 0, bothedge: 0
0.0.B: Last scan. Per property time limit: 0s
0.0.B: Starting proof for property "SEVEN.p1"	[0.00 s].
0.0.N: Trace Attempt  1	[0.11 s]
0.0.N: Trace Attempt  2	[0.11 s]
0.0.N: Trace Attempt  3	[0.11 s]
0.0.B: Trace Attempt  1	[0.00 s]
0.0.B: Trace Attempt  2	[0.00 s]
0.0.B: Trace Attempt  3	[0.00 s]
0.0.B: Trace Attempt  4	[0.00 s]
0.0.B: Trace Attempt  5	[0.00 s]
0.0.N: Trace Attempt  4	[0.11 s]
0.0.N: Trace Attempt  5	[0.11 s]
0.0.AM: Trace Attempt  1	[0.12 s]
0.0.AM: Trace Attempt  2	[0.12 s]
0.0.AM: Trace Attempt  3	[0.12 s]
0.0.AM: Trace Attempt  4	[0.12 s]
0.0.AM: Trace Attempt  5	[0.12 s]
0.0.N: Trace Attempt  1	[0.50 s]
0.0.N: Trace Attempt  2	[0.51 s]
0.0.N: Trace Attempt  3	[0.51 s]
0.0.N: Trace Attempt  4	[0.51 s]
0.0.N: Trace Attempt  5	[0.51 s]
0.0.AM: Trace Attempt  1	[0.45 s]
0.0.AM: Trace Attempt  2	[0.45 s]
0.0.AM: Trace Attempt  3	[0.45 s]
0.0.AM: Trace Attempt  4	[0.45 s]
0.0.AM: Trace Attempt  5	[0.46 s]
0.0.N: Trace Attempt  1	[1.61 s]
0.0.N: Trace Attempt  2	[1.61 s]
0.0.N: Trace Attempt  3	[1.61 s]
0.0.N: Trace Attempt  4	[1.61 s]
0.0.N: Trace Attempt  5	[1.61 s]
0.0.AM: Trace Attempt  1	[2.00 s]
0.0.AM: Trace Attempt  2	[2.00 s]
0.0.AM: Trace Attempt  3	[2.00 s]
0.0.AM: Trace Attempt  4	[2.00 s]
0.0.AM: Trace Attempt  5	[2.00 s]
0.0.Hp: Trace Attempt 502	[4.00 s]
0.0.Bm: Trace Attempt 1629	[4.00 s]
0.0.Ht: Trace Attempt 1714	[4.00 s]
0.0.B: Trace Attempt 1626	[4.00 s]
0.0.N: Trace Attempt 189	[5.64 s]
0.0.AM: Trace Attempt 181	[6.00 s]
0.0.Hp: Trace Attempt 705	[8.01 s]
0.0.Ht: Trace Attempt 2353	[8.01 s]
0.0.Bm: Trace Attempt 2260	[8.01 s]
0.0.B: Trace Attempt 2253	[8.01 s]
0.0.N: Trace Attempt  1	[8.70 s]
0.0.N: Trace Attempt  2	[8.70 s]
0.0.N: Trace Attempt  3	[8.70 s]
0.0.N: Trace Attempt  4	[8.70 s]
0.0.N: Trace Attempt  5	[8.70 s]
0.0.AM: Trace Attempt  1	[9.05 s]
0.0.AM: Trace Attempt  2	[9.05 s]
0.0.AM: Trace Attempt  3	[9.05 s]
0.0.AM: Trace Attempt  4	[9.05 s]
0.0.AM: Trace Attempt  5	[9.05 s]
0.0.Hp: Trace Attempt 858	[12.03 s]
0.0.Ht: Trace Attempt 2836	[12.01 s]
0.0.Bm: Trace Attempt 2730	[12.01 s]
0.0.B: Trace Attempt 2731	[12.01 s]
0.0.N: Trace Attempt 184	[12.76 s]
0.0.AM: Trace Attempt 179	[13.07 s]
0.0.Hp: Trace Attempt 989	[16.04 s]
0.0.Ht: Trace Attempt 3250	[16.02 s]
0.0.Bm: Trace Attempt 3131	[16.02 s]
0.0.N: Trace Attempt  1	[16.07 s]
0.0.N: Trace Attempt  2	[16.08 s]
0.0.N: Trace Attempt  3	[16.08 s]
0.0.N: Trace Attempt  4	[16.08 s]
0.0.N: Trace Attempt  5	[16.08 s]
0.0.B: Trace Attempt 3137	[16.01 s]
0.0.AM: Trace Attempt 236	[17.18 s]
0.0.Hp: Trace Attempt 1104	[20.04 s]
0.0.Ht: Trace Attempt 3611	[20.02 s]
0.0.Bm: Trace Attempt 3479	[20.03 s]
0.0.N: Trace Attempt 184	[20.09 s]
0.0.B: Trace Attempt 3490	[20.02 s]
0.0.AM: Trace Attempt 265	[21.26 s]
0.0.N: Trace Attempt  1	[23.39 s]
0.0.N: Trace Attempt  2	[23.39 s]
0.0.N: Trace Attempt  3	[23.39 s]
0.0.N: Trace Attempt  4	[23.39 s]
0.0.N: Trace Attempt  5	[23.40 s]
0.0.Ht: Trace Attempt 3936	[24.02 s]
0.0.Bm: Trace Attempt 3793	[24.03 s]
0.0.Hp: Trace Attempt 1208	[24.08 s]
0.0.B: Trace Attempt 3808	[24.02 s]
0.0.AM: Trace Attempt 309	[25.37 s]
0.0.N: Trace Attempt 184	[27.42 s]
0.0.Ht: Trace Attempt 4233	[28.03 s]
0.0.Bm: Trace Attempt 4087	[28.04 s]
0.0.Hp: Trace Attempt 1303	[28.09 s]
0.0.B: Trace Attempt 4100	[28.03 s]
0.0.AM: Trace Attempt 350	[29.44 s]
0.0.N: Trace Attempt  1	[30.77 s]
0.0.N: Trace Attempt  2	[30.77 s]
0.0.N: Trace Attempt  3	[30.77 s]
0.0.N: Trace Attempt  4	[30.77 s]
0.0.N: Trace Attempt  5	[30.77 s]
0.0.Ht: Trace Attempt 4517	[32.04 s]
0.0.Bm: Trace Attempt 4368	[32.05 s]
0.0.Hp: Trace Attempt 1391	[32.12 s]
0.0.B: Trace Attempt 4374	[32.04 s]
0.0.AM: Trace Attempt 384	[33.53 s]
0.0.N: Trace Attempt 184	[34.80 s]
0.0.Ht: Trace Attempt 4770	[36.05 s]
0.0.Bm: Trace Attempt 4634	[36.07 s]
0.0.Hp: Trace Attempt 1474	[36.13 s]
0.0.B: Trace Attempt 4635	[36.05 s]
0.0.AM: Trace Attempt 420	[37.58 s]
0.0.N: Trace Attempt  1	[38.06 s]
0.0.N: Trace Attempt  2	[38.06 s]
0.0.N: Trace Attempt  3	[38.06 s]
0.0.N: Trace Attempt  4	[38.06 s]
0.0.N: Trace Attempt  5	[38.06 s]
0.0.Ht: Trace Attempt 5012	[40.05 s]
0.0.Bm: Trace Attempt 4875	[40.07 s]
0.0.Hp: Trace Attempt 1551	[40.13 s]
0.0.B: Trace Attempt 4872	[40.06 s]
0.0.AM: Trace Attempt 458	[41.63 s]
0.0.N: Trace Attempt 184	[42.08 s]
0.0.Ht: Trace Attempt 5241	[44.06 s]
0.0.Bm: Trace Attempt 5097	[44.09 s]
0.0.Hp: Trace Attempt 1623	[44.18 s]
0.0.B: Trace Attempt 5089	[44.06 s]
0.0.N: Trace Attempt  1	[45.59 s]
0.0.N: Trace Attempt  2	[45.59 s]
0.0.N: Trace Attempt  3	[45.59 s]
0.0.N: Trace Attempt  4	[45.59 s]
0.0.N: Trace Attempt  5	[45.59 s]
0.0.AM: Trace Attempt 466	[45.65 s]
0.0.Ht: Trace Attempt 5448	[48.07 s]
0.0.Bm: Trace Attempt 5291	[48.09 s]
0.0.B: Trace Attempt 5282	[48.08 s]
0.0.Hp: Trace Attempt 1689	[48.22 s]
0.0.N: Trace Attempt 184	[49.65 s]
0.0.AM: Trace Attempt 512	[50.45 s]
0.0.AM: Trace Attempt  1	[51.96 s]
0.0.AM: Trace Attempt  2	[51.96 s]
0.0.AM: Trace Attempt  3	[51.96 s]
0.0.AM: Trace Attempt  4	[51.96 s]
0.0.AM: Trace Attempt  5	[51.97 s]
0.0.Ht: Trace Attempt 5659	[52.08 s]
0.0.Bm: Trace Attempt 5479	[52.09 s]
0.0.B: Trace Attempt 5469	[52.09 s]
0.0.Hp: Trace Attempt 1754	[52.27 s]
0.0.N: Trace Attempt  1	[52.98 s]
0.0.N: Trace Attempt  2	[52.98 s]
0.0.N: Trace Attempt  3	[52.98 s]
0.0.N: Trace Attempt  4	[52.98 s]
0.0.N: Trace Attempt  5	[52.98 s]
0.0.AM: Trace Attempt 177	[56.00 s]
0.0.Bm: Trace Attempt 5687	[56.09 s]
0.0.Ht: Trace Attempt 5880	[56.10 s]
0.0.B: Trace Attempt 5674	[56.10 s]
0.0.Hp: Trace Attempt 1820	[56.27 s]
0.0.N: Trace Attempt 185	[57.05 s]
0.0.Bm: Trace Attempt 5885	[60.10 s]
0.0.Ht: Trace Attempt 6083	[60.11 s]
0.0.AM: Trace Attempt 247	[60.13 s]
0.0.B: Trace Attempt 5872	[60.10 s]
0.0.Hp: Trace Attempt 1884	[60.31 s]
0.0.N: Trace Attempt  1	[60.34 s]
0.0.N: Trace Attempt  2	[60.34 s]
0.0.N: Trace Attempt  3	[60.34 s]
0.0.N: Trace Attempt  4	[60.35 s]
0.0.N: Trace Attempt  5	[60.35 s]
0.0.Bm: Trace Attempt 6075	[64.11 s]
0.0.Ht: Trace Attempt 6267	[64.12 s]
0.0.B: Trace Attempt 6063	[64.10 s]
0.0.AM: Trace Attempt 281	[64.18 s]
0.0.Hp: Trace Attempt 1946	[64.37 s]
0.0.N: Trace Attempt 184	[64.39 s]
0.0.N: Trace Attempt  1	[67.83 s]
0.0.N: Trace Attempt  2	[67.84 s]
0.0.N: Trace Attempt  3	[67.84 s]
0.0.N: Trace Attempt  4	[67.84 s]
0.0.N: Trace Attempt  5	[67.84 s]
0.0.Bm: Trace Attempt 6255	[68.11 s]
0.0.Ht: Trace Attempt 6451	[68.14 s]
0.0.B: Trace Attempt 6244	[68.12 s]
0.0.AM: Trace Attempt 321	[68.23 s]
0.0.Hp: Trace Attempt 2005	[68.37 s]
0.0.N: Trace Attempt 183	[71.85 s]
0.0.Bm: Trace Attempt 6432	[72.14 s]
0.0.Ht: Trace Attempt 6640	[72.14 s]
0.0.B: Trace Attempt 6421	[72.13 s]
0.0.AM: Trace Attempt 351	[72.27 s]
0.0.Hp: Trace Attempt 2063	[72.40 s]
0.0.N: Trace Attempt  1	[75.33 s]
0.0.N: Trace Attempt  2	[75.33 s]
0.0.N: Trace Attempt  3	[75.33 s]
0.0.N: Trace Attempt  4	[75.33 s]
0.0.N: Trace Attempt  5	[75.33 s]
0.0.Ht: Trace Attempt 6801	[76.16 s]
0.0.Bm: Trace Attempt 6602	[76.16 s]
0.0.B: Trace Attempt 6590	[76.13 s]
0.0.Hp: Trace Attempt 2118	[76.43 s]
0.0.AM: Trace Attempt 381	[76.40 s]
0.0.N: Trace Attempt 185	[79.39 s]
0.0.Ht: Trace Attempt 6969	[80.16 s]
0.0.Bm: Trace Attempt 6766	[80.17 s]
0.0.B: Trace Attempt 6754	[80.14 s]
0.0.Hp: Trace Attempt 2173	[80.46 s]
0.0.AM: Trace Attempt 411	[80.49 s]
0.0.N: Trace Attempt  1	[82.75 s]
0.0.N: Trace Attempt  2	[82.75 s]
0.0.N: Trace Attempt  3	[82.75 s]
0.0.N: Trace Attempt  4	[82.75 s]
0.0.N: Trace Attempt  5	[82.75 s]
0.0.Ht: Trace Attempt 7143	[84.17 s]
0.0.Bm: Trace Attempt 6923	[84.18 s]
0.0.B: Trace Attempt 6912	[84.16 s]
0.0.Hp: Trace Attempt 2225	[84.46 s]
0.0.AM: Trace Attempt 439	[84.49 s]
0.0.N: Trace Attempt 185	[86.81 s]
0.0.Ht: Trace Attempt 7302	[88.19 s]
0.0.Bm: Trace Attempt 7078	[88.19 s]
0.0.B: Trace Attempt 7068	[88.19 s]
0.0.Hp: Trace Attempt 2277	[88.54 s]
0.0.AM: Trace Attempt 469	[88.63 s]
0.0.N: Trace Attempt  1	[90.23 s]
0.0.N: Trace Attempt  2	[90.23 s]
0.0.N: Trace Attempt  3	[90.23 s]
0.0.N: Trace Attempt  4	[90.23 s]
0.0.N: Trace Attempt  5	[90.23 s]
0.0.Ht: Trace Attempt 7458	[92.19 s]
0.0.Bm: Trace Attempt 7230	[92.20 s]
0.0.B: Trace Attempt 7221	[92.19 s]
0.0.Hp: Trace Attempt 2327	[92.59 s]
0.0.AM: Trace Attempt 478	[92.96 s]
0.0.N: Trace Attempt 184	[94.24 s]
0.0.Bm: Trace Attempt 7378	[96.20 s]
0.0.Ht: Trace Attempt 7615	[96.21 s]
0.0.B: Trace Attempt 7373	[96.22 s]
0.0.Hp: Trace Attempt 2376	[96.63 s]
0.0.AM: Trace Attempt 487	[97.16 s]
0.0.N: Trace Attempt  1	[97.58 s]
0.0.N: Trace Attempt  2	[97.58 s]
0.0.N: Trace Attempt  3	[97.58 s]
0.0.N: Trace Attempt  4	[97.59 s]
0.0.N: Trace Attempt  5	[97.59 s]
0.0.Bm: Trace Attempt 7521	[100.21 s]
0.0.Ht: Trace Attempt 7763	[100.23 s]
0.0.B: Trace Attempt 7520	[100.23 s]
0.0.Hp: Trace Attempt 2424	[100.65 s]
0.0.AM: Trace Attempt 499	[101.34 s]
0.0.N: Trace Attempt 185	[101.64 s]
0.0.Bm: Trace Attempt 7664	[104.23 s]
0.0.Ht: Trace Attempt 7916	[104.24 s]
0.0.B: Trace Attempt 7663	[104.26 s]
0.0.Hp: Trace Attempt 2471	[104.71 s]
0.0.N: Trace Attempt  1	[105.03 s]
0.0.N: Trace Attempt  2	[105.03 s]
0.0.N: Trace Attempt  3	[105.03 s]
0.0.N: Trace Attempt  4	[105.04 s]
0.0.N: Trace Attempt  5	[105.04 s]
0.0.AM: Trace Attempt 516	[105.36 s]
0.0.Bm: Trace Attempt 7802	[108.23 s]
0.0.Ht: Trace Attempt 8056	[108.24 s]
0.0.B: Trace Attempt 7800	[108.26 s]
0.0.Hp: Trace Attempt 2517	[108.74 s]
0.0.N: Trace Attempt 184	[109.05 s]
0.0.AM: Trace Attempt 528	[109.47 s]
0.0.Ht: Trace Attempt 8197	[112.25 s]
0.0.Bm: Trace Attempt 7938	[112.26 s]
0.0.B: Trace Attempt 7933	[112.27 s]
0.0.Hp: Trace Attempt 2562	[112.84 s]
0.0.N: Trace Attempt 257	[113.05 s]
0.0.N: Trace Attempt  1	[113.06 s]
0.0.N: Trace Attempt  2	[113.06 s]
0.0.N: Trace Attempt  3	[113.06 s]
0.0.N: Trace Attempt  4	[113.06 s]
0.0.N: Trace Attempt  5	[113.07 s]
0.0.AM: Trace Attempt 542	[113.55 s]
0.0.Bm: Trace Attempt 8071	[116.27 s]
0.0.Ht: Trace Attempt 8319	[116.27 s]
0.0.B: Trace Attempt 8066	[116.28 s]
0.0.Hp: Trace Attempt 2605	[116.89 s]
0.0.N: Trace Attempt 185	[117.10 s]
0.0.AM: Trace Attempt 557	[117.74 s]
0.0.Bm: Trace Attempt 8204	[120.29 s]
0.0.Ht: Trace Attempt 8456	[120.31 s]
0.0.B: Trace Attempt 8198	[120.29 s]
0.0.Hp: Trace Attempt 2648	[120.94 s]
0.0.N: Trace Attempt 244	[121.43 s]
0.0.AM: Trace Attempt 570	[121.94 s]
0.0.Bm: Trace Attempt 8333	[124.32 s]
0.0.Ht: Trace Attempt 8590	[124.33 s]
0.0.B: Trace Attempt 8329	[124.29 s]
0.0.Hp: Trace Attempt 2690	[125.00 s]
0.0.N: Trace Attempt 282	[125.47 s]
0.0.AM: Trace Attempt 584	[126.47 s]
0.0.Ht: Trace Attempt 8725	[128.33 s]
0.0.Bm: Trace Attempt 8463	[128.34 s]
0.0.B: Trace Attempt 8459	[128.30 s]
0.0.Hp: Trace Attempt 2732	[129.06 s]
0.0.N: Trace Attempt 323	[129.51 s]
0.0.AM: Trace Attempt 596	[130.64 s]
0.0.Bm: Trace Attempt 8592	[132.35 s]
0.0.Ht: Trace Attempt 8852	[132.36 s]
0.0.B: Trace Attempt 8588	[132.31 s]
0.0.Hp: Trace Attempt 2773	[133.06 s]
0.0.N: Trace Attempt 361	[133.59 s]
0.0.AM: Trace Attempt 605	[134.78 s]
0.0.Bm: Trace Attempt 8716	[136.37 s]
0.0.Ht: Trace Attempt 8985	[136.38 s]
0.0.B: Trace Attempt 8712	[136.32 s]
0.0.Hp: Trace Attempt 2814	[137.16 s]
0.0.N: Trace Attempt 393	[137.66 s]
0.0.AM: Trace Attempt 615	[138.93 s]
0.0.Ht: Trace Attempt 9106	[140.39 s]
0.0.Bm: Trace Attempt 8837	[140.40 s]
0.0.B: Trace Attempt 8834	[140.35 s]
0.0.Hp: Trace Attempt 2853	[141.18 s]
0.0.N: Trace Attempt 423	[141.68 s]
0.0.AM: Trace Attempt 626	[143.40 s]
0.0.Ht: Trace Attempt 9228	[144.39 s]
0.0.Bm: Trace Attempt 8953	[144.42 s]
0.0.B: Trace Attempt 8951	[144.35 s]
0.0.Hp: Trace Attempt 2892	[145.26 s]
0.0.N: Trace Attempt 452	[145.69 s]
0.0.AM: Trace Attempt 635	[147.61 s]
0.0.Ht: Trace Attempt 9349	[148.42 s]
0.0.Bm: Trace Attempt 9067	[148.44 s]
0.0.B: Trace Attempt 9067	[148.38 s]
0.0.Hp: Trace Attempt 2930	[149.36 s]
0.0.N: Trace Attempt 462	[151.24 s]
0.0.N: Trace Attempt  1	[151.26 s]
0.0.N: Trace Attempt  2	[151.27 s]
0.0.N: Trace Attempt  3	[151.27 s]
0.0.N: Trace Attempt  4	[151.27 s]
0.0.N: Trace Attempt  5	[151.27 s]
0.0.AM: Trace Attempt 645	[151.74 s]
0.0.Bm: Trace Attempt 9177	[152.44 s]
0.0.Ht: Trace Attempt 9476	[152.46 s]
0.0.B: Trace Attempt 9179	[152.41 s]
0.0.Hp: Trace Attempt 2967	[153.38 s]
0.0.N: Trace Attempt 184	[155.30 s]
0.0.AM: Trace Attempt 655	[156.07 s]
0.0.Bm: Trace Attempt 9293	[156.47 s]
0.0.Ht: Trace Attempt 9598	[156.48 s]
0.0.B: Trace Attempt 9296	[156.43 s]
0.0.Hp: Trace Attempt 3005	[157.43 s]
0.0.N: Trace Attempt 243	[159.30 s]
0.0.AM: Trace Attempt 664	[160.41 s]
0.0.Bm: Trace Attempt 9405	[160.48 s]
0.0.Ht: Trace Attempt 9729	[160.50 s]
0.0.B: Trace Attempt 9410	[160.45 s]
0.0.Hp: Trace Attempt 3042	[161.45 s]
0.0.N: Trace Attempt 277	[163.38 s]
0.0.Bm: Trace Attempt 9516	[164.50 s]
0.0.Ht: Trace Attempt 9844	[164.51 s]
0.0.B: Trace Attempt 9522	[164.45 s]
0.0.AM: Trace Attempt 673	[164.88 s]
0.0.Hp: Trace Attempt 3079	[165.52 s]
0.0.N: Trace Attempt 320	[167.39 s]
0.0.Bm: Trace Attempt 9626	[168.53 s]
0.0.Ht: Trace Attempt 9972	[168.53 s]
0.0.B: Trace Attempt 9633	[168.47 s]
0.0.AM: Trace Attempt 681	[169.16 s]
0.0.Hp: Trace Attempt 3115	[169.60 s]
0.0.N: Trace Attempt 359	[171.51 s]
0.0.Ht: Trace Attempt 10083	[172.55 s]
0.0.Bm: Trace Attempt 9735	[172.56 s]
0.0.B: Trace Attempt 9741	[172.51 s]
0.0.AM: Trace Attempt 688	[173.28 s]
0.0.Hp: Trace Attempt 3150	[173.65 s]
0.0.N: Trace Attempt 391	[175.60 s]
0.0.Bm: Trace Attempt 9840	[176.58 s]
0.0.Ht: Trace Attempt 10205	[176.59 s]
0.0.B: Trace Attempt 9847	[176.53 s]
0.0.Hp: Trace Attempt 3185	[177.69 s]
0.0.AM: Trace Attempt 696	[177.65 s]
0.0.N: Trace Attempt 421	[179.62 s]
0.0.Bm: Trace Attempt 9943	[180.59 s]
0.0.Ht: Trace Attempt 10299	[180.61 s]
0.0.B: Trace Attempt 9950	[180.55 s]
0.0.N: Trace Attempt 431	[180.91 s]
0.0.N: Stopped processing property "SEVEN.p1"	[181.01 s].
0.0.N: Morphing to Ncustom1
0.0.N: All properties determined. [0.00 s]
0.0.N: Exited with Success (@ 0.00 s)
0.0.Ncustom1: clocks: 1, declared: 1, looping: 0, posedge: 1, negedge: 0, noedge: 0, bothedge: 0
0.0.Ncustom1: Starting proof for property "SEVEN.p1"	[0.00 s].
0.0.Ncustom1: Trace Attempt 461	[0.04 s]
0.0.B: Trace Attempt 9957	[180.82 s]
0.0.B: Stopped processing property "SEVEN.p1"	[180.99 s].
0.0.B: Morphing to Bcustom2
0.0.B: All properties determined. [0.00 s]
0.0.B: Exited with Success (@ 0.00 s)
0.0.Bcustom2: clocks: 1, declared: 1, looping: 0, posedge: 1, negedge: 0, noedge: 0, bothedge: 0
0.0.Bcustom2: Starting proof for property "SEVEN.p1"	[0.00 s].
0.0.Bcustom2: Trace Attempt  1	[0.00 s]
0.0.Bcustom2: Trace Attempt  2	[0.00 s]
0.0.Bcustom2: Trace Attempt  1	[0.00 s]
0.0.Bcustom2: Trace Attempt  2	[0.00 s]
0.0.Bcustom2: Trace Attempt  3	[0.00 s]
0.0.Bcustom2: Trace Attempt  4	[0.00 s]
0.0.Bcustom2: Trace Attempt  5	[0.00 s]
0.0.Bcustom2: Trace Attempt  1	[0.00 s]
0.0.Bcustom2: Trace Attempt  2	[0.00 s]
0.0.Bcustom2: Trace Attempt  3	[0.00 s]
0.0.Bcustom2: Trace Attempt  4	[0.00 s]
0.0.Bcustom2: Trace Attempt  5	[0.00 s]
0.0.Bcustom2: Trace Attempt  1	[0.00 s]
0.0.Bcustom2: Trace Attempt  2	[0.00 s]
0.0.Bcustom2: Trace Attempt  3	[0.00 s]
0.0.Bcustom2: Trace Attempt  4	[0.00 s]
0.0.Bcustom2: Trace Attempt  5	[0.00 s]
0.0.Bcustom2: Trace Attempt  1	[0.01 s]
0.0.Bcustom2: Trace Attempt  2	[0.01 s]
0.0.Bcustom2: Trace Attempt  3	[0.01 s]
0.0.Bcustom2: Trace Attempt  4	[0.01 s]
0.0.Bcustom2: Trace Attempt  5	[0.01 s]
0.0.Bcustom2: Trace Attempt  1	[0.02 s]
0.0.Bcustom2: Trace Attempt  2	[0.02 s]
0.0.Bcustom2: Trace Attempt  3	[0.02 s]
0.0.Bcustom2: Trace Attempt  4	[0.02 s]
0.0.Bcustom2: Trace Attempt  5	[0.02 s]
0.0.Bcustom2: Trace Attempt  1	[0.04 s]
0.0.Bcustom2: Trace Attempt  2	[0.04 s]
0.0.Bcustom2: Trace Attempt  3	[0.04 s]
0.0.Bcustom2: Trace Attempt  4	[0.04 s]
0.0.Bcustom2: Trace Attempt  5	[0.04 s]
0.0.AM: Trace Attempt 702	[180.50 s]
0.0.AM: Stopped processing property "SEVEN.p1"	[181.08 s].
0.0.AM: Morphing to AMcustom3
0.0.AM: All properties determined. [0.00 s]
0.0.AM: Exited with Success (@ 0.00 s)
0.0.AMcustom3: clocks: 1, declared: 1, looping: 0, posedge: 1, negedge: 0, noedge: 0, bothedge: 0
0.0.AMcustom3: Starting proof for property "SEVEN.p1"	[0.00 s].
0.0.AMcustom3: Trace Attempt  1	[0.00 s]
0.0.AMcustom3: Trace Attempt  2	[0.00 s]
0.0.AMcustom3: Trace Attempt  3	[0.00 s]
0.0.AMcustom3: Trace Attempt  4	[0.00 s]
0.0.Bcustom2: Trace Attempt  1	[0.09 s]
0.0.Bcustom2: Trace Attempt  2	[0.09 s]
0.0.Bcustom2: Trace Attempt  3	[0.09 s]
0.0.Bcustom2: Trace Attempt  4	[0.09 s]
0.0.Bcustom2: Trace Attempt  5	[0.09 s]
0.0.AMcustom3: Trace Attempt  5	[0.00 s]
0.0.AMcustom3: Trace Attempt  1	[0.00 s]
0.0.AMcustom3: Trace Attempt  2	[0.00 s]
0.0.AMcustom3: Trace Attempt  3	[0.00 s]
0.0.AMcustom3: Trace Attempt  4	[0.00 s]
0.0.AMcustom3: Trace Attempt  5	[0.01 s]
0.0.AMcustom3: Trace Attempt  1	[0.01 s]
0.0.AMcustom3: Trace Attempt  2	[0.01 s]
0.0.AMcustom3: Trace Attempt  3	[0.01 s]
0.0.AMcustom3: Trace Attempt  4	[0.01 s]
0.0.AMcustom3: Trace Attempt  5	[0.01 s]
0.0.AMcustom3: Trace Attempt  1	[0.04 s]
0.0.AMcustom3: Trace Attempt  2	[0.04 s]
0.0.AMcustom3: Trace Attempt  3	[0.04 s]
0.0.AMcustom3: Trace Attempt  4	[0.04 s]
0.0.AMcustom3: Trace Attempt  5	[0.04 s]
0.0.Tri: Proofgrid shell started at 8840@vlsi-ria85(local) jg_32387_vlsi-ria85_1
0.0.Tri: clocks: 1, declared: 1, looping: 0, posedge: 1, negedge: 0, noedge: 0, bothedge: 0
0.0.D: Proofgrid shell started at 8845@vlsi-ria85(local) jg_32387_vlsi-ria85_1
0.0.D: clocks: 1, declared: 1, looping: 0, posedge: 1, negedge: 0, noedge: 0, bothedge: 0
0.0.D: Last scan. Per property time limit: 0s
0.0.D: Starting proof for property "SEVEN.p1"	[0.00 s].
0.0.D: Trace Attempt  1	[0.00 s]
0.0.D: Trace Attempt  2	[0.00 s]
0.0.D: Trace Attempt  3	[0.00 s]
0.0.Tri: Last scan. Per property time limit: 0s
0.0.Tri: Starting proof for property "SEVEN.p1"	[0.00 s].
0.0.Tri: Trace Attempt  1	[0.00 s]
0.0.AMcustom3: Trace Attempt  1	[0.14 s]
0.0.AMcustom3: Trace Attempt  2	[0.14 s]
0.0.AMcustom3: Trace Attempt  3	[0.14 s]
0.0.AMcustom3: Trace Attempt  4	[0.14 s]
0.0.AMcustom3: Trace Attempt  5	[0.14 s]
0.0.Bcustom2: Trace Attempt  1	[0.25 s]
0.0.Bcustom2: Trace Attempt  2	[0.25 s]
0.0.Bcustom2: Trace Attempt  3	[0.25 s]
0.0.Bcustom2: Trace Attempt  4	[0.25 s]
0.0.Bcustom2: Trace Attempt  5	[0.25 s]
0.0.Tri:    0.00" ---- Launching main thread ----
0.0.Tri:    0.34" ---- Launching abstraction thread ----
0.0.Hp: Trace Attempt 3219	[181.75 s]
0.0.AMcustom3: Trace Attempt  1	[0.55 s]
0.0.AMcustom3: Trace Attempt  2	[0.55 s]
0.0.AMcustom3: Trace Attempt  3	[0.55 s]
0.0.AMcustom3: Trace Attempt  4	[0.55 s]
0.0.AMcustom3: Trace Attempt  5	[0.55 s]
0.0.Tri:    0.36" ---- Launching multi-phase simplification thread ----
0.0.Bcustom2: Trace Attempt  1	[0.72 s]
0.0.Bcustom2: Trace Attempt  2	[0.72 s]
0.0.Bcustom2: Trace Attempt  3	[0.72 s]
0.0.Bcustom2: Trace Attempt  4	[0.72 s]
0.0.Bcustom2: Trace Attempt  5	[0.72 s]
0.0.Tri:    0.50" ---- Launching liveness simplification thread ----
0.0.D: Trace Attempt 35	[0.27 s]
0.0.D: Stopped processing property "SEVEN.p1"	[0.76 s].
0.0.D: Morphing to M
0.0.D: All properties determined. [0.00 s]
0.0.D: Exited with Success (@ 0.00 s)
0.0.M: clocks: 1, declared: 1, looping: 0, posedge: 1, negedge: 0, noedge: 0, bothedge: 0
0.0.M: Starting proof for property "SEVEN.p1"	[0.00 s].
0.0.M: Trace Attempt  1	[0.00 s]
0.0.M: Trace Attempt  2	[0.00 s]
0.0.M: Trace Attempt  3	[0.00 s]
0.0.M: Trace Attempt  4	[0.01 s]
0.0.M: Trace Attempt  5	[0.01 s]
0.0.AMcustom5: Proofgrid shell started at 9014@vlsi-ria85(local) jg_32387_vlsi-ria85_1
0: Running jobs with 9 threads on "vlsi-ria85" with 8 cores.
0: Running jobs with 9 threads on "vlsi-ria85" with 8 cores.
0.0.AMcustom5: clocks: 1, declared: 1, looping: 0, posedge: 1, negedge: 0, noedge: 0, bothedge: 0
0.0.AMcustom5: Last scan. Per property time limit: 0s
0.0.AMcustom5: Starting proof for property "SEVEN.p1"	[0.00 s].
0.0.AMcustom5: Trace Attempt  1	[0.00 s]
0.0.AMcustom5: Trace Attempt  2	[0.00 s]
0.0.AMcustom5: Trace Attempt  1	[0.00 s]
0.0.AMcustom5: Trace Attempt  2	[0.00 s]
0.0.AMcustom5: Trace Attempt  3	[0.00 s]
0.0.AMcustom5: Trace Attempt  4	[0.00 s]
0.0.AMcustom5: Trace Attempt  5	[0.00 s]
0.0.AMcustom5: Trace Attempt  1	[0.00 s]
0.0.AMcustom5: Trace Attempt  2	[0.00 s]
0.0.AMcustom5: Trace Attempt  3	[0.00 s]
0.0.AMcustom5: Trace Attempt  4	[0.00 s]
0.0.AMcustom5: Trace Attempt  5	[0.00 s]
0.0.AMcustom5: Trace Attempt  1	[0.00 s]
0.0.AMcustom5: Trace Attempt  2	[0.01 s]
0.0.AMcustom5: Trace Attempt  3	[0.01 s]
0.0.AMcustom5: Trace Attempt  4	[0.01 s]
0.0.AMcustom5: Trace Attempt  5	[0.01 s]
0.0.AMcustom5: Trace Attempt  1	[0.01 s]
0.0.AMcustom5: Trace Attempt  2	[0.01 s]
0.0.AMcustom5: Trace Attempt  3	[0.01 s]
0.0.AMcustom5: Trace Attempt  4	[0.01 s]
0.0.AMcustom5: Trace Attempt  5	[0.01 s]
0.0.AMcustom5: Trace Attempt  1	[0.01 s]
0.0.AMcustom5: Trace Attempt  2	[0.01 s]
0.0.AMcustom5: Trace Attempt  3	[0.01 s]
0.0.AMcustom5: Trace Attempt  4	[0.01 s]
0.0.AMcustom5: Trace Attempt  5	[0.01 s]
0.0.AMcustom5: Trace Attempt  1	[0.02 s]
0.0.AMcustom5: Trace Attempt  2	[0.02 s]
0.0.AMcustom5: Trace Attempt  3	[0.02 s]
0.0.AMcustom5: Trace Attempt  4	[0.02 s]
0.0.AMcustom5: Trace Attempt  5	[0.02 s]
0.0.AMcustom5: Trace Attempt  1	[0.07 s]
0.0.AMcustom5: Trace Attempt  2	[0.07 s]
0.0.AMcustom5: Trace Attempt  3	[0.07 s]
0.0.AMcustom5: Trace Attempt  4	[0.07 s]
0.0.AMcustom5: Trace Attempt  5	[0.07 s]
0.0.AMcustom5: Trace Attempt  1	[0.07 s]
0.0.AMcustom5: Trace Attempt  2	[0.08 s]
0.0.AMcustom5: Trace Attempt  3	[0.08 s]
0.0.AMcustom5: Trace Attempt  4	[0.08 s]
0.0.AMcustom5: Trace Attempt  5	[0.08 s]
0.0.AMcustom5: Trace Attempt  1	[0.08 s]
0.0.AMcustom5: Trace Attempt  2	[0.08 s]
0.0.AMcustom5: Trace Attempt  3	[0.08 s]
0.0.AMcustom5: Trace Attempt  4	[0.08 s]
0.0.AMcustom5: Trace Attempt  5	[0.08 s]
0.0.AMcustom5: Trace Attempt  1	[0.11 s]
0.0.AMcustom5: Trace Attempt  2	[0.11 s]
0.0.AMcustom5: Trace Attempt  3	[0.11 s]
0.0.AMcustom5: Trace Attempt  4	[0.11 s]
0.0.AMcustom5: Trace Attempt  5	[0.11 s]
0.0.AMcustom5: Trace Attempt  1	[0.21 s]
0.0.AMcustom5: Trace Attempt  2	[0.21 s]
0.0.AMcustom5: Trace Attempt  3	[0.21 s]
0.0.AMcustom5: Trace Attempt  4	[0.21 s]
0.0.AMcustom5: Trace Attempt  5	[0.21 s]
0.0.AMcustom5: Trace Attempt  1	[0.21 s]
0.0.AMcustom5: Trace Attempt  2	[0.21 s]
0.0.AMcustom5: Trace Attempt  3	[0.21 s]
0.0.AMcustom5: Trace Attempt  4	[0.21 s]
0.0.AMcustom5: Trace Attempt  5	[0.21 s]
0.0.AMcustom5: Trace Attempt  1	[0.21 s]
0.0.AMcustom5: Trace Attempt  2	[0.21 s]
0.0.AMcustom5: Trace Attempt  3	[0.21 s]
0.0.AMcustom5: Trace Attempt  4	[0.21 s]
0.0.AMcustom5: Trace Attempt  5	[0.21 s]
0.0.AMcustom5: Trace Attempt  1	[0.23 s]
0.0.AMcustom5: Trace Attempt  2	[0.23 s]
0.0.AMcustom5: Trace Attempt  3	[0.23 s]
0.0.AMcustom5: Trace Attempt  4	[0.23 s]
0.0.AMcustom5: Trace Attempt  5	[0.23 s]
0.0.AMcustom5: Trace Attempt  1	[0.31 s]
0.0.AMcustom5: Trace Attempt  2	[0.31 s]
0.0.AMcustom5: Trace Attempt  3	[0.31 s]
0.0.AMcustom5: Trace Attempt  4	[0.31 s]
0.0.AMcustom5: Trace Attempt  5	[0.31 s]
0.0.Tri:    1.30" Simplification phase 1 complete
0.0.Ncustom1: Requesting engine job to terminate
0.0.Bcustom2: Requesting engine job to terminate
0.0.AMcustom3: Requesting engine job to terminate
0.0.Tri: Requesting engine job to terminate
0.0.M: Requesting engine job to terminate
0.0.AMcustom5: Requesting engine job to terminate
0.0.Hp: Requesting engine job to terminate
0.0.Ht: Requesting engine job to terminate
0.0.Bm: Requesting engine job to terminate
INFO (IPF144): 0: Initiating shutdown of proof [182.82 s]
0.0.Tri: A proof was found: No trace exists. [1.52 s]
INFO (IPF057): 0.0.Tri: The property "SEVEN.p1" was proven in 1.52 s.
0.0.AMcustom5: Trace Attempt 39	[0.47 s]
0.0.AMcustom5: Stopped processing property "SEVEN.p1"	[0.48 s].
0.0.AMcustom5: All properties determined. [0.49 s]
0.0.M: Trace Attempt 64	[0.76 s]
0.0.M: Stopped processing property "SEVEN.p1"	[0.77 s].
0.0.M: All properties determined. [0.78 s]
0.0.AMcustom5: Exited with Success (@ 182.83 s)
0: ProofGrid usable level: 0
0.0.AMcustom3: Trace Attempt 91	[1.60 s]
0.0.AMcustom3: Stopped processing property "SEVEN.p1"	[1.62 s].
0.0.AMcustom3: All properties determined. [1.62 s]
0.0.M: Exited with Success (@ 182.83 s)
0.0.AMcustom3: Exited with Success (@ 182.83 s)
0.0.Ncustom1: Stopped processing property "SEVEN.p1"	[1.81 s].
0.0.Ncustom1: All properties determined. [1.81 s]
0.0.Bcustom2: Trace Attempt 802	[1.68 s]
0.0.Bcustom2: Stopped processing property "SEVEN.p1"	[1.72 s].
0.0.Bcustom2: All properties determined. [1.72 s]
0.0.Hp: Trace Attempt 3227	[182.74 s]
0.0.Hp: All properties determined. [182.84 s]
0.0.Ht: Trace Attempt 10354	[182.77 s]
0.0.Ht: All properties determined. [182.81 s]
0.0.Ncustom1: Exited with Success (@ 182.85 s)
0.0.Bcustom2: Exited with Success (@ 182.87 s)
0.0.Bm: Trace Attempt 9995	[182.77 s]
0.0.Bm: All properties determined. [182.89 s]
0.0.Bm: Exited with Success (@ 182.96 s)
0.0.Ht: Exited with Success (@ 182.98 s)
0.0.Tri: Stopped processing property "SEVEN.p1"	[1.72 s].
0.0.Tri: All properties determined. [1.73 s]
0.0.Tri: Exited with Success (@ 183.03 s)
0.0.Hp: Exited with Success (@ 183.06 s)
0: --------------------------------------------------------------
ProofGrid Summary (utilization 99.88 %)
--------------------------------------------------------------
     engines started                               :    16
     engine jobs started                           :    12

    Average time in state (seconds)
    ------------------------------------------------------
    Engine  Pending     Running        Dead    Utilization
    ------------------------------------------------------
     Hp        0.03      182.82        0.00       99.98 %
     Ht        0.03      182.79        0.00       99.98 %
     Bm        0.03      182.79        0.00       99.98 %
    Mpcustom4        0.05        0.01        0.00       17.20 %
     Oh        0.05        0.01        0.00       20.53 %
      L        0.06        0.01        0.00       13.21 %
    Ncustom1        0.04      182.74        0.00       99.98 %
    Bcustom2        0.10      182.55        0.00       99.94 %
    AMcustom3        0.06      182.53        0.00       99.97 %
    Tri        0.28        1.55        0.00       84.93 %
      M        0.27        1.52        0.00       85.04 %
    AMcustom5        0.30        0.49        0.00       61.84 %
    all        0.11       91.65        0.00       99.88 %

    Total time in state (seconds)
    -----------------------------------------
            Pending     Running        Dead  
    -----------------------------------------
               1.31     1099.80        0.00

    Data read    : 6.74 MiB
    Data written : 4.56 kiB

0: All pending notifications were processed.
INFO (IPF059): 0: Completed proof on task: "<embedded>"

==============================================================
SUMMARY
==============================================================
           Properties Considered              : 2
                 assertions                   : 1
                  - proven                    : 1 (100%)
                  - bounded_proven (user)     : 0 (0%)
                  - bounded_proven (auto)     : 0 (0%)
                  - marked_proven             : 0 (0%)
                  - cex                       : 0 (0%)
                  - ar_cex                    : 0 (0%)
                  - undetermined              : 0 (0%)
                  - unknown                   : 0 (0%)
                  - error                     : 0 (0%)
                 covers                       : 1
                  - unreachable               : 0 (0%)
                  - bounded_unreachable (user): 0 (0%)
                  - covered                   : 1 (100%)
                  - ar_covered                : 0 (0%)
                  - undetermined              : 0 (0%)
                  - unknown                   : 0 (0%)
                  - error                     : 0 (0%)
determined
[<embedded>] % exit -force
INFO (IPL005): Received request to exit from the console.
INFO (IPL014): Waiting for the Tcl-thread to exit.
INFO: Waiting for proof threads to stop...
INFO: Proof threads stopped.
INFO (IPL018): The peak resident set memory use for this session was 2.083 GB.
INFO (IPL015): The Tcl-thread exited with status 0.
INFO (IPL016): Exiting the analysis session with status 0.
