2025-11-19 23:38:52.794155 (20889) main____ INFO    ----------------------------------------
2025-11-19 23:38:52.794196 (20889) main____ INFO    Jasper version info
2025-11-19 23:38:52.794201 (20889) main____ INFO      tool      : Jasper 2024.06
2025-11-19 23:38:52.794205 (20889) main____ INFO      version   : 2024.06p002 64 bits
2025-11-19 23:38:52.794208 (20889) main____ INFO      build date: 2024.09.02 16:28:38 UTC
2025-11-19 23:38:52.794210 (20889) main____ INFO    ----------------------------------------
2025-11-19 23:38:52.794212 (20889) main____ INFO    Runtime info:
2025-11-19 23:38:52.794215 (20889) main____ INFO      platform  : Linux 3.10.0-1160.62.1.el7.x86_64 x86_64
2025-11-19 23:38:52.794220 (20889) main____ INFO      hostname  : vlsi-ria84
2025-11-19 23:38:52.794224 (20889) main____ INFO      pid       : 20889
2025-11-19 23:38:52.794227 (20889) main____ INFO      arguments : '-style' 'windows' '-proj' '../jgprojects/s2_lcd_11' '-batch' 's2_lcd_11.tcl'
2025-11-19 23:38:52.794229 (20889) main____ INFO      locale    : ANSI_X3.4-1968
2025-11-19 23:38:52.794231 (20889) main____ INFO    ----------------------------------------
2025-11-19 23:38:52.794233 (20889) main____ INFO    System resource limits info:
2025-11-19 23:38:52.794236 (20889) main____ INFO      virtual memory: unlimited
2025-11-19 23:38:52.794240 (20889) main____ INFO      cpu time      : unlimited
2025-11-19 23:38:52.794245 (20889) main____ INFO      processes     : 4096
2025-11-19 23:38:52.794251 (20889) main____ INFO      stack size    : 8388608 B
2025-11-19 23:38:52.794254 (20889) main____ INFO      core file size: 1024 B
2025-11-19 23:38:52.794257 (20889) main____ INFO      open files    : 4096
2025-11-19 23:38:52.794259 (20889) main____ INFO      file size     : unlimited
2025-11-19 23:38:52.794261 (20889) main____ INFO    ----------------------------------------
2025-11-19 23:38:52.794263 (20889) main____ INFO    Memory statistics:
2025-11-19 23:38:52.794266 (20889) main____ INFO      total physical memory  : 65711068 kB
2025-11-19 23:38:52.794268 (20889) main____ INFO      free physical memory   : 50080176 kB
2025-11-19 23:38:52.794270 (20889) main____ INFO      committed address space: 6854892 kB
2025-11-19 23:38:52.794272 (20889) main____ INFO    ----------------------------------------
2025-11-19 23:38:52.794804 (20889) main____ INFO    Important environment variables:
2025-11-19 23:38:52.794816 (20889) main____ INFO      CDS_ASSURA         : '/eda/cadence/2023-24/RHELx86/ASSURA_04.16.115_231'
2025-11-19 23:38:52.794820 (20889) main____ INFO      CDS_AUTO_64BIT     : 'ALL'
2025-11-19 23:38:52.794823 (20889) main____ INFO      CDS_CONFRML        : '/eda/cadence/2023-24/RHELx86/CONFRML_23.10.300'
2025-11-19 23:38:52.794827 (20889) main____ INFO      CDS_DDIEXPORT      : '/eda/cadence/2023-24/RHELx86/DDIEXPORT_22.33.000'
2025-11-19 23:38:52.794830 (20889) main____ INFO      CDS_EMX            : '/eda/cadence/2023-24/RHELx86/EMX_23.10.000'
2025-11-19 23:38:52.794833 (20889) main____ INFO      CDS_GENUS          : '/eda/cadence/2023-24/RHELx86/DDIEXPORT_22.33.000/GENUS221'
2025-11-19 23:38:52.794837 (20889) main____ INFO      CDS_IC             : '/eda/cadence/2023-24/RHELx86/IC_23.10.020'
2025-11-19 23:38:52.794840 (20889) main____ INFO      CDS_INNOVUS        : '/eda/cadence/2023-24/RHELx86/DDIEXPORT_22.33.000/INNOVUS221'
2025-11-19 23:38:52.794844 (20889) main____ INFO      CDS_JLS            : '/eda/cadence/2023-24/RHELx86/DDIEXPORT_22.33.000/JLS221'
2025-11-19 23:38:52.794849 (20889) main____ INFO      CDS_LIC_FILE       : '/etc/local/cadence/license_8x.3868dd0560aa:5280@132.68.59.69:/etc/local/cadence/license_8x.1831bfb82c67:5280@132.68.59.64:/etc/local/cadence/license_8x.0894ef683fc3:5280@132.68.59.79:/etc/local/cadence/license_8x.1831bfb82c67:5280@132.68.59.61'
2025-11-19 23:38:52.794856 (20889) main____ INFO      CDS_LITMUS         : '/eda/cadence/2023-24/RHELx86/LITMUS_23.10.300'
2025-11-19 23:38:52.794859 (20889) main____ INFO      CDS_MODUS          : '/eda/cadence/2023-24/RHELx86/MODUS_22.12.000'
2025-11-19 23:38:52.794863 (20889) main____ INFO      CDS_MVS            : '/eda/cadence/2023-24/RHELx86/MVS_21.12.000'
2025-11-19 23:38:52.794867 (20889) main____ INFO      CDS_Netlisting_Mode: 'Analog'
2025-11-19 23:38:52.794870 (20889) main____ INFO      CDS_PEGASUS        : '/eda/cadence/2023-24/RHELx86/PEGASUS_23.11.000'
2025-11-19 23:38:52.794874 (20889) main____ INFO      CDS_PEGASUSDFM     : '/eda/cadence/2023-24/RHELx86/PEGASUSDFM_23.11.000'
2025-11-19 23:38:52.794877 (20889) main____ INFO      CDS_PVS            : '/eda/cadence/2023-24/RHELx86/PVS_22.22.000'
2025-11-19 23:38:52.794880 (20889) main____ INFO      CDS_QUANTUS        : '/eda/cadence/2023-24/RHELx86/QUANTUS_23.10.000'
2025-11-19 23:38:52.794883 (20889) main____ INFO      CDS_SPECTRE        : '/eda/cadence/2023-24/RHELx86/SPECTRE_23.10.242'
2025-11-19 23:38:52.794886 (20889) main____ INFO      CDS_SSV            : '/eda/cadence/2023-24/RHELx86/SSV_22.13.000'
2025-11-19 23:38:52.794889 (20889) main____ INFO      CDS_USE_PALETTE    : ''
2025-11-19 23:38:52.794892 (20889) main____ INFO      CDS_VERISIUMDEBUG  : '/eda/cadence/2023-24/RHELx86/VERISIUMDEBUG_23.03.001'
2025-11-19 23:38:52.794895 (20889) main____ INFO      CDS_VIPCAT         : '/eda/cadence/2023-24/RHELx86/VIPCAT_11.30.093'
2025-11-19 23:38:52.794899 (20889) main____ INFO      CDS_VMANAGER       : '/eda/cadence/2023-24/RHELx86/VMANAGER_23.03.004'
2025-11-19 23:38:52.794902 (20889) main____ INFO      CDS_XCELIUM        : '/eda/cadence/2023-24/RHELx86/XCELIUM_23.03.007'
2025-11-19 23:38:52.794905 (20889) main____ INFO      DISPLAY            : 'localhost:11.0'
2025-11-19 23:38:52.794908 (20889) main____ INFO      JASPER_CPU_CHECK   : '1'
2025-11-19 23:38:52.794911 (20889) main____ INFO      JASPER_INSTALL_DIR : '/tools/cadence2425/JASPER/jasper_2024.06p002'
2025-11-19 23:38:52.794914 (20889) main____ INFO      JASPER_KERNEL_CHECK: '1'
2025-11-19 23:38:52.794916 (20889) main____ INFO      JASPER_OS_CHECK    : '1'
2025-11-19 23:38:52.794919 (20889) main____ INFO      LANG               : 'C'
2025-11-19 23:38:52.794922 (20889) main____ INFO      TMPDIR             : '/tmp'
2025-11-19 23:38:52.794924 (20889) main____ INFO    ----------------------------------------
2025-11-19 23:38:52.795314 (20889) lic_core INFO    Initializing license system ...
2025-11-19 23:38:52.796929 (20889) lic_core INFO    ... license system initialized.
2025-11-19 23:38:52.803637 (20889) lic__man INFO    Claim 'fpv' for <ui>.
2025-11-19 23:38:52.803666 (20889) lic_core INFO    (1) checking out 'jasper_fpv' ...
2025-11-19 23:38:52.846987 (20889) lic_core INFO    ... (1) checkout failed (error: -5) ("FLEXnet ERROR(-5, 0, 0): No such feature exists.")
2025-11-19 23:38:52.847003 (20889) lic_core INFO    (2) checking out 'jasper_fao' ...
2025-11-19 23:38:52.855918 (20889) lic_core INFO    ... (2) checkout succeeded
2025-11-19 23:38:52.878017 (20889) session_ INFO    Starting analysis session with session id 'session_0' (launcher: <local>) ...
2025-11-19 23:38:52.878639 (20889) session_ INFO    Analysis session with session id 'session_0' started (pid: 20907)
2025-11-19 23:38:53.393832 (20889) session_ INFO    Analysis session 'session_0' connected to the console (host: 127.0.0.1:40922)
2025-11-19 23:38:53.736933 (20889) lic__man INFO    Unclaim everything for 'session_0'.
2025-11-19 23:38:53.778923 (20889) lic__man INFO    Claim 'fpv' for 'session_0'.
2025-11-19 23:38:53.778938 (20889) lic__man INFO    Claim 'fpv' for 'session_0/prove-0'.
2025-11-19 23:38:53.882201 (20889) lic__man INFO    Unclaim everything for 'session_0/prove-0'.
2025-11-19 23:38:53.882846 (20889) main____ INFO    About to exit: request to exit with status 0 received from analysis session 'session_0'
2025-11-19 23:38:53.943271 (20889) session_ INFO    Analysis session 'session_0' disconnected.
2025-11-19 23:38:53.943331 (20889) lic__man INFO    Unclaim everything for 'session_0'.
2025-11-19 23:38:53.943400 (20889) session_ INFO    Process for analysis session 'session_0' has exited with exit status '0'.
2025-11-19 23:38:55.833039 (20889) lic_core INFO    (2) checkin jasper_fao
2025-11-19 23:38:55.834389 (20889) main____ INFO    Exiting with status 0.
