# ----------------------------------------
# Jasper Version Info
# tool      : Jasper 2024.06
# platform  : Linux 3.10.0-1062.el7.x86_64
# version   : 2024.06p002 64 bits
# build date: 2024.09.02 16:28:38 UTC
# ----------------------------------------
# started   : 2025-11-22 04:46:35 IST
# hostname  : vlsi-moon.vlsidomain
# pid       : 246261
# arguments : '-label' 'session_0' '-console' '//127.0.0.1:44140' '-nowindow' '-style' 'windows' '-exitonerror' '-data' 'AAAAznicY2RgYLCp////PwMYMD6A0Aw2jAyoAMRnQhUJbEChGRhYYZphSliAmItBl6GAoYghnyELyNNh0ANCfSA7HS6aypDMUMJQDBQ1YogHihcxJDJUAllGQPU8QN1JQH4JUE0GkC+BoUYPLJcDtg8AXtQXRQ==' '-proj' '/users/rompel/jasper_executions/safety_liveness/jgprojects/2_gray_2/sessionLogs/session_0' '-init' '-hidden' '/users/rompel/jasper_executions/safety_liveness/jgprojects/2_gray_2/.tmp/.initCmds.tcl' '2_gray_2.tcl' '-hidden' '/users/rompel/jasper_executions/safety_liveness/jgprojects/2_gray_2/.tmp/.postCmds.tcl'

Any disclosure about the Cadence Design Systems software or its use
model to any third party violates the written Non-Disclosure Agreement
between Cadence Design Systems, Inc. and the customer.

THIS SOFTWARE CONTAINS CONFIDENTIAL INFORMATION AND TRADE SECRETS OF
CADENCE DESIGN SYSTEMS, INC. USE, DISCLOSURE, OR REPRODUCTION IS
PROHIBITED WITHOUT THE PRIOR EXPRESS WRITTEN PERMISSION OF CADENCE
DESIGN SYSTEMS, INC.

Copyright (C) 2000-2024 Cadence Design Systems, Inc. All Rights
Reserved.  Unpublished -- rights reserved under the copyright laws of
the United States.

This product includes software developed by others and redistributed
according to license agreement. See doc/third_party_readme.txt for
further details.

RESTRICTED RIGHTS LEGEND

Use, duplication, or disclosure by the Government is subject to
restrictions as set forth in subparagraph (c) (1) (ii) of the Rights in
Technical Data and Computer Software clause at DFARS 252.227-7013 or
subparagraphs (c) (1) and (2) of Commercial Computer Software -- Restricted
Rights at 48 CFR 52.227-19, as applicable.


                          Cadence Design Systems, Inc.
                          2655 Seely Avenue
                          San Jose, CA 95134
                          Phone: 408.943.1234

For technical assistance visit http://support.cadence.com.

Jasper Apps Analysis Session - /users/rompel/jasper_executions/safety_liveness/jgprojects/2_gray_2/sessionLogs/session_0

WARNING (WG017): [session]: The system's locale is "ANSI_X3.4-1968", which is not UTF-8. Non-ASCII characters might not be handled correctly.
WARNING (WG017): [jg_console]: The system's locale is "ANSI_X3.4-1968", which is not UTF-8. Non-ASCII characters might not be handled correctly.
INFO: successfully checked out license "jasper_fao".
INFO: reading configuration file "/users/rompel/.config/cadence/jasper.conf".
% analyze -sv09 ../2_gray_2.sv
[-- (VERI-1482)] Analyzing Verilog file '/tools/cadence2425/JASPER/jasper_2024.06p002/lib/verilog/packages/std/std.sv' into library 'std'
[-- (VERI-1482)] Analyzing Verilog file '../2_gray_2.sv'
% elaborate -bbox_mul 1000000 -bbox_div 1000000 -bbox_mod 1000000 -bbox_a 1000000
[INFO (HIER-8002)] ../2_gray_2.sv(14): Disabling old hierarchical reference handler
[INFO (VERI-1018)] ../2_gray_2.sv(1): compiling module 'GRAY'
[WARN (VERI-1209)] ../2_gray_2.sv(9): expression size 32 truncated to fit in target size 9
INFO (ISW003): Top module name is "GRAY".
INFO (INL208): Elaboration synthesis summary:
  Number of synthesized netlists          1 (0 packages)
  Single run mode                         On
  Pipeline                                On (1 pipelined netlists)
  Late hierarchical reference connection  On
  Number of analyzed Verilog modules      1 (1 synthesized)
  Number of analyzed VHDL entities        0 (0 synthesized)
INFO (INL003): Clearing all state information (assumes, stopats, and so forth).
GRAY
[<embedded>] % reset rst
INFO (IPM031): Clearing proof results of all properties.
INFO (IRS006): Current reset condition is "rst".
[<embedded>] % clock clk
[<embedded>] % prove -all
Ncustom1: Custom engine code is hT3Ng7hPPfiYQOTDZ3qhYOwGAM51eA+J/FjkM5shLioAsqhgLR4Ft+O1BuKG6ilQ83B9tLXSl+CwjiTMAQA
Bcustom2: Custom engine code is hT3Nm7hPr1Vp3Di1Ra2USNIGL4JypRnLKLAdF6JAyuavO2JfGCiY9OZJhcAcOUnLx5xwNdhILGrAWX9s+z2WDkKwNR7tAfClBEjRFVQeq6DU54boFgEA
AMcustom3: Custom engine code is hT3Ng7hP/feYQOTDZ3qhYOwGAM51eA+J/FjkM5shLioAsqhgLR4Ft+O1BuKG6ilQ83B9tLXSmmqwm7g9AQA
Mpcustom4: Custom engine code is hT3NZbhP9fmY2AbBQnsjfOxn6c+6e6yL+/e8fZFmaQrnlgEA
INFO (IPF036): Starting proof on task: "<embedded>", 1 properties to prove with 0 already proven/unreachable
INFO (IRS029): Starting reset analysis: phase 1 of 4.
INFO (IRS030): Running reset analysis: phase 2 of 4.
INFO (IRS031): Running reset analysis: phase 3 of 4.
INFO (IRS020): Starting the reset analysis simulation with a limit of 100 iterations (phase 4 of 4).
INFO (IRS024): Reset iterations 0 to 4 analyzed.
INFO (IRS018): Reset analysis simulation executed for 3 iterations. Assigned values for 9 of 18 design flops, 0 of 0 design latches, 14 of 14 internal elements.
INFO (IRS039): Reset analysis complete.
INFO (IPF031): Settings used for proof thread 0:
    orchestration                 = on
    time_limit                    = 86400s
    per_property_time_limit       = 1s * 10 ^ scan
    engine_mode                   = auto
    proofgrid_per_engine_max_jobs = 1
    max engine jobs               = auto
    proofgrid_mode                = local
    proofgrid_restarts            = 10
0: Using multistage preprocessing
0: Starting reduce
AMcustom5: Custom engine code is hT3N1rhP11/52HrFRS21ROp2LOjVTgPvT8L8BGXHgLhaIuqtT4nARFjUqrBL+7pLmaTOzBepZW/Jm8SSrHDybSQtoNiO3y43wk+dEoWlsZizu97Fih6O6lPVG/LpWP5SsUPwlGagLNa1FKEFvwVXyX7//8prySbvSxIHXr5er+z4RAEA
Ncustom6: Custom engine code is hT3OXrhPByJp3TrFSTLhUmMH4KVtJgmTCnNDF46yMXOKY48m4LS5nE7yBzFjA7kDuwO/GhGUpEPiky3p3wmPn3dJZHxFMsafSoObRzSC+tn7sEY0WbTdZ/FV4hL3MYH/b1CIUvXSWR4wqEoVLsmMOD4xIPT4lI1LO6ZCO7PnnWQuLwetnvKlrXx6wCW/A+x+enqslg1YPobi4wEF/EvbzOvcTYdJvl2s4H2yZg2b2ofAVN5WvhWk1HoBAA
ADcustom7: Custom engine code is hT3Nv7hPv1752HrFRa2kROx2f/ECJeZB2AZsLdlO8VwmIuqtT4nIDFXclhg+O+o+DMmQCekbheGk0kK28laA9gaOFDXsQp29J3X615HY1IPHJWd6FUFvCHjO+p1k652b5JJvZlShNpGlGSXAiQe/mEAj6tEBAA
0: Finished reduce in 0s
Tricustom8: Custom engine code is hT3Nu7hPt1752DvFRa0kNDiyIV97VyejwM9C/jCLJjdPvusZONHY42VYUy0Q1ZotnhcVtNc56tJ5wbxv6V2+XpdsaSlHck5vfnbYjdwj1OECy9U+7oSQ0SZE3g5ayD+Phuh4odCJTjeKa2k4elM9ldQfkAEA
Gcustom9: Custom engine code is hT3NibhPDfeYQADBZnYcglOvK9Pfd7EOeniIqP8jNsyIqInncipMGcUXqAadachREE9F2PwhBUZUNw5kHnd4JdXkamORRgEA
C2custom10: Custom engine code is hT3NirhPjfWYQADBZnYcglOvK9Pfd7EOeniIqP8jNsyIqInncgkrYMMXCYbdK0dUjZIF9d4cJ0rHoBDjwVLBKuG86XYVV00BAA
AGcustom11: Custom engine code is hT3NirhP/fmYQADBZnYcglOvK9Pfd7EOeniIqP8jNsyIqInnckcwYMMXCYbdK0dUjZIF9d4cJ0rHoBDjwVLBKuHEZnZByh0BAA
0.0.PRE: Performing Proof Simplification...
Bcustom12: Custom engine code is hT3NjrhPDfiYQADBZnYcglOvK9PfWxFtenjIyBqfrgr7if/jL/yPOuK1BAflEcW0DxNH2eDIoezN2gxlQFg81RZtiWXh7aiTAidvAQA
0.0.N: clocks: 1, declared: 1, looping: 0, posedge: 1, negedge: 0, noedge: 0, bothedge: 0
Ncustom13: Custom engine code is hT3NR7hPByFp3TrFSTLhUmMH4KWtJglTyV/c51BHEeZWamnJv767nE6PCak26bd3gf3XGN3rIRheufhDieCJQVISo+gNYUKhiUedBKGtsP/a18svAnlMJZudHxDFwK5ufsyoxsIyiAeSY2oi3tEuoDHr5gw42DFKAG3PqO3CEsl8Azzdt3pl5nGA1Ifv2H02eYsFzWb/nfp8PMb3F0krE/EgBcm8TD9Div8BAA
0.0.N: Proof Simplification Iteration 1	[0.00 s]
Tricustom14: Custom engine code is hT3Nu7hP3fiYQADBZnYcglNHp9bfd7EOeniIqP/ji8sGLQu8yhsFO+wxJ+O+R0bU8g/IewXFomyos+viQnWc2xYNYmMqpo3i40O7DaZR7qfp4YqNx26KRvQ/qx0BAA
0.0.N: Proof Simplification Iteration 2	[0.00 s]
0.0.N: Proof Simplification Iteration 3	[0.00 s]
0.0.N: Proof Simplification Iteration 4	[0.00 s]
0.0.PRE: A proof was found: No trace exists. [0.00 s]
INFO (IPF057): 0.0.PRE: The property ":noDeadEnd" was proven in 0.00 s.
    Use check_assumptions -show -dead_end to show this property in the property table.
0.0.PRE: A proof was found: No trace exists. [0.00 s]
INFO (IPF057): 0.0.PRE: The property ":noConflict" was proven in 0.00 s.
    Use check_assumptions -show to show this property in the property table.
INFO (IPF047): 0.0.PRE: The cover property ":live" was covered in 1 cycles in 0.00 s.
    Use check_assumptions -show -live to show this property in the property table.
0.0.PRE: Proof Simplification completed in 0.00 s
0: About to start ProofGrid in its own thread with a limit of 10000 pending notifications and a limit of 10 traces.
0: =============================== ProofGrid start ===============================
0: ProofGrid usable level: 1
0: Initial ProofGrid level: 1
0: ProofGrid is starting event handling
0.0.N: Proofgrid shell started at 246326@vlsi-moon(local) jg_246261_vlsi-moon_1
0.0.Hp: Proofgrid shell started at 246327@vlsi-moon(local) jg_246261_vlsi-moon_1
0.0.Hp: clocks: 1, declared: 1, looping: 0, posedge: 1, negedge: 0, noedge: 0, bothedge: 0
0.0.Hp: Last scan. Per property time limit: 0s
0.0.N: clocks: 1, declared: 1, looping: 0, posedge: 1, negedge: 0, noedge: 0, bothedge: 0
0.0.N: Last scan. Per property time limit: 0s
0.0.N: Starting proof for property "GRAY.p1"	[0.00 s].
0.0.Hp: Trace Attempt  1	[0.00 s]
0.0.Hp: Trace Attempt  2	[0.00 s]
0.0.Hp: Trace Attempt  3	[0.00 s]
0.0.N: Trace Attempt  1	[0.00 s]
0.0.Hp: Trace Attempt  4	[0.00 s]
0.0.N: Trace Attempt  2	[0.00 s]
0.0.N: Trace Attempt  3	[0.00 s]
0.0.Hp: Trace Attempt  5	[0.01 s]
0.0.N: Trace Attempt  3	[0.01 s]
0.0.N: Trace Attempt  4	[0.01 s]
0.0.N: Trace Attempt  4	[0.01 s]
0.0.N: Trace Attempt  5	[0.01 s]
0.0.N: Trace Attempt  1	[0.03 s]
0.0.N: Trace Attempt  2	[0.03 s]
0.0.N: Trace Attempt  3	[0.03 s]
0.0.N: Trace Attempt  4	[0.03 s]
0.0.N: Trace Attempt  5	[0.03 s]
0.0.B: Proofgrid shell started at 246360@vlsi-moon(local) jg_246261_vlsi-moon_1
0.0.B: clocks: 1, declared: 1, looping: 0, posedge: 1, negedge: 0, noedge: 0, bothedge: 0
0.0.B: Last scan. Per property time limit: 0s
0.0.B: Starting proof for property "GRAY.p1"	[0.00 s].
0.0.B: Trace Attempt  1	[0.00 s]
0.0.B: Trace Attempt  2	[0.00 s]
0.0.B: Trace Attempt  3	[0.00 s]
0.0.B: Trace Attempt  4	[0.00 s]
0.0.AM: Proofgrid shell started at 246361@vlsi-moon(local) jg_246261_vlsi-moon_1
0.0.B: Trace Attempt  5	[0.00 s]
0.0.AM: clocks: 1, declared: 1, looping: 0, posedge: 1, negedge: 0, noedge: 0, bothedge: 0
0.0.AM: Last scan. Per property time limit: 0s
0.0.AM: Starting proof for property "GRAY.p1"	[0.00 s].
0.0.AM: Trace Attempt  1	[0.00 s]
0.0.Oh: Proofgrid shell started at 246359@vlsi-moon(local) jg_246261_vlsi-moon_1
0.0.AM: Trace Attempt  2	[0.00 s]
0.0.AM: Trace Attempt  3	[0.00 s]
0.0.Ht: Proofgrid shell started at 246358@vlsi-moon(local) jg_246261_vlsi-moon_1
0.0.AM: Trace Attempt  4	[0.00 s]
0.0.Oh: clocks: 1, declared: 1, looping: 0, posedge: 1, negedge: 0, noedge: 0, bothedge: 0
0.0.AM: Trace Attempt  5	[0.00 s]
0.0.Oh: Reached length limit (2147483647) [0.00 s]
0.0.Ht: clocks: 1, declared: 1, looping: 0, posedge: 1, negedge: 0, noedge: 0, bothedge: 0
0.0.AM: Trace Attempt  1	[0.00 s]
0.0.Ht: Last scan. Per property time limit: 0s
0.0.Oh: Exited with Success (@ 0.09 s)
0.0.Ht: Trace Attempt  1	[0.00 s]
0.0.Ht: Trace Attempt  2	[0.00 s]
0.0.Ht: Trace Attempt  3	[0.00 s]
0.0.Ht: Trace Attempt  4	[0.00 s]
0.0.Ht: Trace Attempt  5	[0.00 s]
0.0.AM: Trace Attempt  2	[0.01 s]
0.0.AM: Trace Attempt  3	[0.01 s]
0.0.AM: Trace Attempt  4	[0.01 s]
0.0.AM: Trace Attempt  5	[0.01 s]
0.0.AM: Trace Attempt  1	[0.02 s]
0.0.AM: Trace Attempt  2	[0.02 s]
0.0.AM: Trace Attempt  3	[0.02 s]
0.0.AM: Trace Attempt  4	[0.02 s]
0.0.AM: Trace Attempt  5	[0.02 s]
0.0.AM: Trace Attempt  1	[0.05 s]
0.0.AM: Trace Attempt  2	[0.05 s]
0.0.AM: Trace Attempt  3	[0.05 s]
0.0.AM: Trace Attempt  4	[0.06 s]
0.0.AM: Trace Attempt  5	[0.06 s]
0.0.N: Trace Attempt  1	[0.16 s]
0.0.N: Trace Attempt  2	[0.16 s]
0.0.N: Trace Attempt  3	[0.16 s]
0.0.N: Trace Attempt  4	[0.16 s]
0.0.N: Trace Attempt  5	[0.16 s]
0.0.AM: Trace Attempt  1	[0.17 s]
0.0.AM: Trace Attempt  2	[0.17 s]
0.0.AM: Trace Attempt  3	[0.18 s]
0.0.AM: Trace Attempt  4	[0.18 s]
0.0.AM: Trace Attempt  5	[0.18 s]
0.0.N: Trace Attempt  1	[0.75 s]
0.0.N: Trace Attempt  2	[0.75 s]
0.0.N: Trace Attempt  3	[0.75 s]
0.0.N: Trace Attempt  4	[0.75 s]
0.0.N: Trace Attempt  5	[0.75 s]
0.0.AM: Trace Attempt  1	[0.69 s]
0.0.AM: Trace Attempt  2	[0.69 s]
0.0.AM: Trace Attempt  3	[0.69 s]
0.0.AM: Trace Attempt  4	[0.69 s]
0.0.AM: Trace Attempt  5	[0.69 s]
0.0.N: Trace Attempt  1	[2.65 s]
0.0.N: Trace Attempt  2	[2.65 s]
0.0.N: Trace Attempt  3	[2.65 s]
0.0.N: Trace Attempt  4	[2.65 s]
0.0.N: Trace Attempt  5	[2.65 s]
0.0.AM: Trace Attempt  1	[2.64 s]
0.0.AM: Trace Attempt  2	[2.65 s]
0.0.AM: Trace Attempt  3	[2.65 s]
0.0.AM: Trace Attempt  4	[2.65 s]
0.0.AM: Trace Attempt  5	[2.65 s]
0.0.Hp: Trace Attempt 301	[4.02 s]
0.0.B: Trace Attempt 625	[4.04 s]
0.0.Ht: Trace Attempt 516	[4.22 s]
0.0.N: Trace Attempt  1	[4.57 s]
0.0.N: Trace Attempt  2	[4.58 s]
0.0.N: Trace Attempt  3	[4.58 s]
0.0.N: Trace Attempt  4	[4.58 s]
0.0.N: Trace Attempt  5	[4.58 s]
0.0.N: Trace Attempt  1	[6.50 s]
0.0.N: Trace Attempt  2	[6.50 s]
0.0.N: Trace Attempt  3	[6.50 s]
0.0.N: Trace Attempt  4	[6.51 s]
0.0.N: Trace Attempt  5	[6.51 s]
0.0.AM: Trace Attempt 161	[6.67 s]
0.0.Hp: Trace Attempt 386	[8.03 s]
0.0.B: Trace Attempt 744	[8.04 s]
0.0.Ht: Trace Attempt 608	[8.25 s]
0.0.N: Trace Attempt  1	[8.48 s]
0.0.N: Trace Attempt  2	[8.48 s]
0.0.N: Trace Attempt  3	[8.48 s]
0.0.N: Trace Attempt  4	[8.48 s]
0.0.N: Trace Attempt  5	[8.49 s]
0.0.N: Trace Attempt  1	[10.40 s]
0.0.N: Trace Attempt  2	[10.40 s]
0.0.N: Trace Attempt  3	[10.40 s]
0.0.N: Trace Attempt  4	[10.41 s]
0.0.N: Trace Attempt  5	[10.41 s]
0.0.AM: Trace Attempt 226	[10.69 s]
0.0.AM: Trace Attempt  1	[11.66 s]
0.0.AM: Trace Attempt  2	[11.66 s]
0.0.AM: Trace Attempt  3	[11.66 s]
0.0.AM: Trace Attempt  4	[11.66 s]
0.0.AM: Trace Attempt  5	[11.66 s]
0.0.Hp: Trace Attempt 442	[12.07 s]
0.0.B: Trace Attempt 845	[12.05 s]
0.0.Ht: Trace Attempt 709	[12.31 s]
0.0.N: Trace Attempt  1	[12.48 s]
0.0.N: Trace Attempt  2	[12.48 s]
0.0.N: Trace Attempt  3	[12.48 s]
0.0.N: Trace Attempt  4	[12.49 s]
0.0.N: Trace Attempt  5	[12.49 s]
0.0.AM: Trace Attempt 164	[15.69 s]
0.0.B: Trace Attempt 921	[16.08 s]
0.0.Hp: Trace Attempt 487	[16.17 s]
0.0.Ht: Trace Attempt 774	[16.32 s]
0.0.N: Trace Attempt 147	[16.55 s]
0.0.AM: Trace Attempt 232	[19.85 s]
0.0.B: Trace Attempt 993	[20.14 s]
0.0.Ht: Trace Attempt 875	[20.34 s]
0.0.N: Trace Attempt 215	[20.57 s]
0.0.Hp: Trace Attempt 514	[21.39 s]
0.0.N: Trace Attempt  1	[21.72 s]
0.0.N: Trace Attempt  2	[21.73 s]
0.0.N: Trace Attempt  3	[21.73 s]
0.0.N: Trace Attempt  4	[21.73 s]
0.0.N: Trace Attempt  5	[21.73 s]
0.0.AM: Trace Attempt 255	[23.89 s]
0.0.B: Trace Attempt 1036	[24.15 s]
0.0.Ht: Trace Attempt 954	[24.36 s]
0.0.N: Trace Attempt 147	[25.77 s]
0.0.Hp: Trace Attempt 518	[25.90 s]
0.0.AM: Trace Attempt 291	[27.89 s]
0.0.B: Trace Attempt 1066	[28.15 s]
0.0.Ht: Trace Attempt 1029	[28.41 s]
0.0.N: Trace Attempt 216	[29.81 s]
0.0.Hp: Trace Attempt 536	[30.21 s]
0.0.N: Trace Attempt  1	[30.90 s]
0.0.N: Trace Attempt  2	[30.90 s]
0.0.N: Trace Attempt  3	[30.90 s]
0.0.N: Trace Attempt  4	[30.90 s]
0.0.N: Trace Attempt  5	[30.90 s]
0.0.AM: Trace Attempt 322	[31.95 s]
0.0.B: Trace Attempt 1098	[32.25 s]
0.0.Ht: Trace Attempt 1052	[32.42 s]
0.0.N: Trace Attempt 147	[34.92 s]
0.0.Hp: Trace Attempt 556	[35.68 s]
0.0.AM: Trace Attempt 353	[35.97 s]
0.0.B: Trace Attempt 1129	[36.29 s]
0.0.Ht: Trace Attempt 1068	[37.33 s]
0.0.N: Trace Attempt 216	[38.96 s]
0.0.AM: Trace Attempt 377	[40.09 s]
0.0.N: Trace Attempt  1	[40.21 s]
0.0.N: Trace Attempt  2	[40.21 s]
0.0.N: Trace Attempt  3	[40.21 s]
0.0.N: Trace Attempt  4	[40.21 s]
0.0.N: Trace Attempt  5	[40.21 s]
0.0.B: Trace Attempt 1156	[40.40 s]
0.0.Hp: Trace Attempt 570	[40.94 s]
0.0.Ht: Trace Attempt 1104	[41.39 s]
0.0.N: Trace Attempt 148	[44.23 s]
0.0.AM: Trace Attempt 408	[44.19 s]
0.0.B: Trace Attempt 1183	[44.40 s]
0.0.Ht: Trace Attempt 1150	[45.45 s]
0.0.Hp: Trace Attempt 585	[46.21 s]
0.0.N: Trace Attempt 215	[48.24 s]
0.0.AM: Trace Attempt 431	[48.26 s]
0.0.B: Trace Attempt 1209	[48.43 s]
0.0.N: Trace Attempt  1	[49.45 s]
0.0.N: Trace Attempt  2	[49.45 s]
0.0.N: Trace Attempt  3	[49.45 s]
0.0.N: Trace Attempt  4	[49.45 s]
0.0.N: Trace Attempt  5	[49.45 s]
0.0.Ht: Trace Attempt 1190	[49.46 s]
0.0.Hp: Trace Attempt 588	[50.28 s]
0.0.AM: Trace Attempt 463	[52.35 s]
0.0.B: Trace Attempt 1235	[52.45 s]
0.0.N: Trace Attempt 147	[53.47 s]
0.0.Ht: Trace Attempt 1219	[53.48 s]
0.0.Hp: Trace Attempt 602	[54.48 s]
0.0.AM: Trace Attempt 470	[56.35 s]
0.0.B: Trace Attempt 1261	[56.48 s]
0.0.N: Trace Attempt 215	[57.48 s]
0.0.Ht: Trace Attempt 1236	[57.83 s]
0.0.N: Trace Attempt  1	[58.69 s]
0.0.N: Trace Attempt  2	[58.70 s]
0.0.N: Trace Attempt  3	[58.70 s]
0.0.N: Trace Attempt  4	[58.70 s]
0.0.N: Trace Attempt  5	[58.70 s]
0.0.Hp: Trace Attempt 610	[59.20 s]
0.0.B: Trace Attempt 1285	[60.53 s]
0.0.AM: Trace Attempt 514	[60.77 s]
0.0.Ht: Trace Attempt 1261	[61.84 s]
0.0.N: Trace Attempt 147	[62.73 s]
0.0.Hp: Trace Attempt 631	[63.28 s]
0.0.B: Trace Attempt 1308	[64.60 s]
0.0.Ht: Trace Attempt 1299	[65.89 s]
0.0.N: Trace Attempt 213	[66.77 s]
0.0.Hp: Trace Attempt 646	[67.33 s]
0.0.N: Trace Attempt  1	[68.10 s]
0.0.N: Trace Attempt  2	[68.11 s]
0.0.N: Trace Attempt  3	[68.11 s]
0.0.N: Trace Attempt  4	[68.11 s]
0.0.N: Trace Attempt  5	[68.11 s]
0.0.B: Trace Attempt 1330	[68.70 s]
0.0.AM: Trace Attempt 517	[69.64 s]
0.0.Ht: Trace Attempt 1331	[70.01 s]
0.0.AM: Trace Attempt  1	[70.52 s]
0.0.AM: Trace Attempt  2	[70.52 s]
0.0.AM: Trace Attempt  3	[70.52 s]
0.0.AM: Trace Attempt  4	[70.53 s]
0.0.AM: Trace Attempt  5	[70.53 s]
0.0.N: Trace Attempt 147	[72.11 s]
0.0.Hp: Trace Attempt 658	[72.32 s]
0.0.B: Trace Attempt 1349	[72.76 s]
0.0.Ht: Trace Attempt 1366	[74.04 s]
0.0.AM: Trace Attempt 134	[74.58 s]
0.0.N: Trace Attempt 216	[76.13 s]
0.0.Hp: Trace Attempt 668	[76.35 s]
0.0.B: Trace Attempt 1370	[76.80 s]
0.0.N: Trace Attempt  1	[77.34 s]
0.0.N: Trace Attempt  2	[77.34 s]
0.0.N: Trace Attempt  3	[77.34 s]
0.0.N: Trace Attempt  4	[77.34 s]
0.0.N: Trace Attempt  5	[77.34 s]
0.0.Ht: Trace Attempt 1396	[78.06 s]
0.0.AM: Trace Attempt 194	[78.59 s]
0.0.Hp: Trace Attempt 679	[80.89 s]
0.0.B: Trace Attempt 1391	[80.94 s]
0.0.N: Trace Attempt 147	[81.35 s]
0.0.Ht: Trace Attempt 1427	[82.08 s]
0.0.AM: Trace Attempt 241	[82.63 s]
0.0.B: Trace Attempt 1413	[85.02 s]
0.0.Hp: Trace Attempt 691	[85.17 s]
0.0.N: Trace Attempt 216	[85.38 s]
0.0.Ht: Trace Attempt 1452	[86.18 s]
0.0.N: Trace Attempt  1	[86.54 s]
0.0.N: Trace Attempt  2	[86.55 s]
0.0.N: Trace Attempt  3	[86.55 s]
0.0.N: Trace Attempt  4	[86.55 s]
0.0.N: Trace Attempt  5	[86.55 s]
0.0.AM: Trace Attempt 261	[86.80 s]
0.0.B: Trace Attempt 1433	[89.08 s]
0.0.Hp: Trace Attempt 708	[89.19 s]
0.0.N: Trace Attempt 149	[90.70 s]
0.0.AM: Trace Attempt 289	[90.87 s]
0.0.Ht: Trace Attempt 1469	[91.39 s]
0.0.B: Trace Attempt 1452	[93.24 s]
0.0.Hp: Trace Attempt 724	[93.42 s]
0.0.N: Trace Attempt 220	[94.72 s]
0.0.AM: Trace Attempt 314	[94.90 s]
0.0.Ht: Trace Attempt 1504	[95.46 s]
0.0.N: Trace Attempt  1	[95.78 s]
0.0.N: Trace Attempt  2	[95.78 s]
0.0.N: Trace Attempt  3	[95.78 s]
0.0.N: Trace Attempt  4	[95.78 s]
0.0.N: Trace Attempt  5	[95.78 s]
0.0.B: Trace Attempt 1470	[97.26 s]
0.0.Hp: Trace Attempt 734	[97.89 s]
0.0.AM: Trace Attempt 341	[98.93 s]
0.0.Ht: Trace Attempt 1518	[99.47 s]
0.0.N: Trace Attempt 147	[99.80 s]
0.0.B: Trace Attempt 1487	[101.30 s]
0.0.Hp: Trace Attempt 738	[102.76 s]
0.0.AM: Trace Attempt 365	[103.19 s]
0.0.Ht: Trace Attempt 1543	[103.62 s]
0.0.N: Trace Attempt 215	[103.81 s]
0.0.N: Trace Attempt  1	[105.11 s]
0.0.N: Trace Attempt  2	[105.11 s]
0.0.N: Trace Attempt  3	[105.11 s]
0.0.N: Trace Attempt  4	[105.11 s]
0.0.N: Trace Attempt  5	[105.11 s]
0.0.B: Trace Attempt 1505	[105.51 s]
0.0.Hp: Trace Attempt 747	[107.07 s]
0.0.AM: Trace Attempt 383	[107.33 s]
0.0.Ht: Trace Attempt 1565	[107.67 s]
0.0.N: Trace Attempt 147	[109.12 s]
0.0.B: Trace Attempt 1522	[109.71 s]
0.0.AM: Trace Attempt 404	[111.59 s]
0.0.Ht: Trace Attempt 1587	[111.98 s]
0.0.Hp: Trace Attempt 762	[112.56 s]
0.0.N: Trace Attempt 216	[113.15 s]
0.0.B: Trace Attempt 1538	[113.93 s]
0.0.N: Trace Attempt  1	[114.35 s]
0.0.N: Trace Attempt  2	[114.36 s]
0.0.N: Trace Attempt  3	[114.36 s]
0.0.N: Trace Attempt  4	[114.36 s]
0.0.N: Trace Attempt  5	[114.36 s]
0.0.AM: Trace Attempt 423	[115.76 s]
0.0.Ht: Trace Attempt 1609	[116.04 s]
0.0.Hp: Trace Attempt 772	[117.04 s]
0.0.B: Trace Attempt 1554	[118.00 s]
0.0.N: Trace Attempt 149	[118.50 s]
0.0.AM: Trace Attempt 445	[119.84 s]
0.0.Ht: Trace Attempt 1629	[121.24 s]
0.0.Hp: Trace Attempt 785	[121.35 s]
0.0.B: Trace Attempt 1570	[122.03 s]
0.0.N: Trace Attempt 220	[122.52 s]
0.0.N: Trace Attempt  1	[123.54 s]
0.0.N: Trace Attempt  2	[123.54 s]
0.0.N: Trace Attempt  3	[123.54 s]
0.0.N: Trace Attempt  4	[123.55 s]
0.0.N: Trace Attempt  5	[123.55 s]
0.0.AM: Trace Attempt 470	[123.96 s]
0.0.Hp: Trace Attempt 801	[125.47 s]
0.0.B: Trace Attempt 1586	[126.04 s]
0.0.N: Trace Attempt 148	[127.55 s]
0.0.Ht: Trace Attempt 1648	[127.88 s]
0.0.B: Trace Attempt 1603	[130.18 s]
0.0.Hp: Trace Attempt 820	[130.74 s]
0.0.N: Trace Attempt 218	[131.62 s]
0.0.Ht: Trace Attempt 1669	[132.03 s]
0.0.N: Trace Attempt  1	[132.86 s]
0.0.N: Trace Attempt  2	[132.86 s]
0.0.N: Trace Attempt  3	[132.86 s]
0.0.N: Trace Attempt  4	[132.86 s]
0.0.N: Trace Attempt  5	[132.86 s]
0.0.B: Trace Attempt 1620	[134.24 s]
0.0.Hp: Trace Attempt 824	[135.30 s]
0.0.Ht: Trace Attempt 1673	[136.05 s]
0.0.N: Trace Attempt 148	[136.88 s]
0.0.AM: Trace Attempt 484	[138.23 s]
0.0.B: Trace Attempt 1636	[138.43 s]
0.0.Ht: Trace Attempt 1696	[140.16 s]
0.0.Hp: Trace Attempt 834	[140.69 s]
0.0.N: Trace Attempt 218	[140.96 s]
0.0.B: Trace Attempt 1651	[142.59 s]
0.0.N: Trace Attempt  1	[142.67 s]
0.0.N: Trace Attempt  2	[142.67 s]
0.0.N: Trace Attempt  3	[142.67 s]
0.0.N: Trace Attempt  4	[142.67 s]
0.0.N: Trace Attempt  5	[142.67 s]
0.0.AM: Trace Attempt 489	[142.98 s]
0.0.Ht: Trace Attempt 1717	[144.30 s]
0.0.Hp: Trace Attempt 838	[146.18 s]
0.0.N: Trace Attempt 143	[146.73 s]
0.0.B: Trace Attempt 1666	[146.81 s]
0.0.Ht: Trace Attempt 1736	[148.55 s]
0.0.N: Trace Attempt 228	[150.77 s]
0.0.B: Trace Attempt 1681	[151.12 s]
0.0.Ht: Trace Attempt 1757	[152.66 s]
0.0.Hp: Trace Attempt 842	[153.62 s]
0.0.N: Trace Attempt 247	[154.78 s]
0.0.B: Trace Attempt 1695	[155.29 s]
0.0.Ht: Trace Attempt 1779	[156.68 s]
0.0.Hp: Trace Attempt 847	[157.65 s]
0.0.N: Trace Attempt 273	[158.82 s]
0.0.B: Trace Attempt 1708	[159.51 s]
0.0.Ht: Trace Attempt 1800	[160.77 s]
0.0.N: Trace Attempt 303	[162.87 s]
0.0.Hp: Trace Attempt 853	[162.94 s]
0.0.B: Trace Attempt 1721	[163.68 s]
0.0.AM: Trace Attempt 490	[166.83 s]
0.0.N: Trace Attempt 344	[167.00 s]
0.0.Ht: Trace Attempt 1820	[167.13 s]
0.0.Hp: Trace Attempt 857	[167.44 s]
0.0.B: Trace Attempt 1734	[167.89 s]
0.0.N: Trace Attempt 365	[171.08 s]
0.0.AM: Trace Attempt 492	[171.01 s]
0.0.Ht: Trace Attempt 1841	[171.18 s]
0.0.Hp: Trace Attempt 866	[171.57 s]
0.0.B: Trace Attempt 1747	[172.06 s]
0.0.N: Trace Attempt 389	[175.12 s]
0.0.AM: Trace Attempt 498	[175.09 s]
0.0.Hp: Trace Attempt 882	[175.60 s]
0.0.B: Trace Attempt 1760	[176.12 s]
0.0.Ht: Trace Attempt 1851	[176.65 s]
0.0.N: Trace Attempt 416	[179.14 s]
0.0.AM: Trace Attempt 506	[179.18 s]
0.0.B: Trace Attempt 1775	[180.23 s]
0.0.Hp: Trace Attempt 892	[180.52 s]
0.0.Ht: Trace Attempt 1870	[180.83 s]
0.0.N: Trace Attempt 429	[181.19 s]
0.0.N: Stopped processing property "GRAY.p1"	[181.25 s].
0.0.N: Morphing to Ncustom1
0.0.N: All properties determined. [0.00 s]
0.0.N: Exited with Success (@ 0.00 s)
0.0.Ncustom1: clocks: 1, declared: 1, looping: 0, posedge: 1, negedge: 0, noedge: 0, bothedge: 0
0.0.Ncustom1: Starting proof for property "GRAY.p1"	[0.00 s].
0.0.Ncustom1: Trace Attempt 256	[0.02 s]
0.0.B: Trace Attempt 1778	[181.06 s]
0.0.B: Stopped processing property "GRAY.p1"	[181.21 s].
0.0.B: Morphing to Bcustom2
0.0.B: All properties determined. [0.00 s]
0.0.B: Exited with Success (@ 0.00 s)
0.0.Bcustom2: clocks: 1, declared: 1, looping: 0, posedge: 1, negedge: 0, noedge: 0, bothedge: 0
0.0.Bcustom2: Starting proof for property "GRAY.p1"	[0.00 s].
0.0.Bcustom2: Trace Attempt  1	[0.00 s]
0.0.Bcustom2: Trace Attempt  2	[0.00 s]
0.0.Bcustom2: Trace Attempt  3	[0.00 s]
0.0.Bcustom2: Trace Attempt  1	[0.00 s]
0.0.Bcustom2: Trace Attempt  2	[0.00 s]
0.0.Bcustom2: Trace Attempt  3	[0.00 s]
0.0.Bcustom2: Trace Attempt  4	[0.00 s]
0.0.Bcustom2: Trace Attempt  5	[0.00 s]
0.0.Bcustom2: Trace Attempt  1	[0.00 s]
0.0.Bcustom2: Trace Attempt  2	[0.00 s]
0.0.Bcustom2: Trace Attempt  3	[0.00 s]
0.0.Bcustom2: Trace Attempt  4	[0.00 s]
0.0.Bcustom2: Trace Attempt  5	[0.00 s]
0.0.Tri: Proofgrid shell started at 247853@vlsi-moon(local) jg_246261_vlsi-moon_1
0.0.Tri: clocks: 1, declared: 1, looping: 0, posedge: 1, negedge: 0, noedge: 0, bothedge: 0
0.0.Bcustom2: Trace Attempt  1	[0.01 s]
0.0.Bcustom2: Trace Attempt  2	[0.01 s]
0.0.Bcustom2: Trace Attempt  3	[0.01 s]
0.0.Bcustom2: Trace Attempt  4	[0.01 s]
0.0.Bcustom2: Trace Attempt  5	[0.01 s]
0.0.Tri: Last scan. Per property time limit: 0s
0.0.Tri: Starting proof for property "GRAY.p1"	[0.00 s].
0.0.Tri: Trace Attempt  1	[0.00 s]
0.0.Bcustom2: Trace Attempt  1	[0.02 s]
0.0.Bcustom2: Trace Attempt  2	[0.02 s]
0.0.Bcustom2: Trace Attempt  3	[0.02 s]
0.0.Bcustom2: Trace Attempt  4	[0.02 s]
0.0.Bcustom2: Trace Attempt  5	[0.02 s]
0.0.Bcustom2: Trace Attempt  1	[0.05 s]
0.0.Bcustom2: Trace Attempt  2	[0.05 s]
0.0.Bcustom2: Trace Attempt  3	[0.05 s]
0.0.Bcustom2: Trace Attempt  4	[0.06 s]
0.0.Bcustom2: Trace Attempt  5	[0.06 s]
0.0.Tri:    0.00" ---- Launching main thread ----
0.0.AM: Trace Attempt 508	[180.47 s]
0.0.AM: Stopped processing property "GRAY.p1"	[181.29 s].
0.0.AM: Morphing to AMcustom3
0.0.AM: All properties determined. [0.00 s]
0.0.AM: Exited with Success (@ 0.00 s)
0.0.AMcustom3: clocks: 1, declared: 1, looping: 0, posedge: 1, negedge: 0, noedge: 0, bothedge: 0
0.0.AMcustom3: Starting proof for property "GRAY.p1"	[0.00 s].
0.0.AMcustom3: Trace Attempt  1	[0.00 s]
0.0.AMcustom3: Trace Attempt  2	[0.00 s]
0.0.AMcustom3: Trace Attempt  3	[0.00 s]
0.0.AMcustom3: Trace Attempt  4	[0.00 s]
0.0.AMcustom3: Trace Attempt  5	[0.00 s]
0.0.AMcustom3: Trace Attempt  1	[0.00 s]
0.0.AMcustom3: Trace Attempt  2	[0.00 s]
0.0.AMcustom3: Trace Attempt  3	[0.01 s]
0.0.AMcustom3: Trace Attempt  4	[0.01 s]
0.0.AMcustom3: Trace Attempt  5	[0.01 s]
0.0.AMcustom3: Trace Attempt  1	[0.02 s]
0.0.AMcustom3: Trace Attempt  2	[0.02 s]
0.0.AMcustom3: Trace Attempt  3	[0.02 s]
0.0.AMcustom3: Trace Attempt  4	[0.02 s]
0.0.AMcustom3: Trace Attempt  5	[0.02 s]
0.0.Tri:    0.05" ---- Launching abstraction thread ----
0.0.Tri:    0.05" ---- Launching multi-phase simplification thread ----
0.0.AMcustom3: Trace Attempt  1	[0.05 s]
0.0.Bcustom2: Trace Attempt  1	[0.13 s]
0.0.Bcustom2: Trace Attempt  2	[0.13 s]
0.0.Bcustom2: Trace Attempt  3	[0.13 s]
0.0.Bcustom2: Trace Attempt  4	[0.13 s]
0.0.Bcustom2: Trace Attempt  5	[0.13 s]
0.0.AMcustom3: Trace Attempt  2	[0.05 s]
0.0.AMcustom3: Trace Attempt  3	[0.05 s]
0.0.AMcustom3: Trace Attempt  4	[0.05 s]
0.0.AMcustom3: Trace Attempt  5	[0.05 s]
0.0.Tri:    0.08" ---- Launching liveness simplification thread ----
0.0.AMcustom3: Trace Attempt  1	[0.17 s]
0.0.AMcustom3: Trace Attempt  2	[0.17 s]
0.0.AMcustom3: Trace Attempt  3	[0.17 s]
0.0.AMcustom3: Trace Attempt  4	[0.18 s]
0.0.AMcustom3: Trace Attempt  5	[0.18 s]
0.0.Bcustom2: Trace Attempt  1	[0.31 s]
0.0.Bcustom2: Trace Attempt  2	[0.31 s]
0.0.Bcustom2: Trace Attempt  3	[0.31 s]
0.0.Bcustom2: Trace Attempt  4	[0.31 s]
0.0.Bcustom2: Trace Attempt  5	[0.31 s]
0.0.Ncustom1: Trace Attempt  1	[0.45 s]
0.0.Ncustom1: Trace Attempt  2	[0.45 s]
0.0.Ncustom1: Trace Attempt  3	[0.45 s]
0.0.Ncustom1: Trace Attempt  4	[0.45 s]
0.0.Ncustom1: Trace Attempt  5	[0.45 s]
0.0.AMcustom3: Trace Attempt  1	[0.67 s]
0.0.AMcustom3: Trace Attempt  2	[0.67 s]
0.0.AMcustom3: Trace Attempt  3	[0.67 s]
0.0.AMcustom3: Trace Attempt  4	[0.68 s]
0.0.AMcustom3: Trace Attempt  5	[0.68 s]
0.0.Tri:    0.91" Simplification phase 1 complete
0.0.Bcustom2: Trace Attempt  1	[0.99 s]
0.0.Bcustom2: Trace Attempt  2	[0.99 s]
0.0.Bcustom2: Trace Attempt  3	[0.99 s]
0.0.Bcustom2: Trace Attempt  4	[0.99 s]
0.0.Bcustom2: Trace Attempt  5	[0.99 s]
0.0.Bcustom2: Trace Attempt 83	[1.00 s]
0.0.Bcustom2: Stopped processing property "GRAY.p1"	[1.01 s].
0.0.AMcustom3: Trace Attempt 40	[0.91 s]
0.0.AMcustom3: Stopped processing property "GRAY.p1"	[0.93 s].
0.0.Bcustom2: Morphing to D
0.0.Bcustom2: All properties determined. [0.00 s]
0.0.Bcustom2: Exited with Success (@ 0.00 s)
0.0.AMcustom3: Morphing to M
0.0.AMcustom3: All properties determined. [0.00 s]
0.0.AMcustom3: Exited with Success (@ 0.00 s)
0.0.D: clocks: 1, declared: 1, looping: 0, posedge: 1, negedge: 0, noedge: 0, bothedge: 0
0.0.D: Starting proof for property "GRAY.p1"	[0.00 s].
0.0.M: clocks: 1, declared: 1, looping: 0, posedge: 1, negedge: 0, noedge: 0, bothedge: 0
0.0.M: Starting proof for property "GRAY.p1"	[0.00 s].
0.0.D: Trace Attempt  1	[0.00 s]
0.0.M: Trace Attempt  1	[0.00 s]
0.0.D: Trace Attempt  2	[0.00 s]
0.0.D: Trace Attempt  3	[0.00 s]
0.0.M: Trace Attempt  2	[0.00 s]
0.0.M: Trace Attempt  3	[0.00 s]
0.0.D: Trace Attempt  4	[0.00 s]
0.0.M: Trace Attempt  4	[0.01 s]
0.0.M: Trace Attempt  5	[0.01 s]
0.0.Tri:    0.97" ---- Completed liveness simplification thread ----
0.0.Tri: Stopped processing property "GRAY.p1"	[1.03 s].
0.0.Tri: Morphing to AMcustom5
0.0.Tri: All properties determined. [0.00 s]
0.0.Tri: Exited with Success (@ 0.00 s)
0.0.AMcustom5: clocks: 1, declared: 1, looping: 0, posedge: 1, negedge: 0, noedge: 0, bothedge: 0
0.0.AMcustom5: Starting proof for property "GRAY.p1"	[0.00 s].
0.0.AMcustom5: Trace Attempt  1	[0.00 s]
0.0.AMcustom5: Trace Attempt  2	[0.00 s]
0.0.AMcustom5: Trace Attempt  3	[0.00 s]
0.0.AMcustom5: Trace Attempt  1	[0.00 s]
0.0.AMcustom5: Trace Attempt  2	[0.00 s]
0.0.AMcustom5: Trace Attempt  3	[0.01 s]
0.0.AMcustom5: Trace Attempt  4	[0.01 s]
0.0.AMcustom5: Trace Attempt  5	[0.01 s]
0.0.AMcustom5: Trace Attempt  1	[0.01 s]
0.0.AMcustom5: Trace Attempt  2	[0.01 s]
0.0.AMcustom5: Trace Attempt  3	[0.01 s]
0.0.AMcustom5: Trace Attempt  4	[0.01 s]
0.0.AMcustom5: Trace Attempt  5	[0.01 s]
0.0.AMcustom5: Trace Attempt  1	[0.01 s]
0.0.AMcustom5: Trace Attempt  2	[0.01 s]
0.0.AMcustom5: Trace Attempt  3	[0.01 s]
0.0.AMcustom5: Trace Attempt  4	[0.01 s]
0.0.AMcustom5: Trace Attempt  5	[0.02 s]
0.0.AMcustom5: Trace Attempt  1	[0.03 s]
0.0.AMcustom5: Trace Attempt  2	[0.03 s]
0.0.AMcustom5: Trace Attempt  3	[0.03 s]
0.0.AMcustom5: Trace Attempt  4	[0.03 s]
0.0.AMcustom5: Trace Attempt  5	[0.03 s]
0.0.AMcustom5: Trace Attempt  1	[0.03 s]
0.0.AMcustom5: Trace Attempt  2	[0.03 s]
0.0.AMcustom5: Trace Attempt  3	[0.04 s]
0.0.AMcustom5: Trace Attempt  4	[0.04 s]
0.0.AMcustom5: Trace Attempt  5	[0.04 s]
0.0.AMcustom5: Trace Attempt  1	[0.04 s]
0.0.AMcustom5: Trace Attempt  2	[0.05 s]
0.0.AMcustom5: Trace Attempt  3	[0.05 s]
0.0.AMcustom5: Trace Attempt  4	[0.05 s]
0.0.AMcustom5: Trace Attempt  5	[0.05 s]
0.0.AMcustom5: Trace Attempt  1	[0.10 s]
0.0.AMcustom5: Trace Attempt  2	[0.10 s]
0.0.AMcustom5: Trace Attempt  3	[0.10 s]
0.0.AMcustom5: Trace Attempt  4	[0.10 s]
0.0.AMcustom5: Trace Attempt  5	[0.10 s]
0.0.AMcustom5: Trace Attempt  1	[0.10 s]
0.0.AMcustom5: Trace Attempt  2	[0.10 s]
0.0.AMcustom5: Trace Attempt  3	[0.10 s]
0.0.AMcustom5: Trace Attempt  4	[0.10 s]
0.0.AMcustom5: Trace Attempt  5	[0.11 s]
0.0.AMcustom5: Trace Attempt  1	[0.12 s]
0.0.AMcustom5: Trace Attempt  2	[0.12 s]
0.0.AMcustom5: Trace Attempt  3	[0.12 s]
0.0.AMcustom5: Trace Attempt  4	[0.12 s]
0.0.AMcustom5: Trace Attempt  5	[0.12 s]
0.0.AMcustom5: Trace Attempt  1	[0.15 s]
0.0.AMcustom5: Trace Attempt  2	[0.15 s]
0.0.AMcustom5: Trace Attempt  3	[0.15 s]
0.0.AMcustom5: Trace Attempt  4	[0.16 s]
0.0.AMcustom5: Trace Attempt  5	[0.16 s]
0.0.AMcustom5: Trace Attempt  1	[0.32 s]
0.0.AMcustom5: Trace Attempt  2	[0.32 s]
0.0.AMcustom5: Trace Attempt  3	[0.32 s]
0.0.AMcustom5: Trace Attempt  4	[0.32 s]
0.0.AMcustom5: Trace Attempt  5	[0.32 s]
0.0.AMcustom5: Trace Attempt  1	[0.32 s]
0.0.AMcustom5: Trace Attempt  2	[0.33 s]
0.0.AMcustom5: Trace Attempt  3	[0.33 s]
0.0.AMcustom5: Trace Attempt  4	[0.33 s]
0.0.AMcustom5: Trace Attempt  5	[0.33 s]
0.0.AMcustom5: Trace Attempt  1	[0.34 s]
0.0.AMcustom5: Trace Attempt  2	[0.34 s]
0.0.AMcustom5: Trace Attempt  3	[0.34 s]
0.0.AMcustom5: Trace Attempt  4	[0.34 s]
0.0.AMcustom5: Trace Attempt  5	[0.34 s]
0.0.AMcustom5: Trace Attempt  1	[0.39 s]
0.0.AMcustom5: Trace Attempt  2	[0.39 s]
0.0.AMcustom5: Trace Attempt  3	[0.39 s]
0.0.AMcustom5: Trace Attempt  4	[0.39 s]
0.0.AMcustom5: Trace Attempt  5	[0.39 s]
0.0.AMcustom5: Trace Attempt  1	[0.57 s]
0.0.AMcustom5: Trace Attempt  2	[0.57 s]
0.0.AMcustom5: Trace Attempt  3	[0.57 s]
0.0.AMcustom5: Trace Attempt  4	[0.57 s]
0.0.AMcustom5: Trace Attempt  5	[0.57 s]
0.0.AMcustom5: Trace Attempt  1	[1.26 s]
0.0.AMcustom5: Trace Attempt  2	[1.26 s]
0.0.AMcustom5: Trace Attempt  3	[1.26 s]
0.0.AMcustom5: Trace Attempt  4	[1.26 s]
0.0.AMcustom5: Trace Attempt  5	[1.26 s]
0.0.AMcustom5: Trace Attempt  1	[1.26 s]
0.0.AMcustom5: Trace Attempt  2	[1.26 s]
0.0.AMcustom5: Trace Attempt  3	[1.26 s]
0.0.AMcustom5: Trace Attempt  4	[1.26 s]
0.0.AMcustom5: Trace Attempt  5	[1.26 s]
0.0.AMcustom5: Trace Attempt  1	[1.27 s]
0.0.AMcustom5: Trace Attempt  2	[1.27 s]
0.0.AMcustom5: Trace Attempt  3	[1.27 s]
0.0.AMcustom5: Trace Attempt  4	[1.28 s]
0.0.AMcustom5: Trace Attempt  5	[1.28 s]
0.0.AMcustom5: Trace Attempt  1	[1.31 s]
0.0.AMcustom5: Trace Attempt  2	[1.32 s]
0.0.AMcustom5: Trace Attempt  3	[1.32 s]
0.0.AMcustom5: Trace Attempt  4	[1.32 s]
0.0.AMcustom5: Trace Attempt  5	[1.32 s]
0.0.AMcustom5: Trace Attempt  1	[1.45 s]
0.0.AMcustom5: Trace Attempt  2	[1.45 s]
0.0.AMcustom5: Trace Attempt  3	[1.45 s]
0.0.AMcustom5: Trace Attempt  4	[1.45 s]
0.0.AMcustom5: Trace Attempt  5	[1.45 s]
0.0.AMcustom5: Trace Attempt  1	[2.06 s]
0.0.AMcustom5: Trace Attempt  2	[2.06 s]
0.0.AMcustom5: Trace Attempt  3	[2.06 s]
0.0.AMcustom5: Trace Attempt  5	[2.06 s]
0.0.AMcustom5: Trace Attempt 17	[2.10 s]
0.0.AMcustom5: Stopped processing property "GRAY.p1"	[2.10 s].
0.0.AMcustom5: Morphing to ADcustom7
0.0.AMcustom5: All properties determined. [0.00 s]
0.0.AMcustom5: Exited with Success (@ 0.00 s)
0.0.D: Trace Attempt 64	[0.70 s]
0.0.D: Stopped processing property "GRAY.p1"	[2.15 s].
0.0.D: Morphing to AMcustom3
0.0.D: All properties determined. [0.00 s]
0.0.D: Exited with Success (@ 0.00 s)
0.0.ADcustom7: clocks: 1, declared: 1, looping: 0, posedge: 1, negedge: 0, noedge: 0, bothedge: 0
0.0.ADcustom7: Starting proof for property "GRAY.p1"	[0.00 s].
0.0.AMcustom3: clocks: 1, declared: 1, looping: 0, posedge: 1, negedge: 0, noedge: 0, bothedge: 0
0.0.AMcustom3: Starting proof for property "GRAY.p1"	[0.00 s].
0.0.ADcustom7: Trace Attempt  1	[0.00 s]
0.0.ADcustom7: Trace Attempt  2	[0.00 s]
0.0.AMcustom3: Trace Attempt  1	[0.00 s]
0.0.AMcustom3: Trace Attempt  2	[0.00 s]
0.0.ADcustom7: Trace Attempt  3	[0.00 s]
0.0.AMcustom3: Trace Attempt  3	[0.00 s]
0.0.AMcustom3: Trace Attempt  4	[0.00 s]
0.0.AMcustom3: Trace Attempt  5	[0.00 s]
0.0.ADcustom7: Trace Attempt  1	[0.00 s]
0.0.ADcustom7: Trace Attempt  2	[0.00 s]
0.0.ADcustom7: Trace Attempt  3	[0.00 s]
0.0.ADcustom7: Trace Attempt  4	[0.00 s]
0.0.AMcustom3: Trace Attempt  1	[0.00 s]
0.0.ADcustom7: Trace Attempt  5	[0.01 s]
0.0.Ncustom1: Trace Attempt 118	[3.10 s]
0.0.AMcustom3: Trace Attempt  2	[0.01 s]
0.0.Ncustom1: Stopped processing property "GRAY.p1"	[3.20 s].
0.0.Ncustom1: Morphing to Bcustom2
0.0.Ncustom1: All properties determined. [0.00 s]
0.0.Ncustom1: Exited with Success (@ 0.00 s)
0.0.AMcustom3: Trace Attempt  3	[0.01 s]
0.0.Bcustom2: clocks: 1, declared: 1, looping: 0, posedge: 1, negedge: 0, noedge: 0, bothedge: 0
0.0.Bcustom2: Starting proof for property "GRAY.p1"	[0.00 s].
0.0.Bcustom2: Trace Attempt  1	[0.00 s]
0.0.Bcustom2: Trace Attempt  2	[0.00 s]
0.0.Bcustom2: Trace Attempt  3	[0.00 s]
0.0.ADcustom7: Trace Attempt  1	[0.01 s]
0.0.ADcustom7: Trace Attempt  2	[0.01 s]
0.0.AMcustom3: Trace Attempt  4	[0.01 s]
0.0.ADcustom7: Trace Attempt  3	[0.01 s]
0.0.ADcustom7: Trace Attempt  4	[0.01 s]
0.0.ADcustom7: Trace Attempt  5	[0.01 s]
0.0.Bcustom2: Trace Attempt  1	[0.00 s]
0.0.Bcustom2: Trace Attempt  2	[0.00 s]
0.0.AMcustom3: Trace Attempt  5	[0.01 s]
0.0.Bcustom2: Trace Attempt  3	[0.00 s]
0.0.Bcustom2: Trace Attempt  4	[0.00 s]
0.0.Bcustom2: Trace Attempt  5	[0.00 s]
0.0.ADcustom7: Trace Attempt  1	[0.01 s]
0.0.ADcustom7: Trace Attempt  2	[0.01 s]
0.0.Bcustom2: Trace Attempt  1	[0.00 s]
0.0.Bcustom2: Trace Attempt  2	[0.00 s]
0.0.ADcustom7: Trace Attempt  3	[0.01 s]
0.0.Bcustom2: Trace Attempt  3	[0.00 s]
0.0.Bcustom2: Trace Attempt  4	[0.00 s]
0.0.Bcustom2: Trace Attempt  5	[0.00 s]
0.0.ADcustom7: Trace Attempt  4	[0.01 s]
0.0.Bcustom2: Trace Attempt  1	[0.01 s]
0.0.Bcustom2: Trace Attempt  2	[0.01 s]
0.0.Bcustom2: Trace Attempt  3	[0.01 s]
0.0.Bcustom2: Trace Attempt  4	[0.01 s]
0.0.Bcustom2: Trace Attempt  5	[0.01 s]
0.0.AMcustom3: Trace Attempt  1	[0.02 s]
0.0.AMcustom3: Trace Attempt  2	[0.02 s]
0.0.AMcustom3: Trace Attempt  3	[0.02 s]
0.0.AMcustom3: Trace Attempt  4	[0.02 s]
0.0.AMcustom3: Trace Attempt  5	[0.02 s]
0.0.ADcustom7: Trace Attempt  1	[0.03 s]
0.0.ADcustom7: Trace Attempt  2	[0.03 s]
0.0.ADcustom7: Trace Attempt  3	[0.03 s]
0.0.ADcustom7: Trace Attempt  4	[0.03 s]
0.0.ADcustom7: Trace Attempt  5	[0.03 s]
0.0.ADcustom7: Trace Attempt  1	[0.03 s]
0.0.ADcustom7: Trace Attempt  2	[0.03 s]
0.0.ADcustom7: Trace Attempt  3	[0.03 s]
0.0.Bcustom2: Trace Attempt  1	[0.02 s]
0.0.ADcustom7: Trace Attempt  4	[0.03 s]
0.0.Bcustom2: Trace Attempt  2	[0.02 s]
0.0.Bcustom2: Trace Attempt  3	[0.02 s]
0.0.Bcustom2: Trace Attempt  4	[0.02 s]
0.0.Bcustom2: Trace Attempt  5	[0.02 s]
0.0.ADcustom7: Trace Attempt  1	[0.04 s]
0.0.ADcustom7: Trace Attempt  2	[0.04 s]
0.0.ADcustom7: Trace Attempt  3	[0.04 s]
0.0.ADcustom7: Trace Attempt  4	[0.04 s]
0.0.AMcustom3: Trace Attempt  1	[0.05 s]
0.0.AMcustom3: Trace Attempt  2	[0.05 s]
0.0.AMcustom3: Trace Attempt  3	[0.05 s]
0.0.AMcustom3: Trace Attempt  4	[0.05 s]
0.0.AMcustom3: Trace Attempt  5	[0.06 s]
0.0.Bcustom2: Trace Attempt  1	[0.05 s]
0.0.Bcustom2: Trace Attempt  2	[0.05 s]
0.0.Bcustom2: Trace Attempt  3	[0.05 s]
0.0.Bcustom2: Trace Attempt  4	[0.05 s]
0.0.Bcustom2: Trace Attempt  5	[0.05 s]
0.0.ADcustom7: Trace Attempt  1	[0.09 s]
0.0.ADcustom7: Trace Attempt  2	[0.09 s]
0.0.ADcustom7: Trace Attempt  3	[0.09 s]
0.0.ADcustom7: Trace Attempt  4	[0.09 s]
0.0.ADcustom7: Trace Attempt  5	[0.09 s]
0.0.ADcustom7: Trace Attempt  1	[0.09 s]
0.0.ADcustom7: Trace Attempt  2	[0.09 s]
0.0.ADcustom7: Trace Attempt  3	[0.10 s]
0.0.ADcustom7: Trace Attempt  4	[0.10 s]
0.0.ADcustom7: Trace Attempt  1	[0.10 s]
0.0.ADcustom7: Trace Attempt  2	[0.10 s]
0.0.ADcustom7: Trace Attempt  3	[0.11 s]
0.0.ADcustom7: Trace Attempt  4	[0.11 s]
0.0.Bcustom2: Trace Attempt  1	[0.13 s]
0.0.Bcustom2: Trace Attempt  2	[0.13 s]
0.0.Bcustom2: Trace Attempt  3	[0.13 s]
0.0.Bcustom2: Trace Attempt  4	[0.13 s]
0.0.Bcustom2: Trace Attempt  5	[0.13 s]
0.0.ADcustom7: Trace Attempt  1	[0.14 s]
0.0.ADcustom7: Trace Attempt  2	[0.14 s]
0.0.ADcustom7: Trace Attempt  3	[0.14 s]
0.0.ADcustom7: Trace Attempt  4	[0.14 s]
0.0.AMcustom3: Trace Attempt  1	[0.17 s]
0.0.AMcustom3: Trace Attempt  2	[0.17 s]
0.0.AMcustom3: Trace Attempt  3	[0.17 s]
0.0.AMcustom3: Trace Attempt  4	[0.18 s]
0.0.AMcustom3: Trace Attempt  5	[0.18 s]
0.0.Hp: Trace Attempt 904	[184.70 s]
0.0.Bcustom2: Trace Attempt  1	[0.30 s]
0.0.Bcustom2: Trace Attempt  2	[0.30 s]
0.0.Bcustom2: Trace Attempt  3	[0.30 s]
0.0.Bcustom2: Trace Attempt  4	[0.30 s]
0.0.Bcustom2: Trace Attempt  5	[0.30 s]
0.0.ADcustom7: Trace Attempt  1	[0.33 s]
0.0.ADcustom7: Trace Attempt  2	[0.33 s]
0.0.ADcustom7: Trace Attempt  3	[0.33 s]
0.0.ADcustom7: Trace Attempt  4	[0.33 s]
0.0.ADcustom7: Trace Attempt  5	[0.33 s]
0.0.ADcustom7: Trace Attempt  1	[0.34 s]
0.0.ADcustom7: Trace Attempt  2	[0.34 s]
0.0.ADcustom7: Trace Attempt  3	[0.34 s]
0.0.ADcustom7: Trace Attempt  4	[0.34 s]
0.0.ADcustom7: Trace Attempt  1	[0.35 s]
0.0.ADcustom7: Trace Attempt  2	[0.35 s]
0.0.ADcustom7: Trace Attempt  3	[0.35 s]
0.0.ADcustom7: Trace Attempt  4	[0.35 s]
0.0.ADcustom7: Trace Attempt  1	[0.39 s]
0.0.ADcustom7: Trace Attempt  2	[0.39 s]
0.0.ADcustom7: Trace Attempt  3	[0.39 s]
0.0.ADcustom7: Trace Attempt  4	[0.39 s]
0.0.Ht: Trace Attempt 1889	[184.89 s]
0.0.ADcustom7: Trace Attempt  1	[0.55 s]
0.0.ADcustom7: Trace Attempt  2	[0.55 s]
0.0.ADcustom7: Trace Attempt  3	[0.55 s]
0.0.ADcustom7: Trace Attempt  4	[0.55 s]
0.0.AMcustom3: Trace Attempt  1	[0.67 s]
0.0.AMcustom3: Trace Attempt  2	[0.68 s]
0.0.AMcustom3: Trace Attempt  3	[0.68 s]
0.0.AMcustom3: Trace Attempt  4	[0.68 s]
0.0.AMcustom3: Trace Attempt  5	[0.68 s]
0.0.Bcustom2: Trace Attempt  1	[0.94 s]
0.0.Bcustom2: Trace Attempt  2	[0.94 s]
0.0.Bcustom2: Trace Attempt  3	[0.94 s]
0.0.Bcustom2: Trace Attempt  4	[0.94 s]
0.0.Bcustom2: Trace Attempt  5	[0.94 s]
0.0.ADcustom7: Trace Attempt  1	[1.43 s]
0.0.ADcustom7: Trace Attempt  2	[1.43 s]
0.0.ADcustom7: Trace Attempt  3	[1.43 s]
0.0.ADcustom7: Trace Attempt  4	[1.43 s]
0.0.ADcustom7: Trace Attempt  5	[1.43 s]
0.0.ADcustom7: Trace Attempt  1	[1.43 s]
0.0.ADcustom7: Trace Attempt  2	[1.43 s]
0.0.ADcustom7: Trace Attempt  3	[1.43 s]
0.0.ADcustom7: Trace Attempt  4	[1.44 s]
0.0.ADcustom7: Trace Attempt  1	[1.45 s]
0.0.ADcustom7: Trace Attempt  2	[1.45 s]
0.0.ADcustom7: Trace Attempt  3	[1.45 s]
0.0.ADcustom7: Trace Attempt  4	[1.45 s]
0.0.ADcustom7: Trace Attempt  1	[1.48 s]
0.0.ADcustom7: Trace Attempt  2	[1.48 s]
0.0.ADcustom7: Trace Attempt  3	[1.49 s]
0.0.ADcustom7: Trace Attempt  4	[1.49 s]
0.0.ADcustom7: Trace Attempt  1	[1.66 s]
0.0.ADcustom7: Trace Attempt  2	[1.66 s]
0.0.ADcustom7: Trace Attempt  3	[1.66 s]
0.0.ADcustom7: Trace Attempt  4	[1.66 s]
0.0.M: Trace Attempt 126	[4.04 s]
0.0.ADcustom7: Trace Attempt  1	[2.46 s]
0.0.ADcustom7: Trace Attempt  2	[2.46 s]
0.0.ADcustom7: Trace Attempt  3	[2.46 s]
0.0.ADcustom7: Trace Attempt  4	[2.46 s]
0.0.AMcustom3: Trace Attempt  1	[2.65 s]
0.0.AMcustom3: Trace Attempt  2	[2.65 s]
0.0.AMcustom3: Trace Attempt  3	[2.65 s]
0.0.AMcustom3: Trace Attempt  4	[2.65 s]
0.0.AMcustom3: Trace Attempt  5	[2.66 s]
0.0.Bcustom2: Trace Attempt  1	[4.28 s]
0.0.Bcustom2: Trace Attempt  2	[4.28 s]
0.0.Bcustom2: Trace Attempt  3	[4.28 s]
0.0.Bcustom2: Trace Attempt  4	[4.28 s]
0.0.Bcustom2: Trace Attempt  5	[4.28 s]
0.0.Bcustom2: Trace Attempt 47	[4.29 s]
0.0.Bcustom2: Stopped processing property "GRAY.p1"	[4.29 s].
0.0.Bcustom2: Morphing to Tri
0.0.Bcustom2: All properties determined. [0.00 s]
0.0.Bcustom2: Exited with Success (@ 0.00 s)
0.0.Tri: clocks: 1, declared: 1, looping: 0, posedge: 1, negedge: 0, noedge: 0, bothedge: 0
0.0.ADcustom7: Trace Attempt 64	[3.15 s]
0.0.ADcustom7: Stopped processing property "GRAY.p1"	[4.30 s].
0.0.ADcustom7: Morphing to Tricustom8
0.0.ADcustom7: All properties determined. [0.00 s]
0.0.ADcustom7: Exited with Success (@ 0.00 s)
0.0.Tricustom8: clocks: 1, declared: 1, looping: 0, posedge: 1, negedge: 0, noedge: 0, bothedge: 0
0.0.AMcustom3: Trace Attempt 102	[4.28 s]
0.0.AMcustom3: Stopped processing property "GRAY.p1"	[4.30 s].
0.0.AMcustom3: Morphing to D
0.0.AMcustom3: All properties determined. [0.00 s]
0.0.AMcustom3: Exited with Success (@ 0.00 s)
0.0.D: clocks: 1, declared: 1, looping: 0, posedge: 1, negedge: 0, noedge: 0, bothedge: 0
0.0.D: Starting proof for property "GRAY.p1"	[0.00 s].
0.0.D: Trace Attempt 64	[0.01 s]
0.0.Tricustom8: Starting proof for property "GRAY.p1"	[0.00 s].
0.0.Tricustom8: Trace Attempt  1	[0.00 s]
0.0.Tri: Starting proof for property "GRAY.p1"	[0.00 s].
0.0.Tri: Trace Attempt  1	[0.00 s]
0.0.Hp: Trace Attempt 908	[188.79 s]
0.0.Tri:    0.00" ---- Launching main thread ----
0.0.Tri:    0.04" ---- Launching abstraction thread ----
0.0.Tri:    0.05" ---- Launching multi-phase simplification thread ----
0.0.Tri:    0.07" ---- Launching liveness simplification thread ----
0.0.Ht: Trace Attempt 1908	[188.97 s]
0.0.Tri:    0.91" Simplification phase 1 complete
0.0.Tri:    0.97" ---- Completed liveness simplification thread ----
0.0.Tri:    1.15" Simplification phase 2 complete
0.0.Tri:    1.39" Simplification phase 3 complete
   1.39" ---- Completed simplification thread ----
0.0.Tri:    1.39" ---- Restarting main thread on simplified netlist ----
0.0.Tri:    1.43" ---- Restarting abstraction thread on simplified netlist ----
0.0.M: Trace Attempt 183	[8.08 s]
0.0.Tri: Requesting engine job to terminate
0.0.D: Requesting engine job to terminate
0.0.M: Requesting engine job to terminate
0.0.Tricustom8: Requesting engine job to terminate
0.0.Hp: Requesting engine job to terminate
0.0.Ht: Requesting engine job to terminate
INFO (IPF144): 0: Initiating shutdown of proof [191.30 s]
0.0.Tri: A proof was found: No trace exists. [2.53 s]
INFO (IPF057): 0.0.Tri: The property "GRAY.p1" was proven in 2.53 s.
0.0.D: Stopped processing property "GRAY.p1"	[2.55 s].
0.0.D: All properties determined. [2.55 s]
0.0.D: Exited with Success (@ 191.31 s)
0: ProofGrid usable level: 0
0.0.M: Trace Attempt 195	[8.91 s]
0.0.M: Stopped processing property "GRAY.p1"	[9.02 s].
0.0.M: All properties determined. [9.02 s]
0.0.M: Exited with Success (@ 191.33 s)
0.0.Tricustom8: Stopped processing property "GRAY.p1"	[2.62 s].
0.0.Tricustom8: All properties determined. [2.62 s]
0.0.Tricustom8: Exited with Success (@ 191.39 s)
0.0.Hp: Trace Attempt 913	[191.08 s]
0.0.Hp: All properties determined. [191.44 s]
0.0.Tri: Stopped processing property "GRAY.p1"	[2.73 s].
0.0.Tri: All properties determined. [2.74 s]
0.0.Tri: Exited with Success (@ 191.52 s)
0.0.Hp: Exited with Success (@ 191.54 s)
0.0.Ht: Trace Attempt 1918	[191.20 s]
0.0.Ht: All properties determined. [191.69 s]
0.0.Ht: Exited with Success (@ 191.82 s)
0: --------------------------------------------------------------
ProofGrid Summary (utilization 99.94 %)
--------------------------------------------------------------
     engines started                               :    15
     engine jobs started                           :     7

    Average time in state (seconds)
    ------------------------------------------------------
    Engine  Pending     Running        Dead    Utilization
    ------------------------------------------------------
     Hp        0.09      191.29        0.00       99.96 %
     Ht        0.09      191.21        0.00       99.96 %
     Oh        0.08        0.00        0.00        1.67 %
    Tri        0.09      191.22        0.00       99.95 %
      D        0.08      191.11        0.00       99.96 %
      M        0.08      191.04        0.00       99.96 %
    Tricustom8        0.10        9.95        0.00       99.01 %
    all        0.08      137.98        0.00       99.94 %

    Total time in state (seconds)
    -----------------------------------------
            Pending     Running        Dead  
    -----------------------------------------
               0.59      965.83        0.00

    Data read    : 4.84 MiB
    Data written : 9.46 kiB

0: All pending notifications were processed.
INFO (IPF059): 0: Completed proof on task: "<embedded>"

==============================================================
SUMMARY
==============================================================
           Properties Considered              : 1
                 assertions                   : 1
                  - proven                    : 1 (100%)
                  - bounded_proven (user)     : 0 (0%)
                  - bounded_proven (auto)     : 0 (0%)
                  - marked_proven             : 0 (0%)
                  - cex                       : 0 (0%)
                  - ar_cex                    : 0 (0%)
                  - undetermined              : 0 (0%)
                  - unknown                   : 0 (0%)
                  - error                     : 0 (0%)
                 covers                       : 0
                  - unreachable               : 0
                  - bounded_unreachable (user): 0
                  - covered                   : 0
                  - ar_covered                : 0
                  - undetermined              : 0
                  - unknown                   : 0
                  - error                     : 0
proven
[<embedded>] % exit -force
INFO (IPL005): Received request to exit from the console.
INFO: Waiting for proof threads to stop...
INFO: Proof threads stopped.
INFO (IPL018): The peak resident set memory use for this session was 1.612 GB.
INFO (IPL014): Waiting for the Tcl-thread to exit.
INFO (IPL015): The Tcl-thread exited with status 0.
INFO (IPL016): Exiting the analysis session with status 0.
