2025-11-18 10:18:59.392635 (204751) main____ INFO    ----------------------------------------
2025-11-18 10:18:59.392837 (204751) main____ INFO    Jasper version info
2025-11-18 10:18:59.392860 (204751) main____ INFO      tool      : Jasper 2024.06
2025-11-18 10:18:59.392882 (204751) main____ INFO      version   : 2024.06p002 64 bits
2025-11-18 10:18:59.392898 (204751) main____ INFO      build date: 2024.09.02 16:28:38 UTC
2025-11-18 10:18:59.392909 (204751) main____ INFO    ----------------------------------------
2025-11-18 10:18:59.392920 (204751) main____ INFO    Runtime info:
2025-11-18 10:18:59.392934 (204751) main____ INFO      platform  : Linux 3.10.0-1062.el7.x86_64 x86_64
2025-11-18 10:18:59.392962 (204751) main____ INFO      hostname  : vlsi-moon
2025-11-18 10:18:59.392979 (204751) main____ INFO      pid       : 204751
2025-11-18 10:18:59.392993 (204751) main____ INFO      arguments : '-style' 'windows' '-proj' '../jgprojects/thermocouple_8' '-batch' 'thermocouple_8.tcl'
2025-11-18 10:18:59.393007 (204751) main____ INFO      locale    : ANSI_X3.4-1968
2025-11-18 10:18:59.393017 (204751) main____ INFO    ----------------------------------------
2025-11-18 10:18:59.393027 (204751) main____ INFO    System resource limits info:
2025-11-18 10:18:59.393042 (204751) main____ INFO      virtual memory: unlimited
2025-11-18 10:18:59.393062 (204751) main____ INFO      cpu time      : unlimited
2025-11-18 10:18:59.393086 (204751) main____ INFO      processes     : 4096
2025-11-18 10:18:59.393112 (204751) main____ INFO      stack size    : 8388608 B
2025-11-18 10:18:59.393129 (204751) main____ INFO      core file size: 1024 B
2025-11-18 10:18:59.393144 (204751) main____ INFO      open files    : 4096
2025-11-18 10:18:59.393158 (204751) main____ INFO      file size     : unlimited
2025-11-18 10:18:59.393168 (204751) main____ INFO    ----------------------------------------
2025-11-18 10:18:59.393178 (204751) main____ INFO    Memory statistics:
2025-11-18 10:18:59.393192 (204751) main____ INFO      total physical memory  : 527831204 kB
2025-11-18 10:18:59.393205 (204751) main____ INFO      free physical memory   : 519208404 kB
2025-11-18 10:18:59.393218 (204751) main____ INFO      committed address space: 8727684 kB
2025-11-18 10:18:59.393228 (204751) main____ INFO    ----------------------------------------
2025-11-18 10:18:59.395910 (204751) main____ INFO    Important environment variables:
2025-11-18 10:18:59.395959 (204751) main____ INFO      CDS_ASSURA         : '/eda/cadence/2023-24/RHELx86/ASSURA_04.16.115_231'
2025-11-18 10:18:59.395979 (204751) main____ INFO      CDS_AUTO_64BIT     : 'ALL'
2025-11-18 10:18:59.395997 (204751) main____ INFO      CDS_CONFRML        : '/eda/cadence/2023-24/RHELx86/CONFRML_23.10.300'
2025-11-18 10:18:59.396015 (204751) main____ INFO      CDS_DDIEXPORT      : '/eda/cadence/2023-24/RHELx86/DDIEXPORT_22.33.000'
2025-11-18 10:18:59.396033 (204751) main____ INFO      CDS_EMX            : '/eda/cadence/2023-24/RHELx86/EMX_23.10.000'
2025-11-18 10:18:59.396051 (204751) main____ INFO      CDS_GENUS          : '/eda/cadence/2023-24/RHELx86/DDIEXPORT_22.33.000/GENUS221'
2025-11-18 10:18:59.396068 (204751) main____ INFO      CDS_IC             : '/eda/cadence/2023-24/RHELx86/IC_23.10.020'
2025-11-18 10:18:59.396086 (204751) main____ INFO      CDS_INNOVUS        : '/eda/cadence/2023-24/RHELx86/DDIEXPORT_22.33.000/INNOVUS221'
2025-11-18 10:18:59.396104 (204751) main____ INFO      CDS_JLS            : '/eda/cadence/2023-24/RHELx86/DDIEXPORT_22.33.000/JLS221'
2025-11-18 10:18:59.396131 (204751) main____ INFO      CDS_LIC_FILE       : '/etc/local/cadence/license_8x.3868dd0560aa:5280@132.68.59.69:/etc/local/cadence/license_8x.1831bfb82c67:5280@132.68.59.64:/etc/local/cadence/license_8x.0894ef683fc3:5280@132.68.59.79:/etc/local/cadence/license_8x.1831bfb82c67:5280@132.68.59.61'
2025-11-18 10:18:59.396164 (204751) main____ INFO      CDS_LITMUS         : '/eda/cadence/2023-24/RHELx86/LITMUS_23.10.300'
2025-11-18 10:18:59.396181 (204751) main____ INFO      CDS_MODUS          : '/eda/cadence/2023-24/RHELx86/MODUS_22.12.000'
2025-11-18 10:18:59.396205 (204751) main____ INFO      CDS_MVS            : '/eda/cadence/2023-24/RHELx86/MVS_21.12.000'
2025-11-18 10:18:59.396221 (204751) main____ INFO      CDS_Netlisting_Mode: 'Analog'
2025-11-18 10:18:59.396238 (204751) main____ INFO      CDS_PEGASUS        : '/eda/cadence/2023-24/RHELx86/PEGASUS_23.11.000'
2025-11-18 10:18:59.396255 (204751) main____ INFO      CDS_PEGASUSDFM     : '/eda/cadence/2023-24/RHELx86/PEGASUSDFM_23.11.000'
2025-11-18 10:18:59.396272 (204751) main____ INFO      CDS_PVS            : '/eda/cadence/2023-24/RHELx86/PVS_22.22.000'
2025-11-18 10:18:59.396289 (204751) main____ INFO      CDS_QUANTUS        : '/eda/cadence/2023-24/RHELx86/QUANTUS_23.10.000'
2025-11-18 10:18:59.396306 (204751) main____ INFO      CDS_SPECTRE        : '/eda/cadence/2023-24/RHELx86/SPECTRE_23.10.242'
2025-11-18 10:18:59.396322 (204751) main____ INFO      CDS_SSV            : '/eda/cadence/2023-24/RHELx86/SSV_22.13.000'
2025-11-18 10:18:59.396336 (204751) main____ INFO      CDS_USE_PALETTE    : ''
2025-11-18 10:18:59.396353 (204751) main____ INFO      CDS_VERISIUMDEBUG  : '/eda/cadence/2023-24/RHELx86/VERISIUMDEBUG_23.03.001'
2025-11-18 10:18:59.396370 (204751) main____ INFO      CDS_VIPCAT         : '/eda/cadence/2023-24/RHELx86/VIPCAT_11.30.093'
2025-11-18 10:18:59.396389 (204751) main____ INFO      CDS_VMANAGER       : '/eda/cadence/2023-24/RHELx86/VMANAGER_23.03.004'
2025-11-18 10:18:59.396406 (204751) main____ INFO      CDS_XCELIUM        : '/eda/cadence/2023-24/RHELx86/XCELIUM_23.03.007'
2025-11-18 10:18:59.396421 (204751) main____ INFO      DISPLAY            : 'localhost:10.0'
2025-11-18 10:18:59.396436 (204751) main____ INFO      JASPER_CPU_CHECK   : '1'
2025-11-18 10:18:59.396452 (204751) main____ INFO      JASPER_INSTALL_DIR : '/tools/cadence2425/JASPER/jasper_2024.06p002'
2025-11-18 10:18:59.396466 (204751) main____ INFO      JASPER_KERNEL_CHECK: '1'
2025-11-18 10:18:59.396481 (204751) main____ INFO      JASPER_OS_CHECK    : '1'
2025-11-18 10:18:59.396496 (204751) main____ INFO      LANG               : 'C'
2025-11-18 10:18:59.396511 (204751) main____ INFO      TMPDIR             : '/tmp'
2025-11-18 10:18:59.396521 (204751) main____ INFO    ----------------------------------------
2025-11-18 10:18:59.398537 (204751) lic_core INFO    Initializing license system ...
2025-11-18 10:18:59.407323 (204751) lic_core INFO    ... license system initialized.
2025-11-18 10:18:59.422063 (204751) lic__man INFO    Claim 'fpv' for <ui>.
2025-11-18 10:18:59.422197 (204751) lic_core INFO    (1) checking out 'jasper_fpv' ...
2025-11-18 10:18:59.444795 (204751) lic_core INFO    ... (1) checkout failed (error: -5) ("FLEXnet ERROR(-5, 0, 0): No such feature exists.")
2025-11-18 10:18:59.444866 (204751) lic_core INFO    (2) checking out 'jasper_fao' ...
2025-11-18 10:18:59.467935 (204751) lic_core INFO    ... (2) checkout succeeded
2025-11-18 10:18:59.500447 (204751) session_ INFO    Starting analysis session with session id 'session_0' (launcher: <local>) ...
2025-11-18 10:18:59.502955 (204751) session_ INFO    Analysis session with session id 'session_0' started (pid: 204769)
2025-11-18 10:19:00.453282 (204751) session_ INFO    Analysis session 'session_0' connected to the console (host: 127.0.0.1:47388)
2025-11-18 10:19:01.112012 (204751) lic__man INFO    Unclaim everything for 'session_0'.
2025-11-18 10:19:01.158332 (204751) lic__man INFO    Claim 'fpv' for 'session_0'.
2025-11-18 10:19:01.158387 (204751) lic__man INFO    Claim 'fpv' for 'session_0/prove-0'.
2025-11-18 10:22:10.700380 (204751) lic__man INFO    Unclaim everything for 'session_0/prove-0'.
2025-11-18 10:22:10.706545 (204751) main____ INFO    About to exit: request to exit with status 0 received from analysis session 'session_0'
2025-11-18 10:22:10.843236 (204751) session_ INFO    Analysis session 'session_0' disconnected.
2025-11-18 10:22:10.843575 (204751) lic__man INFO    Unclaim everything for 'session_0'.
2025-11-18 10:22:10.844017 (204751) session_ INFO    Process for analysis session 'session_0' has exited with exit status '0'.
2025-11-18 10:22:12.677459 (204751) lic_core INFO    (2) checkin jasper_fao
2025-11-18 10:22:12.679920 (204751) main____ INFO    Exiting with status 0.
