# ----------------------------------------
# Jasper Version Info
# tool      : Jasper 2024.06
# platform  : Linux 3.10.0-1160.62.1.el7.x86_64
# version   : 2024.06p002 64 bits
# build date: 2024.09.02 16:28:38 UTC
# ----------------------------------------
# started   : 2025-11-17 20:58:26 IST
# hostname  : vlsi-ria84.vlsidomain
# pid       : 25181
# arguments : '-label' 'session_0' '-console' '//127.0.0.1:34987' '-nowindow' '-style' 'windows' '-exitonerror' '-data' 'AAAAxnicY2RgYLCp////PwMYMD6A0Aw2jAyoAMRnQhUJbEChGRhYYZphSliAmItBl6GAoYghnyELyNNg0ANCfSA7HS6aypDMUMJQDBRNB4okMlQyxDNYANXyAHUmAfklQPkMIF8ERV4PLJ4DtgcAqrkWJw==' '-proj' '/users/rompel/jasper_executions/safety_liveness/jgprojects/gray_8/sessionLogs/session_0' '-init' '-hidden' '/users/rompel/jasper_executions/safety_liveness/jgprojects/gray_8/.tmp/.initCmds.tcl' 'gray_8.tcl' '-hidden' '/users/rompel/jasper_executions/safety_liveness/jgprojects/gray_8/.tmp/.postCmds.tcl'

Any disclosure about the Cadence Design Systems software or its use
model to any third party violates the written Non-Disclosure Agreement
between Cadence Design Systems, Inc. and the customer.

THIS SOFTWARE CONTAINS CONFIDENTIAL INFORMATION AND TRADE SECRETS OF
CADENCE DESIGN SYSTEMS, INC. USE, DISCLOSURE, OR REPRODUCTION IS
PROHIBITED WITHOUT THE PRIOR EXPRESS WRITTEN PERMISSION OF CADENCE
DESIGN SYSTEMS, INC.

Copyright (C) 2000-2024 Cadence Design Systems, Inc. All Rights
Reserved.  Unpublished -- rights reserved under the copyright laws of
the United States.

This product includes software developed by others and redistributed
according to license agreement. See doc/third_party_readme.txt for
further details.

RESTRICTED RIGHTS LEGEND

Use, duplication, or disclosure by the Government is subject to
restrictions as set forth in subparagraph (c) (1) (ii) of the Rights in
Technical Data and Computer Software clause at DFARS 252.227-7013 or
subparagraphs (c) (1) and (2) of Commercial Computer Software -- Restricted
Rights at 48 CFR 52.227-19, as applicable.


                          Cadence Design Systems, Inc.
                          2655 Seely Avenue
                          San Jose, CA 95134
                          Phone: 408.943.1234

For technical assistance visit http://support.cadence.com.

Jasper Apps Analysis Session - /users/rompel/jasper_executions/safety_liveness/jgprojects/gray_8/sessionLogs/session_0

WARNING (WG017): [session]: The system's locale is "ANSI_X3.4-1968", which is not UTF-8. Non-ASCII characters might not be handled correctly.
WARNING (WG017): [jg_console]: The system's locale is "ANSI_X3.4-1968", which is not UTF-8. Non-ASCII characters might not be handled correctly.
INFO: successfully checked out license "jasper_fao".
INFO: reading configuration file "/users/rompel/.config/cadence/jasper.conf".
% analyze -sv09 ../gray_8.sv
[-- (VERI-1482)] Analyzing Verilog file '/tools/cadence2425/JASPER/jasper_2024.06p002/lib/verilog/packages/std/std.sv' into library 'std'
[-- (VERI-1482)] Analyzing Verilog file '../gray_8.sv'
% elaborate -bbox_mul 1000000 -bbox_div 1000000 -bbox_mod 1000000 -bbox_a 1000000
[INFO (HIER-8002)] ../gray_8.sv(14): Disabling old hierarchical reference handler
[INFO (VERI-1018)] ../gray_8.sv(1): compiling module 'GRAY'
[WARN (VERI-1209)] ../gray_8.sv(9): expression size 32 truncated to fit in target size 15
INFO (ISW003): Top module name is "GRAY".
INFO (INL208): Elaboration synthesis summary:
  Number of synthesized netlists          1 (0 packages)
  Single run mode                         On
  Pipeline                                On (1 pipelined netlists)
  Late hierarchical reference connection  On
  Number of analyzed Verilog modules      1 (1 synthesized)
  Number of analyzed VHDL entities        0 (0 synthesized)
INFO (INL003): Clearing all state information (assumes, stopats, and so forth).
GRAY
[<embedded>] % reset rst
INFO (IPM031): Clearing proof results of all properties.
INFO (IRS006): Current reset condition is "rst".
[<embedded>] % clock clk
[<embedded>] % prove -all
Ncustom1: Custom engine code is hT3Ng7hPPfiYQOTDZ3qhYOwGAM51eA+J/FjkM5shLioAsqhgLR4Ft+O1BuKG6ilQ83B9tLXSl+CwjiTMAQA
Bcustom2: Custom engine code is hT3Nm7hPr1Vp3Di1Ra2USNIGL4JypRnLKLAdF6JAyuavO2JfGCiY9OZJhcAcOUnLx5xwNdhILGrAWX9s+z2WDkKwNR7tAfClBEjRFVQeq6DU54boFgEA
AMcustom3: Custom engine code is hT3Ng7hP/feYQOTDZ3qhYOwGAM51eA+J/FjkM5shLioAsqhgLR4Ft+O1BuKG6ilQ83B9tLXSmmqwm7g9AQA
Mpcustom4: Custom engine code is hT3NZbhP9fmY2AbBQnsjfOxn6c+6e6yL+/e8fZFmaQrnlgEA
INFO (IPF036): Starting proof on task: "<embedded>", 2 properties to prove with 0 already proven/unreachable
INFO (IRS029): Starting reset analysis: phase 1 of 4.
INFO (IRS030): Running reset analysis: phase 2 of 4.
INFO (IRS031): Running reset analysis: phase 3 of 4.
INFO (IRS020): Starting the reset analysis simulation with a limit of 100 iterations (phase 4 of 4).
INFO (IRS024): Reset iterations 0 to 4 analyzed.
INFO (IRS018): Reset analysis simulation executed for 3 iterations. Assigned values for 15 of 30 design flops, 0 of 0 design latches, 6 of 6 internal elements.
INFO (IRS039): Reset analysis complete.
INFO (IPF031): Settings used for proof thread 0:
    orchestration                 = on
    time_limit                    = 86400s
    per_property_time_limit       = 1s * 10 ^ scan
    engine_mode                   = auto
    proofgrid_per_engine_max_jobs = 1
    max engine jobs               = auto
    proofgrid_mode                = local
    proofgrid_restarts            = 10
AMcustom5: Custom engine code is hT3N1rhP11/52HrFRS21ROp2LOjVTgPvT8L8BGXHgLhaIuqtT4nARFjUqrBL+7pLmaTOzBepZW/Jm8SSrHDybSQtoNiO3y43wk+dEoWlsZizu97Fih6O6lPVG/LpWP5SsUPwlGagLNa1FKEFvwVXyX7//8prySbvSxIHXr5er+z4RAEA
0: Using multistage preprocessing
Ncustom6: Custom engine code is hT3OXrhPByJp3TrFSTLhUmMH4KVtJgmTCnNDF46yMXOKY48m4LS5nE7yBzFjA7kDuwO/GhGUpEPiky3p3wmPn3dJZHxFMsafSoObRzSC+tn7sEY0WbTdZ/FV4hL3MYH/b1CIUvXSWR4wqEoVLsmMOD4xIPT4lI1LO6ZCO7PnnWQuLwetnvKlrXx6wCW/A+x+enqslg1YPobi4wEF/EvbzOvcTYdJvl2s4H2yZg2b2ofAVN5WvhWk1HoBAA
0: Starting reduce
ADcustom7: Custom engine code is hT3Nv7hPv1752HrFRa2kROx2f/ECJeZB2AZsLdlO8VwmIuqtT4nIDFXclhg+O+o+DMmQCekbheGk0kK28laA9gaOFDXsQp29J3X615HY1IPHJWd6FUFvCHjO+p1k652b5JJvZlShNpGlGSXAiQe/mEAj6tEBAA
Tricustom8: Custom engine code is hT3Nu7hPt1752DvFRa0kNDiyIV97VyejwM9C/jCLJjdPvusZONHY42VYUy0Q1ZotnhcVtNc56tJ5wbxv6V2+XpdsaSlHck5vfnbYjdwj1OECy9U+7oSQ0SZE3g5ayD+Phuh4odCJTjeKa2k4elM9ldQfkAEA
Gcustom9: Custom engine code is hT3NibhPDfeYQADBZnYcglOvK9Pfd7EOeniIqP8jNsyIqInncipMGcUXqAadachREE9F2PwhBUZUNw5kHnd4JdXkamORRgEA
C2custom10: Custom engine code is hT3NirhPjfWYQADBZnYcglOvK9Pfd7EOeniIqP8jNsyIqInncgkrYMMXCYbdK0dUjZIF9d4cJ0rHoBDjwVLBKuG86XYVV00BAA
AGcustom11: Custom engine code is hT3NirhP/fmYQADBZnYcglOvK9Pfd7EOeniIqP8jNsyIqInnckcwYMMXCYbdK0dUjZIF9d4cJ0rHoBDjwVLBKuHEZnZByh0BAA
Bcustom12: Custom engine code is hT3NjrhPDfiYQADBZnYcglOvK9PfWxFtenjIyBqfrgr7if/jL/yPOuK1BAflEcW0DxNH2eDIoezN2gxlQFg81RZtiWXh7aiTAidvAQA
Ncustom13: Custom engine code is hT3NR7hPByFp3TrFSTLhUmMH4KWtJglTyV/c51BHEeZWamnJv767nE6PCak26bd3gf3XGN3rIRheufhDieCJQVISo+gNYUKhiUedBKGtsP/a18svAnlMJZudHxDFwK5ufsyoxsIyiAeSY2oi3tEuoDHr5gw42DFKAG3PqO3CEsl8Azzdt3pl5nGA1Ifv2H02eYsFzWb/nfp8PMb3F0krE/EgBcm8TD9Div8BAA
Tricustom14: Custom engine code is hT3Nu7hP3fiYQADBZnYcglNHp9bfd7EOeniIqP/ji8sGLQu8yhsFO+wxJ+O+R0bU8g/IewXFomyos+viQnWc2xYNYmMqpo3i40O7DaZR7qfp4YqNx26KRvQ/qx0BAA
0: Finished reduce in 0s
0.0.PRE: Performing Proof Simplification...
0.0.N: clocks: 1, declared: 1, looping: 0, posedge: 1, negedge: 0, noedge: 0, bothedge: 0
0.0.N: Proof Simplification Iteration 1	[0.00 s]
0.0.PRE: A trace with 1 cycles was found. [0.00 s]
INFO (IPF047): 0.0.PRE: The cover property "GRAY.p1:precondition1" was covered in 1 cycles in 0.00 s.
0.0.N: Proof Simplification Iteration 2	[0.06 s]
0.0.PRE: A proof was found: No trace exists. [0.00 s]
INFO (IPF057): 0.0.PRE: The property ":noDeadEnd" was proven in 0.00 s.
    Use check_assumptions -show -dead_end to show this property in the property table.
0.0.PRE: A proof was found: No trace exists. [0.00 s]
INFO (IPF057): 0.0.PRE: The property ":noConflict" was proven in 0.00 s.
    Use check_assumptions -show to show this property in the property table.
INFO (IPF047): 0.0.PRE: The cover property ":live" was covered in 1 cycles in 0.00 s.
    Use check_assumptions -show -live to show this property in the property table.
0.0.PRE: Proof Simplification completed in 0.06 s
0: About to start ProofGrid in its own thread with a limit of 10000 pending notifications and a limit of 10 traces.
0: =============================== ProofGrid start ===============================
0: ProofGrid usable level: 1
0: Initial ProofGrid level: 1
0: ProofGrid is starting event handling
0.0.N: Proofgrid shell started at 25246@vlsi-ria84(local) jg_25181_vlsi-ria84_1
0.0.Hp: Proofgrid shell started at 25247@vlsi-ria84(local) jg_25181_vlsi-ria84_1
0.0.Hp: clocks: 1, declared: 1, looping: 0, posedge: 1, negedge: 0, noedge: 0, bothedge: 0
0.0.Hp: Last scan. Per property time limit: 0s
0.0.N: clocks: 1, declared: 1, looping: 0, posedge: 1, negedge: 0, noedge: 0, bothedge: 0
0.0.N: Last scan. Per property time limit: 0s
0.0.N: Starting proof for property "GRAY.p1"	[0.00 s].
0.0.N: Trace Attempt  1	[0.00 s]
0.0.N: Trace Attempt  2	[0.00 s]
0.0.Hp: Trace Attempt  1	[0.00 s]
0.0.Hp: Trace Attempt  2	[0.00 s]
0.0.N: Trace Attempt  2	[0.00 s]
0.0.N: Trace Attempt  3	[0.00 s]
0.0.N: Trace Attempt  4	[0.00 s]
0.0.N: Trace Attempt  4	[0.00 s]
0.0.Hp: Trace Attempt  3	[0.00 s]
0.0.Hp: Trace Attempt  4	[0.00 s]
0.0.Hp: Trace Attempt  5	[0.00 s]
0.0.N: Trace Attempt  5	[0.00 s]
0.0.N: Trace Attempt  1	[0.01 s]
0.0.N: Trace Attempt  2	[0.01 s]
0.0.N: Trace Attempt  3	[0.01 s]
0.0.N: Trace Attempt  4	[0.01 s]
0.0.N: Trace Attempt  5	[0.01 s]
0.0.Oh: Proofgrid shell started at 25281@vlsi-ria84(local) jg_25181_vlsi-ria84_1
0.0.Ht: Proofgrid shell started at 25278@vlsi-ria84(local) jg_25181_vlsi-ria84_1
0.0.Mpcustom4: Proofgrid shell started at 25280@vlsi-ria84(local) jg_25181_vlsi-ria84_1
0.0.Oh: clocks: 1, declared: 1, looping: 0, posedge: 1, negedge: 0, noedge: 0, bothedge: 0
0.0.Oh: Reached length limit (2147483647) [0.00 s]
0.0.L: Proofgrid shell started at 25282@vlsi-ria84(local) jg_25181_vlsi-ria84_1
0.0.B: Proofgrid shell started at 25283@vlsi-ria84(local) jg_25181_vlsi-ria84_1
0.0.AM: Proofgrid shell started at 25284@vlsi-ria84(local) jg_25181_vlsi-ria84_1
0.0.Oh: Exited with Success (@ 0.04 s)
0.0.Oh: Completed, Restart ignored.
0.0.Mpcustom4: clocks: 1, declared: 1, looping: 0, posedge: 1, negedge: 0, noedge: 0, bothedge: 0
0.0.B: clocks: 1, declared: 1, looping: 0, posedge: 1, negedge: 0, noedge: 0, bothedge: 0
0.0.Mpcustom4: Ignoring liveness properties
0.0.Mpcustom4: All properties either determined or skipped. [0.00 s]
0.0.B: Last scan. Per property time limit: 0s
0.0.B: Starting proof for property "GRAY.p1"	[0.00 s].
0.0.Ht: clocks: 1, declared: 1, looping: 0, posedge: 1, negedge: 0, noedge: 0, bothedge: 0
0.0.Ht: Last scan. Per property time limit: 0s
0.0.Ht: Trace Attempt  1	[0.00 s]
0.0.Ht: Trace Attempt  2	[0.00 s]
0.0.Ht: Trace Attempt  3	[0.00 s]
0.0.Ht: Trace Attempt  4	[0.00 s]
0.0.Ht: Trace Attempt  5	[0.00 s]
0.0.L: clocks: 1, declared: 1, looping: 0, posedge: 1, negedge: 0, noedge: 0, bothedge: 0
0.0.L: Using trace diversification with seed 1 (0.05)
0.0.L: Using LRU state removal heuristic
0.0.L: Ignoring liveness properties
0.0.L: All properties either determined or skipped. [0.00 s]
0.0.B: Trace Attempt  1	[0.00 s]
0.0.B: Trace Attempt  2	[0.00 s]
0.0.B: Trace Attempt  3	[0.00 s]
0.0.B: Trace Attempt  4	[0.00 s]
0.0.B: Trace Attempt  5	[0.00 s]
0.0.AM: clocks: 1, declared: 1, looping: 0, posedge: 1, negedge: 0, noedge: 0, bothedge: 0
0.0.AM: Last scan. Per property time limit: 0s
0.0.AM: Starting proof for property "GRAY.p1"	[0.00 s].
0.0.AM: Trace Attempt  1	[0.00 s]
0.0.AM: Trace Attempt  2	[0.00 s]
0.0.AM: Trace Attempt  3	[0.00 s]
0.0.AM: Trace Attempt  4	[0.00 s]
0.0.AM: Trace Attempt  5	[0.00 s]
0.0.AM: Trace Attempt  1	[0.00 s]
0.0.AM: Trace Attempt  2	[0.00 s]
0.0.AM: Trace Attempt  3	[0.00 s]
0.0.AM: Trace Attempt  5	[0.00 s]
0.0.Mpcustom4: Exited with Success (@ 0.05 s)
0.0.Mpcustom4: Completed, Restart ignored.
0.0.L: Exited with Success (@ 0.05 s)
0.0.L: Completed, Restart ignored.
0.0.AM: Trace Attempt  1	[0.01 s]
0.0.AM: Trace Attempt  2	[0.01 s]
0.0.AM: Trace Attempt  3	[0.01 s]
0.0.AM: Trace Attempt  4	[0.01 s]
0.0.AM: Trace Attempt  5	[0.01 s]
0.0.Bm: Proofgrid shell started at 25279@vlsi-ria84(local) jg_25181_vlsi-ria84_1
0.0.Bm: clocks: 1, declared: 1, looping: 0, posedge: 1, negedge: 0, noedge: 0, bothedge: 0
0.0.Bm: Ignoring liveness properties
0.0.Bm: Last scan. Per property time limit: 0s
0.0.Bm: Trace Attempt  1	[0.00 s]
0.0.Bm: Trace Attempt  2	[0.00 s]
0.0.Bm: Trace Attempt  3	[0.00 s]
0.0.Bm: Trace Attempt  4	[0.00 s]
0.0.Bm: Trace Attempt  5	[0.00 s]
0.0.AM: Trace Attempt  1	[0.03 s]
0.0.AM: Trace Attempt  2	[0.03 s]
0.0.AM: Trace Attempt  3	[0.03 s]
0.0.AM: Trace Attempt  4	[0.03 s]
0.0.AM: Trace Attempt  5	[0.03 s]
0.0.N: Trace Attempt  1	[0.08 s]
0.0.N: Trace Attempt  2	[0.08 s]
0.0.N: Trace Attempt  3	[0.08 s]
0.0.N: Trace Attempt  4	[0.08 s]
0.0.N: Trace Attempt  5	[0.08 s]
0.0.AM: Trace Attempt  1	[0.10 s]
0.0.AM: Trace Attempt  2	[0.10 s]
0.0.AM: Trace Attempt  3	[0.10 s]
0.0.AM: Trace Attempt  4	[0.10 s]
0.0.AM: Trace Attempt  5	[0.10 s]
0.0.N: Trace Attempt  1	[0.38 s]
0.0.N: Trace Attempt  2	[0.38 s]
0.0.N: Trace Attempt  3	[0.38 s]
0.0.N: Trace Attempt  4	[0.38 s]
0.0.N: Trace Attempt  5	[0.38 s]
0.0.AM: Trace Attempt  1	[0.39 s]
0.0.AM: Trace Attempt  2	[0.40 s]
0.0.AM: Trace Attempt  3	[0.40 s]
0.0.AM: Trace Attempt  4	[0.40 s]
0.0.AM: Trace Attempt  5	[0.40 s]
0.0.N: Trace Attempt  1	[1.73 s]
0.0.N: Trace Attempt  2	[1.73 s]
0.0.N: Trace Attempt  3	[1.73 s]
0.0.N: Trace Attempt  4	[1.73 s]
0.0.N: Trace Attempt  5	[1.73 s]
0.0.AM: Trace Attempt  1	[2.26 s]
0.0.AM: Trace Attempt  2	[2.27 s]
0.0.AM: Trace Attempt  3	[2.27 s]
0.0.AM: Trace Attempt  4	[2.27 s]
0.0.AM: Trace Attempt  5	[2.27 s]
0.0.Hp: Trace Attempt 629	[4.01 s]
0.0.Ht: Trace Attempt 1885	[4.00 s]
0.0.B: Trace Attempt 1730	[4.00 s]
0.0.Bm: Trace Attempt 1740	[4.00 s]
0.0.N: Trace Attempt 190	[5.75 s]
0.0.AM: Trace Attempt 203	[6.28 s]
0.0.N: Trace Attempt  1	[7.27 s]
0.0.N: Trace Attempt  2	[7.27 s]
0.0.N: Trace Attempt  3	[7.27 s]
0.0.N: Trace Attempt  4	[7.28 s]
0.0.N: Trace Attempt  5	[7.28 s]
0.0.Hp: Trace Attempt 877	[8.02 s]
0.0.B: Trace Attempt 2391	[8.01 s]
0.0.Ht: Trace Attempt 2570	[8.00 s]
0.0.Bm: Trace Attempt 2399	[8.01 s]
0.0.AM: Trace Attempt  1	[8.23 s]
0.0.AM: Trace Attempt  2	[8.23 s]
0.0.AM: Trace Attempt  3	[8.23 s]
0.0.AM: Trace Attempt  4	[8.23 s]
0.0.AM: Trace Attempt  5	[8.23 s]
0.0.N: Trace Attempt 187	[11.30 s]
0.0.Hp: Trace Attempt 1066	[12.04 s]
0.0.Ht: Trace Attempt 3094	[12.01 s]
0.0.B: Trace Attempt 2910	[12.01 s]
0.0.Bm: Trace Attempt 2914	[12.02 s]
0.0.AM: Trace Attempt 185	[12.28 s]
0.0.N: Trace Attempt  1	[12.99 s]
0.0.N: Trace Attempt  2	[12.99 s]
0.0.N: Trace Attempt  3	[12.99 s]
0.0.N: Trace Attempt  4	[12.99 s]
0.0.N: Trace Attempt  5	[12.99 s]
0.0.Hp: Trace Attempt 1222	[16.04 s]
0.0.Ht: Trace Attempt 3534	[16.01 s]
0.0.B: Trace Attempt 3340	[16.02 s]
0.0.Bm: Trace Attempt 3333	[16.02 s]
0.0.AM: Trace Attempt 251	[16.43 s]
0.0.N: Trace Attempt 191	[17.00 s]
0.0.N: Trace Attempt  1	[19.55 s]
0.0.N: Trace Attempt  2	[19.55 s]
0.0.N: Trace Attempt  3	[19.55 s]
0.0.N: Trace Attempt  4	[19.55 s]
0.0.N: Trace Attempt  5	[19.55 s]
0.0.Ht: Trace Attempt 3920	[20.01 s]
0.0.B: Trace Attempt 3714	[20.02 s]
0.0.Hp: Trace Attempt 1360	[20.07 s]
0.0.Bm: Trace Attempt 3698	[20.02 s]
0.0.AM: Trace Attempt 305	[20.44 s]
0.0.N: Trace Attempt 186	[23.58 s]
0.0.Ht: Trace Attempt 4267	[24.02 s]
0.0.B: Trace Attempt 4051	[24.02 s]
0.0.Bm: Trace Attempt 4030	[24.03 s]
0.0.Hp: Trace Attempt 1486	[24.09 s]
0.0.AM: Trace Attempt 353	[24.47 s]
0.0.N: Trace Attempt  1	[25.35 s]
0.0.N: Trace Attempt  2	[25.35 s]
0.0.N: Trace Attempt  3	[25.35 s]
0.0.N: Trace Attempt  4	[25.36 s]
0.0.N: Trace Attempt  5	[25.36 s]
0.0.Ht: Trace Attempt 4599	[28.03 s]
0.0.B: Trace Attempt 4367	[28.03 s]
0.0.Bm: Trace Attempt 4341	[28.04 s]
0.0.Hp: Trace Attempt 1600	[28.12 s]
0.0.AM: Trace Attempt 388	[28.56 s]
0.0.N: Trace Attempt 186	[29.38 s]
0.0.N: Trace Attempt  1	[31.14 s]
0.0.N: Trace Attempt  2	[31.14 s]
0.0.N: Trace Attempt  3	[31.14 s]
0.0.N: Trace Attempt  4	[31.15 s]
0.0.N: Trace Attempt  5	[31.15 s]
0.0.B: Trace Attempt 4658	[32.03 s]
0.0.Ht: Trace Attempt 4887	[32.04 s]
0.0.Bm: Trace Attempt 4628	[32.05 s]
0.0.Hp: Trace Attempt 1707	[32.16 s]
0.0.AM: Trace Attempt 423	[32.65 s]
0.0.N: Trace Attempt 186	[35.18 s]
0.0.B: Trace Attempt 4926	[36.04 s]
0.0.Ht: Trace Attempt 5167	[36.04 s]
0.0.Bm: Trace Attempt 4893	[36.06 s]
0.0.Hp: Trace Attempt 1807	[36.19 s]
0.0.N: Trace Attempt  1	[36.93 s]
0.0.N: Trace Attempt  2	[36.93 s]
0.0.N: Trace Attempt  3	[36.93 s]
0.0.N: Trace Attempt  4	[36.93 s]
0.0.N: Trace Attempt  5	[36.93 s]
0.0.AM: Trace Attempt 452	[37.03 s]
0.0.B: Trace Attempt 5178	[40.04 s]
0.0.Ht: Trace Attempt 5441	[40.05 s]
0.0.Bm: Trace Attempt 5142	[40.08 s]
0.0.Hp: Trace Attempt 1902	[40.23 s]
0.0.N: Trace Attempt 186	[40.94 s]
0.0.AM: Trace Attempt 460	[41.07 s]
0.0.N: Trace Attempt  1	[42.78 s]
0.0.N: Trace Attempt  2	[42.78 s]
0.0.N: Trace Attempt  3	[42.78 s]
0.0.N: Trace Attempt  4	[42.78 s]
0.0.N: Trace Attempt  5	[42.78 s]
0.0.B: Trace Attempt 5409	[44.04 s]
0.0.Ht: Trace Attempt 5697	[44.06 s]
0.0.Bm: Trace Attempt 5368	[44.08 s]
0.0.Hp: Trace Attempt 1990	[44.25 s]
0.0.AM: Trace Attempt 443	[45.07 s]
0.0.N: Trace Attempt 185	[46.78 s]
0.0.B: Trace Attempt 5618	[48.04 s]
0.0.Ht: Trace Attempt 5928	[48.07 s]
0.0.Bm: Trace Attempt 5577	[48.10 s]
0.0.Hp: Trace Attempt 2070	[48.28 s]
0.0.N: Trace Attempt  1	[48.68 s]
0.0.N: Trace Attempt  2	[48.69 s]
0.0.N: Trace Attempt  3	[48.69 s]
0.0.N: Trace Attempt  4	[48.69 s]
0.0.N: Trace Attempt  5	[48.69 s]
0.0.AM: Trace Attempt 513	[49.43 s]
0.0.AM: Trace Attempt  1	[49.80 s]
0.0.AM: Trace Attempt  2	[49.80 s]
0.0.AM: Trace Attempt  3	[49.80 s]
0.0.AM: Trace Attempt  4	[49.80 s]
0.0.AM: Trace Attempt  5	[49.80 s]
0.0.B: Trace Attempt 5833	[52.05 s]
0.0.Ht: Trace Attempt 6159	[52.10 s]
0.0.Bm: Trace Attempt 5794	[52.11 s]
0.0.Hp: Trace Attempt 2150	[52.29 s]
0.0.N: Trace Attempt 186	[52.71 s]
0.0.AM: Trace Attempt 189	[53.83 s]
0.0.N: Trace Attempt  1	[54.94 s]
0.0.N: Trace Attempt  2	[54.95 s]
0.0.N: Trace Attempt  3	[54.95 s]
0.0.N: Trace Attempt  4	[54.95 s]
0.0.N: Trace Attempt  5	[54.95 s]
0.0.B: Trace Attempt 6049	[56.06 s]
0.0.Ht: Trace Attempt 6375	[56.10 s]
0.0.Bm: Trace Attempt 6011	[56.13 s]
0.0.Hp: Trace Attempt 2230	[56.31 s]
0.0.AM: Trace Attempt 248	[57.87 s]
0.0.N: Trace Attempt 175	[58.97 s]
0.0.B: Trace Attempt 6254	[60.06 s]
0.0.Ht: Trace Attempt 6591	[60.11 s]
0.0.Bm: Trace Attempt 6218	[60.14 s]
0.0.Hp: Trace Attempt 2308	[60.33 s]
0.0.AM: Trace Attempt 308	[61.94 s]
0.0.N: Trace Attempt 242	[63.14 s]
0.0.B: Trace Attempt 6450	[64.08 s]
0.0.Ht: Trace Attempt 6791	[64.12 s]
0.0.Bm: Trace Attempt 6414	[64.15 s]
0.0.Hp: Trace Attempt 2382	[64.35 s]
0.0.AM: Trace Attempt 352	[65.96 s]
0.0.N: Trace Attempt 285	[67.28 s]
0.0.B: Trace Attempt 6640	[68.09 s]
0.0.Ht: Trace Attempt 6991	[68.14 s]
0.0.Bm: Trace Attempt 6604	[68.16 s]
0.0.Hp: Trace Attempt 2454	[68.38 s]
0.0.AM: Trace Attempt 390	[70.02 s]
0.0.N: Trace Attempt 325	[71.29 s]
0.0.B: Trace Attempt 6821	[72.09 s]
0.0.Ht: Trace Attempt 7191	[72.15 s]
0.0.Bm: Trace Attempt 6786	[72.17 s]
0.0.Hp: Trace Attempt 2523	[72.40 s]
0.0.AM: Trace Attempt 425	[74.07 s]
0.0.N: Trace Attempt 362	[75.36 s]
0.0.B: Trace Attempt 6996	[76.11 s]
0.0.Ht: Trace Attempt 7379	[76.16 s]
0.0.Bm: Trace Attempt 6961	[76.20 s]
0.0.Hp: Trace Attempt 2589	[76.45 s]
0.0.AM: Trace Attempt 458	[78.34 s]
0.0.N: Trace Attempt 393	[79.48 s]
0.0.B: Trace Attempt 7170	[80.13 s]
0.0.Ht: Trace Attempt 7560	[80.17 s]
0.0.Bm: Trace Attempt 7135	[80.20 s]
0.0.Hp: Trace Attempt 2652	[80.45 s]
0.0.AM: Trace Attempt 471	[82.42 s]
0.0.N: Trace Attempt 426	[83.55 s]
0.0.B: Trace Attempt 7338	[84.14 s]
0.0.Ht: Trace Attempt 7736	[84.17 s]
0.0.Bm: Trace Attempt 7304	[84.20 s]
0.0.Hp: Trace Attempt 2715	[84.46 s]
0.0.AM: Trace Attempt 482	[86.67 s]
0.0.N: Trace Attempt 459	[87.71 s]
0.0.B: Trace Attempt 7501	[88.16 s]
0.0.Ht: Trace Attempt 7914	[88.19 s]
0.0.Bm: Trace Attempt 7467	[88.22 s]
0.0.Hp: Trace Attempt 2776	[88.49 s]
0.0.AM: Trace Attempt 496	[90.91 s]
0.0.B: Trace Attempt 7655	[92.17 s]
0.0.Ht: Trace Attempt 8076	[92.20 s]
0.0.Bm: Trace Attempt 7621	[92.23 s]
0.0.Hp: Trace Attempt 2834	[92.52 s]
0.0.N: Trace Attempt 481	[92.52 s]
0.0.N: Trace Attempt  1	[92.54 s]
0.0.N: Trace Attempt  2	[92.54 s]
0.0.N: Trace Attempt  3	[92.54 s]
0.0.N: Trace Attempt  4	[92.54 s]
0.0.N: Trace Attempt  5	[92.54 s]
0.0.AM: Trace Attempt 510	[95.13 s]
0.0.B: Trace Attempt 7809	[96.18 s]
0.0.Ht: Trace Attempt 8231	[96.22 s]
0.0.Bm: Trace Attempt 7776	[96.24 s]
0.0.Hp: Trace Attempt 2892	[96.57 s]
0.0.N: Trace Attempt 185	[96.57 s]
0.0.AM: Trace Attempt 525	[99.24 s]
0.0.B: Trace Attempt 7962	[100.20 s]
0.0.Ht: Trace Attempt 8394	[100.22 s]
0.0.Bm: Trace Attempt 7931	[100.25 s]
0.0.N: Trace Attempt 261	[100.61 s]
0.0.Hp: Trace Attempt 2950	[100.61 s]
0.0.AM: Trace Attempt 541	[103.36 s]
0.0.B: Trace Attempt 8111	[104.22 s]
0.0.Ht: Trace Attempt 8554	[104.23 s]
0.0.Bm: Trace Attempt 8082	[104.27 s]
0.0.N: Trace Attempt 302	[104.61 s]
0.0.Hp: Trace Attempt 3006	[104.62 s]
0.0.AM: Trace Attempt 555	[107.40 s]
0.0.B: Trace Attempt 8258	[108.22 s]
0.0.Ht: Trace Attempt 8714	[108.26 s]
0.0.Bm: Trace Attempt 8231	[108.29 s]
0.0.N: Trace Attempt 349	[108.61 s]
0.0.Hp: Trace Attempt 3061	[108.65 s]
0.0.AM: Trace Attempt 569	[111.51 s]
0.0.B: Trace Attempt 8404	[112.24 s]
0.0.Ht: Trace Attempt 8863	[112.28 s]
0.0.Bm: Trace Attempt 8379	[112.29 s]
0.0.N: Trace Attempt 389	[112.68 s]
0.0.Hp: Trace Attempt 3115	[112.72 s]
0.0.AM: Trace Attempt 578	[115.53 s]
0.0.B: Trace Attempt 8545	[116.26 s]
0.0.Ht: Trace Attempt 9019	[116.30 s]
0.0.Bm: Trace Attempt 8522	[116.31 s]
0.0.N: Trace Attempt 426	[116.72 s]
0.0.Hp: Trace Attempt 3167	[116.73 s]
0.0.AM: Trace Attempt 589	[119.75 s]
0.0.B: Trace Attempt 8680	[120.28 s]
0.0.Ht: Trace Attempt 9179	[120.31 s]
0.0.Bm: Trace Attempt 8659	[120.33 s]
0.0.Hp: Trace Attempt 3218	[120.75 s]
0.0.N: Trace Attempt 461	[120.78 s]
0.0.AM: Trace Attempt 600	[123.93 s]
0.0.B: Trace Attempt 8812	[124.29 s]
0.0.Ht: Trace Attempt 9323	[124.31 s]
0.0.Bm: Trace Attempt 8793	[124.34 s]
0.0.Hp: Trace Attempt 3268	[124.82 s]
0.0.N: Trace Attempt 499	[124.90 s]
0.0.B: Trace Attempt 8939	[128.32 s]
0.0.AM: Trace Attempt 611	[128.32 s]
0.0.Ht: Trace Attempt 9467	[128.33 s]
0.0.Bm: Trace Attempt 8922	[128.37 s]
0.0.Hp: Trace Attempt 3316	[128.84 s]
0.0.N: Trace Attempt 507	[129.66 s]
0.0.B: Trace Attempt 9062	[132.35 s]
0.0.Ht: Trace Attempt 9602	[132.35 s]
0.0.Bm: Trace Attempt 9046	[132.38 s]
0.0.AM: Trace Attempt 621	[132.41 s]
0.0.N: Trace Attempt  1	[132.82 s]
0.0.N: Trace Attempt  2	[132.82 s]
0.0.N: Trace Attempt  3	[132.83 s]
0.0.N: Trace Attempt  4	[132.83 s]
0.0.N: Trace Attempt  5	[132.83 s]
0.0.Hp: Trace Attempt 3363	[132.91 s]
0.0.B: Trace Attempt 9191	[136.36 s]
0.0.Ht: Trace Attempt 9746	[136.38 s]
0.0.Bm: Trace Attempt 9174	[136.39 s]
0.0.AM: Trace Attempt 631	[136.71 s]
0.0.N: Trace Attempt 254	[136.84 s]
0.0.Hp: Trace Attempt 3412	[136.99 s]
0.0.B: Trace Attempt 9319	[140.37 s]
0.0.Ht: Trace Attempt 9883	[140.38 s]
0.0.Bm: Trace Attempt 9304	[140.41 s]
0.0.N: Trace Attempt 364	[140.89 s]
0.0.AM: Trace Attempt 641	[140.85 s]
0.0.Hp: Trace Attempt 3460	[141.06 s]
0.0.B: Trace Attempt 9444	[144.38 s]
0.0.Ht: Trace Attempt 10018	[144.38 s]
0.0.Bm: Trace Attempt 9431	[144.43 s]
0.0.AM: Trace Attempt 651	[144.89 s]
0.0.N: Trace Attempt 448	[144.95 s]
0.0.Hp: Trace Attempt 3506	[145.06 s]
0.0.Ht: Trace Attempt 10152	[148.39 s]
0.0.B: Trace Attempt 9567	[148.41 s]
0.0.Bm: Trace Attempt 9555	[148.44 s]
0.0.N: Trace Attempt 470	[148.95 s]
0.0.Hp: Trace Attempt 3552	[149.11 s]
0.0.AM: Trace Attempt 660	[149.10 s]
0.0.Ht: Trace Attempt 10276	[152.43 s]
0.0.B: Trace Attempt 9687	[152.44 s]
0.0.Bm: Trace Attempt 9676	[152.45 s]
0.0.N: Trace Attempt 500	[152.97 s]
0.0.Hp: Trace Attempt 3597	[153.14 s]
0.0.AM: Trace Attempt 669	[153.17 s]
0.0.Ht: Trace Attempt 10403	[156.44 s]
0.0.B: Trace Attempt 9803	[156.47 s]
0.0.Bm: Trace Attempt 9793	[156.47 s]
0.0.N: Trace Attempt 534	[157.04 s]
0.0.Hp: Trace Attempt 3640	[157.18 s]
0.0.AM: Trace Attempt 678	[157.41 s]
0.0.Ht: Trace Attempt 10535	[160.45 s]
0.0.B: Trace Attempt 9921	[160.47 s]
0.0.Bm: Trace Attempt 9911	[160.49 s]
0.0.N: Trace Attempt 568	[161.05 s]
0.0.Hp: Trace Attempt 3683	[161.20 s]
0.0.AM: Trace Attempt 686	[161.73 s]
0.0.Ht: Trace Attempt 10667	[164.46 s]
0.0.B: Trace Attempt 10038	[164.50 s]
0.0.Bm: Trace Attempt 10027	[164.51 s]
0.0.N: Trace Attempt 599	[165.14 s]
0.0.Hp: Trace Attempt 3726	[165.28 s]
0.0.AM: Trace Attempt 694	[165.91 s]
0.0.Ht: Trace Attempt 10788	[168.47 s]
0.0.B: Trace Attempt 10152	[168.52 s]
0.0.Bm: Trace Attempt 10140	[168.53 s]
0.0.N: Trace Attempt 629	[169.24 s]
0.0.Hp: Trace Attempt 3768	[169.35 s]
0.0.AM: Trace Attempt 702	[170.31 s]
0.0.Ht: Trace Attempt 10905	[172.47 s]
0.0.B: Trace Attempt 10264	[172.54 s]
0.0.Bm: Trace Attempt 10252	[172.56 s]
0.0.N: Trace Attempt 655	[173.28 s]
0.0.Hp: Trace Attempt 3810	[173.43 s]
0.0.AM: Trace Attempt 710	[174.60 s]
0.0.Ht: Trace Attempt 11024	[176.47 s]
0.0.B: Trace Attempt 10372	[176.55 s]
0.0.Bm: Trace Attempt 10359	[176.57 s]
0.0.N: Trace Attempt 683	[177.34 s]
0.0.Hp: Trace Attempt 3851	[177.51 s]
0.0.AM: Trace Attempt 719	[178.96 s]
0.0.Ht: Trace Attempt 11138	[180.50 s]
0.0.B: Trace Attempt 10479	[180.56 s]
0.0.Bm: Trace Attempt 10465	[180.57 s]
0.0.N: Trace Attempt 701	[180.83 s]
0.0.N: Stopped processing property "GRAY.p1"	[181.01 s].
0.0.N: Morphing to Ncustom1
0.0.N: All properties determined. [0.00 s]
0.0.N: Exited with Success (@ 0.00 s)
0.0.Ncustom1: clocks: 1, declared: 1, looping: 0, posedge: 1, negedge: 0, noedge: 0, bothedge: 0
0.0.Ncustom1: Starting proof for property "GRAY.p1"	[0.00 s].
0.0.Tri: Proofgrid shell started at 25772@vlsi-ria84(local) jg_25181_vlsi-ria84_1
0.0.Tri: clocks: 1, declared: 1, looping: 0, posedge: 1, negedge: 0, noedge: 0, bothedge: 0
0.0.Tri: Last scan. Per property time limit: 0s
0.0.Tri: Starting proof for property "GRAY.p1"	[0.00 s].
0.0.Tri: Trace Attempt  1	[0.00 s]
0.0.Ncustom1: Trace Attempt 512	[0.04 s]
0.0.D: Proofgrid shell started at 25779@vlsi-ria84(local) jg_25181_vlsi-ria84_1
0.0.D: clocks: 1, declared: 1, looping: 0, posedge: 1, negedge: 0, noedge: 0, bothedge: 0
0.0.D: Last scan. Per property time limit: 0s
0.0.D: Starting proof for property "GRAY.p1"	[0.00 s].
0.0.D: Trace Attempt  1	[0.00 s]
0.0.D: Trace Attempt  2	[0.00 s]
0.0.D: Trace Attempt  4	[0.00 s]
0.0.B: Trace Attempt 10487	[180.87 s]
0.0.B: Stopped processing property "GRAY.p1"	[181.04 s].
0.0.B: Morphing to Bcustom2
0.0.B: All properties determined. [0.00 s]
0.0.B: Exited with Success (@ 0.00 s)
0.0.AM: Trace Attempt 723	[180.88 s]
0.0.AM: Stopped processing property "GRAY.p1"	[181.04 s].
0.0.AM: Morphing to AMcustom3
0.0.Bcustom2: clocks: 1, declared: 1, looping: 0, posedge: 1, negedge: 0, noedge: 0, bothedge: 0
0.0.Bcustom2: Starting proof for property "GRAY.p1"	[0.00 s].
0.0.Bcustom2: Trace Attempt  1	[0.00 s]
0.0.Bcustom2: Trace Attempt  2	[0.00 s]
0.0.Bcustom2: Trace Attempt  1	[0.00 s]
0.0.Bcustom2: Trace Attempt  2	[0.00 s]
0.0.Bcustom2: Trace Attempt  3	[0.00 s]
0.0.Bcustom2: Trace Attempt  4	[0.00 s]
0.0.Bcustom2: Trace Attempt  5	[0.00 s]
0.0.AM: All properties determined. [0.00 s]
0.0.AM: Exited with Success (@ 0.00 s)
0.0.Tri:    0.00" ---- Launching main thread ----
0.0.Bcustom2: Trace Attempt  1	[0.00 s]
0.0.Bcustom2: Trace Attempt  2	[0.00 s]
0.0.Bcustom2: Trace Attempt  3	[0.00 s]
0.0.Bcustom2: Trace Attempt  4	[0.00 s]
0.0.Bcustom2: Trace Attempt  5	[0.00 s]
0.0.AMcustom3: clocks: 1, declared: 1, looping: 0, posedge: 1, negedge: 0, noedge: 0, bothedge: 0
0.0.AMcustom3: Starting proof for property "GRAY.p1"	[0.00 s].
0.0.AMcustom3: Trace Attempt  1	[0.00 s]
0.0.AMcustom3: Trace Attempt  2	[0.00 s]
0.0.AMcustom3: Trace Attempt  3	[0.00 s]
0.0.AMcustom3: Trace Attempt  4	[0.00 s]
0.0.AMcustom3: Trace Attempt  5	[0.00 s]
0.0.AMcustom3: Trace Attempt  1	[0.00 s]
0.0.AMcustom3: Trace Attempt  2	[0.00 s]
0.0.AMcustom3: Trace Attempt  3	[0.00 s]
0.0.AMcustom3: Trace Attempt  5	[0.00 s]
0.0.AMcustom3: Trace Attempt  1	[0.01 s]
0.0.AMcustom3: Trace Attempt  2	[0.01 s]
0.0.AMcustom3: Trace Attempt  3	[0.01 s]
0.0.AMcustom3: Trace Attempt  4	[0.01 s]
0.0.AMcustom3: Trace Attempt  5	[0.01 s]
0.0.Bcustom2: Trace Attempt  1	[0.00 s]
0.0.Bcustom2: Trace Attempt  2	[0.00 s]
0.0.Bcustom2: Trace Attempt  3	[0.00 s]
0.0.Bcustom2: Trace Attempt  4	[0.00 s]
0.0.Bcustom2: Trace Attempt  5	[0.00 s]
0.0.Bcustom2: Trace Attempt  1	[0.01 s]
0.0.Bcustom2: Trace Attempt  2	[0.01 s]
0.0.Bcustom2: Trace Attempt  3	[0.01 s]
0.0.Bcustom2: Trace Attempt  4	[0.01 s]
0.0.Bcustom2: Trace Attempt  5	[0.01 s]
0.0.Bcustom2: Trace Attempt  1	[0.02 s]
0.0.Bcustom2: Trace Attempt  2	[0.02 s]
0.0.Bcustom2: Trace Attempt  3	[0.02 s]
0.0.Bcustom2: Trace Attempt  4	[0.02 s]
0.0.Bcustom2: Trace Attempt  5	[0.02 s]
0.0.Bcustom2: Trace Attempt  1	[0.04 s]
0.0.Bcustom2: Trace Attempt  2	[0.04 s]
0.0.Bcustom2: Trace Attempt  3	[0.04 s]
0.0.Bcustom2: Trace Attempt  4	[0.04 s]
0.0.Bcustom2: Trace Attempt  5	[0.04 s]
0.0.AMcustom3: Trace Attempt  1	[0.03 s]
0.0.AMcustom3: Trace Attempt  2	[0.03 s]
0.0.AMcustom3: Trace Attempt  3	[0.03 s]
0.0.AMcustom3: Trace Attempt  4	[0.03 s]
0.0.AMcustom3: Trace Attempt  5	[0.04 s]
0.0.Tri:    0.06" ---- Launching abstraction thread ----
0.0.Tri:    0.08" ---- Launching multi-phase simplification thread ----
0.0.Bcustom2: Trace Attempt  1	[0.08 s]
0.0.Bcustom2: Trace Attempt  2	[0.08 s]
0.0.Bcustom2: Trace Attempt  3	[0.08 s]
0.0.Bcustom2: Trace Attempt  4	[0.08 s]
0.0.Bcustom2: Trace Attempt  5	[0.08 s]
0.0.Tri:    0.11" ---- Launching liveness simplification thread ----
0.0.AMcustom3: Trace Attempt  1	[0.11 s]
0.0.AMcustom3: Trace Attempt  2	[0.11 s]
0.0.AMcustom3: Trace Attempt  3	[0.11 s]
0.0.AMcustom3: Trace Attempt  4	[0.11 s]
0.0.AMcustom3: Trace Attempt  5	[0.11 s]
0.0.Bcustom2: Trace Attempt  1	[0.21 s]
0.0.Bcustom2: Trace Attempt  2	[0.21 s]
0.0.Bcustom2: Trace Attempt  3	[0.21 s]
0.0.Bcustom2: Trace Attempt  4	[0.21 s]
0.0.Bcustom2: Trace Attempt  5	[0.21 s]
0.0.Hp: Trace Attempt 3890	[181.52 s]
0.0.AMcustom3: Trace Attempt  1	[0.45 s]
0.0.AMcustom3: Trace Attempt  2	[0.45 s]
0.0.AMcustom3: Trace Attempt  3	[0.45 s]
0.0.AMcustom3: Trace Attempt  4	[0.45 s]
0.0.AMcustom3: Trace Attempt  5	[0.45 s]
0.0.Bcustom2: Trace Attempt  1	[0.67 s]
0.0.Bcustom2: Trace Attempt  2	[0.67 s]
0.0.Bcustom2: Trace Attempt  3	[0.67 s]
0.0.Bcustom2: Trace Attempt  4	[0.67 s]
0.0.Bcustom2: Trace Attempt  5	[0.67 s]
0.0.D: Trace Attempt 64	[0.53 s]
0.0.D: Stopped processing property "GRAY.p1"	[0.98 s].
0.0.D: Morphing to M
0.0.D: All properties determined. [0.00 s]
0.0.D: Exited with Success (@ 0.00 s)
0.0.M: clocks: 1, declared: 1, looping: 0, posedge: 1, negedge: 0, noedge: 0, bothedge: 0
0.0.M: Starting proof for property "GRAY.p1"	[0.00 s].
0.0.M: Trace Attempt  1	[0.00 s]
0.0.M: Trace Attempt  2	[0.00 s]
0.0.M: Trace Attempt  3	[0.00 s]
0.0.M: Trace Attempt  4	[0.00 s]
0.0.M: Trace Attempt  5	[0.01 s]
0.0.Tri:    0.99" Simplification phase 1 complete
0.0.Ncustom1: Requesting engine job to terminate
0.0.Bcustom2: Requesting engine job to terminate
0.0.AMcustom3: Requesting engine job to terminate
0.0.Tri: Requesting engine job to terminate
0.0.M: Requesting engine job to terminate
0.0.Hp: Requesting engine job to terminate
0.0.Ht: Requesting engine job to terminate
0.0.Bm: Requesting engine job to terminate
INFO (IPF144): 0: Initiating shutdown of proof [182.11 s]
0.0.Tri: A proof was found: No trace exists. [1.07 s]
INFO (IPF057): 0.0.Tri: The property "GRAY.p1" was proven in 1.07 s.
0.0.M: Trace Attempt 21	[0.06 s]
0.0.M: Stopped processing property "GRAY.p1"	[0.06 s].
0.0.M: All properties determined. [0.06 s]
0.0.M: Exited with Success (@ 182.11 s)
0: ProofGrid usable level: 0
0.0.AMcustom3: Trace Attempt 69	[1.00 s]
0.0.AMcustom3: Stopped processing property "GRAY.p1"	[1.02 s].
0.0.AMcustom3: All properties determined. [1.02 s]
0.0.Ncustom1: Stopped processing property "GRAY.p1"	[1.11 s].
0.0.Ncustom1: All properties determined. [1.10 s]
0.0.Ht: Trace Attempt 11181	[182.04 s]
0.0.Ht: All properties determined. [182.08 s]
0.0.Bcustom2: Trace Attempt 580	[1.02 s]
0.0.Bcustom2: Stopped processing property "GRAY.p1"	[1.04 s].
0.0.Bcustom2: All properties determined. [1.04 s]
0.0.Ncustom1: Exited with Success (@ 182.13 s)
0.0.AMcustom3: Exited with Success (@ 182.13 s)
0.0.Hp: Trace Attempt 3895	[182.05 s]
0.0.Hp: All properties determined. [182.14 s]
0.0.Bcustom2: Exited with Success (@ 182.14 s)
0.0.AMcustom5: Proofgrid shell started at 25851@vlsi-ria84(local) jg_25181_vlsi-ria84_1
0.0.AMcustom5: Requesting engine job to terminate
0.0.AMcustom5: Preventing job from starting because proof is shutting down.
0.0.AMcustom5: Requesting engine job to terminate
0.0.AMcustom5: Interrupted. [0.00 s]
0.0.Bm: Trace Attempt 10503	[182.05 s]
0.0.Bm: All properties determined. [182.14 s]
0.0.AMcustom5: Exited with Success (@ 182.20 s)
0.0.Bm: Exited with Success (@ 182.21 s)
0.0.Ht: Exited with Success (@ 182.25 s)
0.0.Tri: Stopped processing property "GRAY.p1"	[1.27 s].
0.0.Tri: All properties determined. [1.27 s]
0.0.Tri: Exited with Success (@ 182.31 s)
0.0.Hp: Exited with Success (@ 182.34 s)
0: --------------------------------------------------------------
ProofGrid Summary (utilization 99.94 %)
--------------------------------------------------------------
     engines started                               :    16
     engine jobs started                           :    12

    Average time in state (seconds)
    ------------------------------------------------------
    Engine  Pending     Running        Dead    Utilization
    ------------------------------------------------------
     Hp        0.03      182.11        0.00       99.98 %
     Ht        0.04      182.07        0.00       99.98 %
     Bm        0.06      182.05        0.00       99.97 %
    Mpcustom4        0.04        0.00        0.00        0.54 %
     Oh        0.04        0.01        0.00       14.67 %
      L        0.04        0.01        0.00       15.79 %
    Ncustom1        0.03      182.02        0.00       99.98 %
    Bcustom2        0.04      181.91        0.00       99.98 %
    AMcustom3        0.04      181.91        0.00       99.98 %
    Tri        0.10        1.08        0.00       91.86 %
      M        0.09        1.03        0.00       91.61 %
    AMcustom5        0.11        0.00        0.00        0.00 %
    all        0.06       91.18        0.00       99.94 %

    Total time in state (seconds)
    -----------------------------------------
            Pending     Running        Dead  
    -----------------------------------------
               0.66     1094.21        0.00

    Data read    : 7.76 MiB
    Data written : 5.17 kiB

0: All pending notifications were processed.
INFO (IPF059): 0: Completed proof on task: "<embedded>"

==============================================================
SUMMARY
==============================================================
           Properties Considered              : 2
                 assertions                   : 1
                  - proven                    : 1 (100%)
                  - bounded_proven (user)     : 0 (0%)
                  - bounded_proven (auto)     : 0 (0%)
                  - marked_proven             : 0 (0%)
                  - cex                       : 0 (0%)
                  - ar_cex                    : 0 (0%)
                  - undetermined              : 0 (0%)
                  - unknown                   : 0 (0%)
                  - error                     : 0 (0%)
                 covers                       : 1
                  - unreachable               : 0 (0%)
                  - bounded_unreachable (user): 0 (0%)
                  - covered                   : 1 (100%)
                  - ar_covered                : 0 (0%)
                  - undetermined              : 0 (0%)
                  - unknown                   : 0 (0%)
                  - error                     : 0 (0%)
determined
[<embedded>] % exit -force
INFO (IPL005): Received request to exit from the console.
INFO (IPL014): Waiting for the Tcl-thread to exit.
INFO: Waiting for proof threads to stop...
INFO: Proof threads stopped.
INFO (IPL018): The peak resident set memory use for this session was 2.297 GB.
INFO (IPL015): The Tcl-thread exited with status 0.
INFO (IPL016): Exiting the analysis session with status 0.
