# ----------------------------------------
# Jasper Version Info
# tool      : Jasper 2024.06
# platform  : Linux 3.10.0-1160.62.1.el7.x86_64
# version   : 2024.06p002 64 bits
# build date: 2024.09.02 16:28:38 UTC
# ----------------------------------------
# started   : 2025-11-17 19:59:54 IST
# hostname  : vlsi-ria84.vlsidomain
# pid       : 12040
# arguments : '-label' 'session_0' '-console' '//127.0.0.1:36735' '-nowindow' '-style' 'windows' '-exitonerror' '-data' 'AAAAznicY2RgYLCp////PwMYMD6A0Aw2jAyoAMRnQhUJbEChGRhYYZphSliAmItBl6GAoYghnyELyNNh0ANCfSA7HS6aypDMUMJQDBRNAbJzGBIZKhniGQwZTIDqeYC6k4AiJUA1GUC+BIYaPbBcDtg+AGNIF0E=' '-proj' '/users/rompel/jasper_executions/safety_liveness/jgprojects/delay_14/sessionLogs/session_0' '-init' '-hidden' '/users/rompel/jasper_executions/safety_liveness/jgprojects/delay_14/.tmp/.initCmds.tcl' 'delay_14.tcl' '-hidden' '/users/rompel/jasper_executions/safety_liveness/jgprojects/delay_14/.tmp/.postCmds.tcl'

Any disclosure about the Cadence Design Systems software or its use
model to any third party violates the written Non-Disclosure Agreement
between Cadence Design Systems, Inc. and the customer.

THIS SOFTWARE CONTAINS CONFIDENTIAL INFORMATION AND TRADE SECRETS OF
CADENCE DESIGN SYSTEMS, INC. USE, DISCLOSURE, OR REPRODUCTION IS
PROHIBITED WITHOUT THE PRIOR EXPRESS WRITTEN PERMISSION OF CADENCE
DESIGN SYSTEMS, INC.

Copyright (C) 2000-2024 Cadence Design Systems, Inc. All Rights
Reserved.  Unpublished -- rights reserved under the copyright laws of
the United States.

This product includes software developed by others and redistributed
according to license agreement. See doc/third_party_readme.txt for
further details.

RESTRICTED RIGHTS LEGEND

Use, duplication, or disclosure by the Government is subject to
restrictions as set forth in subparagraph (c) (1) (ii) of the Rights in
Technical Data and Computer Software clause at DFARS 252.227-7013 or
subparagraphs (c) (1) and (2) of Commercial Computer Software -- Restricted
Rights at 48 CFR 52.227-19, as applicable.


                          Cadence Design Systems, Inc.
                          2655 Seely Avenue
                          San Jose, CA 95134
                          Phone: 408.943.1234

For technical assistance visit http://support.cadence.com.

Jasper Apps Analysis Session - /users/rompel/jasper_executions/safety_liveness/jgprojects/delay_14/sessionLogs/session_0

WARNING (WG017): [session]: The system's locale is "ANSI_X3.4-1968", which is not UTF-8. Non-ASCII characters might not be handled correctly.
WARNING (WG017): [jg_console]: The system's locale is "ANSI_X3.4-1968", which is not UTF-8. Non-ASCII characters might not be handled correctly.
INFO: successfully checked out license "jasper_fao".
INFO: reading configuration file "/users/rompel/.config/cadence/jasper.conf".
% analyze -sv09 ../delay_14.sv
[-- (VERI-1482)] Analyzing Verilog file '/tools/cadence2425/JASPER/jasper_2024.06p002/lib/verilog/packages/std/std.sv' into library 'std'
[-- (VERI-1482)] Analyzing Verilog file '../delay_14.sv'
% elaborate -bbox_mul 1000000 -bbox_div 1000000 -bbox_mod 1000000 -bbox_a 1000000
[INFO (HIER-8002)] ../delay_14.sv(13): Disabling old hierarchical reference handler
[INFO (VERI-1018)] ../delay_14.sv(1): compiling module 'DELAY'
[WARN (VERI-1209)] ../delay_14.sv(10): expression size 32 truncated to fit in target size 17
INFO (ISW003): Top module name is "DELAY".
INFO (INL208): Elaboration synthesis summary:
  Number of synthesized netlists          1 (0 packages)
  Single run mode                         On
  Pipeline                                On (1 pipelined netlists)
  Late hierarchical reference connection  On
  Number of analyzed Verilog modules      1 (1 synthesized)
  Number of analyzed VHDL entities        0 (0 synthesized)
INFO (INL003): Clearing all state information (assumes, stopats, and so forth).
DELAY
[<embedded>] % reset rst
INFO (IPM031): Clearing proof results of all properties.
INFO (IRS006): Current reset condition is "rst".
[<embedded>] % clock clk
[<embedded>] % prove -all
Ncustom1: Custom engine code is hT3Ng7hPPfiYQOTDZ3qhYOwGAM51eA+J/FjkM5shLioAsqhgLR4Ft+O1BuKG6ilQ83B9tLXSl+CwjiTMAQA
Bcustom2: Custom engine code is hT3Nm7hPr1Vp3Di1Ra2USNIGL4JypRnLKLAdF6JAyuavO2JfGCiY9OZJhcAcOUnLx5xwNdhILGrAWX9s+z2WDkKwNR7tAfClBEjRFVQeq6DU54boFgEA
AMcustom3: Custom engine code is hT3Ng7hP/feYQOTDZ3qhYOwGAM51eA+J/FjkM5shLioAsqhgLR4Ft+O1BuKG6ilQ83B9tLXSmmqwm7g9AQA
Mpcustom4: Custom engine code is hT3NZbhP9fmY2AbBQnsjfOxn6c+6e6yL+/e8fZFmaQrnlgEA
INFO (IPF036): Starting proof on task: "<embedded>", 2 properties to prove with 0 already proven/unreachable
INFO (IRS029): Starting reset analysis: phase 1 of 4.
INFO (IRS030): Running reset analysis: phase 2 of 4.
INFO (IRS031): Running reset analysis: phase 3 of 4.
INFO (IRS020): Starting the reset analysis simulation with a limit of 100 iterations (phase 4 of 4).
INFO (IRS024): Reset iterations 0 to 4 analyzed.
INFO (IRS018): Reset analysis simulation executed for 3 iterations. Assigned values for 17 of 17 design flops, 0 of 0 design latches, 6 of 6 internal elements.
INFO (IRS039): Reset analysis complete.
INFO (IPF031): Settings used for proof thread 0:
    orchestration                 = on
    time_limit                    = 86400s
    per_property_time_limit       = 1s * 10 ^ scan
    engine_mode                   = auto
    proofgrid_per_engine_max_jobs = 1
    max engine jobs               = auto
    proofgrid_mode                = local
    proofgrid_restarts            = 10
AMcustom5: Custom engine code is hT3N1rhP11/52HrFRS21ROp2LOjVTgPvT8L8BGXHgLhaIuqtT4nARFjUqrBL+7pLmaTOzBepZW/Jm8SSrHDybSQtoNiO3y43wk+dEoWlsZizu97Fih6O6lPVG/LpWP5SsUPwlGagLNa1FKEFvwVXyX7//8prySbvSxIHXr5er+z4RAEA
Ncustom6: Custom engine code is hT3OXrhPByJp3TrFSTLhUmMH4KVtJgmTCnNDF46yMXOKY48m4LS5nE7yBzFjA7kDuwO/GhGUpEPiky3p3wmPn3dJZHxFMsafSoObRzSC+tn7sEY0WbTdZ/FV4hL3MYH/b1CIUvXSWR4wqEoVLsmMOD4xIPT4lI1LO6ZCO7PnnWQuLwetnvKlrXx6wCW/A+x+enqslg1YPobi4wEF/EvbzOvcTYdJvl2s4H2yZg2b2ofAVN5WvhWk1HoBAA
0: Using multistage preprocessing
ADcustom7: Custom engine code is hT3Nv7hPv1752HrFRa2kROx2f/ECJeZB2AZsLdlO8VwmIuqtT4nIDFXclhg+O+o+DMmQCekbheGk0kK28laA9gaOFDXsQp29J3X615HY1IPHJWd6FUFvCHjO+p1k652b5JJvZlShNpGlGSXAiQe/mEAj6tEBAA
0: Starting reduce
Tricustom8: Custom engine code is hT3Nu7hPt1752DvFRa0kNDiyIV97VyejwM9C/jCLJjdPvusZONHY42VYUy0Q1ZotnhcVtNc56tJ5wbxv6V2+XpdsaSlHck5vfnbYjdwj1OECy9U+7oSQ0SZE3g5ayD+Phuh4odCJTjeKa2k4elM9ldQfkAEA
Gcustom9: Custom engine code is hT3NibhPDfeYQADBZnYcglOvK9Pfd7EOeniIqP8jNsyIqInncipMGcUXqAadachREE9F2PwhBUZUNw5kHnd4JdXkamORRgEA
C2custom10: Custom engine code is hT3NirhPjfWYQADBZnYcglOvK9Pfd7EOeniIqP8jNsyIqInncgkrYMMXCYbdK0dUjZIF9d4cJ0rHoBDjwVLBKuG86XYVV00BAA
AGcustom11: Custom engine code is hT3NirhP/fmYQADBZnYcglOvK9Pfd7EOeniIqP8jNsyIqInnckcwYMMXCYbdK0dUjZIF9d4cJ0rHoBDjwVLBKuHEZnZByh0BAA
Bcustom12: Custom engine code is hT3NjrhPDfiYQADBZnYcglOvK9PfWxFtenjIyBqfrgr7if/jL/yPOuK1BAflEcW0DxNH2eDIoezN2gxlQFg81RZtiWXh7aiTAidvAQA
Ncustom13: Custom engine code is hT3NR7hPByFp3TrFSTLhUmMH4KWtJglTyV/c51BHEeZWamnJv767nE6PCak26bd3gf3XGN3rIRheufhDieCJQVISo+gNYUKhiUedBKGtsP/a18svAnlMJZudHxDFwK5ufsyoxsIyiAeSY2oi3tEuoDHr5gw42DFKAG3PqO3CEsl8Azzdt3pl5nGA1Ifv2H02eYsFzWb/nfp8PMb3F0krE/EgBcm8TD9Div8BAA
Tricustom14: Custom engine code is hT3Nu7hP3fiYQADBZnYcglNHp9bfd7EOeniIqP/ji8sGLQu8yhsFO+wxJ+O+R0bU8g/IewXFomyos+viQnWc2xYNYmMqpo3i40O7DaZR7qfp4YqNx26KRvQ/qx0BAA
0: Finished reduce in 0s
0.0.PRE: Performing Proof Simplification...
0.0.N: clocks: 1, declared: 1, looping: 0, posedge: 1, negedge: 0, noedge: 0, bothedge: 0
0.0.N: Proof Simplification Iteration 1	[0.00 s]
0.0.PRE: A trace with 1 cycles was found. [0.00 s]
INFO (IPF047): 0.0.PRE: The cover property "DELAY.p1:precondition1" was covered in 1 cycles in 0.00 s.
0.0.N: Proof Simplification Iteration 2	[0.06 s]
0.0.PRE: A proof was found: No trace exists. [0.00 s]
INFO (IPF057): 0.0.PRE: The property ":noDeadEnd" was proven in 0.00 s.
    Use check_assumptions -show -dead_end to show this property in the property table.
0.0.PRE: A proof was found: No trace exists. [0.00 s]
INFO (IPF057): 0.0.PRE: The property ":noConflict" was proven in 0.00 s.
    Use check_assumptions -show to show this property in the property table.
INFO (IPF047): 0.0.PRE: The cover property ":live" was covered in 1 cycles in 0.00 s.
    Use check_assumptions -show -live to show this property in the property table.
0.0.PRE: Proof Simplification completed in 0.06 s
0: About to start ProofGrid in its own thread with a limit of 10000 pending notifications and a limit of 10 traces.
0: =============================== ProofGrid start ===============================
0: ProofGrid usable level: 1
0: Initial ProofGrid level: 1
0: ProofGrid is starting event handling
0.0.Hp: Proofgrid shell started at 12107@vlsi-ria84(local) jg_12040_vlsi-ria84_1
0.0.N: Proofgrid shell started at 12106@vlsi-ria84(local) jg_12040_vlsi-ria84_1
0.0.N: clocks: 1, declared: 1, looping: 0, posedge: 1, negedge: 0, noedge: 0, bothedge: 0
0.0.Hp: clocks: 1, declared: 1, looping: 0, posedge: 1, negedge: 0, noedge: 0, bothedge: 0
0.0.Hp: Last scan. Per property time limit: 0s
0.0.N: Last scan. Per property time limit: 0s
0.0.N: Starting proof for property "DELAY.p1"	[0.00 s].
0.0.N: Trace Attempt  1	[0.00 s]
0.0.N: Trace Attempt  2	[0.00 s]
0.0.N: Trace Attempt  2	[0.00 s]
0.0.Hp: Trace Attempt  1	[0.00 s]
0.0.N: Trace Attempt  3	[0.00 s]
0.0.Hp: Trace Attempt  2	[0.00 s]
0.0.N: Trace Attempt  4	[0.00 s]
0.0.N: Trace Attempt  4	[0.00 s]
0.0.N: Trace Attempt  5	[0.00 s]
0.0.Hp: Trace Attempt  3	[0.00 s]
0.0.Hp: Trace Attempt  4	[0.00 s]
0.0.Hp: Trace Attempt  5	[0.00 s]
0.0.N: Trace Attempt  1	[0.01 s]
0.0.N: Trace Attempt  2	[0.01 s]
0.0.N: Trace Attempt  3	[0.01 s]
0.0.N: Trace Attempt  4	[0.01 s]
0.0.N: Trace Attempt  5	[0.01 s]
0.0.Ht: Proofgrid shell started at 12138@vlsi-ria84(local) jg_12040_vlsi-ria84_1
0.0.Bm: Proofgrid shell started at 12139@vlsi-ria84(local) jg_12040_vlsi-ria84_1
0.0.Mpcustom4: Proofgrid shell started at 12140@vlsi-ria84(local) jg_12040_vlsi-ria84_1
0.0.Mpcustom4: clocks: 1, declared: 1, looping: 0, posedge: 1, negedge: 0, noedge: 0, bothedge: 0
0.0.Mpcustom4: Ignoring liveness properties
0.0.Mpcustom4: All properties either determined or skipped. [0.00 s]
0.0.Mpcustom4: Exited with Success (@ 0.04 s)
0.0.Mpcustom4: Completed, Restart ignored.
0.0.Ht: clocks: 1, declared: 1, looping: 0, posedge: 1, negedge: 0, noedge: 0, bothedge: 0
0.0.Ht: Last scan. Per property time limit: 0s
0.0.Ht: Trace Attempt  1	[0.00 s]
0.0.Ht: Trace Attempt  2	[0.00 s]
0.0.Ht: Trace Attempt  3	[0.00 s]
0.0.Ht: Trace Attempt  4	[0.00 s]
0.0.Ht: Trace Attempt  5	[0.00 s]
0.0.Bm: clocks: 1, declared: 1, looping: 0, posedge: 1, negedge: 0, noedge: 0, bothedge: 0
0.0.Bm: Ignoring liveness properties
0.0.Bm: Last scan. Per property time limit: 0s
0.0.Bm: Trace Attempt  1	[0.00 s]
0.0.Bm: Trace Attempt  2	[0.00 s]
0.0.Bm: Trace Attempt  3	[0.00 s]
0.0.Bm: Trace Attempt  4	[0.00 s]
0.0.Bm: Trace Attempt  5	[0.00 s]
0.0.Oh: Proofgrid shell started at 12165@vlsi-ria84(local) jg_12040_vlsi-ria84_1
0.0.B: Proofgrid shell started at 12175@vlsi-ria84(local) jg_12040_vlsi-ria84_1
0.0.Oh: clocks: 1, declared: 1, looping: 0, posedge: 1, negedge: 0, noedge: 0, bothedge: 0
0.0.Oh: Reached length limit (2147483647) [0.00 s]
0.0.B: clocks: 1, declared: 1, looping: 0, posedge: 1, negedge: 0, noedge: 0, bothedge: 0
0.0.B: Last scan. Per property time limit: 0s
0.0.B: Starting proof for property "DELAY.p1"	[0.00 s].
0.0.B: Trace Attempt  1	[0.00 s]
0.0.B: Trace Attempt  2	[0.00 s]
0.0.B: Trace Attempt  3	[0.00 s]
0.0.B: Trace Attempt  4	[0.00 s]
0.0.B: Trace Attempt  5	[0.00 s]
0.0.Oh: Exited with Success (@ 0.06 s)
0.0.Oh: Completed, Restart ignored.
0.0.AM: Proofgrid shell started at 12195@vlsi-ria84(local) jg_12040_vlsi-ria84_1
0.0.AM: clocks: 1, declared: 1, looping: 0, posedge: 1, negedge: 0, noedge: 0, bothedge: 0
0.0.AM: Last scan. Per property time limit: 0s
0.0.AM: Starting proof for property "DELAY.p1"	[0.00 s].
0.0.AM: Trace Attempt  1	[0.00 s]
0.0.AM: Trace Attempt  2	[0.00 s]
0.0.AM: Trace Attempt  3	[0.00 s]
0.0.AM: Trace Attempt  4	[0.00 s]
0.0.AM: Trace Attempt  5	[0.00 s]
0.0.AM: Trace Attempt  1	[0.00 s]
0.0.AM: Trace Attempt  2	[0.00 s]
0.0.AM: Trace Attempt  3	[0.00 s]
0.0.AM: Trace Attempt  4	[0.00 s]
0.0.AM: Trace Attempt  5	[0.00 s]
0.0.AM: Trace Attempt  1	[0.01 s]
0.0.AM: Trace Attempt  2	[0.01 s]
0.0.AM: Trace Attempt  3	[0.01 s]
0.0.AM: Trace Attempt  4	[0.01 s]
0.0.AM: Trace Attempt  5	[0.01 s]
0.0.N: Trace Attempt  1	[0.09 s]
0.0.N: Trace Attempt  2	[0.10 s]
0.0.N: Trace Attempt  3	[0.10 s]
0.0.N: Trace Attempt  4	[0.10 s]
0.0.N: Trace Attempt  5	[0.10 s]
0.0.AM: Trace Attempt  1	[0.04 s]
0.0.AM: Trace Attempt  2	[0.04 s]
0.0.AM: Trace Attempt  3	[0.04 s]
0.0.AM: Trace Attempt  4	[0.04 s]
0.0.AM: Trace Attempt  5	[0.04 s]
0.0.L: Proofgrid shell started at 12171@vlsi-ria84(local) jg_12040_vlsi-ria84_1
0.0.L: clocks: 1, declared: 1, looping: 0, posedge: 1, negedge: 0, noedge: 0, bothedge: 0
0.0.L: Using trace diversification with seed 1 (0.05)
0.0.L: Using LRU state removal heuristic
0.0.L: Ignoring liveness properties
0.0.L: All properties either determined or skipped. [0.01 s]
0.0.L: Exited with Success (@ 0.12 s)
0.0.L: Completed, Restart ignored.
0.0.AM: Trace Attempt  1	[0.12 s]
0.0.AM: Trace Attempt  2	[0.12 s]
0.0.AM: Trace Attempt  3	[0.12 s]
0.0.AM: Trace Attempt  4	[0.12 s]
0.0.AM: Trace Attempt  5	[0.12 s]
0.0.N: Trace Attempt  1	[0.41 s]
0.0.N: Trace Attempt  2	[0.41 s]
0.0.N: Trace Attempt  3	[0.41 s]
0.0.N: Trace Attempt  4	[0.42 s]
0.0.N: Trace Attempt  5	[0.42 s]
0.0.AM: Trace Attempt  1	[0.44 s]
0.0.AM: Trace Attempt  2	[0.44 s]
0.0.AM: Trace Attempt  3	[0.44 s]
0.0.AM: Trace Attempt  4	[0.44 s]
0.0.AM: Trace Attempt  5	[0.44 s]
0.0.AM: Trace Attempt  1	[1.74 s]
0.0.AM: Trace Attempt  2	[1.74 s]
0.0.AM: Trace Attempt  3	[1.74 s]
0.0.AM: Trace Attempt  4	[1.74 s]
0.0.AM: Trace Attempt  5	[1.74 s]
0.0.N: Trace Attempt  1	[2.06 s]
0.0.N: Trace Attempt  2	[2.06 s]
0.0.N: Trace Attempt  3	[2.06 s]
0.0.N: Trace Attempt  4	[2.06 s]
0.0.N: Trace Attempt  5	[2.07 s]
0.0.Hp: Trace Attempt 348	[4.01 s]
0.0.Bm: Trace Attempt 1600	[4.00 s]
0.0.Ht: Trace Attempt 1730	[4.00 s]
0.0.B: Trace Attempt 1607	[4.00 s]
0.0.AM: Trace Attempt 186	[5.76 s]
0.0.N: Trace Attempt 187	[6.08 s]
0.0.Hp: Trace Attempt 477	[8.04 s]
0.0.Ht: Trace Attempt 2325	[8.01 s]
0.0.Bm: Trace Attempt 2216	[8.01 s]
0.0.B: Trace Attempt 2223	[8.01 s]
0.0.AM: Trace Attempt  1	[8.50 s]
0.0.N: Trace Attempt  1	[8.57 s]
0.0.AM: Trace Attempt  2	[8.50 s]
0.0.AM: Trace Attempt  3	[8.50 s]
0.0.N: Trace Attempt  2	[8.57 s]
0.0.N: Trace Attempt  3	[8.57 s]
0.0.AM: Trace Attempt  4	[8.51 s]
0.0.AM: Trace Attempt  5	[8.51 s]
0.0.N: Trace Attempt  4	[8.57 s]
0.0.N: Trace Attempt  5	[8.58 s]
0.0.Bm: Trace Attempt 2703	[12.01 s]
0.0.Ht: Trace Attempt 2834	[12.01 s]
0.0.Hp: Trace Attempt 579	[12.05 s]
0.0.B: Trace Attempt 2708	[12.01 s]
0.0.AM: Trace Attempt 227	[12.51 s]
0.0.N: Trace Attempt 183	[12.61 s]
0.0.N: Trace Attempt  1	[15.29 s]
0.0.N: Trace Attempt  2	[15.29 s]
0.0.N: Trace Attempt  3	[15.29 s]
0.0.N: Trace Attempt  4	[15.29 s]
0.0.N: Trace Attempt  5	[15.30 s]
0.0.Bm: Trace Attempt 3111	[16.01 s]
0.0.Ht: Trace Attempt 3243	[16.02 s]
0.0.B: Trace Attempt 3114	[16.01 s]
0.0.Hp: Trace Attempt 667	[16.10 s]
0.0.AM: Trace Attempt 346	[16.53 s]
0.0.N: Trace Attempt 183	[19.30 s]
0.0.Bm: Trace Attempt 3461	[20.02 s]
0.0.B: Trace Attempt 3464	[20.01 s]
0.0.Ht: Trace Attempt 3612	[20.04 s]
0.0.Hp: Trace Attempt 745	[20.15 s]
0.0.AM: Trace Attempt 430	[20.55 s]
0.0.N: Trace Attempt  1	[21.93 s]
0.0.N: Trace Attempt  2	[21.93 s]
0.0.N: Trace Attempt  3	[21.93 s]
0.0.N: Trace Attempt  4	[21.93 s]
0.0.N: Trace Attempt  5	[21.93 s]
0.0.Bm: Trace Attempt 3759	[24.02 s]
0.0.B: Trace Attempt 3763	[24.02 s]
0.0.Ht: Trace Attempt 3928	[24.04 s]
0.0.Hp: Trace Attempt 811	[24.16 s]
0.0.AM: Trace Attempt 451	[24.56 s]
0.0.N: Trace Attempt 183	[25.93 s]
0.0.Bm: Trace Attempt 4022	[28.03 s]
0.0.B: Trace Attempt 4026	[28.02 s]
0.0.Ht: Trace Attempt 4192	[28.05 s]
0.0.Hp: Trace Attempt 871	[28.22 s]
0.0.N: Trace Attempt  1	[28.81 s]
0.0.N: Trace Attempt  2	[28.81 s]
0.0.N: Trace Attempt  3	[28.81 s]
0.0.N: Trace Attempt  4	[28.82 s]
0.0.N: Trace Attempt  5	[28.82 s]
0.0.AM: Trace Attempt 513	[29.13 s]
0.0.AM: Trace Attempt  1	[29.60 s]
0.0.AM: Trace Attempt  2	[29.60 s]
0.0.AM: Trace Attempt  3	[29.60 s]
0.0.AM: Trace Attempt  4	[29.60 s]
0.0.AM: Trace Attempt  5	[29.60 s]
0.0.Bm: Trace Attempt 4299	[32.04 s]
0.0.B: Trace Attempt 4303	[32.03 s]
0.0.Ht: Trace Attempt 4448	[32.06 s]
0.0.Hp: Trace Attempt 930	[32.26 s]
0.0.N: Trace Attempt 184	[32.86 s]
0.0.AM: Trace Attempt 182	[33.62 s]
0.0.N: Trace Attempt  1	[35.40 s]
0.0.N: Trace Attempt  2	[35.40 s]
0.0.N: Trace Attempt  3	[35.40 s]
0.0.N: Trace Attempt  4	[35.40 s]
0.0.N: Trace Attempt  5	[35.41 s]
0.0.B: Trace Attempt 4574	[36.03 s]
0.0.Bm: Trace Attempt 4571	[36.05 s]
0.0.Ht: Trace Attempt 4727	[36.06 s]
0.0.Hp: Trace Attempt 987	[36.28 s]
0.0.AM: Trace Attempt 230	[37.65 s]
0.0.N: Trace Attempt 183	[39.41 s]
0.0.Bm: Trace Attempt 4823	[40.06 s]
0.0.B: Trace Attempt 4826	[40.04 s]
0.0.Ht: Trace Attempt 4988	[40.08 s]
0.0.Hp: Trace Attempt 1039	[40.29 s]
0.0.AM: Trace Attempt 261	[41.73 s]
0.0.N: Trace Attempt  1	[42.05 s]
0.0.N: Trace Attempt  2	[42.05 s]
0.0.N: Trace Attempt  3	[42.05 s]
0.0.N: Trace Attempt  4	[42.05 s]
0.0.N: Trace Attempt  5	[42.05 s]
0.0.Bm: Trace Attempt 5059	[44.06 s]
0.0.B: Trace Attempt 5062	[44.05 s]
0.0.Ht: Trace Attempt 5222	[44.09 s]
0.0.Hp: Trace Attempt 1093	[44.37 s]
0.0.AM: Trace Attempt 304	[45.77 s]
0.0.N: Trace Attempt 184	[46.09 s]
0.0.Bm: Trace Attempt 5286	[48.07 s]
0.0.B: Trace Attempt 5289	[48.06 s]
0.0.Ht: Trace Attempt 5443	[48.09 s]
0.0.Hp: Trace Attempt 1144	[48.41 s]
0.0.N: Trace Attempt  1	[48.64 s]
0.0.N: Trace Attempt  2	[48.64 s]
0.0.N: Trace Attempt  3	[48.64 s]
0.0.N: Trace Attempt  4	[48.64 s]
0.0.N: Trace Attempt  5	[48.64 s]
0.0.AM: Trace Attempt 343	[49.89 s]
0.0.Bm: Trace Attempt 5499	[52.08 s]
0.0.B: Trace Attempt 5502	[52.08 s]
0.0.Ht: Trace Attempt 5677	[52.10 s]
0.0.Hp: Trace Attempt 1192	[52.45 s]
0.0.N: Trace Attempt 183	[52.65 s]
0.0.AM: Trace Attempt 373	[53.93 s]
0.0.N: Trace Attempt  1	[55.34 s]
0.0.N: Trace Attempt  2	[55.34 s]
0.0.N: Trace Attempt  3	[55.34 s]
0.0.N: Trace Attempt  4	[55.35 s]
0.0.N: Trace Attempt  5	[55.35 s]
0.0.Bm: Trace Attempt 5702	[56.09 s]
0.0.B: Trace Attempt 5705	[56.09 s]
0.0.Ht: Trace Attempt 5892	[56.12 s]
0.0.Hp: Trace Attempt 1237	[56.47 s]
0.0.AM: Trace Attempt 406	[58.02 s]
0.0.N: Trace Attempt 184	[59.39 s]
0.0.Bm: Trace Attempt 5898	[60.10 s]
0.0.B: Trace Attempt 5901	[60.09 s]
0.0.Ht: Trace Attempt 6107	[60.13 s]
0.0.Hp: Trace Attempt 1280	[60.47 s]
0.0.N: Trace Attempt  1	[61.94 s]
0.0.N: Trace Attempt  2	[61.94 s]
0.0.N: Trace Attempt  3	[61.94 s]
0.0.N: Trace Attempt  4	[61.94 s]
0.0.N: Trace Attempt  5	[61.94 s]
0.0.AM: Trace Attempt 442	[62.13 s]
0.0.Bm: Trace Attempt 6086	[64.11 s]
0.0.B: Trace Attempt 6089	[64.11 s]
0.0.Ht: Trace Attempt 6279	[64.14 s]
0.0.Hp: Trace Attempt 1322	[64.54 s]
0.0.N: Trace Attempt 184	[66.00 s]
0.0.AM: Trace Attempt 461	[66.81 s]
0.0.B: Trace Attempt 6265	[68.11 s]
0.0.Bm: Trace Attempt 6261	[68.13 s]
0.0.Ht: Trace Attempt 6450	[68.14 s]
0.0.Hp: Trace Attempt 1362	[68.65 s]
0.0.N: Trace Attempt  1	[68.65 s]
0.0.N: Trace Attempt  2	[68.66 s]
0.0.N: Trace Attempt  3	[68.66 s]
0.0.N: Trace Attempt  4	[68.66 s]
0.0.N: Trace Attempt  5	[68.66 s]
0.0.AM: Trace Attempt 469	[70.91 s]
0.0.B: Trace Attempt 6443	[72.12 s]
0.0.Bm: Trace Attempt 6436	[72.14 s]
0.0.Ht: Trace Attempt 6643	[72.16 s]
0.0.Hp: Trace Attempt 1401	[72.66 s]
0.0.N: Trace Attempt 184	[72.71 s]
0.0.AM: Trace Attempt 477	[74.94 s]
0.0.N: Trace Attempt  1	[75.73 s]
0.0.N: Trace Attempt  2	[75.73 s]
0.0.N: Trace Attempt  3	[75.73 s]
0.0.N: Trace Attempt  4	[75.74 s]
0.0.N: Trace Attempt  5	[75.74 s]
0.0.Bm: Trace Attempt 6603	[76.16 s]
0.0.B: Trace Attempt 6612	[76.14 s]
0.0.Ht: Trace Attempt 6821	[76.16 s]
0.0.Hp: Trace Attempt 1439	[76.75 s]
0.0.AM: Trace Attempt 490	[79.16 s]
0.0.N: Trace Attempt 192	[79.77 s]
0.0.Ht: Trace Attempt 6998	[80.16 s]
0.0.Bm: Trace Attempt 6767	[80.18 s]
0.0.B: Trace Attempt 6779	[80.16 s]
0.0.Hp: Trace Attempt 1476	[80.82 s]
0.0.AM: Trace Attempt 504	[83.36 s]
0.0.N: Trace Attempt 259	[83.86 s]
0.0.Ht: Trace Attempt 7173	[84.18 s]
0.0.Bm: Trace Attempt 6925	[84.19 s]
0.0.B: Trace Attempt 6940	[84.18 s]
0.0.Hp: Trace Attempt 1512	[84.91 s]
0.0.AM: Trace Attempt 521	[87.49 s]
0.0.N: Trace Attempt 300	[87.92 s]
0.0.Ht: Trace Attempt 7323	[88.19 s]
0.0.B: Trace Attempt 7096	[88.18 s]
0.0.Bm: Trace Attempt 7079	[88.21 s]
0.0.Hp: Trace Attempt 1547	[88.99 s]
0.0.N: Trace Attempt 345	[91.97 s]
0.0.AM: Trace Attempt 539	[91.90 s]
0.0.Ht: Trace Attempt 7477	[92.19 s]
0.0.B: Trace Attempt 7247	[92.19 s]
0.0.Bm: Trace Attempt 7228	[92.22 s]
0.0.Hp: Trace Attempt 1581	[93.07 s]
0.0.AM: Trace Attempt 553	[95.93 s]
0.0.N: Trace Attempt 378	[96.09 s]
0.0.Ht: Trace Attempt 7641	[96.20 s]
0.0.B: Trace Attempt 7392	[96.19 s]
0.0.Bm: Trace Attempt 7371	[96.22 s]
0.0.Hp: Trace Attempt 1614	[97.14 s]
0.0.N: Trace Attempt 414	[100.12 s]
0.0.AM: Trace Attempt 569	[100.11 s]
0.0.B: Trace Attempt 7532	[100.20 s]
0.0.Ht: Trace Attempt 7795	[100.23 s]
0.0.Bm: Trace Attempt 7509	[100.23 s]
0.0.Hp: Trace Attempt 1646	[101.20 s]
0.0.N: Trace Attempt 448	[104.17 s]
0.0.B: Trace Attempt 7672	[104.22 s]
0.0.Ht: Trace Attempt 7946	[104.24 s]
0.0.Bm: Trace Attempt 7647	[104.25 s]
0.0.AM: Trace Attempt 580	[104.24 s]
0.0.Hp: Trace Attempt 1677	[105.26 s]
0.0.N: Trace Attempt 481	[108.18 s]
0.0.B: Trace Attempt 7807	[108.22 s]
0.0.Ht: Trace Attempt 8097	[108.24 s]
0.0.Bm: Trace Attempt 7781	[108.27 s]
0.0.AM: Trace Attempt 591	[108.58 s]
0.0.Hp: Trace Attempt 1707	[109.28 s]
0.0.B: Trace Attempt 7935	[112.23 s]
0.0.Ht: Trace Attempt 8231	[112.27 s]
0.0.Bm: Trace Attempt 7908	[112.32 s]
0.0.AM: Trace Attempt 599	[112.72 s]
0.0.N: Trace Attempt 498	[113.11 s]
0.0.N: Trace Attempt  1	[113.13 s]
0.0.N: Trace Attempt  2	[113.13 s]
0.0.N: Trace Attempt  3	[113.14 s]
0.0.N: Trace Attempt  4	[113.14 s]
0.0.N: Trace Attempt  5	[113.14 s]
0.0.Hp: Trace Attempt 1736	[113.37 s]
0.0.B: Trace Attempt 8070	[116.25 s]
0.0.Ht: Trace Attempt 8352	[116.28 s]
0.0.Bm: Trace Attempt 8043	[116.35 s]
0.0.AM: Trace Attempt 609	[116.78 s]
0.0.N: Trace Attempt 192	[117.17 s]
0.0.Hp: Trace Attempt 1766	[117.48 s]
0.0.Ht: Trace Attempt 8476	[120.29 s]
0.0.B: Trace Attempt 8204	[120.28 s]
0.0.Bm: Trace Attempt 8175	[120.36 s]
0.0.AM: Trace Attempt 620	[121.08 s]
0.0.N: Trace Attempt 259	[121.25 s]
0.0.Hp: Trace Attempt 1795	[121.57 s]
0.0.Ht: Trace Attempt 8623	[124.30 s]
0.0.B: Trace Attempt 8338	[124.30 s]
0.0.Bm: Trace Attempt 8308	[124.39 s]
0.0.AM: Trace Attempt 630	[125.17 s]
0.0.N: Trace Attempt 300	[125.30 s]
0.0.Hp: Trace Attempt 1823	[125.57 s]
0.0.B: Trace Attempt 8469	[128.30 s]
0.0.Ht: Trace Attempt 8765	[128.33 s]
0.0.Bm: Trace Attempt 8439	[128.41 s]
0.0.N: Trace Attempt 345	[129.34 s]
0.0.AM: Trace Attempt 640	[129.48 s]
0.0.Hp: Trace Attempt 1851	[129.63 s]
0.0.B: Trace Attempt 8597	[132.31 s]
0.0.Ht: Trace Attempt 8901	[132.34 s]
0.0.Bm: Trace Attempt 8567	[132.43 s]
0.0.N: Trace Attempt 378	[133.44 s]
0.0.AM: Trace Attempt 649	[133.66 s]
0.0.Hp: Trace Attempt 1879	[133.77 s]
0.0.B: Trace Attempt 8722	[136.32 s]
0.0.Ht: Trace Attempt 9036	[136.34 s]
0.0.Bm: Trace Attempt 8692	[136.45 s]
0.0.N: Trace Attempt 414	[137.47 s]
0.0.AM: Trace Attempt 658	[137.69 s]
0.0.Hp: Trace Attempt 1906	[137.85 s]
0.0.B: Trace Attempt 8844	[140.32 s]
0.0.Ht: Trace Attempt 9171	[140.36 s]
0.0.Bm: Trace Attempt 8814	[140.47 s]
0.0.N: Trace Attempt 448	[141.51 s]
0.0.Hp: Trace Attempt 1933	[141.98 s]
0.0.AM: Trace Attempt 669	[142.86 s]
0.0.B: Trace Attempt 8965	[144.34 s]
0.0.Ht: Trace Attempt 9291	[144.38 s]
0.0.Bm: Trace Attempt 8934	[144.48 s]
0.0.N: Trace Attempt 481	[145.51 s]
0.0.Hp: Trace Attempt 1959	[146.04 s]
0.0.AM: Trace Attempt 677	[147.06 s]
0.0.B: Trace Attempt 9079	[148.36 s]
0.0.Ht: Trace Attempt 9399	[148.38 s]
0.0.Bm: Trace Attempt 9047	[148.48 s]
0.0.Hp: Trace Attempt 1984	[150.09 s]
0.0.N: Trace Attempt 499	[150.73 s]
0.0.N: Trace Attempt  1	[150.75 s]
0.0.N: Trace Attempt  2	[150.76 s]
0.0.N: Trace Attempt  3	[150.76 s]
0.0.N: Trace Attempt  4	[150.76 s]
0.0.N: Trace Attempt  5	[150.76 s]
0.0.AM: Trace Attempt 685	[151.31 s]
0.0.B: Trace Attempt 9193	[152.37 s]
0.0.Ht: Trace Attempt 9512	[152.40 s]
0.0.Bm: Trace Attempt 9161	[152.49 s]
0.0.Hp: Trace Attempt 2010	[154.13 s]
0.0.N: Trace Attempt 192	[154.79 s]
0.0.AM: Trace Attempt 692	[155.32 s]
0.0.B: Trace Attempt 9309	[156.37 s]
0.0.Ht: Trace Attempt 9639	[156.42 s]
0.0.Bm: Trace Attempt 9278	[156.50 s]
0.0.Hp: Trace Attempt 2036	[158.23 s]
0.0.N: Trace Attempt 259	[158.86 s]
0.0.AM: Trace Attempt 700	[159.36 s]
0.0.B: Trace Attempt 9423	[160.38 s]
0.0.Ht: Trace Attempt 9762	[160.43 s]
0.0.Bm: Trace Attempt 9392	[160.53 s]
0.0.Hp: Trace Attempt 2061	[162.35 s]
0.0.N: Trace Attempt 299	[162.91 s]
0.0.AM: Trace Attempt 709	[163.59 s]
0.0.B: Trace Attempt 9531	[164.39 s]
0.0.Ht: Trace Attempt 9878	[164.46 s]
0.0.Bm: Trace Attempt 9501	[164.57 s]
0.0.Hp: Trace Attempt 2085	[166.36 s]
0.0.N: Trace Attempt 344	[167.02 s]
0.0.AM: Trace Attempt 718	[167.59 s]
0.0.B: Trace Attempt 9640	[168.42 s]
0.0.Ht: Trace Attempt 9994	[168.47 s]
0.0.Bm: Trace Attempt 9609	[168.58 s]
0.0.Hp: Trace Attempt 2109	[170.37 s]
0.0.N: Trace Attempt 377	[171.12 s]
0.0.AM: Trace Attempt 726	[172.05 s]
0.0.B: Trace Attempt 9748	[172.44 s]
0.0.Ht: Trace Attempt 10112	[172.48 s]
0.0.Bm: Trace Attempt 9716	[172.59 s]
0.0.Hp: Trace Attempt 2133	[174.53 s]
0.0.N: Trace Attempt 411	[175.22 s]
0.0.AM: Trace Attempt 735	[176.38 s]
0.0.B: Trace Attempt 9851	[176.46 s]
0.0.Ht: Trace Attempt 10225	[176.50 s]
0.0.Bm: Trace Attempt 9818	[176.62 s]
0.0.Hp: Trace Attempt 2157	[178.65 s]
0.0.N: Trace Attempt 445	[179.28 s]
0.0.B: Trace Attempt 9956	[180.50 s]
0.0.AM: Trace Attempt 743	[180.50 s]
0.0.Ht: Trace Attempt 10321	[180.55 s]
0.0.Bm: Trace Attempt 9922	[180.63 s]
0.0.N: Trace Attempt 458	[180.88 s]
0.0.N: Stopped processing property "DELAY.p1"	[181.00 s].
0.0.N: Morphing to Ncustom1
0.0.N: All properties determined. [0.00 s]
0.0.N: Exited with Success (@ 0.00 s)
0.0.Ncustom1: clocks: 1, declared: 1, looping: 0, posedge: 1, negedge: 0, noedge: 0, bothedge: 0
0.0.Ncustom1: Starting proof for property "DELAY.p1"	[0.00 s].
0.0.Ncustom1: Trace Attempt 498	[0.05 s]
0.0.Tri: Proofgrid shell started at 12752@vlsi-ria84(local) jg_12040_vlsi-ria84_1
0.0.D: Proofgrid shell started at 12754@vlsi-ria84(local) jg_12040_vlsi-ria84_1
0.0.D: clocks: 1, declared: 1, looping: 0, posedge: 1, negedge: 0, noedge: 0, bothedge: 0
0.0.D: Last scan. Per property time limit: 0s
0.0.D: Starting proof for property "DELAY.p1"	[0.00 s].
0.0.Tri: clocks: 1, declared: 1, looping: 0, posedge: 1, negedge: 0, noedge: 0, bothedge: 0
0.0.D: Trace Attempt  1	[0.00 s]
0.0.D: Trace Attempt  2	[0.00 s]
0.0.D: Trace Attempt  4	[0.00 s]
0.0.Tri: Last scan. Per property time limit: 0s
0.0.Tri: Starting proof for property "DELAY.p1"	[0.00 s].
0.0.Tri: Trace Attempt  1	[0.00 s]
0.0.B: Trace Attempt 9967	[180.91 s]
0.0.B: Stopped processing property "DELAY.p1"	[181.07 s].
0.0.B: Morphing to Bcustom2
0.0.B: All properties determined. [0.00 s]
0.0.B: Exited with Success (@ 0.00 s)
0.0.Bcustom2: clocks: 1, declared: 1, looping: 0, posedge: 1, negedge: 0, noedge: 0, bothedge: 0
0.0.Bcustom2: Starting proof for property "DELAY.p1"	[0.00 s].
0.0.Bcustom2: Trace Attempt  1	[0.00 s]
0.0.Bcustom2: Trace Attempt  2	[0.00 s]
0.0.Bcustom2: Trace Attempt  1	[0.00 s]
0.0.Bcustom2: Trace Attempt  2	[0.00 s]
0.0.Bcustom2: Trace Attempt  3	[0.00 s]
0.0.Bcustom2: Trace Attempt  4	[0.00 s]
0.0.Bcustom2: Trace Attempt  5	[0.00 s]
0.0.Bcustom2: Trace Attempt  1	[0.00 s]
0.0.Bcustom2: Trace Attempt  2	[0.00 s]
0.0.Bcustom2: Trace Attempt  3	[0.00 s]
0.0.Bcustom2: Trace Attempt  4	[0.00 s]
0.0.Bcustom2: Trace Attempt  5	[0.00 s]
0.0.Bcustom2: Trace Attempt  1	[0.00 s]
0.0.Bcustom2: Trace Attempt  2	[0.00 s]
0.0.Bcustom2: Trace Attempt  3	[0.00 s]
0.0.Bcustom2: Trace Attempt  4	[0.01 s]
0.0.Bcustom2: Trace Attempt  5	[0.01 s]
0.0.Bcustom2: Trace Attempt  1	[0.01 s]
0.0.Bcustom2: Trace Attempt  2	[0.01 s]
0.0.Bcustom2: Trace Attempt  3	[0.01 s]
0.0.Bcustom2: Trace Attempt  4	[0.01 s]
0.0.Bcustom2: Trace Attempt  5	[0.01 s]
0.0.Bcustom2: Trace Attempt  1	[0.02 s]
0.0.Bcustom2: Trace Attempt  2	[0.02 s]
0.0.Bcustom2: Trace Attempt  3	[0.02 s]
0.0.Bcustom2: Trace Attempt  4	[0.02 s]
0.0.Bcustom2: Trace Attempt  5	[0.02 s]
0.0.AM: Stopped processing property "DELAY.p1"	[181.09 s].
0.0.AM: Morphing to AMcustom3
0.0.Bcustom2: Trace Attempt  1	[0.04 s]
0.0.Bcustom2: Trace Attempt  2	[0.04 s]
0.0.Bcustom2: Trace Attempt  3	[0.04 s]
0.0.Bcustom2: Trace Attempt  4	[0.04 s]
0.0.Bcustom2: Trace Attempt  5	[0.04 s]
0.0.AM: All properties determined. [0.00 s]
0.0.AM: Exited with Success (@ 0.00 s)
0.0.AMcustom3: clocks: 1, declared: 1, looping: 0, posedge: 1, negedge: 0, noedge: 0, bothedge: 0
0.0.AMcustom3: Starting proof for property "DELAY.p1"	[0.00 s].
0.0.AMcustom3: Trace Attempt  1	[0.00 s]
0.0.AMcustom3: Trace Attempt  2	[0.00 s]
0.0.AMcustom3: Trace Attempt  3	[0.00 s]
0.0.AMcustom3: Trace Attempt  4	[0.00 s]
0.0.AMcustom3: Trace Attempt  5	[0.00 s]
0.0.AMcustom3: Trace Attempt  1	[0.00 s]
0.0.AMcustom3: Trace Attempt  2	[0.00 s]
0.0.AMcustom3: Trace Attempt  3	[0.00 s]
0.0.AMcustom3: Trace Attempt  4	[0.00 s]
0.0.Tri:    0.00" ---- Launching main thread ----
0.0.AMcustom3: Trace Attempt  5	[0.01 s]
0.0.AMcustom3: Trace Attempt  1	[0.01 s]
0.0.AMcustom3: Trace Attempt  2	[0.01 s]
0.0.AMcustom3: Trace Attempt  3	[0.01 s]
0.0.AMcustom3: Trace Attempt  4	[0.01 s]
0.0.AMcustom3: Trace Attempt  5	[0.01 s]
0.0.AMcustom3: Trace Attempt  1	[0.04 s]
0.0.AMcustom3: Trace Attempt  2	[0.04 s]
0.0.AMcustom3: Trace Attempt  3	[0.04 s]
0.0.AMcustom3: Trace Attempt  4	[0.04 s]
0.0.AMcustom3: Trace Attempt  5	[0.04 s]
0.0.Bcustom2: Trace Attempt  1	[0.09 s]
0.0.Bcustom2: Trace Attempt  2	[0.09 s]
0.0.Bcustom2: Trace Attempt  3	[0.09 s]
0.0.Bcustom2: Trace Attempt  4	[0.09 s]
0.0.Bcustom2: Trace Attempt  5	[0.09 s]
0.0.Tri:    0.08" ---- Launching abstraction thread ----
0.0.Tri:    0.10" ---- Launching multi-phase simplification thread ----
0.0.AMcustom3: Trace Attempt  1	[0.14 s]
0.0.AMcustom3: Trace Attempt  2	[0.14 s]
0.0.AMcustom3: Trace Attempt  3	[0.14 s]
0.0.AMcustom3: Trace Attempt  4	[0.14 s]
0.0.AMcustom3: Trace Attempt  5	[0.14 s]
0.0.Bcustom2: Trace Attempt  1	[0.22 s]
0.0.Bcustom2: Trace Attempt  2	[0.22 s]
0.0.Bcustom2: Trace Attempt  3	[0.22 s]
0.0.Bcustom2: Trace Attempt  4	[0.22 s]
0.0.Bcustom2: Trace Attempt  5	[0.22 s]
0.0.Tri:    0.19" ---- Launching liveness simplification thread ----
0.0.AMcustom3: Trace Attempt  1	[0.52 s]
0.0.AMcustom3: Trace Attempt  2	[0.53 s]
0.0.AMcustom3: Trace Attempt  3	[0.53 s]
0.0.AMcustom3: Trace Attempt  4	[0.53 s]
0.0.AMcustom3: Trace Attempt  5	[0.53 s]
0.0.Bcustom2: Trace Attempt  1	[0.69 s]
0.0.Bcustom2: Trace Attempt  2	[0.69 s]
0.0.Bcustom2: Trace Attempt  3	[0.69 s]
0.0.Bcustom2: Trace Attempt  4	[0.69 s]
0.0.Bcustom2: Trace Attempt  5	[0.69 s]
0.0.D: Trace Attempt 64	[0.73 s]
0.0.D: Stopped processing property "DELAY.p1"	[0.91 s].
0.0.D: Morphing to M
0.0.D: All properties determined. [0.00 s]
0.0.D: Exited with Success (@ 0.00 s)
0.0.M: clocks: 1, declared: 1, looping: 0, posedge: 1, negedge: 0, noedge: 0, bothedge: 0
0.0.M: Starting proof for property "DELAY.p1"	[0.00 s].
0.0.M: Trace Attempt  1	[0.00 s]
0.0.M: Trace Attempt  2	[0.00 s]
0.0.M: Trace Attempt  3	[0.00 s]
0.0.M: Trace Attempt  4	[0.00 s]
0.0.M: Trace Attempt  5	[0.01 s]
0.0.Tri:    1.02" Simplification phase 1 complete
0.0.Ncustom1: Requesting engine job to terminate
0.0.Bcustom2: Requesting engine job to terminate
0.0.AMcustom3: Requesting engine job to terminate
0.0.Tri: Requesting engine job to terminate
0.0.M: Requesting engine job to terminate
0.0.Hp: Requesting engine job to terminate
0.0.Ht: Requesting engine job to terminate
0.0.Bm: Requesting engine job to terminate
INFO (IPF144): 0: Initiating shutdown of proof [182.25 s]
0.0.Tri: A proof was found: No trace exists. [1.14 s]
INFO (IPF057): 0.0.Tri: The property "DELAY.p1" was proven in 1.13 s.
0.0.M: Trace Attempt 40	[0.23 s]
0.0.M: Stopped processing property "DELAY.p1"	[0.24 s].
0.0.M: All properties determined. [0.24 s]
0.0.AMcustom3: Trace Attempt 69	[1.08 s]
0.0.AMcustom3: Stopped processing property "DELAY.p1"	[1.08 s].
0.0.AMcustom3: All properties determined. [1.08 s]
0.0.M: Exited with Success (@ 182.26 s)
0: ProofGrid usable level: 0
0.0.AMcustom3: Exited with Success (@ 182.26 s)
0.0.Hp: Trace Attempt 2177	[182.24 s]
0.0.Hp: All properties determined. [182.26 s]
0.0.Ht: Trace Attempt 10358	[182.19 s]
0.0.Ht: All properties determined. [182.22 s]
0.0.Bcustom2: Trace Attempt 621	[1.12 s]
0.0.Bcustom2: Stopped processing property "DELAY.p1"	[1.14 s].
0.0.Bcustom2: All properties determined. [1.14 s]
0.0.Ncustom1: Stopped processing property "DELAY.p1"	[1.26 s].
0.0.Ncustom1: All properties determined. [1.26 s]
0.0.AMcustom5: Proofgrid shell started at 12829@vlsi-ria84(local) jg_12040_vlsi-ria84_1
0.0.AMcustom5: Requesting engine job to terminate
0.0.AMcustom5: Preventing job from starting because proof is shutting down.
0.0.AMcustom5: Requesting engine job to terminate
0.0.AMcustom5: Interrupted. [0.00 s]
0.0.Ncustom1: Exited with Success (@ 182.27 s)
0.0.Bcustom2: Exited with Success (@ 182.28 s)
0.0.AMcustom5: Exited with Success (@ 182.28 s)
0.0.Bm: Trace Attempt 9961	[182.19 s]
0.0.Bm: All properties determined. [182.31 s]
0.0.Bm: Exited with Success (@ 182.36 s)
0.0.Ht: Exited with Success (@ 182.40 s)
0.0.Hp: Exited with Success (@ 182.43 s)
0.0.Tri: Stopped processing property "DELAY.p1"	[1.32 s].
0.0.Tri: All properties determined. [1.34 s]
0.0.Tri: Exited with Success (@ 182.45 s)
0: --------------------------------------------------------------
ProofGrid Summary (utilization 99.92 %)
--------------------------------------------------------------
     engines started                               :    16
     engine jobs started                           :    12

    Average time in state (seconds)
    ------------------------------------------------------
    Engine  Pending     Running        Dead    Utilization
    ------------------------------------------------------
     Hp        0.03      182.25        0.00       99.98 %
     Ht        0.04      182.22        0.00       99.98 %
     Bm        0.03      182.22        0.00       99.98 %
    Mpcustom4        0.03        0.00        0.00        0.70 %
     Oh        0.04        0.00        0.00        8.54 %
      L        0.10        0.00        0.00        1.27 %
    Ncustom1        0.03      182.19        0.00       99.98 %
    Bcustom2        0.04      182.04        0.00       99.98 %
    AMcustom3        0.05      181.99        0.00       99.97 %
    Tri        0.12        1.16        0.00       90.91 %
      M        0.10        1.14        0.00       92.01 %
    AMcustom5        0.27        0.00        0.00        0.00 %
    all        0.07       91.27        0.00       99.92 %

    Total time in state (seconds)
    -----------------------------------------
            Pending     Running        Dead  
    -----------------------------------------
               0.88     1095.20        0.00

    Data read    : 6.64 MiB
    Data written : 4.26 kiB

0: All pending notifications were processed.
INFO (IPF059): 0: Completed proof on task: "<embedded>"

==============================================================
SUMMARY
==============================================================
           Properties Considered              : 2
                 assertions                   : 1
                  - proven                    : 1 (100%)
                  - bounded_proven (user)     : 0 (0%)
                  - bounded_proven (auto)     : 0 (0%)
                  - marked_proven             : 0 (0%)
                  - cex                       : 0 (0%)
                  - ar_cex                    : 0 (0%)
                  - undetermined              : 0 (0%)
                  - unknown                   : 0 (0%)
                  - error                     : 0 (0%)
                 covers                       : 1
                  - unreachable               : 0 (0%)
                  - bounded_unreachable (user): 0 (0%)
                  - covered                   : 1 (100%)
                  - ar_covered                : 0 (0%)
                  - undetermined              : 0 (0%)
                  - unknown                   : 0 (0%)
                  - error                     : 0 (0%)
determined
[<embedded>] % exit -force
INFO (IPL005): Received request to exit from the console.
INFO (IPL014): Waiting for the Tcl-thread to exit.
INFO: Waiting for proof threads to stop...
INFO: Proof threads stopped.
INFO (IPL018): The peak resident set memory use for this session was 2.234 GB.
INFO (IPL015): The Tcl-thread exited with status 0.
INFO (IPL016): Exiting the analysis session with status 0.
