# ----------------------------------------
# Jasper Version Info
# tool      : Jasper 2024.06
# platform  : Linux 3.10.0-1160.62.1.el7.x86_64
# version   : 2024.06p002 64 bits
# build date: 2024.09.02 16:28:38 UTC
# ----------------------------------------
# started   : 2025-11-20 03:26:35 IST
# hostname  : vlsi-ria85.vlsidomain
# pid       : 27292
# arguments : '-label' 'session_0' '-console' '//127.0.0.1:44791' '-nowindow' '-style' 'windows' '-exitonerror' '-data' 'AAAA4nicY2RgYLCp////PwMYMD6A0Aw2jAyoAMRnQhUJbEChGRhYYZphSliAmItBl6GAoYghnyELyDNj0ANCfSA7HS6aypDMUMJQDBQ1YogH0qkMZUCcB2WnA2ljoE4eoDlJDIlAlckMGUC+Eh7VemBVOWA3AACTwBtz' '-proj' '/users/rompel/jasper_executions/liveness/jgprojects/2_seven_seg_3/sessionLogs/session_0' '-init' '-hidden' '/users/rompel/jasper_executions/liveness/jgprojects/2_seven_seg_3/.tmp/.initCmds.tcl' '2_seven_seg_3.tcl' '-hidden' '/users/rompel/jasper_executions/liveness/jgprojects/2_seven_seg_3/.tmp/.postCmds.tcl'

Any disclosure about the Cadence Design Systems software or its use
model to any third party violates the written Non-Disclosure Agreement
between Cadence Design Systems, Inc. and the customer.

THIS SOFTWARE CONTAINS CONFIDENTIAL INFORMATION AND TRADE SECRETS OF
CADENCE DESIGN SYSTEMS, INC. USE, DISCLOSURE, OR REPRODUCTION IS
PROHIBITED WITHOUT THE PRIOR EXPRESS WRITTEN PERMISSION OF CADENCE
DESIGN SYSTEMS, INC.

Copyright (C) 2000-2024 Cadence Design Systems, Inc. All Rights
Reserved.  Unpublished -- rights reserved under the copyright laws of
the United States.

This product includes software developed by others and redistributed
according to license agreement. See doc/third_party_readme.txt for
further details.

RESTRICTED RIGHTS LEGEND

Use, duplication, or disclosure by the Government is subject to
restrictions as set forth in subparagraph (c) (1) (ii) of the Rights in
Technical Data and Computer Software clause at DFARS 252.227-7013 or
subparagraphs (c) (1) and (2) of Commercial Computer Software -- Restricted
Rights at 48 CFR 52.227-19, as applicable.


                          Cadence Design Systems, Inc.
                          2655 Seely Avenue
                          San Jose, CA 95134
                          Phone: 408.943.1234

For technical assistance visit http://support.cadence.com.

Jasper Apps Analysis Session - /users/rompel/jasper_executions/liveness/jgprojects/2_seven_seg_3/sessionLogs/session_0

WARNING (WG017): [session]: The system's locale is "ANSI_X3.4-1968", which is not UTF-8. Non-ASCII characters might not be handled correctly.
WARNING (WG017): [jg_console]: The system's locale is "ANSI_X3.4-1968", which is not UTF-8. Non-ASCII characters might not be handled correctly.
INFO: successfully checked out license "jasper_fao".
INFO: reading configuration file "/users/rompel/.config/cadence/jasper.conf".
% analyze -sv09 ../2_seven_seg_3.sv
[-- (VERI-1482)] Analyzing Verilog file '/tools/cadence2425/JASPER/jasper_2024.06p002/lib/verilog/packages/std/std.sv' into library 'std'
[-- (VERI-1482)] Analyzing Verilog file '../2_seven_seg_3.sv'
% elaborate -bbox_mul 1000000 -bbox_div 1000000 -bbox_mod 1000000 -bbox_a 1000000
[INFO (HIER-8002)] ../2_seven_seg_3.sv(32): Disabling old hierarchical reference handler
[INFO (VERI-1018)] ../2_seven_seg_3.sv(1): compiling module 'SEVEN'
[WARN (VERI-1209)] ../2_seven_seg_3.sv(15): expression size 32 truncated to fit in target size 10
[INFO (VERI-8005)] ../2_seven_seg_3.sv(5): Unintentional sequential element inferred for cnt read before write using blocking assignment
[INFO (VERI-8005)] ../2_seven_seg_3.sv(6): Unintentional sequential element inferred for digit_select read before write using blocking assignment
[INFO (VERI-8005)] ../2_seven_seg_3.sv(1): Unintentional sequential element inferred for segment read before write using blocking assignment
[INFO (VERI-8005)] ../2_seven_seg_3.sv(1): Unintentional sequential element inferred for sig read before write using blocking assignment
INFO (ISW003): Top module name is "SEVEN".
INFO (INL208): Elaboration synthesis summary:
  Number of synthesized netlists          1 (0 packages)
  Single run mode                         On
  Pipeline                                On (1 pipelined netlists)
  Late hierarchical reference connection  On
  Number of analyzed Verilog modules      1 (1 synthesized)
  Number of analyzed VHDL entities        0 (0 synthesized)
INFO (INL003): Clearing all state information (assumes, stopats, and so forth).
SEVEN
[<embedded>] % reset rst
INFO (IPM031): Clearing proof results of all properties.
INFO (IRS006): Current reset condition is "rst".
[<embedded>] % clock clk
[<embedded>] % prove -all
Ncustom1: Custom engine code is hT3Ng7hPPfiYQOTDZ3qhYOwGAM51eA+J/FjkM5shLioAsqhgLR4Ft+O1BuKG6ilQ83B9tLXSl+CwjiTMAQA
Bcustom2: Custom engine code is hT3Nm7hPr1Vp3Di1Ra2USNIGL4JypRnLKLAdF6JAyuavO2JfGCiY9OZJhcAcOUnLx5xwNdhILGrAWX9s+z2WDkKwNR7tAfClBEjRFVQeq6DU54boFgEA
AMcustom3: Custom engine code is hT3Ng7hP/feYQOTDZ3qhYOwGAM51eA+J/FjkM5shLioAsqhgLR4Ft+O1BuKG6ilQ83B9tLXSmmqwm7g9AQA
Mpcustom4: Custom engine code is hT3NZbhP9fmY2AbBQnsjfOxn6c+6e6yL+/e8fZFmaQrnlgEA
INFO (IPF036): Starting proof on task: "<embedded>", 2 properties to prove with 0 already proven/unreachable
INFO (IRS029): Starting reset analysis: phase 1 of 4.
INFO (IRS030): Running reset analysis: phase 2 of 4.
INFO (IRS031): Running reset analysis: phase 3 of 4.
INFO (IRS020): Starting the reset analysis simulation with a limit of 100 iterations (phase 4 of 4).
INFO (IRS024): Reset iterations 0 to 4 analyzed.
INFO (IRS018): Reset analysis simulation executed for 3 iterations. Assigned values for 19 of 19 design flops, 0 of 0 design latches, 6 of 6 internal elements.
INFO (IRS039): Reset analysis complete.
INFO (IPF031): Settings used for proof thread 0:
    orchestration                 = on
    time_limit                    = 86400s
    per_property_time_limit       = 1s * 10 ^ scan
    engine_mode                   = auto
    proofgrid_per_engine_max_jobs = 1
    max engine jobs               = auto
    proofgrid_mode                = local
    proofgrid_restarts            = 10
0: Using multistage preprocessing
AMcustom5: Custom engine code is hT3N1rhP11/52HrFRS21ROp2LOjVTgPvT8L8BGXHgLhaIuqtT4nARFjUqrBL+7pLmaTOzBepZW/Jm8SSrHDybSQtoNiO3y43wk+dEoWlsZizu97Fih6O6lPVG/LpWP5SsUPwlGagLNa1FKEFvwVXyX7//8prySbvSxIHXr5er+z4RAEA
0: Starting reduce
Ncustom6: Custom engine code is hT3OXrhPByJp3TrFSTLhUmMH4KVtJgmTCnNDF46yMXOKY48m4LS5nE7yBzFjA7kDuwO/GhGUpEPiky3p3wmPn3dJZHxFMsafSoObRzSC+tn7sEY0WbTdZ/FV4hL3MYH/b1CIUvXSWR4wqEoVLsmMOD4xIPT4lI1LO6ZCO7PnnWQuLwetnvKlrXx6wCW/A+x+enqslg1YPobi4wEF/EvbzOvcTYdJvl2s4H2yZg2b2ofAVN5WvhWk1HoBAA
ADcustom7: Custom engine code is hT3Nv7hPv1752HrFRa2kROx2f/ECJeZB2AZsLdlO8VwmIuqtT4nIDFXclhg+O+o+DMmQCekbheGk0kK28laA9gaOFDXsQp29J3X615HY1IPHJWd6FUFvCHjO+p1k652b5JJvZlShNpGlGSXAiQe/mEAj6tEBAA
Tricustom8: Custom engine code is hT3Nu7hPt1752DvFRa0kNDiyIV97VyejwM9C/jCLJjdPvusZONHY42VYUy0Q1ZotnhcVtNc56tJ5wbxv6V2+XpdsaSlHck5vfnbYjdwj1OECy9U+7oSQ0SZE3g5ayD+Phuh4odCJTjeKa2k4elM9ldQfkAEA
Gcustom9: Custom engine code is hT3NibhPDfeYQADBZnYcglOvK9Pfd7EOeniIqP8jNsyIqInncipMGcUXqAadachREE9F2PwhBUZUNw5kHnd4JdXkamORRgEA
C2custom10: Custom engine code is hT3NirhPjfWYQADBZnYcglOvK9Pfd7EOeniIqP8jNsyIqInncgkrYMMXCYbdK0dUjZIF9d4cJ0rHoBDjwVLBKuG86XYVV00BAA
AGcustom11: Custom engine code is hT3NirhP/fmYQADBZnYcglOvK9Pfd7EOeniIqP8jNsyIqInnckcwYMMXCYbdK0dUjZIF9d4cJ0rHoBDjwVLBKuHEZnZByh0BAA
Bcustom12: Custom engine code is hT3NjrhPDfiYQADBZnYcglOvK9PfWxFtenjIyBqfrgr7if/jL/yPOuK1BAflEcW0DxNH2eDIoezN2gxlQFg81RZtiWXh7aiTAidvAQA
0: Finished reduce in 0s
Ncustom13: Custom engine code is hT3NR7hPByFp3TrFSTLhUmMH4KWtJglTyV/c51BHEeZWamnJv767nE6PCak26bd3gf3XGN3rIRheufhDieCJQVISo+gNYUKhiUedBKGtsP/a18svAnlMJZudHxDFwK5ufsyoxsIyiAeSY2oi3tEuoDHr5gw42DFKAG3PqO3CEsl8Azzdt3pl5nGA1Ifv2H02eYsFzWb/nfp8PMb3F0krE/EgBcm8TD9Div8BAA
Tricustom14: Custom engine code is hT3Nu7hP3fiYQADBZnYcglNHp9bfd7EOeniIqP/ji8sGLQu8yhsFO+wxJ+O+R0bU8g/IewXFomyos+viQnWc2xYNYmMqpo3i40O7DaZR7qfp4YqNx26KRvQ/qx0BAA
0.0.PRE: Performing Proof Simplification...
0.0.N: clocks: 1, declared: 1, looping: 0, posedge: 1, negedge: 0, noedge: 0, bothedge: 0
0.0.N: Proof Simplification Iteration 1	[0.00 s]
0.0.PRE: A trace with 1 cycles was found. [0.00 s]
INFO (IPF047): 0.0.PRE: The cover property "SEVEN.p1:precondition1" was covered in 1 cycles in 0.00 s.
0.0.N: Proof Simplification Iteration 2	[0.05 s]
0.0.PRE: A proof was found: No trace exists. [0.00 s]
INFO (IPF057): 0.0.PRE: The property ":noDeadEnd" was proven in 0.00 s.
    Use check_assumptions -show -dead_end to show this property in the property table.
0.0.PRE: A proof was found: No trace exists. [0.00 s]
INFO (IPF057): 0.0.PRE: The property ":noConflict" was proven in 0.00 s.
    Use check_assumptions -show to show this property in the property table.
INFO (IPF047): 0.0.PRE: The cover property ":live" was covered in 1 cycles in 0.00 s.
    Use check_assumptions -show -live to show this property in the property table.
0.0.PRE: Proof Simplification completed in 0.05 s
0: About to start ProofGrid in its own thread with a limit of 10000 pending notifications and a limit of 10 traces.
0: =============================== ProofGrid start ===============================
0: ProofGrid usable level: 1
0: Initial ProofGrid level: 1
0: ProofGrid is starting event handling
0.0.N: Proofgrid shell started at 27401@vlsi-ria85(local) jg_27292_vlsi-ria85_1
0.0.Hp: Proofgrid shell started at 27402@vlsi-ria85(local) jg_27292_vlsi-ria85_1
0.0.N: clocks: 1, declared: 1, looping: 0, posedge: 1, negedge: 0, noedge: 0, bothedge: 0
0.0.Hp: clocks: 1, declared: 1, looping: 0, posedge: 1, negedge: 0, noedge: 0, bothedge: 0
0.0.Hp: Last scan. Per property time limit: 0s
0.0.Hp: Trace Attempt  1	[0.00 s]
0.0.Hp: Trace Attempt  2	[0.00 s]
0.0.N: Last scan. Per property time limit: 0s
0.0.N: Starting proof for property "SEVEN.p1"	[0.00 s].
0.0.N: Trace Attempt  1	[0.00 s]
0.0.N: Trace Attempt  2	[0.00 s]
0.0.N: Trace Attempt  2	[0.00 s]
0.0.Hp: Trace Attempt  3	[0.00 s]
0.0.Hp: Trace Attempt  4	[0.00 s]
0.0.Hp: Trace Attempt  5	[0.00 s]
0.0.N: Trace Attempt  3	[0.00 s]
0.0.N: Trace Attempt  3	[0.00 s]
0.0.N: Trace Attempt  4	[0.00 s]
0.0.N: Trace Attempt  5	[0.00 s]
0.0.N: Trace Attempt  1	[0.01 s]
0.0.N: Trace Attempt  2	[0.01 s]
0.0.N: Trace Attempt  3	[0.01 s]
0.0.N: Trace Attempt  4	[0.01 s]
0.0.N: Trace Attempt  5	[0.01 s]
0.0.Mpcustom4: Proofgrid shell started at 27488@vlsi-ria85(local) jg_27292_vlsi-ria85_1
0.0.Oh: Proofgrid shell started at 27489@vlsi-ria85(local) jg_27292_vlsi-ria85_1
0.0.Mpcustom4: clocks: 1, declared: 1, looping: 0, posedge: 1, negedge: 0, noedge: 0, bothedge: 0
0.0.Mpcustom4: Ignoring liveness properties
0.0.Mpcustom4: All properties either determined or skipped. [0.00 s]
0.0.Oh: clocks: 1, declared: 1, looping: 0, posedge: 1, negedge: 0, noedge: 0, bothedge: 0
0.0.Oh: Reached length limit (2147483647) [0.00 s]
0.0.Ht: Proofgrid shell started at 27486@vlsi-ria85(local) jg_27292_vlsi-ria85_1
0.0.Mpcustom4: Exited with Success (@ 0.04 s)
0.0.Mpcustom4: Completed, Restart ignored.
0.0.Oh: Exited with Success (@ 0.04 s)
0.0.Oh: Completed, Restart ignored.
0.0.Ht: clocks: 1, declared: 1, looping: 0, posedge: 1, negedge: 0, noedge: 0, bothedge: 0
0.0.Ht: Last scan. Per property time limit: 0s
0.0.Ht: Trace Attempt  1	[0.00 s]
0.0.Ht: Trace Attempt  2	[0.00 s]
0.0.Ht: Trace Attempt  3	[0.00 s]
0.0.Ht: Trace Attempt  4	[0.00 s]
0.0.Ht: Trace Attempt  5	[0.00 s]
0.0.B: Proofgrid shell started at 27602@vlsi-ria85(local) jg_27292_vlsi-ria85_1
0.0.AM: Proofgrid shell started at 27611@vlsi-ria85(local) jg_27292_vlsi-ria85_1
0.0.B: clocks: 1, declared: 1, looping: 0, posedge: 1, negedge: 0, noedge: 0, bothedge: 0
0.0.B: Last scan. Per property time limit: 0s
0.0.B: Starting proof for property "SEVEN.p1"	[0.00 s].
0.0.B: Trace Attempt  1	[0.00 s]
0.0.B: Trace Attempt  2	[0.00 s]
0.0.B: Trace Attempt  3	[0.00 s]
0.0.B: Trace Attempt  4	[0.00 s]
0.0.B: Trace Attempt  5	[0.00 s]
0.0.AM: clocks: 1, declared: 1, looping: 0, posedge: 1, negedge: 0, noedge: 0, bothedge: 0
0.0.AM: Last scan. Per property time limit: 0s
0.0.AM: Starting proof for property "SEVEN.p1"	[0.00 s].
0.0.AM: Trace Attempt  1	[0.00 s]
0.0.AM: Trace Attempt  2	[0.00 s]
0.0.AM: Trace Attempt  3	[0.00 s]
0.0.AM: Trace Attempt  4	[0.00 s]
0.0.AM: Trace Attempt  5	[0.00 s]
0.0.AM: Trace Attempt  1	[0.00 s]
0.0.AM: Trace Attempt  2	[0.00 s]
0.0.AM: Trace Attempt  3	[0.00 s]
0.0.AM: Trace Attempt  4	[0.00 s]
0.0.AM: Trace Attempt  5	[0.00 s]
0.0.AM: Trace Attempt  1	[0.01 s]
0.0.AM: Trace Attempt  2	[0.01 s]
0.0.AM: Trace Attempt  3	[0.01 s]
0.0.AM: Trace Attempt  4	[0.01 s]
0.0.AM: Trace Attempt  5	[0.01 s]
0.0.L: Proofgrid shell started at 27492@vlsi-ria85(local) jg_27292_vlsi-ria85_1
0.0.L: clocks: 1, declared: 1, looping: 0, posedge: 1, negedge: 0, noedge: 0, bothedge: 0
0.0.L: Using trace diversification with seed 1 (0.05)
0.0.L: Using LRU state removal heuristic
0.0.L: Ignoring liveness properties
0.0.L: All properties either determined or skipped. [0.00 s]
0.0.L: Exited with Success (@ 0.08 s)
0.0.L: Completed, Restart ignored.
0.0.Bm: Proofgrid shell started at 27487@vlsi-ria85(local) jg_27292_vlsi-ria85_1
0.0.Bm: clocks: 1, declared: 1, looping: 0, posedge: 1, negedge: 0, noedge: 0, bothedge: 0
0.0.Bm: Ignoring liveness properties
0.0.Bm: Last scan. Per property time limit: 0s
0.0.Bm: Trace Attempt  1	[0.00 s]
0.0.Bm: Trace Attempt  2	[0.00 s]
0.0.Bm: Trace Attempt  3	[0.00 s]
0.0.Bm: Trace Attempt  4	[0.00 s]
0.0.Bm: Trace Attempt  5	[0.00 s]
0.0.AM: Trace Attempt  1	[0.02 s]
0.0.AM: Trace Attempt  2	[0.02 s]
0.0.AM: Trace Attempt  3	[0.02 s]
0.0.AM: Trace Attempt  4	[0.03 s]
0.0.AM: Trace Attempt  5	[0.03 s]
0.0.N: Trace Attempt  1	[0.08 s]
0.0.N: Trace Attempt  2	[0.08 s]
0.0.N: Trace Attempt  3	[0.08 s]
0.0.N: Trace Attempt  4	[0.09 s]
0.0.N: Trace Attempt  5	[0.09 s]
0.0.AM: Trace Attempt  1	[0.09 s]
0.0.AM: Trace Attempt  2	[0.09 s]
0.0.AM: Trace Attempt  3	[0.09 s]
0.0.AM: Trace Attempt  4	[0.09 s]
0.0.AM: Trace Attempt  5	[0.09 s]
0.0.AM: Trace Attempt  1	[0.38 s]
0.0.AM: Trace Attempt  2	[0.38 s]
0.0.AM: Trace Attempt  3	[0.38 s]
0.0.AM: Trace Attempt  4	[0.38 s]
0.0.AM: Trace Attempt  5	[0.38 s]
0.0.N: Trace Attempt  1	[0.44 s]
0.0.N: Trace Attempt  2	[0.44 s]
0.0.N: Trace Attempt  3	[0.44 s]
0.0.N: Trace Attempt  4	[0.44 s]
0.0.N: Trace Attempt  5	[0.44 s]
0.0.N: Trace Attempt  1	[1.31 s]
0.0.N: Trace Attempt  2	[1.31 s]
0.0.N: Trace Attempt  3	[1.31 s]
0.0.N: Trace Attempt  4	[1.31 s]
0.0.N: Trace Attempt  5	[1.31 s]
0.0.AM: Trace Attempt  1	[2.11 s]
0.0.AM: Trace Attempt  2	[2.11 s]
0.0.AM: Trace Attempt  3	[2.11 s]
0.0.AM: Trace Attempt  4	[2.12 s]
0.0.AM: Trace Attempt  5	[2.12 s]
0.0.Hp: Trace Attempt 568	[4.01 s]
0.0.Ht: Trace Attempt 1522	[4.01 s]
0.0.B: Trace Attempt 1623	[4.01 s]
0.0.Bm: Trace Attempt 1613	[4.01 s]
0.0.N: Trace Attempt 187	[5.34 s]
0.0.AM: Trace Attempt  1	[5.95 s]
0.0.AM: Trace Attempt  2	[5.95 s]
0.0.AM: Trace Attempt  3	[5.95 s]
0.0.AM: Trace Attempt  4	[5.95 s]
0.0.AM: Trace Attempt  5	[5.95 s]
0.0.N: Trace Attempt  1	[7.85 s]
0.0.N: Trace Attempt  2	[7.85 s]
0.0.N: Trace Attempt  3	[7.85 s]
0.0.N: Trace Attempt  4	[7.85 s]
0.0.N: Trace Attempt  5	[7.85 s]
0.0.Hp: Trace Attempt 810	[8.02 s]
0.0.Ht: Trace Attempt 1834	[8.01 s]
0.0.B: Trace Attempt 1909	[8.01 s]
0.0.Bm: Trace Attempt 1895	[8.01 s]
0.0.AM: Trace Attempt 193	[9.96 s]
0.0.N: Trace Attempt 181	[11.87 s]
0.0.Hp: Trace Attempt 1001	[12.03 s]
0.0.Ht: Trace Attempt 2097	[12.02 s]
0.0.B: Trace Attempt 2143	[12.03 s]
0.0.Bm: Trace Attempt 2125	[12.03 s]
0.0.AM: Trace Attempt 265	[13.96 s]
0.0.N: Trace Attempt  1	[14.50 s]
0.0.N: Trace Attempt  2	[14.50 s]
0.0.N: Trace Attempt  3	[14.50 s]
0.0.N: Trace Attempt  4	[14.50 s]
0.0.N: Trace Attempt  5	[14.50 s]
0.0.Hp: Trace Attempt 1159	[16.03 s]
0.0.Ht: Trace Attempt 2309	[16.03 s]
0.0.B: Trace Attempt 2351	[16.03 s]
0.0.Bm: Trace Attempt 2328	[16.03 s]
0.0.AM: Trace Attempt 329	[18.01 s]
0.0.N: Trace Attempt 182	[18.53 s]
0.0.Hp: Trace Attempt 1297	[20.06 s]
0.0.Ht: Trace Attempt 2583	[20.04 s]
0.0.B: Trace Attempt 2553	[20.03 s]
0.0.Bm: Trace Attempt 2527	[20.04 s]
0.0.N: Trace Attempt  1	[21.15 s]
0.0.N: Trace Attempt  2	[21.15 s]
0.0.N: Trace Attempt  3	[21.15 s]
0.0.N: Trace Attempt  4	[21.15 s]
0.0.N: Trace Attempt  5	[21.15 s]
0.0.AM: Trace Attempt 365	[22.03 s]
0.0.Hp: Trace Attempt 1418	[24.07 s]
0.0.B: Trace Attempt 2735	[24.05 s]
0.0.Ht: Trace Attempt 2800	[24.09 s]
0.0.Bm: Trace Attempt 2706	[24.05 s]
0.0.N: Trace Attempt 181	[25.18 s]
0.0.AM: Trace Attempt 407	[26.06 s]
0.0.N: Trace Attempt  1	[27.74 s]
0.0.N: Trace Attempt  2	[27.74 s]
0.0.N: Trace Attempt  3	[27.74 s]
0.0.N: Trace Attempt  4	[27.74 s]
0.0.N: Trace Attempt  5	[27.74 s]
0.0.Hp: Trace Attempt 1508	[28.10 s]
0.0.B: Trace Attempt 2902	[28.07 s]
0.0.Ht: Trace Attempt 3008	[28.11 s]
0.0.Bm: Trace Attempt 2875	[28.07 s]
0.0.AM: Trace Attempt 447	[30.11 s]
0.0.N: Trace Attempt 182	[31.75 s]
0.0.Ht: Trace Attempt 3101	[32.11 s]
0.0.Bm: Trace Attempt 3013	[32.07 s]
0.0.B: Trace Attempt 3028	[32.11 s]
0.0.Hp: Trace Attempt 1538	[32.85 s]
0.0.N: Trace Attempt  1	[34.44 s]
0.0.N: Trace Attempt  2	[34.44 s]
0.0.N: Trace Attempt  3	[34.44 s]
0.0.N: Trace Attempt  4	[34.44 s]
0.0.N: Trace Attempt  5	[34.44 s]
0.0.Bm: Trace Attempt 3078	[36.08 s]
0.0.Ht: Trace Attempt 3214	[36.13 s]
0.0.B: Trace Attempt 3091	[36.15 s]
0.0.AM: Trace Attempt 512	[36.72 s]
0.0.Hp: Trace Attempt 1585	[36.93 s]
0.0.AM: Trace Attempt  1	[37.08 s]
0.0.AM: Trace Attempt  2	[37.08 s]
0.0.AM: Trace Attempt  3	[37.08 s]
0.0.AM: Trace Attempt  4	[37.09 s]
0.0.AM: Trace Attempt  5	[37.09 s]
0.0.N: Trace Attempt 180	[38.44 s]
0.0.Bm: Trace Attempt 3151	[40.09 s]
0.0.B: Trace Attempt 3165	[40.17 s]
0.0.Ht: Trace Attempt 3327	[40.25 s]
0.0.Hp: Trace Attempt 1634	[40.99 s]
0.0.N: Trace Attempt  1	[41.06 s]
0.0.N: Trace Attempt  2	[41.07 s]
0.0.N: Trace Attempt  3	[41.07 s]
0.0.N: Trace Attempt  4	[41.07 s]
0.0.N: Trace Attempt  5	[41.07 s]
0.0.AM: Trace Attempt 189	[41.12 s]
0.0.Bm: Trace Attempt 3226	[44.09 s]
0.0.B: Trace Attempt 3240	[44.19 s]
0.0.Ht: Trace Attempt 3439	[44.26 s]
0.0.Hp: Trace Attempt 1681	[45.00 s]
0.0.N: Trace Attempt 180	[45.10 s]
0.0.AM: Trace Attempt 257	[45.25 s]
0.0.N: Trace Attempt  1	[47.77 s]
0.0.N: Trace Attempt  2	[47.77 s]
0.0.N: Trace Attempt  3	[47.77 s]
0.0.N: Trace Attempt  4	[47.77 s]
0.0.N: Trace Attempt  5	[47.77 s]
0.0.Bm: Trace Attempt 3300	[48.10 s]
0.0.B: Trace Attempt 3314	[48.21 s]
0.0.Ht: Trace Attempt 3505	[48.27 s]
0.0.Hp: Trace Attempt 1724	[49.07 s]
0.0.AM: Trace Attempt 306	[49.33 s]
0.0.N: Trace Attempt 181	[51.78 s]
0.0.Bm: Trace Attempt 3372	[52.14 s]
0.0.B: Trace Attempt 3386	[52.24 s]
0.0.Ht: Trace Attempt 3631	[52.29 s]
0.0.AM: Trace Attempt 350	[53.34 s]
0.0.Hp: Trace Attempt 1757	[53.46 s]
0.0.N: Trace Attempt  1	[54.40 s]
0.0.N: Trace Attempt  2	[54.40 s]
0.0.N: Trace Attempt  3	[54.40 s]
0.0.N: Trace Attempt  4	[54.40 s]
0.0.N: Trace Attempt  5	[54.41 s]
0.0.Bm: Trace Attempt 3436	[56.19 s]
0.0.Ht: Trace Attempt 3764	[56.30 s]
0.0.B: Trace Attempt 3449	[56.41 s]
0.0.AM: Trace Attempt 380	[57.36 s]
0.0.N: Trace Attempt 182	[58.42 s]
0.0.Bm: Trace Attempt 3487	[60.19 s]
0.0.Ht: Trace Attempt 3921	[60.31 s]
0.0.B: Trace Attempt 3506	[60.44 s]
0.0.N: Trace Attempt  1	[61.01 s]
0.0.N: Trace Attempt  2	[61.01 s]
0.0.N: Trace Attempt  3	[61.01 s]
0.0.N: Trace Attempt  4	[61.01 s]
0.0.N: Trace Attempt  5	[61.01 s]
0.0.AM: Trace Attempt 413	[61.41 s]
0.0.Hp: Trace Attempt 1766	[62.50 s]
0.0.Bm: Trace Attempt 3559	[64.21 s]
0.0.Ht: Trace Attempt 4063	[64.32 s]
0.0.B: Trace Attempt 3577	[64.45 s]
0.0.N: Trace Attempt 183	[65.07 s]
0.0.AM: Trace Attempt 448	[65.43 s]
0.0.Hp: Trace Attempt 1800	[66.59 s]
0.0.N: Trace Attempt  1	[67.58 s]
0.0.N: Trace Attempt  2	[67.59 s]
0.0.N: Trace Attempt  3	[67.59 s]
0.0.N: Trace Attempt  4	[67.59 s]
0.0.N: Trace Attempt  5	[67.59 s]
0.0.Bm: Trace Attempt 3631	[68.22 s]
0.0.Ht: Trace Attempt 4161	[68.33 s]
0.0.B: Trace Attempt 3650	[68.49 s]
0.0.AM: Trace Attempt 484	[69.79 s]
0.0.Hp: Trace Attempt 1842	[70.67 s]
0.0.N: Trace Attempt 183	[71.64 s]
0.0.Bm: Trace Attempt 3705	[72.23 s]
0.0.Ht: Trace Attempt 4255	[72.35 s]
0.0.B: Trace Attempt 3723	[72.53 s]
0.0.N: Trace Attempt  1	[74.14 s]
0.0.N: Trace Attempt  2	[74.14 s]
0.0.N: Trace Attempt  3	[74.14 s]
0.0.N: Trace Attempt  4	[74.14 s]
0.0.N: Trace Attempt  5	[74.14 s]
0.0.AM: Trace Attempt 494	[74.19 s]
0.0.Hp: Trace Attempt 1882	[74.71 s]
0.0.Bm: Trace Attempt 3772	[76.28 s]
0.0.B: Trace Attempt 3787	[76.58 s]
0.0.Ht: Trace Attempt 4325	[77.25 s]
0.0.N: Trace Attempt 183	[78.18 s]
0.0.AM: Trace Attempt 503	[78.23 s]
0.0.Hp: Trace Attempt 1922	[78.81 s]
0.0.Bm: Trace Attempt 3839	[80.39 s]
0.0.B: Trace Attempt 3856	[80.58 s]
0.0.N: Trace Attempt  1	[80.72 s]
0.0.N: Trace Attempt  2	[80.72 s]
0.0.N: Trace Attempt  3	[80.72 s]
0.0.N: Trace Attempt  4	[80.72 s]
0.0.N: Trace Attempt  5	[80.72 s]
0.0.Ht: Trace Attempt 4426	[81.27 s]
0.0.AM: Trace Attempt 514	[82.28 s]
0.0.Hp: Trace Attempt 1960	[82.82 s]
0.0.Bm: Trace Attempt 3909	[84.40 s]
0.0.B: Trace Attempt 3927	[84.62 s]
0.0.N: Trace Attempt 183	[84.78 s]
0.0.Ht: Trace Attempt 4537	[85.28 s]
0.0.AM: Trace Attempt 527	[86.39 s]
0.0.Hp: Trace Attempt 1996	[86.89 s]
0.0.N: Trace Attempt  1	[87.34 s]
0.0.N: Trace Attempt  2	[87.34 s]
0.0.N: Trace Attempt  3	[87.34 s]
0.0.N: Trace Attempt  4	[87.34 s]
0.0.N: Trace Attempt  5	[87.34 s]
0.0.Bm: Trace Attempt 3979	[88.45 s]
0.0.B: Trace Attempt 3995	[88.63 s]
0.0.Ht: Trace Attempt 4610	[89.29 s]
0.0.AM: Trace Attempt 543	[90.53 s]
0.0.Hp: Trace Attempt 2031	[90.90 s]
0.0.N: Trace Attempt 183	[91.40 s]
0.0.Bm: Trace Attempt 4047	[92.50 s]
0.0.B: Trace Attempt 4063	[92.69 s]
0.0.Ht: Trace Attempt 4679	[93.39 s]
0.0.N: Trace Attempt  1	[94.43 s]
0.0.N: Trace Attempt  2	[94.43 s]
0.0.N: Trace Attempt  3	[94.43 s]
0.0.N: Trace Attempt  4	[94.43 s]
0.0.N: Trace Attempt  5	[94.43 s]
0.0.AM: Trace Attempt 555	[94.65 s]
0.0.Hp: Trace Attempt 2066	[95.00 s]
0.0.Bm: Trace Attempt 4111	[96.53 s]
0.0.B: Trace Attempt 4127	[96.69 s]
0.0.Ht: Trace Attempt 4753	[97.42 s]
0.0.N: Trace Attempt 188	[98.47 s]
0.0.AM: Trace Attempt 569	[98.74 s]
0.0.Hp: Trace Attempt 2100	[99.11 s]
0.0.Bm: Trace Attempt 4175	[100.54 s]
0.0.B: Trace Attempt 4191	[100.75 s]
0.0.Ht: Trace Attempt 4816	[101.44 s]
0.0.N: Trace Attempt 250	[102.49 s]
0.0.AM: Trace Attempt 583	[102.87 s]
0.0.Hp: Trace Attempt 2133	[103.12 s]
0.0.Bm: Trace Attempt 4237	[104.61 s]
0.0.B: Trace Attempt 4252	[104.78 s]
0.0.Ht: Trace Attempt 4863	[106.22 s]
0.0.N: Trace Attempt 303	[106.55 s]
0.0.AM: Trace Attempt 598	[107.13 s]
0.0.Hp: Trace Attempt 2167	[107.25 s]
0.0.Bm: Trace Attempt 4295	[108.63 s]
0.0.B: Trace Attempt 4309	[108.79 s]
0.0.N: Trace Attempt 342	[110.65 s]
0.0.Ht: Trace Attempt 4945	[110.63 s]
0.0.Hp: Trace Attempt 2199	[111.33 s]
0.0.AM: Trace Attempt 612	[111.29 s]
0.0.Bm: Trace Attempt 4349	[112.63 s]
0.0.B: Trace Attempt 4363	[112.86 s]
0.0.Ht: Trace Attempt 5020	[114.63 s]
0.0.N: Trace Attempt 384	[114.70 s]
0.0.Hp: Trace Attempt 2230	[115.33 s]
0.0.AM: Trace Attempt 625	[115.45 s]
0.0.Bm: Trace Attempt 4401	[116.70 s]
0.0.B: Trace Attempt 4415	[116.93 s]
0.0.Ht: Trace Attempt 5100	[118.66 s]
0.0.N: Trace Attempt 423	[118.81 s]
0.0.Hp: Trace Attempt 2259	[119.34 s]
0.0.AM: Trace Attempt 640	[119.65 s]
0.0.Bm: Trace Attempt 4448	[120.72 s]
0.0.B: Trace Attempt 4463	[121.01 s]
0.0.Ht: Trace Attempt 5171	[122.69 s]
0.0.N: Trace Attempt 452	[123.01 s]
0.0.Hp: Trace Attempt 2292	[123.46 s]
0.0.AM: Trace Attempt 654	[123.83 s]
0.0.Bm: Trace Attempt 4492	[124.81 s]
0.0.B: Trace Attempt 4507	[125.11 s]
0.0.N: Trace Attempt  1	[126.16 s]
0.0.N: Trace Attempt  2	[126.16 s]
0.0.N: Trace Attempt  3	[126.16 s]
0.0.N: Trace Attempt  4	[126.16 s]
0.0.N: Trace Attempt  5	[126.17 s]
0.0.Ht: Trace Attempt 5232	[126.73 s]
0.0.Hp: Trace Attempt 2325	[127.57 s]
0.0.AM: Trace Attempt 669	[128.16 s]
0.0.Bm: Trace Attempt 4525	[129.09 s]
0.0.B: Trace Attempt 4543	[129.13 s]
0.0.N: Trace Attempt 189	[130.20 s]
0.0.Ht: Trace Attempt 5300	[130.75 s]
0.0.Hp: Trace Attempt 2356	[131.61 s]
0.0.AM: Trace Attempt 682	[132.23 s]
0.0.Bm: Trace Attempt 4580	[133.09 s]
0.0.B: Trace Attempt 4597	[133.18 s]
0.0.N: Trace Attempt 251	[134.26 s]
0.0.Ht: Trace Attempt 5384	[134.80 s]
0.0.Hp: Trace Attempt 2381	[135.71 s]
0.0.AM: Trace Attempt 696	[136.59 s]
0.0.Bm: Trace Attempt 4630	[137.14 s]
0.0.B: Trace Attempt 4649	[137.19 s]
0.0.N: Trace Attempt 304	[138.30 s]
0.0.Ht: Trace Attempt 5462	[138.87 s]
0.0.Hp: Trace Attempt 2414	[139.80 s]
0.0.AM: Trace Attempt 710	[140.78 s]
0.0.Bm: Trace Attempt 4681	[141.17 s]
0.0.B: Trace Attempt 4699	[141.25 s]
0.0.N: Trace Attempt 342	[142.30 s]
0.0.Ht: Trace Attempt 5531	[142.87 s]
0.0.Hp: Trace Attempt 2448	[143.91 s]
0.0.AM: Trace Attempt 723	[144.82 s]
0.0.Bm: Trace Attempt 4728	[145.17 s]
0.0.B: Trace Attempt 4747	[145.28 s]
0.0.N: Trace Attempt 383	[146.35 s]
0.0.Ht: Trace Attempt 5603	[146.87 s]
0.0.Hp: Trace Attempt 2480	[147.98 s]
0.0.AM: Trace Attempt 729	[149.03 s]
0.0.Bm: Trace Attempt 4774	[149.23 s]
0.0.B: Trace Attempt 4791	[149.32 s]
0.0.N: Trace Attempt 420	[150.46 s]
0.0.Hp: Trace Attempt 2510	[152.11 s]
0.0.AM: Trace Attempt 588	[153.05 s]
0.0.Bm: Trace Attempt 4816	[153.25 s]
0.0.B: Trace Attempt 4829	[153.40 s]
0.0.Ht: Trace Attempt 5659	[153.77 s]
0.0.N: Trace Attempt 449	[154.48 s]
0.0.Hp: Trace Attempt 2546	[156.21 s]
0.0.Bm: Trace Attempt 4851	[157.37 s]
0.0.B: Trace Attempt 4866	[157.48 s]
0.0.Ht: Trace Attempt 5707	[157.83 s]
0.0.N: Trace Attempt 460	[158.54 s]
0.0.N: Trace Attempt  1	[158.55 s]
0.0.N: Trace Attempt  2	[158.55 s]
0.0.N: Trace Attempt  3	[158.55 s]
0.0.N: Trace Attempt  4	[158.55 s]
0.0.N: Trace Attempt  5	[158.56 s]
0.0.Hp: Trace Attempt 2583	[160.25 s]
0.0.Bm: Trace Attempt 4895	[161.37 s]
0.0.B: Trace Attempt 4911	[161.56 s]
0.0.Ht: Trace Attempt 5771	[161.87 s]
0.0.N: Trace Attempt 163	[162.56 s]
0.0.AM: Trace Attempt 752	[162.76 s]
0.0.AM: Trace Attempt  1	[163.15 s]
0.0.AM: Trace Attempt  2	[163.15 s]
0.0.AM: Trace Attempt  3	[163.15 s]
0.0.AM: Trace Attempt  4	[163.15 s]
0.0.AM: Trace Attempt  5	[163.16 s]
0.0.Hp: Trace Attempt 2617	[164.26 s]
0.0.Bm: Trace Attempt 4939	[165.38 s]
0.0.B: Trace Attempt 4954	[165.56 s]
0.0.Ht: Trace Attempt 5838	[165.87 s]
0.0.N: Trace Attempt 243	[166.61 s]
0.0.AM: Trace Attempt 177	[167.16 s]
0.0.Hp: Trace Attempt 2656	[168.30 s]
0.0.Bm: Trace Attempt 4985	[169.39 s]
0.0.B: Trace Attempt 4999	[169.60 s]
0.0.Ht: Trace Attempt 5898	[169.88 s]
0.0.N: Trace Attempt 297	[170.62 s]
0.0.AM: Trace Attempt 247	[171.33 s]
0.0.Hp: Trace Attempt 2695	[172.39 s]
0.0.Bm: Trace Attempt 5028	[173.44 s]
0.0.B: Trace Attempt 5041	[173.72 s]
0.0.Ht: Trace Attempt 5967	[174.33 s]
0.0.N: Trace Attempt 337	[174.83 s]
0.0.AM: Trace Attempt 305	[175.33 s]
0.0.Hp: Trace Attempt 2732	[176.46 s]
0.0.Bm: Trace Attempt 5069	[177.48 s]
0.0.B: Trace Attempt 5080	[177.74 s]
0.0.Ht: Trace Attempt 6028	[178.34 s]
0.0.N: Trace Attempt 373	[178.84 s]
0.0.AM: Trace Attempt 344	[179.47 s]
0.0.Hp: Trace Attempt 2769	[180.53 s]
0.0.N: Trace Attempt 393	[180.93 s]
0.0.N: Stopped processing property "SEVEN.p1"	[180.96 s].
0.0.N: Morphing to Ncustom1
0.0.N: All properties determined. [0.00 s]
0.0.N: Exited with Success (@ 0.00 s)
0.0.Ncustom1: clocks: 1, declared: 1, looping: 0, posedge: 1, negedge: 0, noedge: 0, bothedge: 0
0.0.AM: Trace Attempt 356	[180.82 s]
0.0.AM: Stopped processing property "SEVEN.p1"	[180.93 s].
0.0.AM: Morphing to AMcustom3
0.0.AM: All properties determined. [0.00 s]
0.0.AM: Exited with Success (@ 0.00 s)
0.0.Ncustom1: Starting proof for property "SEVEN.p1"	[0.00 s].
0.0.AMcustom3: clocks: 1, declared: 1, looping: 0, posedge: 1, negedge: 0, noedge: 0, bothedge: 0
0.0.AMcustom3: Starting proof for property "SEVEN.p1"	[0.00 s].
0.0.AMcustom3: Trace Attempt  1	[0.00 s]
0.0.AMcustom3: Trace Attempt  2	[0.00 s]
0.0.AMcustom3: Trace Attempt  3	[0.00 s]
0.0.AMcustom3: Trace Attempt  4	[0.00 s]
0.0.AMcustom3: Trace Attempt  5	[0.00 s]
0.0.AMcustom3: Trace Attempt  1	[0.00 s]
0.0.AMcustom3: Trace Attempt  2	[0.00 s]
0.0.AMcustom3: Trace Attempt  3	[0.00 s]
0.0.AMcustom3: Trace Attempt  4	[0.00 s]
0.0.AMcustom3: Trace Attempt  5	[0.00 s]
0.0.AMcustom3: Trace Attempt  1	[0.01 s]
0.0.AMcustom3: Trace Attempt  2	[0.01 s]
0.0.Ncustom1: Trace Attempt 459	[0.03 s]
0.0.AMcustom3: Trace Attempt  3	[0.01 s]
0.0.AMcustom3: Trace Attempt  4	[0.01 s]
0.0.AMcustom3: Trace Attempt  5	[0.01 s]
0.0.B: Trace Attempt 5107	[180.84 s]
0.0.B: Stopped processing property "SEVEN.p1"	[180.96 s].
0.0.B: Morphing to Bcustom2
0.0.AMcustom3: Trace Attempt  1	[0.03 s]
0.0.AMcustom3: Trace Attempt  2	[0.03 s]
0.0.AMcustom3: Trace Attempt  3	[0.03 s]
0.0.AMcustom3: Trace Attempt  4	[0.03 s]
0.0.AMcustom3: Trace Attempt  5	[0.03 s]
0.0.B: All properties determined. [0.00 s]
0.0.B: Exited with Success (@ 0.00 s)
0.0.Bcustom2: clocks: 1, declared: 1, looping: 0, posedge: 1, negedge: 0, noedge: 0, bothedge: 0
0.0.Bcustom2: Starting proof for property "SEVEN.p1"	[0.00 s].
0.0.Bcustom2: Trace Attempt  1	[0.00 s]
0.0.Bcustom2: Trace Attempt  2	[0.00 s]
0.0.Bcustom2: Trace Attempt  1	[0.00 s]
0.0.Bcustom2: Trace Attempt  2	[0.00 s]
0.0.Bcustom2: Trace Attempt  3	[0.00 s]
0.0.Bcustom2: Trace Attempt  4	[0.00 s]
0.0.Bcustom2: Trace Attempt  5	[0.00 s]
0.0.Bcustom2: Trace Attempt  1	[0.00 s]
0.0.Bcustom2: Trace Attempt  2	[0.00 s]
0.0.Bcustom2: Trace Attempt  3	[0.00 s]
0.0.Bcustom2: Trace Attempt  4	[0.00 s]
0.0.Bcustom2: Trace Attempt  5	[0.00 s]
0.0.Bcustom2: Trace Attempt  1	[0.00 s]
0.0.Bcustom2: Trace Attempt  2	[0.00 s]
0.0.Bcustom2: Trace Attempt  3	[0.00 s]
0.0.Bcustom2: Trace Attempt  4	[0.00 s]
0.0.Bcustom2: Trace Attempt  5	[0.00 s]
0.0.Bcustom2: Trace Attempt  1	[0.01 s]
0.0.Bcustom2: Trace Attempt  2	[0.01 s]
0.0.Bcustom2: Trace Attempt  3	[0.01 s]
0.0.Bcustom2: Trace Attempt  4	[0.01 s]
0.0.Bcustom2: Trace Attempt  5	[0.01 s]
0.0.Bcustom2: Trace Attempt  1	[0.02 s]
0.0.Bcustom2: Trace Attempt  2	[0.02 s]
0.0.Bcustom2: Trace Attempt  3	[0.02 s]
0.0.Bcustom2: Trace Attempt  4	[0.02 s]
0.0.Bcustom2: Trace Attempt  5	[0.02 s]
0.0.AMcustom3: Trace Attempt  1	[0.10 s]
0.0.AMcustom3: Trace Attempt  2	[0.10 s]
0.0.AMcustom3: Trace Attempt  3	[0.10 s]
0.0.AMcustom3: Trace Attempt  4	[0.10 s]
0.0.AMcustom3: Trace Attempt  5	[0.10 s]
0.0.Bcustom2: Trace Attempt  1	[0.07 s]
0.0.Bcustom2: Trace Attempt  2	[0.07 s]
0.0.Bcustom2: Trace Attempt  3	[0.07 s]
0.0.Bcustom2: Trace Attempt  4	[0.07 s]
0.0.Bcustom2: Trace Attempt  5	[0.07 s]
0.0.Tri: Proofgrid shell started at 1088@vlsi-ria85(local) jg_27292_vlsi-ria85_1
0.0.D: Proofgrid shell started at 1089@vlsi-ria85(local) jg_27292_vlsi-ria85_1
0.0.D: clocks: 1, declared: 1, looping: 0, posedge: 1, negedge: 0, noedge: 0, bothedge: 0
0.0.D: Last scan. Per property time limit: 0s
0.0.D: Starting proof for property "SEVEN.p1"	[0.00 s].
0.0.D: Trace Attempt  1	[0.00 s]
0.0.D: Trace Attempt  2	[0.00 s]
0.0.D: Trace Attempt  3	[0.00 s]
0.0.Tri: clocks: 1, declared: 1, looping: 0, posedge: 1, negedge: 0, noedge: 0, bothedge: 0
0.0.Tri: Last scan. Per property time limit: 0s
0.0.Tri: Starting proof for property "SEVEN.p1"	[0.00 s].
0.0.Tri: Trace Attempt  1	[0.00 s]
0.0.Bcustom2: Trace Attempt  1	[0.20 s]
0.0.Bcustom2: Trace Attempt  2	[0.20 s]
0.0.Bcustom2: Trace Attempt  3	[0.20 s]
0.0.Bcustom2: Trace Attempt  4	[0.20 s]
0.0.Bcustom2: Trace Attempt  5	[0.20 s]
0.0.Tri:    0.00" ---- Launching main thread ----
0.0.AMcustom3: Trace Attempt  1	[0.41 s]
0.0.AMcustom3: Trace Attempt  2	[0.41 s]
0.0.AMcustom3: Trace Attempt  3	[0.41 s]
0.0.AMcustom3: Trace Attempt  4	[0.42 s]
0.0.AMcustom3: Trace Attempt  5	[0.42 s]
0.0.Tri:    0.28" ---- Launching abstraction thread ----
0.0.Bcustom2: Trace Attempt  1	[0.50 s]
0.0.Bcustom2: Trace Attempt  2	[0.50 s]
0.0.Bcustom2: Trace Attempt  3	[0.50 s]
0.0.Bcustom2: Trace Attempt  4	[0.50 s]
0.0.Bcustom2: Trace Attempt  5	[0.50 s]
0.0.Tri:    0.29" ---- Launching multi-phase simplification thread ----
0.0.Bm: Trace Attempt 5103	[181.51 s]
0.0.Tri:    0.38" ---- Launching liveness simplification thread ----
0.0.Bcustom2: Trace Attempt  1	[1.39 s]
0.0.Bcustom2: Trace Attempt  2	[1.39 s]
0.0.Bcustom2: Trace Attempt  3	[1.39 s]
0.0.Bcustom2: Trace Attempt  4	[1.39 s]
0.0.Bcustom2: Trace Attempt  5	[1.39 s]
0.0.Tri:    1.17" Simplification phase 1 complete
0.0.D: Trace Attempt 63	[0.72 s]
0.0.D: Stopped processing property "SEVEN.p1"	[1.31 s].
0.0.D: Morphing to M
0.0.D: All properties determined. [0.00 s]
0.0.D: Exited with Success (@ 0.00 s)
0.0.M: clocks: 1, declared: 1, looping: 0, posedge: 1, negedge: 0, noedge: 0, bothedge: 0
0.0.M: Starting proof for property "SEVEN.p1"	[0.00 s].
0.0.M: Trace Attempt  1	[0.00 s]
0.0.M: Trace Attempt  2	[0.00 s]
0.0.M: Trace Attempt  3	[0.00 s]
0.0.M: Trace Attempt  4	[0.00 s]
0.0.M: Trace Attempt  5	[0.00 s]
0.0.Ncustom1: Requesting engine job to terminate
0.0.Bcustom2: Requesting engine job to terminate
0.0.AMcustom3: Requesting engine job to terminate
0.0.Tri: Requesting engine job to terminate
0.0.M: Requesting engine job to terminate
0.0.Hp: Requesting engine job to terminate
0.0.Ht: Requesting engine job to terminate
0.0.Bm: Requesting engine job to terminate
INFO (IPF144): 0: Initiating shutdown of proof [182.49 s]
0.0.Tri: A proof was found: No trace exists. [1.32 s]
INFO (IPF057): 0.0.Tri: The property "SEVEN.p1" was proven in 1.32 s.
0.0.Ncustom1: Trace Attempt  1	[1.50 s]
0.0.Ncustom1: Trace Attempt  2	[1.50 s]
0.0.Ncustom1: Trace Attempt  3	[1.50 s]
0.0.Ncustom1: Stopped processing property "SEVEN.p1"	[1.49 s].
0.0.Ncustom1: All properties determined. [1.51 s]
0.0.AMcustom3: Trace Attempt 97	[1.48 s]
0.0.AMcustom3: Stopped processing property "SEVEN.p1"	[1.49 s].
0.0.AMcustom3: All properties determined. [1.49 s]
0.0.M: Trace Attempt 14	[0.03 s]
0.0.M: Stopped processing property "SEVEN.p1"	[0.03 s].
0.0.M: All properties determined. [0.03 s]
0.0.M: Exited with Success (@ 182.50 s)
0: ProofGrid usable level: 0
0.0.Bcustom2: Trace Attempt 283	[1.45 s]
0.0.Bcustom2: Stopped processing property "SEVEN.p1"	[1.45 s].
0.0.Bcustom2: All properties determined. [1.46 s]
0.0.Ncustom1: Exited with Success (@ 182.51 s)
0.0.Bcustom2: Exited with Success (@ 182.51 s)
0.0.Hp: Trace Attempt 2785	[182.41 s]
0.0.Hp: All properties determined. [182.52 s]
0.0.AMcustom3: Exited with Success (@ 182.53 s)
0.0.Ht: Trace Attempt 6052	[180.23 s]
0.0.Ht: All properties determined. [182.49 s]
0.0.Bm: Trace Attempt 5110	[182.33 s]
0.0.Bm: All properties determined. [182.46 s]
0.0.AMcustom5: Proofgrid shell started at 1205@vlsi-ria85(local) jg_27292_vlsi-ria85_1
0.0.AMcustom5: Requesting engine job to terminate
0.0.AMcustom5: Preventing job from starting because proof is shutting down.
0.0.AMcustom5: Requesting engine job to terminate
0.0.AMcustom5: Interrupted. [0.00 s]
0.0.Bm: Exited with Success (@ 182.55 s)
0.0.AMcustom5: Exited with Success (@ 182.55 s)
0.0.Ht: Exited with Success (@ 182.56 s)
0.0.Hp: Exited with Success (@ 182.66 s)
0.0.Tri: Stopped processing property "SEVEN.p1"	[1.53 s].
0.0.Tri: All properties determined. [1.53 s]
0.0.Tri: Exited with Success (@ 182.70 s)
0: --------------------------------------------------------------
ProofGrid Summary (utilization 99.92 %)
--------------------------------------------------------------
     engines started                               :    16
     engine jobs started                           :    12

    Average time in state (seconds)
    ------------------------------------------------------
    Engine  Pending     Running        Dead    Utilization
    ------------------------------------------------------
     Hp        0.03      182.49        0.00       99.98 %
     Ht        0.04      182.45        0.00       99.98 %
     Bm        0.08      182.41        0.00       99.96 %
    Mpcustom4        0.04        0.00        0.00        0.69 %
     Oh        0.04        0.00        0.00        6.50 %
      L        0.07        0.00        0.00        3.54 %
    Ncustom1        0.03      182.44        0.00       99.98 %
    Bcustom2        0.04      182.34        0.00       99.98 %
    AMcustom3        0.04      182.38        0.00       99.98 %
    Tri        0.17        1.34        0.00       88.96 %
      M        0.16        1.34        0.00       89.50 %
    AMcustom5        0.10        0.00        0.00        0.00 %
    all        0.07       91.43        0.00       99.92 %

    Total time in state (seconds)
    -----------------------------------------
            Pending     Running        Dead  
    -----------------------------------------
               0.84     1097.19        0.00

    Data read    : 6.66 MiB
    Data written : 4.61 kiB

0: All pending notifications were processed.
INFO (IPF059): 0: Completed proof on task: "<embedded>"

==============================================================
SUMMARY
==============================================================
           Properties Considered              : 2
                 assertions                   : 1
                  - proven                    : 1 (100%)
                  - bounded_proven (user)     : 0 (0%)
                  - bounded_proven (auto)     : 0 (0%)
                  - marked_proven             : 0 (0%)
                  - cex                       : 0 (0%)
                  - ar_cex                    : 0 (0%)
                  - undetermined              : 0 (0%)
                  - unknown                   : 0 (0%)
                  - error                     : 0 (0%)
                 covers                       : 1
                  - unreachable               : 0 (0%)
                  - bounded_unreachable (user): 0 (0%)
                  - covered                   : 1 (100%)
                  - ar_covered                : 0 (0%)
                  - undetermined              : 0 (0%)
                  - unknown                   : 0 (0%)
                  - error                     : 0 (0%)
determined
[<embedded>] % exit -force
INFO (IPL005): Received request to exit from the console.
INFO (IPL014): Waiting for the Tcl-thread to exit.
INFO: Waiting for proof threads to stop...
INFO: Proof threads stopped.
INFO (IPL018): The peak resident set memory use for this session was 1.630 GB.
INFO (IPL015): The Tcl-thread exited with status 0.
INFO (IPL016): Exiting the analysis session with status 0.
