2025-11-21 14:35:53.559705 (97135) main____ INFO    ----------------------------------------
2025-11-21 14:35:53.559818 (97135) main____ INFO    Jasper version info
2025-11-21 14:35:53.559829 (97135) main____ INFO      tool      : Jasper 2024.06
2025-11-21 14:35:53.559840 (97135) main____ INFO      version   : 2024.06p002 64 bits
2025-11-21 14:35:53.559848 (97135) main____ INFO      build date: 2024.09.02 16:28:38 UTC
2025-11-21 14:35:53.559853 (97135) main____ INFO    ----------------------------------------
2025-11-21 14:35:53.559857 (97135) main____ INFO    Runtime info:
2025-11-21 14:35:53.559864 (97135) main____ INFO      platform  : Linux 3.10.0-1062.el7.x86_64 x86_64
2025-11-21 14:35:53.559879 (97135) main____ INFO      hostname  : vlsi-moon
2025-11-21 14:35:53.559887 (97135) main____ INFO      pid       : 97135
2025-11-21 14:35:53.559894 (97135) main____ INFO      arguments : '-style' 'windows' '-proj' '../jgprojects/2_delay_16' '-batch' '2_delay_16.tcl'
2025-11-21 14:35:53.559900 (97135) main____ INFO      locale    : ANSI_X3.4-1968
2025-11-21 14:35:53.559905 (97135) main____ INFO    ----------------------------------------
2025-11-21 14:35:53.559910 (97135) main____ INFO    System resource limits info:
2025-11-21 14:35:53.559917 (97135) main____ INFO      virtual memory: unlimited
2025-11-21 14:35:53.559927 (97135) main____ INFO      cpu time      : unlimited
2025-11-21 14:35:53.559939 (97135) main____ INFO      processes     : 4096
2025-11-21 14:35:53.559953 (97135) main____ INFO      stack size    : 8388608 B
2025-11-21 14:35:53.559961 (97135) main____ INFO      core file size: 1024 B
2025-11-21 14:35:53.559969 (97135) main____ INFO      open files    : 4096
2025-11-21 14:35:53.559976 (97135) main____ INFO      file size     : unlimited
2025-11-21 14:35:53.559981 (97135) main____ INFO    ----------------------------------------
2025-11-21 14:35:53.559986 (97135) main____ INFO    Memory statistics:
2025-11-21 14:35:53.559993 (97135) main____ INFO      total physical memory  : 527831204 kB
2025-11-21 14:35:53.559998 (97135) main____ INFO      free physical memory   : 511410592 kB
2025-11-21 14:35:53.560005 (97135) main____ INFO      committed address space: 10005988 kB
2025-11-21 14:35:53.560009 (97135) main____ INFO    ----------------------------------------
2025-11-21 14:35:53.561281 (97135) main____ INFO    Important environment variables:
2025-11-21 14:35:53.561307 (97135) main____ INFO      CDS_ASSURA         : '/eda/cadence/2023-24/RHELx86/ASSURA_04.16.115_231'
2025-11-21 14:35:53.561316 (97135) main____ INFO      CDS_AUTO_64BIT     : 'ALL'
2025-11-21 14:35:53.561325 (97135) main____ INFO      CDS_CONFRML        : '/eda/cadence/2023-24/RHELx86/CONFRML_23.10.300'
2025-11-21 14:35:53.561333 (97135) main____ INFO      CDS_DDIEXPORT      : '/eda/cadence/2023-24/RHELx86/DDIEXPORT_22.33.000'
2025-11-21 14:35:53.561342 (97135) main____ INFO      CDS_EMX            : '/eda/cadence/2023-24/RHELx86/EMX_23.10.000'
2025-11-21 14:35:53.561350 (97135) main____ INFO      CDS_GENUS          : '/eda/cadence/2023-24/RHELx86/DDIEXPORT_22.33.000/GENUS221'
2025-11-21 14:35:53.561359 (97135) main____ INFO      CDS_IC             : '/eda/cadence/2023-24/RHELx86/IC_23.10.020'
2025-11-21 14:35:53.561367 (97135) main____ INFO      CDS_INNOVUS        : '/eda/cadence/2023-24/RHELx86/DDIEXPORT_22.33.000/INNOVUS221'
2025-11-21 14:35:53.561375 (97135) main____ INFO      CDS_JLS            : '/eda/cadence/2023-24/RHELx86/DDIEXPORT_22.33.000/JLS221'
2025-11-21 14:35:53.561388 (97135) main____ INFO      CDS_LIC_FILE       : '/etc/local/cadence/license_8x.3868dd0560aa:5280@132.68.59.69:/etc/local/cadence/license_8x.1831bfb82c67:5280@132.68.59.64:/etc/local/cadence/license_8x.0894ef683fc3:5280@132.68.59.79:/etc/local/cadence/license_8x.1831bfb82c67:5280@132.68.59.61'
2025-11-21 14:35:53.561405 (97135) main____ INFO      CDS_LITMUS         : '/eda/cadence/2023-24/RHELx86/LITMUS_23.10.300'
2025-11-21 14:35:53.561414 (97135) main____ INFO      CDS_MODUS          : '/eda/cadence/2023-24/RHELx86/MODUS_22.12.000'
2025-11-21 14:35:53.561422 (97135) main____ INFO      CDS_MVS            : '/eda/cadence/2023-24/RHELx86/MVS_21.12.000'
2025-11-21 14:35:53.561433 (97135) main____ INFO      CDS_Netlisting_Mode: 'Analog'
2025-11-21 14:35:53.561441 (97135) main____ INFO      CDS_PEGASUS        : '/eda/cadence/2023-24/RHELx86/PEGASUS_23.11.000'
2025-11-21 14:35:53.561449 (97135) main____ INFO      CDS_PEGASUSDFM     : '/eda/cadence/2023-24/RHELx86/PEGASUSDFM_23.11.000'
2025-11-21 14:35:53.561457 (97135) main____ INFO      CDS_PVS            : '/eda/cadence/2023-24/RHELx86/PVS_22.22.000'
2025-11-21 14:35:53.561465 (97135) main____ INFO      CDS_QUANTUS        : '/eda/cadence/2023-24/RHELx86/QUANTUS_23.10.000'
2025-11-21 14:35:53.561473 (97135) main____ INFO      CDS_SPECTRE        : '/eda/cadence/2023-24/RHELx86/SPECTRE_23.10.242'
2025-11-21 14:35:53.561481 (97135) main____ INFO      CDS_SSV            : '/eda/cadence/2023-24/RHELx86/SSV_22.13.000'
2025-11-21 14:35:53.561488 (97135) main____ INFO      CDS_USE_PALETTE    : ''
2025-11-21 14:35:53.561496 (97135) main____ INFO      CDS_VERISIUMDEBUG  : '/eda/cadence/2023-24/RHELx86/VERISIUMDEBUG_23.03.001'
2025-11-21 14:35:53.561504 (97135) main____ INFO      CDS_VIPCAT         : '/eda/cadence/2023-24/RHELx86/VIPCAT_11.30.093'
2025-11-21 14:35:53.561513 (97135) main____ INFO      CDS_VMANAGER       : '/eda/cadence/2023-24/RHELx86/VMANAGER_23.03.004'
2025-11-21 14:35:53.561521 (97135) main____ INFO      CDS_XCELIUM        : '/eda/cadence/2023-24/RHELx86/XCELIUM_23.03.007'
2025-11-21 14:35:53.561528 (97135) main____ INFO      DISPLAY            : 'localhost:11.0'
2025-11-21 14:35:53.561536 (97135) main____ INFO      JASPER_CPU_CHECK   : '1'
2025-11-21 14:35:53.561543 (97135) main____ INFO      JASPER_INSTALL_DIR : '/tools/cadence2425/JASPER/jasper_2024.06p002'
2025-11-21 14:35:53.561550 (97135) main____ INFO      JASPER_KERNEL_CHECK: '1'
2025-11-21 14:35:53.561557 (97135) main____ INFO      JASPER_OS_CHECK    : '1'
2025-11-21 14:35:53.561564 (97135) main____ INFO      LANG               : 'C'
2025-11-21 14:35:53.561571 (97135) main____ INFO      TMPDIR             : '/tmp'
2025-11-21 14:35:53.561576 (97135) main____ INFO    ----------------------------------------
2025-11-21 14:35:53.562497 (97135) lic_core INFO    Initializing license system ...
2025-11-21 14:35:53.571973 (97135) lic_core INFO    ... license system initialized.
2025-11-21 14:35:53.621704 (97135) lic__man INFO    Claim 'fpv' for <ui>.
2025-11-21 14:35:53.621847 (97135) lic_core INFO    (1) checking out 'jasper_fpv' ...
2025-11-21 14:35:53.649226 (97135) lic_core INFO    ... (1) checkout failed (error: -5) ("FLEXnet ERROR(-5, 0, 0): No such feature exists.")
2025-11-21 14:35:53.649296 (97135) lic_core INFO    (2) checking out 'jasper_fao' ...
2025-11-21 14:35:53.670864 (97135) lic_core INFO    ... (2) checkout succeeded
2025-11-21 14:35:53.703194 (97135) session_ INFO    Starting analysis session with session id 'session_0' (launcher: <local>) ...
2025-11-21 14:35:53.705517 (97135) session_ INFO    Analysis session with session id 'session_0' started (pid: 97154)
2025-11-21 14:35:54.666109 (97135) session_ INFO    Analysis session 'session_0' connected to the console (host: 127.0.0.1:38840)
2025-11-21 14:35:55.356210 (97135) lic__man INFO    Unclaim everything for 'session_0'.
2025-11-21 14:35:55.402217 (97135) lic__man INFO    Claim 'fpv' for 'session_0'.
2025-11-21 14:35:55.402273 (97135) lic__man INFO    Claim 'fpv' for 'session_0/prove-0'.
