# ----------------------------------------
# Jasper Version Info
# tool      : Jasper 2024.06
# platform  : Linux 3.10.0-1062.el7.x86_64
# version   : 2024.06p002 64 bits
# build date: 2024.09.02 16:28:38 UTC
# ----------------------------------------
# started   : 2025-11-17 18:47:23 IST
# hostname  : vlsi-moon.vlsidomain
# pid       : 264130
# arguments : '-label' 'session_0' '-console' '//127.0.0.1:46453' '-nowindow' '-style' 'windows' '-exitonerror' '-data' 'AAAAznicY2RgYLCp////PwMYMD6A0Aw2jAyoAMRnQhUJbEChGRhYYZphSliAmItBl6GAoYghnyELyNNh0ANCfSA7HS6aypDMUMJQDBRNYshhyGTIY8hmiGcwZDAFqucB6k5iSATKJzNkAPkSGGr0wHI5YPsAZCQXRQ==' '-proj' '/users/rompel/jasper_executions/liveness/jgprojects/blink_15/sessionLogs/session_0' '-init' '-hidden' '/users/rompel/jasper_executions/liveness/jgprojects/blink_15/.tmp/.initCmds.tcl' 'blink_15.tcl' '-hidden' '/users/rompel/jasper_executions/liveness/jgprojects/blink_15/.tmp/.postCmds.tcl'

Any disclosure about the Cadence Design Systems software or its use
model to any third party violates the written Non-Disclosure Agreement
between Cadence Design Systems, Inc. and the customer.

THIS SOFTWARE CONTAINS CONFIDENTIAL INFORMATION AND TRADE SECRETS OF
CADENCE DESIGN SYSTEMS, INC. USE, DISCLOSURE, OR REPRODUCTION IS
PROHIBITED WITHOUT THE PRIOR EXPRESS WRITTEN PERMISSION OF CADENCE
DESIGN SYSTEMS, INC.

Copyright (C) 2000-2024 Cadence Design Systems, Inc. All Rights
Reserved.  Unpublished -- rights reserved under the copyright laws of
the United States.

This product includes software developed by others and redistributed
according to license agreement. See doc/third_party_readme.txt for
further details.

RESTRICTED RIGHTS LEGEND

Use, duplication, or disclosure by the Government is subject to
restrictions as set forth in subparagraph (c) (1) (ii) of the Rights in
Technical Data and Computer Software clause at DFARS 252.227-7013 or
subparagraphs (c) (1) and (2) of Commercial Computer Software -- Restricted
Rights at 48 CFR 52.227-19, as applicable.


                          Cadence Design Systems, Inc.
                          2655 Seely Avenue
                          San Jose, CA 95134
                          Phone: 408.943.1234

For technical assistance visit http://support.cadence.com.

Jasper Apps Analysis Session - /users/rompel/jasper_executions/liveness/jgprojects/blink_15/sessionLogs/session_0

WARNING (WG017): [session]: The system's locale is "ANSI_X3.4-1968", which is not UTF-8. Non-ASCII characters might not be handled correctly.
WARNING (WG017): [jg_console]: The system's locale is "ANSI_X3.4-1968", which is not UTF-8. Non-ASCII characters might not be handled correctly.
INFO: successfully checked out license "jasper_fao".
INFO: reading configuration file "/users/rompel/.config/cadence/jasper.conf".
% analyze -sv09 ../blink_15.sv
[-- (VERI-1482)] Analyzing Verilog file '/tools/cadence2425/JASPER/jasper_2024.06p002/lib/verilog/packages/std/std.sv' into library 'std'
[-- (VERI-1482)] Analyzing Verilog file '../blink_15.sv'
% elaborate -bbox_mul 1000000 -bbox_div 1000000 -bbox_mod 1000000 -bbox_a 1000000
[INFO (HIER-8002)] ../blink_15.sv(18): Disabling old hierarchical reference handler
[INFO (VERI-1018)] ../blink_15.sv(1): compiling module 'BLINK'
[WARN (VERI-1209)] ../blink_15.sv(10): expression size 32 truncated to fit in target size 22
INFO (ISW003): Top module name is "BLINK".
INFO (INL208): Elaboration synthesis summary:
  Number of synthesized netlists          1 (0 packages)
  Single run mode                         On
  Pipeline                                On (1 pipelined netlists)
  Late hierarchical reference connection  On
  Number of analyzed Verilog modules      1 (1 synthesized)
  Number of analyzed VHDL entities        0 (0 synthesized)
INFO (IPL017): The host machine is running out of memory.
    This message was triggered because the system reached 1% memory.
    System memory use information:
    [Process]
        Memory In Use: 279152 kB (0%)
        Peak Memory Usage: 279152 kB (0%)
    [Host]
        Available Memory: 1841972 kB (0%)
        Total Memory: 527831204 kB
        Free Swap: 1313987272 kB (83%)
        Total Swap: 1565294584 kB
INFO (IPL017): The host machine is running out of memory.
    This message was triggered because the system reached 10% memory.
    System memory use information:
    [Process]
        Memory In Use: 279152 kB (0%)
        Peak Memory Usage: 279152 kB (0%)
    [Host]
        Available Memory: 1841972 kB (0%)
        Total Memory: 527831204 kB
        Free Swap: 1313987272 kB (83%)
        Total Swap: 1565294584 kB
INFO (INL003): Clearing all state information (assumes, stopats, and so forth).
BLINK
[<embedded>] % reset rst
INFO (IPM031): Clearing proof results of all properties.
INFO (IRS006): Current reset condition is "rst".
[<embedded>] % clock clk
[<embedded>] % prove -all
Ncustom1: Custom engine code is hT3Ng7hPPfiYQOTDZ3qhYOwGAM51eA+J/FjkM5shLioAsqhgLR4Ft+O1BuKG6ilQ83B9tLXSl+CwjiTMAQA
Bcustom2: Custom engine code is hT3Nm7hPr1Vp3Di1Ra2USNIGL4JypRnLKLAdF6JAyuavO2JfGCiY9OZJhcAcOUnLx5xwNdhILGrAWX9s+z2WDkKwNR7tAfClBEjRFVQeq6DU54boFgEA
AMcustom3: Custom engine code is hT3Ng7hP/feYQOTDZ3qhYOwGAM51eA+J/FjkM5shLioAsqhgLR4Ft+O1BuKG6ilQ83B9tLXSmmqwm7g9AQA
Mpcustom4: Custom engine code is hT3NZbhP9fmY2AbBQnsjfOxn6c+6e6yL+/e8fZFmaQrnlgEA
INFO (IPF036): Starting proof on task: "<embedded>", 1 properties to prove with 0 already proven/unreachable
INFO (IRS029): Starting reset analysis: phase 1 of 4.
INFO (IRS030): Running reset analysis: phase 2 of 4.
INFO (IRS031): Running reset analysis: phase 3 of 4.
INFO (IRS020): Starting the reset analysis simulation with a limit of 100 iterations (phase 4 of 4).
INFO (IRS024): Reset iterations 0 to 4 analyzed.
INFO (IRS018): Reset analysis simulation executed for 3 iterations. Assigned values for 23 of 25 design flops, 0 of 0 design latches, 3 of 3 internal elements.
INFO (IRS039): Reset analysis complete.
INFO (IPF031): Settings used for proof thread 0:
    orchestration                 = on
    time_limit                    = 86400s
    per_property_time_limit       = 1s * 10 ^ scan
    engine_mode                   = auto
    proofgrid_per_engine_max_jobs = 1
    max engine jobs               = auto
    proofgrid_mode                = local
    proofgrid_restarts            = 10
0: Using multistage preprocessing
0: Starting reduce
AMcustom5: Custom engine code is hT3N1rhP11/52HrFRS21ROp2LOjVTgPvT8L8BGXHgLhaIuqtT4nARFjUqrBL+7pLmaTOzBepZW/Jm8SSrHDybSQtoNiO3y43wk+dEoWlsZizu97Fih6O6lPVG/LpWP5SsUPwlGagLNa1FKEFvwVXyX7//8prySbvSxIHXr5er+z4RAEA
Ncustom6: Custom engine code is hT3OXrhPByJp3TrFSTLhUmMH4KVtJgmTCnNDF46yMXOKY48m4LS5nE7yBzFjA7kDuwO/GhGUpEPiky3p3wmPn3dJZHxFMsafSoObRzSC+tn7sEY0WbTdZ/FV4hL3MYH/b1CIUvXSWR4wqEoVLsmMOD4xIPT4lI1LO6ZCO7PnnWQuLwetnvKlrXx6wCW/A+x+enqslg1YPobi4wEF/EvbzOvcTYdJvl2s4H2yZg2b2ofAVN5WvhWk1HoBAA
ADcustom7: Custom engine code is hT3Nv7hPv1752HrFRa2kROx2f/ECJeZB2AZsLdlO8VwmIuqtT4nIDFXclhg+O+o+DMmQCekbheGk0kK28laA9gaOFDXsQp29J3X615HY1IPHJWd6FUFvCHjO+p1k652b5JJvZlShNpGlGSXAiQe/mEAj6tEBAA
Tricustom8: Custom engine code is hT3Nu7hPt1752DvFRa0kNDiyIV97VyejwM9C/jCLJjdPvusZONHY42VYUy0Q1ZotnhcVtNc56tJ5wbxv6V2+XpdsaSlHck5vfnbYjdwj1OECy9U+7oSQ0SZE3g5ayD+Phuh4odCJTjeKa2k4elM9ldQfkAEA
0: Finished reduce in 0s
Gcustom9: Custom engine code is hT3NibhPDfeYQADBZnYcglOvK9Pfd7EOeniIqP8jNsyIqInncipMGcUXqAadachREE9F2PwhBUZUNw5kHnd4JdXkamORRgEA
C2custom10: Custom engine code is hT3NirhPjfWYQADBZnYcglOvK9Pfd7EOeniIqP8jNsyIqInncgkrYMMXCYbdK0dUjZIF9d4cJ0rHoBDjwVLBKuG86XYVV00BAA
AGcustom11: Custom engine code is hT3NirhP/fmYQADBZnYcglOvK9Pfd7EOeniIqP8jNsyIqInnckcwYMMXCYbdK0dUjZIF9d4cJ0rHoBDjwVLBKuHEZnZByh0BAA
0.0.PRE: Performing Proof Simplification...
Bcustom12: Custom engine code is hT3NjrhPDfiYQADBZnYcglOvK9PfWxFtenjIyBqfrgr7if/jL/yPOuK1BAflEcW0DxNH2eDIoezN2gxlQFg81RZtiWXh7aiTAidvAQA
0.0.N: clocks: 1, declared: 1, looping: 0, posedge: 1, negedge: 0, noedge: 0, bothedge: 0
Ncustom13: Custom engine code is hT3NR7hPByFp3TrFSTLhUmMH4KWtJglTyV/c51BHEeZWamnJv767nE6PCak26bd3gf3XGN3rIRheufhDieCJQVISo+gNYUKhiUedBKGtsP/a18svAnlMJZudHxDFwK5ufsyoxsIyiAeSY2oi3tEuoDHr5gw42DFKAG3PqO3CEsl8Azzdt3pl5nGA1Ifv2H02eYsFzWb/nfp8PMb3F0krE/EgBcm8TD9Div8BAA
0.0.N: Proof Simplification Iteration 1	[0.00 s]
Tricustom14: Custom engine code is hT3Nu7hP3fiYQADBZnYcglNHp9bfd7EOeniIqP/ji8sGLQu8yhsFO+wxJ+O+R0bU8g/IewXFomyos+viQnWc2xYNYmMqpo3i40O7DaZR7qfp4YqNx26KRvQ/qx0BAA
0.0.PRE: A proof was found: No trace exists. [0.00 s]
INFO (IPF057): 0.0.PRE: The property ":noDeadEnd" was proven in 0.00 s.
    Use check_assumptions -show -dead_end to show this property in the property table.
0.0.PRE: A proof was found: No trace exists. [0.00 s]
INFO (IPF057): 0.0.PRE: The property ":noConflict" was proven in 0.00 s.
    Use check_assumptions -show to show this property in the property table.
INFO (IPF047): 0.0.PRE: The cover property ":live" was covered in 1 cycles in 0.00 s.
    Use check_assumptions -show -live to show this property in the property table.
0.0.PRE: Proof Simplification completed in 0.00 s
0: About to start ProofGrid in its own thread with a limit of 10000 pending notifications and a limit of 10 traces.
0: =============================== ProofGrid start ===============================
0: ProofGrid usable level: 1
0: Initial ProofGrid level: 1
0: ProofGrid is starting event handling
0.0.N: Proofgrid shell started at 264206@vlsi-moon(local) jg_264130_vlsi-moon_1
0.0.Hp: Proofgrid shell started at 264207@vlsi-moon(local) jg_264130_vlsi-moon_1
0.0.N: clocks: 1, declared: 1, looping: 0, posedge: 1, negedge: 0, noedge: 0, bothedge: 0
0.0.Hp: clocks: 1, declared: 1, looping: 0, posedge: 1, negedge: 0, noedge: 0, bothedge: 0
0.0.Hp: Last scan. Per property time limit: 0s
0.0.N: Last scan. Per property time limit: 0s
0.0.N: Starting proof for property "BLINK.p1"	[0.00 s].
0.0.N: Trace Attempt  1	[0.00 s]
0.0.Hp: Trace Attempt  1	[0.00 s]
0.0.N: Trace Attempt  2	[0.00 s]
0.0.Hp: Trace Attempt  2	[0.00 s]
0.0.Hp: Trace Attempt  3	[0.00 s]
0.0.Hp: Trace Attempt  4	[0.01 s]
0.0.N: Trace Attempt  2	[0.00 s]
0.0.Hp: Trace Attempt  5	[0.01 s]
0.0.N: Trace Attempt  3	[0.01 s]
0.0.N: Trace Attempt  3	[0.01 s]
0.0.N: Trace Attempt  4	[0.01 s]
0.0.N: Trace Attempt  5	[0.01 s]
0.0.N: Trace Attempt  1	[0.01 s]
0.0.N: Trace Attempt  2	[0.01 s]
0.0.N: Trace Attempt  3	[0.01 s]
0.0.N: Trace Attempt  4	[0.02 s]
0.0.N: Trace Attempt  5	[0.03 s]
0.0.AM: Proofgrid shell started at 264241@vlsi-moon(local) jg_264130_vlsi-moon_1
0.0.Ht: Proofgrid shell started at 264238@vlsi-moon(local) jg_264130_vlsi-moon_1
0.0.AM: clocks: 1, declared: 1, looping: 0, posedge: 1, negedge: 0, noedge: 0, bothedge: 0
0.0.AM: Last scan. Per property time limit: 0s
0.0.AM: Starting proof for property "BLINK.p1"	[0.00 s].
0.0.Ht: clocks: 1, declared: 1, looping: 0, posedge: 1, negedge: 0, noedge: 0, bothedge: 0
0.0.Ht: Last scan. Per property time limit: 0s
0.0.AM: Trace Attempt  1	[0.00 s]
0.0.Ht: Trace Attempt  1	[0.00 s]
0.0.Ht: Trace Attempt  2	[0.00 s]
0.0.Ht: Trace Attempt  3	[0.00 s]
0.0.AM: Trace Attempt  2	[0.00 s]
0.0.Ht: Trace Attempt  4	[0.00 s]
0.0.Ht: Trace Attempt  5	[0.00 s]
0.0.AM: Trace Attempt  3	[0.00 s]
0.0.AM: Trace Attempt  4	[0.00 s]
0.0.AM: Trace Attempt  5	[0.00 s]
0.0.AM: Trace Attempt  1	[0.00 s]
0.0.B: Proofgrid shell started at 264240@vlsi-moon(local) jg_264130_vlsi-moon_1
0.0.AM: Trace Attempt  2	[0.01 s]
0.0.AM: Trace Attempt  3	[0.01 s]
0.0.Oh: Proofgrid shell started at 264239@vlsi-moon(local) jg_264130_vlsi-moon_1
0.0.B: clocks: 1, declared: 1, looping: 0, posedge: 1, negedge: 0, noedge: 0, bothedge: 0
0.0.B: Last scan. Per property time limit: 0s
0.0.B: Starting proof for property "BLINK.p1"	[0.00 s].
0.0.Oh: clocks: 1, declared: 1, looping: 0, posedge: 1, negedge: 0, noedge: 0, bothedge: 0
0.0.B: Trace Attempt  1	[0.00 s]
0.0.Oh: Reached length limit (2147483647) [0.00 s]
0.0.B: Trace Attempt  2	[0.00 s]
0.0.B: Trace Attempt  3	[0.00 s]
0.0.B: Trace Attempt  4	[0.00 s]
0.0.B: Trace Attempt  5	[0.00 s]
0.0.Oh: Exited with Success (@ 0.09 s)
0.0.AM: Trace Attempt  4	[0.01 s]
0.0.AM: Trace Attempt  5	[0.01 s]
0.0.AM: Trace Attempt  1	[0.03 s]
0.0.AM: Trace Attempt  2	[0.03 s]
0.0.AM: Trace Attempt  3	[0.03 s]
0.0.AM: Trace Attempt  4	[0.04 s]
0.0.AM: Trace Attempt  1	[0.09 s]
0.0.AM: Trace Attempt  2	[0.09 s]
0.0.AM: Trace Attempt  3	[0.09 s]
0.0.AM: Trace Attempt  4	[0.10 s]
0.0.AM: Trace Attempt  5	[0.10 s]
0.0.AM: Trace Attempt  1	[0.25 s]
0.0.AM: Trace Attempt  2	[0.25 s]
0.0.AM: Trace Attempt  3	[0.25 s]
0.0.AM: Trace Attempt  4	[0.26 s]
0.0.AM: Trace Attempt  5	[0.26 s]
0.0.AM: Trace Attempt  1	[0.55 s]
0.0.AM: Trace Attempt  2	[0.55 s]
0.0.AM: Trace Attempt  3	[0.55 s]
0.0.AM: Trace Attempt  4	[0.55 s]
0.0.AM: Trace Attempt  5	[0.56 s]
0.0.AM: Trace Attempt  1	[1.46 s]
0.0.AM: Trace Attempt  2	[1.46 s]
0.0.AM: Trace Attempt  3	[1.46 s]
0.0.AM: Trace Attempt  4	[1.46 s]
0.0.AM: Trace Attempt  5	[1.47 s]
0.0.AM: Trace Attempt  1	[3.68 s]
0.0.AM: Trace Attempt  2	[3.69 s]
0.0.AM: Trace Attempt  3	[3.69 s]
0.0.AM: Trace Attempt  4	[3.69 s]
0.0.AM: Trace Attempt  5	[3.69 s]
0.0.Hp: Trace Attempt 411	[4.01 s]
0.0.N: Trace Attempt 167	[4.08 s]
0.0.Ht: Trace Attempt 1878	[4.00 s]
0.0.B: Trace Attempt 1660	[4.00 s]
0.0.AM: Trace Attempt 445	[7.91 s]
0.0.Hp: Trace Attempt 583	[8.01 s]
0.0.Ht: Trace Attempt 2389	[8.01 s]
0.0.B: Trace Attempt 2308	[8.01 s]
0.0.AM: Trace Attempt 489	[11.92 s]
0.0.Hp: Trace Attempt 708	[12.03 s]
0.0.Ht: Trace Attempt 2780	[12.02 s]
0.0.B: Trace Attempt 2779	[12.01 s]
0.0.AM: Trace Attempt  1	[12.43 s]
0.0.AM: Trace Attempt  2	[12.44 s]
0.0.AM: Trace Attempt  3	[12.44 s]
0.0.AM: Trace Attempt  4	[12.44 s]
0.0.AM: Trace Attempt  5	[12.44 s]
0.0.Hp: Trace Attempt 826	[16.03 s]
0.0.Ht: Trace Attempt 3126	[16.02 s]
0.0.B: Trace Attempt 3162	[16.02 s]
0.0.AM: Trace Attempt 413	[16.45 s]
0.0.N: Trace Attempt 234	[18.38 s]
0.0.Ht: Trace Attempt 3445	[20.03 s]
0.0.Hp: Trace Attempt 917	[20.11 s]
0.0.B: Trace Attempt 3491	[20.03 s]
0.0.AM: Trace Attempt 643	[20.52 s]
0.0.N: Trace Attempt 342	[22.55 s]
0.0.Ht: Trace Attempt 3724	[24.04 s]
0.0.B: Trace Attempt 3789	[24.04 s]
0.0.Hp: Trace Attempt 1006	[24.14 s]
0.0.AM: Trace Attempt 851	[25.16 s]
0.0.N: Trace Attempt 354	[26.89 s]
0.0.Ht: Trace Attempt 3988	[28.05 s]
0.0.B: Trace Attempt 4076	[28.04 s]
0.0.Hp: Trace Attempt 1100	[28.15 s]
0.0.AM: Trace Attempt 883	[29.34 s]
0.0.N: Trace Attempt 356	[31.04 s]
0.0.B: Trace Attempt 4324	[32.05 s]
0.0.Ht: Trace Attempt 4231	[32.06 s]
0.0.Hp: Trace Attempt 1198	[32.18 s]
0.0.AM: Trace Attempt 892	[33.61 s]
0.0.N: Trace Attempt 368	[35.29 s]
0.0.Ht: Trace Attempt 4476	[36.06 s]
0.0.B: Trace Attempt 4554	[36.05 s]
0.0.Hp: Trace Attempt 1288	[36.19 s]
0.0.AM: Trace Attempt 656	[37.62 s]
0.0.N: Trace Attempt 394	[39.46 s]
0.0.B: Trace Attempt 4770	[40.05 s]
0.0.Ht: Trace Attempt 4704	[40.07 s]
0.0.Hp: Trace Attempt 1371	[40.20 s]
0.0.AM: Trace Attempt 840	[41.62 s]
0.0.N: Trace Attempt 414	[43.49 s]
0.0.B: Trace Attempt 4980	[44.05 s]
0.0.Ht: Trace Attempt 4915	[44.08 s]
0.0.Hp: Trace Attempt 1447	[44.23 s]
0.0.AM: Trace Attempt 972	[45.65 s]
0.0.N: Trace Attempt 427	[47.60 s]
0.0.AM: Trace Attempt  1	[47.80 s]
0.0.AM: Trace Attempt  2	[47.80 s]
0.0.AM: Trace Attempt  3	[47.80 s]
0.0.AM: Trace Attempt  4	[47.81 s]
0.0.AM: Trace Attempt  5	[47.82 s]
0.0.B: Trace Attempt 5175	[48.06 s]
0.0.Ht: Trace Attempt 5123	[48.09 s]
0.0.Hp: Trace Attempt 1510	[48.23 s]
0.0.AM: Trace Attempt 442	[51.82 s]
0.0.B: Trace Attempt 5362	[52.06 s]
0.0.Ht: Trace Attempt 5314	[52.09 s]
0.0.Hp: Trace Attempt 1583	[52.23 s]
0.0.N: Trace Attempt 435	[53.49 s]
0.0.B: Trace Attempt 5551	[56.07 s]
0.0.Ht: Trace Attempt 5508	[56.11 s]
0.0.Hp: Trace Attempt 1652	[56.26 s]
0.0.AM: Trace Attempt 672	[57.40 s]
0.0.N: Trace Attempt 449	[58.01 s]
0.0.B: Trace Attempt 5727	[60.09 s]
0.0.Ht: Trace Attempt 5690	[60.12 s]
0.0.Hp: Trace Attempt 1718	[60.26 s]
0.0.AM: Trace Attempt 803	[61.42 s]
0.0.N: Trace Attempt 520	[62.06 s]
0.0.B: Trace Attempt 5900	[64.10 s]
0.0.Ht: Trace Attempt 5858	[64.13 s]
0.0.Hp: Trace Attempt 1772	[64.31 s]
0.0.AM: Trace Attempt 828	[65.43 s]
0.0.N: Trace Attempt 586	[66.10 s]
0.0.B: Trace Attempt 6069	[68.12 s]
0.0.Ht: Trace Attempt 6033	[68.15 s]
0.0.Hp: Trace Attempt 1826	[68.36 s]
0.0.AM: Trace Attempt 845	[69.69 s]
0.0.N: Trace Attempt 623	[70.30 s]
0.0.B: Trace Attempt 6235	[72.13 s]
0.0.Ht: Trace Attempt 6197	[72.17 s]
0.0.Hp: Trace Attempt 1878	[72.40 s]
0.0.AM: Trace Attempt 866	[74.37 s]
0.0.N: Trace Attempt 653	[74.89 s]
0.0.B: Trace Attempt 6394	[76.14 s]
0.0.Ht: Trace Attempt 6353	[76.19 s]
0.0.Hp: Trace Attempt 1929	[76.47 s]
0.0.AM: Trace Attempt 878	[78.62 s]
0.0.N: Trace Attempt 683	[80.08 s]
0.0.B: Trace Attempt 6551	[80.15 s]
0.0.Ht: Trace Attempt 6514	[80.21 s]
0.0.Hp: Trace Attempt 1978	[80.48 s]
0.0.AM: Trace Attempt 1039	[82.81 s]
0.0.B: Trace Attempt 6705	[84.19 s]
0.0.Ht: Trace Attempt 6673	[84.24 s]
0.0.Hp: Trace Attempt 2027	[84.55 s]
0.0.AM: Trace Attempt 1161	[86.88 s]
0.0.B: Trace Attempt 6850	[88.19 s]
0.0.Ht: Trace Attempt 6815	[88.25 s]
0.0.Hp: Trace Attempt 2073	[88.58 s]
0.0.AM: Trace Attempt 1307	[90.90 s]
0.0.B: Trace Attempt 6993	[92.20 s]
0.0.Ht: Trace Attempt 6960	[92.26 s]
0.0.Hp: Trace Attempt 2117	[92.62 s]
0.0.N: Trace Attempt 685	[93.42 s]
0.0.AM: Trace Attempt 1425	[94.91 s]
0.0.B: Trace Attempt 7137	[96.22 s]
0.0.Ht: Trace Attempt 7105	[96.27 s]
0.0.Hp: Trace Attempt 2161	[96.64 s]
0.0.N: Trace Attempt 714	[97.69 s]
0.0.AM: Trace Attempt 1536	[99.08 s]
0.0.B: Trace Attempt 7277	[100.24 s]
0.0.Ht: Trace Attempt 7244	[100.29 s]
0.0.Hp: Trace Attempt 2204	[100.69 s]
0.0.N: Trace Attempt 733	[101.98 s]
0.0.AM: Trace Attempt 1654	[103.10 s]
0.0.B: Trace Attempt 7411	[104.25 s]
0.0.Ht: Trace Attempt 7378	[104.32 s]
0.0.Hp: Trace Attempt 2247	[104.75 s]
0.0.N: Trace Attempt 740	[106.04 s]
0.0.AM: Trace Attempt 1684	[107.20 s]
0.0.B: Trace Attempt 7544	[108.25 s]
0.0.Ht: Trace Attempt 7477	[108.34 s]
0.0.Hp: Trace Attempt 2286	[108.76 s]
WARNING (WPF031): 0.0.AM: Major page faults detected. Host "vlsi-moon" might be low on memory.
    Total memory = 527831204 kiB
    Free memory  = 1110748 kiB (0.21 %), Free swap = 1312969252 kiB
WARNING (WPF031): 0.0.N: Major page faults detected. Host "vlsi-moon" might be low on memory.
    Total memory = 527831204 kiB
    Free memory  = 1110748 kiB (0.21 %), Free swap = 1312969252 kiB
0.0.N: Trace Attempt 743	[110.40 s]
0.0.AM: Trace Attempt 1699	[111.46 s]
0.0.B: Trace Attempt 7675	[112.28 s]
0.0.Ht: Trace Attempt 7613	[112.35 s]
0.0.Hp: Trace Attempt 2328	[112.83 s]
0.0.AM: Trace Attempt 1710	[115.70 s]
0.0.N: Trace Attempt 751	[115.78 s]
0.0.B: Trace Attempt 7805	[116.31 s]
0.0.Ht: Trace Attempt 7742	[116.35 s]
0.0.Hp: Trace Attempt 2368	[116.87 s]
0.0.AM: Trace Attempt 1720	[119.85 s]
0.0.N: Trace Attempt 753	[120.25 s]
0.0.B: Trace Attempt 7929	[120.31 s]
0.0.Ht: Trace Attempt 7864	[120.36 s]
0.0.Hp: Trace Attempt 2407	[120.91 s]
0.0.AM: Trace Attempt 1728	[123.90 s]
0.0.N: Trace Attempt 841	[124.26 s]
0.0.B: Trace Attempt 8054	[124.34 s]
0.0.Ht: Trace Attempt 7990	[124.38 s]
0.0.Hp: Trace Attempt 2447	[124.99 s]
0.0.AM: Trace Attempt 1735	[128.23 s]
0.0.B: Trace Attempt 8176	[128.36 s]
0.0.Ht: Trace Attempt 8116	[128.38 s]
0.0.Hp: Trace Attempt 2486	[129.05 s]
0.0.N: Trace Attempt 881	[130.83 s]
0.0.AM: Trace Attempt 1741	[132.27 s]
0.0.B: Trace Attempt 8289	[132.38 s]
0.0.Ht: Trace Attempt 8227	[132.41 s]
0.0.Hp: Trace Attempt 2523	[133.13 s]
0.0.B: Trace Attempt 8406	[136.40 s]
0.0.N: Trace Attempt 884	[136.49 s]
0.0.Ht: Trace Attempt 8330	[136.42 s]
0.0.AM: Trace Attempt 1751	[136.49 s]
0.0.Hp: Trace Attempt 2560	[137.17 s]
0.0.B: Trace Attempt 8521	[140.43 s]
0.0.Ht: Trace Attempt 8440	[140.44 s]
0.0.AM: Trace Attempt 1759	[141.06 s]
0.0.Hp: Trace Attempt 2596	[141.19 s]
0.0.B: Trace Attempt 8635	[144.45 s]
0.0.Ht: Trace Attempt 8553	[144.48 s]
0.0.AM: Trace Attempt 1764	[145.15 s]
0.0.Hp: Trace Attempt 2632	[145.27 s]
0.0.N: Trace Attempt 887	[146.56 s]
0.0.B: Trace Attempt 8750	[148.48 s]
0.0.Ht: Trace Attempt 8667	[148.50 s]
0.0.AM: Trace Attempt 1084	[149.15 s]
0.0.Hp: Trace Attempt 2666	[149.28 s]
0.0.N: Trace Attempt 928	[151.81 s]
0.0.B: Trace Attempt 8864	[152.49 s]
0.0.Ht: Trace Attempt 8770	[152.50 s]
0.0.AM: Trace Attempt 1182	[153.19 s]
0.0.Hp: Trace Attempt 2699	[153.29 s]
0.0.N: Trace Attempt 989	[155.81 s]
0.0.B: Trace Attempt 8972	[156.50 s]
0.0.Ht: Trace Attempt 8867	[156.52 s]
0.0.AM: Trace Attempt 1272	[157.20 s]
0.0.Hp: Trace Attempt 2733	[157.39 s]
0.0.N: Trace Attempt 1007	[160.19 s]
0.0.B: Trace Attempt 9078	[160.51 s]
0.0.Ht: Trace Attempt 8965	[160.53 s]
0.0.AM: Trace Attempt 1357	[161.21 s]
0.0.Hp: Trace Attempt 2766	[161.42 s]
0.0.N: Trace Attempt 1024	[164.41 s]
0.0.Ht: Trace Attempt 9074	[164.54 s]
0.0.B: Trace Attempt 9187	[164.54 s]
0.0.AM: Trace Attempt 1445	[165.25 s]
0.0.Hp: Trace Attempt 2799	[165.45 s]
0.0.N: Trace Attempt 1042	[168.41 s]
0.0.B: Trace Attempt 9293	[168.55 s]
0.0.Ht: Trace Attempt 9179	[168.57 s]
WARNING (WPF031): 0.0.AM: Major page faults detected. Host "vlsi-moon" might be low on memory.
    Total memory = 527831204 kiB
    Free memory  = 1102512 kiB (0.21 %), Free swap = 1311790736 kiB
0.0.AM: Trace Attempt 1520	[169.29 s]
0.0.Hp: Trace Attempt 2828	[169.49 s]
0.0.N: Trace Attempt 1120	[172.42 s]
0.0.B: Trace Attempt 9397	[172.58 s]
0.0.Ht: Trace Attempt 9273	[172.60 s]
0.0.AM: Trace Attempt 1595	[173.32 s]
0.0.Hp: Trace Attempt 2855	[173.58 s]
0.0.B: Trace Attempt 9501	[176.59 s]
0.0.Ht: Trace Attempt 9365	[176.60 s]
0.0.Hp: Trace Attempt 2888	[177.66 s]
0.0.N: Trace Attempt 1329	[179.27 s]
0.0.B: Trace Attempt 9602	[180.59 s]
0.0.Ht: Trace Attempt 9459	[180.62 s]
0.0.Hp: Trace Attempt 2919	[181.74 s]
0.0.AM: Trace Attempt 1604	[183.52 s]
0.0.N: Trace Attempt 1367	[183.80 s]
0.0.Ht: Trace Attempt 9560	[184.65 s]
0.0.B: Trace Attempt 9696	[184.32 s]
0.0.B: Stopped processing property "BLINK.p1"	[185.14 s].
0.0.B: Morphing to Bcustom2
0.0.B: All properties determined. [0.00 s]
0.0.B: Exited with Success (@ 0.00 s)
0.0.Bcustom2: clocks: 1, declared: 1, looping: 0, posedge: 1, negedge: 0, noedge: 0, bothedge: 0
0.0.AM: Trace Attempt 1631	[184.78 s]
0.0.AM: Stopped processing property "BLINK.p1"	[185.25 s].
0.0.AM: Morphing to AMcustom3
0.0.AM: All properties determined. [0.00 s]
0.0.AM: Exited with Success (@ 0.00 s)
0.0.AMcustom3: clocks: 1, declared: 1, looping: 0, posedge: 1, negedge: 0, noedge: 0, bothedge: 0
0.0.Bcustom2: Starting proof for property "BLINK.p1"	[0.00 s].
0.0.AMcustom3: Starting proof for property "BLINK.p1"	[0.00 s].
0.0.Bcustom2: Trace Attempt  1	[0.00 s]
0.0.Bcustom2: Trace Attempt  2	[0.00 s]
0.0.AMcustom3: Trace Attempt  1	[0.00 s]
0.0.AMcustom3: Trace Attempt  2	[0.00 s]
0.0.Bcustom2: Trace Attempt  1	[0.00 s]
0.0.Bcustom2: Trace Attempt  2	[0.00 s]
0.0.AMcustom3: Trace Attempt  3	[0.00 s]
0.0.Bcustom2: Trace Attempt  3	[0.00 s]
0.0.Bcustom2: Trace Attempt  4	[0.01 s]
0.0.Bcustom2: Trace Attempt  5	[0.01 s]
0.0.AMcustom3: Trace Attempt  4	[0.01 s]
0.0.AMcustom3: Trace Attempt  5	[0.01 s]
0.0.AMcustom3: Trace Attempt  1	[0.01 s]
0.0.AMcustom3: Trace Attempt  2	[0.01 s]
0.0.AMcustom3: Trace Attempt  3	[0.01 s]
0.0.AMcustom3: Trace Attempt  4	[0.02 s]
0.0.AMcustom3: Trace Attempt  5	[0.02 s]
0.0.AMcustom3: Trace Attempt  1	[0.04 s]
0.0.AMcustom3: Trace Attempt  2	[0.04 s]
0.0.AMcustom3: Trace Attempt  3	[0.04 s]
0.0.AMcustom3: Trace Attempt  4	[0.05 s]
0.0.AMcustom3: Trace Attempt  5	[0.05 s]
0.0.N: Trace Attempt 1372	[184.32 s]
0.0.N: Stopped processing property "BLINK.p1"	[185.33 s].
0.0.N: Morphing to Ncustom1
0.0.N: All properties determined. [0.00 s]
0.0.N: Exited with Success (@ 0.00 s)
0.0.Ncustom1: clocks: 1, declared: 1, looping: 0, posedge: 1, negedge: 0, noedge: 0, bothedge: 0
0.0.Ncustom1: Starting proof for property "BLINK.p1"	[0.00 s].
0.0.Ncustom1: Trace Attempt  3	[0.00 s]
0.0.Ncustom1: Trace Attempt  4	[0.00 s]
0.0.Ncustom1: Trace Attempt  5	[0.00 s]
0.0.Ncustom1: Trace Attempt  1	[0.00 s]
0.0.Ncustom1: Trace Attempt  2	[0.00 s]
0.0.Ncustom1: Trace Attempt  3	[0.00 s]
0.0.AMcustom3: Trace Attempt  1	[0.11 s]
0.0.AMcustom3: Trace Attempt  2	[0.11 s]
0.0.AMcustom3: Trace Attempt  3	[0.11 s]
0.0.AMcustom3: Trace Attempt  4	[0.11 s]
0.0.AMcustom3: Trace Attempt  5	[0.12 s]
0.0.Ncustom1: Trace Attempt  4	[0.05 s]
0.0.Ncustom1: Trace Attempt  5	[0.05 s]
0.0.AMcustom3: Trace Attempt  1	[0.24 s]
0.0.AMcustom3: Trace Attempt  2	[0.24 s]
0.0.AMcustom3: Trace Attempt  3	[0.24 s]
0.0.AMcustom3: Trace Attempt  4	[0.25 s]
0.0.AMcustom3: Trace Attempt  5	[0.25 s]
0.0.AMcustom3: Trace Attempt 25	[0.38 s]
0.0.AMcustom3: Stopped processing property "BLINK.p1"	[0.05 s].
0.0.AMcustom3: Morphing to AMcustom5
0.0.AMcustom3: All properties determined. [0.00 s]
0.0.AMcustom3: Exited with Success (@ 0.00 s)
0.0.AMcustom5: clocks: 1, declared: 1, looping: 0, posedge: 1, negedge: 0, noedge: 0, bothedge: 0
0.0.AMcustom5: Starting proof for property "BLINK.p1"	[0.00 s].
0.0.AMcustom5: Trace Attempt  1	[0.00 s]
0.0.AMcustom5: Trace Attempt  2	[0.00 s]
0.0.AMcustom5: Trace Attempt  1	[0.00 s]
0.0.AMcustom5: Trace Attempt  2	[0.00 s]
0.0.AMcustom5: Trace Attempt  3	[0.00 s]
0.0.AMcustom5: Trace Attempt  4	[0.00 s]
0.0.AMcustom5: Trace Attempt  5	[0.00 s]
0.0.AMcustom5: Trace Attempt  1	[0.00 s]
0.0.AMcustom5: Trace Attempt  2	[0.01 s]
0.0.AMcustom5: Trace Attempt  3	[0.01 s]
0.0.AMcustom5: Trace Attempt  4	[0.01 s]
0.0.AMcustom5: Trace Attempt  5	[0.01 s]
0.0.Tri: Proofgrid shell started at 265756@vlsi-moon(local) jg_264130_vlsi-moon_1
0.0.Tri: clocks: 1, declared: 1, looping: 0, posedge: 1, negedge: 0, noedge: 0, bothedge: 0
0.0.Hp: Trace Attempt 2948	[185.78 s]
0.0.Tri: Last scan. Per property time limit: 0s
0.0.Tri: Starting proof for property "BLINK.p1"	[0.00 s].
0.0.Tri: Trace Attempt  1	[0.00 s]
0.0.Tri:    0.00" ---- Launching main thread ----
0.0.Tri:    0.10" ---- Launching abstraction thread ----
0.0.Tri:    0.11" ---- Launching multi-phase simplification thread ----
0.0.Tri:    0.16" ---- Launching liveness simplification thread ----
0.0.Tri:    1.01" Simplification phase 1 complete
0.0.Ncustom1: Requesting engine job to terminate
0.0.Bcustom2: Requesting engine job to terminate
0.0.Tri: Requesting engine job to terminate
0.0.AMcustom5: Requesting engine job to terminate
0.0.Hp: Requesting engine job to terminate
0.0.Ht: Requesting engine job to terminate
INFO (IPF144): 0: Initiating shutdown of proof [188.59 s]
0.0.Tri: A proof was found: No trace exists. [2.56 s]
INFO (IPF057): 0.0.Tri: The property "BLINK.p1" was proven in 2.90 s.
0: ProofGrid usable level: 0
0.0.Ncustom1: Trace Attempt 164	[2.94 s]
0.0.Ncustom1: Stopped processing property "BLINK.p1"	[4.06 s].
0.0.Ncustom1: All properties determined. [3.29 s]
0.0.Hp: Trace Attempt 2969	[188.30 s]
0.0.Hp: All properties determined. [188.41 s]
0.0.Ht: Trace Attempt 9653	[188.24 s]
0.0.Ht: All properties determined. [188.28 s]
0.0.Bcustom2: Trace Attempt 3230	[3.35 s]
0.0.Bcustom2: Stopped processing property "BLINK.p1"	[4.06 s].
0.0.Bcustom2: All properties determined. [3.36 s]
0.0.AMcustom5: Trace Attempt 99	[1.52 s]
0.0.AMcustom5: Stopped processing property "BLINK.p1"	[4.01 s].
0.0.AMcustom5: All properties determined. [2.97 s]
0.0.Tri: Stopped processing property "BLINK.p1"	[3.61 s].
0.0.Tri: All properties determined. [2.71 s]
0.0.Ncustom1: Exited with Success (@ 188.62 s)
0.0.AMcustom5: Exited with Success (@ 188.64 s)
0.0.Tri: Exited with Success (@ 188.64 s)
0.0.Ht: Exited with Success (@ 188.65 s)
0.0.Bcustom2: Exited with Success (@ 188.65 s)
0.0.Hp: Exited with Success (@ 188.75 s)
0: --------------------------------------------------------------
ProofGrid Summary (utilization 99.80 %)
--------------------------------------------------------------
     engines started                               :    11
     engine jobs started                           :     7

    Average time in state (seconds)
    ------------------------------------------------------
    Engine  Pending     Running        Dead    Utilization
    ------------------------------------------------------
     Hp        0.09      188.35        0.00       99.95 %
     Ht        0.08      188.27        0.00       99.96 %
     Oh        0.09        0.00        0.00        0.46 %
    Ncustom1        0.10      187.70        0.00       99.95 %
    Bcustom2        0.09      187.80        0.00       99.95 %
    Tri        1.33        2.58        0.00       65.93 %
    AMcustom5        0.08      187.78        0.00       99.96 %
    all        0.27      134.64        0.00       99.80 %

    Total time in state (seconds)
    -----------------------------------------
            Pending     Running        Dead  
    -----------------------------------------
               1.86      942.48        0.00

    Data read    : 4.11 MiB
    Data written : 5.20 kiB

0: All pending notifications were processed.
INFO (IPF059): 0: Completed proof on task: "<embedded>"

==============================================================
SUMMARY
==============================================================
           Properties Considered              : 1
                 assertions                   : 1
                  - proven                    : 1 (100%)
                  - bounded_proven (user)     : 0 (0%)
                  - bounded_proven (auto)     : 0 (0%)
                  - marked_proven             : 0 (0%)
                  - cex                       : 0 (0%)
                  - ar_cex                    : 0 (0%)
                  - undetermined              : 0 (0%)
                  - unknown                   : 0 (0%)
                  - error                     : 0 (0%)
                 covers                       : 0
                  - unreachable               : 0
                  - bounded_unreachable (user): 0
                  - covered                   : 0
                  - ar_covered                : 0
                  - undetermined              : 0
                  - unknown                   : 0
                  - error                     : 0
proven
[<embedded>] % exit -force
INFO (IPL005): Received request to exit from the console.
INFO: Waiting for proof threads to stop...
INFO: Proof threads stopped.
INFO (IPL018): The peak resident set memory use for this session was 1.914 GB.
INFO (IPL014): Waiting for the Tcl-thread to exit.
INFO (IPL015): The Tcl-thread exited with status 0.
INFO (IPL016): Exiting the analysis session with status 0.
