2025-11-26 23:14:28.966328 (9563) main____ INFO    ----------------------------------------
2025-11-26 23:14:28.966370 (9563) main____ INFO    Jasper version info
2025-11-26 23:14:28.966375 (9563) main____ INFO      tool      : Jasper 2024.06
2025-11-26 23:14:28.966379 (9563) main____ INFO      version   : 2024.06p002 64 bits
2025-11-26 23:14:28.966382 (9563) main____ INFO      build date: 2024.09.02 16:28:38 UTC
2025-11-26 23:14:28.966384 (9563) main____ INFO    ----------------------------------------
2025-11-26 23:14:28.966386 (9563) main____ INFO    Runtime info:
2025-11-26 23:14:28.966388 (9563) main____ INFO      platform  : Linux 3.10.0-1160.62.1.el7.x86_64 x86_64
2025-11-26 23:14:28.966394 (9563) main____ INFO      hostname  : vlsi-ria85
2025-11-26 23:14:28.966397 (9563) main____ INFO      pid       : 9563
2025-11-26 23:14:28.966400 (9563) main____ INFO      arguments : '-style' 'windows' '-proj' '../jgprojects/1_blink_16' '-batch' '1_blink_16.tcl'
2025-11-26 23:14:28.966402 (9563) main____ INFO      locale    : ANSI_X3.4-1968
2025-11-26 23:14:28.966404 (9563) main____ INFO    ----------------------------------------
2025-11-26 23:14:28.966406 (9563) main____ INFO    System resource limits info:
2025-11-26 23:14:28.966408 (9563) main____ INFO      virtual memory: unlimited
2025-11-26 23:14:28.966412 (9563) main____ INFO      cpu time      : unlimited
2025-11-26 23:14:28.966417 (9563) main____ INFO      processes     : 4096
2025-11-26 23:14:28.966423 (9563) main____ INFO      stack size    : 8388608 B
2025-11-26 23:14:28.966426 (9563) main____ INFO      core file size: 1024 B
2025-11-26 23:14:28.966429 (9563) main____ INFO      open files    : 4096
2025-11-26 23:14:28.966431 (9563) main____ INFO      file size     : unlimited
2025-11-26 23:14:28.966433 (9563) main____ INFO    ----------------------------------------
2025-11-26 23:14:28.966435 (9563) main____ INFO    Memory statistics:
2025-11-26 23:14:28.966437 (9563) main____ INFO      total physical memory  : 65714912 kB
2025-11-26 23:14:28.966439 (9563) main____ INFO      free physical memory   : 27866548 kB
2025-11-26 23:14:28.966441 (9563) main____ INFO      committed address space: 65567752 kB
2025-11-26 23:14:28.966443 (9563) main____ INFO    ----------------------------------------
2025-11-26 23:14:28.966985 (9563) main____ INFO    Important environment variables:
2025-11-26 23:14:28.966997 (9563) main____ INFO      CDS_ASSURA         : '/eda/cadence/2023-24/RHELx86/ASSURA_04.16.115_231'
2025-11-26 23:14:28.967001 (9563) main____ INFO      CDS_AUTO_64BIT     : 'ALL'
2025-11-26 23:14:28.967005 (9563) main____ INFO      CDS_CONFRML        : '/eda/cadence/2023-24/RHELx86/CONFRML_23.10.300'
2025-11-26 23:14:28.967008 (9563) main____ INFO      CDS_DDIEXPORT      : '/eda/cadence/2023-24/RHELx86/DDIEXPORT_22.33.000'
2025-11-26 23:14:28.967011 (9563) main____ INFO      CDS_EMX            : '/eda/cadence/2023-24/RHELx86/EMX_23.10.000'
2025-11-26 23:14:28.967015 (9563) main____ INFO      CDS_GENUS          : '/eda/cadence/2023-24/RHELx86/DDIEXPORT_22.33.000/GENUS221'
2025-11-26 23:14:28.967018 (9563) main____ INFO      CDS_IC             : '/eda/cadence/2023-24/RHELx86/IC_23.10.020'
2025-11-26 23:14:28.967021 (9563) main____ INFO      CDS_INNOVUS        : '/eda/cadence/2023-24/RHELx86/DDIEXPORT_22.33.000/INNOVUS221'
2025-11-26 23:14:28.967024 (9563) main____ INFO      CDS_JLS            : '/eda/cadence/2023-24/RHELx86/DDIEXPORT_22.33.000/JLS221'
2025-11-26 23:14:28.967030 (9563) main____ INFO      CDS_LIC_FILE       : '/etc/local/cadence/license_8x.3868dd0560aa:5280@132.68.59.69:/etc/local/cadence/license_8x.1831bfb82c67:5280@132.68.59.64:/etc/local/cadence/license_8x.0894ef683fc3:5280@132.68.59.79:/etc/local/cadence/license_8x.1831bfb82c67:5280@132.68.59.61'
2025-11-26 23:14:28.967033 (9563) main____ INFO      CDS_LITMUS         : '/eda/cadence/2023-24/RHELx86/LITMUS_23.10.300'
2025-11-26 23:14:28.967036 (9563) main____ INFO      CDS_MODUS          : '/eda/cadence/2023-24/RHELx86/MODUS_22.12.000'
2025-11-26 23:14:28.967039 (9563) main____ INFO      CDS_MVS            : '/eda/cadence/2023-24/RHELx86/MVS_21.12.000'
2025-11-26 23:14:28.967044 (9563) main____ INFO      CDS_Netlisting_Mode: 'Analog'
2025-11-26 23:14:28.967048 (9563) main____ INFO      CDS_PEGASUS        : '/eda/cadence/2023-24/RHELx86/PEGASUS_23.11.000'
2025-11-26 23:14:28.967051 (9563) main____ INFO      CDS_PEGASUSDFM     : '/eda/cadence/2023-24/RHELx86/PEGASUSDFM_23.11.000'
2025-11-26 23:14:28.967054 (9563) main____ INFO      CDS_PVS            : '/eda/cadence/2023-24/RHELx86/PVS_22.22.000'
2025-11-26 23:14:28.967057 (9563) main____ INFO      CDS_QUANTUS        : '/eda/cadence/2023-24/RHELx86/QUANTUS_23.10.000'
2025-11-26 23:14:28.967060 (9563) main____ INFO      CDS_SPECTRE        : '/eda/cadence/2023-24/RHELx86/SPECTRE_23.10.242'
2025-11-26 23:14:28.967063 (9563) main____ INFO      CDS_SSV            : '/eda/cadence/2023-24/RHELx86/SSV_22.13.000'
2025-11-26 23:14:28.967065 (9563) main____ INFO      CDS_USE_PALETTE    : ''
2025-11-26 23:14:28.967068 (9563) main____ INFO      CDS_VERISIUMDEBUG  : '/eda/cadence/2023-24/RHELx86/VERISIUMDEBUG_23.03.001'
2025-11-26 23:14:28.967071 (9563) main____ INFO      CDS_VIPCAT         : '/eda/cadence/2023-24/RHELx86/VIPCAT_11.30.093'
2025-11-26 23:14:28.967075 (9563) main____ INFO      CDS_VMANAGER       : '/eda/cadence/2023-24/RHELx86/VMANAGER_23.03.004'
2025-11-26 23:14:28.967078 (9563) main____ INFO      CDS_XCELIUM        : '/eda/cadence/2023-24/RHELx86/XCELIUM_23.03.007'
2025-11-26 23:14:28.967081 (9563) main____ INFO      DISPLAY            : 'localhost:18.0'
2025-11-26 23:14:28.967084 (9563) main____ INFO      JASPER_CPU_CHECK   : '1'
2025-11-26 23:14:28.967086 (9563) main____ INFO      JASPER_INSTALL_DIR : '/tools/cadence2425/JASPER/jasper_2024.06p002'
2025-11-26 23:14:28.967089 (9563) main____ INFO      JASPER_KERNEL_CHECK: '1'
2025-11-26 23:14:28.967092 (9563) main____ INFO      JASPER_OS_CHECK    : '1'
2025-11-26 23:14:28.967094 (9563) main____ INFO      LANG               : 'C'
2025-11-26 23:14:28.967097 (9563) main____ INFO      TMPDIR             : '/tmp'
2025-11-26 23:14:28.967099 (9563) main____ INFO    ----------------------------------------
2025-11-26 23:14:28.967487 (9563) lic_core INFO    Initializing license system ...
2025-11-26 23:14:28.971338 (9563) lic_core INFO    ... license system initialized.
2025-11-26 23:14:28.978758 (9563) lic__man INFO    Claim 'fpv' for <ui>.
2025-11-26 23:14:28.978808 (9563) lic_core INFO    (1) checking out 'jasper_fpv' ...
2025-11-26 23:14:29.148531 (9563) lic_core INFO    ... (1) checkout failed (error: -5) ("FLEXnet ERROR(-5, 0, 0): No such feature exists.")
2025-11-26 23:14:29.148553 (9563) lic_core INFO    (2) checking out 'jasper_fao' ...
2025-11-26 23:14:29.156835 (9563) lic_core INFO    ... (2) checkout succeeded
2025-11-26 23:14:29.181411 (9563) session_ INFO    Starting analysis session with session id 'session_0' (launcher: <local>) ...
2025-11-26 23:14:29.182120 (9563) session_ INFO    Analysis session with session id 'session_0' started (pid: 9583)
2025-11-26 23:14:29.741392 (9563) session_ INFO    Analysis session 'session_0' connected to the console (host: 127.0.0.1:38888)
2025-11-26 23:14:30.146146 (9563) lic__man INFO    Unclaim everything for 'session_0'.
2025-11-26 23:14:30.188488 (9563) lic__man INFO    Claim 'fpv' for 'session_0'.
2025-11-26 23:14:30.188503 (9563) lic__man INFO    Claim 'fpv' for 'session_0/prove-0'.
2025-11-26 23:17:38.607467 (9563) lic__man INFO    Unclaim everything for 'session_0/prove-0'.
2025-11-26 23:17:38.609241 (9563) main____ INFO    About to exit: request to exit with status 0 received from analysis session 'session_0'
2025-11-26 23:17:38.663204 (9563) session_ INFO    Analysis session 'session_0' disconnected.
2025-11-26 23:17:38.663264 (9563) lic__man INFO    Unclaim everything for 'session_0'.
2025-11-26 23:17:38.663343 (9563) session_ INFO    Process for analysis session 'session_0' has exited with exit status '0'.
2025-11-26 23:17:40.711262 (9563) lic_core INFO    (2) checkin jasper_fao
2025-11-26 23:17:40.713005 (9563) main____ INFO    Exiting with status 0.
