2025-11-18 07:55:33.575452 (23485) main____ INFO    ----------------------------------------
2025-11-18 07:55:33.575494 (23485) main____ INFO    Jasper version info
2025-11-18 07:55:33.575499 (23485) main____ INFO      tool      : Jasper 2024.06
2025-11-18 07:55:33.575502 (23485) main____ INFO      version   : 2024.06p002 64 bits
2025-11-18 07:55:33.575506 (23485) main____ INFO      build date: 2024.09.02 16:28:38 UTC
2025-11-18 07:55:33.575508 (23485) main____ INFO    ----------------------------------------
2025-11-18 07:55:33.575510 (23485) main____ INFO    Runtime info:
2025-11-18 07:55:33.575512 (23485) main____ INFO      platform  : Linux 3.10.0-1160.62.1.el7.x86_64 x86_64
2025-11-18 07:55:33.575518 (23485) main____ INFO      hostname  : vlsi-ria84
2025-11-18 07:55:33.575521 (23485) main____ INFO      pid       : 23485
2025-11-18 07:55:33.575524 (23485) main____ INFO      arguments : '-style' 'windows' '-proj' '../jgprojects/seven_seg_1' '-batch' 'seven_seg_1.tcl'
2025-11-18 07:55:33.575527 (23485) main____ INFO      locale    : ANSI_X3.4-1968
2025-11-18 07:55:33.575529 (23485) main____ INFO    ----------------------------------------
2025-11-18 07:55:33.575530 (23485) main____ INFO    System resource limits info:
2025-11-18 07:55:33.575533 (23485) main____ INFO      virtual memory: unlimited
2025-11-18 07:55:33.575537 (23485) main____ INFO      cpu time      : unlimited
2025-11-18 07:55:33.575542 (23485) main____ INFO      processes     : 4096
2025-11-18 07:55:33.575547 (23485) main____ INFO      stack size    : 8388608 B
2025-11-18 07:55:33.575551 (23485) main____ INFO      core file size: 1024 B
2025-11-18 07:55:33.575553 (23485) main____ INFO      open files    : 4096
2025-11-18 07:55:33.575556 (23485) main____ INFO      file size     : unlimited
2025-11-18 07:55:33.575558 (23485) main____ INFO    ----------------------------------------
2025-11-18 07:55:33.575560 (23485) main____ INFO    Memory statistics:
2025-11-18 07:55:33.575562 (23485) main____ INFO      total physical memory  : 65711068 kB
2025-11-18 07:55:33.575564 (23485) main____ INFO      free physical memory   : 42192544 kB
2025-11-18 07:55:33.575566 (23485) main____ INFO      committed address space: 28170392 kB
2025-11-18 07:55:33.575569 (23485) main____ INFO    ----------------------------------------
2025-11-18 07:55:33.576100 (23485) main____ INFO    Important environment variables:
2025-11-18 07:55:33.576112 (23485) main____ INFO      CDS_ASSURA         : '/eda/cadence/2023-24/RHELx86/ASSURA_04.16.115_231'
2025-11-18 07:55:33.576116 (23485) main____ INFO      CDS_AUTO_64BIT     : 'ALL'
2025-11-18 07:55:33.576119 (23485) main____ INFO      CDS_CONFRML        : '/eda/cadence/2023-24/RHELx86/CONFRML_23.10.300'
2025-11-18 07:55:33.576122 (23485) main____ INFO      CDS_DDIEXPORT      : '/eda/cadence/2023-24/RHELx86/DDIEXPORT_22.33.000'
2025-11-18 07:55:33.576125 (23485) main____ INFO      CDS_EMX            : '/eda/cadence/2023-24/RHELx86/EMX_23.10.000'
2025-11-18 07:55:33.576129 (23485) main____ INFO      CDS_GENUS          : '/eda/cadence/2023-24/RHELx86/DDIEXPORT_22.33.000/GENUS221'
2025-11-18 07:55:33.576132 (23485) main____ INFO      CDS_IC             : '/eda/cadence/2023-24/RHELx86/IC_23.10.020'
2025-11-18 07:55:33.576135 (23485) main____ INFO      CDS_INNOVUS        : '/eda/cadence/2023-24/RHELx86/DDIEXPORT_22.33.000/INNOVUS221'
2025-11-18 07:55:33.576138 (23485) main____ INFO      CDS_JLS            : '/eda/cadence/2023-24/RHELx86/DDIEXPORT_22.33.000/JLS221'
2025-11-18 07:55:33.576143 (23485) main____ INFO      CDS_LIC_FILE       : '/etc/local/cadence/license_8x.3868dd0560aa:5280@132.68.59.69:/etc/local/cadence/license_8x.1831bfb82c67:5280@132.68.59.64:/etc/local/cadence/license_8x.0894ef683fc3:5280@132.68.59.79:/etc/local/cadence/license_8x.1831bfb82c67:5280@132.68.59.61'
2025-11-18 07:55:33.576150 (23485) main____ INFO      CDS_LITMUS         : '/eda/cadence/2023-24/RHELx86/LITMUS_23.10.300'
2025-11-18 07:55:33.576153 (23485) main____ INFO      CDS_MODUS          : '/eda/cadence/2023-24/RHELx86/MODUS_22.12.000'
2025-11-18 07:55:33.576156 (23485) main____ INFO      CDS_MVS            : '/eda/cadence/2023-24/RHELx86/MVS_21.12.000'
2025-11-18 07:55:33.576160 (23485) main____ INFO      CDS_Netlisting_Mode: 'Analog'
2025-11-18 07:55:33.576164 (23485) main____ INFO      CDS_PEGASUS        : '/eda/cadence/2023-24/RHELx86/PEGASUS_23.11.000'
2025-11-18 07:55:33.576170 (23485) main____ INFO      CDS_PEGASUSDFM     : '/eda/cadence/2023-24/RHELx86/PEGASUSDFM_23.11.000'
2025-11-18 07:55:33.576174 (23485) main____ INFO      CDS_PVS            : '/eda/cadence/2023-24/RHELx86/PVS_22.22.000'
2025-11-18 07:55:33.576177 (23485) main____ INFO      CDS_QUANTUS        : '/eda/cadence/2023-24/RHELx86/QUANTUS_23.10.000'
2025-11-18 07:55:33.576180 (23485) main____ INFO      CDS_SPECTRE        : '/eda/cadence/2023-24/RHELx86/SPECTRE_23.10.242'
2025-11-18 07:55:33.576183 (23485) main____ INFO      CDS_SSV            : '/eda/cadence/2023-24/RHELx86/SSV_22.13.000'
2025-11-18 07:55:33.576185 (23485) main____ INFO      CDS_USE_PALETTE    : ''
2025-11-18 07:55:33.576188 (23485) main____ INFO      CDS_VERISIUMDEBUG  : '/eda/cadence/2023-24/RHELx86/VERISIUMDEBUG_23.03.001'
2025-11-18 07:55:33.576191 (23485) main____ INFO      CDS_VIPCAT         : '/eda/cadence/2023-24/RHELx86/VIPCAT_11.30.093'
2025-11-18 07:55:33.576195 (23485) main____ INFO      CDS_VMANAGER       : '/eda/cadence/2023-24/RHELx86/VMANAGER_23.03.004'
2025-11-18 07:55:33.576198 (23485) main____ INFO      CDS_XCELIUM        : '/eda/cadence/2023-24/RHELx86/XCELIUM_23.03.007'
2025-11-18 07:55:33.576201 (23485) main____ INFO      DISPLAY            : 'localhost:11.0'
2025-11-18 07:55:33.576204 (23485) main____ INFO      JASPER_CPU_CHECK   : '1'
2025-11-18 07:55:33.576206 (23485) main____ INFO      JASPER_INSTALL_DIR : '/tools/cadence2425/JASPER/jasper_2024.06p002'
2025-11-18 07:55:33.576209 (23485) main____ INFO      JASPER_KERNEL_CHECK: '1'
2025-11-18 07:55:33.576212 (23485) main____ INFO      JASPER_OS_CHECK    : '1'
2025-11-18 07:55:33.576214 (23485) main____ INFO      LANG               : 'C'
2025-11-18 07:55:33.576217 (23485) main____ INFO      TMPDIR             : '/tmp'
2025-11-18 07:55:33.576219 (23485) main____ INFO    ----------------------------------------
2025-11-18 07:55:33.576609 (23485) lic_core INFO    Initializing license system ...
2025-11-18 07:55:33.580319 (23485) lic_core INFO    ... license system initialized.
2025-11-18 07:55:33.588589 (23485) lic__man INFO    Claim 'fpv' for <ui>.
2025-11-18 07:55:33.588619 (23485) lic_core INFO    (1) checking out 'jasper_fpv' ...
2025-11-18 07:55:33.604257 (23485) lic_core INFO    ... (1) checkout failed (error: -5) ("FLEXnet ERROR(-5, 0, 0): No such feature exists.")
2025-11-18 07:55:33.604272 (23485) lic_core INFO    (2) checking out 'jasper_fao' ...
2025-11-18 07:55:33.612818 (23485) lic_core INFO    ... (2) checkout succeeded
2025-11-18 07:55:33.640297 (23485) session_ INFO    Starting analysis session with session id 'session_0' (launcher: <local>) ...
2025-11-18 07:55:33.640940 (23485) session_ INFO    Analysis session with session id 'session_0' started (pid: 23503)
2025-11-18 07:55:34.220080 (23485) session_ INFO    Analysis session 'session_0' connected to the console (host: 127.0.0.1:51316)
2025-11-18 07:55:34.639098 (23485) lic__man INFO    Unclaim everything for 'session_0'.
2025-11-18 07:55:34.681005 (23485) lic__man INFO    Claim 'fpv' for 'session_0'.
2025-11-18 07:55:34.681019 (23485) lic__man INFO    Claim 'fpv' for 'session_0/prove-0'.
2025-11-18 07:56:58.437805 (23485) lic__man INFO    Unclaim everything for 'session_0/prove-0'.
2025-11-18 07:56:58.440264 (23485) main____ INFO    About to exit: request to exit with status 0 received from analysis session 'session_0'
2025-11-18 07:56:58.511404 (23485) session_ INFO    Analysis session 'session_0' disconnected.
2025-11-18 07:56:58.511464 (23485) lic__man INFO    Unclaim everything for 'session_0'.
2025-11-18 07:56:58.511542 (23485) session_ INFO    Process for analysis session 'session_0' has exited with exit status '0'.
2025-11-18 07:57:00.342640 (23485) lic_core INFO    (2) checkin jasper_fao
2025-11-18 07:57:00.346043 (23485) main____ INFO    Exiting with status 0.
