2025-11-22 17:54:51.380982 (98157) main____ INFO    ----------------------------------------
2025-11-22 17:54:51.381093 (98157) main____ INFO    Jasper version info
2025-11-22 17:54:51.381105 (98157) main____ INFO      tool      : Jasper 2024.06
2025-11-22 17:54:51.381117 (98157) main____ INFO      version   : 2024.06p002 64 bits
2025-11-22 17:54:51.381125 (98157) main____ INFO      build date: 2024.09.02 16:28:38 UTC
2025-11-22 17:54:51.381131 (98157) main____ INFO    ----------------------------------------
2025-11-22 17:54:51.381136 (98157) main____ INFO    Runtime info:
2025-11-22 17:54:51.381143 (98157) main____ INFO      platform  : Linux 3.10.0-1062.el7.x86_64 x86_64
2025-11-22 17:54:51.381157 (98157) main____ INFO      hostname  : vlsi-moon
2025-11-22 17:54:51.381166 (98157) main____ INFO      pid       : 98157
2025-11-22 17:54:51.381173 (98157) main____ INFO      arguments : '-style' 'windows' '-proj' '../jgprojects/2_load_store_4' '-batch' '2_load_store_4.tcl'
2025-11-22 17:54:51.381180 (98157) main____ INFO      locale    : ANSI_X3.4-1968
2025-11-22 17:54:51.381186 (98157) main____ INFO    ----------------------------------------
2025-11-22 17:54:51.381191 (98157) main____ INFO    System resource limits info:
2025-11-22 17:54:51.381199 (98157) main____ INFO      virtual memory: unlimited
2025-11-22 17:54:51.381209 (98157) main____ INFO      cpu time      : unlimited
2025-11-22 17:54:51.381222 (98157) main____ INFO      processes     : 4096
2025-11-22 17:54:51.381236 (98157) main____ INFO      stack size    : 8388608 B
2025-11-22 17:54:51.381245 (98157) main____ INFO      core file size: 1024 B
2025-11-22 17:54:51.381253 (98157) main____ INFO      open files    : 4096
2025-11-22 17:54:51.381260 (98157) main____ INFO      file size     : unlimited
2025-11-22 17:54:51.381266 (98157) main____ INFO    ----------------------------------------
2025-11-22 17:54:51.381271 (98157) main____ INFO    Memory statistics:
2025-11-22 17:54:51.381279 (98157) main____ INFO      total physical memory  : 527831204 kB
2025-11-22 17:54:51.381285 (98157) main____ INFO      free physical memory   : 511244068 kB
2025-11-22 17:54:51.381292 (98157) main____ INFO      committed address space: 10088040 kB
2025-11-22 17:54:51.381297 (98157) main____ INFO    ----------------------------------------
2025-11-22 17:54:51.382647 (98157) main____ INFO    Important environment variables:
2025-11-22 17:54:51.382674 (98157) main____ INFO      CDS_ASSURA         : '/eda/cadence/2023-24/RHELx86/ASSURA_04.16.115_231'
2025-11-22 17:54:51.382685 (98157) main____ INFO      CDS_AUTO_64BIT     : 'ALL'
2025-11-22 17:54:51.382694 (98157) main____ INFO      CDS_CONFRML        : '/eda/cadence/2023-24/RHELx86/CONFRML_23.10.300'
2025-11-22 17:54:51.382703 (98157) main____ INFO      CDS_DDIEXPORT      : '/eda/cadence/2023-24/RHELx86/DDIEXPORT_22.33.000'
2025-11-22 17:54:51.382712 (98157) main____ INFO      CDS_EMX            : '/eda/cadence/2023-24/RHELx86/EMX_23.10.000'
2025-11-22 17:54:51.382721 (98157) main____ INFO      CDS_GENUS          : '/eda/cadence/2023-24/RHELx86/DDIEXPORT_22.33.000/GENUS221'
2025-11-22 17:54:51.382730 (98157) main____ INFO      CDS_IC             : '/eda/cadence/2023-24/RHELx86/IC_23.10.020'
2025-11-22 17:54:51.382749 (98157) main____ INFO      CDS_INNOVUS        : '/eda/cadence/2023-24/RHELx86/DDIEXPORT_22.33.000/INNOVUS221'
2025-11-22 17:54:51.382758 (98157) main____ INFO      CDS_JLS            : '/eda/cadence/2023-24/RHELx86/DDIEXPORT_22.33.000/JLS221'
2025-11-22 17:54:51.382772 (98157) main____ INFO      CDS_LIC_FILE       : '/etc/local/cadence/license_8x.3868dd0560aa:5280@132.68.59.69:/etc/local/cadence/license_8x.1831bfb82c67:5280@132.68.59.64:/etc/local/cadence/license_8x.0894ef683fc3:5280@132.68.59.79:/etc/local/cadence/license_8x.1831bfb82c67:5280@132.68.59.61'
2025-11-22 17:54:51.382790 (98157) main____ INFO      CDS_LITMUS         : '/eda/cadence/2023-24/RHELx86/LITMUS_23.10.300'
2025-11-22 17:54:51.382799 (98157) main____ INFO      CDS_MODUS          : '/eda/cadence/2023-24/RHELx86/MODUS_22.12.000'
2025-11-22 17:54:51.382807 (98157) main____ INFO      CDS_MVS            : '/eda/cadence/2023-24/RHELx86/MVS_21.12.000'
2025-11-22 17:54:51.382819 (98157) main____ INFO      CDS_Netlisting_Mode: 'Analog'
2025-11-22 17:54:51.382829 (98157) main____ INFO      CDS_PEGASUS        : '/eda/cadence/2023-24/RHELx86/PEGASUS_23.11.000'
2025-11-22 17:54:51.382838 (98157) main____ INFO      CDS_PEGASUSDFM     : '/eda/cadence/2023-24/RHELx86/PEGASUSDFM_23.11.000'
2025-11-22 17:54:51.382846 (98157) main____ INFO      CDS_PVS            : '/eda/cadence/2023-24/RHELx86/PVS_22.22.000'
2025-11-22 17:54:51.382855 (98157) main____ INFO      CDS_QUANTUS        : '/eda/cadence/2023-24/RHELx86/QUANTUS_23.10.000'
2025-11-22 17:54:51.382863 (98157) main____ INFO      CDS_SPECTRE        : '/eda/cadence/2023-24/RHELx86/SPECTRE_23.10.242'
2025-11-22 17:54:51.382872 (98157) main____ INFO      CDS_SSV            : '/eda/cadence/2023-24/RHELx86/SSV_22.13.000'
2025-11-22 17:54:51.382879 (98157) main____ INFO      CDS_USE_PALETTE    : ''
2025-11-22 17:54:51.382887 (98157) main____ INFO      CDS_VERISIUMDEBUG  : '/eda/cadence/2023-24/RHELx86/VERISIUMDEBUG_23.03.001'
2025-11-22 17:54:51.382896 (98157) main____ INFO      CDS_VIPCAT         : '/eda/cadence/2023-24/RHELx86/VIPCAT_11.30.093'
2025-11-22 17:54:51.382906 (98157) main____ INFO      CDS_VMANAGER       : '/eda/cadence/2023-24/RHELx86/VMANAGER_23.03.004'
2025-11-22 17:54:51.382915 (98157) main____ INFO      CDS_XCELIUM        : '/eda/cadence/2023-24/RHELx86/XCELIUM_23.03.007'
2025-11-22 17:54:51.382923 (98157) main____ INFO      DISPLAY            : 'localhost:11.0'
2025-11-22 17:54:51.382930 (98157) main____ INFO      JASPER_CPU_CHECK   : '1'
2025-11-22 17:54:51.382938 (98157) main____ INFO      JASPER_INSTALL_DIR : '/tools/cadence2425/JASPER/jasper_2024.06p002'
2025-11-22 17:54:51.382946 (98157) main____ INFO      JASPER_KERNEL_CHECK: '1'
2025-11-22 17:54:51.382953 (98157) main____ INFO      JASPER_OS_CHECK    : '1'
2025-11-22 17:54:51.382961 (98157) main____ INFO      LANG               : 'C'
2025-11-22 17:54:51.382969 (98157) main____ INFO      TMPDIR             : '/tmp'
2025-11-22 17:54:51.382974 (98157) main____ INFO    ----------------------------------------
2025-11-22 17:54:51.383951 (98157) lic_core INFO    Initializing license system ...
2025-11-22 17:54:51.392926 (98157) lic_core INFO    ... license system initialized.
2025-11-22 17:54:51.407121 (98157) lic__man INFO    Claim 'fpv' for <ui>.
2025-11-22 17:54:51.407256 (98157) lic_core INFO    (1) checking out 'jasper_fpv' ...
2025-11-22 17:54:51.427771 (98157) lic_core INFO    ... (1) checkout failed (error: -5) ("FLEXnet ERROR(-5, 0, 0): No such feature exists.")
2025-11-22 17:54:51.427842 (98157) lic_core INFO    (2) checking out 'jasper_fao' ...
2025-11-22 17:54:51.448430 (98157) lic_core INFO    ... (2) checkout succeeded
2025-11-22 17:54:51.478860 (98157) session_ INFO    Starting analysis session with session id 'session_0' (launcher: <local>) ...
2025-11-22 17:54:51.481138 (98157) session_ INFO    Analysis session with session id 'session_0' started (pid: 98175)
2025-11-22 17:54:52.389466 (98157) session_ INFO    Analysis session 'session_0' connected to the console (host: 127.0.0.1:56736)
2025-11-22 17:54:53.049111 (98157) lic__man INFO    Unclaim everything for 'session_0'.
2025-11-22 17:54:53.097558 (98157) lic__man INFO    Claim 'fpv' for 'session_0'.
2025-11-22 17:54:53.097614 (98157) lic__man INFO    Claim 'fpv' for 'session_0/prove-0'.
2025-11-22 17:59:15.769474 (98157) lic__man INFO    Unclaim everything for 'session_0/prove-0'.
2025-11-22 17:59:15.775361 (98157) main____ INFO    About to exit: request to exit with status 0 received from analysis session 'session_0'
2025-11-22 17:59:15.917332 (98157) session_ INFO    Analysis session 'session_0' disconnected.
2025-11-22 17:59:15.917696 (98157) lic__man INFO    Unclaim everything for 'session_0'.
2025-11-22 17:59:15.918184 (98157) session_ INFO    Process for analysis session 'session_0' has exited with exit status '0'.
2025-11-22 17:59:17.685879 (98157) lic_core INFO    (2) checkin jasper_fao
2025-11-22 17:59:17.689572 (98157) main____ INFO    Exiting with status 0.
