2025-11-20 00:10:46.494158 (13095) main____ INFO    ----------------------------------------
2025-11-20 00:10:46.494218 (13095) main____ INFO    Jasper version info
2025-11-20 00:10:46.494224 (13095) main____ INFO      tool      : Jasper 2024.06
2025-11-20 00:10:46.494230 (13095) main____ INFO      version   : 2024.06p002 64 bits
2025-11-20 00:10:46.494234 (13095) main____ INFO      build date: 2024.09.02 16:28:38 UTC
2025-11-20 00:10:46.494236 (13095) main____ INFO    ----------------------------------------
2025-11-20 00:10:46.494238 (13095) main____ INFO    Runtime info:
2025-11-20 00:10:46.494241 (13095) main____ INFO      platform  : Linux 3.10.0-1160.62.1.el7.x86_64 x86_64
2025-11-20 00:10:46.494248 (13095) main____ INFO      hostname  : vlsi-ria85
2025-11-20 00:10:46.494253 (13095) main____ INFO      pid       : 13095
2025-11-20 00:10:46.494256 (13095) main____ INFO      arguments : '-style' 'windows' '-proj' '../jgprojects/1_delay_5' '-batch' '1_delay_5.tcl'
2025-11-20 00:10:46.494259 (13095) main____ INFO      locale    : ANSI_X3.4-1968
2025-11-20 00:10:46.494261 (13095) main____ INFO    ----------------------------------------
2025-11-20 00:10:46.494262 (13095) main____ INFO    System resource limits info:
2025-11-20 00:10:46.494265 (13095) main____ INFO      virtual memory: unlimited
2025-11-20 00:10:46.494269 (13095) main____ INFO      cpu time      : unlimited
2025-11-20 00:10:46.494276 (13095) main____ INFO      processes     : 4096
2025-11-20 00:10:46.494282 (13095) main____ INFO      stack size    : 8388608 B
2025-11-20 00:10:46.494286 (13095) main____ INFO      core file size: 1024 B
2025-11-20 00:10:46.494289 (13095) main____ INFO      open files    : 4096
2025-11-20 00:10:46.494291 (13095) main____ INFO      file size     : unlimited
2025-11-20 00:10:46.494293 (13095) main____ INFO    ----------------------------------------
2025-11-20 00:10:46.494295 (13095) main____ INFO    Memory statistics:
2025-11-20 00:10:46.494297 (13095) main____ INFO      total physical memory  : 65714912 kB
2025-11-20 00:10:46.494300 (13095) main____ INFO      free physical memory   : 2657256 kB
2025-11-20 00:10:46.494302 (13095) main____ INFO      committed address space: 188524992 kB
2025-11-20 00:10:46.494304 (13095) main____ INFO    ----------------------------------------
2025-11-20 00:10:46.494896 (13095) main____ INFO    Important environment variables:
2025-11-20 00:10:46.494917 (13095) main____ INFO      CDS_ASSURA         : '/eda/cadence/2023-24/RHELx86/ASSURA_04.16.115_231'
2025-11-20 00:10:46.494922 (13095) main____ INFO      CDS_AUTO_64BIT     : 'ALL'
2025-11-20 00:10:46.494925 (13095) main____ INFO      CDS_CONFRML        : '/eda/cadence/2023-24/RHELx86/CONFRML_23.10.300'
2025-11-20 00:10:46.494929 (13095) main____ INFO      CDS_DDIEXPORT      : '/eda/cadence/2023-24/RHELx86/DDIEXPORT_22.33.000'
2025-11-20 00:10:46.494933 (13095) main____ INFO      CDS_EMX            : '/eda/cadence/2023-24/RHELx86/EMX_23.10.000'
2025-11-20 00:10:46.494936 (13095) main____ INFO      CDS_GENUS          : '/eda/cadence/2023-24/RHELx86/DDIEXPORT_22.33.000/GENUS221'
2025-11-20 00:10:46.494940 (13095) main____ INFO      CDS_IC             : '/eda/cadence/2023-24/RHELx86/IC_23.10.020'
2025-11-20 00:10:46.494943 (13095) main____ INFO      CDS_INNOVUS        : '/eda/cadence/2023-24/RHELx86/DDIEXPORT_22.33.000/INNOVUS221'
2025-11-20 00:10:46.494947 (13095) main____ INFO      CDS_JLS            : '/eda/cadence/2023-24/RHELx86/DDIEXPORT_22.33.000/JLS221'
2025-11-20 00:10:46.494954 (13095) main____ INFO      CDS_LIC_FILE       : '/etc/local/cadence/license_8x.3868dd0560aa:5280@132.68.59.69:/etc/local/cadence/license_8x.1831bfb82c67:5280@132.68.59.64:/etc/local/cadence/license_8x.0894ef683fc3:5280@132.68.59.79:/etc/local/cadence/license_8x.1831bfb82c67:5280@132.68.59.61'
2025-11-20 00:10:46.494963 (13095) main____ INFO      CDS_LITMUS         : '/eda/cadence/2023-24/RHELx86/LITMUS_23.10.300'
2025-11-20 00:10:46.494967 (13095) main____ INFO      CDS_MODUS          : '/eda/cadence/2023-24/RHELx86/MODUS_22.12.000'
2025-11-20 00:10:46.494970 (13095) main____ INFO      CDS_MVS            : '/eda/cadence/2023-24/RHELx86/MVS_21.12.000'
2025-11-20 00:10:46.494975 (13095) main____ INFO      CDS_Netlisting_Mode: 'Analog'
2025-11-20 00:10:46.494979 (13095) main____ INFO      CDS_PEGASUS        : '/eda/cadence/2023-24/RHELx86/PEGASUS_23.11.000'
2025-11-20 00:10:46.494982 (13095) main____ INFO      CDS_PEGASUSDFM     : '/eda/cadence/2023-24/RHELx86/PEGASUSDFM_23.11.000'
2025-11-20 00:10:46.494986 (13095) main____ INFO      CDS_PVS            : '/eda/cadence/2023-24/RHELx86/PVS_22.22.000'
2025-11-20 00:10:46.494989 (13095) main____ INFO      CDS_QUANTUS        : '/eda/cadence/2023-24/RHELx86/QUANTUS_23.10.000'
2025-11-20 00:10:46.494992 (13095) main____ INFO      CDS_SPECTRE        : '/eda/cadence/2023-24/RHELx86/SPECTRE_23.10.242'
2025-11-20 00:10:46.494995 (13095) main____ INFO      CDS_SSV            : '/eda/cadence/2023-24/RHELx86/SSV_22.13.000'
2025-11-20 00:10:46.494997 (13095) main____ INFO      CDS_USE_PALETTE    : ''
2025-11-20 00:10:46.495001 (13095) main____ INFO      CDS_VERISIUMDEBUG  : '/eda/cadence/2023-24/RHELx86/VERISIUMDEBUG_23.03.001'
2025-11-20 00:10:46.495004 (13095) main____ INFO      CDS_VIPCAT         : '/eda/cadence/2023-24/RHELx86/VIPCAT_11.30.093'
2025-11-20 00:10:46.495009 (13095) main____ INFO      CDS_VMANAGER       : '/eda/cadence/2023-24/RHELx86/VMANAGER_23.03.004'
2025-11-20 00:10:46.495012 (13095) main____ INFO      CDS_XCELIUM        : '/eda/cadence/2023-24/RHELx86/XCELIUM_23.03.007'
2025-11-20 00:10:46.495015 (13095) main____ INFO      DISPLAY            : 'localhost:13.0'
2025-11-20 00:10:46.495019 (13095) main____ INFO      JASPER_CPU_CHECK   : '1'
2025-11-20 00:10:46.495022 (13095) main____ INFO      JASPER_INSTALL_DIR : '/tools/cadence2425/JASPER/jasper_2024.06p002'
2025-11-20 00:10:46.495025 (13095) main____ INFO      JASPER_KERNEL_CHECK: '1'
2025-11-20 00:10:46.495027 (13095) main____ INFO      JASPER_OS_CHECK    : '1'
2025-11-20 00:10:46.495030 (13095) main____ INFO      LANG               : 'C'
2025-11-20 00:10:46.495033 (13095) main____ INFO      TMPDIR             : '/tmp'
2025-11-20 00:10:46.495035 (13095) main____ INFO    ----------------------------------------
2025-11-20 00:10:46.495486 (13095) lic_core INFO    Initializing license system ...
2025-11-20 00:10:46.500173 (13095) lic_core INFO    ... license system initialized.
2025-11-20 00:10:46.508457 (13095) lic__man INFO    Claim 'fpv' for <ui>.
2025-11-20 00:10:46.508497 (13095) lic_core INFO    (1) checking out 'jasper_fpv' ...
2025-11-20 00:10:46.521529 (13095) lic_core INFO    ... (1) checkout failed (error: -5) ("FLEXnet ERROR(-5, 0, 0): No such feature exists.")
2025-11-20 00:10:46.521550 (13095) lic_core INFO    (2) checking out 'jasper_fao' ...
2025-11-20 00:10:46.529680 (13095) lic_core INFO    ... (2) checkout succeeded
2025-11-20 00:10:46.556646 (13095) session_ INFO    Starting analysis session with session id 'session_0' (launcher: <local>) ...
2025-11-20 00:10:46.557491 (13095) session_ INFO    Analysis session with session id 'session_0' started (pid: 13470)
2025-11-20 00:10:47.248954 (13095) session_ INFO    Analysis session 'session_0' connected to the console (host: 127.0.0.1:38154)
2025-11-20 00:10:47.724015 (13095) lic__man INFO    Unclaim everything for 'session_0'.
2025-11-20 00:10:47.769040 (13095) lic__man INFO    Claim 'fpv' for 'session_0'.
2025-11-20 00:10:47.769060 (13095) lic__man INFO    Claim 'fpv' for 'session_0/prove-0'.
2025-11-20 00:13:50.994845 (13095) lic__man INFO    Unclaim everything for 'session_0/prove-0'.
2025-11-20 00:13:50.998128 (13095) main____ INFO    About to exit: request to exit with status 0 received from analysis session 'session_0'
2025-11-20 00:13:51.064623 (13095) session_ INFO    Analysis session 'session_0' disconnected.
2025-11-20 00:13:51.064716 (13095) lic__man INFO    Unclaim everything for 'session_0'.
2025-11-20 00:13:51.064810 (13095) session_ INFO    Process for analysis session 'session_0' has exited with exit status '0'.
2025-11-20 00:13:52.900219 (13095) lic_core INFO    (2) checkin jasper_fao
2025-11-20 00:13:52.902304 (13095) main____ INFO    Exiting with status 0.
