Jasper Apps 2024.06p002 64 bits 2024.09.02 16:28:38 UTC

Any disclosure about the Cadence Design Systems software or its use
model to any third party violates the written Non-Disclosure Agreement
between Cadence Design Systems, Inc. and the customer.

THIS SOFTWARE CONTAINS CONFIDENTIAL INFORMATION AND TRADE SECRETS OF
CADENCE DESIGN SYSTEMS, INC. USE, DISCLOSURE, OR REPRODUCTION IS
PROHIBITED WITHOUT THE PRIOR EXPRESS WRITTEN PERMISSION OF CADENCE
DESIGN SYSTEMS, INC.

Copyright (C) 2000-2024 Cadence Design Systems, Inc. All Rights
Reserved.  Unpublished -- rights reserved under the copyright laws of
the United States.

This product includes software developed by others and redistributed
according to license agreement. See doc/third_party_readme.txt for
further details.

RESTRICTED RIGHTS LEGEND

Use, duplication, or disclosure by the Government is subject to
restrictions as set forth in subparagraph (c) (1) (ii) of the Rights in
Technical Data and Computer Software clause at DFARS 252.227-7013 or
subparagraphs (c) (1) and (2) of Commercial Computer Software -- Restricted
Rights at 48 CFR 52.227-19, as applicable.


                          Cadence Design Systems, Inc.
                          2655 Seely Avenue
                          San Jose, CA 95134
                          Phone: 408.943.1234

For technical assistance visit http://support.cadence.com.

Jasper Apps Analysis Session - /users/rompel/jasper_executions/safety/jgprojects/delay_2/sessionLogs/session_0

WARNING (WG017): [session]: The system's locale is "ANSI_X3.4-1968", which is not UTF-8. Non-ASCII characters might not be handled correctly.
WARNING (WG017): [jg_console]: The system's locale is "ANSI_X3.4-1968", which is not UTF-8. Non-ASCII characters might not be handled correctly.
INFO: successfully checked out license "jasper_fao".
INFO: reading configuration file "/users/rompel/.config/cadence/jasper.conf".
% analyze -sv09 ../delay_2.sv
[-- (VERI-1482)] Analyzing Verilog file '/tools/cadence2425/JASPER/jasper_2024.06p002/lib/verilog/packages/std/std.sv' into library 'std'
[-- (VERI-1482)] Analyzing Verilog file '../delay_2.sv'
% elaborate -bbox_mul 1000000 -bbox_div 1000000 -bbox_mod 1000000 -bbox_a 1000000
[INFO (HIER-8002)] ../delay_2.sv(13): Disabling old hierarchical reference handler
[INFO (VERI-1018)] ../delay_2.sv(1): compiling module 'DELAY'
[WARN (VERI-1209)] ../delay_2.sv(10): expression size 32 truncated to fit in target size 11
INFO (ISW003): Top module name is "DELAY".
INFO (INL208): Elaboration synthesis summary:
  Number of synthesized netlists          1 (0 packages)
  Single run mode                         On
  Pipeline                                On (1 pipelined netlists)
  Late hierarchical reference connection  On
  Number of analyzed Verilog modules      1 (1 synthesized)
  Number of analyzed VHDL entities        0 (0 synthesized)
INFO (INL003): Clearing all state information (assumes, stopats, and so forth).
DELAY
[<embedded>] % reset rst
INFO (IPM031): Clearing proof results of all properties.
INFO (IRS006): Current reset condition is "rst".
[<embedded>] % clock clk
[<embedded>] % prove -all
Ncustom1: Custom engine code is hT3Ng7hPPfiYQOTDZ3qhYOwGAM51eA+J/FjkM5shLioAsqhgLR4Ft+O1BuKG6ilQ83B9tLXSl+CwjiTMAQA
Bcustom2: Custom engine code is hT3Nm7hPr1Vp3Di1Ra2USNIGL4JypRnLKLAdF6JAyuavO2JfGCiY9OZJhcAcOUnLx5xwNdhILGrAWX9s+z2WDkKwNR7tAfClBEjRFVQeq6DU54boFgEA
AMcustom3: Custom engine code is hT3Ng7hP/feYQOTDZ3qhYOwGAM51eA+J/FjkM5shLioAsqhgLR4Ft+O1BuKG6ilQ83B9tLXSmmqwm7g9AQA
Mpcustom4: Custom engine code is hT3NZbhP9fmY2AbBQnsjfOxn6c+6e6yL+/e8fZFmaQrnlgEA
INFO (IPF036): Starting proof on task: "<embedded>", 2 properties to prove with 0 already proven/unreachable
INFO (IRS029): Starting reset analysis: phase 1 of 4.
INFO (IRS030): Running reset analysis: phase 2 of 4.
INFO (IRS031): Running reset analysis: phase 3 of 4.
INFO (IRS020): Starting the reset analysis simulation with a limit of 100 iterations (phase 4 of 4).
INFO (IRS024): Reset iterations 0 to 4 analyzed.
INFO (IRS018): Reset analysis simulation executed for 3 iterations. Assigned values for 11 of 11 design flops, 0 of 0 design latches, 6 of 6 internal elements.
INFO (IRS039): Reset analysis complete.
INFO (IPF031): Settings used for proof thread 0:
    orchestration                 = on
    time_limit                    = 86400s
    per_property_time_limit       = 1s * 10 ^ scan
    engine_mode                   = auto
    proofgrid_per_engine_max_jobs = 1
    max engine jobs               = auto
    proofgrid_mode                = local
    proofgrid_restarts            = 10
0: Using multistage preprocessing
AMcustom5: Custom engine code is hT3N1rhP11/52HrFRS21ROp2LOjVTgPvT8L8BGXHgLhaIuqtT4nARFjUqrBL+7pLmaTOzBepZW/Jm8SSrHDybSQtoNiO3y43wk+dEoWlsZizu97Fih6O6lPVG/LpWP5SsUPwlGagLNa1FKEFvwVXyX7//8prySbvSxIHXr5er+z4RAEA
0: Starting reduce
Ncustom6: Custom engine code is hT3OXrhPByJp3TrFSTLhUmMH4KVtJgmTCnNDF46yMXOKY48m4LS5nE7yBzFjA7kDuwO/GhGUpEPiky3p3wmPn3dJZHxFMsafSoObRzSC+tn7sEY0WbTdZ/FV4hL3MYH/b1CIUvXSWR4wqEoVLsmMOD4xIPT4lI1LO6ZCO7PnnWQuLwetnvKlrXx6wCW/A+x+enqslg1YPobi4wEF/EvbzOvcTYdJvl2s4H2yZg2b2ofAVN5WvhWk1HoBAA
ADcustom7: Custom engine code is hT3Nv7hPv1752HrFRa2kROx2f/ECJeZB2AZsLdlO8VwmIuqtT4nIDFXclhg+O+o+DMmQCekbheGk0kK28laA9gaOFDXsQp29J3X615HY1IPHJWd6FUFvCHjO+p1k652b5JJvZlShNpGlGSXAiQe/mEAj6tEBAA
Tricustom8: Custom engine code is hT3Nu7hPt1752DvFRa0kNDiyIV97VyejwM9C/jCLJjdPvusZONHY42VYUy0Q1ZotnhcVtNc56tJ5wbxv6V2+XpdsaSlHck5vfnbYjdwj1OECy9U+7oSQ0SZE3g5ayD+Phuh4odCJTjeKa2k4elM9ldQfkAEA
Gcustom9: Custom engine code is hT3NibhPDfeYQADBZnYcglOvK9Pfd7EOeniIqP8jNsyIqInncipMGcUXqAadachREE9F2PwhBUZUNw5kHnd4JdXkamORRgEA
C2custom10: Custom engine code is hT3NirhPjfWYQADBZnYcglOvK9Pfd7EOeniIqP8jNsyIqInncgkrYMMXCYbdK0dUjZIF9d4cJ0rHoBDjwVLBKuG86XYVV00BAA
AGcustom11: Custom engine code is hT3NirhP/fmYQADBZnYcglOvK9Pfd7EOeniIqP8jNsyIqInnckcwYMMXCYbdK0dUjZIF9d4cJ0rHoBDjwVLBKuHEZnZByh0BAA
Bcustom12: Custom engine code is hT3NjrhPDfiYQADBZnYcglOvK9PfWxFtenjIyBqfrgr7if/jL/yPOuK1BAflEcW0DxNH2eDIoezN2gxlQFg81RZtiWXh7aiTAidvAQA
0: Finished reduce in 0s
Ncustom13: Custom engine code is hT3NR7hPByFp3TrFSTLhUmMH4KWtJglTyV/c51BHEeZWamnJv767nE6PCak26bd3gf3XGN3rIRheufhDieCJQVISo+gNYUKhiUedBKGtsP/a18svAnlMJZudHxDFwK5ufsyoxsIyiAeSY2oi3tEuoDHr5gw42DFKAG3PqO3CEsl8Azzdt3pl5nGA1Ifv2H02eYsFzWb/nfp8PMb3F0krE/EgBcm8TD9Div8BAA
Tricustom14: Custom engine code is hT3Nu7hP3fiYQADBZnYcglNHp9bfd7EOeniIqP/ji8sGLQu8yhsFO+wxJ+O+R0bU8g/IewXFomyos+viQnWc2xYNYmMqpo3i40O7DaZR7qfp4YqNx26KRvQ/qx0BAA
0.0.PRE: Performing Proof Simplification...
0.0.N: clocks: 1, declared: 1, looping: 0, posedge: 1, negedge: 0, noedge: 0, bothedge: 0
0.0.N: Proof Simplification Iteration 1	[0.00 s]
0.0.PRE: A trace with 1 cycles was found. [0.00 s]
INFO (IPF047): 0.0.PRE: The cover property "DELAY.p1:precondition1" was covered in 1 cycles in 0.00 s.
0.0.N: Proof Simplification Iteration 2	[0.06 s]
0.0.PRE: A proof was found: No trace exists. [0.00 s]
INFO (IPF057): 0.0.PRE: The property ":noDeadEnd" was proven in 0.00 s.
    Use check_assumptions -show -dead_end to show this property in the property table.
0.0.PRE: A proof was found: No trace exists. [0.00 s]
INFO (IPF057): 0.0.PRE: The property ":noConflict" was proven in 0.00 s.
    Use check_assumptions -show to show this property in the property table.
INFO (IPF047): 0.0.PRE: The cover property ":live" was covered in 1 cycles in 0.00 s.
    Use check_assumptions -show -live to show this property in the property table.
0.0.PRE: Proof Simplification completed in 0.06 s
0: About to start ProofGrid in its own thread with a limit of 10000 pending notifications and a limit of 10 traces.
0: =============================== ProofGrid start ===============================
0: ProofGrid usable level: 1
0: Initial ProofGrid level: 1
0: ProofGrid is starting event handling
0.0.N: Proofgrid shell started at 21213@vlsi-ria85(local) jg_21113_vlsi-ria85_1
0.0.Hp: Proofgrid shell started at 21214@vlsi-ria85(local) jg_21113_vlsi-ria85_1
0.0.N: clocks: 1, declared: 1, looping: 0, posedge: 1, negedge: 0, noedge: 0, bothedge: 0
0.0.Hp: clocks: 1, declared: 1, looping: 0, posedge: 1, negedge: 0, noedge: 0, bothedge: 0
0.0.Hp: Last scan. Per property time limit: 0s
0.0.Hp: Trace Attempt  1	[0.00 s]
0.0.Hp: Trace Attempt  2	[0.00 s]
0.0.N: Last scan. Per property time limit: 0s
0.0.N: Starting proof for property "DELAY.p1"	[0.00 s].
0.0.N: Trace Attempt  1	[0.00 s]
0.0.N: Trace Attempt  2	[0.00 s]
0.0.N: Trace Attempt  2	[0.00 s]
0.0.N: Trace Attempt  3	[0.00 s]
0.0.N: Trace Attempt  4	[0.00 s]
0.0.N: Trace Attempt  4	[0.00 s]
0.0.Hp: Trace Attempt  3	[0.00 s]
0.0.Hp: Trace Attempt  4	[0.00 s]
0.0.Hp: Trace Attempt  5	[0.00 s]
0.0.N: Trace Attempt  5	[0.00 s]
0.0.N: Trace Attempt  1	[0.01 s]
0.0.N: Trace Attempt  2	[0.01 s]
0.0.N: Trace Attempt  3	[0.01 s]
0.0.N: Trace Attempt  4	[0.01 s]
0.0.N: Trace Attempt  5	[0.01 s]
0.0.Ht: Proofgrid shell started at 21259@vlsi-ria85(local) jg_21113_vlsi-ria85_1
0.0.Oh: Proofgrid shell started at 21265@vlsi-ria85(local) jg_21113_vlsi-ria85_1
0.0.AM: Proofgrid shell started at 21273@vlsi-ria85(local) jg_21113_vlsi-ria85_1
0.0.Ht: clocks: 1, declared: 1, looping: 0, posedge: 1, negedge: 0, noedge: 0, bothedge: 0
0.0.Ht: Last scan. Per property time limit: 0s
0.0.AM: clocks: 1, declared: 1, looping: 0, posedge: 1, negedge: 0, noedge: 0, bothedge: 0
0.0.AM: Last scan. Per property time limit: 0s
0.0.AM: Starting proof for property "DELAY.p1"	[0.00 s].
0.0.Ht: Trace Attempt  1	[0.00 s]
0.0.Ht: Trace Attempt  2	[0.00 s]
0.0.Ht: Trace Attempt  3	[0.00 s]
0.0.AM: Trace Attempt  1	[0.00 s]
0.0.Ht: Trace Attempt  4	[0.00 s]
0.0.Ht: Trace Attempt  5	[0.00 s]
0.0.AM: Trace Attempt  2	[0.00 s]
0.0.AM: Trace Attempt  3	[0.00 s]
0.0.AM: Trace Attempt  4	[0.00 s]
0.0.AM: Trace Attempt  5	[0.00 s]
0.0.Mpcustom4: Proofgrid shell started at 21264@vlsi-ria85(local) jg_21113_vlsi-ria85_1
0.0.AM: Trace Attempt  1	[0.00 s]
0.0.AM: Trace Attempt  2	[0.00 s]
0.0.AM: Trace Attempt  3	[0.00 s]
0.0.AM: Trace Attempt  4	[0.00 s]
0.0.AM: Trace Attempt  5	[0.00 s]
0.0.Bm: Proofgrid shell started at 21260@vlsi-ria85(local) jg_21113_vlsi-ria85_1
0.0.Oh: clocks: 1, declared: 1, looping: 0, posedge: 1, negedge: 0, noedge: 0, bothedge: 0
0.0.Oh: Reached length limit (2147483647) [0.01 s]
0.0.AM: Trace Attempt  1	[0.01 s]
0.0.AM: Trace Attempt  2	[0.01 s]
0.0.Oh: Exited with Success (@ 0.05 s)
0.0.Oh: Completed, Restart ignored.
0.0.AM: Trace Attempt  3	[0.01 s]
0.0.Bm: clocks: 1, declared: 1, looping: 0, posedge: 1, negedge: 0, noedge: 0, bothedge: 0
0.0.Bm: Ignoring liveness properties
0.0.Bm: Last scan. Per property time limit: 0s
0.0.Bm: Trace Attempt  1	[0.00 s]
0.0.Bm: Trace Attempt  2	[0.00 s]
0.0.Bm: Trace Attempt  3	[0.00 s]
0.0.Bm: Trace Attempt  4	[0.00 s]
0.0.Bm: Trace Attempt  5	[0.00 s]
0.0.Mpcustom4: clocks: 1, declared: 1, looping: 0, posedge: 1, negedge: 0, noedge: 0, bothedge: 0
0.0.Mpcustom4: Ignoring liveness properties
0.0.Mpcustom4: All properties either determined or skipped. [0.01 s]
0.0.L: Proofgrid shell started at 21267@vlsi-ria85(local) jg_21113_vlsi-ria85_1
0.0.AM: Trace Attempt  4	[0.01 s]
0.0.AM: Trace Attempt  5	[0.01 s]
0.0.Mpcustom4: Exited with Success (@ 0.06 s)
0.0.Mpcustom4: Completed, Restart ignored.
0.0.L: clocks: 1, declared: 1, looping: 0, posedge: 1, negedge: 0, noedge: 0, bothedge: 0
0.0.L: Using trace diversification with seed 1 (0.05)
0.0.L: Using LRU state removal heuristic
0.0.L: Ignoring liveness properties
0.0.L: All properties either determined or skipped. [0.00 s]
0.0.L: Exited with Success (@ 0.07 s)
0.0.L: Completed, Restart ignored.
0.0.B: Proofgrid shell started at 21268@vlsi-ria85(local) jg_21113_vlsi-ria85_1
0.0.AM: Trace Attempt  1	[0.03 s]
0.0.AM: Trace Attempt  2	[0.03 s]
0.0.AM: Trace Attempt  3	[0.03 s]
0.0.AM: Trace Attempt  4	[0.03 s]
0.0.AM: Trace Attempt  5	[0.03 s]
0.0.B: clocks: 1, declared: 1, looping: 0, posedge: 1, negedge: 0, noedge: 0, bothedge: 0
0.0.B: Last scan. Per property time limit: 0s
0.0.B: Starting proof for property "DELAY.p1"	[0.00 s].
0.0.N: Trace Attempt  1	[0.08 s]
0.0.B: Trace Attempt  1	[0.00 s]
0.0.B: Trace Attempt  2	[0.00 s]
0.0.B: Trace Attempt  3	[0.00 s]
0.0.B: Trace Attempt  4	[0.00 s]
0.0.B: Trace Attempt  5	[0.00 s]
0.0.N: Trace Attempt  2	[0.08 s]
0.0.N: Trace Attempt  3	[0.08 s]
0.0.N: Trace Attempt  4	[0.08 s]
0.0.N: Trace Attempt  5	[0.08 s]
0.0.AM: Trace Attempt  1	[0.10 s]
0.0.AM: Trace Attempt  2	[0.10 s]
0.0.AM: Trace Attempt  3	[0.10 s]
0.0.AM: Trace Attempt  4	[0.10 s]
0.0.AM: Trace Attempt  5	[0.11 s]
0.0.N: Trace Attempt  1	[0.41 s]
0.0.N: Trace Attempt  2	[0.41 s]
0.0.N: Trace Attempt  3	[0.41 s]
0.0.N: Trace Attempt  4	[0.41 s]
0.0.N: Trace Attempt  5	[0.41 s]
0.0.AM: Trace Attempt  1	[0.39 s]
0.0.AM: Trace Attempt  2	[0.39 s]
0.0.AM: Trace Attempt  3	[0.39 s]
0.0.AM: Trace Attempt  4	[0.39 s]
0.0.AM: Trace Attempt  5	[0.39 s]
0.0.AM: Trace Attempt  1	[1.57 s]
0.0.AM: Trace Attempt  2	[1.58 s]
0.0.AM: Trace Attempt  3	[1.58 s]
0.0.AM: Trace Attempt  4	[1.58 s]
0.0.AM: Trace Attempt  5	[1.58 s]
0.0.N: Trace Attempt  1	[1.70 s]
0.0.N: Trace Attempt  2	[1.70 s]
0.0.N: Trace Attempt  3	[1.70 s]
0.0.N: Trace Attempt  4	[1.70 s]
0.0.N: Trace Attempt  5	[1.70 s]
0.0.Hp: Trace Attempt 531	[4.00 s]
0.0.Bm: Trace Attempt 1422	[4.00 s]
0.0.B: Trace Attempt 1419	[4.01 s]
0.0.Ht: Trace Attempt 1323	[4.23 s]
0.0.AM: Trace Attempt 225	[5.58 s]
0.0.N: Trace Attempt 191	[5.73 s]
0.0.AM: Trace Attempt  1	[7.42 s]
0.0.AM: Trace Attempt  2	[7.42 s]
0.0.AM: Trace Attempt  3	[7.42 s]
0.0.AM: Trace Attempt  4	[7.42 s]
0.0.AM: Trace Attempt  5	[7.42 s]
0.0.Hp: Trace Attempt 725	[8.01 s]
0.0.Bm: Trace Attempt 1683	[8.01 s]
0.0.B: Trace Attempt 1676	[8.02 s]
0.0.Ht: Trace Attempt 1821	[8.24 s]
0.0.N: Trace Attempt 215	[9.83 s]
0.0.AM: Trace Attempt 208	[11.43 s]
0.0.N: Trace Attempt  1	[12.00 s]
0.0.N: Trace Attempt  2	[12.00 s]
0.0.N: Trace Attempt  3	[12.00 s]
0.0.N: Trace Attempt  4	[12.01 s]
0.0.N: Trace Attempt  5	[12.01 s]
0.0.Hp: Trace Attempt 881	[12.02 s]
0.0.Bm: Trace Attempt 1926	[12.01 s]
0.0.B: Trace Attempt 1912	[12.03 s]
0.0.Ht: Trace Attempt 2129	[12.25 s]
0.0.AM: Trace Attempt 265	[15.47 s]
0.0.N: Trace Attempt 189	[16.01 s]
0.0.Hp: Trace Attempt 1016	[16.02 s]
0.0.Bm: Trace Attempt 2140	[16.02 s]
0.0.B: Trace Attempt 2121	[16.04 s]
0.0.Ht: Trace Attempt 2368	[16.25 s]
0.0.AM: Trace Attempt 315	[19.53 s]
0.0.Hp: Trace Attempt 1135	[20.03 s]
0.0.N: Trace Attempt 213	[20.07 s]
0.0.Bm: Trace Attempt 2326	[20.03 s]
0.0.B: Trace Attempt 2306	[20.05 s]
0.0.Ht: Trace Attempt 2548	[20.27 s]
0.0.N: Trace Attempt  1	[22.77 s]
0.0.N: Trace Attempt  2	[22.77 s]
0.0.N: Trace Attempt  3	[22.77 s]
0.0.N: Trace Attempt  4	[22.77 s]
0.0.N: Trace Attempt  5	[22.77 s]
0.0.AM: Trace Attempt 350	[23.60 s]
0.0.Hp: Trace Attempt 1244	[24.04 s]
0.0.Bm: Trace Attempt 2494	[24.05 s]
0.0.B: Trace Attempt 2473	[24.06 s]
0.0.Ht: Trace Attempt 2706	[24.27 s]
0.0.N: Trace Attempt 189	[26.80 s]
0.0.AM: Trace Attempt 396	[27.77 s]
0.0.Hp: Trace Attempt 1274	[28.07 s]
0.0.Bm: Trace Attempt 2581	[28.05 s]
0.0.B: Trace Attempt 2573	[28.09 s]
0.0.Ht: Trace Attempt 2967	[28.28 s]
0.0.N: Trace Attempt 213	[30.86 s]
0.0.AM: Trace Attempt 436	[31.77 s]
0.0.Hp: Trace Attempt 1325	[32.08 s]
0.0.Bm: Trace Attempt 2660	[32.10 s]
0.0.B: Trace Attempt 2653	[32.12 s]
0.0.Ht: Trace Attempt 3135	[32.28 s]
0.0.N: Trace Attempt  1	[33.51 s]
0.0.N: Trace Attempt  2	[33.51 s]
0.0.N: Trace Attempt  3	[33.51 s]
0.0.N: Trace Attempt  4	[33.51 s]
0.0.N: Trace Attempt  5	[33.52 s]
0.0.AM: Trace Attempt 345	[35.77 s]
0.0.Hp: Trace Attempt 1402	[36.11 s]
0.0.Bm: Trace Attempt 2735	[36.14 s]
0.0.B: Trace Attempt 2728	[36.15 s]
0.0.Ht: Trace Attempt 3239	[36.47 s]
0.0.N: Trace Attempt 189	[37.57 s]
0.0.Hp: Trace Attempt 1472	[40.13 s]
0.0.Bm: Trace Attempt 2806	[40.17 s]
0.0.B: Trace Attempt 2800	[40.21 s]
0.0.Ht: Trace Attempt 3351	[40.50 s]
0.0.AM: Trace Attempt 513	[41.03 s]
0.0.AM: Trace Attempt  1	[41.41 s]
0.0.AM: Trace Attempt  2	[41.41 s]
0.0.AM: Trace Attempt  3	[41.41 s]
0.0.AM: Trace Attempt  4	[41.42 s]
0.0.AM: Trace Attempt  5	[41.42 s]
0.0.N: Trace Attempt 213	[41.69 s]
0.0.Hp: Trace Attempt 1539	[44.17 s]
0.0.Bm: Trace Attempt 2875	[44.22 s]
0.0.B: Trace Attempt 2868	[44.21 s]
0.0.N: Trace Attempt  1	[44.33 s]
0.0.N: Trace Attempt  2	[44.33 s]
0.0.N: Trace Attempt  3	[44.33 s]
0.0.N: Trace Attempt  4	[44.33 s]
0.0.N: Trace Attempt  5	[44.33 s]
0.0.Ht: Trace Attempt 3479	[44.51 s]
0.0.AM: Trace Attempt 187	[45.46 s]
0.0.Hp: Trace Attempt 1605	[48.23 s]
0.0.Bm: Trace Attempt 2945	[48.24 s]
0.0.B: Trace Attempt 2940	[48.25 s]
0.0.N: Trace Attempt 189	[48.41 s]
0.0.Ht: Trace Attempt 3610	[48.65 s]
0.0.AM: Trace Attempt 252	[49.62 s]
0.0.Hp: Trace Attempt 1663	[52.25 s]
0.0.Bm: Trace Attempt 3015	[52.24 s]
0.0.B: Trace Attempt 3010	[52.27 s]
0.0.N: Trace Attempt 213	[52.48 s]
0.0.Ht: Trace Attempt 3781	[52.67 s]
0.0.AM: Trace Attempt 299	[53.65 s]
0.0.N: Trace Attempt  1	[55.05 s]
0.0.N: Trace Attempt  2	[55.05 s]
0.0.N: Trace Attempt  3	[55.05 s]
0.0.N: Trace Attempt  4	[55.05 s]
0.0.N: Trace Attempt  5	[55.05 s]
0.0.Hp: Trace Attempt 1717	[56.26 s]
0.0.Bm: Trace Attempt 3083	[56.25 s]
0.0.B: Trace Attempt 3079	[56.30 s]
0.0.Ht: Trace Attempt 3900	[56.67 s]
0.0.AM: Trace Attempt 345	[57.65 s]
0.0.N: Trace Attempt 190	[59.16 s]
0.0.Hp: Trace Attempt 1774	[60.27 s]
0.0.Bm: Trace Attempt 3156	[60.26 s]
0.0.B: Trace Attempt 3151	[60.35 s]
0.0.Ht: Trace Attempt 4022	[60.69 s]
0.0.AM: Trace Attempt 382	[61.67 s]
0.0.N: Trace Attempt 214	[63.21 s]
0.0.Bm: Trace Attempt 3220	[64.29 s]
0.0.B: Trace Attempt 3214	[64.37 s]
0.0.Hp: Trace Attempt 1775	[64.81 s]
0.0.Ht: Trace Attempt 4139	[64.82 s]
0.0.N: Trace Attempt  1	[65.65 s]
0.0.N: Trace Attempt  2	[65.65 s]
0.0.N: Trace Attempt  3	[65.65 s]
0.0.N: Trace Attempt  4	[65.65 s]
0.0.N: Trace Attempt  5	[65.65 s]
0.0.AM: Trace Attempt 424	[65.73 s]
0.0.Bm: Trace Attempt 3282	[68.30 s]
0.0.B: Trace Attempt 3277	[68.41 s]
0.0.Hp: Trace Attempt 1818	[68.81 s]
0.0.Ht: Trace Attempt 4174	[69.21 s]
0.0.N: Trace Attempt 189	[69.65 s]
0.0.AM: Trace Attempt 461	[69.74 s]
0.0.Bm: Trace Attempt 3342	[72.32 s]
0.0.B: Trace Attempt 3335	[72.41 s]
0.0.Hp: Trace Attempt 1846	[72.83 s]
0.0.Ht: Trace Attempt 4298	[73.22 s]
0.0.N: Trace Attempt 213	[73.81 s]
0.0.AM: Trace Attempt 473	[74.13 s]
0.0.Bm: Trace Attempt 3405	[76.35 s]
0.0.N: Trace Attempt  1	[76.42 s]
0.0.N: Trace Attempt  2	[76.42 s]
0.0.N: Trace Attempt  3	[76.42 s]
0.0.N: Trace Attempt  4	[76.42 s]
0.0.N: Trace Attempt  5	[76.42 s]
0.0.B: Trace Attempt 3398	[76.48 s]
0.0.Hp: Trace Attempt 1906	[76.86 s]
0.0.Ht: Trace Attempt 4441	[77.24 s]
0.0.AM: Trace Attempt 485	[78.32 s]
0.0.Bm: Trace Attempt 3464	[80.41 s]
0.0.N: Trace Attempt 190	[80.53 s]
0.0.B: Trace Attempt 3458	[80.50 s]
0.0.Hp: Trace Attempt 1958	[80.92 s]
0.0.Ht: Trace Attempt 4589	[81.25 s]
0.0.AM: Trace Attempt 498	[82.47 s]
0.0.Bm: Trace Attempt 3523	[84.41 s]
0.0.B: Trace Attempt 3515	[84.52 s]
0.0.N: Trace Attempt 214	[84.63 s]
0.0.Hp: Trace Attempt 2015	[84.97 s]
0.0.Ht: Trace Attempt 4738	[85.28 s]
0.0.AM: Trace Attempt 517	[86.89 s]
0.0.N: Trace Attempt  1	[87.08 s]
0.0.N: Trace Attempt  2	[87.09 s]
0.0.N: Trace Attempt  3	[87.09 s]
0.0.N: Trace Attempt  4	[87.09 s]
0.0.N: Trace Attempt  5	[87.09 s]
0.0.Bm: Trace Attempt 3576	[88.48 s]
0.0.B: Trace Attempt 3569	[88.57 s]
0.0.Hp: Trace Attempt 2070	[89.03 s]
0.0.Ht: Trace Attempt 4846	[89.29 s]
0.0.N: Trace Attempt 189	[91.10 s]
0.0.AM: Trace Attempt 535	[91.07 s]
0.0.Bm: Trace Attempt 3627	[92.50 s]
0.0.B: Trace Attempt 3619	[92.61 s]
0.0.Hp: Trace Attempt 2074	[93.08 s]
0.0.Ht: Trace Attempt 4966	[93.29 s]
0.0.AM: Trace Attempt 551	[95.14 s]
0.0.N: Trace Attempt 213	[95.25 s]
0.0.Bm: Trace Attempt 3674	[96.59 s]
0.0.B: Trace Attempt 3664	[96.63 s]
0.0.Hp: Trace Attempt 2114	[97.10 s]
0.0.N: Trace Attempt  1	[97.92 s]
0.0.N: Trace Attempt  2	[97.93 s]
0.0.N: Trace Attempt  3	[97.93 s]
0.0.N: Trace Attempt  4	[97.93 s]
0.0.N: Trace Attempt  5	[97.93 s]
0.0.AM: Trace Attempt 567	[99.19 s]
0.0.Ht: Trace Attempt 5015	[99.29 s]
0.0.Bm: Trace Attempt 3721	[100.60 s]
0.0.B: Trace Attempt 3710	[100.66 s]
0.0.Hp: Trace Attempt 2153	[101.14 s]
0.0.N: Trace Attempt 188	[101.93 s]
0.0.Ht: Trace Attempt 5103	[103.30 s]
0.0.AM: Trace Attempt 582	[103.48 s]
0.0.Bm: Trace Attempt 3779	[104.60 s]
0.0.B: Trace Attempt 3763	[104.68 s]
0.0.Hp: Trace Attempt 2191	[105.23 s]
0.0.N: Trace Attempt 213	[106.12 s]
0.0.Ht: Trace Attempt 5212	[107.30 s]
0.0.AM: Trace Attempt 596	[107.60 s]
0.0.Bm: Trace Attempt 3849	[108.64 s]
0.0.N: Trace Attempt  1	[108.79 s]
0.0.N: Trace Attempt  2	[108.79 s]
0.0.N: Trace Attempt  3	[108.80 s]
0.0.B: Trace Attempt 3829	[108.72 s]
0.0.N: Trace Attempt  4	[108.80 s]
0.0.N: Trace Attempt  5	[108.80 s]
0.0.Hp: Trace Attempt 2227	[109.31 s]
0.0.Ht: Trace Attempt 5264	[111.33 s]
0.0.AM: Trace Attempt 611	[111.84 s]
0.0.Bm: Trace Attempt 3922	[112.66 s]
0.0.B: Trace Attempt 3900	[112.77 s]
0.0.N: Trace Attempt 189	[112.88 s]
0.0.Hp: Trace Attempt 2262	[113.33 s]
0.0.Ht: Trace Attempt 5335	[115.36 s]
0.0.AM: Trace Attempt 627	[116.32 s]
0.0.Bm: Trace Attempt 3995	[116.69 s]
0.0.B: Trace Attempt 3969	[116.79 s]
0.0.N: Trace Attempt 213	[116.92 s]
0.0.Hp: Trace Attempt 2297	[117.36 s]
0.0.Ht: Trace Attempt 5420	[119.41 s]
0.0.N: Trace Attempt  1	[119.55 s]
0.0.N: Trace Attempt  2	[119.55 s]
0.0.N: Trace Attempt  3	[119.55 s]
0.0.N: Trace Attempt  4	[119.56 s]
0.0.N: Trace Attempt  5	[119.56 s]
0.0.AM: Trace Attempt 639	[120.72 s]
0.0.Bm: Trace Attempt 4063	[120.71 s]
0.0.B: Trace Attempt 4036	[120.82 s]
0.0.Hp: Trace Attempt 2322	[121.41 s]
0.0.Ht: Trace Attempt 5505	[123.43 s]
0.0.N: Trace Attempt 189	[123.59 s]
0.0.Bm: Trace Attempt 4129	[124.72 s]
0.0.AM: Trace Attempt 651	[124.85 s]
0.0.B: Trace Attempt 4102	[124.86 s]
0.0.Hp: Trace Attempt 2357	[125.48 s]
0.0.Ht: Trace Attempt 5544	[127.45 s]
0.0.N: Trace Attempt 213	[127.65 s]
0.0.Bm: Trace Attempt 4195	[128.73 s]
0.0.AM: Trace Attempt 661	[128.86 s]
0.0.B: Trace Attempt 4165	[128.92 s]
0.0.Hp: Trace Attempt 2392	[129.58 s]
0.0.N: Trace Attempt  1	[130.51 s]
0.0.N: Trace Attempt  2	[130.51 s]
0.0.N: Trace Attempt  3	[130.51 s]
0.0.N: Trace Attempt  4	[130.51 s]
0.0.N: Trace Attempt  5	[130.51 s]
0.0.Ht: Trace Attempt 5610	[131.50 s]
0.0.Bm: Trace Attempt 4259	[132.74 s]
0.0.AM: Trace Attempt 670	[132.98 s]
0.0.B: Trace Attempt 4228	[132.98 s]
0.0.Hp: Trace Attempt 2422	[133.60 s]
0.0.N: Trace Attempt 189	[134.56 s]
0.0.Ht: Trace Attempt 5679	[135.53 s]
0.0.Bm: Trace Attempt 4324	[136.81 s]
0.0.AM: Trace Attempt 680	[136.99 s]
0.0.B: Trace Attempt 4288	[137.02 s]
0.0.Hp: Trace Attempt 2454	[137.63 s]
0.0.N: Trace Attempt 213	[138.60 s]
0.0.Ht: Trace Attempt 5761	[139.63 s]
0.0.Bm: Trace Attempt 4391	[140.87 s]
0.0.B: Trace Attempt 4351	[141.04 s]
0.0.N: Trace Attempt  1	[141.36 s]
0.0.N: Trace Attempt  2	[141.36 s]
0.0.N: Trace Attempt  3	[141.36 s]
0.0.N: Trace Attempt  4	[141.36 s]
0.0.N: Trace Attempt  5	[141.36 s]
0.0.AM: Trace Attempt 689	[141.37 s]
0.0.Hp: Trace Attempt 2487	[141.67 s]
0.0.Ht: Trace Attempt 5789	[143.64 s]
0.0.Bm: Trace Attempt 4460	[144.90 s]
0.0.B: Trace Attempt 4416	[145.06 s]
0.0.N: Trace Attempt 189	[145.46 s]
0.0.AM: Trace Attempt 699	[145.78 s]
0.0.Ht: Trace Attempt 5856	[147.92 s]
0.0.Bm: Trace Attempt 4532	[148.95 s]
0.0.B: Trace Attempt 4482	[149.12 s]
0.0.N: Trace Attempt 213	[149.60 s]
0.0.AM: Trace Attempt 709	[149.91 s]
0.0.Hp: Trace Attempt 2507	[150.61 s]
0.0.Ht: Trace Attempt 5928	[151.95 s]
0.0.N: Trace Attempt  1	[152.33 s]
0.0.N: Trace Attempt  2	[152.33 s]
0.0.N: Trace Attempt  3	[152.33 s]
0.0.N: Trace Attempt  4	[152.33 s]
0.0.N: Trace Attempt  5	[152.33 s]
0.0.Bm: Trace Attempt 4596	[152.96 s]
0.0.B: Trace Attempt 4551	[153.15 s]
0.0.AM: Trace Attempt 718	[154.21 s]
0.0.Hp: Trace Attempt 2517	[154.94 s]
0.0.Ht: Trace Attempt 5997	[156.28 s]
0.0.N: Trace Attempt 189	[156.40 s]
0.0.Bm: Trace Attempt 4653	[156.98 s]
0.0.B: Trace Attempt 4612	[157.17 s]
0.0.AM: Trace Attempt 729	[158.54 s]
0.0.Hp: Trace Attempt 2528	[159.43 s]
0.0.Ht: Trace Attempt 6088	[160.30 s]
0.0.N: Trace Attempt 213	[160.50 s]
0.0.Bm: Trace Attempt 4721	[161.00 s]
0.0.B: Trace Attempt 4673	[161.19 s]
0.0.AM: Trace Attempt 740	[162.75 s]
0.0.N: Trace Attempt  1	[163.13 s]
0.0.N: Trace Attempt  2	[163.13 s]
0.0.N: Trace Attempt  3	[163.13 s]
0.0.N: Trace Attempt  4	[163.13 s]
0.0.N: Trace Attempt  5	[163.13 s]
0.0.Hp: Trace Attempt 2538	[163.59 s]
0.0.Ht: Trace Attempt 6177	[164.30 s]
0.0.Bm: Trace Attempt 4776	[165.04 s]
0.0.B: Trace Attempt 4734	[165.21 s]
0.0.AM: Trace Attempt 749	[166.81 s]
0.0.N: Trace Attempt 189	[167.20 s]
0.0.Hp: Trace Attempt 2554	[167.70 s]
0.0.Ht: Trace Attempt 6263	[168.39 s]
0.0.Bm: Trace Attempt 4824	[169.05 s]
0.0.B: Trace Attempt 4787	[169.30 s]
0.0.AM: Trace Attempt 759	[171.10 s]
0.0.N: Trace Attempt 213	[171.34 s]
0.0.Ht: Trace Attempt 6365	[172.42 s]
0.0.Bm: Trace Attempt 4876	[173.05 s]
0.0.B: Trace Attempt 4832	[173.37 s]
0.0.N: Trace Attempt  1	[173.98 s]
0.0.N: Trace Attempt  2	[173.98 s]
0.0.N: Trace Attempt  3	[173.98 s]
0.0.N: Trace Attempt  4	[173.98 s]
0.0.N: Trace Attempt  5	[173.99 s]
0.0.AM: Trace Attempt 769	[175.44 s]
0.0.Hp: Trace Attempt 2555	[176.28 s]
0.0.Ht: Trace Attempt 6445	[176.43 s]
0.0.Bm: Trace Attempt 4938	[177.06 s]
0.0.B: Trace Attempt 4886	[177.39 s]
0.0.N: Trace Attempt 190	[178.09 s]
0.0.AM: Trace Attempt 778	[179.48 s]
0.0.Hp: Trace Attempt 2572	[180.34 s]
0.0.Ht: Trace Attempt 6490	[180.43 s]
0.0.N: Trace Attempt 207	[180.85 s]
0.0.N: Stopped processing property "DELAY.p1"	[180.97 s].
0.0.N: Morphing to Ncustom1
0.0.N: All properties determined. [0.00 s]
0.0.N: Exited with Success (@ 0.00 s)
0.0.Ncustom1: clocks: 1, declared: 1, looping: 0, posedge: 1, negedge: 0, noedge: 0, bothedge: 0
0.0.Ncustom1: Starting proof for property "DELAY.p1"	[0.00 s].
0.0.Ncustom1: Trace Attempt 239	[0.02 s]
0.0.B: Trace Attempt 4936	[180.83 s]
0.0.B: Stopped processing property "DELAY.p1"	[180.96 s].
0.0.B: Morphing to Bcustom2
0.0.B: All properties determined. [0.00 s]
0.0.B: Exited with Success (@ 0.00 s)
0.0.Bcustom2: clocks: 1, declared: 1, looping: 0, posedge: 1, negedge: 0, noedge: 0, bothedge: 0
0.0.Bcustom2: Starting proof for property "DELAY.p1"	[0.00 s].
0.0.Bcustom2: Trace Attempt  1	[0.00 s]
0.0.Bcustom2: Trace Attempt  2	[0.00 s]
0.0.Bcustom2: Trace Attempt  1	[0.00 s]
0.0.Bcustom2: Trace Attempt  2	[0.00 s]
0.0.Bcustom2: Trace Attempt  3	[0.00 s]
0.0.Bcustom2: Trace Attempt  4	[0.00 s]
0.0.Bcustom2: Trace Attempt  5	[0.00 s]
0.0.Bcustom2: Trace Attempt  1	[0.00 s]
0.0.Bcustom2: Trace Attempt  2	[0.00 s]
0.0.Bcustom2: Trace Attempt  3	[0.00 s]
0.0.Bcustom2: Trace Attempt  4	[0.00 s]
0.0.Bcustom2: Trace Attempt  5	[0.00 s]
0.0.Bcustom2: Trace Attempt  1	[0.00 s]
0.0.Bcustom2: Trace Attempt  2	[0.00 s]
0.0.Bcustom2: Trace Attempt  3	[0.00 s]
0.0.Bcustom2: Trace Attempt  4	[0.00 s]
0.0.Bcustom2: Trace Attempt  5	[0.00 s]
0.0.Bcustom2: Trace Attempt  1	[0.01 s]
0.0.Bcustom2: Trace Attempt  2	[0.01 s]
0.0.Bcustom2: Trace Attempt  3	[0.01 s]
0.0.Bcustom2: Trace Attempt  4	[0.01 s]
0.0.Bcustom2: Trace Attempt  5	[0.01 s]
0.0.Bcustom2: Trace Attempt  1	[0.02 s]
0.0.Bcustom2: Trace Attempt  2	[0.02 s]
0.0.Bcustom2: Trace Attempt  3	[0.02 s]
0.0.Bcustom2: Trace Attempt  4	[0.02 s]
0.0.Bcustom2: Trace Attempt  5	[0.02 s]
0.0.Bcustom2: Trace Attempt  1	[0.06 s]
0.0.Bcustom2: Trace Attempt  2	[0.06 s]
0.0.Bcustom2: Trace Attempt  3	[0.06 s]
0.0.Bcustom2: Trace Attempt  4	[0.06 s]
0.0.Bcustom2: Trace Attempt  5	[0.06 s]
0.0.AM: Trace Attempt 781	[180.67 s]
0.0.AM: Stopped processing property "DELAY.p1"	[181.08 s].
0.0.AM: Morphing to AMcustom3
0.0.AM: All properties determined. [0.00 s]
0.0.AM: Exited with Success (@ 0.00 s)
0.0.D: Proofgrid shell started at 25631@vlsi-ria85(local) jg_21113_vlsi-ria85_1
0.0.AMcustom3: clocks: 1, declared: 1, looping: 0, posedge: 1, negedge: 0, noedge: 0, bothedge: 0
0.0.AMcustom3: Starting proof for property "DELAY.p1"	[0.00 s].
0.0.AMcustom3: Trace Attempt  1	[0.00 s]
0.0.AMcustom3: Trace Attempt  2	[0.00 s]
0.0.AMcustom3: Trace Attempt  3	[0.00 s]
0.0.AMcustom3: Trace Attempt  4	[0.00 s]
0.0.AMcustom3: Trace Attempt  5	[0.00 s]
0.0.AMcustom3: Trace Attempt  1	[0.00 s]
0.0.AMcustom3: Trace Attempt  2	[0.00 s]
0.0.AMcustom3: Trace Attempt  3	[0.00 s]
0.0.AMcustom3: Trace Attempt  4	[0.00 s]
0.0.AMcustom3: Trace Attempt  5	[0.00 s]
0.0.D: clocks: 1, declared: 1, looping: 0, posedge: 1, negedge: 0, noedge: 0, bothedge: 0
0.0.D: Last scan. Per property time limit: 0s
0.0.D: Starting proof for property "DELAY.p1"	[0.00 s].
0.0.D: Trace Attempt  1	[0.00 s]
0.0.D: Trace Attempt  2	[0.00 s]
0.0.D: Trace Attempt  4	[0.00 s]
0.0.AMcustom3: Trace Attempt  1	[0.01 s]
0.0.Tri: Proofgrid shell started at 25630@vlsi-ria85(local) jg_21113_vlsi-ria85_1
0.0.AMcustom3: Trace Attempt  2	[0.01 s]
0.0.AMcustom3: Trace Attempt  3	[0.01 s]
0.0.Tri: clocks: 1, declared: 1, looping: 0, posedge: 1, negedge: 0, noedge: 0, bothedge: 0
0.0.AMcustom3: Trace Attempt  4	[0.01 s]
0.0.AMcustom3: Trace Attempt  5	[0.01 s]
0.0.Tri: Last scan. Per property time limit: 0s
0.0.Tri: Starting proof for property "DELAY.p1"	[0.00 s].
0.0.Tri: Trace Attempt  1	[0.00 s]
0.0.AMcustom3: Trace Attempt  1	[0.04 s]
0.0.AMcustom3: Trace Attempt  2	[0.04 s]
0.0.AMcustom3: Trace Attempt  3	[0.04 s]
0.0.AMcustom3: Trace Attempt  4	[0.04 s]
0.0.AMcustom3: Trace Attempt  5	[0.04 s]
0.0.Bm: Trace Attempt 4995	[181.16 s]
0.0.Bcustom2: Trace Attempt  1	[0.17 s]
0.0.Bcustom2: Trace Attempt  2	[0.17 s]
0.0.Bcustom2: Trace Attempt  3	[0.17 s]
0.0.Bcustom2: Trace Attempt  4	[0.17 s]
0.0.Bcustom2: Trace Attempt  5	[0.17 s]
0.0.Tri:    0.00" ---- Launching main thread ----
0.0.AMcustom3: Trace Attempt  1	[0.14 s]
0.0.AMcustom3: Trace Attempt  2	[0.14 s]
0.0.AMcustom3: Trace Attempt  3	[0.14 s]
0.0.AMcustom3: Trace Attempt  4	[0.15 s]
0.0.AMcustom3: Trace Attempt  5	[0.15 s]
0.0.Ncustom1: Trace Attempt  1	[0.36 s]
0.0.Ncustom1: Trace Attempt  2	[0.37 s]
0.0.Ncustom1: Trace Attempt  3	[0.37 s]
0.0.Ncustom1: Trace Attempt  4	[0.37 s]
0.0.Ncustom1: Trace Attempt  5	[0.37 s]
0.0.Tri:    0.12" ---- Launching abstraction thread ----
0.0.Tri:    0.14" ---- Launching multi-phase simplification thread ----
0.0.Tri:    0.22" ---- Launching liveness simplification thread ----
0.0.Bcustom2: Trace Attempt  1	[0.44 s]
0.0.Bcustom2: Trace Attempt  2	[0.44 s]
0.0.Bcustom2: Trace Attempt  3	[0.44 s]
0.0.Bcustom2: Trace Attempt  4	[0.44 s]
0.0.Bcustom2: Trace Attempt  5	[0.44 s]
0.0.AMcustom3: Trace Attempt  1	[0.47 s]
0.0.AMcustom3: Trace Attempt  2	[0.47 s]
0.0.AMcustom3: Trace Attempt  3	[0.47 s]
0.0.AMcustom3: Trace Attempt  4	[0.47 s]
0.0.AMcustom3: Trace Attempt  5	[0.48 s]
0.0.Bcustom2: Trace Attempt  1	[1.17 s]
0.0.Bcustom2: Trace Attempt  2	[1.17 s]
0.0.Bcustom2: Trace Attempt  3	[1.17 s]
0.0.Bcustom2: Trace Attempt  4	[1.17 s]
0.0.Bcustom2: Trace Attempt  5	[1.17 s]
0.0.D: Trace Attempt 64	[0.96 s]
0.0.D: Stopped processing property "DELAY.p1"	[1.10 s].
0.0.D: Morphing to M
0.0.D: All properties determined. [0.00 s]
0.0.D: Exited with Success (@ 0.00 s)
0.0.M: clocks: 1, declared: 1, looping: 0, posedge: 1, negedge: 0, noedge: 0, bothedge: 0
0.0.M: Starting proof for property "DELAY.p1"	[0.00 s].
0.0.M: Trace Attempt  1	[0.00 s]
0.0.M: Trace Attempt  2	[0.00 s]
0.0.M: Trace Attempt  3	[0.00 s]
0.0.M: Trace Attempt  4	[0.00 s]
0.0.Tri:    1.05" Simplification phase 1 complete
0.0.Ncustom1: Requesting engine job to terminate
0.0.Bcustom2: Requesting engine job to terminate
0.0.AMcustom3: Requesting engine job to terminate
0.0.Tri: Requesting engine job to terminate
0.0.M: Requesting engine job to terminate
0.0.Hp: Requesting engine job to terminate
0.0.Ht: Requesting engine job to terminate
0.0.Bm: Requesting engine job to terminate
INFO (IPF144): 0: Initiating shutdown of proof [182.34 s]
0.0.Tri: A proof was found: No trace exists. [1.17 s]
INFO (IPF057): 0.0.Tri: The property "DELAY.p1" was proven in 1.17 s.
0.0.Bcustom2: Trace Attempt 388	[1.30 s]
0.0.Bcustom2: Stopped processing property "DELAY.p1"	[1.30 s].
0.0.Bcustom2: All properties determined. [1.30 s]
0.0.AMcustom3: Trace Attempt 83	[1.19 s]
0.0.AMcustom3: Stopped processing property "DELAY.p1"	[1.21 s].
0.0.AMcustom3: All properties determined. [1.21 s]
0.0.M: Trace Attempt 30	[0.10 s]
0.0.M: Stopped processing property "DELAY.p1"	[0.11 s].
0.0.M: All properties determined. [0.10 s]
0.0.Ncustom1: Trace Attempt 90	[1.35 s]
0.0.Ncustom1: Stopped processing property "DELAY.p1"	[1.36 s].
0.0.Ncustom1: All properties determined. [1.36 s]
0.0.AMcustom3: Exited with Success (@ 182.35 s)
0: ProofGrid usable level: 0
0.0.M: Exited with Success (@ 182.35 s)
0.0.Ncustom1: Exited with Success (@ 182.35 s)
0.0.Bcustom2: Exited with Success (@ 182.35 s)
0.0.Hp: Trace Attempt 2588	[182.26 s]
0.0.Hp: All properties determined. [182.37 s]
0.0.AMcustom5: Proofgrid shell started at 25778@vlsi-ria85(local) jg_21113_vlsi-ria85_1
0.0.AMcustom5: Requesting engine job to terminate
0.0.AMcustom5: Preventing job from starting because proof is shutting down.
0.0.AMcustom5: Requesting engine job to terminate
0.0.AMcustom5: Interrupted. [0.00 s]
0.0.AMcustom5: Exited with Success (@ 182.39 s)
0.0.Bm: Trace Attempt 5006	[182.28 s]
0.0.Bm: All properties determined. [182.34 s]
0.0.Bm: Exited with Success (@ 182.41 s)
0.0.Hp: Exited with Success (@ 182.48 s)
0.0.Tri: Stopped processing property "DELAY.p1"	[1.37 s].
0.0.Tri: All properties determined. [1.38 s]
0.0.Tri: Exited with Success (@ 182.55 s)
0.0.Ht: Trace Attempt 6513	[182.14 s]
0.0.Ht: All properties determined. [182.92 s]
0.0.Ht: Exited with Success (@ 182.99 s)
0: --------------------------------------------------------------
ProofGrid Summary (utilization 99.92 %)
--------------------------------------------------------------
     engines started                               :    16
     engine jobs started                           :    12

    Average time in state (seconds)
    ------------------------------------------------------
    Engine  Pending     Running        Dead    Utilization
    ------------------------------------------------------
     Hp        0.03      182.34        0.00       99.98 %
     Ht        0.04      182.31        0.00       99.98 %
     Bm        0.05      182.29        0.00       99.97 %
    Mpcustom4        0.04        0.01        0.00       13.88 %
     Oh        0.04        0.01        0.00       22.73 %
      L        0.05        0.01        0.00       10.08 %
    Ncustom1        0.03      182.32        0.00       99.98 %
    Bcustom2        0.07      182.20        0.00       99.96 %
    AMcustom3        0.03      182.14        0.00       99.98 %
    Tri        0.17        1.19        0.00       87.40 %
      M        0.15        1.18        0.00       88.87 %
    AMcustom5        0.16        0.00        0.00        0.00 %
    all        0.07       91.33        0.00       99.92 %

    Total time in state (seconds)
    -----------------------------------------
            Pending     Running        Dead  
    -----------------------------------------
               0.87     1096.00        0.00

    Data read    : 6.78 MiB
    Data written : 4.16 kiB

0: All pending notifications were processed.
INFO (IPF059): 0: Completed proof on task: "<embedded>"

==============================================================
SUMMARY
==============================================================
           Properties Considered              : 2
                 assertions                   : 1
                  - proven                    : 1 (100%)
                  - bounded_proven (user)     : 0 (0%)
                  - bounded_proven (auto)     : 0 (0%)
                  - marked_proven             : 0 (0%)
                  - cex                       : 0 (0%)
                  - ar_cex                    : 0 (0%)
                  - undetermined              : 0 (0%)
                  - unknown                   : 0 (0%)
                  - error                     : 0 (0%)
                 covers                       : 1
                  - unreachable               : 0 (0%)
                  - bounded_unreachable (user): 0 (0%)
                  - covered                   : 1 (100%)
                  - ar_covered                : 0 (0%)
                  - undetermined              : 0 (0%)
                  - unknown                   : 0 (0%)
                  - error                     : 0 (0%)
determined
[<embedded>] % exit -force
[<embedded>] % INFO (IPL005): Received request to exit from the console.
INFO (IPL014): Waiting for the Tcl-thread to exit.
INFO: Waiting for proof threads to stop...
INFO: Proof threads stopped.
INFO (IPL018): The peak resident set memory use for this session was 2.022 GB.
INFO (IPL015): The Tcl-thread exited with status 0.
INFO (IPL016): Exiting the analysis session with status 0.
Finished delay_2.tcl successfully
