Jasper Apps 2024.06p002 64 bits 2024.09.02 16:28:38 UTC

Any disclosure about the Cadence Design Systems software or its use
model to any third party violates the written Non-Disclosure Agreement
between Cadence Design Systems, Inc. and the customer.

THIS SOFTWARE CONTAINS CONFIDENTIAL INFORMATION AND TRADE SECRETS OF
CADENCE DESIGN SYSTEMS, INC. USE, DISCLOSURE, OR REPRODUCTION IS
PROHIBITED WITHOUT THE PRIOR EXPRESS WRITTEN PERMISSION OF CADENCE
DESIGN SYSTEMS, INC.

Copyright (C) 2000-2024 Cadence Design Systems, Inc. All Rights
Reserved.  Unpublished -- rights reserved under the copyright laws of
the United States.

This product includes software developed by others and redistributed
according to license agreement. See doc/third_party_readme.txt for
further details.

RESTRICTED RIGHTS LEGEND

Use, duplication, or disclosure by the Government is subject to
restrictions as set forth in subparagraph (c) (1) (ii) of the Rights in
Technical Data and Computer Software clause at DFARS 252.227-7013 or
subparagraphs (c) (1) and (2) of Commercial Computer Software -- Restricted
Rights at 48 CFR 52.227-19, as applicable.


                          Cadence Design Systems, Inc.
                          2655 Seely Avenue
                          San Jose, CA 95134
                          Phone: 408.943.1234

For technical assistance visit http://support.cadence.com.

Jasper Apps Analysis Session - /users/rompel/jasper_executions/safety/jgprojects/gray_7/sessionLogs/session_0

WARNING (WG017): [session]: The system's locale is "ANSI_X3.4-1968", which is not UTF-8. Non-ASCII characters might not be handled correctly.
WARNING (WG017): [jg_console]: The system's locale is "ANSI_X3.4-1968", which is not UTF-8. Non-ASCII characters might not be handled correctly.
INFO: successfully checked out license "jasper_fao".
INFO: reading configuration file "/users/rompel/.config/cadence/jasper.conf".
% analyze -sv09 ../gray_7.sv
[-- (VERI-1482)] Analyzing Verilog file '/tools/cadence2425/JASPER/jasper_2024.06p002/lib/verilog/packages/std/std.sv' into library 'std'
[-- (VERI-1482)] Analyzing Verilog file '../gray_7.sv'
% elaborate -bbox_mul 1000000 -bbox_div 1000000 -bbox_mod 1000000 -bbox_a 1000000
[INFO (HIER-8002)] ../gray_7.sv(14): Disabling old hierarchical reference handler
[INFO (VERI-1018)] ../gray_7.sv(1): compiling module 'GRAY'
[WARN (VERI-1209)] ../gray_7.sv(9): expression size 32 truncated to fit in target size 14
INFO (ISW003): Top module name is "GRAY".
INFO (INL208): Elaboration synthesis summary:
  Number of synthesized netlists          1 (0 packages)
  Single run mode                         On
  Pipeline                                On (1 pipelined netlists)
  Late hierarchical reference connection  On
  Number of analyzed Verilog modules      1 (1 synthesized)
  Number of analyzed VHDL entities        0 (0 synthesized)
INFO (INL003): Clearing all state information (assumes, stopats, and so forth).
GRAY
[<embedded>] % reset rst
INFO (IPM031): Clearing proof results of all properties.
INFO (IRS006): Current reset condition is "rst".
[<embedded>] % clock clk
[<embedded>] % prove -all
Ncustom1: Custom engine code is hT3Ng7hPPfiYQOTDZ3qhYOwGAM51eA+J/FjkM5shLioAsqhgLR4Ft+O1BuKG6ilQ83B9tLXSl+CwjiTMAQA
Bcustom2: Custom engine code is hT3Nm7hPr1Vp3Di1Ra2USNIGL4JypRnLKLAdF6JAyuavO2JfGCiY9OZJhcAcOUnLx5xwNdhILGrAWX9s+z2WDkKwNR7tAfClBEjRFVQeq6DU54boFgEA
AMcustom3: Custom engine code is hT3Ng7hP/feYQOTDZ3qhYOwGAM51eA+J/FjkM5shLioAsqhgLR4Ft+O1BuKG6ilQ83B9tLXSmmqwm7g9AQA
Mpcustom4: Custom engine code is hT3NZbhP9fmY2AbBQnsjfOxn6c+6e6yL+/e8fZFmaQrnlgEA
INFO (IPF036): Starting proof on task: "<embedded>", 2 properties to prove with 0 already proven/unreachable
INFO (IRS029): Starting reset analysis: phase 1 of 4.
INFO (IRS030): Running reset analysis: phase 2 of 4.
INFO (IRS031): Running reset analysis: phase 3 of 4.
INFO (IRS020): Starting the reset analysis simulation with a limit of 100 iterations (phase 4 of 4).
INFO (IRS024): Reset iterations 0 to 4 analyzed.
INFO (IRS018): Reset analysis simulation executed for 3 iterations. Assigned values for 14 of 28 design flops, 0 of 0 design latches, 6 of 6 internal elements.
INFO (IRS039): Reset analysis complete.
INFO (IPF031): Settings used for proof thread 0:
    orchestration                 = on
    time_limit                    = 86400s
    per_property_time_limit       = 1s * 10 ^ scan
    engine_mode                   = auto
    proofgrid_per_engine_max_jobs = 1
    max engine jobs               = auto
    proofgrid_mode                = local
    proofgrid_restarts            = 10
AMcustom5: Custom engine code is hT3N1rhP11/52HrFRS21ROp2LOjVTgPvT8L8BGXHgLhaIuqtT4nARFjUqrBL+7pLmaTOzBepZW/Jm8SSrHDybSQtoNiO3y43wk+dEoWlsZizu97Fih6O6lPVG/LpWP5SsUPwlGagLNa1FKEFvwVXyX7//8prySbvSxIHXr5er+z4RAEA
0: Using multistage preprocessing
Ncustom6: Custom engine code is hT3OXrhPByJp3TrFSTLhUmMH4KVtJgmTCnNDF46yMXOKY48m4LS5nE7yBzFjA7kDuwO/GhGUpEPiky3p3wmPn3dJZHxFMsafSoObRzSC+tn7sEY0WbTdZ/FV4hL3MYH/b1CIUvXSWR4wqEoVLsmMOD4xIPT4lI1LO6ZCO7PnnWQuLwetnvKlrXx6wCW/A+x+enqslg1YPobi4wEF/EvbzOvcTYdJvl2s4H2yZg2b2ofAVN5WvhWk1HoBAA
0: Starting reduce
ADcustom7: Custom engine code is hT3Nv7hPv1752HrFRa2kROx2f/ECJeZB2AZsLdlO8VwmIuqtT4nIDFXclhg+O+o+DMmQCekbheGk0kK28laA9gaOFDXsQp29J3X615HY1IPHJWd6FUFvCHjO+p1k652b5JJvZlShNpGlGSXAiQe/mEAj6tEBAA
Tricustom8: Custom engine code is hT3Nu7hPt1752DvFRa0kNDiyIV97VyejwM9C/jCLJjdPvusZONHY42VYUy0Q1ZotnhcVtNc56tJ5wbxv6V2+XpdsaSlHck5vfnbYjdwj1OECy9U+7oSQ0SZE3g5ayD+Phuh4odCJTjeKa2k4elM9ldQfkAEA
Gcustom9: Custom engine code is hT3NibhPDfeYQADBZnYcglOvK9Pfd7EOeniIqP8jNsyIqInncipMGcUXqAadachREE9F2PwhBUZUNw5kHnd4JdXkamORRgEA
C2custom10: Custom engine code is hT3NirhPjfWYQADBZnYcglOvK9Pfd7EOeniIqP8jNsyIqInncgkrYMMXCYbdK0dUjZIF9d4cJ0rHoBDjwVLBKuG86XYVV00BAA
AGcustom11: Custom engine code is hT3NirhP/fmYQADBZnYcglOvK9Pfd7EOeniIqP8jNsyIqInnckcwYMMXCYbdK0dUjZIF9d4cJ0rHoBDjwVLBKuHEZnZByh0BAA
Bcustom12: Custom engine code is hT3NjrhPDfiYQADBZnYcglOvK9PfWxFtenjIyBqfrgr7if/jL/yPOuK1BAflEcW0DxNH2eDIoezN2gxlQFg81RZtiWXh7aiTAidvAQA
Ncustom13: Custom engine code is hT3NR7hPByFp3TrFSTLhUmMH4KWtJglTyV/c51BHEeZWamnJv767nE6PCak26bd3gf3XGN3rIRheufhDieCJQVISo+gNYUKhiUedBKGtsP/a18svAnlMJZudHxDFwK5ufsyoxsIyiAeSY2oi3tEuoDHr5gw42DFKAG3PqO3CEsl8Azzdt3pl5nGA1Ifv2H02eYsFzWb/nfp8PMb3F0krE/EgBcm8TD9Div8BAA
Tricustom14: Custom engine code is hT3Nu7hP3fiYQADBZnYcglNHp9bfd7EOeniIqP/ji8sGLQu8yhsFO+wxJ+O+R0bU8g/IewXFomyos+viQnWc2xYNYmMqpo3i40O7DaZR7qfp4YqNx26KRvQ/qx0BAA
0: Finished reduce in 0s
0.0.PRE: Performing Proof Simplification...
0.0.N: clocks: 1, declared: 1, looping: 0, posedge: 1, negedge: 0, noedge: 0, bothedge: 0
0.0.N: Proof Simplification Iteration 1	[0.00 s]
0.0.PRE: A trace with 1 cycles was found. [0.00 s]
INFO (IPF047): 0.0.PRE: The cover property "GRAY.p1:precondition1" was covered in 1 cycles in 0.00 s.
0.0.N: Proof Simplification Iteration 2	[0.06 s]
0.0.PRE: A proof was found: No trace exists. [0.00 s]
INFO (IPF057): 0.0.PRE: The property ":noDeadEnd" was proven in 0.00 s.
    Use check_assumptions -show -dead_end to show this property in the property table.
0.0.PRE: A proof was found: No trace exists. [0.00 s]
INFO (IPF057): 0.0.PRE: The property ":noConflict" was proven in 0.00 s.
    Use check_assumptions -show to show this property in the property table.
INFO (IPF047): 0.0.PRE: The cover property ":live" was covered in 1 cycles in 0.00 s.
    Use check_assumptions -show -live to show this property in the property table.
0.0.PRE: Proof Simplification completed in 0.06 s
0: About to start ProofGrid in its own thread with a limit of 10000 pending notifications and a limit of 10 traces.
0: =============================== ProofGrid start ===============================
0: ProofGrid usable level: 1
0: Initial ProofGrid level: 1
0: ProofGrid is starting event handling
0.0.N: Proofgrid shell started at 13829@vlsi-ria85(local) jg_13713_vlsi-ria85_1
0.0.Hp: Proofgrid shell started at 13830@vlsi-ria85(local) jg_13713_vlsi-ria85_1
0.0.N: clocks: 1, declared: 1, looping: 0, posedge: 1, negedge: 0, noedge: 0, bothedge: 0
0.0.Hp: clocks: 1, declared: 1, looping: 0, posedge: 1, negedge: 0, noedge: 0, bothedge: 0
0.0.Hp: Last scan. Per property time limit: 0s
0.0.Hp: Trace Attempt  1	[0.00 s]
0.0.Hp: Trace Attempt  2	[0.00 s]
0.0.N: Last scan. Per property time limit: 0s
0.0.N: Starting proof for property "GRAY.p1"	[0.00 s].
0.0.N: Trace Attempt  1	[0.00 s]
0.0.N: Trace Attempt  2	[0.00 s]
0.0.N: Trace Attempt  2	[0.00 s]
0.0.N: Trace Attempt  3	[0.00 s]
0.0.N: Trace Attempt  4	[0.00 s]
0.0.N: Trace Attempt  4	[0.00 s]
0.0.Hp: Trace Attempt  3	[0.00 s]
0.0.Hp: Trace Attempt  4	[0.00 s]
0.0.Hp: Trace Attempt  5	[0.00 s]
0.0.N: Trace Attempt  5	[0.00 s]
0.0.N: Trace Attempt  1	[0.01 s]
0.0.N: Trace Attempt  2	[0.01 s]
0.0.N: Trace Attempt  3	[0.01 s]
0.0.N: Trace Attempt  4	[0.01 s]
0.0.N: Trace Attempt  5	[0.01 s]
0.0.L: Proofgrid shell started at 13889@vlsi-ria85(local) jg_13713_vlsi-ria85_1
0.0.Bm: Proofgrid shell started at 13886@vlsi-ria85(local) jg_13713_vlsi-ria85_1
0.0.Bm: clocks: 1, declared: 1, looping: 0, posedge: 1, negedge: 0, noedge: 0, bothedge: 0
0.0.Bm: Ignoring liveness properties
0.0.Bm: Last scan. Per property time limit: 0s
0.0.Bm: Trace Attempt  1	[0.00 s]
0.0.L: clocks: 1, declared: 1, looping: 0, posedge: 1, negedge: 0, noedge: 0, bothedge: 0
0.0.L: Using trace diversification with seed 1 (0.05)
0.0.L: Using LRU state removal heuristic
0.0.L: Ignoring liveness properties
0.0.L: All properties either determined or skipped. [0.00 s]
0.0.Bm: Trace Attempt  2	[0.00 s]
0.0.L: Exited with Success (@ 0.04 s)
0.0.L: Completed, Restart ignored.
0.0.Bm: Trace Attempt  3	[0.00 s]
0.0.Bm: Trace Attempt  4	[0.00 s]
0.0.Bm: Trace Attempt  5	[0.00 s]
0.0.B: Proofgrid shell started at 13890@vlsi-ria85(local) jg_13713_vlsi-ria85_1
0.0.B: clocks: 1, declared: 1, looping: 0, posedge: 1, negedge: 0, noedge: 0, bothedge: 0
0.0.B: Last scan. Per property time limit: 0s
0.0.B: Starting proof for property "GRAY.p1"	[0.00 s].
0.0.B: Trace Attempt  1	[0.00 s]
0.0.B: Trace Attempt  2	[0.00 s]
0.0.B: Trace Attempt  3	[0.00 s]
0.0.B: Trace Attempt  4	[0.00 s]
0.0.B: Trace Attempt  5	[0.00 s]
0.0.Oh: Proofgrid shell started at 13888@vlsi-ria85(local) jg_13713_vlsi-ria85_1
0.0.Oh: clocks: 1, declared: 1, looping: 0, posedge: 1, negedge: 0, noedge: 0, bothedge: 0
0.0.Oh: Reached length limit (2147483647) [0.00 s]
0.0.Oh: Exited with Success (@ 0.09 s)
0.0.Oh: Completed, Restart ignored.
0.0.N: Trace Attempt  1	[0.09 s]
0.0.N: Trace Attempt  2	[0.09 s]
0.0.N: Trace Attempt  3	[0.09 s]
0.0.N: Trace Attempt  4	[0.09 s]
0.0.N: Trace Attempt  5	[0.09 s]
0.0.Mpcustom4: Proofgrid shell started at 13887@vlsi-ria85(local) jg_13713_vlsi-ria85_1
0.0.AM: Proofgrid shell started at 13975@vlsi-ria85(local) jg_13713_vlsi-ria85_1
0.0.Ht: Proofgrid shell started at 13884@vlsi-ria85(local) jg_13713_vlsi-ria85_1
0.0.AM: clocks: 1, declared: 1, looping: 0, posedge: 1, negedge: 0, noedge: 0, bothedge: 0
0.0.AM: Last scan. Per property time limit: 0s
0.0.AM: Starting proof for property "GRAY.p1"	[0.00 s].
0.0.AM: Trace Attempt  1	[0.00 s]
0.0.AM: Trace Attempt  2	[0.00 s]
0.0.AM: Trace Attempt  3	[0.00 s]
0.0.AM: Trace Attempt  4	[0.00 s]
0.0.AM: Trace Attempt  5	[0.00 s]
0.0.AM: Trace Attempt  1	[0.00 s]
0.0.AM: Trace Attempt  2	[0.00 s]
0.0.AM: Trace Attempt  3	[0.00 s]
0.0.AM: Trace Attempt  5	[0.00 s]
0.0.Mpcustom4: clocks: 1, declared: 1, looping: 0, posedge: 1, negedge: 0, noedge: 0, bothedge: 0
0.0.Mpcustom4: Ignoring liveness properties
0.0.Mpcustom4: All properties either determined or skipped. [0.00 s]
0.0.Mpcustom4: Exited with Success (@ 0.13 s)
0.0.Mpcustom4: Completed, Restart ignored.
0.0.AM: Trace Attempt  1	[0.01 s]
0.0.AM: Trace Attempt  2	[0.01 s]
0.0.AM: Trace Attempt  3	[0.01 s]
0.0.AM: Trace Attempt  4	[0.01 s]
0.0.AM: Trace Attempt  5	[0.01 s]
0.0.Ht: clocks: 1, declared: 1, looping: 0, posedge: 1, negedge: 0, noedge: 0, bothedge: 0
0.0.Ht: Last scan. Per property time limit: 0s
0.0.Ht: Trace Attempt  1	[0.00 s]
0.0.Ht: Trace Attempt  2	[0.00 s]
0.0.Ht: Trace Attempt  3	[0.00 s]
0.0.Ht: Trace Attempt  4	[0.00 s]
0.0.Ht: Trace Attempt  5	[0.00 s]
0.0.AM: Trace Attempt  1	[0.03 s]
0.0.AM: Trace Attempt  2	[0.04 s]
0.0.AM: Trace Attempt  3	[0.04 s]
0.0.AM: Trace Attempt  4	[0.04 s]
0.0.AM: Trace Attempt  5	[0.04 s]
0.0.AM: Trace Attempt  1	[0.11 s]
0.0.AM: Trace Attempt  2	[0.11 s]
0.0.AM: Trace Attempt  3	[0.11 s]
0.0.AM: Trace Attempt  4	[0.11 s]
0.0.AM: Trace Attempt  5	[0.11 s]
0.0.N: Trace Attempt  1	[0.35 s]
0.0.N: Trace Attempt  2	[0.35 s]
0.0.N: Trace Attempt  3	[0.35 s]
0.0.N: Trace Attempt  4	[0.35 s]
0.0.N: Trace Attempt  5	[0.35 s]
0.0.AM: Trace Attempt  1	[0.46 s]
0.0.AM: Trace Attempt  2	[0.46 s]
0.0.AM: Trace Attempt  3	[0.46 s]
0.0.AM: Trace Attempt  4	[0.46 s]
0.0.AM: Trace Attempt  5	[0.47 s]
0.0.N: Trace Attempt  1	[1.66 s]
0.0.N: Trace Attempt  2	[1.66 s]
0.0.N: Trace Attempt  3	[1.66 s]
0.0.N: Trace Attempt  4	[1.66 s]
0.0.N: Trace Attempt  5	[1.66 s]
0.0.AM: Trace Attempt  1	[2.86 s]
0.0.AM: Trace Attempt  2	[2.86 s]
0.0.AM: Trace Attempt  3	[2.86 s]
0.0.AM: Trace Attempt  4	[2.86 s]
0.0.AM: Trace Attempt  5	[2.86 s]
0.0.N: Trace Attempt  1	[3.04 s]
0.0.N: Trace Attempt  2	[3.04 s]
0.0.N: Trace Attempt  3	[3.04 s]
0.0.N: Trace Attempt  4	[3.04 s]
0.0.N: Trace Attempt  5	[3.04 s]
0.0.Hp: Trace Attempt 615	[4.01 s]
0.0.Bm: Trace Attempt 1662	[4.00 s]
0.0.B: Trace Attempt 1667	[4.00 s]
0.0.Ht: Trace Attempt 1829	[4.00 s]
0.0.N: Trace Attempt  1	[4.44 s]
0.0.N: Trace Attempt  2	[4.44 s]
0.0.N: Trace Attempt  3	[4.44 s]
0.0.N: Trace Attempt  4	[4.44 s]
0.0.N: Trace Attempt  5	[4.44 s]
0.0.N: Trace Attempt  1	[5.83 s]
0.0.N: Trace Attempt  2	[5.83 s]
0.0.N: Trace Attempt  3	[5.83 s]
0.0.N: Trace Attempt  4	[5.83 s]
0.0.N: Trace Attempt  5	[5.83 s]
0.0.AM: Trace Attempt 176	[6.88 s]
0.0.N: Trace Attempt  1	[7.25 s]
0.0.N: Trace Attempt  2	[7.25 s]
0.0.N: Trace Attempt  3	[7.25 s]
0.0.N: Trace Attempt  4	[7.25 s]
0.0.N: Trace Attempt  5	[7.25 s]
0.0.Hp: Trace Attempt 857	[8.02 s]
0.0.Bm: Trace Attempt 2302	[8.00 s]
0.0.B: Trace Attempt 2261	[8.00 s]
0.0.Ht: Trace Attempt 2493	[8.01 s]
0.0.N: Trace Attempt  1	[8.63 s]
0.0.N: Trace Attempt  2	[8.63 s]
0.0.N: Trace Attempt  3	[8.63 s]
0.0.N: Trace Attempt  4	[8.63 s]
0.0.N: Trace Attempt  5	[8.63 s]
0.0.N: Trace Attempt  1	[10.02 s]
0.0.N: Trace Attempt  2	[10.02 s]
0.0.N: Trace Attempt  3	[10.02 s]
0.0.N: Trace Attempt  4	[10.02 s]
0.0.N: Trace Attempt  5	[10.02 s]
0.0.AM: Trace Attempt  1	[10.53 s]
0.0.AM: Trace Attempt  2	[10.53 s]
0.0.AM: Trace Attempt  3	[10.53 s]
0.0.AM: Trace Attempt  4	[10.53 s]
0.0.AM: Trace Attempt  5	[10.53 s]
0.0.N: Trace Attempt  1	[11.53 s]
0.0.N: Trace Attempt  2	[11.53 s]
0.0.N: Trace Attempt  3	[11.53 s]
0.0.N: Trace Attempt  4	[11.53 s]
0.0.N: Trace Attempt  5	[11.54 s]
0.0.Hp: Trace Attempt 1036	[12.04 s]
0.0.Bm: Trace Attempt 2796	[12.01 s]
0.0.B: Trace Attempt 2743	[12.01 s]
0.0.Ht: Trace Attempt 3001	[12.01 s]
0.0.AM: Trace Attempt 175	[14.59 s]
0.0.N: Trace Attempt 163	[15.56 s]
0.0.Bm: Trace Attempt 3216	[16.01 s]
0.0.Hp: Trace Attempt 1195	[16.06 s]
0.0.B: Trace Attempt 3134	[16.02 s]
0.0.Ht: Trace Attempt 3423	[16.02 s]
0.0.AM: Trace Attempt 242	[18.69 s]
0.0.N: Trace Attempt  1	[18.95 s]
0.0.N: Trace Attempt  2	[18.95 s]
0.0.N: Trace Attempt  3	[18.95 s]
0.0.N: Trace Attempt  4	[18.95 s]
0.0.N: Trace Attempt  5	[18.95 s]
0.0.Bm: Trace Attempt 3577	[20.02 s]
0.0.Hp: Trace Attempt 1328	[20.08 s]
0.0.B: Trace Attempt 3501	[20.02 s]
0.0.Ht: Trace Attempt 3817	[20.02 s]
0.0.AM: Trace Attempt 281	[22.80 s]
0.0.N: Trace Attempt 163	[22.98 s]
0.0.Bm: Trace Attempt 3892	[24.02 s]
0.0.Hp: Trace Attempt 1452	[24.09 s]
0.0.B: Trace Attempt 3832	[24.03 s]
0.0.Ht: Trace Attempt 4158	[24.02 s]
0.0.N: Trace Attempt  1	[26.42 s]
0.0.N: Trace Attempt  2	[26.42 s]
0.0.N: Trace Attempt  3	[26.42 s]
0.0.N: Trace Attempt  4	[26.42 s]
0.0.N: Trace Attempt  5	[26.42 s]
0.0.AM: Trace Attempt 324	[26.89 s]
0.0.Bm: Trace Attempt 4200	[28.03 s]
0.0.B: Trace Attempt 4133	[28.03 s]
0.0.Hp: Trace Attempt 1564	[28.11 s]
0.0.Ht: Trace Attempt 4465	[28.02 s]
0.0.N: Trace Attempt 159	[30.45 s]
0.0.AM: Trace Attempt 354	[31.04 s]
0.0.Bm: Trace Attempt 4490	[32.04 s]
0.0.B: Trace Attempt 4419	[32.03 s]
0.0.Hp: Trace Attempt 1670	[32.12 s]
0.0.Ht: Trace Attempt 4757	[32.03 s]
0.0.N: Trace Attempt  1	[34.20 s]
0.0.N: Trace Attempt  2	[34.20 s]
0.0.N: Trace Attempt  3	[34.20 s]
0.0.N: Trace Attempt  4	[34.20 s]
0.0.N: Trace Attempt  5	[34.21 s]
0.0.AM: Trace Attempt 390	[35.16 s]
0.0.Bm: Trace Attempt 4750	[36.04 s]
0.0.B: Trace Attempt 4671	[36.04 s]
0.0.Hp: Trace Attempt 1769	[36.12 s]
0.0.Ht: Trace Attempt 5031	[36.03 s]
0.0.N: Trace Attempt 164	[38.21 s]
0.0.AM: Trace Attempt 423	[39.19 s]
0.0.Bm: Trace Attempt 5000	[40.06 s]
0.0.B: Trace Attempt 4900	[40.05 s]
0.0.Hp: Trace Attempt 1860	[40.16 s]
0.0.Ht: Trace Attempt 5285	[40.05 s]
0.0.N: Trace Attempt  1	[41.60 s]
0.0.N: Trace Attempt  2	[41.60 s]
0.0.N: Trace Attempt  3	[41.60 s]
0.0.N: Trace Attempt  4	[41.60 s]
0.0.N: Trace Attempt  5	[41.60 s]
0.0.AM: Trace Attempt 456	[43.33 s]
0.0.Bm: Trace Attempt 5234	[44.08 s]
0.0.B: Trace Attempt 5141	[44.05 s]
0.0.Hp: Trace Attempt 1937	[44.18 s]
0.0.Ht: Trace Attempt 5533	[44.06 s]
0.0.N: Trace Attempt 164	[45.63 s]
0.0.Bm: Trace Attempt 5435	[48.08 s]
0.0.B: Trace Attempt 5346	[48.05 s]
0.0.Ht: Trace Attempt 5756	[48.06 s]
0.0.Hp: Trace Attempt 2015	[48.21 s]
0.0.N: Trace Attempt  1	[49.03 s]
0.0.N: Trace Attempt  2	[49.03 s]
0.0.N: Trace Attempt  3	[49.03 s]
0.0.N: Trace Attempt  4	[49.03 s]
0.0.N: Trace Attempt  5	[49.03 s]
0.0.AM: Trace Attempt 513	[50.98 s]
0.0.AM: Trace Attempt  1	[51.37 s]
0.0.AM: Trace Attempt  2	[51.37 s]
0.0.AM: Trace Attempt  3	[51.37 s]
0.0.AM: Trace Attempt  4	[51.37 s]
0.0.AM: Trace Attempt  5	[51.37 s]
0.0.Bm: Trace Attempt 5632	[52.09 s]
0.0.B: Trace Attempt 5544	[52.07 s]
0.0.Ht: Trace Attempt 5963	[52.06 s]
0.0.Hp: Trace Attempt 2090	[52.23 s]
0.0.N: Trace Attempt 163	[53.04 s]
0.0.AM: Trace Attempt 183	[55.38 s]
0.0.Bm: Trace Attempt 5839	[56.09 s]
0.0.B: Trace Attempt 5754	[56.07 s]
0.0.Ht: Trace Attempt 6175	[56.08 s]
0.0.Hp: Trace Attempt 2166	[56.27 s]
0.0.N: Trace Attempt  1	[56.47 s]
0.0.N: Trace Attempt  2	[56.47 s]
0.0.N: Trace Attempt  3	[56.47 s]
0.0.N: Trace Attempt  4	[56.47 s]
0.0.N: Trace Attempt  5	[56.47 s]
0.0.AM: Trace Attempt 240	[59.39 s]
0.0.Bm: Trace Attempt 6038	[60.10 s]
0.0.B: Trace Attempt 5941	[60.08 s]
0.0.Ht: Trace Attempt 6384	[60.09 s]
0.0.Hp: Trace Attempt 2235	[60.29 s]
0.0.N: Trace Attempt 162	[60.52 s]
0.0.AM: Trace Attempt 275	[63.53 s]
0.0.N: Trace Attempt  1	[63.97 s]
0.0.N: Trace Attempt  2	[63.97 s]
0.0.N: Trace Attempt  3	[63.97 s]
0.0.N: Trace Attempt  4	[63.97 s]
0.0.N: Trace Attempt  5	[63.97 s]
0.0.Bm: Trace Attempt 6229	[64.11 s]
0.0.B: Trace Attempt 6128	[64.09 s]
0.0.Ht: Trace Attempt 6586	[64.09 s]
0.0.Hp: Trace Attempt 2306	[64.30 s]
0.0.AM: Trace Attempt 308	[67.62 s]
0.0.N: Trace Attempt 162	[68.03 s]
0.0.Bm: Trace Attempt 6413	[68.12 s]
0.0.B: Trace Attempt 6311	[68.11 s]
0.0.Ht: Trace Attempt 6790	[68.10 s]
0.0.Hp: Trace Attempt 2374	[68.33 s]
0.0.N: Trace Attempt  1	[71.45 s]
0.0.N: Trace Attempt  2	[71.45 s]
0.0.N: Trace Attempt  3	[71.45 s]
0.0.N: Trace Attempt  4	[71.45 s]
0.0.N: Trace Attempt  5	[71.45 s]
0.0.AM: Trace Attempt 338	[71.70 s]
0.0.Bm: Trace Attempt 6593	[72.14 s]
0.0.B: Trace Attempt 6493	[72.12 s]
0.0.Ht: Trace Attempt 6986	[72.11 s]
0.0.Hp: Trace Attempt 2442	[72.37 s]
0.0.N: Trace Attempt 164	[75.51 s]
0.0.AM: Trace Attempt 365	[75.70 s]
0.0.Bm: Trace Attempt 6763	[76.14 s]
0.0.B: Trace Attempt 6663	[76.14 s]
0.0.Ht: Trace Attempt 7179	[76.13 s]
0.0.Hp: Trace Attempt 2508	[76.42 s]
0.0.N: Trace Attempt  1	[78.92 s]
0.0.N: Trace Attempt  2	[78.92 s]
0.0.N: Trace Attempt  3	[78.92 s]
0.0.N: Trace Attempt  4	[78.92 s]
0.0.N: Trace Attempt  5	[78.92 s]
0.0.AM: Trace Attempt 398	[79.72 s]
0.0.Bm: Trace Attempt 6930	[80.14 s]
0.0.B: Trace Attempt 6823	[80.16 s]
0.0.Ht: Trace Attempt 7351	[80.14 s]
0.0.Hp: Trace Attempt 2571	[80.46 s]
0.0.N: Trace Attempt 164	[82.97 s]
0.0.AM: Trace Attempt 428	[83.79 s]
0.0.Bm: Trace Attempt 7092	[84.17 s]
0.0.B: Trace Attempt 6983	[84.16 s]
0.0.Ht: Trace Attempt 7520	[84.16 s]
0.0.Hp: Trace Attempt 2633	[84.48 s]
0.0.N: Trace Attempt  1	[86.24 s]
0.0.N: Trace Attempt  2	[86.24 s]
0.0.N: Trace Attempt  3	[86.24 s]
0.0.N: Trace Attempt  4	[86.24 s]
0.0.N: Trace Attempt  5	[86.24 s]
0.0.AM: Trace Attempt 457	[88.09 s]
0.0.Bm: Trace Attempt 7248	[88.19 s]
0.0.B: Trace Attempt 7137	[88.17 s]
0.0.Ht: Trace Attempt 7693	[88.17 s]
0.0.Hp: Trace Attempt 2691	[88.50 s]
0.0.N: Trace Attempt 164	[90.28 s]
0.0.B: Trace Attempt 7296	[92.17 s]
0.0.Bm: Trace Attempt 7402	[92.20 s]
0.0.Ht: Trace Attempt 7856	[92.19 s]
0.0.Hp: Trace Attempt 2746	[92.52 s]
0.0.AM: Trace Attempt 466	[92.60 s]
0.0.N: Trace Attempt  1	[93.52 s]
0.0.N: Trace Attempt  2	[93.52 s]
0.0.N: Trace Attempt  3	[93.52 s]
0.0.N: Trace Attempt  4	[93.53 s]
0.0.N: Trace Attempt  5	[93.53 s]
0.0.B: Trace Attempt 7448	[96.17 s]
0.0.Bm: Trace Attempt 7555	[96.23 s]
0.0.Ht: Trace Attempt 8030	[96.22 s]
0.0.Hp: Trace Attempt 2800	[96.59 s]
0.0.AM: Trace Attempt 475	[96.73 s]
0.0.N: Trace Attempt 163	[97.53 s]
0.0.B: Trace Attempt 7601	[100.20 s]
0.0.Bm: Trace Attempt 7707	[100.24 s]
0.0.Ht: Trace Attempt 8193	[100.25 s]
0.0.Hp: Trace Attempt 2855	[100.65 s]
0.0.N: Trace Attempt  1	[100.94 s]
0.0.N: Trace Attempt  2	[100.95 s]
0.0.N: Trace Attempt  3	[100.95 s]
0.0.N: Trace Attempt  4	[100.95 s]
0.0.N: Trace Attempt  5	[100.95 s]
0.0.AM: Trace Attempt 488	[100.92 s]
0.0.B: Trace Attempt 7748	[104.21 s]
0.0.Bm: Trace Attempt 7849	[104.25 s]
0.0.Ht: Trace Attempt 8344	[104.26 s]
0.0.Hp: Trace Attempt 2910	[104.68 s]
0.0.N: Trace Attempt 163	[104.98 s]
0.0.AM: Trace Attempt 505	[105.32 s]
0.0.B: Trace Attempt 7887	[108.22 s]
0.0.Bm: Trace Attempt 7991	[108.26 s]
0.0.N: Trace Attempt  1	[108.35 s]
0.0.N: Trace Attempt  2	[108.35 s]
0.0.N: Trace Attempt  3	[108.35 s]
0.0.N: Trace Attempt  4	[108.35 s]
0.0.N: Trace Attempt  5	[108.35 s]
0.0.Ht: Trace Attempt 8494	[108.28 s]
0.0.Hp: Trace Attempt 2963	[108.71 s]
0.0.AM: Trace Attempt 519	[109.33 s]
0.0.B: Trace Attempt 8028	[112.23 s]
0.0.Bm: Trace Attempt 8127	[112.29 s]
0.0.N: Trace Attempt 164	[112.38 s]
0.0.Ht: Trace Attempt 8646	[112.30 s]
0.0.Hp: Trace Attempt 3014	[112.77 s]
0.0.AM: Trace Attempt 534	[113.49 s]
0.0.N: Trace Attempt  1	[115.97 s]
0.0.N: Trace Attempt  2	[115.97 s]
0.0.N: Trace Attempt  3	[115.97 s]
0.0.N: Trace Attempt  4	[115.97 s]
0.0.N: Trace Attempt  5	[115.97 s]
0.0.B: Trace Attempt 8167	[116.24 s]
0.0.Bm: Trace Attempt 8263	[116.30 s]
0.0.Ht: Trace Attempt 8799	[116.31 s]
0.0.Hp: Trace Attempt 3063	[116.79 s]
0.0.AM: Trace Attempt 548	[117.67 s]
0.0.N: Trace Attempt 163	[120.03 s]
0.0.B: Trace Attempt 8303	[120.24 s]
0.0.Bm: Trace Attempt 8399	[120.30 s]
0.0.Ht: Trace Attempt 8952	[120.33 s]
0.0.Hp: Trace Attempt 3111	[120.82 s]
0.0.AM: Trace Attempt 560	[121.70 s]
0.0.N: Trace Attempt  1	[123.67 s]
0.0.N: Trace Attempt  2	[123.67 s]
0.0.N: Trace Attempt  3	[123.67 s]
0.0.N: Trace Attempt  4	[123.67 s]
0.0.N: Trace Attempt  5	[123.67 s]
0.0.B: Trace Attempt 8443	[124.26 s]
0.0.Bm: Trace Attempt 8533	[124.32 s]
0.0.Ht: Trace Attempt 9092	[124.35 s]
0.0.Hp: Trace Attempt 3161	[124.83 s]
0.0.AM: Trace Attempt 571	[126.10 s]
0.0.N: Trace Attempt 159	[127.71 s]
0.0.B: Trace Attempt 8570	[128.27 s]
0.0.Bm: Trace Attempt 8663	[128.33 s]
0.0.Ht: Trace Attempt 9231	[128.37 s]
0.0.Hp: Trace Attempt 3210	[128.87 s]
0.0.AM: Trace Attempt 582	[130.25 s]
0.0.N: Trace Attempt  1	[131.59 s]
0.0.N: Trace Attempt  2	[131.59 s]
0.0.N: Trace Attempt  3	[131.59 s]
0.0.N: Trace Attempt  4	[131.59 s]
0.0.N: Trace Attempt  5	[131.59 s]
0.0.B: Trace Attempt 8703	[132.29 s]
0.0.Bm: Trace Attempt 8794	[132.35 s]
0.0.Ht: Trace Attempt 9363	[132.40 s]
0.0.Hp: Trace Attempt 3257	[132.94 s]
0.0.AM: Trace Attempt 594	[134.53 s]
0.0.N: Trace Attempt 163	[135.59 s]
0.0.B: Trace Attempt 8831	[136.30 s]
0.0.Bm: Trace Attempt 8924	[136.39 s]
0.0.Ht: Trace Attempt 9491	[136.42 s]
0.0.Hp: Trace Attempt 3303	[136.95 s]
0.0.AM: Trace Attempt 605	[138.69 s]
0.0.N: Trace Attempt  1	[138.96 s]
0.0.N: Trace Attempt  2	[138.96 s]
0.0.N: Trace Attempt  3	[138.96 s]
0.0.N: Trace Attempt  4	[138.96 s]
0.0.N: Trace Attempt  5	[138.96 s]
0.0.B: Trace Attempt 8958	[140.30 s]
0.0.Bm: Trace Attempt 9047	[140.42 s]
0.0.Ht: Trace Attempt 9623	[140.44 s]
0.0.Hp: Trace Attempt 3348	[141.00 s]
0.0.AM: Trace Attempt 616	[142.79 s]
0.0.N: Trace Attempt 164	[143.02 s]
0.0.B: Trace Attempt 9082	[144.31 s]
0.0.Bm: Trace Attempt 9167	[144.42 s]
0.0.Ht: Trace Attempt 9760	[144.45 s]
0.0.Hp: Trace Attempt 3393	[145.04 s]
0.0.N: Trace Attempt  1	[146.59 s]
0.0.N: Trace Attempt  2	[146.59 s]
0.0.N: Trace Attempt  3	[146.59 s]
0.0.N: Trace Attempt  4	[146.59 s]
0.0.N: Trace Attempt  5	[146.59 s]
0.0.AM: Trace Attempt 627	[147.02 s]
0.0.B: Trace Attempt 9202	[148.38 s]
0.0.Bm: Trace Attempt 9286	[148.43 s]
0.0.Ht: Trace Attempt 9893	[148.47 s]
0.0.Hp: Trace Attempt 3437	[149.04 s]
0.0.N: Trace Attempt 161	[150.63 s]
0.0.AM: Trace Attempt 637	[151.03 s]
0.0.B: Trace Attempt 9326	[152.39 s]
0.0.Bm: Trace Attempt 9408	[152.44 s]
0.0.Ht: Trace Attempt 10027	[152.48 s]
0.0.Hp: Trace Attempt 3480	[153.11 s]
0.0.N: Trace Attempt 257	[154.97 s]
0.0.N: Trace Attempt  1	[154.98 s]
0.0.N: Trace Attempt  2	[154.98 s]
0.0.N: Trace Attempt  3	[154.98 s]
0.0.N: Trace Attempt  4	[154.98 s]
0.0.N: Trace Attempt  5	[154.98 s]
0.0.AM: Trace Attempt 645	[155.10 s]
0.0.B: Trace Attempt 9445	[156.41 s]
0.0.Bm: Trace Attempt 9525	[156.45 s]
0.0.Ht: Trace Attempt 10154	[156.48 s]
0.0.Hp: Trace Attempt 3522	[157.19 s]
0.0.N: Trace Attempt 182	[158.99 s]
0.0.AM: Trace Attempt 654	[159.58 s]
0.0.B: Trace Attempt 9566	[160.41 s]
0.0.Bm: Trace Attempt 9647	[160.46 s]
0.0.Ht: Trace Attempt 10277	[160.50 s]
0.0.Hp: Trace Attempt 3560	[161.25 s]
0.0.N: Trace Attempt 239	[163.03 s]
0.0.AM: Trace Attempt 662	[163.61 s]
0.0.B: Trace Attempt 9676	[164.44 s]
0.0.Bm: Trace Attempt 9760	[164.47 s]
0.0.Ht: Trace Attempt 10406	[164.53 s]
0.0.Hp: Trace Attempt 3602	[165.32 s]
0.0.N: Trace Attempt 274	[167.04 s]
0.0.AM: Trace Attempt 671	[168.16 s]
0.0.B: Trace Attempt 9789	[168.47 s]
0.0.Bm: Trace Attempt 9873	[168.50 s]
0.0.Ht: Trace Attempt 10526	[168.56 s]
0.0.Hp: Trace Attempt 3643	[169.41 s]
0.0.N: Trace Attempt 313	[171.10 s]
0.0.AM: Trace Attempt 677	[172.19 s]
0.0.Bm: Trace Attempt 9986	[172.51 s]
0.0.B: Trace Attempt 9898	[172.48 s]
0.0.Ht: Trace Attempt 10650	[172.56 s]
0.0.Hp: Trace Attempt 3684	[173.43 s]
0.0.N: Trace Attempt 345	[175.24 s]
0.0.Bm: Trace Attempt 10096	[176.51 s]
0.0.B: Trace Attempt 10010	[176.50 s]
0.0.Ht: Trace Attempt 10768	[176.59 s]
0.0.AM: Trace Attempt 685	[176.76 s]
0.0.Hp: Trace Attempt 3723	[177.46 s]
0.0.N: Trace Attempt 371	[179.35 s]
0.0.Bm: Trace Attempt 10195	[180.52 s]
0.0.B: Trace Attempt 10105	[180.52 s]
0.0.Ht: Trace Attempt 10883	[180.62 s]
0.0.AM: Trace Attempt 692	[181.20 s]
0.0.N: Trace Attempt 383	[181.28 s]
0.0.N: Stopped processing property "GRAY.p1"	[181.45 s].
0.0.N: Morphing to Ncustom1
0.0.N: All properties determined. [0.00 s]
0.0.N: Exited with Success (@ 0.00 s)
0.0.Ncustom1: clocks: 1, declared: 1, looping: 0, posedge: 1, negedge: 0, noedge: 0, bothedge: 0
0.0.Ncustom1: Starting proof for property "GRAY.p1"	[0.00 s].
0.0.Ncustom1: Trace Attempt 256	[0.02 s]
0.0.Hp: Trace Attempt 3759	[181.53 s]
0.0.AM: Stopped processing property "GRAY.p1"	[181.42 s].
0.0.AM: Morphing to AMcustom3
0.0.AM: All properties determined. [0.00 s]
0.0.AM: Exited with Success (@ 0.00 s)
0.0.AMcustom3: clocks: 1, declared: 1, looping: 0, posedge: 1, negedge: 0, noedge: 0, bothedge: 0
0.0.AMcustom3: Starting proof for property "GRAY.p1"	[0.00 s].
0.0.AMcustom3: Trace Attempt  1	[0.00 s]
0.0.AMcustom3: Trace Attempt  2	[0.00 s]
0.0.AMcustom3: Trace Attempt  3	[0.00 s]
0.0.AMcustom3: Trace Attempt  4	[0.00 s]
0.0.AMcustom3: Trace Attempt  5	[0.00 s]
0.0.AMcustom3: Trace Attempt  1	[0.00 s]
0.0.AMcustom3: Trace Attempt  2	[0.00 s]
0.0.AMcustom3: Trace Attempt  3	[0.00 s]
0.0.AMcustom3: Trace Attempt  5	[0.00 s]
0.0.AMcustom3: Trace Attempt  1	[0.01 s]
0.0.AMcustom3: Trace Attempt  2	[0.01 s]
0.0.AMcustom3: Trace Attempt  3	[0.01 s]
0.0.AMcustom3: Trace Attempt  4	[0.01 s]
0.0.AMcustom3: Trace Attempt  5	[0.01 s]
0.0.AMcustom3: Trace Attempt  1	[0.04 s]
0.0.AMcustom3: Trace Attempt  2	[0.04 s]
0.0.AMcustom3: Trace Attempt  3	[0.04 s]
0.0.AMcustom3: Trace Attempt  4	[0.04 s]
0.0.AMcustom3: Trace Attempt  5	[0.05 s]
0.0.B: Trace Attempt 10121	[181.32 s]
0.0.B: Stopped processing property "GRAY.p1"	[181.58 s].
0.0.B: Morphing to Bcustom2
0.0.B: All properties determined. [0.00 s]
0.0.B: Exited with Success (@ 0.00 s)
0.0.Bcustom2: clocks: 1, declared: 1, looping: 0, posedge: 1, negedge: 0, noedge: 0, bothedge: 0
0.0.Bcustom2: Starting proof for property "GRAY.p1"	[0.00 s].
0.0.Bcustom2: Trace Attempt  1	[0.00 s]
0.0.Bcustom2: Trace Attempt  2	[0.00 s]
0.0.Bcustom2: Trace Attempt  1	[0.00 s]
0.0.Bcustom2: Trace Attempt  2	[0.00 s]
0.0.Bcustom2: Trace Attempt  3	[0.00 s]
0.0.Bcustom2: Trace Attempt  4	[0.00 s]
0.0.Bcustom2: Trace Attempt  5	[0.00 s]
0.0.Bcustom2: Trace Attempt  1	[0.00 s]
0.0.Bcustom2: Trace Attempt  2	[0.00 s]
0.0.Bcustom2: Trace Attempt  3	[0.00 s]
0.0.Bcustom2: Trace Attempt  4	[0.00 s]
0.0.Bcustom2: Trace Attempt  5	[0.00 s]
0.0.Bcustom2: Trace Attempt  1	[0.00 s]
0.0.Bcustom2: Trace Attempt  2	[0.00 s]
0.0.Bcustom2: Trace Attempt  3	[0.00 s]
0.0.Bcustom2: Trace Attempt  4	[0.00 s]
0.0.Bcustom2: Trace Attempt  5	[0.00 s]
0.0.Bcustom2: Trace Attempt  1	[0.01 s]
0.0.Bcustom2: Trace Attempt  2	[0.01 s]
0.0.Bcustom2: Trace Attempt  3	[0.01 s]
0.0.Bcustom2: Trace Attempt  4	[0.01 s]
0.0.Bcustom2: Trace Attempt  5	[0.01 s]
0.0.Bcustom2: Trace Attempt  1	[0.02 s]
0.0.Bcustom2: Trace Attempt  2	[0.02 s]
0.0.Bcustom2: Trace Attempt  3	[0.02 s]
0.0.Bcustom2: Trace Attempt  4	[0.02 s]
0.0.Bcustom2: Trace Attempt  5	[0.02 s]
0.0.Bcustom2: Trace Attempt  1	[0.05 s]
0.0.Bcustom2: Trace Attempt  2	[0.05 s]
0.0.Bcustom2: Trace Attempt  3	[0.05 s]
0.0.Bcustom2: Trace Attempt  4	[0.05 s]
0.0.Bcustom2: Trace Attempt  5	[0.05 s]
0.0.Bcustom2: Trace Attempt  1	[0.11 s]
0.0.Bcustom2: Trace Attempt  2	[0.11 s]
0.0.Bcustom2: Trace Attempt  3	[0.11 s]
0.0.Bcustom2: Trace Attempt  4	[0.11 s]
0.0.Bcustom2: Trace Attempt  5	[0.11 s]
0.0.AMcustom3: Trace Attempt  1	[0.20 s]
0.0.AMcustom3: Trace Attempt  2	[0.20 s]
0.0.AMcustom3: Trace Attempt  3	[0.20 s]
0.0.AMcustom3: Trace Attempt  4	[0.20 s]
0.0.AMcustom3: Trace Attempt  5	[0.20 s]
0.0.Tri: Proofgrid shell started at 18878@vlsi-ria85(local) jg_13713_vlsi-ria85_1
0.0.Tri: clocks: 1, declared: 1, looping: 0, posedge: 1, negedge: 0, noedge: 0, bothedge: 0
0.0.Tri: Last scan. Per property time limit: 0s
0.0.Tri: Starting proof for property "GRAY.p1"	[0.00 s].
0.0.Tri: Trace Attempt  1	[0.00 s]
0.0.D: Proofgrid shell started at 18884@vlsi-ria85(local) jg_13713_vlsi-ria85_1
0.0.D: clocks: 1, declared: 1, looping: 0, posedge: 1, negedge: 0, noedge: 0, bothedge: 0
0.0.D: Last scan. Per property time limit: 0s
0.0.D: Starting proof for property "GRAY.p1"	[0.00 s].
0.0.D: Trace Attempt  1	[0.00 s]
0.0.D: Trace Attempt  2	[0.00 s]
0.0.D: Trace Attempt  4	[0.00 s]
0.0.Bcustom2: Trace Attempt  1	[0.26 s]
0.0.Bcustom2: Trace Attempt  2	[0.26 s]
0.0.Bcustom2: Trace Attempt  3	[0.26 s]
0.0.Bcustom2: Trace Attempt  4	[0.26 s]
0.0.Bcustom2: Trace Attempt  5	[0.26 s]
0.0.Tri:    0.00" ---- Launching main thread ----
0.0.Ncustom1: Trace Attempt  1	[0.81 s]
0.0.Ncustom1: Trace Attempt  2	[0.81 s]
0.0.Ncustom1: Trace Attempt  3	[0.81 s]
0.0.Ncustom1: Trace Attempt  4	[0.81 s]
0.0.Ncustom1: Trace Attempt  5	[0.81 s]
0.0.Tri:    0.26" ---- Launching abstraction thread ----
0.0.AMcustom3: Trace Attempt  1	[0.94 s]
0.0.Tri:    0.27" ---- Launching multi-phase simplification thread ----
0.0.AMcustom3: Trace Attempt  2	[0.94 s]
0.0.AMcustom3: Trace Attempt  3	[0.94 s]
0.0.AMcustom3: Trace Attempt  4	[0.94 s]
0.0.AMcustom3: Trace Attempt  5	[0.94 s]
0.0.D: Trace Attempt 32	[0.14 s]
0.0.D: Stopped processing property "GRAY.p1"	[0.66 s].
0.0.D: Morphing to M
0.0.D: All properties determined. [0.00 s]
0.0.D: Exited with Success (@ 0.00 s)
0.0.M: clocks: 1, declared: 1, looping: 0, posedge: 1, negedge: 0, noedge: 0, bothedge: 0
0.0.M: Starting proof for property "GRAY.p1"	[0.00 s].
0.0.M: Trace Attempt  1	[0.00 s]
0.0.M: Trace Attempt  2	[0.00 s]
0.0.M: Trace Attempt  3	[0.00 s]
0.0.M: Trace Attempt  4	[0.00 s]
0.0.M: Trace Attempt  5	[0.01 s]
0.0.Tri:    0.32" ---- Launching liveness simplification thread ----
0.0.AMcustom5: Proofgrid shell started at 19038@vlsi-ria85(local) jg_13713_vlsi-ria85_1
0: Running jobs with 9 threads on "vlsi-ria85" with 8 cores.
0: Running jobs with 9 threads on "vlsi-ria85" with 8 cores.
0.0.AMcustom5: clocks: 1, declared: 1, looping: 0, posedge: 1, negedge: 0, noedge: 0, bothedge: 0
0.0.AMcustom5: Last scan. Per property time limit: 0s
0.0.AMcustom5: Starting proof for property "GRAY.p1"	[0.00 s].
0.0.AMcustom5: Trace Attempt  1	[0.00 s]
0.0.AMcustom5: Trace Attempt  2	[0.00 s]
0.0.AMcustom5: Trace Attempt  1	[0.00 s]
0.0.AMcustom5: Trace Attempt  2	[0.00 s]
0.0.AMcustom5: Trace Attempt  3	[0.00 s]
0.0.AMcustom5: Trace Attempt  4	[0.00 s]
0.0.AMcustom5: Trace Attempt  5	[0.00 s]
0.0.AMcustom5: Trace Attempt  1	[0.00 s]
0.0.AMcustom5: Trace Attempt  2	[0.00 s]
0.0.AMcustom5: Trace Attempt  3	[0.00 s]
0.0.AMcustom5: Trace Attempt  4	[0.00 s]
0.0.AMcustom5: Trace Attempt  5	[0.00 s]
0.0.AMcustom5: Trace Attempt  1	[0.01 s]
0.0.AMcustom5: Trace Attempt  2	[0.01 s]
0.0.AMcustom5: Trace Attempt  3	[0.01 s]
0.0.AMcustom5: Trace Attempt  4	[0.01 s]
0.0.AMcustom5: Trace Attempt  5	[0.01 s]
0.0.AMcustom5: Trace Attempt  1	[0.02 s]
0.0.AMcustom5: Trace Attempt  2	[0.02 s]
0.0.AMcustom5: Trace Attempt  3	[0.02 s]
0.0.AMcustom5: Trace Attempt  4	[0.02 s]
0.0.AMcustom5: Trace Attempt  5	[0.02 s]
0.0.AMcustom5: Trace Attempt  1	[0.02 s]
0.0.AMcustom5: Trace Attempt  2	[0.02 s]
0.0.AMcustom5: Trace Attempt  3	[0.02 s]
0.0.AMcustom5: Trace Attempt  5	[0.02 s]
0.0.AMcustom5: Trace Attempt  1	[0.04 s]
0.0.AMcustom5: Trace Attempt  2	[0.04 s]
0.0.AMcustom5: Trace Attempt  3	[0.05 s]
0.0.AMcustom5: Trace Attempt  4	[0.05 s]
0.0.AMcustom5: Trace Attempt  5	[0.05 s]
0.0.AMcustom5: Trace Attempt  1	[0.08 s]
0.0.AMcustom5: Trace Attempt  2	[0.08 s]
0.0.AMcustom5: Trace Attempt  3	[0.08 s]
0.0.AMcustom5: Trace Attempt  4	[0.08 s]
0.0.AMcustom5: Trace Attempt  5	[0.08 s]
0.0.AMcustom5: Trace Attempt  1	[0.08 s]
0.0.AMcustom5: Trace Attempt  2	[0.08 s]
0.0.AMcustom5: Trace Attempt  3	[0.08 s]
0.0.AMcustom5: Trace Attempt  5	[0.09 s]
0.0.AMcustom5: Trace Attempt  1	[0.10 s]
0.0.AMcustom5: Trace Attempt  2	[0.10 s]
0.0.AMcustom5: Trace Attempt  3	[0.10 s]
0.0.AMcustom5: Trace Attempt  4	[0.10 s]
0.0.AMcustom5: Trace Attempt  5	[0.10 s]
0.0.AMcustom5: Trace Attempt  1	[0.13 s]
0.0.AMcustom5: Trace Attempt  2	[0.13 s]
0.0.AMcustom5: Trace Attempt  3	[0.13 s]
0.0.AMcustom5: Trace Attempt  4	[0.14 s]
0.0.AMcustom5: Trace Attempt  5	[0.14 s]
0.0.AMcustom5: Trace Attempt  1	[0.33 s]
0.0.AMcustom5: Trace Attempt  2	[0.33 s]
0.0.AMcustom5: Trace Attempt  3	[0.33 s]
0.0.AMcustom5: Trace Attempt  4	[0.33 s]
0.0.AMcustom5: Trace Attempt  5	[0.33 s]
0.0.AMcustom5: Trace Attempt  1	[0.33 s]
0.0.AMcustom5: Trace Attempt  2	[0.33 s]
0.0.AMcustom5: Trace Attempt  3	[0.33 s]
0.0.AMcustom5: Trace Attempt  5	[0.33 s]
0.0.AMcustom5: Trace Attempt  1	[0.33 s]
0.0.AMcustom5: Trace Attempt  2	[0.33 s]
0.0.AMcustom5: Trace Attempt  3	[0.33 s]
0.0.AMcustom5: Trace Attempt  4	[0.33 s]
0.0.AMcustom5: Trace Attempt  5	[0.33 s]
0.0.AMcustom5: Trace Attempt  1	[0.38 s]
0.0.AMcustom5: Trace Attempt  2	[0.38 s]
0.0.AMcustom5: Trace Attempt  3	[0.38 s]
0.0.AMcustom5: Trace Attempt  4	[0.38 s]
0.0.AMcustom5: Trace Attempt  5	[0.38 s]
0.0.Tri:    1.13" Simplification phase 1 complete
0.0.AMcustom5: Trace Attempt  1	[0.54 s]
0.0.AMcustom5: Trace Attempt  2	[0.54 s]
0.0.AMcustom5: Trace Attempt  3	[0.54 s]
0.0.AMcustom5: Trace Attempt  4	[0.54 s]
0.0.AMcustom5: Trace Attempt  5	[0.54 s]
0.0.Ncustom1: Requesting engine job to terminate
0.0.Bcustom2: Requesting engine job to terminate
0.0.AMcustom3: Requesting engine job to terminate
0.0.Tri: Requesting engine job to terminate
0.0.M: Requesting engine job to terminate
0.0.AMcustom5: Requesting engine job to terminate
0.0.Hp: Requesting engine job to terminate
0.0.Ht: Requesting engine job to terminate
0.0.Bm: Requesting engine job to terminate
INFO (IPF144): 0: Initiating shutdown of proof [183.44 s]
0.0.Tri: A proof was found: No trace exists. [1.60 s]
INFO (IPF057): 0.0.Tri: The property "GRAY.p1" was proven in 1.61 s.
0.0.M: Trace Attempt 67	[0.91 s]
0.0.M: Stopped processing property "GRAY.p1"	[0.90 s].
0.0.M: All properties determined. [0.93 s]
0.0.Ncustom1: Trace Attempt 89	[1.96 s]
0.0.Ncustom1: Stopped processing property "GRAY.p1"	[1.95 s].
0.0.Ncustom1: All properties determined. [1.98 s]
0.0.AMcustom3: Trace Attempt 81	[1.86 s]
0.0.AMcustom3: Stopped processing property "GRAY.p1"	[1.89 s].
0.0.AMcustom3: All properties determined. [1.89 s]
0.0.Ncustom1: Exited with Success (@ 183.45 s)
0: ProofGrid usable level: 0
0.0.M: Exited with Success (@ 183.45 s)
0.0.AMcustom5: Trace Attempt 14	[0.56 s]
0.0.AMcustom5: Stopped processing property "GRAY.p1"	[0.57 s].
0.0.AMcustom5: All properties determined. [0.57 s]
0.0.AMcustom5: Exited with Success (@ 183.45 s)
0.0.Ht: Trace Attempt 10964	[183.31 s]
0.0.Ht: All properties determined. [183.35 s]
0.0.AMcustom3: Exited with Success (@ 183.49 s)
0.0.Hp: Trace Attempt 3776	[183.35 s]
0.0.Hp: All properties determined. [183.49 s]
0.0.Bm: Trace Attempt 10271	[183.38 s]
0.0.Bm: All properties determined. [183.50 s]
0.0.Bm: Exited with Success (@ 183.57 s)
0.0.Ht: Exited with Success (@ 183.62 s)
0.0.Tri: Stopped processing property "GRAY.p1"	[1.80 s].
0.0.Tri: All properties determined. [1.80 s]
0.0.Tri: Exited with Success (@ 183.64 s)
0.0.Hp: Exited with Success (@ 183.70 s)
0.0.Bcustom2: Trace Attempt  1	[2.44 s]
0.0.Bcustom2: Stopped processing property "GRAY.p1"	[2.44 s].
0.0.Bcustom2: All properties determined. [2.44 s]
0.0.Bcustom2: Exited with Success (@ 184.12 s)
0: --------------------------------------------------------------
ProofGrid Summary (utilization 99.84 %)
--------------------------------------------------------------
     engines started                               :    16
     engine jobs started                           :    12
     jobs where 1 minute load exceeded core count  :     9
     jobs where 5 minute load exceeded core count  :    12
     jobs where 15 minute load exceeded core count :    12

    Average time in state (seconds)
    ------------------------------------------------------
    Engine  Pending     Running        Dead    Utilization
    ------------------------------------------------------
     Hp        0.03      183.44        0.00       99.98 %
     Ht        0.13      183.31        0.00       99.93 %
     Bm        0.03      183.41        0.00       99.98 %
    Mpcustom4        0.12        0.00        0.00        2.46 %
     Oh        0.09        0.00        0.00        1.95 %
      L        0.03        0.00        0.00        6.19 %
    Ncustom1        0.03      183.36        0.00       99.98 %
    Bcustom2        0.06      183.12        0.00       99.97 %
    AMcustom3        0.10      183.17        0.00       99.95 %
    Tri        0.37        1.65        0.00       81.82 %
      M        0.39        1.58        0.00       80.23 %
    AMcustom5        0.34        0.57        0.00       62.36 %
    all        0.14       91.97        0.00       99.84 %

    Total time in state (seconds)
    -----------------------------------------
            Pending     Running        Dead  
    -----------------------------------------
               1.73     1103.63        0.00

    Data read    : 7.19 MiB
    Data written : 4.58 kiB

0: All pending notifications were processed.
INFO (IPF059): 0: Completed proof on task: "<embedded>"

==============================================================
SUMMARY
==============================================================
           Properties Considered              : 2
                 assertions                   : 1
                  - proven                    : 1 (100%)
                  - bounded_proven (user)     : 0 (0%)
                  - bounded_proven (auto)     : 0 (0%)
                  - marked_proven             : 0 (0%)
                  - cex                       : 0 (0%)
                  - ar_cex                    : 0 (0%)
                  - undetermined              : 0 (0%)
                  - unknown                   : 0 (0%)
                  - error                     : 0 (0%)
                 covers                       : 1
                  - unreachable               : 0 (0%)
                  - bounded_unreachable (user): 0 (0%)
                  - covered                   : 1 (100%)
                  - ar_covered                : 0 (0%)
                  - undetermined              : 0 (0%)
                  - unknown                   : 0 (0%)
                  - error                     : 0 (0%)
determined
[<embedded>] % exit -force
[<embedded>] % INFO (IPL005): Received request to exit from the console.
INFO (IPL014): Waiting for the Tcl-thread to exit.
INFO: Waiting for proof threads to stop...
INFO: Proof threads stopped.
INFO (IPL018): The peak resident set memory use for this session was 2.043 GB.
INFO (IPL015): The Tcl-thread exited with status 0.
INFO (IPL016): Exiting the analysis session with status 0.
Finished gray_7.tcl successfully
