Jasper Apps 2024.06p002 64 bits 2024.09.02 16:28:38 UTC

Any disclosure about the Cadence Design Systems software or its use
model to any third party violates the written Non-Disclosure Agreement
between Cadence Design Systems, Inc. and the customer.

THIS SOFTWARE CONTAINS CONFIDENTIAL INFORMATION AND TRADE SECRETS OF
CADENCE DESIGN SYSTEMS, INC. USE, DISCLOSURE, OR REPRODUCTION IS
PROHIBITED WITHOUT THE PRIOR EXPRESS WRITTEN PERMISSION OF CADENCE
DESIGN SYSTEMS, INC.

Copyright (C) 2000-2024 Cadence Design Systems, Inc. All Rights
Reserved.  Unpublished -- rights reserved under the copyright laws of
the United States.

This product includes software developed by others and redistributed
according to license agreement. See doc/third_party_readme.txt for
further details.

RESTRICTED RIGHTS LEGEND

Use, duplication, or disclosure by the Government is subject to
restrictions as set forth in subparagraph (c) (1) (ii) of the Rights in
Technical Data and Computer Software clause at DFARS 252.227-7013 or
subparagraphs (c) (1) and (2) of Commercial Computer Software -- Restricted
Rights at 48 CFR 52.227-19, as applicable.


                          Cadence Design Systems, Inc.
                          2655 Seely Avenue
                          San Jose, CA 95134
                          Phone: 408.943.1234

For technical assistance visit http://support.cadence.com.

Jasper Apps Analysis Session - /users/rompel/jasper_executions/safety/jgprojects/lcd_4/sessionLogs/session_0

WARNING (WG017): [session]: The system's locale is "ANSI_X3.4-1968", which is not UTF-8. Non-ASCII characters might not be handled correctly.
WARNING (WG017): [jg_console]: The system's locale is "ANSI_X3.4-1968", which is not UTF-8. Non-ASCII characters might not be handled correctly.
INFO: successfully checked out license "jasper_fao".
INFO: reading configuration file "/users/rompel/.config/cadence/jasper.conf".
% analyze -sv09 ../lcd_4.sv
[-- (VERI-1482)] Analyzing Verilog file '/tools/cadence2425/JASPER/jasper_2024.06p002/lib/verilog/packages/std/std.sv' into library 'std'
[-- (VERI-1482)] Analyzing Verilog file '../lcd_4.sv'
% elaborate -bbox_mul 1000000 -bbox_div 1000000 -bbox_mod 1000000 -bbox_a 1000000
[INFO (HIER-8002)] ../lcd_4.sv(101): Disabling old hierarchical reference handler
[INFO (VERI-1018)] ../lcd_4.sv(1): compiling module 'LCD'
[WARN (VERI-1209)] ../lcd_4.sv(17): expression size 32 truncated to fit in target size 12
[WARN (VERI-1209)] ../lcd_4.sv(28): expression size 32 truncated to fit in target size 12
[WARN (VERI-1209)] ../lcd_4.sv(92): expression size 32 truncated to fit in target size 12
[INFO (VERI-8005)] ../lcd_4.sv(1): Unintentional sequential element inferred for rw read before write using blocking assignment
[INFO (VERI-8005)] ../lcd_4.sv(1): Unintentional sequential element inferred for rs read before write using blocking assignment
[INFO (VERI-8005)] ../lcd_4.sv(1): Unintentional sequential element inferred for busy read before write using blocking assignment
[INFO (VERI-8005)] ../lcd_4.sv(1): Unintentional sequential element inferred for lcd_data read before write using blocking assignment
[INFO (VERI-8005)] ../lcd_4.sv(1): Unintentional sequential element inferred for e read before write using blocking assignment
[INFO (VERI-8005)] ../lcd_4.sv(5): Unintentional sequential element inferred for cnt read before write using blocking assignment
[INFO (VERI-8005)] ../lcd_4.sv(6): Unintentional sequential element inferred for state read before write using blocking assignment
INFO (ISW003): Top module name is "LCD".
INFO (INL208): Elaboration synthesis summary:
  Number of synthesized netlists          1 (0 packages)
  Single run mode                         On
  Pipeline                                On (1 pipelined netlists)
  Late hierarchical reference connection  On
  Number of analyzed Verilog modules      1 (1 synthesized)
  Number of analyzed VHDL entities        0 (0 synthesized)
INFO (INL003): Clearing all state information (assumes, stopats, and so forth).
LCD
[<embedded>] % reset -none
INFO (IPM031): Clearing proof results of all properties.
[<embedded>] % clock clk
[<embedded>] % prove -all
Ncustom1: Custom engine code is hT3Ng7hPPfiYQOTDZ3qhYOwGAM51eA+J/FjkM5shLioAsqhgLR4Ft+O1BuKG6ilQ83B9tLXSl+CwjiTMAQA
Bcustom2: Custom engine code is hT3Nm7hPr1Vp3Di1Ra2USNIGL4JypRnLKLAdF6JAyuavO2JfGCiY9OZJhcAcOUnLx5xwNdhILGrAWX9s+z2WDkKwNR7tAfClBEjRFVQeq6DU54boFgEA
AMcustom3: Custom engine code is hT3Ng7hP/feYQOTDZ3qhYOwGAM51eA+J/FjkM5shLioAsqhgLR4Ft+O1BuKG6ilQ83B9tLXSmmqwm7g9AQA
Mpcustom4: Custom engine code is hT3NZbhP9fmY2AbBQnsjfOxn6c+6e6yL+/e8fZFmaQrnlgEA
INFO (IPF036): Starting proof on task: "<embedded>", 1 properties to prove with 0 already proven/unreachable
INFO (IRS029): Starting reset analysis: phase 1 of 4.
INFO (IRS030): Running reset analysis: phase 2 of 4.
INFO (IRS031): Running reset analysis: phase 3 of 4.
INFO (IRS020): Starting the reset analysis simulation with a limit of 100 iterations (phase 4 of 4).
INFO (IRS024): Reset iterations 0 to 4 analyzed.
INFO (IRS018): Reset analysis simulation executed for 3 iterations. Assigned values for 0 of 26 design flops, 0 of 0 design latches, 3 of 3 internal elements.
INFO (IRS039): Reset analysis complete.
INFO (IPF031): Settings used for proof thread 0:
    orchestration                 = on
    time_limit                    = 86400s
    per_property_time_limit       = 1s * 10 ^ scan
    engine_mode                   = auto
    proofgrid_per_engine_max_jobs = 1
    max engine jobs               = auto
    proofgrid_mode                = local
    proofgrid_restarts            = 10
AMcustom5: Custom engine code is hT3N1rhP11/52HrFRS21ROp2LOjVTgPvT8L8BGXHgLhaIuqtT4nARFjUqrBL+7pLmaTOzBepZW/Jm8SSrHDybSQtoNiO3y43wk+dEoWlsZizu97Fih6O6lPVG/LpWP5SsUPwlGagLNa1FKEFvwVXyX7//8prySbvSxIHXr5er+z4RAEA
0: Using multistage preprocessing
0: Starting reduce
Ncustom6: Custom engine code is hT3OXrhPByJp3TrFSTLhUmMH4KVtJgmTCnNDF46yMXOKY48m4LS5nE7yBzFjA7kDuwO/GhGUpEPiky3p3wmPn3dJZHxFMsafSoObRzSC+tn7sEY0WbTdZ/FV4hL3MYH/b1CIUvXSWR4wqEoVLsmMOD4xIPT4lI1LO6ZCO7PnnWQuLwetnvKlrXx6wCW/A+x+enqslg1YPobi4wEF/EvbzOvcTYdJvl2s4H2yZg2b2ofAVN5WvhWk1HoBAA
ADcustom7: Custom engine code is hT3Nv7hPv1752HrFRa2kROx2f/ECJeZB2AZsLdlO8VwmIuqtT4nIDFXclhg+O+o+DMmQCekbheGk0kK28laA9gaOFDXsQp29J3X615HY1IPHJWd6FUFvCHjO+p1k652b5JJvZlShNpGlGSXAiQe/mEAj6tEBAA
Tricustom8: Custom engine code is hT3Nu7hPt1752DvFRa0kNDiyIV97VyejwM9C/jCLJjdPvusZONHY42VYUy0Q1ZotnhcVtNc56tJ5wbxv6V2+XpdsaSlHck5vfnbYjdwj1OECy9U+7oSQ0SZE3g5ayD+Phuh4odCJTjeKa2k4elM9ldQfkAEA
Gcustom9: Custom engine code is hT3NibhPDfeYQADBZnYcglOvK9Pfd7EOeniIqP8jNsyIqInncipMGcUXqAadachREE9F2PwhBUZUNw5kHnd4JdXkamORRgEA
C2custom10: Custom engine code is hT3NirhPjfWYQADBZnYcglOvK9Pfd7EOeniIqP8jNsyIqInncgkrYMMXCYbdK0dUjZIF9d4cJ0rHoBDjwVLBKuG86XYVV00BAA
AGcustom11: Custom engine code is hT3NirhP/fmYQADBZnYcglOvK9Pfd7EOeniIqP8jNsyIqInnckcwYMMXCYbdK0dUjZIF9d4cJ0rHoBDjwVLBKuHEZnZByh0BAA
Bcustom12: Custom engine code is hT3NjrhPDfiYQADBZnYcglOvK9PfWxFtenjIyBqfrgr7if/jL/yPOuK1BAflEcW0DxNH2eDIoezN2gxlQFg81RZtiWXh7aiTAidvAQA
Ncustom13: Custom engine code is hT3NR7hPByFp3TrFSTLhUmMH4KWtJglTyV/c51BHEeZWamnJv767nE6PCak26bd3gf3XGN3rIRheufhDieCJQVISo+gNYUKhiUedBKGtsP/a18svAnlMJZudHxDFwK5ufsyoxsIyiAeSY2oi3tEuoDHr5gw42DFKAG3PqO3CEsl8Azzdt3pl5nGA1Ifv2H02eYsFzWb/nfp8PMb3F0krE/EgBcm8TD9Div8BAA
0: Finished reduce in 0s
Tricustom14: Custom engine code is hT3Nu7hP3fiYQADBZnYcglNHp9bfd7EOeniIqP/ji8sGLQu8yhsFO+wxJ+O+R0bU8g/IewXFomyos+viQnWc2xYNYmMqpo3i40O7DaZR7qfp4YqNx26KRvQ/qx0BAA
0.0.PRE: Performing Proof Simplification...
0.0.N: clocks: 1, declared: 1, looping: 0, posedge: 1, negedge: 0, noedge: 0, bothedge: 0
0.0.N: Proof Simplification Iteration 1	[0.00 s]
0.0.N: Proof Simplification Iteration 2	[0.00 s]
0.0.N: Proof Simplification Iteration 3	[0.00 s]
0.0.N: Proof Simplification Iteration 4	[0.00 s]
0.0.PRE: A proof was found: No trace exists. [0.00 s]
INFO (IPF057): 0.0.PRE: The property ":noDeadEnd" was proven in 0.00 s.
    Use check_assumptions -show -dead_end to show this property in the property table.
0.0.PRE: A proof was found: No trace exists. [0.00 s]
INFO (IPF057): 0.0.PRE: The property ":noConflict" was proven in 0.00 s.
    Use check_assumptions -show to show this property in the property table.
INFO (IPF047): 0.0.PRE: The cover property ":live" was covered in 1 cycles in 0.00 s.
    Use check_assumptions -show -live to show this property in the property table.
0.0.PRE: Proof Simplification completed in 0.00 s
0: About to start ProofGrid in its own thread with a limit of 10000 pending notifications and a limit of 10 traces.
0: =============================== ProofGrid start ===============================
0: ProofGrid usable level: 1
0: Initial ProofGrid level: 1
0: ProofGrid is starting event handling
0.0.N: Proofgrid shell started at 5623@vlsi-ria85(local) jg_5084_vlsi-ria85_1
0.0.N: clocks: 1, declared: 1, looping: 0, posedge: 1, negedge: 0, noedge: 0, bothedge: 0
0.0.Hp: Proofgrid shell started at 5641@vlsi-ria85(local) jg_5084_vlsi-ria85_1
0.0.N: Last scan. Per property time limit: 0s
0.0.N: Starting proof for property "LCD.p1"	[0.00 s].
0.0.N: Trace Attempt  1	[0.00 s]
0.0.N: Trace Attempt  2	[0.00 s]
0.0.N: Trace Attempt  2	[0.00 s]
0.0.Hp: clocks: 1, declared: 1, looping: 0, posedge: 1, negedge: 0, noedge: 0, bothedge: 0
0.0.Hp: Last scan. Per property time limit: 0s
0.0.N: Trace Attempt  3	[0.00 s]
0.0.N: Trace Attempt  3	[0.00 s]
0.0.N: Trace Attempt  4	[0.00 s]
0.0.N: Trace Attempt  5	[0.00 s]
0.0.N: Trace Attempt  5	[0.01 s]
0.0.Hp: Trace Attempt  1	[0.00 s]
0.0.Hp: Trace Attempt  2	[0.00 s]
0.0.Hp: Trace Attempt  3	[0.00 s]
0.0.Hp: Trace Attempt  4	[0.01 s]
0.0.Hp: Trace Attempt  5	[0.01 s]
0.0.Oh: Proofgrid shell started at 5729@vlsi-ria85(local) jg_5084_vlsi-ria85_1
0.0.B: Proofgrid shell started at 5730@vlsi-ria85(local) jg_5084_vlsi-ria85_1
0.0.AM: Proofgrid shell started at 5731@vlsi-ria85(local) jg_5084_vlsi-ria85_1
0.0.Oh: clocks: 1, declared: 1, looping: 0, posedge: 1, negedge: 0, noedge: 0, bothedge: 0
0.0.AM: clocks: 1, declared: 1, looping: 0, posedge: 1, negedge: 0, noedge: 0, bothedge: 0
0.0.B: clocks: 1, declared: 1, looping: 0, posedge: 1, negedge: 0, noedge: 0, bothedge: 0
0.0.AM: Last scan. Per property time limit: 0s
0.0.AM: Starting proof for property "LCD.p1"	[0.00 s].
0.0.Oh: Reached length limit (2147483647) [0.00 s]
0.0.B: Last scan. Per property time limit: 0s
0.0.B: Starting proof for property "LCD.p1"	[0.00 s].
0.0.B: Trace Attempt  1	[0.00 s]
0.0.AM: Trace Attempt  1	[0.00 s]
0.0.Oh: Exited with Success (@ 0.05 s)
0.0.Oh: Completed, Restart ignored.
0.0.AM: Trace Attempt  2	[0.00 s]
0.0.B: Trace Attempt  2	[0.00 s]
0.0.AM: Trace Attempt  3	[0.00 s]
0.0.Ht: Proofgrid shell started at 5727@vlsi-ria85(local) jg_5084_vlsi-ria85_1
0.0.B: Trace Attempt  3	[0.00 s]
0.0.AM: Trace Attempt  4	[0.00 s]
0.0.Ht: clocks: 1, declared: 1, looping: 0, posedge: 1, negedge: 0, noedge: 0, bothedge: 0
0.0.Ht: Last scan. Per property time limit: 0s
0.0.Ht: Trace Attempt  1	[0.00 s]
0.0.AM: Trace Attempt  5	[0.00 s]
0.0.Ht: Trace Attempt  2	[0.00 s]
0.0.Ht: Trace Attempt  3	[0.00 s]
0.0.Ht: Trace Attempt  4	[0.00 s]
0.0.Ht: Trace Attempt  5	[0.00 s]
0.0.B: Trace Attempt  4	[0.00 s]
0.0.B: Trace Attempt  5	[0.00 s]
0.0.AM: Trace Attempt  1	[0.02 s]
0.0.AM: Trace Attempt  2	[0.02 s]
0.0.AM: Trace Attempt  3	[0.02 s]
0.0.AM: Trace Attempt  4	[0.02 s]
0.0.AM: Trace Attempt  5	[0.03 s]
0.0.N: Trace Attempt  1	[0.10 s]
0.0.N: Trace Attempt  2	[0.10 s]
0.0.N: Trace Attempt  3	[0.10 s]
0.0.N: Trace Attempt  4	[0.11 s]
0.0.N: Trace Attempt  5	[0.12 s]
0.0.AM: Trace Attempt  1	[0.10 s]
0.0.AM: Trace Attempt  2	[0.10 s]
0.0.AM: Trace Attempt  3	[0.10 s]
0.0.AM: Trace Attempt  4	[0.10 s]
0.0.AM: Trace Attempt  5	[0.13 s]
0.0.AM: Trace Attempt  1	[0.67 s]
0.0.AM: Trace Attempt  2	[0.67 s]
0.0.AM: Trace Attempt  3	[0.67 s]
0.0.AM: Trace Attempt  4	[0.67 s]
0.0.AM: Trace Attempt  5	[0.71 s]
0.0.Hp: Trace Attempt 51	[4.02 s]
0.0.B: Trace Attempt 58	[4.11 s]
0.0.Ht: Trace Attempt 54	[4.16 s]
0.0.N: Trace Attempt 41	[4.41 s]
0.0.AM: Trace Attempt 41	[4.73 s]
0.0.Hp: Trace Attempt 65	[8.10 s]
0.0.Ht: Trace Attempt 67	[8.34 s]
0.0.B: Trace Attempt 73	[8.39 s]
0.0.N: Trace Attempt 56	[8.71 s]
0.0.AM: Trace Attempt 22	[9.04 s]
0.0.B: Trace Attempt 82	[12.60 s]
0.0.N: Trace Attempt 70	[12.77 s]
0.0.Hp: Trace Attempt 73	[12.94 s]
0.0.AM: Trace Attempt 49	[13.05 s]
0.0.Ht: Trace Attempt 74	[13.45 s]
0.0.B: Trace Attempt 89	[16.88 s]
0.0.N: Trace Attempt 79	[16.95 s]
0.0.Hp: Trace Attempt 78	[17.27 s]
0.0.AM: Trace Attempt 64	[17.23 s]
0.0.Ht: Trace Attempt 81	[17.98 s]
0.0.AM: Trace Attempt  1	[19.52 s]
0.0.AM: Trace Attempt  2	[19.52 s]
0.0.AM: Trace Attempt  3	[19.52 s]
0.0.AM: Trace Attempt  4	[19.52 s]
0.0.AM: Trace Attempt  5	[19.56 s]
0.0.B: Trace Attempt 95	[21.24 s]
0.0.Hp: Trace Attempt 83	[21.77 s]
0.0.N: Trace Attempt 87	[22.04 s]
0.0.Ht: Trace Attempt 85	[22.44 s]
0.0.AM: Trace Attempt 39	[23.64 s]
0.0.B: Trace Attempt 100	[25.51 s]
0.0.Hp: Trace Attempt 88	[26.06 s]
0.0.N: Trace Attempt 95	[26.16 s]
0.0.Ht: Trace Attempt 92	[26.97 s]
0.0.AM: Trace Attempt 50	[28.39 s]
0.0.B: Trace Attempt 106	[30.08 s]
0.0.N: Trace Attempt 99	[30.35 s]
0.0.Hp: Trace Attempt 94	[30.39 s]
0.0.Ht: Trace Attempt 98	[31.93 s]
0.0.AM: Trace Attempt 55	[32.43 s]
0.0.N: Trace Attempt 105	[34.39 s]
0.0.B: Trace Attempt 111	[34.70 s]
0.0.Hp: Trace Attempt 99	[35.08 s]
0.0.Ht: Trace Attempt 101	[36.12 s]
0.0.AM: Trace Attempt 68	[36.90 s]
0.0.B: Trace Attempt 116	[38.73 s]
0.0.N: Trace Attempt 111	[39.08 s]
0.0.Hp: Trace Attempt 102	[39.35 s]
0.0.Ht: Trace Attempt 105	[40.47 s]
0.0.AM: Trace Attempt 80	[41.33 s]
0.0.N: Trace Attempt 118	[43.13 s]
0.0.B: Trace Attempt 120	[43.44 s]
0.0.Ht: Trace Attempt 108	[44.78 s]
0.0.Hp: Trace Attempt 106	[45.03 s]
0.0.AM: Trace Attempt 91	[45.57 s]
0.0.N: Trace Attempt 121	[47.13 s]
0.0.B: Trace Attempt 125	[48.29 s]
0.0.Hp: Trace Attempt 109	[49.52 s]
0.0.AM: Trace Attempt 98	[49.75 s]
0.0.N: Trace Attempt 127	[51.55 s]
0.0.B: Trace Attempt 129	[53.12 s]
0.0.AM: Trace Attempt 101	[54.15 s]
0.0.Ht: Trace Attempt 110	[55.56 s]
0.0.N: Trace Attempt 133	[55.88 s]
0.0.AM: Trace Attempt 106	[58.44 s]
0.0.B: Trace Attempt 132	[58.80 s]
0.0.Hp: Trace Attempt 110	[59.05 s]
0.0.Ht: Trace Attempt 114	[60.36 s]
0.0.N: Trace Attempt 137	[60.73 s]
0.0.AM: Trace Attempt 110	[62.49 s]
0.0.Hp: Trace Attempt 113	[63.06 s]
0.0.Ht: Trace Attempt 117	[64.42 s]
0.0.N: Trace Attempt 140	[65.38 s]
0.0.AM: Trace Attempt 113	[66.81 s]
0.0.Hp: Trace Attempt 117	[68.09 s]
0.0.Ht: Trace Attempt 120	[69.31 s]
0.0.B: Trace Attempt 135	[69.60 s]
0.0.N: Trace Attempt 144	[69.94 s]
0.0.AM: Trace Attempt 116	[71.05 s]
0.0.Hp: Trace Attempt 120	[73.00 s]
0.0.Ht: Trace Attempt 124	[73.41 s]
0.0.N: Trace Attempt 150	[74.40 s]
0.0.B: Trace Attempt 138	[75.19 s]
0.0.AM: Trace Attempt 122	[75.33 s]
0.0.Hp: Trace Attempt 124	[77.17 s]
0.0.Ht: Trace Attempt 128	[78.26 s]
0.0.N: Trace Attempt 155	[78.89 s]
0.0.B: Trace Attempt 140	[79.49 s]
0.0.AM: Trace Attempt 127	[80.76 s]
0.0.Hp: Trace Attempt 128	[82.43 s]
0.0.Ht: Trace Attempt 131	[83.06 s]
0.0.N: Trace Attempt 161	[83.21 s]
0.0.AM: Trace Attempt 132	[86.29 s]
0.0.Hp: Trace Attempt 131	[87.39 s]
0.0.N: Trace Attempt 165	[87.81 s]
0.0.Ht: Trace Attempt 134	[90.66 s]
0.0.AM: Trace Attempt 136	[91.43 s]
0.0.N: Trace Attempt 171	[92.26 s]
0.0.Hp: Trace Attempt 134	[95.02 s]
0.0.Ht: Trace Attempt 136	[95.27 s]
0.0.N: Trace Attempt 177	[96.74 s]
0.0.B: Trace Attempt 142	[96.96 s]
0.0.AM: Trace Attempt 139	[96.98 s]
0.0.Hp: Trace Attempt 136	[99.59 s]
0.0.N: Trace Attempt 185	[101.26 s]
0.0.AM: Trace Attempt 143	[101.67 s]
0.0.Ht: Trace Attempt 139	[102.65 s]
0.0.B: Trace Attempt 143	[103.75 s]
0.0.N: Trace Attempt 189	[105.32 s]
0.0.AM: Trace Attempt 146	[106.39 s]
0.0.Hp: Trace Attempt 139	[107.25 s]
0.0.Ht: Trace Attempt 141	[107.66 s]
0.0.N: Trace Attempt 197	[109.79 s]
0.0.B: Trace Attempt 145	[109.75 s]
0.0.Hp: Trace Attempt 141	[112.29 s]
0.0.AM: Trace Attempt 149	[112.51 s]
0.0.Ht: Trace Attempt 143	[113.39 s]
0.0.N: Trace Attempt 203	[114.15 s]
0.0.B: Trace Attempt 147	[114.94 s]
0.0.AM: Trace Attempt 151	[117.02 s]
0.0.Ht: Trace Attempt 145	[117.95 s]
0.0.Hp: Trace Attempt 143	[118.15 s]
0.0.N: Trace Attempt 209	[118.19 s]
0.0.B: Trace Attempt 149	[118.99 s]
0.0.AM: Trace Attempt 153	[121.66 s]
0.0.N: Trace Attempt 215	[122.80 s]
0.0.Ht: Trace Attempt 147	[122.81 s]
0.0.Hp: Trace Attempt 145	[122.87 s]
0.0.B: Trace Attempt 151	[123.55 s]
0.0.AM: Trace Attempt 156	[126.34 s]
0.0.Ht: Trace Attempt 148	[127.04 s]
0.0.N: Trace Attempt 221	[127.13 s]
0.0.Hp: Trace Attempt 147	[127.89 s]
0.0.B: Trace Attempt 153	[128.31 s]
0.0.Ht: Trace Attempt 150	[132.17 s]
0.0.Hp: Trace Attempt 148	[132.22 s]
0.0.N: Trace Attempt 225	[132.36 s]
0.0.B: Trace Attempt 155	[133.27 s]
0.0.Hp: Trace Attempt 150	[137.39 s]
0.0.N: Trace Attempt 230	[138.44 s]
0.0.B: Trace Attempt 157	[139.00 s]
0.0.AM: Trace Attempt 158	[139.65 s]
0.0.Ht: Trace Attempt 152	[140.12 s]
0.0.N: Trace Attempt 233	[142.77 s]
0.0.AM: Trace Attempt 161	[143.92 s]
0.0.B: Trace Attempt 159	[144.16 s]
0.0.Ht: Trace Attempt 154	[145.03 s]
0.0.Hp: Trace Attempt 152	[145.69 s]
0.0.N: Trace Attempt 236	[146.90 s]
0.0.B: Trace Attempt 161	[148.37 s]
0.0.AM: Trace Attempt 163	[149.72 s]
0.0.Ht: Trace Attempt 156	[150.40 s]
0.0.Hp: Trace Attempt 154	[150.74 s]
0.0.N: Trace Attempt 240	[151.63 s]
0.0.B: Trace Attempt 163	[153.62 s]
0.0.Ht: Trace Attempt 158	[154.66 s]
0.0.N: Trace Attempt 244	[156.12 s]
0.0.Hp: Trace Attempt 156	[156.21 s]
0.0.AM: Trace Attempt 166	[157.46 s]
0.0.B: Trace Attempt 164	[158.07 s]
0.0.Ht: Trace Attempt 160	[160.24 s]
0.0.Hp: Trace Attempt 158	[160.59 s]
0.0.N: Trace Attempt 248	[161.41 s]
0.0.B: Trace Attempt 166	[163.60 s]
0.0.AM: Trace Attempt 167	[165.52 s]
0.0.N: Trace Attempt 252	[165.88 s]
0.0.Hp: Trace Attempt 160	[166.43 s]
0.0.B: Trace Attempt 168	[169.01 s]
0.0.Ht: Trace Attempt 163	[169.09 s]
0.0.N: Trace Attempt 255	[170.11 s]
0.0.Hp: Trace Attempt 162	[170.96 s]
0.0.AM: Trace Attempt 169	[172.75 s]
0.0.N: Trace Attempt 258	[174.73 s]
0.0.B: Trace Attempt 170	[174.81 s]
0.0.Ht: Trace Attempt 165	[175.79 s]
0.0.Hp: Trace Attempt 163	[175.99 s]
0.0.N: Trace Attempt 262	[179.45 s]
0.0.AM: Trace Attempt 171	[179.60 s]
0.0.Ht: Trace Attempt 167	[179.87 s]
0.0.B: Trace Attempt 172	[180.15 s]
0.0.N: Stopped processing property "LCD.p1"	[181.14 s].
0.0.N: Morphing to Ncustom1
0.0.N: All properties determined. [0.00 s]
0.0.N: Exited with Success (@ 0.00 s)
0.0.Ncustom1: clocks: 1, declared: 1, looping: 0, posedge: 1, negedge: 0, noedge: 0, bothedge: 0
0.0.B: Stopped processing property "LCD.p1"	[181.14 s].
0.0.B: Morphing to Bcustom2
0.0.B: All properties determined. [0.00 s]
0.0.B: Exited with Success (@ 0.00 s)
0.0.Ncustom1: Starting proof for property "LCD.p1"	[0.00 s].
0.0.Ncustom1: Trace Attempt  5	[0.00 s]
0.0.Bcustom2: clocks: 1, declared: 1, looping: 0, posedge: 1, negedge: 0, noedge: 0, bothedge: 0
0.0.Bcustom2: Starting proof for property "LCD.p1"	[0.00 s].
0.0.Bcustom2: Trace Attempt  1	[0.00 s]
0.0.Bcustom2: Trace Attempt  2	[0.00 s]
0.0.Bcustom2: Trace Attempt  1	[0.00 s]
0.0.Bcustom2: Trace Attempt  2	[0.00 s]
0.0.Bcustom2: Trace Attempt  1	[0.00 s]
0.0.Bcustom2: Trace Attempt  2	[0.00 s]
0.0.Bcustom2: Trace Attempt  3	[0.00 s]
0.0.Bcustom2: Trace Attempt  4	[0.00 s]
0.0.Bcustom2: Trace Attempt  1	[0.01 s]
0.0.Bcustom2: Trace Attempt  2	[0.01 s]
0.0.Bcustom2: Trace Attempt  3	[0.01 s]
0.0.Bcustom2: Trace Attempt  4	[0.01 s]
0.0.Bcustom2: Trace Attempt  5	[0.01 s]
0.0.Bcustom2: Trace Attempt  1	[0.03 s]
0.0.Bcustom2: Trace Attempt  2	[0.03 s]
0.0.Bcustom2: Trace Attempt  3	[0.03 s]
0.0.Bcustom2: Trace Attempt  4	[0.03 s]
0.0.Bcustom2: Trace Attempt  5	[0.03 s]
0.0.Tri: Proofgrid shell started at 13097@vlsi-ria85(local) jg_5084_vlsi-ria85_1
0.0.Tri: clocks: 1, declared: 1, looping: 0, posedge: 1, negedge: 0, noedge: 0, bothedge: 0
0.0.Ncustom1: Trace Attempt  1	[0.11 s]
0.0.Ncustom1: Trace Attempt  2	[0.11 s]
0.0.Ncustom1: Trace Attempt  3	[0.11 s]
0.0.Ncustom1: Trace Attempt  4	[0.11 s]
0.0.Tri: Last scan. Per property time limit: 0s
0.0.Tri: Starting proof for property "LCD.p1"	[0.00 s].
0.0.Tri: Trace Attempt  1	[0.00 s]
0.0.Ncustom1: Trace Attempt  5	[0.13 s]
0.0.Tri:    0.00" ---- Launching main thread ----
0.0.AM: Trace Attempt 172	[180.92 s]
0.0.AM: Stopped processing property "LCD.p1"	[181.31 s].
0.0.AM: Morphing to AMcustom3
0.0.AM: All properties determined. [0.00 s]
0.0.AM: Exited with Success (@ 0.00 s)
0.0.AMcustom3: clocks: 1, declared: 1, looping: 0, posedge: 1, negedge: 0, noedge: 0, bothedge: 0
0.0.AMcustom3: Starting proof for property "LCD.p1"	[0.00 s].
0.0.AMcustom3: Trace Attempt  1	[0.00 s]
0.0.AMcustom3: Trace Attempt  2	[0.00 s]
0.0.AMcustom3: Trace Attempt  3	[0.00 s]
0.0.AMcustom3: Trace Attempt  4	[0.00 s]
0.0.AMcustom3: Trace Attempt  5	[0.00 s]
0.0.AMcustom3: Trace Attempt  1	[0.02 s]
0.0.AMcustom3: Trace Attempt  2	[0.02 s]
0.0.AMcustom3: Trace Attempt  3	[0.02 s]
0.0.AMcustom3: Trace Attempt  4	[0.02 s]
0.0.AMcustom3: Trace Attempt  5	[0.03 s]
0.0.Tri:    0.07" ---- Launching abstraction thread ----
0.0.Tri:    0.08" ---- Launching multi-phase simplification thread ----
0.0.Tri:    0.11" ---- Launching liveness simplification thread ----
0.0.AMcustom3: Trace Attempt  1	[0.11 s]
0.0.AMcustom3: Trace Attempt  2	[0.12 s]
0.0.AMcustom3: Trace Attempt  3	[0.12 s]
0.0.AMcustom3: Trace Attempt  4	[0.12 s]
0.0.AMcustom3: Trace Attempt  5	[0.14 s]
0.0.AMcustom3: Trace Attempt  1	[0.79 s]
0.0.AMcustom3: Trace Attempt  2	[0.79 s]
0.0.AMcustom3: Trace Attempt  3	[0.79 s]
0.0.AMcustom3: Trace Attempt  4	[0.80 s]
0.0.AMcustom3: Trace Attempt  5	[0.84 s]
0.0.Bcustom2: Trace Attempt  1	[1.02 s]
0.0.Bcustom2: Trace Attempt  2	[1.02 s]
0.0.Bcustom2: Trace Attempt  3	[1.02 s]
0.0.Bcustom2: Trace Attempt  4	[1.02 s]
0.0.Bcustom2: Trace Attempt  5	[1.02 s]
0.0.Tri:    0.90" Simplification phase 1 complete
0.0.Ncustom1: Requesting engine job to terminate
0.0.Bcustom2: Requesting engine job to terminate
0.0.AMcustom3: Requesting engine job to terminate
0.0.Tri: Requesting engine job to terminate
0.0.Hp: Requesting engine job to terminate
0.0.Ht: Requesting engine job to terminate
INFO (IPF144): 0: Initiating shutdown of proof [182.44 s]
0.0.Tri: A proof was found: No trace exists. [1.14 s]
INFO (IPF057): 0.0.Tri: The property "LCD.p1" was proven in 1.14 s.
0.0.AMcustom3: Trace Attempt 12	[1.05 s]
0.0.AMcustom3: Stopped processing property "LCD.p1"	[1.08 s].
0.0.AMcustom3: All properties determined. [1.08 s]
0.0.Ncustom1: Trace Attempt 18	[1.22 s]
0.0.Ncustom1: Stopped processing property "LCD.p1"	[1.25 s].
0.0.Ncustom1: All properties determined. [1.26 s]
0.0.Bcustom2: Trace Attempt 19	[1.17 s]
0.0.Bcustom2: Stopped processing property "LCD.p1"	[1.26 s].
0.0.Bcustom2: All properties determined. [1.26 s]
0.0.Ncustom1: Exited with Success (@ 182.45 s)
0: ProofGrid usable level: 0
0.0.Bcustom2: Exited with Success (@ 182.46 s)
0.0.AMcustom3: Exited with Success (@ 182.47 s)
0.0.Ht: All properties determined. [182.46 s]
0.0.Hp: Trace Attempt 164	[179.42 s]
0.0.Hp: All properties determined. [182.52 s]
0.0.Ht: Exited with Success (@ 182.53 s)
0.0.Hp: Exited with Success (@ 182.56 s)
0.0.Tri: Stopped processing property "LCD.p1"	[1.33 s].
0.0.Tri: All properties determined. [1.33 s]
0.0.Tri: Exited with Success (@ 182.63 s)
0: --------------------------------------------------------------
ProofGrid Summary (utilization 99.96 %)
--------------------------------------------------------------
     engines started                               :    10
     engine jobs started                           :     7

    Average time in state (seconds)
    ------------------------------------------------------
    Engine  Pending     Running        Dead    Utilization
    ------------------------------------------------------
     Hp        0.04      182.44        0.00       99.98 %
     Ht        0.05      182.39        0.00       99.97 %
     Oh        0.04        0.00        0.00        2.84 %
    Ncustom1        0.04      182.25        0.00       99.98 %
    Bcustom2        0.04      182.35        0.00       99.98 %
    AMcustom3        0.04      182.20        0.00       99.98 %
    Tri        0.10        1.16        0.00       91.91 %
    all        0.05      130.40        0.00       99.96 %

    Total time in state (seconds)
    -----------------------------------------
            Pending     Running        Dead  
    -----------------------------------------
               0.36      912.78        0.00

    Data read    : 1.13 MiB
    Data written : 6.88 kiB

0: All pending notifications were processed.
INFO (IPF059): 0: Completed proof on task: "<embedded>"

==============================================================
SUMMARY
==============================================================
           Properties Considered              : 1
                 assertions                   : 1
                  - proven                    : 1 (100%)
                  - bounded_proven (user)     : 0 (0%)
                  - bounded_proven (auto)     : 0 (0%)
                  - marked_proven             : 0 (0%)
                  - cex                       : 0 (0%)
                  - ar_cex                    : 0 (0%)
                  - undetermined              : 0 (0%)
                  - unknown                   : 0 (0%)
                  - error                     : 0 (0%)
                 covers                       : 0
                  - unreachable               : 0
                  - bounded_unreachable (user): 0
                  - covered                   : 0
                  - ar_covered                : 0
                  - undetermined              : 0
                  - unknown                   : 0
                  - error                     : 0
proven
[<embedded>] % exit -force
[<embedded>] % INFO (IPL005): Received request to exit from the console.
INFO: Waiting for proof threads to stop...
INFO: Proof threads stopped.
INFO (IPL018): The peak resident set memory use for this session was 1.493 GB.
INFO (IPL014): Waiting for the Tcl-thread to exit.
INFO (IPL015): The Tcl-thread exited with status 0.
INFO (IPL016): Exiting the analysis session with status 0.
Finished lcd_4.tcl successfully
