Jasper Apps 2024.06p002 64 bits 2024.09.02 16:28:38 UTC

Any disclosure about the Cadence Design Systems software or its use
model to any third party violates the written Non-Disclosure Agreement
between Cadence Design Systems, Inc. and the customer.

THIS SOFTWARE CONTAINS CONFIDENTIAL INFORMATION AND TRADE SECRETS OF
CADENCE DESIGN SYSTEMS, INC. USE, DISCLOSURE, OR REPRODUCTION IS
PROHIBITED WITHOUT THE PRIOR EXPRESS WRITTEN PERMISSION OF CADENCE
DESIGN SYSTEMS, INC.

Copyright (C) 2000-2024 Cadence Design Systems, Inc. All Rights
Reserved.  Unpublished -- rights reserved under the copyright laws of
the United States.

This product includes software developed by others and redistributed
according to license agreement. See doc/third_party_readme.txt for
further details.

RESTRICTED RIGHTS LEGEND

Use, duplication, or disclosure by the Government is subject to
restrictions as set forth in subparagraph (c) (1) (ii) of the Rights in
Technical Data and Computer Software clause at DFARS 252.227-7013 or
subparagraphs (c) (1) and (2) of Commercial Computer Software -- Restricted
Rights at 48 CFR 52.227-19, as applicable.


                          Cadence Design Systems, Inc.
                          2655 Seely Avenue
                          San Jose, CA 95134
                          Phone: 408.943.1234

For technical assistance visit http://support.cadence.com.

Jasper Apps Analysis Session - /users/rompel/jasper_executions/safety/jgprojects/load_store_7/sessionLogs/session_0

WARNING (WG017): [session]: The system's locale is "ANSI_X3.4-1968", which is not UTF-8. Non-ASCII characters might not be handled correctly.
WARNING (WG017): [jg_console]: The system's locale is "ANSI_X3.4-1968", which is not UTF-8. Non-ASCII characters might not be handled correctly.
INFO: successfully checked out license "jasper_fao".
INFO: reading configuration file "/users/rompel/.config/cadence/jasper.conf".
% analyze -sv09 ../load_store_7.sv
[-- (VERI-1482)] Analyzing Verilog file '/tools/cadence2425/JASPER/jasper_2024.06p002/lib/verilog/packages/std/std.sv' into library 'std'
[-- (VERI-1482)] Analyzing Verilog file '../load_store_7.sv'
% elaborate -bbox_mul 1000000 -bbox_div 1000000 -bbox_mod 1000000 -bbox_a 1000000
[INFO (HIER-8002)] ../load_store_7.sv(23): Disabling old hierarchical reference handler
[INFO (VERI-1018)] ../load_store_7.sv(1): compiling module 'Load_Store'
[WARN (VERI-1209)] ../load_store_7.sv(10): expression size 32 truncated to fit in target size 14
[WARN (VERI-1209)] ../load_store_7.sv(12): expression size 32 truncated to fit in target size 14
[INFO (VERI-8005)] ../load_store_7.sv(5): Unintentional sequential element inferred for m read before write using blocking assignment
[INFO (VERI-8005)] ../load_store_7.sv(4): Unintentional sequential element inferred for vol read before write using blocking assignment
[INFO (VERI-8005)] ../load_store_7.sv(1): Unintentional sequential element inferred for sig read before write using blocking assignment
INFO (ISW003): Top module name is "Load_Store".
INFO (INL208): Elaboration synthesis summary:
  Number of synthesized netlists          1 (0 packages)
  Single run mode                         On
  Pipeline                                On (1 pipelined netlists)
  Late hierarchical reference connection  On
  Number of analyzed Verilog modules      1 (1 synthesized)
  Number of analyzed VHDL entities        0 (0 synthesized)
INFO (INL003): Clearing all state information (assumes, stopats, and so forth).
Load_Store
[<embedded>] % reset rst
INFO (IPM031): Clearing proof results of all properties.
INFO (IRS006): Current reset condition is "rst".
[<embedded>] % clock clk
[<embedded>] % prove -all
Ncustom1: Custom engine code is hT3Ng7hPPfiYQOTDZ3qhYOwGAM51eA+J/FjkM5shLioAsqhgLR4Ft+O1BuKG6ilQ83B9tLXSl+CwjiTMAQA
Bcustom2: Custom engine code is hT3Nm7hPr1Vp3Di1Ra2USNIGL4JypRnLKLAdF6JAyuavO2JfGCiY9OZJhcAcOUnLx5xwNdhILGrAWX9s+z2WDkKwNR7tAfClBEjRFVQeq6DU54boFgEA
AMcustom3: Custom engine code is hT3Ng7hP/feYQOTDZ3qhYOwGAM51eA+J/FjkM5shLioAsqhgLR4Ft+O1BuKG6ilQ83B9tLXSmmqwm7g9AQA
Mpcustom4: Custom engine code is hT3NZbhP9fmY2AbBQnsjfOxn6c+6e6yL+/e8fZFmaQrnlgEA
INFO (IPF036): Starting proof on task: "<embedded>", 1 properties to prove with 0 already proven/unreachable
INFO (IRS029): Starting reset analysis: phase 1 of 4.
INFO (IRS030): Running reset analysis: phase 2 of 4.
INFO (IRS031): Running reset analysis: phase 3 of 4.
INFO (IRS020): Starting the reset analysis simulation with a limit of 100 iterations (phase 4 of 4).
INFO (IRS024): Reset iterations 0 to 4 analyzed.
INFO (IRS018): Reset analysis simulation executed for 3 iterations. Assigned values for 16 of 16 design flops, 0 of 0 design latches, 3 of 3 internal elements.
INFO (IRS039): Reset analysis complete.
INFO (IPF031): Settings used for proof thread 0:
    orchestration                 = on
    time_limit                    = 86400s
    per_property_time_limit       = 1s * 10 ^ scan
    engine_mode                   = auto
    proofgrid_per_engine_max_jobs = 1
    max engine jobs               = auto
    proofgrid_mode                = local
    proofgrid_restarts            = 10
AMcustom5: Custom engine code is hT3N1rhP11/52HrFRS21ROp2LOjVTgPvT8L8BGXHgLhaIuqtT4nARFjUqrBL+7pLmaTOzBepZW/Jm8SSrHDybSQtoNiO3y43wk+dEoWlsZizu97Fih6O6lPVG/LpWP5SsUPwlGagLNa1FKEFvwVXyX7//8prySbvSxIHXr5er+z4RAEA
0: Using multistage preprocessing
Ncustom6: Custom engine code is hT3OXrhPByJp3TrFSTLhUmMH4KVtJgmTCnNDF46yMXOKY48m4LS5nE7yBzFjA7kDuwO/GhGUpEPiky3p3wmPn3dJZHxFMsafSoObRzSC+tn7sEY0WbTdZ/FV4hL3MYH/b1CIUvXSWR4wqEoVLsmMOD4xIPT4lI1LO6ZCO7PnnWQuLwetnvKlrXx6wCW/A+x+enqslg1YPobi4wEF/EvbzOvcTYdJvl2s4H2yZg2b2ofAVN5WvhWk1HoBAA
0: Starting reduce
ADcustom7: Custom engine code is hT3Nv7hPv1752HrFRa2kROx2f/ECJeZB2AZsLdlO8VwmIuqtT4nIDFXclhg+O+o+DMmQCekbheGk0kK28laA9gaOFDXsQp29J3X615HY1IPHJWd6FUFvCHjO+p1k652b5JJvZlShNpGlGSXAiQe/mEAj6tEBAA
Tricustom8: Custom engine code is hT3Nu7hPt1752DvFRa0kNDiyIV97VyejwM9C/jCLJjdPvusZONHY42VYUy0Q1ZotnhcVtNc56tJ5wbxv6V2+XpdsaSlHck5vfnbYjdwj1OECy9U+7oSQ0SZE3g5ayD+Phuh4odCJTjeKa2k4elM9ldQfkAEA
Gcustom9: Custom engine code is hT3NibhPDfeYQADBZnYcglOvK9Pfd7EOeniIqP8jNsyIqInncipMGcUXqAadachREE9F2PwhBUZUNw5kHnd4JdXkamORRgEA
C2custom10: Custom engine code is hT3NirhPjfWYQADBZnYcglOvK9Pfd7EOeniIqP8jNsyIqInncgkrYMMXCYbdK0dUjZIF9d4cJ0rHoBDjwVLBKuG86XYVV00BAA
AGcustom11: Custom engine code is hT3NirhP/fmYQADBZnYcglOvK9Pfd7EOeniIqP8jNsyIqInnckcwYMMXCYbdK0dUjZIF9d4cJ0rHoBDjwVLBKuHEZnZByh0BAA
Bcustom12: Custom engine code is hT3NjrhPDfiYQADBZnYcglOvK9PfWxFtenjIyBqfrgr7if/jL/yPOuK1BAflEcW0DxNH2eDIoezN2gxlQFg81RZtiWXh7aiTAidvAQA
Ncustom13: Custom engine code is hT3NR7hPByFp3TrFSTLhUmMH4KWtJglTyV/c51BHEeZWamnJv767nE6PCak26bd3gf3XGN3rIRheufhDieCJQVISo+gNYUKhiUedBKGtsP/a18svAnlMJZudHxDFwK5ufsyoxsIyiAeSY2oi3tEuoDHr5gw42DFKAG3PqO3CEsl8Azzdt3pl5nGA1Ifv2H02eYsFzWb/nfp8PMb3F0krE/EgBcm8TD9Div8BAA
Tricustom14: Custom engine code is hT3Nu7hP3fiYQADBZnYcglNHp9bfd7EOeniIqP/ji8sGLQu8yhsFO+wxJ+O+R0bU8g/IewXFomyos+viQnWc2xYNYmMqpo3i40O7DaZR7qfp4YqNx26KRvQ/qx0BAA
0: Finished reduce in 0s
0.0.PRE: Performing Proof Simplification...
0.0.N: clocks: 1, declared: 1, looping: 0, posedge: 1, negedge: 0, noedge: 0, bothedge: 0
0.0.N: Proof Simplification Iteration 1	[0.00 s]
0.0.N: Proof Simplification Iteration 2	[0.00 s]
0.0.N: Proof Simplification Iteration 3	[0.00 s]
0.0.PRE: A proof was found: No trace exists. [0.00 s]
INFO (IPF057): 0.0.PRE: The property ":noDeadEnd" was proven in 0.00 s.
    Use check_assumptions -show -dead_end to show this property in the property table.
0.0.PRE: A proof was found: No trace exists. [0.00 s]
INFO (IPF057): 0.0.PRE: The property ":noConflict" was proven in 0.00 s.
    Use check_assumptions -show to show this property in the property table.
INFO (IPF047): 0.0.PRE: The cover property ":live" was covered in 1 cycles in 0.00 s.
    Use check_assumptions -show -live to show this property in the property table.
0.0.PRE: Proof Simplification completed in 0.00 s
0: About to start ProofGrid in its own thread with a limit of 10000 pending notifications and a limit of 10 traces.
0: =============================== ProofGrid start ===============================
0: ProofGrid usable level: 1
0: Initial ProofGrid level: 1
0: ProofGrid is starting event handling
0.0.Hp: Proofgrid shell started at 22855@vlsi-ria85(local) jg_22772_vlsi-ria85_1
0.0.N: Proofgrid shell started at 22854@vlsi-ria85(local) jg_22772_vlsi-ria85_1
0.0.Hp: clocks: 1, declared: 1, looping: 0, posedge: 1, negedge: 0, noedge: 0, bothedge: 0
0.0.Hp: Last scan. Per property time limit: 0s
0.0.Hp: Trace Attempt  1	[0.00 s]
0.0.N: clocks: 1, declared: 1, looping: 0, posedge: 1, negedge: 0, noedge: 0, bothedge: 0
0.0.N: Last scan. Per property time limit: 0s
0.0.N: Starting proof for property "Load_Store.p1"	[0.00 s].
0.0.N: Trace Attempt  1	[0.00 s]
0.0.N: Trace Attempt  2	[0.00 s]
0.0.N: Trace Attempt  2	[0.00 s]
0.0.N: Trace Attempt  3	[0.00 s]
0.0.N: Trace Attempt  3	[0.00 s]
0.0.N: Trace Attempt  4	[0.00 s]
0.0.N: Trace Attempt  5	[0.00 s]
0.0.N: Trace Attempt  5	[0.00 s]
0.0.Hp: Trace Attempt  2	[0.00 s]
0.0.Hp: Trace Attempt  3	[0.00 s]
0.0.Hp: Trace Attempt  4	[0.00 s]
0.0.Hp: Trace Attempt  5	[0.00 s]
0.0.N: Trace Attempt  1	[0.01 s]
0.0.N: Trace Attempt  2	[0.02 s]
0.0.N: Trace Attempt  3	[0.02 s]
0.0.N: Trace Attempt  4	[0.02 s]
0.0.Ht: Proofgrid shell started at 22894@vlsi-ria85(local) jg_22772_vlsi-ria85_1
0.0.AM: Proofgrid shell started at 22897@vlsi-ria85(local) jg_22772_vlsi-ria85_1
0.0.N: Trace Attempt  5	[0.02 s]
0.0.Ht: clocks: 1, declared: 1, looping: 0, posedge: 1, negedge: 0, noedge: 0, bothedge: 0
0.0.Ht: Last scan. Per property time limit: 0s
0.0.Ht: Trace Attempt  1	[0.00 s]
0.0.Ht: Trace Attempt  2	[0.00 s]
0.0.Ht: Trace Attempt  3	[0.00 s]
0.0.Ht: Trace Attempt  4	[0.00 s]
0.0.Ht: Trace Attempt  5	[0.00 s]
0.0.Oh: Proofgrid shell started at 22895@vlsi-ria85(local) jg_22772_vlsi-ria85_1
0.0.AM: clocks: 1, declared: 1, looping: 0, posedge: 1, negedge: 0, noedge: 0, bothedge: 0
0.0.AM: Last scan. Per property time limit: 0s
0.0.AM: Starting proof for property "Load_Store.p1"	[0.00 s].
0.0.AM: Trace Attempt  1	[0.00 s]
0.0.AM: Trace Attempt  2	[0.00 s]
0.0.AM: Trace Attempt  3	[0.00 s]
0.0.AM: Trace Attempt  4	[0.00 s]
0.0.AM: Trace Attempt  5	[0.00 s]
0.0.AM: Trace Attempt  1	[0.00 s]
0.0.AM: Trace Attempt  2	[0.00 s]
0.0.AM: Trace Attempt  3	[0.00 s]
0.0.AM: Trace Attempt  4	[0.01 s]
0.0.AM: Trace Attempt  5	[0.01 s]
0.0.Oh: clocks: 1, declared: 1, looping: 0, posedge: 1, negedge: 0, noedge: 0, bothedge: 0
0.0.Oh: Reached length limit (2147483647) [0.00 s]
0.0.Oh: Exited with Success (@ 0.05 s)
0.0.B: Proofgrid shell started at 22896@vlsi-ria85(local) jg_22772_vlsi-ria85_1
0.0.B: clocks: 1, declared: 1, looping: 0, posedge: 1, negedge: 0, noedge: 0, bothedge: 0
0.0.B: Last scan. Per property time limit: 0s
0.0.B: Starting proof for property "Load_Store.p1"	[0.00 s].
0.0.B: Trace Attempt  1	[0.00 s]
0.0.B: Trace Attempt  2	[0.00 s]
0.0.B: Trace Attempt  3	[0.00 s]
0.0.B: Trace Attempt  4	[0.00 s]
0.0.B: Trace Attempt  5	[0.00 s]
0.0.AM: Trace Attempt  1	[0.02 s]
0.0.AM: Trace Attempt  2	[0.02 s]
0.0.AM: Trace Attempt  3	[0.02 s]
0.0.AM: Trace Attempt  4	[0.03 s]
0.0.AM: Trace Attempt  5	[0.03 s]
0.0.AM: Trace Attempt  1	[0.06 s]
0.0.AM: Trace Attempt  2	[0.06 s]
0.0.AM: Trace Attempt  3	[0.07 s]
0.0.AM: Trace Attempt  4	[0.07 s]
0.0.AM: Trace Attempt  5	[0.07 s]
0.0.N: Trace Attempt  1	[0.18 s]
0.0.N: Trace Attempt  2	[0.18 s]
0.0.N: Trace Attempt  3	[0.18 s]
0.0.N: Trace Attempt  4	[0.19 s]
0.0.N: Trace Attempt  5	[0.19 s]
0.0.AM: Trace Attempt  1	[0.22 s]
0.0.AM: Trace Attempt  2	[0.22 s]
0.0.AM: Trace Attempt  3	[0.22 s]
0.0.AM: Trace Attempt  4	[0.22 s]
0.0.AM: Trace Attempt  5	[0.22 s]
0.0.N: Trace Attempt  1	[0.73 s]
0.0.N: Trace Attempt  2	[0.73 s]
0.0.N: Trace Attempt  3	[0.73 s]
0.0.N: Trace Attempt  4	[0.73 s]
0.0.N: Trace Attempt  5	[0.73 s]
0.0.AM: Trace Attempt  1	[0.74 s]
0.0.AM: Trace Attempt  2	[0.74 s]
0.0.AM: Trace Attempt  3	[0.74 s]
0.0.AM: Trace Attempt  4	[0.75 s]
0.0.AM: Trace Attempt  5	[0.75 s]
0.0.N: Trace Attempt  1	[2.56 s]
0.0.N: Trace Attempt  2	[2.56 s]
0.0.N: Trace Attempt  3	[2.56 s]
0.0.N: Trace Attempt  4	[2.56 s]
0.0.N: Trace Attempt  5	[2.56 s]
0.0.AM: Trace Attempt  1	[2.81 s]
0.0.AM: Trace Attempt  2	[2.81 s]
0.0.AM: Trace Attempt  3	[2.82 s]
0.0.AM: Trace Attempt  4	[2.82 s]
0.0.AM: Trace Attempt  5	[2.82 s]
0.0.Hp: Trace Attempt 375	[4.01 s]
0.0.Ht: Trace Attempt 2001	[4.00 s]
0.0.B: Trace Attempt 1837	[4.00 s]
0.0.N: Trace Attempt  1	[4.66 s]
0.0.N: Trace Attempt  2	[4.66 s]
0.0.N: Trace Attempt  3	[4.66 s]
0.0.N: Trace Attempt  4	[4.66 s]
0.0.N: Trace Attempt  5	[4.66 s]
0.0.N: Trace Attempt  1	[6.83 s]
0.0.N: Trace Attempt  2	[6.84 s]
0.0.N: Trace Attempt  3	[6.84 s]
0.0.N: Trace Attempt  4	[6.84 s]
0.0.N: Trace Attempt  5	[6.84 s]
0.0.AM: Trace Attempt 149	[6.84 s]
0.0.Hp: Trace Attempt 510	[8.01 s]
0.0.Ht: Trace Attempt 2729	[8.00 s]
0.0.B: Trace Attempt 2531	[8.01 s]
0.0.N: Trace Attempt  1	[9.12 s]
0.0.N: Trace Attempt  2	[9.12 s]
0.0.N: Trace Attempt  3	[9.12 s]
0.0.N: Trace Attempt  4	[9.12 s]
0.0.N: Trace Attempt  5	[9.12 s]
0.0.AM: Trace Attempt 237	[10.85 s]
0.0.AM: Trace Attempt  1	[11.45 s]
0.0.AM: Trace Attempt  2	[11.45 s]
0.0.AM: Trace Attempt  3	[11.45 s]
0.0.AM: Trace Attempt  4	[11.46 s]
0.0.AM: Trace Attempt  5	[11.46 s]
0.0.Hp: Trace Attempt 619	[12.03 s]
0.0.Ht: Trace Attempt 3271	[12.01 s]
0.0.B: Trace Attempt 3041	[12.01 s]
0.0.N: Trace Attempt 135	[13.14 s]
0.0.AM: Trace Attempt 167	[15.48 s]
0.0.Ht: Trace Attempt 3749	[16.01 s]
0.0.B: Trace Attempt 3491	[16.01 s]
0.0.Hp: Trace Attempt 714	[16.07 s]
0.0.N: Trace Attempt 215	[17.20 s]
0.0.N: Trace Attempt  1	[18.66 s]
0.0.N: Trace Attempt  2	[18.66 s]
0.0.N: Trace Attempt  3	[18.66 s]
0.0.N: Trace Attempt  4	[18.66 s]
0.0.N: Trace Attempt  5	[18.66 s]
0.0.AM: Trace Attempt 238	[19.57 s]
0.0.Ht: Trace Attempt 4168	[20.01 s]
0.0.B: Trace Attempt 3880	[20.01 s]
0.0.Hp: Trace Attempt 798	[20.07 s]
0.0.N: Trace Attempt 153	[22.68 s]
0.0.AM: Trace Attempt 278	[23.64 s]
0.0.Ht: Trace Attempt 4548	[24.02 s]
0.0.B: Trace Attempt 4246	[24.02 s]
0.0.Hp: Trace Attempt 876	[24.12 s]
0.0.N: Trace Attempt  1	[26.50 s]
0.0.N: Trace Attempt  2	[26.50 s]
0.0.N: Trace Attempt  3	[26.50 s]
0.0.N: Trace Attempt  4	[26.50 s]
0.0.N: Trace Attempt  5	[26.51 s]
0.0.AM: Trace Attempt 318	[27.73 s]
0.0.Ht: Trace Attempt 4902	[28.03 s]
0.0.B: Trace Attempt 4590	[28.02 s]
0.0.Hp: Trace Attempt 947	[28.12 s]
0.0.N: Trace Attempt 155	[30.53 s]
0.0.AM: Trace Attempt 354	[31.92 s]
0.0.Ht: Trace Attempt 5226	[32.04 s]
0.0.B: Trace Attempt 4905	[32.02 s]
0.0.Hp: Trace Attempt 1015	[32.17 s]
0.0.N: Trace Attempt 232	[34.62 s]
0.0.N: Trace Attempt  1	[34.90 s]
0.0.N: Trace Attempt  2	[34.91 s]
0.0.N: Trace Attempt  3	[34.91 s]
0.0.N: Trace Attempt  4	[34.91 s]
0.0.N: Trace Attempt  5	[34.91 s]
0.0.AM: Trace Attempt 394	[35.93 s]
0.0.Ht: Trace Attempt 5523	[36.05 s]
0.0.B: Trace Attempt 5195	[36.03 s]
0.0.Hp: Trace Attempt 1078	[36.19 s]
0.0.N: Trace Attempt 154	[38.93 s]
0.0.AM: Trace Attempt 439	[40.05 s]
0.0.Ht: Trace Attempt 5816	[40.05 s]
0.0.B: Trace Attempt 5467	[40.04 s]
0.0.N: Trace Attempt 233	[43.06 s]
0.0.N: Trace Attempt  1	[43.34 s]
0.0.N: Trace Attempt  2	[43.35 s]
0.0.N: Trace Attempt  3	[43.35 s]
0.0.N: Trace Attempt  4	[43.35 s]
0.0.N: Trace Attempt  5	[43.35 s]
0.0.AM: Trace Attempt 334	[44.05 s]
0.0.Ht: Trace Attempt 6094	[44.06 s]
0.0.B: Trace Attempt 5725	[44.04 s]
0.0.Hp: Trace Attempt 1132	[45.33 s]
0.0.N: Trace Attempt 154	[47.40 s]
0.0.AM: Trace Attempt 505	[48.05 s]
0.0.Ht: Trace Attempt 6340	[48.07 s]
0.0.B: Trace Attempt 5956	[48.05 s]
0.0.Hp: Trace Attempt 1154	[49.38 s]
0.0.AM: Trace Attempt  1	[50.15 s]
0.0.AM: Trace Attempt  2	[50.15 s]
0.0.AM: Trace Attempt  3	[50.15 s]
0.0.AM: Trace Attempt  4	[50.15 s]
0.0.AM: Trace Attempt  5	[50.15 s]
0.0.N: Trace Attempt  1	[51.31 s]
0.0.N: Trace Attempt  2	[51.31 s]
0.0.N: Trace Attempt  3	[51.31 s]
0.0.N: Trace Attempt  4	[51.32 s]
0.0.N: Trace Attempt  5	[51.32 s]
0.0.Ht: Trace Attempt 6580	[52.08 s]
0.0.B: Trace Attempt 6183	[52.06 s]
0.0.Hp: Trace Attempt 1219	[53.41 s]
0.0.AM: Trace Attempt 168	[54.19 s]
0.0.N: Trace Attempt 155	[55.33 s]
0.0.Ht: Trace Attempt 6841	[56.09 s]
0.0.B: Trace Attempt 6419	[56.07 s]
0.0.Hp: Trace Attempt 1282	[57.46 s]
0.0.AM: Trace Attempt 232	[58.23 s]
0.0.N: Trace Attempt 235	[59.44 s]
0.0.N: Trace Attempt  1	[59.83 s]
0.0.N: Trace Attempt  2	[59.83 s]
0.0.N: Trace Attempt  3	[59.83 s]
0.0.N: Trace Attempt  4	[59.83 s]
0.0.N: Trace Attempt  5	[59.83 s]
0.0.Ht: Trace Attempt 7083	[60.09 s]
0.0.B: Trace Attempt 6639	[60.09 s]
0.0.Hp: Trace Attempt 1341	[61.49 s]
0.0.AM: Trace Attempt 280	[62.24 s]
0.0.N: Trace Attempt 153	[63.84 s]
0.0.Ht: Trace Attempt 7312	[64.09 s]
0.0.B: Trace Attempt 6855	[64.09 s]
0.0.Hp: Trace Attempt 1398	[65.51 s]
0.0.AM: Trace Attempt 324	[66.27 s]
0.0.N: Trace Attempt 237	[67.88 s]
0.0.N: Trace Attempt  1	[67.89 s]
0.0.N: Trace Attempt  2	[67.89 s]
0.0.N: Trace Attempt  3	[67.89 s]
0.0.N: Trace Attempt  4	[67.89 s]
0.0.N: Trace Attempt  5	[67.89 s]
0.0.Ht: Trace Attempt 7525	[68.09 s]
0.0.B: Trace Attempt 7060	[68.11 s]
0.0.Hp: Trace Attempt 1452	[69.55 s]
0.0.AM: Trace Attempt 359	[70.33 s]
0.0.N: Trace Attempt 153	[71.93 s]
0.0.Ht: Trace Attempt 7741	[72.09 s]
0.0.B: Trace Attempt 7260	[72.11 s]
0.0.Hp: Trace Attempt 1503	[73.57 s]
0.0.AM: Trace Attempt 400	[74.44 s]
0.0.N: Trace Attempt 237	[76.10 s]
0.0.Ht: Trace Attempt 7953	[76.10 s]
0.0.B: Trace Attempt 7452	[76.13 s]
0.0.N: Trace Attempt  1	[76.50 s]
0.0.N: Trace Attempt  2	[76.50 s]
0.0.N: Trace Attempt  3	[76.50 s]
0.0.N: Trace Attempt  4	[76.51 s]
0.0.N: Trace Attempt  5	[76.51 s]
0.0.Hp: Trace Attempt 1557	[77.57 s]
0.0.AM: Trace Attempt 443	[78.52 s]
0.0.Ht: Trace Attempt 8158	[80.10 s]
0.0.B: Trace Attempt 7639	[80.13 s]
0.0.N: Trace Attempt 154	[80.52 s]
0.0.Hp: Trace Attempt 1610	[81.63 s]
0.0.AM: Trace Attempt 456	[83.14 s]
0.0.Ht: Trace Attempt 8352	[84.10 s]
0.0.B: Trace Attempt 7821	[84.14 s]
0.0.N: Trace Attempt 238	[84.67 s]
0.0.N: Trace Attempt  1	[85.07 s]
0.0.N: Trace Attempt  2	[85.07 s]
0.0.N: Trace Attempt  3	[85.07 s]
0.0.N: Trace Attempt  4	[85.08 s]
0.0.N: Trace Attempt  5	[85.08 s]
0.0.Hp: Trace Attempt 1660	[85.68 s]
0.0.AM: Trace Attempt 468	[87.31 s]
0.0.Ht: Trace Attempt 8546	[88.11 s]
0.0.B: Trace Attempt 7999	[88.15 s]
0.0.N: Trace Attempt 154	[89.10 s]
0.0.Hp: Trace Attempt 1708	[89.72 s]
0.0.AM: Trace Attempt 494	[91.46 s]
0.0.Ht: Trace Attempt 8740	[92.11 s]
0.0.B: Trace Attempt 8174	[92.16 s]
0.0.N: Trace Attempt 239	[93.27 s]
0.0.N: Trace Attempt  1	[93.65 s]
0.0.N: Trace Attempt  2	[93.65 s]
0.0.N: Trace Attempt  3	[93.65 s]
0.0.N: Trace Attempt  4	[93.65 s]
0.0.N: Trace Attempt  5	[93.65 s]
0.0.Hp: Trace Attempt 1754	[93.72 s]
0.0.AM: Trace Attempt 513	[95.59 s]
0.0.Ht: Trace Attempt 8935	[96.13 s]
0.0.B: Trace Attempt 8351	[96.16 s]
0.0.N: Trace Attempt 153	[97.66 s]
0.0.Hp: Trace Attempt 1799	[97.72 s]
0.0.AM: Trace Attempt 534	[99.59 s]
0.0.Ht: Trace Attempt 9122	[100.15 s]
0.0.B: Trace Attempt 8526	[100.18 s]
0.0.N: Trace Attempt 241	[101.67 s]
0.0.N: Trace Attempt  1	[101.68 s]
0.0.N: Trace Attempt  2	[101.68 s]
0.0.N: Trace Attempt  3	[101.68 s]
0.0.N: Trace Attempt  4	[101.68 s]
0.0.N: Trace Attempt  5	[101.69 s]
0.0.Hp: Trace Attempt 1843	[101.80 s]
0.0.AM: Trace Attempt 551	[103.61 s]
0.0.Ht: Trace Attempt 9297	[104.15 s]
0.0.B: Trace Attempt 8696	[104.20 s]
0.0.N: Trace Attempt 154	[105.69 s]
0.0.Hp: Trace Attempt 1886	[105.83 s]
0.0.AM: Trace Attempt 566	[107.65 s]
0.0.Ht: Trace Attempt 9475	[108.18 s]
0.0.B: Trace Attempt 8863	[108.22 s]
0.0.N: Trace Attempt 241	[109.84 s]
0.0.Hp: Trace Attempt 1928	[109.90 s]
0.0.N: Trace Attempt  1	[110.14 s]
0.0.N: Trace Attempt  2	[110.14 s]
0.0.N: Trace Attempt  3	[110.14 s]
0.0.N: Trace Attempt  4	[110.15 s]
0.0.N: Trace Attempt  5	[110.15 s]
0.0.AM: Trace Attempt 582	[111.70 s]
0.0.Ht: Trace Attempt 9637	[112.18 s]
0.0.B: Trace Attempt 9025	[112.23 s]
0.0.Hp: Trace Attempt 1969	[113.99 s]
0.0.N: Trace Attempt 152	[114.16 s]
0.0.AM: Trace Attempt 600	[116.00 s]
0.0.Ht: Trace Attempt 9811	[116.18 s]
0.0.B: Trace Attempt 9188	[116.24 s]
0.0.Hp: Trace Attempt 2009	[118.09 s]
0.0.N: Trace Attempt 243	[118.25 s]
0.0.N: Trace Attempt  1	[118.26 s]
0.0.N: Trace Attempt  2	[118.26 s]
0.0.N: Trace Attempt  3	[118.26 s]
0.0.N: Trace Attempt  4	[118.27 s]
0.0.N: Trace Attempt  5	[118.27 s]
0.0.Ht: Trace Attempt 9982	[120.20 s]
0.0.B: Trace Attempt 9346	[120.26 s]
0.0.AM: Trace Attempt 616	[120.37 s]
0.0.Hp: Trace Attempt 2048	[122.13 s]
0.0.N: Trace Attempt 154	[122.27 s]
0.0.Ht: Trace Attempt 10146	[124.21 s]
0.0.B: Trace Attempt 9503	[124.27 s]
0.0.AM: Trace Attempt 630	[124.44 s]
0.0.Hp: Trace Attempt 2086	[126.22 s]
0.0.N: Trace Attempt 243	[126.42 s]
0.0.N: Trace Attempt  1	[126.79 s]
0.0.N: Trace Attempt  2	[126.80 s]
0.0.N: Trace Attempt  3	[126.80 s]
0.0.N: Trace Attempt  4	[126.80 s]
0.0.N: Trace Attempt  5	[126.80 s]
0.0.Ht: Trace Attempt 10301	[128.22 s]
0.0.B: Trace Attempt 9652	[128.28 s]
0.0.AM: Trace Attempt 645	[128.65 s]
0.0.Hp: Trace Attempt 2123	[130.25 s]
0.0.N: Trace Attempt 135	[130.82 s]
0.0.Ht: Trace Attempt 10463	[132.23 s]
0.0.B: Trace Attempt 9802	[132.28 s]
0.0.AM: Trace Attempt 659	[132.76 s]
0.0.Hp: Trace Attempt 2160	[134.34 s]
0.0.N: Trace Attempt 215	[134.88 s]
0.0.Ht: Trace Attempt 10616	[136.25 s]
0.0.B: Trace Attempt 9949	[136.29 s]
0.0.N: Trace Attempt  1	[136.48 s]
0.0.N: Trace Attempt  2	[136.49 s]
0.0.N: Trace Attempt  3	[136.49 s]
0.0.N: Trace Attempt  4	[136.49 s]
0.0.N: Trace Attempt  5	[136.49 s]
0.0.AM: Trace Attempt 670	[137.00 s]
0.0.Hp: Trace Attempt 2195	[138.34 s]
0.0.Ht: Trace Attempt 10772	[140.25 s]
0.0.B: Trace Attempt 10095	[140.29 s]
0.0.N: Trace Attempt 154	[140.49 s]
0.0.AM: Trace Attempt 682	[141.03 s]
0.0.Hp: Trace Attempt 2230	[142.41 s]
0.0.Ht: Trace Attempt 10929	[144.27 s]
0.0.B: Trace Attempt 10238	[144.32 s]
0.0.N: Trace Attempt 245	[144.64 s]
0.0.N: Trace Attempt  1	[144.99 s]
0.0.N: Trace Attempt  2	[144.99 s]
0.0.N: Trace Attempt  3	[144.99 s]
0.0.N: Trace Attempt  4	[144.99 s]
0.0.N: Trace Attempt  5	[144.99 s]
0.0.AM: Trace Attempt 695	[145.15 s]
0.0.Hp: Trace Attempt 2264	[146.42 s]
0.0.Ht: Trace Attempt 11083	[148.27 s]
0.0.B: Trace Attempt 10376	[148.34 s]
0.0.N: Trace Attempt 153	[149.00 s]
0.0.AM: Trace Attempt 710	[149.47 s]
0.0.Hp: Trace Attempt 2298	[150.47 s]
0.0.Ht: Trace Attempt 11234	[152.28 s]
0.0.B: Trace Attempt 10512	[152.34 s]
0.0.N: Trace Attempt  1	[152.91 s]
0.0.N: Trace Attempt  2	[152.91 s]
0.0.N: Trace Attempt  3	[152.91 s]
0.0.N: Trace Attempt  4	[152.92 s]
0.0.N: Trace Attempt  5	[152.92 s]
0.0.AM: Trace Attempt 724	[153.52 s]
0.0.Hp: Trace Attempt 2331	[154.55 s]
0.0.Ht: Trace Attempt 11374	[156.29 s]
0.0.B: Trace Attempt 10646	[156.36 s]
0.0.N: Trace Attempt 136	[157.07 s]
0.0.AM: Trace Attempt 738	[157.54 s]
0.0.Hp: Trace Attempt 2364	[158.67 s]
0.0.Ht: Trace Attempt 11520	[160.31 s]
0.0.B: Trace Attempt 10778	[160.38 s]
0.0.N: Trace Attempt 217	[161.15 s]
0.0.AM: Trace Attempt 752	[161.59 s]
0.0.Hp: Trace Attempt 2396	[162.73 s]
0.0.N: Trace Attempt  1	[163.24 s]
0.0.N: Trace Attempt  2	[163.25 s]
0.0.N: Trace Attempt  3	[163.25 s]
0.0.N: Trace Attempt  4	[163.25 s]
0.0.N: Trace Attempt  5	[163.25 s]
0.0.Ht: Trace Attempt 11651	[164.36 s]
0.0.B: Trace Attempt 10906	[164.39 s]
0.0.AM: Trace Attempt 763	[165.81 s]
0.0.Hp: Trace Attempt 2428	[166.80 s]
0.0.N: Trace Attempt 149	[167.25 s]
0.0.Ht: Trace Attempt 11790	[168.37 s]
0.0.B: Trace Attempt 11035	[168.40 s]
0.0.AM: Trace Attempt 774	[170.05 s]
0.0.Hp: Trace Attempt 2459	[170.82 s]
0.0.N: Trace Attempt 205	[171.30 s]
0.0.Ht: Trace Attempt 11930	[172.38 s]
0.0.B: Trace Attempt 11162	[172.41 s]
0.0.AM: Trace Attempt 785	[174.13 s]
0.0.Hp: Trace Attempt 2490	[174.88 s]
0.0.N: Trace Attempt 232	[175.30 s]
0.0.Ht: Trace Attempt 12068	[176.40 s]
0.0.B: Trace Attempt 11287	[176.45 s]
0.0.AM: Trace Attempt 797	[178.28 s]
0.0.Hp: Trace Attempt 2520	[178.91 s]
0.0.N: Trace Attempt 272	[179.36 s]
0.0.Ht: Trace Attempt 12204	[180.41 s]
0.0.B: Trace Attempt 11407	[180.46 s]
0.0.N: Trace Attempt 285	[180.95 s]
0.0.N: Stopped processing property "Load_Store.p1"	[181.02 s].
0.0.N: Morphing to Ncustom1
0.0.N: All properties determined. [0.00 s]
0.0.N: Exited with Success (@ 0.00 s)
0.0.Ncustom1: clocks: 1, declared: 1, looping: 0, posedge: 1, negedge: 0, noedge: 0, bothedge: 0
0.0.Ncustom1: Starting proof for property "Load_Store.p1"	[0.00 s].
0.0.Ncustom1: Trace Attempt 257	[0.04 s]
0.0.B: Trace Attempt 11421	[180.92 s]
0.0.B: Stopped processing property "Load_Store.p1"	[181.07 s].
0.0.B: Morphing to Bcustom2
0.0.B: All properties determined. [0.00 s]
0.0.B: Exited with Success (@ 0.00 s)
0.0.Bcustom2: clocks: 1, declared: 1, looping: 0, posedge: 1, negedge: 0, noedge: 0, bothedge: 0
0.0.Bcustom2: Starting proof for property "Load_Store.p1"	[0.00 s].
0.0.Bcustom2: Trace Attempt  1	[0.00 s]
0.0.Bcustom2: Trace Attempt  2	[0.00 s]
0.0.Bcustom2: Trace Attempt  1	[0.00 s]
0.0.Bcustom2: Trace Attempt  2	[0.00 s]
0.0.Bcustom2: Trace Attempt  3	[0.00 s]
0.0.Bcustom2: Trace Attempt  1	[0.00 s]
0.0.Bcustom2: Trace Attempt  2	[0.00 s]
0.0.Bcustom2: Trace Attempt  3	[0.00 s]
0.0.Bcustom2: Trace Attempt  4	[0.00 s]
0.0.Bcustom2: Trace Attempt  5	[0.00 s]
0.0.Bcustom2: Trace Attempt  1	[0.00 s]
0.0.Bcustom2: Trace Attempt  2	[0.00 s]
0.0.Bcustom2: Trace Attempt  3	[0.00 s]
0.0.Bcustom2: Trace Attempt  4	[0.00 s]
0.0.Bcustom2: Trace Attempt  5	[0.00 s]
0.0.Bcustom2: Trace Attempt  1	[0.01 s]
0.0.Bcustom2: Trace Attempt  2	[0.01 s]
0.0.Bcustom2: Trace Attempt  3	[0.01 s]
0.0.Bcustom2: Trace Attempt  4	[0.01 s]
0.0.Bcustom2: Trace Attempt  5	[0.01 s]
0.0.Bcustom2: Trace Attempt  1	[0.01 s]
0.0.Bcustom2: Trace Attempt  2	[0.01 s]
0.0.Bcustom2: Trace Attempt  3	[0.01 s]
0.0.Bcustom2: Trace Attempt  4	[0.01 s]
0.0.Bcustom2: Trace Attempt  5	[0.01 s]
0.0.Bcustom2: Trace Attempt  1	[0.02 s]
0.0.Bcustom2: Trace Attempt  2	[0.02 s]
0.0.Bcustom2: Trace Attempt  3	[0.02 s]
0.0.Bcustom2: Trace Attempt  4	[0.02 s]
0.0.Bcustom2: Trace Attempt  5	[0.02 s]
0.0.Bcustom2: Trace Attempt  1	[0.05 s]
0.0.Bcustom2: Trace Attempt  2	[0.05 s]
0.0.Bcustom2: Trace Attempt  3	[0.05 s]
0.0.Bcustom2: Trace Attempt  4	[0.05 s]
0.0.Bcustom2: Trace Attempt  5	[0.05 s]
0.0.Tri: Proofgrid shell started at 27069@vlsi-ria85(local) jg_22772_vlsi-ria85_1
0.0.AM: Trace Attempt 805	[180.69 s]
0.0.AM: Stopped processing property "Load_Store.p1"	[181.14 s].
0.0.AM: Morphing to AMcustom3
0.0.AM: All properties determined. [0.00 s]
0.0.AM: Exited with Success (@ 0.00 s)
0.0.AMcustom3: clocks: 1, declared: 1, looping: 0, posedge: 1, negedge: 0, noedge: 0, bothedge: 0
0.0.Tri: clocks: 1, declared: 1, looping: 0, posedge: 1, negedge: 0, noedge: 0, bothedge: 0
0.0.Tri: Last scan. Per property time limit: 0s
0.0.Tri: Starting proof for property "Load_Store.p1"	[0.00 s].
0.0.Tri: Trace Attempt  1	[0.00 s]
0.0.AMcustom3: Starting proof for property "Load_Store.p1"	[0.00 s].
0.0.AMcustom3: Trace Attempt  1	[0.00 s]
0.0.AMcustom3: Trace Attempt  2	[0.00 s]
0.0.AMcustom3: Trace Attempt  3	[0.00 s]
0.0.AMcustom3: Trace Attempt  4	[0.00 s]
0.0.AMcustom3: Trace Attempt  5	[0.00 s]
0.0.AMcustom3: Trace Attempt  1	[0.00 s]
0.0.AMcustom3: Trace Attempt  2	[0.00 s]
0.0.AMcustom3: Trace Attempt  3	[0.01 s]
0.0.AMcustom3: Trace Attempt  4	[0.01 s]
0.0.AMcustom3: Trace Attempt  5	[0.01 s]
0.0.Bcustom2: Trace Attempt  1	[0.11 s]
0.0.Bcustom2: Trace Attempt  2	[0.11 s]
0.0.Bcustom2: Trace Attempt  3	[0.11 s]
0.0.AMcustom3: Trace Attempt  1	[0.02 s]
0.0.Bcustom2: Trace Attempt  4	[0.11 s]
0.0.Bcustom2: Trace Attempt  5	[0.11 s]
0.0.AMcustom3: Trace Attempt  2	[0.02 s]
0.0.AMcustom3: Trace Attempt  3	[0.02 s]
0.0.AMcustom3: Trace Attempt  4	[0.03 s]
0.0.AMcustom3: Trace Attempt  5	[0.03 s]
0.0.Tri:    0.00" ---- Launching main thread ----
0.0.AMcustom3: Trace Attempt  1	[0.07 s]
0.0.AMcustom3: Trace Attempt  2	[0.07 s]
0.0.AMcustom3: Trace Attempt  3	[0.07 s]
0.0.AMcustom3: Trace Attempt  4	[0.08 s]
0.0.AMcustom3: Trace Attempt  5	[0.08 s]
0.0.Tri:    0.11" ---- Launching abstraction thread ----
0.0.Tri:    0.12" ---- Launching multi-phase simplification thread ----
0.0.Bcustom2: Trace Attempt  1	[0.27 s]
0.0.Bcustom2: Trace Attempt  2	[0.27 s]
0.0.Bcustom2: Trace Attempt  3	[0.27 s]
0.0.Bcustom2: Trace Attempt  4	[0.27 s]
0.0.Bcustom2: Trace Attempt  5	[0.27 s]
0.0.AMcustom3: Trace Attempt  1	[0.24 s]
0.0.AMcustom3: Trace Attempt  2	[0.24 s]
0.0.AMcustom3: Trace Attempt  3	[0.24 s]
0.0.AMcustom3: Trace Attempt  4	[0.25 s]
0.0.AMcustom3: Trace Attempt  5	[0.25 s]
0.0.Tri:    0.29" ---- Launching liveness simplification thread ----
0.0.Ncustom1: Trace Attempt  1	[0.66 s]
0.0.Ncustom1: Trace Attempt  2	[0.66 s]
0.0.Ncustom1: Trace Attempt  3	[0.66 s]
0.0.Ncustom1: Trace Attempt  4	[0.66 s]
0.0.Ncustom1: Trace Attempt  5	[0.66 s]
0.0.AMcustom3: Trace Attempt  1	[0.84 s]
0.0.AMcustom3: Trace Attempt  2	[0.85 s]
0.0.AMcustom3: Trace Attempt  3	[0.85 s]
0.0.AMcustom3: Trace Attempt  4	[0.85 s]
0.0.AMcustom3: Trace Attempt  5	[0.85 s]
0.0.AMcustom3: Trace Attempt 31	[1.01 s]
0.0.AMcustom3: Stopped processing property "Load_Store.p1"	[1.03 s].
0.0.AMcustom3: Morphing to M
0.0.AMcustom3: All properties determined. [0.00 s]
0.0.AMcustom3: Exited with Success (@ 0.00 s)
0.0.M: clocks: 1, declared: 1, looping: 0, posedge: 1, negedge: 0, noedge: 0, bothedge: 0
0.0.M: Starting proof for property "Load_Store.p1"	[0.00 s].
0.0.M: Trace Attempt  1	[0.00 s]
0.0.M: Trace Attempt  2	[0.00 s]
0.0.M: Trace Attempt  3	[0.00 s]
0.0.M: Trace Attempt  4	[0.01 s]
0.0.M: Trace Attempt  5	[0.01 s]
0.0.Tri:    1.07" Simplification phase 1 complete
0.0.Tri: Stopped processing property "Load_Store.p1"	[1.13 s].
0.0.Tri: Morphing to AMcustom5
0.0.Tri: All properties determined. [0.00 s]
0.0.Tri: Exited with Success (@ 0.00 s)
0.0.AMcustom5: clocks: 1, declared: 1, looping: 0, posedge: 1, negedge: 0, noedge: 0, bothedge: 0
0.0.AMcustom5: Starting proof for property "Load_Store.p1"	[0.00 s].
0.0.AMcustom5: Trace Attempt  1	[0.00 s]
0.0.AMcustom5: Trace Attempt  2	[0.00 s]
0.0.AMcustom5: Trace Attempt  1	[0.00 s]
0.0.AMcustom5: Trace Attempt  2	[0.00 s]
0.0.AMcustom5: Trace Attempt  3	[0.00 s]
0.0.AMcustom5: Trace Attempt  1	[0.00 s]
0.0.AMcustom5: Trace Attempt  2	[0.00 s]
0.0.AMcustom5: Trace Attempt  3	[0.00 s]
0.0.AMcustom5: Trace Attempt  4	[0.00 s]
0.0.AMcustom5: Trace Attempt  5	[0.01 s]
0.0.AMcustom5: Trace Attempt  1	[0.01 s]
0.0.AMcustom5: Trace Attempt  2	[0.01 s]
0.0.AMcustom5: Trace Attempt  3	[0.01 s]
0.0.AMcustom5: Trace Attempt  4	[0.01 s]
0.0.AMcustom5: Trace Attempt  5	[0.01 s]
0.0.AMcustom5: Trace Attempt  1	[0.01 s]
0.0.AMcustom5: Trace Attempt  2	[0.01 s]
0.0.AMcustom5: Trace Attempt  3	[0.01 s]
0.0.AMcustom5: Trace Attempt  4	[0.01 s]
0.0.AMcustom5: Trace Attempt  5	[0.02 s]
0.0.AMcustom5: Trace Attempt  1	[0.04 s]
0.0.AMcustom5: Trace Attempt  2	[0.04 s]
0.0.AMcustom5: Trace Attempt  3	[0.04 s]
0.0.AMcustom5: Trace Attempt  4	[0.04 s]
0.0.AMcustom5: Trace Attempt  5	[0.04 s]
0.0.AMcustom5: Trace Attempt  1	[0.04 s]
0.0.AMcustom5: Trace Attempt  2	[0.04 s]
0.0.AMcustom5: Trace Attempt  3	[0.04 s]
0.0.AMcustom5: Trace Attempt  4	[0.04 s]
0.0.AMcustom5: Trace Attempt  5	[0.05 s]
0.0.AMcustom5: Trace Attempt  1	[0.06 s]
0.0.AMcustom5: Trace Attempt  2	[0.06 s]
0.0.AMcustom5: Trace Attempt  3	[0.06 s]
0.0.AMcustom5: Trace Attempt  4	[0.07 s]
0.0.AMcustom5: Trace Attempt  5	[0.07 s]
0.0.AMcustom5: Trace Attempt  1	[0.11 s]
0.0.AMcustom5: Trace Attempt  2	[0.11 s]
0.0.AMcustom5: Trace Attempt  3	[0.11 s]
0.0.AMcustom5: Trace Attempt  4	[0.11 s]
0.0.AMcustom5: Trace Attempt  5	[0.11 s]
0.0.AMcustom5: Trace Attempt  1	[0.12 s]
0.0.AMcustom5: Trace Attempt  2	[0.12 s]
0.0.AMcustom5: Trace Attempt  3	[0.12 s]
0.0.AMcustom5: Trace Attempt  4	[0.12 s]
0.0.AMcustom5: Trace Attempt  5	[0.12 s]
0.0.AMcustom5: Trace Attempt  1	[0.13 s]
0.0.AMcustom5: Trace Attempt  2	[0.13 s]
0.0.AMcustom5: Trace Attempt  3	[0.13 s]
0.0.AMcustom5: Trace Attempt  4	[0.14 s]
0.0.AMcustom5: Trace Attempt  5	[0.14 s]
0.0.AMcustom5: Trace Attempt  1	[0.19 s]
0.0.AMcustom5: Trace Attempt  2	[0.19 s]
0.0.AMcustom5: Trace Attempt  3	[0.19 s]
0.0.AMcustom5: Trace Attempt  4	[0.20 s]
0.0.AMcustom5: Trace Attempt  5	[0.20 s]
0.0.AMcustom5: Trace Attempt  1	[0.34 s]
0.0.AMcustom5: Trace Attempt  2	[0.34 s]
0.0.AMcustom5: Trace Attempt  3	[0.34 s]
0.0.AMcustom5: Trace Attempt  4	[0.34 s]
0.0.AMcustom5: Trace Attempt  5	[0.34 s]
0.0.AMcustom5: Trace Attempt  1	[0.34 s]
0.0.AMcustom5: Trace Attempt  2	[0.35 s]
0.0.AMcustom5: Trace Attempt  3	[0.35 s]
0.0.AMcustom5: Trace Attempt  4	[0.35 s]
0.0.AMcustom5: Trace Attempt  5	[0.35 s]
0.0.AMcustom5: Trace Attempt  1	[0.36 s]
0.0.AMcustom5: Trace Attempt  2	[0.36 s]
0.0.AMcustom5: Trace Attempt  3	[0.36 s]
0.0.AMcustom5: Trace Attempt  4	[0.36 s]
0.0.AMcustom5: Trace Attempt  5	[0.37 s]
0.0.AMcustom5: Trace Attempt  1	[0.42 s]
0.0.AMcustom5: Trace Attempt  2	[0.42 s]
0.0.AMcustom5: Trace Attempt  3	[0.42 s]
0.0.AMcustom5: Trace Attempt  4	[0.43 s]
0.0.AMcustom5: Trace Attempt  5	[0.43 s]
0.0.AMcustom5: Trace Attempt  1	[0.57 s]
0.0.AMcustom5: Trace Attempt  2	[0.57 s]
0.0.AMcustom5: Trace Attempt  3	[0.57 s]
0.0.AMcustom5: Trace Attempt  4	[0.57 s]
0.0.AMcustom5: Trace Attempt  5	[0.58 s]
0.0.Hp: Trace Attempt 2550	[183.00 s]
0.0.AMcustom5: Trace Attempt  1	[1.19 s]
0.0.AMcustom5: Trace Attempt  2	[1.19 s]
0.0.AMcustom5: Trace Attempt  3	[1.19 s]
0.0.AMcustom5: Trace Attempt  4	[1.19 s]
0.0.AMcustom5: Trace Attempt  5	[1.19 s]
0.0.AMcustom5: Trace Attempt  1	[1.19 s]
0.0.AMcustom5: Trace Attempt  2	[1.19 s]
0.0.AMcustom5: Trace Attempt  3	[1.19 s]
0.0.AMcustom5: Trace Attempt  4	[1.20 s]
0.0.AMcustom5: Trace Attempt  5	[1.20 s]
0.0.AMcustom5: Trace Attempt  1	[1.29 s]
0.0.AMcustom5: Trace Attempt  2	[1.29 s]
0.0.AMcustom5: Trace Attempt  3	[1.29 s]
0.0.AMcustom5: Trace Attempt  4	[1.29 s]
0.0.AMcustom5: Trace Attempt  5	[1.30 s]
0.0.Bcustom2: Trace Attempt  1	[2.68 s]
0.0.Bcustom2: Stopped processing property "Load_Store.p1"	[2.68 s].
0.0.Bcustom2: Morphing to D
0.0.Bcustom2: All properties determined. [0.00 s]
0.0.Bcustom2: Exited with Success (@ 0.00 s)
0.0.D: clocks: 1, declared: 1, looping: 0, posedge: 1, negedge: 0, noedge: 0, bothedge: 0
0.0.D: Starting proof for property "Load_Store.p1"	[0.00 s].
0.0.D: Trace Attempt  1	[0.00 s]
0.0.D: Trace Attempt  2	[0.00 s]
0.0.D: Trace Attempt  4	[0.00 s]
0.0.AMcustom5: Trace Attempt  1	[1.57 s]
0.0.AMcustom5: Trace Attempt  2	[1.57 s]
0.0.AMcustom5: Trace Attempt  3	[1.57 s]
0.0.AMcustom5: Trace Attempt  4	[1.58 s]
0.0.AMcustom5: Trace Attempt  5	[1.58 s]
0.0.D: Trace Attempt 33	[0.28 s]
0.0.D: Stopped processing property "Load_Store.p1"	[0.60 s].
0.0.D: Morphing to Tri
0.0.D: All properties determined. [0.00 s]
0.0.D: Exited with Success (@ 0.00 s)
0.0.Tri: clocks: 1, declared: 1, looping: 0, posedge: 1, negedge: 0, noedge: 0, bothedge: 0
0.0.AMcustom5: Trace Attempt 54	[2.02 s]
0.0.AMcustom5: Stopped processing property "Load_Store.p1"	[2.04 s].
0.0.AMcustom5: Morphing to ADcustom7
0.0.AMcustom5: All properties determined. [0.00 s]
0.0.AMcustom5: Exited with Success (@ 0.00 s)
0.0.Ncustom1: Trace Attempt 121	[3.27 s]
0.0.Ncustom1: Stopped processing property "Load_Store.p1"	[3.36 s].
0.0.Ncustom1: Morphing to AMcustom3
0.0.Ncustom1: All properties determined. [0.00 s]
0.0.Ncustom1: Exited with Success (@ 0.00 s)
0.0.ADcustom7: clocks: 1, declared: 1, looping: 0, posedge: 1, negedge: 0, noedge: 0, bothedge: 0
0.0.ADcustom7: Starting proof for property "Load_Store.p1"	[0.00 s].
0.0.ADcustom7: Trace Attempt  1	[0.00 s]
0.0.ADcustom7: Trace Attempt  2	[0.00 s]
0.0.ADcustom7: Trace Attempt  1	[0.00 s]
0.0.ADcustom7: Trace Attempt  2	[0.00 s]
0.0.ADcustom7: Trace Attempt  3	[0.00 s]
0.0.ADcustom7: Trace Attempt  1	[0.00 s]
0.0.ADcustom7: Trace Attempt  2	[0.00 s]
0.0.AMcustom3: clocks: 1, declared: 1, looping: 0, posedge: 1, negedge: 0, noedge: 0, bothedge: 0
0.0.AMcustom3: Starting proof for property "Load_Store.p1"	[0.00 s].
0.0.AMcustom3: Trace Attempt  1	[0.00 s]
0.0.AMcustom3: Trace Attempt  2	[0.00 s]
0.0.AMcustom3: Trace Attempt  3	[0.00 s]
0.0.ADcustom7: Trace Attempt  3	[0.00 s]
0.0.ADcustom7: Trace Attempt  4	[0.00 s]
0.0.ADcustom7: Trace Attempt  5	[0.01 s]
0.0.AMcustom3: Trace Attempt  4	[0.00 s]
0.0.AMcustom3: Trace Attempt  5	[0.00 s]
0.0.ADcustom7: Trace Attempt  1	[0.01 s]
0.0.ADcustom7: Trace Attempt  2	[0.01 s]
0.0.ADcustom7: Trace Attempt  3	[0.01 s]
0.0.ADcustom7: Trace Attempt  4	[0.01 s]
0.0.ADcustom7: Trace Attempt  5	[0.01 s]
0.0.ADcustom7: Trace Attempt  1	[0.01 s]
0.0.ADcustom7: Trace Attempt  2	[0.01 s]
0.0.ADcustom7: Trace Attempt  4	[0.01 s]
0.0.AMcustom3: Trace Attempt  1	[0.00 s]
0.0.AMcustom3: Trace Attempt  2	[0.01 s]
0.0.AMcustom3: Trace Attempt  3	[0.01 s]
0.0.AMcustom3: Trace Attempt  4	[0.01 s]
0.0.AMcustom3: Trace Attempt  5	[0.01 s]
0.0.Tri: Starting proof for property "Load_Store.p1"	[0.00 s].
0.0.Tri: Trace Attempt  1	[0.00 s]
0.0.ADcustom7: Trace Attempt  1	[0.03 s]
0.0.ADcustom7: Trace Attempt  2	[0.03 s]
0.0.ADcustom7: Trace Attempt  3	[0.03 s]
0.0.ADcustom7: Trace Attempt  4	[0.03 s]
0.0.ADcustom7: Trace Attempt  5	[0.03 s]
0.0.AMcustom3: Trace Attempt  1	[0.02 s]
0.0.ADcustom7: Trace Attempt  1	[0.03 s]
0.0.ADcustom7: Trace Attempt  2	[0.03 s]
0.0.ADcustom7: Trace Attempt  4	[0.03 s]
0.0.AMcustom3: Trace Attempt  2	[0.03 s]
0.0.AMcustom3: Trace Attempt  3	[0.03 s]
0.0.AMcustom3: Trace Attempt  4	[0.03 s]
0.0.AMcustom3: Trace Attempt  5	[0.03 s]
0.0.ADcustom7: Trace Attempt  1	[0.05 s]
0.0.ADcustom7: Trace Attempt  2	[0.05 s]
0.0.ADcustom7: Trace Attempt  4	[0.05 s]
0.0.Tri:    0.00" ---- Launching main thread ----
0.0.Ht: Trace Attempt 12336	[184.43 s]
0.0.AMcustom3: Trace Attempt  1	[0.07 s]
0.0.AMcustom3: Trace Attempt  2	[0.07 s]
0.0.AMcustom3: Trace Attempt  3	[0.07 s]
0.0.AMcustom3: Trace Attempt  4	[0.08 s]
0.0.AMcustom3: Trace Attempt  5	[0.08 s]
0.0.ADcustom7: Trace Attempt  1	[0.10 s]
0.0.ADcustom7: Trace Attempt  2	[0.10 s]
0.0.ADcustom7: Trace Attempt  3	[0.10 s]
0.0.ADcustom7: Trace Attempt  4	[0.10 s]
0.0.ADcustom7: Trace Attempt  5	[0.10 s]
0.0.ADcustom7: Trace Attempt  1	[0.11 s]
0.0.ADcustom7: Trace Attempt  2	[0.11 s]
0.0.ADcustom7: Trace Attempt  4	[0.11 s]
0.0.ADcustom7: Trace Attempt  1	[0.12 s]
0.0.ADcustom7: Trace Attempt  2	[0.12 s]
0.0.ADcustom7: Trace Attempt  5	[0.13 s]
0.0.Tri:    0.08" ---- Launching abstraction thread ----
0.0.Tri:    0.10" ---- Launching multi-phase simplification thread ----
0.0.ADcustom7: Trace Attempt  1	[0.17 s]
0.0.ADcustom7: Trace Attempt  2	[0.17 s]
0.0.ADcustom7: Trace Attempt  5	[0.18 s]
0.0.Tri:    0.13" ---- Launching liveness simplification thread ----
0.0.AMcustom3: Trace Attempt  1	[0.24 s]
0.0.AMcustom3: Trace Attempt  2	[0.24 s]
0.0.AMcustom3: Trace Attempt  3	[0.24 s]
0.0.AMcustom3: Trace Attempt  4	[0.24 s]
0.0.AMcustom3: Trace Attempt  5	[0.24 s]
0.0.ADcustom7: Trace Attempt  1	[0.46 s]
0.0.ADcustom7: Trace Attempt  2	[0.46 s]
0.0.ADcustom7: Trace Attempt  3	[0.46 s]
0.0.ADcustom7: Trace Attempt  4	[0.46 s]
0.0.ADcustom7: Trace Attempt  5	[0.46 s]
0.0.ADcustom7: Trace Attempt  1	[0.47 s]
0.0.ADcustom7: Trace Attempt  2	[0.47 s]
0.0.ADcustom7: Trace Attempt  4	[0.47 s]
0.0.ADcustom7: Trace Attempt  1	[0.48 s]
0.0.ADcustom7: Trace Attempt  2	[0.48 s]
0.0.ADcustom7: Trace Attempt  4	[0.49 s]
0.0.ADcustom7: Trace Attempt  1	[0.54 s]
0.0.ADcustom7: Trace Attempt  2	[0.54 s]
0.0.ADcustom7: Trace Attempt  4	[0.54 s]
0.0.ADcustom7: Trace Attempt  1	[0.77 s]
0.0.ADcustom7: Trace Attempt  2	[0.77 s]
0.0.ADcustom7: Trace Attempt  4	[0.77 s]
0.0.AMcustom3: Trace Attempt  1	[0.81 s]
0.0.AMcustom3: Trace Attempt  2	[0.81 s]
0.0.AMcustom3: Trace Attempt  3	[0.82 s]
0.0.AMcustom3: Trace Attempt  4	[0.82 s]
0.0.AMcustom3: Trace Attempt  5	[0.82 s]
0.0.Tri:    0.96" Simplification phase 1 complete
0.0.AMcustom3: Requesting engine job to terminate
0.0.Tri: Requesting engine job to terminate
0.0.M: Requesting engine job to terminate
0.0.ADcustom7: Requesting engine job to terminate
0.0.Hp: Requesting engine job to terminate
0.0.Ht: Requesting engine job to terminate
INFO (IPF144): 0: Initiating shutdown of proof [185.53 s]
0.0.Tri: A proof was found: No trace exists. [1.10 s]
INFO (IPF057): 0.0.Tri: The property "Load_Store.p1" was proven in 1.11 s.
0.0.ADcustom7: Trace Attempt 33	[0.97 s]
0.0.ADcustom7: Stopped processing property "Load_Store.p1"	[1.13 s].
0.0.ADcustom7: All properties determined. [1.13 s]
0.0.AMcustom3: Trace Attempt 39	[1.12 s]
0.0.AMcustom3: Stopped processing property "Load_Store.p1"	[1.13 s].
0.0.AMcustom3: All properties determined. [1.13 s]
0.0.ADcustom7: Exited with Success (@ 185.54 s)
0: ProofGrid usable level: 0
0.0.AMcustom3: Exited with Success (@ 185.54 s)
0.0.M: Trace Attempt 124	[3.23 s]
0.0.M: Stopped processing property "Load_Store.p1"	[3.28 s].
0.0.M: All properties determined. [3.28 s]
0.0.M: Exited with Success (@ 185.54 s)
0.0.Ht: Trace Attempt 12374	[185.48 s]
0.0.Ht: All properties determined. [185.51 s]
0.0.Hp: Trace Attempt 2568	[185.43 s]
0.0.Hp: All properties determined. [185.55 s]
0.0.Tri: Stopped processing property "Load_Store.p1"	[1.24 s].
0.0.Tri: All properties determined. [1.24 s]
0.0.Ht: Exited with Success (@ 185.68 s)
0.0.Tri: Exited with Success (@ 185.71 s)
0.0.Hp: Exited with Success (@ 185.80 s)
0: --------------------------------------------------------------
ProofGrid Summary (utilization 99.96 %)
--------------------------------------------------------------
     engines started                               :    14
     engine jobs started                           :     7

    Average time in state (seconds)
    ------------------------------------------------------
    Engine  Pending     Running        Dead    Utilization
    ------------------------------------------------------
     Hp        0.03      185.53        0.00       99.98 %
     Ht        0.03      185.50        0.00       99.98 %
     Oh        0.05        0.00        0.00        1.98 %
    AMcustom3        0.03      185.46        0.00       99.98 %
    Tri        0.05      183.81        0.00       99.97 %
      M        0.03      185.34        0.00       99.98 %
    ADcustom7        0.14        4.23        0.00       96.87 %
    all        0.05      132.84        0.00       99.96 %

    Total time in state (seconds)
    -----------------------------------------
            Pending     Running        Dead  
    -----------------------------------------
               0.36      929.88        0.00

    Data read    : 6.05 MiB
    Data written : 4.70 kiB

0: All pending notifications were processed.
INFO (IPF059): 0: Completed proof on task: "<embedded>"

==============================================================
SUMMARY
==============================================================
           Properties Considered              : 1
                 assertions                   : 1
                  - proven                    : 1 (100%)
                  - bounded_proven (user)     : 0 (0%)
                  - bounded_proven (auto)     : 0 (0%)
                  - marked_proven             : 0 (0%)
                  - cex                       : 0 (0%)
                  - ar_cex                    : 0 (0%)
                  - undetermined              : 0 (0%)
                  - unknown                   : 0 (0%)
                  - error                     : 0 (0%)
                 covers                       : 0
                  - unreachable               : 0
                  - bounded_unreachable (user): 0
                  - covered                   : 0
                  - ar_covered                : 0
                  - undetermined              : 0
                  - unknown                   : 0
                  - error                     : 0
proven
[<embedded>] % exit -force
[<embedded>] % INFO (IPL005): Received request to exit from the console.
INFO: Waiting for proof threads to stop...
INFO: Proof threads stopped.
INFO (IPL018): The peak resident set memory use for this session was 1.860 GB.
INFO (IPL014): Waiting for the Tcl-thread to exit.
INFO (IPL015): The Tcl-thread exited with status 0.
INFO (IPL016): Exiting the analysis session with status 0.
Finished load_store_7.tcl successfully
