Jasper Apps 2024.06p002 64 bits 2024.09.02 16:28:38 UTC

Any disclosure about the Cadence Design Systems software or its use
model to any third party violates the written Non-Disclosure Agreement
between Cadence Design Systems, Inc. and the customer.

THIS SOFTWARE CONTAINS CONFIDENTIAL INFORMATION AND TRADE SECRETS OF
CADENCE DESIGN SYSTEMS, INC. USE, DISCLOSURE, OR REPRODUCTION IS
PROHIBITED WITHOUT THE PRIOR EXPRESS WRITTEN PERMISSION OF CADENCE
DESIGN SYSTEMS, INC.

Copyright (C) 2000-2024 Cadence Design Systems, Inc. All Rights
Reserved.  Unpublished -- rights reserved under the copyright laws of
the United States.

This product includes software developed by others and redistributed
according to license agreement. See doc/third_party_readme.txt for
further details.

RESTRICTED RIGHTS LEGEND

Use, duplication, or disclosure by the Government is subject to
restrictions as set forth in subparagraph (c) (1) (ii) of the Rights in
Technical Data and Computer Software clause at DFARS 252.227-7013 or
subparagraphs (c) (1) and (2) of Commercial Computer Software -- Restricted
Rights at 48 CFR 52.227-19, as applicable.


                          Cadence Design Systems, Inc.
                          2655 Seely Avenue
                          San Jose, CA 95134
                          Phone: 408.943.1234

For technical assistance visit http://support.cadence.com.

Jasper Apps Analysis Session - /users/rompel/jasper_executions/safety/jgprojects/seven_seg_9/sessionLogs/session_0

WARNING (WG017): [session]: The system's locale is "ANSI_X3.4-1968", which is not UTF-8. Non-ASCII characters might not be handled correctly.
WARNING (WG017): [jg_console]: The system's locale is "ANSI_X3.4-1968", which is not UTF-8. Non-ASCII characters might not be handled correctly.
INFO: successfully checked out license "jasper_fao".
INFO: reading configuration file "/users/rompel/.config/cadence/jasper.conf".
% analyze -sv09 ../seven_seg_9.sv
[-- (VERI-1482)] Analyzing Verilog file '/tools/cadence2425/JASPER/jasper_2024.06p002/lib/verilog/packages/std/std.sv' into library 'std'
[-- (VERI-1482)] Analyzing Verilog file '../seven_seg_9.sv'
% elaborate -bbox_mul 1000000 -bbox_div 1000000 -bbox_mod 1000000 -bbox_a 1000000
[INFO (HIER-8002)] ../seven_seg_9.sv(32): Disabling old hierarchical reference handler
[INFO (VERI-1018)] ../seven_seg_9.sv(1): compiling module 'SEVEN'
[WARN (VERI-1209)] ../seven_seg_9.sv(15): expression size 32 truncated to fit in target size 14
[INFO (VERI-8005)] ../seven_seg_9.sv(5): Unintentional sequential element inferred for cnt read before write using blocking assignment
[INFO (VERI-8005)] ../seven_seg_9.sv(6): Unintentional sequential element inferred for digit_select read before write using blocking assignment
[INFO (VERI-8005)] ../seven_seg_9.sv(1): Unintentional sequential element inferred for segment read before write using blocking assignment
[INFO (VERI-8005)] ../seven_seg_9.sv(1): Unintentional sequential element inferred for sig read before write using blocking assignment
INFO (ISW003): Top module name is "SEVEN".
INFO (INL208): Elaboration synthesis summary:
  Number of synthesized netlists          1 (0 packages)
  Single run mode                         On
  Pipeline                                On (1 pipelined netlists)
  Late hierarchical reference connection  On
  Number of analyzed Verilog modules      1 (1 synthesized)
  Number of analyzed VHDL entities        0 (0 synthesized)
INFO (INL003): Clearing all state information (assumes, stopats, and so forth).
SEVEN
[<embedded>] % reset rst
INFO (IPM031): Clearing proof results of all properties.
INFO (IRS006): Current reset condition is "rst".
[<embedded>] % clock clk
[<embedded>] % prove -all
Ncustom1: Custom engine code is hT3Ng7hPPfiYQOTDZ3qhYOwGAM51eA+J/FjkM5shLioAsqhgLR4Ft+O1BuKG6ilQ83B9tLXSl+CwjiTMAQA
Bcustom2: Custom engine code is hT3Nm7hPr1Vp3Di1Ra2USNIGL4JypRnLKLAdF6JAyuavO2JfGCiY9OZJhcAcOUnLx5xwNdhILGrAWX9s+z2WDkKwNR7tAfClBEjRFVQeq6DU54boFgEA
AMcustom3: Custom engine code is hT3Ng7hP/feYQOTDZ3qhYOwGAM51eA+J/FjkM5shLioAsqhgLR4Ft+O1BuKG6ilQ83B9tLXSmmqwm7g9AQA
Mpcustom4: Custom engine code is hT3NZbhP9fmY2AbBQnsjfOxn6c+6e6yL+/e8fZFmaQrnlgEA
INFO (IPF036): Starting proof on task: "<embedded>", 2 properties to prove with 0 already proven/unreachable
INFO (IRS029): Starting reset analysis: phase 1 of 4.
INFO (IRS030): Running reset analysis: phase 2 of 4.
INFO (IRS031): Running reset analysis: phase 3 of 4.
INFO (IRS020): Starting the reset analysis simulation with a limit of 100 iterations (phase 4 of 4).
INFO (IRS024): Reset iterations 0 to 4 analyzed.
INFO (IRS018): Reset analysis simulation executed for 3 iterations. Assigned values for 23 of 23 design flops, 0 of 0 design latches, 6 of 6 internal elements.
INFO (IRS039): Reset analysis complete.
INFO (IPF031): Settings used for proof thread 0:
    orchestration                 = on
    time_limit                    = 86400s
    per_property_time_limit       = 1s * 10 ^ scan
    engine_mode                   = auto
    proofgrid_per_engine_max_jobs = 1
    max engine jobs               = auto
    proofgrid_mode                = local
    proofgrid_restarts            = 10
AMcustom5: Custom engine code is hT3N1rhP11/52HrFRS21ROp2LOjVTgPvT8L8BGXHgLhaIuqtT4nARFjUqrBL+7pLmaTOzBepZW/Jm8SSrHDybSQtoNiO3y43wk+dEoWlsZizu97Fih6O6lPVG/LpWP5SsUPwlGagLNa1FKEFvwVXyX7//8prySbvSxIHXr5er+z4RAEA
0: Using multistage preprocessing
0: Starting reduce
Ncustom6: Custom engine code is hT3OXrhPByJp3TrFSTLhUmMH4KVtJgmTCnNDF46yMXOKY48m4LS5nE7yBzFjA7kDuwO/GhGUpEPiky3p3wmPn3dJZHxFMsafSoObRzSC+tn7sEY0WbTdZ/FV4hL3MYH/b1CIUvXSWR4wqEoVLsmMOD4xIPT4lI1LO6ZCO7PnnWQuLwetnvKlrXx6wCW/A+x+enqslg1YPobi4wEF/EvbzOvcTYdJvl2s4H2yZg2b2ofAVN5WvhWk1HoBAA
ADcustom7: Custom engine code is hT3Nv7hPv1752HrFRa2kROx2f/ECJeZB2AZsLdlO8VwmIuqtT4nIDFXclhg+O+o+DMmQCekbheGk0kK28laA9gaOFDXsQp29J3X615HY1IPHJWd6FUFvCHjO+p1k652b5JJvZlShNpGlGSXAiQe/mEAj6tEBAA
Tricustom8: Custom engine code is hT3Nu7hPt1752DvFRa0kNDiyIV97VyejwM9C/jCLJjdPvusZONHY42VYUy0Q1ZotnhcVtNc56tJ5wbxv6V2+XpdsaSlHck5vfnbYjdwj1OECy9U+7oSQ0SZE3g5ayD+Phuh4odCJTjeKa2k4elM9ldQfkAEA
Gcustom9: Custom engine code is hT3NibhPDfeYQADBZnYcglOvK9Pfd7EOeniIqP8jNsyIqInncipMGcUXqAadachREE9F2PwhBUZUNw5kHnd4JdXkamORRgEA
C2custom10: Custom engine code is hT3NirhPjfWYQADBZnYcglOvK9Pfd7EOeniIqP8jNsyIqInncgkrYMMXCYbdK0dUjZIF9d4cJ0rHoBDjwVLBKuG86XYVV00BAA
AGcustom11: Custom engine code is hT3NirhP/fmYQADBZnYcglOvK9Pfd7EOeniIqP8jNsyIqInnckcwYMMXCYbdK0dUjZIF9d4cJ0rHoBDjwVLBKuHEZnZByh0BAA
Bcustom12: Custom engine code is hT3NjrhPDfiYQADBZnYcglOvK9PfWxFtenjIyBqfrgr7if/jL/yPOuK1BAflEcW0DxNH2eDIoezN2gxlQFg81RZtiWXh7aiTAidvAQA
Ncustom13: Custom engine code is hT3NR7hPByFp3TrFSTLhUmMH4KWtJglTyV/c51BHEeZWamnJv767nE6PCak26bd3gf3XGN3rIRheufhDieCJQVISo+gNYUKhiUedBKGtsP/a18svAnlMJZudHxDFwK5ufsyoxsIyiAeSY2oi3tEuoDHr5gw42DFKAG3PqO3CEsl8Azzdt3pl5nGA1Ifv2H02eYsFzWb/nfp8PMb3F0krE/EgBcm8TD9Div8BAA
0: Finished reduce in 0s
Tricustom14: Custom engine code is hT3Nu7hP3fiYQADBZnYcglNHp9bfd7EOeniIqP/ji8sGLQu8yhsFO+wxJ+O+R0bU8g/IewXFomyos+viQnWc2xYNYmMqpo3i40O7DaZR7qfp4YqNx26KRvQ/qx0BAA
0.0.PRE: Performing Proof Simplification...
0.0.N: clocks: 1, declared: 1, looping: 0, posedge: 1, negedge: 0, noedge: 0, bothedge: 0
0.0.N: Proof Simplification Iteration 1	[0.00 s]
0.0.PRE: A trace with 1 cycles was found. [0.00 s]
INFO (IPF047): 0.0.PRE: The cover property "SEVEN.p1:precondition1" was covered in 1 cycles in 0.00 s.
0.0.N: Proof Simplification Iteration 2	[0.06 s]
0.0.PRE: A proof was found: No trace exists. [0.00 s]
INFO (IPF057): 0.0.PRE: The property ":noDeadEnd" was proven in 0.00 s.
    Use check_assumptions -show -dead_end to show this property in the property table.
0.0.PRE: A proof was found: No trace exists. [0.00 s]
INFO (IPF057): 0.0.PRE: The property ":noConflict" was proven in 0.00 s.
    Use check_assumptions -show to show this property in the property table.
INFO (IPF047): 0.0.PRE: The cover property ":live" was covered in 1 cycles in 0.00 s.
    Use check_assumptions -show -live to show this property in the property table.
0.0.PRE: Proof Simplification completed in 0.06 s
0: About to start ProofGrid in its own thread with a limit of 10000 pending notifications and a limit of 10 traces.
0: =============================== ProofGrid start ===============================
0: ProofGrid usable level: 1
0: Initial ProofGrid level: 1
0: ProofGrid is starting event handling
0.0.Hp: Proofgrid shell started at 23625@vlsi-ria85(local) jg_23413_vlsi-ria85_1
0.0.N: Proofgrid shell started at 23624@vlsi-ria85(local) jg_23413_vlsi-ria85_1
0.0.N: clocks: 1, declared: 1, looping: 0, posedge: 1, negedge: 0, noedge: 0, bothedge: 0
0.0.N: Last scan. Per property time limit: 0s
0.0.N: Starting proof for property "SEVEN.p1"	[0.00 s].
0.0.N: Trace Attempt  1	[0.00 s]
0.0.Hp: clocks: 1, declared: 1, looping: 0, posedge: 1, negedge: 0, noedge: 0, bothedge: 0
0.0.Hp: Last scan. Per property time limit: 0s
0.0.Hp: Trace Attempt  1	[0.00 s]
0.0.Hp: Trace Attempt  2	[0.00 s]
0.0.Hp: Trace Attempt  3	[0.00 s]
0.0.Hp: Trace Attempt  4	[0.00 s]
0.0.Hp: Trace Attempt  5	[0.00 s]
0.0.N: Trace Attempt  2	[0.00 s]
0.0.N: Trace Attempt  2	[0.00 s]
0.0.N: Trace Attempt  3	[0.00 s]
0.0.N: Trace Attempt  3	[0.00 s]
0.0.N: Trace Attempt  4	[0.00 s]
0.0.N: Trace Attempt  5	[0.00 s]
0.0.N: Trace Attempt  1	[0.01 s]
0.0.N: Trace Attempt  2	[0.01 s]
0.0.N: Trace Attempt  3	[0.01 s]
0.0.N: Trace Attempt  4	[0.01 s]
0.0.N: Trace Attempt  5	[0.01 s]
0.0.Bm: Proofgrid shell started at 23674@vlsi-ria85(local) jg_23413_vlsi-ria85_1
0.0.Mpcustom4: Proofgrid shell started at 23675@vlsi-ria85(local) jg_23413_vlsi-ria85_1
0.0.Bm: clocks: 1, declared: 1, looping: 0, posedge: 1, negedge: 0, noedge: 0, bothedge: 0
0.0.Bm: Ignoring liveness properties
0.0.Bm: Last scan. Per property time limit: 0s
0.0.Bm: Trace Attempt  1	[0.00 s]
0.0.Bm: Trace Attempt  2	[0.00 s]
0.0.Bm: Trace Attempt  3	[0.00 s]
0.0.Bm: Trace Attempt  4	[0.00 s]
0.0.Bm: Trace Attempt  5	[0.00 s]
0.0.Mpcustom4: clocks: 1, declared: 1, looping: 0, posedge: 1, negedge: 0, noedge: 0, bothedge: 0
0.0.Mpcustom4: Ignoring liveness properties
0.0.Mpcustom4: All properties either determined or skipped. [0.00 s]
0.0.L: Proofgrid shell started at 23705@vlsi-ria85(local) jg_23413_vlsi-ria85_1
0.0.Mpcustom4: Exited with Success (@ 0.04 s)
0.0.Mpcustom4: Completed, Restart ignored.
0.0.Oh: Proofgrid shell started at 23677@vlsi-ria85(local) jg_23413_vlsi-ria85_1
0.0.Oh: clocks: 1, declared: 1, looping: 0, posedge: 1, negedge: 0, noedge: 0, bothedge: 0
0.0.Oh: Reached length limit (2147483647) [0.00 s]
0.0.L: clocks: 1, declared: 1, looping: 0, posedge: 1, negedge: 0, noedge: 0, bothedge: 0
0.0.L: Using trace diversification with seed 1 (0.05)
0.0.L: Using LRU state removal heuristic
0.0.L: Ignoring liveness properties
0.0.L: All properties either determined or skipped. [0.00 s]
0.0.Oh: Exited with Success (@ 0.04 s)
0.0.L: Exited with Success (@ 0.04 s)
0.0.L: Completed, Restart ignored.
0.0.Ht: Proofgrid shell started at 23673@vlsi-ria85(local) jg_23413_vlsi-ria85_1
0.0.Ht: clocks: 1, declared: 1, looping: 0, posedge: 1, negedge: 0, noedge: 0, bothedge: 0
0.0.Ht: Last scan. Per property time limit: 0s
0.0.Ht: Trace Attempt  1	[0.00 s]
0.0.Ht: Trace Attempt  2	[0.00 s]
0.0.Ht: Trace Attempt  3	[0.00 s]
0.0.Ht: Trace Attempt  4	[0.00 s]
0.0.Ht: Trace Attempt  5	[0.00 s]
0.0.B: Proofgrid shell started at 23755@vlsi-ria85(local) jg_23413_vlsi-ria85_1
0.0.AM: Proofgrid shell started at 23773@vlsi-ria85(local) jg_23413_vlsi-ria85_1
0.0.AM: clocks: 1, declared: 1, looping: 0, posedge: 1, negedge: 0, noedge: 0, bothedge: 0
0.0.AM: Last scan. Per property time limit: 0s
0.0.AM: Starting proof for property "SEVEN.p1"	[0.00 s].
0.0.AM: Trace Attempt  1	[0.00 s]
0.0.B: clocks: 1, declared: 1, looping: 0, posedge: 1, negedge: 0, noedge: 0, bothedge: 0
0.0.B: Last scan. Per property time limit: 0s
0.0.B: Starting proof for property "SEVEN.p1"	[0.00 s].
0.0.B: Trace Attempt  1	[0.00 s]
0.0.B: Trace Attempt  2	[0.00 s]
0.0.B: Trace Attempt  3	[0.00 s]
0.0.B: Trace Attempt  4	[0.00 s]
0.0.B: Trace Attempt  5	[0.00 s]
0.0.AM: Trace Attempt  2	[0.00 s]
0.0.AM: Trace Attempt  3	[0.00 s]
0.0.AM: Trace Attempt  4	[0.00 s]
0.0.AM: Trace Attempt  5	[0.00 s]
0.0.AM: Trace Attempt  1	[0.00 s]
0.0.AM: Trace Attempt  2	[0.00 s]
0.0.AM: Trace Attempt  3	[0.00 s]
0.0.AM: Trace Attempt  4	[0.00 s]
0.0.AM: Trace Attempt  5	[0.00 s]
0.0.AM: Trace Attempt  1	[0.01 s]
0.0.AM: Trace Attempt  2	[0.01 s]
0.0.AM: Trace Attempt  3	[0.01 s]
0.0.AM: Trace Attempt  4	[0.01 s]
0.0.AM: Trace Attempt  5	[0.01 s]
0.0.AM: Trace Attempt  1	[0.03 s]
0.0.AM: Trace Attempt  2	[0.03 s]
0.0.AM: Trace Attempt  3	[0.03 s]
0.0.AM: Trace Attempt  4	[0.03 s]
0.0.AM: Trace Attempt  5	[0.03 s]
0.0.N: Trace Attempt  1	[0.10 s]
0.0.N: Trace Attempt  2	[0.10 s]
0.0.N: Trace Attempt  3	[0.10 s]
0.0.N: Trace Attempt  4	[0.10 s]
0.0.N: Trace Attempt  5	[0.10 s]
0.0.AM: Trace Attempt  1	[0.12 s]
0.0.AM: Trace Attempt  2	[0.12 s]
0.0.AM: Trace Attempt  3	[0.12 s]
0.0.AM: Trace Attempt  4	[0.12 s]
0.0.AM: Trace Attempt  5	[0.12 s]
0.0.N: Trace Attempt  1	[0.47 s]
0.0.N: Trace Attempt  2	[0.47 s]
0.0.N: Trace Attempt  3	[0.47 s]
0.0.N: Trace Attempt  4	[0.47 s]
0.0.N: Trace Attempt  5	[0.48 s]
0.0.AM: Trace Attempt  1	[0.50 s]
0.0.AM: Trace Attempt  2	[0.50 s]
0.0.AM: Trace Attempt  3	[0.50 s]
0.0.AM: Trace Attempt  4	[0.50 s]
0.0.AM: Trace Attempt  5	[0.50 s]
0.0.N: Trace Attempt  1	[2.05 s]
0.0.N: Trace Attempt  2	[2.05 s]
0.0.N: Trace Attempt  3	[2.06 s]
0.0.N: Trace Attempt  4	[2.06 s]
0.0.N: Trace Attempt  5	[2.06 s]
0.0.AM: Trace Attempt  1	[2.10 s]
0.0.AM: Trace Attempt  2	[2.10 s]
0.0.AM: Trace Attempt  3	[2.11 s]
0.0.AM: Trace Attempt  4	[2.11 s]
0.0.AM: Trace Attempt  5	[2.11 s]
0.0.N: Trace Attempt  1	[3.73 s]
0.0.N: Trace Attempt  2	[3.73 s]
0.0.N: Trace Attempt  3	[3.73 s]
0.0.N: Trace Attempt  4	[3.73 s]
0.0.N: Trace Attempt  5	[3.73 s]
0.0.Hp: Trace Attempt 376	[4.01 s]
0.0.Bm: Trace Attempt 1694	[4.00 s]
0.0.Ht: Trace Attempt 1761	[4.00 s]
0.0.B: Trace Attempt 1681	[4.00 s]
0.0.AM: Trace Attempt 201	[6.15 s]
0.0.N: Trace Attempt 190	[7.78 s]
0.0.Bm: Trace Attempt 2338	[8.01 s]
0.0.Hp: Trace Attempt 496	[8.05 s]
0.0.Ht: Trace Attempt 2416	[8.00 s]
0.0.B: Trace Attempt 2334	[8.01 s]
0.0.AM: Trace Attempt  1	[9.01 s]
0.0.AM: Trace Attempt  2	[9.01 s]
0.0.AM: Trace Attempt  3	[9.01 s]
0.0.AM: Trace Attempt  4	[9.01 s]
0.0.AM: Trace Attempt  5	[9.01 s]
0.0.N: Trace Attempt  1	[10.63 s]
0.0.N: Trace Attempt  2	[10.63 s]
0.0.N: Trace Attempt  3	[10.63 s]
0.0.N: Trace Attempt  4	[10.64 s]
0.0.N: Trace Attempt  5	[10.64 s]
0.0.Bm: Trace Attempt 2815	[12.01 s]
0.0.Hp: Trace Attempt 581	[12.05 s]
0.0.Ht: Trace Attempt 2907	[12.00 s]
0.0.B: Trace Attempt 2814	[12.02 s]
0.0.AM: Trace Attempt 189	[13.04 s]
0.0.N: Trace Attempt 186	[14.66 s]
0.0.Bm: Trace Attempt 3226	[16.02 s]
0.0.Ht: Trace Attempt 3333	[16.01 s]
0.0.Hp: Trace Attempt 665	[16.08 s]
0.0.B: Trace Attempt 3226	[16.02 s]
0.0.AM: Trace Attempt 252	[17.12 s]
0.0.N: Trace Attempt  1	[17.58 s]
0.0.N: Trace Attempt  2	[17.58 s]
0.0.N: Trace Attempt  3	[17.58 s]
0.0.N: Trace Attempt  4	[17.59 s]
0.0.N: Trace Attempt  5	[17.59 s]
0.0.Bm: Trace Attempt 3590	[20.02 s]
0.0.Ht: Trace Attempt 3712	[20.01 s]
0.0.Hp: Trace Attempt 747	[20.09 s]
0.0.B: Trace Attempt 3594	[20.03 s]
0.0.AM: Trace Attempt 300	[21.18 s]
0.0.N: Trace Attempt 186	[21.60 s]
0.0.Bm: Trace Attempt 3909	[24.02 s]
0.0.Ht: Trace Attempt 4054	[24.01 s]
0.0.Hp: Trace Attempt 821	[24.09 s]
0.0.B: Trace Attempt 3917	[24.04 s]
0.0.N: Trace Attempt  1	[24.56 s]
0.0.N: Trace Attempt  2	[24.56 s]
0.0.N: Trace Attempt  3	[24.56 s]
0.0.N: Trace Attempt  4	[24.56 s]
0.0.N: Trace Attempt  5	[24.56 s]
0.0.AM: Trace Attempt 342	[25.32 s]
0.0.Bm: Trace Attempt 4204	[28.02 s]
0.0.Ht: Trace Attempt 4354	[28.02 s]
0.0.B: Trace Attempt 4216	[28.05 s]
0.0.Hp: Trace Attempt 887	[28.14 s]
0.0.N: Trace Attempt 185	[28.57 s]
0.0.AM: Trace Attempt 377	[29.37 s]
0.0.N: Trace Attempt  1	[31.46 s]
0.0.N: Trace Attempt  2	[31.46 s]
0.0.N: Trace Attempt  3	[31.46 s]
0.0.N: Trace Attempt  4	[31.46 s]
0.0.N: Trace Attempt  5	[31.46 s]
0.0.Bm: Trace Attempt 4494	[32.02 s]
0.0.Ht: Trace Attempt 4656	[32.03 s]
0.0.B: Trace Attempt 4505	[32.05 s]
0.0.Hp: Trace Attempt 951	[32.20 s]
0.0.AM: Trace Attempt 414	[33.44 s]
0.0.N: Trace Attempt 187	[35.50 s]
0.0.Bm: Trace Attempt 4761	[36.03 s]
0.0.Ht: Trace Attempt 4921	[36.04 s]
0.0.B: Trace Attempt 4771	[36.06 s]
0.0.Hp: Trace Attempt 1010	[36.24 s]
0.0.AM: Trace Attempt 453	[37.48 s]
0.0.N: Trace Attempt  1	[38.59 s]
0.0.N: Trace Attempt  2	[38.59 s]
0.0.N: Trace Attempt  3	[38.59 s]
0.0.N: Trace Attempt  4	[38.59 s]
0.0.N: Trace Attempt  5	[38.59 s]
0.0.Bm: Trace Attempt 4994	[40.04 s]
0.0.Ht: Trace Attempt 5170	[40.04 s]
0.0.B: Trace Attempt 5005	[40.07 s]
0.0.Hp: Trace Attempt 1064	[40.25 s]
0.0.AM: Trace Attempt 491	[41.49 s]
0.0.N: Trace Attempt 186	[42.60 s]
0.0.Bm: Trace Attempt 5212	[44.06 s]
0.0.Ht: Trace Attempt 5386	[44.05 s]
0.0.B: Trace Attempt 5222	[44.08 s]
0.0.Hp: Trace Attempt 1116	[44.29 s]
0.0.N: Trace Attempt  1	[45.58 s]
0.0.N: Trace Attempt  2	[45.58 s]
0.0.N: Trace Attempt  3	[45.58 s]
0.0.N: Trace Attempt  4	[45.58 s]
0.0.N: Trace Attempt  5	[45.58 s]
0.0.AM: Trace Attempt 512	[45.55 s]
0.0.AM: Trace Attempt  1	[46.64 s]
0.0.AM: Trace Attempt  2	[46.64 s]
0.0.AM: Trace Attempt  3	[46.64 s]
0.0.AM: Trace Attempt  4	[46.65 s]
0.0.AM: Trace Attempt  5	[46.65 s]
0.0.Bm: Trace Attempt 5421	[48.06 s]
0.0.Ht: Trace Attempt 5628	[48.07 s]
0.0.B: Trace Attempt 5439	[48.09 s]
0.0.Hp: Trace Attempt 1165	[48.31 s]
0.0.N: Trace Attempt 186	[49.59 s]
0.0.AM: Trace Attempt 180	[50.67 s]
0.0.Bm: Trace Attempt 5646	[52.06 s]
0.0.Ht: Trace Attempt 5838	[52.07 s]
0.0.B: Trace Attempt 5669	[52.10 s]
0.0.Hp: Trace Attempt 1212	[52.32 s]
0.0.N: Trace Attempt  1	[52.59 s]
0.0.N: Trace Attempt  2	[52.59 s]
0.0.N: Trace Attempt  3	[52.59 s]
0.0.N: Trace Attempt  4	[52.59 s]
0.0.N: Trace Attempt  5	[52.60 s]
0.0.AM: Trace Attempt 244	[54.83 s]
0.0.Bm: Trace Attempt 5855	[56.08 s]
0.0.Ht: Trace Attempt 6070	[56.09 s]
0.0.B: Trace Attempt 5881	[56.10 s]
0.0.Hp: Trace Attempt 1257	[56.33 s]
0.0.N: Trace Attempt 186	[56.60 s]
0.0.AM: Trace Attempt 262	[58.90 s]
0.0.N: Trace Attempt  1	[59.99 s]
0.0.N: Trace Attempt  2	[59.99 s]
0.0.N: Trace Attempt  3	[59.99 s]
0.0.N: Trace Attempt  4	[59.99 s]
0.0.N: Trace Attempt  5	[59.99 s]
0.0.Bm: Trace Attempt 6062	[60.09 s]
0.0.Ht: Trace Attempt 6279	[60.09 s]
0.0.B: Trace Attempt 6092	[60.11 s]
0.0.Hp: Trace Attempt 1265	[62.87 s]
0.0.AM: Trace Attempt 279	[63.35 s]
0.0.N: Trace Attempt 187	[64.01 s]
0.0.Bm: Trace Attempt 6267	[64.11 s]
0.0.Ht: Trace Attempt 6492	[64.09 s]
0.0.B: Trace Attempt 6299	[64.12 s]
0.0.Hp: Trace Attempt 1422	[66.89 s]
0.0.AM: Trace Attempt 294	[67.64 s]
0.0.Bm: Trace Attempt 6458	[68.12 s]
0.0.Ht: Trace Attempt 6697	[68.10 s]
0.0.N: Trace Attempt 229	[68.19 s]
0.0.B: Trace Attempt 6492	[68.14 s]
0.0.Hp: Trace Attempt 1560	[70.89 s]
0.0.AM: Trace Attempt 310	[71.67 s]
0.0.Bm: Trace Attempt 6643	[72.12 s]
0.0.Ht: Trace Attempt 6878	[72.10 s]
0.0.N: Trace Attempt 286	[72.19 s]
0.0.B: Trace Attempt 6679	[72.14 s]
0.0.Hp: Trace Attempt 1683	[74.89 s]
0.0.AM: Trace Attempt 330	[75.90 s]
0.0.Bm: Trace Attempt 6818	[76.13 s]
0.0.Ht: Trace Attempt 7071	[76.10 s]
0.0.N: Trace Attempt 356	[76.20 s]
0.0.B: Trace Attempt 6856	[76.16 s]
0.0.Hp: Trace Attempt 1795	[78.90 s]
0.0.AM: Trace Attempt 350	[79.97 s]
0.0.Ht: Trace Attempt 7244	[80.10 s]
0.0.Bm: Trace Attempt 6985	[80.15 s]
0.0.N: Trace Attempt 436	[80.21 s]
0.0.B: Trace Attempt 7026	[80.17 s]
0.0.Hp: Trace Attempt 1900	[82.93 s]
0.0.N: Trace Attempt  1	[83.78 s]
0.0.N: Trace Attempt  2	[83.78 s]
0.0.N: Trace Attempt  3	[83.78 s]
0.0.N: Trace Attempt  4	[83.78 s]
0.0.N: Trace Attempt  5	[83.78 s]
0.0.Ht: Trace Attempt 7400	[84.11 s]
0.0.AM: Trace Attempt 364	[84.12 s]
0.0.Bm: Trace Attempt 7148	[84.17 s]
0.0.B: Trace Attempt 7189	[84.18 s]
0.0.Hp: Trace Attempt 2000	[86.96 s]
0.0.N: Trace Attempt 185	[87.79 s]
0.0.Ht: Trace Attempt 7578	[88.13 s]
0.0.Bm: Trace Attempt 7312	[88.19 s]
0.0.B: Trace Attempt 7355	[88.19 s]
0.0.AM: Trace Attempt 377	[88.42 s]
0.0.Hp: Trace Attempt 2094	[91.00 s]
0.0.N: Trace Attempt 228	[91.84 s]
0.0.Ht: Trace Attempt 7743	[92.13 s]
0.0.Bm: Trace Attempt 7473	[92.21 s]
0.0.B: Trace Attempt 7517	[92.21 s]
0.0.AM: Trace Attempt 390	[92.44 s]
0.0.Hp: Trace Attempt 2183	[95.00 s]
0.0.N: Trace Attempt 282	[95.84 s]
0.0.Ht: Trace Attempt 7893	[96.14 s]
0.0.B: Trace Attempt 7671	[96.21 s]
0.0.Bm: Trace Attempt 7628	[96.25 s]
0.0.AM: Trace Attempt 405	[96.74 s]
0.0.Hp: Trace Attempt 2268	[99.05 s]
0.0.N: Trace Attempt 354	[99.88 s]
0.0.Ht: Trace Attempt 8055	[100.15 s]
0.0.B: Trace Attempt 7819	[100.21 s]
0.0.Bm: Trace Attempt 7778	[100.27 s]
0.0.AM: Trace Attempt 418	[100.85 s]
0.0.Hp: Trace Attempt 2350	[103.08 s]
0.0.N: Trace Attempt 436	[104.02 s]
0.0.Ht: Trace Attempt 8209	[104.15 s]
0.0.B: Trace Attempt 7964	[104.22 s]
0.0.Bm: Trace Attempt 7923	[104.28 s]
0.0.AM: Trace Attempt 430	[105.32 s]
0.0.Hp: Trace Attempt 2427	[107.10 s]
0.0.N: Trace Attempt  1	[107.44 s]
0.0.N: Trace Attempt  2	[107.44 s]
0.0.N: Trace Attempt  3	[107.44 s]
0.0.N: Trace Attempt  4	[107.44 s]
0.0.N: Trace Attempt  5	[107.44 s]
0.0.Ht: Trace Attempt 8349	[108.16 s]
0.0.B: Trace Attempt 8102	[108.23 s]
0.0.Bm: Trace Attempt 8061	[108.30 s]
0.0.AM: Trace Attempt 440	[109.45 s]
0.0.Hp: Trace Attempt 2504	[111.15 s]
0.0.N: Trace Attempt 186	[111.44 s]
0.0.Ht: Trace Attempt 8503	[112.16 s]
0.0.B: Trace Attempt 8247	[112.24 s]
0.0.Bm: Trace Attempt 8205	[112.32 s]
0.0.AM: Trace Attempt 451	[113.75 s]
0.0.Hp: Trace Attempt 2577	[115.17 s]
0.0.N: Trace Attempt 228	[115.47 s]
0.0.Ht: Trace Attempt 8663	[116.18 s]
0.0.B: Trace Attempt 8391	[116.26 s]
0.0.Bm: Trace Attempt 8350	[116.34 s]
0.0.AM: Trace Attempt 462	[117.98 s]
0.0.Hp: Trace Attempt 2648	[119.22 s]
0.0.N: Trace Attempt 282	[119.47 s]
0.0.Ht: Trace Attempt 8803	[120.18 s]
0.0.B: Trace Attempt 8535	[120.28 s]
0.0.Bm: Trace Attempt 8494	[120.35 s]
0.0.AM: Trace Attempt 472	[122.08 s]
0.0.Hp: Trace Attempt 2715	[123.23 s]
0.0.N: Trace Attempt 354	[123.49 s]
0.0.Ht: Trace Attempt 8934	[124.18 s]
0.0.B: Trace Attempt 8674	[124.30 s]
0.0.Bm: Trace Attempt 8633	[124.37 s]
0.0.AM: Trace Attempt 483	[126.97 s]
0.0.Hp: Trace Attempt 2781	[127.27 s]
0.0.N: Trace Attempt 436	[127.60 s]
0.0.Ht: Trace Attempt 9081	[128.19 s]
0.0.B: Trace Attempt 8810	[128.33 s]
0.0.Bm: Trace Attempt 8769	[128.38 s]
0.0.Hp: Trace Attempt 2844	[131.30 s]
0.0.N: Trace Attempt 449	[131.68 s]
0.0.N: Trace Attempt  1	[131.69 s]
0.0.N: Trace Attempt  2	[131.70 s]
0.0.N: Trace Attempt  3	[131.70 s]
0.0.N: Trace Attempt  4	[131.70 s]
0.0.N: Trace Attempt  5	[131.70 s]
0.0.AM: Trace Attempt 491	[131.66 s]
0.0.Ht: Trace Attempt 9221	[132.21 s]
0.0.Bm: Trace Attempt 8898	[132.38 s]
0.0.B: Trace Attempt 8940	[132.35 s]
0.0.Hp: Trace Attempt 2908	[135.33 s]
0.0.N: Trace Attempt 187	[135.72 s]
0.0.AM: Trace Attempt 499	[135.75 s]
0.0.Ht: Trace Attempt 9349	[136.23 s]
0.0.Bm: Trace Attempt 9032	[136.39 s]
0.0.B: Trace Attempt 9073	[136.38 s]
0.0.Hp: Trace Attempt 2970	[139.37 s]
0.0.N: Trace Attempt 229	[139.88 s]
0.0.AM: Trace Attempt 508	[139.89 s]
0.0.Ht: Trace Attempt 9474	[140.24 s]
0.0.Bm: Trace Attempt 9163	[140.42 s]
0.0.B: Trace Attempt 9206	[140.39 s]
0.0.Hp: Trace Attempt 3031	[143.41 s]
0.0.N: Trace Attempt 287	[143.92 s]
0.0.AM: Trace Attempt 517	[144.01 s]
0.0.Ht: Trace Attempt 9616	[144.25 s]
0.0.B: Trace Attempt 9336	[144.40 s]
0.0.Bm: Trace Attempt 9294	[144.45 s]
0.0.Hp: Trace Attempt 3089	[147.46 s]
0.0.N: Trace Attempt 358	[147.95 s]
0.0.AM: Trace Attempt 526	[148.22 s]
0.0.Ht: Trace Attempt 9746	[148.28 s]
0.0.B: Trace Attempt 9463	[148.42 s]
0.0.Bm: Trace Attempt 9422	[148.47 s]
0.0.Hp: Trace Attempt 3146	[151.52 s]
0.0.N: Trace Attempt 438	[151.98 s]
0.0.Ht: Trace Attempt 9865	[152.31 s]
0.0.AM: Trace Attempt 535	[152.44 s]
0.0.B: Trace Attempt 9587	[152.45 s]
0.0.Bm: Trace Attempt 9546	[152.49 s]
0.0.Hp: Trace Attempt 3200	[155.54 s]
0.0.Ht: Trace Attempt 9976	[156.34 s]
0.0.B: Trace Attempt 9701	[156.46 s]
0.0.Bm: Trace Attempt 9660	[156.51 s]
0.0.N: Trace Attempt 450	[156.59 s]
0.0.N: Trace Attempt  1	[156.60 s]
0.0.N: Trace Attempt  2	[156.60 s]
0.0.N: Trace Attempt  3	[156.60 s]
0.0.N: Trace Attempt  4	[156.61 s]
0.0.N: Trace Attempt  5	[156.61 s]
0.0.AM: Trace Attempt 544	[156.58 s]
0.0.Hp: Trace Attempt 3254	[159.58 s]
0.0.Ht: Trace Attempt 10108	[160.35 s]
0.0.B: Trace Attempt 9822	[160.47 s]
0.0.Bm: Trace Attempt 9782	[160.52 s]
0.0.N: Trace Attempt 188	[160.63 s]
0.0.AM: Trace Attempt 554	[160.88 s]
0.0.Hp: Trace Attempt 3308	[163.60 s]
0.0.Ht: Trace Attempt 10239	[164.38 s]
0.0.Bm: Trace Attempt 9902	[164.53 s]
0.0.B: Trace Attempt 9941	[164.49 s]
0.0.N: Trace Attempt 229	[164.75 s]
0.0.AM: Trace Attempt 563	[165.08 s]
0.0.Hp: Trace Attempt 3361	[167.60 s]
0.0.Ht: Trace Attempt 10350	[168.41 s]
0.0.Bm: Trace Attempt 10019	[168.55 s]
0.0.B: Trace Attempt 10059	[168.52 s]
0.0.N: Trace Attempt 287	[168.79 s]
0.0.AM: Trace Attempt 572	[169.45 s]
0.0.Hp: Trace Attempt 3414	[171.65 s]
0.0.Ht: Trace Attempt 10460	[172.44 s]
0.0.Bm: Trace Attempt 10133	[172.56 s]
0.0.B: Trace Attempt 10174	[172.55 s]
0.0.N: Trace Attempt 359	[172.84 s]
0.0.AM: Trace Attempt 583	[174.79 s]
0.0.Hp: Trace Attempt 3466	[175.72 s]
0.0.Ht: Trace Attempt 10579	[176.47 s]
0.0.Bm: Trace Attempt 10245	[176.57 s]
0.0.B: Trace Attempt 10284	[176.56 s]
0.0.N: Trace Attempt 439	[176.98 s]
0.0.AM: Trace Attempt 592	[179.23 s]
0.0.Hp: Trace Attempt 3516	[179.80 s]
0.0.N: Trace Attempt  1	[180.40 s]
0.0.N: Trace Attempt  2	[180.40 s]
0.0.N: Trace Attempt  3	[180.40 s]
0.0.N: Trace Attempt  4	[180.41 s]
0.0.N: Trace Attempt  5	[180.41 s]
0.0.Ht: Trace Attempt 10696	[180.49 s]
0.0.B: Trace Attempt 10389	[180.56 s]
0.0.Bm: Trace Attempt 10350	[180.60 s]
0.0.N: Trace Attempt 66	[180.92 s]
0.0.N: Stopped processing property "SEVEN.p1"	[180.94 s].
0.0.N: Morphing to Ncustom1
0.0.N: All properties determined. [0.00 s]
0.0.N: Exited with Success (@ 0.00 s)
0.0.Ncustom1: clocks: 1, declared: 1, looping: 0, posedge: 1, negedge: 0, noedge: 0, bothedge: 0
0.0.Ncustom1: Starting proof for property "SEVEN.p1"	[0.00 s].
0.0.Ncustom1: Trace Attempt 450	[0.04 s]
0.0.B: Trace Attempt 10397	[180.85 s]
0.0.B: Stopped processing property "SEVEN.p1"	[181.00 s].
0.0.B: Morphing to Bcustom2
0.0.B: All properties determined. [0.00 s]
0.0.B: Exited with Success (@ 0.00 s)
0.0.Bcustom2: clocks: 1, declared: 1, looping: 0, posedge: 1, negedge: 0, noedge: 0, bothedge: 0
0.0.Bcustom2: Starting proof for property "SEVEN.p1"	[0.00 s].
0.0.Bcustom2: Trace Attempt  1	[0.00 s]
0.0.Bcustom2: Trace Attempt  2	[0.00 s]
0.0.Bcustom2: Trace Attempt  1	[0.00 s]
0.0.Bcustom2: Trace Attempt  2	[0.00 s]
0.0.Bcustom2: Trace Attempt  3	[0.00 s]
0.0.Bcustom2: Trace Attempt  4	[0.00 s]
0.0.Bcustom2: Trace Attempt  5	[0.00 s]
0.0.Bcustom2: Trace Attempt  1	[0.00 s]
0.0.Bcustom2: Trace Attempt  2	[0.00 s]
0.0.Bcustom2: Trace Attempt  3	[0.00 s]
0.0.Bcustom2: Trace Attempt  4	[0.00 s]
0.0.Bcustom2: Trace Attempt  5	[0.00 s]
0.0.AM: Trace Attempt 595	[180.65 s]
0.0.AM: Stopped processing property "SEVEN.p1"	[181.02 s].
0.0.AM: Morphing to AMcustom3
0.0.Bcustom2: Trace Attempt  1	[0.00 s]
0.0.Bcustom2: Trace Attempt  2	[0.00 s]
0.0.Bcustom2: Trace Attempt  3	[0.00 s]
0.0.Bcustom2: Trace Attempt  4	[0.00 s]
0.0.Bcustom2: Trace Attempt  5	[0.00 s]
0.0.Bcustom2: Trace Attempt  1	[0.01 s]
0.0.Bcustom2: Trace Attempt  2	[0.01 s]
0.0.Bcustom2: Trace Attempt  3	[0.01 s]
0.0.Bcustom2: Trace Attempt  4	[0.01 s]
0.0.Bcustom2: Trace Attempt  5	[0.01 s]
0.0.Bcustom2: Trace Attempt  1	[0.02 s]
0.0.Bcustom2: Trace Attempt  2	[0.02 s]
0.0.Bcustom2: Trace Attempt  3	[0.02 s]
0.0.Bcustom2: Trace Attempt  4	[0.02 s]
0.0.Bcustom2: Trace Attempt  5	[0.02 s]
0.0.Tri: Proofgrid shell started at 27748@vlsi-ria85(local) jg_23413_vlsi-ria85_1
0.0.Tri: clocks: 1, declared: 1, looping: 0, posedge: 1, negedge: 0, noedge: 0, bothedge: 0
0.0.Bcustom2: Trace Attempt  1	[0.04 s]
0.0.Bcustom2: Trace Attempt  2	[0.04 s]
0.0.Bcustom2: Trace Attempt  3	[0.04 s]
0.0.Bcustom2: Trace Attempt  4	[0.04 s]
0.0.Bcustom2: Trace Attempt  5	[0.04 s]
0.0.AM: All properties determined. [0.00 s]
0.0.AM: Exited with Success (@ 0.00 s)
0.0.Tri: Last scan. Per property time limit: 0s
0.0.Tri: Starting proof for property "SEVEN.p1"	[0.00 s].
0.0.Tri: Trace Attempt  1	[0.00 s]
0.0.D: Proofgrid shell started at 27753@vlsi-ria85(local) jg_23413_vlsi-ria85_1
0.0.AMcustom3: clocks: 1, declared: 1, looping: 0, posedge: 1, negedge: 0, noedge: 0, bothedge: 0
0.0.AMcustom3: Starting proof for property "SEVEN.p1"	[0.00 s].
0.0.AMcustom3: Trace Attempt  1	[0.00 s]
0.0.AMcustom3: Trace Attempt  2	[0.00 s]
0.0.AMcustom3: Trace Attempt  3	[0.00 s]
0.0.D: clocks: 1, declared: 1, looping: 0, posedge: 1, negedge: 0, noedge: 0, bothedge: 0
0.0.D: Last scan. Per property time limit: 0s
0.0.D: Starting proof for property "SEVEN.p1"	[0.00 s].
0.0.D: Trace Attempt  1	[0.00 s]
0.0.D: Trace Attempt  2	[0.00 s]
0.0.D: Trace Attempt  3	[0.00 s]
0.0.AMcustom3: Trace Attempt  4	[0.00 s]
0.0.AMcustom3: Trace Attempt  5	[0.00 s]
0.0.AMcustom3: Trace Attempt  1	[0.00 s]
0.0.AMcustom3: Trace Attempt  2	[0.00 s]
0.0.AMcustom3: Trace Attempt  3	[0.00 s]
0.0.AMcustom3: Trace Attempt  4	[0.00 s]
0.0.AMcustom3: Trace Attempt  5	[0.00 s]
0.0.AMcustom3: Trace Attempt  1	[0.01 s]
0.0.AMcustom3: Trace Attempt  2	[0.01 s]
0.0.AMcustom3: Trace Attempt  3	[0.01 s]
0.0.AMcustom3: Trace Attempt  4	[0.01 s]
0.0.AMcustom3: Trace Attempt  5	[0.01 s]
0.0.Bcustom2: Trace Attempt  1	[0.08 s]
0.0.Bcustom2: Trace Attempt  2	[0.08 s]
0.0.Bcustom2: Trace Attempt  3	[0.08 s]
0.0.Bcustom2: Trace Attempt  4	[0.08 s]
0.0.Bcustom2: Trace Attempt  5	[0.08 s]
0.0.AMcustom3: Trace Attempt  1	[0.03 s]
0.0.AMcustom3: Trace Attempt  2	[0.03 s]
0.0.AMcustom3: Trace Attempt  3	[0.03 s]
0.0.AMcustom3: Trace Attempt  4	[0.03 s]
0.0.AMcustom3: Trace Attempt  5	[0.04 s]
0.0.Tri:    0.00" ---- Launching main thread ----
0.0.AMcustom3: Trace Attempt  1	[0.13 s]
0.0.AMcustom3: Trace Attempt  2	[0.13 s]
0.0.AMcustom3: Trace Attempt  3	[0.13 s]
0.0.AMcustom3: Trace Attempt  4	[0.14 s]
0.0.AMcustom3: Trace Attempt  5	[0.14 s]
0.0.Bcustom2: Trace Attempt  1	[0.20 s]
0.0.Bcustom2: Trace Attempt  2	[0.20 s]
0.0.Bcustom2: Trace Attempt  3	[0.21 s]
0.0.Bcustom2: Trace Attempt  4	[0.21 s]
0.0.Bcustom2: Trace Attempt  5	[0.21 s]
0.0.Tri:    0.12" ---- Launching abstraction thread ----
0.0.Tri:    0.15" ---- Launching multi-phase simplification thread ----
0.0.Tri:    0.22" ---- Launching liveness simplification thread ----
0.0.AMcustom3: Trace Attempt  1	[0.58 s]
0.0.AMcustom3: Trace Attempt  2	[0.58 s]
0.0.AMcustom3: Trace Attempt  3	[0.58 s]
0.0.AMcustom3: Trace Attempt  4	[0.58 s]
0.0.AMcustom3: Trace Attempt  5	[0.58 s]
0.0.Tri:    1.07" Simplification phase 1 complete
0.0.Ncustom1: Requesting engine job to terminate
0.0.Bcustom2: Requesting engine job to terminate
0.0.AMcustom3: Requesting engine job to terminate
0.0.Tri: Requesting engine job to terminate
0.0.D: Requesting engine job to terminate
0.0.Hp: Requesting engine job to terminate
0.0.Ht: Requesting engine job to terminate
0.0.Bm: Requesting engine job to terminate
INFO (IPF144): 0: Initiating shutdown of proof [182.31 s]
0.0.Tri: A proof was found: No trace exists. [1.19 s]
INFO (IPF057): 0.0.Tri: The property "SEVEN.p1" was proven in 1.18 s.
0.0.D: Trace Attempt 63	[1.08 s]
0.0.D: Stopped processing property "SEVEN.p1"	[1.18 s].
0.0.D: All properties determined. [1.18 s]
0.0.AMcustom3: Trace Attempt 71	[1.18 s]
0.0.AMcustom3: Stopped processing property "SEVEN.p1"	[1.19 s].
0.0.AMcustom3: All properties determined. [1.18 s]
0.0.D: Exited with Success (@ 182.32 s)
0: ProofGrid usable level: 0
0.0.AMcustom3: Exited with Success (@ 182.32 s)
0.0.Ncustom1: Stopped processing property "SEVEN.p1"	[1.35 s].
0.0.Ncustom1: All properties determined. [1.37 s]
0.0.Hp: Trace Attempt 3543	[182.25 s]
0.0.Hp: All properties determined. [182.32 s]
0.0.Ncustom1: Exited with Success (@ 182.33 s)
0.0.Ht: Trace Attempt 10748	[182.24 s]
0.0.Ht: All properties determined. [182.26 s]
0.0.Bm: Trace Attempt 10394	[182.25 s]
0.0.Bm: All properties determined. [182.37 s]
0.0.Bm: Exited with Success (@ 182.45 s)
0.0.Ht: Exited with Success (@ 182.47 s)
0.0.Tri: Stopped processing property "SEVEN.p1"	[1.38 s].
0.0.Tri: All properties determined. [1.39 s]
0.0.Tri: Exited with Success (@ 182.52 s)
0.0.Hp: Exited with Success (@ 182.56 s)
0.0.Bcustom2: Trace Attempt  1	[2.24 s]
0.0.Bcustom2: Stopped processing property "SEVEN.p1"	[2.24 s].
0.0.Bcustom2: All properties determined. [2.24 s]
0.0.Bcustom2: Exited with Success (@ 183.36 s)
0: --------------------------------------------------------------
ProofGrid Summary (utilization 99.93 %)
--------------------------------------------------------------
     engines started                               :    14
     engine jobs started                           :    11

    Average time in state (seconds)
    ------------------------------------------------------
    Engine  Pending     Running        Dead    Utilization
    ------------------------------------------------------
     Hp        0.03      182.31        0.00       99.98 %
     Ht        0.07      182.25        0.00       99.96 %
     Bm        0.04      182.28        0.00       99.98 %
    Mpcustom4        0.04        0.01        0.00       14.23 %
     Oh        0.04        0.00        0.00        0.49 %
      L        0.04        0.00        0.00        3.47 %
    Ncustom1        0.03      182.30        0.00       99.98 %
    Bcustom2        0.06      182.09        0.00       99.97 %
    AMcustom3        0.05      182.05        0.00       99.97 %
    Tri        0.16        1.21        0.00       88.35 %
      D        0.17        1.18        0.00       87.30 %
    all        0.07       99.61        0.00       99.93 %

    Total time in state (seconds)
    -----------------------------------------
            Pending     Running        Dead  
    -----------------------------------------
               0.72     1095.66        0.00

    Data read    : 7.09 MiB
    Data written : 3.95 kiB

0: All pending notifications were processed.
INFO (IPF059): 0: Completed proof on task: "<embedded>"

==============================================================
SUMMARY
==============================================================
           Properties Considered              : 2
                 assertions                   : 1
                  - proven                    : 1 (100%)
                  - bounded_proven (user)     : 0 (0%)
                  - bounded_proven (auto)     : 0 (0%)
                  - marked_proven             : 0 (0%)
                  - cex                       : 0 (0%)
                  - ar_cex                    : 0 (0%)
                  - undetermined              : 0 (0%)
                  - unknown                   : 0 (0%)
                  - error                     : 0 (0%)
                 covers                       : 1
                  - unreachable               : 0 (0%)
                  - bounded_unreachable (user): 0 (0%)
                  - covered                   : 1 (100%)
                  - ar_covered                : 0 (0%)
                  - undetermined              : 0 (0%)
                  - unknown                   : 0 (0%)
                  - error                     : 0 (0%)
determined
[<embedded>] % exit -force
[<embedded>] % INFO (IPL005): Received request to exit from the console.
INFO (IPL014): Waiting for the Tcl-thread to exit.
INFO: Waiting for proof threads to stop...
INFO: Proof threads stopped.
INFO (IPL018): The peak resident set memory use for this session was 2.089 GB.
INFO (IPL015): The Tcl-thread exited with status 0.
INFO (IPL016): Exiting the analysis session with status 0.
Finished seven_seg_9.tcl successfully
