Jasper Apps 2024.06p002 64 bits 2024.09.02 16:28:38 UTC

Any disclosure about the Cadence Design Systems software or its use
model to any third party violates the written Non-Disclosure Agreement
between Cadence Design Systems, Inc. and the customer.

THIS SOFTWARE CONTAINS CONFIDENTIAL INFORMATION AND TRADE SECRETS OF
CADENCE DESIGN SYSTEMS, INC. USE, DISCLOSURE, OR REPRODUCTION IS
PROHIBITED WITHOUT THE PRIOR EXPRESS WRITTEN PERMISSION OF CADENCE
DESIGN SYSTEMS, INC.

Copyright (C) 2000-2024 Cadence Design Systems, Inc. All Rights
Reserved.  Unpublished -- rights reserved under the copyright laws of
the United States.

This product includes software developed by others and redistributed
according to license agreement. See doc/third_party_readme.txt for
further details.

RESTRICTED RIGHTS LEGEND

Use, duplication, or disclosure by the Government is subject to
restrictions as set forth in subparagraph (c) (1) (ii) of the Rights in
Technical Data and Computer Software clause at DFARS 252.227-7013 or
subparagraphs (c) (1) and (2) of Commercial Computer Software -- Restricted
Rights at 48 CFR 52.227-19, as applicable.


                          Cadence Design Systems, Inc.
                          2655 Seely Avenue
                          San Jose, CA 95134
                          Phone: 408.943.1234

For technical assistance visit http://support.cadence.com.

Jasper Apps Analysis Session - /users/rompel/jasper_executions/safety/jgprojects/thermocouple_6/sessionLogs/session_0

WARNING (WG017): [session]: The system's locale is "ANSI_X3.4-1968", which is not UTF-8. Non-ASCII characters might not be handled correctly.
WARNING (WG017): [jg_console]: The system's locale is "ANSI_X3.4-1968", which is not UTF-8. Non-ASCII characters might not be handled correctly.
INFO: successfully checked out license "jasper_fao".
INFO: reading configuration file "/users/rompel/.config/cadence/jasper.conf".
% analyze -sv09 ../thermocouple_6.sv
[-- (VERI-1482)] Analyzing Verilog file '/tools/cadence2425/JASPER/jasper_2024.06p002/lib/verilog/packages/std/std.sv' into library 'std'
[-- (VERI-1482)] Analyzing Verilog file '../thermocouple_6.sv'
% elaborate -bbox_mul 1000000 -bbox_div 1000000 -bbox_mod 1000000 -bbox_a 1000000
[INFO (HIER-8002)] ../thermocouple_6.sv(46): Disabling old hierarchical reference handler
[INFO (VERI-1018)] ../thermocouple_6.sv(1): compiling module 'Thermocouple'
[WARN (VERI-1209)] ../thermocouple_6.sv(18): expression size 32 truncated to fit in target size 11
[WARN (VERI-1209)] ../thermocouple_6.sv(37): expression size 32 truncated to fit in target size 11
[INFO (VERI-8005)] ../thermocouple_6.sv(1): Unintentional sequential element inferred for tc_temp_data read before write using blocking assignment
[INFO (VERI-8005)] ../thermocouple_6.sv(1): Unintentional sequential element inferred for junction_temp_data read before write using blocking assignment
[INFO (VERI-8005)] ../thermocouple_6.sv(1): Unintentional sequential element inferred for fault_bits read before write using blocking assignment
[INFO (VERI-8005)] ../thermocouple_6.sv(5): Unintentional sequential element inferred for state read before write using blocking assignment
[INFO (VERI-8005)] ../thermocouple_6.sv(6): Unintentional sequential element inferred for cnt read before write using blocking assignment
INFO (ISW003): Top module name is "Thermocouple".
INFO (INL208): Elaboration synthesis summary:
  Number of synthesized netlists          1 (0 packages)
  Single run mode                         On
  Pipeline                                On (1 pipelined netlists)
  Late hierarchical reference connection  On
  Number of analyzed Verilog modules      1 (1 synthesized)
  Number of analyzed VHDL entities        0 (0 synthesized)
INFO (INL003): Clearing all state information (assumes, stopats, and so forth).
Thermocouple
[<embedded>] % reset rst
INFO (IPM031): Clearing proof results of all properties.
INFO (IRS006): Current reset condition is "rst".
[<embedded>] % clock clk
[<embedded>] % prove -all
Ncustom1: Custom engine code is hT3Ng7hPPfiYQOTDZ3qhYOwGAM51eA+J/FjkM5shLioAsqhgLR4Ft+O1BuKG6ilQ83B9tLXSl+CwjiTMAQA
Bcustom2: Custom engine code is hT3Nm7hPr1Vp3Di1Ra2USNIGL4JypRnLKLAdF6JAyuavO2JfGCiY9OZJhcAcOUnLx5xwNdhILGrAWX9s+z2WDkKwNR7tAfClBEjRFVQeq6DU54boFgEA
AMcustom3: Custom engine code is hT3Ng7hP/feYQOTDZ3qhYOwGAM51eA+J/FjkM5shLioAsqhgLR4Ft+O1BuKG6ilQ83B9tLXSmmqwm7g9AQA
Mpcustom4: Custom engine code is hT3NZbhP9fmY2AbBQnsjfOxn6c+6e6yL+/e8fZFmaQrnlgEA
INFO (IPF036): Starting proof on task: "<embedded>", 1 properties to prove with 0 already proven/unreachable
INFO (IRS029): Starting reset analysis: phase 1 of 4.
INFO (IRS030): Running reset analysis: phase 2 of 4.
INFO (IRS031): Running reset analysis: phase 3 of 4.
INFO (IRS020): Starting the reset analysis simulation with a limit of 100 iterations (phase 4 of 4).
INFO (IRS024): Reset iterations 0 to 4 analyzed.
INFO (IRS018): Reset analysis simulation executed for 3 iterations. Assigned values for 44 of 44 design flops, 0 of 0 design latches, 3 of 3 internal elements.
INFO (IRS039): Reset analysis complete.
INFO (IPF031): Settings used for proof thread 0:
    orchestration                 = on
    time_limit                    = 86400s
    per_property_time_limit       = 1s * 10 ^ scan
    engine_mode                   = auto
    proofgrid_per_engine_max_jobs = 1
    max engine jobs               = auto
    proofgrid_mode                = local
    proofgrid_restarts            = 10
0: Using multistage preprocessing
AMcustom5: Custom engine code is hT3N1rhP11/52HrFRS21ROp2LOjVTgPvT8L8BGXHgLhaIuqtT4nARFjUqrBL+7pLmaTOzBepZW/Jm8SSrHDybSQtoNiO3y43wk+dEoWlsZizu97Fih6O6lPVG/LpWP5SsUPwlGagLNa1FKEFvwVXyX7//8prySbvSxIHXr5er+z4RAEA
0: Starting reduce
Ncustom6: Custom engine code is hT3OXrhPByJp3TrFSTLhUmMH4KVtJgmTCnNDF46yMXOKY48m4LS5nE7yBzFjA7kDuwO/GhGUpEPiky3p3wmPn3dJZHxFMsafSoObRzSC+tn7sEY0WbTdZ/FV4hL3MYH/b1CIUvXSWR4wqEoVLsmMOD4xIPT4lI1LO6ZCO7PnnWQuLwetnvKlrXx6wCW/A+x+enqslg1YPobi4wEF/EvbzOvcTYdJvl2s4H2yZg2b2ofAVN5WvhWk1HoBAA
ADcustom7: Custom engine code is hT3Nv7hPv1752HrFRa2kROx2f/ECJeZB2AZsLdlO8VwmIuqtT4nIDFXclhg+O+o+DMmQCekbheGk0kK28laA9gaOFDXsQp29J3X615HY1IPHJWd6FUFvCHjO+p1k652b5JJvZlShNpGlGSXAiQe/mEAj6tEBAA
Tricustom8: Custom engine code is hT3Nu7hPt1752DvFRa0kNDiyIV97VyejwM9C/jCLJjdPvusZONHY42VYUy0Q1ZotnhcVtNc56tJ5wbxv6V2+XpdsaSlHck5vfnbYjdwj1OECy9U+7oSQ0SZE3g5ayD+Phuh4odCJTjeKa2k4elM9ldQfkAEA
Gcustom9: Custom engine code is hT3NibhPDfeYQADBZnYcglOvK9Pfd7EOeniIqP8jNsyIqInncipMGcUXqAadachREE9F2PwhBUZUNw5kHnd4JdXkamORRgEA
C2custom10: Custom engine code is hT3NirhPjfWYQADBZnYcglOvK9Pfd7EOeniIqP8jNsyIqInncgkrYMMXCYbdK0dUjZIF9d4cJ0rHoBDjwVLBKuG86XYVV00BAA
AGcustom11: Custom engine code is hT3NirhP/fmYQADBZnYcglOvK9Pfd7EOeniIqP8jNsyIqInnckcwYMMXCYbdK0dUjZIF9d4cJ0rHoBDjwVLBKuHEZnZByh0BAA
Bcustom12: Custom engine code is hT3NjrhPDfiYQADBZnYcglOvK9PfWxFtenjIyBqfrgr7if/jL/yPOuK1BAflEcW0DxNH2eDIoezN2gxlQFg81RZtiWXh7aiTAidvAQA
Ncustom13: Custom engine code is hT3NR7hPByFp3TrFSTLhUmMH4KWtJglTyV/c51BHEeZWamnJv767nE6PCak26bd3gf3XGN3rIRheufhDieCJQVISo+gNYUKhiUedBKGtsP/a18svAnlMJZudHxDFwK5ufsyoxsIyiAeSY2oi3tEuoDHr5gw42DFKAG3PqO3CEsl8Azzdt3pl5nGA1Ifv2H02eYsFzWb/nfp8PMb3F0krE/EgBcm8TD9Div8BAA
0: Finished reduce in 0s
Tricustom14: Custom engine code is hT3Nu7hP3fiYQADBZnYcglNHp9bfd7EOeniIqP/ji8sGLQu8yhsFO+wxJ+O+R0bU8g/IewXFomyos+viQnWc2xYNYmMqpo3i40O7DaZR7qfp4YqNx26KRvQ/qx0BAA
0.0.PRE: Performing Proof Simplification...
0.0.N: clocks: 1, declared: 1, looping: 0, posedge: 1, negedge: 0, noedge: 0, bothedge: 0
0.0.N: Proof Simplification Iteration 1	[0.00 s]
0.0.N: Proof Simplification Iteration 2	[0.00 s]
0.0.N: Proof Simplification Iteration 3	[0.00 s]
0.0.PRE: A proof was found: No trace exists. [0.00 s]
INFO (IPF057): 0.0.PRE: The property ":noDeadEnd" was proven in 0.00 s.
    Use check_assumptions -show -dead_end to show this property in the property table.
0.0.PRE: A proof was found: No trace exists. [0.00 s]
INFO (IPF057): 0.0.PRE: The property ":noConflict" was proven in 0.00 s.
    Use check_assumptions -show to show this property in the property table.
INFO (IPF047): 0.0.PRE: The cover property ":live" was covered in 1 cycles in 0.00 s.
    Use check_assumptions -show -live to show this property in the property table.
0.0.PRE: Proof Simplification completed in 0.00 s
0: About to start ProofGrid in its own thread with a limit of 10000 pending notifications and a limit of 10 traces.
0: =============================== ProofGrid start ===============================
0: ProofGrid usable level: 1
0: Initial ProofGrid level: 1
0: ProofGrid is starting event handling
0.0.Hp: Proofgrid shell started at 26948@vlsi-ria85(local) jg_26869_vlsi-ria85_1
0.0.N: Proofgrid shell started at 26947@vlsi-ria85(local) jg_26869_vlsi-ria85_1
0.0.N: clocks: 1, declared: 1, looping: 0, posedge: 1, negedge: 0, noedge: 0, bothedge: 0
0.0.N: Last scan. Per property time limit: 0s
0.0.N: Starting proof for property "Thermocouple.p1"	[0.00 s].
0.0.N: Trace Attempt  1	[0.00 s]
0.0.Hp: clocks: 1, declared: 1, looping: 0, posedge: 1, negedge: 0, noedge: 0, bothedge: 0
0.0.Hp: Last scan. Per property time limit: 0s
0.0.Hp: Trace Attempt  1	[0.00 s]
0.0.Hp: Trace Attempt  2	[0.00 s]
0.0.Hp: Trace Attempt  3	[0.00 s]
0.0.Hp: Trace Attempt  4	[0.00 s]
0.0.Hp: Trace Attempt  5	[0.00 s]
0.0.N: Trace Attempt  2	[0.00 s]
0.0.N: Trace Attempt  2	[0.00 s]
0.0.N: Trace Attempt  3	[0.00 s]
0.0.N: Trace Attempt  4	[0.00 s]
0.0.N: Trace Attempt  4	[0.00 s]
0.0.N: Trace Attempt  5	[0.00 s]
0.0.N: Trace Attempt  1	[0.01 s]
0.0.N: Trace Attempt  2	[0.01 s]
0.0.N: Trace Attempt  3	[0.01 s]
0.0.N: Trace Attempt  4	[0.01 s]
0.0.AM: Proofgrid shell started at 26989@vlsi-ria85(local) jg_26869_vlsi-ria85_1
0.0.AM: clocks: 1, declared: 1, looping: 0, posedge: 1, negedge: 0, noedge: 0, bothedge: 0
0.0.AM: Last scan. Per property time limit: 0s
0.0.AM: Starting proof for property "Thermocouple.p1"	[0.00 s].
0.0.B: Proofgrid shell started at 26988@vlsi-ria85(local) jg_26869_vlsi-ria85_1
0.0.AM: Trace Attempt  1	[0.00 s]
0.0.AM: Trace Attempt  2	[0.00 s]
0.0.AM: Trace Attempt  3	[0.00 s]
0.0.Ht: Proofgrid shell started at 26986@vlsi-ria85(local) jg_26869_vlsi-ria85_1
0.0.B: clocks: 1, declared: 1, looping: 0, posedge: 1, negedge: 0, noedge: 0, bothedge: 0
0.0.B: Last scan. Per property time limit: 0s
0.0.B: Starting proof for property "Thermocouple.p1"	[0.00 s].
0.0.AM: Trace Attempt  4	[0.00 s]
0.0.AM: Trace Attempt  5	[0.00 s]
0.0.B: Trace Attempt  1	[0.00 s]
0.0.AM: Trace Attempt  1	[0.00 s]
0.0.Oh: Proofgrid shell started at 26987@vlsi-ria85(local) jg_26869_vlsi-ria85_1
0.0.B: Trace Attempt  2	[0.00 s]
0.0.B: Trace Attempt  3	[0.00 s]
0.0.B: Trace Attempt  4	[0.00 s]
0.0.B: Trace Attempt  5	[0.00 s]
0.0.AM: Trace Attempt  2	[0.00 s]
0.0.AM: Trace Attempt  3	[0.00 s]
0.0.Ht: clocks: 1, declared: 1, looping: 0, posedge: 1, negedge: 0, noedge: 0, bothedge: 0
0.0.Ht: Last scan. Per property time limit: 0s
0.0.Oh: clocks: 1, declared: 1, looping: 0, posedge: 1, negedge: 0, noedge: 0, bothedge: 0
0.0.Oh: Reached length limit (2147483647) [0.00 s]
0.0.Ht: Trace Attempt  1	[0.00 s]
0.0.Oh: Exited with Success (@ 0.04 s)
0.0.Oh: Completed, Restart ignored.
0.0.Ht: Trace Attempt  2	[0.00 s]
0.0.Ht: Trace Attempt  3	[0.00 s]
0.0.Ht: Trace Attempt  4	[0.00 s]
0.0.Ht: Trace Attempt  5	[0.00 s]
0.0.AM: Trace Attempt  4	[0.01 s]
0.0.AM: Trace Attempt  1	[0.01 s]
0.0.AM: Trace Attempt  2	[0.01 s]
0.0.AM: Trace Attempt  3	[0.01 s]
0.0.AM: Trace Attempt  4	[0.01 s]
0.0.AM: Trace Attempt  5	[0.01 s]
0.0.AM: Trace Attempt  1	[0.04 s]
0.0.AM: Trace Attempt  2	[0.04 s]
0.0.AM: Trace Attempt  3	[0.04 s]
0.0.AM: Trace Attempt  4	[0.04 s]
0.0.AM: Trace Attempt  5	[0.04 s]
0.0.N: Trace Attempt  1	[0.13 s]
0.0.N: Trace Attempt  2	[0.13 s]
0.0.N: Trace Attempt  3	[0.13 s]
0.0.N: Trace Attempt  4	[0.13 s]
0.0.N: Trace Attempt  5	[0.13 s]
0.0.AM: Trace Attempt  1	[0.13 s]
0.0.AM: Trace Attempt  2	[0.13 s]
0.0.AM: Trace Attempt  3	[0.13 s]
0.0.AM: Trace Attempt  4	[0.13 s]
0.0.AM: Trace Attempt  5	[0.13 s]
0.0.N: Trace Attempt  1	[0.50 s]
0.0.N: Trace Attempt  2	[0.50 s]
0.0.N: Trace Attempt  3	[0.50 s]
0.0.N: Trace Attempt  4	[0.51 s]
0.0.N: Trace Attempt  5	[0.51 s]
0.0.AM: Trace Attempt  1	[0.49 s]
0.0.AM: Trace Attempt  2	[0.49 s]
0.0.AM: Trace Attempt  3	[0.49 s]
0.0.AM: Trace Attempt  4	[0.50 s]
0.0.AM: Trace Attempt  5	[0.50 s]
0.0.N: Trace Attempt  1	[2.07 s]
0.0.N: Trace Attempt  2	[2.07 s]
0.0.N: Trace Attempt  3	[2.07 s]
0.0.N: Trace Attempt  4	[2.08 s]
0.0.N: Trace Attempt  5	[2.08 s]
0.0.AM: Trace Attempt  1	[2.21 s]
0.0.AM: Trace Attempt  2	[2.21 s]
0.0.AM: Trace Attempt  3	[2.21 s]
0.0.AM: Trace Attempt  4	[2.22 s]
0.0.AM: Trace Attempt  5	[2.22 s]
0.0.Hp: Trace Attempt 154	[4.00 s]
0.0.Ht: Trace Attempt 2488	[4.00 s]
0.0.B: Trace Attempt 1803	[4.18 s]
0.0.N: Trace Attempt 188	[6.10 s]
0.0.AM: Trace Attempt  1	[6.09 s]
0.0.AM: Trace Attempt  2	[6.09 s]
0.0.AM: Trace Attempt  3	[6.09 s]
0.0.AM: Trace Attempt  4	[6.09 s]
0.0.AM: Trace Attempt  5	[6.09 s]
0.0.N: Trace Attempt  1	[8.13 s]
0.0.N: Trace Attempt  2	[8.13 s]
0.0.N: Trace Attempt  3	[8.13 s]
0.0.N: Trace Attempt  4	[8.13 s]
0.0.N: Trace Attempt  5	[8.13 s]
0.0.Hp: Trace Attempt 222	[8.15 s]
0.0.B: Trace Attempt 1868	[8.85 s]
0.0.AM: Trace Attempt 201	[10.12 s]
0.0.Ht: Trace Attempt 3822	[11.53 s]
0.0.N: Trace Attempt 188	[12.14 s]
0.0.Hp: Trace Attempt 266	[12.32 s]
0.0.B: Trace Attempt 2782	[12.85 s]
0.0.AM: Trace Attempt 268	[14.22 s]
0.0.N: Trace Attempt  1	[14.30 s]
0.0.N: Trace Attempt  2	[14.30 s]
0.0.N: Trace Attempt  3	[14.30 s]
0.0.N: Trace Attempt  4	[14.30 s]
0.0.N: Trace Attempt  5	[14.30 s]
0.0.Ht: Trace Attempt 5053	[15.53 s]
0.0.Hp: Trace Attempt 294	[16.46 s]
0.0.B: Trace Attempt 3289	[16.86 s]
0.0.N: Trace Attempt 189	[18.34 s]
0.0.AM: Trace Attempt 331	[18.32 s]
0.0.Ht: Trace Attempt 5799	[19.53 s]
0.0.N: Trace Attempt  1	[20.38 s]
0.0.N: Trace Attempt  2	[20.38 s]
0.0.N: Trace Attempt  3	[20.38 s]
0.0.N: Trace Attempt  4	[20.38 s]
0.0.N: Trace Attempt  5	[20.39 s]
0.0.Hp: Trace Attempt 319	[20.47 s]
0.0.B: Trace Attempt 3690	[20.86 s]
0.0.AM: Trace Attempt 373	[22.39 s]
0.0.Ht: Trace Attempt 6367	[23.53 s]
0.0.N: Trace Attempt 189	[24.43 s]
0.0.Hp: Trace Attempt 344	[24.71 s]
0.0.B: Trace Attempt 4039	[24.86 s]
0.0.AM: Trace Attempt 422	[26.47 s]
0.0.N: Trace Attempt  1	[26.58 s]
0.0.N: Trace Attempt  2	[26.58 s]
0.0.N: Trace Attempt  3	[26.58 s]
0.0.N: Trace Attempt  4	[26.58 s]
0.0.Hp: Trace Attempt 376	[28.83 s]
0.0.B: Trace Attempt 4352	[28.87 s]
0.0.Ht: Trace Attempt 6747	[29.00 s]
0.0.AM: Trace Attempt 463	[30.51 s]
0.0.N: Trace Attempt 179	[30.63 s]
0.0.B: Trace Attempt 4612	[32.88 s]
0.0.Ht: Trace Attempt 7214	[33.00 s]
0.0.Hp: Trace Attempt 390	[33.08 s]
0.0.AM: Trace Attempt 432	[34.52 s]
0.0.N: Trace Attempt 234	[34.69 s]
0.0.N: Trace Attempt  1	[35.19 s]
0.0.N: Trace Attempt  2	[35.19 s]
0.0.N: Trace Attempt  3	[35.19 s]
0.0.N: Trace Attempt  4	[35.20 s]
0.0.N: Trace Attempt  5	[35.20 s]
0.0.B: Trace Attempt 4840	[36.88 s]
0.0.Ht: Trace Attempt 7610	[37.01 s]
0.0.Hp: Trace Attempt 402	[37.29 s]
0.0.AM: Trace Attempt  1	[38.31 s]
0.0.AM: Trace Attempt  2	[38.31 s]
0.0.AM: Trace Attempt  3	[38.31 s]
0.0.AM: Trace Attempt  4	[38.32 s]
0.0.AM: Trace Attempt  5	[38.32 s]
0.0.N: Trace Attempt 190	[39.20 s]
0.0.B: Trace Attempt 5073	[40.90 s]
0.0.Ht: Trace Attempt 8001	[41.01 s]
0.0.N: Trace Attempt  1	[41.28 s]
0.0.N: Trace Attempt  2	[41.28 s]
0.0.N: Trace Attempt  3	[41.28 s]
0.0.N: Trace Attempt  4	[41.28 s]
0.0.N: Trace Attempt  5	[41.29 s]
0.0.Hp: Trace Attempt 425	[41.61 s]
0.0.AM: Trace Attempt 208	[42.33 s]
0.0.B: Trace Attempt 5295	[44.91 s]
0.0.Ht: Trace Attempt 8369	[45.01 s]
0.0.N: Trace Attempt 190	[45.30 s]
0.0.Hp: Trace Attempt 442	[45.67 s]
0.0.AM: Trace Attempt 276	[46.34 s]
0.0.N: Trace Attempt  1	[47.74 s]
0.0.N: Trace Attempt  2	[47.74 s]
0.0.N: Trace Attempt  3	[47.74 s]
0.0.N: Trace Attempt  4	[47.74 s]
0.0.N: Trace Attempt  5	[47.75 s]
0.0.B: Trace Attempt 5502	[48.91 s]
0.0.Ht: Trace Attempt 8710	[49.02 s]
0.0.Hp: Trace Attempt 464	[49.76 s]
0.0.AM: Trace Attempt 331	[50.35 s]
0.0.N: Trace Attempt 180	[51.77 s]
0.0.B: Trace Attempt 5706	[52.92 s]
0.0.Ht: Trace Attempt 9030	[53.02 s]
0.0.Hp: Trace Attempt 476	[53.86 s]
0.0.AM: Trace Attempt 377	[54.36 s]
0.0.N: Trace Attempt 251	[55.78 s]
0.0.B: Trace Attempt 5899	[56.93 s]
0.0.Ht: Trace Attempt 9330	[57.03 s]
0.0.AM: Trace Attempt 433	[58.40 s]
0.0.Hp: Trace Attempt 486	[58.61 s]
0.0.N: Trace Attempt 308	[59.87 s]
0.0.B: Trace Attempt 6080	[60.93 s]
0.0.Ht: Trace Attempt 9610	[61.03 s]
0.0.AM: Trace Attempt 455	[62.51 s]
0.0.Hp: Trace Attempt 505	[62.88 s]
0.0.N: Trace Attempt 354	[63.96 s]
0.0.B: Trace Attempt 6251	[64.94 s]
0.0.Ht: Trace Attempt 9855	[65.53 s]
0.0.Hp: Trace Attempt 526	[66.93 s]
0.0.AM: Trace Attempt 470	[66.95 s]
0.0.N: Trace Attempt 387	[67.97 s]
0.0.B: Trace Attempt 6421	[68.95 s]
0.0.Ht: Trace Attempt 10214	[69.53 s]
0.0.AM: Trace Attempt 482	[71.03 s]
0.0.Hp: Trace Attempt 547	[71.15 s]
0.0.N: Trace Attempt 425	[72.02 s]
0.0.B: Trace Attempt 6581	[72.97 s]
0.0.Ht: Trace Attempt 10548	[73.53 s]
0.0.AM: Trace Attempt 501	[75.03 s]
0.0.Hp: Trace Attempt 564	[76.07 s]
0.0.N: Trace Attempt 460	[76.09 s]
0.0.B: Trace Attempt 6734	[76.98 s]
0.0.Ht: Trace Attempt 10854	[77.54 s]
0.0.N: Trace Attempt  1	[78.12 s]
0.0.N: Trace Attempt  2	[78.13 s]
0.0.N: Trace Attempt  3	[78.13 s]
0.0.N: Trace Attempt  4	[78.13 s]
0.0.N: Trace Attempt  5	[78.13 s]
0.0.AM: Trace Attempt 516	[79.08 s]
0.0.B: Trace Attempt 6887	[80.99 s]
0.0.Hp: Trace Attempt 583	[81.20 s]
0.0.Ht: Trace Attempt 11162	[81.55 s]
0.0.N: Trace Attempt 180	[82.15 s]
0.0.AM: Trace Attempt 535	[83.16 s]
0.0.B: Trace Attempt 7037	[85.01 s]
0.0.Hp: Trace Attempt 593	[85.47 s]
0.0.Ht: Trace Attempt 11454	[85.55 s]
0.0.N: Trace Attempt 252	[86.22 s]
0.0.AM: Trace Attempt 560	[87.30 s]
0.0.B: Trace Attempt 7180	[89.03 s]
0.0.Ht: Trace Attempt 11731	[89.56 s]
0.0.Hp: Trace Attempt 611	[89.73 s]
0.0.N: Trace Attempt 308	[90.25 s]
0.0.AM: Trace Attempt 575	[91.52 s]
0.0.B: Trace Attempt 7322	[93.03 s]
0.0.Ht: Trace Attempt 11995	[93.57 s]
0.0.Hp: Trace Attempt 629	[93.78 s]
0.0.N: Trace Attempt 354	[94.29 s]
0.0.AM: Trace Attempt 591	[95.55 s]
0.0.B: Trace Attempt 7461	[97.05 s]
0.0.Ht: Trace Attempt 12249	[97.57 s]
0.0.Hp: Trace Attempt 640	[97.81 s]
0.0.N: Trace Attempt 387	[98.31 s]
0.0.AM: Trace Attempt 608	[99.60 s]
0.0.B: Trace Attempt 7595	[101.08 s]
0.0.Ht: Trace Attempt 12491	[101.59 s]
0.0.N: Trace Attempt 426	[102.42 s]
0.0.AM: Trace Attempt 624	[103.77 s]
0.0.B: Trace Attempt 7726	[105.10 s]
0.0.Ht: Trace Attempt 12723	[105.59 s]
0.0.Hp: Trace Attempt 653	[105.70 s]
0.0.AM: Trace Attempt 638	[107.88 s]
0.0.N: Trace Attempt 462	[108.02 s]
0.0.N: Trace Attempt  1	[108.03 s]
0.0.N: Trace Attempt  2	[108.03 s]
0.0.N: Trace Attempt  3	[108.03 s]
0.0.N: Trace Attempt  4	[108.03 s]
0.0.N: Trace Attempt  5	[108.04 s]
0.0.B: Trace Attempt 7851	[109.12 s]
0.0.Ht: Trace Attempt 12942	[109.60 s]
0.0.Hp: Trace Attempt 665	[109.76 s]
0.0.N: Trace Attempt 180	[112.06 s]
0.0.AM: Trace Attempt 654	[112.11 s]
0.0.B: Trace Attempt 7978	[113.13 s]
0.0.Ht: Trace Attempt 13163	[113.60 s]
0.0.N: Trace Attempt 252	[116.11 s]
0.0.AM: Trace Attempt 667	[116.31 s]
0.0.Hp: Trace Attempt 680	[116.81 s]
0.0.B: Trace Attempt 8102	[117.14 s]
0.0.Ht: Trace Attempt 13381	[117.61 s]
0.0.N: Trace Attempt 308	[120.12 s]
0.0.AM: Trace Attempt 681	[120.54 s]
0.0.Hp: Trace Attempt 697	[120.88 s]
0.0.B: Trace Attempt 8225	[121.16 s]
0.0.Ht: Trace Attempt 13586	[121.61 s]
0.0.N: Trace Attempt 354	[124.22 s]
0.0.AM: Trace Attempt 697	[124.70 s]
0.0.B: Trace Attempt 8345	[125.16 s]
0.0.Hp: Trace Attempt 710	[125.24 s]
0.0.Ht: Trace Attempt 13786	[125.63 s]
0.0.N: Trace Attempt 387	[128.22 s]
0.0.AM: Trace Attempt 714	[128.76 s]
0.0.B: Trace Attempt 8464	[129.16 s]
0.0.Hp: Trace Attempt 717	[129.44 s]
0.0.Ht: Trace Attempt 13981	[129.64 s]
0.0.N: Trace Attempt 425	[132.25 s]
0.0.AM: Trace Attempt 729	[132.94 s]
0.0.B: Trace Attempt 8578	[133.18 s]
0.0.Hp: Trace Attempt 730	[133.58 s]
0.0.Ht: Trace Attempt 14167	[133.66 s]
0.0.N: Trace Attempt 462	[136.28 s]
0.0.AM: Trace Attempt 745	[137.11 s]
0.0.B: Trace Attempt 8691	[137.18 s]
0.0.N: Trace Attempt  1	[137.24 s]
0.0.N: Trace Attempt  2	[137.24 s]
0.0.N: Trace Attempt  3	[137.24 s]
0.0.N: Trace Attempt  4	[137.24 s]
0.0.N: Trace Attempt  5	[137.24 s]
0.0.Hp: Trace Attempt 740	[137.70 s]
0.0.B: Trace Attempt 8810	[141.21 s]
0.0.N: Trace Attempt 180	[141.25 s]
0.0.AM: Trace Attempt 761	[141.32 s]
0.0.Hp: Trace Attempt 759	[141.99 s]
0.0.B: Trace Attempt 8926	[145.22 s]
0.0.N: Trace Attempt 252	[145.29 s]
0.0.AM: Trace Attempt 775	[145.49 s]
0.0.Hp: Trace Attempt 767	[147.06 s]
0.0.B: Trace Attempt 9045	[149.22 s]
0.0.N: Trace Attempt 309	[149.40 s]
0.0.AM: Trace Attempt 789	[149.64 s]
0.0.Hp: Trace Attempt 775	[151.26 s]
0.0.B: Trace Attempt 9165	[153.26 s]
0.0.N: Trace Attempt 356	[153.54 s]
0.0.AM: Trace Attempt 804	[153.85 s]
0.0.Hp: Trace Attempt 782	[155.51 s]
0.0.B: Trace Attempt 9276	[157.27 s]
0.0.N: Trace Attempt 391	[157.60 s]
0.0.AM: Trace Attempt 819	[157.92 s]
0.0.Ht: Trace Attempt 14252	[158.59 s]
0.0.Hp: Trace Attempt 801	[160.92 s]
0.0.B: Trace Attempt 9379	[161.28 s]
0.0.N: Trace Attempt 430	[161.66 s]
0.0.AM: Trace Attempt 832	[161.96 s]
0.0.Ht: Trace Attempt 14523	[162.60 s]
0.0.Hp: Trace Attempt 814	[164.96 s]
0.0.B: Trace Attempt 9478	[165.30 s]
0.0.AM: Trace Attempt 845	[166.26 s]
0.0.Ht: Trace Attempt 14777	[166.60 s]
0.0.N: Trace Attempt 464	[167.44 s]
0.0.N: Trace Attempt  1	[167.46 s]
0.0.N: Trace Attempt  2	[167.46 s]
0.0.N: Trace Attempt  3	[167.46 s]
0.0.N: Trace Attempt  4	[167.46 s]
0.0.N: Trace Attempt  5	[167.46 s]
0.0.Hp: Trace Attempt 825	[168.98 s]
0.0.B: Trace Attempt 9575	[169.34 s]
0.0.AM: Trace Attempt 858	[170.26 s]
0.0.Ht: Trace Attempt 15030	[170.61 s]
0.0.N: Trace Attempt 180	[171.50 s]
0.0.Hp: Trace Attempt 830	[173.35 s]
0.0.B: Trace Attempt 9674	[173.36 s]
0.0.AM: Trace Attempt 872	[174.59 s]
0.0.Ht: Trace Attempt 15276	[174.63 s]
0.0.N: Trace Attempt 251	[175.52 s]
0.0.B: Trace Attempt 9771	[177.39 s]
0.0.Hp: Trace Attempt 840	[177.56 s]
0.0.Ht: Trace Attempt 15513	[178.64 s]
0.0.AM: Trace Attempt 881	[178.75 s]
0.0.N: Trace Attempt 307	[179.57 s]
0.0.N: Trace Attempt 323	[180.94 s]
0.0.N: Stopped processing property "Thermocouple.p1"	[181.04 s].
0.0.N: Morphing to Ncustom1
0.0.N: All properties determined. [0.00 s]
0.0.N: Exited with Success (@ 0.00 s)
0.0.Ncustom1: clocks: 1, declared: 1, looping: 0, posedge: 1, negedge: 0, noedge: 0, bothedge: 0
0.0.Ncustom1: Starting proof for property "Thermocouple.p1"	[0.00 s].
0.0.Ncustom1: Trace Attempt 463	[0.05 s]
0.0.Tri: Proofgrid shell started at 32165@vlsi-ria85(local) jg_26869_vlsi-ria85_1
0.0.Tri: clocks: 1, declared: 1, looping: 0, posedge: 1, negedge: 0, noedge: 0, bothedge: 0
0.0.Tri: Last scan. Per property time limit: 0s
0.0.Tri: Starting proof for property "Thermocouple.p1"	[0.00 s].
0.0.Tri: Trace Attempt  1	[0.00 s]
0.0.Tri:    0.00" ---- Launching main thread ----
0.0.AM: Trace Attempt 886	[180.56 s]
0.0.AM: Stopped processing property "Thermocouple.p1"	[181.16 s].
0.0.AM: Morphing to AMcustom3
0.0.Tri:    0.06" ---- Launching abstraction thread ----
0.0.Tri:    0.06" ---- Launching multi-phase simplification thread ----
0.0.Tri:    0.08" ---- Launching liveness simplification thread ----
0.0.AM: All properties determined. [0.00 s]
0.0.AM: Exited with Success (@ 0.00 s)
0.0.AMcustom3: clocks: 1, declared: 1, looping: 0, posedge: 1, negedge: 0, noedge: 0, bothedge: 0
0.0.AMcustom3: Starting proof for property "Thermocouple.p1"	[0.00 s].
0.0.AMcustom3: Trace Attempt  1	[0.00 s]
0.0.AMcustom3: Trace Attempt  2	[0.00 s]
0.0.AMcustom3: Trace Attempt  3	[0.00 s]
0.0.AMcustom3: Trace Attempt  4	[0.00 s]
0.0.AMcustom3: Trace Attempt  5	[0.00 s]
0.0.AMcustom3: Trace Attempt  1	[0.00 s]
0.0.AMcustom3: Trace Attempt  2	[0.00 s]
0.0.AMcustom3: Trace Attempt  3	[0.00 s]
0.0.AMcustom3: Trace Attempt  4	[0.01 s]
0.0.AMcustom3: Trace Attempt  1	[0.01 s]
0.0.B: Trace Attempt 9855	[180.94 s]
0.0.B: Stopped processing property "Thermocouple.p1"	[181.22 s].
0.0.AMcustom3: Trace Attempt  2	[0.01 s]
0.0.B: Morphing to Bcustom2
0.0.AMcustom3: Trace Attempt  3	[0.01 s]
0.0.AMcustom3: Trace Attempt  4	[0.01 s]
0.0.AMcustom3: Trace Attempt  5	[0.01 s]
0.0.AMcustom3: Trace Attempt  1	[0.04 s]
0.0.AMcustom3: Trace Attempt  2	[0.04 s]
0.0.AMcustom3: Trace Attempt  3	[0.04 s]
0.0.AMcustom3: Trace Attempt  4	[0.04 s]
0.0.AMcustom3: Trace Attempt  5	[0.04 s]
0.0.B: All properties determined. [0.00 s]
0.0.B: Exited with Success (@ 0.00 s)
0.0.Bcustom2: clocks: 1, declared: 1, looping: 0, posedge: 1, negedge: 0, noedge: 0, bothedge: 0
0.0.Bcustom2: Starting proof for property "Thermocouple.p1"	[0.00 s].
0.0.Bcustom2: Trace Attempt  1	[0.00 s]
0.0.Bcustom2: Trace Attempt  2	[0.00 s]
0.0.Bcustom2: Trace Attempt  1	[0.00 s]
0.0.Bcustom2: Trace Attempt  2	[0.00 s]
0.0.Bcustom2: Trace Attempt  3	[0.00 s]
0.0.Bcustom2: Trace Attempt  4	[0.00 s]
0.0.Bcustom2: Trace Attempt  5	[0.00 s]
0.0.Bcustom2: Trace Attempt  1	[0.00 s]
0.0.Bcustom2: Trace Attempt  2	[0.00 s]
0.0.Bcustom2: Trace Attempt  3	[0.00 s]
0.0.Bcustom2: Trace Attempt  4	[0.00 s]
0.0.Bcustom2: Trace Attempt  5	[0.00 s]
0.0.Bcustom2: Trace Attempt  1	[0.00 s]
0.0.Bcustom2: Trace Attempt  2	[0.00 s]
0.0.Bcustom2: Trace Attempt  3	[0.00 s]
0.0.Bcustom2: Trace Attempt  4	[0.00 s]
0.0.Bcustom2: Trace Attempt  5	[0.00 s]
0.0.Bcustom2: Trace Attempt  1	[0.01 s]
0.0.Bcustom2: Trace Attempt  2	[0.01 s]
0.0.Bcustom2: Trace Attempt  3	[0.01 s]
0.0.Bcustom2: Trace Attempt  4	[0.01 s]
0.0.Bcustom2: Trace Attempt  5	[0.01 s]
0.0.Bcustom2: Trace Attempt  1	[0.02 s]
0.0.Bcustom2: Trace Attempt  2	[0.02 s]
0.0.Bcustom2: Trace Attempt  3	[0.02 s]
0.0.Bcustom2: Trace Attempt  4	[0.02 s]
0.0.Bcustom2: Trace Attempt  5	[0.02 s]
0.0.Bcustom2: Trace Attempt  1	[0.04 s]
0.0.Bcustom2: Trace Attempt  2	[0.04 s]
0.0.Bcustom2: Trace Attempt  3	[0.04 s]
0.0.Bcustom2: Trace Attempt  4	[0.04 s]
0.0.Bcustom2: Trace Attempt  5	[0.04 s]
0.0.Bcustom2: Trace Attempt  1	[0.09 s]
0.0.Bcustom2: Trace Attempt  2	[0.09 s]
0.0.Bcustom2: Trace Attempt  3	[0.09 s]
0.0.Bcustom2: Trace Attempt  4	[0.09 s]
0.0.Bcustom2: Trace Attempt  5	[0.09 s]
0.0.AMcustom3: Trace Attempt  1	[0.14 s]
0.0.AMcustom3: Trace Attempt  2	[0.14 s]
0.0.AMcustom3: Trace Attempt  3	[0.14 s]
0.0.AMcustom3: Trace Attempt  4	[0.14 s]
0.0.AMcustom3: Trace Attempt  5	[0.14 s]
0.0.Bcustom2: Trace Attempt  1	[0.20 s]
0.0.Bcustom2: Trace Attempt  2	[0.20 s]
0.0.Bcustom2: Trace Attempt  3	[0.20 s]
0.0.Bcustom2: Trace Attempt  4	[0.20 s]
0.0.Bcustom2: Trace Attempt  5	[0.20 s]
0.0.AMcustom3: Trace Attempt  1	[0.53 s]
0.0.AMcustom3: Trace Attempt  2	[0.53 s]
0.0.AMcustom3: Trace Attempt  3	[0.53 s]
0.0.AMcustom3: Trace Attempt  4	[0.54 s]
0.0.AMcustom3: Trace Attempt  5	[0.54 s]
0.0.Bcustom2: Trace Attempt  1	[0.63 s]
0.0.Bcustom2: Trace Attempt  2	[0.63 s]
0.0.Bcustom2: Trace Attempt  3	[0.63 s]
0.0.Bcustom2: Trace Attempt  4	[0.63 s]
0.0.Bcustom2: Trace Attempt  5	[0.63 s]
0.0.Tri:    0.88" Simplification phase 1 complete
0.0.AMcustom3: Trace Attempt 51	[0.79 s]
0.0.AMcustom3: Stopped processing property "Thermocouple.p1"	[0.80 s].
0.0.AMcustom3: Morphing to M
0.0.AMcustom3: All properties determined. [0.00 s]
0.0.AMcustom3: Exited with Success (@ 0.00 s)
0.0.Bcustom2: Trace Attempt 403	[0.75 s]
0.0.Bcustom2: Stopped processing property "Thermocouple.p1"	[0.75 s].
0.0.Bcustom2: Morphing to D
0.0.Bcustom2: All properties determined. [0.00 s]
0.0.Bcustom2: Exited with Success (@ 0.00 s)
0.0.M: clocks: 1, declared: 1, looping: 0, posedge: 1, negedge: 0, noedge: 0, bothedge: 0
0.0.M: Starting proof for property "Thermocouple.p1"	[0.00 s].
0.0.M: Trace Attempt  1	[0.00 s]
0.0.D: clocks: 1, declared: 1, looping: 0, posedge: 1, negedge: 0, noedge: 0, bothedge: 0
0.0.D: Starting proof for property "Thermocouple.p1"	[0.00 s].
0.0.D: Trace Attempt  1	[0.00 s]
0.0.D: Trace Attempt  2	[0.00 s]
0.0.M: Trace Attempt  2	[0.00 s]
0.0.M: Trace Attempt  3	[0.00 s]
0.0.D: Trace Attempt  4	[0.00 s]
0.0.M: Trace Attempt  4	[0.00 s]
0.0.Ncustom1: Requesting engine job to terminate
0.0.D: Requesting engine job to terminate
0.0.M: Requesting engine job to terminate
0.0.Hp: Requesting engine job to terminate
0.0.Ht: Requesting engine job to terminate
INFO (IPF144): 0: Initiating shutdown of proof [182.09 s]
0.0.Tri: A proof was found: No trace exists. [0.97 s]
INFO (IPF057): 0.0.Tri: The property "Thermocouple.p1" was proven in 0.98 s.
0.0.Tri: Stopped processing property "Thermocouple.p1"	[0.98 s].
0.0.Ht: Trace Attempt 15702	[182.04 s]
0.0.Ht: All properties determined. [182.05 s]
0.0.M: Trace Attempt 18	[0.04 s]
0.0.M: Stopped processing property "Thermocouple.p1"	[0.05 s].
0.0.M: All properties determined. [0.05 s]
0.0.M: Exited with Success (@ 182.10 s)
0: ProofGrid usable level: 0
0.0.Tri: Morphing to AMcustom5
0.0.Tri: Preventing job from starting because proof is shutting down.
0.0.Tri: Requesting engine job to terminate
0.0.Tri: All properties determined. [0.00 s]
0.0.Ncustom1: Stopped processing property "Thermocouple.p1"	[1.06 s].
0.0.Ncustom1: All properties determined. [1.06 s]
0.0.D: Trace Attempt 16	[0.03 s]
0.0.D: Stopped processing property "Thermocouple.p1"	[0.07 s].
0.0.D: All properties determined. [0.06 s]
0.0.Tri: Exited with Success (@ 182.11 s)
0.0.D: Exited with Success (@ 182.11 s)
0.0.Ncustom1: Exited with Success (@ 182.11 s)
0.0.Ht: Exited with Success (@ 182.32 s)
0.0.Hp: Trace Attempt 848	[179.26 s]
0.0.Hp: All properties determined. [182.50 s]
0.0.Hp: Exited with Success (@ 182.56 s)
0: --------------------------------------------------------------
ProofGrid Summary (utilization 99.97 %)
--------------------------------------------------------------
     engines started                               :    13
     engine jobs started                           :     7

    Average time in state (seconds)
    ------------------------------------------------------
    Engine  Pending     Running        Dead    Utilization
    ------------------------------------------------------
     Hp        0.03      182.09        0.00       99.98 %
     Ht        0.04      182.06        0.00       99.98 %
     Oh        0.04        0.00        0.00        3.66 %
    Ncustom1        0.04      182.04        0.00       99.98 %
      D        0.03      181.76        0.00       99.98 %
      M        0.03      181.83        0.00       99.98 %
    AMcustom5        0.08        0.93        0.00       92.18 %
    all        0.04      130.10        0.00       99.97 %

    Total time in state (seconds)
    -----------------------------------------
            Pending     Running        Dead  
    -----------------------------------------
               0.29      910.72        0.00

    Data read    : 6.07 MiB
    Data written : 3.48 kiB

0: All pending notifications were processed.
INFO (IPF059): 0: Completed proof on task: "<embedded>"

==============================================================
SUMMARY
==============================================================
           Properties Considered              : 1
                 assertions                   : 1
                  - proven                    : 1 (100%)
                  - bounded_proven (user)     : 0 (0%)
                  - bounded_proven (auto)     : 0 (0%)
                  - marked_proven             : 0 (0%)
                  - cex                       : 0 (0%)
                  - ar_cex                    : 0 (0%)
                  - undetermined              : 0 (0%)
                  - unknown                   : 0 (0%)
                  - error                     : 0 (0%)
                 covers                       : 0
                  - unreachable               : 0
                  - bounded_unreachable (user): 0
                  - covered                   : 0
                  - ar_covered                : 0
                  - undetermined              : 0
                  - unknown                   : 0
                  - error                     : 0
proven
[<embedded>] % exit -force
[<embedded>] % INFO (IPL005): Received request to exit from the console.
INFO: Waiting for proof threads to stop...
INFO: Proof threads stopped.
INFO (IPL018): The peak resident set memory use for this session was 2.189 GB.
INFO (IPL014): Waiting for the Tcl-thread to exit.
INFO (IPL015): The Tcl-thread exited with status 0.
INFO (IPL016): Exiting the analysis session with status 0.
Finished thermocouple_6.tcl successfully
