# ----------------------------------------
# Jasper Version Info
# tool      : Jasper 2024.06
# platform  : Linux 3.10.0-1160.62.1.el7.x86_64
# version   : 2024.06p002 64 bits
# build date: 2024.09.02 16:28:38 UTC
# ----------------------------------------
# started   : 2025-11-26 23:47:56 IST
# hostname  : vlsi-ria85.vlsidomain
# pid       : 17364
# arguments : '-label' 'session_0' '-console' '//127.0.0.1:38574' '-nowindow' '-style' 'windows' '-exitonerror' '-data' 'AAAA0nicY2RgYLCp////PwMYMD6A0Aw2jAyoAMRnQhUJbEChGRhYYZphSliAmItBl6GAoYghnyELyNMDQ30gOx0umsqQzFDCUAwUNWSIZ0hiyGHIZMhjyAayjYE6eID6kxgSgSqSGTKAfCksqvTAsjlgOwHE0hgD' '-proj' '/users/rompel/jasper_executions/liveness/jgprojects/1_blink_3/sessionLogs/session_0' '-init' '-hidden' '/users/rompel/jasper_executions/liveness/jgprojects/1_blink_3/.tmp/.initCmds.tcl' '1_blink_3.tcl' '-hidden' '/users/rompel/jasper_executions/liveness/jgprojects/1_blink_3/.tmp/.postCmds.tcl'

Any disclosure about the Cadence Design Systems software or its use
model to any third party violates the written Non-Disclosure Agreement
between Cadence Design Systems, Inc. and the customer.

THIS SOFTWARE CONTAINS CONFIDENTIAL INFORMATION AND TRADE SECRETS OF
CADENCE DESIGN SYSTEMS, INC. USE, DISCLOSURE, OR REPRODUCTION IS
PROHIBITED WITHOUT THE PRIOR EXPRESS WRITTEN PERMISSION OF CADENCE
DESIGN SYSTEMS, INC.

Copyright (C) 2000-2024 Cadence Design Systems, Inc. All Rights
Reserved.  Unpublished -- rights reserved under the copyright laws of
the United States.

This product includes software developed by others and redistributed
according to license agreement. See doc/third_party_readme.txt for
further details.

RESTRICTED RIGHTS LEGEND

Use, duplication, or disclosure by the Government is subject to
restrictions as set forth in subparagraph (c) (1) (ii) of the Rights in
Technical Data and Computer Software clause at DFARS 252.227-7013 or
subparagraphs (c) (1) and (2) of Commercial Computer Software -- Restricted
Rights at 48 CFR 52.227-19, as applicable.


                          Cadence Design Systems, Inc.
                          2655 Seely Avenue
                          San Jose, CA 95134
                          Phone: 408.943.1234

For technical assistance visit http://support.cadence.com.

Jasper Apps Analysis Session - /users/rompel/jasper_executions/liveness/jgprojects/1_blink_3/sessionLogs/session_0

WARNING (WG017): [session]: The system's locale is "ANSI_X3.4-1968", which is not UTF-8. Non-ASCII characters might not be handled correctly.
WARNING (WG017): [jg_console]: The system's locale is "ANSI_X3.4-1968", which is not UTF-8. Non-ASCII characters might not be handled correctly.
INFO: successfully checked out license "jasper_fao".
INFO: reading configuration file "/users/rompel/.config/cadence/jasper.conf".
% analyze -sv09 ../1_blink_3.sv
[-- (VERI-1482)] Analyzing Verilog file '/tools/cadence2425/JASPER/jasper_2024.06p002/lib/verilog/packages/std/std.sv' into library 'std'
[-- (VERI-1482)] Analyzing Verilog file '../1_blink_3.sv'
% elaborate -bbox_mul 1000000 -bbox_div 1000000 -bbox_mod 1000000 -bbox_a 1000000
[INFO (HIER-8002)] ../1_blink_3.sv(18): Disabling old hierarchical reference handler
[INFO (VERI-1018)] ../1_blink_3.sv(1): compiling module 'BLINK'
[WARN (VERI-1209)] ../1_blink_3.sv(10): expression size 32 truncated to fit in target size 10
INFO (ISW003): Top module name is "BLINK".
INFO (INL208): Elaboration synthesis summary:
  Number of synthesized netlists          1 (0 packages)
  Single run mode                         On
  Pipeline                                On (1 pipelined netlists)
  Late hierarchical reference connection  On
  Number of analyzed Verilog modules      1 (1 synthesized)
  Number of analyzed VHDL entities        0 (0 synthesized)
INFO (INL003): Clearing all state information (assumes, stopats, and so forth).
BLINK
[<embedded>] % reset rst
INFO (IPM031): Clearing proof results of all properties.
INFO (IRS006): Current reset condition is "rst".
[<embedded>] % clock clk
[<embedded>] % prove -all
Ncustom1: Custom engine code is hT3Ng7hPPfiYQOTDZ3qhYOwGAM51eA+J/FjkM5shLioAsqhgLR4Ft+O1BuKG6ilQ83B9tLXSl+CwjiTMAQA
Bcustom2: Custom engine code is hT3Nm7hPr1Vp3Di1Ra2USNIGL4JypRnLKLAdF6JAyuavO2JfGCiY9OZJhcAcOUnLx5xwNdhILGrAWX9s+z2WDkKwNR7tAfClBEjRFVQeq6DU54boFgEA
AMcustom3: Custom engine code is hT3Ng7hP/feYQOTDZ3qhYOwGAM51eA+J/FjkM5shLioAsqhgLR4Ft+O1BuKG6ilQ83B9tLXSmmqwm7g9AQA
Mpcustom4: Custom engine code is hT3NZbhP9fmY2AbBQnsjfOxn6c+6e6yL+/e8fZFmaQrnlgEA
INFO (IPF036): Starting proof on task: "<embedded>", 1 properties to prove with 0 already proven/unreachable
INFO (IRS029): Starting reset analysis: phase 1 of 4.
INFO (IRS030): Running reset analysis: phase 2 of 4.
INFO (IRS031): Running reset analysis: phase 3 of 4.
INFO (IRS020): Starting the reset analysis simulation with a limit of 100 iterations (phase 4 of 4).
INFO (IRS024): Reset iterations 0 to 4 analyzed.
INFO (IRS018): Reset analysis simulation executed for 3 iterations. Assigned values for 11 of 13 design flops, 0 of 0 design latches, 3 of 3 internal elements.
INFO (IRS039): Reset analysis complete.
INFO (IPF031): Settings used for proof thread 0:
    orchestration                 = on
    time_limit                    = 86400s
    per_property_time_limit       = 1s * 10 ^ scan
    engine_mode                   = auto
    proofgrid_per_engine_max_jobs = 1
    max engine jobs               = auto
    proofgrid_mode                = local
    proofgrid_restarts            = 10
0: Using multistage preprocessing
AMcustom5: Custom engine code is hT3N1rhP11/52HrFRS21ROp2LOjVTgPvT8L8BGXHgLhaIuqtT4nARFjUqrBL+7pLmaTOzBepZW/Jm8SSrHDybSQtoNiO3y43wk+dEoWlsZizu97Fih6O6lPVG/LpWP5SsUPwlGagLNa1FKEFvwVXyX7//8prySbvSxIHXr5er+z4RAEA
0: Starting reduce
Ncustom6: Custom engine code is hT3OXrhPByJp3TrFSTLhUmMH4KVtJgmTCnNDF46yMXOKY48m4LS5nE7yBzFjA7kDuwO/GhGUpEPiky3p3wmPn3dJZHxFMsafSoObRzSC+tn7sEY0WbTdZ/FV4hL3MYH/b1CIUvXSWR4wqEoVLsmMOD4xIPT4lI1LO6ZCO7PnnWQuLwetnvKlrXx6wCW/A+x+enqslg1YPobi4wEF/EvbzOvcTYdJvl2s4H2yZg2b2ofAVN5WvhWk1HoBAA
ADcustom7: Custom engine code is hT3Nv7hPv1752HrFRa2kROx2f/ECJeZB2AZsLdlO8VwmIuqtT4nIDFXclhg+O+o+DMmQCekbheGk0kK28laA9gaOFDXsQp29J3X615HY1IPHJWd6FUFvCHjO+p1k652b5JJvZlShNpGlGSXAiQe/mEAj6tEBAA
Tricustom8: Custom engine code is hT3Nu7hPt1752DvFRa0kNDiyIV97VyejwM9C/jCLJjdPvusZONHY42VYUy0Q1ZotnhcVtNc56tJ5wbxv6V2+XpdsaSlHck5vfnbYjdwj1OECy9U+7oSQ0SZE3g5ayD+Phuh4odCJTjeKa2k4elM9ldQfkAEA
Gcustom9: Custom engine code is hT3NibhPDfeYQADBZnYcglOvK9Pfd7EOeniIqP8jNsyIqInncipMGcUXqAadachREE9F2PwhBUZUNw5kHnd4JdXkamORRgEA
C2custom10: Custom engine code is hT3NirhPjfWYQADBZnYcglOvK9Pfd7EOeniIqP8jNsyIqInncgkrYMMXCYbdK0dUjZIF9d4cJ0rHoBDjwVLBKuG86XYVV00BAA
AGcustom11: Custom engine code is hT3NirhP/fmYQADBZnYcglOvK9Pfd7EOeniIqP8jNsyIqInnckcwYMMXCYbdK0dUjZIF9d4cJ0rHoBDjwVLBKuHEZnZByh0BAA
Bcustom12: Custom engine code is hT3NjrhPDfiYQADBZnYcglOvK9PfWxFtenjIyBqfrgr7if/jL/yPOuK1BAflEcW0DxNH2eDIoezN2gxlQFg81RZtiWXh7aiTAidvAQA
0: Finished reduce in 0s
Ncustom13: Custom engine code is hT3NR7hPByFp3TrFSTLhUmMH4KWtJglTyV/c51BHEeZWamnJv767nE6PCak26bd3gf3XGN3rIRheufhDieCJQVISo+gNYUKhiUedBKGtsP/a18svAnlMJZudHxDFwK5ufsyoxsIyiAeSY2oi3tEuoDHr5gw42DFKAG3PqO3CEsl8Azzdt3pl5nGA1Ifv2H02eYsFzWb/nfp8PMb3F0krE/EgBcm8TD9Div8BAA
0.0.PRE: Performing Proof Simplification...
Tricustom14: Custom engine code is hT3Nu7hP3fiYQADBZnYcglNHp9bfd7EOeniIqP/ji8sGLQu8yhsFO+wxJ+O+R0bU8g/IewXFomyos+viQnWc2xYNYmMqpo3i40O7DaZR7qfp4YqNx26KRvQ/qx0BAA
0.0.N: clocks: 1, declared: 1, looping: 0, posedge: 1, negedge: 0, noedge: 0, bothedge: 0
0.0.N: Proof Simplification Iteration 1	[0.00 s]
0.0.PRE: A proof was found: No trace exists. [0.00 s]
INFO (IPF057): 0.0.PRE: The property ":noDeadEnd" was proven in 0.00 s.
    Use check_assumptions -show -dead_end to show this property in the property table.
0.0.PRE: A proof was found: No trace exists. [0.00 s]
INFO (IPF057): 0.0.PRE: The property ":noConflict" was proven in 0.00 s.
    Use check_assumptions -show to show this property in the property table.
INFO (IPF047): 0.0.PRE: The cover property ":live" was covered in 1 cycles in 0.00 s.
    Use check_assumptions -show -live to show this property in the property table.
0.0.PRE: Proof Simplification completed in 0.00 s
0: About to start ProofGrid in its own thread with a limit of 10000 pending notifications and a limit of 10 traces.
0: =============================== ProofGrid start ===============================
0: ProofGrid usable level: 1
0: Initial ProofGrid level: 1
0: ProofGrid is starting event handling
0.0.Hp: Proofgrid shell started at 17431@vlsi-ria85(local) jg_17364_vlsi-ria85_1
0.0.N: Proofgrid shell started at 17430@vlsi-ria85(local) jg_17364_vlsi-ria85_1
0.0.N: clocks: 1, declared: 1, looping: 0, posedge: 1, negedge: 0, noedge: 0, bothedge: 0
0.0.N: Last scan. Per property time limit: 0s
0.0.N: Starting proof for property "BLINK.p1"	[0.00 s].
0.0.N: Trace Attempt  1	[0.00 s]
0.0.N: Trace Attempt  2	[0.00 s]
0.0.N: Trace Attempt  2	[0.00 s]
0.0.N: Trace Attempt  3	[0.00 s]
0.0.N: Trace Attempt  3	[0.00 s]
0.0.N: Trace Attempt  4	[0.00 s]
0.0.N: Trace Attempt  5	[0.00 s]
0.0.N: Trace Attempt  1	[0.00 s]
0.0.Hp: clocks: 1, declared: 1, looping: 0, posedge: 1, negedge: 0, noedge: 0, bothedge: 0
0.0.Hp: Last scan. Per property time limit: 0s
0.0.N: Trace Attempt  2	[0.00 s]
0.0.N: Trace Attempt  3	[0.00 s]
0.0.Hp: Trace Attempt  1	[0.00 s]
0.0.Hp: Trace Attempt  2	[0.00 s]
0.0.Hp: Trace Attempt  3	[0.00 s]
0.0.Hp: Trace Attempt  4	[0.00 s]
0.0.Hp: Trace Attempt  5	[0.00 s]
0.0.N: Trace Attempt  4	[0.00 s]
0.0.N: Trace Attempt  5	[0.00 s]
0.0.Ht: Proofgrid shell started at 17463@vlsi-ria85(local) jg_17364_vlsi-ria85_1
0.0.B: Proofgrid shell started at 17465@vlsi-ria85(local) jg_17364_vlsi-ria85_1
0.0.Oh: Proofgrid shell started at 17464@vlsi-ria85(local) jg_17364_vlsi-ria85_1
0.0.Oh: clocks: 1, declared: 1, looping: 0, posedge: 1, negedge: 0, noedge: 0, bothedge: 0
0.0.Oh: Reached length limit (2147483647) [0.00 s]
0.0.AM: Proofgrid shell started at 17466@vlsi-ria85(local) jg_17364_vlsi-ria85_1
0.0.Ht: clocks: 1, declared: 1, looping: 0, posedge: 1, negedge: 0, noedge: 0, bothedge: 0
0.0.AM: clocks: 1, declared: 1, looping: 0, posedge: 1, negedge: 0, noedge: 0, bothedge: 0
0.0.B: clocks: 1, declared: 1, looping: 0, posedge: 1, negedge: 0, noedge: 0, bothedge: 0
0.0.AM: Last scan. Per property time limit: 0s
0.0.AM: Starting proof for property "BLINK.p1"	[0.00 s].
0.0.Ht: Last scan. Per property time limit: 0s
0.0.Oh: Exited with Success (@ 0.03 s)
0.0.B: Last scan. Per property time limit: 0s
0.0.B: Starting proof for property "BLINK.p1"	[0.00 s].
0.0.B: Trace Attempt  1	[0.00 s]
0.0.AM: Trace Attempt  1	[0.00 s]
0.0.B: Trace Attempt  2	[0.00 s]
0.0.B: Trace Attempt  3	[0.00 s]
0.0.Ht: Trace Attempt  1	[0.00 s]
0.0.AM: Trace Attempt  2	[0.00 s]
0.0.Ht: Trace Attempt  2	[0.00 s]
0.0.B: Trace Attempt  4	[0.00 s]
0.0.Ht: Trace Attempt  3	[0.00 s]
0.0.AM: Trace Attempt  3	[0.00 s]
0.0.Ht: Trace Attempt  4	[0.00 s]
0.0.B: Trace Attempt  5	[0.00 s]
0.0.AM: Trace Attempt  4	[0.00 s]
0.0.AM: Trace Attempt  5	[0.00 s]
0.0.AM: Trace Attempt  1	[0.00 s]
0.0.AM: Trace Attempt  2	[0.00 s]
0.0.AM: Trace Attempt  3	[0.00 s]
0.0.AM: Trace Attempt  4	[0.00 s]
0.0.AM: Trace Attempt  5	[0.01 s]
0.0.Ht: Trace Attempt  5	[0.00 s]
0.0.AM: Trace Attempt  1	[0.01 s]
0.0.AM: Trace Attempt  2	[0.01 s]
0.0.AM: Trace Attempt  3	[0.01 s]
0.0.AM: Trace Attempt  4	[0.01 s]
0.0.AM: Trace Attempt  5	[0.01 s]
0.0.AM: Trace Attempt  1	[0.04 s]
0.0.AM: Trace Attempt  2	[0.04 s]
0.0.AM: Trace Attempt  3	[0.04 s]
0.0.AM: Trace Attempt  4	[0.04 s]
0.0.AM: Trace Attempt  5	[0.04 s]
0.0.AM: Trace Attempt  1	[0.10 s]
0.0.AM: Trace Attempt  2	[0.10 s]
0.0.AM: Trace Attempt  3	[0.10 s]
0.0.AM: Trace Attempt  4	[0.10 s]
0.0.AM: Trace Attempt  5	[0.11 s]
0.0.AM: Trace Attempt  1	[0.24 s]
0.0.AM: Trace Attempt  2	[0.24 s]
0.0.AM: Trace Attempt  3	[0.24 s]
0.0.AM: Trace Attempt  4	[0.24 s]
0.0.AM: Trace Attempt  1	[0.54 s]
0.0.AM: Trace Attempt  2	[0.54 s]
0.0.AM: Trace Attempt  3	[0.54 s]
0.0.AM: Trace Attempt  4	[0.54 s]
0.0.AM: Trace Attempt  5	[0.54 s]
0.0.AM: Trace Attempt  1	[1.71 s]
0.0.AM: Trace Attempt  2	[1.71 s]
0.0.AM: Trace Attempt  3	[1.71 s]
0.0.AM: Trace Attempt  4	[1.71 s]
0.0.AM: Trace Attempt  5	[1.71 s]
0.0.Hp: Trace Attempt 796	[4.01 s]
0.0.B: Trace Attempt 2022	[4.00 s]
0.0.N: Trace Attempt 307	[4.05 s]
0.0.Ht: Trace Attempt 2050	[4.28 s]
0.0.AM: Trace Attempt 429	[5.71 s]
0.0.AM: Trace Attempt  1	[6.26 s]
0.0.AM: Trace Attempt  2	[6.26 s]
0.0.AM: Trace Attempt  3	[6.26 s]
0.0.AM: Trace Attempt  4	[6.27 s]
0.0.AM: Trace Attempt  5	[6.27 s]
0.0.Hp: Trace Attempt 1112	[8.01 s]
0.0.B: Trace Attempt 2453	[8.01 s]
0.0.N: Trace Attempt 755	[8.08 s]
0.0.Ht: Trace Attempt 2829	[8.28 s]
0.0.AM: Trace Attempt 543	[10.28 s]
0.0.Hp: Trace Attempt 1358	[12.02 s]
0.0.B: Trace Attempt 2802	[12.02 s]
0.0.N: Trace Attempt 792	[12.24 s]
0.0.Ht: Trace Attempt 3295	[12.29 s]
0.0.AM: Trace Attempt 800	[14.41 s]
0.0.Hp: Trace Attempt 1566	[16.02 s]
0.0.B: Trace Attempt 3054	[16.03 s]
0.0.Ht: Trace Attempt 3586	[16.30 s]
0.0.N: Trace Attempt 815	[16.69 s]
0.0.AM: Trace Attempt 838	[18.43 s]
0.0.Hp: Trace Attempt 1749	[20.02 s]
0.0.B: Trace Attempt 3196	[20.03 s]
0.0.Ht: Trace Attempt 3829	[20.31 s]
0.0.N: Trace Attempt 835	[21.00 s]
0.0.AM: Trace Attempt 867	[22.48 s]
0.0.Hp: Trace Attempt 1916	[24.02 s]
0.0.B: Trace Attempt 3304	[24.06 s]
0.0.Ht: Trace Attempt 4032	[24.32 s]
0.0.N: Trace Attempt 859	[25.18 s]
0.0.AM: Trace Attempt 540	[26.48 s]
0.0.B: Trace Attempt 3390	[28.10 s]
0.0.Ht: Trace Attempt 4242	[28.34 s]
0.0.Hp: Trace Attempt 2050	[29.12 s]
0.0.N: Trace Attempt 881	[29.23 s]
0.0.AM: Trace Attempt 891	[30.50 s]
0.0.B: Trace Attempt 3468	[32.10 s]
0.0.Ht: Trace Attempt 4874	[32.34 s]
0.0.AM: Trace Attempt  1	[32.71 s]
0.0.AM: Trace Attempt  2	[32.71 s]
0.0.AM: Trace Attempt  3	[32.71 s]
0.0.AM: Trace Attempt  4	[32.71 s]
0.0.AM: Trace Attempt  5	[32.71 s]
0.0.Hp: Trace Attempt 2118	[33.14 s]
0.0.N: Trace Attempt 903	[33.42 s]
0.0.N: Trace Attempt  1	[35.65 s]
0.0.N: Trace Attempt  2	[35.65 s]
0.0.N: Trace Attempt  3	[35.65 s]
0.0.N: Trace Attempt  4	[35.65 s]
0.0.N: Trace Attempt  5	[35.65 s]
0.0.B: Trace Attempt 3541	[36.12 s]
0.0.Ht: Trace Attempt 5135	[36.35 s]
0.0.AM: Trace Attempt 463	[36.71 s]
0.0.Hp: Trace Attempt 2266	[37.15 s]
0.0.N: Trace Attempt 475	[39.65 s]
0.0.B: Trace Attempt 3605	[40.17 s]
0.0.Ht: Trace Attempt 5315	[40.37 s]
0.0.AM: Trace Attempt 822	[40.72 s]
0.0.Hp: Trace Attempt 2404	[41.18 s]
0.0.N: Trace Attempt 757	[43.66 s]
0.0.B: Trace Attempt 3663	[44.22 s]
0.0.Ht: Trace Attempt 5450	[44.38 s]
0.0.AM: Trace Attempt 856	[44.84 s]
0.0.Hp: Trace Attempt 2534	[45.20 s]
0.0.N: Trace Attempt 860	[47.70 s]
0.0.B: Trace Attempt 3708	[48.26 s]
0.0.Ht: Trace Attempt 5557	[48.39 s]
0.0.AM: Trace Attempt 908	[49.02 s]
0.0.Hp: Trace Attempt 2656	[49.22 s]
0.0.N: Trace Attempt 884	[52.02 s]
0.0.B: Trace Attempt 3745	[52.27 s]
0.0.Ht: Trace Attempt 5803	[52.39 s]
0.0.AM: Trace Attempt 972	[53.03 s]
0.0.Hp: Trace Attempt 2772	[53.23 s]
0.0.N: Trace Attempt  1	[54.32 s]
0.0.N: Trace Attempt  2	[54.32 s]
0.0.N: Trace Attempt  3	[54.32 s]
0.0.N: Trace Attempt  4	[54.32 s]
0.0.N: Trace Attempt  5	[54.32 s]
0.0.B: Trace Attempt 3777	[56.32 s]
0.0.Ht: Trace Attempt 6018	[56.39 s]
0.0.AM: Trace Attempt 1068	[57.06 s]
0.0.Hp: Trace Attempt 2881	[57.23 s]
0.0.N: Trace Attempt 477	[58.32 s]
0.0.Ht: Trace Attempt 6205	[60.40 s]
0.0.B: Trace Attempt 3806	[60.44 s]
0.0.AM: Trace Attempt 1146	[61.06 s]
0.0.Hp: Trace Attempt 2985	[61.24 s]
0.0.N: Trace Attempt 757	[62.35 s]
0.0.Ht: Trace Attempt 6532	[64.41 s]
0.0.B: Trace Attempt 3832	[64.53 s]
0.0.AM: Trace Attempt 1205	[65.11 s]
0.0.Hp: Trace Attempt 3074	[65.25 s]
0.0.N: Trace Attempt 860	[66.43 s]
0.0.Ht: Trace Attempt 6753	[68.42 s]
0.0.B: Trace Attempt 3856	[68.69 s]
0.0.AM: Trace Attempt 1263	[69.14 s]
0.0.Hp: Trace Attempt 3105	[69.28 s]
0.0.N: Trace Attempt 884	[70.83 s]
0.0.Ht: Trace Attempt 6957	[72.43 s]
0.0.B: Trace Attempt 3878	[72.88 s]
0.0.N: Trace Attempt  1	[73.14 s]
0.0.N: Trace Attempt  2	[73.14 s]
0.0.N: Trace Attempt  3	[73.14 s]
0.0.N: Trace Attempt  4	[73.14 s]
0.0.N: Trace Attempt  5	[73.14 s]
0.0.AM: Trace Attempt 1315	[73.24 s]
0.0.Hp: Trace Attempt 3136	[73.38 s]
0.0.B: Trace Attempt 3898	[76.95 s]
0.0.N: Trace Attempt 473	[77.14 s]
0.0.Ht: Trace Attempt 7065	[77.21 s]
0.0.AM: Trace Attempt 1361	[77.36 s]
0.0.Hp: Trace Attempt 3167	[77.47 s]
0.0.B: Trace Attempt 3917	[81.02 s]
0.0.N: Trace Attempt 757	[81.19 s]
0.0.Ht: Trace Attempt 7303	[81.23 s]
0.0.Hp: Trace Attempt 3197	[81.48 s]
0.0.AM: Trace Attempt 1382	[81.55 s]
0.0.B: Trace Attempt 3935	[85.13 s]
0.0.N: Trace Attempt 860	[85.30 s]
0.0.Ht: Trace Attempt 7459	[85.28 s]
0.0.Hp: Trace Attempt 3227	[85.52 s]
0.0.AM: Trace Attempt 1401	[85.62 s]
0.0.B: Trace Attempt 3952	[89.27 s]
0.0.Ht: Trace Attempt 7587	[89.28 s]
0.0.Hp: Trace Attempt 3256	[89.56 s]
0.0.N: Trace Attempt 884	[89.70 s]
0.0.AM: Trace Attempt 1432	[89.72 s]
0.0.N: Trace Attempt  1	[92.04 s]
0.0.N: Trace Attempt  2	[92.04 s]
0.0.N: Trace Attempt  3	[92.04 s]
0.0.N: Trace Attempt  4	[92.04 s]
0.0.N: Trace Attempt  5	[92.04 s]
0.0.Ht: Trace Attempt 7686	[93.31 s]
0.0.B: Trace Attempt 3968	[93.33 s]
0.0.Hp: Trace Attempt 3285	[93.59 s]
0.0.AM: Trace Attempt 1464	[93.73 s]
0.0.N: Trace Attempt 459	[96.05 s]
0.0.Ht: Trace Attempt 7738	[97.32 s]
0.0.B: Trace Attempt 3984	[97.54 s]
0.0.Hp: Trace Attempt 3313	[97.73 s]
0.0.AM: Trace Attempt 1497	[97.73 s]
0.0.N: Trace Attempt 754	[100.06 s]
0.0.Ht: Trace Attempt 7910	[101.33 s]
0.0.Hp: Trace Attempt 3340	[101.74 s]
0.0.AM: Trace Attempt 1525	[101.81 s]
0.0.B: Trace Attempt 3999	[101.82 s]
0.0.N: Trace Attempt 859	[104.23 s]
0.0.Ht: Trace Attempt 8026	[105.33 s]
0.0.Hp: Trace Attempt 3367	[105.76 s]
0.0.AM: Trace Attempt 1558	[105.85 s]
0.0.B: Trace Attempt 4013	[105.95 s]
0.0.N: Trace Attempt 884	[108.76 s]
0.0.Ht: Trace Attempt 8164	[109.55 s]
0.0.Hp: Trace Attempt 3394	[109.88 s]
0.0.AM: Trace Attempt 1589	[109.88 s]
0.0.B: Trace Attempt 4027	[110.25 s]
0.0.N: Trace Attempt  1	[111.11 s]
0.0.N: Trace Attempt  2	[111.11 s]
0.0.N: Trace Attempt  3	[111.11 s]
0.0.N: Trace Attempt  4	[111.11 s]
0.0.N: Trace Attempt  5	[111.12 s]
0.0.Hp: Trace Attempt 3420	[113.90 s]
0.0.AM: Trace Attempt 1617	[114.03 s]
0.0.Ht: Trace Attempt 8362	[114.22 s]
0.0.B: Trace Attempt 4040	[114.34 s]
0.0.N: Trace Attempt 459	[115.12 s]
0.0.Hp: Trace Attempt 3446	[117.92 s]
0.0.AM: Trace Attempt 1640	[118.13 s]
0.0.Ht: Trace Attempt 8500	[118.22 s]
0.0.B: Trace Attempt 4053	[118.59 s]
0.0.N: Trace Attempt 757	[119.22 s]
0.0.Hp: Trace Attempt 3472	[122.02 s]
0.0.AM: Trace Attempt 1663	[122.14 s]
0.0.Ht: Trace Attempt 8561	[122.24 s]
0.0.B: Trace Attempt 4065	[122.66 s]
0.0.N: Trace Attempt 860	[123.36 s]
0.0.Hp: Trace Attempt 3497	[126.18 s]
0.0.Ht: Trace Attempt 8896	[126.24 s]
0.0.AM: Trace Attempt 1690	[126.25 s]
0.0.B: Trace Attempt 4076	[126.71 s]
0.0.N: Trace Attempt 883	[127.41 s]
0.0.Hp: Trace Attempt 3522	[130.25 s]
0.0.Ht: Trace Attempt 9141	[130.25 s]
0.0.AM: Trace Attempt 1715	[130.27 s]
0.0.N: Trace Attempt  1	[130.34 s]
0.0.N: Trace Attempt  2	[130.34 s]
0.0.N: Trace Attempt  3	[130.34 s]
0.0.N: Trace Attempt  4	[130.34 s]
0.0.N: Trace Attempt  5	[130.34 s]
0.0.B: Trace Attempt 4087	[130.73 s]
0.0.Hp: Trace Attempt 3547	[134.33 s]
0.0.N: Trace Attempt 459	[134.35 s]
0.0.Ht: Trace Attempt 9237	[134.34 s]
0.0.AM: Trace Attempt 1739	[134.35 s]
0.0.B: Trace Attempt 4098	[134.84 s]
0.0.Ht: Trace Attempt 9302	[138.37 s]
0.0.N: Trace Attempt 757	[138.41 s]
0.0.AM: Trace Attempt 1763	[138.46 s]
0.0.Hp: Trace Attempt 3572	[138.50 s]
0.0.B: Trace Attempt 4191	[138.84 s]
0.0.Ht: Trace Attempt 9376	[142.45 s]
0.0.N: Trace Attempt 860	[142.51 s]
0.0.Hp: Trace Attempt 3595	[142.51 s]
0.0.AM: Trace Attempt 1788	[142.50 s]
0.0.B: Trace Attempt 4399	[142.85 s]
0.0.Ht: Trace Attempt 9468	[146.46 s]
0.0.Hp: Trace Attempt 3618	[146.58 s]
0.0.AM: Trace Attempt 1812	[146.57 s]
0.0.N: Trace Attempt 884	[146.88 s]
0.0.B: Trace Attempt 4652	[146.87 s]
0.0.N: Trace Attempt  1	[149.23 s]
0.0.N: Trace Attempt  2	[149.23 s]
0.0.N: Trace Attempt  3	[149.23 s]
0.0.N: Trace Attempt  4	[149.23 s]
0.0.N: Trace Attempt  5	[149.23 s]
0.0.Ht: Trace Attempt 9515	[150.47 s]
0.0.Hp: Trace Attempt 3641	[150.71 s]
0.0.AM: Trace Attempt 1835	[150.70 s]
0.0.B: Trace Attempt 4925	[150.88 s]
0.0.N: Trace Attempt 465	[153.24 s]
0.0.Ht: Trace Attempt 9581	[154.47 s]
0.0.AM: Trace Attempt 1854	[154.77 s]
0.0.Hp: Trace Attempt 3664	[154.88 s]
0.0.B: Trace Attempt 5154	[154.91 s]
0.0.N: Trace Attempt 757	[157.26 s]
0.0.Ht: Trace Attempt 9642	[158.49 s]
0.0.AM: Trace Attempt 1876	[158.87 s]
0.0.Hp: Trace Attempt 3686	[158.91 s]
0.0.B: Trace Attempt 5257	[158.93 s]
0.0.N: Trace Attempt 860	[161.41 s]
0.0.Ht: Trace Attempt 9703	[162.50 s]
0.0.Hp: Trace Attempt 3708	[162.95 s]
0.0.B: Trace Attempt 5370	[162.95 s]
0.0.AM: Trace Attempt 1883	[163.49 s]
0.0.N: Trace Attempt 884	[165.77 s]
0.0.B: Trace Attempt 5483	[166.95 s]
0.0.Hp: Trace Attempt 3730	[166.99 s]
0.0.N: Trace Attempt  1	[168.13 s]
0.0.N: Trace Attempt  2	[168.13 s]
0.0.N: Trace Attempt  3	[168.13 s]
0.0.N: Trace Attempt  4	[168.13 s]
0.0.N: Trace Attempt  5	[168.13 s]
0.0.Ht: Trace Attempt 9762	[168.84 s]
0.0.B: Trace Attempt 5595	[170.97 s]
0.0.Hp: Trace Attempt 3752	[171.01 s]
0.0.N: Trace Attempt 479	[172.13 s]
0.0.Ht: Trace Attempt 9857	[172.85 s]
0.0.B: Trace Attempt 5703	[174.99 s]
0.0.Hp: Trace Attempt 3775	[175.15 s]
0.0.N: Trace Attempt 757	[176.14 s]
0.0.Ht: Trace Attempt 9964	[176.86 s]
0.0.B: Trace Attempt 5805	[179.01 s]
0.0.Hp: Trace Attempt 3797	[179.16 s]
0.0.AM: Trace Attempt 1884	[179.36 s]
0.0.N: Trace Attempt 860	[180.22 s]
0.0.Ht: Trace Attempt 10056	[180.87 s]
0.0.N: Trace Attempt 867	[180.82 s]
0.0.N: Stopped processing property "BLINK.p1"	[181.04 s].
0.0.N: Morphing to Ncustom1
0.0.N: All properties determined. [0.00 s]
0.0.N: Exited with Success (@ 0.00 s)
0.0.Ncustom1: clocks: 1, declared: 1, looping: 0, posedge: 1, negedge: 0, noedge: 0, bothedge: 0
0.0.Ncustom1: Starting proof for property "BLINK.p1"	[0.00 s].
0.0.B: Trace Attempt 5853	[180.97 s]
0.0.B: Stopped processing property "BLINK.p1"	[181.02 s].
0.0.B: Morphing to Bcustom2
0.0.B: All properties determined. [0.00 s]
0.0.B: Exited with Success (@ 0.00 s)
0.0.Bcustom2: clocks: 1, declared: 1, looping: 0, posedge: 1, negedge: 0, noedge: 0, bothedge: 0
0.0.Bcustom2: Starting proof for property "BLINK.p1"	[0.00 s].
0.0.Bcustom2: Trace Attempt  1	[0.00 s]
0.0.Bcustom2: Trace Attempt  2	[0.00 s]
0.0.Bcustom2: Trace Attempt  1	[0.00 s]
0.0.Bcustom2: Trace Attempt  2	[0.00 s]
0.0.Bcustom2: Trace Attempt  3	[0.00 s]
0.0.Bcustom2: Trace Attempt  4	[0.00 s]
0.0.Bcustom2: Trace Attempt  5	[0.00 s]
0.0.Ncustom1: Trace Attempt 921	[0.04 s]
0.0.Tri: Proofgrid shell started at 18101@vlsi-ria85(local) jg_17364_vlsi-ria85_1
0.0.Tri: clocks: 1, declared: 1, looping: 0, posedge: 1, negedge: 0, noedge: 0, bothedge: 0
0.0.Tri: Last scan. Per property time limit: 0s
0.0.Tri: Starting proof for property "BLINK.p1"	[0.00 s].
0.0.Tri: Trace Attempt  1	[0.00 s]
0.0.Tri:    0.00" ---- Launching main thread ----
0.0.Tri:    0.04" ---- Launching abstraction thread ----
0.0.Tri:    0.05" ---- Launching multi-phase simplification thread ----
0.0.Tri:    0.07" ---- Launching liveness simplification thread ----
0.0.Ncustom1: Trace Attempt  1	[0.25 s]
0.0.Ncustom1: Trace Attempt  2	[0.25 s]
0.0.Ncustom1: Trace Attempt  3	[0.25 s]
0.0.Ncustom1: Trace Attempt  4	[0.25 s]
0.0.Ncustom1: Trace Attempt  5	[0.25 s]
0.0.AM: Stopped processing property "BLINK.p1"	[181.28 s].
0.0.AM: Morphing to AMcustom3
0.0.AM: All properties determined. [0.00 s]
0.0.AM: Exited with Success (@ 0.00 s)
0.0.AMcustom3: clocks: 1, declared: 1, looping: 0, posedge: 1, negedge: 0, noedge: 0, bothedge: 0
0.0.AMcustom3: Starting proof for property "BLINK.p1"	[0.00 s].
0.0.AMcustom3: Trace Attempt  1	[0.00 s]
0.0.AMcustom3: Trace Attempt  2	[0.00 s]
0.0.AMcustom3: Trace Attempt  3	[0.00 s]
0.0.AMcustom3: Trace Attempt  4	[0.00 s]
0.0.AMcustom3: Trace Attempt  5	[0.00 s]
0.0.AMcustom3: Trace Attempt  1	[0.00 s]
0.0.AMcustom3: Trace Attempt  2	[0.00 s]
0.0.AMcustom3: Trace Attempt  3	[0.00 s]
0.0.AMcustom3: Trace Attempt  4	[0.00 s]
0.0.AMcustom3: Trace Attempt  5	[0.01 s]
0.0.AMcustom3: Trace Attempt  1	[0.01 s]
0.0.AMcustom3: Trace Attempt  2	[0.01 s]
0.0.AMcustom3: Trace Attempt  3	[0.01 s]
0.0.AMcustom3: Trace Attempt  4	[0.01 s]
0.0.AMcustom3: Trace Attempt  5	[0.01 s]
0.0.AMcustom3: Trace Attempt  1	[0.04 s]
0.0.AMcustom3: Trace Attempt  2	[0.04 s]
0.0.AMcustom3: Trace Attempt  3	[0.04 s]
0.0.AMcustom3: Trace Attempt  4	[0.05 s]
0.0.AMcustom3: Trace Attempt  5	[0.05 s]
0.0.Bcustom2: Trace Attempt  1	[0.35 s]
0.0.Bcustom2: Trace Attempt  2	[0.35 s]
0.0.Bcustom2: Trace Attempt  3	[0.35 s]
0.0.Bcustom2: Trace Attempt  4	[0.35 s]
0.0.Bcustom2: Trace Attempt  5	[0.35 s]
0.0.AMcustom3: Trace Attempt  1	[0.13 s]
0.0.AMcustom3: Trace Attempt  2	[0.13 s]
0.0.AMcustom3: Trace Attempt  3	[0.13 s]
0.0.AMcustom3: Trace Attempt  4	[0.13 s]
0.0.AMcustom3: Trace Attempt  5	[0.13 s]
0.0.AMcustom3: Trace Attempt  1	[0.27 s]
0.0.AMcustom3: Trace Attempt  2	[0.27 s]
0.0.AMcustom3: Trace Attempt  3	[0.27 s]
0.0.AMcustom3: Trace Attempt  4	[0.27 s]
0.0.AMcustom3: Trace Attempt  5	[0.27 s]
0.0.Bcustom2: Trace Attempt  1	[0.70 s]
0.0.Bcustom2: Trace Attempt  2	[0.70 s]
0.0.Bcustom2: Trace Attempt  3	[0.70 s]
0.0.Bcustom2: Trace Attempt  4	[0.70 s]
0.0.Bcustom2: Trace Attempt  5	[0.70 s]
0.0.AMcustom3: Trace Attempt  1	[0.56 s]
0.0.AMcustom3: Trace Attempt  2	[0.56 s]
0.0.AMcustom3: Trace Attempt  3	[0.56 s]
0.0.AMcustom3: Trace Attempt  4	[0.57 s]
0.0.AMcustom3: Trace Attempt  5	[0.57 s]
0.0.Tri:    0.89" Simplification phase 1 complete
0.0.AMcustom3: Trace Attempt 76	[0.72 s]
0.0.AMcustom3: Stopped processing property "BLINK.p1"	[0.72 s].
0.0.AMcustom3: Morphing to M
0.0.AMcustom3: All properties determined. [0.00 s]
0.0.AMcustom3: Exited with Success (@ 0.00 s)
0.0.M: clocks: 1, declared: 1, looping: 0, posedge: 1, negedge: 0, noedge: 0, bothedge: 0
0.0.M: Starting proof for property "BLINK.p1"	[0.00 s].
0.0.M: Trace Attempt  1	[0.00 s]
0.0.M: Trace Attempt  2	[0.00 s]
0.0.M: Trace Attempt  3	[0.00 s]
0.0.M: Trace Attempt  4	[0.00 s]
0.0.Bcustom2: Trace Attempt 893	[0.98 s]
0.0.Bcustom2: Stopped processing property "BLINK.p1"	[0.98 s].
0.0.Bcustom2: Morphing to D
0.0.Bcustom2: All properties determined. [0.00 s]
0.0.Bcustom2: Exited with Success (@ 0.00 s)
0.0.D: clocks: 1, declared: 1, looping: 0, posedge: 1, negedge: 0, noedge: 0, bothedge: 0
0.0.M: Trace Attempt  5	[0.00 s]
0.0.D: Starting proof for property "BLINK.p1"	[0.00 s].
0.0.D: Trace Attempt  1	[0.00 s]
0.0.D: Trace Attempt  2	[0.00 s]
0.0.D: Trace Attempt  4	[0.00 s]
0.0.D: Trace Attempt  5	[0.00 s]
0.0.Ncustom1: Requesting engine job to terminate
0.0.D: Requesting engine job to terminate
0.0.M: Requesting engine job to terminate
0.0.Hp: Requesting engine job to terminate
0.0.Ht: Requesting engine job to terminate
INFO (IPF144): 0: Initiating shutdown of proof [182.06 s]
0.0.Tri: A proof was found: No trace exists. [0.95 s]
INFO (IPF057): 0.0.Tri: The property "BLINK.p1" was proven in 0.95 s.
0.0.D: Trace Attempt 12	[0.01 s]
0.0.D: Stopped processing property "BLINK.p1"	[0.02 s].
0.0.D: All properties determined. [0.02 s]
0.0.M: Trace Attempt 12	[0.02 s]
0.0.M: Stopped processing property "BLINK.p1"	[0.02 s].
0.0.M: All properties determined. [0.02 s]
0.0.Tri: Stopped processing property "BLINK.p1"	[0.95 s].
0.0.Ht: Trace Attempt 10081	[181.98 s]
0.0.Ht: All properties determined. [182.03 s]
0.0.D: Exited with Success (@ 182.07 s)
0: ProofGrid usable level: 0
0.0.Tri: Morphing to AMcustom5
0.0.Tri: Preventing job from starting because proof is shutting down.
0.0.Tri: Requesting engine job to terminate
0.0.Tri: Interrupted. [0.00 s]
0.0.Tri: Exited with Success (@ 182.07 s)
0.0.Ncustom1: Trace Attempt 241	[1.01 s]
0.0.Ncustom1: Stopped processing property "BLINK.p1"	[1.02 s].
0.0.Ncustom1: All properties determined. [1.02 s]
0.0.M: Exited with Success (@ 182.07 s)
0.0.Ncustom1: Exited with Success (@ 182.07 s)
0.0.Hp: Trace Attempt 3812	[182.05 s]
0.0.Hp: All properties determined. [182.07 s]
0.0.Ht: Exited with Success (@ 182.08 s)
0.0.Hp: Exited with Success (@ 182.22 s)
0: --------------------------------------------------------------
ProofGrid Summary (utilization 99.97 %)
--------------------------------------------------------------
     engines started                               :    13
     engine jobs started                           :     7

    Average time in state (seconds)
    ------------------------------------------------------
    Engine  Pending     Running        Dead    Utilization
    ------------------------------------------------------
     Hp        0.03      182.06        0.00       99.98 %
     Ht        0.03      182.03        0.00       99.98 %
     Oh        0.03        0.00        0.00        0.68 %
    Ncustom1        0.03      182.02        0.00       99.98 %
      D        0.03      181.97        0.00       99.98 %
      M        0.03      181.75        0.00       99.98 %
    AMcustom5        0.07        0.94        0.00       93.43 %
    all        0.03      130.11        0.00       99.97 %

    Total time in state (seconds)
    -----------------------------------------
            Pending     Running        Dead  
    -----------------------------------------
               0.24      910.77        0.00

    Data read    : 12.39 MiB
    Data written : 7.18 kiB

0: All pending notifications were processed.
INFO (IPF059): 0: Completed proof on task: "<embedded>"

==============================================================
SUMMARY
==============================================================
           Properties Considered              : 1
                 assertions                   : 1
                  - proven                    : 1 (100%)
                  - bounded_proven (user)     : 0 (0%)
                  - bounded_proven (auto)     : 0 (0%)
                  - marked_proven             : 0 (0%)
                  - cex                       : 0 (0%)
                  - ar_cex                    : 0 (0%)
                  - undetermined              : 0 (0%)
                  - unknown                   : 0 (0%)
                  - error                     : 0 (0%)
                 covers                       : 0
                  - unreachable               : 0
                  - bounded_unreachable (user): 0
                  - covered                   : 0
                  - ar_covered                : 0
                  - undetermined              : 0
                  - unknown                   : 0
                  - error                     : 0
proven
[<embedded>] % exit -force
INFO (IPL005): Received request to exit from the console.
INFO: Waiting for proof threads to stop...
INFO: Proof threads stopped.
INFO (IPL018): The peak resident set memory use for this session was 1.857 GB.
INFO (IPL014): Waiting for the Tcl-thread to exit.
INFO (IPL015): The Tcl-thread exited with status 0.
INFO (IPL016): Exiting the analysis session with status 0.
