2025-11-17 18:07:20.838196 (241735) main____ INFO    ----------------------------------------
2025-11-17 18:07:20.838330 (241735) main____ INFO    Jasper version info
2025-11-17 18:07:20.838345 (241735) main____ INFO      tool      : Jasper 2024.06
2025-11-17 18:07:20.838359 (241735) main____ INFO      version   : 2024.06p002 64 bits
2025-11-17 18:07:20.838369 (241735) main____ INFO      build date: 2024.09.02 16:28:38 UTC
2025-11-17 18:07:20.838377 (241735) main____ INFO    ----------------------------------------
2025-11-17 18:07:20.838383 (241735) main____ INFO    Runtime info:
2025-11-17 18:07:20.838392 (241735) main____ INFO      platform  : Linux 3.10.0-1062.el7.x86_64 x86_64
2025-11-17 18:07:20.838410 (241735) main____ INFO      hostname  : vlsi-moon
2025-11-17 18:07:20.838422 (241735) main____ INFO      pid       : 241735
2025-11-17 18:07:20.838431 (241735) main____ INFO      arguments : '-style' 'windows' '-proj' '../jgprojects/PWM_3' '-batch' 'PWM_3.tcl'
2025-11-17 18:07:20.838440 (241735) main____ INFO      locale    : ANSI_X3.4-1968
2025-11-17 18:07:20.838447 (241735) main____ INFO    ----------------------------------------
2025-11-17 18:07:20.838454 (241735) main____ INFO    System resource limits info:
2025-11-17 18:07:20.838463 (241735) main____ INFO      virtual memory: unlimited
2025-11-17 18:07:20.838476 (241735) main____ INFO      cpu time      : unlimited
2025-11-17 18:07:20.838492 (241735) main____ INFO      processes     : 4096
2025-11-17 18:07:20.838509 (241735) main____ INFO      stack size    : 8388608 B
2025-11-17 18:07:20.838521 (241735) main____ INFO      core file size: 1024 B
2025-11-17 18:07:20.838530 (241735) main____ INFO      open files    : 4096
2025-11-17 18:07:20.838540 (241735) main____ INFO      file size     : unlimited
2025-11-17 18:07:20.838546 (241735) main____ INFO    ----------------------------------------
2025-11-17 18:07:20.838553 (241735) main____ INFO    Memory statistics:
2025-11-17 18:07:20.838563 (241735) main____ INFO      total physical memory  : 527831204 kB
2025-11-17 18:07:20.838571 (241735) main____ INFO      free physical memory   : 1395640 kB
2025-11-17 18:07:20.838579 (241735) main____ INFO      committed address space: 722506044 kB
2025-11-17 18:07:20.838586 (241735) main____ INFO    ----------------------------------------
2025-11-17 18:07:20.840267 (241735) main____ INFO    Important environment variables:
2025-11-17 18:07:20.840298 (241735) main____ INFO      CDS_ASSURA         : '/eda/cadence/2023-24/RHELx86/ASSURA_04.16.115_231'
2025-11-17 18:07:20.840310 (241735) main____ INFO      CDS_AUTO_64BIT     : 'ALL'
2025-11-17 18:07:20.840322 (241735) main____ INFO      CDS_CONFRML        : '/eda/cadence/2023-24/RHELx86/CONFRML_23.10.300'
2025-11-17 18:07:20.840333 (241735) main____ INFO      CDS_DDIEXPORT      : '/eda/cadence/2023-24/RHELx86/DDIEXPORT_22.33.000'
2025-11-17 18:07:20.840345 (241735) main____ INFO      CDS_EMX            : '/eda/cadence/2023-24/RHELx86/EMX_23.10.000'
2025-11-17 18:07:20.840357 (241735) main____ INFO      CDS_GENUS          : '/eda/cadence/2023-24/RHELx86/DDIEXPORT_22.33.000/GENUS221'
2025-11-17 18:07:20.840368 (241735) main____ INFO      CDS_IC             : '/eda/cadence/2023-24/RHELx86/IC_23.10.020'
2025-11-17 18:07:20.840380 (241735) main____ INFO      CDS_INNOVUS        : '/eda/cadence/2023-24/RHELx86/DDIEXPORT_22.33.000/INNOVUS221'
2025-11-17 18:07:20.840391 (241735) main____ INFO      CDS_JLS            : '/eda/cadence/2023-24/RHELx86/DDIEXPORT_22.33.000/JLS221'
2025-11-17 18:07:20.840408 (241735) main____ INFO      CDS_LIC_FILE       : '/etc/local/cadence/license_8x.3868dd0560aa:5280@132.68.59.69:/etc/local/cadence/license_8x.1831bfb82c67:5280@132.68.59.64:/etc/local/cadence/license_8x.0894ef683fc3:5280@132.68.59.79:/etc/local/cadence/license_8x.1831bfb82c67:5280@132.68.59.61'
2025-11-17 18:07:20.840430 (241735) main____ INFO      CDS_LITMUS         : '/eda/cadence/2023-24/RHELx86/LITMUS_23.10.300'
2025-11-17 18:07:20.840442 (241735) main____ INFO      CDS_MODUS          : '/eda/cadence/2023-24/RHELx86/MODUS_22.12.000'
2025-11-17 18:07:20.840453 (241735) main____ INFO      CDS_MVS            : '/eda/cadence/2023-24/RHELx86/MVS_21.12.000'
2025-11-17 18:07:20.840467 (241735) main____ INFO      CDS_Netlisting_Mode: 'Analog'
2025-11-17 18:07:20.840478 (241735) main____ INFO      CDS_PEGASUS        : '/eda/cadence/2023-24/RHELx86/PEGASUS_23.11.000'
2025-11-17 18:07:20.840490 (241735) main____ INFO      CDS_PEGASUSDFM     : '/eda/cadence/2023-24/RHELx86/PEGASUSDFM_23.11.000'
2025-11-17 18:07:20.840500 (241735) main____ INFO      CDS_PVS            : '/eda/cadence/2023-24/RHELx86/PVS_22.22.000'
2025-11-17 18:07:20.840511 (241735) main____ INFO      CDS_QUANTUS        : '/eda/cadence/2023-24/RHELx86/QUANTUS_23.10.000'
2025-11-17 18:07:20.840522 (241735) main____ INFO      CDS_SPECTRE        : '/eda/cadence/2023-24/RHELx86/SPECTRE_23.10.242'
2025-11-17 18:07:20.840532 (241735) main____ INFO      CDS_SSV            : '/eda/cadence/2023-24/RHELx86/SSV_22.13.000'
2025-11-17 18:07:20.840540 (241735) main____ INFO      CDS_USE_PALETTE    : ''
2025-11-17 18:07:20.840551 (241735) main____ INFO      CDS_VERISIUMDEBUG  : '/eda/cadence/2023-24/RHELx86/VERISIUMDEBUG_23.03.001'
2025-11-17 18:07:20.840562 (241735) main____ INFO      CDS_VIPCAT         : '/eda/cadence/2023-24/RHELx86/VIPCAT_11.30.093'
2025-11-17 18:07:20.840574 (241735) main____ INFO      CDS_VMANAGER       : '/eda/cadence/2023-24/RHELx86/VMANAGER_23.03.004'
2025-11-17 18:07:20.840585 (241735) main____ INFO      CDS_XCELIUM        : '/eda/cadence/2023-24/RHELx86/XCELIUM_23.03.007'
2025-11-17 18:07:20.840596 (241735) main____ INFO      DISPLAY            : 'localhost:10.0'
2025-11-17 18:07:20.840605 (241735) main____ INFO      JASPER_CPU_CHECK   : '1'
2025-11-17 18:07:20.840615 (241735) main____ INFO      JASPER_INSTALL_DIR : '/tools/cadence2425/JASPER/jasper_2024.06p002'
2025-11-17 18:07:20.840625 (241735) main____ INFO      JASPER_KERNEL_CHECK: '1'
2025-11-17 18:07:20.840634 (241735) main____ INFO      JASPER_OS_CHECK    : '1'
2025-11-17 18:07:20.840643 (241735) main____ INFO      LANG               : 'C'
2025-11-17 18:07:20.840653 (241735) main____ INFO      TMPDIR             : '/tmp'
2025-11-17 18:07:20.840660 (241735) main____ INFO    ----------------------------------------
2025-11-17 18:07:20.841871 (241735) lic_core INFO    Initializing license system ...
2025-11-17 18:07:20.855083 (241735) lic_core INFO    ... license system initialized.
2025-11-17 18:07:20.868513 (241735) lic__man INFO    Claim 'fpv' for <ui>.
2025-11-17 18:07:20.868634 (241735) lic_core INFO    (1) checking out 'jasper_fpv' ...
2025-11-17 18:07:20.966635 (241735) lic_core INFO    ... (1) checkout failed (error: -5) ("FLEXnet ERROR(-5, 0, 0): No such feature exists.")
2025-11-17 18:07:20.966721 (241735) lic_core INFO    (2) checking out 'jasper_fao' ...
2025-11-17 18:07:20.987382 (241735) lic_core INFO    ... (2) checkout succeeded
2025-11-17 18:07:21.280901 (241735) session_ INFO    Starting analysis session with session id 'session_0' (launcher: <local>) ...
2025-11-17 18:07:21.282766 (241735) session_ INFO    Analysis session with session id 'session_0' started (pid: 241754)
2025-11-17 18:07:23.355420 (241735) session_ INFO    Analysis session 'session_0' connected to the console (host: 127.0.0.1:54596)
2025-11-17 18:07:24.516571 (241735) lic__man INFO    Unclaim everything for 'session_0'.
2025-11-17 18:07:24.569729 (241735) lic__man INFO    Claim 'fpv' for 'session_0'.
2025-11-17 18:07:24.569800 (241735) lic__man INFO    Claim 'fpv' for 'session_0/prove-0'.
2025-11-17 18:10:31.220770 (241735) lic__man INFO    Unclaim everything for 'session_0/prove-0'.
2025-11-17 18:10:31.364850 (241735) main____ INFO    About to exit: request to exit with status 0 received from analysis session 'session_0'
2025-11-17 18:10:33.388000 (241735) session_ INFO    Analysis session 'session_0' disconnected.
2025-11-17 18:10:33.773039 (241735) lic_core INFO    (2) checkin jasper_fao
2025-11-17 18:10:33.941143 (241735) main____ INFO    Exiting with status 0.
