2025-11-26 23:01:54.579030 (6732) main____ INFO    ----------------------------------------
2025-11-26 23:01:54.579070 (6732) main____ INFO    Jasper version info
2025-11-26 23:01:54.579075 (6732) main____ INFO      tool      : Jasper 2024.06
2025-11-26 23:01:54.579079 (6732) main____ INFO      version   : 2024.06p002 64 bits
2025-11-26 23:01:54.579082 (6732) main____ INFO      build date: 2024.09.02 16:28:38 UTC
2025-11-26 23:01:54.579084 (6732) main____ INFO    ----------------------------------------
2025-11-26 23:01:54.579085 (6732) main____ INFO    Runtime info:
2025-11-26 23:01:54.579088 (6732) main____ INFO      platform  : Linux 3.10.0-1160.62.1.el7.x86_64 x86_64
2025-11-26 23:01:54.579094 (6732) main____ INFO      hostname  : vlsi-ria85
2025-11-26 23:01:54.579097 (6732) main____ INFO      pid       : 6732
2025-11-26 23:01:54.579100 (6732) main____ INFO      arguments : '-style' 'windows' '-proj' '../jgprojects/1_blink_12' '-batch' '1_blink_12.tcl'
2025-11-26 23:01:54.579103 (6732) main____ INFO      locale    : ANSI_X3.4-1968
2025-11-26 23:01:54.579105 (6732) main____ INFO    ----------------------------------------
2025-11-26 23:01:54.579107 (6732) main____ INFO    System resource limits info:
2025-11-26 23:01:54.579109 (6732) main____ INFO      virtual memory: unlimited
2025-11-26 23:01:54.579114 (6732) main____ INFO      cpu time      : unlimited
2025-11-26 23:01:54.579118 (6732) main____ INFO      processes     : 4096
2025-11-26 23:01:54.579124 (6732) main____ INFO      stack size    : 8388608 B
2025-11-26 23:01:54.579128 (6732) main____ INFO      core file size: 1024 B
2025-11-26 23:01:54.579130 (6732) main____ INFO      open files    : 4096
2025-11-26 23:01:54.579133 (6732) main____ INFO      file size     : unlimited
2025-11-26 23:01:54.579135 (6732) main____ INFO    ----------------------------------------
2025-11-26 23:01:54.579136 (6732) main____ INFO    Memory statistics:
2025-11-26 23:01:54.579139 (6732) main____ INFO      total physical memory  : 65714912 kB
2025-11-26 23:01:54.579142 (6732) main____ INFO      free physical memory   : 27879748 kB
2025-11-26 23:01:54.579144 (6732) main____ INFO      committed address space: 65586192 kB
2025-11-26 23:01:54.579145 (6732) main____ INFO    ----------------------------------------
2025-11-26 23:01:54.579680 (6732) main____ INFO    Important environment variables:
2025-11-26 23:01:54.579691 (6732) main____ INFO      CDS_ASSURA         : '/eda/cadence/2023-24/RHELx86/ASSURA_04.16.115_231'
2025-11-26 23:01:54.579699 (6732) main____ INFO      CDS_AUTO_64BIT     : 'ALL'
2025-11-26 23:01:54.579703 (6732) main____ INFO      CDS_CONFRML        : '/eda/cadence/2023-24/RHELx86/CONFRML_23.10.300'
2025-11-26 23:01:54.579706 (6732) main____ INFO      CDS_DDIEXPORT      : '/eda/cadence/2023-24/RHELx86/DDIEXPORT_22.33.000'
2025-11-26 23:01:54.579709 (6732) main____ INFO      CDS_EMX            : '/eda/cadence/2023-24/RHELx86/EMX_23.10.000'
2025-11-26 23:01:54.579712 (6732) main____ INFO      CDS_GENUS          : '/eda/cadence/2023-24/RHELx86/DDIEXPORT_22.33.000/GENUS221'
2025-11-26 23:01:54.579716 (6732) main____ INFO      CDS_IC             : '/eda/cadence/2023-24/RHELx86/IC_23.10.020'
2025-11-26 23:01:54.579719 (6732) main____ INFO      CDS_INNOVUS        : '/eda/cadence/2023-24/RHELx86/DDIEXPORT_22.33.000/INNOVUS221'
2025-11-26 23:01:54.579722 (6732) main____ INFO      CDS_JLS            : '/eda/cadence/2023-24/RHELx86/DDIEXPORT_22.33.000/JLS221'
2025-11-26 23:01:54.579727 (6732) main____ INFO      CDS_LIC_FILE       : '/etc/local/cadence/license_8x.3868dd0560aa:5280@132.68.59.69:/etc/local/cadence/license_8x.1831bfb82c67:5280@132.68.59.64:/etc/local/cadence/license_8x.0894ef683fc3:5280@132.68.59.79:/etc/local/cadence/license_8x.1831bfb82c67:5280@132.68.59.61'
2025-11-26 23:01:54.579731 (6732) main____ INFO      CDS_LITMUS         : '/eda/cadence/2023-24/RHELx86/LITMUS_23.10.300'
2025-11-26 23:01:54.579734 (6732) main____ INFO      CDS_MODUS          : '/eda/cadence/2023-24/RHELx86/MODUS_22.12.000'
2025-11-26 23:01:54.579737 (6732) main____ INFO      CDS_MVS            : '/eda/cadence/2023-24/RHELx86/MVS_21.12.000'
2025-11-26 23:01:54.579742 (6732) main____ INFO      CDS_Netlisting_Mode: 'Analog'
2025-11-26 23:01:54.579745 (6732) main____ INFO      CDS_PEGASUS        : '/eda/cadence/2023-24/RHELx86/PEGASUS_23.11.000'
2025-11-26 23:01:54.579748 (6732) main____ INFO      CDS_PEGASUSDFM     : '/eda/cadence/2023-24/RHELx86/PEGASUSDFM_23.11.000'
2025-11-26 23:01:54.579752 (6732) main____ INFO      CDS_PVS            : '/eda/cadence/2023-24/RHELx86/PVS_22.22.000'
2025-11-26 23:01:54.579755 (6732) main____ INFO      CDS_QUANTUS        : '/eda/cadence/2023-24/RHELx86/QUANTUS_23.10.000'
2025-11-26 23:01:54.579758 (6732) main____ INFO      CDS_SPECTRE        : '/eda/cadence/2023-24/RHELx86/SPECTRE_23.10.242'
2025-11-26 23:01:54.579761 (6732) main____ INFO      CDS_SSV            : '/eda/cadence/2023-24/RHELx86/SSV_22.13.000'
2025-11-26 23:01:54.579764 (6732) main____ INFO      CDS_USE_PALETTE    : ''
2025-11-26 23:01:54.579767 (6732) main____ INFO      CDS_VERISIUMDEBUG  : '/eda/cadence/2023-24/RHELx86/VERISIUMDEBUG_23.03.001'
2025-11-26 23:01:54.579770 (6732) main____ INFO      CDS_VIPCAT         : '/eda/cadence/2023-24/RHELx86/VIPCAT_11.30.093'
2025-11-26 23:01:54.579773 (6732) main____ INFO      CDS_VMANAGER       : '/eda/cadence/2023-24/RHELx86/VMANAGER_23.03.004'
2025-11-26 23:01:54.579776 (6732) main____ INFO      CDS_XCELIUM        : '/eda/cadence/2023-24/RHELx86/XCELIUM_23.03.007'
2025-11-26 23:01:54.579779 (6732) main____ INFO      DISPLAY            : 'localhost:18.0'
2025-11-26 23:01:54.579782 (6732) main____ INFO      JASPER_CPU_CHECK   : '1'
2025-11-26 23:01:54.579785 (6732) main____ INFO      JASPER_INSTALL_DIR : '/tools/cadence2425/JASPER/jasper_2024.06p002'
2025-11-26 23:01:54.579788 (6732) main____ INFO      JASPER_KERNEL_CHECK: '1'
2025-11-26 23:01:54.579790 (6732) main____ INFO      JASPER_OS_CHECK    : '1'
2025-11-26 23:01:54.579793 (6732) main____ INFO      LANG               : 'C'
2025-11-26 23:01:54.579796 (6732) main____ INFO      TMPDIR             : '/tmp'
2025-11-26 23:01:54.579797 (6732) main____ INFO    ----------------------------------------
2025-11-26 23:01:54.580191 (6732) lic_core INFO    Initializing license system ...
2025-11-26 23:01:54.583960 (6732) lic_core INFO    ... license system initialized.
2025-11-26 23:01:54.591262 (6732) lic__man INFO    Claim 'fpv' for <ui>.
2025-11-26 23:01:54.591307 (6732) lic_core INFO    (1) checking out 'jasper_fpv' ...
2025-11-26 23:01:54.604715 (6732) lic_core INFO    ... (1) checkout failed (error: -5) ("FLEXnet ERROR(-5, 0, 0): No such feature exists.")
2025-11-26 23:01:54.604731 (6732) lic_core INFO    (2) checking out 'jasper_fao' ...
2025-11-26 23:01:54.613143 (6732) lic_core INFO    ... (2) checkout succeeded
2025-11-26 23:01:54.636887 (6732) session_ INFO    Starting analysis session with session id 'session_0' (launcher: <local>) ...
2025-11-26 23:01:54.637553 (6732) session_ INFO    Analysis session with session id 'session_0' started (pid: 6774)
2025-11-26 23:01:55.207668 (6732) session_ INFO    Analysis session 'session_0' connected to the console (host: 127.0.0.1:43706)
2025-11-26 23:01:55.620653 (6732) lic__man INFO    Unclaim everything for 'session_0'.
2025-11-26 23:01:55.662601 (6732) lic__man INFO    Claim 'fpv' for 'session_0'.
2025-11-26 23:01:55.662620 (6732) lic__man INFO    Claim 'fpv' for 'session_0/prove-0'.
2025-11-26 23:05:04.134419 (6732) lic__man INFO    Unclaim everything for 'session_0/prove-0'.
2025-11-26 23:05:04.136596 (6732) main____ INFO    About to exit: request to exit with status 0 received from analysis session 'session_0'
2025-11-26 23:05:04.189990 (6732) session_ INFO    Analysis session 'session_0' disconnected.
2025-11-26 23:05:04.190052 (6732) lic__man INFO    Unclaim everything for 'session_0'.
2025-11-26 23:05:04.190132 (6732) session_ INFO    Process for analysis session 'session_0' has exited with exit status '0'.
2025-11-26 23:05:06.238288 (6732) lic_core INFO    (2) checkin jasper_fao
2025-11-26 23:05:06.239505 (6732) main____ INFO    Exiting with status 0.
