# ----------------------------------------
# Jasper Version Info
# tool      : Jasper 2024.06
# platform  : Linux 3.10.0-1160.62.1.el7.x86_64
# version   : 2024.06p002 64 bits
# build date: 2024.09.02 16:28:38 UTC
# ----------------------------------------
# started   : 2025-11-20 02:08:55 IST
# hostname  : vlsi-ria85.vlsidomain
# pid       : 18514
# arguments : '-label' 'session_0' '-console' '//127.0.0.1:42279' '-nowindow' '-style' 'windows' '-exitonerror' '-data' 'AAAA0nicY2RgYLCp////PwMYMD6A0Aw2jAyoAMRnQhUJbEChGRhYYZphSliAmItBl6GAoYghnyELyNMDQ30gOx0umsqQzFDCUAwUNWKIZ0gB8nMYEhkqgWxjoA4eoP4kIL8EqCoDyJfCokoPLJsDthMAxJoYAw==' '-proj' '/users/rompel/jasper_executions/liveness/jgprojects/2_delay_3/sessionLogs/session_0' '-init' '-hidden' '/users/rompel/jasper_executions/liveness/jgprojects/2_delay_3/.tmp/.initCmds.tcl' '2_delay_3.tcl' '-hidden' '/users/rompel/jasper_executions/liveness/jgprojects/2_delay_3/.tmp/.postCmds.tcl'

Any disclosure about the Cadence Design Systems software or its use
model to any third party violates the written Non-Disclosure Agreement
between Cadence Design Systems, Inc. and the customer.

THIS SOFTWARE CONTAINS CONFIDENTIAL INFORMATION AND TRADE SECRETS OF
CADENCE DESIGN SYSTEMS, INC. USE, DISCLOSURE, OR REPRODUCTION IS
PROHIBITED WITHOUT THE PRIOR EXPRESS WRITTEN PERMISSION OF CADENCE
DESIGN SYSTEMS, INC.

Copyright (C) 2000-2024 Cadence Design Systems, Inc. All Rights
Reserved.  Unpublished -- rights reserved under the copyright laws of
the United States.

This product includes software developed by others and redistributed
according to license agreement. See doc/third_party_readme.txt for
further details.

RESTRICTED RIGHTS LEGEND

Use, duplication, or disclosure by the Government is subject to
restrictions as set forth in subparagraph (c) (1) (ii) of the Rights in
Technical Data and Computer Software clause at DFARS 252.227-7013 or
subparagraphs (c) (1) and (2) of Commercial Computer Software -- Restricted
Rights at 48 CFR 52.227-19, as applicable.


                          Cadence Design Systems, Inc.
                          2655 Seely Avenue
                          San Jose, CA 95134
                          Phone: 408.943.1234

For technical assistance visit http://support.cadence.com.

Jasper Apps Analysis Session - /users/rompel/jasper_executions/liveness/jgprojects/2_delay_3/sessionLogs/session_0

WARNING (WG017): [session]: The system's locale is "ANSI_X3.4-1968", which is not UTF-8. Non-ASCII characters might not be handled correctly.
WARNING (WG017): [jg_console]: The system's locale is "ANSI_X3.4-1968", which is not UTF-8. Non-ASCII characters might not be handled correctly.
INFO: successfully checked out license "jasper_fao".
INFO: reading configuration file "/users/rompel/.config/cadence/jasper.conf".
% analyze -sv09 ../2_delay_3.sv
[-- (VERI-1482)] Analyzing Verilog file '/tools/cadence2425/JASPER/jasper_2024.06p002/lib/verilog/packages/std/std.sv' into library 'std'
[-- (VERI-1482)] Analyzing Verilog file '../2_delay_3.sv'
% elaborate -bbox_mul 1000000 -bbox_div 1000000 -bbox_mod 1000000 -bbox_a 1000000
[INFO (HIER-8002)] ../2_delay_3.sv(13): Disabling old hierarchical reference handler
[INFO (VERI-1018)] ../2_delay_3.sv(1): compiling module 'DELAY'
[WARN (VERI-1209)] ../2_delay_3.sv(10): expression size 32 truncated to fit in target size 12
INFO (ISW003): Top module name is "DELAY".
INFO (INL208): Elaboration synthesis summary:
  Number of synthesized netlists          1 (0 packages)
  Single run mode                         On
  Pipeline                                On (1 pipelined netlists)
  Late hierarchical reference connection  On
  Number of analyzed Verilog modules      1 (1 synthesized)
  Number of analyzed VHDL entities        0 (0 synthesized)
INFO (INL003): Clearing all state information (assumes, stopats, and so forth).
DELAY
[<embedded>] % reset rst
INFO (IPM031): Clearing proof results of all properties.
INFO (IRS006): Current reset condition is "rst".
[<embedded>] % clock clk
[<embedded>] % prove -all
Ncustom1: Custom engine code is hT3Ng7hPPfiYQOTDZ3qhYOwGAM51eA+J/FjkM5shLioAsqhgLR4Ft+O1BuKG6ilQ83B9tLXSl+CwjiTMAQA
Bcustom2: Custom engine code is hT3Nm7hPr1Vp3Di1Ra2USNIGL4JypRnLKLAdF6JAyuavO2JfGCiY9OZJhcAcOUnLx5xwNdhILGrAWX9s+z2WDkKwNR7tAfClBEjRFVQeq6DU54boFgEA
AMcustom3: Custom engine code is hT3Ng7hP/feYQOTDZ3qhYOwGAM51eA+J/FjkM5shLioAsqhgLR4Ft+O1BuKG6ilQ83B9tLXSmmqwm7g9AQA
Mpcustom4: Custom engine code is hT3NZbhP9fmY2AbBQnsjfOxn6c+6e6yL+/e8fZFmaQrnlgEA
INFO (IPF036): Starting proof on task: "<embedded>", 2 properties to prove with 0 already proven/unreachable
INFO (IRS029): Starting reset analysis: phase 1 of 4.
INFO (IRS030): Running reset analysis: phase 2 of 4.
INFO (IRS031): Running reset analysis: phase 3 of 4.
INFO (IRS020): Starting the reset analysis simulation with a limit of 100 iterations (phase 4 of 4).
INFO (IRS024): Reset iterations 0 to 4 analyzed.
INFO (IRS018): Reset analysis simulation executed for 3 iterations. Assigned values for 12 of 12 design flops, 0 of 0 design latches, 6 of 6 internal elements.
INFO (IRS039): Reset analysis complete.
INFO (IPF031): Settings used for proof thread 0:
    orchestration                 = on
    time_limit                    = 86400s
    per_property_time_limit       = 1s * 10 ^ scan
    engine_mode                   = auto
    proofgrid_per_engine_max_jobs = 1
    max engine jobs               = auto
    proofgrid_mode                = local
    proofgrid_restarts            = 10
AMcustom5: Custom engine code is hT3N1rhP11/52HrFRS21ROp2LOjVTgPvT8L8BGXHgLhaIuqtT4nARFjUqrBL+7pLmaTOzBepZW/Jm8SSrHDybSQtoNiO3y43wk+dEoWlsZizu97Fih6O6lPVG/LpWP5SsUPwlGagLNa1FKEFvwVXyX7//8prySbvSxIHXr5er+z4RAEA
0: Using multistage preprocessing
0: Starting reduce
Ncustom6: Custom engine code is hT3OXrhPByJp3TrFSTLhUmMH4KVtJgmTCnNDF46yMXOKY48m4LS5nE7yBzFjA7kDuwO/GhGUpEPiky3p3wmPn3dJZHxFMsafSoObRzSC+tn7sEY0WbTdZ/FV4hL3MYH/b1CIUvXSWR4wqEoVLsmMOD4xIPT4lI1LO6ZCO7PnnWQuLwetnvKlrXx6wCW/A+x+enqslg1YPobi4wEF/EvbzOvcTYdJvl2s4H2yZg2b2ofAVN5WvhWk1HoBAA
ADcustom7: Custom engine code is hT3Nv7hPv1752HrFRa2kROx2f/ECJeZB2AZsLdlO8VwmIuqtT4nIDFXclhg+O+o+DMmQCekbheGk0kK28laA9gaOFDXsQp29J3X615HY1IPHJWd6FUFvCHjO+p1k652b5JJvZlShNpGlGSXAiQe/mEAj6tEBAA
Tricustom8: Custom engine code is hT3Nu7hPt1752DvFRa0kNDiyIV97VyejwM9C/jCLJjdPvusZONHY42VYUy0Q1ZotnhcVtNc56tJ5wbxv6V2+XpdsaSlHck5vfnbYjdwj1OECy9U+7oSQ0SZE3g5ayD+Phuh4odCJTjeKa2k4elM9ldQfkAEA
Gcustom9: Custom engine code is hT3NibhPDfeYQADBZnYcglOvK9Pfd7EOeniIqP8jNsyIqInncipMGcUXqAadachREE9F2PwhBUZUNw5kHnd4JdXkamORRgEA
C2custom10: Custom engine code is hT3NirhPjfWYQADBZnYcglOvK9Pfd7EOeniIqP8jNsyIqInncgkrYMMXCYbdK0dUjZIF9d4cJ0rHoBDjwVLBKuG86XYVV00BAA
AGcustom11: Custom engine code is hT3NirhP/fmYQADBZnYcglOvK9Pfd7EOeniIqP8jNsyIqInnckcwYMMXCYbdK0dUjZIF9d4cJ0rHoBDjwVLBKuHEZnZByh0BAA
Bcustom12: Custom engine code is hT3NjrhPDfiYQADBZnYcglOvK9PfWxFtenjIyBqfrgr7if/jL/yPOuK1BAflEcW0DxNH2eDIoezN2gxlQFg81RZtiWXh7aiTAidvAQA
Ncustom13: Custom engine code is hT3NR7hPByFp3TrFSTLhUmMH4KWtJglTyV/c51BHEeZWamnJv767nE6PCak26bd3gf3XGN3rIRheufhDieCJQVISo+gNYUKhiUedBKGtsP/a18svAnlMJZudHxDFwK5ufsyoxsIyiAeSY2oi3tEuoDHr5gw42DFKAG3PqO3CEsl8Azzdt3pl5nGA1Ifv2H02eYsFzWb/nfp8PMb3F0krE/EgBcm8TD9Div8BAA
0: Finished reduce in 0s
Tricustom14: Custom engine code is hT3Nu7hP3fiYQADBZnYcglNHp9bfd7EOeniIqP/ji8sGLQu8yhsFO+wxJ+O+R0bU8g/IewXFomyos+viQnWc2xYNYmMqpo3i40O7DaZR7qfp4YqNx26KRvQ/qx0BAA
0.0.PRE: Performing Proof Simplification...
0.0.N: clocks: 1, declared: 1, looping: 0, posedge: 1, negedge: 0, noedge: 0, bothedge: 0
0.0.N: Proof Simplification Iteration 1	[0.00 s]
0.0.PRE: A trace with 1 cycles was found. [0.00 s]
INFO (IPF047): 0.0.PRE: The cover property "DELAY.p1:precondition1" was covered in 1 cycles in 0.00 s.
0.0.N: Proof Simplification Iteration 2	[0.05 s]
0.0.PRE: A proof was found: No trace exists. [0.00 s]
INFO (IPF057): 0.0.PRE: The property ":noDeadEnd" was proven in 0.00 s.
    Use check_assumptions -show -dead_end to show this property in the property table.
0.0.PRE: A proof was found: No trace exists. [0.00 s]
INFO (IPF057): 0.0.PRE: The property ":noConflict" was proven in 0.00 s.
    Use check_assumptions -show to show this property in the property table.
INFO (IPF047): 0.0.PRE: The cover property ":live" was covered in 1 cycles in 0.00 s.
    Use check_assumptions -show -live to show this property in the property table.
0.0.PRE: Proof Simplification completed in 0.06 s
0: About to start ProofGrid in its own thread with a limit of 10000 pending notifications and a limit of 10 traces.
0: =============================== ProofGrid start ===============================
0: ProofGrid usable level: 1
0: Initial ProofGrid level: 1
0: ProofGrid is starting event handling
0.0.Hp: Proofgrid shell started at 18707@vlsi-ria85(local) jg_18514_vlsi-ria85_1
0.0.N: Proofgrid shell started at 18706@vlsi-ria85(local) jg_18514_vlsi-ria85_1
0.0.N: clocks: 1, declared: 1, looping: 0, posedge: 1, negedge: 0, noedge: 0, bothedge: 0
0.0.N: Last scan. Per property time limit: 0s
0.0.N: Starting proof for property "DELAY.p1"	[0.00 s].
0.0.N: Trace Attempt  1	[0.00 s]
0.0.N: Trace Attempt  2	[0.00 s]
0.0.N: Trace Attempt  2	[0.00 s]
0.0.N: Trace Attempt  3	[0.00 s]
0.0.N: Trace Attempt  4	[0.00 s]
0.0.N: Trace Attempt  4	[0.00 s]
0.0.N: Trace Attempt  5	[0.00 s]
0.0.Hp: clocks: 1, declared: 1, looping: 0, posedge: 1, negedge: 0, noedge: 0, bothedge: 0
0.0.Hp: Last scan. Per property time limit: 0s
0.0.Hp: Trace Attempt  1	[0.00 s]
0.0.Hp: Trace Attempt  2	[0.00 s]
0.0.Hp: Trace Attempt  3	[0.00 s]
0.0.Hp: Trace Attempt  4	[0.00 s]
0.0.Hp: Trace Attempt  5	[0.00 s]
0.0.N: Trace Attempt  1	[0.01 s]
0.0.N: Trace Attempt  2	[0.01 s]
0.0.N: Trace Attempt  3	[0.01 s]
0.0.N: Trace Attempt  4	[0.01 s]
0.0.N: Trace Attempt  5	[0.01 s]
0.0.Bm: Proofgrid shell started at 18761@vlsi-ria85(local) jg_18514_vlsi-ria85_1
0.0.L: Proofgrid shell started at 18764@vlsi-ria85(local) jg_18514_vlsi-ria85_1
0.0.Ht: Proofgrid shell started at 18760@vlsi-ria85(local) jg_18514_vlsi-ria85_1
0.0.Oh: Proofgrid shell started at 18763@vlsi-ria85(local) jg_18514_vlsi-ria85_1
0.0.L: clocks: 1, declared: 1, looping: 0, posedge: 1, negedge: 0, noedge: 0, bothedge: 0
0.0.L: Using trace diversification with seed 1 (0.05)
0.0.L: Using LRU state removal heuristic
0.0.L: Ignoring liveness properties
0.0.L: All properties either determined or skipped. [0.00 s]
0.0.L: Exited with Success (@ 0.05 s)
0.0.L: Completed, Restart ignored.
0.0.Bm: clocks: 1, declared: 1, looping: 0, posedge: 1, negedge: 0, noedge: 0, bothedge: 0
0.0.Bm: Ignoring liveness properties
0.0.Bm: Last scan. Per property time limit: 0s
0.0.Bm: Trace Attempt  1	[0.00 s]
0.0.Bm: Trace Attempt  2	[0.00 s]
0.0.Bm: Trace Attempt  3	[0.00 s]
0.0.Bm: Trace Attempt  4	[0.00 s]
0.0.Bm: Trace Attempt  5	[0.00 s]
0.0.Oh: clocks: 1, declared: 1, looping: 0, posedge: 1, negedge: 0, noedge: 0, bothedge: 0
0.0.Oh: Reached length limit (2147483647) [0.00 s]
0.0.B: Proofgrid shell started at 18783@vlsi-ria85(local) jg_18514_vlsi-ria85_1
0.0.AM: Proofgrid shell started at 18799@vlsi-ria85(local) jg_18514_vlsi-ria85_1
0.0.Oh: Exited with Success (@ 0.06 s)
0.0.Oh: Completed, Restart ignored.
0.0.Ht: clocks: 1, declared: 1, looping: 0, posedge: 1, negedge: 0, noedge: 0, bothedge: 0
0.0.Ht: Last scan. Per property time limit: 0s
0.0.Ht: Trace Attempt  1	[0.00 s]
0.0.Ht: Trace Attempt  2	[0.00 s]
0.0.Ht: Trace Attempt  3	[0.00 s]
0.0.Ht: Trace Attempt  4	[0.00 s]
0.0.Ht: Trace Attempt  5	[0.00 s]
0.0.B: clocks: 1, declared: 1, looping: 0, posedge: 1, negedge: 0, noedge: 0, bothedge: 0
0.0.B: Last scan. Per property time limit: 0s
0.0.B: Starting proof for property "DELAY.p1"	[0.00 s].
0.0.B: Trace Attempt  1	[0.00 s]
0.0.B: Trace Attempt  2	[0.00 s]
0.0.B: Trace Attempt  3	[0.00 s]
0.0.B: Trace Attempt  4	[0.00 s]
0.0.B: Trace Attempt  5	[0.00 s]
0.0.AM: clocks: 1, declared: 1, looping: 0, posedge: 1, negedge: 0, noedge: 0, bothedge: 0
0.0.AM: Last scan. Per property time limit: 0s
0.0.AM: Starting proof for property "DELAY.p1"	[0.00 s].
0.0.AM: Trace Attempt  1	[0.00 s]
0.0.AM: Trace Attempt  2	[0.00 s]
0.0.AM: Trace Attempt  3	[0.00 s]
0.0.AM: Trace Attempt  4	[0.00 s]
0.0.AM: Trace Attempt  5	[0.00 s]
0.0.AM: Trace Attempt  1	[0.00 s]
0.0.AM: Trace Attempt  2	[0.00 s]
0.0.AM: Trace Attempt  3	[0.00 s]
0.0.AM: Trace Attempt  4	[0.00 s]
0.0.AM: Trace Attempt  5	[0.00 s]
0.0.AM: Trace Attempt  1	[0.01 s]
0.0.AM: Trace Attempt  2	[0.01 s]
0.0.AM: Trace Attempt  3	[0.01 s]
0.0.AM: Trace Attempt  4	[0.01 s]
0.0.AM: Trace Attempt  5	[0.01 s]
0.0.N: Trace Attempt  1	[0.09 s]
0.0.N: Trace Attempt  2	[0.09 s]
0.0.N: Trace Attempt  3	[0.09 s]
0.0.N: Trace Attempt  4	[0.09 s]
0.0.N: Trace Attempt  5	[0.09 s]
0.0.AM: Trace Attempt  1	[0.03 s]
0.0.AM: Trace Attempt  2	[0.03 s]
0.0.AM: Trace Attempt  3	[0.03 s]
0.0.AM: Trace Attempt  4	[0.03 s]
0.0.AM: Trace Attempt  5	[0.04 s]
0.0.Mpcustom4: Proofgrid shell started at 18762@vlsi-ria85(local) jg_18514_vlsi-ria85_1
0.0.Mpcustom4: clocks: 1, declared: 1, looping: 0, posedge: 1, negedge: 0, noedge: 0, bothedge: 0
0.0.Mpcustom4: Ignoring liveness properties
0.0.Mpcustom4: All properties either determined or skipped. [0.00 s]
0.0.Mpcustom4: Exited with Success (@ 0.15 s)
0.0.Mpcustom4: Completed, Restart ignored.
0.0.AM: Trace Attempt  1	[0.11 s]
0.0.AM: Trace Attempt  2	[0.11 s]
0.0.AM: Trace Attempt  3	[0.11 s]
0.0.AM: Trace Attempt  4	[0.11 s]
0.0.AM: Trace Attempt  5	[0.11 s]
0.0.N: Trace Attempt  1	[0.41 s]
0.0.N: Trace Attempt  2	[0.41 s]
0.0.N: Trace Attempt  3	[0.41 s]
0.0.N: Trace Attempt  4	[0.41 s]
0.0.N: Trace Attempt  5	[0.41 s]
0.0.AM: Trace Attempt  1	[0.37 s]
0.0.AM: Trace Attempt  2	[0.37 s]
0.0.AM: Trace Attempt  3	[0.37 s]
0.0.AM: Trace Attempt  4	[0.37 s]
0.0.AM: Trace Attempt  5	[0.37 s]
0.0.AM: Trace Attempt  1	[1.64 s]
0.0.AM: Trace Attempt  2	[1.64 s]
0.0.AM: Trace Attempt  3	[1.64 s]
0.0.AM: Trace Attempt  4	[1.64 s]
0.0.AM: Trace Attempt  5	[1.64 s]
0.0.N: Trace Attempt  1	[1.79 s]
0.0.N: Trace Attempt  2	[1.79 s]
0.0.N: Trace Attempt  3	[1.79 s]
0.0.N: Trace Attempt  4	[1.79 s]
0.0.N: Trace Attempt  5	[1.79 s]
0.0.N: Trace Attempt  1	[3.18 s]
0.0.N: Trace Attempt  2	[3.18 s]
0.0.N: Trace Attempt  3	[3.18 s]
0.0.N: Trace Attempt  4	[3.18 s]
0.0.N: Trace Attempt  5	[3.18 s]
0.0.Hp: Trace Attempt 589	[4.00 s]
0.0.Bm: Trace Attempt 1667	[4.00 s]
0.0.B: Trace Attempt 1662	[4.00 s]
0.0.Ht: Trace Attempt 1844	[4.00 s]
0.0.N: Trace Attempt  1	[4.60 s]
0.0.N: Trace Attempt  2	[4.60 s]
0.0.N: Trace Attempt  3	[4.60 s]
0.0.N: Trace Attempt  4	[4.60 s]
0.0.N: Trace Attempt  5	[4.60 s]
0.0.AM: Trace Attempt 205	[5.68 s]
0.0.N: Trace Attempt  1	[5.98 s]
0.0.N: Trace Attempt  2	[5.98 s]
0.0.N: Trace Attempt  3	[5.98 s]
0.0.N: Trace Attempt  4	[5.98 s]
0.0.N: Trace Attempt  5	[5.98 s]
0.0.N: Trace Attempt  1	[7.54 s]
0.0.N: Trace Attempt  2	[7.54 s]
0.0.N: Trace Attempt  3	[7.54 s]
0.0.N: Trace Attempt  4	[7.54 s]
0.0.N: Trace Attempt  5	[7.54 s]
0.0.AM: Trace Attempt  1	[7.86 s]
0.0.AM: Trace Attempt  2	[7.86 s]
0.0.AM: Trace Attempt  3	[7.86 s]
0.0.AM: Trace Attempt  4	[7.86 s]
0.0.AM: Trace Attempt  5	[7.86 s]
0.0.Hp: Trace Attempt 715	[8.02 s]
0.0.Bm: Trace Attempt 2295	[8.01 s]
0.0.Ht: Trace Attempt 2490	[8.00 s]
0.0.B: Trace Attempt 2286	[8.01 s]
0.0.N: Trace Attempt  1	[10.71 s]
0.0.N: Trace Attempt  2	[10.72 s]
0.0.N: Trace Attempt  3	[10.72 s]
0.0.N: Trace Attempt  4	[10.72 s]
0.0.N: Trace Attempt  5	[10.72 s]
0.0.AM: Trace Attempt 196	[11.87 s]
0.0.Hp: Trace Attempt 800	[12.03 s]
0.0.Bm: Trace Attempt 2577	[12.01 s]
0.0.B: Trace Attempt 2573	[12.02 s]
0.0.N: Trace Attempt  1	[13.88 s]
0.0.N: Trace Attempt  2	[13.88 s]
0.0.N: Trace Attempt  3	[13.88 s]
0.0.N: Trace Attempt  4	[13.88 s]
0.0.N: Trace Attempt  5	[13.88 s]
0.0.Hp: Trace Attempt 877	[16.07 s]
0.0.Bm: Trace Attempt 2694	[16.03 s]
0.0.B: Trace Attempt 2690	[16.05 s]
0.0.AM: Trace Attempt 255	[16.13 s]
0.0.N: Trace Attempt  1	[17.03 s]
0.0.N: Trace Attempt  2	[17.03 s]
0.0.N: Trace Attempt  3	[17.03 s]
0.0.N: Trace Attempt  4	[17.03 s]
0.0.N: Trace Attempt  5	[17.03 s]
0.0.Ht: Trace Attempt 2505	[17.05 s]
0.0.Bm: Trace Attempt 2816	[20.04 s]
0.0.B: Trace Attempt 2812	[20.05 s]
0.0.Hp: Trace Attempt 952	[20.12 s]
0.0.N: Trace Attempt  1	[20.19 s]
0.0.N: Trace Attempt  2	[20.19 s]
0.0.N: Trace Attempt  3	[20.19 s]
0.0.N: Trace Attempt  4	[20.19 s]
0.0.N: Trace Attempt  5	[20.20 s]
0.0.AM: Trace Attempt 296	[20.14 s]
0.0.Ht: Trace Attempt 2805	[21.05 s]
0.0.N: Trace Attempt  1	[23.38 s]
0.0.N: Trace Attempt  2	[23.38 s]
0.0.N: Trace Attempt  3	[23.39 s]
0.0.N: Trace Attempt  4	[23.39 s]
0.0.N: Trace Attempt  5	[23.39 s]
0.0.Bm: Trace Attempt 2933	[24.07 s]
0.0.B: Trace Attempt 2929	[24.08 s]
0.0.Hp: Trace Attempt 1020	[24.15 s]
0.0.AM: Trace Attempt 341	[24.26 s]
0.0.Ht: Trace Attempt 2973	[25.12 s]
0.0.N: Trace Attempt  1	[26.57 s]
0.0.N: Trace Attempt  2	[26.57 s]
0.0.N: Trace Attempt  3	[26.57 s]
0.0.N: Trace Attempt  4	[26.58 s]
0.0.N: Trace Attempt  5	[26.58 s]
0.0.Bm: Trace Attempt 3045	[28.08 s]
0.0.B: Trace Attempt 3041	[28.09 s]
0.0.Hp: Trace Attempt 1110	[28.17 s]
0.0.AM: Trace Attempt 385	[28.31 s]
0.0.Ht: Trace Attempt 3151	[29.13 s]
0.0.N: Trace Attempt  1	[29.76 s]
0.0.N: Trace Attempt  2	[29.76 s]
0.0.N: Trace Attempt  3	[29.76 s]
0.0.N: Trace Attempt  4	[29.77 s]
0.0.N: Trace Attempt  5	[29.77 s]
0.0.Bm: Trace Attempt 3150	[32.10 s]
0.0.Hp: Trace Attempt 1179	[32.17 s]
0.0.B: Trace Attempt 3147	[32.12 s]
0.0.AM: Trace Attempt 422	[32.48 s]
0.0.N: Trace Attempt  1	[32.97 s]
0.0.N: Trace Attempt  2	[32.97 s]
0.0.N: Trace Attempt  3	[32.97 s]
0.0.N: Trace Attempt  4	[32.97 s]
0.0.N: Trace Attempt  5	[32.97 s]
0.0.Ht: Trace Attempt 3300	[33.16 s]
0.0.N: Trace Attempt  1	[36.14 s]
0.0.N: Trace Attempt  2	[36.14 s]
0.0.N: Trace Attempt  3	[36.14 s]
0.0.N: Trace Attempt  4	[36.14 s]
0.0.N: Trace Attempt  5	[36.14 s]
0.0.Bm: Trace Attempt 3251	[36.12 s]
0.0.Hp: Trace Attempt 1248	[36.19 s]
0.0.B: Trace Attempt 3249	[36.15 s]
0.0.AM: Trace Attempt 461	[36.56 s]
0.0.Ht: Trace Attempt 3442	[37.16 s]
0.0.N: Trace Attempt  1	[39.35 s]
0.0.N: Trace Attempt  2	[39.35 s]
0.0.N: Trace Attempt  3	[39.35 s]
0.0.N: Trace Attempt  4	[39.35 s]
0.0.N: Trace Attempt  5	[39.36 s]
0.0.Bm: Trace Attempt 3346	[40.15 s]
0.0.B: Trace Attempt 3344	[40.16 s]
0.0.Hp: Trace Attempt 1297	[40.22 s]
0.0.AM: Trace Attempt 431	[40.57 s]
0.0.Ht: Trace Attempt 3562	[41.19 s]
0.0.N: Trace Attempt  1	[42.56 s]
0.0.N: Trace Attempt  2	[42.56 s]
0.0.N: Trace Attempt  3	[42.56 s]
0.0.N: Trace Attempt  4	[42.56 s]
0.0.N: Trace Attempt  5	[42.56 s]
0.0.Bm: Trace Attempt 3435	[44.18 s]
0.0.B: Trace Attempt 3433	[44.17 s]
0.0.Hp: Trace Attempt 1343	[44.28 s]
0.0.AM: Trace Attempt 513	[45.01 s]
0.0.Ht: Trace Attempt 3672	[45.22 s]
0.0.AM: Trace Attempt  1	[45.45 s]
0.0.AM: Trace Attempt  2	[45.45 s]
0.0.AM: Trace Attempt  3	[45.45 s]
0.0.AM: Trace Attempt  4	[45.46 s]
0.0.AM: Trace Attempt  5	[45.46 s]
0.0.N: Trace Attempt  1	[45.76 s]
0.0.N: Trace Attempt  2	[45.76 s]
0.0.N: Trace Attempt  3	[45.76 s]
0.0.N: Trace Attempt  4	[45.76 s]
0.0.N: Trace Attempt  5	[45.76 s]
0.0.Bm: Trace Attempt 3528	[48.18 s]
0.0.B: Trace Attempt 3527	[48.20 s]
0.0.Hp: Trace Attempt 1384	[48.32 s]
0.0.N: Trace Attempt  1	[48.96 s]
0.0.N: Trace Attempt  2	[48.96 s]
0.0.N: Trace Attempt  3	[48.96 s]
0.0.N: Trace Attempt  4	[48.97 s]
0.0.N: Trace Attempt  5	[48.97 s]
0.0.Ht: Trace Attempt 3787	[49.24 s]
0.0.AM: Trace Attempt 186	[49.48 s]
0.0.N: Trace Attempt  1	[52.24 s]
0.0.N: Trace Attempt  2	[52.24 s]
0.0.N: Trace Attempt  3	[52.24 s]
0.0.N: Trace Attempt  4	[52.24 s]
0.0.N: Trace Attempt  5	[52.25 s]
0.0.B: Trace Attempt 3621	[52.21 s]
0.0.Bm: Trace Attempt 3622	[52.22 s]
0.0.Hp: Trace Attempt 1421	[52.36 s]
0.0.Ht: Trace Attempt 3905	[53.25 s]
0.0.AM: Trace Attempt 253	[53.48 s]
0.0.N: Trace Attempt  1	[55.41 s]
0.0.N: Trace Attempt  2	[55.41 s]
0.0.N: Trace Attempt  3	[55.41 s]
0.0.N: Trace Attempt  4	[55.41 s]
0.0.N: Trace Attempt  5	[55.41 s]
0.0.B: Trace Attempt 3713	[56.22 s]
0.0.Bm: Trace Attempt 3714	[56.26 s]
0.0.Hp: Trace Attempt 1457	[56.47 s]
0.0.Ht: Trace Attempt 4105	[57.25 s]
0.0.AM: Trace Attempt 299	[57.57 s]
0.0.N: Trace Attempt  1	[58.60 s]
0.0.N: Trace Attempt  2	[58.60 s]
0.0.N: Trace Attempt  3	[58.60 s]
0.0.N: Trace Attempt  4	[58.60 s]
0.0.N: Trace Attempt  5	[58.60 s]
0.0.B: Trace Attempt 3803	[60.24 s]
0.0.Bm: Trace Attempt 3804	[60.30 s]
0.0.Hp: Trace Attempt 1492	[60.55 s]
0.0.Ht: Trace Attempt 4215	[61.28 s]
0.0.AM: Trace Attempt 338	[61.62 s]
0.0.N: Trace Attempt  1	[61.85 s]
0.0.N: Trace Attempt  2	[61.85 s]
0.0.N: Trace Attempt  3	[61.85 s]
0.0.N: Trace Attempt  4	[61.85 s]
0.0.N: Trace Attempt  5	[61.85 s]
0.0.B: Trace Attempt 3890	[64.27 s]
0.0.Bm: Trace Attempt 3890	[64.32 s]
0.0.Hp: Trace Attempt 1526	[64.63 s]
0.0.N: Trace Attempt  1	[65.20 s]
0.0.N: Trace Attempt  2	[65.21 s]
0.0.N: Trace Attempt  3	[65.21 s]
0.0.N: Trace Attempt  4	[65.21 s]
0.0.N: Trace Attempt  5	[65.21 s]
0.0.Ht: Trace Attempt 4346	[65.31 s]
0.0.AM: Trace Attempt 368	[65.69 s]
0.0.B: Trace Attempt 3965	[68.30 s]
0.0.Bm: Trace Attempt 3965	[68.33 s]
0.0.Hp: Trace Attempt 1589	[68.65 s]
0.0.N: Trace Attempt  1	[68.71 s]
0.0.N: Trace Attempt  2	[68.72 s]
0.0.N: Trace Attempt  3	[68.72 s]
0.0.N: Trace Attempt  4	[68.72 s]
0.0.N: Trace Attempt  5	[68.72 s]
0.0.Ht: Trace Attempt 4455	[69.33 s]
0.0.AM: Trace Attempt 397	[69.74 s]
0.0.N: Trace Attempt  1	[72.04 s]
0.0.N: Trace Attempt  2	[72.04 s]
0.0.N: Trace Attempt  3	[72.04 s]
0.0.N: Trace Attempt  4	[72.04 s]
0.0.N: Trace Attempt  5	[72.04 s]
0.0.Bm: Trace Attempt 4040	[72.34 s]
0.0.B: Trace Attempt 4041	[72.34 s]
0.0.Hp: Trace Attempt 1627	[72.75 s]
0.0.Ht: Trace Attempt 4578	[73.35 s]
0.0.AM: Trace Attempt 433	[73.81 s]
0.0.N: Trace Attempt  1	[75.30 s]
0.0.N: Trace Attempt  2	[75.30 s]
0.0.N: Trace Attempt  3	[75.30 s]
0.0.N: Trace Attempt  4	[75.30 s]
0.0.N: Trace Attempt  5	[75.30 s]
0.0.B: Trace Attempt 4112	[76.36 s]
0.0.Bm: Trace Attempt 4111	[76.38 s]
0.0.Hp: Trace Attempt 1658	[76.79 s]
0.0.Ht: Trace Attempt 4691	[77.36 s]
0.0.AM: Trace Attempt 469	[77.95 s]
0.0.N: Trace Attempt  1	[78.56 s]
0.0.N: Trace Attempt  2	[78.56 s]
0.0.N: Trace Attempt  3	[78.56 s]
0.0.N: Trace Attempt  4	[78.56 s]
0.0.N: Trace Attempt  5	[78.56 s]
0.0.Bm: Trace Attempt 4178	[80.42 s]
0.0.B: Trace Attempt 4180	[80.42 s]
0.0.Hp: Trace Attempt 1726	[80.82 s]
0.0.Ht: Trace Attempt 4796	[81.37 s]
0.0.N: Trace Attempt  1	[82.25 s]
0.0.N: Trace Attempt  2	[82.25 s]
0.0.N: Trace Attempt  3	[82.25 s]
0.0.N: Trace Attempt  4	[82.25 s]
0.0.N: Trace Attempt  5	[82.25 s]
0.0.AM: Trace Attempt 493	[82.33 s]
0.0.B: Trace Attempt 4244	[84.46 s]
0.0.Bm: Trace Attempt 4242	[84.47 s]
0.0.Hp: Trace Attempt 1757	[84.85 s]
0.0.Ht: Trace Attempt 4896	[85.41 s]
0.0.N: Trace Attempt 238	[86.26 s]
0.0.AM: Trace Attempt 502	[86.47 s]
0.0.B: Trace Attempt 4304	[88.48 s]
0.0.Bm: Trace Attempt 4302	[88.51 s]
0.0.Hp: Trace Attempt 1788	[88.94 s]
0.0.Ht: Trace Attempt 4989	[89.43 s]
0.0.N: Trace Attempt 342	[90.26 s]
0.0.AM: Trace Attempt 517	[90.96 s]
0.0.B: Trace Attempt 4361	[92.52 s]
0.0.Bm: Trace Attempt 4359	[92.57 s]
0.0.Hp: Trace Attempt 1819	[93.04 s]
0.0.Ht: Trace Attempt 5026	[93.47 s]
0.0.N: Trace Attempt 436	[94.28 s]
0.0.AM: Trace Attempt 532	[95.25 s]
0.0.B: Trace Attempt 4413	[96.52 s]
0.0.Bm: Trace Attempt 4411	[96.58 s]
0.0.Hp: Trace Attempt 1848	[97.05 s]
0.0.N: Trace Attempt  1	[97.33 s]
0.0.N: Trace Attempt  2	[97.33 s]
0.0.N: Trace Attempt  3	[97.33 s]
0.0.N: Trace Attempt  4	[97.34 s]
0.0.N: Trace Attempt  5	[97.34 s]
0.0.AM: Trace Attempt 545	[99.56 s]
0.0.B: Trace Attempt 4462	[100.59 s]
0.0.Bm: Trace Attempt 4460	[100.66 s]
0.0.Hp: Trace Attempt 1878	[101.12 s]
0.0.Ht: Trace Attempt 5070	[101.26 s]
0.0.N: Trace Attempt 239	[101.38 s]
0.0.AM: Trace Attempt 559	[103.69 s]
0.0.B: Trace Attempt 4509	[104.59 s]
0.0.Bm: Trace Attempt 4507	[104.67 s]
0.0.Hp: Trace Attempt 1908	[105.19 s]
0.0.N: Trace Attempt 344	[105.39 s]
0.0.Ht: Trace Attempt 5102	[106.95 s]
0.0.AM: Trace Attempt 574	[107.75 s]
0.0.B: Trace Attempt 4554	[108.68 s]
0.0.Bm: Trace Attempt 4552	[108.76 s]
0.0.Hp: Trace Attempt 1938	[109.32 s]
0.0.N: Trace Attempt 437	[109.39 s]
0.0.Ht: Trace Attempt 5271	[110.97 s]
0.0.AM: Trace Attempt 587	[111.85 s]
0.0.N: Trace Attempt  1	[112.47 s]
0.0.N: Trace Attempt  2	[112.47 s]
0.0.N: Trace Attempt  3	[112.47 s]
0.0.N: Trace Attempt  4	[112.47 s]
0.0.N: Trace Attempt  5	[112.47 s]
0.0.B: Trace Attempt 4594	[112.79 s]
0.0.Bm: Trace Attempt 4592	[112.88 s]
0.0.Hp: Trace Attempt 1966	[113.39 s]
0.0.Ht: Trace Attempt 5341	[115.00 s]
0.0.AM: Trace Attempt 602	[116.21 s]
0.0.N: Trace Attempt 239	[116.53 s]
0.0.B: Trace Attempt 4634	[116.83 s]
0.0.Bm: Trace Attempt 4632	[116.94 s]
0.0.Hp: Trace Attempt 1995	[117.51 s]
0.0.Ht: Trace Attempt 5460	[119.02 s]
0.0.N: Trace Attempt 344	[120.55 s]
0.0.AM: Trace Attempt 615	[120.54 s]
0.0.B: Trace Attempt 4672	[120.86 s]
0.0.Bm: Trace Attempt 4670	[120.99 s]
0.0.Hp: Trace Attempt 2024	[121.63 s]
0.0.N: Trace Attempt 437	[124.59 s]
0.0.AM: Trace Attempt 628	[124.70 s]
0.0.B: Trace Attempt 4708	[124.91 s]
0.0.Bm: Trace Attempt 4706	[125.08 s]
0.0.Ht: Trace Attempt 5525	[125.28 s]
0.0.Hp: Trace Attempt 2057	[125.64 s]
0.0.N: Trace Attempt  1	[127.80 s]
0.0.N: Trace Attempt  2	[127.80 s]
0.0.N: Trace Attempt  3	[127.80 s]
0.0.N: Trace Attempt  4	[127.80 s]
0.0.N: Trace Attempt  5	[127.80 s]
0.0.AM: Trace Attempt 641	[128.94 s]
0.0.B: Trace Attempt 4743	[128.98 s]
0.0.Bm: Trace Attempt 4740	[129.08 s]
0.0.Ht: Trace Attempt 5621	[129.31 s]
0.0.Hp: Trace Attempt 2115	[129.71 s]
0.0.N: Trace Attempt 238	[131.84 s]
0.0.B: Trace Attempt 4777	[133.03 s]
0.0.Bm: Trace Attempt 4774	[133.14 s]
0.0.AM: Trace Attempt 655	[133.29 s]
0.0.Ht: Trace Attempt 5729	[133.34 s]
0.0.Hp: Trace Attempt 2142	[133.75 s]
0.0.N: Trace Attempt 341	[135.84 s]
0.0.B: Trace Attempt 4810	[137.18 s]
0.0.Bm: Trace Attempt 4807	[137.22 s]
0.0.Ht: Trace Attempt 5796	[137.34 s]
0.0.AM: Trace Attempt 667	[137.39 s]
0.0.Hp: Trace Attempt 2169	[137.88 s]
0.0.N: Trace Attempt 433	[139.86 s]
0.0.B: Trace Attempt 4842	[141.24 s]
0.0.Bm: Trace Attempt 4839	[141.28 s]
0.0.Ht: Trace Attempt 5897	[141.37 s]
0.0.AM: Trace Attempt 678	[141.47 s]
0.0.Hp: Trace Attempt 2222	[141.90 s]
0.0.N: Trace Attempt  1	[143.21 s]
0.0.N: Trace Attempt  2	[143.22 s]
0.0.N: Trace Attempt  3	[143.22 s]
0.0.N: Trace Attempt  4	[143.22 s]
0.0.N: Trace Attempt  5	[143.22 s]
0.0.B: Trace Attempt 4873	[145.29 s]
0.0.Ht: Trace Attempt 5989	[145.38 s]
0.0.Bm: Trace Attempt 4870	[145.43 s]
0.0.AM: Trace Attempt 690	[145.50 s]
0.0.Hp: Trace Attempt 2258	[146.03 s]
0.0.N: Trace Attempt 238	[147.25 s]
0.0.B: Trace Attempt 4903	[149.33 s]
0.0.Ht: Trace Attempt 6079	[149.40 s]
0.0.Bm: Trace Attempt 4901	[149.49 s]
0.0.AM: Trace Attempt 702	[149.97 s]
0.0.Hp: Trace Attempt 2284	[150.13 s]
0.0.N: Trace Attempt 342	[151.28 s]
0.0.B: Trace Attempt 4933	[153.36 s]
0.0.Ht: Trace Attempt 6174	[153.41 s]
0.0.Bm: Trace Attempt 4932	[153.67 s]
0.0.Hp: Trace Attempt 2310	[154.27 s]
0.0.AM: Trace Attempt 713	[154.35 s]
0.0.N: Trace Attempt 435	[155.32 s]
0.0.B: Trace Attempt 4962	[157.50 s]
0.0.Bm: Trace Attempt 4962	[157.85 s]
0.0.Hp: Trace Attempt 2335	[158.34 s]
0.0.Ht: Trace Attempt 6214	[158.65 s]
0.0.N: Trace Attempt  1	[158.88 s]
0.0.N: Trace Attempt  2	[158.88 s]
0.0.N: Trace Attempt  3	[158.88 s]
0.0.N: Trace Attempt  4	[158.89 s]
0.0.N: Trace Attempt  5	[158.89 s]
0.0.AM: Trace Attempt 725	[158.97 s]
0.0.B: Trace Attempt 4990	[161.60 s]
0.0.Bm: Trace Attempt 4990	[161.90 s]
0.0.Hp: Trace Attempt 2360	[162.41 s]
0.0.Ht: Trace Attempt 6369	[162.67 s]
0.0.N: Trace Attempt 237	[162.89 s]
0.0.AM: Trace Attempt 735	[163.27 s]
0.0.B: Trace Attempt 5014	[165.82 s]
0.0.Bm: Trace Attempt 5014	[166.04 s]
0.0.Hp: Trace Attempt 2385	[166.56 s]
0.0.N: Trace Attempt 340	[166.91 s]
0.0.AM: Trace Attempt 744	[167.39 s]
0.0.Ht: Trace Attempt 6464	[167.77 s]
0.0.B: Trace Attempt 5042	[169.84 s]
0.0.Bm: Trace Attempt 5043	[170.13 s]
0.0.Hp: Trace Attempt 2408	[170.57 s]
0.0.N: Trace Attempt 433	[170.94 s]
0.0.AM: Trace Attempt 753	[171.67 s]
0.0.Ht: Trace Attempt 6565	[171.78 s]
0.0.B: Trace Attempt 5072	[173.88 s]
0.0.N: Trace Attempt  1	[174.01 s]
0.0.N: Trace Attempt  2	[174.02 s]
0.0.N: Trace Attempt  3	[174.02 s]
0.0.N: Trace Attempt  4	[174.02 s]
0.0.N: Trace Attempt  5	[174.02 s]
0.0.Bm: Trace Attempt 5074	[174.23 s]
0.0.Hp: Trace Attempt 2429	[174.62 s]
0.0.Ht: Trace Attempt 6655	[175.80 s]
0.0.AM: Trace Attempt 762	[175.86 s]
0.0.B: Trace Attempt 5100	[177.88 s]
0.0.N: Trace Attempt 239	[178.05 s]
0.0.Bm: Trace Attempt 5103	[178.24 s]
0.0.Hp: Trace Attempt 2453	[178.74 s]
0.0.Ht: Trace Attempt 6745	[179.81 s]
0.0.AM: Trace Attempt 772	[180.31 s]
0.0.N: Trace Attempt 316	[180.95 s]
0.0.N: Stopped processing property "DELAY.p1"	[180.97 s].
0.0.N: Morphing to Ncustom1
0.0.N: All properties determined. [0.00 s]
0.0.N: Exited with Success (@ 0.00 s)
0.0.Ncustom1: clocks: 1, declared: 1, looping: 0, posedge: 1, negedge: 0, noedge: 0, bothedge: 0
0.0.Ncustom1: Starting proof for property "DELAY.p1"	[0.00 s].
0.0.Ncustom1: Trace Attempt 461	[0.04 s]
0.0.B: Trace Attempt 5120	[180.83 s]
0.0.B: Stopped processing property "DELAY.p1"	[180.99 s].
0.0.B: Morphing to Bcustom2
0.0.B: All properties determined. [0.00 s]
0.0.B: Exited with Success (@ 0.00 s)
0.0.Bcustom2: clocks: 1, declared: 1, looping: 0, posedge: 1, negedge: 0, noedge: 0, bothedge: 0
0.0.Bcustom2: Starting proof for property "DELAY.p1"	[0.00 s].
0.0.Bcustom2: Trace Attempt  1	[0.00 s]
0.0.Bcustom2: Trace Attempt  2	[0.00 s]
0.0.Bcustom2: Trace Attempt  1	[0.00 s]
0.0.Bcustom2: Trace Attempt  2	[0.00 s]
0.0.Bcustom2: Trace Attempt  3	[0.00 s]
0.0.Bcustom2: Trace Attempt  4	[0.00 s]
0.0.Bcustom2: Trace Attempt  5	[0.00 s]
0.0.Bcustom2: Trace Attempt  1	[0.00 s]
0.0.Bcustom2: Trace Attempt  2	[0.00 s]
0.0.Bcustom2: Trace Attempt  3	[0.00 s]
0.0.Bcustom2: Trace Attempt  4	[0.00 s]
0.0.Bcustom2: Trace Attempt  5	[0.00 s]
0.0.Bcustom2: Trace Attempt  1	[0.00 s]
0.0.Bcustom2: Trace Attempt  2	[0.00 s]
0.0.Bcustom2: Trace Attempt  3	[0.00 s]
0.0.Bcustom2: Trace Attempt  4	[0.00 s]
0.0.Bcustom2: Trace Attempt  5	[0.00 s]
0.0.Bcustom2: Trace Attempt  1	[0.01 s]
0.0.Bcustom2: Trace Attempt  2	[0.01 s]
0.0.Bcustom2: Trace Attempt  3	[0.01 s]
0.0.Bcustom2: Trace Attempt  4	[0.01 s]
0.0.Bcustom2: Trace Attempt  5	[0.01 s]
0.0.Bcustom2: Trace Attempt  1	[0.02 s]
0.0.Bcustom2: Trace Attempt  2	[0.02 s]
0.0.Bcustom2: Trace Attempt  3	[0.02 s]
0.0.Bcustom2: Trace Attempt  4	[0.02 s]
0.0.Bcustom2: Trace Attempt  5	[0.02 s]
0.0.Bcustom2: Trace Attempt  1	[0.05 s]
0.0.Bcustom2: Trace Attempt  2	[0.05 s]
0.0.Bcustom2: Trace Attempt  3	[0.05 s]
0.0.Bcustom2: Trace Attempt  4	[0.05 s]
0.0.Bcustom2: Trace Attempt  5	[0.05 s]
0.0.Tri: Proofgrid shell started at 23901@vlsi-ria85(local) jg_18514_vlsi-ria85_1
0.0.Tri: clocks: 1, declared: 1, looping: 0, posedge: 1, negedge: 0, noedge: 0, bothedge: 0
0.0.Tri: Last scan. Per property time limit: 0s
0.0.Tri: Starting proof for property "DELAY.p1"	[0.00 s].
0.0.Tri: Trace Attempt  1	[0.00 s]
0.0.AM: Trace Attempt 773	[180.88 s]
0.0.AM: Stopped processing property "DELAY.p1"	[181.07 s].
0.0.AM: Morphing to AMcustom3
0.0.AM: All properties determined. [0.00 s]
0.0.AM: Exited with Success (@ 0.00 s)
0.0.AMcustom3: clocks: 1, declared: 1, looping: 0, posedge: 1, negedge: 0, noedge: 0, bothedge: 0
0.0.D: Proofgrid shell started at 23902@vlsi-ria85(local) jg_18514_vlsi-ria85_1
0.0.AMcustom3: Starting proof for property "DELAY.p1"	[0.00 s].
0.0.AMcustom3: Trace Attempt  1	[0.00 s]
0.0.AMcustom3: Trace Attempt  2	[0.00 s]
0.0.AMcustom3: Trace Attempt  3	[0.00 s]
0.0.AMcustom3: Trace Attempt  4	[0.00 s]
0.0.AMcustom3: Trace Attempt  5	[0.00 s]
0.0.AMcustom3: Trace Attempt  1	[0.00 s]
0.0.AMcustom3: Trace Attempt  2	[0.00 s]
0.0.AMcustom3: Trace Attempt  3	[0.00 s]
0.0.AMcustom3: Trace Attempt  4	[0.00 s]
0.0.AMcustom3: Trace Attempt  5	[0.00 s]
0.0.D: clocks: 1, declared: 1, looping: 0, posedge: 1, negedge: 0, noedge: 0, bothedge: 0
0.0.D: Last scan. Per property time limit: 0s
0.0.D: Starting proof for property "DELAY.p1"	[0.00 s].
0.0.D: Trace Attempt  1	[0.00 s]
0.0.AMcustom3: Trace Attempt  1	[0.01 s]
0.0.D: Trace Attempt  2	[0.00 s]
0.0.AMcustom3: Trace Attempt  2	[0.01 s]
0.0.AMcustom3: Trace Attempt  3	[0.01 s]
0.0.D: Trace Attempt  4	[0.00 s]
0.0.AMcustom3: Trace Attempt  4	[0.01 s]
0.0.AMcustom3: Trace Attempt  5	[0.01 s]
0.0.Tri:    0.00" ---- Launching main thread ----
0.0.AMcustom3: Trace Attempt  1	[0.03 s]
0.0.AMcustom3: Trace Attempt  2	[0.03 s]
0.0.AMcustom3: Trace Attempt  3	[0.03 s]
0.0.AMcustom3: Trace Attempt  4	[0.04 s]
0.0.AMcustom3: Trace Attempt  5	[0.04 s]
0.0.Bcustom2: Trace Attempt  1	[0.20 s]
0.0.Bcustom2: Trace Attempt  2	[0.20 s]
0.0.Bcustom2: Trace Attempt  3	[0.20 s]
0.0.Bcustom2: Trace Attempt  4	[0.20 s]
0.0.Bcustom2: Trace Attempt  5	[0.20 s]
0.0.AMcustom3: Trace Attempt  1	[0.12 s]
0.0.AMcustom3: Trace Attempt  2	[0.12 s]
0.0.AMcustom3: Trace Attempt  3	[0.12 s]
0.0.AMcustom3: Trace Attempt  4	[0.12 s]
0.0.AMcustom3: Trace Attempt  5	[0.12 s]
0.0.Tri:    0.14" ---- Launching abstraction thread ----
0.0.Tri:    0.17" ---- Launching multi-phase simplification thread ----
0.0.Tri:    0.25" ---- Launching liveness simplification thread ----
0.0.AMcustom3: Trace Attempt  1	[0.41 s]
0.0.AMcustom3: Trace Attempt  2	[0.41 s]
0.0.AMcustom3: Trace Attempt  3	[0.41 s]
0.0.AMcustom3: Trace Attempt  4	[0.41 s]
0.0.AMcustom3: Trace Attempt  5	[0.41 s]
0.0.Bcustom2: Trace Attempt  1	[0.61 s]
0.0.Bcustom2: Trace Attempt  2	[0.61 s]
0.0.Bcustom2: Trace Attempt  3	[0.61 s]
0.0.Bcustom2: Trace Attempt  4	[0.61 s]
0.0.Bcustom2: Trace Attempt  5	[0.61 s]
0.0.Tri:    1.08" Simplification phase 1 complete
0.0.Bm: Trace Attempt 5131	[182.30 s]
0.0.Ncustom1: Requesting engine job to terminate
0.0.Bcustom2: Requesting engine job to terminate
0.0.AMcustom3: Requesting engine job to terminate
0.0.Tri: Requesting engine job to terminate
0.0.D: Requesting engine job to terminate
0.0.Hp: Requesting engine job to terminate
0.0.Ht: Requesting engine job to terminate
0.0.Bm: Requesting engine job to terminate
INFO (IPF144): 0: Initiating shutdown of proof [182.37 s]
0.0.Tri: A proof was found: No trace exists. [1.23 s]
INFO (IPF057): 0.0.Tri: The property "DELAY.p1" was proven in 1.23 s.
0.0.D: Trace Attempt 64	[0.81 s]
0.0.D: Stopped processing property "DELAY.p1"	[1.19 s].
0.0.D: All properties determined. [1.18 s]
0.0.D: Exited with Success (@ 182.37 s)
0: ProofGrid usable level: 0
0.0.AMcustom3: Trace Attempt 91	[1.18 s]
0.0.AMcustom3: Stopped processing property "DELAY.p1"	[1.19 s].
0.0.AMcustom3: All properties determined. [1.20 s]
0.0.AMcustom3: Exited with Success (@ 182.38 s)
0.0.Hp: Trace Attempt 2473	[182.28 s]
0.0.Hp: All properties determined. [182.37 s]
0.0.Ht: Trace Attempt 6802	[182.30 s]
0.0.Ht: All properties determined. [182.35 s]
0.0.Ncustom1: Stopped processing property "DELAY.p1"	[1.41 s].
0.0.Ncustom1: All properties determined. [1.42 s]
0.0.Ncustom1: Exited with Success (@ 182.41 s)
0.0.Bm: All properties determined. [182.39 s]
0.0.Bm: Exited with Success (@ 182.45 s)
0.0.Ht: Exited with Success (@ 182.45 s)
0.0.Hp: Exited with Success (@ 182.53 s)
0.0.Tri: Stopped processing property "DELAY.p1"	[1.43 s].
0.0.Tri: All properties determined. [1.43 s]
0.0.Tri: Exited with Success (@ 182.57 s)
0.0.Bcustom2: Trace Attempt  1	[1.65 s]
0.0.Bcustom2: Stopped processing property "DELAY.p1"	[1.65 s].
0.0.Bcustom2: All properties determined. [1.65 s]
0.0.Bcustom2: Exited with Success (@ 182.71 s)
0: --------------------------------------------------------------
ProofGrid Summary (utilization 99.92 %)
--------------------------------------------------------------
     engines started                               :    14
     engine jobs started                           :    11

    Average time in state (seconds)
    ------------------------------------------------------
    Engine  Pending     Running        Dead    Utilization
    ------------------------------------------------------
     Hp        0.03      182.36        0.00       99.98 %
     Ht        0.04      182.31        0.00       99.98 %
     Bm        0.03      182.31        0.00       99.98 %
    Mpcustom4        0.14        0.01        0.00        6.98 %
     Oh        0.05        0.00        0.00        8.99 %
      L        0.04        0.01        0.00       20.68 %
    Ncustom1        0.04      182.34        0.00       99.98 %
    Bcustom2        0.05      182.22        0.00       99.97 %
    AMcustom3        0.05      182.09        0.00       99.97 %
    Tri        0.16        1.24        0.00       88.79 %
      D        0.20        1.18        0.00       85.55 %
    all        0.08       99.64        0.00       99.92 %

    Total time in state (seconds)
    -----------------------------------------
            Pending     Running        Dead  
    -----------------------------------------
               0.83     1096.09        0.00

    Data read    : 8.30 MiB
    Data written : 4.38 kiB

0: All pending notifications were processed.
INFO (IPF059): 0: Completed proof on task: "<embedded>"

==============================================================
SUMMARY
==============================================================
           Properties Considered              : 2
                 assertions                   : 1
                  - proven                    : 1 (100%)
                  - bounded_proven (user)     : 0 (0%)
                  - bounded_proven (auto)     : 0 (0%)
                  - marked_proven             : 0 (0%)
                  - cex                       : 0 (0%)
                  - ar_cex                    : 0 (0%)
                  - undetermined              : 0 (0%)
                  - unknown                   : 0 (0%)
                  - error                     : 0 (0%)
                 covers                       : 1
                  - unreachable               : 0 (0%)
                  - bounded_unreachable (user): 0 (0%)
                  - covered                   : 1 (100%)
                  - ar_covered                : 0 (0%)
                  - undetermined              : 0 (0%)
                  - unknown                   : 0 (0%)
                  - error                     : 0 (0%)
determined
[<embedded>] % exit -force
INFO (IPL005): Received request to exit from the console.
INFO (IPL014): Waiting for the Tcl-thread to exit.
INFO: Waiting for proof threads to stop...
INFO: Proof threads stopped.
INFO (IPL018): The peak resident set memory use for this session was 1.646 GB.
INFO (IPL015): The Tcl-thread exited with status 0.
INFO (IPL016): Exiting the analysis session with status 0.
