2025-11-20 06:14:40.391505 (49185) main____ INFO    ----------------------------------------
2025-11-20 06:14:40.391701 (49185) main____ INFO    Jasper version info
2025-11-20 06:14:40.391723 (49185) main____ INFO      tool      : Jasper 2024.06
2025-11-20 06:14:40.391763 (49185) main____ INFO      version   : 2024.06p002 64 bits
2025-11-20 06:14:40.391780 (49185) main____ INFO      build date: 2024.09.02 16:28:38 UTC
2025-11-20 06:14:40.391791 (49185) main____ INFO    ----------------------------------------
2025-11-20 06:14:40.391801 (49185) main____ INFO    Runtime info:
2025-11-20 06:14:40.391816 (49185) main____ INFO      platform  : Linux 3.10.0-1062.el7.x86_64 x86_64
2025-11-20 06:14:40.391843 (49185) main____ INFO      hostname  : vlsi-moon
2025-11-20 06:14:40.391860 (49185) main____ INFO      pid       : 49185
2025-11-20 06:14:40.391874 (49185) main____ INFO      arguments : '-style' 'windows' '-proj' '../jgprojects/1_i2c_14' '-batch' '1_i2c_14.tcl'
2025-11-20 06:14:40.391888 (49185) main____ INFO      locale    : ANSI_X3.4-1968
2025-11-20 06:14:40.391898 (49185) main____ INFO    ----------------------------------------
2025-11-20 06:14:40.391908 (49185) main____ INFO    System resource limits info:
2025-11-20 06:14:40.391922 (49185) main____ INFO      virtual memory: unlimited
2025-11-20 06:14:40.391942 (49185) main____ INFO      cpu time      : unlimited
2025-11-20 06:14:40.391965 (49185) main____ INFO      processes     : 4096
2025-11-20 06:14:40.391992 (49185) main____ INFO      stack size    : 8388608 B
2025-11-20 06:14:40.392009 (49185) main____ INFO      core file size: 1024 B
2025-11-20 06:14:40.392024 (49185) main____ INFO      open files    : 4096
2025-11-20 06:14:40.392038 (49185) main____ INFO      file size     : unlimited
2025-11-20 06:14:40.392048 (49185) main____ INFO    ----------------------------------------
2025-11-20 06:14:40.392058 (49185) main____ INFO    Memory statistics:
2025-11-20 06:14:40.392072 (49185) main____ INFO      total physical memory  : 527831204 kB
2025-11-20 06:14:40.392085 (49185) main____ INFO      free physical memory   : 512964996 kB
2025-11-20 06:14:40.392097 (49185) main____ INFO      committed address space: 11692316 kB
2025-11-20 06:14:40.392109 (49185) main____ INFO    ----------------------------------------
2025-11-20 06:14:40.394788 (49185) main____ INFO    Important environment variables:
2025-11-20 06:14:40.394840 (49185) main____ INFO      CDS_ASSURA         : '/eda/cadence/2023-24/RHELx86/ASSURA_04.16.115_231'
2025-11-20 06:14:40.394859 (49185) main____ INFO      CDS_AUTO_64BIT     : 'ALL'
2025-11-20 06:14:40.394877 (49185) main____ INFO      CDS_CONFRML        : '/eda/cadence/2023-24/RHELx86/CONFRML_23.10.300'
2025-11-20 06:14:40.394895 (49185) main____ INFO      CDS_DDIEXPORT      : '/eda/cadence/2023-24/RHELx86/DDIEXPORT_22.33.000'
2025-11-20 06:14:40.394913 (49185) main____ INFO      CDS_EMX            : '/eda/cadence/2023-24/RHELx86/EMX_23.10.000'
2025-11-20 06:14:40.394931 (49185) main____ INFO      CDS_GENUS          : '/eda/cadence/2023-24/RHELx86/DDIEXPORT_22.33.000/GENUS221'
2025-11-20 06:14:40.394949 (49185) main____ INFO      CDS_IC             : '/eda/cadence/2023-24/RHELx86/IC_23.10.020'
2025-11-20 06:14:40.394967 (49185) main____ INFO      CDS_INNOVUS        : '/eda/cadence/2023-24/RHELx86/DDIEXPORT_22.33.000/INNOVUS221'
2025-11-20 06:14:40.394985 (49185) main____ INFO      CDS_JLS            : '/eda/cadence/2023-24/RHELx86/DDIEXPORT_22.33.000/JLS221'
2025-11-20 06:14:40.395011 (49185) main____ INFO      CDS_LIC_FILE       : '/etc/local/cadence/license_8x.3868dd0560aa:5280@132.68.59.69:/etc/local/cadence/license_8x.1831bfb82c67:5280@132.68.59.64:/etc/local/cadence/license_8x.0894ef683fc3:5280@132.68.59.79:/etc/local/cadence/license_8x.1831bfb82c67:5280@132.68.59.61'
2025-11-20 06:14:40.395045 (49185) main____ INFO      CDS_LITMUS         : '/eda/cadence/2023-24/RHELx86/LITMUS_23.10.300'
2025-11-20 06:14:40.395063 (49185) main____ INFO      CDS_MODUS          : '/eda/cadence/2023-24/RHELx86/MODUS_22.12.000'
2025-11-20 06:14:40.395080 (49185) main____ INFO      CDS_MVS            : '/eda/cadence/2023-24/RHELx86/MVS_21.12.000'
2025-11-20 06:14:40.395102 (49185) main____ INFO      CDS_Netlisting_Mode: 'Analog'
2025-11-20 06:14:40.395119 (49185) main____ INFO      CDS_PEGASUS        : '/eda/cadence/2023-24/RHELx86/PEGASUS_23.11.000'
2025-11-20 06:14:40.395137 (49185) main____ INFO      CDS_PEGASUSDFM     : '/eda/cadence/2023-24/RHELx86/PEGASUSDFM_23.11.000'
2025-11-20 06:14:40.395153 (49185) main____ INFO      CDS_PVS            : '/eda/cadence/2023-24/RHELx86/PVS_22.22.000'
2025-11-20 06:14:40.395171 (49185) main____ INFO      CDS_QUANTUS        : '/eda/cadence/2023-24/RHELx86/QUANTUS_23.10.000'
2025-11-20 06:14:40.395187 (49185) main____ INFO      CDS_SPECTRE        : '/eda/cadence/2023-24/RHELx86/SPECTRE_23.10.242'
2025-11-20 06:14:40.395204 (49185) main____ INFO      CDS_SSV            : '/eda/cadence/2023-24/RHELx86/SSV_22.13.000'
2025-11-20 06:14:40.395217 (49185) main____ INFO      CDS_USE_PALETTE    : ''
2025-11-20 06:14:40.395234 (49185) main____ INFO      CDS_VERISIUMDEBUG  : '/eda/cadence/2023-24/RHELx86/VERISIUMDEBUG_23.03.001'
2025-11-20 06:14:40.395252 (49185) main____ INFO      CDS_VIPCAT         : '/eda/cadence/2023-24/RHELx86/VIPCAT_11.30.093'
2025-11-20 06:14:40.395270 (49185) main____ INFO      CDS_VMANAGER       : '/eda/cadence/2023-24/RHELx86/VMANAGER_23.03.004'
2025-11-20 06:14:40.395287 (49185) main____ INFO      CDS_XCELIUM        : '/eda/cadence/2023-24/RHELx86/XCELIUM_23.03.007'
2025-11-20 06:14:40.395302 (49185) main____ INFO      DISPLAY            : 'localhost:11.0'
2025-11-20 06:14:40.395318 (49185) main____ INFO      JASPER_CPU_CHECK   : '1'
2025-11-20 06:14:40.395333 (49185) main____ INFO      JASPER_INSTALL_DIR : '/tools/cadence2425/JASPER/jasper_2024.06p002'
2025-11-20 06:14:40.395348 (49185) main____ INFO      JASPER_KERNEL_CHECK: '1'
2025-11-20 06:14:40.395363 (49185) main____ INFO      JASPER_OS_CHECK    : '1'
2025-11-20 06:14:40.395377 (49185) main____ INFO      LANG               : 'C'
2025-11-20 06:14:40.395392 (49185) main____ INFO      TMPDIR             : '/tmp'
2025-11-20 06:14:40.395402 (49185) main____ INFO    ----------------------------------------
2025-11-20 06:14:40.397345 (49185) lic_core INFO    Initializing license system ...
2025-11-20 06:14:40.409097 (49185) lic_core INFO    ... license system initialized.
2025-11-20 06:14:40.426434 (49185) lic__man INFO    Claim 'fpv' for <ui>.
2025-11-20 06:14:40.426566 (49185) lic_core INFO    (1) checking out 'jasper_fpv' ...
2025-11-20 06:14:40.817186 (49185) lic_core INFO    ... (1) checkout failed (error: -5) ("FLEXnet ERROR(-5, 0, 0): No such feature exists.")
2025-11-20 06:14:40.817257 (49185) lic_core INFO    (2) checking out 'jasper_fao' ...
2025-11-20 06:14:40.838353 (49185) lic_core INFO    ... (2) checkout succeeded
2025-11-20 06:14:40.878883 (49185) session_ INFO    Starting analysis session with session id 'session_0' (launcher: <local>) ...
2025-11-20 06:14:40.880268 (49185) session_ INFO    Analysis session with session id 'session_0' started (pid: 49204)
2025-11-20 06:14:41.807173 (49185) session_ INFO    Analysis session 'session_0' connected to the console (host: 127.0.0.1:43666)
2025-11-20 06:14:42.494221 (49185) lic__man INFO    Unclaim everything for 'session_0'.
2025-11-20 06:14:42.543718 (49185) lic__man INFO    Claim 'fpv' for 'session_0'.
2025-11-20 06:14:42.543797 (49185) lic__man INFO    Claim 'fpv' for 'session_0/prove-0'.
2025-11-20 06:21:50.713318 (49185) lic__man INFO    Unclaim everything for 'session_0/prove-0'.
2025-11-20 06:21:50.720840 (49185) main____ INFO    About to exit: request to exit with status 0 received from analysis session 'session_0'
2025-11-20 06:21:50.861739 (49185) session_ INFO    Analysis session 'session_0' disconnected.
2025-11-20 06:21:50.862238 (49185) lic__man INFO    Unclaim everything for 'session_0'.
2025-11-20 06:21:50.862792 (49185) session_ INFO    Process for analysis session 'session_0' has exited with exit status '0'.
2025-11-20 06:21:52.683560 (49185) lic_core INFO    (2) checkin jasper_fao
2025-11-20 06:21:52.686402 (49185) main____ INFO    Exiting with status 0.
