2025-11-20 01:12:58.904370 (24678) main____ INFO    ----------------------------------------
2025-11-20 01:12:58.904412 (24678) main____ INFO    Jasper version info
2025-11-20 01:12:58.904417 (24678) main____ INFO      tool      : Jasper 2024.06
2025-11-20 01:12:58.904420 (24678) main____ INFO      version   : 2024.06p002 64 bits
2025-11-20 01:12:58.904423 (24678) main____ INFO      build date: 2024.09.02 16:28:38 UTC
2025-11-20 01:12:58.904425 (24678) main____ INFO    ----------------------------------------
2025-11-20 01:12:58.904427 (24678) main____ INFO    Runtime info:
2025-11-20 01:12:58.904430 (24678) main____ INFO      platform  : Linux 3.10.0-1160.62.1.el7.x86_64 x86_64
2025-11-20 01:12:58.904435 (24678) main____ INFO      hostname  : vlsi-ria85
2025-11-20 01:12:58.904439 (24678) main____ INFO      pid       : 24678
2025-11-20 01:12:58.904442 (24678) main____ INFO      arguments : '-style' 'windows' '-proj' '../jgprojects/1_seven_seg_15' '-batch' '1_seven_seg_15.tcl'
2025-11-20 01:12:58.904461 (24678) main____ INFO      locale    : ANSI_X3.4-1968
2025-11-20 01:12:58.904462 (24678) main____ INFO    ----------------------------------------
2025-11-20 01:12:58.904464 (24678) main____ INFO    System resource limits info:
2025-11-20 01:12:58.904467 (24678) main____ INFO      virtual memory: unlimited
2025-11-20 01:12:58.904470 (24678) main____ INFO      cpu time      : unlimited
2025-11-20 01:12:58.904475 (24678) main____ INFO      processes     : 4096
2025-11-20 01:12:58.904495 (24678) main____ INFO      stack size    : 8388608 B
2025-11-20 01:12:58.904498 (24678) main____ INFO      core file size: 1024 B
2025-11-20 01:12:58.904501 (24678) main____ INFO      open files    : 4096
2025-11-20 01:12:58.904503 (24678) main____ INFO      file size     : unlimited
2025-11-20 01:12:58.904505 (24678) main____ INFO    ----------------------------------------
2025-11-20 01:12:58.904507 (24678) main____ INFO    Memory statistics:
2025-11-20 01:12:58.904510 (24678) main____ INFO      total physical memory  : 65714912 kB
2025-11-20 01:12:58.904512 (24678) main____ INFO      free physical memory   : 3943016 kB
2025-11-20 01:12:58.904514 (24678) main____ INFO      committed address space: 188540760 kB
2025-11-20 01:12:58.904516 (24678) main____ INFO    ----------------------------------------
2025-11-20 01:12:58.905052 (24678) main____ INFO    Important environment variables:
2025-11-20 01:12:58.905064 (24678) main____ INFO      CDS_ASSURA         : '/eda/cadence/2023-24/RHELx86/ASSURA_04.16.115_231'
2025-11-20 01:12:58.905068 (24678) main____ INFO      CDS_AUTO_64BIT     : 'ALL'
2025-11-20 01:12:58.905071 (24678) main____ INFO      CDS_CONFRML        : '/eda/cadence/2023-24/RHELx86/CONFRML_23.10.300'
2025-11-20 01:12:58.905074 (24678) main____ INFO      CDS_DDIEXPORT      : '/eda/cadence/2023-24/RHELx86/DDIEXPORT_22.33.000'
2025-11-20 01:12:58.905078 (24678) main____ INFO      CDS_EMX            : '/eda/cadence/2023-24/RHELx86/EMX_23.10.000'
2025-11-20 01:12:58.905081 (24678) main____ INFO      CDS_GENUS          : '/eda/cadence/2023-24/RHELx86/DDIEXPORT_22.33.000/GENUS221'
2025-11-20 01:12:58.905085 (24678) main____ INFO      CDS_IC             : '/eda/cadence/2023-24/RHELx86/IC_23.10.020'
2025-11-20 01:12:58.905088 (24678) main____ INFO      CDS_INNOVUS        : '/eda/cadence/2023-24/RHELx86/DDIEXPORT_22.33.000/INNOVUS221'
2025-11-20 01:12:58.905091 (24678) main____ INFO      CDS_JLS            : '/eda/cadence/2023-24/RHELx86/DDIEXPORT_22.33.000/JLS221'
2025-11-20 01:12:58.905096 (24678) main____ INFO      CDS_LIC_FILE       : '/etc/local/cadence/license_8x.3868dd0560aa:5280@132.68.59.69:/etc/local/cadence/license_8x.1831bfb82c67:5280@132.68.59.64:/etc/local/cadence/license_8x.0894ef683fc3:5280@132.68.59.79:/etc/local/cadence/license_8x.1831bfb82c67:5280@132.68.59.61'
2025-11-20 01:12:58.905103 (24678) main____ INFO      CDS_LITMUS         : '/eda/cadence/2023-24/RHELx86/LITMUS_23.10.300'
2025-11-20 01:12:58.905106 (24678) main____ INFO      CDS_MODUS          : '/eda/cadence/2023-24/RHELx86/MODUS_22.12.000'
2025-11-20 01:12:58.905109 (24678) main____ INFO      CDS_MVS            : '/eda/cadence/2023-24/RHELx86/MVS_21.12.000'
2025-11-20 01:12:58.905131 (24678) main____ INFO      CDS_Netlisting_Mode: 'Analog'
2025-11-20 01:12:58.905134 (24678) main____ INFO      CDS_PEGASUS        : '/eda/cadence/2023-24/RHELx86/PEGASUS_23.11.000'
2025-11-20 01:12:58.905138 (24678) main____ INFO      CDS_PEGASUSDFM     : '/eda/cadence/2023-24/RHELx86/PEGASUSDFM_23.11.000'
2025-11-20 01:12:58.905144 (24678) main____ INFO      CDS_PVS            : '/eda/cadence/2023-24/RHELx86/PVS_22.22.000'
2025-11-20 01:12:58.905147 (24678) main____ INFO      CDS_QUANTUS        : '/eda/cadence/2023-24/RHELx86/QUANTUS_23.10.000'
2025-11-20 01:12:58.905151 (24678) main____ INFO      CDS_SPECTRE        : '/eda/cadence/2023-24/RHELx86/SPECTRE_23.10.242'
2025-11-20 01:12:58.905154 (24678) main____ INFO      CDS_SSV            : '/eda/cadence/2023-24/RHELx86/SSV_22.13.000'
2025-11-20 01:12:58.905156 (24678) main____ INFO      CDS_USE_PALETTE    : ''
2025-11-20 01:12:58.905160 (24678) main____ INFO      CDS_VERISIUMDEBUG  : '/eda/cadence/2023-24/RHELx86/VERISIUMDEBUG_23.03.001'
2025-11-20 01:12:58.905163 (24678) main____ INFO      CDS_VIPCAT         : '/eda/cadence/2023-24/RHELx86/VIPCAT_11.30.093'
2025-11-20 01:12:58.905167 (24678) main____ INFO      CDS_VMANAGER       : '/eda/cadence/2023-24/RHELx86/VMANAGER_23.03.004'
2025-11-20 01:12:58.905170 (24678) main____ INFO      CDS_XCELIUM        : '/eda/cadence/2023-24/RHELx86/XCELIUM_23.03.007'
2025-11-20 01:12:58.905173 (24678) main____ INFO      DISPLAY            : 'localhost:13.0'
2025-11-20 01:12:58.905176 (24678) main____ INFO      JASPER_CPU_CHECK   : '1'
2025-11-20 01:12:58.905192 (24678) main____ INFO      JASPER_INSTALL_DIR : '/tools/cadence2425/JASPER/jasper_2024.06p002'
2025-11-20 01:12:58.905194 (24678) main____ INFO      JASPER_KERNEL_CHECK: '1'
2025-11-20 01:12:58.905197 (24678) main____ INFO      JASPER_OS_CHECK    : '1'
2025-11-20 01:12:58.905200 (24678) main____ INFO      LANG               : 'C'
2025-11-20 01:12:58.905202 (24678) main____ INFO      TMPDIR             : '/tmp'
2025-11-20 01:12:58.905204 (24678) main____ INFO    ----------------------------------------
2025-11-20 01:12:58.905626 (24678) lic_core INFO    Initializing license system ...
2025-11-20 01:12:58.909019 (24678) lic_core INFO    ... license system initialized.
2025-11-20 01:12:58.916389 (24678) lic__man INFO    Claim 'fpv' for <ui>.
2025-11-20 01:12:58.916422 (24678) lic_core INFO    (1) checking out 'jasper_fpv' ...
2025-11-20 01:12:58.931414 (24678) lic_core INFO    ... (1) checkout failed (error: -5) ("FLEXnet ERROR(-5, 0, 0): No such feature exists.")
2025-11-20 01:12:58.931433 (24678) lic_core INFO    (2) checking out 'jasper_fao' ...
2025-11-20 01:12:58.940484 (24678) lic_core INFO    ... (2) checkout succeeded
2025-11-20 01:12:58.965699 (24678) session_ INFO    Starting analysis session with session id 'session_0' (launcher: <local>) ...
2025-11-20 01:12:58.966461 (24678) session_ INFO    Analysis session with session id 'session_0' started (pid: 24707)
2025-11-20 01:12:59.562031 (24678) session_ INFO    Analysis session 'session_0' connected to the console (host: 127.0.0.1:46180)
2025-11-20 01:13:00.008833 (24678) lic__man INFO    Unclaim everything for 'session_0'.
2025-11-20 01:13:00.056018 (24678) lic__man INFO    Claim 'fpv' for 'session_0'.
2025-11-20 01:13:00.056036 (24678) lic__man INFO    Claim 'fpv' for 'session_0/prove-0'.
2025-11-20 01:16:02.444296 (24678) lic__man INFO    Unclaim everything for 'session_0/prove-0'.
2025-11-20 01:16:02.446321 (24678) main____ INFO    About to exit: request to exit with status 0 received from analysis session 'session_0'
2025-11-20 01:16:02.507478 (24678) session_ INFO    Analysis session 'session_0' disconnected.
2025-11-20 01:16:02.507538 (24678) lic__man INFO    Unclaim everything for 'session_0'.
2025-11-20 01:16:02.507618 (24678) session_ INFO    Process for analysis session 'session_0' has exited with exit status '0'.
2025-11-20 01:16:04.348720 (24678) lic_core INFO    (2) checkin jasper_fao
2025-11-20 01:16:04.350418 (24678) main____ INFO    Exiting with status 0.
