Jasper Apps 2024.06p002 64 bits 2024.09.02 16:28:38 UTC

Any disclosure about the Cadence Design Systems software or its use
model to any third party violates the written Non-Disclosure Agreement
between Cadence Design Systems, Inc. and the customer.

THIS SOFTWARE CONTAINS CONFIDENTIAL INFORMATION AND TRADE SECRETS OF
CADENCE DESIGN SYSTEMS, INC. USE, DISCLOSURE, OR REPRODUCTION IS
PROHIBITED WITHOUT THE PRIOR EXPRESS WRITTEN PERMISSION OF CADENCE
DESIGN SYSTEMS, INC.

Copyright (C) 2000-2024 Cadence Design Systems, Inc. All Rights
Reserved.  Unpublished -- rights reserved under the copyright laws of
the United States.

This product includes software developed by others and redistributed
according to license agreement. See doc/third_party_readme.txt for
further details.

RESTRICTED RIGHTS LEGEND

Use, duplication, or disclosure by the Government is subject to
restrictions as set forth in subparagraph (c) (1) (ii) of the Rights in
Technical Data and Computer Software clause at DFARS 252.227-7013 or
subparagraphs (c) (1) and (2) of Commercial Computer Software -- Restricted
Rights at 48 CFR 52.227-19, as applicable.


                          Cadence Design Systems, Inc.
                          2655 Seely Avenue
                          San Jose, CA 95134
                          Phone: 408.943.1234

For technical assistance visit http://support.cadence.com.

Jasper Apps Analysis Session - /users/rompel/jasper_executions/liveness/jgprojects/1_blink_1/sessionLogs/session_0

WARNING (WG017): [session]: The system's locale is "ANSI_X3.4-1968", which is not UTF-8. Non-ASCII characters might not be handled correctly.
WARNING (WG017): [jg_console]: The system's locale is "ANSI_X3.4-1968", which is not UTF-8. Non-ASCII characters might not be handled correctly.
INFO: successfully checked out license "jasper_fao".
INFO: reading configuration file "/users/rompel/.config/cadence/jasper.conf".
% analyze -sv09 ../1_blink_1.sv
[-- (VERI-1482)] Analyzing Verilog file '/tools/cadence2425/JASPER/jasper_2024.06p002/lib/verilog/packages/std/std.sv' into library 'std'
[-- (VERI-1482)] Analyzing Verilog file '../1_blink_1.sv'
% elaborate -bbox_mul 1000000 -bbox_div 1000000 -bbox_mod 1000000 -bbox_a 1000000
[INFO (HIER-8002)] ../1_blink_1.sv(18): Disabling old hierarchical reference handler
[INFO (VERI-1018)] ../1_blink_1.sv(1): compiling module 'BLINK'
[WARN (VERI-1209)] ../1_blink_1.sv(10): expression size 32 truncated to fit in target size 8
INFO (ISW003): Top module name is "BLINK".
INFO (INL208): Elaboration synthesis summary:
  Number of synthesized netlists          1 (0 packages)
  Single run mode                         On
  Pipeline                                On (1 pipelined netlists)
  Late hierarchical reference connection  On
  Number of analyzed Verilog modules      1 (1 synthesized)
  Number of analyzed VHDL entities        0 (0 synthesized)
INFO (INL003): Clearing all state information (assumes, stopats, and so forth).
BLINK
[<embedded>] % reset rst
INFO (IPM031): Clearing proof results of all properties.
INFO (IRS006): Current reset condition is "rst".
[<embedded>] % clock clk
[<embedded>] % prove -all
Ncustom1: Custom engine code is hT3Ng7hPPfiYQOTDZ3qhYOwGAM51eA+J/FjkM5shLioAsqhgLR4Ft+O1BuKG6ilQ83B9tLXSl+CwjiTMAQA
Bcustom2: Custom engine code is hT3Nm7hPr1Vp3Di1Ra2USNIGL4JypRnLKLAdF6JAyuavO2JfGCiY9OZJhcAcOUnLx5xwNdhILGrAWX9s+z2WDkKwNR7tAfClBEjRFVQeq6DU54boFgEA
AMcustom3: Custom engine code is hT3Ng7hP/feYQOTDZ3qhYOwGAM51eA+J/FjkM5shLioAsqhgLR4Ft+O1BuKG6ilQ83B9tLXSmmqwm7g9AQA
Mpcustom4: Custom engine code is hT3NZbhP9fmY2AbBQnsjfOxn6c+6e6yL+/e8fZFmaQrnlgEA
INFO (IPF036): Starting proof on task: "<embedded>", 1 properties to prove with 0 already proven/unreachable
INFO (IRS029): Starting reset analysis: phase 1 of 4.
INFO (IRS030): Running reset analysis: phase 2 of 4.
INFO (IRS031): Running reset analysis: phase 3 of 4.
INFO (IRS020): Starting the reset analysis simulation with a limit of 100 iterations (phase 4 of 4).
INFO (IRS024): Reset iterations 0 to 4 analyzed.
INFO (IRS018): Reset analysis simulation executed for 3 iterations. Assigned values for 9 of 11 design flops, 0 of 0 design latches, 3 of 3 internal elements.
INFO (IRS039): Reset analysis complete.
INFO (IPF031): Settings used for proof thread 0:
    orchestration                 = on
    time_limit                    = 86400s
    per_property_time_limit       = 1s * 10 ^ scan
    engine_mode                   = auto
    proofgrid_per_engine_max_jobs = 1
    max engine jobs               = auto
    proofgrid_mode                = local
    proofgrid_restarts            = 10
AMcustom5: Custom engine code is hT3N1rhP11/52HrFRS21ROp2LOjVTgPvT8L8BGXHgLhaIuqtT4nARFjUqrBL+7pLmaTOzBepZW/Jm8SSrHDybSQtoNiO3y43wk+dEoWlsZizu97Fih6O6lPVG/LpWP5SsUPwlGagLNa1FKEFvwVXyX7//8prySbvSxIHXr5er+z4RAEA
0: Using multistage preprocessing
0: Starting reduce
Ncustom6: Custom engine code is hT3OXrhPByJp3TrFSTLhUmMH4KVtJgmTCnNDF46yMXOKY48m4LS5nE7yBzFjA7kDuwO/GhGUpEPiky3p3wmPn3dJZHxFMsafSoObRzSC+tn7sEY0WbTdZ/FV4hL3MYH/b1CIUvXSWR4wqEoVLsmMOD4xIPT4lI1LO6ZCO7PnnWQuLwetnvKlrXx6wCW/A+x+enqslg1YPobi4wEF/EvbzOvcTYdJvl2s4H2yZg2b2ofAVN5WvhWk1HoBAA
ADcustom7: Custom engine code is hT3Nv7hPv1752HrFRa2kROx2f/ECJeZB2AZsLdlO8VwmIuqtT4nIDFXclhg+O+o+DMmQCekbheGk0kK28laA9gaOFDXsQp29J3X615HY1IPHJWd6FUFvCHjO+p1k652b5JJvZlShNpGlGSXAiQe/mEAj6tEBAA
Tricustom8: Custom engine code is hT3Nu7hPt1752DvFRa0kNDiyIV97VyejwM9C/jCLJjdPvusZONHY42VYUy0Q1ZotnhcVtNc56tJ5wbxv6V2+XpdsaSlHck5vfnbYjdwj1OECy9U+7oSQ0SZE3g5ayD+Phuh4odCJTjeKa2k4elM9ldQfkAEA
Gcustom9: Custom engine code is hT3NibhPDfeYQADBZnYcglOvK9Pfd7EOeniIqP8jNsyIqInncipMGcUXqAadachREE9F2PwhBUZUNw5kHnd4JdXkamORRgEA
C2custom10: Custom engine code is hT3NirhPjfWYQADBZnYcglOvK9Pfd7EOeniIqP8jNsyIqInncgkrYMMXCYbdK0dUjZIF9d4cJ0rHoBDjwVLBKuG86XYVV00BAA
AGcustom11: Custom engine code is hT3NirhP/fmYQADBZnYcglOvK9Pfd7EOeniIqP8jNsyIqInnckcwYMMXCYbdK0dUjZIF9d4cJ0rHoBDjwVLBKuHEZnZByh0BAA
Bcustom12: Custom engine code is hT3NjrhPDfiYQADBZnYcglOvK9PfWxFtenjIyBqfrgr7if/jL/yPOuK1BAflEcW0DxNH2eDIoezN2gxlQFg81RZtiWXh7aiTAidvAQA
0: Finished reduce in 0s
Ncustom13: Custom engine code is hT3NR7hPByFp3TrFSTLhUmMH4KWtJglTyV/c51BHEeZWamnJv767nE6PCak26bd3gf3XGN3rIRheufhDieCJQVISo+gNYUKhiUedBKGtsP/a18svAnlMJZudHxDFwK5ufsyoxsIyiAeSY2oi3tEuoDHr5gw42DFKAG3PqO3CEsl8Azzdt3pl5nGA1Ifv2H02eYsFzWb/nfp8PMb3F0krE/EgBcm8TD9Div8BAA
0.0.PRE: Performing Proof Simplification...
Tricustom14: Custom engine code is hT3Nu7hP3fiYQADBZnYcglNHp9bfd7EOeniIqP/ji8sGLQu8yhsFO+wxJ+O+R0bU8g/IewXFomyos+viQnWc2xYNYmMqpo3i40O7DaZR7qfp4YqNx26KRvQ/qx0BAA
0.0.N: clocks: 1, declared: 1, looping: 0, posedge: 1, negedge: 0, noedge: 0, bothedge: 0
0.0.N: Proof Simplification Iteration 1	[0.00 s]
0.0.PRE: A proof was found: No trace exists. [0.00 s]
INFO (IPF057): 0.0.PRE: The property ":noDeadEnd" was proven in 0.00 s.
    Use check_assumptions -show -dead_end to show this property in the property table.
0.0.PRE: A proof was found: No trace exists. [0.00 s]
INFO (IPF057): 0.0.PRE: The property ":noConflict" was proven in 0.00 s.
    Use check_assumptions -show to show this property in the property table.
INFO (IPF047): 0.0.PRE: The cover property ":live" was covered in 1 cycles in 0.00 s.
    Use check_assumptions -show -live to show this property in the property table.
0.0.PRE: Proof Simplification completed in 0.00 s
0: About to start ProofGrid in its own thread with a limit of 10000 pending notifications and a limit of 10 traces.
0: =============================== ProofGrid start ===============================
0: ProofGrid usable level: 1
0: Initial ProofGrid level: 1
0: ProofGrid is starting event handling
0.0.Hp: Proofgrid shell started at 4914@vlsi-ria85(local) jg_4834_vlsi-ria85_1
0.0.N: Proofgrid shell started at 4913@vlsi-ria85(local) jg_4834_vlsi-ria85_1
0.0.Hp: clocks: 1, declared: 1, looping: 0, posedge: 1, negedge: 0, noedge: 0, bothedge: 0
0.0.N: clocks: 1, declared: 1, looping: 0, posedge: 1, negedge: 0, noedge: 0, bothedge: 0
0.0.Hp: Last scan. Per property time limit: 0s
0.0.Hp: Trace Attempt  1	[0.00 s]
0.0.N: Last scan. Per property time limit: 0s
0.0.N: Starting proof for property "BLINK.p1"	[0.00 s].
0.0.Hp: Trace Attempt  2	[0.00 s]
0.0.N: Trace Attempt  1	[0.00 s]
0.0.Hp: Trace Attempt  3	[0.00 s]
0.0.N: Trace Attempt  2	[0.00 s]
0.0.N: Trace Attempt  2	[0.00 s]
0.0.Hp: Trace Attempt  4	[0.00 s]
0.0.Hp: Trace Attempt  5	[0.00 s]
0.0.N: Trace Attempt  3	[0.00 s]
0.0.N: Trace Attempt  3	[0.00 s]
0.0.N: Trace Attempt  4	[0.00 s]
0.0.N: Trace Attempt  5	[0.00 s]
0.0.N: Trace Attempt  1	[0.00 s]
0.0.N: Trace Attempt  2	[0.00 s]
0.0.N: Trace Attempt  3	[0.00 s]
0.0.N: Trace Attempt  4	[0.00 s]
0.0.N: Trace Attempt  5	[0.00 s]
0.0.Oh: Proofgrid shell started at 4946@vlsi-ria85(local) jg_4834_vlsi-ria85_1
0.0.AM: Proofgrid shell started at 4948@vlsi-ria85(local) jg_4834_vlsi-ria85_1
0.0.Oh: clocks: 1, declared: 1, looping: 0, posedge: 1, negedge: 0, noedge: 0, bothedge: 0
0.0.Oh: Reached length limit (2147483647) [0.00 s]
0.0.B: Proofgrid shell started at 4947@vlsi-ria85(local) jg_4834_vlsi-ria85_1
0.0.Oh: Exited with Success (@ 0.04 s)
0.0.AM: clocks: 1, declared: 1, looping: 0, posedge: 1, negedge: 0, noedge: 0, bothedge: 0
0.0.AM: Last scan. Per property time limit: 0s
0.0.AM: Starting proof for property "BLINK.p1"	[0.00 s].
0.0.B: clocks: 1, declared: 1, looping: 0, posedge: 1, negedge: 0, noedge: 0, bothedge: 0
0.0.B: Last scan. Per property time limit: 0s
0.0.B: Starting proof for property "BLINK.p1"	[0.00 s].
0.0.AM: Trace Attempt  1	[0.00 s]
0.0.B: Trace Attempt  1	[0.00 s]
0.0.B: Trace Attempt  2	[0.00 s]
0.0.AM: Trace Attempt  2	[0.00 s]
0.0.B: Trace Attempt  3	[0.00 s]
0.0.AM: Trace Attempt  3	[0.00 s]
0.0.B: Trace Attempt  4	[0.00 s]
0.0.B: Trace Attempt  5	[0.00 s]
0.0.AM: Trace Attempt  4	[0.00 s]
0.0.AM: Trace Attempt  5	[0.00 s]
0.0.AM: Trace Attempt  1	[0.00 s]
0.0.AM: Trace Attempt  2	[0.00 s]
0.0.AM: Trace Attempt  3	[0.00 s]
0.0.AM: Trace Attempt  4	[0.00 s]
0.0.AM: Trace Attempt  5	[0.00 s]
0.0.AM: Trace Attempt  1	[0.01 s]
0.0.AM: Trace Attempt  2	[0.01 s]
0.0.AM: Trace Attempt  3	[0.01 s]
0.0.Ht: Proofgrid shell started at 4945@vlsi-ria85(local) jg_4834_vlsi-ria85_1
0.0.AM: Trace Attempt  4	[0.01 s]
0.0.Ht: clocks: 1, declared: 1, looping: 0, posedge: 1, negedge: 0, noedge: 0, bothedge: 0
0.0.Ht: Last scan. Per property time limit: 0s
0.0.Ht: Trace Attempt  1	[0.00 s]
0.0.Ht: Trace Attempt  2	[0.00 s]
0.0.Ht: Trace Attempt  3	[0.00 s]
0.0.Ht: Trace Attempt  4	[0.00 s]
0.0.Ht: Trace Attempt  5	[0.00 s]
0.0.AM: Trace Attempt  5	[0.01 s]
0.0.AM: Trace Attempt  1	[0.03 s]
0.0.AM: Trace Attempt  2	[0.03 s]
0.0.AM: Trace Attempt  3	[0.03 s]
0.0.AM: Trace Attempt  4	[0.03 s]
0.0.AM: Trace Attempt  5	[0.03 s]
0.0.AM: Trace Attempt  1	[0.10 s]
0.0.AM: Trace Attempt  2	[0.10 s]
0.0.AM: Trace Attempt  3	[0.10 s]
0.0.AM: Trace Attempt  4	[0.10 s]
0.0.AM: Trace Attempt  5	[0.10 s]
0.0.AM: Trace Attempt  1	[0.21 s]
0.0.AM: Trace Attempt  2	[0.21 s]
0.0.AM: Trace Attempt  3	[0.21 s]
0.0.AM: Trace Attempt  4	[0.21 s]
0.0.AM: Trace Attempt  5	[0.21 s]
0.0.AM: Trace Attempt  1	[0.52 s]
0.0.AM: Trace Attempt  2	[0.52 s]
0.0.AM: Trace Attempt  3	[0.52 s]
0.0.AM: Trace Attempt  4	[0.52 s]
0.0.AM: Trace Attempt  5	[0.52 s]
0.0.N: Trace Attempt  1	[1.61 s]
0.0.N: Trace Attempt  2	[1.61 s]
0.0.N: Trace Attempt  3	[1.61 s]
0.0.N: Trace Attempt  4	[1.61 s]
0.0.N: Trace Attempt  5	[1.61 s]
0.0.AM: Trace Attempt  1	[1.90 s]
0.0.AM: Trace Attempt  2	[1.90 s]
0.0.AM: Trace Attempt  3	[1.90 s]
0.0.AM: Trace Attempt  4	[1.90 s]
0.0.AM: Trace Attempt  5	[1.90 s]
0.0.N: Trace Attempt  1	[2.30 s]
0.0.N: Trace Attempt  2	[2.30 s]
0.0.N: Trace Attempt  3	[2.30 s]
0.0.N: Trace Attempt  4	[2.30 s]
0.0.N: Trace Attempt  5	[2.30 s]
0.0.N: Trace Attempt  1	[2.93 s]
0.0.N: Trace Attempt  2	[2.93 s]
0.0.N: Trace Attempt  3	[2.93 s]
0.0.N: Trace Attempt  4	[2.93 s]
0.0.N: Trace Attempt  5	[2.93 s]
0.0.N: Trace Attempt  1	[3.55 s]
0.0.N: Trace Attempt  2	[3.55 s]
0.0.N: Trace Attempt  3	[3.55 s]
0.0.N: Trace Attempt  4	[3.55 s]
0.0.N: Trace Attempt  5	[3.55 s]
0.0.Hp: Trace Attempt 784	[4.01 s]
0.0.B: Trace Attempt 1481	[4.00 s]
0.0.Ht: Trace Attempt 1736	[4.00 s]
0.0.N: Trace Attempt  1	[4.18 s]
0.0.N: Trace Attempt  2	[4.18 s]
0.0.N: Trace Attempt  3	[4.18 s]
0.0.N: Trace Attempt  4	[4.18 s]
0.0.N: Trace Attempt  5	[4.18 s]
0.0.N: Trace Attempt  1	[4.81 s]
0.0.N: Trace Attempt  2	[4.81 s]
0.0.N: Trace Attempt  3	[4.81 s]
0.0.N: Trace Attempt  4	[4.81 s]
0.0.N: Trace Attempt  5	[4.81 s]
0.0.N: Trace Attempt  1	[5.44 s]
0.0.N: Trace Attempt  2	[5.44 s]
0.0.N: Trace Attempt  3	[5.44 s]
0.0.N: Trace Attempt  4	[5.44 s]
0.0.N: Trace Attempt  5	[5.44 s]
0.0.AM: Trace Attempt 367	[5.91 s]
0.0.N: Trace Attempt  1	[6.07 s]
0.0.N: Trace Attempt  2	[6.07 s]
0.0.N: Trace Attempt  3	[6.07 s]
0.0.N: Trace Attempt  4	[6.07 s]
0.0.N: Trace Attempt  5	[6.07 s]
0.0.N: Trace Attempt  1	[6.70 s]
0.0.N: Trace Attempt  2	[6.70 s]
0.0.N: Trace Attempt  3	[6.70 s]
0.0.N: Trace Attempt  4	[6.70 s]
0.0.N: Trace Attempt  5	[6.70 s]
0.0.N: Trace Attempt  1	[7.33 s]
0.0.N: Trace Attempt  2	[7.33 s]
0.0.N: Trace Attempt  3	[7.33 s]
0.0.N: Trace Attempt  4	[7.33 s]
0.0.N: Trace Attempt  5	[7.33 s]
0.0.N: Trace Attempt  1	[7.96 s]
0.0.N: Trace Attempt  2	[7.96 s]
0.0.N: Trace Attempt  3	[7.96 s]
0.0.N: Trace Attempt  4	[7.96 s]
0.0.N: Trace Attempt  5	[7.96 s]
0.0.Hp: Trace Attempt 912	[8.01 s]
0.0.B: Trace Attempt 2050	[8.01 s]
0.0.Ht: Trace Attempt 2198	[8.28 s]
0.0.N: Trace Attempt  1	[8.59 s]
0.0.N: Trace Attempt  2	[8.59 s]
0.0.N: Trace Attempt  3	[8.59 s]
0.0.N: Trace Attempt  4	[8.59 s]
0.0.N: Trace Attempt  5	[8.59 s]
0.0.N: Trace Attempt  1	[9.24 s]
0.0.N: Trace Attempt  2	[9.24 s]
0.0.N: Trace Attempt  3	[9.24 s]
0.0.N: Trace Attempt  4	[9.24 s]
0.0.N: Trace Attempt  5	[9.25 s]
0.0.AM: Trace Attempt 419	[9.91 s]
0.0.N: Trace Attempt  1	[10.29 s]
0.0.N: Trace Attempt  2	[10.29 s]
0.0.N: Trace Attempt  3	[10.29 s]
0.0.N: Trace Attempt  4	[10.29 s]
0.0.N: Trace Attempt  5	[10.29 s]
0.0.N: Trace Attempt  1	[11.33 s]
0.0.N: Trace Attempt  2	[11.34 s]
0.0.N: Trace Attempt  3	[11.34 s]
0.0.N: Trace Attempt  4	[11.34 s]
0.0.N: Trace Attempt  5	[11.34 s]
0.0.B: Trace Attempt 2472	[12.02 s]
0.0.AM: Trace Attempt  1	[12.05 s]
0.0.AM: Trace Attempt  2	[12.06 s]
0.0.AM: Trace Attempt  3	[12.06 s]
0.0.AM: Trace Attempt  4	[12.06 s]
0.0.AM: Trace Attempt  5	[12.06 s]
0.0.Hp: Trace Attempt 1025	[12.11 s]
0.0.N: Trace Attempt  1	[12.36 s]
0.0.N: Trace Attempt  2	[12.36 s]
0.0.N: Trace Attempt  3	[12.36 s]
0.0.N: Trace Attempt  4	[12.37 s]
0.0.N: Trace Attempt  5	[12.37 s]
0.0.Ht: Trace Attempt 2602	[12.43 s]
0.0.N: Trace Attempt  1	[13.37 s]
0.0.N: Trace Attempt  2	[13.37 s]
0.0.N: Trace Attempt  3	[13.37 s]
0.0.N: Trace Attempt  4	[13.37 s]
0.0.N: Trace Attempt  5	[13.37 s]
0.0.N: Trace Attempt  1	[14.38 s]
0.0.N: Trace Attempt  2	[14.38 s]
0.0.N: Trace Attempt  3	[14.38 s]
0.0.N: Trace Attempt  4	[14.38 s]
0.0.N: Trace Attempt  5	[14.38 s]
0.0.N: Trace Attempt  1	[15.38 s]
0.0.N: Trace Attempt  2	[15.38 s]
0.0.N: Trace Attempt  3	[15.38 s]
0.0.N: Trace Attempt  4	[15.38 s]
0.0.N: Trace Attempt  5	[15.38 s]
0.0.B: Trace Attempt 2855	[16.03 s]
0.0.AM: Trace Attempt 363	[16.13 s]
0.0.Hp: Trace Attempt 1033	[16.18 s]
0.0.N: Trace Attempt  1	[16.39 s]
0.0.N: Trace Attempt  2	[16.39 s]
0.0.N: Trace Attempt  3	[16.39 s]
0.0.N: Trace Attempt  4	[16.39 s]
0.0.N: Trace Attempt  5	[16.39 s]
0.0.Ht: Trace Attempt 3039	[16.44 s]
0.0.N: Trace Attempt  1	[17.40 s]
0.0.N: Trace Attempt  2	[17.40 s]
0.0.N: Trace Attempt  3	[17.40 s]
0.0.N: Trace Attempt  4	[17.40 s]
0.0.N: Trace Attempt  5	[17.40 s]
0.0.N: Trace Attempt  1	[18.41 s]
0.0.N: Trace Attempt  2	[18.41 s]
0.0.N: Trace Attempt  3	[18.41 s]
0.0.N: Trace Attempt  4	[18.41 s]
0.0.N: Trace Attempt  5	[18.41 s]
0.0.N: Trace Attempt  1	[19.42 s]
0.0.N: Trace Attempt  2	[19.42 s]
0.0.N: Trace Attempt  3	[19.42 s]
0.0.N: Trace Attempt  4	[19.42 s]
0.0.N: Trace Attempt  5	[19.42 s]
0.0.B: Trace Attempt 3295	[20.03 s]
0.0.AM: Trace Attempt 448	[20.25 s]
0.0.Hp: Trace Attempt 1052	[20.29 s]
0.0.Ht: Trace Attempt 3319	[20.44 s]
0.0.N: Trace Attempt  1	[20.54 s]
0.0.N: Trace Attempt  2	[20.54 s]
0.0.N: Trace Attempt  3	[20.54 s]
0.0.N: Trace Attempt  4	[20.54 s]
0.0.N: Trace Attempt  5	[20.55 s]
0.0.AM: Validation of fixpoint was successful. Time = 0.00
0.0.N: Requesting engine job to terminate
0.0.B: Requesting engine job to terminate
0.0.AM: Requesting engine job to terminate
0.0.Hp: Requesting engine job to terminate
0.0.Ht: Requesting engine job to terminate
INFO (IPF144): 0: Initiating shutdown of proof [24.05 s]
0.0.AM: Trace Attempt 489	[23.87 s]
0.0.AM: A proof was found: No trace exists. [24.02 s]
INFO (IPF057): 0.0.AM: The property "BLINK.p1" was proven in 24.02 s.
0.0.AM: Stopped processing property "BLINK.p1"	[24.02 s].
0.0.AM: All properties determined. [24.02 s]
0.0.AM: Exited with Success (@ 24.06 s)
0: ProofGrid usable level: 0
0.0.Ht: Trace Attempt 3513	[24.00 s]
0.0.Ht: All properties determined. [24.01 s]
0.0.Ht: Exited with Success (@ 24.07 s)
0.0.N: Trace Attempt 397	[24.04 s]
0.0.N: Stopped processing property "BLINK.p1"	[24.06 s].
0.0.N: All properties determined. [24.07 s]
0.0.N: Exited with Success (@ 24.07 s)
0.0.B: Trace Attempt 3531	[24.02 s]
0.0.B: Stopped processing property "BLINK.p1"	[24.04 s].
0.0.B: All properties determined. [24.04 s]
0.0.B: Exited with Success (@ 24.07 s)
0.0.Hp: Trace Attempt 1067	[23.97 s]
0.0.Hp: All properties determined. [24.11 s]
0.0.Hp: Exited with Success (@ 24.13 s)
0: --------------------------------------------------------------
ProofGrid Summary (utilization 99.83 %)
--------------------------------------------------------------
     engines started                               :     6
     engine jobs started                           :     6

    Average time in state (seconds)
    ------------------------------------------------------
    Engine  Pending     Running        Dead    Utilization
    ------------------------------------------------------
      N        0.03       24.05        0.00       99.86 %
     Hp        0.03       24.05        0.00       99.88 %
     Ht        0.05       24.00        0.00       99.80 %
     Oh        0.03        0.00        0.00        0.61 %
      B        0.03       24.02        0.00       99.86 %
     AM        0.03       24.02        0.00       99.87 %
    all        0.03       20.02        0.00       99.83 %

    Total time in state (seconds)
    -----------------------------------------
            Pending     Running        Dead  
    -----------------------------------------
               0.21      120.14        0.00

    Data read    : 3.22 MiB
    Data written : 4.95 kiB

0: All pending notifications were processed.
INFO (IPF059): 0: Completed proof on task: "<embedded>"

==============================================================
SUMMARY
==============================================================
           Properties Considered              : 1
                 assertions                   : 1
                  - proven                    : 1 (100%)
                  - bounded_proven (user)     : 0 (0%)
                  - bounded_proven (auto)     : 0 (0%)
                  - marked_proven             : 0 (0%)
                  - cex                       : 0 (0%)
                  - ar_cex                    : 0 (0%)
                  - undetermined              : 0 (0%)
                  - unknown                   : 0 (0%)
                  - error                     : 0 (0%)
                 covers                       : 0
                  - unreachable               : 0
                  - bounded_unreachable (user): 0
                  - covered                   : 0
                  - ar_covered                : 0
                  - undetermined              : 0
                  - unknown                   : 0
                  - error                     : 0
proven
[<embedded>] % exit -force
[<embedded>] % INFO (IPL005): Received request to exit from the console.
INFO: Waiting for proof threads to stop...
INFO: Proof threads stopped.
INFO (IPL018): The peak resident set memory use for this session was 0.729 GB.
INFO (IPL014): Waiting for the Tcl-thread to exit.
INFO (IPL015): The Tcl-thread exited with status 0.
INFO (IPL016): Exiting the analysis session with status 0.
Finished 1_blink_1.tcl successfully
