Jasper Apps 2024.06p002 64 bits 2024.09.02 16:28:38 UTC

Any disclosure about the Cadence Design Systems software or its use
model to any third party violates the written Non-Disclosure Agreement
between Cadence Design Systems, Inc. and the customer.

THIS SOFTWARE CONTAINS CONFIDENTIAL INFORMATION AND TRADE SECRETS OF
CADENCE DESIGN SYSTEMS, INC. USE, DISCLOSURE, OR REPRODUCTION IS
PROHIBITED WITHOUT THE PRIOR EXPRESS WRITTEN PERMISSION OF CADENCE
DESIGN SYSTEMS, INC.

Copyright (C) 2000-2024 Cadence Design Systems, Inc. All Rights
Reserved.  Unpublished -- rights reserved under the copyright laws of
the United States.

This product includes software developed by others and redistributed
according to license agreement. See doc/third_party_readme.txt for
further details.

RESTRICTED RIGHTS LEGEND

Use, duplication, or disclosure by the Government is subject to
restrictions as set forth in subparagraph (c) (1) (ii) of the Rights in
Technical Data and Computer Software clause at DFARS 252.227-7013 or
subparagraphs (c) (1) and (2) of Commercial Computer Software -- Restricted
Rights at 48 CFR 52.227-19, as applicable.


                          Cadence Design Systems, Inc.
                          2655 Seely Avenue
                          San Jose, CA 95134
                          Phone: 408.943.1234

For technical assistance visit http://support.cadence.com.

Jasper Apps Analysis Session - /users/rompel/jasper_executions/liveness/jgprojects/1_blink_16/sessionLogs/session_0

WARNING (WG017): [session]: The system's locale is "ANSI_X3.4-1968", which is not UTF-8. Non-ASCII characters might not be handled correctly.
WARNING (WG017): [jg_console]: The system's locale is "ANSI_X3.4-1968", which is not UTF-8. Non-ASCII characters might not be handled correctly.
INFO: successfully checked out license "jasper_fao".
INFO: reading configuration file "/users/rompel/.config/cadence/jasper.conf".
% analyze -sv09 ../1_blink_16.sv
[-- (VERI-1482)] Analyzing Verilog file '/tools/cadence2425/JASPER/jasper_2024.06p002/lib/verilog/packages/std/std.sv' into library 'std'
[-- (VERI-1482)] Analyzing Verilog file '../1_blink_16.sv'
% elaborate -bbox_mul 1000000 -bbox_div 1000000 -bbox_mod 1000000 -bbox_a 1000000
[INFO (HIER-8002)] ../1_blink_16.sv(18): Disabling old hierarchical reference handler
[INFO (VERI-1018)] ../1_blink_16.sv(1): compiling module 'BLINK'
[WARN (VERI-1209)] ../1_blink_16.sv(10): expression size 32 truncated to fit in target size 23
INFO (ISW003): Top module name is "BLINK".
INFO (INL208): Elaboration synthesis summary:
  Number of synthesized netlists          1 (0 packages)
  Single run mode                         On
  Pipeline                                On (1 pipelined netlists)
  Late hierarchical reference connection  On
  Number of analyzed Verilog modules      1 (1 synthesized)
  Number of analyzed VHDL entities        0 (0 synthesized)
INFO (INL003): Clearing all state information (assumes, stopats, and so forth).
BLINK
[<embedded>] % reset rst
INFO (IPM031): Clearing proof results of all properties.
INFO (IRS006): Current reset condition is "rst".
[<embedded>] % clock clk
[<embedded>] % prove -all
Ncustom1: Custom engine code is hT3Ng7hPPfiYQOTDZ3qhYOwGAM51eA+J/FjkM5shLioAsqhgLR4Ft+O1BuKG6ilQ83B9tLXSl+CwjiTMAQA
Bcustom2: Custom engine code is hT3Nm7hPr1Vp3Di1Ra2USNIGL4JypRnLKLAdF6JAyuavO2JfGCiY9OZJhcAcOUnLx5xwNdhILGrAWX9s+z2WDkKwNR7tAfClBEjRFVQeq6DU54boFgEA
AMcustom3: Custom engine code is hT3Ng7hP/feYQOTDZ3qhYOwGAM51eA+J/FjkM5shLioAsqhgLR4Ft+O1BuKG6ilQ83B9tLXSmmqwm7g9AQA
Mpcustom4: Custom engine code is hT3NZbhP9fmY2AbBQnsjfOxn6c+6e6yL+/e8fZFmaQrnlgEA
INFO (IPF036): Starting proof on task: "<embedded>", 1 properties to prove with 0 already proven/unreachable
INFO (IRS029): Starting reset analysis: phase 1 of 4.
INFO (IRS030): Running reset analysis: phase 2 of 4.
INFO (IRS031): Running reset analysis: phase 3 of 4.
INFO (IRS020): Starting the reset analysis simulation with a limit of 100 iterations (phase 4 of 4).
INFO (IRS024): Reset iterations 0 to 4 analyzed.
INFO (IRS018): Reset analysis simulation executed for 3 iterations. Assigned values for 24 of 26 design flops, 0 of 0 design latches, 3 of 3 internal elements.
INFO (IRS039): Reset analysis complete.
INFO (IPF031): Settings used for proof thread 0:
    orchestration                 = on
    time_limit                    = 86400s
    per_property_time_limit       = 1s * 10 ^ scan
    engine_mode                   = auto
    proofgrid_per_engine_max_jobs = 1
    max engine jobs               = auto
    proofgrid_mode                = local
    proofgrid_restarts            = 10
0: Using multistage preprocessing
AMcustom5: Custom engine code is hT3N1rhP11/52HrFRS21ROp2LOjVTgPvT8L8BGXHgLhaIuqtT4nARFjUqrBL+7pLmaTOzBepZW/Jm8SSrHDybSQtoNiO3y43wk+dEoWlsZizu97Fih6O6lPVG/LpWP5SsUPwlGagLNa1FKEFvwVXyX7//8prySbvSxIHXr5er+z4RAEA
0: Starting reduce
Ncustom6: Custom engine code is hT3OXrhPByJp3TrFSTLhUmMH4KVtJgmTCnNDF46yMXOKY48m4LS5nE7yBzFjA7kDuwO/GhGUpEPiky3p3wmPn3dJZHxFMsafSoObRzSC+tn7sEY0WbTdZ/FV4hL3MYH/b1CIUvXSWR4wqEoVLsmMOD4xIPT4lI1LO6ZCO7PnnWQuLwetnvKlrXx6wCW/A+x+enqslg1YPobi4wEF/EvbzOvcTYdJvl2s4H2yZg2b2ofAVN5WvhWk1HoBAA
ADcustom7: Custom engine code is hT3Nv7hPv1752HrFRa2kROx2f/ECJeZB2AZsLdlO8VwmIuqtT4nIDFXclhg+O+o+DMmQCekbheGk0kK28laA9gaOFDXsQp29J3X615HY1IPHJWd6FUFvCHjO+p1k652b5JJvZlShNpGlGSXAiQe/mEAj6tEBAA
Tricustom8: Custom engine code is hT3Nu7hPt1752DvFRa0kNDiyIV97VyejwM9C/jCLJjdPvusZONHY42VYUy0Q1ZotnhcVtNc56tJ5wbxv6V2+XpdsaSlHck5vfnbYjdwj1OECy9U+7oSQ0SZE3g5ayD+Phuh4odCJTjeKa2k4elM9ldQfkAEA
Gcustom9: Custom engine code is hT3NibhPDfeYQADBZnYcglOvK9Pfd7EOeniIqP8jNsyIqInncipMGcUXqAadachREE9F2PwhBUZUNw5kHnd4JdXkamORRgEA
C2custom10: Custom engine code is hT3NirhPjfWYQADBZnYcglOvK9Pfd7EOeniIqP8jNsyIqInncgkrYMMXCYbdK0dUjZIF9d4cJ0rHoBDjwVLBKuG86XYVV00BAA
AGcustom11: Custom engine code is hT3NirhP/fmYQADBZnYcglOvK9Pfd7EOeniIqP8jNsyIqInnckcwYMMXCYbdK0dUjZIF9d4cJ0rHoBDjwVLBKuHEZnZByh0BAA
Bcustom12: Custom engine code is hT3NjrhPDfiYQADBZnYcglOvK9PfWxFtenjIyBqfrgr7if/jL/yPOuK1BAflEcW0DxNH2eDIoezN2gxlQFg81RZtiWXh7aiTAidvAQA
Ncustom13: Custom engine code is hT3NR7hPByFp3TrFSTLhUmMH4KWtJglTyV/c51BHEeZWamnJv767nE6PCak26bd3gf3XGN3rIRheufhDieCJQVISo+gNYUKhiUedBKGtsP/a18svAnlMJZudHxDFwK5ufsyoxsIyiAeSY2oi3tEuoDHr5gw42DFKAG3PqO3CEsl8Azzdt3pl5nGA1Ifv2H02eYsFzWb/nfp8PMb3F0krE/EgBcm8TD9Div8BAA
Tricustom14: Custom engine code is hT3Nu7hP3fiYQADBZnYcglNHp9bfd7EOeniIqP/ji8sGLQu8yhsFO+wxJ+O+R0bU8g/IewXFomyos+viQnWc2xYNYmMqpo3i40O7DaZR7qfp4YqNx26KRvQ/qx0BAA
0: Finished reduce in 0s
0.0.PRE: Performing Proof Simplification...
0.0.N: clocks: 1, declared: 1, looping: 0, posedge: 1, negedge: 0, noedge: 0, bothedge: 0
0.0.N: Proof Simplification Iteration 1	[0.00 s]
0.0.PRE: A proof was found: No trace exists. [0.00 s]
INFO (IPF057): 0.0.PRE: The property ":noDeadEnd" was proven in 0.00 s.
    Use check_assumptions -show -dead_end to show this property in the property table.
0.0.PRE: A proof was found: No trace exists. [0.00 s]
INFO (IPF057): 0.0.PRE: The property ":noConflict" was proven in 0.00 s.
    Use check_assumptions -show to show this property in the property table.
INFO (IPF047): 0.0.PRE: The cover property ":live" was covered in 1 cycles in 0.00 s.
    Use check_assumptions -show -live to show this property in the property table.
0.0.PRE: Proof Simplification completed in 0.00 s
0: About to start ProofGrid in its own thread with a limit of 10000 pending notifications and a limit of 10 traces.
0: =============================== ProofGrid start ===============================
0: ProofGrid usable level: 1
0: Initial ProofGrid level: 1
0: ProofGrid is starting event handling
0.0.Hp: Proofgrid shell started at 9650@vlsi-ria85(local) jg_9583_vlsi-ria85_1
0.0.N: Proofgrid shell started at 9649@vlsi-ria85(local) jg_9583_vlsi-ria85_1
0.0.Hp: clocks: 1, declared: 1, looping: 0, posedge: 1, negedge: 0, noedge: 0, bothedge: 0
0.0.Hp: Last scan. Per property time limit: 0s
0.0.N: clocks: 1, declared: 1, looping: 0, posedge: 1, negedge: 0, noedge: 0, bothedge: 0
0.0.N: Last scan. Per property time limit: 0s
0.0.N: Starting proof for property "BLINK.p1"	[0.00 s].
0.0.N: Trace Attempt  1	[0.00 s]
0.0.N: Trace Attempt  2	[0.00 s]
0.0.Hp: Trace Attempt  1	[0.00 s]
0.0.N: Trace Attempt  2	[0.00 s]
0.0.Hp: Trace Attempt  2	[0.00 s]
0.0.N: Trace Attempt  3	[0.00 s]
0.0.Hp: Trace Attempt  3	[0.00 s]
0.0.N: Trace Attempt  3	[0.00 s]
0.0.Hp: Trace Attempt  4	[0.00 s]
0.0.N: Trace Attempt  4	[0.00 s]
0.0.Hp: Trace Attempt  5	[0.00 s]
0.0.N: Trace Attempt  5	[0.00 s]
0.0.N: Trace Attempt  1	[0.00 s]
0.0.N: Trace Attempt  2	[0.00 s]
0.0.N: Trace Attempt  3	[0.00 s]
0.0.N: Trace Attempt  4	[0.01 s]
0.0.N: Trace Attempt  5	[0.01 s]
0.0.Oh: Proofgrid shell started at 9682@vlsi-ria85(local) jg_9583_vlsi-ria85_1
0.0.B: Proofgrid shell started at 9683@vlsi-ria85(local) jg_9583_vlsi-ria85_1
0.0.AM: Proofgrid shell started at 9684@vlsi-ria85(local) jg_9583_vlsi-ria85_1
0.0.B: clocks: 1, declared: 1, looping: 0, posedge: 1, negedge: 0, noedge: 0, bothedge: 0
0.0.AM: clocks: 1, declared: 1, looping: 0, posedge: 1, negedge: 0, noedge: 0, bothedge: 0
0.0.B: Last scan. Per property time limit: 0s
0.0.B: Starting proof for property "BLINK.p1"	[0.00 s].
0.0.AM: Last scan. Per property time limit: 0s
0.0.AM: Starting proof for property "BLINK.p1"	[0.00 s].
0.0.B: Trace Attempt  1	[0.00 s]
0.0.Oh: clocks: 1, declared: 1, looping: 0, posedge: 1, negedge: 0, noedge: 0, bothedge: 0
0.0.AM: Trace Attempt  1	[0.00 s]
0.0.B: Trace Attempt  2	[0.00 s]
0.0.Oh: Reached length limit (2147483647) [0.00 s]
0.0.AM: Trace Attempt  2	[0.00 s]
0.0.AM: Trace Attempt  3	[0.00 s]
0.0.AM: Trace Attempt  4	[0.00 s]
0.0.AM: Trace Attempt  5	[0.00 s]
0.0.AM: Trace Attempt  1	[0.00 s]
0.0.AM: Trace Attempt  2	[0.00 s]
0.0.AM: Trace Attempt  3	[0.00 s]
0.0.AM: Trace Attempt  4	[0.01 s]
0.0.Ht: Proofgrid shell started at 9681@vlsi-ria85(local) jg_9583_vlsi-ria85_1
0.0.B: Trace Attempt  3	[0.00 s]
0.0.B: Trace Attempt  4	[0.00 s]
0.0.B: Trace Attempt  5	[0.00 s]
0.0.Oh: Exited with Success (@ 0.04 s)
0.0.Ht: clocks: 1, declared: 1, looping: 0, posedge: 1, negedge: 0, noedge: 0, bothedge: 0
0.0.Ht: Last scan. Per property time limit: 0s
0.0.Ht: Trace Attempt  1	[0.00 s]
0.0.Ht: Trace Attempt  2	[0.00 s]
0.0.Ht: Trace Attempt  3	[0.00 s]
0.0.Ht: Trace Attempt  4	[0.00 s]
0.0.Ht: Trace Attempt  5	[0.00 s]
0.0.AM: Trace Attempt  5	[0.01 s]
0.0.AM: Trace Attempt  1	[0.02 s]
0.0.AM: Trace Attempt  2	[0.02 s]
0.0.AM: Trace Attempt  3	[0.02 s]
0.0.AM: Trace Attempt  4	[0.02 s]
0.0.AM: Trace Attempt  5	[0.03 s]
0.0.AM: Trace Attempt  1	[0.06 s]
0.0.AM: Trace Attempt  2	[0.06 s]
0.0.AM: Trace Attempt  3	[0.06 s]
0.0.AM: Trace Attempt  4	[0.07 s]
0.0.AM: Trace Attempt  5	[0.07 s]
0.0.AM: Trace Attempt  1	[0.14 s]
0.0.AM: Trace Attempt  2	[0.14 s]
0.0.AM: Trace Attempt  3	[0.14 s]
0.0.AM: Trace Attempt  4	[0.14 s]
0.0.AM: Trace Attempt  5	[0.14 s]
0.0.AM: Trace Attempt  1	[0.33 s]
0.0.AM: Trace Attempt  2	[0.33 s]
0.0.AM: Trace Attempt  3	[0.33 s]
0.0.AM: Trace Attempt  4	[0.33 s]
0.0.AM: Trace Attempt  5	[0.33 s]
0.0.AM: Trace Attempt  1	[0.86 s]
0.0.AM: Trace Attempt  2	[0.86 s]
0.0.AM: Trace Attempt  3	[0.86 s]
0.0.AM: Trace Attempt  4	[0.86 s]
0.0.AM: Trace Attempt  5	[0.87 s]
0.0.AM: Trace Attempt  1	[2.59 s]
0.0.AM: Trace Attempt  2	[2.59 s]
0.0.AM: Trace Attempt  3	[2.59 s]
0.0.AM: Trace Attempt  4	[2.60 s]
0.0.AM: Trace Attempt  5	[2.60 s]
0.0.Hp: Trace Attempt 552	[4.01 s]
0.0.B: Trace Attempt 1788	[4.00 s]
0.0.Ht: Trace Attempt 1730	[4.00 s]
0.0.N: Trace Attempt 158	[4.43 s]
0.0.AM: Trace Attempt 447	[6.60 s]
0.0.Hp: Trace Attempt 772	[8.01 s]
0.0.B: Trace Attempt 2489	[8.01 s]
0.0.Ht: Trace Attempt 2339	[8.01 s]
0.0.AM: Trace Attempt  1	[9.28 s]
0.0.AM: Trace Attempt  2	[9.29 s]
0.0.AM: Trace Attempt  3	[9.29 s]
0.0.AM: Trace Attempt  4	[9.29 s]
0.0.AM: Trace Attempt  5	[9.29 s]
0.0.N: Trace Attempt 172	[9.53 s]
0.0.Hp: Trace Attempt 941	[12.04 s]
0.0.B: Trace Attempt 3030	[12.01 s]
0.0.Ht: Trace Attempt 2822	[12.01 s]
0.0.AM: Trace Attempt 211	[13.36 s]
0.0.N: Trace Attempt 221	[13.63 s]
0.0.B: Trace Attempt 3502	[16.01 s]
0.0.Hp: Trace Attempt 1086	[16.04 s]
0.0.Ht: Trace Attempt 3246	[16.01 s]
0.0.AM: Trace Attempt 333	[17.40 s]
0.0.N: Trace Attempt 293	[17.72 s]
0.0.B: Trace Attempt 3913	[20.01 s]
0.0.Ht: Trace Attempt 3597	[20.02 s]
0.0.Hp: Trace Attempt 1213	[20.06 s]
0.0.AM: Trace Attempt 369	[21.62 s]
0.0.N: Trace Attempt 332	[21.83 s]
0.0.B: Trace Attempt 4284	[24.01 s]
0.0.Ht: Trace Attempt 3939	[24.03 s]
0.0.Hp: Trace Attempt 1326	[24.08 s]
0.0.AM: Trace Attempt 392	[25.73 s]
0.0.B: Trace Attempt 4623	[28.01 s]
0.0.Ht: Trace Attempt 4219	[28.03 s]
0.0.Hp: Trace Attempt 1429	[28.10 s]
0.0.AM: Trace Attempt 435	[29.79 s]
0.0.N: Trace Attempt 494	[29.86 s]
0.0.B: Trace Attempt 4939	[32.02 s]
0.0.Ht: Trace Attempt 4469	[32.03 s]
0.0.Hp: Trace Attempt 1524	[32.13 s]
0.0.AM: Trace Attempt 540	[33.84 s]
0.0.N: Trace Attempt 683	[34.10 s]
0.0.B: Trace Attempt 5238	[36.02 s]
0.0.Ht: Trace Attempt 4732	[36.05 s]
0.0.Hp: Trace Attempt 1614	[36.16 s]
0.0.AM: Trace Attempt 553	[37.92 s]
0.0.N: Trace Attempt 734	[38.10 s]
0.0.B: Trace Attempt 5518	[40.03 s]
0.0.Ht: Trace Attempt 4997	[40.06 s]
0.0.Hp: Trace Attempt 1697	[40.18 s]
0.0.AM: Trace Attempt 593	[41.94 s]
0.0.B: Trace Attempt 5786	[44.04 s]
0.0.Ht: Trace Attempt 5233	[44.08 s]
0.0.Hp: Trace Attempt 1777	[44.18 s]
0.0.N: Trace Attempt 783	[45.49 s]
0.0.AM: Trace Attempt 622	[46.04 s]
0.0.B: Trace Attempt 6041	[48.04 s]
0.0.Ht: Trace Attempt 5443	[48.09 s]
0.0.Hp: Trace Attempt 1854	[48.22 s]
0.0.N: Trace Attempt 825	[49.52 s]
0.0.AM: Trace Attempt 648	[50.29 s]
0.0.B: Trace Attempt 6286	[52.05 s]
0.0.Ht: Trace Attempt 5647	[52.09 s]
0.0.Hp: Trace Attempt 1928	[52.27 s]
0.0.N: Trace Attempt 845	[53.59 s]
0.0.AM: Trace Attempt 672	[54.69 s]
0.0.B: Trace Attempt 6519	[56.06 s]
0.0.Ht: Trace Attempt 5865	[56.11 s]
0.0.Hp: Trace Attempt 1998	[56.29 s]
0.0.AM: Trace Attempt 691	[58.80 s]
0.0.N: Trace Attempt 868	[58.93 s]
0.0.B: Trace Attempt 6743	[60.07 s]
0.0.Ht: Trace Attempt 6074	[60.11 s]
0.0.Hp: Trace Attempt 2065	[60.29 s]
0.0.AM: Trace Attempt 708	[63.02 s]
0.0.B: Trace Attempt 6962	[64.07 s]
0.0.Ht: Trace Attempt 6256	[64.12 s]
0.0.Hp: Trace Attempt 2130	[64.33 s]
0.0.AM: Trace Attempt 722	[67.80 s]
0.0.B: Trace Attempt 7172	[68.08 s]
0.0.Ht: Trace Attempt 6422	[68.14 s]
0.0.Hp: Trace Attempt 2191	[68.36 s]
0.0.AM: Trace Attempt 740	[71.97 s]
0.0.B: Trace Attempt 7363	[72.09 s]
0.0.Ht: Trace Attempt 6581	[72.14 s]
0.0.Hp: Trace Attempt 2246	[72.42 s]
0.0.N: Trace Attempt 875	[74.13 s]
0.0.B: Trace Attempt 7556	[76.10 s]
0.0.AM: Trace Attempt 754	[76.13 s]
0.0.Ht: Trace Attempt 6753	[76.15 s]
0.0.Hp: Trace Attempt 2304	[76.47 s]
0.0.N: Trace Attempt 911	[78.27 s]
0.0.B: Trace Attempt 7746	[80.11 s]
0.0.Ht: Trace Attempt 6934	[80.17 s]
0.0.Hp: Trace Attempt 2362	[80.53 s]
0.0.AM: Trace Attempt 767	[81.09 s]
0.0.N: Trace Attempt 950	[82.35 s]
0.0.B: Trace Attempt 7932	[84.12 s]
0.0.Ht: Trace Attempt 7111	[84.17 s]
0.0.Hp: Trace Attempt 2418	[84.54 s]
0.0.AM: Trace Attempt 777	[85.12 s]
0.0.N: Trace Attempt 963	[86.53 s]
0.0.B: Trace Attempt 8111	[88.12 s]
0.0.Ht: Trace Attempt 7270	[88.18 s]
0.0.Hp: Trace Attempt 2473	[88.58 s]
0.0.AM: Trace Attempt 788	[89.29 s]
0.0.N: Trace Attempt 992	[91.04 s]
0.0.B: Trace Attempt 8284	[92.13 s]
0.0.Ht: Trace Attempt 7420	[92.20 s]
0.0.Hp: Trace Attempt 2527	[92.62 s]
0.0.AM: Trace Attempt 803	[93.67 s]
0.0.N: Trace Attempt 1021	[95.15 s]
0.0.B: Trace Attempt 8446	[96.14 s]
0.0.Ht: Trace Attempt 7567	[96.20 s]
0.0.Hp: Trace Attempt 2579	[96.64 s]
0.0.AM: Trace Attempt 811	[97.69 s]
0.0.B: Trace Attempt 8603	[100.15 s]
0.0.Ht: Trace Attempt 7715	[100.23 s]
0.0.Hp: Trace Attempt 2631	[100.69 s]
0.0.AM: Trace Attempt 822	[101.86 s]
0.0.B: Trace Attempt 8758	[104.15 s]
0.0.Ht: Trace Attempt 7876	[104.25 s]
0.0.Hp: Trace Attempt 2682	[104.69 s]
0.0.N: Trace Attempt 1029	[104.85 s]
0.0.AM: Trace Attempt 829	[106.35 s]
0.0.B: Trace Attempt 8910	[108.16 s]
0.0.Ht: Trace Attempt 8034	[108.26 s]
0.0.Hp: Trace Attempt 2732	[108.70 s]
0.0.N: Trace Attempt 1031	[109.99 s]
0.0.AM: Trace Attempt 839	[110.64 s]
0.0.B: Trace Attempt 9059	[112.18 s]
0.0.Ht: Trace Attempt 8190	[112.27 s]
0.0.Hp: Trace Attempt 2781	[112.70 s]
0.0.N: Trace Attempt 1076	[115.03 s]
0.0.AM: Trace Attempt 515	[115.04 s]
0.0.B: Trace Attempt 9199	[116.19 s]
0.0.Ht: Trace Attempt 8314	[116.30 s]
0.0.Hp: Trace Attempt 2828	[116.78 s]
0.0.N: Trace Attempt 1141	[119.04 s]
0.0.AM: Trace Attempt 753	[119.05 s]
0.0.B: Trace Attempt 9326	[120.19 s]
0.0.Ht: Trace Attempt 8431	[120.31 s]
0.0.Hp: Trace Attempt 2872	[120.84 s]
0.0.AM: Trace Attempt 957	[123.05 s]
0.0.N: Trace Attempt 1294	[123.31 s]
0.0.B: Trace Attempt 9453	[124.19 s]
0.0.Ht: Trace Attempt 8550	[124.32 s]
0.0.Hp: Trace Attempt 2915	[124.86 s]
0.0.AM: Trace Attempt  1	[124.94 s]
0.0.AM: Trace Attempt  2	[124.94 s]
0.0.AM: Trace Attempt  3	[124.94 s]
0.0.AM: Trace Attempt  4	[124.95 s]
0.0.AM: Trace Attempt  5	[124.95 s]
0.0.N: Trace Attempt 1340	[127.46 s]
0.0.B: Trace Attempt 9592	[128.19 s]
0.0.Ht: Trace Attempt 8682	[128.34 s]
0.0.Hp: Trace Attempt 2961	[128.92 s]
0.0.AM: Trace Attempt 531	[129.00 s]
0.0.N: Trace Attempt 1388	[131.59 s]
0.0.B: Trace Attempt 9732	[132.20 s]
0.0.Ht: Trace Attempt 8829	[132.37 s]
0.0.Hp: Trace Attempt 3007	[132.97 s]
0.0.AM: Trace Attempt 854	[133.00 s]
0.0.B: Trace Attempt 9868	[136.21 s]
0.0.Ht: Trace Attempt 8976	[136.38 s]
0.0.N: Trace Attempt 1392	[136.46 s]
0.0.Hp: Trace Attempt 3052	[136.99 s]
0.0.AM: Trace Attempt 1079	[137.04 s]
0.0.B: Trace Attempt 10006	[140.23 s]
0.0.Ht: Trace Attempt 9121	[140.40 s]
0.0.N: Trace Attempt 1439	[140.78 s]
0.0.Hp: Trace Attempt 3096	[141.00 s]
0.0.AM: Trace Attempt 1174	[141.06 s]
0.0.B: Trace Attempt 10139	[144.24 s]
0.0.Ht: Trace Attempt 9257	[144.44 s]
0.0.N: Trace Attempt 1597	[144.89 s]
0.0.Hp: Trace Attempt 3139	[145.04 s]
0.0.AM: Trace Attempt 1354	[145.22 s]
0.0.B: Trace Attempt 10272	[148.25 s]
0.0.Ht: Trace Attempt 9382	[148.45 s]
0.0.Hp: Trace Attempt 3182	[149.11 s]
0.0.AM: Trace Attempt 1563	[149.29 s]
0.0.B: Trace Attempt 10403	[152.25 s]
0.0.Ht: Trace Attempt 9505	[152.45 s]
0.0.Hp: Trace Attempt 3224	[153.15 s]
0.0.AM: Trace Attempt 1660	[153.30 s]
0.0.N: Trace Attempt 1629	[154.14 s]
0.0.B: Trace Attempt 10531	[156.26 s]
0.0.Ht: Trace Attempt 9626	[156.49 s]
0.0.Hp: Trace Attempt 3264	[157.17 s]
0.0.AM: Trace Attempt 1681	[158.05 s]
0.0.B: Trace Attempt 10655	[160.27 s]
0.0.Ht: Trace Attempt 9745	[160.49 s]
0.0.Hp: Trace Attempt 3304	[161.23 s]
0.0.AM: Trace Attempt 1691	[162.13 s]
0.0.B: Trace Attempt 10776	[164.29 s]
0.0.Ht: Trace Attempt 9872	[164.50 s]
0.0.Hp: Trace Attempt 3343	[165.32 s]
0.0.AM: Trace Attempt 1700	[166.41 s]
0.0.B: Trace Attempt 10895	[168.31 s]
0.0.Ht: Trace Attempt 9997	[168.51 s]
0.0.N: Trace Attempt 1793	[169.06 s]
0.0.Hp: Trace Attempt 3382	[169.42 s]
0.0.AM: Trace Attempt 1711	[170.61 s]
0.0.B: Trace Attempt 11015	[172.33 s]
0.0.Ht: Trace Attempt 10124	[172.55 s]
0.0.N: Trace Attempt 2038	[173.07 s]
0.0.Hp: Trace Attempt 3421	[173.47 s]
0.0.AM: Trace Attempt 1727	[175.53 s]
0.0.B: Trace Attempt 11133	[176.34 s]
0.0.Ht: Trace Attempt 10248	[176.57 s]
0.0.N: Trace Attempt 2258	[177.08 s]
0.0.Hp: Trace Attempt 3460	[177.57 s]
0.0.AM: Trace Attempt 1736	[179.69 s]
0.0.B: Trace Attempt 11251	[180.36 s]
0.0.Ht: Trace Attempt 10357	[180.60 s]
0.0.B: Trace Attempt 11268	[180.95 s]
0.0.B: Stopped processing property "BLINK.p1"	[181.08 s].
0.0.B: Morphing to Bcustom2
0.0.B: All properties determined. [0.00 s]
0.0.B: Exited with Success (@ 0.00 s)
0.0.Bcustom2: clocks: 1, declared: 1, looping: 0, posedge: 1, negedge: 0, noedge: 0, bothedge: 0
0.0.Bcustom2: Starting proof for property "BLINK.p1"	[0.00 s].
0.0.Bcustom2: Trace Attempt  1	[0.00 s]
0.0.Bcustom2: Trace Attempt  2	[0.00 s]
0.0.Bcustom2: Trace Attempt  1	[0.00 s]
0.0.Bcustom2: Trace Attempt  2	[0.00 s]
0.0.Bcustom2: Trace Attempt  3	[0.00 s]
0.0.Bcustom2: Trace Attempt  4	[0.00 s]
0.0.Bcustom2: Trace Attempt  5	[0.00 s]
0.0.Tri: Proofgrid shell started at 9949@vlsi-ria85(local) jg_9583_vlsi-ria85_1
0.0.Tri: clocks: 1, declared: 1, looping: 0, posedge: 1, negedge: 0, noedge: 0, bothedge: 0
0.0.Tri: Last scan. Per property time limit: 0s
0.0.Tri: Starting proof for property "BLINK.p1"	[0.00 s].
0.0.Tri: Trace Attempt  1	[0.00 s]
0.0.AM: Stopped processing property "BLINK.p1"	[181.14 s].
0.0.AM: Morphing to AMcustom3
0.0.AM: All properties determined. [0.00 s]
0.0.AM: Exited with Success (@ 0.00 s)
0.0.AMcustom3: clocks: 1, declared: 1, looping: 0, posedge: 1, negedge: 0, noedge: 0, bothedge: 0
0.0.AMcustom3: Starting proof for property "BLINK.p1"	[0.00 s].
0.0.AMcustom3: Trace Attempt  1	[0.00 s]
0.0.AMcustom3: Trace Attempt  2	[0.00 s]
0.0.AMcustom3: Trace Attempt  3	[0.00 s]
0.0.AMcustom3: Trace Attempt  4	[0.00 s]
0.0.AMcustom3: Trace Attempt  5	[0.00 s]
0.0.AMcustom3: Trace Attempt  1	[0.00 s]
0.0.AMcustom3: Trace Attempt  2	[0.00 s]
0.0.AMcustom3: Trace Attempt  3	[0.00 s]
0.0.AMcustom3: Trace Attempt  4	[0.01 s]
0.0.AMcustom3: Trace Attempt  5	[0.01 s]
0.0.Tri:    0.00" ---- Launching main thread ----
0.0.AMcustom3: Trace Attempt  1	[0.02 s]
0.0.AMcustom3: Trace Attempt  2	[0.02 s]
0.0.AMcustom3: Trace Attempt  3	[0.02 s]
0.0.AMcustom3: Trace Attempt  4	[0.02 s]
0.0.AMcustom3: Trace Attempt  5	[0.03 s]
0.0.Tri:    0.04" ---- Launching abstraction thread ----
0.0.Tri:    0.05" ---- Launching multi-phase simplification thread ----
0.0.AMcustom3: Trace Attempt  1	[0.07 s]
0.0.AMcustom3: Trace Attempt  2	[0.07 s]
0.0.AMcustom3: Trace Attempt  3	[0.07 s]
0.0.AMcustom3: Trace Attempt  4	[0.07 s]
0.0.AMcustom3: Trace Attempt  5	[0.07 s]
0.0.Tri:    0.07" ---- Launching liveness simplification thread ----
0.0.N: Trace Attempt 2280	[180.96 s]
0.0.N: Stopped processing property "BLINK.p1"	[181.33 s].
0.0.N: Morphing to Ncustom1
0.0.N: All properties determined. [0.00 s]
0.0.N: Exited with Success (@ 0.00 s)
0.0.Ncustom1: clocks: 1, declared: 1, looping: 0, posedge: 1, negedge: 0, noedge: 0, bothedge: 0
0.0.Ncustom1: Starting proof for property "BLINK.p1"	[0.00 s].
0.0.Ncustom1: Trace Attempt  3	[0.00 s]
0.0.Ncustom1: Trace Attempt  4	[0.00 s]
0.0.Ncustom1: Trace Attempt  5	[0.00 s]
0.0.Ncustom1: Trace Attempt  1	[0.00 s]
0.0.Ncustom1: Trace Attempt  2	[0.00 s]
0.0.Ncustom1: Trace Attempt  3	[0.00 s]
0.0.AMcustom3: Trace Attempt  1	[0.18 s]
0.0.AMcustom3: Trace Attempt  2	[0.18 s]
0.0.AMcustom3: Trace Attempt  3	[0.18 s]
0.0.AMcustom3: Trace Attempt  4	[0.18 s]
0.0.AMcustom3: Trace Attempt  5	[0.18 s]
0.0.Ncustom1: Trace Attempt  4	[0.02 s]
0.0.Ncustom1: Trace Attempt  5	[0.02 s]
0.0.Hp: Trace Attempt 3498	[181.65 s]
0.0.AMcustom3: Trace Attempt  1	[0.60 s]
0.0.AMcustom3: Trace Attempt  2	[0.60 s]
0.0.AMcustom3: Trace Attempt  3	[0.60 s]
0.0.AMcustom3: Trace Attempt  4	[0.61 s]
0.0.AMcustom3: Trace Attempt  5	[0.61 s]
0.0.AMcustom3: Trace Attempt 84	[0.87 s]
0.0.AMcustom3: Stopped processing property "BLINK.p1"	[0.87 s].
0.0.AMcustom3: Morphing to M
0.0.AMcustom3: All properties determined. [0.00 s]
0.0.AMcustom3: Exited with Success (@ 0.00 s)
0.0.M: clocks: 1, declared: 1, looping: 0, posedge: 1, negedge: 0, noedge: 0, bothedge: 0
0.0.M: Starting proof for property "BLINK.p1"	[0.00 s].
0.0.M: Trace Attempt  1	[0.00 s]
0.0.M: Trace Attempt  2	[0.00 s]
0.0.M: Trace Attempt  3	[0.00 s]
0.0.Bcustom2: Trace Attempt 1561	[0.92 s]
0.0.Bcustom2: Stopped processing property "BLINK.p1"	[0.93 s].
0.0.Bcustom2: Morphing to D
0.0.Bcustom2: All properties determined. [0.00 s]
0.0.Bcustom2: Exited with Success (@ 0.00 s)
0.0.M: Trace Attempt  4	[0.00 s]
0.0.D: clocks: 1, declared: 1, looping: 0, posedge: 1, negedge: 0, noedge: 0, bothedge: 0
0.0.D: Starting proof for property "BLINK.p1"	[0.00 s].
0.0.D: Trace Attempt  1	[0.00 s]
0.0.D: Trace Attempt  2	[0.00 s]
0.0.D: Trace Attempt  4	[0.00 s]
0.0.D: Trace Attempt  5	[0.00 s]
0.0.Tri: Stopped processing property "BLINK.p1"	[0.92 s].
0.0.Tri: Morphing to AMcustom5
0.0.Tri: All properties determined. [0.00 s]
0.0.Tri: Exited with Success (@ 0.00 s)
0.0.AMcustom5: clocks: 1, declared: 1, looping: 0, posedge: 1, negedge: 0, noedge: 0, bothedge: 0
0.0.AMcustom5: Starting proof for property "BLINK.p1"	[0.00 s].
0.0.AMcustom5: Trace Attempt  1	[0.00 s]
0.0.AMcustom5: Trace Attempt  2	[0.00 s]
0.0.AMcustom5: Trace Attempt  1	[0.00 s]
0.0.AMcustom5: Trace Attempt  2	[0.00 s]
0.0.AMcustom5: Trace Attempt  3	[0.00 s]
0.0.AMcustom5: Trace Attempt  4	[0.00 s]
0.0.AMcustom5: Trace Attempt  5	[0.00 s]
0.0.AMcustom5: Trace Attempt  1	[0.00 s]
0.0.AMcustom5: Trace Attempt  2	[0.00 s]
0.0.AMcustom5: Trace Attempt  3	[0.00 s]
0.0.AMcustom5: Trace Attempt  4	[0.01 s]
0.0.AMcustom5: Trace Attempt  5	[0.01 s]
0.0.Ncustom1: Trace Attempt 113	[2.77 s]
0.0.Ncustom1: Stopped processing property "BLINK.p1"	[2.82 s].
0.0.Ncustom1: Morphing to Bcustom2
0.0.Ncustom1: All properties determined. [0.00 s]
0.0.Ncustom1: Exited with Success (@ 0.00 s)
0.0.Bcustom2: clocks: 1, declared: 1, looping: 0, posedge: 1, negedge: 0, noedge: 0, bothedge: 0
0.0.D: Trace Attempt 132	[1.62 s]
0.0.D: Stopped processing property "BLINK.p1"	[2.10 s].
0.0.Bcustom2: Starting proof for property "BLINK.p1"	[0.00 s].
0.0.D: Morphing to AMcustom3
0.0.D: All properties determined. [0.00 s]
0.0.D: Exited with Success (@ 0.00 s)
0.0.Bcustom2: Trace Attempt  1	[0.00 s]
0.0.Bcustom2: Trace Attempt  2	[0.00 s]
0.0.Bcustom2: Trace Attempt  1	[0.00 s]
0.0.Bcustom2: Trace Attempt  2	[0.00 s]
0.0.AMcustom3: clocks: 1, declared: 1, looping: 0, posedge: 1, negedge: 0, noedge: 0, bothedge: 0
0.0.Bcustom2: Trace Attempt  3	[0.00 s]
0.0.Bcustom2: Trace Attempt  4	[0.00 s]
0.0.AMcustom3: Starting proof for property "BLINK.p1"	[0.00 s].
0.0.Bcustom2: Trace Attempt  5	[0.00 s]
0.0.AMcustom3: Trace Attempt  1	[0.00 s]
0.0.AMcustom3: Trace Attempt  2	[0.00 s]
0.0.AMcustom3: Trace Attempt  3	[0.00 s]
0.0.AMcustom3: Trace Attempt  4	[0.00 s]
0.0.AMcustom3: Trace Attempt  5	[0.00 s]
0.0.AMcustom5: Trace Attempt 143	[2.03 s]
0.0.AMcustom5: Stopped processing property "BLINK.p1"	[2.08 s].
0.0.AMcustom5: Morphing to ADcustom7
0.0.AMcustom5: All properties determined. [0.00 s]
0.0.AMcustom5: Exited with Success (@ 0.00 s)
0.0.AMcustom3: Trace Attempt  1	[0.00 s]
0.0.AMcustom3: Trace Attempt  2	[0.00 s]
0.0.AMcustom3: Trace Attempt  3	[0.00 s]
0.0.ADcustom7: clocks: 1, declared: 1, looping: 0, posedge: 1, negedge: 0, noedge: 0, bothedge: 0
0.0.ADcustom7: Starting proof for property "BLINK.p1"	[0.00 s].
0.0.ADcustom7: Trace Attempt  1	[0.00 s]
0.0.ADcustom7: Trace Attempt  2	[0.00 s]
0.0.ADcustom7: Trace Attempt  1	[0.00 s]
0.0.ADcustom7: Trace Attempt  2	[0.00 s]
0.0.AMcustom3: Trace Attempt  4	[0.01 s]
0.0.ADcustom7: Trace Attempt  3	[0.00 s]
0.0.ADcustom7: Trace Attempt  4	[0.00 s]
0.0.ADcustom7: Trace Attempt  5	[0.00 s]
0.0.ADcustom7: Trace Attempt  1	[0.00 s]
0.0.ADcustom7: Trace Attempt  2	[0.00 s]
0.0.ADcustom7: Trace Attempt  4	[0.00 s]
0.0.AMcustom3: Trace Attempt  5	[0.01 s]
0.0.ADcustom7: Trace Attempt  5	[0.01 s]
0.0.AMcustom3: Trace Attempt  1	[0.02 s]
0.0.AMcustom3: Trace Attempt  2	[0.02 s]
0.0.AMcustom3: Trace Attempt  3	[0.02 s]
0.0.AMcustom3: Trace Attempt  4	[0.03 s]
0.0.AMcustom3: Trace Attempt  5	[0.03 s]
0.0.AMcustom3: Trace Attempt  1	[0.07 s]
0.0.AMcustom3: Trace Attempt  2	[0.07 s]
0.0.AMcustom3: Trace Attempt  3	[0.07 s]
0.0.AMcustom3: Trace Attempt  4	[0.07 s]
0.0.AMcustom3: Trace Attempt  5	[0.07 s]
0.0.AMcustom3: Trace Attempt  1	[0.18 s]
0.0.AMcustom3: Trace Attempt  2	[0.18 s]
0.0.AMcustom3: Trace Attempt  3	[0.18 s]
0.0.AMcustom3: Trace Attempt  4	[0.19 s]
0.0.AMcustom3: Trace Attempt  5	[0.19 s]
0.0.Ht: Trace Attempt 10471	[184.61 s]
0.0.AMcustom3: Trace Attempt  1	[0.63 s]
0.0.AMcustom3: Trace Attempt  2	[0.63 s]
0.0.AMcustom3: Trace Attempt  3	[0.63 s]
0.0.AMcustom3: Trace Attempt  4	[0.63 s]
0.0.AMcustom3: Trace Attempt  5	[0.63 s]
0.0.AMcustom3: Trace Attempt  1	[1.12 s]
0.0.AMcustom3: Trace Attempt  2	[1.12 s]
0.0.AMcustom3: Trace Attempt  3	[1.12 s]
0.0.AMcustom3: Trace Attempt  4	[1.13 s]
0.0.AMcustom3: Trace Attempt  5	[1.13 s]
0.0.Hp: Trace Attempt 3537	[185.71 s]
0.0.M: Trace Attempt 323	[4.06 s]
0.0.AMcustom3: Trace Attempt  1	[3.19 s]
0.0.AMcustom3: Trace Attempt  2	[3.20 s]
0.0.AMcustom3: Trace Attempt  3	[3.20 s]
0.0.AMcustom3: Trace Attempt  4	[3.20 s]
0.0.AMcustom3: Trace Attempt  5	[3.20 s]
0.0.ADcustom7: Trace Attempt 177	[2.66 s]
0.0.ADcustom7: Stopped processing property "BLINK.p1"	[3.92 s].
0.0.ADcustom7: Morphing to Tricustom8
0.0.ADcustom7: All properties determined. [0.00 s]
0.0.ADcustom7: Exited with Success (@ 0.00 s)
0.0.Tricustom8: clocks: 1, declared: 1, looping: 0, posedge: 1, negedge: 0, noedge: 0, bothedge: 0
0.0.Tricustom8: Starting proof for property "BLINK.p1"	[0.00 s].
0.0.Tricustom8: Trace Attempt  1	[0.00 s]
0.0.AMcustom3: Trace Attempt 167	[3.91 s]
0.0.AMcustom3: Stopped processing property "BLINK.p1"	[3.93 s].
0.0.AMcustom3: Morphing to D
0.0.AMcustom3: All properties determined. [0.00 s]
0.0.AMcustom3: Exited with Success (@ 0.00 s)
0.0.D: clocks: 1, declared: 1, looping: 0, posedge: 1, negedge: 0, noedge: 0, bothedge: 0
0.0.D: Starting proof for property "BLINK.p1"	[0.00 s].
0.0.Bcustom2: Trace Attempt 3250	[3.92 s]
0.0.Bcustom2: Stopped processing property "BLINK.p1"	[3.93 s].
0.0.Bcustom2: Morphing to Tri
0.0.Bcustom2: All properties determined. [0.00 s]
0.0.Bcustom2: Exited with Success (@ 0.00 s)
0.0.Tri: clocks: 1, declared: 1, looping: 0, posedge: 1, negedge: 0, noedge: 0, bothedge: 0
0.0.D: Trace Attempt 132	[0.01 s]
0.0.Tri: Starting proof for property "BLINK.p1"	[0.00 s].
0.0.Tri: Trace Attempt  1	[0.00 s]
0.0.Tri:    0.00" ---- Launching main thread ----
0.0.Tri: Requesting engine job to terminate
0.0.D: Requesting engine job to terminate
0.0.M: Requesting engine job to terminate
0.0.Tricustom8: Requesting engine job to terminate
0.0.Hp: Requesting engine job to terminate
0.0.Ht: Requesting engine job to terminate
INFO (IPF144): 0: Initiating shutdown of proof [188.16 s]
0.0.Tricustom8: A proof was found: No trace exists. [0.08 s]
INFO (IPF057): 0.0.Tricustom8: The property "BLINK.p1" was proven in 0.08 s.
0.0.D: Stopped processing property "BLINK.p1"	[0.08 s].
0.0.D: All properties determined. [0.08 s]
0.0.Hp: Trace Attempt 3558	[188.15 s]
0.0.Hp: All properties determined. [188.16 s]
0.0.Tri:    0.05" ---- Launching abstraction thread ----
0.0.Ht: Trace Attempt 10558	[188.11 s]
0.0.Ht: All properties determined. [188.13 s]
0.0.Tri: Stopped processing property "BLINK.p1"	[0.08 s].
0.0.Tri: All properties determined. [0.08 s]
0.0.M: Trace Attempt 383	[6.11 s]
0.0.M: Stopped processing property "BLINK.p1"	[6.13 s].
0.0.M: All properties determined. [6.14 s]
0.0.D: Exited with Success (@ 188.18 s)
0: ProofGrid usable level: 0
0.0.M: Exited with Success (@ 188.19 s)
0.0.Tri: Exited with Success (@ 188.19 s)
0.0.Ht: Exited with Success (@ 188.28 s)
0.0.Tricustom8: Stopped processing property "BLINK.p1"	[0.28 s].
0.0.Tricustom8: All properties determined. [0.28 s]
0.0.Tricustom8: Exited with Success (@ 188.37 s)
0.0.Hp: Exited with Success (@ 188.38 s)
0: --------------------------------------------------------------
ProofGrid Summary (utilization 99.97 %)
--------------------------------------------------------------
     engines started                               :    15
     engine jobs started                           :     7

    Average time in state (seconds)
    ------------------------------------------------------
    Engine  Pending     Running        Dead    Utilization
    ------------------------------------------------------
     Hp        0.03      188.16        0.00       99.98 %
     Ht        0.04      188.12        0.00       99.98 %
     Oh        0.03        0.00        0.00        3.97 %
    Tri        0.03      187.80        0.00       99.98 %
      D        0.03      187.99        0.00       99.98 %
      M        0.03      187.98        0.00       99.98 %
    Tricustom8        0.06        6.98        0.00       99.10 %
    all        0.04      135.29        0.00       99.97 %

    Total time in state (seconds)
    -----------------------------------------
            Pending     Running        Dead  
    -----------------------------------------
               0.25      947.03        0.00

    Data read    : 5.83 MiB
    Data written : 7.58 kiB

0: All pending notifications were processed.
INFO (IPF059): 0: Completed proof on task: "<embedded>"

==============================================================
SUMMARY
==============================================================
           Properties Considered              : 1
                 assertions                   : 1
                  - proven                    : 1 (100%)
                  - bounded_proven (user)     : 0 (0%)
                  - bounded_proven (auto)     : 0 (0%)
                  - marked_proven             : 0 (0%)
                  - cex                       : 0 (0%)
                  - ar_cex                    : 0 (0%)
                  - undetermined              : 0 (0%)
                  - unknown                   : 0 (0%)
                  - error                     : 0 (0%)
                 covers                       : 0
                  - unreachable               : 0
                  - bounded_unreachable (user): 0
                  - covered                   : 0
                  - ar_covered                : 0
                  - undetermined              : 0
                  - unknown                   : 0
                  - error                     : 0
proven
[<embedded>] % exit -force
[<embedded>] % INFO (IPL005): Received request to exit from the console.
INFO: Waiting for proof threads to stop...
INFO: Proof threads stopped.
INFO (IPL018): The peak resident set memory use for this session was 2.664 GB.
INFO (IPL014): Waiting for the Tcl-thread to exit.
INFO (IPL015): The Tcl-thread exited with status 0.
INFO (IPL016): Exiting the analysis session with status 0.
Finished 1_blink_16.tcl successfully
