Jasper Apps 2024.06p002 64 bits 2024.09.02 16:28:38 UTC

Any disclosure about the Cadence Design Systems software or its use
model to any third party violates the written Non-Disclosure Agreement
between Cadence Design Systems, Inc. and the customer.

THIS SOFTWARE CONTAINS CONFIDENTIAL INFORMATION AND TRADE SECRETS OF
CADENCE DESIGN SYSTEMS, INC. USE, DISCLOSURE, OR REPRODUCTION IS
PROHIBITED WITHOUT THE PRIOR EXPRESS WRITTEN PERMISSION OF CADENCE
DESIGN SYSTEMS, INC.

Copyright (C) 2000-2024 Cadence Design Systems, Inc. All Rights
Reserved.  Unpublished -- rights reserved under the copyright laws of
the United States.

This product includes software developed by others and redistributed
according to license agreement. See doc/third_party_readme.txt for
further details.

RESTRICTED RIGHTS LEGEND

Use, duplication, or disclosure by the Government is subject to
restrictions as set forth in subparagraph (c) (1) (ii) of the Rights in
Technical Data and Computer Software clause at DFARS 252.227-7013 or
subparagraphs (c) (1) and (2) of Commercial Computer Software -- Restricted
Rights at 48 CFR 52.227-19, as applicable.


                          Cadence Design Systems, Inc.
                          2655 Seely Avenue
                          San Jose, CA 95134
                          Phone: 408.943.1234

For technical assistance visit http://support.cadence.com.

Jasper Apps Analysis Session - /users/rompel/jasper_executions/liveness/jgprojects/1_i2c_19/sessionLogs/session_0

WARNING (WG017): [session]: The system's locale is "ANSI_X3.4-1968", which is not UTF-8. Non-ASCII characters might not be handled correctly.
WARNING (WG017): [jg_console]: The system's locale is "ANSI_X3.4-1968", which is not UTF-8. Non-ASCII characters might not be handled correctly.
INFO: successfully checked out license "jasper_fao".
INFO: reading configuration file "/users/rompel/.config/cadence/jasper.conf".
% analyze -sv09 ../1_i2c_19.sv
[-- (VERI-1482)] Analyzing Verilog file '/tools/cadence2425/JASPER/jasper_2024.06p002/lib/verilog/packages/std/std.sv' into library 'std'
[-- (VERI-1482)] Analyzing Verilog file '../1_i2c_19.sv'
% elaborate -bbox_mul 1000000 -bbox_div 1000000 -bbox_mod 1000000 -bbox_a 1000000
[INFO (HIER-8002)] ../1_i2c_19.sv(43): Disabling old hierarchical reference handler
[INFO (VERI-1018)] ../1_i2c_19.sv(1): compiling module 'i2cStrech'
[WARN (VERI-1209)] ../1_i2c_19.sv(15): expression size 32 truncated to fit in target size 18
[INFO (VERI-8005)] ../1_i2c_19.sv(6): Unintentional sequential element inferred for stretch read before write using blocking assignment
[INFO (VERI-8005)] ../1_i2c_19.sv(4): Unintentional sequential element inferred for cnt read before write using blocking assignment
[INFO (VERI-8005)] ../1_i2c_19.sv(5): Unintentional sequential element inferred for scl_clk read before write using blocking assignment
[INFO (VERI-8005)] ../1_i2c_19.sv(1): Unintentional sequential element inferred for data_clk read before write using blocking assignment
[INFO (VERI-8005)] ../1_i2c_19.sv(1): Unintentional sequential element inferred for switch_range read before write using blocking assignment
INFO (ISW003): Top module name is "i2cStrech".
INFO (INL208): Elaboration synthesis summary:
  Number of synthesized netlists          1 (0 packages)
  Single run mode                         On
  Pipeline                                On (1 pipelined netlists)
  Late hierarchical reference connection  On
  Number of analyzed Verilog modules      1 (1 synthesized)
  Number of analyzed VHDL entities        0 (0 synthesized)
INFO (INL003): Clearing all state information (assumes, stopats, and so forth).
i2cStrech
[<embedded>] % reset rst
INFO (IPM031): Clearing proof results of all properties.
INFO (IRS006): Current reset condition is "rst".
[<embedded>] % clock clk
[<embedded>] % prove -all
Ncustom1: Custom engine code is hT3Ng7hPPfiYQOTDZ3qhYOwGAM51eA+J/FjkM5shLioAsqhgLR4Ft+O1BuKG6ilQ83B9tLXSl+CwjiTMAQA
Bcustom2: Custom engine code is hT3Nm7hPr1Vp3Di1Ra2USNIGL4JypRnLKLAdF6JAyuavO2JfGCiY9OZJhcAcOUnLx5xwNdhILGrAWX9s+z2WDkKwNR7tAfClBEjRFVQeq6DU54boFgEA
AMcustom3: Custom engine code is hT3Ng7hP/feYQOTDZ3qhYOwGAM51eA+J/FjkM5shLioAsqhgLR4Ft+O1BuKG6ilQ83B9tLXSmmqwm7g9AQA
Mpcustom4: Custom engine code is hT3NZbhP9fmY2AbBQnsjfOxn6c+6e6yL+/e8fZFmaQrnlgEA
INFO (IPF036): Starting proof on task: "<embedded>", 2 properties to prove with 0 already proven/unreachable
INFO (IRS029): Starting reset analysis: phase 1 of 4.
INFO (IRS030): Running reset analysis: phase 2 of 4.
INFO (IRS031): Running reset analysis: phase 3 of 4.
INFO (IRS020): Starting the reset analysis simulation with a limit of 100 iterations (phase 4 of 4).
INFO (IRS024): Reset iterations 0 to 4 analyzed.
INFO (IRS018): Reset analysis simulation executed for 3 iterations. Assigned values for 22 of 22 design flops, 0 of 0 design latches, 4 of 4 internal elements.
INFO (IRS039): Reset analysis complete.
INFO (IPF031): Settings used for proof thread 0:
    orchestration                 = on
    time_limit                    = 86400s
    per_property_time_limit       = 1s * 10 ^ scan
    engine_mode                   = auto
    proofgrid_per_engine_max_jobs = 1
    max engine jobs               = auto
    proofgrid_mode                = local
    proofgrid_restarts            = 10
0: Using multistage preprocessing
AMcustom5: Custom engine code is hT3N1rhP11/52HrFRS21ROp2LOjVTgPvT8L8BGXHgLhaIuqtT4nARFjUqrBL+7pLmaTOzBepZW/Jm8SSrHDybSQtoNiO3y43wk+dEoWlsZizu97Fih6O6lPVG/LpWP5SsUPwlGagLNa1FKEFvwVXyX7//8prySbvSxIHXr5er+z4RAEA
0: Starting reduce
Ncustom6: Custom engine code is hT3OXrhPByJp3TrFSTLhUmMH4KVtJgmTCnNDF46yMXOKY48m4LS5nE7yBzFjA7kDuwO/GhGUpEPiky3p3wmPn3dJZHxFMsafSoObRzSC+tn7sEY0WbTdZ/FV4hL3MYH/b1CIUvXSWR4wqEoVLsmMOD4xIPT4lI1LO6ZCO7PnnWQuLwetnvKlrXx6wCW/A+x+enqslg1YPobi4wEF/EvbzOvcTYdJvl2s4H2yZg2b2ofAVN5WvhWk1HoBAA
ADcustom7: Custom engine code is hT3Nv7hPv1752HrFRa2kROx2f/ECJeZB2AZsLdlO8VwmIuqtT4nIDFXclhg+O+o+DMmQCekbheGk0kK28laA9gaOFDXsQp29J3X615HY1IPHJWd6FUFvCHjO+p1k652b5JJvZlShNpGlGSXAiQe/mEAj6tEBAA
Tricustom8: Custom engine code is hT3Nu7hPt1752DvFRa0kNDiyIV97VyejwM9C/jCLJjdPvusZONHY42VYUy0Q1ZotnhcVtNc56tJ5wbxv6V2+XpdsaSlHck5vfnbYjdwj1OECy9U+7oSQ0SZE3g5ayD+Phuh4odCJTjeKa2k4elM9ldQfkAEA
Gcustom9: Custom engine code is hT3NibhPDfeYQADBZnYcglOvK9Pfd7EOeniIqP8jNsyIqInncipMGcUXqAadachREE9F2PwhBUZUNw5kHnd4JdXkamORRgEA
C2custom10: Custom engine code is hT3NirhPjfWYQADBZnYcglOvK9Pfd7EOeniIqP8jNsyIqInncgkrYMMXCYbdK0dUjZIF9d4cJ0rHoBDjwVLBKuG86XYVV00BAA
AGcustom11: Custom engine code is hT3NirhP/fmYQADBZnYcglOvK9Pfd7EOeniIqP8jNsyIqInnckcwYMMXCYbdK0dUjZIF9d4cJ0rHoBDjwVLBKuHEZnZByh0BAA
Bcustom12: Custom engine code is hT3NjrhPDfiYQADBZnYcglOvK9PfWxFtenjIyBqfrgr7if/jL/yPOuK1BAflEcW0DxNH2eDIoezN2gxlQFg81RZtiWXh7aiTAidvAQA
Ncustom13: Custom engine code is hT3NR7hPByFp3TrFSTLhUmMH4KWtJglTyV/c51BHEeZWamnJv767nE6PCak26bd3gf3XGN3rIRheufhDieCJQVISo+gNYUKhiUedBKGtsP/a18svAnlMJZudHxDFwK5ufsyoxsIyiAeSY2oi3tEuoDHr5gw42DFKAG3PqO3CEsl8Azzdt3pl5nGA1Ifv2H02eYsFzWb/nfp8PMb3F0krE/EgBcm8TD9Div8BAA
Tricustom14: Custom engine code is hT3Nu7hP3fiYQADBZnYcglNHp9bfd7EOeniIqP/ji8sGLQu8yhsFO+wxJ+O+R0bU8g/IewXFomyos+viQnWc2xYNYmMqpo3i40O7DaZR7qfp4YqNx26KRvQ/qx0BAA
0: Finished reduce in 0s
0.0.PRE: Performing Proof Simplification...
0.0.N: clocks: 1, declared: 1, looping: 0, posedge: 1, negedge: 0, noedge: 0, bothedge: 0
0.0.N: Proof Simplification Iteration 1	[0.00 s]
0.0.PRE: A trace with 1 cycles was found. [0.00 s]
INFO (IPF047): 0.0.PRE: The cover property "i2cStrech.p1:precondition1" was covered in 1 cycles in 0.00 s.
0.0.N: Proof Simplification Iteration 2	[0.05 s]
0.0.N: Proof Simplification Iteration 3	[0.05 s]
0.0.PRE: A proof was found: No trace exists. [0.00 s]
INFO (IPF057): 0.0.PRE: The property ":noDeadEnd" was proven in 0.00 s.
    Use check_assumptions -show -dead_end to show this property in the property table.
0.0.PRE: A proof was found: No trace exists. [0.00 s]
INFO (IPF057): 0.0.PRE: The property ":noConflict" was proven in 0.00 s.
    Use check_assumptions -show to show this property in the property table.
INFO (IPF047): 0.0.PRE: The cover property ":live" was covered in 1 cycles in 0.00 s.
    Use check_assumptions -show -live to show this property in the property table.
0.0.PRE: Proof Simplification completed in 0.05 s
0: About to start ProofGrid in its own thread with a limit of 10000 pending notifications and a limit of 10 traces.
0: =============================== ProofGrid start ===============================
0: ProofGrid usable level: 1
0: Initial ProofGrid level: 1
0: ProofGrid is starting event handling
0.0.Hp: Proofgrid shell started at 17367@vlsi-ria85(local) jg_17287_vlsi-ria85_1
0.0.N: Proofgrid shell started at 17366@vlsi-ria85(local) jg_17287_vlsi-ria85_1
0.0.Hp: clocks: 1, declared: 1, looping: 0, posedge: 1, negedge: 0, noedge: 0, bothedge: 0
0.0.Hp: Last scan. Per property time limit: 0s
0.0.N: clocks: 1, declared: 1, looping: 0, posedge: 1, negedge: 0, noedge: 0, bothedge: 0
0.0.N: Last scan. Per property time limit: 0s
0.0.N: Starting proof for property "i2cStrech.p1"	[0.00 s].
0.0.N: Trace Attempt  1	[0.00 s]
0.0.N: Trace Attempt  2	[0.00 s]
0.0.N: Trace Attempt  2	[0.00 s]
0.0.Hp: Trace Attempt  1	[0.00 s]
0.0.Hp: Trace Attempt  2	[0.00 s]
0.0.Hp: Trace Attempt  3	[0.00 s]
0.0.Hp: Trace Attempt  4	[0.00 s]
0.0.Hp: Trace Attempt  5	[0.00 s]
0.0.N: Trace Attempt  3	[0.00 s]
0.0.N: Trace Attempt  3	[0.00 s]
0.0.N: Trace Attempt  4	[0.00 s]
0.0.N: Trace Attempt  5	[0.00 s]
0.0.N: Trace Attempt  1	[0.01 s]
0.0.N: Trace Attempt  2	[0.01 s]
0.0.N: Trace Attempt  3	[0.01 s]
0.0.N: Trace Attempt  4	[0.02 s]
0.0.N: Trace Attempt  5	[0.02 s]
0.0.Mpcustom4: Proofgrid shell started at 17401@vlsi-ria85(local) jg_17287_vlsi-ria85_1
0.0.Bm: Proofgrid shell started at 17400@vlsi-ria85(local) jg_17287_vlsi-ria85_1
0.0.Mpcustom4: clocks: 1, declared: 1, looping: 0, posedge: 1, negedge: 0, noedge: 0, bothedge: 0
0.0.Mpcustom4: Ignoring liveness properties
0.0.Mpcustom4: All properties either determined or skipped. [0.00 s]
0.0.Mpcustom4: Exited with Success (@ 0.04 s)
0.0.Mpcustom4: Completed, Restart ignored.
0.0.Bm: clocks: 1, declared: 1, looping: 0, posedge: 1, negedge: 0, noedge: 0, bothedge: 0
0.0.Bm: Ignoring liveness properties
0.0.Bm: Last scan. Per property time limit: 0s
0.0.L: Proofgrid shell started at 17403@vlsi-ria85(local) jg_17287_vlsi-ria85_1
0.0.Bm: Trace Attempt  1	[0.00 s]
0.0.Bm: Trace Attempt  2	[0.00 s]
0.0.Bm: Trace Attempt  3	[0.00 s]
0.0.Bm: Trace Attempt  4	[0.00 s]
0.0.Bm: Trace Attempt  5	[0.00 s]
0.0.L: clocks: 1, declared: 1, looping: 0, posedge: 1, negedge: 0, noedge: 0, bothedge: 0
0.0.Oh: Proofgrid shell started at 17402@vlsi-ria85(local) jg_17287_vlsi-ria85_1
0.0.L: Using trace diversification with seed 1 (0.05)
0.0.L: Using LRU state removal heuristic
0.0.L: Ignoring liveness properties
0.0.L: All properties either determined or skipped. [0.00 s]
0.0.L: Exited with Success (@ 0.04 s)
0.0.L: Completed, Restart ignored.
0.0.Oh: clocks: 1, declared: 1, looping: 0, posedge: 1, negedge: 0, noedge: 0, bothedge: 0
0.0.Oh: Reached length limit (2147483647) [0.00 s]
0.0.Oh: Exited with Success (@ 0.04 s)
0.0.Oh: Completed, Restart ignored.
0.0.AM: Proofgrid shell started at 17454@vlsi-ria85(local) jg_17287_vlsi-ria85_1
0.0.AM: clocks: 1, declared: 1, looping: 0, posedge: 1, negedge: 0, noedge: 0, bothedge: 0
0.0.AM: Last scan. Per property time limit: 0s
0.0.AM: Starting proof for property "i2cStrech.p1"	[0.00 s].
0.0.AM: Trace Attempt  1	[0.00 s]
0.0.AM: Trace Attempt  2	[0.00 s]
0.0.AM: Trace Attempt  3	[0.00 s]
0.0.AM: Trace Attempt  4	[0.00 s]
0.0.AM: Trace Attempt  5	[0.00 s]
0.0.AM: Trace Attempt  1	[0.00 s]
0.0.AM: Trace Attempt  2	[0.01 s]
0.0.AM: Trace Attempt  3	[0.01 s]
0.0.Ht: Proofgrid shell started at 17399@vlsi-ria85(local) jg_17287_vlsi-ria85_1
0.0.Ht: clocks: 1, declared: 1, looping: 0, posedge: 1, negedge: 0, noedge: 0, bothedge: 0
0.0.Ht: Last scan. Per property time limit: 0s
0.0.B: Proofgrid shell started at 17452@vlsi-ria85(local) jg_17287_vlsi-ria85_1
0.0.AM: Trace Attempt  4	[0.01 s]
0.0.AM: Trace Attempt  5	[0.01 s]
0.0.Ht: Trace Attempt  1	[0.00 s]
0.0.Ht: Trace Attempt  2	[0.00 s]
0.0.Ht: Trace Attempt  3	[0.00 s]
0.0.Ht: Trace Attempt  4	[0.00 s]
0.0.Ht: Trace Attempt  5	[0.00 s]
0.0.B: clocks: 1, declared: 1, looping: 0, posedge: 1, negedge: 0, noedge: 0, bothedge: 0
0.0.B: Last scan. Per property time limit: 0s
0.0.B: Starting proof for property "i2cStrech.p1"	[0.00 s].
0.0.B: Trace Attempt  1	[0.00 s]
0.0.B: Trace Attempt  2	[0.00 s]
0.0.B: Trace Attempt  3	[0.00 s]
0.0.B: Trace Attempt  4	[0.00 s]
0.0.B: Trace Attempt  5	[0.00 s]
0.0.AM: Trace Attempt  1	[0.04 s]
0.0.AM: Trace Attempt  2	[0.05 s]
0.0.AM: Trace Attempt  3	[0.05 s]
0.0.AM: Trace Attempt  4	[0.05 s]
0.0.AM: Trace Attempt  5	[0.05 s]
0.0.N: Trace Attempt  1	[0.16 s]
0.0.N: Trace Attempt  2	[0.16 s]
0.0.N: Trace Attempt  3	[0.16 s]
0.0.N: Trace Attempt  4	[0.17 s]
0.0.N: Trace Attempt  5	[0.17 s]
0.0.AM: Trace Attempt  1	[0.15 s]
0.0.AM: Trace Attempt  2	[0.15 s]
0.0.AM: Trace Attempt  3	[0.15 s]
0.0.AM: Trace Attempt  4	[0.16 s]
0.0.AM: Trace Attempt  5	[0.16 s]
0.0.AM: Trace Attempt  1	[0.53 s]
0.0.AM: Trace Attempt  2	[0.54 s]
0.0.AM: Trace Attempt  3	[0.54 s]
0.0.AM: Trace Attempt  4	[0.54 s]
0.0.AM: Trace Attempt  5	[0.54 s]
0.0.N: Trace Attempt  1	[0.63 s]
0.0.N: Trace Attempt  2	[0.63 s]
0.0.N: Trace Attempt  3	[0.63 s]
0.0.N: Trace Attempt  4	[0.63 s]
0.0.N: Trace Attempt  5	[0.63 s]
0.0.N: Trace Attempt  1	[2.32 s]
0.0.N: Trace Attempt  2	[2.32 s]
0.0.N: Trace Attempt  3	[2.32 s]
0.0.N: Trace Attempt  4	[2.33 s]
0.0.N: Trace Attempt  5	[2.33 s]
0.0.AM: Trace Attempt  1	[2.32 s]
0.0.AM: Trace Attempt  2	[2.32 s]
0.0.AM: Trace Attempt  3	[2.32 s]
0.0.AM: Trace Attempt  4	[2.33 s]
0.0.AM: Trace Attempt  5	[2.33 s]
0.0.N: Trace Attempt  1	[3.96 s]
0.0.N: Trace Attempt  2	[3.96 s]
0.0.N: Trace Attempt  3	[3.96 s]
0.0.N: Trace Attempt  4	[3.96 s]
0.0.N: Trace Attempt  5	[3.96 s]
0.0.Hp: Trace Attempt 463	[4.01 s]
0.0.Bm: Trace Attempt 1603	[4.00 s]
0.0.Ht: Trace Attempt 1709	[4.00 s]
0.0.B: Trace Attempt 1577	[4.00 s]
0.0.N: Trace Attempt  1	[5.61 s]
0.0.N: Trace Attempt  2	[5.61 s]
0.0.N: Trace Attempt  3	[5.61 s]
0.0.N: Trace Attempt  4	[5.62 s]
0.0.N: Trace Attempt  5	[5.62 s]
0.0.AM: Trace Attempt 176	[6.36 s]
0.0.N: Trace Attempt  1	[7.41 s]
0.0.N: Trace Attempt  2	[7.41 s]
0.0.N: Trace Attempt  3	[7.41 s]
0.0.N: Trace Attempt  4	[7.41 s]
0.0.N: Trace Attempt  5	[7.41 s]
0.0.Hp: Trace Attempt 653	[8.02 s]
0.0.Bm: Trace Attempt 2242	[8.00 s]
0.0.Ht: Trace Attempt 2316	[8.00 s]
0.0.B: Trace Attempt 2205	[8.01 s]
0.0.AM: Trace Attempt  1	[10.21 s]
0.0.AM: Trace Attempt  2	[10.21 s]
0.0.AM: Trace Attempt  3	[10.21 s]
0.0.AM: Trace Attempt  5	[10.21 s]
0.0.N: Trace Attempt 159	[11.43 s]
0.0.Hp: Trace Attempt 793	[12.03 s]
0.0.Bm: Trace Attempt 2713	[12.01 s]
0.0.Ht: Trace Attempt 2804	[12.01 s]
0.0.B: Trace Attempt 2666	[12.02 s]
0.0.AM: Trace Attempt 186	[14.23 s]
0.0.N: Trace Attempt 236	[15.66 s]
0.0.N: Trace Attempt  1	[15.67 s]
0.0.N: Trace Attempt  2	[15.67 s]
0.0.N: Trace Attempt  3	[15.67 s]
0.0.N: Trace Attempt  4	[15.67 s]
0.0.N: Trace Attempt  5	[15.67 s]
0.0.Hp: Trace Attempt 913	[16.03 s]
0.0.Bm: Trace Attempt 3108	[16.01 s]
0.0.Ht: Trace Attempt 3212	[16.02 s]
0.0.B: Trace Attempt 3058	[16.02 s]
0.0.AM: Trace Attempt 253	[18.27 s]
0.0.N: Trace Attempt 158	[19.73 s]
0.0.Hp: Trace Attempt 1021	[20.04 s]
0.0.Bm: Trace Attempt 3460	[20.02 s]
0.0.Ht: Trace Attempt 3579	[20.02 s]
0.0.B: Trace Attempt 3404	[20.03 s]
0.0.AM: Trace Attempt 302	[22.30 s]
0.0.N: Trace Attempt 237	[23.86 s]
0.0.N: Trace Attempt  1	[23.87 s]
0.0.N: Trace Attempt  2	[23.87 s]
0.0.N: Trace Attempt  3	[23.87 s]
0.0.N: Trace Attempt  4	[23.88 s]
0.0.N: Trace Attempt  5	[23.88 s]
0.0.Hp: Trace Attempt 1116	[24.04 s]
0.0.Bm: Trace Attempt 3773	[24.03 s]
0.0.Ht: Trace Attempt 3911	[24.02 s]
0.0.B: Trace Attempt 3713	[24.03 s]
0.0.AM: Trace Attempt 341	[26.40 s]
0.0.N: Trace Attempt 158	[27.94 s]
0.0.Hp: Trace Attempt 1204	[28.04 s]
0.0.Bm: Trace Attempt 4066	[28.04 s]
0.0.Ht: Trace Attempt 4202	[28.03 s]
0.0.B: Trace Attempt 4002	[28.04 s]
0.0.AM: Trace Attempt 376	[30.45 s]
0.0.Hp: Trace Attempt 1284	[32.05 s]
0.0.Bm: Trace Attempt 4341	[32.05 s]
0.0.Ht: Trace Attempt 4462	[32.03 s]
0.0.B: Trace Attempt 4273	[32.05 s]
0.0.N: Trace Attempt 238	[32.38 s]
0.0.N: Trace Attempt  1	[32.39 s]
0.0.N: Trace Attempt  2	[32.39 s]
0.0.N: Trace Attempt  3	[32.39 s]
0.0.N: Trace Attempt  4	[32.39 s]
0.0.N: Trace Attempt  5	[32.40 s]
0.0.AM: Trace Attempt 414	[34.48 s]
0.0.Hp: Trace Attempt 1359	[36.05 s]
0.0.Bm: Trace Attempt 4591	[36.06 s]
0.0.Ht: Trace Attempt 4729	[36.04 s]
0.0.B: Trace Attempt 4524	[36.06 s]
0.0.N: Trace Attempt 154	[36.40 s]
0.0.AM: Trace Attempt 456	[38.50 s]
0.0.Hp: Trace Attempt 1432	[40.10 s]
0.0.Bm: Trace Attempt 4826	[40.07 s]
0.0.Ht: Trace Attempt 4983	[40.06 s]
0.0.B: Trace Attempt 4763	[40.06 s]
0.0.N: Trace Attempt 238	[40.42 s]
0.0.N: Trace Attempt  1	[40.72 s]
0.0.N: Trace Attempt  2	[40.72 s]
0.0.N: Trace Attempt  3	[40.72 s]
0.0.N: Trace Attempt  4	[40.72 s]
0.0.N: Trace Attempt  5	[40.72 s]
0.0.AM: Trace Attempt 392	[42.51 s]
0.0.Bm: Trace Attempt 5028	[44.08 s]
0.0.Ht: Trace Attempt 5196	[44.06 s]
0.0.B: Trace Attempt 4971	[44.07 s]
0.0.Hp: Trace Attempt 1497	[44.15 s]
0.0.N: Trace Attempt 156	[44.73 s]
0.0.Bm: Trace Attempt 5224	[48.09 s]
0.0.Ht: Trace Attempt 5389	[48.07 s]
0.0.B: Trace Attempt 5171	[48.09 s]
0.0.Hp: Trace Attempt 1559	[48.18 s]
0.0.N: Trace Attempt 240	[49.03 s]
0.0.N: Trace Attempt  1	[49.04 s]
0.0.N: Trace Attempt  2	[49.04 s]
0.0.N: Trace Attempt  3	[49.04 s]
0.0.N: Trace Attempt  4	[49.04 s]
0.0.N: Trace Attempt  5	[49.05 s]
0.0.AM: Trace Attempt 512	[50.85 s]
0.0.AM: Trace Attempt  1	[51.21 s]
0.0.AM: Trace Attempt  2	[51.21 s]
0.0.AM: Trace Attempt  3	[51.21 s]
0.0.AM: Trace Attempt  5	[51.22 s]
0.0.Ht: Trace Attempt 5610	[52.07 s]
0.0.Bm: Trace Attempt 5416	[52.09 s]
0.0.B: Trace Attempt 5366	[52.10 s]
0.0.Hp: Trace Attempt 1619	[52.19 s]
0.0.N: Trace Attempt 158	[53.10 s]
0.0.AM: Trace Attempt 175	[55.28 s]
0.0.Bm: Trace Attempt 5619	[56.11 s]
0.0.Ht: Trace Attempt 5833	[56.09 s]
0.0.B: Trace Attempt 5570	[56.11 s]
0.0.Hp: Trace Attempt 1681	[56.22 s]
0.0.N: Trace Attempt 241	[57.32 s]
0.0.N: Trace Attempt  1	[57.33 s]
0.0.N: Trace Attempt  2	[57.33 s]
0.0.N: Trace Attempt  3	[57.33 s]
0.0.N: Trace Attempt  4	[57.34 s]
0.0.N: Trace Attempt  5	[57.34 s]
0.0.AM: Trace Attempt 242	[59.33 s]
0.0.Ht: Trace Attempt 6050	[60.10 s]
0.0.Bm: Trace Attempt 5812	[60.12 s]
0.0.B: Trace Attempt 5763	[60.12 s]
0.0.Hp: Trace Attempt 1740	[60.26 s]
0.0.N: Trace Attempt 158	[61.39 s]
0.0.AM: Trace Attempt 282	[63.37 s]
0.0.Ht: Trace Attempt 6239	[64.10 s]
0.0.Bm: Trace Attempt 5999	[64.13 s]
0.0.B: Trace Attempt 5952	[64.12 s]
0.0.Hp: Trace Attempt 1797	[64.28 s]
0.0.N: Trace Attempt 242	[65.64 s]
0.0.N: Trace Attempt  1	[65.65 s]
0.0.N: Trace Attempt  2	[65.65 s]
0.0.N: Trace Attempt  3	[65.65 s]
0.0.N: Trace Attempt  4	[65.65 s]
0.0.N: Trace Attempt  5	[65.66 s]
0.0.AM: Trace Attempt 322	[67.40 s]
0.0.Bm: Trace Attempt 6182	[68.13 s]
0.0.Ht: Trace Attempt 6406	[68.12 s]
0.0.B: Trace Attempt 6134	[68.12 s]
0.0.Hp: Trace Attempt 1853	[68.34 s]
0.0.N: Trace Attempt 157	[69.66 s]
0.0.AM: Trace Attempt 360	[71.50 s]
0.0.Bm: Trace Attempt 6357	[72.14 s]
0.0.Ht: Trace Attempt 6600	[72.13 s]
0.0.B: Trace Attempt 6310	[72.13 s]
0.0.Hp: Trace Attempt 1907	[72.36 s]
0.0.N: Trace Attempt 243	[74.04 s]
0.0.N: Trace Attempt  1	[74.04 s]
0.0.N: Trace Attempt  2	[74.05 s]
0.0.N: Trace Attempt  3	[74.05 s]
0.0.N: Trace Attempt  4	[74.05 s]
0.0.N: Trace Attempt  5	[74.05 s]
0.0.AM: Trace Attempt 387	[75.52 s]
0.0.Ht: Trace Attempt 6778	[76.14 s]
0.0.Bm: Trace Attempt 6524	[76.16 s]
0.0.B: Trace Attempt 6475	[76.13 s]
0.0.Hp: Trace Attempt 1959	[76.43 s]
0.0.N: Trace Attempt 158	[78.08 s]
0.0.AM: Trace Attempt 420	[79.63 s]
0.0.B: Trace Attempt 6639	[80.15 s]
0.0.Ht: Trace Attempt 6955	[80.16 s]
0.0.Bm: Trace Attempt 6690	[80.18 s]
0.0.Hp: Trace Attempt 2010	[80.47 s]
0.0.N: Trace Attempt 244	[82.28 s]
0.0.N: Trace Attempt  1	[82.28 s]
0.0.N: Trace Attempt  2	[82.28 s]
0.0.N: Trace Attempt  3	[82.28 s]
0.0.N: Trace Attempt  4	[82.29 s]
0.0.N: Trace Attempt  5	[82.29 s]
0.0.AM: Trace Attempt 451	[83.67 s]
0.0.B: Trace Attempt 6795	[84.15 s]
0.0.Bm: Trace Attempt 6848	[84.18 s]
0.0.Ht: Trace Attempt 7129	[84.18 s]
0.0.Hp: Trace Attempt 2059	[84.51 s]
0.0.N: Trace Attempt 158	[86.32 s]
0.0.AM: Trace Attempt 484	[87.92 s]
0.0.B: Trace Attempt 6948	[88.16 s]
0.0.Bm: Trace Attempt 7003	[88.19 s]
0.0.Ht: Trace Attempt 7281	[88.19 s]
0.0.Hp: Trace Attempt 2107	[88.58 s]
0.0.N: Trace Attempt 245	[90.51 s]
0.0.N: Trace Attempt  1	[90.51 s]
0.0.N: Trace Attempt  2	[90.52 s]
0.0.N: Trace Attempt  3	[90.52 s]
0.0.N: Trace Attempt  4	[90.52 s]
0.0.N: Trace Attempt  5	[90.52 s]
0.0.B: Trace Attempt 7098	[92.17 s]
0.0.Bm: Trace Attempt 7155	[92.20 s]
0.0.AM: Trace Attempt 492	[92.21 s]
0.0.Ht: Trace Attempt 7429	[92.21 s]
0.0.Hp: Trace Attempt 2154	[92.66 s]
0.0.N: Trace Attempt 158	[94.57 s]
0.0.Bm: Trace Attempt 7302	[96.22 s]
0.0.B: Trace Attempt 7246	[96.19 s]
0.0.Ht: Trace Attempt 7596	[96.22 s]
0.0.Hp: Trace Attempt 2200	[96.71 s]
0.0.AM: Trace Attempt 501	[96.70 s]
0.0.N: Trace Attempt 246	[98.87 s]
0.0.N: Trace Attempt  1	[98.88 s]
0.0.N: Trace Attempt  2	[98.88 s]
0.0.N: Trace Attempt  3	[98.88 s]
0.0.N: Trace Attempt  4	[98.89 s]
0.0.N: Trace Attempt  5	[98.89 s]
0.0.B: Trace Attempt 7388	[100.20 s]
0.0.Bm: Trace Attempt 7443	[100.23 s]
0.0.Ht: Trace Attempt 7754	[100.23 s]
0.0.Hp: Trace Attempt 2244	[100.71 s]
0.0.AM: Trace Attempt 511	[100.73 s]
0.0.N: Trace Attempt 157	[102.91 s]
0.0.Bm: Trace Attempt 7579	[104.24 s]
0.0.B: Trace Attempt 7527	[104.22 s]
0.0.Ht: Trace Attempt 7907	[104.24 s]
0.0.Hp: Trace Attempt 2288	[104.78 s]
0.0.AM: Trace Attempt 520	[105.16 s]
0.0.N: Trace Attempt 247	[107.24 s]
0.0.N: Trace Attempt  1	[107.73 s]
0.0.N: Trace Attempt  2	[107.73 s]
0.0.N: Trace Attempt  3	[107.73 s]
0.0.N: Trace Attempt  4	[107.73 s]
0.0.N: Trace Attempt  5	[107.73 s]
0.0.Bm: Trace Attempt 7716	[108.26 s]
0.0.Ht: Trace Attempt 8058	[108.24 s]
0.0.B: Trace Attempt 7665	[108.25 s]
0.0.Hp: Trace Attempt 2331	[108.84 s]
0.0.AM: Trace Attempt 534	[109.70 s]
0.0.N: Trace Attempt 147	[111.84 s]
0.0.B: Trace Attempt 7802	[112.25 s]
0.0.Bm: Trace Attempt 7853	[112.28 s]
0.0.Ht: Trace Attempt 8205	[112.26 s]
0.0.Hp: Trace Attempt 2374	[112.91 s]
0.0.AM: Trace Attempt 548	[113.93 s]
0.0.N: Trace Attempt 179	[115.95 s]
0.0.Bm: Trace Attempt 7988	[116.30 s]
0.0.B: Trace Attempt 7938	[116.28 s]
0.0.Ht: Trace Attempt 8322	[116.28 s]
0.0.Hp: Trace Attempt 2416	[116.94 s]
0.0.AM: Trace Attempt 559	[117.96 s]
0.0.N: Trace Attempt 225	[120.00 s]
0.0.B: Trace Attempt 8069	[120.28 s]
0.0.Bm: Trace Attempt 8119	[120.31 s]
0.0.Ht: Trace Attempt 8436	[120.29 s]
0.0.Hp: Trace Attempt 2457	[121.01 s]
0.0.AM: Trace Attempt 573	[122.00 s]
0.0.N: Trace Attempt 261	[124.03 s]
0.0.B: Trace Attempt 8198	[124.29 s]
0.0.Ht: Trace Attempt 8582	[124.32 s]
0.0.Bm: Trace Attempt 8249	[124.34 s]
0.0.Hp: Trace Attempt 2497	[125.06 s]
0.0.AM: Trace Attempt 585	[126.13 s]
0.0.N: Trace Attempt 296	[128.05 s]
0.0.B: Trace Attempt 8321	[128.29 s]
0.0.Bm: Trace Attempt 8365	[128.35 s]
0.0.Ht: Trace Attempt 8720	[128.33 s]
0.0.Hp: Trace Attempt 2535	[129.14 s]
0.0.AM: Trace Attempt 596	[130.33 s]
0.0.N: Trace Attempt 332	[132.10 s]
0.0.B: Trace Attempt 8444	[132.32 s]
0.0.Ht: Trace Attempt 8852	[132.34 s]
0.0.Bm: Trace Attempt 8482	[132.37 s]
0.0.Hp: Trace Attempt 2573	[133.18 s]
0.0.AM: Trace Attempt 608	[134.35 s]
0.0.N: Trace Attempt 369	[136.16 s]
0.0.B: Trace Attempt 8567	[136.34 s]
0.0.Ht: Trace Attempt 8986	[136.36 s]
0.0.Bm: Trace Attempt 8606	[136.40 s]
0.0.Hp: Trace Attempt 2611	[137.24 s]
0.0.AM: Trace Attempt 618	[138.54 s]
0.0.N: Trace Attempt 389	[140.27 s]
0.0.B: Trace Attempt 8689	[140.34 s]
0.0.Ht: Trace Attempt 9122	[140.38 s]
0.0.Bm: Trace Attempt 8729	[140.40 s]
0.0.Hp: Trace Attempt 2649	[141.33 s]
0.0.AM: Trace Attempt 630	[142.67 s]
0.0.B: Trace Attempt 8808	[144.35 s]
0.0.Ht: Trace Attempt 9249	[144.39 s]
0.0.Bm: Trace Attempt 8850	[144.43 s]
0.0.N: Trace Attempt 407	[144.56 s]
0.0.Hp: Trace Attempt 2686	[145.41 s]
0.0.AM: Trace Attempt 642	[146.94 s]
0.0.B: Trace Attempt 8926	[148.37 s]
0.0.Bm: Trace Attempt 8969	[148.44 s]
0.0.Ht: Trace Attempt 9361	[148.43 s]
0.0.N: Trace Attempt 418	[148.67 s]
0.0.Hp: Trace Attempt 2722	[149.43 s]
0.0.AM: Trace Attempt 652	[151.07 s]
0.0.B: Trace Attempt 9039	[152.37 s]
0.0.Ht: Trace Attempt 9469	[152.43 s]
0.0.Bm: Trace Attempt 9084	[152.45 s]
0.0.N: Trace Attempt 429	[152.80 s]
0.0.Hp: Trace Attempt 2757	[153.43 s]
0.0.AM: Trace Attempt 664	[155.22 s]
0.0.B: Trace Attempt 9151	[156.38 s]
0.0.Bm: Trace Attempt 9197	[156.47 s]
0.0.Ht: Trace Attempt 9591	[156.46 s]
0.0.N: Trace Attempt 442	[157.04 s]
0.0.Hp: Trace Attempt 2792	[157.46 s]
0.0.AM: Trace Attempt 675	[159.52 s]
0.0.B: Trace Attempt 9262	[160.41 s]
0.0.Bm: Trace Attempt 9309	[160.48 s]
0.0.Ht: Trace Attempt 9711	[160.47 s]
0.0.Hp: Trace Attempt 2827	[161.53 s]
0.0.N: Trace Attempt 452	[161.69 s]
0.0.AM: Trace Attempt 684	[163.62 s]
0.0.B: Trace Attempt 9369	[164.42 s]
0.0.Ht: Trace Attempt 9826	[164.48 s]
0.0.Bm: Trace Attempt 9418	[164.57 s]
0.0.Hp: Trace Attempt 2861	[165.59 s]
0.0.N: Trace Attempt 455	[167.30 s]
0.0.N: Trace Attempt  1	[167.31 s]
0.0.N: Trace Attempt  2	[167.32 s]
0.0.N: Trace Attempt  3	[167.32 s]
0.0.N: Trace Attempt  4	[167.32 s]
0.0.N: Trace Attempt  5	[167.32 s]
0.0.AM: Trace Attempt 693	[167.66 s]
0.0.B: Trace Attempt 9473	[168.43 s]
0.0.Ht: Trace Attempt 9938	[168.49 s]
0.0.Bm: Trace Attempt 9526	[168.60 s]
0.0.Hp: Trace Attempt 2895	[169.65 s]
0.0.N: Trace Attempt 147	[171.40 s]
0.0.AM: Trace Attempt 703	[171.69 s]
0.0.B: Trace Attempt 9582	[172.44 s]
0.0.Ht: Trace Attempt 10057	[172.52 s]
0.0.Bm: Trace Attempt 9637	[172.61 s]
0.0.Hp: Trace Attempt 2929	[173.69 s]
0.0.N: Trace Attempt 179	[175.48 s]
0.0.AM: Trace Attempt 713	[175.78 s]
0.0.B: Trace Attempt 9690	[176.47 s]
0.0.Ht: Trace Attempt 10176	[176.55 s]
0.0.Bm: Trace Attempt 9745	[176.62 s]
0.0.Hp: Trace Attempt 2963	[177.75 s]
0.0.N: Trace Attempt 225	[179.50 s]
0.0.AM: Trace Attempt 723	[180.12 s]
0.0.B: Trace Attempt 9797	[180.48 s]
0.0.Ht: Trace Attempt 10280	[180.56 s]
0.0.Bm: Trace Attempt 9853	[180.65 s]
0.0.N: Trace Attempt 241	[180.89 s]
0.0.N: Stopped processing property "i2cStrech.p1"	[180.97 s].
0.0.N: Morphing to Ncustom1
0.0.N: All properties determined. [0.00 s]
0.0.N: Exited with Success (@ 0.00 s)
0.0.Ncustom1: clocks: 1, declared: 1, looping: 0, posedge: 1, negedge: 0, noedge: 0, bothedge: 0
0.0.Ncustom1: Starting proof for property "i2cStrech.p1"	[0.00 s].
0.0.Ncustom1: Trace Attempt 454	[0.07 s]
0.0.Tri: Proofgrid shell started at 17972@vlsi-ria85(local) jg_17287_vlsi-ria85_1
0.0.D: Proofgrid shell started at 17975@vlsi-ria85(local) jg_17287_vlsi-ria85_1
0.0.Tri: clocks: 1, declared: 1, looping: 0, posedge: 1, negedge: 0, noedge: 0, bothedge: 0
0.0.D: clocks: 1, declared: 1, looping: 0, posedge: 1, negedge: 0, noedge: 0, bothedge: 0
0.0.D: Last scan. Per property time limit: 0s
0.0.D: Starting proof for property "i2cStrech.p1"	[0.00 s].
0.0.D: Trace Attempt  1	[0.00 s]
0.0.D: Trace Attempt  2	[0.00 s]
0.0.D: Trace Attempt  3	[0.00 s]
0.0.Tri: Last scan. Per property time limit: 0s
0.0.Tri: Starting proof for property "i2cStrech.p1"	[0.00 s].
0.0.Tri: Trace Attempt  1	[0.00 s]
0.0.B: Trace Attempt 9808	[180.88 s]
0.0.B: Stopped processing property "i2cStrech.p1"	[181.04 s].
0.0.B: Morphing to Bcustom2
0.0.B: All properties determined. [0.00 s]
0.0.B: Exited with Success (@ 0.00 s)
0.0.Bcustom2: clocks: 1, declared: 1, looping: 0, posedge: 1, negedge: 0, noedge: 0, bothedge: 0
0.0.Bcustom2: Starting proof for property "i2cStrech.p1"	[0.00 s].
0.0.Bcustom2: Trace Attempt  1	[0.00 s]
0.0.Bcustom2: Trace Attempt  2	[0.00 s]
0.0.Bcustom2: Trace Attempt  1	[0.00 s]
0.0.Bcustom2: Trace Attempt  2	[0.00 s]
0.0.Bcustom2: Trace Attempt  3	[0.00 s]
0.0.Bcustom2: Trace Attempt  4	[0.00 s]
0.0.Bcustom2: Trace Attempt  5	[0.00 s]
0.0.Bcustom2: Trace Attempt  1	[0.00 s]
0.0.Bcustom2: Trace Attempt  2	[0.00 s]
0.0.Bcustom2: Trace Attempt  3	[0.00 s]
0.0.Bcustom2: Trace Attempt  4	[0.00 s]
0.0.Bcustom2: Trace Attempt  5	[0.00 s]
0.0.Bcustom2: Trace Attempt  1	[0.01 s]
0.0.Bcustom2: Trace Attempt  2	[0.01 s]
0.0.Bcustom2: Trace Attempt  3	[0.01 s]
0.0.Bcustom2: Trace Attempt  4	[0.01 s]
0.0.Bcustom2: Trace Attempt  5	[0.01 s]
0.0.Bcustom2: Trace Attempt  1	[0.01 s]
0.0.Bcustom2: Trace Attempt  2	[0.01 s]
0.0.Bcustom2: Trace Attempt  3	[0.01 s]
0.0.Bcustom2: Trace Attempt  4	[0.01 s]
0.0.Bcustom2: Trace Attempt  5	[0.01 s]
0.0.Bcustom2: Trace Attempt  1	[0.02 s]
0.0.Bcustom2: Trace Attempt  2	[0.02 s]
0.0.Bcustom2: Trace Attempt  3	[0.02 s]
0.0.Bcustom2: Trace Attempt  4	[0.02 s]
0.0.Bcustom2: Trace Attempt  5	[0.02 s]
0.0.AM: Trace Attempt 724	[180.43 s]
0.0.AM: Stopped processing property "i2cStrech.p1"	[181.08 s].
0.0.AM: Morphing to AMcustom3
0.0.AM: All properties determined. [0.00 s]
0.0.AM: Exited with Success (@ 0.00 s)
0.0.AMcustom3: clocks: 1, declared: 1, looping: 0, posedge: 1, negedge: 0, noedge: 0, bothedge: 0
0.0.AMcustom3: Starting proof for property "i2cStrech.p1"	[0.00 s].
0.0.AMcustom3: Trace Attempt  1	[0.00 s]
0.0.AMcustom3: Trace Attempt  2	[0.00 s]
0.0.AMcustom3: Trace Attempt  3	[0.00 s]
0.0.AMcustom3: Trace Attempt  4	[0.00 s]
0.0.AMcustom3: Trace Attempt  5	[0.00 s]
0.0.Tri:    0.00" ---- Launching main thread ----
0.0.Bcustom2: Trace Attempt  1	[0.05 s]
0.0.Bcustom2: Trace Attempt  2	[0.05 s]
0.0.Bcustom2: Trace Attempt  3	[0.05 s]
0.0.Bcustom2: Trace Attempt  4	[0.05 s]
0.0.Bcustom2: Trace Attempt  5	[0.05 s]
0.0.AMcustom3: Trace Attempt  1	[0.00 s]
0.0.AMcustom3: Trace Attempt  2	[0.01 s]
0.0.AMcustom3: Trace Attempt  3	[0.01 s]
0.0.AMcustom3: Trace Attempt  4	[0.01 s]
0.0.AMcustom3: Trace Attempt  5	[0.01 s]
0.0.AMcustom3: Trace Attempt  1	[0.05 s]
0.0.AMcustom3: Trace Attempt  2	[0.06 s]
0.0.AMcustom3: Trace Attempt  3	[0.06 s]
0.0.AMcustom3: Trace Attempt  4	[0.06 s]
0.0.AMcustom3: Trace Attempt  5	[0.06 s]
0.0.Tri:    0.07" ---- Launching abstraction thread ----
0.0.Bcustom2: Trace Attempt  1	[0.11 s]
0.0.Bcustom2: Trace Attempt  2	[0.11 s]
0.0.Bcustom2: Trace Attempt  3	[0.11 s]
0.0.Bcustom2: Trace Attempt  4	[0.11 s]
0.0.Bcustom2: Trace Attempt  5	[0.11 s]
0.0.Tri:    0.11" ---- Launching multi-phase simplification thread ----
0.0.Tri:    0.15" ---- Launching liveness simplification thread ----
0.0.AMcustom3: Trace Attempt  1	[0.18 s]
0.0.AMcustom3: Trace Attempt  2	[0.18 s]
0.0.AMcustom3: Trace Attempt  3	[0.18 s]
0.0.AMcustom3: Trace Attempt  4	[0.18 s]
0.0.AMcustom3: Trace Attempt  5	[0.18 s]
0.0.Bcustom2: Trace Attempt  1	[0.26 s]
0.0.Bcustom2: Trace Attempt  2	[0.26 s]
0.0.Bcustom2: Trace Attempt  3	[0.26 s]
0.0.Bcustom2: Trace Attempt  4	[0.26 s]
0.0.Bcustom2: Trace Attempt  5	[0.26 s]
0.0.AMcustom3: Trace Attempt  1	[0.61 s]
0.0.AMcustom3: Trace Attempt  2	[0.61 s]
0.0.AMcustom3: Trace Attempt  3	[0.61 s]
0.0.AMcustom3: Trace Attempt  4	[0.61 s]
0.0.AMcustom3: Trace Attempt  5	[0.61 s]
0.0.Hp: Trace Attempt 2996	[181.79 s]
0.0.Bcustom2: Trace Attempt  1	[0.78 s]
0.0.Bcustom2: Trace Attempt  2	[0.78 s]
0.0.Bcustom2: Trace Attempt  3	[0.78 s]
0.0.Bcustom2: Trace Attempt  4	[0.78 s]
0.0.Bcustom2: Trace Attempt  5	[0.78 s]
0.0.D: Trace Attempt 34	[0.30 s]
0.0.D: Stopped processing property "i2cStrech.p1"	[0.92 s].
0.0.D: Morphing to M
0.0.D: All properties determined. [0.00 s]
0.0.D: Exited with Success (@ 0.00 s)
0.0.M: clocks: 1, declared: 1, looping: 0, posedge: 1, negedge: 0, noedge: 0, bothedge: 0
0.0.M: Starting proof for property "i2cStrech.p1"	[0.00 s].
0.0.M: Trace Attempt  1	[0.00 s]
0.0.M: Trace Attempt  2	[0.00 s]
0.0.M: Trace Attempt  3	[0.00 s]
0.0.M: Trace Attempt  4	[0.01 s]
0.0.M: Trace Attempt  5	[0.01 s]
0.0.Tri:    0.99" Simplification phase 1 complete
0.0.AMcustom5: Proofgrid shell started at 18119@vlsi-ria85(local) jg_17287_vlsi-ria85_1
0: Running jobs with 9 threads on "vlsi-ria85" with 8 cores.
0: Running jobs with 9 threads on "vlsi-ria85" with 8 cores.
0.0.AMcustom5: clocks: 1, declared: 1, looping: 0, posedge: 1, negedge: 0, noedge: 0, bothedge: 0
0.0.AMcustom5: Last scan. Per property time limit: 0s
0.0.AMcustom5: Starting proof for property "i2cStrech.p1"	[0.00 s].
0.0.AMcustom5: Trace Attempt  1	[0.00 s]
0.0.AMcustom5: Trace Attempt  2	[0.00 s]
0.0.AMcustom5: Trace Attempt  1	[0.00 s]
0.0.AMcustom5: Trace Attempt  2	[0.00 s]
0.0.AMcustom5: Trace Attempt  3	[0.00 s]
0.0.AMcustom5: Trace Attempt  4	[0.00 s]
0.0.AMcustom5: Trace Attempt  5	[0.00 s]
0.0.AMcustom5: Trace Attempt  1	[0.01 s]
0.0.AMcustom5: Trace Attempt  2	[0.01 s]
0.0.AMcustom5: Trace Attempt  3	[0.01 s]
0.0.AMcustom5: Trace Attempt  4	[0.01 s]
0.0.AMcustom5: Trace Attempt  5	[0.01 s]
0.0.AMcustom5: Trace Attempt  1	[0.01 s]
0.0.AMcustom5: Trace Attempt  2	[0.01 s]
0.0.AMcustom5: Trace Attempt  3	[0.01 s]
0.0.AMcustom5: Trace Attempt  4	[0.01 s]
0.0.AMcustom5: Trace Attempt  5	[0.01 s]
0.0.AMcustom5: Trace Attempt  1	[0.02 s]
0.0.AMcustom5: Trace Attempt  2	[0.02 s]
0.0.AMcustom5: Trace Attempt  3	[0.02 s]
0.0.AMcustom5: Trace Attempt  4	[0.02 s]
0.0.AMcustom5: Trace Attempt  5	[0.02 s]
0.0.AMcustom5: Trace Attempt  1	[0.02 s]
0.0.AMcustom5: Trace Attempt  2	[0.03 s]
0.0.AMcustom5: Trace Attempt  3	[0.03 s]
0.0.AMcustom5: Trace Attempt  4	[0.03 s]
0.0.AMcustom5: Trace Attempt  5	[0.03 s]
0.0.AMcustom5: Trace Attempt  1	[0.03 s]
0.0.AMcustom5: Trace Attempt  2	[0.04 s]
0.0.AMcustom5: Trace Attempt  3	[0.04 s]
0.0.AMcustom5: Trace Attempt  4	[0.04 s]
0.0.AMcustom5: Trace Attempt  5	[0.04 s]
0.0.AMcustom5: Trace Attempt  1	[0.07 s]
0.0.AMcustom5: Trace Attempt  2	[0.07 s]
0.0.AMcustom5: Trace Attempt  3	[0.07 s]
0.0.AMcustom5: Trace Attempt  4	[0.07 s]
0.0.AMcustom5: Trace Attempt  5	[0.07 s]
0.0.AMcustom5: Trace Attempt  1	[0.07 s]
0.0.AMcustom5: Trace Attempt  2	[0.07 s]
0.0.AMcustom5: Trace Attempt  3	[0.08 s]
0.0.AMcustom5: Trace Attempt  5	[0.08 s]
0.0.AMcustom5: Trace Attempt  1	[0.08 s]
0.0.AMcustom5: Trace Attempt  2	[0.09 s]
0.0.AMcustom5: Trace Attempt  3	[0.09 s]
0.0.AMcustom5: Trace Attempt  4	[0.09 s]
0.0.AMcustom5: Trace Attempt  5	[0.09 s]
0.0.Ncustom1: Requesting engine job to terminate
0.0.Bcustom2: Requesting engine job to terminate
0.0.AMcustom3: Requesting engine job to terminate
0.0.Tri: Requesting engine job to terminate
0.0.M: Requesting engine job to terminate
0.0.AMcustom5: Requesting engine job to terminate
0.0.Hp: Requesting engine job to terminate
0.0.Ht: Requesting engine job to terminate
0.0.Bm: Requesting engine job to terminate
INFO (IPF144): 0: Initiating shutdown of proof [182.33 s]
0.0.Tri: A proof was found: No trace exists. [1.23 s]
INFO (IPF057): 0.0.Tri: The property "i2cStrech.p1" was proven in 1.23 s.
0.0.AMcustom5: Trace Attempt 10	[0.10 s]
0.0.AMcustom5: Stopped processing property "i2cStrech.p1"	[0.10 s].
0.0.AMcustom5: All properties determined. [0.10 s]
0.0.AMcustom3: Trace Attempt 59	[1.14 s]
0.0.AMcustom3: Stopped processing property "i2cStrech.p1"	[1.18 s].
0.0.AMcustom3: All properties determined. [1.18 s]
0.0.M: Trace Attempt 43	[0.29 s]
0.0.M: Stopped processing property "i2cStrech.p1"	[0.32 s].
0.0.M: All properties determined. [0.31 s]
0.0.AMcustom5: Exited with Success (@ 182.33 s)
0: ProofGrid usable level: 0
0.0.M: Exited with Success (@ 182.33 s)
0.0.AMcustom3: Exited with Success (@ 182.33 s)
0.0.Bcustom2: Trace Attempt 571	[1.22 s]
0.0.Bcustom2: Stopped processing property "i2cStrech.p1"	[1.23 s].
0.0.Bcustom2: All properties determined. [1.23 s]
0.0.Hp: Trace Attempt 3000	[182.32 s]
0.0.Hp: All properties determined. [182.34 s]
0.0.Ncustom1: Stopped processing property "i2cStrech.p1"	[1.34 s].
0.0.Ncustom1: All properties determined. [1.35 s]
0.0.Ncustom1: Exited with Success (@ 182.34 s)
0.0.Ht: Trace Attempt 10315	[182.25 s]
0.0.Ht: All properties determined. [182.29 s]
0.0.Bcustom2: Exited with Success (@ 182.35 s)
0.0.Bm: Trace Attempt 9893	[182.27 s]
0.0.Bm: All properties determined. [182.38 s]
0.0.Bm: Exited with Success (@ 182.44 s)
0.0.Ht: Exited with Success (@ 182.48 s)
0.0.Tri: Stopped processing property "i2cStrech.p1"	[1.43 s].
0.0.Tri: All properties determined. [1.43 s]
0.0.Tri: Exited with Success (@ 182.53 s)
0.0.Hp: Exited with Success (@ 182.60 s)
0: --------------------------------------------------------------
ProofGrid Summary (utilization 99.93 %)
--------------------------------------------------------------
     engines started                               :    16
     engine jobs started                           :    12

    Average time in state (seconds)
    ------------------------------------------------------
    Engine  Pending     Running        Dead    Utilization
    ------------------------------------------------------
     Hp        0.03      182.33        0.00       99.98 %
     Ht        0.06      182.26        0.00       99.97 %
     Bm        0.04      182.29        0.00       99.98 %
    Mpcustom4        0.03        0.01        0.00       15.12 %
     Oh        0.04        0.00        0.00        4.43 %
      L        0.04        0.00        0.00        2.17 %
    Ncustom1        0.03      182.29        0.00       99.98 %
    Bcustom2        0.05      182.11        0.00       99.97 %
    AMcustom3        0.03      182.11        0.00       99.98 %
    Tri        0.10        1.25        0.00       92.86 %
      M        0.09        1.22        0.00       93.13 %
    AMcustom5        0.23        0.10        0.00       31.21 %
    all        0.06       91.33        0.00       99.93 %

    Total time in state (seconds)
    -----------------------------------------
            Pending     Running        Dead  
    -----------------------------------------
               0.77     1095.97        0.00

    Data read    : 6.30 MiB
    Data written : 4.43 kiB

0: All pending notifications were processed.
INFO (IPF059): 0: Completed proof on task: "<embedded>"

==============================================================
SUMMARY
==============================================================
           Properties Considered              : 2
                 assertions                   : 1
                  - proven                    : 1 (100%)
                  - bounded_proven (user)     : 0 (0%)
                  - bounded_proven (auto)     : 0 (0%)
                  - marked_proven             : 0 (0%)
                  - cex                       : 0 (0%)
                  - ar_cex                    : 0 (0%)
                  - undetermined              : 0 (0%)
                  - unknown                   : 0 (0%)
                  - error                     : 0 (0%)
                 covers                       : 1
                  - unreachable               : 0 (0%)
                  - bounded_unreachable (user): 0 (0%)
                  - covered                   : 1 (100%)
                  - ar_covered                : 0 (0%)
                  - undetermined              : 0 (0%)
                  - unknown                   : 0 (0%)
                  - error                     : 0 (0%)
determined
[<embedded>] % exit -force
[<embedded>] % INFO (IPL005): Received request to exit from the console.
INFO (IPL014): Waiting for the Tcl-thread to exit.
INFO: Waiting for proof threads to stop...
INFO: Proof threads stopped.
INFO (IPL018): The peak resident set memory use for this session was 2.315 GB.
INFO (IPL015): The Tcl-thread exited with status 0.
INFO (IPL016): Exiting the analysis session with status 0.
Finished 1_i2c_19.tcl successfully
