Jasper Apps 2024.06p002 64 bits 2024.09.02 16:28:38 UTC

Any disclosure about the Cadence Design Systems software or its use
model to any third party violates the written Non-Disclosure Agreement
between Cadence Design Systems, Inc. and the customer.

THIS SOFTWARE CONTAINS CONFIDENTIAL INFORMATION AND TRADE SECRETS OF
CADENCE DESIGN SYSTEMS, INC. USE, DISCLOSURE, OR REPRODUCTION IS
PROHIBITED WITHOUT THE PRIOR EXPRESS WRITTEN PERMISSION OF CADENCE
DESIGN SYSTEMS, INC.

Copyright (C) 2000-2024 Cadence Design Systems, Inc. All Rights
Reserved.  Unpublished -- rights reserved under the copyright laws of
the United States.

This product includes software developed by others and redistributed
according to license agreement. See doc/third_party_readme.txt for
further details.

RESTRICTED RIGHTS LEGEND

Use, duplication, or disclosure by the Government is subject to
restrictions as set forth in subparagraph (c) (1) (ii) of the Rights in
Technical Data and Computer Software clause at DFARS 252.227-7013 or
subparagraphs (c) (1) and (2) of Commercial Computer Software -- Restricted
Rights at 48 CFR 52.227-19, as applicable.


                          Cadence Design Systems, Inc.
                          2655 Seely Avenue
                          San Jose, CA 95134
                          Phone: 408.943.1234

For technical assistance visit http://support.cadence.com.

Jasper Apps Analysis Session - /users/rompel/jasper_executions/liveness/jgprojects/lcd_3/sessionLogs/session_0

WARNING (WG017): [session]: The system's locale is "ANSI_X3.4-1968", which is not UTF-8. Non-ASCII characters might not be handled correctly.
WARNING (WG017): [jg_console]: The system's locale is "ANSI_X3.4-1968", which is not UTF-8. Non-ASCII characters might not be handled correctly.
INFO: successfully checked out license "jasper_fao".
INFO: reading configuration file "/users/rompel/.config/cadence/jasper.conf".
% analyze -sv09 ../lcd_3.sv
[-- (VERI-1482)] Analyzing Verilog file '/tools/cadence2425/JASPER/jasper_2024.06p002/lib/verilog/packages/std/std.sv' into library 'std'
[-- (VERI-1482)] Analyzing Verilog file '../lcd_3.sv'
% elaborate -bbox_mul 1000000 -bbox_div 1000000 -bbox_mod 1000000 -bbox_a 1000000
INFO (IPL017): The host machine is running out of memory.
    This message was triggered because the system reached 1% memory.
    System memory use information:
    [Process]
        Memory In Use: 308112 kB (0%)
        Peak Memory Usage: 308112 kB (0%)
    [Host]
        Available Memory: 1110000 kB (0%)
        Total Memory: 527831204 kB
        Free Swap: 1059462116 kB (67%)
        Total Swap: 1565294584 kB
INFO (IPL017): The host machine is running out of memory.
    This message was triggered because the system reached 10% memory.
    System memory use information:
    [Process]
        Memory In Use: 308112 kB (0%)
        Peak Memory Usage: 308112 kB (0%)
    [Host]
        Available Memory: 1110000 kB (0%)
        Total Memory: 527831204 kB
        Free Swap: 1059462116 kB (67%)
        Total Swap: 1565294584 kB
[INFO (HIER-8002)] ../lcd_3.sv(101): Disabling old hierarchical reference handler
[INFO (VERI-1018)] ../lcd_3.sv(1): compiling module 'LCD'
[WARN (VERI-1209)] ../lcd_3.sv(17): expression size 32 truncated to fit in target size 11
[WARN (VERI-1209)] ../lcd_3.sv(28): expression size 32 truncated to fit in target size 11
[WARN (VERI-1209)] ../lcd_3.sv(92): expression size 32 truncated to fit in target size 11
[INFO (VERI-8005)] ../lcd_3.sv(1): Unintentional sequential element inferred for rw read before write using blocking assignment
[INFO (VERI-8005)] ../lcd_3.sv(1): Unintentional sequential element inferred for rs read before write using blocking assignment
[INFO (VERI-8005)] ../lcd_3.sv(1): Unintentional sequential element inferred for busy read before write using blocking assignment
[INFO (VERI-8005)] ../lcd_3.sv(1): Unintentional sequential element inferred for lcd_data read before write using blocking assignment
[INFO (VERI-8005)] ../lcd_3.sv(1): Unintentional sequential element inferred for e read before write using blocking assignment
[INFO (VERI-8005)] ../lcd_3.sv(5): Unintentional sequential element inferred for cnt read before write using blocking assignment
[INFO (VERI-8005)] ../lcd_3.sv(6): Unintentional sequential element inferred for state read before write using blocking assignment
INFO (ISW003): Top module name is "LCD".
INFO (INL208): Elaboration synthesis summary:
  Number of synthesized netlists          1 (0 packages)
  Single run mode                         On
  Pipeline                                On (1 pipelined netlists)
  Late hierarchical reference connection  On
  Number of analyzed Verilog modules      1 (1 synthesized)
  Number of analyzed VHDL entities        0 (0 synthesized)
INFO (INL003): Clearing all state information (assumes, stopats, and so forth).
LCD
[<embedded>] % reset -none
INFO (IPM031): Clearing proof results of all properties.
[<embedded>] % clock clk
[<embedded>] % prove -all
Ncustom1: Custom engine code is hT3Ng7hPPfiYQOTDZ3qhYOwGAM51eA+J/FjkM5shLioAsqhgLR4Ft+O1BuKG6ilQ83B9tLXSl+CwjiTMAQA
Bcustom2: Custom engine code is hT3Nm7hPr1Vp3Di1Ra2USNIGL4JypRnLKLAdF6JAyuavO2JfGCiY9OZJhcAcOUnLx5xwNdhILGrAWX9s+z2WDkKwNR7tAfClBEjRFVQeq6DU54boFgEA
AMcustom3: Custom engine code is hT3Ng7hP/feYQOTDZ3qhYOwGAM51eA+J/FjkM5shLioAsqhgLR4Ft+O1BuKG6ilQ83B9tLXSmmqwm7g9AQA
Mpcustom4: Custom engine code is hT3NZbhP9fmY2AbBQnsjfOxn6c+6e6yL+/e8fZFmaQrnlgEA
INFO (IPF036): Starting proof on task: "<embedded>", 1 properties to prove with 0 already proven/unreachable
INFO (IRS029): Starting reset analysis: phase 1 of 4.
INFO (IRS030): Running reset analysis: phase 2 of 4.
INFO (IRS031): Running reset analysis: phase 3 of 4.
INFO (IRS020): Starting the reset analysis simulation with a limit of 100 iterations (phase 4 of 4).
INFO (IRS024): Reset iterations 0 to 4 analyzed.
INFO (IRS018): Reset analysis simulation executed for 3 iterations. Assigned values for 0 of 25 design flops, 0 of 0 design latches, 3 of 3 internal elements.
INFO (IRS039): Reset analysis complete.
INFO (IPF031): Settings used for proof thread 0:
    orchestration                 = on
    time_limit                    = 86400s
    per_property_time_limit       = 1s * 10 ^ scan
    engine_mode                   = auto
    proofgrid_per_engine_max_jobs = 1
    max engine jobs               = auto
    proofgrid_mode                = local
    proofgrid_restarts            = 10
AMcustom5: Custom engine code is hT3N1rhP11/52HrFRS21ROp2LOjVTgPvT8L8BGXHgLhaIuqtT4nARFjUqrBL+7pLmaTOzBepZW/Jm8SSrHDybSQtoNiO3y43wk+dEoWlsZizu97Fih6O6lPVG/LpWP5SsUPwlGagLNa1FKEFvwVXyX7//8prySbvSxIHXr5er+z4RAEA
Ncustom6: Custom engine code is hT3OXrhPByJp3TrFSTLhUmMH4KVtJgmTCnNDF46yMXOKY48m4LS5nE7yBzFjA7kDuwO/GhGUpEPiky3p3wmPn3dJZHxFMsafSoObRzSC+tn7sEY0WbTdZ/FV4hL3MYH/b1CIUvXSWR4wqEoVLsmMOD4xIPT4lI1LO6ZCO7PnnWQuLwetnvKlrXx6wCW/A+x+enqslg1YPobi4wEF/EvbzOvcTYdJvl2s4H2yZg2b2ofAVN5WvhWk1HoBAA
ADcustom7: Custom engine code is hT3Nv7hPv1752HrFRa2kROx2f/ECJeZB2AZsLdlO8VwmIuqtT4nIDFXclhg+O+o+DMmQCekbheGk0kK28laA9gaOFDXsQp29J3X615HY1IPHJWd6FUFvCHjO+p1k652b5JJvZlShNpGlGSXAiQe/mEAj6tEBAA
Tricustom8: Custom engine code is hT3Nu7hPt1752DvFRa0kNDiyIV97VyejwM9C/jCLJjdPvusZONHY42VYUy0Q1ZotnhcVtNc56tJ5wbxv6V2+XpdsaSlHck5vfnbYjdwj1OECy9U+7oSQ0SZE3g5ayD+Phuh4odCJTjeKa2k4elM9ldQfkAEA
Gcustom9: Custom engine code is hT3NibhPDfeYQADBZnYcglOvK9Pfd7EOeniIqP8jNsyIqInncipMGcUXqAadachREE9F2PwhBUZUNw5kHnd4JdXkamORRgEA
C2custom10: Custom engine code is hT3NirhPjfWYQADBZnYcglOvK9Pfd7EOeniIqP8jNsyIqInncgkrYMMXCYbdK0dUjZIF9d4cJ0rHoBDjwVLBKuG86XYVV00BAA
AGcustom11: Custom engine code is hT3NirhP/fmYQADBZnYcglOvK9Pfd7EOeniIqP8jNsyIqInnckcwYMMXCYbdK0dUjZIF9d4cJ0rHoBDjwVLBKuHEZnZByh0BAA
Bcustom12: Custom engine code is hT3NjrhPDfiYQADBZnYcglOvK9PfWxFtenjIyBqfrgr7if/jL/yPOuK1BAflEcW0DxNH2eDIoezN2gxlQFg81RZtiWXh7aiTAidvAQA
Ncustom13: Custom engine code is hT3NR7hPByFp3TrFSTLhUmMH4KWtJglTyV/c51BHEeZWamnJv767nE6PCak26bd3gf3XGN3rIRheufhDieCJQVISo+gNYUKhiUedBKGtsP/a18svAnlMJZudHxDFwK5ufsyoxsIyiAeSY2oi3tEuoDHr5gw42DFKAG3PqO3CEsl8Azzdt3pl5nGA1Ifv2H02eYsFzWb/nfp8PMb3F0krE/EgBcm8TD9Div8BAA
Tricustom14: Custom engine code is hT3Nu7hP3fiYQADBZnYcglNHp9bfd7EOeniIqP/ji8sGLQu8yhsFO+wxJ+O+R0bU8g/IewXFomyos+viQnWc2xYNYmMqpo3i40O7DaZR7qfp4YqNx26KRvQ/qx0BAA
0: Using multistage preprocessing
0: Starting reduce
0: Finished reduce in 0.013s
0.0.PRE: Performing Proof Simplification...
0.0.N: clocks: 1, declared: 1, looping: 0, posedge: 1, negedge: 0, noedge: 0, bothedge: 0
0.0.N: Proof Simplification Iteration 1	[0.00 s]
0.0.N: Proof Simplification Iteration 2	[0.00 s]
0.0.N: Proof Simplification Iteration 3	[0.00 s]
0.0.N: Proof Simplification Iteration 4	[0.00 s]
0.0.PRE: A proof was found: No trace exists. [0.00 s]
INFO (IPF057): 0.0.PRE: The property ":noDeadEnd" was proven in 0.00 s.
    Use check_assumptions -show -dead_end to show this property in the property table.
0.0.PRE: A proof was found: No trace exists. [0.00 s]
INFO (IPF057): 0.0.PRE: The property ":noConflict" was proven in 0.00 s.
    Use check_assumptions -show to show this property in the property table.
INFO (IPF047): 0.0.PRE: The cover property ":live" was covered in 1 cycles in 0.00 s.
    Use check_assumptions -show -live to show this property in the property table.
0.0.PRE: Proof Simplification completed in 0.01 s
0: About to start ProofGrid in its own thread with a limit of 10000 pending notifications and a limit of 10 traces.
0: =============================== ProofGrid start ===============================
0: ProofGrid usable level: 1
0: Initial ProofGrid level: 1
0: ProofGrid is starting event handling
0.0.Hp: Proofgrid shell started at 93751@vlsi-moon(local) jg_93680_vlsi-moon_1
0.0.N: Proofgrid shell started at 93750@vlsi-moon(local) jg_93680_vlsi-moon_1
0.0.Hp: clocks: 1, declared: 1, looping: 0, posedge: 1, negedge: 0, noedge: 0, bothedge: 0
0.0.Hp: Last scan. Per property time limit: 0s
0.0.N: clocks: 1, declared: 1, looping: 0, posedge: 1, negedge: 0, noedge: 0, bothedge: 0
0.0.N: Last scan. Per property time limit: 0s
0.0.N: Starting proof for property "LCD.p1"	[0.00 s].
0.0.N: Trace Attempt  1	[0.00 s]
0.0.N: Trace Attempt  2	[0.00 s]
0.0.N: Trace Attempt  2	[0.00 s]
0.0.Hp: Trace Attempt  1	[0.00 s]
0.0.N: Trace Attempt  3	[0.01 s]
0.0.Hp: Trace Attempt  2	[0.01 s]
0.0.N: Trace Attempt  3	[0.01 s]
0.0.Hp: Trace Attempt  3	[0.01 s]
0.0.N: Trace Attempt  4	[0.01 s]
0.0.N: Trace Attempt  5	[0.01 s]
0.0.Hp: Trace Attempt  4	[0.01 s]
0.0.N: Trace Attempt  5	[0.02 s]
0.0.Hp: Trace Attempt  5	[0.02 s]
0.0.Oh: Proofgrid shell started at 93783@vlsi-moon(local) jg_93680_vlsi-moon_1
0.0.AM: Proofgrid shell started at 93785@vlsi-moon(local) jg_93680_vlsi-moon_1
0.0.AM: clocks: 1, declared: 1, looping: 0, posedge: 1, negedge: 0, noedge: 0, bothedge: 0
0.0.Oh: clocks: 1, declared: 1, looping: 0, posedge: 1, negedge: 0, noedge: 0, bothedge: 0
0.0.AM: Last scan. Per property time limit: 0s
0.0.AM: Starting proof for property "LCD.p1"	[0.00 s].
0.0.Oh: Reached length limit (2147483647) [0.00 s]
0.0.AM: Trace Attempt  1	[0.00 s]
0.0.Ht: Proofgrid shell started at 93782@vlsi-moon(local) jg_93680_vlsi-moon_1
0.0.AM: Trace Attempt  2	[0.00 s]
0.0.Ht: clocks: 1, declared: 1, looping: 0, posedge: 1, negedge: 0, noedge: 0, bothedge: 0
0.0.Ht: Last scan. Per property time limit: 0s
0.0.B: Proofgrid shell started at 93784@vlsi-moon(local) jg_93680_vlsi-moon_1
0.0.AM: Trace Attempt  3	[0.00 s]
0.0.Ht: Trace Attempt  1	[0.00 s]
0.0.Ht: Trace Attempt  2	[0.00 s]
0.0.AM: Trace Attempt  4	[0.00 s]
0.0.Ht: Trace Attempt  3	[0.00 s]
0.0.N: Trace Attempt  1	[0.10 s]
0.0.AM: Trace Attempt  5	[0.01 s]
0.0.Ht: Trace Attempt  4	[0.00 s]
0.0.Ht: Trace Attempt  5	[0.01 s]
0.0.B: clocks: 1, declared: 1, looping: 0, posedge: 1, negedge: 0, noedge: 0, bothedge: 0
0.0.B: Last scan. Per property time limit: 0s
0.0.B: Starting proof for property "LCD.p1"	[0.00 s].
0.0.N: Trace Attempt  2	[0.10 s]
0.0.N: Trace Attempt  3	[0.10 s]
0.0.B: Trace Attempt  1	[0.00 s]
0.0.B: Trace Attempt  2	[0.00 s]
0.0.B: Trace Attempt  3	[0.00 s]
0.0.B: Trace Attempt  4	[0.01 s]
0.0.N: Trace Attempt  4	[0.11 s]
0.0.B: Trace Attempt  5	[0.01 s]
0.0.AM: Trace Attempt  1	[0.03 s]
0.0.AM: Trace Attempt  2	[0.03 s]
0.0.AM: Trace Attempt  3	[0.03 s]
0.0.AM: Trace Attempt  4	[0.03 s]
0.0.Oh: Exited with Success (@ 0.16 s)
0.0.N: Trace Attempt  5	[0.14 s]
0.0.AM: Trace Attempt  5	[0.05 s]
0.0.AM: Trace Attempt  1	[0.17 s]
0.0.AM: Trace Attempt  2	[0.18 s]
0.0.AM: Trace Attempt  3	[0.18 s]
0.0.AM: Trace Attempt  4	[0.18 s]
0.0.AM: Trace Attempt  5	[0.20 s]
0.0.N: Trace Attempt  1	[0.41 s]
0.0.N: Trace Attempt  2	[0.41 s]
0.0.N: Trace Attempt  3	[0.41 s]
0.0.N: Trace Attempt  4	[0.41 s]
0.0.N: Trace Attempt  5	[0.50 s]
0.0.AM: Trace Attempt  1	[1.48 s]
0.0.AM: Trace Attempt  2	[1.48 s]
0.0.AM: Trace Attempt  3	[1.49 s]
0.0.AM: Trace Attempt  4	[1.49 s]
0.0.AM: Trace Attempt  5	[1.53 s]
0.0.Hp: Trace Attempt 47	[4.12 s]
0.0.B: Trace Attempt 52	[4.13 s]
0.0.Ht: Trace Attempt 48	[4.51 s]
0.0.N: Trace Attempt 42	[4.70 s]
0.0.AM: Trace Attempt 43	[5.86 s]
0.0.Hp: Trace Attempt 61	[8.26 s]
0.0.B: Trace Attempt 65	[8.29 s]
0.0.N: Trace Attempt 52	[9.04 s]
0.0.Ht: Trace Attempt 64	[8.98 s]
0.0.AM: Trace Attempt 47	[10.56 s]
0.0.Hp: Trace Attempt 70	[12.61 s]
0.0.B: Trace Attempt 75	[12.52 s]
0.0.N: Trace Attempt 65	[13.23 s]
0.0.Ht: Trace Attempt 73	[13.42 s]
0.0.AM: Trace Attempt 35	[14.67 s]
0.0.Hp: Trace Attempt 76	[16.62 s]
0.0.B: Trace Attempt 84	[16.82 s]
0.0.N: Trace Attempt 79	[17.30 s]
0.0.Ht: Trace Attempt 79	[17.55 s]
0.0.AM: Trace Attempt 53	[18.87 s]
0.0.Hp: Trace Attempt 83	[20.87 s]
0.0.B: Trace Attempt 91	[21.01 s]
0.0.N: Trace Attempt 92	[21.82 s]
0.0.Ht: Trace Attempt 86	[21.74 s]
0.0.AM: Trace Attempt 67	[23.10 s]
0.0.AM: Trace Attempt  1	[24.08 s]
0.0.AM: Trace Attempt  2	[24.12 s]
0.0.AM: Trace Attempt  3	[24.12 s]
0.0.AM: Trace Attempt  4	[24.14 s]
0.0.AM: Trace Attempt  5	[24.19 s]
0.0.B: Trace Attempt 96	[25.43 s]
0.0.N: Trace Attempt 98	[25.92 s]
0.0.Hp: Trace Attempt 89	[26.19 s]
0.0.Ht: Trace Attempt 91	[26.32 s]
WARNING (WPF031): 0.0.N: Major page faults detected. Host "vlsi-moon" might be low on memory.
    Total memory = 527831204 kiB
    Free memory  = 1126304 kiB (0.21 %), Free swap = 1058994896 kiB
0.0.AM: Trace Attempt 37	[28.39 s]
0.0.B: Trace Attempt 100	[29.43 s]
0.0.Ht: Trace Attempt 97	[30.45 s]
0.0.N: Trace Attempt 103	[30.58 s]
0.0.Hp: Trace Attempt 94	[30.75 s]
0.0.AM: Trace Attempt 53	[32.41 s]
0.0.B: Trace Attempt 108	[34.08 s]
0.0.Ht: Trace Attempt 102	[34.49 s]
0.0.Hp: Trace Attempt 100	[35.57 s]
0.0.N: Trace Attempt 109	[35.81 s]
0.0.AM: Trace Attempt 68	[36.67 s]
WARNING (WPF031): 0.0.B: Major page faults detected. Host "vlsi-moon" might be low on memory.
    Total memory = 527831204 kiB
    Free memory  = 1095880 kiB (0.21 %), Free swap = 1058769312 kiB
0.0.B: Trace Attempt 114	[38.70 s]
0.0.N: Trace Attempt 116	[40.24 s]
0.0.Hp: Trace Attempt 105	[40.31 s]
0.0.Ht: Trace Attempt 107	[40.47 s]
0.0.AM: Trace Attempt 79	[40.75 s]
0.0.B: Trace Attempt 119	[43.08 s]
0.0.Hp: Trace Attempt 108	[44.44 s]
0.0.N: Trace Attempt 121	[45.01 s]
0.0.Ht: Trace Attempt 113	[45.06 s]
0.0.AM: Trace Attempt 86	[45.55 s]
0.0.B: Trace Attempt 124	[47.34 s]
WARNING (WPF031): 0.0.AM: Major page faults detected. Host "vlsi-moon" might be low on memory.
    Total memory = 527831204 kiB
    Free memory  = 1090324 kiB (0.21 %), Free swap = 1058526872 kiB
WARNING (WPF031): 0.0.Hp: Major page faults detected. Host "vlsi-moon" might be low on memory.
    Total memory = 527831204 kiB
    Free memory  = 1092952 kiB (0.21 %), Free swap = 1058525848 kiB
0.0.Hp: Trace Attempt 113	[48.64 s]
0.0.N: Trace Attempt 127	[49.40 s]
0.0.AM: Trace Attempt 92	[49.75 s]
0.0.Ht: Trace Attempt 119	[49.87 s]
0.0.Hp: Trace Attempt 118	[52.87 s]
0.0.N: Trace Attempt 133	[53.66 s]
0.0.Ht: Trace Attempt 123	[54.97 s]
0.0.AM: Trace Attempt 97	[55.27 s]
0.0.Hp: Trace Attempt 122	[57.77 s]
0.0.N: Trace Attempt 138	[58.68 s]
0.0.B: Trace Attempt 125	[59.11 s]
0.0.AM: Trace Attempt 102	[60.55 s]
0.0.Ht: Trace Attempt 126	[61.14 s]
0.0.Hp: Trace Attempt 125	[61.88 s]
0.0.N: Trace Attempt 144	[64.24 s]
0.0.B: Trace Attempt 128	[64.85 s]
0.0.AM: Trace Attempt 105	[65.89 s]
0.0.Hp: Trace Attempt 128	[66.15 s]
0.0.Ht: Trace Attempt 131	[66.85 s]
WARNING (WPF031): 0.0.Ht: Major page faults detected. Host "vlsi-moon" might be low on memory.
    Total memory = 527831204 kiB
    Free memory  = 1085288 kiB (0.21 %), Free swap = 1058170332 kiB
0.0.N: Trace Attempt 148	[69.33 s]
0.0.Hp: Trace Attempt 131	[70.22 s]
0.0.B: Trace Attempt 131	[70.19 s]
0.0.AM: Trace Attempt 110	[70.22 s]
0.0.Ht: Trace Attempt 134	[71.43 s]
0.0.AM: Trace Attempt 114	[74.25 s]
0.0.Hp: Trace Attempt 134	[74.87 s]
0.0.N: Trace Attempt 151	[75.03 s]
0.0.B: Trace Attempt 134	[75.68 s]
0.0.Ht: Trace Attempt 136	[76.07 s]
0.0.Hp: Trace Attempt 136	[79.16 s]
0.0.N: Trace Attempt 154	[79.59 s]
0.0.AM: Trace Attempt 117	[80.03 s]
0.0.Ht: Trace Attempt 138	[80.11 s]
0.0.B: Trace Attempt 136	[80.53 s]
0.0.N: Trace Attempt 156	[83.69 s]
0.0.Hp: Trace Attempt 139	[84.35 s]
0.0.B: Trace Attempt 138	[84.57 s]
0.0.AM: Trace Attempt 120	[85.79 s]
0.0.Ht: Trace Attempt 141	[85.80 s]
0.0.N: Trace Attempt 158	[88.11 s]
0.0.B: Trace Attempt 141	[89.83 s]
0.0.Ht: Trace Attempt 143	[90.45 s]
0.0.AM: Trace Attempt 125	[90.46 s]
0.0.Hp: Trace Attempt 142	[91.08 s]
0.0.N: Trace Attempt 160	[92.43 s]
0.0.B: Trace Attempt 144	[93.93 s]
0.0.AM: Trace Attempt 130	[94.62 s]
0.0.Ht: Trace Attempt 146	[94.69 s]
0.0.Hp: Trace Attempt 145	[95.48 s]
0.0.AM: Trace Attempt 136	[98.89 s]
0.0.B: Trace Attempt 148	[99.14 s]
0.0.Ht: Trace Attempt 149	[99.58 s]
0.0.Hp: Trace Attempt 148	[99.81 s]
0.0.N: Trace Attempt 162	[100.82 s]
0.0.AM: Trace Attempt 141	[103.17 s]
0.0.B: Trace Attempt 150	[103.76 s]
0.0.Hp: Trace Attempt 151	[105.09 s]
0.0.Ht: Trace Attempt 152	[105.03 s]
0.0.N: Trace Attempt 164	[106.17 s]
0.0.AM: Trace Attempt 146	[107.84 s]
0.0.B: Trace Attempt 153	[108.32 s]
0.0.Ht: Trace Attempt 154	[109.94 s]
0.0.Hp: Trace Attempt 154	[111.11 s]
0.0.B: Trace Attempt 156	[113.15 s]
0.0.AM: Trace Attempt 149	[114.40 s]
0.0.Ht: Trace Attempt 156	[115.86 s]
0.0.Hp: Trace Attempt 156	[116.23 s]
0.0.B: Trace Attempt 159	[118.95 s]
0.0.AM: Trace Attempt 152	[120.15 s]
0.0.Hp: Trace Attempt 158	[122.53 s]
0.0.Ht: Trace Attempt 158	[122.70 s]
0.0.B: Trace Attempt 162	[124.31 s]
0.0.N: Trace Attempt 166	[125.47 s]
0.0.AM: Trace Attempt 155	[127.04 s]
0.0.Ht: Trace Attempt 161	[128.53 s]
0.0.B: Trace Attempt 164	[128.79 s]
0.0.B: Trace Attempt 167	[134.31 s]
0.0.AM: Trace Attempt 157	[131.94 s]
0.0.N: Trace Attempt 168	[131.78 s]
0.0.Hp: Trace Attempt 161	[128.34 s]
0.0.Hp: Trace Attempt 163	[132.66 s]
0.0.Ht: Trace Attempt 164	[134.70 s]
0.0.N: Trace Attempt 170	[135.92 s]
0.0.Hp: Trace Attempt 166	[138.04 s]
0.0.AM: Trace Attempt 159	[139.08 s]
0.0.Ht: Trace Attempt 167	[139.88 s]
0.0.B: Trace Attempt 170	[139.94 s]
0.0.N: Trace Attempt 172	[140.38 s]
0.0.Hp: Trace Attempt 169	[143.15 s]
0.0.B: Trace Attempt 172	[144.07 s]
0.0.AM: Trace Attempt 162	[144.32 s]
0.0.N: Trace Attempt 173	[146.38 s]
0.0.Ht: Trace Attempt 170	[146.37 s]
0.0.B: Trace Attempt 174	[148.47 s]
0.0.Hp: Trace Attempt 171	[149.58 s]
0.0.AM: Trace Attempt 165	[149.60 s]
0.0.Ht: Trace Attempt 171	[150.71 s]
0.0.N: Trace Attempt 176	[151.25 s]
WARNING (WPF031): 0.0.N: Major page faults detected. Host "vlsi-moon" might be low on memory.
    Total memory = 527831204 kiB
    Free memory  = 1099828 kiB (0.21 %), Free swap = 1055534176 kiB
WARNING (WPF031): 0.0.B: Major page faults detected. Host "vlsi-moon" might be low on memory.
    Total memory = 527831204 kiB
    Free memory  = 1099828 kiB (0.21 %), Free swap = 1055534176 kiB
WARNING (WPF031): 0.0.AM: Major page faults detected. Host "vlsi-moon" might be low on memory.
    Total memory = 527831204 kiB
    Free memory  = 1099828 kiB (0.21 %), Free swap = 1055534176 kiB
WARNING (WPF031): 0.0.Hp: Major page faults detected. Host "vlsi-moon" might be low on memory.
    Total memory = 527831204 kiB
    Free memory  = 1095804 kiB (0.21 %), Free swap = 1055533152 kiB
0.0.B: Trace Attempt 176	[152.60 s]
0.0.Hp: Trace Attempt 173	[154.44 s]
0.0.AM: Trace Attempt 169	[155.02 s]
0.0.Ht: Trace Attempt 173	[156.03 s]
0.0.B: Trace Attempt 178	[156.96 s]
0.0.N: Trace Attempt 178	[159.19 s]
0.0.Hp: Trace Attempt 175	[159.43 s]
0.0.Ht: Trace Attempt 175	[160.83 s]
0.0.AM: Trace Attempt 173	[161.91 s]
0.0.B: Trace Attempt 181	[162.71 s]
0.0.Hp: Trace Attempt 177	[165.20 s]
0.0.Ht: Trace Attempt 177	[166.66 s]
0.0.N: Trace Attempt 180	[168.17 s]
0.0.B: Trace Attempt 184	[168.52 s]
0.0.AM: Trace Attempt 176	[168.99 s]
0.0.Hp: Trace Attempt 179	[169.79 s]
0.0.Ht: Trace Attempt 179	[171.33 s]
0.0.N: Trace Attempt 183	[173.14 s]
0.0.AM: Trace Attempt 177	[173.46 s]
0.0.Hp: Trace Attempt 181	[174.15 s]
0.0.B: Trace Attempt 187	[174.25 s]
0.0.Ht: Trace Attempt 181	[175.72 s]
0.0.N: Trace Attempt 185	[177.69 s]
0.0.B: Trace Attempt 190	[179.38 s]
0.0.Hp: Trace Attempt 184	[180.19 s]
0.0.AM: Trace Attempt 180	[180.20 s]
0.0.Ht: Trace Attempt 184	[181.80 s]
0.0.N: Trace Attempt 188	[182.81 s]
0.0.B: Trace Attempt 192	[183.63 s]
0.0.AM: Stopped processing property "LCD.p1"	[185.54 s].
0.0.AM: Morphing to AMcustom3
0.0.AM: All properties determined. [0.00 s]
0.0.AM: Exited with Success (@ 0.00 s)
0.0.N: Trace Attempt 189	[184.30 s]
0.0.N: Stopped processing property "LCD.p1"	[185.76 s].
0.0.N: Morphing to Ncustom1
0.0.N: All properties determined. [0.00 s]
0.0.N: Exited with Success (@ 0.00 s)
0.0.B: Stopped processing property "LCD.p1"	[185.66 s].
0.0.B: Morphing to Bcustom2
0.0.B: All properties determined. [0.00 s]
0.0.B: Exited with Success (@ 0.00 s)
0.0.AMcustom3: clocks: 1, declared: 1, looping: 0, posedge: 1, negedge: 0, noedge: 0, bothedge: 0
0.0.Ncustom1: clocks: 1, declared: 1, looping: 0, posedge: 1, negedge: 0, noedge: 0, bothedge: 0
0.0.Bcustom2: clocks: 1, declared: 1, looping: 0, posedge: 1, negedge: 0, noedge: 0, bothedge: 0
0.0.AMcustom3: Starting proof for property "LCD.p1"	[0.00 s].
0.0.Ncustom1: Starting proof for property "LCD.p1"	[0.00 s].
0.0.Bcustom2: Starting proof for property "LCD.p1"	[0.00 s].
0.0.Ncustom1: Trace Attempt  8	[0.05 s]
0.0.AMcustom3: Trace Attempt  1	[0.10 s]
0.0.Bcustom2: Trace Attempt  1	[0.10 s]
0.0.Bcustom2: Trace Attempt  2	[0.10 s]
0.0.AMcustom3: Trace Attempt  2	[0.10 s]
0.0.AMcustom3: Trace Attempt  3	[0.10 s]
0.0.AMcustom3: Trace Attempt  4	[0.10 s]
0.0.AMcustom3: Trace Attempt  5	[0.11 s]
0.0.AMcustom3: Trace Attempt  1	[0.13 s]
0.0.AMcustom3: Trace Attempt  2	[0.14 s]
0.0.AMcustom3: Trace Attempt  3	[0.14 s]
0.0.AMcustom3: Trace Attempt  4	[0.14 s]
0.0.Bcustom2: Trace Attempt  1	[0.14 s]
0.0.Bcustom2: Trace Attempt  2	[0.14 s]
0.0.Bcustom2: Trace Attempt  1	[0.14 s]
0.0.Bcustom2: Trace Attempt  2	[0.14 s]
0.0.Bcustom2: Trace Attempt  3	[0.15 s]
0.0.Bcustom2: Trace Attempt  4	[0.15 s]
0.0.Bcustom2: Trace Attempt  1	[0.15 s]
0.0.Bcustom2: Trace Attempt  2	[0.15 s]
0.0.Bcustom2: Trace Attempt  3	[0.15 s]
0.0.AMcustom3: Trace Attempt  5	[0.15 s]
0.0.Bcustom2: Trace Attempt  4	[0.15 s]
0.0.Bcustom2: Trace Attempt  5	[0.16 s]
0.0.Bcustom2: Trace Attempt  1	[0.18 s]
0.0.Bcustom2: Trace Attempt  2	[0.18 s]
0.0.Bcustom2: Trace Attempt  3	[0.18 s]
0.0.Bcustom2: Trace Attempt  4	[0.19 s]
0.0.Bcustom2: Trace Attempt  5	[0.19 s]
0.0.Ncustom1: Trace Attempt  1	[0.22 s]
0.0.Ncustom1: Trace Attempt  2	[0.23 s]
0.0.Ncustom1: Trace Attempt  3	[0.23 s]
0.0.Ncustom1: Trace Attempt  4	[0.24 s]
0.0.AMcustom3: Trace Attempt  1	[0.28 s]
0.0.AMcustom3: Trace Attempt  2	[0.28 s]
0.0.AMcustom3: Trace Attempt  3	[0.28 s]
0.0.AMcustom3: Trace Attempt  4	[0.28 s]
0.0.AMcustom3: Trace Attempt  5	[0.31 s]
0.0.Ncustom1: Trace Attempt  5	[0.32 s]
0.0.Hp: Trace Attempt 186	[185.83 s]
0.0.Tri: Proofgrid shell started at 95386@vlsi-moon(local) jg_93680_vlsi-moon_1
0.0.Tri: clocks: 1, declared: 1, looping: 0, posedge: 1, negedge: 0, noedge: 0, bothedge: 0
0.0.Tri: Last scan. Per property time limit: 0s
0.0.Tri: Starting proof for property "LCD.p1"	[0.00 s].
0.0.Tri: Trace Attempt  1	[0.00 s]
0.0.Tri:    0.00" ---- Launching main thread ----
0.0.Tri:    0.08" ---- Launching abstraction thread ----
0.0.Tri:    0.09" ---- Launching multi-phase simplification thread ----
0.0.Tri:    0.12" ---- Launching liveness simplification thread ----
0.0.AMcustom3: Trace Attempt  1	[1.42 s]
0.0.AMcustom3: Trace Attempt  2	[1.43 s]
0.0.AMcustom3: Trace Attempt  3	[1.43 s]
0.0.AMcustom3: Trace Attempt  4	[1.43 s]
0.0.AMcustom3: Trace Attempt  5	[1.47 s]
0.0.Tri:    0.99" Simplification phase 1 complete
0.0.Ht: Trace Attempt 186	[187.18 s]
0.0.Ncustom1: Requesting engine job to terminate
0.0.Bcustom2: Requesting engine job to terminate
0.0.AMcustom3: Requesting engine job to terminate
0.0.Tri: Requesting engine job to terminate
0.0.Hp: Requesting engine job to terminate
0.0.Ht: Requesting engine job to terminate
INFO (IPF144): 0: Initiating shutdown of proof [188.44 s]
0.0.Tri: A proof was found: No trace exists. [2.35 s]
INFO (IPF057): 0.0.Tri: The property "LCD.p1" was proven in 2.63 s.
0.0.AMcustom3: Trace Attempt 25	[2.91 s]
0.0.AMcustom3: Stopped processing property "LCD.p1"	[3.66 s].
0.0.AMcustom3: All properties determined. [2.92 s]
0.0.Bcustom2: Trace Attempt 41	[2.78 s]
0.0.Bcustom2: Stopped processing property "LCD.p1"	[3.66 s].
0.0.Bcustom2: All properties determined. [2.93 s]
0.0.Ncustom1: Trace Attempt 27	[2.69 s]
0.0.Ncustom1: Stopped processing property "LCD.p1"	[3.66 s].
0.0.Ncustom1: All properties determined. [2.94 s]
0.0.Hp: Trace Attempt 187	[187.71 s]
0.0.Hp: All properties determined. [188.48 s]
0.0.Ht: All properties determined. [188.46 s]
0.0.Tri: Stopped processing property "LCD.p1"	[3.37 s].
0.0.Tri: All properties determined. [2.56 s]
0.0.Tri: Exited with Success (@ 188.71 s)
0: ProofGrid usable level: 0
0.0.Ncustom1: Exited with Success (@ 188.71 s)
0.0.Bcustom2: Exited with Success (@ 188.71 s)
0.0.AMcustom3: Exited with Success (@ 188.71 s)
0.0.Hp: Exited with Success (@ 188.71 s)
0.0.Ht: Exited with Success (@ 188.72 s)
0: --------------------------------------------------------------
ProofGrid Summary (utilization 99.81 %)
--------------------------------------------------------------
     engines started                               :    10
     engine jobs started                           :     7

    Average time in state (seconds)
    ------------------------------------------------------
    Engine  Pending     Running        Dead    Utilization
    ------------------------------------------------------
     Hp        0.26      188.41        0.00       99.86 %
     Ht        0.12      188.31        0.00       99.94 %
     Oh        0.10        0.00        0.00        0.48 %
    Ncustom1        0.28      187.98        0.00       99.85 %
    Bcustom2        0.10      187.89        0.00       99.95 %
    AMcustom3        0.10      187.90        0.00       99.95 %
    Tri        0.85        2.37        0.00       73.51 %
    all        0.26      134.69        0.00       99.81 %

    Total time in state (seconds)
    -----------------------------------------
            Pending     Running        Dead  
    -----------------------------------------
               1.81      942.85        0.00

    Data read    : 839.74 kiB
    Data written : 7.47 kiB

0: All pending notifications were processed.
INFO (IPF059): 0: Completed proof on task: "<embedded>"

==============================================================
SUMMARY
==============================================================
           Properties Considered              : 1
                 assertions                   : 1
                  - proven                    : 1 (100%)
                  - bounded_proven (user)     : 0 (0%)
                  - bounded_proven (auto)     : 0 (0%)
                  - marked_proven             : 0 (0%)
                  - cex                       : 0 (0%)
                  - ar_cex                    : 0 (0%)
                  - undetermined              : 0 (0%)
                  - unknown                   : 0 (0%)
                  - error                     : 0 (0%)
                 covers                       : 0
                  - unreachable               : 0
                  - bounded_unreachable (user): 0
                  - covered                   : 0
                  - ar_covered                : 0
                  - undetermined              : 0
                  - unknown                   : 0
                  - error                     : 0
proven
[<embedded>] % exit -force
[<embedded>] % INFO (IPL005): Received request to exit from the console.
INFO: Waiting for proof threads to stop...
INFO: Proof threads stopped.
INFO (IPL018): The peak resident set memory use for this session was 0.999 GB.
INFO (IPL014): Waiting for the Tcl-thread to exit.
INFO (IPL015): The Tcl-thread exited with status 0.
INFO (IPL016): Exiting the analysis session with status 0.
Finished lcd_3.tcl successfully
