Jasper Apps 2024.06p002 64 bits 2024.09.02 16:28:38 UTC

Any disclosure about the Cadence Design Systems software or its use
model to any third party violates the written Non-Disclosure Agreement
between Cadence Design Systems, Inc. and the customer.

THIS SOFTWARE CONTAINS CONFIDENTIAL INFORMATION AND TRADE SECRETS OF
CADENCE DESIGN SYSTEMS, INC. USE, DISCLOSURE, OR REPRODUCTION IS
PROHIBITED WITHOUT THE PRIOR EXPRESS WRITTEN PERMISSION OF CADENCE
DESIGN SYSTEMS, INC.

Copyright (C) 2000-2024 Cadence Design Systems, Inc. All Rights
Reserved.  Unpublished -- rights reserved under the copyright laws of
the United States.

This product includes software developed by others and redistributed
according to license agreement. See doc/third_party_readme.txt for
further details.

RESTRICTED RIGHTS LEGEND

Use, duplication, or disclosure by the Government is subject to
restrictions as set forth in subparagraph (c) (1) (ii) of the Rights in
Technical Data and Computer Software clause at DFARS 252.227-7013 or
subparagraphs (c) (1) and (2) of Commercial Computer Software -- Restricted
Rights at 48 CFR 52.227-19, as applicable.


                          Cadence Design Systems, Inc.
                          2655 Seely Avenue
                          San Jose, CA 95134
                          Phone: 408.943.1234

For technical assistance visit http://support.cadence.com.

Jasper Apps Analysis Session - /users/rompel/jasper_executions/liveness/jgprojects/lcd_13/sessionLogs/session_0

WARNING (WG017): [session]: The system's locale is "ANSI_X3.4-1968", which is not UTF-8. Non-ASCII characters might not be handled correctly.
WARNING (WG017): [jg_console]: The system's locale is "ANSI_X3.4-1968", which is not UTF-8. Non-ASCII characters might not be handled correctly.
INFO: successfully checked out license "jasper_fao".
INFO: reading configuration file "/users/rompel/.config/cadence/jasper.conf".
% analyze -sv09 ../lcd_13.sv
INFO (IPL017): The host machine is running out of memory.
    This message was triggered because the system reached 1% memory.
    System memory use information:
    [Process]
        Memory In Use: 307348 kB (0%)
        Peak Memory Usage: 307348 kB (0%)
    [Host]
        Available Memory: 1205060 kB (0%)
        Total Memory: 527831204 kB
        Free Swap: 1073097140 kB (68%)
        Total Swap: 1565294584 kB
INFO (IPL017): The host machine is running out of memory.
    This message was triggered because the system reached 10% memory.
    System memory use information:
    [Process]
        Memory In Use: 307348 kB (0%)
        Peak Memory Usage: 307348 kB (0%)
    [Host]
        Available Memory: 1205060 kB (0%)
        Total Memory: 527831204 kB
        Free Swap: 1073097140 kB (68%)
        Total Swap: 1565294584 kB
[-- (VERI-1482)] Analyzing Verilog file '/tools/cadence2425/JASPER/jasper_2024.06p002/lib/verilog/packages/std/std.sv' into library 'std'
[-- (VERI-1482)] Analyzing Verilog file '../lcd_13.sv'
% elaborate -bbox_mul 1000000 -bbox_div 1000000 -bbox_mod 1000000 -bbox_a 1000000
[INFO (HIER-8002)] ../lcd_13.sv(101): Disabling old hierarchical reference handler
[INFO (VERI-1018)] ../lcd_13.sv(1): compiling module 'LCD'
[WARN (VERI-1209)] ../lcd_13.sv(17): expression size 32 truncated to fit in target size 17
[WARN (VERI-1209)] ../lcd_13.sv(28): expression size 32 truncated to fit in target size 17
[WARN (VERI-1209)] ../lcd_13.sv(92): expression size 32 truncated to fit in target size 17
[INFO (VERI-8005)] ../lcd_13.sv(1): Unintentional sequential element inferred for rw read before write using blocking assignment
[INFO (VERI-8005)] ../lcd_13.sv(1): Unintentional sequential element inferred for rs read before write using blocking assignment
[INFO (VERI-8005)] ../lcd_13.sv(1): Unintentional sequential element inferred for busy read before write using blocking assignment
[INFO (VERI-8005)] ../lcd_13.sv(1): Unintentional sequential element inferred for lcd_data read before write using blocking assignment
[INFO (VERI-8005)] ../lcd_13.sv(1): Unintentional sequential element inferred for e read before write using blocking assignment
[INFO (VERI-8005)] ../lcd_13.sv(5): Unintentional sequential element inferred for cnt read before write using blocking assignment
[INFO (VERI-8005)] ../lcd_13.sv(6): Unintentional sequential element inferred for state read before write using blocking assignment
INFO (ISW003): Top module name is "LCD".
INFO (INL208): Elaboration synthesis summary:
  Number of synthesized netlists          1 (0 packages)
  Single run mode                         On
  Pipeline                                On (1 pipelined netlists)
  Late hierarchical reference connection  On
  Number of analyzed Verilog modules      1 (1 synthesized)
  Number of analyzed VHDL entities        0 (0 synthesized)
INFO (INL003): Clearing all state information (assumes, stopats, and so forth).
LCD
[<embedded>] % reset -none
INFO (IPM031): Clearing proof results of all properties.
[<embedded>] % clock clk
[<embedded>] % prove -all
Ncustom1: Custom engine code is hT3Ng7hPPfiYQOTDZ3qhYOwGAM51eA+J/FjkM5shLioAsqhgLR4Ft+O1BuKG6ilQ83B9tLXSl+CwjiTMAQA
Bcustom2: Custom engine code is hT3Nm7hPr1Vp3Di1Ra2USNIGL4JypRnLKLAdF6JAyuavO2JfGCiY9OZJhcAcOUnLx5xwNdhILGrAWX9s+z2WDkKwNR7tAfClBEjRFVQeq6DU54boFgEA
AMcustom3: Custom engine code is hT3Ng7hP/feYQOTDZ3qhYOwGAM51eA+J/FjkM5shLioAsqhgLR4Ft+O1BuKG6ilQ83B9tLXSmmqwm7g9AQA
Mpcustom4: Custom engine code is hT3NZbhP9fmY2AbBQnsjfOxn6c+6e6yL+/e8fZFmaQrnlgEA
INFO (IPF036): Starting proof on task: "<embedded>", 1 properties to prove with 0 already proven/unreachable
INFO (IRS029): Starting reset analysis: phase 1 of 4.
INFO (IRS030): Running reset analysis: phase 2 of 4.
INFO (IRS031): Running reset analysis: phase 3 of 4.
INFO (IRS020): Starting the reset analysis simulation with a limit of 100 iterations (phase 4 of 4).
INFO (IRS024): Reset iterations 0 to 4 analyzed.
INFO (IRS018): Reset analysis simulation executed for 3 iterations. Assigned values for 0 of 31 design flops, 0 of 0 design latches, 3 of 3 internal elements.
INFO (IRS039): Reset analysis complete.
INFO (IPF031): Settings used for proof thread 0:
    orchestration                 = on
    time_limit                    = 86400s
    per_property_time_limit       = 1s * 10 ^ scan
    engine_mode                   = auto
    proofgrid_per_engine_max_jobs = 1
    max engine jobs               = auto
    proofgrid_mode                = local
    proofgrid_restarts            = 10
AMcustom5: Custom engine code is hT3N1rhP11/52HrFRS21ROp2LOjVTgPvT8L8BGXHgLhaIuqtT4nARFjUqrBL+7pLmaTOzBepZW/Jm8SSrHDybSQtoNiO3y43wk+dEoWlsZizu97Fih6O6lPVG/LpWP5SsUPwlGagLNa1FKEFvwVXyX7//8prySbvSxIHXr5er+z4RAEA
Ncustom6: Custom engine code is hT3OXrhPByJp3TrFSTLhUmMH4KVtJgmTCnNDF46yMXOKY48m4LS5nE7yBzFjA7kDuwO/GhGUpEPiky3p3wmPn3dJZHxFMsafSoObRzSC+tn7sEY0WbTdZ/FV4hL3MYH/b1CIUvXSWR4wqEoVLsmMOD4xIPT4lI1LO6ZCO7PnnWQuLwetnvKlrXx6wCW/A+x+enqslg1YPobi4wEF/EvbzOvcTYdJvl2s4H2yZg2b2ofAVN5WvhWk1HoBAA
ADcustom7: Custom engine code is hT3Nv7hPv1752HrFRa2kROx2f/ECJeZB2AZsLdlO8VwmIuqtT4nIDFXclhg+O+o+DMmQCekbheGk0kK28laA9gaOFDXsQp29J3X615HY1IPHJWd6FUFvCHjO+p1k652b5JJvZlShNpGlGSXAiQe/mEAj6tEBAA
Tricustom8: Custom engine code is hT3Nu7hPt1752DvFRa0kNDiyIV97VyejwM9C/jCLJjdPvusZONHY42VYUy0Q1ZotnhcVtNc56tJ5wbxv6V2+XpdsaSlHck5vfnbYjdwj1OECy9U+7oSQ0SZE3g5ayD+Phuh4odCJTjeKa2k4elM9ldQfkAEA
Gcustom9: Custom engine code is hT3NibhPDfeYQADBZnYcglOvK9Pfd7EOeniIqP8jNsyIqInncipMGcUXqAadachREE9F2PwhBUZUNw5kHnd4JdXkamORRgEA
C2custom10: Custom engine code is hT3NirhPjfWYQADBZnYcglOvK9Pfd7EOeniIqP8jNsyIqInncgkrYMMXCYbdK0dUjZIF9d4cJ0rHoBDjwVLBKuG86XYVV00BAA
AGcustom11: Custom engine code is hT3NirhP/fmYQADBZnYcglOvK9Pfd7EOeniIqP8jNsyIqInnckcwYMMXCYbdK0dUjZIF9d4cJ0rHoBDjwVLBKuHEZnZByh0BAA
Bcustom12: Custom engine code is hT3NjrhPDfiYQADBZnYcglOvK9PfWxFtenjIyBqfrgr7if/jL/yPOuK1BAflEcW0DxNH2eDIoezN2gxlQFg81RZtiWXh7aiTAidvAQA
Ncustom13: Custom engine code is hT3NR7hPByFp3TrFSTLhUmMH4KWtJglTyV/c51BHEeZWamnJv767nE6PCak26bd3gf3XGN3rIRheufhDieCJQVISo+gNYUKhiUedBKGtsP/a18svAnlMJZudHxDFwK5ufsyoxsIyiAeSY2oi3tEuoDHr5gw42DFKAG3PqO3CEsl8Azzdt3pl5nGA1Ifv2H02eYsFzWb/nfp8PMb3F0krE/EgBcm8TD9Div8BAA
Tricustom14: Custom engine code is hT3Nu7hP3fiYQADBZnYcglNHp9bfd7EOeniIqP/ji8sGLQu8yhsFO+wxJ+O+R0bU8g/IewXFomyos+viQnWc2xYNYmMqpo3i40O7DaZR7qfp4YqNx26KRvQ/qx0BAA
0: Using multistage preprocessing
0: Starting reduce
0: Finished reduce in 0.012s
0.0.PRE: Performing Proof Simplification...
0.0.N: clocks: 1, declared: 1, looping: 0, posedge: 1, negedge: 0, noedge: 0, bothedge: 0
0.0.N: Proof Simplification Iteration 1	[0.00 s]
0.0.N: Proof Simplification Iteration 2	[0.00 s]
0.0.N: Proof Simplification Iteration 3	[0.00 s]
0.0.N: Proof Simplification Iteration 4	[0.00 s]
0.0.PRE: A proof was found: No trace exists. [0.00 s]
INFO (IPF057): 0.0.PRE: The property ":noDeadEnd" was proven in 0.00 s.
    Use check_assumptions -show -dead_end to show this property in the property table.
0.0.PRE: A proof was found: No trace exists. [0.00 s]
INFO (IPF057): 0.0.PRE: The property ":noConflict" was proven in 0.00 s.
    Use check_assumptions -show to show this property in the property table.
INFO (IPF047): 0.0.PRE: The cover property ":live" was covered in 1 cycles in 0.00 s.
    Use check_assumptions -show -live to show this property in the property table.
0.0.PRE: Proof Simplification completed in 0.03 s
0: About to start ProofGrid in its own thread with a limit of 10000 pending notifications and a limit of 10 traces.
0: =============================== ProofGrid start ===============================
0: ProofGrid usable level: 1
0: Initial ProofGrid level: 1
0: ProofGrid is starting event handling
0.0.Hp: Proofgrid shell started at 88680@vlsi-moon(local) jg_88609_vlsi-moon_1
0.0.N: Proofgrid shell started at 88679@vlsi-moon(local) jg_88609_vlsi-moon_1
0.0.N: clocks: 1, declared: 1, looping: 0, posedge: 1, negedge: 0, noedge: 0, bothedge: 0
0.0.N: Last scan. Per property time limit: 0s
0.0.N: Starting proof for property "LCD.p1"	[0.00 s].
0.0.Hp: clocks: 1, declared: 1, looping: 0, posedge: 1, negedge: 0, noedge: 0, bothedge: 0
0.0.N: Trace Attempt  1	[0.02 s]
0.0.N: Trace Attempt  2	[0.02 s]
0.0.N: Trace Attempt  2	[0.02 s]
0.0.N: Trace Attempt  3	[0.03 s]
0.0.Hp: Last scan. Per property time limit: 0s
0.0.N: Trace Attempt  3	[0.03 s]
0.0.Hp: Trace Attempt  1	[0.00 s]
0.0.N: Trace Attempt  4	[0.03 s]
0.0.N: Trace Attempt  5	[0.04 s]
0.0.Hp: Trace Attempt  2	[0.01 s]
0.0.N: Trace Attempt  5	[0.04 s]
0.0.Hp: Trace Attempt  3	[0.01 s]
0.0.Hp: Trace Attempt  4	[0.02 s]
0.0.Hp: Trace Attempt  5	[0.02 s]
0.0.Ht: Proofgrid shell started at 88711@vlsi-moon(local) jg_88609_vlsi-moon_1
0.0.Ht: clocks: 1, declared: 1, looping: 0, posedge: 1, negedge: 0, noedge: 0, bothedge: 0
0.0.Ht: Last scan. Per property time limit: 0s
0.0.Ht: Trace Attempt  1	[0.00 s]
0.0.Ht: Trace Attempt  2	[0.00 s]
0.0.Ht: Trace Attempt  3	[0.00 s]
0.0.Ht: Trace Attempt  4	[0.00 s]
0.0.B: Proofgrid shell started at 88713@vlsi-moon(local) jg_88609_vlsi-moon_1
0.0.B: clocks: 1, declared: 1, looping: 0, posedge: 1, negedge: 0, noedge: 0, bothedge: 0
0.0.Ht: Trace Attempt  5	[0.01 s]
0.0.B: Last scan. Per property time limit: 0s
0.0.B: Starting proof for property "LCD.p1"	[0.00 s].
0.0.B: Trace Attempt  1	[0.00 s]
0.0.AM: Proofgrid shell started at 88714@vlsi-moon(local) jg_88609_vlsi-moon_1
0.0.Oh: Proofgrid shell started at 88712@vlsi-moon(local) jg_88609_vlsi-moon_1
0.0.Oh: clocks: 1, declared: 1, looping: 0, posedge: 1, negedge: 0, noedge: 0, bothedge: 0
0.0.B: Trace Attempt  2	[0.00 s]
0.0.Oh: Reached length limit (2147483647) [0.00 s]
0.0.AM: clocks: 1, declared: 1, looping: 0, posedge: 1, negedge: 0, noedge: 0, bothedge: 0
0.0.AM: Last scan. Per property time limit: 0s
0.0.AM: Starting proof for property "LCD.p1"	[0.00 s].
0.0.AM: Trace Attempt  1	[0.00 s]
0.0.B: Trace Attempt  3	[0.01 s]
0.0.AM: Trace Attempt  2	[0.00 s]
0.0.AM: Trace Attempt  3	[0.00 s]
0.0.B: Trace Attempt  4	[0.01 s]
0.0.AM: Trace Attempt  4	[0.01 s]
0.0.B: Trace Attempt  5	[0.01 s]
0.0.AM: Trace Attempt  5	[0.01 s]
0.0.Oh: Exited with Success (@ 0.14 s)
0.0.AM: Trace Attempt  1	[0.04 s]
0.0.AM: Trace Attempt  2	[0.04 s]
0.0.AM: Trace Attempt  3	[0.04 s]
0.0.AM: Trace Attempt  4	[0.04 s]
0.0.AM: Trace Attempt  5	[0.07 s]
0.0.AM: Trace Attempt  1	[0.19 s]
0.0.AM: Trace Attempt  2	[0.20 s]
0.0.AM: Trace Attempt  3	[0.20 s]
0.0.AM: Trace Attempt  4	[0.20 s]
0.0.AM: Trace Attempt  5	[0.23 s]
0.0.AM: Trace Attempt  1	[0.96 s]
0.0.AM: Trace Attempt  2	[0.96 s]
0.0.AM: Trace Attempt  3	[0.96 s]
0.0.AM: Trace Attempt  4	[0.96 s]
0.0.AM: Trace Attempt  5	[1.03 s]
0.0.N: Trace Attempt  1	[1.36 s]
0.0.N: Trace Attempt  2	[1.36 s]
0.0.N: Trace Attempt  3	[1.36 s]
0.0.N: Trace Attempt  4	[1.37 s]
0.0.N: Trace Attempt  5	[1.53 s]
0.0.B: Trace Attempt 49	[4.04 s]
0.0.Ht: Trace Attempt 46	[4.07 s]
0.0.Hp: Trace Attempt 45	[4.15 s]
0.0.AM: Trace Attempt 32	[5.19 s]
0.0.N: Trace Attempt 23	[5.66 s]
0.0.AM: Trace Attempt  1	[6.06 s]
0.0.AM: Trace Attempt  2	[6.06 s]
0.0.AM: Trace Attempt  3	[6.06 s]
0.0.AM: Trace Attempt  4	[6.07 s]
0.0.AM: Trace Attempt  5	[6.14 s]
0.0.Ht: Trace Attempt 60	[8.10 s]
0.0.Hp: Trace Attempt 58	[8.25 s]
0.0.B: Trace Attempt 66	[8.44 s]
0.0.N: Trace Attempt 34	[9.78 s]
0.0.AM: Trace Attempt 34	[10.17 s]
0.0.Ht: Trace Attempt 68	[12.24 s]
0.0.Hp: Trace Attempt 67	[12.67 s]
0.0.B: Trace Attempt 74	[13.15 s]
0.0.N: Trace Attempt 42	[14.62 s]
0.0.AM: Trace Attempt 40	[14.50 s]
0.0.Hp: Trace Attempt 74	[16.71 s]
0.0.Ht: Trace Attempt 76	[16.75 s]
0.0.B: Trace Attempt 81	[17.28 s]
0.0.N: Trace Attempt 48	[19.07 s]
0.0.Ht: Trace Attempt 80	[21.05 s]
0.0.Hp: Trace Attempt 79	[21.25 s]
0.0.B: Trace Attempt 88	[21.79 s]
0.0.AM: Trace Attempt 37	[21.86 s]
0.0.N: Trace Attempt 53	[24.08 s]
0.0.Hp: Trace Attempt 84	[25.28 s]
0.0.Ht: Trace Attempt 87	[25.50 s]
0.0.B: Trace Attempt 94	[25.99 s]
0.0.AM: Trace Attempt 38	[26.14 s]
WARNING (WPF031): 0.0.N: Major page faults detected. Host "vlsi-moon" might be low on memory.
    Total memory = 527831204 kiB
    Free memory  = 1102536 kiB (0.21 %), Free swap = 1072673480 kiB
WARNING (WPF031): 0.0.B: Major page faults detected. Host "vlsi-moon" might be low on memory.
    Total memory = 527831204 kiB
    Free memory  = 1102536 kiB (0.21 %), Free swap = 1072673480 kiB
0.0.Hp: Trace Attempt 90	[29.81 s]
0.0.B: Trace Attempt 99	[30.04 s]
0.0.Ht: Trace Attempt 93	[30.21 s]
0.0.N: Trace Attempt 59	[30.37 s]
0.0.AM: Trace Attempt 40	[31.31 s]
0.0.Hp: Trace Attempt 94	[34.48 s]
0.0.N: Trace Attempt 61	[34.52 s]
0.0.B: Trace Attempt 102	[34.70 s]
0.0.Ht: Trace Attempt 97	[35.16 s]
0.0.AM: Trace Attempt 44	[35.53 s]
WARNING (WPF031): 0.0.AM: Major page faults detected. Host "vlsi-moon" might be low on memory.
    Total memory = 527831204 kiB
    Free memory  = 1087844 kiB (0.21 %), Free swap = 1072500328 kiB
0.0.Hp: Trace Attempt 98	[39.21 s]
0.0.Ht: Trace Attempt 101	[39.22 s]
0.0.AM: Trace Attempt 65	[39.59 s]
0.0.N: Trace Attempt 66	[39.77 s]
0.0.B: Trace Attempt 107	[39.75 s]
0.0.AM: Trace Attempt  1	[42.06 s]
0.0.AM: Trace Attempt  2	[42.07 s]
0.0.AM: Trace Attempt  3	[42.07 s]
0.0.AM: Trace Attempt  4	[42.12 s]
0.0.AM: Trace Attempt  5	[42.20 s]
0.0.Ht: Trace Attempt 106	[43.79 s]
0.0.Hp: Trace Attempt 103	[43.93 s]
0.0.B: Trace Attempt 111	[44.09 s]
0.0.N: Trace Attempt 70	[46.25 s]
0.0.AM: Trace Attempt 35	[46.20 s]
WARNING (WPF031): 0.0.Hp: Major page faults detected. Host "vlsi-moon" might be low on memory.
    Total memory = 527831204 kiB
    Free memory  = 1140448 kiB (0.22 %), Free swap = 1072364860 kiB
0.0.Hp: Trace Attempt 107	[48.32 s]
0.0.B: Trace Attempt 113	[48.51 s]
0.0.Ht: Trace Attempt 110	[48.87 s]
0.0.AM: Trace Attempt 50	[50.40 s]
0.0.N: Trace Attempt 72	[50.63 s]
0.0.Hp: Trace Attempt 110	[52.42 s]
0.0.B: Trace Attempt 117	[53.25 s]
0.0.N: Trace Attempt 75	[54.99 s]
0.0.AM: Trace Attempt 56	[55.22 s]
0.0.Ht: Trace Attempt 113	[55.85 s]
WARNING (WPF031): 0.0.Ht: Major page faults detected. Host "vlsi-moon" might be low on memory.
    Total memory = 527831204 kiB
    Free memory  = 1086124 kiB (0.21 %), Free swap = 1072249500 kiB
0.0.B: Trace Attempt 120	[58.31 s]
0.0.N: Trace Attempt 78	[58.99 s]
0.0.AM: Trace Attempt 62	[59.30 s]
0.0.Hp: Trace Attempt 113	[59.49 s]
0.0.Ht: Trace Attempt 118	[60.80 s]
0.0.B: Trace Attempt 124	[62.54 s]
0.0.Hp: Trace Attempt 117	[63.75 s]
0.0.AM: Trace Attempt 71	[63.72 s]
0.0.N: Trace Attempt 81	[64.56 s]
0.0.Ht: Trace Attempt 122	[64.88 s]
0.0.B: Trace Attempt 128	[67.19 s]
0.0.AM: Trace Attempt 76	[68.04 s]
0.0.Hp: Trace Attempt 121	[68.33 s]
0.0.Ht: Trace Attempt 126	[70.10 s]
0.0.N: Trace Attempt 83	[70.38 s]
0.0.Hp: Trace Attempt 125	[72.69 s]
0.0.B: Trace Attempt 131	[72.73 s]
0.0.AM: Trace Attempt 81	[73.55 s]
0.0.Ht: Trace Attempt 129	[74.40 s]
0.0.N: Trace Attempt 85	[74.52 s]
0.0.Hp: Trace Attempt 128	[78.40 s]
0.0.N: Trace Attempt 87	[79.24 s]
0.0.Ht: Trace Attempt 131	[80.18 s]
0.0.Hp: Trace Attempt 130	[83.24 s]
0.0.N: Trace Attempt 89	[83.95 s]
0.0.AM: Trace Attempt 83	[84.00 s]
0.0.Ht: Trace Attempt 134	[85.10 s]
0.0.Hp: Trace Attempt 132	[87.76 s]
0.0.N: Trace Attempt 91	[88.29 s]
0.0.AM: Trace Attempt 86	[90.11 s]
0.0.Ht: Trace Attempt 137	[91.31 s]
0.0.N: Trace Attempt 94	[92.95 s]
0.0.Hp: Trace Attempt 135	[93.52 s]
0.0.AM: Trace Attempt 89	[95.34 s]
0.0.Ht: Trace Attempt 140	[96.70 s]
WARNING (WPF031): 0.0.Ht: Major page faults detected. Host "vlsi-moon" might be low on memory.
    Total memory = 527831204 kiB
    Free memory  = 1117132 kiB (0.21 %), Free swap = 1071591552 kiB
0.0.N: Trace Attempt 96	[97.68 s]
0.0.Hp: Trace Attempt 137	[98.08 s]
0.0.Ht: Trace Attempt 141	[101.45 s]
0.0.N: Trace Attempt 99	[102.16 s]
0.0.Hp: Trace Attempt 140	[103.51 s]
0.0.Ht: Trace Attempt 142	[105.82 s]
0.0.N: Trace Attempt 102	[106.92 s]
0.0.B: Trace Attempt 133	[107.34 s]
0.0.Hp: Trace Attempt 141	[107.84 s]
0.0.AM: Trace Attempt 91	[108.31 s]
0.0.N: Trace Attempt 104	[111.54 s]
0.0.Ht: Trace Attempt 144	[114.26 s]
0.0.Hp: Trace Attempt 143	[115.41 s]
0.0.AM: Trace Attempt 94	[116.02 s]
0.0.N: Trace Attempt 107	[117.08 s]
0.0.Hp: Trace Attempt 144	[119.82 s]
0.0.Ht: Trace Attempt 147	[120.21 s]
0.0.B: Trace Attempt 134	[120.72 s]
0.0.N: Trace Attempt 108	[121.18 s]
0.0.AM: Trace Attempt 95	[124.78 s]
0.0.Ht: Trace Attempt 149	[125.43 s]
0.0.B: Trace Attempt 135	[125.74 s]
0.0.Hp: Trace Attempt 147	[125.93 s]
0.0.N: Trace Attempt 110	[125.97 s]
WARNING (WPF031): 0.0.B: Major page faults detected. Host "vlsi-moon" might be low on memory.
    Total memory = 527831204 kiB
    Free memory  = 1070940 kiB (0.20 %), Free swap = 1071094096 kiB
WARNING (WPF031): 0.0.N: Major page faults detected. Host "vlsi-moon" might be low on memory.
    Total memory = 527831204 kiB
    Free memory  = 1070940 kiB (0.20 %), Free swap = 1071094096 kiB
0.0.Ht: Trace Attempt 151	[131.02 s]
0.0.B: Trace Attempt 136	[130.98 s]
0.0.AM: Trace Attempt 96	[131.40 s]
0.0.N: Trace Attempt 111	[133.05 s]
0.0.Hp: Trace Attempt 149	[133.01 s]
0.0.AM: Trace Attempt 97	[135.82 s]
0.0.B: Trace Attempt 137	[136.17 s]
0.0.Hp: Trace Attempt 151	[137.91 s]
0.0.Ht: Trace Attempt 153	[138.00 s]
0.0.N: Trace Attempt 113	[140.29 s]
0.0.AM: Trace Attempt 98	[140.18 s]
0.0.B: Trace Attempt 139	[141.69 s]
0.0.Hp: Trace Attempt 153	[144.55 s]
0.0.Ht: Trace Attempt 155	[144.52 s]
0.0.AM: Trace Attempt 100	[146.05 s]
0.0.B: Trace Attempt 141	[146.85 s]
0.0.N: Trace Attempt 116	[147.85 s]
WARNING (WPF031): 0.0.Hp: Major page faults detected. Host "vlsi-moon" might be low on memory.
    Total memory = 527831204 kiB
    Free memory  = 1097424 kiB (0.21 %), Free swap = 1070487956 kiB
0.0.Hp: Trace Attempt 155	[150.36 s]
0.0.Ht: Trace Attempt 157	[150.78 s]
0.0.AM: Trace Attempt 101	[151.72 s]
0.0.B: Trace Attempt 143	[151.96 s]
0.0.N: Trace Attempt 118	[155.27 s]
0.0.Ht: Trace Attempt 158	[155.17 s]
0.0.Hp: Trace Attempt 157	[155.79 s]
0.0.B: Trace Attempt 145	[155.96 s]
0.0.Hp: Trace Attempt 158	[160.19 s]
0.0.Ht: Trace Attempt 160	[160.93 s]
0.0.B: Trace Attempt 147	[161.43 s]
0.0.N: Trace Attempt 120	[161.65 s]
0.0.AM: Trace Attempt 102	[163.33 s]
0.0.Hp: Trace Attempt 160	[166.06 s]
0.0.B: Trace Attempt 149	[166.63 s]
0.0.N: Trace Attempt 121	[168.53 s]
0.0.Ht: Trace Attempt 162	[168.96 s]
0.0.Hp: Trace Attempt 161	[170.18 s]
0.0.B: Trace Attempt 151	[171.19 s]
0.0.N: Trace Attempt 123	[174.23 s]
0.0.Hp: Trace Attempt 162	[174.82 s]
0.0.Ht: Trace Attempt 164	[174.96 s]
0.0.B: Trace Attempt 153	[175.68 s]
0.0.N: Trace Attempt 124	[180.08 s]
0.0.B: Trace Attempt 155	[180.44 s]
0.0.Hp: Trace Attempt 164	[180.92 s]
0.0.Ht: Trace Attempt 165	[182.08 s]
0.0.B: Trace Attempt 157	[186.13 s]
0.0.N: Trace Attempt 126	[186.46 s]
0.0.N: Stopped processing property "LCD.p1"	[188.20 s].
0.0.B: Stopped processing property "LCD.p1"	[188.50 s].
0.0.B: Morphing to Bcustom2
0.0.B: All properties determined. [0.00 s]
0.0.B: Exited with Success (@ 0.00 s)
0.0.N: Morphing to Ncustom1
0.0.N: All properties determined. [0.00 s]
0.0.N: Exited with Success (@ 0.00 s)
0.0.Bcustom2: clocks: 1, declared: 1, looping: 0, posedge: 1, negedge: 0, noedge: 0, bothedge: 0
0.0.Ncustom1: clocks: 1, declared: 1, looping: 0, posedge: 1, negedge: 0, noedge: 0, bothedge: 0
0.0.Bcustom2: Starting proof for property "LCD.p1"	[0.00 s].
0.0.Ncustom1: Starting proof for property "LCD.p1"	[0.00 s].
0.0.Hp: Trace Attempt 165	[188.25 s]
0.0.Ht: Trace Attempt 167	[188.04 s]
0.0.Bcustom2: Trace Attempt  1	[0.02 s]
0.0.Bcustom2: Trace Attempt  2	[0.03 s]
0.0.Bcustom2: Trace Attempt  1	[0.03 s]
0.0.Bcustom2: Trace Attempt  2	[0.03 s]
0.0.Bcustom2: Trace Attempt  1	[0.04 s]
0.0.Bcustom2: Trace Attempt  2	[0.04 s]
0.0.Bcustom2: Trace Attempt  3	[0.04 s]
0.0.Bcustom2: Trace Attempt  4	[0.04 s]
0.0.Bcustom2: Trace Attempt  5	[0.04 s]
0.0.AM: Trace Attempt 68	[164.13 s]
0.0.AM: Stopped processing property "LCD.p1"	[189.54 s].
0.0.AM: Morphing to AMcustom3
0.0.AM: All properties determined. [0.00 s]
0.0.AM: Exited with Success (@ 0.00 s)
0.0.Ncustom1: Trace Attempt 17	[0.02 s]
0.0.AMcustom3: clocks: 1, declared: 1, looping: 0, posedge: 1, negedge: 0, noedge: 0, bothedge: 0
0.0.AMcustom3: Starting proof for property "LCD.p1"	[0.00 s].
0.0.AMcustom3: Trace Attempt  1	[0.00 s]
0.0.AMcustom3: Trace Attempt  2	[0.00 s]
0.0.AMcustom3: Trace Attempt  3	[0.01 s]
0.0.AMcustom3: Trace Attempt  4	[0.01 s]
0.0.AMcustom3: Trace Attempt  5	[0.01 s]
0.0.AMcustom3: Trace Attempt  1	[0.04 s]
0.0.AMcustom3: Trace Attempt  2	[0.05 s]
0.0.AMcustom3: Trace Attempt  3	[0.05 s]
0.0.AMcustom3: Trace Attempt  4	[0.05 s]
0.0.AMcustom3: Trace Attempt  5	[0.08 s]
0.0.AMcustom3: Trace Attempt  1	[0.21 s]
0.0.AMcustom3: Trace Attempt  2	[0.21 s]
0.0.AMcustom3: Trace Attempt  3	[0.21 s]
0.0.AMcustom3: Trace Attempt  4	[0.21 s]
0.0.AMcustom3: Trace Attempt  5	[0.25 s]
0.0.Ncustom1: Trace Attempt  1	[1.17 s]
0.0.Ncustom1: Trace Attempt  2	[1.18 s]
0.0.Ncustom1: Trace Attempt  3	[1.18 s]
0.0.Ncustom1: Trace Attempt  4	[1.19 s]
0.0.AMcustom3: Trace Attempt  1	[0.97 s]
0.0.AMcustom3: Trace Attempt  2	[0.98 s]
0.0.AMcustom3: Trace Attempt  3	[0.98 s]
0.0.AMcustom3: Trace Attempt  4	[0.98 s]
0.0.Ncustom1: Trace Attempt  5	[1.34 s]
0.0.AMcustom3: Trace Attempt  5	[1.06 s]
0.0.Bcustom2: Trace Attempt 31	[1.65 s]
0.0.Bcustom2: Stopped processing property "LCD.p1"	[1.03 s].
0.0.Bcustom2: Morphing to AMcustom5
0.0.Bcustom2: All properties determined. [0.00 s]
0.0.Bcustom2: Exited with Success (@ 0.00 s)
0.0.AMcustom5: clocks: 1, declared: 1, looping: 0, posedge: 1, negedge: 0, noedge: 0, bothedge: 0
0.0.AMcustom5: Starting proof for property "LCD.p1"	[0.00 s].
0.0.AMcustom5: Trace Attempt  1	[0.00 s]
0.0.AMcustom5: Trace Attempt  2	[0.00 s]
0.0.AMcustom5: Trace Attempt  1	[0.00 s]
0.0.AMcustom5: Trace Attempt  2	[0.00 s]
0.0.AMcustom5: Trace Attempt  3	[0.00 s]
0.0.AMcustom5: Trace Attempt  4	[0.01 s]
0.0.Tri: Proofgrid shell started at 90219@vlsi-moon(local) jg_88609_vlsi-moon_1
0.0.AMcustom5: Trace Attempt  5	[0.01 s]
0.0.Tri: clocks: 1, declared: 1, looping: 0, posedge: 1, negedge: 0, noedge: 0, bothedge: 0
0.0.Tri: Last scan. Per property time limit: 0s
0.0.Tri: Starting proof for property "LCD.p1"	[0.00 s].
0.0.Tri: Trace Attempt  1	[0.00 s]
0.0.AMcustom5: Trace Attempt  1	[0.07 s]
0.0.AMcustom5: Trace Attempt  2	[0.08 s]
0.0.AMcustom5: Trace Attempt  3	[0.08 s]
0.0.AMcustom5: Trace Attempt  4	[0.08 s]
0.0.Tri:    0.00" ---- Launching main thread ----
0.0.AMcustom5: Trace Attempt  5	[0.18 s]
0.0.Tri:    0.08" ---- Launching abstraction thread ----
0.0.Tri:    0.09" ---- Launching multi-phase simplification thread ----
0.0.Tri:    0.13" ---- Launching liveness simplification thread ----
0.0.Tri:    1.03" Simplification phase 1 complete
0.0.AMcustom5: Trace Attempt  1	[1.60 s]
0.0.AMcustom5: Trace Attempt  2	[1.61 s]
0.0.AMcustom5: Trace Attempt  3	[1.61 s]
0.0.AMcustom5: Trace Attempt  4	[1.61 s]
0.0.AMcustom5: Trace Attempt  5	[1.71 s]
0.0.Tri:    2.37" Simplification phase 2 complete
0.0.Tri:    3.41" Simplification phase 3 complete
   3.41" ---- Completed simplification thread ----
0.0.Ht: Trace Attempt 169	[193.31 s]
0.0.Tri:    3.42" ---- Restarting main thread on simplified netlist ----
0.0.AMcustom3: Trace Attempt 34	[5.16 s]
0.0.Hp: Trace Attempt 167	[193.76 s]
0.0.Ncustom1: Trace Attempt 19	[5.83 s]
0.0.AMcustom3: Trace Attempt  1	[5.60 s]
0.0.AMcustom3: Trace Attempt  2	[5.61 s]
0.0.AMcustom3: Trace Attempt  3	[5.61 s]
0.0.AMcustom3: Trace Attempt  4	[5.62 s]
0.0.AMcustom3: Trace Attempt  5	[5.70 s]
0.0.Tri: Stopped processing property "LCD.p1"	[5.58 s].
0.0.Ncustom1: Trace Attempt 22	[6.76 s]
0.0.AMcustom5: Trace Attempt 31	[5.26 s]
0.0.Ncustom1: Stopped processing property "LCD.p1"	[6.78 s].
0.0.AMcustom5: Stopped processing property "LCD.p1"	[5.75 s].
0.0.Ncustom1: Morphing to D
0.0.AMcustom5: Morphing to ADcustom7
0.0.Ncustom1: All properties determined. [0.00 s]
0.0.Ncustom1: Exited with Success (@ 0.00 s)
0.0.AMcustom5: All properties determined. [0.00 s]
0.0.AMcustom5: Exited with Success (@ 0.00 s)
0.0.D: clocks: 1, declared: 1, looping: 0, posedge: 1, negedge: 0, noedge: 0, bothedge: 0
0.0.ADcustom7: clocks: 1, declared: 1, looping: 0, posedge: 1, negedge: 0, noedge: 0, bothedge: 0
0.0.D: Starting proof for property "LCD.p1"	[0.00 s].
0.0.ADcustom7: Starting proof for property "LCD.p1"	[0.00 s].
0.0.Tri: Morphing to M
0.0.Tri: All properties determined. [0.00 s]
0.0.Tri: Exited with Success (@ 0.00 s)
0.0.M: clocks: 1, declared: 1, looping: 0, posedge: 1, negedge: 0, noedge: 0, bothedge: 0
0.0.M: Starting proof for property "LCD.p1"	[0.00 s].
0.0.M: Trace Attempt  1	[0.00 s]
0.0.D: Trace Attempt  1	[0.02 s]
0.0.D: Trace Attempt  2	[0.02 s]
0.0.ADcustom7: Trace Attempt  1	[0.02 s]
0.0.ADcustom7: Trace Attempt  2	[0.02 s]
0.0.M: Trace Attempt  2	[0.01 s]
0.0.M: Trace Attempt  3	[0.01 s]
0.0.ADcustom7: Trace Attempt  1	[0.03 s]
0.0.M: Trace Attempt  4	[0.02 s]
0.0.ADcustom7: Trace Attempt  2	[0.03 s]
0.0.D: Trace Attempt  4	[0.03 s]
0.0.ADcustom7: Trace Attempt  3	[0.03 s]
0.0.ADcustom7: Trace Attempt  4	[0.04 s]
0.0.ADcustom7: Trace Attempt  5	[0.04 s]
0.0.ADcustom7: Trace Attempt  1	[0.10 s]
0.0.ADcustom7: Trace Attempt  2	[0.10 s]
0.0.ADcustom7: Trace Attempt  4	[0.11 s]
0.0.M: Trace Attempt  5	[0.18 s]
0.0.AMcustom3: Trace Attempt 33	[9.80 s]
0.0.Hp: Trace Attempt 169	[198.75 s]
WARNING (WPF031): 0.0.Ht: Major page faults detected. Host "vlsi-moon" might be low on memory.
    Total memory = 527831204 kiB
    Free memory  = 1269160 kiB (0.24 %), Free swap = 1069503620 kiB
0.0.Ht: Trace Attempt 170	[199.57 s]
0.0.ADcustom7: Trace Attempt 18	[4.13 s]
0.0.ADcustom7: Trace Attempt  1	[4.62 s]
0.0.ADcustom7: Trace Attempt  2	[4.62 s]
0.0.ADcustom7: Trace Attempt  4	[4.63 s]
0.0.M: Trace Attempt 24	[4.62 s]
0.0.AMcustom3: Trace Attempt 41	[14.20 s]
0.0.M: Trace Attempt 34	[8.97 s]
0.0.AMcustom3: Trace Attempt 43	[15.78 s]
0.0.AMcustom3: Stopped processing property "LCD.p1"	[15.40 s].
0.0.AMcustom3: Morphing to Bcustom2
0.0.AMcustom3: All properties determined. [0.00 s]
0.0.AMcustom3: Exited with Success (@ 0.00 s)
0.0.Bcustom2: clocks: 1, declared: 1, looping: 0, posedge: 1, negedge: 0, noedge: 0, bothedge: 0
0.0.Bcustom2: Starting proof for property "LCD.p1"	[0.00 s].
0.0.Bcustom2: Trace Attempt  1	[0.01 s]
0.0.Bcustom2: Trace Attempt  2	[0.01 s]
0.0.Bcustom2: Trace Attempt  1	[0.01 s]
0.0.Bcustom2: Trace Attempt  2	[0.02 s]
0.0.Bcustom2: Trace Attempt  1	[0.02 s]
0.0.Bcustom2: Trace Attempt  2	[0.02 s]
0.0.Bcustom2: Trace Attempt  3	[0.02 s]
0.0.Bcustom2: Trace Attempt  4	[0.02 s]
0.0.Bcustom2: Trace Attempt  5	[0.02 s]
0.0.D: Trace Attempt 17	[3.03 s]
0.0.D: Stopped processing property "LCD.p1"	[9.48 s].
0.0.D: Morphing to Tri
0.0.D: All properties determined. [0.00 s]
0.0.D: Exited with Success (@ 0.00 s)
0.0.Tri: clocks: 1, declared: 1, looping: 0, posedge: 1, negedge: 0, noedge: 0, bothedge: 0
0.0.Tri: Starting proof for property "LCD.p1"	[0.00 s].
0.0.Tri: Trace Attempt  1	[0.00 s]
0.0.ADcustom7: Trace Attempt 17	[7.35 s]
0.0.ADcustom7: Stopped processing property "LCD.p1"	[9.52 s].
0.0.ADcustom7: Morphing to Tricustom8
0.0.ADcustom7: All properties determined. [0.00 s]
0.0.ADcustom7: Exited with Success (@ 0.00 s)
0.0.Tricustom8: clocks: 1, declared: 1, looping: 0, posedge: 1, negedge: 0, noedge: 0, bothedge: 0
0.0.Tricustom8: Starting proof for property "LCD.p1"	[0.00 s].
0.0.Tricustom8: Trace Attempt  1	[0.00 s]
0.0.Tri:    0.00" ---- Launching main thread ----
0.0.Tri:    0.10" ---- Launching abstraction thread ----
0.0.Tri:    0.11" ---- Launching multi-phase simplification thread ----
0.0.Tri:    0.15" ---- Launching liveness simplification thread ----
0.0.Hp: Trace Attempt 170	[205.48 s]
0.0.Bcustom2: Requesting engine job to terminate
0.0.Tri: Requesting engine job to terminate
0.0.M: Requesting engine job to terminate
0.0.Tricustom8: Requesting engine job to terminate
0.0.Hp: Requesting engine job to terminate
0.0.Ht: Requesting engine job to terminate
INFO (IPF144): 0: Initiating shutdown of proof [206.39 s]
0.0.Tricustom8: A proof was found: No trace exists. [1.18 s]
INFO (IPF057): 0.0.Tricustom8: The property "LCD.p1" was proven in 1.78 s.
0.0.Tri: Stopped processing property "LCD.p1"	[2.53 s].
0.0.Tri: All properties determined. [1.26 s]
0.0.M: Trace Attempt 37	[10.09 s]
0.0.M: Stopped processing property "LCD.p1"	[12.03 s].
0.0.M: All properties determined. [10.82 s]
0.0.Bcustom2: Trace Attempt 29	[1.24 s]
0.0.Bcustom2: Stopped processing property "LCD.p1"	[2.59 s].
0.0.Bcustom2: All properties determined. [1.36 s]
0.0.Ht: Trace Attempt 171	[202.68 s]
0.0.Ht: All properties determined. [206.36 s]
0.0.Tricustom8: Stopped processing property "LCD.p1"	[2.50 s].
0.0.Tricustom8: All properties determined. [1.39 s]
0.0.Tri: Exited with Success (@ 206.62 s)
0: ProofGrid usable level: 0
0.0.Bcustom2: Exited with Success (@ 206.63 s)
0.0.M: Exited with Success (@ 206.63 s)
0.0.Hp: All properties determined. [206.56 s]
0.0.Ht: Exited with Success (@ 206.63 s)
0.0.Tricustom8: Exited with Success (@ 206.63 s)
0.0.Hp: Exited with Success (@ 206.71 s)
0: --------------------------------------------------------------
ProofGrid Summary (utilization 99.76 %)
--------------------------------------------------------------
     engines started                               :    15
     engine jobs started                           :     7

    Average time in state (seconds)
    ------------------------------------------------------
    Engine  Pending     Running        Dead    Utilization
    ------------------------------------------------------
     Hp        0.15      206.36        0.00       99.93 %
     Ht        0.11      206.27        0.00       99.95 %
     Oh        0.12        0.00        0.00        0.49 %
    Bcustom2        0.12      205.97        0.00       99.94 %
    Tri        0.16      205.62        0.00       99.92 %
      M        1.77       16.10        0.00       90.08 %
    Tricustom8        0.11      205.67        0.00       99.95 %
    all        0.36      149.43        0.00       99.76 %

    Total time in state (seconds)
    -----------------------------------------
            Pending     Running        Dead  
    -----------------------------------------
               2.55     1045.99        0.00

    Data read    : 412.87 kiB
    Data written : 13.49 kiB

0: All pending notifications were processed.
INFO (IPF059): 0: Completed proof on task: "<embedded>"

==============================================================
SUMMARY
==============================================================
           Properties Considered              : 1
                 assertions                   : 1
                  - proven                    : 1 (100%)
                  - bounded_proven (user)     : 0 (0%)
                  - bounded_proven (auto)     : 0 (0%)
                  - marked_proven             : 0 (0%)
                  - cex                       : 0 (0%)
                  - ar_cex                    : 0 (0%)
                  - undetermined              : 0 (0%)
                  - unknown                   : 0 (0%)
                  - error                     : 0 (0%)
                 covers                       : 0
                  - unreachable               : 0
                  - bounded_unreachable (user): 0
                  - covered                   : 0
                  - ar_covered                : 0
                  - undetermined              : 0
                  - unknown                   : 0
                  - error                     : 0
proven
[<embedded>] % exit -force
[<embedded>] % INFO (IPL005): Received request to exit from the console.
INFO: Waiting for proof threads to stop...
INFO: Proof threads stopped.
INFO (IPL018): The peak resident set memory use for this session was 0.917 GB.
INFO (IPL014): Waiting for the Tcl-thread to exit.
INFO (IPL015): The Tcl-thread exited with status 0.
INFO (IPL016): Exiting the analysis session with status 0.
Finished lcd_13.tcl successfully
