Jasper Apps 2024.06p002 64 bits 2024.09.02 16:28:38 UTC

Any disclosure about the Cadence Design Systems software or its use
model to any third party violates the written Non-Disclosure Agreement
between Cadence Design Systems, Inc. and the customer.

THIS SOFTWARE CONTAINS CONFIDENTIAL INFORMATION AND TRADE SECRETS OF
CADENCE DESIGN SYSTEMS, INC. USE, DISCLOSURE, OR REPRODUCTION IS
PROHIBITED WITHOUT THE PRIOR EXPRESS WRITTEN PERMISSION OF CADENCE
DESIGN SYSTEMS, INC.

Copyright (C) 2000-2024 Cadence Design Systems, Inc. All Rights
Reserved.  Unpublished -- rights reserved under the copyright laws of
the United States.

This product includes software developed by others and redistributed
according to license agreement. See doc/third_party_readme.txt for
further details.

RESTRICTED RIGHTS LEGEND

Use, duplication, or disclosure by the Government is subject to
restrictions as set forth in subparagraph (c) (1) (ii) of the Rights in
Technical Data and Computer Software clause at DFARS 252.227-7013 or
subparagraphs (c) (1) and (2) of Commercial Computer Software -- Restricted
Rights at 48 CFR 52.227-19, as applicable.


                          Cadence Design Systems, Inc.
                          2655 Seely Avenue
                          San Jose, CA 95134
                          Phone: 408.943.1234

For technical assistance visit http://support.cadence.com.

Jasper Apps Analysis Session - /users/rompel/jasper_executions/liveness/jgprojects/lcd_10/sessionLogs/session_0

WARNING (WG017): [session]: The system's locale is "ANSI_X3.4-1968", which is not UTF-8. Non-ASCII characters might not be handled correctly.
WARNING (WG017): [jg_console]: The system's locale is "ANSI_X3.4-1968", which is not UTF-8. Non-ASCII characters might not be handled correctly.
INFO: successfully checked out license "jasper_fao".
INFO: reading configuration file "/users/rompel/.config/cadence/jasper.conf".
% analyze -sv09 ../lcd_10.sv
[-- (VERI-1482)] Analyzing Verilog file '/tools/cadence2425/JASPER/jasper_2024.06p002/lib/verilog/packages/std/std.sv' into library 'std'
[-- (VERI-1482)] Analyzing Verilog file '../lcd_10.sv'
% elaborate -bbox_mul 1000000 -bbox_div 1000000 -bbox_mod 1000000 -bbox_a 1000000
[INFO (HIER-8002)] ../lcd_10.sv(101): Disabling old hierarchical reference handler
[INFO (VERI-1018)] ../lcd_10.sv(1): compiling module 'LCD'
[WARN (VERI-1209)] ../lcd_10.sv(17): expression size 32 truncated to fit in target size 15
[WARN (VERI-1209)] ../lcd_10.sv(28): expression size 32 truncated to fit in target size 15
[WARN (VERI-1209)] ../lcd_10.sv(92): expression size 32 truncated to fit in target size 15
[INFO (VERI-8005)] ../lcd_10.sv(1): Unintentional sequential element inferred for rw read before write using blocking assignment
[INFO (VERI-8005)] ../lcd_10.sv(1): Unintentional sequential element inferred for rs read before write using blocking assignment
[INFO (VERI-8005)] ../lcd_10.sv(1): Unintentional sequential element inferred for busy read before write using blocking assignment
[INFO (VERI-8005)] ../lcd_10.sv(1): Unintentional sequential element inferred for lcd_data read before write using blocking assignment
[INFO (VERI-8005)] ../lcd_10.sv(1): Unintentional sequential element inferred for e read before write using blocking assignment
[INFO (VERI-8005)] ../lcd_10.sv(5): Unintentional sequential element inferred for cnt read before write using blocking assignment
[INFO (VERI-8005)] ../lcd_10.sv(6): Unintentional sequential element inferred for state read before write using blocking assignment
INFO (ISW003): Top module name is "LCD".
INFO (INL208): Elaboration synthesis summary:
  Number of synthesized netlists          1 (0 packages)
  Single run mode                         On
  Pipeline                                On (1 pipelined netlists)
  Late hierarchical reference connection  On
  Number of analyzed Verilog modules      1 (1 synthesized)
  Number of analyzed VHDL entities        0 (0 synthesized)
INFO (INL003): Clearing all state information (assumes, stopats, and so forth).
LCD
[<embedded>] % reset -none
INFO (IPM031): Clearing proof results of all properties.
[<embedded>] % clock clk
[<embedded>] % prove -all
Ncustom1: Custom engine code is hT3Ng7hPPfiYQOTDZ3qhYOwGAM51eA+J/FjkM5shLioAsqhgLR4Ft+O1BuKG6ilQ83B9tLXSl+CwjiTMAQA
Bcustom2: Custom engine code is hT3Nm7hPr1Vp3Di1Ra2USNIGL4JypRnLKLAdF6JAyuavO2JfGCiY9OZJhcAcOUnLx5xwNdhILGrAWX9s+z2WDkKwNR7tAfClBEjRFVQeq6DU54boFgEA
AMcustom3: Custom engine code is hT3Ng7hP/feYQOTDZ3qhYOwGAM51eA+J/FjkM5shLioAsqhgLR4Ft+O1BuKG6ilQ83B9tLXSmmqwm7g9AQA
Mpcustom4: Custom engine code is hT3NZbhP9fmY2AbBQnsjfOxn6c+6e6yL+/e8fZFmaQrnlgEA
INFO (IPF036): Starting proof on task: "<embedded>", 1 properties to prove with 0 already proven/unreachable
INFO (IPL017): The host machine is running out of memory.
    This message was triggered because the system reached 1% memory.
    System memory use information:
    [Process]
        Memory In Use: 285196 kB (0%)
        Peak Memory Usage: 285196 kB (0%)
    [Host]
        Available Memory: 1092880 kB (0%)
        Total Memory: 527831204 kB
        Free Swap: 1094981244 kB (69%)
        Total Swap: 1565294584 kB
INFO (IPL017): The host machine is running out of memory.
    This message was triggered because the system reached 10% memory.
    System memory use information:
    [Process]
        Memory In Use: 285196 kB (0%)
        Peak Memory Usage: 285196 kB (0%)
    [Host]
        Available Memory: 1092880 kB (0%)
        Total Memory: 527831204 kB
        Free Swap: 1094981244 kB (69%)
        Total Swap: 1565294584 kB
INFO (IRS029): Starting reset analysis: phase 1 of 4.
INFO (IRS030): Running reset analysis: phase 2 of 4.
INFO (IRS031): Running reset analysis: phase 3 of 4.
INFO (IRS020): Starting the reset analysis simulation with a limit of 100 iterations (phase 4 of 4).
INFO (IRS024): Reset iterations 0 to 4 analyzed.
INFO (IRS018): Reset analysis simulation executed for 3 iterations. Assigned values for 0 of 29 design flops, 0 of 0 design latches, 3 of 3 internal elements.
INFO (IRS039): Reset analysis complete.
INFO (IPF031): Settings used for proof thread 0:
    orchestration                 = on
    time_limit                    = 86400s
    per_property_time_limit       = 1s * 10 ^ scan
    engine_mode                   = auto
    proofgrid_per_engine_max_jobs = 1
    max engine jobs               = auto
    proofgrid_mode                = local
    proofgrid_restarts            = 10
AMcustom5: Custom engine code is hT3N1rhP11/52HrFRS21ROp2LOjVTgPvT8L8BGXHgLhaIuqtT4nARFjUqrBL+7pLmaTOzBepZW/Jm8SSrHDybSQtoNiO3y43wk+dEoWlsZizu97Fih6O6lPVG/LpWP5SsUPwlGagLNa1FKEFvwVXyX7//8prySbvSxIHXr5er+z4RAEA
Ncustom6: Custom engine code is hT3OXrhPByJp3TrFSTLhUmMH4KVtJgmTCnNDF46yMXOKY48m4LS5nE7yBzFjA7kDuwO/GhGUpEPiky3p3wmPn3dJZHxFMsafSoObRzSC+tn7sEY0WbTdZ/FV4hL3MYH/b1CIUvXSWR4wqEoVLsmMOD4xIPT4lI1LO6ZCO7PnnWQuLwetnvKlrXx6wCW/A+x+enqslg1YPobi4wEF/EvbzOvcTYdJvl2s4H2yZg2b2ofAVN5WvhWk1HoBAA
ADcustom7: Custom engine code is hT3Nv7hPv1752HrFRa2kROx2f/ECJeZB2AZsLdlO8VwmIuqtT4nIDFXclhg+O+o+DMmQCekbheGk0kK28laA9gaOFDXsQp29J3X615HY1IPHJWd6FUFvCHjO+p1k652b5JJvZlShNpGlGSXAiQe/mEAj6tEBAA
Tricustom8: Custom engine code is hT3Nu7hPt1752DvFRa0kNDiyIV97VyejwM9C/jCLJjdPvusZONHY42VYUy0Q1ZotnhcVtNc56tJ5wbxv6V2+XpdsaSlHck5vfnbYjdwj1OECy9U+7oSQ0SZE3g5ayD+Phuh4odCJTjeKa2k4elM9ldQfkAEA
Gcustom9: Custom engine code is hT3NibhPDfeYQADBZnYcglOvK9Pfd7EOeniIqP8jNsyIqInncipMGcUXqAadachREE9F2PwhBUZUNw5kHnd4JdXkamORRgEA
C2custom10: Custom engine code is hT3NirhPjfWYQADBZnYcglOvK9Pfd7EOeniIqP8jNsyIqInncgkrYMMXCYbdK0dUjZIF9d4cJ0rHoBDjwVLBKuG86XYVV00BAA
AGcustom11: Custom engine code is hT3NirhP/fmYQADBZnYcglOvK9Pfd7EOeniIqP8jNsyIqInnckcwYMMXCYbdK0dUjZIF9d4cJ0rHoBDjwVLBKuHEZnZByh0BAA
Bcustom12: Custom engine code is hT3NjrhPDfiYQADBZnYcglOvK9PfWxFtenjIyBqfrgr7if/jL/yPOuK1BAflEcW0DxNH2eDIoezN2gxlQFg81RZtiWXh7aiTAidvAQA
Ncustom13: Custom engine code is hT3NR7hPByFp3TrFSTLhUmMH4KWtJglTyV/c51BHEeZWamnJv767nE6PCak26bd3gf3XGN3rIRheufhDieCJQVISo+gNYUKhiUedBKGtsP/a18svAnlMJZudHxDFwK5ufsyoxsIyiAeSY2oi3tEuoDHr5gw42DFKAG3PqO3CEsl8Azzdt3pl5nGA1Ifv2H02eYsFzWb/nfp8PMb3F0krE/EgBcm8TD9Div8BAA
Tricustom14: Custom engine code is hT3Nu7hP3fiYQADBZnYcglNHp9bfd7EOeniIqP/ji8sGLQu8yhsFO+wxJ+O+R0bU8g/IewXFomyos+viQnWc2xYNYmMqpo3i40O7DaZR7qfp4YqNx26KRvQ/qx0BAA
0: Using multistage preprocessing
0: Starting reduce
0: Finished reduce in 0s
0.0.PRE: Performing Proof Simplification...
0.0.N: clocks: 1, declared: 1, looping: 0, posedge: 1, negedge: 0, noedge: 0, bothedge: 0
0.0.N: Proof Simplification Iteration 1	[0.00 s]
0.0.N: Proof Simplification Iteration 2	[0.00 s]
0.0.N: Proof Simplification Iteration 3	[0.00 s]
0.0.N: Proof Simplification Iteration 4	[0.00 s]
0.0.PRE: A proof was found: No trace exists. [0.00 s]
INFO (IPF057): 0.0.PRE: The property ":noDeadEnd" was proven in 0.00 s.
    Use check_assumptions -show -dead_end to show this property in the property table.
0.0.PRE: A proof was found: No trace exists. [0.00 s]
INFO (IPF057): 0.0.PRE: The property ":noConflict" was proven in 0.00 s.
    Use check_assumptions -show to show this property in the property table.
INFO (IPF047): 0.0.PRE: The cover property ":live" was covered in 1 cycles in 0.00 s.
    Use check_assumptions -show -live to show this property in the property table.
0.0.PRE: Proof Simplification completed in 0.01 s
0: About to start ProofGrid in its own thread with a limit of 10000 pending notifications and a limit of 10 traces.
0: =============================== ProofGrid start ===============================
0: ProofGrid usable level: 1
0: Initial ProofGrid level: 1
0: ProofGrid is starting event handling
0.0.Hp: Proofgrid shell started at 82692@vlsi-moon(local) jg_82624_vlsi-moon_1
0.0.N: Proofgrid shell started at 82691@vlsi-moon(local) jg_82624_vlsi-moon_1
0.0.N: clocks: 1, declared: 1, looping: 0, posedge: 1, negedge: 0, noedge: 0, bothedge: 0
0.0.N: Last scan. Per property time limit: 0s
0.0.N: Starting proof for property "LCD.p1"	[0.00 s].
0.0.Hp: clocks: 1, declared: 1, looping: 0, posedge: 1, negedge: 0, noedge: 0, bothedge: 0
0.0.N: Trace Attempt  1	[0.01 s]
0.0.N: Trace Attempt  2	[0.02 s]
0.0.N: Trace Attempt  2	[0.02 s]
0.0.N: Trace Attempt  3	[0.02 s]
0.0.N: Trace Attempt  3	[0.02 s]
0.0.Hp: Last scan. Per property time limit: 0s
0.0.N: Trace Attempt  4	[0.03 s]
0.0.N: Trace Attempt  4	[0.03 s]
0.0.Hp: Trace Attempt  1	[0.01 s]
0.0.N: Trace Attempt  5	[0.04 s]
0.0.Hp: Trace Attempt  2	[0.01 s]
0.0.Hp: Trace Attempt  3	[0.02 s]
0.0.Hp: Trace Attempt  4	[0.02 s]
0.0.Hp: Trace Attempt  5	[0.02 s]
0.0.Oh: Proofgrid shell started at 82724@vlsi-moon(local) jg_82624_vlsi-moon_1
0.0.Oh: clocks: 1, declared: 1, looping: 0, posedge: 1, negedge: 0, noedge: 0, bothedge: 0
0.0.Ht: Proofgrid shell started at 82723@vlsi-moon(local) jg_82624_vlsi-moon_1
0.0.Oh: Reached length limit (2147483647) [0.01 s]
0.0.Oh: Exited with Success (@ 0.10 s)
0.0.AM: Proofgrid shell started at 82726@vlsi-moon(local) jg_82624_vlsi-moon_1
0.0.Ht: clocks: 1, declared: 1, looping: 0, posedge: 1, negedge: 0, noedge: 0, bothedge: 0
0.0.AM: clocks: 1, declared: 1, looping: 0, posedge: 1, negedge: 0, noedge: 0, bothedge: 0
0.0.AM: Last scan. Per property time limit: 0s
0.0.AM: Starting proof for property "LCD.p1"	[0.00 s].
0.0.Ht: Last scan. Per property time limit: 0s
0.0.AM: Trace Attempt  1	[0.00 s]
0.0.AM: Trace Attempt  2	[0.00 s]
0.0.B: Proofgrid shell started at 82725@vlsi-moon(local) jg_82624_vlsi-moon_1
0.0.Ht: Trace Attempt  1	[0.00 s]
0.0.AM: Trace Attempt  3	[0.00 s]
0.0.B: clocks: 1, declared: 1, looping: 0, posedge: 1, negedge: 0, noedge: 0, bothedge: 0
0.0.B: Last scan. Per property time limit: 0s
0.0.B: Starting proof for property "LCD.p1"	[0.00 s].
0.0.AM: Trace Attempt  4	[0.00 s]
0.0.Ht: Trace Attempt  2	[0.01 s]
0.0.AM: Trace Attempt  5	[0.01 s]
0.0.B: Trace Attempt  1	[0.00 s]
0.0.Ht: Trace Attempt  3	[0.01 s]
0.0.B: Trace Attempt  2	[0.00 s]
0.0.Ht: Trace Attempt  4	[0.01 s]
0.0.B: Trace Attempt  3	[0.01 s]
0.0.B: Trace Attempt  4	[0.01 s]
0.0.Ht: Trace Attempt  5	[0.01 s]
0.0.B: Trace Attempt  5	[0.01 s]
0.0.N: Trace Attempt  1	[0.13 s]
0.0.N: Trace Attempt  2	[0.13 s]
0.0.N: Trace Attempt  3	[0.13 s]
0.0.N: Trace Attempt  4	[0.14 s]
0.0.AM: Trace Attempt  1	[0.03 s]
0.0.AM: Trace Attempt  2	[0.04 s]
0.0.AM: Trace Attempt  3	[0.04 s]
0.0.AM: Trace Attempt  4	[0.04 s]
0.0.AM: Trace Attempt  5	[0.06 s]
0.0.N: Trace Attempt  5	[0.21 s]
0.0.AM: Trace Attempt  1	[0.21 s]
0.0.AM: Trace Attempt  2	[0.22 s]
0.0.AM: Trace Attempt  3	[0.22 s]
0.0.AM: Trace Attempt  4	[0.24 s]
0.0.AM: Trace Attempt  5	[0.31 s]
0.0.AM: Trace Attempt  1	[1.01 s]
0.0.AM: Trace Attempt  2	[1.01 s]
0.0.AM: Trace Attempt  3	[1.01 s]
0.0.AM: Trace Attempt  4	[1.02 s]
0.0.AM: Trace Attempt  5	[1.06 s]
0.0.Hp: Trace Attempt 44	[4.11 s]
0.0.B: Trace Attempt 55	[4.05 s]
0.0.Ht: Trace Attempt 46	[4.09 s]
0.0.N: Trace Attempt 29	[4.62 s]
0.0.AM: Trace Attempt 23	[5.27 s]
0.0.AM: Trace Attempt  1	[7.12 s]
0.0.AM: Trace Attempt  2	[7.12 s]
0.0.AM: Trace Attempt  3	[7.12 s]
0.0.AM: Trace Attempt  4	[7.13 s]
0.0.AM: Trace Attempt  5	[7.25 s]
0.0.Hp: Trace Attempt 56	[8.24 s]
0.0.Ht: Trace Attempt 58	[8.30 s]
0.0.B: Trace Attempt 70	[8.38 s]
0.0.N: Trace Attempt 41	[9.22 s]
0.0.AM: Trace Attempt 28	[11.95 s]
0.0.Ht: Trace Attempt 66	[12.55 s]
0.0.B: Trace Attempt 78	[12.60 s]
0.0.N: Trace Attempt 46	[13.32 s]
0.0.Hp: Trace Attempt 66	[13.35 s]
0.0.Ht: Trace Attempt 74	[16.65 s]
0.0.AM: Trace Attempt 38	[17.47 s]
0.0.N: Trace Attempt 52	[17.83 s]
0.0.Hp: Trace Attempt 74	[17.86 s]
0.0.Ht: Trace Attempt 79	[21.62 s]
0.0.AM: Trace Attempt 46	[21.63 s]
0.0.N: Trace Attempt 57	[21.86 s]
0.0.Hp: Trace Attempt 79	[23.00 s]
0.0.B: Trace Attempt 85	[23.20 s]
0.0.N: Trace Attempt 64	[26.17 s]
0.0.Ht: Trace Attempt 87	[26.10 s]
0.0.AM: Trace Attempt 56	[26.42 s]
0.0.Hp: Trace Attempt 86	[27.64 s]
WARNING (WPF031): 0.0.B: Major page faults detected. Host "vlsi-moon" might be low on memory.
    Total memory = 527831204 kiB
    Free memory  = 1144964 kiB (0.22 %), Free swap = 1092637656 kiB
WARNING (WPF031): 0.0.N: Major page faults detected. Host "vlsi-moon" might be low on memory.
    Total memory = 527831204 kiB
    Free memory  = 1144964 kiB (0.22 %), Free swap = 1092637656 kiB
0.0.B: Trace Attempt 87	[29.39 s]
0.0.N: Trace Attempt 71	[30.19 s]
0.0.Ht: Trace Attempt 92	[30.58 s]
0.0.Hp: Trace Attempt 91	[32.06 s]
0.0.B: Trace Attempt 91	[33.41 s]
0.0.AM: Trace Attempt 62	[33.78 s]
0.0.Ht: Trace Attempt 97	[34.70 s]
0.0.N: Trace Attempt 76	[34.85 s]
0.0.Hp: Trace Attempt 95	[36.49 s]
WARNING (WPF031): 0.0.AM: Major page faults detected. Host "vlsi-moon" might be low on memory.
    Total memory = 527831204 kiB
    Free memory  = 1061848 kiB (0.20 %), Free swap = 1092254072 kiB
WARNING (WPF031): 0.0.Ht: Major page faults detected. Host "vlsi-moon" might be low on memory.
    Total memory = 527831204 kiB
    Free memory  = 1059588 kiB (0.20 %), Free swap = 1092254072 kiB
0.0.AM: Trace Attempt 69	[39.10 s]
0.0.N: Trace Attempt 80	[39.26 s]
0.0.Ht: Trace Attempt 102	[39.30 s]
0.0.Hp: Trace Attempt 100	[41.17 s]
0.0.AM: Trace Attempt 72	[43.78 s]
0.0.N: Trace Attempt 84	[44.45 s]
0.0.Ht: Trace Attempt 108	[44.77 s]
0.0.B: Trace Attempt 97	[45.05 s]
0.0.Hp: Trace Attempt 104	[45.20 s]
0.0.AM: Trace Attempt 79	[48.65 s]
0.0.N: Trace Attempt 87	[48.96 s]
WARNING (WPF031): 0.0.Hp: Major page faults detected. Host "vlsi-moon" might be low on memory.
    Total memory = 527831204 kiB
    Free memory  = 1102100 kiB (0.21 %), Free swap = 1091538692 kiB
0.0.Hp: Trace Attempt 108	[49.91 s]
0.0.B: Trace Attempt 99	[50.72 s]
0.0.Ht: Trace Attempt 112	[53.02 s]
0.0.N: Trace Attempt 89	[53.68 s]
0.0.Hp: Trace Attempt 111	[54.65 s]
0.0.B: Trace Attempt 101	[55.95 s]
0.0.AM: Trace Attempt 84	[55.78 s]
0.0.Ht: Trace Attempt 115	[58.85 s]
0.0.N: Trace Attempt 91	[58.95 s]
0.0.Hp: Trace Attempt 112	[59.22 s]
0.0.B: Trace Attempt 104	[61.78 s]
0.0.AM: Trace Attempt 89	[62.20 s]
0.0.Ht: Trace Attempt 118	[62.86 s]
0.0.N: Trace Attempt 93	[63.46 s]
0.0.Hp: Trace Attempt 114	[63.50 s]
0.0.B: Trace Attempt 106	[66.00 s]
0.0.AM: Trace Attempt 92	[66.41 s]
0.0.Hp: Trace Attempt 117	[68.09 s]
0.0.Ht: Trace Attempt 121	[68.76 s]
0.0.N: Trace Attempt 94	[70.72 s]
0.0.B: Trace Attempt 109	[70.60 s]
0.0.AM: Trace Attempt 95	[70.53 s]
0.0.Hp: Trace Attempt 120	[74.32 s]
0.0.Ht: Trace Attempt 123	[74.25 s]
0.0.N: Trace Attempt 95	[75.26 s]
0.0.B: Trace Attempt 113	[75.29 s]
0.0.AM: Trace Attempt 97	[76.40 s]
0.0.Ht: Trace Attempt 126	[78.71 s]
0.0.Hp: Trace Attempt 123	[79.48 s]
0.0.B: Trace Attempt 117	[79.69 s]
0.0.N: Trace Attempt 98	[81.33 s]
0.0.AM: Trace Attempt 102	[81.41 s]
0.0.Ht: Trace Attempt 130	[82.84 s]
0.0.Hp: Trace Attempt 126	[83.55 s]
0.0.AM: Trace Attempt 108	[85.72 s]
0.0.Ht: Trace Attempt 132	[86.90 s]
0.0.B: Trace Attempt 121	[87.85 s]
0.0.Hp: Trace Attempt 130	[88.03 s]
0.0.N: Trace Attempt 100	[88.08 s]
0.0.AM: Trace Attempt 111	[90.14 s]
0.0.Ht: Trace Attempt 135	[91.74 s]
0.0.Hp: Trace Attempt 132	[92.08 s]
0.0.N: Trace Attempt 105	[92.23 s]
0.0.B: Trace Attempt 125	[92.99 s]
0.0.AM: Trace Attempt 114	[94.51 s]
0.0.Ht: Trace Attempt 137	[96.35 s]
0.0.N: Trace Attempt 110	[96.90 s]
0.0.B: Trace Attempt 129	[97.02 s]
0.0.Hp: Trace Attempt 135	[97.19 s]
0.0.AM: Trace Attempt 117	[99.36 s]
0.0.B: Trace Attempt 131	[101.33 s]
0.0.N: Trace Attempt 116	[101.68 s]
0.0.Ht: Trace Attempt 139	[101.65 s]
0.0.Hp: Trace Attempt 137	[102.19 s]
0.0.AM: Trace Attempt 121	[105.09 s]
0.0.N: Trace Attempt 121	[105.70 s]
0.0.B: Trace Attempt 133	[107.24 s]
0.0.Hp: Trace Attempt 139	[107.90 s]
0.0.Ht: Trace Attempt 141	[108.24 s]
0.0.AM: Trace Attempt 124	[109.26 s]
0.0.N: Trace Attempt 127	[110.15 s]
0.0.B: Trace Attempt 135	[111.39 s]
0.0.Ht: Trace Attempt 144	[113.17 s]
0.0.AM: Trace Attempt 127	[113.76 s]
0.0.N: Trace Attempt 137	[114.29 s]
0.0.Hp: Trace Attempt 141	[114.96 s]
0.0.B: Trace Attempt 137	[115.60 s]
0.0.N: Trace Attempt 153	[118.60 s]
0.0.AM: Trace Attempt 131	[118.60 s]
0.0.Ht: Trace Attempt 147	[119.36 s]
0.0.Hp: Trace Attempt 144	[120.73 s]
WARNING (WPF031): 0.0.Ht: Major page faults detected. Host "vlsi-moon" might be low on memory.
    Total memory = 527831204 kiB
    Free memory  = 1070160 kiB (0.20 %), Free swap = 1089750976 kiB
0.0.B: Trace Attempt 140	[121.80 s]
0.0.N: Trace Attempt 167	[124.41 s]
0.0.AM: Trace Attempt 134	[124.46 s]
0.0.Hp: Trace Attempt 146	[125.41 s]
0.0.B: Trace Attempt 142	[126.04 s]
0.0.Ht: Trace Attempt 149	[126.62 s]
0.0.N: Trace Attempt 170	[128.56 s]
0.0.AM: Trace Attempt 136	[129.25 s]
0.0.Hp: Trace Attempt 148	[130.47 s]
WARNING (WPF031): 0.0.N: Major page faults detected. Host "vlsi-moon" might be low on memory.
    Total memory = 527831204 kiB
    Free memory  = 1096312 kiB (0.21 %), Free swap = 1089281124 kiB
0.0.B: Trace Attempt 144	[131.32 s]
0.0.N: Trace Attempt 172	[132.63 s]
0.0.AM: Trace Attempt 139	[133.79 s]
0.0.Ht: Trace Attempt 151	[134.75 s]
0.0.B: Trace Attempt 146	[136.86 s]
0.0.Hp: Trace Attempt 150	[137.23 s]
0.0.N: Trace Attempt 176	[138.17 s]
0.0.AM: Trace Attempt 141	[140.76 s]
WARNING (WPF031): 0.0.AM: Major page faults detected. Host "vlsi-moon" might be low on memory.
    Total memory = 527831204 kiB
    Free memory  = 1125576 kiB (0.21 %), Free swap = 1088714428 kiB
WARNING (WPF031): 0.0.B: Major page faults detected. Host "vlsi-moon" might be low on memory.
    Total memory = 527831204 kiB
    Free memory  = 1125464 kiB (0.21 %), Free swap = 1088714428 kiB
0.0.Ht: Trace Attempt 153	[141.50 s]
0.0.Hp: Trace Attempt 151	[142.15 s]
0.0.B: Trace Attempt 148	[142.12 s]
0.0.N: Trace Attempt 179	[142.24 s]
0.0.AM: Trace Attempt 143	[145.49 s]
0.0.Hp: Trace Attempt 152	[146.17 s]
0.0.B: Trace Attempt 150	[147.08 s]
0.0.N: Trace Attempt 183	[147.31 s]
0.0.Ht: Trace Attempt 155	[149.13 s]
0.0.AM: Trace Attempt 145	[150.47 s]
0.0.B: Trace Attempt 152	[151.31 s]
0.0.N: Trace Attempt 185	[151.49 s]
0.0.Hp: Trace Attempt 154	[152.09 s]
0.0.AM: Trace Attempt 147	[154.51 s]
0.0.B: Trace Attempt 154	[155.32 s]
0.0.Ht: Trace Attempt 157	[155.76 s]
0.0.N: Trace Attempt 188	[157.09 s]
0.0.Hp: Trace Attempt 155	[159.15 s]
0.0.AM: Trace Attempt 149	[159.31 s]
0.0.B: Trace Attempt 156	[160.75 s]
0.0.Ht: Trace Attempt 158	[161.29 s]
0.0.N: Trace Attempt 191	[163.10 s]
0.0.AM: Trace Attempt 151	[163.32 s]
0.0.Hp: Trace Attempt 156	[163.41 s]
0.0.B: Trace Attempt 158	[165.16 s]
0.0.Hp: Trace Attempt 157	[167.54 s]
0.0.Ht: Trace Attempt 160	[168.13 s]
0.0.N: Trace Attempt 193	[168.61 s]
0.0.B: Trace Attempt 160	[170.28 s]
0.0.AM: Trace Attempt 154	[170.80 s]
WARNING (WPF031): 0.0.Ht: Major page faults detected. Host "vlsi-moon" might be low on memory.
    Total memory = 527831204 kiB
    Free memory  = 1093848 kiB (0.21 %), Free swap = 1087727516 kiB
0.0.Hp: Trace Attempt 158	[174.32 s]
0.0.Ht: Trace Attempt 162	[174.89 s]
0.0.B: Trace Attempt 162	[175.03 s]
0.0.AM: Trace Attempt 156	[175.17 s]
0.0.N: Trace Attempt 195	[175.29 s]
0.0.B: Trace Attempt 164	[179.99 s]
0.0.AM: Trace Attempt 158	[180.20 s]
0.0.N: Trace Attempt 197	[180.65 s]
0.0.Ht: Trace Attempt 164	[181.36 s]
0.0.Hp: Trace Attempt 160	[183.00 s]
0.0.B: Trace Attempt 165	[183.05 s]
0.0.B: Stopped processing property "LCD.p1"	[184.42 s].
0.0.B: Morphing to Bcustom2
0.0.B: All properties determined. [0.00 s]
0.0.B: Exited with Success (@ 0.00 s)
0.0.Bcustom2: clocks: 1, declared: 1, looping: 0, posedge: 1, negedge: 0, noedge: 0, bothedge: 0
0.0.Bcustom2: Starting proof for property "LCD.p1"	[0.00 s].
0.0.Bcustom2: Trace Attempt  1	[0.00 s]
0.0.Bcustom2: Trace Attempt  2	[0.00 s]
0.0.Bcustom2: Trace Attempt  1	[0.01 s]
0.0.Bcustom2: Trace Attempt  2	[0.01 s]
0.0.Bcustom2: Trace Attempt  1	[0.01 s]
0.0.Bcustom2: Trace Attempt  2	[0.01 s]
0.0.Bcustom2: Trace Attempt  3	[0.01 s]
0.0.Bcustom2: Trace Attempt  4	[0.02 s]
0.0.Bcustom2: Trace Attempt  5	[0.02 s]
0.0.Bcustom2: Trace Attempt  1	[0.03 s]
0.0.Bcustom2: Trace Attempt  2	[0.03 s]
0.0.Bcustom2: Trace Attempt  3	[0.03 s]
0.0.Bcustom2: Trace Attempt  4	[0.03 s]
0.0.Bcustom2: Trace Attempt  5	[0.03 s]
0.0.AM: Trace Attempt 160	[182.91 s]
0.0.AM: Stopped processing property "LCD.p1"	[184.50 s].
0.0.AM: Morphing to AMcustom3
0.0.AM: All properties determined. [0.00 s]
0.0.AM: Exited with Success (@ 0.00 s)
0.0.AMcustom3: clocks: 1, declared: 1, looping: 0, posedge: 1, negedge: 0, noedge: 0, bothedge: 0
0.0.AMcustom3: Starting proof for property "LCD.p1"	[0.00 s].
0.0.AMcustom3: Trace Attempt  1	[0.00 s]
0.0.AMcustom3: Trace Attempt  2	[0.00 s]
0.0.AMcustom3: Trace Attempt  3	[0.00 s]
0.0.AMcustom3: Trace Attempt  4	[0.00 s]
0.0.AMcustom3: Trace Attempt  5	[0.01 s]
0.0.N: Stopped processing property "LCD.p1"	[184.61 s].
0.0.N: Morphing to Ncustom1
0.0.AMcustom3: Trace Attempt  1	[0.03 s]
0.0.N: All properties determined. [0.00 s]
0.0.N: Exited with Success (@ 0.00 s)
0.0.Ncustom1: clocks: 1, declared: 1, looping: 0, posedge: 1, negedge: 0, noedge: 0, bothedge: 0
0.0.AMcustom3: Trace Attempt  2	[0.04 s]
0.0.Ncustom1: Starting proof for property "LCD.p1"	[0.00 s].
0.0.AMcustom3: Trace Attempt  3	[0.04 s]
0.0.Ncustom1: Trace Attempt  4	[0.00 s]
0.0.AMcustom3: Trace Attempt  4	[0.04 s]
0.0.Ncustom1: Trace Attempt  5	[0.01 s]
0.0.AMcustom3: Trace Attempt  5	[0.06 s]
0.0.Ncustom1: Trace Attempt  1	[0.10 s]
0.0.Ncustom1: Trace Attempt  2	[0.11 s]
0.0.Ncustom1: Trace Attempt  3	[0.11 s]
0.0.Ncustom1: Trace Attempt  4	[0.11 s]
0.0.AMcustom3: Trace Attempt  1	[0.21 s]
0.0.AMcustom3: Trace Attempt  2	[0.22 s]
0.0.AMcustom3: Trace Attempt  3	[0.22 s]
0.0.AMcustom3: Trace Attempt  4	[0.22 s]
0.0.Ncustom1: Trace Attempt  5	[0.19 s]
0.0.AMcustom3: Trace Attempt  5	[0.27 s]
0.0.Tri: Proofgrid shell started at 84239@vlsi-moon(local) jg_82624_vlsi-moon_1
0.0.Tri: clocks: 1, declared: 1, looping: 0, posedge: 1, negedge: 0, noedge: 0, bothedge: 0
0.0.Tri: Last scan. Per property time limit: 0s
0.0.Tri: Starting proof for property "LCD.p1"	[0.00 s].
0.0.Tri: Trace Attempt  1	[0.00 s]
0.0.Tri:    0.00" ---- Launching main thread ----
0.0.Tri:    0.13" ---- Launching abstraction thread ----
0.0.Tri:    0.14" ---- Launching multi-phase simplification thread ----
0.0.Tri:    0.17" ---- Launching liveness simplification thread ----
0.0.AMcustom3: Trace Attempt  1	[1.14 s]
0.0.AMcustom3: Trace Attempt  2	[1.14 s]
0.0.AMcustom3: Trace Attempt  3	[1.15 s]
0.0.AMcustom3: Trace Attempt  4	[1.15 s]
0.0.AMcustom3: Trace Attempt  5	[1.22 s]
0.0.Tri:    1.00" Simplification phase 1 complete
0.0.Hp: Trace Attempt 161	[187.01 s]
0.0.Tri:    2.57" Simplification phase 2 complete
0.0.Tri:    2.62" Simplification phase 3 complete
0.0.Tri:    2.62" ---- Completed simplification thread ----
0.0.Tri:    2.62" ---- Restarting main thread on simplified netlist ----
0.0.Tri:    2.78" ---- Restarting abstraction thread on simplified netlist ----
0.0.Bcustom2: Trace Attempt 45	[4.43 s]
0.0.Ht: Trace Attempt 165	[188.80 s]
0.0.Ncustom1: Trace Attempt 29	[4.67 s]
0.0.AMcustom3: Trace Attempt 34	[5.38 s]
0.0.Ncustom1: Trace Attempt 32	[5.75 s]
0.0.Ncustom1: Stopped processing property "LCD.p1"	[5.52 s].
0.0.Ncustom1: Morphing to AMcustom5
0.0.Ncustom1: All properties determined. [0.00 s]
0.0.Ncustom1: Exited with Success (@ 0.00 s)
0.0.AMcustom5: clocks: 1, declared: 1, looping: 0, posedge: 1, negedge: 0, noedge: 0, bothedge: 0
0.0.AMcustom5: Starting proof for property "LCD.p1"	[0.00 s].
0.0.AMcustom5: Trace Attempt  1	[0.00 s]
0.0.AMcustom5: Trace Attempt  2	[0.00 s]
0.0.AMcustom5: Trace Attempt  1	[0.00 s]
0.0.AMcustom5: Trace Attempt  2	[0.01 s]
0.0.AMcustom5: Trace Attempt  3	[0.01 s]
0.0.AMcustom5: Trace Attempt  4	[0.01 s]
0.0.AMcustom5: Trace Attempt  5	[0.01 s]
0.0.Tri: Stopped processing property "LCD.p1"	[5.31 s].
0.0.AMcustom3: Trace Attempt 36	[5.79 s]
0.0.AMcustom3: Stopped processing property "LCD.p1"	[5.57 s].
0.0.AMcustom3: Morphing to D
0.0.AMcustom3: All properties determined. [0.00 s]
0.0.AMcustom3: Exited with Success (@ 0.00 s)
0.0.D: clocks: 1, declared: 1, looping: 0, posedge: 1, negedge: 0, noedge: 0, bothedge: 0
0.0.D: Starting proof for property "LCD.p1"	[0.00 s].
0.0.Tri: Morphing to ADcustom7
0.0.Tri: All properties determined. [0.00 s]
0.0.Tri: Exited with Success (@ 0.00 s)
0.0.ADcustom7: clocks: 1, declared: 1, looping: 0, posedge: 1, negedge: 0, noedge: 0, bothedge: 0
0.0.ADcustom7: Starting proof for property "LCD.p1"	[0.00 s].
0.0.ADcustom7: Trace Attempt  1	[0.00 s]
0.0.ADcustom7: Trace Attempt  2	[0.00 s]
0.0.AMcustom5: Trace Attempt  1	[0.06 s]
0.0.AMcustom5: Trace Attempt  2	[0.07 s]
0.0.AMcustom5: Trace Attempt  3	[0.07 s]
0.0.D: Trace Attempt  1	[0.01 s]
0.0.ADcustom7: Trace Attempt  1	[0.01 s]
0.0.D: Trace Attempt  2	[0.02 s]
0.0.ADcustom7: Trace Attempt  2	[0.01 s]
0.0.ADcustom7: Trace Attempt  3	[0.01 s]
0.0.ADcustom7: Trace Attempt  4	[0.02 s]
0.0.ADcustom7: Trace Attempt  5	[0.02 s]
0.0.AMcustom5: Trace Attempt  4	[0.08 s]
0.0.D: Trace Attempt  4	[0.05 s]
0.0.AMcustom5: Trace Attempt  5	[0.13 s]
0.0.ADcustom7: Trace Attempt  1	[0.07 s]
0.0.ADcustom7: Trace Attempt  2	[0.07 s]
0.0.ADcustom7: Trace Attempt  4	[0.08 s]
0.0.AMcustom5: Trace Attempt  1	[0.45 s]
0.0.AMcustom5: Trace Attempt  2	[0.45 s]
0.0.AMcustom5: Trace Attempt  3	[0.45 s]
0.0.AMcustom5: Trace Attempt  4	[0.46 s]
0.0.AMcustom5: Trace Attempt  5	[0.52 s]
0.0.ADcustom7: Trace Attempt  1	[0.64 s]
0.0.ADcustom7: Trace Attempt  2	[0.65 s]
0.0.ADcustom7: Trace Attempt  4	[0.65 s]
0.0.Hp: Trace Attempt 162	[191.19 s]
0.0.AMcustom5: Trace Attempt  1	[1.88 s]
0.0.AMcustom5: Trace Attempt  2	[1.88 s]
0.0.AMcustom5: Trace Attempt  3	[1.88 s]
0.0.AMcustom5: Trace Attempt  4	[1.88 s]
0.0.AMcustom5: Trace Attempt  5	[1.98 s]
0.0.Bcustom2: Trace Attempt 59	[9.78 s]
0.0.ADcustom7: Trace Attempt 18	[4.66 s]
0.0.ADcustom7: Trace Attempt  1	[5.03 s]
0.0.ADcustom7: Trace Attempt  2	[5.03 s]
0.0.ADcustom7: Trace Attempt  4	[5.04 s]
0.0.Hp: Trace Attempt 163	[195.82 s]
0.0.AMcustom5: Trace Attempt 24	[6.06 s]
0.0.Bcustom2: Trace Attempt 69	[14.23 s]
0.0.Ht: Trace Attempt 167	[199.86 s]
0.0.AMcustom5: Trace Attempt 33	[9.88 s]
0.0.AMcustom5: Stopped processing property "LCD.p1"	[10.17 s].
0.0.AMcustom5: Morphing to Ncustom1
0.0.AMcustom5: All properties determined. [0.00 s]
0.0.AMcustom5: Exited with Success (@ 0.00 s)
0.0.Ncustom1: clocks: 1, declared: 1, looping: 0, posedge: 1, negedge: 0, noedge: 0, bothedge: 0
0.0.Ncustom1: Starting proof for property "LCD.p1"	[0.00 s].
0.0.D: Trace Attempt 17	[2.65 s]
0.0.D: Stopped processing property "LCD.p1"	[10.14 s].
0.0.D: Morphing to M
0.0.D: All properties determined. [0.00 s]
0.0.D: Exited with Success (@ 0.00 s)
0.0.M: clocks: 1, declared: 1, looping: 0, posedge: 1, negedge: 0, noedge: 0, bothedge: 0
0.0.M: Starting proof for property "LCD.p1"	[0.00 s].
0.0.M: Trace Attempt  1	[0.00 s]
0.0.Ncustom1: Trace Attempt  4	[0.04 s]
0.0.Ncustom1: Trace Attempt  5	[0.05 s]
0.0.M: Trace Attempt  2	[0.02 s]
0.0.M: Trace Attempt  3	[0.03 s]
0.0.M: Trace Attempt  4	[0.04 s]
0.0.ADcustom7: Trace Attempt 17	[8.36 s]
0.0.ADcustom7: Stopped processing property "LCD.p1"	[10.23 s].
0.0.ADcustom7: Morphing to Tricustom8
0.0.ADcustom7: All properties determined. [0.00 s]
0.0.ADcustom7: Exited with Success (@ 0.00 s)
0.0.Tricustom8: clocks: 1, declared: 1, looping: 0, posedge: 1, negedge: 0, noedge: 0, bothedge: 0
0.0.Ncustom1: Trace Attempt  1	[0.13 s]
0.0.M: Trace Attempt  5	[0.11 s]
0.0.Ncustom1: Trace Attempt  2	[0.14 s]
0.0.Ncustom1: Trace Attempt  3	[0.14 s]
0.0.Tricustom8: Starting proof for property "LCD.p1"	[0.00 s].
0.0.Tricustom8: Trace Attempt  1	[0.00 s]
0.0.Ncustom1: Trace Attempt  4	[0.14 s]
0.0.Ncustom1: Trace Attempt  5	[0.21 s]
0.0.Ncustom1: Requesting engine job to terminate
0.0.Bcustom2: Requesting engine job to terminate
0.0.M: Requesting engine job to terminate
0.0.Tricustom8: Requesting engine job to terminate
0.0.Hp: Requesting engine job to terminate
0.0.Ht: Requesting engine job to terminate
INFO (IPF144): 0: Initiating shutdown of proof [201.50 s]
0.0.Tricustom8: A proof was found: No trace exists. [0.96 s]
INFO (IPF057): 0.0.Tricustom8: The property "LCD.p1" was proven in 1.70 s.
0.0.Ncustom1: Trace Attempt 16	[1.10 s]
0.0.Ncustom1: Stopped processing property "LCD.p1"	[2.61 s].
0.0.Ncustom1: All properties determined. [1.16 s]
0.0.M: Trace Attempt 14	[0.97 s]
0.0.M: Stopped processing property "LCD.p1"	[2.59 s].
0.0.M: All properties determined. [1.13 s]
0.0.Tricustom8: Stopped processing property "LCD.p1"	[2.48 s].
0.0.Tricustom8: All properties determined. [1.08 s]
0.0.Hp: Trace Attempt 164	[199.74 s]
0.0.Hp: All properties determined. [201.51 s]
0.0.Ht: All properties determined. [201.47 s]
0.0.Tricustom8: Exited with Success (@ 201.73 s)
0: ProofGrid usable level: 0
0.0.M: Exited with Success (@ 201.73 s)
0.0.Ncustom1: Exited with Success (@ 201.73 s)
0.0.Hp: Exited with Success (@ 201.73 s)
0.0.Ht: Exited with Success (@ 201.73 s)
0.0.Bcustom2: Trace Attempt 72	[16.10 s]
0.0.Bcustom2: Stopped processing property "LCD.p1"	[18.31 s].
0.0.Bcustom2: All properties determined. [17.52 s]
0.0.Bcustom2: Exited with Success (@ 201.76 s)
0: --------------------------------------------------------------
ProofGrid Summary (utilization 99.87 %)
--------------------------------------------------------------
     engines started                               :    15
     engine jobs started                           :     7

    Average time in state (seconds)
    ------------------------------------------------------
    Engine  Pending     Running        Dead    Utilization
    ------------------------------------------------------
     Hp        0.10      201.45        0.00       99.95 %
     Ht        0.10      201.37        0.00       99.95 %
     Oh        0.10        0.01        0.00        5.02 %
    Ncustom1        0.10      201.00        0.00       99.95 %
    Bcustom2        0.11      201.14        0.00       99.95 %
      M        0.10      200.96        0.00       99.95 %
    Tricustom8        0.69       16.43        0.00       95.95 %
    all        0.19      146.05        0.00       99.87 %

    Total time in state (seconds)
    -----------------------------------------
            Pending     Running        Dead  
    -----------------------------------------
               1.30     1022.36        0.00

    Data read    : 715.15 kiB
    Data written : 11.84 kiB

0: All pending notifications were processed.
INFO (IPF059): 0: Completed proof on task: "<embedded>"

==============================================================
SUMMARY
==============================================================
           Properties Considered              : 1
                 assertions                   : 1
                  - proven                    : 1 (100%)
                  - bounded_proven (user)     : 0 (0%)
                  - bounded_proven (auto)     : 0 (0%)
                  - marked_proven             : 0 (0%)
                  - cex                       : 0 (0%)
                  - ar_cex                    : 0 (0%)
                  - undetermined              : 0 (0%)
                  - unknown                   : 0 (0%)
                  - error                     : 0 (0%)
                 covers                       : 0
                  - unreachable               : 0
                  - bounded_unreachable (user): 0
                  - covered                   : 0
                  - ar_covered                : 0
                  - undetermined              : 0
                  - unknown                   : 0
                  - error                     : 0
proven
[<embedded>] % exit -force
[<embedded>] % INFO (IPL005): Received request to exit from the console.
INFO: Waiting for proof threads to stop...
INFO: Proof threads stopped.
INFO (IPL018): The peak resident set memory use for this session was 1.097 GB.
INFO (IPL014): Waiting for the Tcl-thread to exit.
INFO (IPL015): The Tcl-thread exited with status 0.
INFO (IPL016): Exiting the analysis session with status 0.
Finished lcd_10.tcl successfully
