Jasper Apps 2024.06p002 64 bits 2024.09.02 16:28:38 UTC

Any disclosure about the Cadence Design Systems software or its use
model to any third party violates the written Non-Disclosure Agreement
between Cadence Design Systems, Inc. and the customer.

THIS SOFTWARE CONTAINS CONFIDENTIAL INFORMATION AND TRADE SECRETS OF
CADENCE DESIGN SYSTEMS, INC. USE, DISCLOSURE, OR REPRODUCTION IS
PROHIBITED WITHOUT THE PRIOR EXPRESS WRITTEN PERMISSION OF CADENCE
DESIGN SYSTEMS, INC.

Copyright (C) 2000-2024 Cadence Design Systems, Inc. All Rights
Reserved.  Unpublished -- rights reserved under the copyright laws of
the United States.

This product includes software developed by others and redistributed
according to license agreement. See doc/third_party_readme.txt for
further details.

RESTRICTED RIGHTS LEGEND

Use, duplication, or disclosure by the Government is subject to
restrictions as set forth in subparagraph (c) (1) (ii) of the Rights in
Technical Data and Computer Software clause at DFARS 252.227-7013 or
subparagraphs (c) (1) and (2) of Commercial Computer Software -- Restricted
Rights at 48 CFR 52.227-19, as applicable.


                          Cadence Design Systems, Inc.
                          2655 Seely Avenue
                          San Jose, CA 95134
                          Phone: 408.943.1234

For technical assistance visit http://support.cadence.com.

Jasper Apps Analysis Session - /users/rompel/jasper_executions/liveness/jgprojects/PWM_6/sessionLogs/session_0

WARNING (WG017): [session]: The system's locale is "ANSI_X3.4-1968", which is not UTF-8. Non-ASCII characters might not be handled correctly.
WARNING (WG017): [jg_console]: The system's locale is "ANSI_X3.4-1968", which is not UTF-8. Non-ASCII characters might not be handled correctly.
INFO: successfully checked out license "jasper_fao".
INFO: reading configuration file "/users/rompel/.config/cadence/jasper.conf".
% analyze -sv09 ../PWM_6.sv
[-- (VERI-1482)] Analyzing Verilog file '/tools/cadence2425/JASPER/jasper_2024.06p002/lib/verilog/packages/std/std.sv' into library 'std'
[-- (VERI-1482)] Analyzing Verilog file '../PWM_6.sv'
[INFO (VERI-2561)] ../PWM_6.sv(7): undeclared symbol 'lbR', assumed default net type 'wire'
[INFO (VERI-2561)] ../PWM_6.sv(8): undeclared symbol 'ubR', assumed default net type 'wire'
% elaborate -bbox_mul 1000000 -bbox_div 1000000 -bbox_mod 1000000 -bbox_a 1000000
[INFO (HIER-8002)] ../PWM_6.sv(32): Disabling old hierarchical reference handler
[INFO (VERI-1018)] ../PWM_6.sv(1): compiling module 'PWM_TOP'
[WARN (VERI-1209)] ../PWM_6.sv(7): expression size 16 truncated to fit in target size 1
[WARN (VERI-1209)] ../PWM_6.sv(8): expression size 16 truncated to fit in target size 1
[WARN (VERI-1209)] ../PWM_6.sv(13): expression size 32 truncated to fit in target size 15
[INFO (VERI-8005)] ../PWM_6.sv(1): Unintentional sequential element inferred for pulse_red read before write using blocking assignment
[INFO (VERI-8005)] ../PWM_6.sv(1): Unintentional sequential element inferred for lb_pulse read before write using blocking assignment
[INFO (VERI-8005)] ../PWM_6.sv(1): Unintentional sequential element inferred for ub_pulse read before write using blocking assignment
INFO (ISW003): Top module name is "PWM_TOP".
INFO (INL208): Elaboration synthesis summary:
  Number of synthesized netlists          1 (0 packages)
  Single run mode                         On
  Pipeline                                On (1 pipelined netlists)
  Late hierarchical reference connection  On
  Number of analyzed Verilog modules      1 (1 synthesized)
  Number of analyzed VHDL entities        0 (0 synthesized)
INFO (IPL017): The host machine is running out of memory.
    This message was triggered because the system reached 1% memory.
    System memory use information:
    [Process]
        Memory In Use: 275204 kB (0%)
        Peak Memory Usage: 275204 kB (0%)
    [Host]
        Available Memory: 660708 kB (0%)
        Total Memory: 527831204 kB
        Free Swap: 1338454972 kB (85%)
        Total Swap: 1565294584 kB
INFO (IPL017): The host machine is running out of memory.
    This message was triggered because the system reached 10% memory.
    System memory use information:
    [Process]
        Memory In Use: 275204 kB (0%)
        Peak Memory Usage: 275204 kB (0%)
    [Host]
        Available Memory: 660708 kB (0%)
        Total Memory: 527831204 kB
        Free Swap: 1338454972 kB (85%)
        Total Swap: 1565294584 kB
INFO (INL003): Clearing all state information (assumes, stopats, and so forth).
PWM_TOP
[<embedded>] % reset -none
INFO (IPM031): Clearing proof results of all properties.
[<embedded>] % clock clk
[<embedded>] % prove -all
Ncustom1: Custom engine code is hT3Ng7hPPfiYQOTDZ3qhYOwGAM51eA+J/FjkM5shLioAsqhgLR4Ft+O1BuKG6ilQ83B9tLXSl+CwjiTMAQA
Bcustom2: Custom engine code is hT3Nm7hPr1Vp3Di1Ra2USNIGL4JypRnLKLAdF6JAyuavO2JfGCiY9OZJhcAcOUnLx5xwNdhILGrAWX9s+z2WDkKwNR7tAfClBEjRFVQeq6DU54boFgEA
AMcustom3: Custom engine code is hT3Ng7hP/feYQOTDZ3qhYOwGAM51eA+J/FjkM5shLioAsqhgLR4Ft+O1BuKG6ilQ83B9tLXSmmqwm7g9AQA
Mpcustom4: Custom engine code is hT3NZbhP9fmY2AbBQnsjfOxn6c+6e6yL+/e8fZFmaQrnlgEA
INFO (IPF036): Starting proof on task: "<embedded>", 1 properties to prove with 0 already proven/unreachable
INFO (IRS029): Starting reset analysis: phase 1 of 4.
INFO (IRS030): Running reset analysis: phase 2 of 4.
INFO (IRS031): Running reset analysis: phase 3 of 4.
INFO (IRS020): Starting the reset analysis simulation with a limit of 100 iterations (phase 4 of 4).
INFO (IRS024): Reset iterations 0 to 4 analyzed.
INFO (IRS018): Reset analysis simulation executed for 3 iterations. Assigned values for 2 of 18 design flops, 0 of 0 design latches, 3 of 3 internal elements.
INFO (IRS039): Reset analysis complete.
INFO (IPF031): Settings used for proof thread 0:
    orchestration                 = on
    time_limit                    = 86400s
    per_property_time_limit       = 1s * 10 ^ scan
    engine_mode                   = auto
    proofgrid_per_engine_max_jobs = 1
    max engine jobs               = auto
    proofgrid_mode                = local
    proofgrid_restarts            = 10
AMcustom5: Custom engine code is hT3N1rhP11/52HrFRS21ROp2LOjVTgPvT8L8BGXHgLhaIuqtT4nARFjUqrBL+7pLmaTOzBepZW/Jm8SSrHDybSQtoNiO3y43wk+dEoWlsZizu97Fih6O6lPVG/LpWP5SsUPwlGagLNa1FKEFvwVXyX7//8prySbvSxIHXr5er+z4RAEA
Ncustom6: Custom engine code is hT3OXrhPByJp3TrFSTLhUmMH4KVtJgmTCnNDF46yMXOKY48m4LS5nE7yBzFjA7kDuwO/GhGUpEPiky3p3wmPn3dJZHxFMsafSoObRzSC+tn7sEY0WbTdZ/FV4hL3MYH/b1CIUvXSWR4wqEoVLsmMOD4xIPT4lI1LO6ZCO7PnnWQuLwetnvKlrXx6wCW/A+x+enqslg1YPobi4wEF/EvbzOvcTYdJvl2s4H2yZg2b2ofAVN5WvhWk1HoBAA
ADcustom7: Custom engine code is hT3Nv7hPv1752HrFRa2kROx2f/ECJeZB2AZsLdlO8VwmIuqtT4nIDFXclhg+O+o+DMmQCekbheGk0kK28laA9gaOFDXsQp29J3X615HY1IPHJWd6FUFvCHjO+p1k652b5JJvZlShNpGlGSXAiQe/mEAj6tEBAA
Tricustom8: Custom engine code is hT3Nu7hPt1752DvFRa0kNDiyIV97VyejwM9C/jCLJjdPvusZONHY42VYUy0Q1ZotnhcVtNc56tJ5wbxv6V2+XpdsaSlHck5vfnbYjdwj1OECy9U+7oSQ0SZE3g5ayD+Phuh4odCJTjeKa2k4elM9ldQfkAEA
Gcustom9: Custom engine code is hT3NibhPDfeYQADBZnYcglOvK9Pfd7EOeniIqP8jNsyIqInncipMGcUXqAadachREE9F2PwhBUZUNw5kHnd4JdXkamORRgEA
C2custom10: Custom engine code is hT3NirhPjfWYQADBZnYcglOvK9Pfd7EOeniIqP8jNsyIqInncgkrYMMXCYbdK0dUjZIF9d4cJ0rHoBDjwVLBKuG86XYVV00BAA
AGcustom11: Custom engine code is hT3NirhP/fmYQADBZnYcglOvK9Pfd7EOeniIqP8jNsyIqInnckcwYMMXCYbdK0dUjZIF9d4cJ0rHoBDjwVLBKuHEZnZByh0BAA
Bcustom12: Custom engine code is hT3NjrhPDfiYQADBZnYcglOvK9PfWxFtenjIyBqfrgr7if/jL/yPOuK1BAflEcW0DxNH2eDIoezN2gxlQFg81RZtiWXh7aiTAidvAQA
0: Using multistage preprocessing
0: Starting reduce
Ncustom13: Custom engine code is hT3NR7hPByFp3TrFSTLhUmMH4KWtJglTyV/c51BHEeZWamnJv767nE6PCak26bd3gf3XGN3rIRheufhDieCJQVISo+gNYUKhiUedBKGtsP/a18svAnlMJZudHxDFwK5ufsyoxsIyiAeSY2oi3tEuoDHr5gw42DFKAG3PqO3CEsl8Azzdt3pl5nGA1Ifv2H02eYsFzWb/nfp8PMb3F0krE/EgBcm8TD9Div8BAA
Tricustom14: Custom engine code is hT3Nu7hP3fiYQADBZnYcglNHp9bfd7EOeniIqP/ji8sGLQu8yhsFO+wxJ+O+R0bU8g/IewXFomyos+viQnWc2xYNYmMqpo3i40O7DaZR7qfp4YqNx26KRvQ/qx0BAA
0: Finished reduce in 0.035s
0.0.PRE: Performing Proof Simplification...
0.0.N: clocks: 1, declared: 1, looping: 0, posedge: 1, negedge: 0, noedge: 0, bothedge: 0
0.0.N: Proof Simplification Iteration 1	[0.00 s]
0.0.N: Proof Simplification Iteration 2	[0.00 s]
0.0.PRE: A proof was found: No trace exists. [0.00 s]
INFO (IPF057): 0.0.PRE: The property ":noDeadEnd" was proven in 0.00 s.
    Use check_assumptions -show -dead_end to show this property in the property table.
0.0.PRE: A proof was found: No trace exists. [0.00 s]
INFO (IPF057): 0.0.PRE: The property ":noConflict" was proven in 0.00 s.
    Use check_assumptions -show to show this property in the property table.
INFO (IPF047): 0.0.PRE: The cover property ":live" was covered in 1 cycles in 0.00 s.
    Use check_assumptions -show -live to show this property in the property table.
0.0.PRE: Proof Simplification completed in 0.04 s
0: About to start ProofGrid in its own thread with a limit of 10000 pending notifications and a limit of 10 traces.
0: =============================== ProofGrid start ===============================
0: ProofGrid usable level: 1
0: Initial ProofGrid level: 1
0: ProofGrid is starting event handling
0.0.Hp: Proofgrid shell started at 247281@vlsi-moon(local) jg_247212_vlsi-moon_1
0.0.N: Proofgrid shell started at 247280@vlsi-moon(local) jg_247212_vlsi-moon_1
0.0.Hp: clocks: 1, declared: 1, looping: 0, posedge: 1, negedge: 0, noedge: 0, bothedge: 0
0.0.N: clocks: 1, declared: 1, looping: 0, posedge: 1, negedge: 0, noedge: 0, bothedge: 0
0.0.N: Last scan. Per property time limit: 0s
0.0.N: Starting proof for property "PWM_TOP.p1"	[0.00 s].
0.0.N: Trace Attempt  1	[0.00 s]
0.0.N: Trace Attempt  2	[0.00 s]
0.0.N: Trace Attempt  2	[0.00 s]
0.0.N: Trace Attempt  3	[0.00 s]
0.0.N: Trace Attempt  3	[0.01 s]
0.0.Hp: Last scan. Per property time limit: 0s
0.0.Hp: Trace Attempt  1	[0.00 s]
0.0.Hp: Trace Attempt  2	[0.01 s]
0.0.N: Trace Attempt  4	[0.01 s]
0.0.N: Trace Attempt  5	[0.01 s]
0.0.Hp: Trace Attempt  3	[0.01 s]
0.0.Hp: Trace Attempt  4	[0.01 s]
0.0.Hp: Trace Attempt  5	[0.01 s]
0.0.N: Trace Attempt  1	[0.07 s]
0.0.N: Trace Attempt  2	[0.08 s]
0.0.N: Trace Attempt  3	[0.08 s]
0.0.N: Trace Attempt  4	[0.08 s]
0.0.Ht: Proofgrid shell started at 247312@vlsi-moon(local) jg_247212_vlsi-moon_1
0.0.Ht: clocks: 1, declared: 1, looping: 0, posedge: 1, negedge: 0, noedge: 0, bothedge: 0
0.0.Ht: Last scan. Per property time limit: 0s
0.0.Ht: Trace Attempt  1	[0.00 s]
0.0.Ht: Trace Attempt  2	[0.00 s]
0.0.Ht: Trace Attempt  3	[0.00 s]
0.0.Ht: Trace Attempt  4	[0.00 s]
0.0.N: Trace Attempt  5	[0.09 s]
0.0.Ht: Trace Attempt  5	[0.00 s]
0.0.Oh: Proofgrid shell started at 247313@vlsi-moon(local) jg_247212_vlsi-moon_1
0.0.Oh: clocks: 1, declared: 1, looping: 0, posedge: 1, negedge: 0, noedge: 0, bothedge: 0
0.0.Oh: Reached length limit (2147483647) [0.00 s]
0.0.Oh: Exited with Success (@ 0.15 s)
0.0.B: Proofgrid shell started at 247314@vlsi-moon(local) jg_247212_vlsi-moon_1
0.0.AM: Proofgrid shell started at 247315@vlsi-moon(local) jg_247212_vlsi-moon_1
0.0.AM: clocks: 1, declared: 1, looping: 0, posedge: 1, negedge: 0, noedge: 0, bothedge: 0
0.0.AM: Last scan. Per property time limit: 0s
0.0.AM: Starting proof for property "PWM_TOP.p1"	[0.00 s].
0.0.B: clocks: 1, declared: 1, looping: 0, posedge: 1, negedge: 0, noedge: 0, bothedge: 0
0.0.B: Last scan. Per property time limit: 0s
0.0.B: Starting proof for property "PWM_TOP.p1"	[0.00 s].
0.0.B: Trace Attempt  1	[0.00 s]
0.0.B: Trace Attempt  2	[0.00 s]
0.0.AM: Trace Attempt  1	[0.00 s]
0.0.B: Trace Attempt  3	[0.00 s]
0.0.B: Trace Attempt  4	[0.00 s]
0.0.B: Trace Attempt  5	[0.00 s]
0.0.AM: Trace Attempt  2	[0.00 s]
0.0.AM: Trace Attempt  3	[0.00 s]
0.0.AM: Trace Attempt  4	[0.01 s]
0.0.AM: Trace Attempt  5	[0.01 s]
0.0.AM: Trace Attempt  1	[0.01 s]
0.0.AM: Trace Attempt  2	[0.01 s]
0.0.AM: Trace Attempt  3	[0.01 s]
0.0.AM: Trace Attempt  4	[0.02 s]
0.0.AM: Trace Attempt  5	[0.02 s]
0.0.AM: Trace Attempt  1	[0.03 s]
0.0.AM: Trace Attempt  2	[0.03 s]
0.0.AM: Trace Attempt  3	[0.03 s]
0.0.AM: Trace Attempt  4	[0.04 s]
0.0.AM: Trace Attempt  5	[0.04 s]
0.0.AM: Trace Attempt  1	[0.12 s]
0.0.AM: Trace Attempt  2	[0.12 s]
0.0.AM: Trace Attempt  3	[0.12 s]
0.0.AM: Trace Attempt  4	[0.12 s]
0.0.AM: Trace Attempt  5	[0.13 s]
0.0.N: Trace Attempt  1	[0.32 s]
0.0.N: Trace Attempt  2	[0.32 s]
0.0.N: Trace Attempt  3	[0.32 s]
0.0.N: Trace Attempt  4	[0.32 s]
0.0.N: Trace Attempt  5	[0.33 s]
0.0.AM: Trace Attempt  1	[0.57 s]
0.0.AM: Trace Attempt  2	[0.57 s]
0.0.AM: Trace Attempt  3	[0.57 s]
0.0.AM: Trace Attempt  4	[0.57 s]
0.0.AM: Trace Attempt  5	[0.58 s]
0.0.N: Trace Attempt  1	[0.75 s]
0.0.N: Trace Attempt  2	[0.75 s]
0.0.N: Trace Attempt  3	[0.75 s]
0.0.N: Trace Attempt  4	[0.75 s]
0.0.N: Trace Attempt  5	[0.76 s]
0.0.N: Trace Attempt  1	[1.17 s]
0.0.N: Trace Attempt  2	[1.17 s]
0.0.N: Trace Attempt  3	[1.17 s]
0.0.N: Trace Attempt  4	[1.18 s]
0.0.N: Trace Attempt  5	[1.18 s]
0.0.N: Trace Attempt  1	[1.81 s]
0.0.N: Trace Attempt  2	[1.81 s]
0.0.N: Trace Attempt  3	[1.81 s]
0.0.N: Trace Attempt  4	[1.81 s]
0.0.N: Trace Attempt  5	[1.82 s]
0.0.Hp: Trace Attempt 126	[4.03 s]
0.0.N: Trace Attempt  1	[4.03 s]
0.0.N: Trace Attempt  2	[4.03 s]
0.0.N: Trace Attempt  3	[4.03 s]
0.0.N: Trace Attempt  4	[4.04 s]
0.0.N: Trace Attempt  5	[4.04 s]
0.0.Ht: Trace Attempt 131	[4.01 s]
0.0.B: Trace Attempt 134	[4.03 s]
0.0.AM: Trace Attempt  1	[4.28 s]
0.0.AM: Trace Attempt  2	[4.28 s]
0.0.AM: Trace Attempt  3	[4.28 s]
0.0.AM: Trace Attempt  4	[4.29 s]
0.0.AM: Trace Attempt  5	[4.30 s]
0.0.N: Trace Attempt  1	[6.46 s]
0.0.N: Trace Attempt  2	[6.46 s]
0.0.N: Trace Attempt  3	[6.46 s]
0.0.N: Trace Attempt  4	[6.47 s]
0.0.N: Trace Attempt  5	[6.48 s]
0.0.Hp: Trace Attempt 154	[8.05 s]
0.0.Ht: Trace Attempt 158	[8.02 s]
0.0.B: Trace Attempt 170	[8.08 s]
0.0.AM: Trace Attempt 66	[8.34 s]
0.0.N: Trace Attempt  1	[8.72 s]
0.0.N: Trace Attempt  2	[8.72 s]
0.0.N: Trace Attempt  3	[8.72 s]
0.0.N: Trace Attempt  4	[8.73 s]
0.0.N: Trace Attempt  5	[8.74 s]
0.0.N: Trace Attempt  1	[10.93 s]
0.0.N: Trace Attempt  2	[10.93 s]
0.0.N: Trace Attempt  3	[10.93 s]
0.0.N: Trace Attempt  4	[10.94 s]
0.0.N: Trace Attempt  5	[10.94 s]
0.0.Hp: Trace Attempt 177	[12.18 s]
0.0.Ht: Trace Attempt 183	[12.12 s]
0.0.B: Trace Attempt 196	[12.21 s]
0.0.AM: Trace Attempt 79	[12.34 s]
0.0.N: Trace Attempt  1	[13.35 s]
0.0.N: Trace Attempt  2	[13.35 s]
0.0.N: Trace Attempt  3	[13.35 s]
0.0.N: Trace Attempt  4	[13.36 s]
0.0.N: Trace Attempt  5	[13.37 s]
0.0.N: Trace Attempt  1	[15.71 s]
0.0.N: Trace Attempt  2	[15.71 s]
0.0.N: Trace Attempt  3	[15.71 s]
0.0.N: Trace Attempt  4	[15.72 s]
0.0.N: Trace Attempt  5	[15.72 s]
0.0.Hp: Trace Attempt 196	[16.20 s]
0.0.Ht: Trace Attempt 202	[16.26 s]
0.0.B: Trace Attempt 215	[16.27 s]
0.0.AM: Trace Attempt 86	[16.61 s]
0.0.N: Trace Attempt  1	[18.18 s]
0.0.N: Trace Attempt  2	[18.18 s]
0.0.N: Trace Attempt  3	[18.18 s]
0.0.N: Trace Attempt  4	[18.19 s]
0.0.N: Trace Attempt  5	[18.20 s]
0.0.Hp: Trace Attempt 213	[20.32 s]
0.0.Ht: Trace Attempt 221	[20.36 s]
0.0.B: Trace Attempt 234	[20.42 s]
0.0.N: Trace Attempt  1	[20.71 s]
0.0.N: Trace Attempt  2	[20.71 s]
0.0.N: Trace Attempt  3	[20.71 s]
0.0.N: Trace Attempt  4	[20.72 s]
0.0.N: Trace Attempt  5	[20.73 s]
0.0.AM: Trace Attempt 89	[20.97 s]
0.0.N: Trace Attempt  1	[23.23 s]
0.0.N: Trace Attempt  2	[23.23 s]
0.0.N: Trace Attempt  3	[23.23 s]
0.0.N: Trace Attempt  4	[23.23 s]
0.0.N: Trace Attempt  5	[23.24 s]
0.0.Hp: Trace Attempt 227	[24.33 s]
0.0.Ht: Trace Attempt 236	[24.66 s]
0.0.B: Trace Attempt 252	[24.67 s]
0.0.AM: Trace Attempt 70	[25.23 s]
0.0.N: Trace Attempt  1	[25.80 s]
0.0.N: Trace Attempt  2	[25.80 s]
0.0.N: Trace Attempt  3	[25.80 s]
0.0.N: Trace Attempt  4	[25.81 s]
0.0.N: Trace Attempt  5	[25.82 s]
0.0.N: Trace Attempt  1	[28.61 s]
0.0.N: Trace Attempt  2	[28.61 s]
0.0.N: Trace Attempt  3	[28.61 s]
0.0.Hp: Trace Attempt 240	[28.61 s]
0.0.N: Trace Attempt  4	[28.61 s]
0.0.N: Trace Attempt  5	[28.62 s]
0.0.Ht: Trace Attempt 250	[28.91 s]
0.0.B: Trace Attempt 262	[28.90 s]
0.0.AM: Trace Attempt 108	[29.25 s]
0.0.AM: Trace Attempt  1	[32.01 s]
0.0.AM: Trace Attempt  2	[32.01 s]
0.0.AM: Trace Attempt  3	[32.01 s]
0.0.AM: Trace Attempt  4	[32.02 s]
0.0.AM: Trace Attempt  5	[32.03 s]
0.0.N: Trace Attempt 66	[32.89 s]
0.0.Hp: Trace Attempt 253	[32.90 s]
0.0.B: Trace Attempt 272	[33.02 s]
0.0.N: Trace Attempt  1	[33.13 s]
0.0.N: Trace Attempt  2	[33.13 s]
0.0.N: Trace Attempt  3	[33.13 s]
0.0.N: Trace Attempt  4	[33.14 s]
0.0.N: Trace Attempt  5	[33.15 s]
0.0.Ht: Trace Attempt 261	[33.22 s]
0.0.AM: Trace Attempt 54	[36.06 s]
0.0.Hp: Trace Attempt 262	[37.08 s]
0.0.N: Trace Attempt 58	[37.30 s]
0.0.B: Trace Attempt 282	[37.34 s]
0.0.Ht: Trace Attempt 268	[37.71 s]
0.0.AM: Trace Attempt 75	[40.16 s]
0.0.N: Trace Attempt 73	[41.45 s]
0.0.B: Trace Attempt 291	[41.41 s]
0.0.Hp: Trace Attempt 268	[41.64 s]
0.0.Ht: Trace Attempt 277	[41.95 s]
0.0.AM: Trace Attempt 90	[44.32 s]
0.0.N: Trace Attempt 83	[45.66 s]
0.0.B: Trace Attempt 300	[45.72 s]
0.0.Hp: Trace Attempt 277	[46.08 s]
0.0.Ht: Trace Attempt 285	[46.31 s]
0.0.AM: Trace Attempt 103	[48.86 s]
0.0.B: Trace Attempt 309	[49.80 s]
0.0.N: Trace Attempt 89	[50.32 s]
0.0.Hp: Trace Attempt 284	[50.51 s]
0.0.Ht: Trace Attempt 292	[50.66 s]
0.0.AM: Trace Attempt 111	[53.06 s]
0.0.B: Trace Attempt 317	[54.16 s]
0.0.Ht: Trace Attempt 300	[55.01 s]
0.0.Hp: Trace Attempt 291	[55.16 s]
0.0.N: Trace Attempt 92	[55.48 s]
0.0.AM: Trace Attempt 117	[57.26 s]
WARNING (WPF031): 0.0.N: Major page faults detected. Host "vlsi-moon" might be low on memory.
    Total memory = 527831204 kiB
    Free memory  = 1109964 kiB (0.21 %), Free swap = 1337858840 kiB
WARNING (WPF031): 0.0.AM: Major page faults detected. Host "vlsi-moon" might be low on memory.
    Total memory = 527831204 kiB
    Free memory  = 1109968 kiB (0.21 %), Free swap = 1337858840 kiB
0.0.B: Trace Attempt 325	[58.33 s]
0.0.Ht: Trace Attempt 308	[59.01 s]
0.0.Hp: Trace Attempt 298	[59.45 s]
0.0.N: Trace Attempt 96	[60.23 s]
0.0.AM: Trace Attempt 125	[62.06 s]
0.0.B: Trace Attempt 332	[62.42 s]
0.0.Ht: Trace Attempt 314	[63.11 s]
0.0.Hp: Trace Attempt 305	[63.54 s]
0.0.AM: Trace Attempt 130	[66.48 s]
0.0.B: Trace Attempt 339	[66.50 s]
0.0.Ht: Trace Attempt 320	[67.27 s]
WARNING (WPF031): 0.0.Ht: Major page faults detected. Host "vlsi-moon" might be low on memory.
    Total memory = 527831204 kiB
    Free memory  = 1086828 kiB (0.21 %), Free swap = 1337745124 kiB
0.0.Hp: Trace Attempt 311	[68.23 s]
0.0.N: Trace Attempt 98	[69.15 s]
0.0.N: Trace Attempt  1	[69.54 s]
0.0.N: Trace Attempt  2	[69.54 s]
0.0.N: Trace Attempt  3	[69.54 s]
0.0.N: Trace Attempt  4	[69.56 s]
0.0.N: Trace Attempt  5	[69.57 s]
0.0.B: Trace Attempt 346	[70.58 s]
0.0.AM: Trace Attempt 135	[71.33 s]
0.0.Ht: Trace Attempt 326	[71.44 s]
0.0.Hp: Trace Attempt 318	[72.85 s]
0.0.N: Trace Attempt 58	[73.57 s]
0.0.B: Trace Attempt 351	[74.72 s]
0.0.Ht: Trace Attempt 333	[75.55 s]
0.0.AM: Trace Attempt 143	[76.05 s]
0.0.Hp: Trace Attempt 323	[77.03 s]
0.0.N: Trace Attempt 73	[77.74 s]
0.0.B: Trace Attempt 358	[79.25 s]
0.0.Ht: Trace Attempt 340	[79.77 s]
0.0.AM: Trace Attempt 146	[80.12 s]
0.0.Hp: Trace Attempt 330	[81.37 s]
0.0.N: Trace Attempt 83	[82.16 s]
0.0.B: Trace Attempt 364	[83.29 s]
0.0.Ht: Trace Attempt 345	[83.84 s]
0.0.Hp: Trace Attempt 337	[85.92 s]
0.0.AM: Trace Attempt 150	[86.37 s]
0.0.N: Trace Attempt 89	[86.62 s]
0.0.Ht: Trace Attempt 350	[87.87 s]
0.0.B: Trace Attempt 371	[87.71 s]
0.0.Hp: Trace Attempt 341	[90.10 s]
0.0.AM: Trace Attempt 156	[90.86 s]
0.0.N: Trace Attempt 92	[91.71 s]
0.0.B: Trace Attempt 376	[91.83 s]
0.0.Ht: Trace Attempt 355	[92.23 s]
0.0.Hp: Trace Attempt 348	[94.57 s]
0.0.AM: Trace Attempt 161	[95.03 s]
0.0.N: Trace Attempt 96	[96.42 s]
0.0.Ht: Trace Attempt 361	[96.44 s]
0.0.B: Trace Attempt 383	[96.55 s]
0.0.Hp: Trace Attempt 351	[98.59 s]
0.0.Ht: Trace Attempt 367	[100.83 s]
0.0.AM: Trace Attempt 162	[101.41 s]
0.0.B: Trace Attempt 388	[101.60 s]
0.0.Hp: Trace Attempt 356	[103.38 s]
0.0.Ht: Trace Attempt 370	[105.14 s]
0.0.AM: Trace Attempt 164	[105.60 s]
0.0.N: Trace Attempt 99	[106.38 s]
0.0.B: Trace Attempt 393	[106.47 s]
0.0.N: Trace Attempt  1	[106.79 s]
0.0.N: Trace Attempt  2	[106.79 s]
0.0.N: Trace Attempt  3	[106.79 s]
0.0.N: Trace Attempt  4	[106.80 s]
0.0.N: Trace Attempt  5	[106.81 s]
0.0.Hp: Trace Attempt 362	[107.84 s]
0.0.Ht: Trace Attempt 377	[109.53 s]
0.0.AM: Trace Attempt 166	[109.79 s]
0.0.N: Trace Attempt 59	[111.17 s]
0.0.B: Trace Attempt 398	[111.22 s]
0.0.Hp: Trace Attempt 368	[112.46 s]
0.0.Ht: Trace Attempt 382	[114.44 s]
0.0.B: Trace Attempt 402	[115.40 s]
0.0.N: Trace Attempt 74	[115.59 s]
0.0.AM: Trace Attempt 169	[116.11 s]
0.0.Hp: Trace Attempt 371	[117.03 s]
0.0.Ht: Trace Attempt 387	[118.56 s]
0.0.B: Trace Attempt 406	[119.67 s]
0.0.N: Trace Attempt 84	[119.88 s]
0.0.AM: Trace Attempt 171	[120.45 s]
0.0.Hp: Trace Attempt 377	[121.22 s]
0.0.Ht: Trace Attempt 392	[123.26 s]
0.0.B: Trace Attempt 410	[124.03 s]
0.0.N: Trace Attempt 90	[125.43 s]
0.0.AM: Trace Attempt 173	[125.97 s]
0.0.Hp: Trace Attempt 381	[126.30 s]
0.0.Ht: Trace Attempt 397	[127.53 s]
0.0.B: Trace Attempt 414	[128.58 s]
0.0.N: Trace Attempt 93	[129.60 s]
0.0.Hp: Trace Attempt 385	[130.44 s]
0.0.AM: Trace Attempt 175	[132.02 s]
0.0.B: Trace Attempt 418	[132.84 s]
0.0.Ht: Trace Attempt 402	[133.82 s]
0.0.Hp: Trace Attempt 389	[134.59 s]
0.0.N: Trace Attempt 97	[134.93 s]
0.0.B: Trace Attempt 422	[137.54 s]
0.0.Ht: Trace Attempt 407	[138.07 s]
0.0.Hp: Trace Attempt 393	[138.81 s]
0.0.AM: Trace Attempt 177	[140.53 s]
0.0.N: Trace Attempt 100	[142.02 s]
0.0.B: Trace Attempt 426	[142.18 s]
0.0.N: Trace Attempt  1	[142.38 s]
0.0.N: Trace Attempt  2	[142.38 s]
0.0.N: Trace Attempt  3	[142.38 s]
0.0.N: Trace Attempt  4	[142.39 s]
0.0.N: Trace Attempt  5	[142.40 s]
0.0.Ht: Trace Attempt 412	[143.68 s]
0.0.Hp: Trace Attempt 398	[143.76 s]
0.0.B: Trace Attempt 430	[146.45 s]
0.0.N: Trace Attempt 59	[146.75 s]
WARNING (WPF031): 0.0.N: Major page faults detected. Host "vlsi-moon" might be low on memory.
    Total memory = 527831204 kiB
    Free memory  = 1095140 kiB (0.21 %), Free swap = 1336343200 kiB
WARNING (WPF031): 0.0.Ht: Major page faults detected. Host "vlsi-moon" might be low on memory.
    Total memory = 527831204 kiB
    Free memory  = 1095500 kiB (0.21 %), Free swap = 1336343200 kiB
0.0.AM: Trace Attempt 178	[148.51 s]
0.0.Ht: Trace Attempt 416	[148.56 s]
0.0.Hp: Trace Attempt 402	[149.55 s]
0.0.N: Trace Attempt 74	[151.06 s]
0.0.B: Trace Attempt 434	[151.18 s]
0.0.Ht: Trace Attempt 421	[153.47 s]
0.0.AM: Trace Attempt 179	[153.87 s]
0.0.Hp: Trace Attempt 407	[154.18 s]
0.0.B: Trace Attempt 438	[155.43 s]
0.0.N: Trace Attempt 84	[155.60 s]
0.0.Ht: Trace Attempt 426	[158.23 s]
0.0.B: Trace Attempt 442	[159.77 s]
0.0.Hp: Trace Attempt 412	[160.45 s]
0.0.N: Trace Attempt 90	[160.91 s]
0.0.AM: Trace Attempt 180	[162.00 s]
0.0.Ht: Trace Attempt 430	[162.33 s]
0.0.B: Trace Attempt 446	[164.16 s]
0.0.Hp: Trace Attempt 415	[164.91 s]
0.0.N: Trace Attempt 93	[164.92 s]
0.0.Ht: Trace Attempt 434	[166.35 s]
0.0.AM: Trace Attempt 181	[168.11 s]
0.0.B: Trace Attempt 450	[168.90 s]
0.0.Hp: Trace Attempt 420	[169.82 s]
0.0.N: Trace Attempt 97	[170.13 s]
0.0.Ht: Trace Attempt 437	[171.02 s]
0.0.B: Trace Attempt 453	[173.01 s]
0.0.Hp: Trace Attempt 424	[174.13 s]
0.0.AM: Trace Attempt 182	[175.35 s]
0.0.Ht: Trace Attempt 442	[175.87 s]
0.0.B: Trace Attempt 457	[177.99 s]
0.0.N: Trace Attempt 101	[178.09 s]
0.0.N: Trace Attempt  1	[178.47 s]
0.0.N: Trace Attempt  2	[178.47 s]
0.0.N: Trace Attempt  3	[178.47 s]
0.0.N: Trace Attempt  4	[178.49 s]
0.0.N: Trace Attempt  5	[178.50 s]
0.0.Hp: Trace Attempt 428	[178.80 s]
0.0.Ht: Trace Attempt 445	[180.65 s]
0.0.B: Trace Attempt 460	[182.53 s]
0.0.N: Trace Attempt 58	[182.88 s]
0.0.Hp: Trace Attempt 432	[183.52 s]
0.0.AM: Trace Attempt 184	[184.00 s]
0.0.Ht: Trace Attempt 448	[184.97 s]
0.0.B: Trace Attempt 461	[183.98 s]
0.0.N: Trace Attempt 66	[185.34 s]
0.0.N: Stopped processing property "PWM_TOP.p1"	[186.59 s].
0.0.B: Stopped processing property "PWM_TOP.p1"	[186.68 s].
0.0.AM: Stopped processing property "PWM_TOP.p1"	[186.68 s].
0.0.AM: Morphing to AMcustom3
0.0.N: Morphing to Ncustom1
0.0.N: All properties determined. [0.00 s]
0.0.N: Exited with Success (@ 0.00 s)
0.0.B: Morphing to Bcustom2
0.0.B: All properties determined. [0.00 s]
0.0.B: Exited with Success (@ 0.00 s)
0.0.AM: All properties determined. [0.00 s]
0.0.AM: Exited with Success (@ 0.00 s)
0.0.Bcustom2: clocks: 1, declared: 1, looping: 0, posedge: 1, negedge: 0, noedge: 0, bothedge: 0
0.0.AMcustom3: clocks: 1, declared: 1, looping: 0, posedge: 1, negedge: 0, noedge: 0, bothedge: 0
0.0.Ncustom1: clocks: 1, declared: 1, looping: 0, posedge: 1, negedge: 0, noedge: 0, bothedge: 0
0.0.Bcustom2: Starting proof for property "PWM_TOP.p1"	[0.00 s].
0.0.AMcustom3: Starting proof for property "PWM_TOP.p1"	[0.00 s].
0.0.Ncustom1: Starting proof for property "PWM_TOP.p1"	[0.00 s].
0.0.Ncustom1: Trace Attempt 100	[0.01 s]
0.0.Bcustom2: Trace Attempt  1	[0.05 s]
0.0.AMcustom3: Trace Attempt  1	[0.05 s]
0.0.Bcustom2: Trace Attempt  2	[0.05 s]
0.0.AMcustom3: Trace Attempt  2	[0.05 s]
0.0.AMcustom3: Trace Attempt  3	[0.06 s]
0.0.Bcustom2: Trace Attempt  1	[0.06 s]
0.0.AMcustom3: Trace Attempt  4	[0.06 s]
0.0.Bcustom2: Trace Attempt  2	[0.06 s]
0.0.Bcustom2: Trace Attempt  3	[0.06 s]
0.0.AMcustom3: Trace Attempt  5	[0.06 s]
0.0.Bcustom2: Trace Attempt  4	[0.06 s]
0.0.Bcustom2: Trace Attempt  5	[0.06 s]
0.0.AMcustom3: Trace Attempt  1	[0.06 s]
0.0.AMcustom3: Trace Attempt  2	[0.07 s]
0.0.AMcustom3: Trace Attempt  3	[0.07 s]
0.0.AMcustom3: Trace Attempt  4	[0.07 s]
0.0.AMcustom3: Trace Attempt  5	[0.07 s]
0.0.AMcustom3: Trace Attempt  1	[0.08 s]
0.0.AMcustom3: Trace Attempt  2	[0.09 s]
0.0.AMcustom3: Trace Attempt  3	[0.09 s]
0.0.AMcustom3: Trace Attempt  4	[0.09 s]
0.0.AMcustom3: Trace Attempt  5	[0.09 s]
0.0.AMcustom3: Trace Attempt  1	[0.15 s]
0.0.AMcustom3: Trace Attempt  2	[0.16 s]
0.0.AMcustom3: Trace Attempt  3	[0.16 s]
0.0.AMcustom3: Trace Attempt  4	[0.16 s]
0.0.AMcustom3: Trace Attempt  5	[0.17 s]
0.0.AMcustom3: Trace Attempt  1	[0.62 s]
0.0.AMcustom3: Trace Attempt  2	[0.62 s]
0.0.AMcustom3: Trace Attempt  3	[0.62 s]
0.0.AMcustom3: Trace Attempt  4	[0.63 s]
0.0.AMcustom3: Trace Attempt  5	[0.64 s]
0.0.Tri: Proofgrid shell started at 248844@vlsi-moon(local) jg_247212_vlsi-moon_1
0.0.Tri: clocks: 1, declared: 1, looping: 0, posedge: 1, negedge: 0, noedge: 0, bothedge: 0
0.0.Tri: Last scan. Per property time limit: 0s
0.0.Tri: Starting proof for property "PWM_TOP.p1"	[0.00 s].
0.0.Tri: Trace Attempt  1	[0.00 s]
0.0.Tri:    0.00" ---- Launching main thread ----
0.0.Tri:    0.12" ---- Launching abstraction thread ----
0.0.Tri:    0.13" ---- Launching multi-phase simplification thread ----
0.0.Tri:    0.16" ---- Launching liveness simplification thread ----
0.0.Tri:    0.95" Simplification phase 1 complete
0.0.Hp: Trace Attempt 435	[189.12 s]
0.0.Ht: Trace Attempt 452	[189.32 s]
0.0.Ncustom1: Requesting engine job to terminate
0.0.Bcustom2: Requesting engine job to terminate
0.0.AMcustom3: Requesting engine job to terminate
0.0.Tri: Requesting engine job to terminate
0.0.Hp: Requesting engine job to terminate
0.0.Ht: Requesting engine job to terminate
INFO (IPF144): 0: Initiating shutdown of proof [189.66 s]
0.0.Tri: A proof was found: No trace exists. [2.26 s]
INFO (IPF057): 0.0.Tri: The property "PWM_TOP.p1" was proven in 2.38 s.
0.0.Bcustom2: Trace Attempt 116	[3.20 s]
0.0.Bcustom2: Stopped processing property "PWM_TOP.p1"	[3.87 s].
0.0.Bcustom2: All properties determined. [3.22 s]
0.0.AMcustom3: Trace Attempt 44	[3.21 s]
0.0.AMcustom3: Stopped processing property "PWM_TOP.p1"	[3.87 s].
0.0.Ncustom1: Stopped processing property "PWM_TOP.p1"	[3.87 s].
0.0.Ncustom1: All properties determined. [3.23 s]
0.0.AMcustom3: All properties determined. [3.24 s]
0.0.Ht: All properties determined. [189.55 s]
WARNING (WPF031): 0.0.Ht: Major page faults detected. Host "vlsi-moon" might be low on memory.
    Total memory = 527831204 kiB
    Free memory  = 1442368 kiB (0.27 %), Free swap = 1335976064 kiB
0.0.Hp: All properties determined. [189.73 s]
0: ProofGrid usable level: 0
0.0.Tri: Stopped processing property "PWM_TOP.p1"	[3.32 s].
0.0.Tri: All properties determined. [2.42 s]
0.0.AMcustom3: Exited with Success (@ 190.00 s)
0.0.Ncustom1: Exited with Success (@ 190.00 s)
0.0.Hp: Exited with Success (@ 190.00 s)
0.0.Ht: Exited with Success (@ 190.00 s)
0.0.Bcustom2: Exited with Success (@ 190.00 s)
0.0.Tri: Exited with Success (@ 190.00 s)
0: --------------------------------------------------------------
ProofGrid Summary (utilization 99.71 %)
--------------------------------------------------------------
     engines started                               :    10
     engine jobs started                           :     7

    Average time in state (seconds)
    ------------------------------------------------------
    Engine  Pending     Running        Dead    Utilization
    ------------------------------------------------------
     Hp        0.22      189.60        0.00       99.88 %
     Ht        0.14      189.51        0.00       99.93 %
     Oh        0.09        0.00        0.00        1.52 %
    Ncustom1        0.25      188.84        0.00       99.87 %
    Bcustom2        0.10      188.65        0.00       99.95 %
    AMcustom3        0.10      188.65        0.00       99.95 %
    Tri        1.89        2.28        0.00       54.69 %
    all        0.40      135.36        0.00       99.71 %

    Total time in state (seconds)
    -----------------------------------------
            Pending     Running        Dead  
    -----------------------------------------
               2.79      947.54        0.00

    Data read    : 1.23 MiB
    Data written : 2.81 kiB

0: All pending notifications were processed.
INFO (IPF059): 0: Completed proof on task: "<embedded>"

==============================================================
SUMMARY
==============================================================
           Properties Considered              : 1
                 assertions                   : 1
                  - proven                    : 1 (100%)
                  - bounded_proven (user)     : 0 (0%)
                  - bounded_proven (auto)     : 0 (0%)
                  - marked_proven             : 0 (0%)
                  - cex                       : 0 (0%)
                  - ar_cex                    : 0 (0%)
                  - undetermined              : 0 (0%)
                  - unknown                   : 0 (0%)
                  - error                     : 0 (0%)
                 covers                       : 0
                  - unreachable               : 0
                  - bounded_unreachable (user): 0
                  - covered                   : 0
                  - ar_covered                : 0
                  - undetermined              : 0
                  - unknown                   : 0
                  - error                     : 0
proven
[<embedded>] % exit -force
[<embedded>] % INFO (IPL005): Received request to exit from the console.
INFO: Waiting for proof threads to stop...
INFO: Proof threads stopped.
INFO (IPL018): The peak resident set memory use for this session was 0.879 GB.
INFO (IPL014): Waiting for the Tcl-thread to exit.
INFO (IPL015): The Tcl-thread exited with status 0.
INFO (IPL016): Exiting the analysis session with status 0.
Finished PWM_6.tcl successfully
