Jasper Apps 2024.06p002 64 bits 2024.09.02 16:28:38 UTC

Any disclosure about the Cadence Design Systems software or its use
model to any third party violates the written Non-Disclosure Agreement
between Cadence Design Systems, Inc. and the customer.

THIS SOFTWARE CONTAINS CONFIDENTIAL INFORMATION AND TRADE SECRETS OF
CADENCE DESIGN SYSTEMS, INC. USE, DISCLOSURE, OR REPRODUCTION IS
PROHIBITED WITHOUT THE PRIOR EXPRESS WRITTEN PERMISSION OF CADENCE
DESIGN SYSTEMS, INC.

Copyright (C) 2000-2024 Cadence Design Systems, Inc. All Rights
Reserved.  Unpublished -- rights reserved under the copyright laws of
the United States.

This product includes software developed by others and redistributed
according to license agreement. See doc/third_party_readme.txt for
further details.

RESTRICTED RIGHTS LEGEND

Use, duplication, or disclosure by the Government is subject to
restrictions as set forth in subparagraph (c) (1) (ii) of the Rights in
Technical Data and Computer Software clause at DFARS 252.227-7013 or
subparagraphs (c) (1) and (2) of Commercial Computer Software -- Restricted
Rights at 48 CFR 52.227-19, as applicable.


                          Cadence Design Systems, Inc.
                          2655 Seely Avenue
                          San Jose, CA 95134
                          Phone: 408.943.1234

For technical assistance visit http://support.cadence.com.

Jasper Apps Analysis Session - /users/rompel/jasper_executions/liveness/jgprojects/PWM_10/sessionLogs/session_0

WARNING (WG017): [session]: The system's locale is "ANSI_X3.4-1968", which is not UTF-8. Non-ASCII characters might not be handled correctly.
WARNING (WG017): [jg_console]: The system's locale is "ANSI_X3.4-1968", which is not UTF-8. Non-ASCII characters might not be handled correctly.
INFO: successfully checked out license "jasper_fao".
INFO: reading configuration file "/users/rompel/.config/cadence/jasper.conf".
% analyze -sv09 ../PWM_10.sv
[-- (VERI-1482)] Analyzing Verilog file '/tools/cadence2425/JASPER/jasper_2024.06p002/lib/verilog/packages/std/std.sv' into library 'std'
[-- (VERI-1482)] Analyzing Verilog file '../PWM_10.sv'
[INFO (VERI-2561)] ../PWM_10.sv(7): undeclared symbol 'lbR', assumed default net type 'wire'
[INFO (VERI-2561)] ../PWM_10.sv(8): undeclared symbol 'ubR', assumed default net type 'wire'
% elaborate -bbox_mul 1000000 -bbox_div 1000000 -bbox_mod 1000000 -bbox_a 1000000
[INFO (HIER-8002)] ../PWM_10.sv(32): Disabling old hierarchical reference handler
[INFO (VERI-1018)] ../PWM_10.sv(1): compiling module 'PWM_TOP'
[WARN (VERI-1209)] ../PWM_10.sv(7): expression size 20 truncated to fit in target size 1
[WARN (VERI-1209)] ../PWM_10.sv(8): expression size 20 truncated to fit in target size 1
[WARN (VERI-1209)] ../PWM_10.sv(13): expression size 32 truncated to fit in target size 19
[INFO (VERI-8005)] ../PWM_10.sv(1): Unintentional sequential element inferred for pulse_red read before write using blocking assignment
[INFO (VERI-8005)] ../PWM_10.sv(1): Unintentional sequential element inferred for lb_pulse read before write using blocking assignment
[INFO (VERI-8005)] ../PWM_10.sv(1): Unintentional sequential element inferred for ub_pulse read before write using blocking assignment
INFO (ISW003): Top module name is "PWM_TOP".
INFO (INL208): Elaboration synthesis summary:
  Number of synthesized netlists          1 (0 packages)
  Single run mode                         On
  Pipeline                                On (1 pipelined netlists)
  Late hierarchical reference connection  On
  Number of analyzed Verilog modules      1 (1 synthesized)
  Number of analyzed VHDL entities        0 (0 synthesized)
INFO (IPL017): The host machine is running out of memory.
    This message was triggered because the system reached 1% memory.
    System memory use information:
    [Process]
        Memory In Use: 277320 kB (0%)
        Peak Memory Usage: 277320 kB (0%)
    [Host]
        Available Memory: 799408 kB (0%)
        Total Memory: 527831204 kB
        Free Swap: 1367149592 kB (87%)
        Total Swap: 1565294584 kB
INFO (IPL017): The host machine is running out of memory.
    This message was triggered because the system reached 10% memory.
    System memory use information:
    [Process]
        Memory In Use: 277320 kB (0%)
        Peak Memory Usage: 277320 kB (0%)
    [Host]
        Available Memory: 799408 kB (0%)
        Total Memory: 527831204 kB
        Free Swap: 1367149592 kB (87%)
        Total Swap: 1565294584 kB
INFO (INL003): Clearing all state information (assumes, stopats, and so forth).
PWM_TOP
[<embedded>] % reset -none
INFO (IPM031): Clearing proof results of all properties.
[<embedded>] % clock clk
[<embedded>] % prove -all
Ncustom1: Custom engine code is hT3Ng7hPPfiYQOTDZ3qhYOwGAM51eA+J/FjkM5shLioAsqhgLR4Ft+O1BuKG6ilQ83B9tLXSl+CwjiTMAQA
Bcustom2: Custom engine code is hT3Nm7hPr1Vp3Di1Ra2USNIGL4JypRnLKLAdF6JAyuavO2JfGCiY9OZJhcAcOUnLx5xwNdhILGrAWX9s+z2WDkKwNR7tAfClBEjRFVQeq6DU54boFgEA
AMcustom3: Custom engine code is hT3Ng7hP/feYQOTDZ3qhYOwGAM51eA+J/FjkM5shLioAsqhgLR4Ft+O1BuKG6ilQ83B9tLXSmmqwm7g9AQA
Mpcustom4: Custom engine code is hT3NZbhP9fmY2AbBQnsjfOxn6c+6e6yL+/e8fZFmaQrnlgEA
INFO (IPF036): Starting proof on task: "<embedded>", 1 properties to prove with 0 already proven/unreachable
INFO (IRS029): Starting reset analysis: phase 1 of 4.
INFO (IRS030): Running reset analysis: phase 2 of 4.
INFO (IRS031): Running reset analysis: phase 3 of 4.
INFO (IRS020): Starting the reset analysis simulation with a limit of 100 iterations (phase 4 of 4).
INFO (IRS024): Reset iterations 0 to 4 analyzed.
INFO (IRS018): Reset analysis simulation executed for 3 iterations. Assigned values for 2 of 22 design flops, 0 of 0 design latches, 3 of 3 internal elements.
INFO (IRS039): Reset analysis complete.
INFO (IPF031): Settings used for proof thread 0:
    orchestration                 = on
    time_limit                    = 86400s
    per_property_time_limit       = 1s * 10 ^ scan
    engine_mode                   = auto
    proofgrid_per_engine_max_jobs = 1
    max engine jobs               = auto
    proofgrid_mode                = local
    proofgrid_restarts            = 10
0: Using multistage preprocessing
AMcustom5: Custom engine code is hT3N1rhP11/52HrFRS21ROp2LOjVTgPvT8L8BGXHgLhaIuqtT4nARFjUqrBL+7pLmaTOzBepZW/Jm8SSrHDybSQtoNiO3y43wk+dEoWlsZizu97Fih6O6lPVG/LpWP5SsUPwlGagLNa1FKEFvwVXyX7//8prySbvSxIHXr5er+z4RAEA
0: Starting reduce
Ncustom6: Custom engine code is hT3OXrhPByJp3TrFSTLhUmMH4KVtJgmTCnNDF46yMXOKY48m4LS5nE7yBzFjA7kDuwO/GhGUpEPiky3p3wmPn3dJZHxFMsafSoObRzSC+tn7sEY0WbTdZ/FV4hL3MYH/b1CIUvXSWR4wqEoVLsmMOD4xIPT4lI1LO6ZCO7PnnWQuLwetnvKlrXx6wCW/A+x+enqslg1YPobi4wEF/EvbzOvcTYdJvl2s4H2yZg2b2ofAVN5WvhWk1HoBAA
ADcustom7: Custom engine code is hT3Nv7hPv1752HrFRa2kROx2f/ECJeZB2AZsLdlO8VwmIuqtT4nIDFXclhg+O+o+DMmQCekbheGk0kK28laA9gaOFDXsQp29J3X615HY1IPHJWd6FUFvCHjO+p1k652b5JJvZlShNpGlGSXAiQe/mEAj6tEBAA
Tricustom8: Custom engine code is hT3Nu7hPt1752DvFRa0kNDiyIV97VyejwM9C/jCLJjdPvusZONHY42VYUy0Q1ZotnhcVtNc56tJ5wbxv6V2+XpdsaSlHck5vfnbYjdwj1OECy9U+7oSQ0SZE3g5ayD+Phuh4odCJTjeKa2k4elM9ldQfkAEA
Gcustom9: Custom engine code is hT3NibhPDfeYQADBZnYcglOvK9Pfd7EOeniIqP8jNsyIqInncipMGcUXqAadachREE9F2PwhBUZUNw5kHnd4JdXkamORRgEA
C2custom10: Custom engine code is hT3NirhPjfWYQADBZnYcglOvK9Pfd7EOeniIqP8jNsyIqInncgkrYMMXCYbdK0dUjZIF9d4cJ0rHoBDjwVLBKuG86XYVV00BAA
AGcustom11: Custom engine code is hT3NirhP/fmYQADBZnYcglOvK9Pfd7EOeniIqP8jNsyIqInnckcwYMMXCYbdK0dUjZIF9d4cJ0rHoBDjwVLBKuHEZnZByh0BAA
0: Finished reduce in 0s
Bcustom12: Custom engine code is hT3NjrhPDfiYQADBZnYcglOvK9PfWxFtenjIyBqfrgr7if/jL/yPOuK1BAflEcW0DxNH2eDIoezN2gxlQFg81RZtiWXh7aiTAidvAQA
0.0.PRE: Performing Proof Simplification...
Ncustom13: Custom engine code is hT3NR7hPByFp3TrFSTLhUmMH4KWtJglTyV/c51BHEeZWamnJv767nE6PCak26bd3gf3XGN3rIRheufhDieCJQVISo+gNYUKhiUedBKGtsP/a18svAnlMJZudHxDFwK5ufsyoxsIyiAeSY2oi3tEuoDHr5gw42DFKAG3PqO3CEsl8Azzdt3pl5nGA1Ifv2H02eYsFzWb/nfp8PMb3F0krE/EgBcm8TD9Div8BAA
0.0.N: clocks: 1, declared: 1, looping: 0, posedge: 1, negedge: 0, noedge: 0, bothedge: 0
Tricustom14: Custom engine code is hT3Nu7hP3fiYQADBZnYcglNHp9bfd7EOeniIqP/ji8sGLQu8yhsFO+wxJ+O+R0bU8g/IewXFomyos+viQnWc2xYNYmMqpo3i40O7DaZR7qfp4YqNx26KRvQ/qx0BAA
0.0.N: Proof Simplification Iteration 1	[0.00 s]
0.0.N: Proof Simplification Iteration 2	[0.00 s]
0.0.PRE: A proof was found: No trace exists. [0.00 s]
INFO (IPF057): 0.0.PRE: The property ":noDeadEnd" was proven in 0.00 s.
    Use check_assumptions -show -dead_end to show this property in the property table.
0.0.PRE: A proof was found: No trace exists. [0.00 s]
INFO (IPF057): 0.0.PRE: The property ":noConflict" was proven in 0.00 s.
    Use check_assumptions -show to show this property in the property table.
INFO (IPF047): 0.0.PRE: The cover property ":live" was covered in 1 cycles in 0.00 s.
    Use check_assumptions -show -live to show this property in the property table.
0.0.PRE: Proof Simplification completed in 0.00 s
0: About to start ProofGrid in its own thread with a limit of 10000 pending notifications and a limit of 10 traces.
0: =============================== ProofGrid start ===============================
0: ProofGrid usable level: 1
0: Initial ProofGrid level: 1
0: ProofGrid is starting event handling
0.0.N: Proofgrid shell started at 234605@vlsi-moon(local) jg_234453_vlsi-moon_1
0.0.Hp: Proofgrid shell started at 234606@vlsi-moon(local) jg_234453_vlsi-moon_1
0.0.N: clocks: 1, declared: 1, looping: 0, posedge: 1, negedge: 0, noedge: 0, bothedge: 0
0.0.N: Last scan. Per property time limit: 0s
0.0.N: Starting proof for property "PWM_TOP.p1"	[0.00 s].
0.0.Hp: clocks: 1, declared: 1, looping: 0, posedge: 1, negedge: 0, noedge: 0, bothedge: 0
0.0.N: Trace Attempt  1	[0.00 s]
0.0.N: Trace Attempt  2	[0.00 s]
0.0.N: Trace Attempt  2	[0.00 s]
0.0.N: Trace Attempt  3	[0.00 s]
0.0.Hp: Last scan. Per property time limit: 0s
0.0.N: Trace Attempt  3	[0.01 s]
0.0.N: Trace Attempt  4	[0.01 s]
0.0.Hp: Trace Attempt  1	[0.00 s]
0.0.N: Trace Attempt  5	[0.01 s]
0.0.Hp: Trace Attempt  2	[0.01 s]
0.0.Hp: Trace Attempt  3	[0.01 s]
0.0.Hp: Trace Attempt  4	[0.01 s]
0.0.Hp: Trace Attempt  5	[0.01 s]
0.0.Oh: Proofgrid shell started at 234638@vlsi-moon(local) jg_234453_vlsi-moon_1
0.0.Oh: clocks: 1, declared: 1, looping: 0, posedge: 1, negedge: 0, noedge: 0, bothedge: 0
0.0.Oh: Reached length limit (2147483647) [0.00 s]
0.0.AM: Proofgrid shell started at 234640@vlsi-moon(local) jg_234453_vlsi-moon_1
0.0.Ht: Proofgrid shell started at 234637@vlsi-moon(local) jg_234453_vlsi-moon_1
0.0.B: Proofgrid shell started at 234639@vlsi-moon(local) jg_234453_vlsi-moon_1
0.0.Oh: Exited with Success (@ 0.07 s)
0.0.B: clocks: 1, declared: 1, looping: 0, posedge: 1, negedge: 0, noedge: 0, bothedge: 0
0.0.B: Last scan. Per property time limit: 0s
0.0.B: Starting proof for property "PWM_TOP.p1"	[0.00 s].
0.0.B: Trace Attempt  1	[0.00 s]
0.0.AM: clocks: 1, declared: 1, looping: 0, posedge: 1, negedge: 0, noedge: 0, bothedge: 0
0.0.AM: Last scan. Per property time limit: 0s
0.0.AM: Starting proof for property "PWM_TOP.p1"	[0.00 s].
0.0.Ht: clocks: 1, declared: 1, looping: 0, posedge: 1, negedge: 0, noedge: 0, bothedge: 0
0.0.B: Trace Attempt  2	[0.00 s]
0.0.Ht: Last scan. Per property time limit: 0s
0.0.B: Trace Attempt  3	[0.00 s]
0.0.AM: Trace Attempt  1	[0.00 s]
0.0.Ht: Trace Attempt  1	[0.00 s]
0.0.B: Trace Attempt  4	[0.00 s]
0.0.AM: Trace Attempt  2	[0.00 s]
0.0.Ht: Trace Attempt  2	[0.00 s]
0.0.B: Trace Attempt  5	[0.00 s]
0.0.Ht: Trace Attempt  3	[0.00 s]
0.0.AM: Trace Attempt  3	[0.00 s]
0.0.Ht: Trace Attempt  4	[0.00 s]
0.0.AM: Trace Attempt  4	[0.00 s]
0.0.Ht: Trace Attempt  5	[0.00 s]
0.0.AM: Trace Attempt  5	[0.00 s]
0.0.AM: Trace Attempt  1	[0.01 s]
0.0.AM: Trace Attempt  2	[0.01 s]
0.0.AM: Trace Attempt  3	[0.01 s]
0.0.N: Trace Attempt  1	[0.08 s]
0.0.AM: Trace Attempt  4	[0.01 s]
0.0.N: Trace Attempt  2	[0.08 s]
0.0.N: Trace Attempt  3	[0.08 s]
0.0.AM: Trace Attempt  5	[0.01 s]
0.0.N: Trace Attempt  4	[0.09 s]
0.0.N: Trace Attempt  5	[0.09 s]
0.0.AM: Trace Attempt  1	[0.03 s]
0.0.AM: Trace Attempt  2	[0.03 s]
0.0.AM: Trace Attempt  3	[0.03 s]
0.0.AM: Trace Attempt  4	[0.04 s]
0.0.AM: Trace Attempt  5	[0.04 s]
0.0.AM: Trace Attempt  1	[0.12 s]
0.0.AM: Trace Attempt  2	[0.12 s]
0.0.AM: Trace Attempt  3	[0.12 s]
0.0.AM: Trace Attempt  4	[0.12 s]
0.0.AM: Trace Attempt  5	[0.13 s]
0.0.N: Trace Attempt  1	[0.43 s]
0.0.N: Trace Attempt  2	[0.43 s]
0.0.N: Trace Attempt  3	[0.43 s]
0.0.N: Trace Attempt  4	[0.43 s]
0.0.N: Trace Attempt  5	[0.44 s]
0.0.AM: Trace Attempt  1	[0.54 s]
0.0.AM: Trace Attempt  2	[0.54 s]
0.0.AM: Trace Attempt  3	[0.54 s]
0.0.AM: Trace Attempt  4	[0.54 s]
0.0.AM: Trace Attempt  5	[0.55 s]
0.0.N: Trace Attempt  1	[0.65 s]
0.0.N: Trace Attempt  2	[0.65 s]
0.0.N: Trace Attempt  3	[0.65 s]
0.0.N: Trace Attempt  4	[0.65 s]
0.0.N: Trace Attempt  5	[0.66 s]
0.0.N: Trace Attempt  1	[0.87 s]
0.0.N: Trace Attempt  2	[0.87 s]
0.0.N: Trace Attempt  3	[0.87 s]
0.0.N: Trace Attempt  4	[0.88 s]
0.0.N: Trace Attempt  5	[0.88 s]
0.0.N: Trace Attempt  1	[1.10 s]
0.0.N: Trace Attempt  2	[1.10 s]
0.0.N: Trace Attempt  3	[1.10 s]
0.0.N: Trace Attempt  4	[1.10 s]
0.0.N: Trace Attempt  5	[1.11 s]
0.0.N: Trace Attempt  1	[1.56 s]
0.0.N: Trace Attempt  2	[1.56 s]
0.0.N: Trace Attempt  3	[1.56 s]
0.0.N: Trace Attempt  4	[1.57 s]
0.0.N: Trace Attempt  5	[1.58 s]
0.0.AM: Trace Attempt  1	[3.25 s]
0.0.AM: Trace Attempt  2	[3.25 s]
0.0.AM: Trace Attempt  3	[3.25 s]
0.0.AM: Trace Attempt  4	[3.26 s]
0.0.AM: Trace Attempt  5	[3.27 s]
0.0.Hp: Trace Attempt 122	[4.04 s]
0.0.B: Trace Attempt 132	[4.00 s]
0.0.Ht: Trace Attempt 126	[4.00 s]
0.0.N: Trace Attempt  1	[4.20 s]
0.0.N: Trace Attempt  2	[4.20 s]
0.0.N: Trace Attempt  3	[4.20 s]
0.0.N: Trace Attempt  4	[4.21 s]
0.0.N: Trace Attempt  5	[4.22 s]
0.0.N: Trace Attempt  1	[6.96 s]
0.0.N: Trace Attempt  2	[6.96 s]
0.0.N: Trace Attempt  3	[6.96 s]
0.0.N: Trace Attempt  4	[6.96 s]
0.0.N: Trace Attempt  5	[6.97 s]
0.0.AM: Trace Attempt 69	[7.82 s]
0.0.Ht: Trace Attempt 155	[8.02 s]
0.0.Hp: Trace Attempt 150	[8.12 s]
0.0.B: Trace Attempt 166	[8.08 s]
0.0.N: Trace Attempt  1	[9.85 s]
0.0.N: Trace Attempt  2	[9.85 s]
0.0.N: Trace Attempt  3	[9.85 s]
0.0.N: Trace Attempt  4	[9.86 s]
0.0.N: Trace Attempt  5	[9.86 s]
0.0.AM: Trace Attempt 80	[11.96 s]
0.0.Ht: Trace Attempt 178	[12.16 s]
0.0.Hp: Trace Attempt 172	[12.23 s]
0.0.B: Trace Attempt 191	[12.20 s]
0.0.N: Trace Attempt  1	[12.75 s]
0.0.N: Trace Attempt  2	[12.75 s]
0.0.N: Trace Attempt  3	[12.75 s]
0.0.N: Trace Attempt  4	[12.76 s]
0.0.N: Trace Attempt  5	[12.77 s]
0.0.N: Trace Attempt  1	[15.58 s]
0.0.N: Trace Attempt  2	[15.59 s]
0.0.N: Trace Attempt  3	[15.59 s]
0.0.N: Trace Attempt  4	[15.59 s]
0.0.N: Trace Attempt  5	[15.60 s]
0.0.Ht: Trace Attempt 199	[16.17 s]
0.0.Hp: Trace Attempt 194	[16.26 s]
0.0.B: Trace Attempt 207	[16.24 s]
0.0.AM: Trace Attempt 89	[16.49 s]
0.0.N: Trace Attempt  1	[18.49 s]
0.0.N: Trace Attempt  2	[18.49 s]
0.0.N: Trace Attempt  3	[18.49 s]
0.0.N: Trace Attempt  4	[18.50 s]
0.0.N: Trace Attempt  5	[18.51 s]
0.0.Ht: Trace Attempt 216	[20.18 s]
0.0.Hp: Trace Attempt 208	[20.29 s]
0.0.B: Trace Attempt 222	[20.24 s]
0.0.AM: Trace Attempt 70	[21.14 s]
0.0.N: Trace Attempt  1	[21.52 s]
0.0.N: Trace Attempt  2	[21.52 s]
0.0.N: Trace Attempt  3	[21.52 s]
0.0.N: Trace Attempt  4	[21.52 s]
0.0.N: Trace Attempt  5	[21.53 s]
0.0.Hp: Trace Attempt 224	[24.30 s]
0.0.B: Trace Attempt 237	[24.33 s]
0.0.Ht: Trace Attempt 233	[24.41 s]
0.0.N: Trace Attempt  1	[24.57 s]
0.0.N: Trace Attempt  2	[24.57 s]
0.0.N: Trace Attempt  3	[24.57 s]
0.0.N: Trace Attempt  4	[24.57 s]
0.0.N: Trace Attempt  5	[24.58 s]
0.0.AM: Trace Attempt 109	[25.27 s]
0.0.AM: Trace Attempt  1	[27.53 s]
0.0.AM: Trace Attempt  2	[27.53 s]
0.0.AM: Trace Attempt  3	[27.53 s]
0.0.AM: Trace Attempt  4	[27.54 s]
0.0.AM: Trace Attempt  5	[27.55 s]
0.0.N: Trace Attempt  1	[27.80 s]
0.0.N: Trace Attempt  2	[27.80 s]
0.0.N: Trace Attempt  3	[27.80 s]
0.0.N: Trace Attempt  4	[27.80 s]
0.0.N: Trace Attempt  5	[27.81 s]
0.0.B: Trace Attempt 251	[28.40 s]
0.0.Ht: Trace Attempt 245	[28.42 s]
0.0.Hp: Trace Attempt 236	[28.57 s]
0.0.N: Trace Attempt  1	[31.04 s]
0.0.N: Trace Attempt  2	[31.04 s]
0.0.N: Trace Attempt  3	[31.04 s]
0.0.N: Trace Attempt  4	[31.04 s]
0.0.N: Trace Attempt  5	[31.05 s]
0.0.AM: Trace Attempt 61	[31.62 s]
0.0.B: Trace Attempt 262	[32.49 s]
0.0.Hp: Trace Attempt 249	[32.82 s]
0.0.Ht: Trace Attempt 259	[33.23 s]
0.0.N: Trace Attempt  1	[34.23 s]
0.0.N: Trace Attempt  2	[34.23 s]
0.0.N: Trace Attempt  3	[34.23 s]
0.0.N: Trace Attempt  4	[34.24 s]
0.0.N: Trace Attempt  5	[34.25 s]
0.0.AM: Trace Attempt 80	[35.94 s]
0.0.Hp: Trace Attempt 259	[36.83 s]
0.0.B: Trace Attempt 270	[36.91 s]
0.0.Ht: Trace Attempt 267	[37.55 s]
0.0.N: Trace Attempt 66	[39.10 s]
0.0.N: Trace Attempt  1	[39.33 s]
0.0.N: Trace Attempt  2	[39.33 s]
0.0.N: Trace Attempt  3	[39.33 s]
0.0.N: Trace Attempt  4	[39.34 s]
0.0.N: Trace Attempt  5	[39.35 s]
0.0.AM: Trace Attempt 91	[40.39 s]
0.0.Hp: Trace Attempt 266	[41.01 s]
0.0.B: Trace Attempt 279	[41.27 s]
0.0.Ht: Trace Attempt 275	[41.68 s]
0.0.N: Trace Attempt 56	[43.66 s]
0.0.AM: Trace Attempt 104	[44.78 s]
0.0.Hp: Trace Attempt 273	[45.03 s]
0.0.B: Trace Attempt 288	[45.48 s]
0.0.Ht: Trace Attempt 283	[45.73 s]
0.0.N: Trace Attempt 69	[48.37 s]
0.0.Hp: Trace Attempt 280	[49.06 s]
0.0.AM: Trace Attempt 112	[49.35 s]
0.0.B: Trace Attempt 297	[49.90 s]
0.0.Ht: Trace Attempt 290	[50.04 s]
0.0.N: Trace Attempt 78	[53.00 s]
0.0.Hp: Trace Attempt 286	[53.52 s]
0.0.AM: Trace Attempt 118	[53.99 s]
0.0.B: Trace Attempt 305	[54.09 s]
0.0.Ht: Trace Attempt 296	[54.26 s]
0.0.N: Trace Attempt 83	[57.53 s]
0.0.Hp: Trace Attempt 293	[57.92 s]
0.0.B: Trace Attempt 313	[58.48 s]
0.0.Ht: Trace Attempt 304	[58.58 s]
0.0.AM: Trace Attempt 123	[58.61 s]
0.0.N: Trace Attempt 87	[62.09 s]
0.0.Hp: Trace Attempt 300	[62.37 s]
0.0.Ht: Trace Attempt 311	[62.59 s]
0.0.AM: Trace Attempt 130	[62.66 s]
0.0.B: Trace Attempt 320	[62.72 s]
0.0.Hp: Trace Attempt 307	[66.45 s]
0.0.Ht: Trace Attempt 317	[66.66 s]
0.0.AM: Trace Attempt 136	[66.71 s]
0.0.B: Trace Attempt 327	[67.03 s]
0.0.N: Trace Attempt 92	[67.94 s]
WARNING (WPF031): 0.0.B: Major page faults detected. Host "vlsi-moon" might be low on memory.
    Total memory = 527831204 kiB
    Free memory  = 1111140 kiB (0.21 %), Free swap = 1365505080 kiB
WARNING (WPF031): 0.0.AM: Major page faults detected. Host "vlsi-moon" might be low on memory.
    Total memory = 527831204 kiB
    Free memory  = 1111140 kiB (0.21 %), Free swap = 1365505080 kiB
WARNING (WPF031): 0.0.N: Major page faults detected. Host "vlsi-moon" might be low on memory.
    Total memory = 527831204 kiB
    Free memory  = 1111140 kiB (0.21 %), Free swap = 1365505080 kiB
WARNING (WPF031): 0.0.Ht: Major page faults detected. Host "vlsi-moon" might be low on memory.
    Total memory = 527831204 kiB
    Free memory  = 1110660 kiB (0.21 %), Free swap = 1365505080 kiB
0.0.Hp: Trace Attempt 313	[71.10 s]
0.0.B: Trace Attempt 332	[71.38 s]
0.0.Ht: Trace Attempt 323	[71.39 s]
0.0.AM: Trace Attempt 140	[71.65 s]
0.0.N: Trace Attempt 96	[73.32 s]
0.0.Ht: Trace Attempt 329	[75.47 s]
0.0.B: Trace Attempt 338	[75.85 s]
0.0.Hp: Trace Attempt 320	[76.13 s]
0.0.AM: Trace Attempt 143	[77.39 s]
0.0.B: Trace Attempt 343	[79.87 s]
0.0.Ht: Trace Attempt 336	[80.03 s]
0.0.Hp: Trace Attempt 326	[80.64 s]
0.0.N: Trace Attempt 97	[80.81 s]
0.0.N: Trace Attempt  1	[81.23 s]
0.0.N: Trace Attempt  2	[81.24 s]
0.0.N: Trace Attempt  3	[81.24 s]
0.0.N: Trace Attempt  4	[81.27 s]
0.0.N: Trace Attempt  5	[81.28 s]
0.0.AM: Trace Attempt 146	[82.59 s]
0.0.Ht: Trace Attempt 340	[84.06 s]
0.0.B: Trace Attempt 350	[84.58 s]
0.0.Hp: Trace Attempt 332	[84.72 s]
0.0.N: Trace Attempt 56	[85.71 s]
0.0.AM: Trace Attempt 152	[87.29 s]
0.0.Ht: Trace Attempt 347	[88.58 s]
0.0.Hp: Trace Attempt 339	[89.33 s]
0.0.B: Trace Attempt 356	[89.63 s]
0.0.N: Trace Attempt 69	[90.45 s]
0.0.AM: Trace Attempt 156	[92.67 s]
0.0.Ht: Trace Attempt 351	[92.88 s]
0.0.Hp: Trace Attempt 343	[93.36 s]
0.0.B: Trace Attempt 362	[93.76 s]
0.0.N: Trace Attempt 78	[95.00 s]
0.0.Ht: Trace Attempt 356	[96.94 s]
0.0.AM: Trace Attempt 159	[97.61 s]
0.0.Hp: Trace Attempt 348	[97.82 s]
0.0.B: Trace Attempt 368	[98.61 s]
WARNING (WPF031): 0.0.Hp: Major page faults detected. Host "vlsi-moon" might be low on memory.
    Total memory = 527831204 kiB
    Free memory  = 1075376 kiB (0.20 %), Free swap = 1364004856 kiB
0.0.N: Trace Attempt 83	[99.66 s]
0.0.Ht: Trace Attempt 362	[101.65 s]
0.0.AM: Trace Attempt 160	[101.85 s]
0.0.Hp: Trace Attempt 353	[102.51 s]
0.0.B: Trace Attempt 374	[103.15 s]
0.0.N: Trace Attempt 87	[104.23 s]
0.0.Ht: Trace Attempt 367	[105.78 s]
0.0.Hp: Trace Attempt 358	[106.55 s]
0.0.AM: Trace Attempt 163	[107.36 s]
0.0.B: Trace Attempt 380	[107.65 s]
WARNING (WPF031): 0.0.Ht: Major page faults detected. Host "vlsi-moon" might be low on memory.
    Total memory = 527831204 kiB
    Free memory  = 1098788 kiB (0.21 %), Free swap = 1363505176 kiB
0.0.Ht: Trace Attempt 370	[109.92 s]
0.0.N: Trace Attempt 92	[110.18 s]
0.0.Hp: Trace Attempt 363	[110.73 s]
0.0.AM: Trace Attempt 165	[112.27 s]
0.0.B: Trace Attempt 386	[112.40 s]
0.0.Ht: Trace Attempt 376	[114.57 s]
0.0.Hp: Trace Attempt 368	[114.91 s]
0.0.N: Trace Attempt 96	[115.45 s]
0.0.B: Trace Attempt 390	[117.02 s]
0.0.Hp: Trace Attempt 371	[119.14 s]
0.0.Ht: Trace Attempt 380	[119.25 s]
0.0.AM: Trace Attempt 168	[120.77 s]
0.0.B: Trace Attempt 394	[121.14 s]
0.0.Hp: Trace Attempt 377	[123.71 s]
0.0.Ht: Trace Attempt 385	[123.73 s]
0.0.N: Trace Attempt 98	[123.83 s]
0.0.N: Trace Attempt  1	[124.32 s]
0.0.N: Trace Attempt  2	[124.33 s]
0.0.N: Trace Attempt  3	[124.33 s]
0.0.N: Trace Attempt  4	[124.38 s]
0.0.N: Trace Attempt  5	[124.39 s]
0.0.AM: Trace Attempt 170	[125.27 s]
0.0.B: Trace Attempt 398	[125.51 s]
0.0.Hp: Trace Attempt 380	[127.79 s]
0.0.Ht: Trace Attempt 389	[127.84 s]
0.0.N: Trace Attempt 54	[128.44 s]
0.0.B: Trace Attempt 402	[130.41 s]
0.0.AM: Trace Attempt 172	[130.56 s]
0.0.Ht: Trace Attempt 393	[131.87 s]
0.0.Hp: Trace Attempt 385	[132.53 s]
0.0.N: Trace Attempt 68	[132.91 s]
0.0.B: Trace Attempt 407	[135.44 s]
0.0.Ht: Trace Attempt 397	[135.97 s]
0.0.Hp: Trace Attempt 389	[136.78 s]
0.0.N: Trace Attempt 77	[137.24 s]
0.0.AM: Trace Attempt 174	[137.63 s]
WARNING (WPF031): 0.0.AM: Major page faults detected. Host "vlsi-moon" might be low on memory.
    Total memory = 527831204 kiB
    Free memory  = 1076996 kiB (0.20 %), Free swap = 1363086860 kiB
WARNING (WPF031): 0.0.N: Major page faults detected. Host "vlsi-moon" might be low on memory.
    Total memory = 527831204 kiB
    Free memory  = 1076988 kiB (0.20 %), Free swap = 1363086860 kiB
0.0.B: Trace Attempt 411	[140.19 s]
0.0.Ht: Trace Attempt 400	[140.55 s]
0.0.Hp: Trace Attempt 394	[141.78 s]
0.0.N: Trace Attempt 83	[142.63 s]
0.0.B: Trace Attempt 415	[144.50 s]
0.0.Ht: Trace Attempt 404	[144.90 s]
0.0.AM: Trace Attempt 176	[145.01 s]
0.0.N: Trace Attempt 87	[146.93 s]
0.0.Hp: Trace Attempt 398	[148.10 s]
0.0.B: Trace Attempt 419	[148.97 s]
0.0.AM: Trace Attempt 177	[149.24 s]
0.0.Ht: Trace Attempt 407	[149.31 s]
0.0.N: Trace Attempt 92	[152.55 s]
0.0.Hp: Trace Attempt 403	[153.24 s]
0.0.Ht: Trace Attempt 410	[153.46 s]
0.0.B: Trace Attempt 423	[153.65 s]
0.0.AM: Trace Attempt 179	[156.72 s]
0.0.N: Trace Attempt 96	[157.75 s]
0.0.Ht: Trace Attempt 414	[157.72 s]
0.0.B: Trace Attempt 427	[158.16 s]
0.0.Hp: Trace Attempt 407	[158.44 s]
0.0.AM: Trace Attempt 180	[160.72 s]
0.0.Ht: Trace Attempt 418	[162.12 s]
0.0.B: Trace Attempt 430	[162.33 s]
0.0.Hp: Trace Attempt 411	[163.44 s]
0.0.N: Trace Attempt 99	[166.05 s]
0.0.B: Trace Attempt 433	[166.34 s]
0.0.N: Trace Attempt  1	[166.45 s]
0.0.N: Trace Attempt  2	[166.45 s]
0.0.N: Trace Attempt  3	[166.45 s]
0.0.N: Trace Attempt  4	[166.47 s]
0.0.N: Trace Attempt  5	[166.48 s]
0.0.Ht: Trace Attempt 422	[166.59 s]
0.0.AM: Trace Attempt 181	[167.35 s]
0.0.Hp: Trace Attempt 415	[167.88 s]
0.0.N: Trace Attempt 56	[170.87 s]
0.0.Ht: Trace Attempt 426	[171.00 s]
0.0.B: Trace Attempt 437	[171.27 s]
0.0.AM: Trace Attempt 182	[171.57 s]
0.0.Hp: Trace Attempt 419	[172.49 s]
0.0.Ht: Trace Attempt 428	[175.37 s]
0.0.N: Trace Attempt 69	[175.49 s]
0.0.B: Trace Attempt 440	[175.47 s]
0.0.Hp: Trace Attempt 423	[176.83 s]
0.0.AM: Trace Attempt 183	[176.90 s]
0.0.Ht: Trace Attempt 432	[179.82 s]
0.0.N: Trace Attempt 78	[180.03 s]
0.0.B: Trace Attempt 444	[180.20 s]
0.0.AM: Trace Attempt 184	[181.56 s]
0.0.B: Trace Attempt 445	[181.62 s]
0.0.N: Trace Attempt 80	[181.43 s]
0.0.N: Stopped processing property "PWM_TOP.p1"	[182.78 s].
0.0.B: Stopped processing property "PWM_TOP.p1"	[182.83 s].
0.0.N: Morphing to Ncustom1
0.0.B: Morphing to Bcustom2
0.0.N: All properties determined. [0.00 s]
0.0.N: Exited with Success (@ 0.00 s)
0.0.B: All properties determined. [0.00 s]
0.0.B: Exited with Success (@ 0.00 s)
0.0.AM: Stopped processing property "PWM_TOP.p1"	[182.83 s].
0.0.AM: Morphing to AMcustom3
0.0.AM: All properties determined. [0.00 s]
0.0.AM: Exited with Success (@ 0.00 s)
0.0.Ncustom1: clocks: 1, declared: 1, looping: 0, posedge: 1, negedge: 0, noedge: 0, bothedge: 0
0.0.Ncustom1: Starting proof for property "PWM_TOP.p1"	[0.00 s].
0.0.Bcustom2: clocks: 1, declared: 1, looping: 0, posedge: 1, negedge: 0, noedge: 0, bothedge: 0
0.0.Bcustom2: Starting proof for property "PWM_TOP.p1"	[0.00 s].
0.0.AMcustom3: clocks: 1, declared: 1, looping: 0, posedge: 1, negedge: 0, noedge: 0, bothedge: 0
0.0.AMcustom3: Starting proof for property "PWM_TOP.p1"	[0.00 s].
0.0.Bcustom2: Trace Attempt  1	[0.00 s]
0.0.AMcustom3: Trace Attempt  1	[0.00 s]
0.0.Bcustom2: Trace Attempt  2	[0.00 s]
0.0.AMcustom3: Trace Attempt  2	[0.00 s]
0.0.AMcustom3: Trace Attempt  3	[0.01 s]
0.0.Bcustom2: Trace Attempt  1	[0.01 s]
0.0.AMcustom3: Trace Attempt  4	[0.01 s]
0.0.Bcustom2: Trace Attempt  2	[0.01 s]
0.0.Bcustom2: Trace Attempt  3	[0.01 s]
0.0.Bcustom2: Trace Attempt  4	[0.01 s]
0.0.AMcustom3: Trace Attempt  5	[0.01 s]
0.0.Ncustom1: Trace Attempt 98	[0.01 s]
0.0.Bcustom2: Trace Attempt  5	[0.01 s]
0.0.AMcustom3: Trace Attempt  1	[0.01 s]
0.0.AMcustom3: Trace Attempt  2	[0.02 s]
0.0.AMcustom3: Trace Attempt  3	[0.02 s]
0.0.AMcustom3: Trace Attempt  4	[0.02 s]
0.0.AMcustom3: Trace Attempt  5	[0.02 s]
0.0.AMcustom3: Trace Attempt  1	[0.04 s]
0.0.AMcustom3: Trace Attempt  2	[0.04 s]
0.0.AMcustom3: Trace Attempt  3	[0.04 s]
0.0.AMcustom3: Trace Attempt  4	[0.05 s]
0.0.AMcustom3: Trace Attempt  5	[0.05 s]
0.0.AMcustom3: Trace Attempt  8	[0.07 s]
0.0.AMcustom3: Stopped processing property "PWM_TOP.p1"	[0.02 s].
0.0.AMcustom3: Morphing to AMcustom5
0.0.AMcustom3: All properties determined. [0.00 s]
0.0.AMcustom3: Exited with Success (@ 0.00 s)
0.0.Bcustom2: Trace Attempt 29	[0.07 s]
0.0.Bcustom2: Stopped processing property "PWM_TOP.p1"	[0.02 s].
0.0.Bcustom2: Morphing to D
0.0.Bcustom2: All properties determined. [0.00 s]
0.0.Bcustom2: Exited with Success (@ 0.00 s)
0.0.AMcustom5: clocks: 1, declared: 1, looping: 0, posedge: 1, negedge: 0, noedge: 0, bothedge: 0
0.0.AMcustom5: Starting proof for property "PWM_TOP.p1"	[0.00 s].
0.0.AMcustom5: Trace Attempt  1	[0.00 s]
0.0.AMcustom5: Trace Attempt  2	[0.00 s]
0.0.D: clocks: 1, declared: 1, looping: 0, posedge: 1, negedge: 0, noedge: 0, bothedge: 0
0.0.D: Starting proof for property "PWM_TOP.p1"	[0.00 s].
0.0.AMcustom5: Trace Attempt  1	[0.00 s]
0.0.AMcustom5: Trace Attempt  2	[0.00 s]
0.0.AMcustom5: Trace Attempt  3	[0.00 s]
0.0.AMcustom5: Trace Attempt  4	[0.00 s]
0.0.AMcustom5: Trace Attempt  5	[0.00 s]
0.0.AMcustom5: Trace Attempt  1	[0.01 s]
0.0.AMcustom5: Trace Attempt  2	[0.01 s]
0.0.AMcustom5: Trace Attempt  3	[0.01 s]
0.0.AMcustom5: Trace Attempt  4	[0.01 s]
0.0.AMcustom5: Trace Attempt  5	[0.01 s]
0.0.D: Trace Attempt  1	[0.03 s]
0.0.D: Trace Attempt  2	[0.03 s]
0.0.AMcustom5: Trace Attempt  1	[0.03 s]
0.0.AMcustom5: Trace Attempt  2	[0.03 s]
0.0.AMcustom5: Trace Attempt  3	[0.03 s]
0.0.AMcustom5: Trace Attempt  4	[0.03 s]
0.0.AMcustom5: Trace Attempt  5	[0.04 s]
0.0.D: Trace Attempt  4	[0.05 s]
0.0.AMcustom5: Trace Attempt  1	[0.12 s]
0.0.AMcustom5: Trace Attempt  2	[0.12 s]
0.0.AMcustom5: Trace Attempt  3	[0.12 s]
0.0.AMcustom5: Trace Attempt  4	[0.12 s]
0.0.AMcustom5: Trace Attempt  5	[0.13 s]
0.0.Tri: Proofgrid shell started at 236138@vlsi-moon(local) jg_234453_vlsi-moon_1
0.0.Tri: clocks: 1, declared: 1, looping: 0, posedge: 1, negedge: 0, noedge: 0, bothedge: 0
0.0.Tri: Last scan. Per property time limit: 0s
0.0.Tri: Starting proof for property "PWM_TOP.p1"	[0.00 s].
0.0.Tri: Trace Attempt  1	[0.01 s]
0.0.Tri:    0.00" ---- Launching main thread ----
0.0.AMcustom5: Trace Attempt  1	[0.55 s]
0.0.AMcustom5: Trace Attempt  2	[0.55 s]
0.0.AMcustom5: Trace Attempt  3	[0.55 s]
0.0.AMcustom5: Trace Attempt  4	[0.55 s]
0.0.AMcustom5: Trace Attempt  5	[0.56 s]
0.0.Tri:    0.08" ---- Launching abstraction thread ----
0.0.Tri:    0.09" ---- Launching multi-phase simplification thread ----
0.0.Tri:    0.12" ---- Launching liveness simplification thread ----
0.0.Hp: Trace Attempt 427	[184.05 s]
0.0.Tri:    0.91" Simplification phase 1 complete
0.0.Ncustom1: Requesting engine job to terminate
0.0.Tri: Requesting engine job to terminate
0.0.D: Requesting engine job to terminate
0.0.AMcustom5: Requesting engine job to terminate
0.0.Hp: Requesting engine job to terminate
0.0.Ht: Requesting engine job to terminate
INFO (IPF144): 0: Initiating shutdown of proof [185.22 s]
0.0.Tri: A proof was found: No trace exists. [1.92 s]
INFO (IPF057): 0.0.Tri: The property "PWM_TOP.p1" was proven in 1.94 s.
0.0.AMcustom5: Trace Attempt 36	[2.21 s]
0.0.AMcustom5: Stopped processing property "PWM_TOP.p1"	[2.93 s].
0.0.AMcustom5: All properties determined. [2.30 s]
0.0.D: Trace Attempt 30	[1.80 s]
0.0.D: Stopped processing property "PWM_TOP.p1"	[2.93 s].
0.0.D: All properties determined. [2.30 s]
0: ProofGrid usable level: 0
0.0.Ncustom1: Stopped processing property "PWM_TOP.p1"	[2.96 s].
0.0.Ncustom1: All properties determined. [2.39 s]
0.0.Ht: Trace Attempt 435	[183.18 s]
0.0.Ht: All properties determined. [185.21 s]
0.0.Hp: All properties determined. [185.32 s]
0.0.Tri: Stopped processing property "PWM_TOP.p1"	[2.58 s].
0.0.Tri: All properties determined. [2.10 s]
0.0.Tri: Exited with Success (@ 185.45 s)
0.0.Ncustom1: Exited with Success (@ 185.45 s)
0.0.Hp: Exited with Success (@ 185.45 s)
0.0.Ht: Exited with Success (@ 185.45 s)
0.0.D: Exited with Success (@ 185.45 s)
0.0.AMcustom5: Exited with Success (@ 185.45 s)
0: --------------------------------------------------------------
ProofGrid Summary (utilization 99.84 %)
--------------------------------------------------------------
     engines started                               :    12
     engine jobs started                           :     7

    Average time in state (seconds)
    ------------------------------------------------------
    Engine  Pending     Running        Dead    Utilization
    ------------------------------------------------------
     Hp        0.14      185.21        0.00       99.92 %
     Ht        0.07      185.14        0.00       99.96 %
     Oh        0.07        0.00        0.00        0.53 %
    Ncustom1        0.14      184.76        0.00       99.93 %
    Tri        0.93        1.94        0.00       67.59 %
      D        0.07      184.60        0.00       99.96 %
    AMcustom5        0.07      184.61        0.00       99.96 %
    all        0.21      132.32        0.00       99.84 %

    Total time in state (seconds)
    -----------------------------------------
            Pending     Running        Dead  
    -----------------------------------------
               1.49      926.26        0.00

    Data read    : 1.15 MiB
    Data written : 3.21 kiB

0: All pending notifications were processed.
INFO (IPF059): 0: Completed proof on task: "<embedded>"

==============================================================
SUMMARY
==============================================================
           Properties Considered              : 1
                 assertions                   : 1
                  - proven                    : 1 (100%)
                  - bounded_proven (user)     : 0 (0%)
                  - bounded_proven (auto)     : 0 (0%)
                  - marked_proven             : 0 (0%)
                  - cex                       : 0 (0%)
                  - ar_cex                    : 0 (0%)
                  - undetermined              : 0 (0%)
                  - unknown                   : 0 (0%)
                  - error                     : 0 (0%)
                 covers                       : 0
                  - unreachable               : 0
                  - bounded_unreachable (user): 0
                  - covered                   : 0
                  - ar_covered                : 0
                  - undetermined              : 0
                  - unknown                   : 0
                  - error                     : 0
proven
[<embedded>] % exit -force
[<embedded>] % INFO (IPL005): Received request to exit from the console.
INFO: Waiting for proof threads to stop...
INFO: Proof threads stopped.
INFO (IPL018): The peak resident set memory use for this session was 0.902 GB.
INFO (IPL014): Waiting for the Tcl-thread to exit.
INFO (IPL015): The Tcl-thread exited with status 0.
INFO (IPL016): Exiting the analysis session with status 0.
Finished PWM_10.tcl successfully
