Jasper Apps 2024.06p002 64 bits 2024.09.02 16:28:38 UTC

Any disclosure about the Cadence Design Systems software or its use
model to any third party violates the written Non-Disclosure Agreement
between Cadence Design Systems, Inc. and the customer.

THIS SOFTWARE CONTAINS CONFIDENTIAL INFORMATION AND TRADE SECRETS OF
CADENCE DESIGN SYSTEMS, INC. USE, DISCLOSURE, OR REPRODUCTION IS
PROHIBITED WITHOUT THE PRIOR EXPRESS WRITTEN PERMISSION OF CADENCE
DESIGN SYSTEMS, INC.

Copyright (C) 2000-2024 Cadence Design Systems, Inc. All Rights
Reserved.  Unpublished -- rights reserved under the copyright laws of
the United States.

This product includes software developed by others and redistributed
according to license agreement. See doc/third_party_readme.txt for
further details.

RESTRICTED RIGHTS LEGEND

Use, duplication, or disclosure by the Government is subject to
restrictions as set forth in subparagraph (c) (1) (ii) of the Rights in
Technical Data and Computer Software clause at DFARS 252.227-7013 or
subparagraphs (c) (1) and (2) of Commercial Computer Software -- Restricted
Rights at 48 CFR 52.227-19, as applicable.


                          Cadence Design Systems, Inc.
                          2655 Seely Avenue
                          San Jose, CA 95134
                          Phone: 408.943.1234

For technical assistance visit http://support.cadence.com.

Jasper Apps Analysis Session - /users/rompel/jasper_executions/liveness/jgprojects/2_gray_11/sessionLogs/session_0

WARNING (WG017): [session]: The system's locale is "ANSI_X3.4-1968", which is not UTF-8. Non-ASCII characters might not be handled correctly.
WARNING (WG017): [jg_console]: The system's locale is "ANSI_X3.4-1968", which is not UTF-8. Non-ASCII characters might not be handled correctly.
INFO: successfully checked out license "jasper_fao".
INFO: reading configuration file "/users/rompel/.config/cadence/jasper.conf".
% analyze -sv09 ../2_gray_11.sv
[-- (VERI-1482)] Analyzing Verilog file '/tools/cadence2425/JASPER/jasper_2024.06p002/lib/verilog/packages/std/std.sv' into library 'std'
[-- (VERI-1482)] Analyzing Verilog file '../2_gray_11.sv'
% elaborate -bbox_mul 1000000 -bbox_div 1000000 -bbox_mod 1000000 -bbox_a 1000000
[INFO (HIER-8002)] ../2_gray_11.sv(14): Disabling old hierarchical reference handler
[INFO (VERI-1018)] ../2_gray_11.sv(1): compiling module 'GRAY'
[WARN (VERI-1209)] ../2_gray_11.sv(9): expression size 32 truncated to fit in target size 18
INFO (ISW003): Top module name is "GRAY".
INFO (INL208): Elaboration synthesis summary:
  Number of synthesized netlists          1 (0 packages)
  Single run mode                         On
  Pipeline                                On (1 pipelined netlists)
  Late hierarchical reference connection  On
  Number of analyzed Verilog modules      1 (1 synthesized)
  Number of analyzed VHDL entities        0 (0 synthesized)
INFO (INL003): Clearing all state information (assumes, stopats, and so forth).
GRAY
[<embedded>] % reset rst
INFO (IPM031): Clearing proof results of all properties.
INFO (IRS006): Current reset condition is "rst".
[<embedded>] % clock clk
[<embedded>] % prove -all
Ncustom1: Custom engine code is hT3Ng7hPPfiYQOTDZ3qhYOwGAM51eA+J/FjkM5shLioAsqhgLR4Ft+O1BuKG6ilQ83B9tLXSl+CwjiTMAQA
Bcustom2: Custom engine code is hT3Nm7hPr1Vp3Di1Ra2USNIGL4JypRnLKLAdF6JAyuavO2JfGCiY9OZJhcAcOUnLx5xwNdhILGrAWX9s+z2WDkKwNR7tAfClBEjRFVQeq6DU54boFgEA
AMcustom3: Custom engine code is hT3Ng7hP/feYQOTDZ3qhYOwGAM51eA+J/FjkM5shLioAsqhgLR4Ft+O1BuKG6ilQ83B9tLXSmmqwm7g9AQA
Mpcustom4: Custom engine code is hT3NZbhP9fmY2AbBQnsjfOxn6c+6e6yL+/e8fZFmaQrnlgEA
INFO (IPF036): Starting proof on task: "<embedded>", 2 properties to prove with 0 already proven/unreachable
INFO (IRS029): Starting reset analysis: phase 1 of 4.
INFO (IRS030): Running reset analysis: phase 2 of 4.
INFO (IRS031): Running reset analysis: phase 3 of 4.
INFO (IRS020): Starting the reset analysis simulation with a limit of 100 iterations (phase 4 of 4).
INFO (IRS024): Reset iterations 0 to 4 analyzed.
INFO (IRS018): Reset analysis simulation executed for 3 iterations. Assigned values for 18 of 36 design flops, 0 of 0 design latches, 6 of 6 internal elements.
INFO (IRS039): Reset analysis complete.
INFO (IPF031): Settings used for proof thread 0:
    orchestration                 = on
    time_limit                    = 86400s
    per_property_time_limit       = 1s * 10 ^ scan
    engine_mode                   = auto
    proofgrid_per_engine_max_jobs = 1
    max engine jobs               = auto
    proofgrid_mode                = local
    proofgrid_restarts            = 10
0: Using multistage preprocessing
0: Starting reduce
AMcustom5: Custom engine code is hT3N1rhP11/52HrFRS21ROp2LOjVTgPvT8L8BGXHgLhaIuqtT4nARFjUqrBL+7pLmaTOzBepZW/Jm8SSrHDybSQtoNiO3y43wk+dEoWlsZizu97Fih6O6lPVG/LpWP5SsUPwlGagLNa1FKEFvwVXyX7//8prySbvSxIHXr5er+z4RAEA
Ncustom6: Custom engine code is hT3OXrhPByJp3TrFSTLhUmMH4KVtJgmTCnNDF46yMXOKY48m4LS5nE7yBzFjA7kDuwO/GhGUpEPiky3p3wmPn3dJZHxFMsafSoObRzSC+tn7sEY0WbTdZ/FV4hL3MYH/b1CIUvXSWR4wqEoVLsmMOD4xIPT4lI1LO6ZCO7PnnWQuLwetnvKlrXx6wCW/A+x+enqslg1YPobi4wEF/EvbzOvcTYdJvl2s4H2yZg2b2ofAVN5WvhWk1HoBAA
ADcustom7: Custom engine code is hT3Nv7hPv1752HrFRa2kROx2f/ECJeZB2AZsLdlO8VwmIuqtT4nIDFXclhg+O+o+DMmQCekbheGk0kK28laA9gaOFDXsQp29J3X615HY1IPHJWd6FUFvCHjO+p1k652b5JJvZlShNpGlGSXAiQe/mEAj6tEBAA
Tricustom8: Custom engine code is hT3Nu7hPt1752DvFRa0kNDiyIV97VyejwM9C/jCLJjdPvusZONHY42VYUy0Q1ZotnhcVtNc56tJ5wbxv6V2+XpdsaSlHck5vfnbYjdwj1OECy9U+7oSQ0SZE3g5ayD+Phuh4odCJTjeKa2k4elM9ldQfkAEA
Gcustom9: Custom engine code is hT3NibhPDfeYQADBZnYcglOvK9Pfd7EOeniIqP8jNsyIqInncipMGcUXqAadachREE9F2PwhBUZUNw5kHnd4JdXkamORRgEA
C2custom10: Custom engine code is hT3NirhPjfWYQADBZnYcglOvK9Pfd7EOeniIqP8jNsyIqInncgkrYMMXCYbdK0dUjZIF9d4cJ0rHoBDjwVLBKuG86XYVV00BAA
AGcustom11: Custom engine code is hT3NirhP/fmYQADBZnYcglOvK9Pfd7EOeniIqP8jNsyIqInnckcwYMMXCYbdK0dUjZIF9d4cJ0rHoBDjwVLBKuHEZnZByh0BAA
Bcustom12: Custom engine code is hT3NjrhPDfiYQADBZnYcglOvK9PfWxFtenjIyBqfrgr7if/jL/yPOuK1BAflEcW0DxNH2eDIoezN2gxlQFg81RZtiWXh7aiTAidvAQA
0: Finished reduce in 0s
Ncustom13: Custom engine code is hT3NR7hPByFp3TrFSTLhUmMH4KWtJglTyV/c51BHEeZWamnJv767nE6PCak26bd3gf3XGN3rIRheufhDieCJQVISo+gNYUKhiUedBKGtsP/a18svAnlMJZudHxDFwK5ufsyoxsIyiAeSY2oi3tEuoDHr5gw42DFKAG3PqO3CEsl8Azzdt3pl5nGA1Ifv2H02eYsFzWb/nfp8PMb3F0krE/EgBcm8TD9Div8BAA
Tricustom14: Custom engine code is hT3Nu7hP3fiYQADBZnYcglNHp9bfd7EOeniIqP/ji8sGLQu8yhsFO+wxJ+O+R0bU8g/IewXFomyos+viQnWc2xYNYmMqpo3i40O7DaZR7qfp4YqNx26KRvQ/qx0BAA
0.0.PRE: Performing Proof Simplification...
0.0.N: clocks: 1, declared: 1, looping: 0, posedge: 1, negedge: 0, noedge: 0, bothedge: 0
0.0.N: Proof Simplification Iteration 1	[0.00 s]
0.0.PRE: A trace with 1 cycles was found. [0.00 s]
INFO (IPF047): 0.0.PRE: The cover property "GRAY.p1:precondition1" was covered in 1 cycles in 0.00 s.
0.0.N: Proof Simplification Iteration 2	[0.05 s]
0.0.PRE: A proof was found: No trace exists. [0.00 s]
INFO (IPF057): 0.0.PRE: The property ":noDeadEnd" was proven in 0.00 s.
    Use check_assumptions -show -dead_end to show this property in the property table.
0.0.PRE: A proof was found: No trace exists. [0.00 s]
INFO (IPF057): 0.0.PRE: The property ":noConflict" was proven in 0.00 s.
    Use check_assumptions -show to show this property in the property table.
INFO (IPF047): 0.0.PRE: The cover property ":live" was covered in 1 cycles in 0.00 s.
    Use check_assumptions -show -live to show this property in the property table.
0.0.PRE: Proof Simplification completed in 0.05 s
0: About to start ProofGrid in its own thread with a limit of 10000 pending notifications and a limit of 10 traces.
0: =============================== ProofGrid start ===============================
0: ProofGrid usable level: 1
0: Initial ProofGrid level: 1
0: ProofGrid is starting event handling
0.0.Hp: Proofgrid shell started at 12052@vlsi-ria85(local) jg_11871_vlsi-ria85_1
0.0.N: Proofgrid shell started at 12039@vlsi-ria85(local) jg_11871_vlsi-ria85_1
0.0.Hp: clocks: 1, declared: 1, looping: 0, posedge: 1, negedge: 0, noedge: 0, bothedge: 0
0.0.Hp: Last scan. Per property time limit: 0s
0.0.N: clocks: 1, declared: 1, looping: 0, posedge: 1, negedge: 0, noedge: 0, bothedge: 0
0.0.N: Last scan. Per property time limit: 0s
0.0.N: Starting proof for property "GRAY.p1"	[0.00 s].
0.0.Hp: Trace Attempt  1	[0.00 s]
0.0.N: Trace Attempt  1	[0.00 s]
0.0.N: Trace Attempt  2	[0.00 s]
0.0.N: Trace Attempt  3	[0.00 s]
0.0.N: Trace Attempt  3	[0.00 s]
0.0.N: Trace Attempt  4	[0.00 s]
0.0.N: Trace Attempt  4	[0.00 s]
0.0.N: Trace Attempt  5	[0.00 s]
0.0.Hp: Trace Attempt  2	[0.00 s]
0.0.Hp: Trace Attempt  3	[0.00 s]
0.0.Hp: Trace Attempt  4	[0.00 s]
0.0.Hp: Trace Attempt  5	[0.00 s]
0.0.N: Trace Attempt  1	[0.01 s]
0.0.N: Trace Attempt  2	[0.01 s]
0.0.N: Trace Attempt  3	[0.01 s]
0.0.N: Trace Attempt  4	[0.01 s]
0.0.N: Trace Attempt  5	[0.01 s]
0.0.Ht: Proofgrid shell started at 12160@vlsi-ria85(local) jg_11871_vlsi-ria85_1
0.0.Bm: Proofgrid shell started at 12161@vlsi-ria85(local) jg_11871_vlsi-ria85_1
0.0.L: Proofgrid shell started at 12170@vlsi-ria85(local) jg_11871_vlsi-ria85_1
0.0.L: clocks: 1, declared: 1, looping: 0, posedge: 1, negedge: 0, noedge: 0, bothedge: 0
0.0.Bm: clocks: 1, declared: 1, looping: 0, posedge: 1, negedge: 0, noedge: 0, bothedge: 0
0.0.Bm: Ignoring liveness properties
0.0.Bm: Last scan. Per property time limit: 0s
0.0.Bm: Trace Attempt  1	[0.00 s]
0.0.Bm: Trace Attempt  2	[0.00 s]
0.0.Bm: Trace Attempt  3	[0.00 s]
0.0.L: Using trace diversification with seed 1 (0.05)
0.0.L: Using LRU state removal heuristic
0.0.L: Ignoring liveness properties
0.0.L: All properties either determined or skipped. [0.00 s]
0.0.L: Exited with Success (@ 0.04 s)
0.0.L: Completed, Restart ignored.
0.0.Bm: Trace Attempt  4	[0.00 s]
0.0.Ht: clocks: 1, declared: 1, looping: 0, posedge: 1, negedge: 0, noedge: 0, bothedge: 0
0.0.Bm: Trace Attempt  5	[0.00 s]
0.0.Ht: Last scan. Per property time limit: 0s
0.0.B: Proofgrid shell started at 12171@vlsi-ria85(local) jg_11871_vlsi-ria85_1
0.0.AM: Proofgrid shell started at 12214@vlsi-ria85(local) jg_11871_vlsi-ria85_1
0.0.Ht: Trace Attempt  1	[0.00 s]
0.0.Ht: Trace Attempt  2	[0.00 s]
0.0.Ht: Trace Attempt  3	[0.00 s]
0.0.Ht: Trace Attempt  4	[0.00 s]
0.0.Ht: Trace Attempt  5	[0.00 s]
0.0.B: clocks: 1, declared: 1, looping: 0, posedge: 1, negedge: 0, noedge: 0, bothedge: 0
0.0.B: Last scan. Per property time limit: 0s
0.0.B: Starting proof for property "GRAY.p1"	[0.00 s].
0.0.B: Trace Attempt  1	[0.00 s]
0.0.B: Trace Attempt  2	[0.00 s]
0.0.B: Trace Attempt  3	[0.00 s]
0.0.B: Trace Attempt  4	[0.00 s]
0.0.B: Trace Attempt  5	[0.00 s]
0.0.AM: clocks: 1, declared: 1, looping: 0, posedge: 1, negedge: 0, noedge: 0, bothedge: 0
0.0.AM: Last scan. Per property time limit: 0s
0.0.AM: Starting proof for property "GRAY.p1"	[0.00 s].
0.0.AM: Trace Attempt  1	[0.00 s]
0.0.AM: Trace Attempt  2	[0.00 s]
0.0.AM: Trace Attempt  3	[0.00 s]
0.0.AM: Trace Attempt  4	[0.00 s]
0.0.AM: Trace Attempt  5	[0.00 s]
0.0.AM: Trace Attempt  1	[0.00 s]
0.0.AM: Trace Attempt  2	[0.00 s]
0.0.AM: Trace Attempt  3	[0.00 s]
0.0.AM: Trace Attempt  4	[0.01 s]
0.0.AM: Trace Attempt  5	[0.01 s]
0.0.AM: Trace Attempt  1	[0.01 s]
0.0.AM: Trace Attempt  2	[0.01 s]
0.0.AM: Trace Attempt  3	[0.01 s]
0.0.AM: Trace Attempt  4	[0.01 s]
0.0.AM: Trace Attempt  5	[0.01 s]
0.0.AM: Trace Attempt  1	[0.03 s]
0.0.AM: Trace Attempt  2	[0.03 s]
0.0.AM: Trace Attempt  3	[0.03 s]
0.0.AM: Trace Attempt  4	[0.04 s]
0.0.AM: Trace Attempt  5	[0.04 s]
0.0.Mpcustom4: Proofgrid shell started at 12162@vlsi-ria85(local) jg_11871_vlsi-ria85_1
0.0.Mpcustom4: clocks: 1, declared: 1, looping: 0, posedge: 1, negedge: 0, noedge: 0, bothedge: 0
0.0.Mpcustom4: Ignoring liveness properties
0.0.Mpcustom4: All properties either determined or skipped. [0.00 s]
0.0.N: Trace Attempt  1	[0.11 s]
0.0.N: Trace Attempt  2	[0.11 s]
0.0.N: Trace Attempt  3	[0.11 s]
0.0.N: Trace Attempt  4	[0.11 s]
0.0.Mpcustom4: Exited with Success (@ 0.12 s)
0.0.Mpcustom4: Completed, Restart ignored.
0.0.N: Trace Attempt  5	[0.11 s]
0.0.Oh: Proofgrid shell started at 12163@vlsi-ria85(local) jg_11871_vlsi-ria85_1
0.0.Oh: clocks: 1, declared: 1, looping: 0, posedge: 1, negedge: 0, noedge: 0, bothedge: 0
0.0.Oh: Reached length limit (2147483647) [0.00 s]
0.0.Oh: Exited with Success (@ 0.14 s)
0.0.Oh: Completed, Restart ignored.
0.0.AM: Trace Attempt  1	[0.11 s]
0.0.AM: Trace Attempt  2	[0.11 s]
0.0.AM: Trace Attempt  3	[0.11 s]
0.0.AM: Trace Attempt  4	[0.12 s]
0.0.AM: Trace Attempt  5	[0.12 s]
0.0.N: Trace Attempt  1	[0.41 s]
0.0.N: Trace Attempt  2	[0.41 s]
0.0.N: Trace Attempt  3	[0.41 s]
0.0.N: Trace Attempt  4	[0.41 s]
0.0.N: Trace Attempt  5	[0.41 s]
0.0.AM: Trace Attempt  1	[0.44 s]
0.0.AM: Trace Attempt  2	[0.44 s]
0.0.AM: Trace Attempt  3	[0.45 s]
0.0.AM: Trace Attempt  4	[0.45 s]
0.0.AM: Trace Attempt  5	[0.45 s]
0.0.N: Trace Attempt  1	[0.73 s]
0.0.N: Trace Attempt  2	[0.73 s]
0.0.N: Trace Attempt  3	[0.73 s]
0.0.N: Trace Attempt  4	[0.73 s]
0.0.N: Trace Attempt  5	[0.73 s]
0.0.N: Trace Attempt  1	[1.71 s]
0.0.N: Trace Attempt  2	[1.71 s]
0.0.N: Trace Attempt  3	[1.71 s]
0.0.N: Trace Attempt  4	[1.72 s]
0.0.N: Trace Attempt  5	[1.72 s]
0.0.AM: Trace Attempt  1	[1.95 s]
0.0.AM: Trace Attempt  2	[1.95 s]
0.0.AM: Trace Attempt  3	[1.95 s]
0.0.AM: Trace Attempt  4	[1.95 s]
0.0.AM: Trace Attempt  5	[1.96 s]
0.0.Hp: Trace Attempt 567	[4.00 s]
0.0.Ht: Trace Attempt 1643	[4.00 s]
0.0.Bm: Trace Attempt 1527	[4.00 s]
0.0.B: Trace Attempt 1520	[4.00 s]
0.0.N: Trace Attempt 184	[5.72 s]
0.0.AM: Trace Attempt 202	[5.97 s]
0.0.N: Trace Attempt  1	[7.95 s]
0.0.N: Trace Attempt  2	[7.95 s]
0.0.N: Trace Attempt  3	[7.95 s]
0.0.N: Trace Attempt  4	[7.95 s]
0.0.N: Trace Attempt  5	[7.95 s]
0.0.Hp: Trace Attempt 794	[8.01 s]
0.0.Ht: Trace Attempt 2262	[8.00 s]
0.0.Bm: Trace Attempt 2121	[8.01 s]
0.0.B: Trace Attempt 2110	[8.01 s]
0.0.AM: Trace Attempt  1	[9.31 s]
0.0.AM: Trace Attempt  2	[9.31 s]
0.0.AM: Trace Attempt  3	[9.31 s]
0.0.AM: Trace Attempt  4	[9.31 s]
0.0.AM: Trace Attempt  5	[9.31 s]
0.0.N: Trace Attempt 178	[11.96 s]
0.0.Hp: Trace Attempt 963	[12.02 s]
0.0.Ht: Trace Attempt 2728	[12.01 s]
0.0.Bm: Trace Attempt 2576	[12.01 s]
0.0.B: Trace Attempt 2565	[12.01 s]
0.0.AM: Trace Attempt 195	[13.34 s]
0.0.N: Trace Attempt  1	[14.65 s]
0.0.N: Trace Attempt  2	[14.65 s]
0.0.N: Trace Attempt  3	[14.65 s]
0.0.N: Trace Attempt  4	[14.65 s]
0.0.N: Trace Attempt  5	[14.65 s]
0.0.Hp: Trace Attempt 1108	[16.05 s]
0.0.Ht: Trace Attempt 3147	[16.01 s]
0.0.Bm: Trace Attempt 2963	[16.01 s]
0.0.B: Trace Attempt 2948	[16.02 s]
0.0.AM: Trace Attempt 259	[17.39 s]
0.0.N: Trace Attempt 179	[18.66 s]
0.0.Ht: Trace Attempt 3506	[20.01 s]
0.0.Bm: Trace Attempt 3300	[20.02 s]
0.0.Hp: Trace Attempt 1236	[20.07 s]
0.0.B: Trace Attempt 3280	[20.02 s]
0.0.N: Trace Attempt  1	[21.18 s]
0.0.N: Trace Attempt  2	[21.18 s]
0.0.N: Trace Attempt  3	[21.18 s]
0.0.N: Trace Attempt  4	[21.18 s]
0.0.N: Trace Attempt  5	[21.18 s]
0.0.AM: Trace Attempt 296	[21.63 s]
0.0.Ht: Trace Attempt 3831	[24.01 s]
0.0.Bm: Trace Attempt 3605	[24.04 s]
0.0.B: Trace Attempt 3581	[24.03 s]
0.0.Hp: Trace Attempt 1350	[24.09 s]
0.0.N: Trace Attempt 179	[25.22 s]
0.0.AM: Trace Attempt 335	[25.65 s]
0.0.N: Trace Attempt  1	[27.76 s]
0.0.N: Trace Attempt  2	[27.76 s]
0.0.N: Trace Attempt  3	[27.76 s]
0.0.N: Trace Attempt  4	[27.76 s]
0.0.N: Trace Attempt  5	[27.76 s]
0.0.Ht: Trace Attempt 4120	[28.02 s]
0.0.Bm: Trace Attempt 3880	[28.05 s]
0.0.B: Trace Attempt 3853	[28.04 s]
0.0.Hp: Trace Attempt 1455	[28.13 s]
0.0.AM: Trace Attempt 372	[29.66 s]
0.0.N: Trace Attempt 179	[31.76 s]
0.0.Ht: Trace Attempt 4353	[32.04 s]
0.0.Bm: Trace Attempt 4138	[32.05 s]
0.0.B: Trace Attempt 4109	[32.06 s]
0.0.Hp: Trace Attempt 1553	[32.13 s]
0.0.AM: Trace Attempt 403	[33.73 s]
0.0.N: Trace Attempt  1	[34.28 s]
0.0.N: Trace Attempt  2	[34.28 s]
0.0.N: Trace Attempt  3	[34.28 s]
0.0.N: Trace Attempt  4	[34.28 s]
0.0.N: Trace Attempt  5	[34.28 s]
0.0.Ht: Trace Attempt 4567	[36.05 s]
0.0.Bm: Trace Attempt 4390	[36.05 s]
0.0.B: Trace Attempt 4364	[36.07 s]
0.0.Hp: Trace Attempt 1644	[36.14 s]
0.0.AM: Trace Attempt 432	[37.74 s]
0.0.N: Trace Attempt 179	[38.31 s]
0.0.Ht: Trace Attempt 4819	[40.05 s]
0.0.Bm: Trace Attempt 4623	[40.05 s]
0.0.B: Trace Attempt 4598	[40.07 s]
0.0.Hp: Trace Attempt 1730	[40.16 s]
0.0.N: Trace Attempt  1	[40.91 s]
0.0.N: Trace Attempt  2	[40.91 s]
0.0.N: Trace Attempt  3	[40.91 s]
0.0.N: Trace Attempt  4	[40.92 s]
0.0.N: Trace Attempt  5	[40.92 s]
0.0.AM: Trace Attempt 464	[41.77 s]
0.0.Ht: Trace Attempt 5060	[44.05 s]
0.0.Bm: Trace Attempt 4835	[44.06 s]
0.0.B: Trace Attempt 4813	[44.09 s]
0.0.Hp: Trace Attempt 1809	[44.16 s]
0.0.N: Trace Attempt 179	[44.94 s]
0.0.AM: Trace Attempt 492	[46.18 s]
0.0.N: Trace Attempt  1	[47.62 s]
0.0.N: Trace Attempt  2	[47.62 s]
0.0.N: Trace Attempt  3	[47.62 s]
0.0.N: Trace Attempt  4	[47.63 s]
0.0.N: Trace Attempt  5	[47.63 s]
0.0.Ht: Trace Attempt 5280	[48.07 s]
0.0.Bm: Trace Attempt 5032	[48.07 s]
0.0.B: Trace Attempt 5013	[48.09 s]
0.0.Hp: Trace Attempt 1884	[48.21 s]
0.0.AM: Trace Attempt 471	[50.19 s]
0.0.N: Trace Attempt 179	[51.66 s]
0.0.Bm: Trace Attempt 5211	[52.08 s]
0.0.Ht: Trace Attempt 5477	[52.08 s]
0.0.B: Trace Attempt 5196	[52.10 s]
0.0.Hp: Trace Attempt 1953	[52.22 s]
0.0.N: Trace Attempt  1	[54.41 s]
0.0.N: Trace Attempt  2	[54.41 s]
0.0.N: Trace Attempt  3	[54.41 s]
0.0.N: Trace Attempt  4	[54.41 s]
0.0.N: Trace Attempt  5	[54.41 s]
0.0.AM: Trace Attempt 513	[55.27 s]
0.0.AM: Trace Attempt  1	[55.81 s]
0.0.AM: Trace Attempt  2	[55.81 s]
0.0.AM: Trace Attempt  3	[55.81 s]
0.0.AM: Trace Attempt  4	[55.81 s]
0.0.AM: Trace Attempt  5	[55.81 s]
0.0.Bm: Trace Attempt 5392	[56.08 s]
0.0.Ht: Trace Attempt 5673	[56.09 s]
0.0.B: Trace Attempt 5379	[56.12 s]
0.0.Hp: Trace Attempt 2021	[56.24 s]
0.0.N: Trace Attempt 179	[58.42 s]
0.0.AM: Trace Attempt 198	[59.82 s]
0.0.Bm: Trace Attempt 5583	[60.09 s]
0.0.Ht: Trace Attempt 5884	[60.11 s]
0.0.B: Trace Attempt 5569	[60.13 s]
0.0.Hp: Trace Attempt 2091	[60.28 s]
0.0.N: Trace Attempt  1	[60.89 s]
0.0.N: Trace Attempt  2	[60.89 s]
0.0.N: Trace Attempt  3	[60.90 s]
0.0.N: Trace Attempt  4	[60.90 s]
0.0.N: Trace Attempt  5	[60.90 s]
0.0.AM: Trace Attempt 257	[63.88 s]
0.0.Bm: Trace Attempt 5765	[64.10 s]
0.0.Ht: Trace Attempt 6086	[64.11 s]
0.0.B: Trace Attempt 5751	[64.14 s]
0.0.Hp: Trace Attempt 2158	[64.31 s]
0.0.N: Trace Attempt 180	[64.92 s]
0.0.N: Trace Attempt  1	[67.47 s]
0.0.N: Trace Attempt  2	[67.47 s]
0.0.N: Trace Attempt  3	[67.47 s]
0.0.N: Trace Attempt  4	[67.47 s]
0.0.N: Trace Attempt  5	[67.47 s]
0.0.AM: Trace Attempt 302	[67.93 s]
0.0.Bm: Trace Attempt 5940	[68.12 s]
0.0.Ht: Trace Attempt 6261	[68.14 s]
0.0.B: Trace Attempt 5925	[68.16 s]
0.0.Hp: Trace Attempt 2223	[68.36 s]
0.0.N: Trace Attempt 180	[71.49 s]
0.0.AM: Trace Attempt 337	[71.94 s]
0.0.Bm: Trace Attempt 6110	[72.12 s]
0.0.Ht: Trace Attempt 6425	[72.15 s]
0.0.B: Trace Attempt 6093	[72.16 s]
0.0.Hp: Trace Attempt 2286	[72.39 s]
0.0.N: Trace Attempt  1	[73.92 s]
0.0.N: Trace Attempt  2	[73.92 s]
0.0.N: Trace Attempt  3	[73.92 s]
0.0.N: Trace Attempt  4	[73.92 s]
0.0.N: Trace Attempt  5	[73.92 s]
0.0.AM: Trace Attempt 373	[75.98 s]
0.0.Bm: Trace Attempt 6270	[76.13 s]
0.0.Ht: Trace Attempt 6584	[76.17 s]
0.0.B: Trace Attempt 6252	[76.18 s]
0.0.Hp: Trace Attempt 2347	[76.44 s]
0.0.N: Trace Attempt 180	[77.94 s]
0.0.AM: Trace Attempt 410	[80.11 s]
0.0.Bm: Trace Attempt 6423	[80.13 s]
0.0.Ht: Trace Attempt 6750	[80.17 s]
0.0.B: Trace Attempt 6404	[80.20 s]
0.0.N: Trace Attempt  1	[80.49 s]
0.0.N: Trace Attempt  2	[80.49 s]
0.0.N: Trace Attempt  3	[80.49 s]
0.0.N: Trace Attempt  4	[80.50 s]
0.0.N: Trace Attempt  5	[80.50 s]
0.0.Hp: Trace Attempt 2406	[80.52 s]
0.0.Bm: Trace Attempt 6576	[84.15 s]
0.0.AM: Trace Attempt 448	[84.16 s]
0.0.Ht: Trace Attempt 6923	[84.19 s]
0.0.B: Trace Attempt 6555	[84.22 s]
0.0.N: Trace Attempt 180	[84.51 s]
0.0.Hp: Trace Attempt 2463	[84.55 s]
0.0.N: Trace Attempt  1	[87.34 s]
0.0.N: Trace Attempt  2	[87.34 s]
0.0.N: Trace Attempt  3	[87.34 s]
0.0.N: Trace Attempt  4	[87.35 s]
0.0.N: Trace Attempt  5	[87.35 s]
0.0.Bm: Trace Attempt 6721	[88.16 s]
0.0.Ht: Trace Attempt 7088	[88.19 s]
0.0.B: Trace Attempt 6699	[88.24 s]
0.0.AM: Trace Attempt 484	[88.33 s]
0.0.Hp: Trace Attempt 2518	[88.60 s]
0.0.N: Trace Attempt 177	[91.37 s]
0.0.Bm: Trace Attempt 6867	[92.18 s]
0.0.Ht: Trace Attempt 7250	[92.21 s]
0.0.B: Trace Attempt 6843	[92.25 s]
0.0.AM: Trace Attempt 493	[92.39 s]
0.0.Hp: Trace Attempt 2573	[92.66 s]
0.0.N: Trace Attempt 244	[95.45 s]
0.0.Bm: Trace Attempt 7009	[96.20 s]
0.0.Ht: Trace Attempt 7406	[96.22 s]
0.0.B: Trace Attempt 6983	[96.27 s]
0.0.AM: Trace Attempt 503	[96.50 s]
0.0.Hp: Trace Attempt 2627	[96.72 s]
0.0.N: Trace Attempt 288	[99.48 s]
0.0.Bm: Trace Attempt 7146	[100.20 s]
0.0.Ht: Trace Attempt 7557	[100.22 s]
0.0.B: Trace Attempt 7119	[100.28 s]
0.0.AM: Trace Attempt 513	[100.65 s]
0.0.Hp: Trace Attempt 2679	[100.73 s]
0.0.N: Trace Attempt 330	[103.54 s]
0.0.Bm: Trace Attempt 7280	[104.22 s]
0.0.Ht: Trace Attempt 7706	[104.22 s]
0.0.B: Trace Attempt 7253	[104.30 s]
0.0.Hp: Trace Attempt 2730	[104.76 s]
0.0.AM: Trace Attempt 526	[105.18 s]
0.0.N: Trace Attempt 360	[107.66 s]
0.0.Ht: Trace Attempt 7855	[108.24 s]
0.0.Bm: Trace Attempt 7411	[108.24 s]
0.0.B: Trace Attempt 7383	[108.31 s]
0.0.Hp: Trace Attempt 2780	[108.81 s]
0.0.AM: Trace Attempt 540	[109.32 s]
0.0.N: Trace Attempt 397	[111.73 s]
0.0.Ht: Trace Attempt 7997	[112.25 s]
0.0.Bm: Trace Attempt 7534	[112.27 s]
0.0.B: Trace Attempt 7507	[112.32 s]
0.0.Hp: Trace Attempt 2828	[112.86 s]
0.0.AM: Trace Attempt 556	[113.40 s]
0.0.N: Trace Attempt 429	[115.77 s]
0.0.Ht: Trace Attempt 8136	[116.25 s]
0.0.Bm: Trace Attempt 7656	[116.28 s]
0.0.B: Trace Attempt 7629	[116.34 s]
0.0.Hp: Trace Attempt 2875	[116.92 s]
0.0.AM: Trace Attempt 577	[117.64 s]
0.0.N: Trace Attempt 460	[120.10 s]
0.0.Ht: Trace Attempt 8255	[120.27 s]
0.0.Bm: Trace Attempt 7774	[120.30 s]
0.0.B: Trace Attempt 7747	[120.35 s]
0.0.Hp: Trace Attempt 2921	[120.97 s]
0.0.AM: Trace Attempt 598	[121.79 s]
0.0.N: Trace Attempt  1	[122.14 s]
0.0.N: Trace Attempt  2	[122.14 s]
0.0.N: Trace Attempt  3	[122.14 s]
0.0.N: Trace Attempt  4	[122.14 s]
0.0.N: Trace Attempt  5	[122.14 s]
0.0.Ht: Trace Attempt 8361	[124.27 s]
0.0.Bm: Trace Attempt 7890	[124.33 s]
0.0.B: Trace Attempt 7863	[124.37 s]
0.0.Hp: Trace Attempt 2967	[125.05 s]
0.0.AM: Trace Attempt 616	[125.92 s]
0.0.N: Trace Attempt 177	[126.14 s]
0.0.Ht: Trace Attempt 8476	[128.28 s]
0.0.Bm: Trace Attempt 8010	[128.34 s]
0.0.B: Trace Attempt 7984	[128.37 s]
0.0.Hp: Trace Attempt 3013	[129.09 s]
0.0.AM: Trace Attempt 626	[129.96 s]
0.0.N: Trace Attempt 244	[130.24 s]
0.0.Ht: Trace Attempt 8585	[132.29 s]
0.0.Bm: Trace Attempt 8127	[132.34 s]
0.0.B: Trace Attempt 8100	[132.38 s]
0.0.Hp: Trace Attempt 3058	[133.15 s]
0.0.AM: Trace Attempt 642	[134.00 s]
0.0.N: Trace Attempt 288	[134.26 s]
0.0.Ht: Trace Attempt 8697	[136.31 s]
0.0.Bm: Trace Attempt 8247	[136.34 s]
0.0.B: Trace Attempt 8219	[136.41 s]
0.0.Hp: Trace Attempt 3102	[137.22 s]
0.0.AM: Trace Attempt 657	[138.13 s]
0.0.N: Trace Attempt 331	[138.28 s]
0.0.Ht: Trace Attempt 8829	[140.34 s]
0.0.Bm: Trace Attempt 8365	[140.34 s]
0.0.B: Trace Attempt 8337	[140.44 s]
0.0.Hp: Trace Attempt 3145	[141.30 s]
0.0.N: Trace Attempt 360	[142.32 s]
0.0.AM: Trace Attempt 672	[142.38 s]
0.0.Ht: Trace Attempt 8959	[144.35 s]
0.0.Bm: Trace Attempt 8483	[144.36 s]
0.0.B: Trace Attempt 8454	[144.45 s]
0.0.Hp: Trace Attempt 3187	[145.34 s]
0.0.N: Trace Attempt 397	[146.33 s]
0.0.AM: Trace Attempt 684	[146.45 s]
0.0.Ht: Trace Attempt 9083	[148.37 s]
0.0.Bm: Trace Attempt 8596	[148.37 s]
0.0.B: Trace Attempt 8566	[148.45 s]
0.0.Hp: Trace Attempt 3228	[149.35 s]
0.0.N: Trace Attempt 429	[150.42 s]
0.0.AM: Trace Attempt 698	[150.72 s]
0.0.Ht: Trace Attempt 9205	[152.39 s]
0.0.Bm: Trace Attempt 8707	[152.40 s]
0.0.B: Trace Attempt 8676	[152.48 s]
0.0.Hp: Trace Attempt 3268	[153.38 s]
0.0.N: Trace Attempt 459	[154.44 s]
0.0.AM: Trace Attempt 710	[154.94 s]
0.0.Ht: Trace Attempt 9319	[156.40 s]
0.0.Bm: Trace Attempt 8814	[156.40 s]
0.0.B: Trace Attempt 8783	[156.50 s]
0.0.Hp: Trace Attempt 3307	[157.44 s]
0.0.N: Trace Attempt  1	[157.64 s]
0.0.N: Trace Attempt  2	[157.64 s]
0.0.N: Trace Attempt  3	[157.64 s]
0.0.N: Trace Attempt  4	[157.65 s]
0.0.N: Trace Attempt  5	[157.65 s]
0.0.AM: Trace Attempt 720	[159.27 s]
0.0.Bm: Trace Attempt 8921	[160.41 s]
0.0.Ht: Trace Attempt 9432	[160.42 s]
0.0.B: Trace Attempt 8890	[160.51 s]
0.0.Hp: Trace Attempt 3347	[161.50 s]
0.0.N: Trace Attempt 177	[161.70 s]
0.0.AM: Trace Attempt 729	[163.42 s]
0.0.Bm: Trace Attempt 9029	[164.43 s]
0.0.Ht: Trace Attempt 9550	[164.45 s]
0.0.B: Trace Attempt 9000	[164.53 s]
0.0.Hp: Trace Attempt 3387	[165.57 s]
0.0.N: Trace Attempt 244	[165.76 s]
0.0.AM: Trace Attempt 738	[167.58 s]
0.0.Bm: Trace Attempt 9135	[168.44 s]
0.0.Ht: Trace Attempt 9666	[168.47 s]
0.0.B: Trace Attempt 9107	[168.54 s]
0.0.Hp: Trace Attempt 3426	[169.59 s]
0.0.N: Trace Attempt 289	[169.82 s]
0.0.AM: Trace Attempt 745	[171.72 s]
0.0.Bm: Trace Attempt 9238	[172.45 s]
0.0.Ht: Trace Attempt 9780	[172.50 s]
0.0.B: Trace Attempt 9212	[172.57 s]
0.0.Hp: Trace Attempt 3464	[173.59 s]
0.0.N: Trace Attempt 331	[173.82 s]
0.0.AM: Trace Attempt 753	[175.73 s]
0.0.Bm: Trace Attempt 9340	[176.48 s]
0.0.Ht: Trace Attempt 9896	[176.53 s]
0.0.B: Trace Attempt 9314	[176.59 s]
0.0.Hp: Trace Attempt 3502	[177.67 s]
0.0.N: Trace Attempt 361	[177.89 s]
0.0.AM: Trace Attempt 761	[179.84 s]
0.0.Bm: Trace Attempt 9440	[180.50 s]
0.0.Ht: Trace Attempt 10010	[180.55 s]
0.0.B: Trace Attempt 9415	[180.61 s]
0.0.N: Trace Attempt 388	[180.87 s]
0.0.N: Stopped processing property "GRAY.p1"	[181.01 s].
0.0.N: Morphing to Ncustom1
0.0.N: All properties determined. [0.00 s]
0.0.N: Exited with Success (@ 0.00 s)
0.0.Ncustom1: clocks: 1, declared: 1, looping: 0, posedge: 1, negedge: 0, noedge: 0, bothedge: 0
0.0.Ncustom1: Starting proof for property "GRAY.p1"	[0.00 s].
0.0.Ncustom1: Trace Attempt 461	[0.05 s]
0.0.B: Trace Attempt 9422	[180.89 s]
0.0.B: Stopped processing property "GRAY.p1"	[181.04 s].
0.0.B: Morphing to Bcustom2
0.0.B: All properties determined. [0.00 s]
0.0.B: Exited with Success (@ 0.00 s)
0.0.Bcustom2: clocks: 1, declared: 1, looping: 0, posedge: 1, negedge: 0, noedge: 0, bothedge: 0
0.0.Bcustom2: Starting proof for property "GRAY.p1"	[0.00 s].
0.0.Bcustom2: Trace Attempt  1	[0.00 s]
0.0.Bcustom2: Trace Attempt  2	[0.00 s]
0.0.Bcustom2: Trace Attempt  3	[0.00 s]
0.0.Bcustom2: Trace Attempt  1	[0.00 s]
0.0.Bcustom2: Trace Attempt  2	[0.00 s]
0.0.Bcustom2: Trace Attempt  3	[0.00 s]
0.0.Bcustom2: Trace Attempt  4	[0.00 s]
0.0.Bcustom2: Trace Attempt  5	[0.00 s]
0.0.Bcustom2: Trace Attempt  1	[0.00 s]
0.0.Bcustom2: Trace Attempt  2	[0.00 s]
0.0.Bcustom2: Trace Attempt  3	[0.00 s]
0.0.Bcustom2: Trace Attempt  4	[0.00 s]
0.0.Bcustom2: Trace Attempt  5	[0.00 s]
0.0.Bcustom2: Trace Attempt  1	[0.00 s]
0.0.Bcustom2: Trace Attempt  2	[0.00 s]
0.0.Bcustom2: Trace Attempt  3	[0.01 s]
0.0.Bcustom2: Trace Attempt  4	[0.01 s]
0.0.Bcustom2: Trace Attempt  5	[0.01 s]
0.0.Bcustom2: Trace Attempt  1	[0.01 s]
0.0.Bcustom2: Trace Attempt  2	[0.01 s]
0.0.Bcustom2: Trace Attempt  3	[0.01 s]
0.0.Bcustom2: Trace Attempt  4	[0.01 s]
0.0.Bcustom2: Trace Attempt  5	[0.01 s]
0.0.AM: Trace Attempt 763	[180.81 s]
0.0.AM: Stopped processing property "GRAY.p1"	[181.06 s].
0.0.AM: Morphing to AMcustom3
0.0.Bcustom2: Trace Attempt  1	[0.02 s]
0.0.Bcustom2: Trace Attempt  2	[0.02 s]
0.0.Bcustom2: Trace Attempt  3	[0.02 s]
0.0.Bcustom2: Trace Attempt  4	[0.02 s]
0.0.Bcustom2: Trace Attempt  5	[0.02 s]
0.0.Tri: Proofgrid shell started at 16477@vlsi-ria85(local) jg_11871_vlsi-ria85_1
0.0.Tri: clocks: 1, declared: 1, looping: 0, posedge: 1, negedge: 0, noedge: 0, bothedge: 0
0.0.AM: All properties determined. [0.00 s]
0.0.AM: Exited with Success (@ 0.00 s)
0.0.Bcustom2: Trace Attempt  1	[0.04 s]
0.0.Bcustom2: Trace Attempt  2	[0.04 s]
0.0.Bcustom2: Trace Attempt  3	[0.04 s]
0.0.Bcustom2: Trace Attempt  4	[0.04 s]
0.0.Bcustom2: Trace Attempt  5	[0.04 s]
0.0.AMcustom3: clocks: 1, declared: 1, looping: 0, posedge: 1, negedge: 0, noedge: 0, bothedge: 0
0.0.AMcustom3: Starting proof for property "GRAY.p1"	[0.00 s].
0.0.AMcustom3: Trace Attempt  1	[0.00 s]
0.0.AMcustom3: Trace Attempt  2	[0.00 s]
0.0.AMcustom3: Trace Attempt  3	[0.00 s]
0.0.AMcustom3: Trace Attempt  4	[0.00 s]
0.0.AMcustom3: Trace Attempt  5	[0.00 s]
0.0.AMcustom3: Trace Attempt  1	[0.00 s]
0.0.AMcustom3: Trace Attempt  2	[0.00 s]
0.0.AMcustom3: Trace Attempt  3	[0.00 s]
0.0.AMcustom3: Trace Attempt  4	[0.01 s]
0.0.AMcustom3: Trace Attempt  5	[0.01 s]
0.0.Tri: Last scan. Per property time limit: 0s
0.0.Tri: Starting proof for property "GRAY.p1"	[0.00 s].
0.0.Tri: Trace Attempt  1	[0.00 s]
0.0.D: Proofgrid shell started at 16485@vlsi-ria85(local) jg_11871_vlsi-ria85_1
0.0.AMcustom3: Trace Attempt  1	[0.01 s]
0.0.AMcustom3: Trace Attempt  2	[0.01 s]
0.0.AMcustom3: Trace Attempt  3	[0.01 s]
0.0.AMcustom3: Trace Attempt  4	[0.01 s]
0.0.AMcustom3: Trace Attempt  5	[0.01 s]
0.0.D: clocks: 1, declared: 1, looping: 0, posedge: 1, negedge: 0, noedge: 0, bothedge: 0
0.0.D: Last scan. Per property time limit: 0s
0.0.D: Starting proof for property "GRAY.p1"	[0.00 s].
0.0.D: Trace Attempt  1	[0.00 s]
0.0.D: Trace Attempt  2	[0.00 s]
0.0.D: Trace Attempt  3	[0.00 s]
0.0.D: Trace Attempt  4	[0.00 s]
0.0.AMcustom3: Trace Attempt  1	[0.04 s]
0.0.AMcustom3: Trace Attempt  2	[0.04 s]
0.0.AMcustom3: Trace Attempt  3	[0.04 s]
0.0.AMcustom3: Trace Attempt  4	[0.04 s]
0.0.AMcustom3: Trace Attempt  5	[0.04 s]
0.0.Tri:    0.00" ---- Launching main thread ----
0.0.Bcustom2: Trace Attempt  1	[0.12 s]
0.0.Bcustom2: Trace Attempt  2	[0.12 s]
0.0.Bcustom2: Trace Attempt  3	[0.12 s]
0.0.Bcustom2: Trace Attempt  4	[0.12 s]
0.0.Bcustom2: Trace Attempt  5	[0.12 s]
0.0.AMcustom3: Trace Attempt  1	[0.12 s]
0.0.AMcustom3: Trace Attempt  2	[0.13 s]
0.0.AMcustom3: Trace Attempt  3	[0.13 s]
0.0.AMcustom3: Trace Attempt  4	[0.13 s]
0.0.AMcustom3: Trace Attempt  5	[0.13 s]
0.0.Bcustom2: Trace Attempt  1	[0.28 s]
0.0.Bcustom2: Trace Attempt  2	[0.28 s]
0.0.Bcustom2: Trace Attempt  3	[0.28 s]
0.0.Bcustom2: Trace Attempt  4	[0.28 s]
0.0.Bcustom2: Trace Attempt  5	[0.28 s]
0.0.Tri:    0.20" ---- Launching abstraction thread ----
0.0.Tri:    0.22" ---- Launching multi-phase simplification thread ----
0.0.Tri:    0.27" ---- Launching liveness simplification thread ----
0.0.AMcustom3: Trace Attempt  1	[0.49 s]
0.0.AMcustom3: Trace Attempt  2	[0.50 s]
0.0.AMcustom3: Trace Attempt  3	[0.50 s]
0.0.AMcustom3: Trace Attempt  4	[0.50 s]
0.0.AMcustom3: Trace Attempt  5	[0.50 s]
0.0.Hp: Trace Attempt 3539	[181.73 s]
0.0.Bcustom2: Trace Attempt  1	[0.82 s]
0.0.Bcustom2: Trace Attempt  2	[0.82 s]
0.0.Bcustom2: Trace Attempt  3	[0.82 s]
0.0.Bcustom2: Trace Attempt  4	[0.82 s]
0.0.Bcustom2: Trace Attempt  5	[0.82 s]
0.0.D: Trace Attempt 64	[0.58 s]
0.0.D: Stopped processing property "GRAY.p1"	[0.81 s].
0.0.D: Morphing to M
0.0.D: All properties determined. [0.00 s]
0.0.D: Exited with Success (@ 0.00 s)
0.0.M: clocks: 1, declared: 1, looping: 0, posedge: 1, negedge: 0, noedge: 0, bothedge: 0
0.0.M: Starting proof for property "GRAY.p1"	[0.00 s].
0.0.M: Trace Attempt  1	[0.00 s]
0.0.M: Trace Attempt  2	[0.00 s]
0.0.M: Trace Attempt  3	[0.00 s]
0.0.M: Trace Attempt  4	[0.01 s]
0.0.M: Trace Attempt  5	[0.01 s]
0.0.AMcustom5: Proofgrid shell started at 16592@vlsi-ria85(local) jg_11871_vlsi-ria85_1
0.0.Tri:    1.10" Simplification phase 1 complete
0: Running jobs with 9 threads on "vlsi-ria85" with 8 cores.
0: Running jobs with 9 threads on "vlsi-ria85" with 8 cores.
0.0.AMcustom5: clocks: 1, declared: 1, looping: 0, posedge: 1, negedge: 0, noedge: 0, bothedge: 0
0.0.AMcustom5: Last scan. Per property time limit: 0s
0.0.AMcustom5: Starting proof for property "GRAY.p1"	[0.00 s].
0.0.AMcustom5: Trace Attempt  1	[0.00 s]
0.0.AMcustom5: Trace Attempt  2	[0.00 s]
0.0.AMcustom5: Trace Attempt  3	[0.00 s]
0.0.AMcustom5: Trace Attempt  1	[0.00 s]
0.0.AMcustom5: Trace Attempt  2	[0.00 s]
0.0.AMcustom5: Trace Attempt  3	[0.00 s]
0.0.AMcustom5: Trace Attempt  4	[0.00 s]
0.0.AMcustom5: Trace Attempt  5	[0.00 s]
0.0.AMcustom5: Trace Attempt  1	[0.01 s]
0.0.AMcustom5: Trace Attempt  2	[0.01 s]
0.0.AMcustom5: Trace Attempt  3	[0.01 s]
0.0.AMcustom5: Trace Attempt  4	[0.01 s]
0.0.AMcustom5: Trace Attempt  5	[0.01 s]
0.0.AMcustom5: Trace Attempt  1	[0.01 s]
0.0.AMcustom5: Trace Attempt  2	[0.01 s]
0.0.AMcustom5: Trace Attempt  3	[0.01 s]
0.0.AMcustom5: Trace Attempt  4	[0.01 s]
0.0.AMcustom5: Trace Attempt  5	[0.01 s]
0.0.AMcustom5: Trace Attempt  1	[0.02 s]
0.0.AMcustom5: Trace Attempt  2	[0.02 s]
0.0.AMcustom5: Trace Attempt  3	[0.02 s]
0.0.AMcustom5: Trace Attempt  4	[0.02 s]
0.0.AMcustom5: Trace Attempt  5	[0.02 s]
0.0.AMcustom5: Trace Attempt  1	[0.02 s]
0.0.AMcustom5: Trace Attempt  2	[0.02 s]
0.0.AMcustom5: Trace Attempt  3	[0.02 s]
0.0.AMcustom5: Trace Attempt  4	[0.02 s]
0.0.AMcustom5: Trace Attempt  5	[0.02 s]
0.0.AMcustom5: Trace Attempt  1	[0.03 s]
0.0.AMcustom5: Trace Attempt  2	[0.03 s]
0.0.AMcustom5: Trace Attempt  3	[0.03 s]
0.0.AMcustom5: Trace Attempt  4	[0.03 s]
0.0.AMcustom5: Trace Attempt  5	[0.03 s]
0.0.AMcustom5: Trace Attempt  1	[0.06 s]
0.0.AMcustom5: Trace Attempt  2	[0.06 s]
0.0.AMcustom5: Trace Attempt  3	[0.06 s]
0.0.AMcustom5: Trace Attempt  4	[0.06 s]
0.0.AMcustom5: Trace Attempt  5	[0.06 s]
0.0.AMcustom5: Trace Attempt  1	[0.06 s]
0.0.AMcustom5: Trace Attempt  2	[0.06 s]
0.0.AMcustom5: Trace Attempt  3	[0.06 s]
0.0.AMcustom5: Trace Attempt  4	[0.06 s]
0.0.AMcustom5: Trace Attempt  5	[0.06 s]
0.0.AMcustom5: Trace Attempt  1	[0.07 s]
0.0.Ncustom1: Requesting engine job to terminate
0.0.Bcustom2: Requesting engine job to terminate
0.0.AMcustom3: Requesting engine job to terminate
0.0.Tri: Requesting engine job to terminate
0.0.M: Requesting engine job to terminate
0.0.AMcustom5: Requesting engine job to terminate
0.0.Hp: Requesting engine job to terminate
0.0.Ht: Requesting engine job to terminate
0.0.Bm: Requesting engine job to terminate
INFO (IPF144): 0: Initiating shutdown of proof [182.41 s]
0.0.Tri: A proof was found: No trace exists. [1.24 s]
INFO (IPF057): 0.0.Tri: The property "GRAY.p1" was proven in 1.24 s.
0.0.AMcustom5: Trace Attempt  2	[0.07 s]
0.0.AMcustom5: Trace Attempt  3	[0.07 s]
0.0.AMcustom5: Trace Attempt  4	[0.07 s]
0.0.AMcustom5: Trace Attempt  5	[0.07 s]
0.0.AMcustom3: Trace Attempt 83	[1.25 s]
0.0.AMcustom3: Stopped processing property "GRAY.p1"	[1.25 s].
0.0.AMcustom3: All properties determined. [1.26 s]
0.0.AMcustom5: Trace Attempt 10	[0.08 s]
0.0.AMcustom5: Stopped processing property "GRAY.p1"	[0.09 s].
0.0.AMcustom5: All properties determined. [0.08 s]
0.0.AMcustom3: Exited with Success (@ 182.42 s)
0: ProofGrid usable level: 0
0.0.AMcustom5: Exited with Success (@ 182.42 s)
0.0.Ncustom1: Stopped processing property "GRAY.p1"	[1.40 s].
0.0.Ncustom1: All properties determined. [1.40 s]
0.0.Hp: Trace Attempt 3544	[182.30 s]
0.0.Hp: All properties determined. [182.42 s]
0.0.Bcustom2: Trace Attempt 585	[1.30 s]
0.0.Bcustom2: Stopped processing property "GRAY.p1"	[1.32 s].
0.0.Bcustom2: All properties determined. [1.32 s]
0.0.M: Trace Attempt 41	[0.38 s]
0.0.M: Stopped processing property "GRAY.p1"	[0.42 s].
0.0.M: All properties determined. [0.43 s]
0.0.Ncustom1: Exited with Success (@ 182.43 s)
0.0.M: Exited with Success (@ 182.43 s)
0.0.Ht: Trace Attempt 10059	[182.35 s]
0.0.Ht: All properties determined. [182.38 s]
0.0.Bcustom2: Exited with Success (@ 182.45 s)
0.0.Bm: Trace Attempt 9480	[182.33 s]
0.0.Bm: All properties determined. [182.47 s]
0.0.Bm: Exited with Success (@ 182.55 s)
0.0.Ht: Exited with Success (@ 182.59 s)
0.0.Tri: Stopped processing property "GRAY.p1"	[1.44 s].
0.0.Tri: All properties determined. [1.45 s]
0.0.Tri: Exited with Success (@ 182.61 s)
0.0.Hp: Exited with Success (@ 182.66 s)
0: --------------------------------------------------------------
ProofGrid Summary (utilization 99.89 %)
--------------------------------------------------------------
     engines started                               :    16
     engine jobs started                           :    12

    Average time in state (seconds)
    ------------------------------------------------------
    Engine  Pending     Running        Dead    Utilization
    ------------------------------------------------------
     Hp        0.03      182.41        0.00       99.98 %
     Ht        0.04      182.36        0.00       99.98 %
     Bm        0.04      182.36        0.00       99.98 %
    Mpcustom4        0.11        0.00        0.00        2.45 %
     Oh        0.13        0.00        0.00        0.58 %
      L        0.04        0.00        0.00        4.21 %
    Ncustom1        0.04      182.33        0.00       99.98 %
    Bcustom2        0.04      182.20        0.00       99.98 %
    AMcustom3        0.03      182.15        0.00       99.98 %
    Tri        0.18        1.27        0.00       87.43 %
      M        0.17        1.21        0.00       87.82 %
    AMcustom5        0.34        0.08        0.00       19.85 %
    all        0.10       91.37        0.00       99.89 %

    Total time in state (seconds)
    -----------------------------------------
            Pending     Running        Dead  
    -----------------------------------------
               1.19     1096.39        0.00

    Data read    : 6.80 MiB
    Data written : 4.48 kiB

0: All pending notifications were processed.
INFO (IPF059): 0: Completed proof on task: "<embedded>"

==============================================================
SUMMARY
==============================================================
           Properties Considered              : 2
                 assertions                   : 1
                  - proven                    : 1 (100%)
                  - bounded_proven (user)     : 0 (0%)
                  - bounded_proven (auto)     : 0 (0%)
                  - marked_proven             : 0 (0%)
                  - cex                       : 0 (0%)
                  - ar_cex                    : 0 (0%)
                  - undetermined              : 0 (0%)
                  - unknown                   : 0 (0%)
                  - error                     : 0 (0%)
                 covers                       : 1
                  - unreachable               : 0 (0%)
                  - bounded_unreachable (user): 0 (0%)
                  - covered                   : 1 (100%)
                  - ar_covered                : 0 (0%)
                  - undetermined              : 0 (0%)
                  - unknown                   : 0 (0%)
                  - error                     : 0 (0%)
determined
[<embedded>] % exit -force
[<embedded>] % INFO (IPL005): Received request to exit from the console.
INFO (IPL014): Waiting for the Tcl-thread to exit.
INFO: Waiting for proof threads to stop...
INFO: Proof threads stopped.
INFO (IPL018): The peak resident set memory use for this session was 2.146 GB.
INFO (IPL015): The Tcl-thread exited with status 0.
INFO (IPL016): Exiting the analysis session with status 0.
Finished 2_gray_11.tcl successfully
