Jasper Apps 2024.06p002 64 bits 2024.09.02 16:28:38 UTC

Any disclosure about the Cadence Design Systems software or its use
model to any third party violates the written Non-Disclosure Agreement
between Cadence Design Systems, Inc. and the customer.

THIS SOFTWARE CONTAINS CONFIDENTIAL INFORMATION AND TRADE SECRETS OF
CADENCE DESIGN SYSTEMS, INC. USE, DISCLOSURE, OR REPRODUCTION IS
PROHIBITED WITHOUT THE PRIOR EXPRESS WRITTEN PERMISSION OF CADENCE
DESIGN SYSTEMS, INC.

Copyright (C) 2000-2024 Cadence Design Systems, Inc. All Rights
Reserved.  Unpublished -- rights reserved under the copyright laws of
the United States.

This product includes software developed by others and redistributed
according to license agreement. See doc/third_party_readme.txt for
further details.

RESTRICTED RIGHTS LEGEND

Use, duplication, or disclosure by the Government is subject to
restrictions as set forth in subparagraph (c) (1) (ii) of the Rights in
Technical Data and Computer Software clause at DFARS 252.227-7013 or
subparagraphs (c) (1) and (2) of Commercial Computer Software -- Restricted
Rights at 48 CFR 52.227-19, as applicable.


                          Cadence Design Systems, Inc.
                          2655 Seely Avenue
                          San Jose, CA 95134
                          Phone: 408.943.1234

For technical assistance visit http://support.cadence.com.

Jasper Apps Analysis Session - /users/rompel/jasper_executions/liveness/jgprojects/2_gray_6/sessionLogs/session_0

WARNING (WG017): [session]: The system's locale is "ANSI_X3.4-1968", which is not UTF-8. Non-ASCII characters might not be handled correctly.
WARNING (WG017): [jg_console]: The system's locale is "ANSI_X3.4-1968", which is not UTF-8. Non-ASCII characters might not be handled correctly.
INFO: successfully checked out license "jasper_fao".
INFO: reading configuration file "/users/rompel/.config/cadence/jasper.conf".
% analyze -sv09 ../2_gray_6.sv
[-- (VERI-1482)] Analyzing Verilog file '/tools/cadence2425/JASPER/jasper_2024.06p002/lib/verilog/packages/std/std.sv' into library 'std'
[-- (VERI-1482)] Analyzing Verilog file '../2_gray_6.sv'
% elaborate -bbox_mul 1000000 -bbox_div 1000000 -bbox_mod 1000000 -bbox_a 1000000
[INFO (HIER-8002)] ../2_gray_6.sv(14): Disabling old hierarchical reference handler
[INFO (VERI-1018)] ../2_gray_6.sv(1): compiling module 'GRAY'
[WARN (VERI-1209)] ../2_gray_6.sv(9): expression size 32 truncated to fit in target size 13
INFO (ISW003): Top module name is "GRAY".
INFO (INL208): Elaboration synthesis summary:
  Number of synthesized netlists          1 (0 packages)
  Single run mode                         On
  Pipeline                                On (1 pipelined netlists)
  Late hierarchical reference connection  On
  Number of analyzed Verilog modules      1 (1 synthesized)
  Number of analyzed VHDL entities        0 (0 synthesized)
INFO (INL003): Clearing all state information (assumes, stopats, and so forth).
GRAY
[<embedded>] % reset rst
INFO (IPM031): Clearing proof results of all properties.
INFO (IRS006): Current reset condition is "rst".
[<embedded>] % clock clk
[<embedded>] % prove -all
Ncustom1: Custom engine code is hT3Ng7hPPfiYQOTDZ3qhYOwGAM51eA+J/FjkM5shLioAsqhgLR4Ft+O1BuKG6ilQ83B9tLXSl+CwjiTMAQA
Bcustom2: Custom engine code is hT3Nm7hPr1Vp3Di1Ra2USNIGL4JypRnLKLAdF6JAyuavO2JfGCiY9OZJhcAcOUnLx5xwNdhILGrAWX9s+z2WDkKwNR7tAfClBEjRFVQeq6DU54boFgEA
AMcustom3: Custom engine code is hT3Ng7hP/feYQOTDZ3qhYOwGAM51eA+J/FjkM5shLioAsqhgLR4Ft+O1BuKG6ilQ83B9tLXSmmqwm7g9AQA
Mpcustom4: Custom engine code is hT3NZbhP9fmY2AbBQnsjfOxn6c+6e6yL+/e8fZFmaQrnlgEA
INFO (IPF036): Starting proof on task: "<embedded>", 2 properties to prove with 0 already proven/unreachable
INFO (IRS029): Starting reset analysis: phase 1 of 4.
INFO (IRS030): Running reset analysis: phase 2 of 4.
INFO (IRS031): Running reset analysis: phase 3 of 4.
INFO (IRS020): Starting the reset analysis simulation with a limit of 100 iterations (phase 4 of 4).
INFO (IRS024): Reset iterations 0 to 4 analyzed.
INFO (IRS018): Reset analysis simulation executed for 3 iterations. Assigned values for 13 of 26 design flops, 0 of 0 design latches, 6 of 6 internal elements.
INFO (IRS039): Reset analysis complete.
INFO (IPF031): Settings used for proof thread 0:
    orchestration                 = on
    time_limit                    = 86400s
    per_property_time_limit       = 1s * 10 ^ scan
    engine_mode                   = auto
    proofgrid_per_engine_max_jobs = 1
    max engine jobs               = auto
    proofgrid_mode                = local
    proofgrid_restarts            = 10
AMcustom5: Custom engine code is hT3N1rhP11/52HrFRS21ROp2LOjVTgPvT8L8BGXHgLhaIuqtT4nARFjUqrBL+7pLmaTOzBepZW/Jm8SSrHDybSQtoNiO3y43wk+dEoWlsZizu97Fih6O6lPVG/LpWP5SsUPwlGagLNa1FKEFvwVXyX7//8prySbvSxIHXr5er+z4RAEA
0: Using multistage preprocessing
Ncustom6: Custom engine code is hT3OXrhPByJp3TrFSTLhUmMH4KVtJgmTCnNDF46yMXOKY48m4LS5nE7yBzFjA7kDuwO/GhGUpEPiky3p3wmPn3dJZHxFMsafSoObRzSC+tn7sEY0WbTdZ/FV4hL3MYH/b1CIUvXSWR4wqEoVLsmMOD4xIPT4lI1LO6ZCO7PnnWQuLwetnvKlrXx6wCW/A+x+enqslg1YPobi4wEF/EvbzOvcTYdJvl2s4H2yZg2b2ofAVN5WvhWk1HoBAA
0: Starting reduce
ADcustom7: Custom engine code is hT3Nv7hPv1752HrFRa2kROx2f/ECJeZB2AZsLdlO8VwmIuqtT4nIDFXclhg+O+o+DMmQCekbheGk0kK28laA9gaOFDXsQp29J3X615HY1IPHJWd6FUFvCHjO+p1k652b5JJvZlShNpGlGSXAiQe/mEAj6tEBAA
Tricustom8: Custom engine code is hT3Nu7hPt1752DvFRa0kNDiyIV97VyejwM9C/jCLJjdPvusZONHY42VYUy0Q1ZotnhcVtNc56tJ5wbxv6V2+XpdsaSlHck5vfnbYjdwj1OECy9U+7oSQ0SZE3g5ayD+Phuh4odCJTjeKa2k4elM9ldQfkAEA
Gcustom9: Custom engine code is hT3NibhPDfeYQADBZnYcglOvK9Pfd7EOeniIqP8jNsyIqInncipMGcUXqAadachREE9F2PwhBUZUNw5kHnd4JdXkamORRgEA
C2custom10: Custom engine code is hT3NirhPjfWYQADBZnYcglOvK9Pfd7EOeniIqP8jNsyIqInncgkrYMMXCYbdK0dUjZIF9d4cJ0rHoBDjwVLBKuG86XYVV00BAA
AGcustom11: Custom engine code is hT3NirhP/fmYQADBZnYcglOvK9Pfd7EOeniIqP8jNsyIqInnckcwYMMXCYbdK0dUjZIF9d4cJ0rHoBDjwVLBKuHEZnZByh0BAA
Bcustom12: Custom engine code is hT3NjrhPDfiYQADBZnYcglOvK9PfWxFtenjIyBqfrgr7if/jL/yPOuK1BAflEcW0DxNH2eDIoezN2gxlQFg81RZtiWXh7aiTAidvAQA
Ncustom13: Custom engine code is hT3NR7hPByFp3TrFSTLhUmMH4KWtJglTyV/c51BHEeZWamnJv767nE6PCak26bd3gf3XGN3rIRheufhDieCJQVISo+gNYUKhiUedBKGtsP/a18svAnlMJZudHxDFwK5ufsyoxsIyiAeSY2oi3tEuoDHr5gw42DFKAG3PqO3CEsl8Azzdt3pl5nGA1Ifv2H02eYsFzWb/nfp8PMb3F0krE/EgBcm8TD9Div8BAA
Tricustom14: Custom engine code is hT3Nu7hP3fiYQADBZnYcglNHp9bfd7EOeniIqP/ji8sGLQu8yhsFO+wxJ+O+R0bU8g/IewXFomyos+viQnWc2xYNYmMqpo3i40O7DaZR7qfp4YqNx26KRvQ/qx0BAA
0: Finished reduce in 0s
0.0.PRE: Performing Proof Simplification...
0.0.N: clocks: 1, declared: 1, looping: 0, posedge: 1, negedge: 0, noedge: 0, bothedge: 0
0.0.N: Proof Simplification Iteration 1	[0.00 s]
0.0.PRE: A trace with 1 cycles was found. [0.00 s]
INFO (IPF047): 0.0.PRE: The cover property "GRAY.p1:precondition1" was covered in 1 cycles in 0.00 s.
0.0.N: Proof Simplification Iteration 2	[0.05 s]
0.0.PRE: A proof was found: No trace exists. [0.00 s]
INFO (IPF057): 0.0.PRE: The property ":noDeadEnd" was proven in 0.00 s.
    Use check_assumptions -show -dead_end to show this property in the property table.
0.0.PRE: A proof was found: No trace exists. [0.00 s]
INFO (IPF057): 0.0.PRE: The property ":noConflict" was proven in 0.00 s.
    Use check_assumptions -show to show this property in the property table.
INFO (IPF047): 0.0.PRE: The cover property ":live" was covered in 1 cycles in 0.00 s.
    Use check_assumptions -show -live to show this property in the property table.
0.0.PRE: Proof Simplification completed in 0.05 s
0: About to start ProofGrid in its own thread with a limit of 10000 pending notifications and a limit of 10 traces.
0: =============================== ProofGrid start ===============================
0: ProofGrid usable level: 1
0: Initial ProofGrid level: 1
0: ProofGrid is starting event handling
0.0.Hp: Proofgrid shell started at 13063@vlsi-ria85(local) jg_12980_vlsi-ria85_1
0.0.N: Proofgrid shell started at 13062@vlsi-ria85(local) jg_12980_vlsi-ria85_1
0.0.N: clocks: 1, declared: 1, looping: 0, posedge: 1, negedge: 0, noedge: 0, bothedge: 0
0.0.N: Last scan. Per property time limit: 0s
0.0.N: Starting proof for property "GRAY.p1"	[0.00 s].
0.0.Hp: clocks: 1, declared: 1, looping: 0, posedge: 1, negedge: 0, noedge: 0, bothedge: 0
0.0.Hp: Last scan. Per property time limit: 0s
0.0.Hp: Trace Attempt  1	[0.00 s]
0.0.Hp: Trace Attempt  2	[0.00 s]
0.0.Hp: Trace Attempt  3	[0.00 s]
0.0.Hp: Trace Attempt  4	[0.00 s]
0.0.Hp: Trace Attempt  5	[0.00 s]
0.0.N: Trace Attempt  1	[0.00 s]
0.0.N: Trace Attempt  2	[0.00 s]
0.0.N: Trace Attempt  3	[0.00 s]
0.0.N: Trace Attempt  3	[0.00 s]
0.0.N: Trace Attempt  4	[0.00 s]
0.0.N: Trace Attempt  4	[0.00 s]
0.0.N: Trace Attempt  5	[0.00 s]
0.0.N: Trace Attempt  1	[0.01 s]
0.0.N: Trace Attempt  2	[0.01 s]
0.0.N: Trace Attempt  3	[0.01 s]
0.0.N: Trace Attempt  4	[0.01 s]
0.0.N: Trace Attempt  5	[0.01 s]
0.0.Oh: Proofgrid shell started at 13108@vlsi-ria85(local) jg_12980_vlsi-ria85_1
0.0.Oh: clocks: 1, declared: 1, looping: 0, posedge: 1, negedge: 0, noedge: 0, bothedge: 0
0.0.Mpcustom4: Proofgrid shell started at 13107@vlsi-ria85(local) jg_12980_vlsi-ria85_1
0.0.Oh: Reached length limit (2147483647) [0.00 s]
0.0.Oh: Exited with Success (@ 0.04 s)
0.0.Oh: Completed, Restart ignored.
0.0.B: Proofgrid shell started at 13113@vlsi-ria85(local) jg_12980_vlsi-ria85_1
0.0.B: clocks: 1, declared: 1, looping: 0, posedge: 1, negedge: 0, noedge: 0, bothedge: 0
0.0.B: Last scan. Per property time limit: 0s
0.0.B: Starting proof for property "GRAY.p1"	[0.00 s].
0.0.B: Trace Attempt  1	[0.00 s]
0.0.B: Trace Attempt  2	[0.00 s]
0.0.B: Trace Attempt  3	[0.00 s]
0.0.B: Trace Attempt  4	[0.00 s]
0.0.Mpcustom4: clocks: 1, declared: 1, looping: 0, posedge: 1, negedge: 0, noedge: 0, bothedge: 0
0.0.B: Trace Attempt  5	[0.00 s]
0.0.Mpcustom4: Ignoring liveness properties
0.0.Mpcustom4: All properties either determined or skipped. [0.00 s]
0.0.AM: Proofgrid shell started at 13127@vlsi-ria85(local) jg_12980_vlsi-ria85_1
0.0.Ht: Proofgrid shell started at 13105@vlsi-ria85(local) jg_12980_vlsi-ria85_1
0.0.Mpcustom4: Exited with Success (@ 0.04 s)
0.0.Mpcustom4: Completed, Restart ignored.
0.0.AM: clocks: 1, declared: 1, looping: 0, posedge: 1, negedge: 0, noedge: 0, bothedge: 0
0.0.AM: Last scan. Per property time limit: 0s
0.0.AM: Starting proof for property "GRAY.p1"	[0.00 s].
0.0.AM: Trace Attempt  1	[0.00 s]
0.0.AM: Trace Attempt  2	[0.00 s]
0.0.AM: Trace Attempt  3	[0.00 s]
0.0.Ht: clocks: 1, declared: 1, looping: 0, posedge: 1, negedge: 0, noedge: 0, bothedge: 0
0.0.Ht: Last scan. Per property time limit: 0s
0.0.Ht: Trace Attempt  1	[0.00 s]
0.0.Ht: Trace Attempt  2	[0.00 s]
0.0.Ht: Trace Attempt  3	[0.00 s]
0.0.Ht: Trace Attempt  4	[0.00 s]
0.0.Ht: Trace Attempt  5	[0.00 s]
0.0.AM: Trace Attempt  4	[0.00 s]
0.0.AM: Trace Attempt  5	[0.00 s]
0.0.AM: Trace Attempt  1	[0.00 s]
0.0.AM: Trace Attempt  2	[0.00 s]
0.0.AM: Trace Attempt  3	[0.00 s]
0.0.AM: Trace Attempt  4	[0.00 s]
0.0.AM: Trace Attempt  5	[0.00 s]
0.0.Bm: Proofgrid shell started at 13106@vlsi-ria85(local) jg_12980_vlsi-ria85_1
0.0.AM: Trace Attempt  1	[0.01 s]
0.0.AM: Trace Attempt  2	[0.01 s]
0.0.AM: Trace Attempt  3	[0.01 s]
0.0.AM: Trace Attempt  4	[0.01 s]
0.0.AM: Trace Attempt  5	[0.01 s]
0.0.Bm: clocks: 1, declared: 1, looping: 0, posedge: 1, negedge: 0, noedge: 0, bothedge: 0
0.0.Bm: Ignoring liveness properties
0.0.Bm: Last scan. Per property time limit: 0s
0.0.Bm: Trace Attempt  1	[0.00 s]
0.0.Bm: Trace Attempt  2	[0.00 s]
0.0.Bm: Trace Attempt  3	[0.00 s]
0.0.Bm: Trace Attempt  4	[0.00 s]
0.0.Bm: Trace Attempt  5	[0.00 s]
0.0.L: Proofgrid shell started at 13109@vlsi-ria85(local) jg_12980_vlsi-ria85_1
0.0.AM: Trace Attempt  1	[0.03 s]
0.0.AM: Trace Attempt  2	[0.03 s]
0.0.AM: Trace Attempt  3	[0.03 s]
0.0.AM: Trace Attempt  4	[0.03 s]
0.0.L: clocks: 1, declared: 1, looping: 0, posedge: 1, negedge: 0, noedge: 0, bothedge: 0
0.0.AM: Trace Attempt  5	[0.03 s]
0.0.L: Using trace diversification with seed 1 (0.05)
0.0.L: Using LRU state removal heuristic
0.0.L: Ignoring liveness properties
0.0.L: All properties either determined or skipped. [0.00 s]
0.0.L: Exited with Success (@ 0.08 s)
0.0.L: Completed, Restart ignored.
0.0.N: Trace Attempt  1	[0.09 s]
0.0.N: Trace Attempt  2	[0.09 s]
0.0.N: Trace Attempt  3	[0.09 s]
0.0.N: Trace Attempt  4	[0.09 s]
0.0.N: Trace Attempt  5	[0.09 s]
0.0.AM: Trace Attempt  1	[0.10 s]
0.0.AM: Trace Attempt  2	[0.11 s]
0.0.AM: Trace Attempt  3	[0.11 s]
0.0.AM: Trace Attempt  4	[0.11 s]
0.0.AM: Trace Attempt  5	[0.11 s]
0.0.N: Trace Attempt  1	[0.39 s]
0.0.N: Trace Attempt  2	[0.39 s]
0.0.N: Trace Attempt  3	[0.39 s]
0.0.N: Trace Attempt  4	[0.39 s]
0.0.N: Trace Attempt  5	[0.39 s]
0.0.AM: Trace Attempt  1	[0.39 s]
0.0.AM: Trace Attempt  2	[0.39 s]
0.0.AM: Trace Attempt  3	[0.39 s]
0.0.AM: Trace Attempt  4	[0.39 s]
0.0.AM: Trace Attempt  5	[0.39 s]
0.0.AM: Trace Attempt  1	[1.56 s]
0.0.AM: Trace Attempt  2	[1.56 s]
0.0.AM: Trace Attempt  3	[1.56 s]
0.0.AM: Trace Attempt  4	[1.56 s]
0.0.AM: Trace Attempt  5	[1.56 s]
0.0.N: Trace Attempt  1	[1.75 s]
0.0.N: Trace Attempt  2	[1.75 s]
0.0.N: Trace Attempt  3	[1.75 s]
0.0.N: Trace Attempt  4	[1.75 s]
0.0.N: Trace Attempt  5	[1.75 s]
0.0.Hp: Trace Attempt 631	[4.01 s]
0.0.B: Trace Attempt 1665	[4.00 s]
0.0.Ht: Trace Attempt 1804	[4.00 s]
0.0.Bm: Trace Attempt 1659	[4.00 s]
0.0.AM: Trace Attempt 220	[5.62 s]
0.0.N: Trace Attempt 197	[5.77 s]
0.0.AM: Trace Attempt  1	[6.80 s]
0.0.AM: Trace Attempt  2	[6.80 s]
0.0.AM: Trace Attempt  3	[6.80 s]
0.0.AM: Trace Attempt  4	[6.80 s]
0.0.AM: Trace Attempt  5	[6.80 s]
0.0.N: Trace Attempt  1	[7.24 s]
0.0.N: Trace Attempt  2	[7.25 s]
0.0.N: Trace Attempt  3	[7.25 s]
0.0.N: Trace Attempt  4	[7.25 s]
0.0.N: Trace Attempt  5	[7.25 s]
0.0.Hp: Trace Attempt 875	[8.03 s]
0.0.B: Trace Attempt 2301	[8.01 s]
0.0.Ht: Trace Attempt 2462	[8.01 s]
0.0.Bm: Trace Attempt 2287	[8.00 s]
0.0.AM: Trace Attempt 182	[10.83 s]
0.0.N: Trace Attempt 188	[11.27 s]
0.0.Hp: Trace Attempt 1063	[12.04 s]
0.0.B: Trace Attempt 2788	[12.01 s]
0.0.Ht: Trace Attempt 2977	[12.01 s]
0.0.Bm: Trace Attempt 2763	[12.01 s]
0.0.N: Trace Attempt  1	[13.20 s]
0.0.N: Trace Attempt  2	[13.20 s]
0.0.N: Trace Attempt  3	[13.20 s]
0.0.N: Trace Attempt  4	[13.20 s]
0.0.N: Trace Attempt  5	[13.20 s]
0.0.AM: Trace Attempt 250	[14.88 s]
0.0.Ht: Trace Attempt 3406	[16.01 s]
0.0.B: Trace Attempt 3189	[16.02 s]
0.0.Hp: Trace Attempt 1221	[16.06 s]
0.0.Bm: Trace Attempt 3162	[16.01 s]
0.0.N: Trace Attempt 189	[17.22 s]
0.0.AM: Trace Attempt 298	[18.94 s]
0.0.N: Trace Attempt  1	[19.06 s]
0.0.N: Trace Attempt  2	[19.06 s]
0.0.N: Trace Attempt  3	[19.06 s]
0.0.N: Trace Attempt  4	[19.06 s]
0.0.N: Trace Attempt  5	[19.06 s]
0.0.Ht: Trace Attempt 3779	[20.01 s]
0.0.B: Trace Attempt 3536	[20.03 s]
0.0.Bm: Trace Attempt 3516	[20.01 s]
0.0.Hp: Trace Attempt 1359	[20.08 s]
0.0.AM: Trace Attempt 346	[23.01 s]
0.0.N: Trace Attempt 188	[23.06 s]
0.0.Ht: Trace Attempt 4119	[24.02 s]
0.0.B: Trace Attempt 3852	[24.04 s]
0.0.Bm: Trace Attempt 3837	[24.01 s]
0.0.Hp: Trace Attempt 1482	[24.09 s]
0.0.N: Trace Attempt  1	[25.04 s]
0.0.N: Trace Attempt  2	[25.04 s]
0.0.N: Trace Attempt  3	[25.04 s]
0.0.N: Trace Attempt  4	[25.04 s]
0.0.N: Trace Attempt  5	[25.04 s]
0.0.AM: Trace Attempt 382	[27.07 s]
0.0.Ht: Trace Attempt 4435	[28.02 s]
0.0.Bm: Trace Attempt 4132	[28.01 s]
0.0.B: Trace Attempt 4148	[28.05 s]
0.0.Hp: Trace Attempt 1596	[28.10 s]
0.0.N: Trace Attempt 189	[29.05 s]
0.0.N: Trace Attempt  1	[30.82 s]
0.0.N: Trace Attempt  2	[30.82 s]
0.0.N: Trace Attempt  3	[30.83 s]
0.0.N: Trace Attempt  4	[30.83 s]
0.0.N: Trace Attempt  5	[30.83 s]
0.0.AM: Trace Attempt 420	[31.10 s]
0.0.Ht: Trace Attempt 4727	[32.03 s]
0.0.B: Trace Attempt 4430	[32.05 s]
0.0.Bm: Trace Attempt 4414	[32.02 s]
0.0.Hp: Trace Attempt 1702	[32.13 s]
0.0.N: Trace Attempt 189	[34.85 s]
0.0.AM: Trace Attempt 457	[35.25 s]
0.0.Ht: Trace Attempt 5000	[36.04 s]
0.0.Bm: Trace Attempt 4674	[36.03 s]
0.0.B: Trace Attempt 4689	[36.06 s]
0.0.Hp: Trace Attempt 1801	[36.16 s]
0.0.N: Trace Attempt  1	[36.67 s]
0.0.N: Trace Attempt  2	[36.67 s]
0.0.N: Trace Attempt  3	[36.67 s]
0.0.N: Trace Attempt  4	[36.68 s]
0.0.N: Trace Attempt  5	[36.68 s]
0.0.AM: Trace Attempt 484	[39.25 s]
0.0.Ht: Trace Attempt 5246	[40.05 s]
0.0.Bm: Trace Attempt 4903	[40.04 s]
0.0.B: Trace Attempt 4916	[40.07 s]
0.0.Hp: Trace Attempt 1889	[40.16 s]
0.0.N: Trace Attempt 188	[40.69 s]
0.0.AM: Trace Attempt  1	[41.90 s]
0.0.AM: Trace Attempt  2	[41.90 s]
0.0.AM: Trace Attempt  3	[41.90 s]
0.0.AM: Trace Attempt  4	[41.90 s]
0.0.AM: Trace Attempt  5	[41.90 s]
0.0.N: Trace Attempt  1	[42.52 s]
0.0.N: Trace Attempt  2	[42.52 s]
0.0.N: Trace Attempt  3	[42.52 s]
0.0.N: Trace Attempt  4	[42.52 s]
0.0.N: Trace Attempt  5	[42.52 s]
0.0.Ht: Trace Attempt 5489	[44.05 s]
0.0.Bm: Trace Attempt 5137	[44.05 s]
0.0.B: Trace Attempt 5149	[44.08 s]
0.0.Hp: Trace Attempt 1977	[44.19 s]
0.0.AM: Trace Attempt 205	[45.92 s]
0.0.N: Trace Attempt 189	[46.52 s]
0.0.Ht: Trace Attempt 5732	[48.06 s]
0.0.Bm: Trace Attempt 5365	[48.06 s]
0.0.B: Trace Attempt 5372	[48.09 s]
0.0.Hp: Trace Attempt 2062	[48.20 s]
0.0.N: Trace Attempt  1	[48.44 s]
0.0.N: Trace Attempt  2	[48.44 s]
0.0.N: Trace Attempt  3	[48.44 s]
0.0.N: Trace Attempt  4	[48.44 s]
0.0.N: Trace Attempt  5	[48.44 s]
0.0.AM: Trace Attempt 263	[50.03 s]
0.0.Ht: Trace Attempt 5961	[52.07 s]
0.0.Bm: Trace Attempt 5582	[52.06 s]
0.0.B: Trace Attempt 5588	[52.09 s]
0.0.Hp: Trace Attempt 2144	[52.23 s]
0.0.N: Trace Attempt 189	[52.46 s]
0.0.AM: Trace Attempt 318	[54.10 s]
0.0.N: Trace Attempt  1	[54.31 s]
0.0.N: Trace Attempt  2	[54.31 s]
0.0.N: Trace Attempt  3	[54.31 s]
0.0.N: Trace Attempt  4	[54.31 s]
0.0.N: Trace Attempt  5	[54.31 s]
0.0.Bm: Trace Attempt 5787	[56.06 s]
0.0.B: Trace Attempt 5793	[56.09 s]
0.0.Ht: Trace Attempt 6181	[56.09 s]
0.0.Hp: Trace Attempt 2221	[56.25 s]
0.0.AM: Trace Attempt 358	[58.13 s]
0.0.N: Trace Attempt 189	[58.32 s]
0.0.N: Trace Attempt  1	[60.11 s]
0.0.N: Trace Attempt  2	[60.11 s]
0.0.N: Trace Attempt  3	[60.11 s]
0.0.N: Trace Attempt  4	[60.11 s]
0.0.N: Trace Attempt  5	[60.11 s]
0.0.Bm: Trace Attempt 5984	[60.06 s]
0.0.Ht: Trace Attempt 6386	[60.10 s]
0.0.B: Trace Attempt 5991	[60.10 s]
0.0.Hp: Trace Attempt 2296	[60.27 s]
0.0.AM: Trace Attempt 401	[62.25 s]
0.0.Bm: Trace Attempt 6178	[64.07 s]
0.0.B: Trace Attempt 6186	[64.11 s]
0.0.Ht: Trace Attempt 6590	[64.11 s]
0.0.N: Trace Attempt 190	[64.16 s]
0.0.Hp: Trace Attempt 2368	[64.29 s]
0.0.N: Trace Attempt  1	[65.91 s]
0.0.N: Trace Attempt  2	[65.91 s]
0.0.N: Trace Attempt  3	[65.91 s]
0.0.N: Trace Attempt  4	[65.92 s]
0.0.N: Trace Attempt  5	[65.92 s]
0.0.AM: Trace Attempt 439	[66.27 s]
0.0.Bm: Trace Attempt 6358	[68.08 s]
0.0.B: Trace Attempt 6365	[68.11 s]
0.0.Ht: Trace Attempt 6780	[68.11 s]
0.0.Hp: Trace Attempt 2436	[68.29 s]
0.0.N: Trace Attempt 189	[69.94 s]
0.0.AM: Trace Attempt 464	[70.41 s]
0.0.N: Trace Attempt  1	[71.83 s]
0.0.N: Trace Attempt  2	[71.83 s]
0.0.N: Trace Attempt  3	[71.83 s]
0.0.N: Trace Attempt  4	[71.83 s]
0.0.N: Trace Attempt  5	[71.83 s]
0.0.Bm: Trace Attempt 6534	[72.09 s]
0.0.B: Trace Attempt 6538	[72.12 s]
0.0.Ht: Trace Attempt 6964	[72.12 s]
0.0.Hp: Trace Attempt 2502	[72.29 s]
0.0.AM: Trace Attempt 475	[74.69 s]
0.0.N: Trace Attempt 190	[75.88 s]
0.0.Ht: Trace Attempt 7150	[76.12 s]
0.0.Bm: Trace Attempt 6708	[76.11 s]
0.0.B: Trace Attempt 6710	[76.15 s]
0.0.Hp: Trace Attempt 2567	[76.30 s]
0.0.N: Trace Attempt  1	[77.62 s]
0.0.N: Trace Attempt  2	[77.62 s]
0.0.N: Trace Attempt  3	[77.62 s]
0.0.N: Trace Attempt  4	[77.62 s]
0.0.N: Trace Attempt  5	[77.62 s]
0.0.AM: Trace Attempt 486	[79.05 s]
0.0.Ht: Trace Attempt 7320	[80.14 s]
0.0.B: Trace Attempt 6873	[80.15 s]
0.0.Bm: Trace Attempt 6874	[80.13 s]
0.0.Hp: Trace Attempt 2630	[80.34 s]
0.0.N: Trace Attempt 188	[81.66 s]
0.0.AM: Trace Attempt 496	[83.22 s]
0.0.N: Trace Attempt  1	[83.51 s]
0.0.N: Trace Attempt  2	[83.51 s]
0.0.N: Trace Attempt  3	[83.51 s]
0.0.N: Trace Attempt  4	[83.51 s]
0.0.N: Trace Attempt  5	[83.51 s]
0.0.Ht: Trace Attempt 7491	[84.15 s]
0.0.B: Trace Attempt 7036	[84.17 s]
0.0.Bm: Trace Attempt 7037	[84.16 s]
0.0.Hp: Trace Attempt 2691	[84.34 s]
0.0.AM: Trace Attempt 509	[87.27 s]
0.0.N: Trace Attempt 190	[87.56 s]
0.0.Ht: Trace Attempt 7659	[88.17 s]
0.0.B: Trace Attempt 7195	[88.18 s]
0.0.Bm: Trace Attempt 7196	[88.17 s]
0.0.Hp: Trace Attempt 2751	[88.39 s]
0.0.N: Trace Attempt  1	[89.33 s]
0.0.N: Trace Attempt  2	[89.33 s]
0.0.N: Trace Attempt  3	[89.33 s]
0.0.N: Trace Attempt  4	[89.33 s]
0.0.N: Trace Attempt  5	[89.33 s]
0.0.AM: Trace Attempt 524	[91.36 s]
0.0.Ht: Trace Attempt 7820	[92.20 s]
0.0.B: Trace Attempt 7346	[92.20 s]
0.0.Bm: Trace Attempt 7347	[92.18 s]
0.0.Hp: Trace Attempt 2809	[92.39 s]
0.0.N: Trace Attempt 189	[93.33 s]
0.0.N: Trace Attempt  1	[95.27 s]
0.0.N: Trace Attempt  2	[95.27 s]
0.0.N: Trace Attempt  3	[95.27 s]
0.0.N: Trace Attempt  4	[95.27 s]
0.0.N: Trace Attempt  5	[95.27 s]
0.0.AM: Trace Attempt 541	[95.51 s]
0.0.Bm: Trace Attempt 7493	[96.19 s]
0.0.B: Trace Attempt 7494	[96.22 s]
0.0.Ht: Trace Attempt 7980	[96.22 s]
0.0.Hp: Trace Attempt 2866	[96.45 s]
0.0.N: Trace Attempt 190	[99.33 s]
0.0.AM: Trace Attempt 555	[99.70 s]
0.0.Ht: Trace Attempt 8139	[100.22 s]
0.0.Bm: Trace Attempt 7641	[100.20 s]
0.0.B: Trace Attempt 7644	[100.24 s]
0.0.Hp: Trace Attempt 2922	[100.49 s]
0.0.N: Trace Attempt  1	[101.12 s]
0.0.N: Trace Attempt  2	[101.12 s]
0.0.N: Trace Attempt  3	[101.12 s]
0.0.N: Trace Attempt  4	[101.12 s]
0.0.N: Trace Attempt  5	[101.12 s]
0.0.AM: Trace Attempt 568	[103.81 s]
0.0.B: Trace Attempt 7784	[104.25 s]
0.0.Bm: Trace Attempt 7780	[104.23 s]
0.0.Hp: Trace Attempt 2975	[104.52 s]
0.0.N: Trace Attempt 190	[105.17 s]
0.0.N: Trace Attempt  1	[107.00 s]
0.0.N: Trace Attempt  2	[107.00 s]
0.0.N: Trace Attempt  3	[107.00 s]
0.0.N: Trace Attempt  4	[107.00 s]
0.0.N: Trace Attempt  5	[107.01 s]
0.0.AM: Trace Attempt 579	[108.11 s]
0.0.Bm: Trace Attempt 7915	[108.24 s]
0.0.B: Trace Attempt 7921	[108.27 s]
0.0.Hp: Trace Attempt 3026	[108.52 s]
0.0.N: Trace Attempt 190	[111.06 s]
0.0.Bm: Trace Attempt 8046	[112.25 s]
0.0.B: Trace Attempt 8054	[112.30 s]
0.0.AM: Trace Attempt 593	[112.31 s]
0.0.Hp: Trace Attempt 3076	[112.53 s]
0.0.N: Trace Attempt  1	[113.18 s]
0.0.N: Trace Attempt  2	[113.18 s]
0.0.N: Trace Attempt  3	[113.18 s]
0.0.N: Trace Attempt  4	[113.18 s]
0.0.N: Trace Attempt  5	[113.18 s]
0.0.Bm: Trace Attempt 8175	[116.26 s]
0.0.B: Trace Attempt 8184	[116.31 s]
0.0.Hp: Trace Attempt 3126	[116.60 s]
0.0.AM: Trace Attempt 605	[116.56 s]
0.0.N: Trace Attempt 193	[117.22 s]
0.0.Ht: Trace Attempt 8194	[117.36 s]
0.0.Bm: Trace Attempt 8217	[120.27 s]
0.0.B: Trace Attempt 8220	[120.38 s]
0.0.Hp: Trace Attempt 3177	[120.63 s]
0.0.AM: Trace Attempt 619	[120.75 s]
0.0.N: Trace Attempt 257	[121.23 s]
0.0.Bm: Trace Attempt 8248	[124.32 s]
0.0.B: Trace Attempt 8252	[124.51 s]
0.0.Hp: Trace Attempt 3227	[124.70 s]
0.0.AM: Trace Attempt 633	[125.20 s]
0.0.N: Trace Attempt 303	[125.26 s]
0.0.Bm: Trace Attempt 8279	[128.44 s]
0.0.B: Trace Attempt 8283	[128.58 s]
0.0.Hp: Trace Attempt 3276	[128.76 s]
0.0.N: Trace Attempt 338	[129.36 s]
0.0.AM: Trace Attempt 646	[129.34 s]
0.0.Bm: Trace Attempt 8310	[132.53 s]
0.0.B: Trace Attempt 8314	[132.60 s]
0.0.Hp: Trace Attempt 3324	[132.81 s]
0.0.N: Trace Attempt 376	[133.38 s]
0.0.AM: Trace Attempt 657	[133.36 s]
0.0.B: Trace Attempt 8343	[136.71 s]
0.0.Bm: Trace Attempt 8340	[136.68 s]
0.0.Hp: Trace Attempt 3371	[136.85 s]
0.0.N: Trace Attempt 413	[137.41 s]
0.0.AM: Trace Attempt 669	[137.58 s]
0.0.Bm: Trace Attempt 8365	[140.72 s]
0.0.B: Trace Attempt 8369	[140.82 s]
0.0.Hp: Trace Attempt 3419	[140.91 s]
0.0.N: Trace Attempt 443	[141.84 s]
0.0.AM: Trace Attempt 683	[142.34 s]
0.0.N: Trace Attempt  1	[144.16 s]
0.0.N: Trace Attempt  2	[144.16 s]
0.0.N: Trace Attempt  3	[144.16 s]
0.0.N: Trace Attempt  4	[144.16 s]
0.0.N: Trace Attempt  5	[144.16 s]
0.0.Bm: Trace Attempt 8391	[144.85 s]
0.0.Hp: Trace Attempt 3467	[144.94 s]
0.0.B: Trace Attempt 8395	[144.91 s]
0.0.AM: Trace Attempt 693	[146.41 s]
0.0.N: Trace Attempt 195	[148.17 s]
0.0.Bm: Trace Attempt 8418	[148.88 s]
0.0.Hp: Trace Attempt 3517	[148.97 s]
0.0.B: Trace Attempt 8423	[149.04 s]
0.0.AM: Trace Attempt 702	[150.63 s]
0.0.N: Trace Attempt 258	[152.19 s]
0.0.Hp: Trace Attempt 3566	[152.98 s]
0.0.Bm: Trace Attempt 8446	[152.99 s]
0.0.B: Trace Attempt 8451	[153.10 s]
0.0.Ht: Trace Attempt 8195	[154.05 s]
0.0.AM: Trace Attempt 711	[154.82 s]
0.0.N: Trace Attempt 306	[156.29 s]
0.0.Hp: Trace Attempt 3612	[157.00 s]
0.0.Bm: Trace Attempt 8472	[157.12 s]
0.0.B: Trace Attempt 8477	[157.20 s]
0.0.Ht: Trace Attempt 8286	[158.05 s]
0.0.AM: Trace Attempt 717	[158.85 s]
0.0.N: Trace Attempt 341	[160.41 s]
0.0.Hp: Trace Attempt 3657	[161.08 s]
0.0.Bm: Trace Attempt 8496	[161.15 s]
0.0.B: Trace Attempt 8502	[161.35 s]
0.0.Ht: Trace Attempt 8374	[162.07 s]
0.0.AM: Trace Attempt 727	[163.04 s]
0.0.N: Trace Attempt 380	[164.47 s]
0.0.Hp: Trace Attempt 3701	[165.14 s]
0.0.Bm: Trace Attempt 8520	[165.16 s]
0.0.B: Trace Attempt 8527	[165.49 s]
0.0.Ht: Trace Attempt 8459	[166.08 s]
0.0.AM: Trace Attempt 734	[167.17 s]
0.0.N: Trace Attempt 416	[168.47 s]
0.0.Hp: Trace Attempt 3743	[169.15 s]
0.0.Bm: Trace Attempt 8543	[169.22 s]
0.0.B: Trace Attempt 8551	[169.54 s]
0.0.AM: Trace Attempt 744	[171.71 s]
0.0.N: Trace Attempt 443	[172.56 s]
0.0.Hp: Trace Attempt 3786	[173.24 s]
0.0.Bm: Trace Attempt 8567	[173.25 s]
0.0.B: Trace Attempt 8576	[173.70 s]
0.0.N: Trace Attempt  1	[174.25 s]
0.0.N: Trace Attempt  2	[174.25 s]
0.0.N: Trace Attempt  3	[174.25 s]
0.0.N: Trace Attempt  4	[174.25 s]
0.0.N: Trace Attempt  5	[174.25 s]
0.0.Ht: Trace Attempt 8514	[175.03 s]
0.0.AM: Trace Attempt 753	[176.06 s]
0.0.Hp: Trace Attempt 3828	[177.27 s]
0.0.Bm: Trace Attempt 8591	[177.31 s]
0.0.B: Trace Attempt 8600	[177.72 s]
0.0.N: Trace Attempt 193	[178.26 s]
0.0.Ht: Trace Attempt 8581	[179.07 s]
0.0.AM: Trace Attempt 762	[180.20 s]
0.0.N: Trace Attempt 238	[180.91 s]
0.0.N: Stopped processing property "GRAY.p1"	[180.96 s].
0.0.N: Morphing to Ncustom1
0.0.N: All properties determined. [0.00 s]
0.0.N: Exited with Success (@ 0.00 s)
0.0.Ncustom1: clocks: 1, declared: 1, looping: 0, posedge: 1, negedge: 0, noedge: 0, bothedge: 0
0.0.Ncustom1: Starting proof for property "GRAY.p1"	[0.00 s].
0.0.Ncustom1: Trace Attempt 445	[0.03 s]
0.0.B: Trace Attempt 8619	[180.90 s]
0.0.B: Stopped processing property "GRAY.p1"	[181.03 s].
0.0.B: Morphing to Bcustom2
0.0.B: All properties determined. [0.00 s]
0.0.B: Exited with Success (@ 0.00 s)
0.0.Bcustom2: clocks: 1, declared: 1, looping: 0, posedge: 1, negedge: 0, noedge: 0, bothedge: 0
0.0.Bcustom2: Starting proof for property "GRAY.p1"	[0.00 s].
0.0.Bcustom2: Trace Attempt  1	[0.00 s]
0.0.Bcustom2: Trace Attempt  2	[0.00 s]
0.0.Bcustom2: Trace Attempt  3	[0.00 s]
0.0.Bcustom2: Trace Attempt  1	[0.00 s]
0.0.Bcustom2: Trace Attempt  2	[0.00 s]
0.0.Bcustom2: Trace Attempt  3	[0.00 s]
0.0.Bcustom2: Trace Attempt  4	[0.00 s]
0.0.Bcustom2: Trace Attempt  5	[0.00 s]
0.0.Bcustom2: Trace Attempt  1	[0.00 s]
0.0.Bcustom2: Trace Attempt  2	[0.00 s]
0.0.Bcustom2: Trace Attempt  3	[0.00 s]
0.0.Bcustom2: Trace Attempt  4	[0.00 s]
0.0.Bcustom2: Trace Attempt  5	[0.00 s]
0.0.Bcustom2: Trace Attempt  1	[0.00 s]
0.0.Bcustom2: Trace Attempt  2	[0.00 s]
0.0.Bcustom2: Trace Attempt  3	[0.00 s]
0.0.Bcustom2: Trace Attempt  4	[0.01 s]
0.0.Bcustom2: Trace Attempt  5	[0.01 s]
0.0.Bcustom2: Trace Attempt  1	[0.01 s]
0.0.Bcustom2: Trace Attempt  2	[0.01 s]
0.0.Bcustom2: Trace Attempt  3	[0.01 s]
0.0.Bcustom2: Trace Attempt  4	[0.01 s]
0.0.Bcustom2: Trace Attempt  5	[0.01 s]
0.0.Bcustom2: Trace Attempt  1	[0.02 s]
0.0.Bcustom2: Trace Attempt  2	[0.02 s]
0.0.Bcustom2: Trace Attempt  3	[0.02 s]
0.0.Bcustom2: Trace Attempt  4	[0.02 s]
0.0.Bcustom2: Trace Attempt  5	[0.02 s]
0.0.Tri: Proofgrid shell started at 18167@vlsi-ria85(local) jg_12980_vlsi-ria85_1
0.0.Tri: clocks: 1, declared: 1, looping: 0, posedge: 1, negedge: 0, noedge: 0, bothedge: 0
0.0.Bcustom2: Trace Attempt  1	[0.04 s]
0.0.Bcustom2: Trace Attempt  2	[0.04 s]
0.0.Bcustom2: Trace Attempt  3	[0.04 s]
0.0.Bcustom2: Trace Attempt  4	[0.04 s]
0.0.Bcustom2: Trace Attempt  5	[0.04 s]
0.0.AM: Trace Attempt 763	[180.62 s]
0.0.AM: Stopped processing property "GRAY.p1"	[181.07 s].
0.0.AM: Morphing to AMcustom3
0.0.D: Proofgrid shell started at 18178@vlsi-ria85(local) jg_12980_vlsi-ria85_1
0.0.D: clocks: 1, declared: 1, looping: 0, posedge: 1, negedge: 0, noedge: 0, bothedge: 0
0.0.D: Last scan. Per property time limit: 0s
0.0.D: Starting proof for property "GRAY.p1"	[0.00 s].
0.0.D: Trace Attempt  1	[0.00 s]
0.0.Tri: Last scan. Per property time limit: 0s
0.0.Tri: Starting proof for property "GRAY.p1"	[0.00 s].
0.0.Tri: Trace Attempt  1	[0.00 s]
0.0.D: Trace Attempt  2	[0.00 s]
0.0.D: Trace Attempt  3	[0.00 s]
0.0.D: Trace Attempt  4	[0.00 s]
0.0.AM: All properties determined. [0.00 s]
0.0.AM: Exited with Success (@ 0.00 s)
0.0.AMcustom3: clocks: 1, declared: 1, looping: 0, posedge: 1, negedge: 0, noedge: 0, bothedge: 0
0.0.AMcustom3: Starting proof for property "GRAY.p1"	[0.00 s].
0.0.AMcustom3: Trace Attempt  1	[0.00 s]
0.0.AMcustom3: Trace Attempt  2	[0.00 s]
0.0.AMcustom3: Trace Attempt  3	[0.00 s]
0.0.AMcustom3: Trace Attempt  4	[0.00 s]
0.0.AMcustom3: Trace Attempt  5	[0.00 s]
0.0.AMcustom3: Trace Attempt  1	[0.00 s]
0.0.AMcustom3: Trace Attempt  2	[0.00 s]
0.0.AMcustom3: Trace Attempt  3	[0.00 s]
0.0.AMcustom3: Trace Attempt  4	[0.00 s]
0.0.AMcustom3: Trace Attempt  5	[0.01 s]
0.0.Bcustom2: Trace Attempt  1	[0.09 s]
0.0.Bcustom2: Trace Attempt  2	[0.09 s]
0.0.Bcustom2: Trace Attempt  3	[0.09 s]
0.0.Bcustom2: Trace Attempt  4	[0.09 s]
0.0.Bcustom2: Trace Attempt  5	[0.09 s]
0.0.AMcustom3: Trace Attempt  1	[0.01 s]
0.0.AMcustom3: Trace Attempt  2	[0.01 s]
0.0.AMcustom3: Trace Attempt  3	[0.01 s]
0.0.AMcustom3: Trace Attempt  4	[0.01 s]
0.0.AMcustom3: Trace Attempt  5	[0.01 s]
0.0.Tri:    0.00" ---- Launching main thread ----
0.0.AMcustom3: Trace Attempt  1	[0.04 s]
0.0.AMcustom3: Trace Attempt  2	[0.04 s]
0.0.AMcustom3: Trace Attempt  3	[0.04 s]
0.0.AMcustom3: Trace Attempt  4	[0.04 s]
0.0.AMcustom3: Trace Attempt  5	[0.04 s]
0.0.AMcustom3: Trace Attempt  1	[0.12 s]
0.0.AMcustom3: Trace Attempt  2	[0.12 s]
0.0.AMcustom3: Trace Attempt  3	[0.12 s]
0.0.AMcustom3: Trace Attempt  4	[0.13 s]
0.0.AMcustom3: Trace Attempt  5	[0.13 s]
0.0.Tri:    0.14" ---- Launching abstraction thread ----
0.0.Hp: Trace Attempt 3870	[181.35 s]
0.0.Tri:    0.21" ---- Launching multi-phase simplification thread ----
0.0.Tri:    0.27" ---- Launching liveness simplification thread ----
0.0.Bm: Trace Attempt 8615	[181.43 s]
0.0.AMcustom3: Trace Attempt  1	[0.45 s]
0.0.AMcustom3: Trace Attempt  2	[0.45 s]
0.0.AMcustom3: Trace Attempt  3	[0.45 s]
0.0.AMcustom3: Trace Attempt  4	[0.45 s]
0.0.AMcustom3: Trace Attempt  5	[0.45 s]
0.0.Bcustom2: Trace Attempt  1	[0.64 s]
0.0.Bcustom2: Trace Attempt  2	[0.64 s]
0.0.Bcustom2: Trace Attempt  3	[0.64 s]
0.0.Bcustom2: Trace Attempt  4	[0.64 s]
0.0.Bcustom2: Trace Attempt  5	[0.64 s]
0.0.Ncustom1: Trace Attempt  1	[1.07 s]
0.0.Ncustom1: Trace Attempt  2	[1.07 s]
0.0.Ncustom1: Trace Attempt  3	[1.07 s]
0.0.Ncustom1: Trace Attempt  4	[1.07 s]
0.0.Ncustom1: Trace Attempt  5	[1.07 s]
0.0.D: Trace Attempt 64	[0.59 s]
0.0.D: Stopped processing property "GRAY.p1"	[0.95 s].
0.0.D: Morphing to M
0.0.D: All properties determined. [0.00 s]
0.0.D: Exited with Success (@ 0.00 s)
0.0.M: clocks: 1, declared: 1, looping: 0, posedge: 1, negedge: 0, noedge: 0, bothedge: 0
0.0.M: Starting proof for property "GRAY.p1"	[0.00 s].
0.0.M: Trace Attempt  1	[0.00 s]
0.0.M: Trace Attempt  2	[0.00 s]
0.0.M: Trace Attempt  3	[0.00 s]
0.0.M: Trace Attempt  4	[0.01 s]
0.0.M: Trace Attempt  5	[0.01 s]
0.0.Tri:    1.08" Simplification phase 1 complete
0.0.AMcustom5: Proofgrid shell started at 18455@vlsi-ria85(local) jg_12980_vlsi-ria85_1
0.0.Ncustom1: Requesting engine job to terminate
0.0.Bcustom2: Requesting engine job to terminate
0.0.AMcustom3: Requesting engine job to terminate
0.0.Tri: Requesting engine job to terminate
0.0.M: Requesting engine job to terminate
0.0.Hp: Requesting engine job to terminate
0.0.Ht: Requesting engine job to terminate
0.0.Bm: Requesting engine job to terminate
INFO (IPF144): 0: Initiating shutdown of proof [182.35 s]
0.0.Tri: A proof was found: No trace exists. [1.22 s]
INFO (IPF057): 0.0.Tri: The property "GRAY.p1" was proven in 1.22 s.
0.0.AMcustom5: Requesting engine job to terminate
0.0.M: Trace Attempt 53	[0.28 s]
0.0.M: Stopped processing property "GRAY.p1"	[0.28 s].
0.0.M: All properties determined. [0.28 s]
0.0.M: Exited with Success (@ 182.36 s)
0: ProofGrid usable level: 0
0.0.AMcustom3: Trace Attempt 84	[1.18 s]
0.0.AMcustom5: All properties determined. [0.01 s]
0.0.AMcustom3: Stopped processing property "GRAY.p1"	[1.20 s].
0.0.AMcustom3: All properties determined. [1.20 s]
0.0.AMcustom5: Exited with Success (@ 182.36 s)
0.0.Ncustom1: Trace Attempt 60	[1.36 s]
0.0.Ncustom1: Stopped processing property "GRAY.p1"	[1.39 s].
0.0.Ncustom1: All properties determined. [1.39 s]
0.0.AMcustom3: Exited with Success (@ 182.36 s)
0.0.Ncustom1: Exited with Success (@ 182.37 s)
0.0.Ht: Trace Attempt 8644	[182.30 s]
0.0.Ht: All properties determined. [182.35 s]
0.0.Hp: Trace Attempt 3880	[182.33 s]
0.0.Hp: All properties determined. [182.41 s]
0.0.Bm: Trace Attempt 8619	[182.13 s]
0.0.Bm: All properties determined. [182.37 s]
0.0.Ht: Exited with Success (@ 182.46 s)
0.0.Bm: Exited with Success (@ 182.46 s)
0.0.Tri: Stopped processing property "GRAY.p1"	[1.42 s].
0.0.Tri: All properties determined. [1.42 s]
0.0.Tri: Exited with Success (@ 182.55 s)
0.0.Hp: Exited with Success (@ 182.61 s)
0.0.Bcustom2: Trace Attempt  1	[2.42 s]
0.0.Bcustom2: Stopped processing property "GRAY.p1"	[2.42 s].
0.0.Bcustom2: All properties determined. [2.42 s]
0.0.Bcustom2: Exited with Success (@ 183.51 s)
0: --------------------------------------------------------------
ProofGrid Summary (utilization 99.91 %)
--------------------------------------------------------------
     engines started                               :    16
     engine jobs started                           :    12

    Average time in state (seconds)
    ------------------------------------------------------
    Engine  Pending     Running        Dead    Utilization
    ------------------------------------------------------
     Hp        0.03      182.35        0.00       99.98 %
     Ht        0.04      182.31        0.00       99.98 %
     Bm        0.07      182.29        0.00       99.96 %
    Mpcustom4        0.04        0.00        0.00        3.36 %
     Oh        0.03        0.00        0.00        7.69 %
      L        0.08        0.00        0.00        0.59 %
    Ncustom1        0.03      182.32        0.00       99.98 %
    Bcustom2        0.03      182.19        0.00       99.98 %
    AMcustom3        0.04      182.10        0.00       99.98 %
    Tri        0.15        1.25        0.00       89.56 %
      M        0.16        1.21        0.00       88.65 %
    AMcustom5        0.28        0.00        0.00        0.00 %
    all        0.08       91.33        0.00       99.91 %

    Total time in state (seconds)
    -----------------------------------------
            Pending     Running        Dead  
    -----------------------------------------
               0.98     1096.01        0.00

    Data read    : 6.98 MiB
    Data written : 4.53 kiB

0: All pending notifications were processed.
INFO (IPF059): 0: Completed proof on task: "<embedded>"

==============================================================
SUMMARY
==============================================================
           Properties Considered              : 2
                 assertions                   : 1
                  - proven                    : 1 (100%)
                  - bounded_proven (user)     : 0 (0%)
                  - bounded_proven (auto)     : 0 (0%)
                  - marked_proven             : 0 (0%)
                  - cex                       : 0 (0%)
                  - ar_cex                    : 0 (0%)
                  - undetermined              : 0 (0%)
                  - unknown                   : 0 (0%)
                  - error                     : 0 (0%)
                 covers                       : 1
                  - unreachable               : 0 (0%)
                  - bounded_unreachable (user): 0 (0%)
                  - covered                   : 1 (100%)
                  - ar_covered                : 0 (0%)
                  - undetermined              : 0 (0%)
                  - unknown                   : 0 (0%)
                  - error                     : 0 (0%)
determined
[<embedded>] % exit -force
[<embedded>] % INFO (IPL005): Received request to exit from the console.
INFO (IPL014): Waiting for the Tcl-thread to exit.
INFO: Waiting for proof threads to stop...
INFO: Proof threads stopped.
INFO (IPL018): The peak resident set memory use for this session was 2.233 GB.
INFO (IPL015): The Tcl-thread exited with status 0.
INFO (IPL016): Exiting the analysis session with status 0.
Finished 2_gray_6.tcl successfully
