Jasper Apps 2024.06p002 64 bits 2024.09.02 16:28:38 UTC

Any disclosure about the Cadence Design Systems software or its use
model to any third party violates the written Non-Disclosure Agreement
between Cadence Design Systems, Inc. and the customer.

THIS SOFTWARE CONTAINS CONFIDENTIAL INFORMATION AND TRADE SECRETS OF
CADENCE DESIGN SYSTEMS, INC. USE, DISCLOSURE, OR REPRODUCTION IS
PROHIBITED WITHOUT THE PRIOR EXPRESS WRITTEN PERMISSION OF CADENCE
DESIGN SYSTEMS, INC.

Copyright (C) 2000-2024 Cadence Design Systems, Inc. All Rights
Reserved.  Unpublished -- rights reserved under the copyright laws of
the United States.

This product includes software developed by others and redistributed
according to license agreement. See doc/third_party_readme.txt for
further details.

RESTRICTED RIGHTS LEGEND

Use, duplication, or disclosure by the Government is subject to
restrictions as set forth in subparagraph (c) (1) (ii) of the Rights in
Technical Data and Computer Software clause at DFARS 252.227-7013 or
subparagraphs (c) (1) and (2) of Commercial Computer Software -- Restricted
Rights at 48 CFR 52.227-19, as applicable.


                          Cadence Design Systems, Inc.
                          2655 Seely Avenue
                          San Jose, CA 95134
                          Phone: 408.943.1234

For technical assistance visit http://support.cadence.com.

Jasper Apps Analysis Session - /users/rompel/jasper_executions/liveness/jgprojects/blink_9/sessionLogs/session_0

WARNING (WG017): [session]: The system's locale is "ANSI_X3.4-1968", which is not UTF-8. Non-ASCII characters might not be handled correctly.
WARNING (WG017): [jg_console]: The system's locale is "ANSI_X3.4-1968", which is not UTF-8. Non-ASCII characters might not be handled correctly.
INFO: successfully checked out license "jasper_fao".
INFO: reading configuration file "/users/rompel/.config/cadence/jasper.conf".
% analyze -sv09 ../blink_9.sv
INFO (IPL017): The host machine is running out of memory.
    This message was triggered because the system reached 1% memory.
    System memory use information:
    [Process]
        Memory In Use: 308388 kB (0%)
        Peak Memory Usage: 308388 kB (0%)
    [Host]
        Available Memory: 2203964 kB (0%)
        Total Memory: 527831204 kB
        Free Swap: 1270190716 kB (81%)
        Total Swap: 1565294584 kB
INFO (IPL017): The host machine is running out of memory.
    This message was triggered because the system reached 10% memory.
    System memory use information:
    [Process]
        Memory In Use: 308388 kB (0%)
        Peak Memory Usage: 308388 kB (0%)
    [Host]
        Available Memory: 2203964 kB (0%)
        Total Memory: 527831204 kB
        Free Swap: 1270190716 kB (81%)
        Total Swap: 1565294584 kB
[-- (VERI-1482)] Analyzing Verilog file '/tools/cadence2425/JASPER/jasper_2024.06p002/lib/verilog/packages/std/std.sv' into library 'std'
[-- (VERI-1482)] Analyzing Verilog file '../blink_9.sv'
% elaborate -bbox_mul 1000000 -bbox_div 1000000 -bbox_mod 1000000 -bbox_a 1000000
[INFO (HIER-8002)] ../blink_9.sv(18): Disabling old hierarchical reference handler
[INFO (VERI-1018)] ../blink_9.sv(1): compiling module 'BLINK'
[WARN (VERI-1209)] ../blink_9.sv(10): expression size 32 truncated to fit in target size 16
INFO (ISW003): Top module name is "BLINK".
INFO (INL208): Elaboration synthesis summary:
  Number of synthesized netlists          1 (0 packages)
  Single run mode                         On
  Pipeline                                On (1 pipelined netlists)
  Late hierarchical reference connection  On
  Number of analyzed Verilog modules      1 (1 synthesized)
  Number of analyzed VHDL entities        0 (0 synthesized)
INFO (INL003): Clearing all state information (assumes, stopats, and so forth).
BLINK
[<embedded>] % reset rst
INFO (IPM031): Clearing proof results of all properties.
INFO (IRS006): Current reset condition is "rst".
[<embedded>] % clock clk
[<embedded>] % prove -all
Ncustom1: Custom engine code is hT3Ng7hPPfiYQOTDZ3qhYOwGAM51eA+J/FjkM5shLioAsqhgLR4Ft+O1BuKG6ilQ83B9tLXSl+CwjiTMAQA
Bcustom2: Custom engine code is hT3Nm7hPr1Vp3Di1Ra2USNIGL4JypRnLKLAdF6JAyuavO2JfGCiY9OZJhcAcOUnLx5xwNdhILGrAWX9s+z2WDkKwNR7tAfClBEjRFVQeq6DU54boFgEA
AMcustom3: Custom engine code is hT3Ng7hP/feYQOTDZ3qhYOwGAM51eA+J/FjkM5shLioAsqhgLR4Ft+O1BuKG6ilQ83B9tLXSmmqwm7g9AQA
Mpcustom4: Custom engine code is hT3NZbhP9fmY2AbBQnsjfOxn6c+6e6yL+/e8fZFmaQrnlgEA
INFO (IPF036): Starting proof on task: "<embedded>", 1 properties to prove with 0 already proven/unreachable
INFO (IRS029): Starting reset analysis: phase 1 of 4.
INFO (IRS030): Running reset analysis: phase 2 of 4.
INFO (IRS031): Running reset analysis: phase 3 of 4.
INFO (IRS020): Starting the reset analysis simulation with a limit of 100 iterations (phase 4 of 4).
INFO (IRS024): Reset iterations 0 to 4 analyzed.
INFO (IRS018): Reset analysis simulation executed for 3 iterations. Assigned values for 17 of 19 design flops, 0 of 0 design latches, 3 of 3 internal elements.
INFO (IRS039): Reset analysis complete.
INFO (IPF031): Settings used for proof thread 0:
    orchestration                 = on
    time_limit                    = 86400s
    per_property_time_limit       = 1s * 10 ^ scan
    engine_mode                   = auto
    proofgrid_per_engine_max_jobs = 1
    max engine jobs               = auto
    proofgrid_mode                = local
    proofgrid_restarts            = 10
0: Using multistage preprocessing
0: Starting reduce
AMcustom5: Custom engine code is hT3N1rhP11/52HrFRS21ROp2LOjVTgPvT8L8BGXHgLhaIuqtT4nARFjUqrBL+7pLmaTOzBepZW/Jm8SSrHDybSQtoNiO3y43wk+dEoWlsZizu97Fih6O6lPVG/LpWP5SsUPwlGagLNa1FKEFvwVXyX7//8prySbvSxIHXr5er+z4RAEA
Ncustom6: Custom engine code is hT3OXrhPByJp3TrFSTLhUmMH4KVtJgmTCnNDF46yMXOKY48m4LS5nE7yBzFjA7kDuwO/GhGUpEPiky3p3wmPn3dJZHxFMsafSoObRzSC+tn7sEY0WbTdZ/FV4hL3MYH/b1CIUvXSWR4wqEoVLsmMOD4xIPT4lI1LO6ZCO7PnnWQuLwetnvKlrXx6wCW/A+x+enqslg1YPobi4wEF/EvbzOvcTYdJvl2s4H2yZg2b2ofAVN5WvhWk1HoBAA
ADcustom7: Custom engine code is hT3Nv7hPv1752HrFRa2kROx2f/ECJeZB2AZsLdlO8VwmIuqtT4nIDFXclhg+O+o+DMmQCekbheGk0kK28laA9gaOFDXsQp29J3X615HY1IPHJWd6FUFvCHjO+p1k652b5JJvZlShNpGlGSXAiQe/mEAj6tEBAA
Tricustom8: Custom engine code is hT3Nu7hPt1752DvFRa0kNDiyIV97VyejwM9C/jCLJjdPvusZONHY42VYUy0Q1ZotnhcVtNc56tJ5wbxv6V2+XpdsaSlHck5vfnbYjdwj1OECy9U+7oSQ0SZE3g5ayD+Phuh4odCJTjeKa2k4elM9ldQfkAEA
0: Finished reduce in 0s
Gcustom9: Custom engine code is hT3NibhPDfeYQADBZnYcglOvK9Pfd7EOeniIqP8jNsyIqInncipMGcUXqAadachREE9F2PwhBUZUNw5kHnd4JdXkamORRgEA
C2custom10: Custom engine code is hT3NirhPjfWYQADBZnYcglOvK9Pfd7EOeniIqP8jNsyIqInncgkrYMMXCYbdK0dUjZIF9d4cJ0rHoBDjwVLBKuG86XYVV00BAA
AGcustom11: Custom engine code is hT3NirhP/fmYQADBZnYcglOvK9Pfd7EOeniIqP8jNsyIqInnckcwYMMXCYbdK0dUjZIF9d4cJ0rHoBDjwVLBKuHEZnZByh0BAA
0.0.PRE: Performing Proof Simplification...
Bcustom12: Custom engine code is hT3NjrhPDfiYQADBZnYcglOvK9PfWxFtenjIyBqfrgr7if/jL/yPOuK1BAflEcW0DxNH2eDIoezN2gxlQFg81RZtiWXh7aiTAidvAQA
0.0.N: clocks: 1, declared: 1, looping: 0, posedge: 1, negedge: 0, noedge: 0, bothedge: 0
Ncustom13: Custom engine code is hT3NR7hPByFp3TrFSTLhUmMH4KWtJglTyV/c51BHEeZWamnJv767nE6PCak26bd3gf3XGN3rIRheufhDieCJQVISo+gNYUKhiUedBKGtsP/a18svAnlMJZudHxDFwK5ufsyoxsIyiAeSY2oi3tEuoDHr5gw42DFKAG3PqO3CEsl8Azzdt3pl5nGA1Ifv2H02eYsFzWb/nfp8PMb3F0krE/EgBcm8TD9Div8BAA
Tricustom14: Custom engine code is hT3Nu7hP3fiYQADBZnYcglNHp9bfd7EOeniIqP/ji8sGLQu8yhsFO+wxJ+O+R0bU8g/IewXFomyos+viQnWc2xYNYmMqpo3i40O7DaZR7qfp4YqNx26KRvQ/qx0BAA
0.0.N: Proof Simplification Iteration 1	[0.00 s]
0.0.PRE: A proof was found: No trace exists. [0.00 s]
INFO (IPF057): 0.0.PRE: The property ":noDeadEnd" was proven in 0.00 s.
    Use check_assumptions -show -dead_end to show this property in the property table.
0.0.PRE: A proof was found: No trace exists. [0.00 s]
INFO (IPF057): 0.0.PRE: The property ":noConflict" was proven in 0.00 s.
    Use check_assumptions -show to show this property in the property table.
INFO (IPF047): 0.0.PRE: The cover property ":live" was covered in 1 cycles in 0.00 s.
    Use check_assumptions -show -live to show this property in the property table.
0.0.PRE: Proof Simplification completed in 0.00 s
0: About to start ProofGrid in its own thread with a limit of 10000 pending notifications and a limit of 10 traces.
0: =============================== ProofGrid start ===============================
0: ProofGrid usable level: 1
0: Initial ProofGrid level: 1
0: ProofGrid is starting event handling
0.0.N: Proofgrid shell started at 27455@vlsi-moon(local) jg_27388_vlsi-moon_1
0.0.Hp: Proofgrid shell started at 27456@vlsi-moon(local) jg_27388_vlsi-moon_1
0.0.N: clocks: 1, declared: 1, looping: 0, posedge: 1, negedge: 0, noedge: 0, bothedge: 0
0.0.N: Last scan. Per property time limit: 0s
0.0.N: Starting proof for property "BLINK.p1"	[0.00 s].
0.0.N: Trace Attempt  1	[0.00 s]
0.0.N: Trace Attempt  2	[0.00 s]
0.0.N: Trace Attempt  2	[0.00 s]
0.0.N: Trace Attempt  3	[0.00 s]
0.0.N: Trace Attempt  3	[0.00 s]
0.0.N: Trace Attempt  4	[0.00 s]
0.0.N: Trace Attempt  5	[0.00 s]
0.0.N: Trace Attempt  1	[0.00 s]
0.0.Hp: clocks: 1, declared: 1, looping: 0, posedge: 1, negedge: 0, noedge: 0, bothedge: 0
0.0.Hp: Last scan. Per property time limit: 0s
0.0.N: Trace Attempt  2	[0.00 s]
0.0.N: Trace Attempt  3	[0.00 s]
0.0.Hp: Trace Attempt  1	[0.00 s]
0.0.Hp: Trace Attempt  2	[0.00 s]
0.0.Hp: Trace Attempt  3	[0.00 s]
0.0.Hp: Trace Attempt  4	[0.00 s]
0.0.Hp: Trace Attempt  5	[0.00 s]
0.0.N: Trace Attempt  4	[0.01 s]
0.0.N: Trace Attempt  5	[0.01 s]
0.0.Oh: Proofgrid shell started at 27488@vlsi-moon(local) jg_27388_vlsi-moon_1
0.0.Oh: clocks: 1, declared: 1, looping: 0, posedge: 1, negedge: 0, noedge: 0, bothedge: 0
0.0.Oh: Reached length limit (2147483647) [0.00 s]
0.0.Ht: Proofgrid shell started at 27487@vlsi-moon(local) jg_27388_vlsi-moon_1
0.0.Oh: Exited with Success (@ 0.08 s)
0.0.Ht: clocks: 1, declared: 1, looping: 0, posedge: 1, negedge: 0, noedge: 0, bothedge: 0
0.0.Ht: Last scan. Per property time limit: 0s
0.0.Ht: Trace Attempt  1	[0.00 s]
0.0.Ht: Trace Attempt  2	[0.00 s]
0.0.Ht: Trace Attempt  3	[0.00 s]
0.0.Ht: Trace Attempt  4	[0.00 s]
0.0.Ht: Trace Attempt  5	[0.00 s]
0.0.AM: Proofgrid shell started at 27490@vlsi-moon(local) jg_27388_vlsi-moon_1
0.0.AM: clocks: 1, declared: 1, looping: 0, posedge: 1, negedge: 0, noedge: 0, bothedge: 0
0.0.AM: Last scan. Per property time limit: 0s
0.0.AM: Starting proof for property "BLINK.p1"	[0.00 s].
0.0.AM: Trace Attempt  1	[0.00 s]
0.0.AM: Trace Attempt  2	[0.00 s]
0.0.AM: Trace Attempt  3	[0.00 s]
0.0.AM: Trace Attempt  4	[0.00 s]
0.0.AM: Trace Attempt  5	[0.00 s]
0.0.B: Proofgrid shell started at 27489@vlsi-moon(local) jg_27388_vlsi-moon_1
0.0.AM: Trace Attempt  1	[0.00 s]
0.0.B: clocks: 1, declared: 1, looping: 0, posedge: 1, negedge: 0, noedge: 0, bothedge: 0
0.0.B: Last scan. Per property time limit: 0s
0.0.B: Starting proof for property "BLINK.p1"	[0.00 s].
0.0.B: Trace Attempt  1	[0.00 s]
0.0.B: Trace Attempt  2	[0.00 s]
0.0.B: Trace Attempt  3	[0.00 s]
0.0.AM: Trace Attempt  2	[0.01 s]
0.0.B: Trace Attempt  4	[0.00 s]
0.0.B: Trace Attempt  5	[0.00 s]
0.0.AM: Trace Attempt  3	[0.01 s]
0.0.AM: Trace Attempt  4	[0.01 s]
0.0.AM: Trace Attempt  5	[0.01 s]
0.0.AM: Trace Attempt  1	[0.03 s]
0.0.AM: Trace Attempt  2	[0.03 s]
0.0.AM: Trace Attempt  3	[0.03 s]
0.0.AM: Trace Attempt  4	[0.03 s]
0.0.AM: Trace Attempt  5	[0.03 s]
0.0.AM: Trace Attempt  1	[0.07 s]
0.0.AM: Trace Attempt  2	[0.07 s]
0.0.AM: Trace Attempt  3	[0.07 s]
0.0.AM: Trace Attempt  4	[0.07 s]
0.0.AM: Trace Attempt  5	[0.07 s]
0.0.AM: Trace Attempt  1	[0.20 s]
0.0.AM: Trace Attempt  2	[0.20 s]
0.0.AM: Trace Attempt  3	[0.20 s]
0.0.AM: Trace Attempt  4	[0.20 s]
0.0.AM: Trace Attempt  5	[0.20 s]
0.0.AM: Trace Attempt  1	[0.46 s]
0.0.AM: Trace Attempt  2	[0.46 s]
0.0.AM: Trace Attempt  3	[0.46 s]
0.0.AM: Trace Attempt  4	[0.46 s]
0.0.AM: Trace Attempt  5	[0.46 s]
0.0.AM: Trace Attempt  1	[1.03 s]
0.0.AM: Trace Attempt  2	[1.03 s]
0.0.AM: Trace Attempt  3	[1.03 s]
0.0.AM: Trace Attempt  4	[1.04 s]
0.0.AM: Trace Attempt  5	[1.04 s]
0.0.AM: Trace Attempt  1	[3.21 s]
0.0.AM: Trace Attempt  2	[3.21 s]
0.0.AM: Trace Attempt  3	[3.21 s]
0.0.AM: Trace Attempt  4	[3.21 s]
0.0.AM: Trace Attempt  5	[3.22 s]
0.0.Hp: Trace Attempt 563	[4.01 s]
0.0.N: Trace Attempt 157	[4.02 s]
0.0.Ht: Trace Attempt 2164	[4.00 s]
0.0.B: Trace Attempt 2056	[4.00 s]
0.0.AM: Trace Attempt 421	[7.24 s]
0.0.Hp: Trace Attempt 783	[8.02 s]
0.0.Ht: Trace Attempt 2915	[8.01 s]
0.0.B: Trace Attempt 2797	[8.00 s]
0.0.N: Trace Attempt 291	[8.27 s]
0.0.AM: Trace Attempt 459	[11.25 s]
0.0.AM: Trace Attempt  1	[11.86 s]
0.0.AM: Trace Attempt  2	[11.86 s]
0.0.AM: Trace Attempt  3	[11.86 s]
0.0.AM: Trace Attempt  4	[11.86 s]
0.0.AM: Trace Attempt  5	[11.86 s]
0.0.Hp: Trace Attempt 951	[12.03 s]
0.0.Ht: Trace Attempt 3417	[12.01 s]
0.0.B: Trace Attempt 3304	[12.01 s]
0.0.N: Trace Attempt 344	[12.57 s]
0.0.AM: Trace Attempt 319	[15.90 s]
0.0.Hp: Trace Attempt 1092	[16.04 s]
0.0.Ht: Trace Attempt 3869	[16.01 s]
0.0.B: Trace Attempt 3748	[16.01 s]
0.0.N: Trace Attempt 346	[16.64 s]
0.0.AM: Trace Attempt 549	[19.98 s]
0.0.Hp: Trace Attempt 1202	[20.07 s]
0.0.Ht: Trace Attempt 4240	[20.02 s]
0.0.B: Trace Attempt 4143	[20.02 s]
0.0.N: Trace Attempt 390	[20.94 s]
0.0.Ht: Trace Attempt 4539	[24.02 s]
0.0.Hp: Trace Attempt 1297	[24.10 s]
0.0.B: Trace Attempt 4493	[24.03 s]
0.0.AM: Trace Attempt 754	[24.03 s]
0.0.N: Trace Attempt 393	[25.11 s]
0.0.Ht: Trace Attempt 4818	[28.02 s]
0.0.Hp: Trace Attempt 1386	[28.11 s]
0.0.B: Trace Attempt 4803	[28.04 s]
0.0.AM: Trace Attempt 782	[28.61 s]
0.0.N: Trace Attempt 442	[29.17 s]
0.0.Ht: Trace Attempt 5090	[32.04 s]
0.0.B: Trace Attempt 5100	[32.04 s]
0.0.Hp: Trace Attempt 1469	[32.15 s]
0.0.AM: Trace Attempt 794	[32.73 s]
0.0.N: Trace Attempt 478	[34.13 s]
0.0.B: Trace Attempt 5365	[36.04 s]
0.0.Ht: Trace Attempt 5299	[36.06 s]
0.0.Hp: Trace Attempt 1553	[36.16 s]
0.0.AM: Trace Attempt 804	[37.27 s]
0.0.N: Trace Attempt 610	[38.15 s]
0.0.B: Trace Attempt 5617	[40.05 s]
0.0.Ht: Trace Attempt 5533	[40.07 s]
0.0.Hp: Trace Attempt 1633	[40.18 s]
0.0.AM: Trace Attempt 817	[41.79 s]
0.0.N: Trace Attempt 723	[42.59 s]
0.0.B: Trace Attempt 5851	[44.06 s]
0.0.Ht: Trace Attempt 5754	[44.09 s]
0.0.Hp: Trace Attempt 1713	[44.23 s]
0.0.AM: Trace Attempt 827	[46.16 s]
0.0.N: Trace Attempt 794	[46.63 s]
0.0.B: Trace Attempt 6072	[48.06 s]
0.0.Ht: Trace Attempt 5969	[48.09 s]
0.0.Hp: Trace Attempt 1788	[48.25 s]
0.0.N: Trace Attempt 862	[50.64 s]
0.0.AM: Trace Attempt 840	[51.31 s]
0.0.B: Trace Attempt 6273	[52.08 s]
0.0.Ht: Trace Attempt 6163	[52.11 s]
0.0.Hp: Trace Attempt 1858	[52.27 s]
0.0.N: Trace Attempt 971	[54.67 s]
0.0.AM: Trace Attempt 846	[55.75 s]
0.0.B: Trace Attempt 6466	[56.09 s]
0.0.Ht: Trace Attempt 6330	[56.12 s]
0.0.Hp: Trace Attempt 1929	[56.30 s]
0.0.N: Trace Attempt 1105	[58.73 s]
0.0.B: Trace Attempt 6649	[60.11 s]
0.0.Ht: Trace Attempt 6505	[60.14 s]
0.0.Hp: Trace Attempt 1999	[60.31 s]
0.0.AM: Trace Attempt 854	[60.33 s]
0.0.N: Trace Attempt 1271	[62.89 s]
0.0.B: Trace Attempt 6835	[64.14 s]
0.0.Ht: Trace Attempt 6690	[64.15 s]
0.0.Hp: Trace Attempt 2065	[64.32 s]
0.0.AM: Trace Attempt 584	[64.33 s]
0.0.N: Trace Attempt 1413	[66.92 s]
0.0.B: Trace Attempt 7011	[68.15 s]
0.0.Ht: Trace Attempt 6866	[68.17 s]
0.0.Hp: Trace Attempt 2127	[68.34 s]
0.0.AM: Trace Attempt 839	[68.34 s]
0.0.N: Trace Attempt 1496	[70.96 s]
0.0.B: Trace Attempt 7180	[72.17 s]
0.0.Ht: Trace Attempt 7019	[72.18 s]
0.0.Hp: Trace Attempt 2181	[72.37 s]
0.0.AM: Trace Attempt 1007	[72.36 s]
0.0.AM: Trace Attempt  1	[73.20 s]
0.0.AM: Trace Attempt  2	[73.20 s]
0.0.AM: Trace Attempt  3	[73.20 s]
0.0.AM: Trace Attempt  4	[73.23 s]
0.0.AM: Trace Attempt  5	[73.24 s]
0.0.N: Trace Attempt 1565	[75.09 s]
0.0.B: Trace Attempt 7344	[76.19 s]
0.0.Ht: Trace Attempt 7174	[76.20 s]
0.0.Hp: Trace Attempt 2228	[76.42 s]
0.0.AM: Trace Attempt 442	[77.25 s]
0.0.N: Trace Attempt 1633	[79.18 s]
0.0.B: Trace Attempt 7509	[80.20 s]
0.0.Ht: Trace Attempt 7321	[80.23 s]
0.0.Hp: Trace Attempt 2277	[80.43 s]
0.0.AM: Trace Attempt 661	[81.26 s]
0.0.N: Trace Attempt 1671	[83.28 s]
0.0.B: Trace Attempt 7667	[84.21 s]
0.0.Ht: Trace Attempt 7465	[84.25 s]
0.0.Hp: Trace Attempt 2323	[84.52 s]
0.0.AM: Trace Attempt 866	[85.26 s]
0.0.N: Trace Attempt 1726	[87.34 s]
0.0.B: Trace Attempt 7826	[88.22 s]
WARNING (WPF031): 0.0.AM: Major page faults detected. Host "vlsi-moon" might be low on memory.
    Total memory = 527831204 kiB
    Free memory  = 1075944 kiB (0.20 %), Free swap = 1269894032 kiB
0.0.Ht: Trace Attempt 7614	[88.26 s]
0.0.Hp: Trace Attempt 2369	[88.56 s]
0.0.AM: Trace Attempt 898	[89.27 s]
0.0.N: Trace Attempt 1740	[91.38 s]
0.0.B: Trace Attempt 7983	[92.23 s]
0.0.Ht: Trace Attempt 7759	[92.27 s]
0.0.Hp: Trace Attempt 2414	[92.62 s]
0.0.AM: Trace Attempt 1009	[93.44 s]
0.0.N: Trace Attempt 1749	[95.93 s]
0.0.B: Trace Attempt 8139	[96.25 s]
0.0.Ht: Trace Attempt 7901	[96.29 s]
0.0.Hp: Trace Attempt 2458	[96.66 s]
0.0.AM: Trace Attempt 1060	[97.70 s]
0.0.B: Trace Attempt 8297	[100.26 s]
0.0.Ht: Trace Attempt 8053	[100.30 s]
0.0.Hp: Trace Attempt 2504	[100.72 s]
0.0.N: Trace Attempt 1752	[100.91 s]
0.0.AM: Trace Attempt 1091	[101.80 s]
0.0.B: Trace Attempt 8443	[104.28 s]
0.0.Ht: Trace Attempt 8197	[104.32 s]
0.0.Hp: Trace Attempt 2548	[104.73 s]
0.0.N: Trace Attempt 1959	[104.93 s]
0.0.AM: Trace Attempt 1114	[106.03 s]
0.0.B: Trace Attempt 8583	[108.29 s]
0.0.Ht: Trace Attempt 8294	[108.34 s]
0.0.Hp: Trace Attempt 2592	[108.82 s]
0.0.N: Trace Attempt 2005	[108.94 s]
0.0.AM: Trace Attempt 1209	[110.24 s]
0.0.B: Trace Attempt 8721	[112.30 s]
0.0.Ht: Trace Attempt 8389	[112.36 s]
0.0.Hp: Trace Attempt 2635	[112.86 s]
0.0.N: Trace Attempt 2079	[113.19 s]
0.0.AM: Trace Attempt 1327	[114.26 s]
0.0.B: Trace Attempt 8854	[116.32 s]
0.0.Ht: Trace Attempt 8502	[116.39 s]
0.0.Hp: Trace Attempt 2676	[116.89 s]
0.0.N: Trace Attempt 2097	[117.19 s]
0.0.AM: Trace Attempt 1518	[118.41 s]
0.0.B: Trace Attempt 8985	[120.34 s]
0.0.Ht: Trace Attempt 8617	[120.40 s]
0.0.Hp: Trace Attempt 2716	[120.90 s]
0.0.N: Trace Attempt 2162	[121.20 s]
0.0.AM: Trace Attempt 1630	[122.69 s]
0.0.B: Trace Attempt 9116	[124.36 s]
0.0.Ht: Trace Attempt 8734	[124.44 s]
0.0.Hp: Trace Attempt 2759	[125.01 s]
0.0.N: Trace Attempt 2184	[125.39 s]
0.0.AM: Trace Attempt 1656	[126.72 s]
0.0.B: Trace Attempt 9243	[128.38 s]
0.0.Ht: Trace Attempt 8841	[128.45 s]
0.0.Hp: Trace Attempt 2796	[129.01 s]
0.0.N: Trace Attempt 2368	[129.40 s]
0.0.AM: Trace Attempt 1673	[130.91 s]
0.0.B: Trace Attempt 9370	[132.40 s]
0.0.Ht: Trace Attempt 8948	[132.45 s]
0.0.Hp: Trace Attempt 2833	[133.06 s]
0.0.N: Trace Attempt 2536	[133.46 s]
0.0.AM: Trace Attempt 1689	[135.69 s]
0.0.B: Trace Attempt 9495	[136.41 s]
0.0.Ht: Trace Attempt 9062	[136.47 s]
0.0.Hp: Trace Attempt 2871	[137.13 s]
0.0.N: Trace Attempt 2610	[137.72 s]
0.0.B: Trace Attempt 9606	[140.41 s]
0.0.Ht: Trace Attempt 9175	[140.48 s]
0.0.Hp: Trace Attempt 2910	[141.16 s]
0.0.AM: Trace Attempt 1701	[141.14 s]
0.0.N: Trace Attempt 2689	[141.73 s]
0.0.B: Trace Attempt 9714	[144.44 s]
0.0.Ht: Trace Attempt 9269	[144.50 s]
0.0.Hp: Trace Attempt 2945	[145.17 s]
0.0.N: Trace Attempt 2777	[145.80 s]
0.0.AM: Trace Attempt 1712	[145.94 s]
0.0.B: Trace Attempt 9824	[148.48 s]
0.0.Ht: Trace Attempt 9360	[148.52 s]
0.0.Hp: Trace Attempt 2981	[149.26 s]
0.0.AM: Trace Attempt 1721	[150.01 s]
0.0.N: Trace Attempt 2927	[150.98 s]
0.0.B: Trace Attempt 9933	[152.51 s]
0.0.Ht: Trace Attempt 9448	[152.54 s]
0.0.Hp: Trace Attempt 3015	[153.36 s]
0.0.AM: Trace Attempt 1730	[154.70 s]
0.0.N: Trace Attempt 3031	[155.04 s]
0.0.B: Trace Attempt 10038	[156.53 s]
0.0.Ht: Trace Attempt 9550	[156.55 s]
0.0.Hp: Trace Attempt 3048	[157.46 s]
WARNING (WPF031): 0.0.N: Major page faults detected. Host "vlsi-moon" might be low on memory.
    Total memory = 527831204 kiB
    Free memory  = 1099344 kiB (0.21 %), Free swap = 1268293588 kiB
0.0.N: Trace Attempt 3172	[159.04 s]
0.0.AM: Trace Attempt 1735	[159.57 s]
0.0.B: Trace Attempt 10142	[160.54 s]
0.0.Ht: Trace Attempt 9653	[160.56 s]
0.0.Hp: Trace Attempt 3081	[161.53 s]
0.0.N: Trace Attempt 3241	[163.40 s]
0.0.AM: Trace Attempt 1745	[164.06 s]
0.0.Ht: Trace Attempt 9762	[164.56 s]
0.0.B: Trace Attempt 10250	[164.56 s]
0.0.Hp: Trace Attempt 3114	[165.58 s]
0.0.AM: Trace Attempt 1750	[168.06 s]
0.0.Ht: Trace Attempt 9859	[168.59 s]
0.0.N: Trace Attempt 3267	[168.68 s]
0.0.B: Trace Attempt 10353	[168.60 s]
0.0.Hp: Trace Attempt 3147	[169.70 s]
0.0.Ht: Trace Attempt 9961	[172.59 s]
0.0.B: Trace Attempt 10449	[172.62 s]
0.0.N: Trace Attempt 3478	[172.96 s]
0.0.AM: Trace Attempt 1755	[172.97 s]
0.0.Hp: Trace Attempt 3180	[173.78 s]
0.0.Ht: Trace Attempt 10068	[176.62 s]
0.0.B: Trace Attempt 10548	[176.64 s]
0.0.N: Trace Attempt 3641	[176.98 s]
0.0.Hp: Trace Attempt 3213	[177.80 s]
0.0.AM: Trace Attempt 1766	[177.93 s]
0.0.Ht: Trace Attempt 10175	[180.65 s]
0.0.B: Trace Attempt 10650	[180.65 s]
0.0.N: Trace Attempt 3815	[180.98 s]
0.0.Hp: Trace Attempt 3246	[181.89 s]
0.0.AM: Trace Attempt 1770	[182.61 s]
0.0.B: Trace Attempt 10729	[183.61 s]
0.0.B: Stopped processing property "BLINK.p1"	[184.46 s].
0.0.B: Morphing to Bcustom2
0.0.B: All properties determined. [0.00 s]
0.0.B: Exited with Success (@ 0.00 s)
0.0.Bcustom2: clocks: 1, declared: 1, looping: 0, posedge: 1, negedge: 0, noedge: 0, bothedge: 0
0.0.AM: Stopped processing property "BLINK.p1"	[184.60 s].
0.0.AM: Morphing to AMcustom3
0.0.Bcustom2: Starting proof for property "BLINK.p1"	[0.00 s].
0.0.AM: All properties determined. [0.00 s]
0.0.AM: Exited with Success (@ 0.00 s)
0.0.AMcustom3: clocks: 1, declared: 1, looping: 0, posedge: 1, negedge: 0, noedge: 0, bothedge: 0
0.0.AMcustom3: Starting proof for property "BLINK.p1"	[0.00 s].
0.0.Bcustom2: Trace Attempt  1	[0.05 s]
0.0.AMcustom3: Trace Attempt  1	[0.02 s]
0.0.Bcustom2: Trace Attempt  2	[0.05 s]
0.0.AMcustom3: Trace Attempt  2	[0.03 s]
0.0.AMcustom3: Trace Attempt  3	[0.03 s]
0.0.AMcustom3: Trace Attempt  4	[0.03 s]
0.0.Bcustom2: Trace Attempt  1	[0.06 s]
0.0.Bcustom2: Trace Attempt  2	[0.06 s]
0.0.Bcustom2: Trace Attempt  3	[0.06 s]
0.0.AMcustom3: Trace Attempt  5	[0.03 s]
0.0.Bcustom2: Trace Attempt  4	[0.06 s]
0.0.Bcustom2: Trace Attempt  5	[0.06 s]
0.0.AMcustom3: Trace Attempt  1	[0.03 s]
0.0.AMcustom3: Trace Attempt  2	[0.03 s]
0.0.AMcustom3: Trace Attempt  3	[0.03 s]
0.0.AMcustom3: Trace Attempt  4	[0.04 s]
0.0.AMcustom3: Trace Attempt  5	[0.04 s]
0.0.AMcustom3: Trace Attempt  1	[0.06 s]
0.0.AMcustom3: Trace Attempt  2	[0.06 s]
0.0.AMcustom3: Trace Attempt  3	[0.06 s]
0.0.AMcustom3: Trace Attempt  4	[0.06 s]
0.0.AMcustom3: Trace Attempt  5	[0.06 s]
0.0.AMcustom3: Trace Attempt  1	[0.11 s]
0.0.AMcustom3: Trace Attempt  2	[0.11 s]
0.0.AMcustom3: Trace Attempt  3	[0.11 s]
0.0.AMcustom3: Trace Attempt  4	[0.12 s]
0.0.AMcustom3: Trace Attempt  5	[0.12 s]
0.0.AMcustom3: Trace Attempt  1	[0.20 s]
0.0.AMcustom3: Trace Attempt  2	[0.20 s]
0.0.AMcustom3: Trace Attempt  3	[0.20 s]
0.0.AMcustom3: Trace Attempt  4	[0.20 s]
0.0.AMcustom3: Trace Attempt  5	[0.21 s]
0.0.N: Trace Attempt 3927	[181.63 s]
0.0.N: Stopped processing property "BLINK.p1"	[184.68 s].
0.0.N: Morphing to Ncustom1
0.0.N: All properties determined. [0.00 s]
0.0.N: Exited with Success (@ 0.00 s)
0.0.Ncustom1: clocks: 1, declared: 1, looping: 0, posedge: 1, negedge: 0, noedge: 0, bothedge: 0
0.0.Ncustom1: Starting proof for property "BLINK.p1"	[0.00 s].
0.0.Ncustom1: Trace Attempt  3	[0.00 s]
0.0.Ncustom1: Trace Attempt  4	[0.00 s]
0.0.Ncustom1: Trace Attempt  5	[0.00 s]
0.0.Ncustom1: Trace Attempt  1	[0.00 s]
0.0.Ncustom1: Trace Attempt  2	[0.00 s]
0.0.Ncustom1: Trace Attempt  3	[0.00 s]
0.0.Ncustom1: Trace Attempt  4	[0.01 s]
0.0.Ncustom1: Trace Attempt  5	[0.01 s]
0.0.Ht: Trace Attempt 10266	[184.70 s]
0.0.AMcustom3: Trace Attempt  1	[0.51 s]
0.0.AMcustom3: Trace Attempt  2	[0.51 s]
0.0.AMcustom3: Trace Attempt  3	[0.51 s]
0.0.AMcustom3: Trace Attempt  4	[0.52 s]
0.0.AMcustom3: Trace Attempt  5	[0.52 s]
0.0.Tri: Proofgrid shell started at 28992@vlsi-moon(local) jg_27388_vlsi-moon_1
0.0.Tri: clocks: 1, declared: 1, looping: 0, posedge: 1, negedge: 0, noedge: 0, bothedge: 0
0.0.Tri: Last scan. Per property time limit: 0s
0.0.Tri: Starting proof for property "BLINK.p1"	[0.00 s].
0.0.Tri: Trace Attempt  1	[0.00 s]
0.0.AMcustom3: Trace Attempt 61	[0.80 s]
0.0.AMcustom3: Stopped processing property "BLINK.p1"	[0.42 s].
0.0.AMcustom3: Morphing to ADcustom7
0.0.AMcustom3: All properties determined. [0.00 s]
0.0.AMcustom3: Exited with Success (@ 0.00 s)
0.0.ADcustom7: clocks: 1, declared: 1, looping: 0, posedge: 1, negedge: 0, noedge: 0, bothedge: 0
0.0.ADcustom7: Starting proof for property "BLINK.p1"	[0.00 s].
0.0.ADcustom7: Trace Attempt  1	[0.00 s]
0.0.ADcustom7: Trace Attempt  2	[0.00 s]
0.0.ADcustom7: Trace Attempt  1	[0.00 s]
0.0.ADcustom7: Trace Attempt  2	[0.00 s]
0.0.ADcustom7: Trace Attempt  3	[0.01 s]
0.0.ADcustom7: Trace Attempt  4	[0.01 s]
0.0.ADcustom7: Trace Attempt  5	[0.01 s]
0.0.ADcustom7: Trace Attempt  1	[0.02 s]
0.0.ADcustom7: Trace Attempt  2	[0.02 s]
0.0.ADcustom7: Trace Attempt  4	[0.02 s]
0.0.ADcustom7: Trace Attempt  5	[0.02 s]
0.0.Ncustom1: Trace Attempt 62	[0.39 s]
0.0.Ncustom1: Stopped processing property "BLINK.p1"	[0.46 s].
0.0.Ncustom1: Morphing to AMcustom5
0.0.Ncustom1: All properties determined. [0.00 s]
0.0.Ncustom1: Exited with Success (@ 0.00 s)
0.0.AMcustom5: clocks: 1, declared: 1, looping: 0, posedge: 1, negedge: 0, noedge: 0, bothedge: 0
0.0.AMcustom5: Starting proof for property "BLINK.p1"	[0.00 s].
0.0.AMcustom5: Trace Attempt  1	[0.00 s]
0.0.AMcustom5: Trace Attempt  2	[0.00 s]
0.0.AMcustom5: Trace Attempt  1	[0.00 s]
0.0.AMcustom5: Trace Attempt  2	[0.00 s]
0.0.AMcustom5: Trace Attempt  3	[0.01 s]
0.0.AMcustom5: Trace Attempt  4	[0.01 s]
0.0.AMcustom5: Trace Attempt  5	[0.01 s]
0.0.AMcustom5: Trace Attempt  1	[0.01 s]
0.0.AMcustom5: Trace Attempt  2	[0.01 s]
0.0.AMcustom5: Trace Attempt  3	[0.01 s]
0.0.AMcustom5: Trace Attempt  4	[0.01 s]
0.0.AMcustom5: Trace Attempt  5	[0.02 s]
0.0.Tri:    0.00" ---- Launching main thread ----
0.0.Tri:    0.08" ---- Launching abstraction thread ----
0.0.Tri:    0.09" ---- Launching multi-phase simplification thread ----
0.0.Tri:    0.12" ---- Launching liveness simplification thread ----
0.0.Hp: Trace Attempt 3279	[185.90 s]
0.0.Tri:    0.94" Simplification phase 1 complete
0.0.Bcustom2: Requesting engine job to terminate
0.0.Tri: Requesting engine job to terminate
0.0.AMcustom5: Requesting engine job to terminate
0.0.ADcustom7: Requesting engine job to terminate
0.0.Hp: Requesting engine job to terminate
0.0.Ht: Requesting engine job to terminate
INFO (IPF144): 0: Initiating shutdown of proof [186.42 s]
0.0.Tri: A proof was found: No trace exists. [1.35 s]
INFO (IPF057): 0.0.Tri: The property "BLINK.p1" was proven in 1.41 s.
0.0.AMcustom5: Trace Attempt 130	[1.24 s]
0.0.AMcustom5: Stopped processing property "BLINK.p1"	[2.06 s].
0.0.AMcustom5: All properties determined. [1.26 s]
0.0.ADcustom7: Trace Attempt 132	[1.20 s]
0.0.ADcustom7: Stopped processing property "BLINK.p1"	[2.11 s].
0.0.ADcustom7: All properties determined. [1.31 s]
0.0.ADcustom7: Exited with Success (@ 186.45 s)
0: ProofGrid usable level: 0
0.0.Hp: Trace Attempt 3283	[186.34 s]
0.0.Hp: All properties determined. [186.44 s]
0.0.Bcustom2: Trace Attempt 2026	[1.98 s]
0.0.Bcustom2: Stopped processing property "BLINK.p1"	[2.57 s].
0.0.Bcustom2: All properties determined. [2.17 s]
0.0.Ht: Trace Attempt 10295	[186.33 s]
0.0.Ht: All properties determined. [186.38 s]
0.0.AMcustom5: Exited with Success (@ 186.47 s)
0.0.Bcustom2: Exited with Success (@ 186.49 s)
0.0.Tri: Stopped processing property "BLINK.p1"	[2.19 s].
0.0.Tri: All properties determined. [1.48 s]
0.0.Tri: Exited with Success (@ 186.54 s)
0.0.Ht: Exited with Success (@ 186.63 s)
0.0.Hp: Exited with Success (@ 186.71 s)
0: --------------------------------------------------------------
ProofGrid Summary (utilization 99.81 %)
--------------------------------------------------------------
     engines started                               :    12
     engine jobs started                           :     7

    Average time in state (seconds)
    ------------------------------------------------------
    Engine  Pending     Running        Dead    Utilization
    ------------------------------------------------------
     Hp        0.09      186.41        0.00       99.95 %
     Ht        0.08      186.33        0.00       99.96 %
     Oh        0.08        0.00        0.00        1.84 %
    Bcustom2        0.09      185.80        0.00       99.95 %
    Tri        1.27        1.37        0.00       51.93 %
    AMcustom5        0.09      185.31        0.00       99.95 %
    ADcustom7        0.08      185.75        0.00       99.96 %
    all        0.25      133.00        0.00       99.81 %

    Total time in state (seconds)
    -----------------------------------------
            Pending     Running        Dead  
    -----------------------------------------
               1.78      930.97        0.00

    Data read    : 6.41 MiB
    Data written : 5.61 kiB

0: All pending notifications were processed.
INFO (IPF059): 0: Completed proof on task: "<embedded>"

==============================================================
SUMMARY
==============================================================
           Properties Considered              : 1
                 assertions                   : 1
                  - proven                    : 1 (100%)
                  - bounded_proven (user)     : 0 (0%)
                  - bounded_proven (auto)     : 0 (0%)
                  - marked_proven             : 0 (0%)
                  - cex                       : 0 (0%)
                  - ar_cex                    : 0 (0%)
                  - undetermined              : 0 (0%)
                  - unknown                   : 0 (0%)
                  - error                     : 0 (0%)
                 covers                       : 0
                  - unreachable               : 0
                  - bounded_unreachable (user): 0
                  - covered                   : 0
                  - ar_covered                : 0
                  - undetermined              : 0
                  - unknown                   : 0
                  - error                     : 0
proven
[<embedded>] % exit -force
[<embedded>] % INFO (IPL005): Received request to exit from the console.
INFO: Waiting for proof threads to stop...
INFO: Proof threads stopped.
INFO (IPL018): The peak resident set memory use for this session was 2.056 GB.
INFO (IPL014): Waiting for the Tcl-thread to exit.
INFO (IPL015): The Tcl-thread exited with status 0.
INFO (IPL016): Exiting the analysis session with status 0.
Finished blink_9.tcl successfully
