Jasper Apps 2024.06p002 64 bits 2024.09.02 16:28:38 UTC

Any disclosure about the Cadence Design Systems software or its use
model to any third party violates the written Non-Disclosure Agreement
between Cadence Design Systems, Inc. and the customer.

THIS SOFTWARE CONTAINS CONFIDENTIAL INFORMATION AND TRADE SECRETS OF
CADENCE DESIGN SYSTEMS, INC. USE, DISCLOSURE, OR REPRODUCTION IS
PROHIBITED WITHOUT THE PRIOR EXPRESS WRITTEN PERMISSION OF CADENCE
DESIGN SYSTEMS, INC.

Copyright (C) 2000-2024 Cadence Design Systems, Inc. All Rights
Reserved.  Unpublished -- rights reserved under the copyright laws of
the United States.

This product includes software developed by others and redistributed
according to license agreement. See doc/third_party_readme.txt for
further details.

RESTRICTED RIGHTS LEGEND

Use, duplication, or disclosure by the Government is subject to
restrictions as set forth in subparagraph (c) (1) (ii) of the Rights in
Technical Data and Computer Software clause at DFARS 252.227-7013 or
subparagraphs (c) (1) and (2) of Commercial Computer Software -- Restricted
Rights at 48 CFR 52.227-19, as applicable.


                          Cadence Design Systems, Inc.
                          2655 Seely Avenue
                          San Jose, CA 95134
                          Phone: 408.943.1234

For technical assistance visit http://support.cadence.com.

Jasper Apps Analysis Session - /users/rompel/jasper_executions/liveness/jgprojects/delay_4/sessionLogs/session_0

WARNING (WG017): [session]: The system's locale is "ANSI_X3.4-1968", which is not UTF-8. Non-ASCII characters might not be handled correctly.
WARNING (WG017): [jg_console]: The system's locale is "ANSI_X3.4-1968", which is not UTF-8. Non-ASCII characters might not be handled correctly.
INFO: successfully checked out license "jasper_fao".
INFO: reading configuration file "/users/rompel/.config/cadence/jasper.conf".
% analyze -sv09 ../delay_4.sv
INFO (IPL017): The host machine is running out of memory.
    This message was triggered because the system reached 1% memory.
    System memory use information:
    [Process]
        Memory In Use: 309064 kB (0%)
        Peak Memory Usage: 309064 kB (0%)
    [Host]
        Available Memory: 1602240 kB (0%)
        Total Memory: 527831204 kB
        Free Swap: 1246005884 kB (79%)
        Total Swap: 1565294584 kB
INFO (IPL017): The host machine is running out of memory.
    This message was triggered because the system reached 10% memory.
    System memory use information:
    [Process]
        Memory In Use: 309064 kB (0%)
        Peak Memory Usage: 309064 kB (0%)
    [Host]
        Available Memory: 1602240 kB (0%)
        Total Memory: 527831204 kB
        Free Swap: 1246005884 kB (79%)
        Total Swap: 1565294584 kB
[-- (VERI-1482)] Analyzing Verilog file '/tools/cadence2425/JASPER/jasper_2024.06p002/lib/verilog/packages/std/std.sv' into library 'std'
[-- (VERI-1482)] Analyzing Verilog file '../delay_4.sv'
% elaborate -bbox_mul 1000000 -bbox_div 1000000 -bbox_mod 1000000 -bbox_a 1000000
[INFO (HIER-8002)] ../delay_4.sv(13): Disabling old hierarchical reference handler
[INFO (VERI-1018)] ../delay_4.sv(1): compiling module 'DELAY'
[WARN (VERI-1209)] ../delay_4.sv(10): expression size 32 truncated to fit in target size 13
INFO (ISW003): Top module name is "DELAY".
INFO (INL208): Elaboration synthesis summary:
  Number of synthesized netlists          1 (0 packages)
  Single run mode                         On
  Pipeline                                On (1 pipelined netlists)
  Late hierarchical reference connection  On
  Number of analyzed Verilog modules      1 (1 synthesized)
  Number of analyzed VHDL entities        0 (0 synthesized)
INFO (INL003): Clearing all state information (assumes, stopats, and so forth).
DELAY
[<embedded>] % reset rst
INFO (IPM031): Clearing proof results of all properties.
INFO (IRS006): Current reset condition is "rst".
[<embedded>] % clock clk
[<embedded>] % prove -all
Ncustom1: Custom engine code is hT3Ng7hPPfiYQOTDZ3qhYOwGAM51eA+J/FjkM5shLioAsqhgLR4Ft+O1BuKG6ilQ83B9tLXSl+CwjiTMAQA
Bcustom2: Custom engine code is hT3Nm7hPr1Vp3Di1Ra2USNIGL4JypRnLKLAdF6JAyuavO2JfGCiY9OZJhcAcOUnLx5xwNdhILGrAWX9s+z2WDkKwNR7tAfClBEjRFVQeq6DU54boFgEA
AMcustom3: Custom engine code is hT3Ng7hP/feYQOTDZ3qhYOwGAM51eA+J/FjkM5shLioAsqhgLR4Ft+O1BuKG6ilQ83B9tLXSmmqwm7g9AQA
Mpcustom4: Custom engine code is hT3NZbhP9fmY2AbBQnsjfOxn6c+6e6yL+/e8fZFmaQrnlgEA
INFO (IPF036): Starting proof on task: "<embedded>", 2 properties to prove with 0 already proven/unreachable
INFO (IRS029): Starting reset analysis: phase 1 of 4.
INFO (IRS030): Running reset analysis: phase 2 of 4.
INFO (IRS031): Running reset analysis: phase 3 of 4.
INFO (IRS020): Starting the reset analysis simulation with a limit of 100 iterations (phase 4 of 4).
INFO (IRS024): Reset iterations 0 to 4 analyzed.
INFO (IRS018): Reset analysis simulation executed for 3 iterations. Assigned values for 13 of 13 design flops, 0 of 0 design latches, 6 of 6 internal elements.
INFO (IRS039): Reset analysis complete.
INFO (IPF031): Settings used for proof thread 0:
    orchestration                 = on
    time_limit                    = 86400s
    per_property_time_limit       = 1s * 10 ^ scan
    engine_mode                   = auto
    proofgrid_per_engine_max_jobs = 1
    max engine jobs               = auto
    proofgrid_mode                = local
    proofgrid_restarts            = 10
0: Using multistage preprocessing
0: Starting reduce
AMcustom5: Custom engine code is hT3N1rhP11/52HrFRS21ROp2LOjVTgPvT8L8BGXHgLhaIuqtT4nARFjUqrBL+7pLmaTOzBepZW/Jm8SSrHDybSQtoNiO3y43wk+dEoWlsZizu97Fih6O6lPVG/LpWP5SsUPwlGagLNa1FKEFvwVXyX7//8prySbvSxIHXr5er+z4RAEA
Ncustom6: Custom engine code is hT3OXrhPByJp3TrFSTLhUmMH4KVtJgmTCnNDF46yMXOKY48m4LS5nE7yBzFjA7kDuwO/GhGUpEPiky3p3wmPn3dJZHxFMsafSoObRzSC+tn7sEY0WbTdZ/FV4hL3MYH/b1CIUvXSWR4wqEoVLsmMOD4xIPT4lI1LO6ZCO7PnnWQuLwetnvKlrXx6wCW/A+x+enqslg1YPobi4wEF/EvbzOvcTYdJvl2s4H2yZg2b2ofAVN5WvhWk1HoBAA
0: Finished reduce in 0s
ADcustom7: Custom engine code is hT3Nv7hPv1752HrFRa2kROx2f/ECJeZB2AZsLdlO8VwmIuqtT4nIDFXclhg+O+o+DMmQCekbheGk0kK28laA9gaOFDXsQp29J3X615HY1IPHJWd6FUFvCHjO+p1k652b5JJvZlShNpGlGSXAiQe/mEAj6tEBAA
Tricustom8: Custom engine code is hT3Nu7hPt1752DvFRa0kNDiyIV97VyejwM9C/jCLJjdPvusZONHY42VYUy0Q1ZotnhcVtNc56tJ5wbxv6V2+XpdsaSlHck5vfnbYjdwj1OECy9U+7oSQ0SZE3g5ayD+Phuh4odCJTjeKa2k4elM9ldQfkAEA
Gcustom9: Custom engine code is hT3NibhPDfeYQADBZnYcglOvK9Pfd7EOeniIqP8jNsyIqInncipMGcUXqAadachREE9F2PwhBUZUNw5kHnd4JdXkamORRgEA
C2custom10: Custom engine code is hT3NirhPjfWYQADBZnYcglOvK9Pfd7EOeniIqP8jNsyIqInncgkrYMMXCYbdK0dUjZIF9d4cJ0rHoBDjwVLBKuG86XYVV00BAA
AGcustom11: Custom engine code is hT3NirhP/fmYQADBZnYcglOvK9Pfd7EOeniIqP8jNsyIqInnckcwYMMXCYbdK0dUjZIF9d4cJ0rHoBDjwVLBKuHEZnZByh0BAA
0.0.PRE: Performing Proof Simplification...
Bcustom12: Custom engine code is hT3NjrhPDfiYQADBZnYcglOvK9PfWxFtenjIyBqfrgr7if/jL/yPOuK1BAflEcW0DxNH2eDIoezN2gxlQFg81RZtiWXh7aiTAidvAQA
0.0.N: clocks: 1, declared: 1, looping: 0, posedge: 1, negedge: 0, noedge: 0, bothedge: 0
Ncustom13: Custom engine code is hT3NR7hPByFp3TrFSTLhUmMH4KWtJglTyV/c51BHEeZWamnJv767nE6PCak26bd3gf3XGN3rIRheufhDieCJQVISo+gNYUKhiUedBKGtsP/a18svAnlMJZudHxDFwK5ufsyoxsIyiAeSY2oi3tEuoDHr5gw42DFKAG3PqO3CEsl8Azzdt3pl5nGA1Ifv2H02eYsFzWb/nfp8PMb3F0krE/EgBcm8TD9Div8BAA
0.0.N: Proof Simplification Iteration 1	[0.00 s]
Tricustom14: Custom engine code is hT3Nu7hP3fiYQADBZnYcglNHp9bfd7EOeniIqP/ji8sGLQu8yhsFO+wxJ+O+R0bU8g/IewXFomyos+viQnWc2xYNYmMqpo3i40O7DaZR7qfp4YqNx26KRvQ/qx0BAA
0.0.PRE: A trace with 1 cycles was found. [0.00 s]
INFO (IPF047): 0.0.PRE: The cover property "DELAY.p1:precondition1" was covered in 1 cycles in 0.00 s.
0.0.N: Proof Simplification Iteration 2	[0.04 s]
0.0.PRE: A proof was found: No trace exists. [0.00 s]
INFO (IPF057): 0.0.PRE: The property ":noDeadEnd" was proven in 0.00 s.
    Use check_assumptions -show -dead_end to show this property in the property table.
0.0.PRE: A proof was found: No trace exists. [0.00 s]
INFO (IPF057): 0.0.PRE: The property ":noConflict" was proven in 0.00 s.
    Use check_assumptions -show to show this property in the property table.
INFO (IPF047): 0.0.PRE: The cover property ":live" was covered in 1 cycles in 0.00 s.
    Use check_assumptions -show -live to show this property in the property table.
0.0.PRE: Proof Simplification completed in 0.04 s
0: About to start ProofGrid in its own thread with a limit of 10000 pending notifications and a limit of 10 traces.
0: =============================== ProofGrid start ===============================
0: ProofGrid usable level: 1
0: Initial ProofGrid level: 1
0: ProofGrid is starting event handling
0.0.Hp: Proofgrid shell started at 48368@vlsi-moon(local) jg_48298_vlsi-moon_1
0.0.Hp: clocks: 1, declared: 1, looping: 0, posedge: 1, negedge: 0, noedge: 0, bothedge: 0
0.0.Hp: Last scan. Per property time limit: 0s
0.0.N: Proofgrid shell started at 48367@vlsi-moon(local) jg_48298_vlsi-moon_1
0.0.Hp: Trace Attempt  1	[0.00 s]
0.0.Hp: Trace Attempt  2	[0.01 s]
0.0.N: clocks: 1, declared: 1, looping: 0, posedge: 1, negedge: 0, noedge: 0, bothedge: 0
0.0.N: Last scan. Per property time limit: 0s
0.0.N: Starting proof for property "DELAY.p1"	[0.00 s].
0.0.N: Trace Attempt  1	[0.00 s]
0.0.N: Trace Attempt  2	[0.00 s]
0.0.Hp: Trace Attempt  3	[0.01 s]
0.0.N: Trace Attempt  2	[0.00 s]
0.0.N: Trace Attempt  3	[0.00 s]
0.0.N: Trace Attempt  4	[0.00 s]
0.0.Hp: Trace Attempt  4	[0.01 s]
0.0.Hp: Trace Attempt  5	[0.01 s]
0.0.N: Trace Attempt  4	[0.01 s]
0.0.N: Trace Attempt  5	[0.01 s]
0.0.N: Trace Attempt  1	[0.02 s]
0.0.N: Trace Attempt  2	[0.03 s]
0.0.N: Trace Attempt  3	[0.03 s]
0.0.N: Trace Attempt  4	[0.03 s]
0.0.N: Trace Attempt  5	[0.03 s]
0.0.L: Proofgrid shell started at 48403@vlsi-moon(local) jg_48298_vlsi-moon_1
0.0.AM: Proofgrid shell started at 48405@vlsi-moon(local) jg_48298_vlsi-moon_1
0.0.Oh: Proofgrid shell started at 48402@vlsi-moon(local) jg_48298_vlsi-moon_1
0.0.AM: clocks: 1, declared: 1, looping: 0, posedge: 1, negedge: 0, noedge: 0, bothedge: 0
0.0.L: clocks: 1, declared: 1, looping: 0, posedge: 1, negedge: 0, noedge: 0, bothedge: 0
0.0.AM: Last scan. Per property time limit: 0s
0.0.AM: Starting proof for property "DELAY.p1"	[0.00 s].
0.0.L: Using trace diversification with seed 1 (0.05)
0.0.L: Using LRU state removal heuristic
0.0.L: Ignoring liveness properties
0.0.L: All properties either determined or skipped. [0.00 s]
0.0.AM: Trace Attempt  1	[0.00 s]
0.0.Oh: clocks: 1, declared: 1, looping: 0, posedge: 1, negedge: 0, noedge: 0, bothedge: 0
0.0.Ht: Proofgrid shell started at 48399@vlsi-moon(local) jg_48298_vlsi-moon_1
0.0.Oh: Reached length limit (2147483647) [0.00 s]
0.0.AM: Trace Attempt  2	[0.00 s]
0.0.AM: Trace Attempt  3	[0.00 s]
0.0.AM: Trace Attempt  4	[0.00 s]
0.0.L: Exited with Success (@ 0.09 s)
0.0.L: Completed, Restart ignored.
0.0.Oh: Exited with Success (@ 0.09 s)
0.0.AM: Trace Attempt  5	[0.00 s]
0.0.Ht: clocks: 1, declared: 1, looping: 0, posedge: 1, negedge: 0, noedge: 0, bothedge: 0
0.0.Ht: Last scan. Per property time limit: 0s
0.0.Ht: Trace Attempt  1	[0.00 s]
0.0.AM: Trace Attempt  1	[0.00 s]
0.0.Ht: Trace Attempt  2	[0.00 s]
0.0.Ht: Trace Attempt  3	[0.00 s]
0.0.Ht: Trace Attempt  4	[0.00 s]
0.0.Ht: Trace Attempt  5	[0.00 s]
0.0.B: Proofgrid shell started at 48404@vlsi-moon(local) jg_48298_vlsi-moon_1
0.0.AM: Trace Attempt  2	[0.00 s]
0.0.AM: Trace Attempt  3	[0.00 s]
0.0.AM: Trace Attempt  4	[0.01 s]
0.0.B: clocks: 1, declared: 1, looping: 0, posedge: 1, negedge: 0, noedge: 0, bothedge: 0
0.0.B: Last scan. Per property time limit: 0s
0.0.B: Starting proof for property "DELAY.p1"	[0.00 s].
0.0.B: Trace Attempt  1	[0.00 s]
0.0.AM: Trace Attempt  5	[0.01 s]
0.0.B: Trace Attempt  2	[0.00 s]
0.0.B: Trace Attempt  3	[0.00 s]
0.0.B: Trace Attempt  4	[0.00 s]
0.0.B: Trace Attempt  5	[0.00 s]
0.0.Mpcustom4: Proofgrid shell started at 48401@vlsi-moon(local) jg_48298_vlsi-moon_1
0.0.Bm: Proofgrid shell started at 48400@vlsi-moon(local) jg_48298_vlsi-moon_1
0.0.Mpcustom4: clocks: 1, declared: 1, looping: 0, posedge: 1, negedge: 0, noedge: 0, bothedge: 0
0.0.Bm: clocks: 1, declared: 1, looping: 0, posedge: 1, negedge: 0, noedge: 0, bothedge: 0
0.0.Mpcustom4: Ignoring liveness properties
0.0.Mpcustom4: All properties either determined or skipped. [0.00 s]
0.0.Bm: Ignoring liveness properties
0.0.Bm: Last scan. Per property time limit: 0s
0.0.AM: Trace Attempt  1	[0.01 s]
0.0.Bm: Trace Attempt  1	[0.00 s]
0.0.Bm: Trace Attempt  2	[0.00 s]
0.0.Bm: Trace Attempt  3	[0.00 s]
0.0.AM: Trace Attempt  2	[0.02 s]
0.0.Bm: Trace Attempt  4	[0.00 s]
0.0.AM: Trace Attempt  3	[0.02 s]
0.0.Bm: Trace Attempt  5	[0.00 s]
0.0.Mpcustom4: Exited with Success (@ 0.10 s)
0.0.Mpcustom4: Completed, Restart ignored.
0.0.AM: Trace Attempt  4	[0.02 s]
0.0.AM: Trace Attempt  5	[0.02 s]
0.0.AM: Trace Attempt  1	[0.04 s]
0.0.AM: Trace Attempt  2	[0.04 s]
0.0.AM: Trace Attempt  3	[0.05 s]
0.0.AM: Trace Attempt  4	[0.05 s]
0.0.AM: Trace Attempt  5	[0.05 s]
0.0.N: Trace Attempt  1	[0.14 s]
0.0.N: Trace Attempt  2	[0.14 s]
0.0.N: Trace Attempt  3	[0.14 s]
0.0.N: Trace Attempt  4	[0.14 s]
0.0.N: Trace Attempt  5	[0.14 s]
0.0.AM: Trace Attempt  1	[0.17 s]
0.0.AM: Trace Attempt  2	[0.17 s]
0.0.AM: Trace Attempt  3	[0.17 s]
0.0.AM: Trace Attempt  4	[0.17 s]
0.0.AM: Trace Attempt  5	[0.17 s]
0.0.N: Trace Attempt  1	[0.63 s]
0.0.N: Trace Attempt  2	[0.63 s]
0.0.N: Trace Attempt  3	[0.63 s]
0.0.N: Trace Attempt  4	[0.63 s]
0.0.N: Trace Attempt  5	[0.64 s]
0.0.AM: Trace Attempt  1	[0.64 s]
0.0.AM: Trace Attempt  2	[0.64 s]
0.0.AM: Trace Attempt  3	[0.64 s]
0.0.AM: Trace Attempt  4	[0.64 s]
0.0.AM: Trace Attempt  5	[0.64 s]
0.0.N: Trace Attempt  1	[2.54 s]
0.0.N: Trace Attempt  2	[2.54 s]
0.0.N: Trace Attempt  3	[2.54 s]
0.0.N: Trace Attempt  4	[2.54 s]
0.0.N: Trace Attempt  5	[2.54 s]
0.0.AM: Trace Attempt  1	[2.52 s]
0.0.AM: Trace Attempt  2	[2.52 s]
0.0.AM: Trace Attempt  3	[2.52 s]
0.0.AM: Trace Attempt  4	[2.52 s]
0.0.AM: Trace Attempt  5	[2.52 s]
0.0.Hp: Trace Attempt 510	[4.03 s]
0.0.Ht: Trace Attempt 1780	[4.00 s]
0.0.B: Trace Attempt 1637	[4.00 s]
0.0.Bm: Trace Attempt 1906	[4.00 s]
0.0.N: Trace Attempt  1	[4.44 s]
0.0.N: Trace Attempt  2	[4.44 s]
0.0.N: Trace Attempt  3	[4.44 s]
0.0.N: Trace Attempt  4	[4.44 s]
0.0.N: Trace Attempt  5	[4.44 s]
0.0.N: Trace Attempt  1	[6.34 s]
0.0.N: Trace Attempt  2	[6.34 s]
0.0.N: Trace Attempt  3	[6.34 s]
0.0.N: Trace Attempt  4	[6.34 s]
0.0.N: Trace Attempt  5	[6.34 s]
0.0.AM: Trace Attempt 168	[6.54 s]
0.0.Hp: Trace Attempt 698	[8.04 s]
0.0.B: Trace Attempt 2188	[8.01 s]
0.0.Ht: Trace Attempt 2312	[8.01 s]
0.0.Bm: Trace Attempt 2616	[8.01 s]
0.0.N: Trace Attempt  1	[8.24 s]
0.0.N: Trace Attempt  2	[8.25 s]
0.0.N: Trace Attempt  3	[8.25 s]
0.0.N: Trace Attempt  4	[8.25 s]
0.0.N: Trace Attempt  5	[8.25 s]
0.0.N: Trace Attempt  1	[10.14 s]
0.0.N: Trace Attempt  2	[10.15 s]
0.0.N: Trace Attempt  3	[10.15 s]
0.0.N: Trace Attempt  4	[10.15 s]
0.0.N: Trace Attempt  5	[10.15 s]
0.0.AM: Trace Attempt 257	[10.71 s]
0.0.AM: Trace Attempt  1	[10.77 s]
0.0.AM: Trace Attempt  2	[10.77 s]
0.0.AM: Trace Attempt  3	[10.77 s]
0.0.AM: Trace Attempt  4	[10.77 s]
0.0.AM: Trace Attempt  5	[10.77 s]
0.0.Hp: Trace Attempt 843	[12.06 s]
0.0.B: Trace Attempt 2640	[12.01 s]
0.0.Ht: Trace Attempt 2757	[12.02 s]
0.0.Bm: Trace Attempt 3072	[12.02 s]
0.0.N: Trace Attempt  1	[12.20 s]
0.0.N: Trace Attempt  2	[12.20 s]
0.0.N: Trace Attempt  3	[12.20 s]
0.0.N: Trace Attempt  4	[12.21 s]
0.0.N: Trace Attempt  5	[12.21 s]
0.0.AM: Trace Attempt 175	[14.79 s]
0.0.Hp: Trace Attempt 977	[16.07 s]
0.0.B: Trace Attempt 3037	[16.02 s]
0.0.Ht: Trace Attempt 3140	[16.02 s]
0.0.Bm: Trace Attempt 3427	[16.02 s]
0.0.N: Trace Attempt 163	[16.24 s]
0.0.AM: Trace Attempt 239	[18.83 s]
0.0.Ht: Trace Attempt 3493	[20.02 s]
0.0.B: Trace Attempt 3382	[20.02 s]
0.0.Hp: Trace Attempt 1083	[20.13 s]
0.0.Bm: Trace Attempt 3740	[20.04 s]
0.0.N: Trace Attempt 225	[20.30 s]
0.0.N: Trace Attempt  1	[20.94 s]
0.0.N: Trace Attempt  2	[20.94 s]
0.0.N: Trace Attempt  3	[20.94 s]
0.0.N: Trace Attempt  4	[20.95 s]
0.0.N: Trace Attempt  5	[20.95 s]
0.0.AM: Trace Attempt 282	[23.07 s]
0.0.B: Trace Attempt 3685	[24.02 s]
0.0.Ht: Trace Attempt 3828	[24.03 s]
0.0.Bm: Trace Attempt 4019	[24.04 s]
0.0.Hp: Trace Attempt 1143	[24.19 s]
0.0.N: Trace Attempt 162	[25.01 s]
0.0.AM: Trace Attempt 319	[27.09 s]
0.0.B: Trace Attempt 3961	[28.04 s]
0.0.Ht: Trace Attempt 4136	[28.04 s]
0.0.Bm: Trace Attempt 4283	[28.05 s]
0.0.Hp: Trace Attempt 1182	[28.26 s]
0.0.N: Trace Attempt 224	[29.09 s]
0.0.N: Trace Attempt  1	[29.93 s]
0.0.N: Trace Attempt  2	[29.93 s]
0.0.N: Trace Attempt  3	[29.93 s]
0.0.N: Trace Attempt  4	[29.93 s]
0.0.N: Trace Attempt  5	[29.94 s]
0.0.AM: Trace Attempt 348	[31.16 s]
0.0.B: Trace Attempt 4219	[32.04 s]
0.0.Ht: Trace Attempt 4427	[32.05 s]
0.0.Bm: Trace Attempt 4530	[32.07 s]
0.0.Hp: Trace Attempt 1219	[32.26 s]
0.0.N: Trace Attempt 158	[33.94 s]
0.0.AM: Trace Attempt 381	[35.17 s]
0.0.B: Trace Attempt 4463	[36.05 s]
0.0.Ht: Trace Attempt 4692	[36.06 s]
0.0.Bm: Trace Attempt 4758	[36.07 s]
0.0.Hp: Trace Attempt 1255	[36.28 s]
0.0.N: Trace Attempt 219	[37.98 s]
0.0.AM: Trace Attempt 414	[39.26 s]
0.0.N: Trace Attempt  1	[39.38 s]
0.0.N: Trace Attempt  2	[39.38 s]
0.0.N: Trace Attempt  3	[39.38 s]
0.0.N: Trace Attempt  4	[39.38 s]
0.0.N: Trace Attempt  5	[39.38 s]
0.0.Ht: Trace Attempt 4945	[40.07 s]
0.0.B: Trace Attempt 4694	[40.07 s]
0.0.Bm: Trace Attempt 4972	[40.07 s]
0.0.Hp: Trace Attempt 1300	[40.34 s]
0.0.AM: Trace Attempt 447	[43.30 s]
0.0.N: Trace Attempt 158	[43.41 s]
0.0.B: Trace Attempt 4911	[44.08 s]
0.0.Bm: Trace Attempt 5042	[44.09 s]
0.0.Hp: Trace Attempt 1361	[44.40 s]
0.0.N: Trace Attempt 218	[47.45 s]
0.0.AM: Trace Attempt 260	[47.38 s]
0.0.B: Trace Attempt 5026	[48.10 s]
0.0.Bm: Trace Attempt 5093	[48.15 s]
0.0.Hp: Trace Attempt 1414	[48.43 s]
0.0.N: Trace Attempt  1	[48.85 s]
0.0.N: Trace Attempt  2	[48.85 s]
0.0.N: Trace Attempt  3	[48.85 s]
0.0.N: Trace Attempt  4	[48.85 s]
0.0.N: Trace Attempt  5	[48.86 s]
0.0.Ht: Trace Attempt 5004	[51.50 s]
0.0.B: Trace Attempt 5077	[52.11 s]
0.0.Bm: Trace Attempt 5144	[52.19 s]
0.0.Hp: Trace Attempt 1445	[52.47 s]
0.0.N: Trace Attempt 158	[52.94 s]
0.0.AM: Trace Attempt 513	[54.23 s]
0.0.AM: Trace Attempt  1	[54.64 s]
0.0.AM: Trace Attempt  2	[54.64 s]
0.0.AM: Trace Attempt  3	[54.64 s]
0.0.AM: Trace Attempt  4	[54.64 s]
0.0.AM: Trace Attempt  5	[54.64 s]
0.0.Ht: Trace Attempt 5131	[55.50 s]
0.0.B: Trace Attempt 5126	[56.14 s]
0.0.Bm: Trace Attempt 5187	[56.26 s]
0.0.Hp: Trace Attempt 1475	[56.59 s]
0.0.N: Trace Attempt 218	[56.94 s]
0.0.N: Trace Attempt  1	[58.36 s]
0.0.N: Trace Attempt  2	[58.36 s]
0.0.N: Trace Attempt  3	[58.36 s]
0.0.N: Trace Attempt  4	[58.36 s]
0.0.N: Trace Attempt  5	[58.37 s]
0.0.AM: Trace Attempt 149	[58.67 s]
0.0.Ht: Trace Attempt 5257	[59.51 s]
0.0.B: Trace Attempt 5173	[60.22 s]
0.0.Bm: Trace Attempt 5229	[60.35 s]
0.0.Hp: Trace Attempt 1506	[60.72 s]
0.0.N: Trace Attempt 158	[62.42 s]
0.0.AM: Trace Attempt 217	[62.75 s]
0.0.Ht: Trace Attempt 5363	[63.55 s]
0.0.B: Trace Attempt 5215	[64.25 s]
0.0.Bm: Trace Attempt 5271	[64.44 s]
0.0.Hp: Trace Attempt 1536	[64.77 s]
0.0.N: Trace Attempt 220	[66.50 s]
0.0.AM: Trace Attempt 241	[66.89 s]
0.0.Ht: Trace Attempt 5432	[67.55 s]
0.0.N: Trace Attempt  1	[67.78 s]
0.0.N: Trace Attempt  2	[67.78 s]
0.0.N: Trace Attempt  3	[67.78 s]
0.0.N: Trace Attempt  4	[67.78 s]
0.0.N: Trace Attempt  5	[67.78 s]
0.0.B: Trace Attempt 5257	[68.33 s]
0.0.Bm: Trace Attempt 5311	[68.52 s]
WARNING (WPF031): 0.0.Ht: Major page faults detected. Host "vlsi-moon" might be low on memory.
    Total memory = 527831204 kiB
    Free memory  = 1289952 kiB (0.24 %), Free swap = 1245494284 kiB
0.0.Hp: Trace Attempt 1566	[68.85 s]
0.0.AM: Trace Attempt 283	[70.92 s]
0.0.Ht: Trace Attempt 5531	[71.58 s]
0.0.N: Trace Attempt 158	[71.80 s]
0.0.B: Trace Attempt 5297	[72.37 s]
0.0.Bm: Trace Attempt 5351	[72.54 s]
0.0.Hp: Trace Attempt 1596	[72.96 s]
0.0.AM: Trace Attempt 313	[75.01 s]
0.0.Ht: Trace Attempt 5610	[75.60 s]
0.0.N: Trace Attempt 220	[75.81 s]
0.0.B: Trace Attempt 5338	[76.44 s]
0.0.Bm: Trace Attempt 5391	[76.57 s]
0.0.Hp: Trace Attempt 1625	[76.97 s]
0.0.N: Trace Attempt  1	[77.02 s]
0.0.N: Trace Attempt  2	[77.02 s]
0.0.N: Trace Attempt  3	[77.02 s]
0.0.N: Trace Attempt  4	[77.03 s]
0.0.N: Trace Attempt  5	[77.03 s]
0.0.AM: Trace Attempt 346	[79.07 s]
0.0.Ht: Trace Attempt 5694	[79.60 s]
0.0.B: Trace Attempt 5378	[80.45 s]
0.0.Bm: Trace Attempt 5430	[80.60 s]
0.0.N: Trace Attempt 159	[81.03 s]
0.0.Hp: Trace Attempt 1654	[81.05 s]
0.0.AM: Trace Attempt 379	[83.09 s]
0.0.Ht: Trace Attempt 5773	[83.62 s]
0.0.B: Trace Attempt 5418	[84.52 s]
0.0.Bm: Trace Attempt 5469	[84.64 s]
0.0.N: Trace Attempt 222	[85.06 s]
0.0.Hp: Trace Attempt 1682	[85.08 s]
0.0.N: Trace Attempt  1	[86.48 s]
0.0.N: Trace Attempt  2	[86.48 s]
0.0.N: Trace Attempt  3	[86.49 s]
0.0.N: Trace Attempt  4	[86.49 s]
0.0.N: Trace Attempt  5	[86.49 s]
0.0.AM: Trace Attempt 412	[87.16 s]
0.0.Ht: Trace Attempt 5847	[87.64 s]
0.0.B: Trace Attempt 5458	[88.61 s]
0.0.Bm: Trace Attempt 5508	[88.68 s]
0.0.Hp: Trace Attempt 1710	[89.16 s]
0.0.N: Trace Attempt 161	[90.54 s]
0.0.Ht: Trace Attempt 5919	[91.67 s]
0.0.AM: Trace Attempt 443	[91.80 s]
0.0.B: Trace Attempt 5498	[92.72 s]
0.0.Bm: Trace Attempt 5546	[92.80 s]
0.0.Hp: Trace Attempt 1737	[93.20 s]
0.0.N: Trace Attempt 222	[94.55 s]
0.0.N: Trace Attempt  1	[95.67 s]
0.0.N: Trace Attempt  2	[95.67 s]
0.0.N: Trace Attempt  3	[95.67 s]
0.0.N: Trace Attempt  4	[95.67 s]
0.0.N: Trace Attempt  5	[95.67 s]
0.0.Ht: Trace Attempt 5985	[95.67 s]
0.0.AM: Trace Attempt 456	[95.90 s]
0.0.B: Trace Attempt 5537	[96.79 s]
0.0.Bm: Trace Attempt 5584	[96.91 s]
0.0.Hp: Trace Attempt 1764	[97.25 s]
0.0.N: Trace Attempt 158	[99.69 s]
0.0.Ht: Trace Attempt 6057	[99.72 s]
0.0.AM: Trace Attempt 462	[100.38 s]
0.0.B: Trace Attempt 5575	[100.89 s]
0.0.Bm: Trace Attempt 5621	[100.95 s]
0.0.Hp: Trace Attempt 1790	[101.27 s]
0.0.N: Trace Attempt 220	[103.70 s]
0.0.Ht: Trace Attempt 6126	[103.79 s]
0.0.AM: Trace Attempt 471	[104.51 s]
0.0.N: Trace Attempt  1	[104.99 s]
0.0.N: Trace Attempt  2	[104.99 s]
0.0.N: Trace Attempt  3	[104.99 s]
0.0.N: Trace Attempt  4	[104.99 s]
0.0.N: Trace Attempt  5	[104.99 s]
0.0.Bm: Trace Attempt 5658	[104.95 s]
0.0.B: Trace Attempt 5612	[104.96 s]
0.0.Hp: Trace Attempt 1816	[105.34 s]
0.0.Ht: Trace Attempt 6195	[107.81 s]
0.0.AM: Trace Attempt 478	[108.72 s]
0.0.N: Trace Attempt 159	[109.05 s]
0.0.Bm: Trace Attempt 5695	[109.02 s]
0.0.B: Trace Attempt 5649	[109.06 s]
0.0.Hp: Trace Attempt 1842	[109.49 s]
0.0.Ht: Trace Attempt 6259	[111.84 s]
0.0.AM: Trace Attempt 487	[112.74 s]
0.0.N: Trace Attempt 222	[113.07 s]
0.0.Bm: Trace Attempt 5732	[113.04 s]
0.0.B: Trace Attempt 5686	[113.17 s]
0.0.Hp: Trace Attempt 1868	[113.64 s]
0.0.N: Trace Attempt  1	[114.11 s]
0.0.N: Trace Attempt  2	[114.11 s]
0.0.N: Trace Attempt  3	[114.11 s]
0.0.N: Trace Attempt  4	[114.11 s]
0.0.N: Trace Attempt  5	[114.11 s]
0.0.Ht: Trace Attempt 6260	[116.24 s]
0.0.AM: Trace Attempt 500	[116.83 s]
0.0.Bm: Trace Attempt 5769	[117.06 s]
0.0.B: Trace Attempt 5723	[117.25 s]
0.0.Hp: Trace Attempt 1893	[117.74 s]
0.0.N: Trace Attempt 159	[118.19 s]
0.0.Ht: Trace Attempt 6373	[120.27 s]
0.0.Bm: Trace Attempt 5804	[121.07 s]
0.0.B: Trace Attempt 5759	[121.32 s]
0.0.AM: Trace Attempt 515	[121.45 s]
0.0.Hp: Trace Attempt 1918	[121.89 s]
0.0.N: Trace Attempt 222	[122.24 s]
0.0.N: Trace Attempt  1	[123.59 s]
0.0.N: Trace Attempt  2	[123.59 s]
0.0.N: Trace Attempt  3	[123.59 s]
0.0.N: Trace Attempt  4	[123.59 s]
0.0.N: Trace Attempt  5	[123.59 s]
0.0.Ht: Trace Attempt 6478	[124.30 s]
0.0.Bm: Trace Attempt 5840	[125.10 s]
0.0.B: Trace Attempt 5795	[125.39 s]
0.0.AM: Trace Attempt 528	[125.65 s]
0.0.Hp: Trace Attempt 1942	[125.90 s]
0.0.N: Trace Attempt 162	[127.61 s]
0.0.Ht: Trace Attempt 6551	[128.85 s]
0.0.Bm: Trace Attempt 5876	[129.16 s]
0.0.B: Trace Attempt 5831	[129.45 s]
0.0.AM: Trace Attempt 542	[129.76 s]
0.0.Hp: Trace Attempt 1966	[129.95 s]
0.0.N: Trace Attempt 224	[131.67 s]
0.0.N: Trace Attempt  1	[132.79 s]
0.0.N: Trace Attempt  2	[132.79 s]
0.0.N: Trace Attempt  3	[132.79 s]
0.0.N: Trace Attempt  4	[132.80 s]
0.0.N: Trace Attempt  5	[132.80 s]
0.0.Ht: Trace Attempt 6634	[132.87 s]
0.0.Bm: Trace Attempt 5912	[133.25 s]
0.0.B: Trace Attempt 5866	[133.46 s]
0.0.AM: Trace Attempt 556	[133.76 s]
0.0.Hp: Trace Attempt 1981	[134.14 s]
0.0.N: Trace Attempt 162	[136.82 s]
0.0.Ht: Trace Attempt 6712	[136.89 s]
0.0.Bm: Trace Attempt 5948	[137.34 s]
0.0.B: Trace Attempt 5902	[137.53 s]
0.0.AM: Trace Attempt 570	[137.98 s]
0.0.Hp: Trace Attempt 1999	[138.27 s]
WARNING (WPF031): 0.0.Ht: Major page faults detected. Host "vlsi-moon" might be low on memory.
    Total memory = 527831204 kiB
    Free memory  = 1079316 kiB (0.20 %), Free swap = 1244109068 kiB
0.0.N: Trace Attempt 224	[140.85 s]
0.0.Ht: Trace Attempt 6781	[140.89 s]
0.0.Bm: Trace Attempt 5984	[141.44 s]
0.0.B: Trace Attempt 5937	[141.61 s]
0.0.N: Trace Attempt  1	[141.78 s]
0.0.N: Trace Attempt  2	[141.78 s]
0.0.N: Trace Attempt  3	[141.79 s]
0.0.N: Trace Attempt  4	[141.79 s]
0.0.N: Trace Attempt  5	[141.80 s]
0.0.AM: Trace Attempt 581	[142.05 s]
0.0.Hp: Trace Attempt 2017	[142.50 s]
0.0.Ht: Trace Attempt 6858	[144.91 s]
0.0.Bm: Trace Attempt 6020	[145.54 s]
0.0.B: Trace Attempt 5972	[145.67 s]
0.0.N: Trace Attempt 159	[145.82 s]
0.0.AM: Trace Attempt 593	[146.14 s]
0.0.Hp: Trace Attempt 2034	[146.51 s]
WARNING (WPF031): 0.0.N: Major page faults detected. Host "vlsi-moon" might be low on memory.
    Total memory = 527831204 kiB
    Free memory  = 1089600 kiB (0.21 %), Free swap = 1243910412 kiB
0.0.Ht: Trace Attempt 6930	[148.92 s]
0.0.Bm: Trace Attempt 6054	[149.60 s]
0.0.B: Trace Attempt 6007	[149.76 s]
0.0.N: Trace Attempt 222	[149.91 s]
0.0.AM: Trace Attempt 606	[150.42 s]
0.0.Hp: Trace Attempt 2056	[150.56 s]
0.0.N: Trace Attempt  1	[150.99 s]
0.0.N: Trace Attempt  2	[150.99 s]
0.0.N: Trace Attempt  3	[150.99 s]
0.0.N: Trace Attempt  4	[150.99 s]
0.0.N: Trace Attempt  5	[150.99 s]
0.0.Ht: Trace Attempt 6998	[152.93 s]
0.0.Bm: Trace Attempt 6088	[153.68 s]
0.0.B: Trace Attempt 6041	[153.79 s]
0.0.Hp: Trace Attempt 2097	[154.66 s]
0.0.AM: Trace Attempt 619	[154.67 s]
0.0.N: Trace Attempt 159	[155.07 s]
0.0.Ht: Trace Attempt 7063	[156.94 s]
0.0.Bm: Trace Attempt 6122	[157.74 s]
0.0.B: Trace Attempt 6075	[157.89 s]
0.0.Hp: Trace Attempt 2136	[158.71 s]
0.0.AM: Trace Attempt 629	[158.96 s]
0.0.N: Trace Attempt 222	[159.10 s]
0.0.N: Trace Attempt  1	[160.45 s]
0.0.N: Trace Attempt  2	[160.45 s]
0.0.N: Trace Attempt  3	[160.45 s]
0.0.N: Trace Attempt  4	[160.45 s]
0.0.N: Trace Attempt  5	[160.46 s]
0.0.Ht: Trace Attempt 7127	[160.97 s]
0.0.Bm: Trace Attempt 6156	[161.81 s]
0.0.B: Trace Attempt 6109	[161.97 s]
0.0.Hp: Trace Attempt 2175	[162.71 s]
0.0.AM: Trace Attempt 641	[163.29 s]
0.0.N: Trace Attempt 161	[164.47 s]
0.0.Ht: Trace Attempt 7189	[165.01 s]
0.0.Bm: Trace Attempt 6189	[165.83 s]
0.0.B: Trace Attempt 6142	[165.97 s]
0.0.Hp: Trace Attempt 2190	[166.83 s]
0.0.AM: Trace Attempt 652	[167.34 s]
0.0.N: Trace Attempt 223	[168.49 s]
0.0.Ht: Trace Attempt 7247	[169.03 s]
0.0.N: Trace Attempt  1	[169.54 s]
0.0.N: Trace Attempt  2	[169.55 s]
0.0.N: Trace Attempt  3	[169.55 s]
0.0.N: Trace Attempt  4	[169.55 s]
0.0.N: Trace Attempt  5	[169.55 s]
0.0.Bm: Trace Attempt 6222	[169.84 s]
0.0.B: Trace Attempt 6175	[169.98 s]
0.0.Hp: Trace Attempt 2205	[171.02 s]
0.0.AM: Trace Attempt 663	[171.52 s]
0.0.Ht: Trace Attempt 7306	[173.04 s]
0.0.N: Trace Attempt 161	[173.57 s]
0.0.Bm: Trace Attempt 6256	[173.93 s]
0.0.B: Trace Attempt 6208	[174.00 s]
0.0.Hp: Trace Attempt 2220	[175.28 s]
0.0.AM: Trace Attempt 672	[175.64 s]
0.0.Ht: Trace Attempt 7363	[177.05 s]
0.0.N: Trace Attempt 222	[177.61 s]
0.0.Bm: Trace Attempt 6288	[177.96 s]
0.0.B: Trace Attempt 6240	[178.01 s]
0.0.N: Trace Attempt  1	[178.73 s]
0.0.N: Trace Attempt  2	[178.73 s]
0.0.N: Trace Attempt  3	[178.73 s]
0.0.N: Trace Attempt  4	[178.73 s]
0.0.N: Trace Attempt  5	[178.74 s]
0.0.Hp: Trace Attempt 2235	[179.52 s]
0.0.AM: Trace Attempt 680	[179.82 s]
0.0.Ht: Trace Attempt 7419	[181.08 s]
0.0.Bm: Trace Attempt 6320	[181.99 s]
0.0.B: Trace Attempt 6273	[182.03 s]
0.0.B: Trace Attempt 6275	[182.27 s]
0.0.B: Stopped processing property "DELAY.p1"	[182.77 s].
0.0.B: Morphing to Bcustom2
0.0.B: All properties determined. [0.00 s]
0.0.B: Exited with Success (@ 0.00 s)
0.0.N: Trace Attempt 153	[182.41 s]
0.0.N: Stopped processing property "DELAY.p1"	[183.04 s].
0.0.N: Morphing to Ncustom1
0.0.N: All properties determined. [0.00 s]
0.0.N: Exited with Success (@ 0.00 s)
0.0.Bcustom2: clocks: 1, declared: 1, looping: 0, posedge: 1, negedge: 0, noedge: 0, bothedge: 0
0.0.Ncustom1: clocks: 1, declared: 1, looping: 0, posedge: 1, negedge: 0, noedge: 0, bothedge: 0
0.0.Bcustom2: Starting proof for property "DELAY.p1"	[0.00 s].
0.0.Ncustom1: Starting proof for property "DELAY.p1"	[0.00 s].
0.0.Bcustom2: Trace Attempt  1	[0.00 s]
0.0.Bcustom2: Trace Attempt  2	[0.00 s]
0.0.Bcustom2: Trace Attempt  1	[0.02 s]
0.0.Bcustom2: Trace Attempt  2	[0.02 s]
0.0.Bcustom2: Trace Attempt  3	[0.02 s]
0.0.Bcustom2: Trace Attempt  4	[0.02 s]
0.0.Bcustom2: Trace Attempt  5	[0.02 s]
0.0.Bcustom2: Trace Attempt  1	[0.03 s]
0.0.Bcustom2: Trace Attempt  2	[0.03 s]
0.0.Bcustom2: Trace Attempt  3	[0.03 s]
0.0.Bcustom2: Trace Attempt  4	[0.03 s]
0.0.Bcustom2: Trace Attempt  5	[0.03 s]
0.0.Ncustom1: Trace Attempt 245	[0.03 s]
0.0.Bcustom2: Trace Attempt  1	[0.03 s]
0.0.Bcustom2: Trace Attempt  2	[0.03 s]
0.0.Bcustom2: Trace Attempt  3	[0.03 s]
0.0.Bcustom2: Trace Attempt  4	[0.03 s]
0.0.Bcustom2: Trace Attempt  5	[0.03 s]
0.0.Bcustom2: Trace Attempt  1	[0.04 s]
0.0.Bcustom2: Trace Attempt  2	[0.04 s]
0.0.Bcustom2: Trace Attempt  3	[0.04 s]
0.0.Bcustom2: Trace Attempt  4	[0.04 s]
0.0.Bcustom2: Trace Attempt  5	[0.04 s]
0.0.AM: Trace Attempt 684	[181.88 s]
0.0.AM: Stopped processing property "DELAY.p1"	[182.97 s].
0.0.AM: Morphing to AMcustom3
0.0.Bcustom2: Trace Attempt  1	[0.05 s]
0.0.Bcustom2: Trace Attempt  2	[0.05 s]
0.0.Bcustom2: Trace Attempt  3	[0.05 s]
0.0.Bcustom2: Trace Attempt  4	[0.05 s]
0.0.Bcustom2: Trace Attempt  5	[0.05 s]
0.0.Bcustom2: Trace Attempt  1	[0.08 s]
0.0.Bcustom2: Trace Attempt  2	[0.08 s]
0.0.Bcustom2: Trace Attempt  3	[0.08 s]
0.0.Bcustom2: Trace Attempt  4	[0.08 s]
0.0.Bcustom2: Trace Attempt  5	[0.08 s]
0.0.AM: All properties determined. [0.00 s]
0.0.AM: Exited with Success (@ 0.00 s)
0.0.AMcustom3: clocks: 1, declared: 1, looping: 0, posedge: 1, negedge: 0, noedge: 0, bothedge: 0
0.0.AMcustom3: Starting proof for property "DELAY.p1"	[0.00 s].
0.0.AMcustom3: Trace Attempt  1	[0.00 s]
0.0.AMcustom3: Trace Attempt  2	[0.00 s]
0.0.AMcustom3: Trace Attempt  3	[0.00 s]
0.0.AMcustom3: Trace Attempt  4	[0.00 s]
0.0.AMcustom3: Trace Attempt  5	[0.00 s]
0.0.AMcustom3: Trace Attempt  1	[0.00 s]
0.0.AMcustom3: Trace Attempt  2	[0.00 s]
0.0.AMcustom3: Trace Attempt  3	[0.00 s]
0.0.AMcustom3: Trace Attempt  4	[0.01 s]
0.0.AMcustom3: Trace Attempt  5	[0.01 s]
0.0.AMcustom3: Trace Attempt  1	[0.01 s]
0.0.AMcustom3: Trace Attempt  2	[0.02 s]
0.0.AMcustom3: Trace Attempt  3	[0.02 s]
0.0.AMcustom3: Trace Attempt  4	[0.02 s]
0.0.AMcustom3: Trace Attempt  5	[0.02 s]
0.0.AMcustom3: Trace Attempt  1	[0.05 s]
0.0.AMcustom3: Trace Attempt  2	[0.05 s]
0.0.AMcustom3: Trace Attempt  3	[0.05 s]
0.0.AMcustom3: Trace Attempt  4	[0.05 s]
0.0.AMcustom3: Trace Attempt  5	[0.05 s]
0.0.Bcustom2: Trace Attempt  1	[0.23 s]
0.0.Bcustom2: Trace Attempt  2	[0.23 s]
0.0.Bcustom2: Trace Attempt  3	[0.23 s]
0.0.Bcustom2: Trace Attempt  4	[0.23 s]
0.0.Bcustom2: Trace Attempt  5	[0.23 s]
0.0.AMcustom3: Trace Attempt  1	[0.18 s]
0.0.AMcustom3: Trace Attempt  2	[0.18 s]
0.0.AMcustom3: Trace Attempt  3	[0.18 s]
0.0.AMcustom3: Trace Attempt  4	[0.18 s]
0.0.AMcustom3: Trace Attempt  5	[0.18 s]
0.0.Ncustom1: Trace Attempt  1	[0.42 s]
0.0.Ncustom1: Trace Attempt  2	[0.42 s]
0.0.Ncustom1: Trace Attempt  3	[0.42 s]
0.0.Ncustom1: Trace Attempt  4	[0.42 s]
0.0.Ncustom1: Trace Attempt  5	[0.43 s]
0.0.AMcustom5: Proofgrid shell started at 49976@vlsi-moon(local) jg_48298_vlsi-moon_1
0.0.Tri: Proofgrid shell started at 49954@vlsi-moon(local) jg_48298_vlsi-moon_1
0.0.D: Proofgrid shell started at 49957@vlsi-moon(local) jg_48298_vlsi-moon_1
0.0.AMcustom5: clocks: 1, declared: 1, looping: 0, posedge: 1, negedge: 0, noedge: 0, bothedge: 0
0.0.D: clocks: 1, declared: 1, looping: 0, posedge: 1, negedge: 0, noedge: 0, bothedge: 0
0.0.Tri: clocks: 1, declared: 1, looping: 0, posedge: 1, negedge: 0, noedge: 0, bothedge: 0
0.0.AMcustom5: Last scan. Per property time limit: 0s
0.0.AMcustom5: Starting proof for property "DELAY.p1"	[0.00 s].
0.0.D: Last scan. Per property time limit: 0s
0.0.D: Starting proof for property "DELAY.p1"	[0.00 s].
0.0.AMcustom5: Trace Attempt  1	[0.00 s]
0.0.AMcustom5: Trace Attempt  2	[0.00 s]
0.0.AMcustom5: Trace Attempt  1	[0.00 s]
0.0.AMcustom5: Trace Attempt  2	[0.00 s]
0.0.AMcustom5: Trace Attempt  3	[0.00 s]
0.0.AMcustom5: Trace Attempt  4	[0.00 s]
0.0.AMcustom5: Trace Attempt  5	[0.01 s]
0.0.AMcustom5: Trace Attempt  1	[0.01 s]
0.0.AMcustom5: Trace Attempt  2	[0.01 s]
0.0.AMcustom5: Trace Attempt  3	[0.01 s]
0.0.AMcustom5: Trace Attempt  4	[0.01 s]
0.0.AMcustom5: Trace Attempt  5	[0.01 s]
0.0.D: Trace Attempt  1	[0.01 s]
0.0.AMcustom5: Trace Attempt  1	[0.01 s]
0.0.D: Trace Attempt  2	[0.01 s]
0.0.AMcustom5: Trace Attempt  2	[0.01 s]
0.0.AMcustom5: Trace Attempt  3	[0.01 s]
0.0.AMcustom5: Trace Attempt  4	[0.01 s]
0.0.AMcustom5: Trace Attempt  5	[0.01 s]
0.0.D: Trace Attempt  4	[0.01 s]
0.0.AMcustom5: Trace Attempt  1	[0.02 s]
0.0.AMcustom5: Trace Attempt  2	[0.02 s]
0.0.Tri: Last scan. Per property time limit: 0s
0.0.Tri: Starting proof for property "DELAY.p1"	[0.00 s].
0.0.Tri: Trace Attempt  1	[0.00 s]
0.0.AMcustom5: Trace Attempt  3	[0.02 s]
0.0.AMcustom5: Trace Attempt  4	[0.02 s]
0.0.AMcustom5: Trace Attempt  5	[0.02 s]
0.0.AMcustom5: Trace Attempt  1	[0.02 s]
0.0.AMcustom5: Trace Attempt  2	[0.03 s]
0.0.AMcustom5: Trace Attempt  3	[0.03 s]
0.0.AMcustom5: Trace Attempt  4	[0.03 s]
0.0.AMcustom5: Trace Attempt  5	[0.03 s]
0.0.AMcustom5: Trace Attempt  1	[0.03 s]
0.0.AMcustom5: Trace Attempt  2	[0.03 s]
0.0.AMcustom5: Trace Attempt  3	[0.03 s]
0.0.AMcustom5: Trace Attempt  4	[0.04 s]
0.0.AMcustom5: Trace Attempt  5	[0.04 s]
0.0.AMcustom5: Trace Attempt  1	[0.07 s]
0.0.AMcustom5: Trace Attempt  2	[0.07 s]
0.0.AMcustom5: Trace Attempt  3	[0.07 s]
0.0.AMcustom5: Trace Attempt  4	[0.07 s]
0.0.AMcustom5: Trace Attempt  5	[0.07 s]
0.0.AMcustom5: Trace Attempt  1	[0.07 s]
0.0.AMcustom5: Trace Attempt  2	[0.07 s]
0.0.AMcustom5: Trace Attempt  3	[0.07 s]
0.0.AMcustom5: Trace Attempt  4	[0.07 s]
0.0.AMcustom5: Trace Attempt  5	[0.07 s]
0.0.AMcustom5: Trace Attempt  1	[0.08 s]
0.0.AMcustom5: Trace Attempt  2	[0.08 s]
0.0.AMcustom5: Trace Attempt  3	[0.08 s]
0.0.AMcustom5: Trace Attempt  4	[0.08 s]
0.0.AMcustom5: Trace Attempt  5	[0.08 s]
0.0.AMcustom5: Trace Attempt  1	[0.11 s]
0.0.AMcustom5: Trace Attempt  2	[0.11 s]
0.0.AMcustom5: Trace Attempt  3	[0.11 s]
0.0.AMcustom5: Trace Attempt  4	[0.11 s]
0.0.AMcustom5: Trace Attempt  5	[0.11 s]
0.0.Tri:    0.00" ---- Launching main thread ----
0.0.AMcustom3: Trace Attempt  1	[0.70 s]
0.0.AMcustom3: Trace Attempt  2	[0.70 s]
0.0.AMcustom3: Trace Attempt  3	[0.70 s]
0.0.AMcustom3: Trace Attempt  4	[0.70 s]
0.0.AMcustom3: Trace Attempt  5	[0.70 s]
0.0.AMcustom5: Trace Attempt  1	[0.24 s]
0.0.AMcustom5: Trace Attempt  2	[0.24 s]
0.0.AMcustom5: Trace Attempt  3	[0.24 s]
0.0.AMcustom5: Trace Attempt  4	[0.24 s]
0.0.AMcustom5: Trace Attempt  5	[0.24 s]
0.0.AMcustom5: Trace Attempt  1	[0.24 s]
0.0.AMcustom5: Trace Attempt  2	[0.24 s]
0.0.AMcustom5: Trace Attempt  3	[0.24 s]
0.0.AMcustom5: Trace Attempt  4	[0.24 s]
0.0.AMcustom5: Trace Attempt  5	[0.24 s]
0.0.AMcustom5: Trace Attempt  1	[0.25 s]
0.0.AMcustom5: Trace Attempt  2	[0.25 s]
0.0.AMcustom5: Trace Attempt  3	[0.25 s]
0.0.AMcustom5: Trace Attempt  5	[0.25 s]
0.0.Tri:    0.11" ---- Launching abstraction thread ----
0.0.Tri:    0.12" ---- Launching multi-phase simplification thread ----
0.0.AMcustom5: Trace Attempt  1	[0.28 s]
0.0.AMcustom5: Trace Attempt  2	[0.28 s]
0.0.AMcustom5: Trace Attempt  3	[0.28 s]
0.0.AMcustom5: Trace Attempt  4	[0.28 s]
0.0.AMcustom5: Trace Attempt  5	[0.28 s]
0.0.Tri:    0.15" ---- Launching liveness simplification thread ----
0.0.Bcustom2: Trace Attempt  1	[0.91 s]
0.0.Bcustom2: Trace Attempt  2	[0.91 s]
0.0.Bcustom2: Trace Attempt  3	[0.91 s]
0.0.Bcustom2: Trace Attempt  4	[0.91 s]
0.0.Bcustom2: Trace Attempt  5	[0.91 s]
0.0.AMcustom5: Trace Attempt  1	[0.40 s]
0.0.AMcustom5: Trace Attempt  2	[0.40 s]
0.0.AMcustom5: Trace Attempt  3	[0.40 s]
0.0.AMcustom5: Trace Attempt  4	[0.41 s]
0.0.AMcustom5: Trace Attempt  5	[0.41 s]
0.0.Hp: Trace Attempt 2250	[183.78 s]
0.0.AMcustom5: Trace Attempt  1	[0.97 s]
0.0.AMcustom5: Trace Attempt  2	[0.97 s]
0.0.AMcustom5: Trace Attempt  3	[0.97 s]
0.0.AMcustom5: Trace Attempt  4	[0.97 s]
0.0.AMcustom5: Trace Attempt  5	[0.97 s]
0.0.AMcustom5: Trace Attempt  1	[0.98 s]
0.0.AMcustom5: Trace Attempt  2	[0.98 s]
0.0.AMcustom5: Trace Attempt  3	[0.98 s]
0.0.AMcustom5: Trace Attempt  4	[0.98 s]
0.0.AMcustom5: Trace Attempt  5	[0.98 s]
0.0.AMcustom5: Trace Attempt  1	[0.98 s]
0.0.AMcustom5: Trace Attempt  2	[0.99 s]
0.0.AMcustom5: Trace Attempt  3	[0.99 s]
0.0.AMcustom5: Trace Attempt  4	[0.99 s]
0.0.AMcustom5: Trace Attempt  5	[0.99 s]
0.0.AMcustom5: Trace Attempt  1	[1.02 s]
0.0.AMcustom5: Trace Attempt  2	[1.02 s]
0.0.AMcustom5: Trace Attempt  3	[1.02 s]
0.0.AMcustom5: Trace Attempt  4	[1.02 s]
0.0.AMcustom5: Trace Attempt  5	[1.02 s]
0.0.Tri:    0.97" Simplification phase 1 complete
0.0.AMcustom5: Trace Attempt  1	[1.14 s]
0.0.AMcustom5: Trace Attempt  2	[1.14 s]
0.0.AMcustom5: Trace Attempt  3	[1.14 s]
0.0.AMcustom5: Trace Attempt  4	[1.15 s]
0.0.AMcustom5: Trace Attempt  5	[1.15 s]
0.0.AMcustom5: Trace Attempt  1	[1.62 s]
0.0.AMcustom5: Trace Attempt  2	[1.62 s]
0.0.AMcustom5: Trace Attempt  3	[1.62 s]
0.0.AMcustom5: Trace Attempt  4	[1.62 s]
0.0.AMcustom5: Trace Attempt  5	[1.62 s]
0.0.Ht: Trace Attempt 7473	[185.09 s]
0.0.D: Trace Attempt 64	[0.95 s]
0.0.D: Stopped processing property "DELAY.p1"	[1.88 s].
0.0.D: Morphing to M
0.0.D: All properties determined. [0.00 s]
0.0.D: Exited with Success (@ 0.00 s)
0.0.AMcustom5: Trace Attempt 51	[1.88 s]
0.0.AMcustom5: Stopped processing property "DELAY.p1"	[1.89 s].
0.0.AMcustom5: Morphing to ADcustom7
0.0.M: clocks: 1, declared: 1, looping: 0, posedge: 1, negedge: 0, noedge: 0, bothedge: 0
0.0.M: Starting proof for property "DELAY.p1"	[0.00 s].
0.0.M: Trace Attempt  1	[0.00 s]
0.0.AMcustom5: All properties determined. [0.00 s]
0.0.AMcustom5: Exited with Success (@ 0.00 s)
0.0.M: Trace Attempt  2	[0.00 s]
0.0.ADcustom7: clocks: 1, declared: 1, looping: 0, posedge: 1, negedge: 0, noedge: 0, bothedge: 0
0.0.M: Trace Attempt  3	[0.00 s]
0.0.ADcustom7: Starting proof for property "DELAY.p1"	[0.00 s].
0.0.ADcustom7: Trace Attempt  1	[0.00 s]
0.0.ADcustom7: Trace Attempt  2	[0.00 s]
0.0.ADcustom7: Trace Attempt  1	[0.00 s]
0.0.ADcustom7: Trace Attempt  2	[0.00 s]
0.0.ADcustom7: Trace Attempt  3	[0.00 s]
0.0.ADcustom7: Trace Attempt  4	[0.00 s]
0.0.ADcustom7: Trace Attempt  5	[0.00 s]
0.0.M: Trace Attempt  4	[0.01 s]
0.0.ADcustom7: Trace Attempt  1	[0.00 s]
0.0.ADcustom7: Trace Attempt  2	[0.00 s]
0.0.ADcustom7: Trace Attempt  3	[0.00 s]
0.0.ADcustom7: Trace Attempt  4	[0.01 s]
0.0.M: Trace Attempt  5	[0.01 s]
0.0.ADcustom7: Trace Attempt  5	[0.01 s]
0.0.ADcustom7: Trace Attempt  1	[0.01 s]
0.0.ADcustom7: Trace Attempt  2	[0.01 s]
0.0.ADcustom7: Trace Attempt  3	[0.01 s]
0.0.ADcustom7: Trace Attempt  4	[0.01 s]
0.0.ADcustom7: Trace Attempt  1	[0.03 s]
0.0.ADcustom7: Trace Attempt  2	[0.03 s]
0.0.ADcustom7: Trace Attempt  3	[0.03 s]
0.0.ADcustom7: Trace Attempt  4	[0.03 s]
0.0.ADcustom7: Trace Attempt  5	[0.03 s]
0.0.ADcustom7: Trace Attempt  1	[0.03 s]
0.0.ADcustom7: Trace Attempt  2	[0.03 s]
0.0.ADcustom7: Trace Attempt  3	[0.03 s]
0.0.ADcustom7: Trace Attempt  4	[0.03 s]
0.0.ADcustom7: Trace Attempt  1	[0.04 s]
0.0.ADcustom7: Trace Attempt  2	[0.04 s]
0.0.ADcustom7: Trace Attempt  3	[0.04 s]
0.0.ADcustom7: Trace Attempt  4	[0.04 s]
0.0.ADcustom7: Trace Attempt  1	[0.08 s]
0.0.ADcustom7: Trace Attempt  2	[0.08 s]
0.0.ADcustom7: Trace Attempt  3	[0.08 s]
0.0.ADcustom7: Trace Attempt  4	[0.08 s]
0.0.ADcustom7: Trace Attempt  5	[0.08 s]
0.0.ADcustom7: Trace Attempt  1	[0.08 s]
0.0.ADcustom7: Trace Attempt  2	[0.08 s]
0.0.ADcustom7: Trace Attempt  3	[0.08 s]
0.0.ADcustom7: Trace Attempt  4	[0.08 s]
0.0.ADcustom7: Trace Attempt  1	[0.09 s]
0.0.ADcustom7: Trace Attempt  2	[0.09 s]
0.0.ADcustom7: Trace Attempt  3	[0.09 s]
0.0.ADcustom7: Trace Attempt  4	[0.09 s]
0.0.ADcustom7: Trace Attempt  1	[0.13 s]
0.0.ADcustom7: Trace Attempt  2	[0.13 s]
0.0.ADcustom7: Trace Attempt  3	[0.13 s]
0.0.ADcustom7: Trace Attempt  4	[0.13 s]
0.0.Bcustom2: Trace Attempt  1	[2.77 s]
0.0.Bcustom2: Trace Attempt  2	[2.77 s]
0.0.Bcustom2: Trace Attempt  3	[2.77 s]
0.0.Bcustom2: Trace Attempt  4	[2.77 s]
0.0.Bcustom2: Trace Attempt  5	[2.77 s]
0.0.ADcustom7: Trace Attempt  1	[0.33 s]
0.0.ADcustom7: Trace Attempt  2	[0.33 s]
0.0.ADcustom7: Trace Attempt  3	[0.33 s]
0.0.ADcustom7: Trace Attempt  4	[0.33 s]
0.0.ADcustom7: Trace Attempt  5	[0.33 s]
0.0.ADcustom7: Trace Attempt  1	[0.33 s]
0.0.ADcustom7: Trace Attempt  2	[0.33 s]
0.0.ADcustom7: Trace Attempt  3	[0.33 s]
0.0.ADcustom7: Trace Attempt  4	[0.33 s]
0.0.ADcustom7: Trace Attempt  1	[0.34 s]
0.0.ADcustom7: Trace Attempt  2	[0.34 s]
0.0.ADcustom7: Trace Attempt  3	[0.34 s]
0.0.ADcustom7: Trace Attempt  4	[0.34 s]
0.0.Ncustom1: Requesting engine job to terminate
0.0.Bcustom2: Requesting engine job to terminate
0.0.AMcustom3: Requesting engine job to terminate
0.0.Tri: Requesting engine job to terminate
0.0.M: Requesting engine job to terminate
0.0.ADcustom7: Requesting engine job to terminate
0.0.Hp: Requesting engine job to terminate
0.0.Ht: Requesting engine job to terminate
0.0.Bm: Requesting engine job to terminate
INFO (IPF144): 0: Initiating shutdown of proof [185.57 s]
0.0.Tri: A proof was found: No trace exists. [2.21 s]
INFO (IPF057): 0.0.Tri: The property "DELAY.p1" was proven in 2.31 s.
0.0.M: Trace Attempt 43	[0.34 s]
0.0.M: Stopped processing property "DELAY.p1"	[1.14 s].
0.0.M: All properties determined. [0.35 s]
0.0.ADcustom7: Stopped processing property "DELAY.p1"	[1.14 s].
0.0.ADcustom7: All properties determined. [0.35 s]
0.0.Ncustom1: Trace Attempt 124	[2.67 s]
0.0.Ncustom1: Stopped processing property "DELAY.p1"	[3.30 s].
0.0.Ncustom1: All properties determined. [2.83 s]
0.0.Bcustom2: Trace Attempt 205	[2.82 s]
0.0.Bcustom2: Stopped processing property "DELAY.p1"	[3.30 s].
0.0.Bcustom2: All properties determined. [2.83 s]
0.0.AMcustom3: Trace Attempt  1	[2.73 s]
0.0.AMcustom3: Stopped processing property "DELAY.p1"	[3.30 s].
0.0.AMcustom3: All properties determined. [2.73 s]
0.0.Ht: Trace Attempt 7477	[185.39 s]
0.0.Ht: All properties determined. [185.48 s]
0.0.Hp: Trace Attempt 2256	[185.46 s]
0.0.Hp: All properties determined. [185.60 s]
0.0.Bcustom2: Exited with Success (@ 185.65 s)
0: ProofGrid usable level: 0
0.0.M: Exited with Success (@ 185.65 s)
0.0.ADcustom7: Exited with Success (@ 185.65 s)
0.0.AMcustom3: Exited with Success (@ 185.65 s)
0.0.Ncustom1: Exited with Success (@ 185.65 s)
0.0.Ht: Exited with Success (@ 185.65 s)
0.0.Bm: Trace Attempt 6348	[185.40 s]
0.0.Bm: All properties determined. [185.57 s]
0.0.Bm: Exited with Success (@ 185.69 s)
0.0.Tri: Stopped processing property "DELAY.p1"	[3.02 s].
0.0.Tri: All properties determined. [2.41 s]
0.0.Hp: Exited with Success (@ 185.84 s)
0.0.Tri: Exited with Success (@ 185.84 s)
0: --------------------------------------------------------------
ProofGrid Summary (utilization 99.79 %)
--------------------------------------------------------------
     engines started                               :    17
     engine jobs started                           :    12

    Average time in state (seconds)
    ------------------------------------------------------
    Engine  Pending     Running        Dead    Utilization
    ------------------------------------------------------
     Hp        0.09      185.56        0.00       99.95 %
     Ht        0.09      185.48        0.00       99.95 %
     Bm        0.10      185.47        0.00       99.95 %
    Mpcustom4        0.10        0.00        0.00        1.50 %
     Oh        0.08        0.00        0.00        1.71 %
      L        0.08        0.00        0.00        1.91 %
    Ncustom1        0.10      185.26        0.00       99.94 %
    Bcustom2        0.08      185.21        0.00       99.96 %
    AMcustom3        0.08      185.14        0.00       99.96 %
    Tri        0.75        2.24        0.00       74.80 %
      M        0.59        2.24        0.00       79.11 %
    ADcustom7        0.20        2.24        0.00       91.96 %
    all        0.19       93.24        0.00       99.79 %

    Total time in state (seconds)
    -----------------------------------------
            Pending     Running        Dead  
    -----------------------------------------
               2.33     1118.84        0.00

    Data read    : 5.54 MiB
    Data written : 4.78 kiB

0: All pending notifications were processed.
INFO (IPF059): 0: Completed proof on task: "<embedded>"

==============================================================
SUMMARY
==============================================================
           Properties Considered              : 2
                 assertions                   : 1
                  - proven                    : 1 (100%)
                  - bounded_proven (user)     : 0 (0%)
                  - bounded_proven (auto)     : 0 (0%)
                  - marked_proven             : 0 (0%)
                  - cex                       : 0 (0%)
                  - ar_cex                    : 0 (0%)
                  - undetermined              : 0 (0%)
                  - unknown                   : 0 (0%)
                  - error                     : 0 (0%)
                 covers                       : 1
                  - unreachable               : 0 (0%)
                  - bounded_unreachable (user): 0 (0%)
                  - covered                   : 1 (100%)
                  - ar_covered                : 0 (0%)
                  - undetermined              : 0 (0%)
                  - unknown                   : 0 (0%)
                  - error                     : 0 (0%)
determined
[<embedded>] % exit -force
[<embedded>] % INFO (IPL005): Received request to exit from the console.
INFO: Waiting for proof threads to stop...
INFO: Proof threads stopped.
INFO (IPL018): The peak resident set memory use for this session was 1.541 GB.
INFO (IPL014): Waiting for the Tcl-thread to exit.
INFO (IPL015): The Tcl-thread exited with status 0.
INFO (IPL016): Exiting the analysis session with status 0.
Finished delay_4.tcl successfully
