Jasper Apps 2024.06p002 64 bits 2024.09.02 16:28:38 UTC

Any disclosure about the Cadence Design Systems software or its use
model to any third party violates the written Non-Disclosure Agreement
between Cadence Design Systems, Inc. and the customer.

THIS SOFTWARE CONTAINS CONFIDENTIAL INFORMATION AND TRADE SECRETS OF
CADENCE DESIGN SYSTEMS, INC. USE, DISCLOSURE, OR REPRODUCTION IS
PROHIBITED WITHOUT THE PRIOR EXPRESS WRITTEN PERMISSION OF CADENCE
DESIGN SYSTEMS, INC.

Copyright (C) 2000-2024 Cadence Design Systems, Inc. All Rights
Reserved.  Unpublished -- rights reserved under the copyright laws of
the United States.

This product includes software developed by others and redistributed
according to license agreement. See doc/third_party_readme.txt for
further details.

RESTRICTED RIGHTS LEGEND

Use, duplication, or disclosure by the Government is subject to
restrictions as set forth in subparagraph (c) (1) (ii) of the Rights in
Technical Data and Computer Software clause at DFARS 252.227-7013 or
subparagraphs (c) (1) and (2) of Commercial Computer Software -- Restricted
Rights at 48 CFR 52.227-19, as applicable.


                          Cadence Design Systems, Inc.
                          2655 Seely Avenue
                          San Jose, CA 95134
                          Phone: 408.943.1234

For technical assistance visit http://support.cadence.com.

Jasper Apps Analysis Session - /users/rompel/jasper_executions/liveness/jgprojects/PWM_11/sessionLogs/session_0

WARNING (WG017): [session]: The system's locale is "ANSI_X3.4-1968", which is not UTF-8. Non-ASCII characters might not be handled correctly.
WARNING (WG017): [jg_console]: The system's locale is "ANSI_X3.4-1968", which is not UTF-8. Non-ASCII characters might not be handled correctly.
INFO: successfully checked out license "jasper_fao".
INFO: reading configuration file "/users/rompel/.config/cadence/jasper.conf".
% analyze -sv09 ../PWM_11.sv
[-- (VERI-1482)] Analyzing Verilog file '/tools/cadence2425/JASPER/jasper_2024.06p002/lib/verilog/packages/std/std.sv' into library 'std'
[-- (VERI-1482)] Analyzing Verilog file '../PWM_11.sv'
[INFO (VERI-2561)] ../PWM_11.sv(7): undeclared symbol 'lbR', assumed default net type 'wire'
[INFO (VERI-2561)] ../PWM_11.sv(8): undeclared symbol 'ubR', assumed default net type 'wire'
% elaborate -bbox_mul 1000000 -bbox_div 1000000 -bbox_mod 1000000 -bbox_a 1000000
[INFO (HIER-8002)] ../PWM_11.sv(32): Disabling old hierarchical reference handler
[INFO (VERI-1018)] ../PWM_11.sv(1): compiling module 'PWM_TOP'
[WARN (VERI-1209)] ../PWM_11.sv(7): expression size 21 truncated to fit in target size 1
[WARN (VERI-1209)] ../PWM_11.sv(8): expression size 21 truncated to fit in target size 1
[WARN (VERI-1209)] ../PWM_11.sv(13): expression size 32 truncated to fit in target size 20
[INFO (VERI-8005)] ../PWM_11.sv(1): Unintentional sequential element inferred for pulse_red read before write using blocking assignment
[INFO (VERI-8005)] ../PWM_11.sv(1): Unintentional sequential element inferred for lb_pulse read before write using blocking assignment
[INFO (VERI-8005)] ../PWM_11.sv(1): Unintentional sequential element inferred for ub_pulse read before write using blocking assignment
INFO (ISW003): Top module name is "PWM_TOP".
INFO (INL208): Elaboration synthesis summary:
  Number of synthesized netlists          1 (0 packages)
  Single run mode                         On
  Pipeline                                On (1 pipelined netlists)
  Late hierarchical reference connection  On
  Number of analyzed Verilog modules      1 (1 synthesized)
  Number of analyzed VHDL entities        0 (0 synthesized)
INFO (IPL017): The host machine is running out of memory.
    This message was triggered because the system reached 1% memory.
    System memory use information:
    [Process]
        Memory In Use: 275288 kB (0%)
        Peak Memory Usage: 275288 kB (0%)
    [Host]
        Available Memory: 705476 kB (0%)
        Total Memory: 527831204 kB
        Free Swap: 1363126984 kB (87%)
        Total Swap: 1565294584 kB
INFO (IPL017): The host machine is running out of memory.
    This message was triggered because the system reached 10% memory.
    System memory use information:
    [Process]
        Memory In Use: 275288 kB (0%)
        Peak Memory Usage: 275288 kB (0%)
    [Host]
        Available Memory: 705476 kB (0%)
        Total Memory: 527831204 kB
        Free Swap: 1363126984 kB (87%)
        Total Swap: 1565294584 kB
INFO (INL003): Clearing all state information (assumes, stopats, and so forth).
PWM_TOP
[<embedded>] % reset -none
INFO (IPM031): Clearing proof results of all properties.
[<embedded>] % clock clk
[<embedded>] % prove -all
Ncustom1: Custom engine code is hT3Ng7hPPfiYQOTDZ3qhYOwGAM51eA+J/FjkM5shLioAsqhgLR4Ft+O1BuKG6ilQ83B9tLXSl+CwjiTMAQA
Bcustom2: Custom engine code is hT3Nm7hPr1Vp3Di1Ra2USNIGL4JypRnLKLAdF6JAyuavO2JfGCiY9OZJhcAcOUnLx5xwNdhILGrAWX9s+z2WDkKwNR7tAfClBEjRFVQeq6DU54boFgEA
AMcustom3: Custom engine code is hT3Ng7hP/feYQOTDZ3qhYOwGAM51eA+J/FjkM5shLioAsqhgLR4Ft+O1BuKG6ilQ83B9tLXSmmqwm7g9AQA
Mpcustom4: Custom engine code is hT3NZbhP9fmY2AbBQnsjfOxn6c+6e6yL+/e8fZFmaQrnlgEA
INFO (IPF036): Starting proof on task: "<embedded>", 1 properties to prove with 0 already proven/unreachable
INFO (IRS029): Starting reset analysis: phase 1 of 4.
INFO (IRS030): Running reset analysis: phase 2 of 4.
INFO (IRS031): Running reset analysis: phase 3 of 4.
INFO (IRS020): Starting the reset analysis simulation with a limit of 100 iterations (phase 4 of 4).
INFO (IRS024): Reset iterations 0 to 4 analyzed.
INFO (IRS018): Reset analysis simulation executed for 3 iterations. Assigned values for 2 of 23 design flops, 0 of 0 design latches, 3 of 3 internal elements.
INFO (IRS039): Reset analysis complete.
INFO (IPF031): Settings used for proof thread 0:
    orchestration                 = on
    time_limit                    = 86400s
    per_property_time_limit       = 1s * 10 ^ scan
    engine_mode                   = auto
    proofgrid_per_engine_max_jobs = 1
    max engine jobs               = auto
    proofgrid_mode                = local
    proofgrid_restarts            = 10
AMcustom5: Custom engine code is hT3N1rhP11/52HrFRS21ROp2LOjVTgPvT8L8BGXHgLhaIuqtT4nARFjUqrBL+7pLmaTOzBepZW/Jm8SSrHDybSQtoNiO3y43wk+dEoWlsZizu97Fih6O6lPVG/LpWP5SsUPwlGagLNa1FKEFvwVXyX7//8prySbvSxIHXr5er+z4RAEA
0: Using multistage preprocessing
Ncustom6: Custom engine code is hT3OXrhPByJp3TrFSTLhUmMH4KVtJgmTCnNDF46yMXOKY48m4LS5nE7yBzFjA7kDuwO/GhGUpEPiky3p3wmPn3dJZHxFMsafSoObRzSC+tn7sEY0WbTdZ/FV4hL3MYH/b1CIUvXSWR4wqEoVLsmMOD4xIPT4lI1LO6ZCO7PnnWQuLwetnvKlrXx6wCW/A+x+enqslg1YPobi4wEF/EvbzOvcTYdJvl2s4H2yZg2b2ofAVN5WvhWk1HoBAA
ADcustom7: Custom engine code is hT3Nv7hPv1752HrFRa2kROx2f/ECJeZB2AZsLdlO8VwmIuqtT4nIDFXclhg+O+o+DMmQCekbheGk0kK28laA9gaOFDXsQp29J3X615HY1IPHJWd6FUFvCHjO+p1k652b5JJvZlShNpGlGSXAiQe/mEAj6tEBAA
Tricustom8: Custom engine code is hT3Nu7hPt1752DvFRa0kNDiyIV97VyejwM9C/jCLJjdPvusZONHY42VYUy0Q1ZotnhcVtNc56tJ5wbxv6V2+XpdsaSlHck5vfnbYjdwj1OECy9U+7oSQ0SZE3g5ayD+Phuh4odCJTjeKa2k4elM9ldQfkAEA
0: Starting reduce
Gcustom9: Custom engine code is hT3NibhPDfeYQADBZnYcglOvK9Pfd7EOeniIqP8jNsyIqInncipMGcUXqAadachREE9F2PwhBUZUNw5kHnd4JdXkamORRgEA
C2custom10: Custom engine code is hT3NirhPjfWYQADBZnYcglOvK9Pfd7EOeniIqP8jNsyIqInncgkrYMMXCYbdK0dUjZIF9d4cJ0rHoBDjwVLBKuG86XYVV00BAA
AGcustom11: Custom engine code is hT3NirhP/fmYQADBZnYcglOvK9Pfd7EOeniIqP8jNsyIqInnckcwYMMXCYbdK0dUjZIF9d4cJ0rHoBDjwVLBKuHEZnZByh0BAA
Bcustom12: Custom engine code is hT3NjrhPDfiYQADBZnYcglOvK9PfWxFtenjIyBqfrgr7if/jL/yPOuK1BAflEcW0DxNH2eDIoezN2gxlQFg81RZtiWXh7aiTAidvAQA
0: Finished reduce in 0s
Ncustom13: Custom engine code is hT3NR7hPByFp3TrFSTLhUmMH4KWtJglTyV/c51BHEeZWamnJv767nE6PCak26bd3gf3XGN3rIRheufhDieCJQVISo+gNYUKhiUedBKGtsP/a18svAnlMJZudHxDFwK5ufsyoxsIyiAeSY2oi3tEuoDHr5gw42DFKAG3PqO3CEsl8Azzdt3pl5nGA1Ifv2H02eYsFzWb/nfp8PMb3F0krE/EgBcm8TD9Div8BAA
0.0.PRE: Performing Proof Simplification...
Tricustom14: Custom engine code is hT3Nu7hP3fiYQADBZnYcglNHp9bfd7EOeniIqP/ji8sGLQu8yhsFO+wxJ+O+R0bU8g/IewXFomyos+viQnWc2xYNYmMqpo3i40O7DaZR7qfp4YqNx26KRvQ/qx0BAA
0.0.N: clocks: 1, declared: 1, looping: 0, posedge: 1, negedge: 0, noedge: 0, bothedge: 0
0.0.N: Proof Simplification Iteration 1	[0.00 s]
0.0.N: Proof Simplification Iteration 2	[0.00 s]
0.0.PRE: A proof was found: No trace exists. [0.00 s]
INFO (IPF057): 0.0.PRE: The property ":noDeadEnd" was proven in 0.00 s.
    Use check_assumptions -show -dead_end to show this property in the property table.
0.0.PRE: A proof was found: No trace exists. [0.00 s]
INFO (IPF057): 0.0.PRE: The property ":noConflict" was proven in 0.00 s.
    Use check_assumptions -show to show this property in the property table.
INFO (IPF047): 0.0.PRE: The cover property ":live" was covered in 1 cycles in 0.00 s.
    Use check_assumptions -show -live to show this property in the property table.
0.0.PRE: Proof Simplification completed in 0.00 s
0: About to start ProofGrid in its own thread with a limit of 10000 pending notifications and a limit of 10 traces.
0: =============================== ProofGrid start ===============================
0: ProofGrid usable level: 1
0: Initial ProofGrid level: 1
0: ProofGrid is starting event handling
0.0.Hp: Proofgrid shell started at 236399@vlsi-moon(local) jg_236331_vlsi-moon_1
0.0.N: Proofgrid shell started at 236398@vlsi-moon(local) jg_236331_vlsi-moon_1
0.0.Hp: clocks: 1, declared: 1, looping: 0, posedge: 1, negedge: 0, noedge: 0, bothedge: 0
0.0.N: clocks: 1, declared: 1, looping: 0, posedge: 1, negedge: 0, noedge: 0, bothedge: 0
0.0.Hp: Last scan. Per property time limit: 0s
0.0.N: Last scan. Per property time limit: 0s
0.0.N: Starting proof for property "PWM_TOP.p1"	[0.00 s].
0.0.N: Trace Attempt  1	[0.00 s]
0.0.N: Trace Attempt  2	[0.00 s]
0.0.N: Trace Attempt  2	[0.00 s]
0.0.Hp: Trace Attempt  1	[0.00 s]
0.0.N: Trace Attempt  3	[0.00 s]
0.0.Hp: Trace Attempt  2	[0.01 s]
0.0.N: Trace Attempt  3	[0.01 s]
0.0.Hp: Trace Attempt  3	[0.01 s]
0.0.N: Trace Attempt  4	[0.01 s]
0.0.N: Trace Attempt  5	[0.01 s]
0.0.Hp: Trace Attempt  4	[0.01 s]
0.0.Hp: Trace Attempt  5	[0.01 s]
0.0.N: Trace Attempt  1	[0.08 s]
0.0.N: Trace Attempt  2	[0.08 s]
0.0.N: Trace Attempt  3	[0.08 s]
0.0.Ht: Proofgrid shell started at 236430@vlsi-moon(local) jg_236331_vlsi-moon_1
0.0.Ht: clocks: 1, declared: 1, looping: 0, posedge: 1, negedge: 0, noedge: 0, bothedge: 0
0.0.Ht: Last scan. Per property time limit: 0s
0.0.Ht: Trace Attempt  1	[0.00 s]
0.0.Ht: Trace Attempt  2	[0.00 s]
0.0.Ht: Trace Attempt  3	[0.00 s]
0.0.Ht: Trace Attempt  4	[0.00 s]
0.0.N: Trace Attempt  4	[0.08 s]
0.0.Ht: Trace Attempt  5	[0.00 s]
0.0.B: Proofgrid shell started at 236432@vlsi-moon(local) jg_236331_vlsi-moon_1
0.0.AM: Proofgrid shell started at 236433@vlsi-moon(local) jg_236331_vlsi-moon_1
0.0.B: clocks: 1, declared: 1, looping: 0, posedge: 1, negedge: 0, noedge: 0, bothedge: 0
0.0.AM: clocks: 1, declared: 1, looping: 0, posedge: 1, negedge: 0, noedge: 0, bothedge: 0
0.0.B: Last scan. Per property time limit: 0s
0.0.B: Starting proof for property "PWM_TOP.p1"	[0.00 s].
0.0.AM: Last scan. Per property time limit: 0s
0.0.AM: Starting proof for property "PWM_TOP.p1"	[0.00 s].
0.0.B: Trace Attempt  1	[0.00 s]
0.0.AM: Trace Attempt  1	[0.00 s]
0.0.B: Trace Attempt  2	[0.00 s]
0.0.AM: Trace Attempt  2	[0.00 s]
0.0.B: Trace Attempt  3	[0.00 s]
0.0.AM: Trace Attempt  3	[0.00 s]
0.0.Oh: Proofgrid shell started at 236431@vlsi-moon(local) jg_236331_vlsi-moon_1
0.0.B: Trace Attempt  4	[0.00 s]
0.0.AM: Trace Attempt  4	[0.00 s]
0.0.B: Trace Attempt  5	[0.00 s]
0.0.AM: Trace Attempt  5	[0.00 s]
0.0.Oh: clocks: 1, declared: 1, looping: 0, posedge: 1, negedge: 0, noedge: 0, bothedge: 0
0.0.N: Trace Attempt  5	[0.09 s]
0.0.Oh: Reached length limit (2147483647) [0.00 s]
0.0.AM: Trace Attempt  1	[0.01 s]
0.0.Oh: Exited with Success (@ 0.14 s)
0.0.AM: Trace Attempt  2	[0.01 s]
0.0.AM: Trace Attempt  3	[0.01 s]
0.0.AM: Trace Attempt  4	[0.01 s]
0.0.AM: Trace Attempt  5	[0.01 s]
0.0.AM: Trace Attempt  1	[0.03 s]
0.0.AM: Trace Attempt  2	[0.03 s]
0.0.AM: Trace Attempt  3	[0.03 s]
0.0.AM: Trace Attempt  4	[0.04 s]
0.0.AM: Trace Attempt  5	[0.04 s]
0.0.AM: Trace Attempt  1	[0.13 s]
0.0.AM: Trace Attempt  2	[0.13 s]
0.0.AM: Trace Attempt  3	[0.13 s]
0.0.AM: Trace Attempt  4	[0.13 s]
0.0.AM: Trace Attempt  5	[0.14 s]
0.0.N: Trace Attempt  1	[0.31 s]
0.0.N: Trace Attempt  2	[0.31 s]
0.0.N: Trace Attempt  3	[0.31 s]
0.0.N: Trace Attempt  4	[0.32 s]
0.0.N: Trace Attempt  5	[0.32 s]
0.0.N: Trace Attempt  1	[0.55 s]
0.0.N: Trace Attempt  2	[0.55 s]
0.0.N: Trace Attempt  3	[0.55 s]
0.0.N: Trace Attempt  4	[0.55 s]
0.0.N: Trace Attempt  5	[0.56 s]
0.0.AM: Trace Attempt  1	[0.67 s]
0.0.AM: Trace Attempt  2	[0.67 s]
0.0.AM: Trace Attempt  3	[0.67 s]
0.0.AM: Trace Attempt  4	[0.68 s]
0.0.AM: Trace Attempt  5	[0.69 s]
0.0.N: Trace Attempt  1	[0.79 s]
0.0.N: Trace Attempt  2	[0.79 s]
0.0.N: Trace Attempt  3	[0.79 s]
0.0.N: Trace Attempt  4	[0.79 s]
0.0.N: Trace Attempt  5	[0.80 s]
0.0.N: Trace Attempt  1	[1.02 s]
0.0.N: Trace Attempt  2	[1.02 s]
0.0.N: Trace Attempt  3	[1.02 s]
0.0.N: Trace Attempt  4	[1.02 s]
0.0.N: Trace Attempt  5	[1.03 s]
0.0.N: Trace Attempt  1	[1.26 s]
0.0.N: Trace Attempt  2	[1.26 s]
0.0.N: Trace Attempt  3	[1.26 s]
0.0.N: Trace Attempt  4	[1.27 s]
0.0.N: Trace Attempt  5	[1.27 s]
0.0.N: Trace Attempt  1	[1.73 s]
0.0.N: Trace Attempt  2	[1.73 s]
0.0.N: Trace Attempt  3	[1.73 s]
0.0.N: Trace Attempt  4	[1.73 s]
0.0.N: Trace Attempt  5	[1.74 s]
0.0.N: Trace Attempt  1	[4.03 s]
0.0.N: Trace Attempt  2	[4.03 s]
0.0.N: Trace Attempt  3	[4.03 s]
0.0.N: Trace Attempt  4	[4.04 s]
0.0.N: Trace Attempt  5	[4.04 s]
0.0.Hp: Trace Attempt 119	[4.05 s]
0.0.Ht: Trace Attempt 123	[4.02 s]
0.0.B: Trace Attempt 131	[4.06 s]
0.0.AM: Trace Attempt  1	[4.22 s]
0.0.AM: Trace Attempt  2	[4.22 s]
0.0.AM: Trace Attempt  3	[4.22 s]
0.0.AM: Trace Attempt  4	[4.23 s]
0.0.AM: Trace Attempt  5	[4.24 s]
0.0.N: Trace Attempt  1	[6.50 s]
0.0.N: Trace Attempt  2	[6.51 s]
0.0.N: Trace Attempt  3	[6.51 s]
0.0.N: Trace Attempt  4	[6.51 s]
0.0.N: Trace Attempt  5	[6.52 s]
0.0.Hp: Trace Attempt 150	[8.12 s]
0.0.Ht: Trace Attempt 153	[8.07 s]
0.0.B: Trace Attempt 162	[8.19 s]
0.0.AM: Trace Attempt 72	[8.34 s]
0.0.N: Trace Attempt  1	[9.20 s]
0.0.N: Trace Attempt  2	[9.20 s]
0.0.N: Trace Attempt  3	[9.20 s]
0.0.N: Trace Attempt  4	[9.20 s]
0.0.N: Trace Attempt  5	[9.21 s]
0.0.N: Trace Attempt  1	[11.74 s]
0.0.N: Trace Attempt  2	[11.74 s]
0.0.N: Trace Attempt  3	[11.74 s]
0.0.N: Trace Attempt  4	[11.74 s]
0.0.N: Trace Attempt  5	[11.75 s]
0.0.Hp: Trace Attempt 172	[12.22 s]
0.0.Ht: Trace Attempt 176	[12.16 s]
0.0.B: Trace Attempt 187	[12.25 s]
0.0.AM: Trace Attempt 80	[12.56 s]
0.0.N: Trace Attempt  1	[14.19 s]
0.0.N: Trace Attempt  2	[14.19 s]
0.0.N: Trace Attempt  3	[14.19 s]
0.0.N: Trace Attempt  4	[14.19 s]
0.0.N: Trace Attempt  5	[14.20 s]
0.0.Hp: Trace Attempt 192	[16.25 s]
0.0.B: Trace Attempt 206	[16.36 s]
0.0.Ht: Trace Attempt 195	[16.44 s]
0.0.N: Trace Attempt  1	[17.10 s]
0.0.N: Trace Attempt  2	[17.10 s]
0.0.N: Trace Attempt  3	[17.10 s]
0.0.N: Trace Attempt  4	[17.11 s]
0.0.N: Trace Attempt  5	[17.12 s]
0.0.AM: Trace Attempt 88	[17.11 s]
0.0.N: Trace Attempt  1	[19.77 s]
0.0.N: Trace Attempt  2	[19.77 s]
0.0.N: Trace Attempt  3	[19.77 s]
0.0.N: Trace Attempt  4	[19.77 s]
0.0.N: Trace Attempt  5	[19.78 s]
0.0.Hp: Trace Attempt 208	[20.53 s]
0.0.Ht: Trace Attempt 213	[20.58 s]
0.0.B: Trace Attempt 220	[20.61 s]
0.0.AM: Trace Attempt 69	[21.12 s]
0.0.N: Trace Attempt  1	[22.41 s]
0.0.N: Trace Attempt  2	[22.41 s]
0.0.N: Trace Attempt  3	[22.41 s]
0.0.N: Trace Attempt  4	[22.42 s]
0.0.N: Trace Attempt  5	[22.43 s]
0.0.Hp: Trace Attempt 222	[24.56 s]
0.0.Ht: Trace Attempt 226	[24.60 s]
0.0.B: Trace Attempt 235	[24.82 s]
0.0.N: Trace Attempt  1	[25.13 s]
0.0.N: Trace Attempt  2	[25.13 s]
0.0.N: Trace Attempt  3	[25.13 s]
0.0.N: Trace Attempt  4	[25.14 s]
0.0.N: Trace Attempt  5	[25.14 s]
0.0.AM: Trace Attempt 107	[25.14 s]
0.0.N: Trace Attempt  1	[27.80 s]
0.0.N: Trace Attempt  2	[27.80 s]
0.0.N: Trace Attempt  3	[27.80 s]
0.0.N: Trace Attempt  4	[27.81 s]
0.0.N: Trace Attempt  5	[27.82 s]
0.0.AM: Trace Attempt  1	[27.99 s]
0.0.AM: Trace Attempt  2	[27.99 s]
0.0.AM: Trace Attempt  3	[27.99 s]
0.0.AM: Trace Attempt  4	[28.00 s]
0.0.AM: Trace Attempt  5	[28.02 s]
WARNING (WPF031): 0.0.N: Major page faults detected. Host "vlsi-moon" might be low on memory.
    Total memory = 527831204 kiB
    Free memory  = 1076368 kiB (0.20 %), Free swap = 1362633388 kiB
WARNING (WPF031): 0.0.Ht: Major page faults detected. Host "vlsi-moon" might be low on memory.
    Total memory = 527831204 kiB
    Free memory  = 1076368 kiB (0.20 %), Free swap = 1362633388 kiB
WARNING (WPF031): 0.0.AM: Major page faults detected. Host "vlsi-moon" might be low on memory.
    Total memory = 527831204 kiB
    Free memory  = 1076368 kiB (0.20 %), Free swap = 1362633388 kiB
0.0.Hp: Trace Attempt 233	[28.68 s]
0.0.Ht: Trace Attempt 239	[28.63 s]
0.0.B: Trace Attempt 251	[28.96 s]
0.0.N: Trace Attempt  1	[30.72 s]
0.0.N: Trace Attempt  2	[30.72 s]
0.0.N: Trace Attempt  3	[30.72 s]
0.0.N: Trace Attempt  4	[30.73 s]
0.0.N: Trace Attempt  5	[30.73 s]
0.0.AM: Trace Attempt 72	[32.26 s]
0.0.Hp: Trace Attempt 246	[32.93 s]
0.0.Ht: Trace Attempt 251	[32.94 s]
0.0.B: Trace Attempt 261	[33.04 s]
0.0.N: Trace Attempt  1	[33.74 s]
0.0.N: Trace Attempt  2	[33.74 s]
0.0.N: Trace Attempt  3	[33.74 s]
0.0.N: Trace Attempt  4	[33.75 s]
0.0.N: Trace Attempt  5	[33.76 s]
0.0.AM: Trace Attempt 90	[36.41 s]
0.0.B: Trace Attempt 268	[37.22 s]
0.0.Ht: Trace Attempt 261	[37.89 s]
0.0.N: Trace Attempt 55	[38.09 s]
0.0.Hp: Trace Attempt 256	[38.12 s]
0.0.N: Trace Attempt  1	[39.12 s]
0.0.N: Trace Attempt  2	[39.36 s]
0.0.N: Trace Attempt  3	[39.55 s]
0.0.N: Trace Attempt  4	[39.72 s]
0.0.N: Trace Attempt  5	[39.73 s]
WARNING (WPF031): 0.0.B: Major page faults detected. Host "vlsi-moon" might be low on memory.
    Total memory = 527831204 kiB
    Free memory  = 1069336 kiB (0.20 %), Free swap = 1362256976 kiB
0.0.AM: Trace Attempt 94	[40.55 s]
0.0.Hp: Trace Attempt 259	[42.16 s]
0.0.Ht: Trace Attempt 266	[42.23 s]
0.0.B: Trace Attempt 273	[42.24 s]
0.0.N: Trace Attempt 56	[45.00 s]
0.0.AM: Trace Attempt 100	[45.09 s]
0.0.Hp: Trace Attempt 264	[46.21 s]
0.0.Ht: Trace Attempt 273	[46.49 s]
0.0.B: Trace Attempt 282	[46.55 s]
0.0.N: Trace Attempt  1	[46.81 s]
0.0.N: Trace Attempt  2	[46.81 s]
0.0.N: Trace Attempt  3	[46.81 s]
0.0.N: Trace Attempt  4	[46.82 s]
0.0.N: Trace Attempt  5	[46.83 s]
0.0.AM: Trace Attempt 108	[49.20 s]
0.0.Hp: Trace Attempt 272	[50.41 s]
0.0.N: Trace Attempt 68	[50.85 s]
0.0.B: Trace Attempt 290	[50.80 s]
0.0.Ht: Trace Attempt 280	[50.82 s]
0.0.AM: Trace Attempt 115	[53.42 s]
0.0.Hp: Trace Attempt 278	[54.78 s]
0.0.Ht: Trace Attempt 287	[55.06 s]
0.0.B: Trace Attempt 298	[55.09 s]
0.0.N: Trace Attempt 81	[55.23 s]
0.0.AM: Trace Attempt 124	[57.78 s]
WARNING (WPF031): 0.0.Hp: Major page faults detected. Host "vlsi-moon" might be low on memory.
    Total memory = 527831204 kiB
    Free memory  = 1155196 kiB (0.22 %), Free swap = 1361447648 kiB
0.0.Ht: Trace Attempt 294	[59.07 s]
0.0.B: Trace Attempt 306	[59.19 s]
0.0.Hp: Trace Attempt 286	[59.32 s]
0.0.N: Trace Attempt 88	[59.40 s]
0.0.AM: Trace Attempt 133	[61.89 s]
0.0.B: Trace Attempt 314	[63.27 s]
0.0.Hp: Trace Attempt 293	[63.42 s]
0.0.Ht: Trace Attempt 302	[63.37 s]
0.0.N: Trace Attempt 94	[64.58 s]
0.0.AM: Trace Attempt 138	[66.01 s]
0.0.B: Trace Attempt 322	[67.51 s]
0.0.Hp: Trace Attempt 300	[67.62 s]
0.0.Ht: Trace Attempt 309	[67.84 s]
0.0.AM: Trace Attempt 142	[70.02 s]
0.0.Hp: Trace Attempt 306	[72.12 s]
0.0.B: Trace Attempt 329	[72.05 s]
0.0.N: Trace Attempt 95	[72.27 s]
0.0.Ht: Trace Attempt 316	[72.56 s]
0.0.N: Trace Attempt  1	[72.66 s]
0.0.N: Trace Attempt  2	[72.66 s]
0.0.N: Trace Attempt  3	[72.66 s]
0.0.N: Trace Attempt  4	[72.67 s]
0.0.N: Trace Attempt  5	[72.68 s]
0.0.AM: Trace Attempt 144	[74.15 s]
0.0.B: Trace Attempt 335	[76.22 s]
0.0.Ht: Trace Attempt 322	[76.81 s]
0.0.N: Trace Attempt 69	[76.91 s]
0.0.Hp: Trace Attempt 315	[77.48 s]
0.0.AM: Trace Attempt 148	[78.65 s]
0.0.B: Trace Attempt 340	[80.29 s]
0.0.N: Trace Attempt 82	[80.92 s]
0.0.Ht: Trace Attempt 329	[81.20 s]
0.0.Hp: Trace Attempt 320	[81.57 s]
0.0.AM: Trace Attempt 151	[83.62 s]
0.0.B: Trace Attempt 345	[84.69 s]
0.0.N: Trace Attempt 89	[85.24 s]
0.0.Ht: Trace Attempt 335	[85.57 s]
0.0.Hp: Trace Attempt 326	[85.68 s]
0.0.AM: Trace Attempt 153	[88.17 s]
0.0.B: Trace Attempt 351	[89.41 s]
0.0.Hp: Trace Attempt 332	[89.92 s]
0.0.Ht: Trace Attempt 340	[90.03 s]
0.0.N: Trace Attempt 94	[90.24 s]
0.0.AM: Trace Attempt 155	[92.47 s]
0.0.B: Trace Attempt 357	[93.80 s]
0.0.Ht: Trace Attempt 345	[94.03 s]
0.0.Hp: Trace Attempt 336	[94.36 s]
0.0.B: Trace Attempt 362	[98.00 s]
0.0.Ht: Trace Attempt 351	[98.39 s]
0.0.N: Trace Attempt 96	[98.49 s]
0.0.Hp: Trace Attempt 343	[98.69 s]
0.0.N: Trace Attempt  1	[99.17 s]
0.0.N: Trace Attempt  2	[99.17 s]
0.0.N: Trace Attempt  3	[99.17 s]
0.0.N: Trace Attempt  4	[99.19 s]
0.0.N: Trace Attempt  5	[99.20 s]
0.0.AM: Trace Attempt 157	[99.67 s]
0.0.Ht: Trace Attempt 357	[102.73 s]
0.0.B: Trace Attempt 368	[102.74 s]
0.0.Hp: Trace Attempt 348	[103.34 s]
0.0.N: Trace Attempt 69	[103.55 s]
0.0.AM: Trace Attempt 159	[107.02 s]
0.0.Ht: Trace Attempt 363	[107.20 s]
0.0.B: Trace Attempt 373	[107.28 s]
0.0.N: Trace Attempt 82	[107.63 s]
0.0.Hp: Trace Attempt 354	[108.04 s]
0.0.N: Trace Attempt 89	[111.73 s]
0.0.Ht: Trace Attempt 367	[111.66 s]
0.0.B: Trace Attempt 379	[111.89 s]
0.0.Hp: Trace Attempt 359	[112.18 s]
0.0.AM: Trace Attempt 160	[112.82 s]
0.0.B: Trace Attempt 385	[115.94 s]
0.0.Ht: Trace Attempt 374	[115.95 s]
0.0.Hp: Trace Attempt 364	[116.23 s]
0.0.N: Trace Attempt 94	[116.50 s]
0.0.AM: Trace Attempt 162	[117.81 s]
0.0.Ht: Trace Attempt 378	[120.13 s]
0.0.B: Trace Attempt 389	[120.64 s]
0.0.Hp: Trace Attempt 368	[120.83 s]
0.0.AM: Trace Attempt 165	[122.88 s]
0.0.N: Trace Attempt 97	[123.17 s]
0.0.N: Trace Attempt  1	[123.70 s]
0.0.N: Trace Attempt  2	[123.71 s]
0.0.N: Trace Attempt  3	[123.71 s]
0.0.N: Trace Attempt  4	[123.72 s]
0.0.N: Trace Attempt  5	[123.73 s]
0.0.Ht: Trace Attempt 382	[124.25 s]
0.0.Hp: Trace Attempt 374	[125.17 s]
0.0.B: Trace Attempt 393	[125.56 s]
0.0.N: Trace Attempt 69	[128.09 s]
0.0.AM: Trace Attempt 167	[128.90 s]
0.0.Ht: Trace Attempt 388	[129.25 s]
0.0.Hp: Trace Attempt 378	[129.68 s]
0.0.B: Trace Attempt 397	[130.30 s]
0.0.N: Trace Attempt 83	[133.20 s]
0.0.Ht: Trace Attempt 393	[133.63 s]
0.0.Hp: Trace Attempt 383	[133.87 s]
0.0.AM: Trace Attempt 170	[134.64 s]
0.0.B: Trace Attempt 401	[135.07 s]
0.0.N: Trace Attempt 91	[137.55 s]
0.0.Ht: Trace Attempt 397	[137.77 s]
0.0.Hp: Trace Attempt 388	[138.02 s]
0.0.B: Trace Attempt 405	[139.99 s]
0.0.Ht: Trace Attempt 400	[142.05 s]
0.0.N: Trace Attempt 97	[142.21 s]
0.0.AM: Trace Attempt 172	[142.60 s]
0.0.Hp: Trace Attempt 393	[142.75 s]
0.0.B: Trace Attempt 409	[144.54 s]
0.0.Ht: Trace Attempt 404	[146.42 s]
0.0.AM: Trace Attempt 174	[146.90 s]
0.0.Hp: Trace Attempt 397	[147.09 s]
0.0.N: Trace Attempt 98	[148.26 s]
0.0.N: Trace Attempt  1	[148.65 s]
0.0.N: Trace Attempt  2	[148.65 s]
0.0.N: Trace Attempt  3	[148.66 s]
0.0.N: Trace Attempt  4	[148.66 s]
0.0.N: Trace Attempt  5	[148.67 s]
0.0.B: Trace Attempt 413	[149.18 s]
0.0.Ht: Trace Attempt 407	[150.59 s]
0.0.Hp: Trace Attempt 400	[151.82 s]
0.0.N: Trace Attempt 69	[152.91 s]
0.0.AM: Trace Attempt 176	[153.22 s]
0.0.B: Trace Attempt 417	[153.73 s]
0.0.Ht: Trace Attempt 411	[155.33 s]
0.0.Hp: Trace Attempt 405	[156.94 s]
0.0.N: Trace Attempt 82	[156.98 s]
0.0.B: Trace Attempt 420	[158.13 s]
0.0.Ht: Trace Attempt 416	[160.04 s]
0.0.AM: Trace Attempt 178	[160.45 s]
0.0.Hp: Trace Attempt 408	[161.32 s]
0.0.N: Trace Attempt 90	[161.64 s]
0.0.B: Trace Attempt 424	[162.81 s]
0.0.Ht: Trace Attempt 420	[164.19 s]
0.0.N: Trace Attempt 94	[165.72 s]
0.0.Hp: Trace Attempt 412	[166.21 s]
0.0.B: Trace Attempt 428	[167.48 s]
0.0.AM: Trace Attempt 179	[168.34 s]
0.0.Ht: Trace Attempt 424	[168.49 s]
0.0.Hp: Trace Attempt 416	[170.46 s]
0.0.B: Trace Attempt 432	[172.61 s]
0.0.N: Trace Attempt 99	[174.32 s]
0.0.N: Trace Attempt  1	[174.73 s]
0.0.N: Trace Attempt  2	[174.73 s]
0.0.N: Trace Attempt  3	[174.73 s]
0.0.N: Trace Attempt  4	[174.74 s]
0.0.N: Trace Attempt  5	[174.75 s]
0.0.Ht: Trace Attempt 428	[174.72 s]
0.0.AM: Trace Attempt 180	[174.93 s]
0.0.Hp: Trace Attempt 420	[175.03 s]
0.0.B: Trace Attempt 436	[177.35 s]
WARNING (WPF031): 0.0.AM: Major page faults detected. Host "vlsi-moon" might be low on memory.
    Total memory = 527831204 kiB
    Free memory  = 1187680 kiB (0.23 %), Free swap = 1358127096 kiB
0.0.N: Trace Attempt 69	[178.89 s]
0.0.Hp: Trace Attempt 424	[179.24 s]
0.0.Ht: Trace Attempt 433	[179.48 s]
0.0.B: Trace Attempt 439	[181.35 s]
0.0.N: Trace Attempt 82	[182.98 s]
0.0.N: Stopped processing property "PWM_TOP.p1"	[184.16 s].
0.0.Ht: Trace Attempt 437	[183.94 s]
0.0.N: Morphing to Ncustom1
0.0.N: All properties determined. [0.00 s]
0.0.N: Exited with Success (@ 0.00 s)
0.0.B: Trace Attempt 440	[183.12 s]
0.0.B: Stopped processing property "PWM_TOP.p1"	[184.28 s].
0.0.B: Morphing to Bcustom2
0.0.B: All properties determined. [0.00 s]
0.0.B: Exited with Success (@ 0.00 s)
0.0.Ncustom1: clocks: 1, declared: 1, looping: 0, posedge: 1, negedge: 0, noedge: 0, bothedge: 0
0.0.Bcustom2: clocks: 1, declared: 1, looping: 0, posedge: 1, negedge: 0, noedge: 0, bothedge: 0
0.0.Ncustom1: Starting proof for property "PWM_TOP.p1"	[0.00 s].
0.0.Bcustom2: Starting proof for property "PWM_TOP.p1"	[0.00 s].
0.0.Ncustom1: Trace Attempt 98	[0.01 s]
0.0.Bcustom2: Trace Attempt  1	[0.02 s]
0.0.Bcustom2: Trace Attempt  2	[0.02 s]
0.0.Bcustom2: Trace Attempt  1	[0.05 s]
0.0.Bcustom2: Trace Attempt  2	[0.05 s]
0.0.Bcustom2: Trace Attempt  3	[0.05 s]
0.0.Bcustom2: Trace Attempt  4	[0.05 s]
0.0.Bcustom2: Trace Attempt  5	[0.06 s]
0.0.AM: Trace Attempt 181	[178.82 s]
0.0.AM: Stopped processing property "PWM_TOP.p1"	[184.35 s].
0.0.AM: Morphing to AMcustom3
0.0.AM: All properties determined. [0.00 s]
0.0.AM: Exited with Success (@ 0.00 s)
0.0.AMcustom3: clocks: 1, declared: 1, looping: 0, posedge: 1, negedge: 0, noedge: 0, bothedge: 0
0.0.AMcustom3: Starting proof for property "PWM_TOP.p1"	[0.00 s].
0.0.AMcustom3: Trace Attempt  1	[0.00 s]
0.0.AMcustom3: Trace Attempt  2	[0.00 s]
0.0.AMcustom3: Trace Attempt  3	[0.00 s]
0.0.AMcustom3: Trace Attempt  4	[0.00 s]
0.0.AMcustom3: Trace Attempt  5	[0.00 s]
0.0.AMcustom3: Trace Attempt  1	[0.01 s]
0.0.AMcustom3: Trace Attempt  2	[0.01 s]
0.0.AMcustom3: Trace Attempt  3	[0.01 s]
0.0.AMcustom3: Trace Attempt  4	[0.01 s]
0.0.AMcustom3: Trace Attempt  5	[0.02 s]
0.0.AMcustom3: Trace Attempt  1	[0.04 s]
0.0.AMcustom3: Trace Attempt  2	[0.04 s]
0.0.AMcustom3: Trace Attempt  3	[0.04 s]
0.0.AMcustom3: Trace Attempt  4	[0.04 s]
0.0.AMcustom3: Trace Attempt  5	[0.05 s]
0.0.AMcustom3: Trace Attempt  1	[0.13 s]
0.0.AMcustom3: Trace Attempt  2	[0.14 s]
0.0.AMcustom3: Trace Attempt  3	[0.14 s]
0.0.AMcustom3: Trace Attempt  4	[0.14 s]
0.0.AMcustom3: Trace Attempt  5	[0.15 s]
0.0.Tri: Proofgrid shell started at 237955@vlsi-moon(local) jg_236331_vlsi-moon_1
0.0.Tri: clocks: 1, declared: 1, looping: 0, posedge: 1, negedge: 0, noedge: 0, bothedge: 0
0.0.Tri: Last scan. Per property time limit: 0s
0.0.Tri: Starting proof for property "PWM_TOP.p1"	[0.00 s].
0.0.Tri: Trace Attempt  1	[0.00 s]
0.0.Tri:    0.00" ---- Launching main thread ----
0.0.Tri:    0.09" ---- Launching abstraction thread ----
0.0.Tri:    0.10" ---- Launching multi-phase simplification thread ----
0.0.Tri:    0.13" ---- Launching liveness simplification thread ----
0.0.AMcustom3: Trace Attempt  1	[0.69 s]
0.0.AMcustom3: Trace Attempt  2	[0.69 s]
0.0.AMcustom3: Trace Attempt  3	[0.69 s]
0.0.AMcustom3: Trace Attempt  4	[0.70 s]
0.0.AMcustom3: Trace Attempt  5	[0.71 s]
0.0.Tri:    0.92" Simplification phase 1 complete
0.0.Ncustom1: Requesting engine job to terminate
0.0.Bcustom2: Requesting engine job to terminate
0.0.AMcustom3: Requesting engine job to terminate
0.0.Tri: Requesting engine job to terminate
0.0.Hp: Requesting engine job to terminate
0.0.Ht: Requesting engine job to terminate
INFO (IPF144): 0: Initiating shutdown of proof [185.91 s]
0.0.Tri: A proof was found: No trace exists. [1.15 s]
INFO (IPF057): 0.0.Tri: The property "PWM_TOP.p1" was proven in 1.17 s.
0.0.Ncustom1: Stopped processing property "PWM_TOP.p1"	[2.13 s].
0.0.Ncustom1: All properties determined. [1.57 s]
0.0.AMcustom3: Trace Attempt 31	[1.34 s]
0.0.AMcustom3: Stopped processing property "PWM_TOP.p1"	[2.06 s].
0.0.AMcustom3: All properties determined. [1.44 s]
0.0.Bcustom2: Trace Attempt 88	[1.56 s]
0.0.Bcustom2: Stopped processing property "PWM_TOP.p1"	[2.13 s].
0.0.Bcustom2: All properties determined. [1.59 s]
0.0.Hp: Trace Attempt 427	[182.78 s]
0.0.Hp: All properties determined. [185.94 s]
0.0.Ht: All properties determined. [185.86 s]
0.0.Tri: Stopped processing property "PWM_TOP.p1"	[1.78 s].
0.0.Tri: All properties determined. [1.27 s]
0.0.Tri: Exited with Success (@ 186.03 s)
0: ProofGrid usable level: 0
0.0.Ncustom1: Exited with Success (@ 186.03 s)
0.0.AMcustom3: Exited with Success (@ 186.03 s)
0.0.Ht: Exited with Success (@ 186.05 s)
0.0.Bcustom2: Exited with Success (@ 186.05 s)
0.0.Hp: Exited with Success (@ 186.06 s)
0: --------------------------------------------------------------
ProofGrid Summary (utilization 99.85 %)
--------------------------------------------------------------
     engines started                               :    10
     engine jobs started                           :     7

    Average time in state (seconds)
    ------------------------------------------------------
    Engine  Pending     Running        Dead    Utilization
    ------------------------------------------------------
     Hp        0.18      185.87        0.00       99.90 %
     Ht        0.11      185.79        0.00       99.94 %
     Oh        0.09        0.00        0.00        3.63 %
    Ncustom1        0.18      185.42        0.00       99.90 %
    Bcustom2        0.09      185.54        0.00       99.95 %
    AMcustom3        0.09      185.39        0.00       99.95 %
    Tri        0.64        1.17        0.00       64.51 %
    all        0.20      132.74        0.00       99.85 %

    Total time in state (seconds)
    -----------------------------------------
            Pending     Running        Dead  
    -----------------------------------------
               1.38      929.19        0.00

    Data read    : 1.30 MiB
    Data written : 2.88 kiB

0: All pending notifications were processed.
INFO (IPF059): 0: Completed proof on task: "<embedded>"

==============================================================
SUMMARY
==============================================================
           Properties Considered              : 1
                 assertions                   : 1
                  - proven                    : 1 (100%)
                  - bounded_proven (user)     : 0 (0%)
                  - bounded_proven (auto)     : 0 (0%)
                  - marked_proven             : 0 (0%)
                  - cex                       : 0 (0%)
                  - ar_cex                    : 0 (0%)
                  - undetermined              : 0 (0%)
                  - unknown                   : 0 (0%)
                  - error                     : 0 (0%)
                 covers                       : 0
                  - unreachable               : 0
                  - bounded_unreachable (user): 0
                  - covered                   : 0
                  - ar_covered                : 0
                  - undetermined              : 0
                  - unknown                   : 0
                  - error                     : 0
proven
[<embedded>] % exit -force
[<embedded>] % INFO (IPL005): Received request to exit from the console.
INFO: Waiting for proof threads to stop...
INFO: Proof threads stopped.
INFO (IPL018): The peak resident set memory use for this session was 0.882 GB.
INFO (IPL014): Waiting for the Tcl-thread to exit.
INFO (IPL015): The Tcl-thread exited with status 0.
INFO (IPL016): Exiting the analysis session with status 0.
Finished PWM_11.tcl successfully
