Jasper Apps 2024.06p002 64 bits 2024.09.02 16:28:38 UTC

Any disclosure about the Cadence Design Systems software or its use
model to any third party violates the written Non-Disclosure Agreement
between Cadence Design Systems, Inc. and the customer.

THIS SOFTWARE CONTAINS CONFIDENTIAL INFORMATION AND TRADE SECRETS OF
CADENCE DESIGN SYSTEMS, INC. USE, DISCLOSURE, OR REPRODUCTION IS
PROHIBITED WITHOUT THE PRIOR EXPRESS WRITTEN PERMISSION OF CADENCE
DESIGN SYSTEMS, INC.

Copyright (C) 2000-2024 Cadence Design Systems, Inc. All Rights
Reserved.  Unpublished -- rights reserved under the copyright laws of
the United States.

This product includes software developed by others and redistributed
according to license agreement. See doc/third_party_readme.txt for
further details.

RESTRICTED RIGHTS LEGEND

Use, duplication, or disclosure by the Government is subject to
restrictions as set forth in subparagraph (c) (1) (ii) of the Rights in
Technical Data and Computer Software clause at DFARS 252.227-7013 or
subparagraphs (c) (1) and (2) of Commercial Computer Software -- Restricted
Rights at 48 CFR 52.227-19, as applicable.


                          Cadence Design Systems, Inc.
                          2655 Seely Avenue
                          San Jose, CA 95134
                          Phone: 408.943.1234

For technical assistance visit http://support.cadence.com.

Jasper Apps Analysis Session - /users/rompel/jasper_executions/liveness/jgprojects/seven_seg_1/sessionLogs/session_0

WARNING (WG017): [session]: The system's locale is "ANSI_X3.4-1968", which is not UTF-8. Non-ASCII characters might not be handled correctly.
WARNING (WG017): [jg_console]: The system's locale is "ANSI_X3.4-1968", which is not UTF-8. Non-ASCII characters might not be handled correctly.
INFO: successfully checked out license "jasper_fao".
INFO: reading configuration file "/users/rompel/.config/cadence/jasper.conf".
% analyze -sv09 ../seven_seg_1.sv
[-- (VERI-1482)] Analyzing Verilog file '/tools/cadence2425/JASPER/jasper_2024.06p002/lib/verilog/packages/std/std.sv' into library 'std'
[-- (VERI-1482)] Analyzing Verilog file '../seven_seg_1.sv'
% elaborate -bbox_mul 1000000 -bbox_div 1000000 -bbox_mod 1000000 -bbox_a 1000000
[INFO (HIER-8002)] ../seven_seg_1.sv(32): Disabling old hierarchical reference handler
[INFO (VERI-1018)] ../seven_seg_1.sv(1): compiling module 'SEVEN'
[WARN (VERI-1209)] ../seven_seg_1.sv(15): expression size 32 truncated to fit in target size 8
[INFO (VERI-8005)] ../seven_seg_1.sv(5): Unintentional sequential element inferred for cnt read before write using blocking assignment
[INFO (VERI-8005)] ../seven_seg_1.sv(6): Unintentional sequential element inferred for digit_select read before write using blocking assignment
[INFO (VERI-8005)] ../seven_seg_1.sv(1): Unintentional sequential element inferred for segment read before write using blocking assignment
[INFO (VERI-8005)] ../seven_seg_1.sv(1): Unintentional sequential element inferred for sig read before write using blocking assignment
INFO (ISW003): Top module name is "SEVEN".
INFO (INL208): Elaboration synthesis summary:
  Number of synthesized netlists          1 (0 packages)
  Single run mode                         On
  Pipeline                                On (1 pipelined netlists)
  Late hierarchical reference connection  On
  Number of analyzed Verilog modules      1 (1 synthesized)
  Number of analyzed VHDL entities        0 (0 synthesized)
INFO (INL003): Clearing all state information (assumes, stopats, and so forth).
SEVEN
[<embedded>] % reset rst
INFO (IPM031): Clearing proof results of all properties.
INFO (IRS006): Current reset condition is "rst".
[<embedded>] % clock clk
[<embedded>] % prove -all
Ncustom1: Custom engine code is hT3Ng7hPPfiYQOTDZ3qhYOwGAM51eA+J/FjkM5shLioAsqhgLR4Ft+O1BuKG6ilQ83B9tLXSl+CwjiTMAQA
Bcustom2: Custom engine code is hT3Nm7hPr1Vp3Di1Ra2USNIGL4JypRnLKLAdF6JAyuavO2JfGCiY9OZJhcAcOUnLx5xwNdhILGrAWX9s+z2WDkKwNR7tAfClBEjRFVQeq6DU54boFgEA
AMcustom3: Custom engine code is hT3Ng7hP/feYQOTDZ3qhYOwGAM51eA+J/FjkM5shLioAsqhgLR4Ft+O1BuKG6ilQ83B9tLXSmmqwm7g9AQA
Mpcustom4: Custom engine code is hT3NZbhP9fmY2AbBQnsjfOxn6c+6e6yL+/e8fZFmaQrnlgEA
INFO (IPF036): Starting proof on task: "<embedded>", 2 properties to prove with 0 already proven/unreachable
INFO (IRS029): Starting reset analysis: phase 1 of 4.
INFO (IRS030): Running reset analysis: phase 2 of 4.
INFO (IRS031): Running reset analysis: phase 3 of 4.
INFO (IRS020): Starting the reset analysis simulation with a limit of 100 iterations (phase 4 of 4).
INFO (IRS024): Reset iterations 0 to 4 analyzed.
INFO (IRS018): Reset analysis simulation executed for 3 iterations. Assigned values for 17 of 17 design flops, 0 of 0 design latches, 6 of 6 internal elements.
INFO (IRS039): Reset analysis complete.
INFO (IPF031): Settings used for proof thread 0:
    orchestration                 = on
    time_limit                    = 86400s
    per_property_time_limit       = 1s * 10 ^ scan
    engine_mode                   = auto
    proofgrid_per_engine_max_jobs = 1
    max engine jobs               = auto
    proofgrid_mode                = local
    proofgrid_restarts            = 10
0: Using multistage preprocessing
0: Starting reduce
AMcustom5: Custom engine code is hT3N1rhP11/52HrFRS21ROp2LOjVTgPvT8L8BGXHgLhaIuqtT4nARFjUqrBL+7pLmaTOzBepZW/Jm8SSrHDybSQtoNiO3y43wk+dEoWlsZizu97Fih6O6lPVG/LpWP5SsUPwlGagLNa1FKEFvwVXyX7//8prySbvSxIHXr5er+z4RAEA
Ncustom6: Custom engine code is hT3OXrhPByJp3TrFSTLhUmMH4KVtJgmTCnNDF46yMXOKY48m4LS5nE7yBzFjA7kDuwO/GhGUpEPiky3p3wmPn3dJZHxFMsafSoObRzSC+tn7sEY0WbTdZ/FV4hL3MYH/b1CIUvXSWR4wqEoVLsmMOD4xIPT4lI1LO6ZCO7PnnWQuLwetnvKlrXx6wCW/A+x+enqslg1YPobi4wEF/EvbzOvcTYdJvl2s4H2yZg2b2ofAVN5WvhWk1HoBAA
ADcustom7: Custom engine code is hT3Nv7hPv1752HrFRa2kROx2f/ECJeZB2AZsLdlO8VwmIuqtT4nIDFXclhg+O+o+DMmQCekbheGk0kK28laA9gaOFDXsQp29J3X615HY1IPHJWd6FUFvCHjO+p1k652b5JJvZlShNpGlGSXAiQe/mEAj6tEBAA
Tricustom8: Custom engine code is hT3Nu7hPt1752DvFRa0kNDiyIV97VyejwM9C/jCLJjdPvusZONHY42VYUy0Q1ZotnhcVtNc56tJ5wbxv6V2+XpdsaSlHck5vfnbYjdwj1OECy9U+7oSQ0SZE3g5ayD+Phuh4odCJTjeKa2k4elM9ldQfkAEA
0: Finished reduce in 0s
Gcustom9: Custom engine code is hT3NibhPDfeYQADBZnYcglOvK9Pfd7EOeniIqP8jNsyIqInncipMGcUXqAadachREE9F2PwhBUZUNw5kHnd4JdXkamORRgEA
C2custom10: Custom engine code is hT3NirhPjfWYQADBZnYcglOvK9Pfd7EOeniIqP8jNsyIqInncgkrYMMXCYbdK0dUjZIF9d4cJ0rHoBDjwVLBKuG86XYVV00BAA
AGcustom11: Custom engine code is hT3NirhP/fmYQADBZnYcglOvK9Pfd7EOeniIqP8jNsyIqInnckcwYMMXCYbdK0dUjZIF9d4cJ0rHoBDjwVLBKuHEZnZByh0BAA
0.0.PRE: Performing Proof Simplification...
Bcustom12: Custom engine code is hT3NjrhPDfiYQADBZnYcglOvK9PfWxFtenjIyBqfrgr7if/jL/yPOuK1BAflEcW0DxNH2eDIoezN2gxlQFg81RZtiWXh7aiTAidvAQA
0.0.N: clocks: 1, declared: 1, looping: 0, posedge: 1, negedge: 0, noedge: 0, bothedge: 0
Ncustom13: Custom engine code is hT3NR7hPByFp3TrFSTLhUmMH4KWtJglTyV/c51BHEeZWamnJv767nE6PCak26bd3gf3XGN3rIRheufhDieCJQVISo+gNYUKhiUedBKGtsP/a18svAnlMJZudHxDFwK5ufsyoxsIyiAeSY2oi3tEuoDHr5gw42DFKAG3PqO3CEsl8Azzdt3pl5nGA1Ifv2H02eYsFzWb/nfp8PMb3F0krE/EgBcm8TD9Div8BAA
Tricustom14: Custom engine code is hT3Nu7hP3fiYQADBZnYcglNHp9bfd7EOeniIqP/ji8sGLQu8yhsFO+wxJ+O+R0bU8g/IewXFomyos+viQnWc2xYNYmMqpo3i40O7DaZR7qfp4YqNx26KRvQ/qx0BAA
0.0.N: Proof Simplification Iteration 1	[0.00 s]
0.0.PRE: A trace with 1 cycles was found. [0.00 s]
INFO (IPF047): 0.0.PRE: The cover property "SEVEN.p1:precondition1" was covered in 1 cycles in 0.00 s.
0.0.N: Proof Simplification Iteration 2	[0.06 s]
0.0.PRE: A proof was found: No trace exists. [0.00 s]
INFO (IPF057): 0.0.PRE: The property ":noDeadEnd" was proven in 0.00 s.
    Use check_assumptions -show -dead_end to show this property in the property table.
0.0.PRE: A proof was found: No trace exists. [0.00 s]
INFO (IPF057): 0.0.PRE: The property ":noConflict" was proven in 0.00 s.
    Use check_assumptions -show to show this property in the property table.
INFO (IPF047): 0.0.PRE: The cover property ":live" was covered in 1 cycles in 0.00 s.
    Use check_assumptions -show -live to show this property in the property table.
0.0.PRE: Proof Simplification completed in 0.07 s
0: About to start ProofGrid in its own thread with a limit of 10000 pending notifications and a limit of 10 traces.
0: =============================== ProofGrid start ===============================
0: ProofGrid usable level: 1
0: Initial ProofGrid level: 1
0: ProofGrid is starting event handling
0.0.N: Proofgrid shell started at 154160@vlsi-moon(local) jg_154093_vlsi-moon_1
0.0.Hp: Proofgrid shell started at 154161@vlsi-moon(local) jg_154093_vlsi-moon_1
0.0.N: clocks: 1, declared: 1, looping: 0, posedge: 1, negedge: 0, noedge: 0, bothedge: 0
0.0.N: Last scan. Per property time limit: 0s
0.0.N: Starting proof for property "SEVEN.p1"	[0.00 s].
0.0.N: Trace Attempt  1	[0.00 s]
0.0.N: Trace Attempt  2	[0.00 s]
0.0.Hp: clocks: 1, declared: 1, looping: 0, posedge: 1, negedge: 0, noedge: 0, bothedge: 0
0.0.Hp: Last scan. Per property time limit: 0s
0.0.N: Trace Attempt  2	[0.00 s]
0.0.N: Trace Attempt  3	[0.00 s]
0.0.N: Trace Attempt  3	[0.00 s]
0.0.N: Trace Attempt  4	[0.00 s]
0.0.N: Trace Attempt  5	[0.00 s]
0.0.Hp: Trace Attempt  1	[0.00 s]
0.0.Hp: Trace Attempt  2	[0.00 s]
0.0.Hp: Trace Attempt  3	[0.01 s]
0.0.Hp: Trace Attempt  4	[0.01 s]
0.0.Hp: Trace Attempt  5	[0.01 s]
0.0.N: Trace Attempt  1	[0.01 s]
0.0.N: Trace Attempt  2	[0.01 s]
0.0.N: Trace Attempt  3	[0.01 s]
0.0.N: Trace Attempt  4	[0.01 s]
0.0.N: Trace Attempt  5	[0.01 s]
0.0.Ht: Proofgrid shell started at 154192@vlsi-moon(local) jg_154093_vlsi-moon_1
0.0.Ht: clocks: 1, declared: 1, looping: 0, posedge: 1, negedge: 0, noedge: 0, bothedge: 0
0.0.Ht: Last scan. Per property time limit: 0s
0.0.Ht: Trace Attempt  1	[0.00 s]
0.0.Ht: Trace Attempt  2	[0.00 s]
0.0.Ht: Trace Attempt  3	[0.00 s]
0.0.Ht: Trace Attempt  4	[0.00 s]
0.0.Ht: Trace Attempt  5	[0.00 s]
0.0.Bm: Proofgrid shell started at 154193@vlsi-moon(local) jg_154093_vlsi-moon_1
0.0.Bm: clocks: 1, declared: 1, looping: 0, posedge: 1, negedge: 0, noedge: 0, bothedge: 0
0.0.Bm: Ignoring liveness properties
0.0.Bm: Last scan. Per property time limit: 0s
0.0.Bm: Trace Attempt  1	[0.00 s]
0.0.Bm: Trace Attempt  2	[0.00 s]
0.0.Bm: Trace Attempt  3	[0.00 s]
0.0.Bm: Trace Attempt  4	[0.00 s]
0.0.Bm: Trace Attempt  5	[0.00 s]
0.0.B: Proofgrid shell started at 154197@vlsi-moon(local) jg_154093_vlsi-moon_1
0.0.B: clocks: 1, declared: 1, looping: 0, posedge: 1, negedge: 0, noedge: 0, bothedge: 0
0.0.B: Last scan. Per property time limit: 0s
0.0.B: Starting proof for property "SEVEN.p1"	[0.00 s].
0.0.Mpcustom4: Proofgrid shell started at 154194@vlsi-moon(local) jg_154093_vlsi-moon_1
0.0.B: Trace Attempt  1	[0.00 s]
0.0.B: Trace Attempt  2	[0.00 s]
0.0.B: Trace Attempt  3	[0.00 s]
0.0.Mpcustom4: clocks: 1, declared: 1, looping: 0, posedge: 1, negedge: 0, noedge: 0, bothedge: 0
0.0.B: Trace Attempt  4	[0.00 s]
0.0.Mpcustom4: Ignoring liveness properties
0.0.Mpcustom4: All properties either determined or skipped. [0.00 s]
0.0.B: Trace Attempt  5	[0.00 s]
0.0.L: Proofgrid shell started at 154196@vlsi-moon(local) jg_154093_vlsi-moon_1
0.0.Mpcustom4: Exited with Success (@ 0.08 s)
0.0.Mpcustom4: Completed, Restart ignored.
0.0.L: clocks: 1, declared: 1, looping: 0, posedge: 1, negedge: 0, noedge: 0, bothedge: 0
0.0.L: Using trace diversification with seed 1 (0.05)
0.0.L: Using LRU state removal heuristic
0.0.L: Ignoring liveness properties
0.0.L: All properties either determined or skipped. [0.00 s]
0.0.L: Exited with Success (@ 0.08 s)
0.0.L: Completed, Restart ignored.
0.0.Oh: Proofgrid shell started at 154195@vlsi-moon(local) jg_154093_vlsi-moon_1
0.0.Oh: clocks: 1, declared: 1, looping: 0, posedge: 1, negedge: 0, noedge: 0, bothedge: 0
0.0.Oh: Reached length limit (2147483647) [0.00 s]
0.0.Oh: Exited with Success (@ 0.09 s)
0.0.AM: Proofgrid shell started at 154198@vlsi-moon(local) jg_154093_vlsi-moon_1
0.0.AM: clocks: 1, declared: 1, looping: 0, posedge: 1, negedge: 0, noedge: 0, bothedge: 0
0.0.AM: Last scan. Per property time limit: 0s
0.0.AM: Starting proof for property "SEVEN.p1"	[0.00 s].
0.0.AM: Trace Attempt  1	[0.00 s]
0.0.AM: Trace Attempt  2	[0.00 s]
0.0.AM: Trace Attempt  3	[0.00 s]
0.0.AM: Trace Attempt  4	[0.00 s]
0.0.AM: Trace Attempt  5	[0.00 s]
0.0.AM: Trace Attempt  1	[0.00 s]
0.0.AM: Trace Attempt  2	[0.00 s]
0.0.AM: Trace Attempt  3	[0.00 s]
0.0.AM: Trace Attempt  4	[0.01 s]
0.0.AM: Trace Attempt  5	[0.01 s]
0.0.AM: Trace Attempt  1	[0.01 s]
0.0.AM: Trace Attempt  2	[0.01 s]
0.0.AM: Trace Attempt  3	[0.01 s]
0.0.AM: Trace Attempt  4	[0.01 s]
0.0.AM: Trace Attempt  5	[0.01 s]
0.0.AM: Trace Attempt  1	[0.04 s]
0.0.AM: Trace Attempt  2	[0.04 s]
0.0.AM: Trace Attempt  3	[0.04 s]
0.0.AM: Trace Attempt  4	[0.04 s]
0.0.AM: Trace Attempt  5	[0.04 s]
0.0.N: Trace Attempt  1	[0.14 s]
0.0.N: Trace Attempt  2	[0.14 s]
0.0.N: Trace Attempt  3	[0.14 s]
0.0.N: Trace Attempt  4	[0.14 s]
0.0.N: Trace Attempt  5	[0.14 s]
0.0.AM: Trace Attempt  1	[0.13 s]
0.0.AM: Trace Attempt  2	[0.13 s]
0.0.AM: Trace Attempt  3	[0.13 s]
0.0.AM: Trace Attempt  4	[0.13 s]
0.0.AM: Trace Attempt  5	[0.14 s]
0.0.AM: Trace Attempt  1	[0.51 s]
0.0.AM: Trace Attempt  2	[0.51 s]
0.0.AM: Trace Attempt  3	[0.51 s]
0.0.AM: Trace Attempt  4	[0.51 s]
0.0.AM: Trace Attempt  5	[0.51 s]
0.0.N: Trace Attempt  1	[0.60 s]
0.0.N: Trace Attempt  2	[0.60 s]
0.0.N: Trace Attempt  3	[0.60 s]
0.0.N: Trace Attempt  4	[0.60 s]
0.0.N: Trace Attempt  5	[0.60 s]
0.0.N: Trace Attempt  1	[1.70 s]
0.0.N: Trace Attempt  2	[1.70 s]
0.0.N: Trace Attempt  3	[1.70 s]
0.0.N: Trace Attempt  4	[1.70 s]
0.0.N: Trace Attempt  5	[1.71 s]
0.0.AM: Trace Attempt  1	[2.06 s]
0.0.AM: Trace Attempt  2	[2.06 s]
0.0.AM: Trace Attempt  3	[2.06 s]
0.0.AM: Trace Attempt  4	[2.06 s]
0.0.AM: Trace Attempt  5	[2.06 s]
0.0.N: Trace Attempt  1	[2.79 s]
0.0.N: Trace Attempt  2	[2.79 s]
0.0.N: Trace Attempt  3	[2.79 s]
0.0.N: Trace Attempt  4	[2.79 s]
0.0.N: Trace Attempt  5	[2.79 s]
0.0.N: Trace Attempt  1	[3.89 s]
0.0.N: Trace Attempt  2	[3.89 s]
0.0.N: Trace Attempt  3	[3.90 s]
0.0.N: Trace Attempt  4	[3.90 s]
0.0.N: Trace Attempt  5	[3.90 s]
0.0.Hp: Trace Attempt 452	[4.02 s]
0.0.Bm: Trace Attempt 1316	[4.00 s]
0.0.Ht: Trace Attempt 1145	[4.01 s]
0.0.B: Trace Attempt 1284	[4.01 s]
0.0.N: Trace Attempt  1	[5.02 s]
0.0.N: Trace Attempt  2	[5.02 s]
0.0.N: Trace Attempt  3	[5.02 s]
0.0.N: Trace Attempt  4	[5.02 s]
0.0.N: Trace Attempt  5	[5.02 s]
0.0.AM: Trace Attempt 177	[6.09 s]
0.0.N: Trace Attempt  1	[6.20 s]
0.0.N: Trace Attempt  2	[6.20 s]
0.0.N: Trace Attempt  3	[6.20 s]
0.0.N: Trace Attempt  4	[6.20 s]
0.0.N: Trace Attempt  5	[6.20 s]
0.0.Hp: Trace Attempt 575	[8.08 s]
0.0.Ht: Trace Attempt 1524	[8.02 s]
0.0.B: Trace Attempt 1546	[8.02 s]
0.0.Bm: Trace Attempt 1573	[8.03 s]
0.0.AM: Trace Attempt  1	[9.29 s]
0.0.AM: Trace Attempt  2	[9.29 s]
0.0.AM: Trace Attempt  3	[9.29 s]
0.0.AM: Trace Attempt  4	[9.29 s]
0.0.AM: Trace Attempt  5	[9.29 s]
0.0.N: Trace Attempt 174	[10.21 s]
0.0.Ht: Trace Attempt 1752	[12.02 s]
0.0.Hp: Trace Attempt 698	[12.10 s]
0.0.B: Trace Attempt 1920	[12.03 s]
0.0.Bm: Trace Attempt 1976	[12.04 s]
0.0.AM: Trace Attempt 169	[13.34 s]
0.0.N: Trace Attempt  1	[13.80 s]
0.0.N: Trace Attempt  2	[13.80 s]
0.0.N: Trace Attempt  3	[13.80 s]
0.0.N: Trace Attempt  4	[13.80 s]
0.0.N: Trace Attempt  5	[13.80 s]
0.0.Ht: Trace Attempt 1951	[16.03 s]
0.0.B: Trace Attempt 2327	[16.03 s]
0.0.Bm: Trace Attempt 2360	[16.04 s]
0.0.Hp: Trace Attempt 783	[16.85 s]
0.0.AM: Trace Attempt 240	[17.41 s]
0.0.N: Trace Attempt 177	[17.82 s]
0.0.B: Trace Attempt 2627	[20.04 s]
0.0.Bm: Trace Attempt 2650	[20.05 s]
0.0.Ht: Trace Attempt 2131	[20.06 s]
0.0.Hp: Trace Attempt 895	[20.86 s]
0.0.N: Trace Attempt  1	[21.36 s]
0.0.N: Trace Attempt  2	[21.36 s]
0.0.N: Trace Attempt  3	[21.36 s]
0.0.N: Trace Attempt  4	[21.36 s]
0.0.N: Trace Attempt  5	[21.36 s]
0.0.AM: Trace Attempt 273	[21.43 s]
0.0.Bm: Trace Attempt 2908	[24.05 s]
0.0.B: Trace Attempt 2886	[24.05 s]
0.0.Ht: Trace Attempt 2264	[24.39 s]
0.0.Hp: Trace Attempt 989	[24.87 s]
0.0.N: Trace Attempt 177	[25.36 s]
0.0.AM: Trace Attempt 310	[25.45 s]
0.0.Bm: Trace Attempt 3170	[28.05 s]
0.0.B: Trace Attempt 3150	[28.05 s]
0.0.Ht: Trace Attempt 2477	[28.39 s]
0.0.N: Trace Attempt  1	[28.77 s]
0.0.N: Trace Attempt  2	[28.77 s]
0.0.N: Trace Attempt  3	[28.77 s]
0.0.N: Trace Attempt  4	[28.77 s]
0.0.N: Trace Attempt  5	[28.77 s]
0.0.Hp: Trace Attempt 1014	[28.96 s]
0.0.AM: Trace Attempt 341	[29.53 s]
0.0.Bm: Trace Attempt 3417	[32.06 s]
0.0.B: Trace Attempt 3400	[32.06 s]
0.0.Ht: Trace Attempt 2637	[32.40 s]
0.0.N: Trace Attempt 178	[32.80 s]
0.0.Hp: Trace Attempt 1038	[32.97 s]
0.0.AM: Trace Attempt 373	[33.66 s]
0.0.Bm: Trace Attempt 3624	[36.06 s]
0.0.B: Trace Attempt 3611	[36.07 s]
0.0.N: Trace Attempt  1	[36.37 s]
0.0.N: Trace Attempt  2	[36.37 s]
0.0.N: Trace Attempt  3	[36.37 s]
0.0.N: Trace Attempt  4	[36.37 s]
0.0.N: Trace Attempt  5	[36.37 s]
0.0.Ht: Trace Attempt 2757	[36.42 s]
0.0.Hp: Trace Attempt 1080	[37.07 s]
0.0.AM: Trace Attempt 406	[37.71 s]
0.0.Bm: Trace Attempt 3827	[40.07 s]
0.0.B: Trace Attempt 3804	[40.09 s]
0.0.N: Trace Attempt 178	[40.39 s]
0.0.Ht: Trace Attempt 2871	[40.44 s]
0.0.Hp: Trace Attempt 1096	[41.09 s]
0.0.AM: Trace Attempt 441	[41.82 s]
0.0.N: Trace Attempt  1	[43.73 s]
0.0.N: Trace Attempt  2	[43.73 s]
0.0.N: Trace Attempt  3	[43.73 s]
0.0.N: Trace Attempt  4	[43.73 s]
0.0.N: Trace Attempt  5	[43.73 s]
0.0.Bm: Trace Attempt 3997	[44.08 s]
0.0.B: Trace Attempt 3973	[44.11 s]
0.0.Ht: Trace Attempt 3013	[44.47 s]
0.0.Hp: Trace Attempt 1135	[45.16 s]
0.0.AM: Trace Attempt 464	[46.07 s]
0.0.N: Trace Attempt 178	[47.78 s]
0.0.Bm: Trace Attempt 4168	[48.09 s]
0.0.B: Trace Attempt 4133	[48.12 s]
0.0.Ht: Trace Attempt 3120	[48.50 s]
0.0.Hp: Trace Attempt 1147	[49.40 s]
0.0.N: Trace Attempt 252	[51.85 s]
0.0.N: Trace Attempt  1	[51.85 s]
0.0.N: Trace Attempt  2	[51.86 s]
0.0.N: Trace Attempt  3	[51.86 s]
0.0.N: Trace Attempt  4	[51.86 s]
0.0.N: Trace Attempt  5	[51.86 s]
0.0.AM: Trace Attempt 503	[51.79 s]
0.0.Bm: Trace Attempt 4333	[52.10 s]
0.0.B: Trace Attempt 4280	[52.15 s]
0.0.Ht: Trace Attempt 3196	[52.61 s]
0.0.Hp: Trace Attempt 1193	[53.47 s]
0.0.AM: Trace Attempt  1	[53.88 s]
0.0.AM: Trace Attempt  2	[53.88 s]
0.0.AM: Trace Attempt  3	[53.88 s]
0.0.AM: Trace Attempt  4	[53.88 s]
0.0.AM: Trace Attempt  5	[53.88 s]
0.0.N: Trace Attempt 171	[55.88 s]
0.0.Bm: Trace Attempt 4515	[56.12 s]
0.0.B: Trace Attempt 4454	[56.17 s]
0.0.Ht: Trace Attempt 3294	[56.63 s]
0.0.Hp: Trace Attempt 1227	[57.50 s]
0.0.AM: Trace Attempt 170	[57.90 s]
0.0.N: Trace Attempt 236	[60.05 s]
0.0.Bm: Trace Attempt 4672	[60.13 s]
0.0.B: Trace Attempt 4624	[60.18 s]
0.0.Ht: Trace Attempt 3401	[60.68 s]
0.0.Hp: Trace Attempt 1271	[61.88 s]
0.0.AM: Trace Attempt 241	[61.93 s]
0.0.N: Trace Attempt 283	[64.11 s]
0.0.Bm: Trace Attempt 4816	[64.13 s]
0.0.B: Trace Attempt 4764	[64.20 s]
0.0.Ht: Trace Attempt 3488	[64.70 s]
0.0.Hp: Trace Attempt 1296	[65.91 s]
0.0.AM: Trace Attempt 275	[65.93 s]
0.0.N: Trace Attempt 328	[68.16 s]
0.0.Bm: Trace Attempt 4965	[68.16 s]
0.0.B: Trace Attempt 4912	[68.22 s]
0.0.Ht: Trace Attempt 3539	[68.71 s]
0.0.Hp: Trace Attempt 1321	[69.98 s]
0.0.AM: Trace Attempt 312	[69.98 s]
0.0.N: Trace Attempt 362	[72.20 s]
0.0.Bm: Trace Attempt 5113	[72.16 s]
0.0.B: Trace Attempt 5059	[72.23 s]
0.0.Ht: Trace Attempt 3638	[72.73 s]
0.0.Hp: Trace Attempt 1383	[74.01 s]
0.0.AM: Trace Attempt 348	[74.03 s]
0.0.N: Trace Attempt 395	[76.22 s]
0.0.Bm: Trace Attempt 5255	[76.17 s]
0.0.B: Trace Attempt 5198	[76.23 s]
0.0.Ht: Trace Attempt 3727	[76.74 s]
0.0.Hp: Trace Attempt 1425	[78.01 s]
0.0.AM: Trace Attempt 371	[78.14 s]
0.0.Bm: Trace Attempt 5399	[80.19 s]
0.0.N: Trace Attempt 429	[80.28 s]
0.0.B: Trace Attempt 5355	[80.25 s]
0.0.Ht: Trace Attempt 3825	[80.75 s]
0.0.Hp: Trace Attempt 1489	[82.07 s]
0.0.AM: Trace Attempt 402	[82.17 s]
0.0.Bm: Trace Attempt 5540	[84.19 s]
0.0.B: Trace Attempt 5487	[84.27 s]
0.0.N: Trace Attempt 439	[84.61 s]
0.0.Ht: Trace Attempt 3897	[84.78 s]
0.0.AM: Trace Attempt 426	[86.36 s]
0.0.Hp: Trace Attempt 1518	[87.23 s]
0.0.Bm: Trace Attempt 5679	[88.20 s]
0.0.B: Trace Attempt 5635	[88.29 s]
0.0.Ht: Trace Attempt 3963	[88.83 s]
0.0.N: Trace Attempt 448	[88.96 s]
0.0.AM: Trace Attempt 443	[90.46 s]
0.0.Hp: Trace Attempt 1531	[91.54 s]
0.0.Bm: Trace Attempt 5814	[92.20 s]
0.0.B: Trace Attempt 5770	[92.29 s]
0.0.N: Trace Attempt 454	[94.47 s]
0.0.N: Trace Attempt  1	[94.48 s]
0.0.N: Trace Attempt  2	[94.48 s]
0.0.N: Trace Attempt  3	[94.48 s]
0.0.N: Trace Attempt  4	[94.48 s]
0.0.N: Trace Attempt  5	[94.48 s]
0.0.AM: Trace Attempt 462	[94.48 s]
0.0.Ht: Trace Attempt 4040	[94.51 s]
0.0.Hp: Trace Attempt 1548	[96.28 s]
0.0.Bm: Trace Attempt 5988	[96.23 s]
0.0.B: Trace Attempt 5940	[96.30 s]
0.0.N: Trace Attempt 165	[98.53 s]
0.0.AM: Trace Attempt 479	[98.58 s]
0.0.Ht: Trace Attempt 4158	[99.14 s]
0.0.Bm: Trace Attempt 6151	[100.25 s]
0.0.B: Trace Attempt 6100	[100.30 s]
0.0.N: Trace Attempt 233	[102.55 s]
0.0.Hp: Trace Attempt 1556	[102.68 s]
0.0.AM: Trace Attempt 487	[102.74 s]
0.0.Ht: Trace Attempt 4224	[103.16 s]
0.0.AM: Validation of fixpoint was successful. Time = 0.01
0.0.N: Requesting engine job to terminate
0.0.B: Requesting engine job to terminate
0.0.AM: Requesting engine job to terminate
0.0.Hp: Requesting engine job to terminate
0.0.Ht: Requesting engine job to terminate
0.0.Bm: Requesting engine job to terminate
INFO (IPF144): 0: Initiating shutdown of proof [103.83 s]
0.0.AM: Trace Attempt 499	[103.47 s]
0.0.AM: A proof was found: No trace exists. [103.73 s]
INFO (IPF057): 0.0.AM: The property "SEVEN.p1" was proven in 103.73 s.
0.0.AM: Stopped processing property "SEVEN.p1"	[103.73 s].
0.0.AM: All properties determined. [103.73 s]
0.0.AM: Exited with Success (@ 103.84 s)
0: ProofGrid usable level: 0
0.0.N: Trace Attempt 244	[103.79 s]
0.0.N: Stopped processing property "SEVEN.p1"	[103.84 s].
0.0.N: All properties determined. [103.85 s]
0.0.N: Exited with Success (@ 103.86 s)
0.0.Ht: Trace Attempt 4233	[103.71 s]
0.0.Ht: All properties determined. [103.79 s]
0.0.Ht: Exited with Success (@ 103.88 s)
0.0.Bm: Trace Attempt 6269	[103.75 s]
0.0.Bm: All properties determined. [103.81 s]
0.0.Bm: Exited with Success (@ 103.89 s)
0.0.B: Trace Attempt 6225	[103.72 s]
0.0.B: Stopped processing property "SEVEN.p1"	[103.82 s].
0.0.B: All properties determined. [103.82 s]
0.0.B: Exited with Success (@ 103.91 s)
0.0.Hp: All properties determined. [104.43 s]
0.0.Hp: Exited with Success (@ 104.48 s)
0: --------------------------------------------------------------
ProofGrid Summary (utilization 99.88 %)
--------------------------------------------------------------
     engines started                               :     9
     engine jobs started                           :     9

    Average time in state (seconds)
    ------------------------------------------------------
    Engine  Pending     Running        Dead    Utilization
    ------------------------------------------------------
      N        0.09      103.82        0.00       99.91 %
     Hp        0.09      103.82        0.00       99.91 %
     Ht        0.07      103.75        0.00       99.93 %
     Bm        0.07      103.75        0.00       99.93 %
    Mpcustom4        0.08        0.00        0.00        0.50 %
     Oh        0.08        0.00        0.00        0.43 %
      L        0.08        0.00        0.00        0.56 %
      B        0.07      103.75        0.00       99.93 %
     AM        0.08      103.73        0.00       99.92 %
    all        0.08       69.18        0.00       99.88 %

    Total time in state (seconds)
    -----------------------------------------
            Pending     Running        Dead  
    -----------------------------------------
               0.73      622.62        0.00

    Data read    : 4.17 MiB
    Data written : 4.46 kiB

0: All pending notifications were processed.
INFO (IPF059): 0: Completed proof on task: "<embedded>"

==============================================================
SUMMARY
==============================================================
           Properties Considered              : 2
                 assertions                   : 1
                  - proven                    : 1 (100%)
                  - bounded_proven (user)     : 0 (0%)
                  - bounded_proven (auto)     : 0 (0%)
                  - marked_proven             : 0 (0%)
                  - cex                       : 0 (0%)
                  - ar_cex                    : 0 (0%)
                  - undetermined              : 0 (0%)
                  - unknown                   : 0 (0%)
                  - error                     : 0 (0%)
                 covers                       : 1
                  - unreachable               : 0 (0%)
                  - bounded_unreachable (user): 0 (0%)
                  - covered                   : 1 (100%)
                  - ar_covered                : 0 (0%)
                  - undetermined              : 0 (0%)
                  - unknown                   : 0 (0%)
                  - error                     : 0 (0%)
determined
[<embedded>] % exit -force
[<embedded>] % INFO (IPL005): Received request to exit from the console.
INFO (IPL014): Waiting for the Tcl-thread to exit.
INFO: Waiting for proof threads to stop...
INFO: Proof threads stopped.
INFO (IPL018): The peak resident set memory use for this session was 1.303 GB.
INFO (IPL015): The Tcl-thread exited with status 0.
INFO (IPL016): Exiting the analysis session with status 0.
Finished seven_seg_1.tcl successfully
