Jasper Apps 2024.06p002 64 bits 2024.09.02 16:28:38 UTC

Any disclosure about the Cadence Design Systems software or its use
model to any third party violates the written Non-Disclosure Agreement
between Cadence Design Systems, Inc. and the customer.

THIS SOFTWARE CONTAINS CONFIDENTIAL INFORMATION AND TRADE SECRETS OF
CADENCE DESIGN SYSTEMS, INC. USE, DISCLOSURE, OR REPRODUCTION IS
PROHIBITED WITHOUT THE PRIOR EXPRESS WRITTEN PERMISSION OF CADENCE
DESIGN SYSTEMS, INC.

Copyright (C) 2000-2024 Cadence Design Systems, Inc. All Rights
Reserved.  Unpublished -- rights reserved under the copyright laws of
the United States.

This product includes software developed by others and redistributed
according to license agreement. See doc/third_party_readme.txt for
further details.

RESTRICTED RIGHTS LEGEND

Use, duplication, or disclosure by the Government is subject to
restrictions as set forth in subparagraph (c) (1) (ii) of the Rights in
Technical Data and Computer Software clause at DFARS 252.227-7013 or
subparagraphs (c) (1) and (2) of Commercial Computer Software -- Restricted
Rights at 48 CFR 52.227-19, as applicable.


                          Cadence Design Systems, Inc.
                          2655 Seely Avenue
                          San Jose, CA 95134
                          Phone: 408.943.1234

For technical assistance visit http://support.cadence.com.

Jasper Apps Analysis Session - /users/rompel/jasper_executions/liveness/jgprojects/thermocouple_3/sessionLogs/session_0

WARNING (WG017): [session]: The system's locale is "ANSI_X3.4-1968", which is not UTF-8. Non-ASCII characters might not be handled correctly.
WARNING (WG017): [jg_console]: The system's locale is "ANSI_X3.4-1968", which is not UTF-8. Non-ASCII characters might not be handled correctly.
INFO: successfully checked out license "jasper_fao".
INFO: reading configuration file "/users/rompel/.config/cadence/jasper.conf".
% analyze -sv09 ../thermocouple_3.sv
[-- (VERI-1482)] Analyzing Verilog file '/tools/cadence2425/JASPER/jasper_2024.06p002/lib/verilog/packages/std/std.sv' into library 'std'
[-- (VERI-1482)] Analyzing Verilog file '../thermocouple_3.sv'
% elaborate -bbox_mul 1000000 -bbox_div 1000000 -bbox_mod 1000000 -bbox_a 1000000
[INFO (HIER-8002)] ../thermocouple_3.sv(46): Disabling old hierarchical reference handler
[INFO (VERI-1018)] ../thermocouple_3.sv(1): compiling module 'Thermocouple'
[WARN (VERI-1209)] ../thermocouple_3.sv(18): expression size 32 truncated to fit in target size 10
[WARN (VERI-1209)] ../thermocouple_3.sv(37): expression size 32 truncated to fit in target size 10
[INFO (VERI-8005)] ../thermocouple_3.sv(1): Unintentional sequential element inferred for tc_temp_data read before write using blocking assignment
[INFO (VERI-8005)] ../thermocouple_3.sv(1): Unintentional sequential element inferred for junction_temp_data read before write using blocking assignment
[INFO (VERI-8005)] ../thermocouple_3.sv(1): Unintentional sequential element inferred for fault_bits read before write using blocking assignment
[INFO (VERI-8005)] ../thermocouple_3.sv(5): Unintentional sequential element inferred for state read before write using blocking assignment
[INFO (VERI-8005)] ../thermocouple_3.sv(6): Unintentional sequential element inferred for cnt read before write using blocking assignment
INFO (ISW003): Top module name is "Thermocouple".
INFO (INL208): Elaboration synthesis summary:
  Number of synthesized netlists          1 (0 packages)
  Single run mode                         On
  Pipeline                                On (1 pipelined netlists)
  Late hierarchical reference connection  On
  Number of analyzed Verilog modules      1 (1 synthesized)
  Number of analyzed VHDL entities        0 (0 synthesized)
INFO (INL003): Clearing all state information (assumes, stopats, and so forth).
Thermocouple
[<embedded>] % reset rst
INFO (IPM031): Clearing proof results of all properties.
INFO (IRS006): Current reset condition is "rst".
[<embedded>] % clock clk
[<embedded>] % prove -all
Ncustom1: Custom engine code is hT3Ng7hPPfiYQOTDZ3qhYOwGAM51eA+J/FjkM5shLioAsqhgLR4Ft+O1BuKG6ilQ83B9tLXSl+CwjiTMAQA
Bcustom2: Custom engine code is hT3Nm7hPr1Vp3Di1Ra2USNIGL4JypRnLKLAdF6JAyuavO2JfGCiY9OZJhcAcOUnLx5xwNdhILGrAWX9s+z2WDkKwNR7tAfClBEjRFVQeq6DU54boFgEA
AMcustom3: Custom engine code is hT3Ng7hP/feYQOTDZ3qhYOwGAM51eA+J/FjkM5shLioAsqhgLR4Ft+O1BuKG6ilQ83B9tLXSmmqwm7g9AQA
Mpcustom4: Custom engine code is hT3NZbhP9fmY2AbBQnsjfOxn6c+6e6yL+/e8fZFmaQrnlgEA
INFO (IPF036): Starting proof on task: "<embedded>", 1 properties to prove with 0 already proven/unreachable
INFO (IRS029): Starting reset analysis: phase 1 of 4.
INFO (IRS030): Running reset analysis: phase 2 of 4.
INFO (IRS031): Running reset analysis: phase 3 of 4.
INFO (IRS020): Starting the reset analysis simulation with a limit of 100 iterations (phase 4 of 4).
INFO (IRS024): Reset iterations 0 to 4 analyzed.
INFO (IRS018): Reset analysis simulation executed for 3 iterations. Assigned values for 43 of 43 design flops, 0 of 0 design latches, 3 of 3 internal elements.
INFO (IRS039): Reset analysis complete.
INFO (IPF031): Settings used for proof thread 0:
    orchestration                 = on
    time_limit                    = 86400s
    per_property_time_limit       = 1s * 10 ^ scan
    engine_mode                   = auto
    proofgrid_per_engine_max_jobs = 1
    max engine jobs               = auto
    proofgrid_mode                = local
    proofgrid_restarts            = 10
0: Using multistage preprocessing
0: Starting reduce
AMcustom5: Custom engine code is hT3N1rhP11/52HrFRS21ROp2LOjVTgPvT8L8BGXHgLhaIuqtT4nARFjUqrBL+7pLmaTOzBepZW/Jm8SSrHDybSQtoNiO3y43wk+dEoWlsZizu97Fih6O6lPVG/LpWP5SsUPwlGagLNa1FKEFvwVXyX7//8prySbvSxIHXr5er+z4RAEA
Ncustom6: Custom engine code is hT3OXrhPByJp3TrFSTLhUmMH4KVtJgmTCnNDF46yMXOKY48m4LS5nE7yBzFjA7kDuwO/GhGUpEPiky3p3wmPn3dJZHxFMsafSoObRzSC+tn7sEY0WbTdZ/FV4hL3MYH/b1CIUvXSWR4wqEoVLsmMOD4xIPT4lI1LO6ZCO7PnnWQuLwetnvKlrXx6wCW/A+x+enqslg1YPobi4wEF/EvbzOvcTYdJvl2s4H2yZg2b2ofAVN5WvhWk1HoBAA
ADcustom7: Custom engine code is hT3Nv7hPv1752HrFRa2kROx2f/ECJeZB2AZsLdlO8VwmIuqtT4nIDFXclhg+O+o+DMmQCekbheGk0kK28laA9gaOFDXsQp29J3X615HY1IPHJWd6FUFvCHjO+p1k652b5JJvZlShNpGlGSXAiQe/mEAj6tEBAA
Tricustom8: Custom engine code is hT3Nu7hPt1752DvFRa0kNDiyIV97VyejwM9C/jCLJjdPvusZONHY42VYUy0Q1ZotnhcVtNc56tJ5wbxv6V2+XpdsaSlHck5vfnbYjdwj1OECy9U+7oSQ0SZE3g5ayD+Phuh4odCJTjeKa2k4elM9ldQfkAEA
0: Finished reduce in 0s
Gcustom9: Custom engine code is hT3NibhPDfeYQADBZnYcglOvK9Pfd7EOeniIqP8jNsyIqInncipMGcUXqAadachREE9F2PwhBUZUNw5kHnd4JdXkamORRgEA
C2custom10: Custom engine code is hT3NirhPjfWYQADBZnYcglOvK9Pfd7EOeniIqP8jNsyIqInncgkrYMMXCYbdK0dUjZIF9d4cJ0rHoBDjwVLBKuG86XYVV00BAA
AGcustom11: Custom engine code is hT3NirhP/fmYQADBZnYcglOvK9Pfd7EOeniIqP8jNsyIqInnckcwYMMXCYbdK0dUjZIF9d4cJ0rHoBDjwVLBKuHEZnZByh0BAA
0.0.PRE: Performing Proof Simplification...
Bcustom12: Custom engine code is hT3NjrhPDfiYQADBZnYcglOvK9PfWxFtenjIyBqfrgr7if/jL/yPOuK1BAflEcW0DxNH2eDIoezN2gxlQFg81RZtiWXh7aiTAidvAQA
0.0.N: clocks: 1, declared: 1, looping: 0, posedge: 1, negedge: 0, noedge: 0, bothedge: 0
Ncustom13: Custom engine code is hT3NR7hPByFp3TrFSTLhUmMH4KWtJglTyV/c51BHEeZWamnJv767nE6PCak26bd3gf3XGN3rIRheufhDieCJQVISo+gNYUKhiUedBKGtsP/a18svAnlMJZudHxDFwK5ufsyoxsIyiAeSY2oi3tEuoDHr5gw42DFKAG3PqO3CEsl8Azzdt3pl5nGA1Ifv2H02eYsFzWb/nfp8PMb3F0krE/EgBcm8TD9Div8BAA
Tricustom14: Custom engine code is hT3Nu7hP3fiYQADBZnYcglNHp9bfd7EOeniIqP/ji8sGLQu8yhsFO+wxJ+O+R0bU8g/IewXFomyos+viQnWc2xYNYmMqpo3i40O7DaZR7qfp4YqNx26KRvQ/qx0BAA
0.0.N: Proof Simplification Iteration 1	[0.00 s]
0.0.N: Proof Simplification Iteration 2	[0.00 s]
0.0.N: Proof Simplification Iteration 3	[0.00 s]
0.0.PRE: A proof was found: No trace exists. [0.00 s]
INFO (IPF057): 0.0.PRE: The property ":noDeadEnd" was proven in 0.00 s.
    Use check_assumptions -show -dead_end to show this property in the property table.
0.0.PRE: A proof was found: No trace exists. [0.00 s]
INFO (IPF057): 0.0.PRE: The property ":noConflict" was proven in 0.00 s.
    Use check_assumptions -show to show this property in the property table.
INFO (IPF047): 0.0.PRE: The cover property ":live" was covered in 1 cycles in 0.00 s.
    Use check_assumptions -show -live to show this property in the property table.
0.0.PRE: Proof Simplification completed in 0.00 s
0: About to start ProofGrid in its own thread with a limit of 10000 pending notifications and a limit of 10 traces.
0: =============================== ProofGrid start ===============================
0: ProofGrid usable level: 1
0: Initial ProofGrid level: 1
0: ProofGrid is starting event handling
0.0.Hp: Proofgrid shell started at 195773@vlsi-moon(local) jg_195623_vlsi-moon_1
0.0.N: Proofgrid shell started at 195772@vlsi-moon(local) jg_195623_vlsi-moon_1
0.0.N: clocks: 1, declared: 1, looping: 0, posedge: 1, negedge: 0, noedge: 0, bothedge: 0
0.0.Hp: clocks: 1, declared: 1, looping: 0, posedge: 1, negedge: 0, noedge: 0, bothedge: 0
0.0.N: Last scan. Per property time limit: 0s
0.0.N: Starting proof for property "Thermocouple.p1"	[0.00 s].
0.0.Hp: Last scan. Per property time limit: 0s
0.0.N: Trace Attempt  1	[0.00 s]
0.0.N: Trace Attempt  2	[0.00 s]
0.0.Hp: Trace Attempt  1	[0.00 s]
0.0.N: Trace Attempt  2	[0.00 s]
0.0.Hp: Trace Attempt  2	[0.00 s]
0.0.N: Trace Attempt  3	[0.00 s]
0.0.N: Trace Attempt  4	[0.00 s]
0.0.Hp: Trace Attempt  3	[0.01 s]
0.0.N: Trace Attempt  4	[0.01 s]
0.0.Hp: Trace Attempt  4	[0.01 s]
0.0.N: Trace Attempt  5	[0.01 s]
0.0.Hp: Trace Attempt  5	[0.01 s]
0.0.N: Trace Attempt  1	[0.03 s]
0.0.N: Trace Attempt  2	[0.03 s]
0.0.N: Trace Attempt  3	[0.03 s]
0.0.N: Trace Attempt  4	[0.03 s]
0.0.N: Trace Attempt  5	[0.03 s]
0.0.Oh: Proofgrid shell started at 195805@vlsi-moon(local) jg_195623_vlsi-moon_1
0.0.B: Proofgrid shell started at 195806@vlsi-moon(local) jg_195623_vlsi-moon_1
0.0.Oh: clocks: 1, declared: 1, looping: 0, posedge: 1, negedge: 0, noedge: 0, bothedge: 0
0.0.Ht: Proofgrid shell started at 195804@vlsi-moon(local) jg_195623_vlsi-moon_1
0.0.Oh: Reached length limit (2147483647) [0.00 s]
0.0.B: clocks: 1, declared: 1, looping: 0, posedge: 1, negedge: 0, noedge: 0, bothedge: 0
0.0.B: Last scan. Per property time limit: 0s
0.0.B: Starting proof for property "Thermocouple.p1"	[0.00 s].
0.0.B: Trace Attempt  1	[0.00 s]
0.0.B: Trace Attempt  2	[0.00 s]
0.0.B: Trace Attempt  3	[0.00 s]
0.0.Oh: Exited with Success (@ 0.08 s)
0.0.Ht: clocks: 1, declared: 1, looping: 0, posedge: 1, negedge: 0, noedge: 0, bothedge: 0
0.0.B: Trace Attempt  4	[0.00 s]
0.0.Ht: Last scan. Per property time limit: 0s
0.0.B: Trace Attempt  5	[0.00 s]
0.0.Ht: Trace Attempt  1	[0.00 s]
0.0.Ht: Trace Attempt  2	[0.00 s]
0.0.Ht: Trace Attempt  3	[0.00 s]
0.0.Ht: Trace Attempt  4	[0.00 s]
0.0.Ht: Trace Attempt  5	[0.00 s]
0.0.AM: Proofgrid shell started at 195807@vlsi-moon(local) jg_195623_vlsi-moon_1
0.0.AM: clocks: 1, declared: 1, looping: 0, posedge: 1, negedge: 0, noedge: 0, bothedge: 0
0.0.AM: Last scan. Per property time limit: 0s
0.0.AM: Starting proof for property "Thermocouple.p1"	[0.00 s].
0.0.AM: Trace Attempt  1	[0.00 s]
0.0.AM: Trace Attempt  2	[0.00 s]
0.0.AM: Trace Attempt  3	[0.00 s]
0.0.AM: Trace Attempt  4	[0.00 s]
0.0.AM: Trace Attempt  5	[0.00 s]
0.0.AM: Trace Attempt  1	[0.00 s]
0.0.AM: Trace Attempt  2	[0.00 s]
0.0.AM: Trace Attempt  3	[0.01 s]
0.0.AM: Trace Attempt  4	[0.01 s]
0.0.AM: Trace Attempt  1	[0.02 s]
0.0.AM: Trace Attempt  2	[0.02 s]
0.0.AM: Trace Attempt  3	[0.02 s]
0.0.AM: Trace Attempt  4	[0.02 s]
0.0.AM: Trace Attempt  5	[0.02 s]
0.0.AM: Trace Attempt  1	[0.05 s]
0.0.AM: Trace Attempt  2	[0.06 s]
0.0.AM: Trace Attempt  3	[0.06 s]
0.0.AM: Trace Attempt  4	[0.06 s]
0.0.AM: Trace Attempt  5	[0.06 s]
0.0.N: Trace Attempt  1	[0.16 s]
0.0.N: Trace Attempt  2	[0.17 s]
0.0.N: Trace Attempt  3	[0.17 s]
0.0.N: Trace Attempt  4	[0.17 s]
0.0.N: Trace Attempt  5	[0.17 s]
0.0.AM: Trace Attempt  1	[0.17 s]
0.0.AM: Trace Attempt  2	[0.17 s]
0.0.AM: Trace Attempt  3	[0.17 s]
0.0.AM: Trace Attempt  4	[0.17 s]
0.0.AM: Trace Attempt  5	[0.17 s]
0.0.N: Trace Attempt  1	[0.62 s]
0.0.N: Trace Attempt  2	[0.62 s]
0.0.N: Trace Attempt  3	[0.62 s]
0.0.N: Trace Attempt  4	[0.62 s]
0.0.N: Trace Attempt  5	[0.62 s]
0.0.AM: Trace Attempt  1	[0.60 s]
0.0.AM: Trace Attempt  2	[0.60 s]
0.0.AM: Trace Attempt  3	[0.60 s]
0.0.AM: Trace Attempt  4	[0.60 s]
0.0.AM: Trace Attempt  5	[0.60 s]
0.0.N: Trace Attempt  1	[1.13 s]
0.0.N: Trace Attempt  2	[1.14 s]
0.0.N: Trace Attempt  3	[1.14 s]
0.0.N: Trace Attempt  4	[1.14 s]
0.0.N: Trace Attempt  5	[1.14 s]
0.0.AM: Trace Attempt  1	[2.48 s]
0.0.AM: Trace Attempt  2	[2.48 s]
0.0.AM: Trace Attempt  3	[2.48 s]
0.0.AM: Trace Attempt  4	[2.48 s]
0.0.AM: Trace Attempt  5	[2.48 s]
0.0.N: Trace Attempt  1	[3.31 s]
0.0.N: Trace Attempt  2	[3.31 s]
0.0.N: Trace Attempt  3	[3.31 s]
0.0.N: Trace Attempt  4	[3.31 s]
0.0.N: Trace Attempt  5	[3.31 s]
0.0.Hp: Trace Attempt 140	[4.02 s]
0.0.Ht: Trace Attempt 2669	[4.00 s]
0.0.B: Trace Attempt 1715	[4.01 s]
0.0.AM: Trace Attempt 174	[6.48 s]
0.0.N: Trace Attempt 176	[7.36 s]
0.0.Hp: Trace Attempt 185	[8.04 s]
0.0.Ht: Trace Attempt 3655	[8.00 s]
0.0.B: Trace Attempt 2357	[8.01 s]
0.0.AM: Trace Attempt  1	[9.89 s]
0.0.AM: Trace Attempt  2	[9.89 s]
0.0.AM: Trace Attempt  3	[9.89 s]
0.0.AM: Trace Attempt  4	[9.89 s]
0.0.AM: Trace Attempt  5	[9.89 s]
0.0.N: Trace Attempt  1	[10.12 s]
0.0.N: Trace Attempt  2	[10.12 s]
0.0.N: Trace Attempt  3	[10.12 s]
0.0.N: Trace Attempt  4	[10.12 s]
0.0.N: Trace Attempt  5	[10.12 s]
0.0.Ht: Trace Attempt 3965	[12.01 s]
0.0.B: Trace Attempt 2880	[12.02 s]
0.0.Hp: Trace Attempt 232	[12.09 s]
0.0.AM: Trace Attempt 177	[13.96 s]
0.0.N: Trace Attempt 174	[14.15 s]
0.0.Ht: Trace Attempt 4410	[16.01 s]
0.0.B: Trace Attempt 3279	[16.02 s]
0.0.Hp: Trace Attempt 291	[16.26 s]
0.0.N: Trace Attempt  1	[16.90 s]
0.0.N: Trace Attempt  2	[16.91 s]
0.0.N: Trace Attempt  3	[16.91 s]
0.0.N: Trace Attempt  4	[16.91 s]
0.0.N: Trace Attempt  5	[16.91 s]
0.0.AM: Trace Attempt 243	[18.02 s]
0.0.Ht: Trace Attempt 4810	[20.01 s]
0.0.B: Trace Attempt 3631	[20.05 s]
0.0.Hp: Trace Attempt 309	[20.55 s]
0.0.N: Trace Attempt 174	[20.94 s]
0.0.AM: Trace Attempt 275	[22.06 s]
0.0.N: Trace Attempt  1	[23.77 s]
0.0.N: Trace Attempt  2	[23.77 s]
0.0.N: Trace Attempt  3	[23.77 s]
0.0.N: Trace Attempt  4	[23.78 s]
0.0.N: Trace Attempt  5	[23.78 s]
0.0.Ht: Trace Attempt 5384	[24.01 s]
0.0.B: Trace Attempt 3923	[24.06 s]
0.0.Hp: Trace Attempt 350	[24.62 s]
0.0.AM: Trace Attempt 316	[26.19 s]
0.0.N: Trace Attempt 175	[27.80 s]
0.0.Ht: Trace Attempt 5849	[28.02 s]
0.0.B: Trace Attempt 4193	[28.07 s]
0.0.Hp: Trace Attempt 390	[28.87 s]
0.0.AM: Trace Attempt 351	[30.21 s]
0.0.N: Trace Attempt  1	[30.44 s]
0.0.N: Trace Attempt  2	[30.44 s]
0.0.N: Trace Attempt  3	[30.44 s]
0.0.N: Trace Attempt  4	[30.44 s]
0.0.N: Trace Attempt  5	[30.44 s]
0.0.Ht: Trace Attempt 6262	[32.02 s]
0.0.B: Trace Attempt 4451	[32.08 s]
0.0.Hp: Trace Attempt 409	[32.98 s]
0.0.AM: Trace Attempt 381	[34.28 s]
0.0.N: Trace Attempt 175	[34.47 s]
0.0.Ht: Trace Attempt 6628	[36.02 s]
0.0.B: Trace Attempt 4687	[36.09 s]
0.0.Hp: Trace Attempt 435	[37.09 s]
0.0.N: Trace Attempt  1	[37.13 s]
0.0.N: Trace Attempt  2	[37.13 s]
0.0.N: Trace Attempt  3	[37.13 s]
0.0.N: Trace Attempt  4	[37.13 s]
0.0.N: Trace Attempt  5	[37.13 s]
0.0.AM: Trace Attempt 420	[38.36 s]
0.0.Ht: Trace Attempt 6965	[40.03 s]
0.0.B: Trace Attempt 4915	[40.10 s]
0.0.N: Trace Attempt 174	[41.18 s]
0.0.Hp: Trace Attempt 452	[41.27 s]
0.0.AM: Trace Attempt 453	[42.45 s]
0.0.N: Trace Attempt  1	[43.97 s]
0.0.N: Trace Attempt  2	[43.97 s]
0.0.N: Trace Attempt  3	[43.97 s]
0.0.N: Trace Attempt  4	[43.97 s]
0.0.N: Trace Attempt  5	[43.98 s]
0.0.Ht: Trace Attempt 7272	[44.04 s]
0.0.B: Trace Attempt 5128	[44.11 s]
0.0.AM: Trace Attempt 430	[46.46 s]
0.0.Hp: Trace Attempt 473	[46.59 s]
0.0.N: Trace Attempt 172	[48.00 s]
0.0.Ht: Trace Attempt 7560	[48.05 s]
0.0.B: Trace Attempt 5340	[48.12 s]
0.0.AM: Trace Attempt  1	[49.20 s]
0.0.AM: Trace Attempt  2	[49.20 s]
0.0.AM: Trace Attempt  3	[49.20 s]
0.0.AM: Trace Attempt  4	[49.21 s]
0.0.AM: Trace Attempt  5	[49.21 s]
0.0.N: Trace Attempt  1	[50.95 s]
0.0.N: Trace Attempt  2	[50.96 s]
0.0.N: Trace Attempt  3	[50.96 s]
0.0.N: Trace Attempt  4	[50.96 s]
0.0.N: Trace Attempt  5	[50.96 s]
0.0.Ht: Trace Attempt 7829	[52.05 s]
0.0.B: Trace Attempt 5540	[52.12 s]
0.0.Hp: Trace Attempt 489	[52.66 s]
0.0.AM: Trace Attempt 172	[53.24 s]
0.0.N: Trace Attempt 173	[55.00 s]
0.0.Ht: Trace Attempt 8081	[56.06 s]
0.0.B: Trace Attempt 5729	[56.12 s]
0.0.Hp: Trace Attempt 510	[56.67 s]
0.0.AM: Trace Attempt 240	[57.32 s]
0.0.N: Trace Attempt  1	[57.86 s]
0.0.N: Trace Attempt  2	[57.86 s]
0.0.N: Trace Attempt  3	[57.86 s]
0.0.N: Trace Attempt  4	[57.86 s]
0.0.N: Trace Attempt  5	[57.86 s]
0.0.B: Trace Attempt 5919	[60.13 s]
0.0.Ht: Trace Attempt 8308	[60.52 s]
0.0.Hp: Trace Attempt 523	[60.70 s]
0.0.AM: Trace Attempt 272	[61.32 s]
0.0.N: Trace Attempt 174	[61.88 s]
0.0.B: Trace Attempt 6098	[64.16 s]
0.0.Ht: Trace Attempt 8598	[64.52 s]
0.0.N: Trace Attempt  1	[64.65 s]
0.0.N: Trace Attempt  2	[64.65 s]
0.0.N: Trace Attempt  3	[64.65 s]
0.0.N: Trace Attempt  4	[64.65 s]
0.0.N: Trace Attempt  5	[64.65 s]
0.0.Hp: Trace Attempt 546	[64.70 s]
0.0.AM: Trace Attempt 316	[65.38 s]
0.0.B: Trace Attempt 6268	[68.17 s]
0.0.Ht: Trace Attempt 8874	[68.53 s]
0.0.N: Trace Attempt 173	[68.66 s]
0.0.Hp: Trace Attempt 559	[69.23 s]
0.0.AM: Trace Attempt 348	[69.41 s]
0.0.N: Trace Attempt  1	[71.68 s]
0.0.N: Trace Attempt  2	[71.68 s]
0.0.N: Trace Attempt  3	[71.68 s]
0.0.N: Trace Attempt  4	[71.68 s]
0.0.N: Trace Attempt  5	[71.68 s]
0.0.B: Trace Attempt 6431	[72.18 s]
0.0.Ht: Trace Attempt 9137	[72.55 s]
0.0.Hp: Trace Attempt 576	[73.53 s]
0.0.AM: Trace Attempt 377	[73.53 s]
0.0.N: Trace Attempt 174	[75.73 s]
0.0.B: Trace Attempt 6594	[76.19 s]
0.0.Ht: Trace Attempt 9386	[76.55 s]
0.0.AM: Trace Attempt 415	[77.60 s]
0.0.N: Trace Attempt  1	[78.63 s]
0.0.N: Trace Attempt  2	[78.63 s]
0.0.N: Trace Attempt  3	[78.63 s]
0.0.N: Trace Attempt  4	[78.63 s]
0.0.N: Trace Attempt  5	[78.63 s]
0.0.Hp: Trace Attempt 589	[79.64 s]
0.0.B: Trace Attempt 6753	[80.20 s]
0.0.Ht: Trace Attempt 9624	[80.55 s]
0.0.AM: Trace Attempt 457	[81.64 s]
0.0.N: Trace Attempt 172	[82.69 s]
0.0.Hp: Trace Attempt 604	[83.70 s]
0.0.B: Trace Attempt 6909	[84.23 s]
0.0.Ht: Trace Attempt 9853	[84.56 s]
0.0.N: Trace Attempt  1	[85.81 s]
0.0.N: Trace Attempt  2	[85.81 s]
0.0.N: Trace Attempt  3	[85.81 s]
0.0.N: Trace Attempt  4	[85.81 s]
0.0.N: Trace Attempt  5	[85.82 s]
0.0.AM: Trace Attempt 470	[85.97 s]
0.0.Hp: Trace Attempt 616	[87.76 s]
0.0.B: Trace Attempt 7061	[88.24 s]
0.0.Ht: Trace Attempt 10070	[88.56 s]
0.0.N: Trace Attempt 173	[89.86 s]
0.0.AM: Trace Attempt 488	[90.11 s]
0.0.Hp: Trace Attempt 631	[92.25 s]
0.0.B: Trace Attempt 7205	[92.24 s]
0.0.Ht: Trace Attempt 10282	[92.57 s]
0.0.N: Trace Attempt  1	[92.75 s]
0.0.N: Trace Attempt  2	[92.75 s]
0.0.N: Trace Attempt  3	[92.75 s]
0.0.N: Trace Attempt  4	[92.75 s]
0.0.N: Trace Attempt  5	[92.76 s]
0.0.AM: Trace Attempt 512	[94.15 s]
0.0.B: Trace Attempt 7352	[96.27 s]
0.0.Ht: Trace Attempt 10488	[96.59 s]
0.0.Hp: Trace Attempt 644	[96.77 s]
0.0.N: Trace Attempt 172	[96.80 s]
0.0.AM: Trace Attempt 541	[98.27 s]
0.0.N: Trace Attempt  1	[99.90 s]
0.0.N: Trace Attempt  2	[99.90 s]
0.0.N: Trace Attempt  3	[99.90 s]
0.0.N: Trace Attempt  4	[99.91 s]
0.0.N: Trace Attempt  5	[99.91 s]
0.0.B: Trace Attempt 7495	[100.29 s]
0.0.Ht: Trace Attempt 10688	[100.61 s]
0.0.Hp: Trace Attempt 659	[101.19 s]
0.0.AM: Trace Attempt 571	[102.28 s]
0.0.N: Trace Attempt 172	[103.93 s]
0.0.B: Trace Attempt 7636	[104.30 s]
0.0.Ht: Trace Attempt 10882	[104.62 s]
0.0.AM: Trace Attempt  1	[105.19 s]
0.0.AM: Trace Attempt  2	[105.19 s]
0.0.AM: Trace Attempt  3	[105.19 s]
0.0.AM: Trace Attempt  4	[105.19 s]
0.0.Hp: Trace Attempt 671	[106.26 s]
0.0.N: Trace Attempt  1	[106.83 s]
0.0.N: Trace Attempt  2	[106.83 s]
0.0.N: Trace Attempt  3	[106.83 s]
0.0.N: Trace Attempt  4	[106.84 s]
0.0.N: Trace Attempt  5	[106.84 s]
0.0.B: Trace Attempt 7774	[108.31 s]
0.0.Ht: Trace Attempt 11070	[108.63 s]
0.0.AM: Trace Attempt 135	[109.36 s]
0.0.N: Trace Attempt 154	[110.85 s]
0.0.Hp: Trace Attempt 683	[111.00 s]
0.0.B: Trace Attempt 7909	[112.33 s]
0.0.Ht: Trace Attempt 11251	[112.64 s]
0.0.AM: Trace Attempt 170	[113.38 s]
0.0.N: Trace Attempt 220	[114.89 s]
0.0.Hp: Trace Attempt 697	[115.31 s]
0.0.N: Trace Attempt  1	[116.24 s]
0.0.N: Trace Attempt  2	[116.25 s]
0.0.N: Trace Attempt  3	[116.25 s]
0.0.N: Trace Attempt  4	[116.25 s]
0.0.N: Trace Attempt  5	[116.25 s]
0.0.B: Trace Attempt 8038	[116.34 s]
0.0.Ht: Trace Attempt 11429	[116.65 s]
0.0.AM: Trace Attempt 211	[117.39 s]
0.0.Hp: Trace Attempt 701	[119.34 s]
0.0.N: Trace Attempt 155	[120.25 s]
0.0.B: Trace Attempt 8170	[120.36 s]
0.0.Ht: Trace Attempt 11604	[120.66 s]
0.0.AM: Trace Attempt 256	[121.44 s]
0.0.Hp: Trace Attempt 715	[123.90 s]
0.0.N: Trace Attempt 218	[124.31 s]
0.0.B: Trace Attempt 8302	[124.37 s]
0.0.AM: Trace Attempt 280	[125.63 s]
0.0.N: Trace Attempt  1	[125.78 s]
0.0.N: Trace Attempt  2	[125.78 s]
0.0.N: Trace Attempt  3	[125.78 s]
0.0.N: Trace Attempt  4	[125.78 s]
0.0.N: Trace Attempt  5	[125.78 s]
0.0.Hp: Trace Attempt 718	[128.22 s]
0.0.B: Trace Attempt 8435	[128.38 s]
0.0.N: Trace Attempt 154	[129.84 s]
0.0.AM: Trace Attempt 310	[129.82 s]
0.0.Hp: Trace Attempt 730	[132.28 s]
0.0.B: Trace Attempt 8564	[132.38 s]
0.0.AM: Trace Attempt 343	[133.83 s]
0.0.N: Trace Attempt 218	[133.95 s]
0.0.N: Trace Attempt  1	[135.40 s]
0.0.N: Trace Attempt  2	[135.40 s]
0.0.N: Trace Attempt  3	[135.40 s]
0.0.N: Trace Attempt  4	[135.40 s]
0.0.N: Trace Attempt  5	[135.40 s]
0.0.Hp: Trace Attempt 744	[136.32 s]
0.0.B: Trace Attempt 8694	[136.39 s]
0.0.AM: Trace Attempt 381	[137.85 s]
0.0.N: Trace Attempt 154	[139.46 s]
0.0.B: Trace Attempt 8824	[140.42 s]
0.0.Hp: Trace Attempt 755	[140.61 s]
0.0.AM: Trace Attempt 395	[142.03 s]
0.0.N: Trace Attempt 218	[143.52 s]
0.0.B: Trace Attempt 8946	[144.43 s]
0.0.N: Trace Attempt  1	[144.93 s]
0.0.N: Trace Attempt  2	[144.93 s]
0.0.N: Trace Attempt  3	[144.93 s]
0.0.N: Trace Attempt  4	[144.93 s]
0.0.N: Trace Attempt  5	[144.93 s]
0.0.Hp: Trace Attempt 769	[145.03 s]
0.0.AM: Trace Attempt 402	[146.66 s]
0.0.Ht: Trace Attempt 11707	[148.25 s]
0.0.B: Trace Attempt 9059	[148.43 s]
0.0.N: Trace Attempt 155	[148.94 s]
0.0.Hp: Trace Attempt 782	[149.12 s]
0.0.AM: Trace Attempt 410	[150.85 s]
0.0.Ht: Trace Attempt 12079	[152.26 s]
0.0.B: Trace Attempt 9172	[152.46 s]
0.0.N: Trace Attempt 218	[152.98 s]
0.0.Hp: Trace Attempt 789	[153.79 s]
0.0.N: Trace Attempt  1	[154.52 s]
0.0.N: Trace Attempt  2	[154.52 s]
0.0.N: Trace Attempt  3	[154.52 s]
0.0.N: Trace Attempt  4	[154.52 s]
0.0.N: Trace Attempt  5	[154.52 s]
0.0.AM: Trace Attempt 424	[155.10 s]
0.0.Ht: Trace Attempt 12422	[156.26 s]
0.0.B: Trace Attempt 9283	[156.47 s]
0.0.Hp: Trace Attempt 802	[158.29 s]
0.0.N: Trace Attempt 154	[158.57 s]
0.0.AM: Trace Attempt 437	[159.11 s]
0.0.Ht: Trace Attempt 12738	[160.27 s]
0.0.B: Trace Attempt 9393	[160.51 s]
0.0.N: Trace Attempt 218	[162.62 s]
0.0.AM: Trace Attempt 456	[163.22 s]
0.0.Hp: Trace Attempt 806	[163.60 s]
0.0.Ht: Trace Attempt 13033	[164.27 s]
0.0.N: Trace Attempt  1	[164.48 s]
0.0.N: Trace Attempt  2	[164.48 s]
0.0.N: Trace Attempt  3	[164.48 s]
0.0.N: Trace Attempt  4	[164.49 s]
0.0.N: Trace Attempt  5	[164.49 s]
0.0.B: Trace Attempt 9501	[164.52 s]
0.0.AM: Trace Attempt 476	[167.36 s]
0.0.Hp: Trace Attempt 814	[167.76 s]
0.0.Ht: Trace Attempt 13278	[168.27 s]
0.0.N: Trace Attempt 164	[168.58 s]
0.0.B: Trace Attempt 9607	[168.55 s]
0.0.AM: Trace Attempt 493	[171.57 s]
0.0.Ht: Trace Attempt 13565	[172.28 s]
0.0.N: Trace Attempt 234	[172.60 s]
0.0.B: Trace Attempt 9703	[172.59 s]
0.0.Hp: Trace Attempt 823	[172.93 s]
0.0.AM: Trace Attempt 498	[176.12 s]
0.0.Ht: Trace Attempt 13833	[176.29 s]
0.0.N: Trace Attempt 261	[176.61 s]
0.0.B: Trace Attempt 9796	[176.60 s]
0.0.Hp: Trace Attempt 833	[176.93 s]
0.0.AM: Trace Attempt 503	[180.37 s]
0.0.B: Trace Attempt 9896	[180.62 s]
0.0.N: Trace Attempt 304	[180.69 s]
0.0.N: Trace Attempt 309	[181.20 s]
0.0.N: Stopped processing property "Thermocouple.p1"	[181.26 s].
0.0.N: Morphing to Ncustom1
0.0.N: All properties determined. [0.00 s]
0.0.N: Exited with Success (@ 0.00 s)
0.0.Ncustom1: clocks: 1, declared: 1, looping: 0, posedge: 1, negedge: 0, noedge: 0, bothedge: 0
0.0.Ncustom1: Starting proof for property "Thermocouple.p1"	[0.00 s].
0.0.Ncustom1: Trace Attempt 256	[0.02 s]
0.0.AM: Trace Attempt 505	[181.09 s]
0.0.AM: Stopped processing property "Thermocouple.p1"	[181.24 s].
0.0.AM: Morphing to AMcustom3
0.0.Tri: Proofgrid shell started at 197300@vlsi-moon(local) jg_195623_vlsi-moon_1
0.0.Tri: clocks: 1, declared: 1, looping: 0, posedge: 1, negedge: 0, noedge: 0, bothedge: 0
0.0.AM: All properties determined. [0.00 s]
0.0.AM: Exited with Success (@ 0.00 s)
0.0.AMcustom3: clocks: 1, declared: 1, looping: 0, posedge: 1, negedge: 0, noedge: 0, bothedge: 0
0.0.AMcustom3: Starting proof for property "Thermocouple.p1"	[0.00 s].
0.0.AMcustom3: Trace Attempt  1	[0.00 s]
0.0.AMcustom3: Trace Attempt  2	[0.00 s]
0.0.AMcustom3: Trace Attempt  3	[0.00 s]
0.0.AMcustom3: Trace Attempt  4	[0.00 s]
0.0.AMcustom3: Trace Attempt  5	[0.00 s]
0.0.AMcustom3: Trace Attempt  1	[0.00 s]
0.0.AMcustom3: Trace Attempt  2	[0.00 s]
0.0.AMcustom3: Trace Attempt  3	[0.00 s]
0.0.Tri: Last scan. Per property time limit: 0s
0.0.Tri: Starting proof for property "Thermocouple.p1"	[0.00 s].
0.0.Tri: Trace Attempt  1	[0.00 s]
0.0.AMcustom3: Trace Attempt  4	[0.01 s]
0.0.AMcustom3: Trace Attempt  1	[0.01 s]
0.0.AMcustom3: Trace Attempt  2	[0.02 s]
0.0.AMcustom3: Trace Attempt  3	[0.02 s]
0.0.AMcustom3: Trace Attempt  4	[0.02 s]
0.0.AMcustom3: Trace Attempt  5	[0.02 s]
0.0.Hp: Trace Attempt 843	[181.37 s]
0.0.AMcustom3: Trace Attempt  1	[0.05 s]
0.0.AMcustom3: Trace Attempt  2	[0.05 s]
0.0.AMcustom3: Trace Attempt  3	[0.05 s]
0.0.AMcustom3: Trace Attempt  4	[0.06 s]
0.0.AMcustom3: Trace Attempt  5	[0.06 s]
0.0.Tri:    0.00" ---- Launching main thread ----
0.0.Tri:    0.04" ---- Launching abstraction thread ----
0.0.Tri:    0.04" ---- Launching multi-phase simplification thread ----
0.0.B: Trace Attempt 9909	[181.13 s]
0.0.B: Stopped processing property "Thermocouple.p1"	[181.38 s].
0.0.B: Morphing to Bcustom2
0.0.Tri:    0.06" ---- Launching liveness simplification thread ----
0.0.B: All properties determined. [0.00 s]
0.0.B: Exited with Success (@ 0.00 s)
0.0.Bcustom2: clocks: 1, declared: 1, looping: 0, posedge: 1, negedge: 0, noedge: 0, bothedge: 0
0.0.Bcustom2: Starting proof for property "Thermocouple.p1"	[0.00 s].
0.0.Bcustom2: Trace Attempt  1	[0.00 s]
0.0.Bcustom2: Trace Attempt  2	[0.00 s]
0.0.Bcustom2: Trace Attempt  1	[0.00 s]
0.0.Bcustom2: Trace Attempt  2	[0.00 s]
0.0.Bcustom2: Trace Attempt  3	[0.00 s]
0.0.Bcustom2: Trace Attempt  4	[0.00 s]
0.0.Bcustom2: Trace Attempt  5	[0.00 s]
0.0.Bcustom2: Trace Attempt  1	[0.00 s]
0.0.Bcustom2: Trace Attempt  2	[0.00 s]
0.0.Bcustom2: Trace Attempt  3	[0.00 s]
0.0.Bcustom2: Trace Attempt  4	[0.00 s]
0.0.Bcustom2: Trace Attempt  5	[0.00 s]
0.0.Bcustom2: Trace Attempt  1	[0.01 s]
0.0.Bcustom2: Trace Attempt  2	[0.01 s]
0.0.Bcustom2: Trace Attempt  3	[0.01 s]
0.0.Bcustom2: Trace Attempt  4	[0.01 s]
0.0.Bcustom2: Trace Attempt  5	[0.01 s]
0.0.Bcustom2: Trace Attempt  1	[0.01 s]
0.0.Bcustom2: Trace Attempt  2	[0.01 s]
0.0.Bcustom2: Trace Attempt  3	[0.01 s]
0.0.Bcustom2: Trace Attempt  4	[0.01 s]
0.0.Bcustom2: Trace Attempt  5	[0.01 s]
0.0.Bcustom2: Trace Attempt  1	[0.02 s]
0.0.Bcustom2: Trace Attempt  2	[0.02 s]
0.0.Bcustom2: Trace Attempt  3	[0.02 s]
0.0.Bcustom2: Trace Attempt  4	[0.02 s]
0.0.Bcustom2: Trace Attempt  5	[0.02 s]
0.0.AMcustom3: Trace Attempt  1	[0.17 s]
0.0.AMcustom3: Trace Attempt  2	[0.17 s]
0.0.AMcustom3: Trace Attempt  3	[0.17 s]
0.0.AMcustom3: Trace Attempt  4	[0.17 s]
0.0.AMcustom3: Trace Attempt  5	[0.17 s]
0.0.Bcustom2: Trace Attempt  1	[0.05 s]
0.0.Bcustom2: Trace Attempt  2	[0.05 s]
0.0.Bcustom2: Trace Attempt  3	[0.05 s]
0.0.Bcustom2: Trace Attempt  4	[0.05 s]
0.0.Bcustom2: Trace Attempt  5	[0.05 s]
0.0.Bcustom2: Trace Attempt  1	[0.11 s]
0.0.Bcustom2: Trace Attempt  2	[0.11 s]
0.0.Bcustom2: Trace Attempt  3	[0.11 s]
0.0.Bcustom2: Trace Attempt  4	[0.11 s]
0.0.Bcustom2: Trace Attempt  5	[0.11 s]
0.0.Ncustom1: Trace Attempt  1	[0.36 s]
0.0.Ncustom1: Trace Attempt  2	[0.36 s]
0.0.Ncustom1: Trace Attempt  3	[0.36 s]
0.0.Ncustom1: Trace Attempt  4	[0.36 s]
0.0.Ncustom1: Trace Attempt  5	[0.36 s]
0.0.Bcustom2: Trace Attempt  1	[0.27 s]
0.0.Bcustom2: Trace Attempt  2	[0.27 s]
0.0.Bcustom2: Trace Attempt  3	[0.27 s]
0.0.Bcustom2: Trace Attempt  4	[0.27 s]
0.0.Bcustom2: Trace Attempt  5	[0.27 s]
0.0.AMcustom3: Trace Attempt  1	[0.60 s]
0.0.AMcustom3: Trace Attempt  2	[0.60 s]
0.0.AMcustom3: Trace Attempt  3	[0.60 s]
0.0.AMcustom3: Trace Attempt  4	[0.61 s]
0.0.AMcustom3: Trace Attempt  5	[0.61 s]
0.0.Bcustom2: Trace Attempt  1	[0.74 s]
0.0.Bcustom2: Trace Attempt  2	[0.74 s]
0.0.Bcustom2: Trace Attempt  3	[0.74 s]
0.0.Bcustom2: Trace Attempt  4	[0.74 s]
0.0.Bcustom2: Trace Attempt  5	[0.74 s]
0.0.Bcustom2: Trace Attempt 215	[0.78 s]
0.0.Bcustom2: Stopped processing property "Thermocouple.p1"	[0.78 s].
0.0.Bcustom2: Morphing to D
0.0.Bcustom2: All properties determined. [0.00 s]
0.0.Bcustom2: Exited with Success (@ 0.00 s)
0.0.D: clocks: 1, declared: 1, looping: 0, posedge: 1, negedge: 0, noedge: 0, bothedge: 0
0.0.D: Starting proof for property "Thermocouple.p1"	[0.00 s].
0.0.AMcustom3: Trace Attempt 49	[0.92 s]
0.0.AMcustom3: Stopped processing property "Thermocouple.p1"	[0.92 s].
0.0.AMcustom3: Morphing to M
0.0.AMcustom3: All properties determined. [0.00 s]
0.0.AMcustom3: Exited with Success (@ 0.00 s)
0.0.D: Trace Attempt  1	[0.00 s]
0.0.D: Trace Attempt  2	[0.00 s]
0.0.M: clocks: 1, declared: 1, looping: 0, posedge: 1, negedge: 0, noedge: 0, bothedge: 0
0.0.M: Starting proof for property "Thermocouple.p1"	[0.00 s].
0.0.M: Trace Attempt  1	[0.00 s]
0.0.D: Trace Attempt  4	[0.00 s]
0.0.M: Trace Attempt  2	[0.00 s]
0.0.M: Trace Attempt  3	[0.00 s]
0.0.M: Trace Attempt  4	[0.01 s]
0.0.M: Trace Attempt  5	[0.01 s]
0.0.Tri: Stopped processing property "Thermocouple.p1"	[0.92 s].
0.0.Tri: Morphing to AMcustom5
0.0.Tri: All properties determined. [0.00 s]
0.0.Tri: Exited with Success (@ 0.00 s)
0.0.AMcustom5: clocks: 1, declared: 1, looping: 0, posedge: 1, negedge: 0, noedge: 0, bothedge: 0
0.0.AMcustom5: Starting proof for property "Thermocouple.p1"	[0.00 s].
0.0.AMcustom5: Trace Attempt  1	[0.00 s]
0.0.AMcustom5: Trace Attempt  2	[0.00 s]
0.0.AMcustom5: Trace Attempt  1	[0.01 s]
0.0.AMcustom5: Trace Attempt  2	[0.01 s]
0.0.AMcustom5: Trace Attempt  3	[0.01 s]
0.0.AMcustom5: Trace Attempt  4	[0.01 s]
0.0.AMcustom5: Trace Attempt  5	[0.01 s]
0.0.AMcustom5: Trace Attempt  1	[0.01 s]
0.0.AMcustom5: Trace Attempt  2	[0.01 s]
0.0.AMcustom5: Trace Attempt  3	[0.01 s]
0.0.AMcustom5: Trace Attempt  4	[0.01 s]
0.0.AMcustom5: Trace Attempt  5	[0.02 s]
0.0.AMcustom5: Trace Attempt  1	[0.02 s]
0.0.AMcustom5: Trace Attempt  2	[0.02 s]
0.0.AMcustom5: Trace Attempt  3	[0.02 s]
0.0.AMcustom5: Trace Attempt  4	[0.02 s]
0.0.AMcustom5: Trace Attempt  1	[0.03 s]
0.0.AMcustom5: Trace Attempt  2	[0.03 s]
0.0.AMcustom5: Trace Attempt  3	[0.03 s]
0.0.AMcustom5: Trace Attempt  4	[0.03 s]
0.0.AMcustom5: Trace Attempt  5	[0.03 s]
0.0.AMcustom5: Trace Attempt  1	[0.03 s]
0.0.AMcustom5: Trace Attempt  2	[0.03 s]
0.0.AMcustom5: Trace Attempt  3	[0.03 s]
0.0.AMcustom5: Trace Attempt  4	[0.04 s]
0.0.AMcustom5: Trace Attempt  1	[0.04 s]
0.0.AMcustom5: Trace Attempt  2	[0.04 s]
0.0.AMcustom5: Trace Attempt  3	[0.04 s]
0.0.AMcustom5: Trace Attempt  4	[0.04 s]
0.0.AMcustom5: Trace Attempt  5	[0.04 s]
0.0.AMcustom5: Trace Attempt  1	[0.08 s]
0.0.AMcustom5: Trace Attempt  2	[0.08 s]
0.0.AMcustom5: Trace Attempt  3	[0.08 s]
0.0.AMcustom5: Trace Attempt  4	[0.08 s]
0.0.AMcustom5: Trace Attempt  5	[0.08 s]
0.0.AMcustom5: Trace Attempt  1	[0.08 s]
0.0.AMcustom5: Trace Attempt  2	[0.08 s]
0.0.AMcustom5: Trace Attempt  3	[0.08 s]
0.0.AMcustom5: Trace Attempt  4	[0.08 s]
0.0.AMcustom5: Trace Attempt  5	[0.09 s]
0.0.AMcustom5: Trace Attempt  1	[0.09 s]
0.0.AMcustom5: Trace Attempt  2	[0.09 s]
0.0.AMcustom5: Trace Attempt  3	[0.09 s]
0.0.AMcustom5: Trace Attempt  4	[0.09 s]
0.0.AMcustom5: Trace Attempt  5	[0.10 s]
0.0.AMcustom5: Trace Attempt  1	[0.12 s]
0.0.AMcustom5: Trace Attempt  2	[0.12 s]
0.0.AMcustom5: Trace Attempt  3	[0.12 s]
0.0.AMcustom5: Trace Attempt  4	[0.13 s]
0.0.AMcustom5: Trace Attempt  5	[0.13 s]
0.0.AMcustom5: Trace Attempt  1	[0.24 s]
0.0.AMcustom5: Trace Attempt  2	[0.24 s]
0.0.AMcustom5: Trace Attempt  3	[0.24 s]
0.0.AMcustom5: Trace Attempt  4	[0.24 s]
0.0.AMcustom5: Trace Attempt  5	[0.24 s]
0.0.AMcustom5: Trace Attempt  1	[0.24 s]
0.0.AMcustom5: Trace Attempt  2	[0.24 s]
0.0.AMcustom5: Trace Attempt  3	[0.24 s]
0.0.AMcustom5: Trace Attempt  4	[0.24 s]
0.0.AMcustom5: Trace Attempt  5	[0.24 s]
0.0.AMcustom5: Trace Attempt  1	[0.25 s]
0.0.AMcustom5: Trace Attempt  2	[0.25 s]
0.0.AMcustom5: Trace Attempt  3	[0.25 s]
0.0.AMcustom5: Trace Attempt  4	[0.25 s]
0.0.AMcustom5: Trace Attempt  5	[0.25 s]
0.0.AMcustom5: Trace Attempt  1	[0.28 s]
0.0.AMcustom5: Trace Attempt  2	[0.28 s]
0.0.AMcustom5: Trace Attempt  3	[0.28 s]
0.0.AMcustom5: Trace Attempt  4	[0.29 s]
0.0.AMcustom5: Trace Attempt  5	[0.29 s]
0.0.AMcustom5: Trace Attempt  1	[0.39 s]
0.0.AMcustom5: Trace Attempt  2	[0.39 s]
0.0.AMcustom5: Trace Attempt  3	[0.39 s]
0.0.AMcustom5: Trace Attempt  4	[0.40 s]
0.0.AMcustom5: Trace Attempt  5	[0.40 s]
0.0.AMcustom5: Trace Attempt  1	[0.89 s]
0.0.AMcustom5: Trace Attempt  2	[0.89 s]
0.0.AMcustom5: Trace Attempt  3	[0.89 s]
0.0.AMcustom5: Trace Attempt  4	[0.89 s]
0.0.AMcustom5: Trace Attempt  5	[0.89 s]
0.0.AMcustom5: Trace Attempt  1	[0.89 s]
0.0.AMcustom5: Trace Attempt  2	[0.90 s]
0.0.AMcustom5: Trace Attempt  3	[0.90 s]
0.0.AMcustom5: Trace Attempt  4	[0.90 s]
0.0.AMcustom5: Trace Attempt  5	[0.90 s]
0.0.AMcustom5: Trace Attempt  1	[0.91 s]
0.0.AMcustom5: Trace Attempt  2	[0.91 s]
0.0.AMcustom5: Trace Attempt  3	[0.91 s]
0.0.AMcustom5: Trace Attempt  4	[0.91 s]
0.0.AMcustom5: Trace Attempt  5	[0.91 s]
0.0.AMcustom5: Trace Attempt  1	[0.94 s]
0.0.AMcustom5: Trace Attempt  2	[0.94 s]
0.0.AMcustom5: Trace Attempt  3	[0.94 s]
0.0.AMcustom5: Trace Attempt  4	[0.94 s]
0.0.AMcustom5: Trace Attempt  5	[0.94 s]
0.0.AMcustom5: Trace Attempt  1	[1.07 s]
0.0.AMcustom5: Trace Attempt  2	[1.07 s]
0.0.AMcustom5: Trace Attempt  3	[1.07 s]
0.0.AMcustom5: Trace Attempt  4	[1.07 s]
0.0.AMcustom5: Trace Attempt  5	[1.08 s]
0.0.AMcustom5: Trace Attempt  1	[1.55 s]
0.0.AMcustom5: Trace Attempt  2	[1.55 s]
0.0.AMcustom5: Trace Attempt  3	[1.55 s]
0.0.AMcustom5: Trace Attempt  4	[1.55 s]
0.0.AMcustom5: Trace Attempt  5	[1.55 s]
0.0.AMcustom5: Trace Attempt 97	[2.59 s]
0.0.AMcustom5: Stopped processing property "Thermocouple.p1"	[2.60 s].
0.0.AMcustom5: Morphing to ADcustom7
0.0.AMcustom5: All properties determined. [0.00 s]
0.0.AMcustom5: Exited with Success (@ 0.00 s)
0.0.ADcustom7: clocks: 1, declared: 1, looping: 0, posedge: 1, negedge: 0, noedge: 0, bothedge: 0
0.0.ADcustom7: Starting proof for property "Thermocouple.p1"	[0.00 s].
0.0.D: Trace Attempt 64	[1.04 s]
0.0.D: Stopped processing property "Thermocouple.p1"	[2.61 s].
0.0.ADcustom7: Trace Attempt  1	[0.00 s]
0.0.D: Morphing to AMcustom3
0.0.D: All properties determined. [0.00 s]
0.0.D: Exited with Success (@ 0.00 s)
0.0.ADcustom7: Trace Attempt  2	[0.00 s]
0.0.ADcustom7: Trace Attempt  1	[0.00 s]
0.0.AMcustom3: clocks: 1, declared: 1, looping: 0, posedge: 1, negedge: 0, noedge: 0, bothedge: 0
0.0.ADcustom7: Trace Attempt  2	[0.00 s]
0.0.AMcustom3: Starting proof for property "Thermocouple.p1"	[0.00 s].
0.0.ADcustom7: Trace Attempt  3	[0.00 s]
0.0.AMcustom3: Trace Attempt  1	[0.00 s]
0.0.AMcustom3: Trace Attempt  2	[0.00 s]
0.0.ADcustom7: Trace Attempt  4	[0.00 s]
0.0.ADcustom7: Trace Attempt  5	[0.00 s]
0.0.AMcustom3: Trace Attempt  3	[0.00 s]
0.0.Ncustom1: Trace Attempt 147	[3.58 s]
0.0.Ncustom1: Stopped processing property "Thermocouple.p1"	[3.60 s].
0.0.Ncustom1: Morphing to Bcustom2
0.0.Ncustom1: All properties determined. [0.00 s]
0.0.Ncustom1: Exited with Success (@ 0.00 s)
0.0.AMcustom3: Trace Attempt  4	[0.00 s]
0.0.AMcustom3: Trace Attempt  5	[0.00 s]
0.0.Bcustom2: clocks: 1, declared: 1, looping: 0, posedge: 1, negedge: 0, noedge: 0, bothedge: 0
0.0.Bcustom2: Starting proof for property "Thermocouple.p1"	[0.00 s].
0.0.ADcustom7: Trace Attempt  1	[0.00 s]
0.0.AMcustom3: Trace Attempt  1	[0.00 s]
0.0.Bcustom2: Trace Attempt  1	[0.00 s]
0.0.Bcustom2: Trace Attempt  2	[0.00 s]
0.0.ADcustom7: Trace Attempt  2	[0.00 s]
0.0.ADcustom7: Trace Attempt  3	[0.00 s]
0.0.ADcustom7: Trace Attempt  4	[0.01 s]
0.0.Bcustom2: Trace Attempt  1	[0.00 s]
0.0.Bcustom2: Trace Attempt  2	[0.00 s]
0.0.Bcustom2: Trace Attempt  3	[0.00 s]
0.0.Bcustom2: Trace Attempt  4	[0.00 s]
0.0.ADcustom7: Trace Attempt  5	[0.01 s]
0.0.Bcustom2: Trace Attempt  5	[0.00 s]
0.0.AMcustom3: Trace Attempt  2	[0.00 s]
0.0.AMcustom3: Trace Attempt  3	[0.00 s]
0.0.ADcustom7: Trace Attempt  1	[0.01 s]
0.0.ADcustom7: Trace Attempt  2	[0.01 s]
0.0.Bcustom2: Trace Attempt  1	[0.00 s]
0.0.Bcustom2: Trace Attempt  2	[0.00 s]
0.0.Bcustom2: Trace Attempt  3	[0.00 s]
0.0.Bcustom2: Trace Attempt  4	[0.00 s]
0.0.Bcustom2: Trace Attempt  5	[0.00 s]
0.0.ADcustom7: Trace Attempt  3	[0.01 s]
0.0.AMcustom3: Trace Attempt  4	[0.01 s]
0.0.ADcustom7: Trace Attempt  4	[0.01 s]
0.0.Bcustom2: Trace Attempt  1	[0.01 s]
0.0.Bcustom2: Trace Attempt  2	[0.01 s]
0.0.Bcustom2: Trace Attempt  3	[0.01 s]
0.0.Bcustom2: Trace Attempt  4	[0.01 s]
0.0.Bcustom2: Trace Attempt  5	[0.01 s]
0.0.Bcustom2: Trace Attempt  1	[0.01 s]
0.0.Bcustom2: Trace Attempt  2	[0.01 s]
0.0.AMcustom3: Trace Attempt  1	[0.01 s]
0.0.Bcustom2: Trace Attempt  3	[0.01 s]
0.0.Bcustom2: Trace Attempt  4	[0.01 s]
0.0.Bcustom2: Trace Attempt  5	[0.01 s]
0.0.AMcustom3: Trace Attempt  2	[0.02 s]
0.0.AMcustom3: Trace Attempt  3	[0.02 s]
0.0.ADcustom7: Trace Attempt  1	[0.02 s]
0.0.ADcustom7: Trace Attempt  2	[0.02 s]
0.0.ADcustom7: Trace Attempt  3	[0.02 s]
0.0.AMcustom3: Trace Attempt  4	[0.02 s]
0.0.ADcustom7: Trace Attempt  4	[0.02 s]
0.0.ADcustom7: Trace Attempt  5	[0.02 s]
0.0.AMcustom3: Trace Attempt  5	[0.02 s]
0.0.ADcustom7: Trace Attempt  1	[0.02 s]
0.0.ADcustom7: Trace Attempt  2	[0.02 s]
0.0.ADcustom7: Trace Attempt  3	[0.02 s]
0.0.ADcustom7: Trace Attempt  4	[0.02 s]
0.0.Bcustom2: Trace Attempt  1	[0.02 s]
0.0.Bcustom2: Trace Attempt  2	[0.02 s]
0.0.Bcustom2: Trace Attempt  3	[0.02 s]
0.0.Bcustom2: Trace Attempt  4	[0.03 s]
0.0.Bcustom2: Trace Attempt  5	[0.03 s]
0.0.ADcustom7: Trace Attempt  1	[0.03 s]
0.0.ADcustom7: Trace Attempt  2	[0.03 s]
0.0.ADcustom7: Trace Attempt  3	[0.03 s]
0.0.ADcustom7: Trace Attempt  4	[0.04 s]
0.0.Bcustom2: Trace Attempt  1	[0.05 s]
0.0.Bcustom2: Trace Attempt  2	[0.05 s]
0.0.Bcustom2: Trace Attempt  3	[0.05 s]
0.0.Bcustom2: Trace Attempt  4	[0.05 s]
0.0.Bcustom2: Trace Attempt  5	[0.05 s]
0.0.AMcustom3: Trace Attempt  1	[0.05 s]
0.0.AMcustom3: Trace Attempt  2	[0.05 s]
0.0.AMcustom3: Trace Attempt  3	[0.05 s]
0.0.AMcustom3: Trace Attempt  4	[0.06 s]
0.0.AMcustom3: Trace Attempt  5	[0.06 s]
0.0.ADcustom7: Trace Attempt  1	[0.08 s]
0.0.ADcustom7: Trace Attempt  2	[0.08 s]
0.0.ADcustom7: Trace Attempt  3	[0.08 s]
0.0.ADcustom7: Trace Attempt  4	[0.08 s]
0.0.ADcustom7: Trace Attempt  5	[0.08 s]
0.0.ADcustom7: Trace Attempt  1	[0.08 s]
0.0.ADcustom7: Trace Attempt  2	[0.08 s]
0.0.ADcustom7: Trace Attempt  3	[0.08 s]
0.0.ADcustom7: Trace Attempt  4	[0.08 s]
0.0.ADcustom7: Trace Attempt  1	[0.09 s]
0.0.ADcustom7: Trace Attempt  2	[0.09 s]
0.0.ADcustom7: Trace Attempt  3	[0.09 s]
0.0.ADcustom7: Trace Attempt  4	[0.10 s]
0.0.Bcustom2: Trace Attempt  1	[0.11 s]
0.0.Bcustom2: Trace Attempt  2	[0.11 s]
0.0.Bcustom2: Trace Attempt  3	[0.11 s]
0.0.Bcustom2: Trace Attempt  4	[0.11 s]
0.0.Bcustom2: Trace Attempt  5	[0.11 s]
0.0.ADcustom7: Trace Attempt  1	[0.13 s]
0.0.ADcustom7: Trace Attempt  2	[0.13 s]
0.0.ADcustom7: Trace Attempt  3	[0.14 s]
0.0.ADcustom7: Trace Attempt  4	[0.14 s]
0.0.AMcustom3: Trace Attempt  1	[0.17 s]
0.0.AMcustom3: Trace Attempt  2	[0.17 s]
0.0.AMcustom3: Trace Attempt  3	[0.17 s]
0.0.AMcustom3: Trace Attempt  4	[0.17 s]
0.0.AMcustom3: Trace Attempt  5	[0.17 s]
0.0.Bcustom2: Trace Attempt  1	[0.26 s]
0.0.Bcustom2: Trace Attempt  2	[0.26 s]
0.0.Bcustom2: Trace Attempt  3	[0.26 s]
0.0.Bcustom2: Trace Attempt  4	[0.26 s]
0.0.Bcustom2: Trace Attempt  5	[0.26 s]
0.0.ADcustom7: Trace Attempt  1	[0.33 s]
0.0.ADcustom7: Trace Attempt  2	[0.33 s]
0.0.ADcustom7: Trace Attempt  3	[0.33 s]
0.0.ADcustom7: Trace Attempt  4	[0.33 s]
0.0.ADcustom7: Trace Attempt  5	[0.33 s]
0.0.ADcustom7: Trace Attempt  1	[0.33 s]
0.0.ADcustom7: Trace Attempt  2	[0.33 s]
0.0.ADcustom7: Trace Attempt  3	[0.33 s]
0.0.ADcustom7: Trace Attempt  4	[0.33 s]
0.0.ADcustom7: Trace Attempt  1	[0.34 s]
0.0.ADcustom7: Trace Attempt  2	[0.34 s]
0.0.ADcustom7: Trace Attempt  3	[0.34 s]
0.0.ADcustom7: Trace Attempt  4	[0.34 s]
0.0.ADcustom7: Trace Attempt  1	[0.38 s]
0.0.ADcustom7: Trace Attempt  2	[0.38 s]
0.0.ADcustom7: Trace Attempt  3	[0.38 s]
0.0.ADcustom7: Trace Attempt  4	[0.39 s]
0.0.ADcustom7: Trace Attempt  1	[0.56 s]
0.0.ADcustom7: Trace Attempt  2	[0.56 s]
0.0.ADcustom7: Trace Attempt  4	[0.56 s]
0.0.AMcustom3: Trace Attempt  1	[0.59 s]
0.0.AMcustom3: Trace Attempt  2	[0.59 s]
0.0.AMcustom3: Trace Attempt  3	[0.59 s]
0.0.AMcustom3: Trace Attempt  4	[0.59 s]
0.0.AMcustom3: Trace Attempt  5	[0.60 s]
0.0.Hp: Trace Attempt 847	[185.54 s]
0.0.Bcustom2: Trace Attempt  1	[0.73 s]
0.0.Bcustom2: Trace Attempt  2	[0.73 s]
0.0.Bcustom2: Trace Attempt  3	[0.73 s]
0.0.Bcustom2: Trace Attempt  4	[0.73 s]
0.0.Bcustom2: Trace Attempt  5	[0.73 s]
0.0.M: Trace Attempt 154	[4.02 s]
0.0.ADcustom7: Trace Attempt  1	[1.54 s]
0.0.ADcustom7: Trace Attempt  2	[1.54 s]
0.0.ADcustom7: Trace Attempt  3	[1.54 s]
0.0.ADcustom7: Trace Attempt  4	[1.54 s]
0.0.ADcustom7: Trace Attempt  5	[1.54 s]
0.0.ADcustom7: Trace Attempt  1	[1.54 s]
0.0.ADcustom7: Trace Attempt  2	[1.54 s]
0.0.ADcustom7: Trace Attempt  3	[1.54 s]
0.0.ADcustom7: Trace Attempt  4	[1.54 s]
0.0.ADcustom7: Trace Attempt  1	[1.55 s]
0.0.ADcustom7: Trace Attempt  2	[1.55 s]
0.0.ADcustom7: Trace Attempt  3	[1.55 s]
0.0.ADcustom7: Trace Attempt  4	[1.55 s]
0.0.ADcustom7: Trace Attempt  1	[1.59 s]
0.0.ADcustom7: Trace Attempt  2	[1.59 s]
0.0.ADcustom7: Trace Attempt  3	[1.59 s]
0.0.ADcustom7: Trace Attempt  4	[1.59 s]
0.0.Ht: Trace Attempt 13939	[186.47 s]
0.0.ADcustom7: Trace Attempt  1	[1.81 s]
0.0.ADcustom7: Trace Attempt  2	[1.81 s]
0.0.ADcustom7: Trace Attempt  3	[1.81 s]
0.0.ADcustom7: Trace Attempt  4	[1.82 s]
0.0.AMcustom3: Trace Attempt  1	[2.51 s]
0.0.AMcustom3: Trace Attempt  2	[2.51 s]
0.0.AMcustom3: Trace Attempt  3	[2.51 s]
0.0.AMcustom3: Trace Attempt  4	[2.51 s]
0.0.AMcustom3: Trace Attempt  5	[2.52 s]
0.0.ADcustom7: Trace Attempt  1	[2.80 s]
0.0.ADcustom7: Trace Attempt  2	[2.80 s]
0.0.ADcustom7: Trace Attempt  3	[2.80 s]
0.0.ADcustom7: Trace Attempt  4	[2.80 s]
0.0.ADcustom7: Trace Attempt 32	[3.04 s]
0.0.ADcustom7: Stopped processing property "Thermocouple.p1"	[3.46 s].
0.0.ADcustom7: Morphing to Tricustom8
0.0.ADcustom7: All properties determined. [0.00 s]
0.0.ADcustom7: Exited with Success (@ 0.00 s)
0.0.AMcustom3: Trace Attempt 78	[3.45 s]
0.0.AMcustom3: Stopped processing property "Thermocouple.p1"	[3.46 s].
0.0.AMcustom3: Morphing to D
0.0.AMcustom3: All properties determined. [0.00 s]
0.0.AMcustom3: Exited with Success (@ 0.00 s)
0.0.Tricustom8: clocks: 1, declared: 1, looping: 0, posedge: 1, negedge: 0, noedge: 0, bothedge: 0
0.0.D: clocks: 1, declared: 1, looping: 0, posedge: 1, negedge: 0, noedge: 0, bothedge: 0
0.0.D: Starting proof for property "Thermocouple.p1"	[0.00 s].
0.0.D: Trace Attempt 64	[0.01 s]
0.0.Tricustom8: Starting proof for property "Thermocouple.p1"	[0.00 s].
0.0.Tricustom8: Trace Attempt  1	[0.00 s]
0.0.Bcustom2: Trace Attempt 1390	[3.45 s]
0.0.Bcustom2: Stopped processing property "Thermocouple.p1"	[3.48 s].
0.0.Bcustom2: Morphing to Tri
0.0.Bcustom2: All properties determined. [0.00 s]
0.0.Bcustom2: Exited with Success (@ 0.00 s)
0.0.Tri: clocks: 1, declared: 1, looping: 0, posedge: 1, negedge: 0, noedge: 0, bothedge: 0
0.0.Tri: Starting proof for property "Thermocouple.p1"	[0.00 s].
0.0.Tri: Trace Attempt  1	[0.00 s]
0.0.Tri:    0.00" ---- Launching main thread ----
0.0.Tri:    0.03" ---- Launching abstraction thread ----
0.0.Tri:    0.04" ---- Launching multi-phase simplification thread ----
0.0.Tri: Requesting engine job to terminate
0.0.D: Requesting engine job to terminate
0.0.M: Requesting engine job to terminate
0.0.Tricustom8: Requesting engine job to terminate
0.0.Hp: Requesting engine job to terminate
0.0.Ht: Requesting engine job to terminate
INFO (IPF144): 0: Initiating shutdown of proof [188.45 s]
0.0.Tricustom8: A proof was found: No trace exists. [0.12 s]
INFO (IPF057): 0.0.Tricustom8: The property "Thermocouple.p1" was proven in 0.12 s.
0.0.D: Stopped processing property "Thermocouple.p1"	[0.13 s].
0.0.D: All properties determined. [0.13 s]
0.0.Ht: Trace Attempt 14033	[188.36 s]
0.0.Ht: All properties determined. [188.38 s]
0.0.D: Exited with Success (@ 188.46 s)
0: ProofGrid usable level: 0
0.0.Tri:    0.06" ---- Launching liveness simplification thread ----
0.0.Tri: Stopped processing property "Thermocouple.p1"	[0.11 s].
0.0.Tri: All properties determined. [0.11 s]
0.0.M: Trace Attempt 190	[6.16 s]
0.0.M: Stopped processing property "Thermocouple.p1"	[6.22 s].
0.0.M: All properties determined. [6.21 s]
0.0.M: Exited with Success (@ 188.47 s)
0.0.Tri: Exited with Success (@ 188.48 s)
0.0.Hp: Trace Attempt 850	[187.88 s]
0.0.Hp: All properties determined. [188.61 s]
0.0.Tricustom8: Stopped processing property "Thermocouple.p1"	[0.32 s].
0.0.Tricustom8: All properties determined. [0.32 s]
0.0.Tricustom8: Exited with Success (@ 188.66 s)
0.0.Hp: Exited with Success (@ 188.68 s)
0.0.Ht: Exited with Success (@ 189.29 s)
0: --------------------------------------------------------------
ProofGrid Summary (utilization 99.94 %)
--------------------------------------------------------------
     engines started                               :    15
     engine jobs started                           :     7

    Average time in state (seconds)
    ------------------------------------------------------
    Engine  Pending     Running        Dead    Utilization
    ------------------------------------------------------
     Hp        0.09      188.45        0.00       99.95 %
     Ht        0.07      188.38        0.00       99.96 %
     Oh        0.07        0.00        0.00        1.96 %
    Tri        0.10      188.37        0.00       99.95 %
      D        0.07      188.13        0.00       99.96 %
      M        0.08      188.27        0.00       99.96 %
    Tricustom8        0.10        7.11        0.00       98.59 %
    all        0.08      135.53        0.00       99.94 %

    Total time in state (seconds)
    -----------------------------------------
            Pending     Running        Dead  
    -----------------------------------------
               0.58      948.70        0.00

    Data read    : 6.62 MiB
    Data written : 6.27 kiB

0: All pending notifications were processed.
INFO (IPF059): 0: Completed proof on task: "<embedded>"

==============================================================
SUMMARY
==============================================================
           Properties Considered              : 1
                 assertions                   : 1
                  - proven                    : 1 (100%)
                  - bounded_proven (user)     : 0 (0%)
                  - bounded_proven (auto)     : 0 (0%)
                  - marked_proven             : 0 (0%)
                  - cex                       : 0 (0%)
                  - ar_cex                    : 0 (0%)
                  - undetermined              : 0 (0%)
                  - unknown                   : 0 (0%)
                  - error                     : 0 (0%)
                 covers                       : 0
                  - unreachable               : 0
                  - bounded_unreachable (user): 0
                  - covered                   : 0
                  - ar_covered                : 0
                  - undetermined              : 0
                  - unknown                   : 0
                  - error                     : 0
proven
[<embedded>] % exit -force
[<embedded>] % INFO (IPL005): Received request to exit from the console.
INFO: Waiting for proof threads to stop...
INFO: Proof threads stopped.
INFO (IPL018): The peak resident set memory use for this session was 1.962 GB.
INFO (IPL014): Waiting for the Tcl-thread to exit.
INFO (IPL015): The Tcl-thread exited with status 0.
INFO (IPL016): Exiting the analysis session with status 0.
Finished thermocouple_3.tcl successfully
