2025-11-17 21:25:24.257126 (84487) main____ INFO    ----------------------------------------
2025-11-17 21:25:24.257288 (84487) main____ INFO    Jasper version info
2025-11-17 21:25:24.257306 (84487) main____ INFO      tool      : Jasper 2024.06
2025-11-17 21:25:24.257323 (84487) main____ INFO      version   : 2024.06p002 64 bits
2025-11-17 21:25:24.257337 (84487) main____ INFO      build date: 2024.09.02 16:28:38 UTC
2025-11-17 21:25:24.257345 (84487) main____ INFO    ----------------------------------------
2025-11-17 21:25:24.257354 (84487) main____ INFO    Runtime info:
2025-11-17 21:25:24.257365 (84487) main____ INFO      platform  : Linux 3.10.0-1062.el7.x86_64 x86_64
2025-11-17 21:25:24.257388 (84487) main____ INFO      hostname  : vlsi-moon
2025-11-17 21:25:24.257402 (84487) main____ INFO      pid       : 84487
2025-11-17 21:25:24.257413 (84487) main____ INFO      arguments : '-style' 'windows' '-proj' '../jgprojects/lcd_11' '-batch' 'lcd_11.tcl'
2025-11-17 21:25:24.257425 (84487) main____ INFO      locale    : ANSI_X3.4-1968
2025-11-17 21:25:24.257433 (84487) main____ INFO    ----------------------------------------
2025-11-17 21:25:24.257442 (84487) main____ INFO    System resource limits info:
2025-11-17 21:25:24.257453 (84487) main____ INFO      virtual memory: unlimited
2025-11-17 21:25:24.257469 (84487) main____ INFO      cpu time      : unlimited
2025-11-17 21:25:24.257488 (84487) main____ INFO      processes     : 4096
2025-11-17 21:25:24.257509 (84487) main____ INFO      stack size    : 8388608 B
2025-11-17 21:25:24.257523 (84487) main____ INFO      core file size: 1024 B
2025-11-17 21:25:24.257535 (84487) main____ INFO      open files    : 4096
2025-11-17 21:25:24.257546 (84487) main____ INFO      file size     : unlimited
2025-11-17 21:25:24.257555 (84487) main____ INFO    ----------------------------------------
2025-11-17 21:25:24.257563 (84487) main____ INFO    Memory statistics:
2025-11-17 21:25:24.257574 (84487) main____ INFO      total physical memory  : 527831204 kB
2025-11-17 21:25:24.257584 (84487) main____ INFO      free physical memory   : 1132932 kB
2025-11-17 21:25:24.257594 (84487) main____ INFO      committed address space: 728078384 kB
2025-11-17 21:25:24.257602 (84487) main____ INFO    ----------------------------------------
2025-11-17 21:25:24.259763 (84487) main____ INFO    Important environment variables:
2025-11-17 21:25:24.259802 (84487) main____ INFO      CDS_ASSURA         : '/eda/cadence/2023-24/RHELx86/ASSURA_04.16.115_231'
2025-11-17 21:25:24.259818 (84487) main____ INFO      CDS_AUTO_64BIT     : 'ALL'
2025-11-17 21:25:24.259832 (84487) main____ INFO      CDS_CONFRML        : '/eda/cadence/2023-24/RHELx86/CONFRML_23.10.300'
2025-11-17 21:25:24.259847 (84487) main____ INFO      CDS_DDIEXPORT      : '/eda/cadence/2023-24/RHELx86/DDIEXPORT_22.33.000'
2025-11-17 21:25:24.259862 (84487) main____ INFO      CDS_EMX            : '/eda/cadence/2023-24/RHELx86/EMX_23.10.000'
2025-11-17 21:25:24.259876 (84487) main____ INFO      CDS_GENUS          : '/eda/cadence/2023-24/RHELx86/DDIEXPORT_22.33.000/GENUS221'
2025-11-17 21:25:24.259890 (84487) main____ INFO      CDS_IC             : '/eda/cadence/2023-24/RHELx86/IC_23.10.020'
2025-11-17 21:25:24.259905 (84487) main____ INFO      CDS_INNOVUS        : '/eda/cadence/2023-24/RHELx86/DDIEXPORT_22.33.000/INNOVUS221'
2025-11-17 21:25:24.259937 (84487) main____ INFO      CDS_JLS            : '/eda/cadence/2023-24/RHELx86/DDIEXPORT_22.33.000/JLS221'
2025-11-17 21:25:24.259960 (84487) main____ INFO      CDS_LIC_FILE       : '/etc/local/cadence/license_8x.3868dd0560aa:5280@132.68.59.69:/etc/local/cadence/license_8x.1831bfb82c67:5280@132.68.59.64:/etc/local/cadence/license_8x.0894ef683fc3:5280@132.68.59.79:/etc/local/cadence/license_8x.1831bfb82c67:5280@132.68.59.61'
2025-11-17 21:25:24.259994 (84487) main____ INFO      CDS_LITMUS         : '/eda/cadence/2023-24/RHELx86/LITMUS_23.10.300'
2025-11-17 21:25:24.260015 (84487) main____ INFO      CDS_MODUS          : '/eda/cadence/2023-24/RHELx86/MODUS_22.12.000'
2025-11-17 21:25:24.260036 (84487) main____ INFO      CDS_MVS            : '/eda/cadence/2023-24/RHELx86/MVS_21.12.000'
2025-11-17 21:25:24.260056 (84487) main____ INFO      CDS_Netlisting_Mode: 'Analog'
2025-11-17 21:25:24.260070 (84487) main____ INFO      CDS_PEGASUS        : '/eda/cadence/2023-24/RHELx86/PEGASUS_23.11.000'
2025-11-17 21:25:24.260084 (84487) main____ INFO      CDS_PEGASUSDFM     : '/eda/cadence/2023-24/RHELx86/PEGASUSDFM_23.11.000'
2025-11-17 21:25:24.260098 (84487) main____ INFO      CDS_PVS            : '/eda/cadence/2023-24/RHELx86/PVS_22.22.000'
2025-11-17 21:25:24.260111 (84487) main____ INFO      CDS_QUANTUS        : '/eda/cadence/2023-24/RHELx86/QUANTUS_23.10.000'
2025-11-17 21:25:24.260125 (84487) main____ INFO      CDS_SPECTRE        : '/eda/cadence/2023-24/RHELx86/SPECTRE_23.10.242'
2025-11-17 21:25:24.260138 (84487) main____ INFO      CDS_SSV            : '/eda/cadence/2023-24/RHELx86/SSV_22.13.000'
2025-11-17 21:25:24.260149 (84487) main____ INFO      CDS_USE_PALETTE    : ''
2025-11-17 21:25:24.260164 (84487) main____ INFO      CDS_VERISIUMDEBUG  : '/eda/cadence/2023-24/RHELx86/VERISIUMDEBUG_23.03.001'
2025-11-17 21:25:24.260178 (84487) main____ INFO      CDS_VIPCAT         : '/eda/cadence/2023-24/RHELx86/VIPCAT_11.30.093'
2025-11-17 21:25:24.260193 (84487) main____ INFO      CDS_VMANAGER       : '/eda/cadence/2023-24/RHELx86/VMANAGER_23.03.004'
2025-11-17 21:25:24.260207 (84487) main____ INFO      CDS_XCELIUM        : '/eda/cadence/2023-24/RHELx86/XCELIUM_23.03.007'
2025-11-17 21:25:24.260220 (84487) main____ INFO      DISPLAY            : 'localhost:10.0'
2025-11-17 21:25:24.260233 (84487) main____ INFO      JASPER_CPU_CHECK   : '1'
2025-11-17 21:25:24.260246 (84487) main____ INFO      JASPER_INSTALL_DIR : '/tools/cadence2425/JASPER/jasper_2024.06p002'
2025-11-17 21:25:24.260258 (84487) main____ INFO      JASPER_KERNEL_CHECK: '1'
2025-11-17 21:25:24.260270 (84487) main____ INFO      JASPER_OS_CHECK    : '1'
2025-11-17 21:25:24.260282 (84487) main____ INFO      LANG               : 'C'
2025-11-17 21:25:24.260294 (84487) main____ INFO      TMPDIR             : '/tmp'
2025-11-17 21:25:24.260303 (84487) main____ INFO    ----------------------------------------
2025-11-17 21:25:24.261890 (84487) lic_core INFO    Initializing license system ...
2025-11-17 21:25:24.274308 (84487) lic_core INFO    ... license system initialized.
2025-11-17 21:25:24.289484 (84487) lic__man INFO    Claim 'fpv' for <ui>.
2025-11-17 21:25:24.289622 (84487) lic_core INFO    (1) checking out 'jasper_fpv' ...
2025-11-17 21:25:24.478235 (84487) lic_core INFO    ... (1) checkout failed (error: -5) ("FLEXnet ERROR(-5, 0, 0): No such feature exists.")
2025-11-17 21:25:24.478322 (84487) lic_core INFO    (2) checking out 'jasper_fao' ...
2025-11-17 21:25:24.499933 (84487) lic_core INFO    ... (2) checkout succeeded
2025-11-17 21:25:24.547728 (84487) session_ INFO    Starting analysis session with session id 'session_0' (launcher: <local>) ...
2025-11-17 21:25:24.550929 (84487) session_ INFO    Analysis session with session id 'session_0' started (pid: 84505)
2025-11-17 21:25:28.070595 (84487) session_ INFO    Analysis session 'session_0' connected to the console (host: 127.0.0.1:41064)
2025-11-17 21:25:29.665334 (84487) lic__man INFO    Unclaim everything for 'session_0'.
2025-11-17 21:25:30.423922 (84487) lic__man INFO    Claim 'fpv' for 'session_0'.
2025-11-17 21:25:30.424354 (84487) lic__man INFO    Claim 'fpv' for 'session_0/prove-0'.
2025-11-17 21:28:57.824152 (84487) lic__man INFO    Unclaim everything for 'session_0/prove-0'.
2025-11-17 21:28:58.053323 (84487) main____ INFO    About to exit: request to exit with status 0 received from analysis session 'session_0'
2025-11-17 21:28:59.845841 (84487) session_ INFO    Analysis session 'session_0' disconnected.
2025-11-17 21:28:59.889518 (84487) lic__man INFO    Unclaim everything for 'session_0'.
2025-11-17 21:28:59.890194 (84487) session_ INFO    Process for analysis session 'session_0' has exited with exit status '0'.
2025-11-17 21:29:00.307164 (84487) lic_core INFO    (2) checkin jasper_fao
2025-11-17 21:29:00.352321 (84487) main____ INFO    Exiting with status 0.
