2025-12-24 22:57:38.057693 (20380) main____ INFO    ----------------------------------------
2025-12-24 22:57:38.057737 (20380) main____ INFO    Jasper version info
2025-12-24 22:57:38.057742 (20380) main____ INFO      tool      : Jasper 2024.06
2025-12-24 22:57:38.057746 (20380) main____ INFO      version   : 2024.06p002 64 bits
2025-12-24 22:57:38.057749 (20380) main____ INFO      build date: 2024.09.02 16:28:38 UTC
2025-12-24 22:57:38.057751 (20380) main____ INFO    ----------------------------------------
2025-12-24 22:57:38.057752 (20380) main____ INFO    Runtime info:
2025-12-24 22:57:38.057755 (20380) main____ INFO      platform  : Linux 3.10.0-1160.62.1.el7.x86_64 x86_64
2025-12-24 22:57:38.057761 (20380) main____ INFO      hostname  : vlsi-ria84
2025-12-24 22:57:38.057765 (20380) main____ INFO      pid       : 20380
2025-12-24 22:57:38.057767 (20380) main____ INFO      arguments : '-style' 'windows' '-proj' '../jgprojects/1_PWM_7' '-batch' '1_PWM_7.tcl'
2025-12-24 22:57:38.057770 (20380) main____ INFO      locale    : ANSI_X3.4-1968
2025-12-24 22:57:38.057771 (20380) main____ INFO    ----------------------------------------
2025-12-24 22:57:38.057773 (20380) main____ INFO    System resource limits info:
2025-12-24 22:57:38.057776 (20380) main____ INFO      virtual memory: unlimited
2025-12-24 22:57:38.057780 (20380) main____ INFO      cpu time      : unlimited
2025-12-24 22:57:38.057784 (20380) main____ INFO      processes     : 4096
2025-12-24 22:57:38.057790 (20380) main____ INFO      stack size    : 8388608 B
2025-12-24 22:57:38.057793 (20380) main____ INFO      core file size: 1024 B
2025-12-24 22:57:38.057796 (20380) main____ INFO      open files    : 4096
2025-12-24 22:57:38.057799 (20380) main____ INFO      file size     : unlimited
2025-12-24 22:57:38.057800 (20380) main____ INFO    ----------------------------------------
2025-12-24 22:57:38.057802 (20380) main____ INFO    Memory statistics:
2025-12-24 22:57:38.057804 (20380) main____ INFO      total physical memory  : 65711068 kB
2025-12-24 22:57:38.057807 (20380) main____ INFO      free physical memory   : 35848252 kB
2025-12-24 22:57:38.057809 (20380) main____ INFO      committed address space: 35854604 kB
2025-12-24 22:57:38.057810 (20380) main____ INFO    ----------------------------------------
2025-12-24 22:57:38.058346 (20380) main____ INFO    Important environment variables:
2025-12-24 22:57:38.058357 (20380) main____ INFO      CDS_ASSURA         : '/eda/cadence/2023-24/RHELx86/ASSURA_04.16.115_231'
2025-12-24 22:57:38.058361 (20380) main____ INFO      CDS_AUTO_64BIT     : 'ALL'
2025-12-24 22:57:38.058364 (20380) main____ INFO      CDS_CONFRML        : '/eda/cadence/2023-24/RHELx86/CONFRML_23.10.300'
2025-12-24 22:57:38.058368 (20380) main____ INFO      CDS_DDIEXPORT      : '/eda/cadence/2023-24/RHELx86/DDIEXPORT_22.33.000'
2025-12-24 22:57:38.058371 (20380) main____ INFO      CDS_EMX            : '/eda/cadence/2023-24/RHELx86/EMX_23.10.000'
2025-12-24 22:57:38.058374 (20380) main____ INFO      CDS_GENUS          : '/eda/cadence/2023-24/RHELx86/DDIEXPORT_22.33.000/GENUS221'
2025-12-24 22:57:38.058377 (20380) main____ INFO      CDS_IC             : '/eda/cadence/2023-24/RHELx86/IC_23.10.020'
2025-12-24 22:57:38.058381 (20380) main____ INFO      CDS_INNOVUS        : '/eda/cadence/2023-24/RHELx86/DDIEXPORT_22.33.000/INNOVUS221'
2025-12-24 22:57:38.058384 (20380) main____ INFO      CDS_JLS            : '/eda/cadence/2023-24/RHELx86/DDIEXPORT_22.33.000/JLS221'
2025-12-24 22:57:38.058389 (20380) main____ INFO      CDS_LIC_FILE       : '/etc/local/cadence/license_8x.3868dd0560aa:5280@132.68.59.69:/etc/local/cadence/license_8x.1831bfb82c67:5280@132.68.59.64:/etc/local/cadence/license_8x.0894ef683fc3:5280@132.68.59.79:/etc/local/cadence/license_8x.1831bfb82c67:5280@132.68.59.61'
2025-12-24 22:57:38.058396 (20380) main____ INFO      CDS_LITMUS         : '/eda/cadence/2023-24/RHELx86/LITMUS_23.10.300'
2025-12-24 22:57:38.058399 (20380) main____ INFO      CDS_MODUS          : '/eda/cadence/2023-24/RHELx86/MODUS_22.12.000'
2025-12-24 22:57:38.058402 (20380) main____ INFO      CDS_MVS            : '/eda/cadence/2023-24/RHELx86/MVS_21.12.000'
2025-12-24 22:57:38.058408 (20380) main____ INFO      CDS_Netlisting_Mode: 'Analog'
2025-12-24 22:57:38.058411 (20380) main____ INFO      CDS_PEGASUS        : '/eda/cadence/2023-24/RHELx86/PEGASUS_23.11.000'
2025-12-24 22:57:38.058415 (20380) main____ INFO      CDS_PEGASUSDFM     : '/eda/cadence/2023-24/RHELx86/PEGASUSDFM_23.11.000'
2025-12-24 22:57:38.058418 (20380) main____ INFO      CDS_PVS            : '/eda/cadence/2023-24/RHELx86/PVS_22.22.000'
2025-12-24 22:57:38.058421 (20380) main____ INFO      CDS_QUANTUS        : '/eda/cadence/2023-24/RHELx86/QUANTUS_23.10.000'
2025-12-24 22:57:38.058424 (20380) main____ INFO      CDS_SPECTRE        : '/eda/cadence/2023-24/RHELx86/SPECTRE_23.10.242'
2025-12-24 22:57:38.058427 (20380) main____ INFO      CDS_SSV            : '/eda/cadence/2023-24/RHELx86/SSV_22.13.000'
2025-12-24 22:57:38.058429 (20380) main____ INFO      CDS_USE_PALETTE    : ''
2025-12-24 22:57:38.058432 (20380) main____ INFO      CDS_VERISIUMDEBUG  : '/eda/cadence/2023-24/RHELx86/VERISIUMDEBUG_23.03.001'
2025-12-24 22:57:38.058435 (20380) main____ INFO      CDS_VIPCAT         : '/eda/cadence/2023-24/RHELx86/VIPCAT_11.30.093'
2025-12-24 22:57:38.058439 (20380) main____ INFO      CDS_VMANAGER       : '/eda/cadence/2023-24/RHELx86/VMANAGER_23.03.004'
2025-12-24 22:57:38.058442 (20380) main____ INFO      CDS_XCELIUM        : '/eda/cadence/2023-24/RHELx86/XCELIUM_23.03.007'
2025-12-24 22:57:38.058445 (20380) main____ INFO      DISPLAY            : 'localhost:10.0'
2025-12-24 22:57:38.058448 (20380) main____ INFO      JASPER_CPU_CHECK   : '1'
2025-12-24 22:57:38.058451 (20380) main____ INFO      JASPER_INSTALL_DIR : '/tools/cadence2425/JASPER/jasper_2024.06p002'
2025-12-24 22:57:38.058453 (20380) main____ INFO      JASPER_KERNEL_CHECK: '1'
2025-12-24 22:57:38.058456 (20380) main____ INFO      JASPER_OS_CHECK    : '1'
2025-12-24 22:57:38.058459 (20380) main____ INFO      LANG               : 'C'
2025-12-24 22:57:38.058461 (20380) main____ INFO      TMPDIR             : '/tmp'
2025-12-24 22:57:38.058463 (20380) main____ INFO    ----------------------------------------
2025-12-24 22:57:38.058857 (20380) lic_core INFO    Initializing license system ...
2025-12-24 22:57:38.062876 (20380) lic_core INFO    ... license system initialized.
2025-12-24 22:57:38.070894 (20380) lic__man INFO    Claim 'fpv' for <ui>.
2025-12-24 22:57:38.070946 (20380) lic_core INFO    (1) checking out 'jasper_fpv' ...
2025-12-24 22:57:38.204543 (20380) lic_core INFO    ... (1) checkout failed (error: -5) ("FLEXnet ERROR(-5, 0, 0): No such feature exists.")
2025-12-24 22:57:38.204564 (20380) lic_core INFO    (2) checking out 'jasper_fao' ...
2025-12-24 22:57:38.213106 (20380) lic_core INFO    ... (2) checkout succeeded
2025-12-24 22:57:38.239340 (20380) session_ INFO    Starting analysis session with session id 'session_0' (launcher: <local>) ...
2025-12-24 22:57:38.240270 (20380) session_ INFO    Analysis session with session id 'session_0' started (pid: 20398)
2025-12-24 22:57:38.808232 (20380) session_ INFO    Analysis session 'session_0' connected to the console (host: 127.0.0.1:50538)
2025-12-24 22:57:39.219734 (20380) lic__man INFO    Unclaim everything for 'session_0'.
2025-12-24 22:57:39.261636 (20380) lic__man INFO    Claim 'fpv' for 'session_0'.
2025-12-24 22:57:39.261650 (20380) lic__man INFO    Claim 'fpv' for 'session_0/prove-0'.
2025-12-24 23:00:41.475788 (20380) lic__man INFO    Unclaim everything for 'session_0/prove-0'.
2025-12-24 23:00:41.477436 (20380) main____ INFO    About to exit: request to exit with status 0 received from analysis session 'session_0'
2025-12-24 23:00:41.530308 (20380) session_ INFO    Analysis session 'session_0' disconnected.
2025-12-24 23:00:41.530367 (20380) lic__man INFO    Unclaim everything for 'session_0'.
2025-12-24 23:00:41.530445 (20380) session_ INFO    Process for analysis session 'session_0' has exited with exit status '0'.
2025-12-24 23:00:43.379072 (20380) lic_core INFO    (2) checkin jasper_fao
2025-12-24 23:00:43.380859 (20380) main____ INFO    Exiting with status 0.
