# ----------------------------------------
# Jasper Version Info
# tool      : Jasper 2024.06
# platform  : Linux 3.10.0-1160.62.1.el7.x86_64
# version   : 2024.06p002 64 bits
# build date: 2024.09.02 16:28:38 UTC
# ----------------------------------------
# started   : 2025-11-27 00:06:48 IST
# hostname  : vlsi-ria85.vlsidomain
# pid       : 21756
# arguments : '-label' 'session_0' '-console' '//127.0.0.1:38378' '-nowindow' '-style' 'windows' '-exitonerror' '-data' 'AAAA0nicY2RgYLCp////PwMYMD6A0Aw2jAyoAMRnQhUJbEChGRhYYZphSliAmItBl6GAoYghnyELyNMDQ30gOx0umsqQzFDCUAwUNWSIZ0hiyGHIZMhjyAayLYE6eID6kxgSgSqSGTKAfCksqvTAsjlgOwHGXhgP' '-proj' '/users/rompel/jasper_executions/liveness/jgprojects/1_blink_9/sessionLogs/session_0' '-init' '-hidden' '/users/rompel/jasper_executions/liveness/jgprojects/1_blink_9/.tmp/.initCmds.tcl' '1_blink_9.tcl' '-hidden' '/users/rompel/jasper_executions/liveness/jgprojects/1_blink_9/.tmp/.postCmds.tcl'

Any disclosure about the Cadence Design Systems software or its use
model to any third party violates the written Non-Disclosure Agreement
between Cadence Design Systems, Inc. and the customer.

THIS SOFTWARE CONTAINS CONFIDENTIAL INFORMATION AND TRADE SECRETS OF
CADENCE DESIGN SYSTEMS, INC. USE, DISCLOSURE, OR REPRODUCTION IS
PROHIBITED WITHOUT THE PRIOR EXPRESS WRITTEN PERMISSION OF CADENCE
DESIGN SYSTEMS, INC.

Copyright (C) 2000-2024 Cadence Design Systems, Inc. All Rights
Reserved.  Unpublished -- rights reserved under the copyright laws of
the United States.

This product includes software developed by others and redistributed
according to license agreement. See doc/third_party_readme.txt for
further details.

RESTRICTED RIGHTS LEGEND

Use, duplication, or disclosure by the Government is subject to
restrictions as set forth in subparagraph (c) (1) (ii) of the Rights in
Technical Data and Computer Software clause at DFARS 252.227-7013 or
subparagraphs (c) (1) and (2) of Commercial Computer Software -- Restricted
Rights at 48 CFR 52.227-19, as applicable.


                          Cadence Design Systems, Inc.
                          2655 Seely Avenue
                          San Jose, CA 95134
                          Phone: 408.943.1234

For technical assistance visit http://support.cadence.com.

Jasper Apps Analysis Session - /users/rompel/jasper_executions/liveness/jgprojects/1_blink_9/sessionLogs/session_0

WARNING (WG017): [session]: The system's locale is "ANSI_X3.4-1968", which is not UTF-8. Non-ASCII characters might not be handled correctly.
WARNING (WG017): [jg_console]: The system's locale is "ANSI_X3.4-1968", which is not UTF-8. Non-ASCII characters might not be handled correctly.
INFO: successfully checked out license "jasper_fao".
INFO: reading configuration file "/users/rompel/.config/cadence/jasper.conf".
% analyze -sv09 ../1_blink_9.sv
[-- (VERI-1482)] Analyzing Verilog file '/tools/cadence2425/JASPER/jasper_2024.06p002/lib/verilog/packages/std/std.sv' into library 'std'
[-- (VERI-1482)] Analyzing Verilog file '../1_blink_9.sv'
% elaborate -bbox_mul 1000000 -bbox_div 1000000 -bbox_mod 1000000 -bbox_a 1000000
[INFO (HIER-8002)] ../1_blink_9.sv(18): Disabling old hierarchical reference handler
[INFO (VERI-1018)] ../1_blink_9.sv(1): compiling module 'BLINK'
[WARN (VERI-1209)] ../1_blink_9.sv(10): expression size 32 truncated to fit in target size 16
INFO (ISW003): Top module name is "BLINK".
INFO (INL208): Elaboration synthesis summary:
  Number of synthesized netlists          1 (0 packages)
  Single run mode                         On
  Pipeline                                On (1 pipelined netlists)
  Late hierarchical reference connection  On
  Number of analyzed Verilog modules      1 (1 synthesized)
  Number of analyzed VHDL entities        0 (0 synthesized)
INFO (INL003): Clearing all state information (assumes, stopats, and so forth).
BLINK
[<embedded>] % reset rst
INFO (IPM031): Clearing proof results of all properties.
INFO (IRS006): Current reset condition is "rst".
[<embedded>] % clock clk
[<embedded>] % prove -all
Ncustom1: Custom engine code is hT3Ng7hPPfiYQOTDZ3qhYOwGAM51eA+J/FjkM5shLioAsqhgLR4Ft+O1BuKG6ilQ83B9tLXSl+CwjiTMAQA
Bcustom2: Custom engine code is hT3Nm7hPr1Vp3Di1Ra2USNIGL4JypRnLKLAdF6JAyuavO2JfGCiY9OZJhcAcOUnLx5xwNdhILGrAWX9s+z2WDkKwNR7tAfClBEjRFVQeq6DU54boFgEA
AMcustom3: Custom engine code is hT3Ng7hP/feYQOTDZ3qhYOwGAM51eA+J/FjkM5shLioAsqhgLR4Ft+O1BuKG6ilQ83B9tLXSmmqwm7g9AQA
Mpcustom4: Custom engine code is hT3NZbhP9fmY2AbBQnsjfOxn6c+6e6yL+/e8fZFmaQrnlgEA
INFO (IPF036): Starting proof on task: "<embedded>", 1 properties to prove with 0 already proven/unreachable
INFO (IRS029): Starting reset analysis: phase 1 of 4.
INFO (IRS030): Running reset analysis: phase 2 of 4.
INFO (IRS031): Running reset analysis: phase 3 of 4.
INFO (IRS020): Starting the reset analysis simulation with a limit of 100 iterations (phase 4 of 4).
INFO (IRS024): Reset iterations 0 to 4 analyzed.
INFO (IRS018): Reset analysis simulation executed for 3 iterations. Assigned values for 17 of 19 design flops, 0 of 0 design latches, 3 of 3 internal elements.
INFO (IRS039): Reset analysis complete.
INFO (IPF031): Settings used for proof thread 0:
    orchestration                 = on
    time_limit                    = 86400s
    per_property_time_limit       = 1s * 10 ^ scan
    engine_mode                   = auto
    proofgrid_per_engine_max_jobs = 1
    max engine jobs               = auto
    proofgrid_mode                = local
    proofgrid_restarts            = 10
AMcustom5: Custom engine code is hT3N1rhP11/52HrFRS21ROp2LOjVTgPvT8L8BGXHgLhaIuqtT4nARFjUqrBL+7pLmaTOzBepZW/Jm8SSrHDybSQtoNiO3y43wk+dEoWlsZizu97Fih6O6lPVG/LpWP5SsUPwlGagLNa1FKEFvwVXyX7//8prySbvSxIHXr5er+z4RAEA
0: Using multistage preprocessing
0: Starting reduce
Ncustom6: Custom engine code is hT3OXrhPByJp3TrFSTLhUmMH4KVtJgmTCnNDF46yMXOKY48m4LS5nE7yBzFjA7kDuwO/GhGUpEPiky3p3wmPn3dJZHxFMsafSoObRzSC+tn7sEY0WbTdZ/FV4hL3MYH/b1CIUvXSWR4wqEoVLsmMOD4xIPT4lI1LO6ZCO7PnnWQuLwetnvKlrXx6wCW/A+x+enqslg1YPobi4wEF/EvbzOvcTYdJvl2s4H2yZg2b2ofAVN5WvhWk1HoBAA
ADcustom7: Custom engine code is hT3Nv7hPv1752HrFRa2kROx2f/ECJeZB2AZsLdlO8VwmIuqtT4nIDFXclhg+O+o+DMmQCekbheGk0kK28laA9gaOFDXsQp29J3X615HY1IPHJWd6FUFvCHjO+p1k652b5JJvZlShNpGlGSXAiQe/mEAj6tEBAA
Tricustom8: Custom engine code is hT3Nu7hPt1752DvFRa0kNDiyIV97VyejwM9C/jCLJjdPvusZONHY42VYUy0Q1ZotnhcVtNc56tJ5wbxv6V2+XpdsaSlHck5vfnbYjdwj1OECy9U+7oSQ0SZE3g5ayD+Phuh4odCJTjeKa2k4elM9ldQfkAEA
Gcustom9: Custom engine code is hT3NibhPDfeYQADBZnYcglOvK9Pfd7EOeniIqP8jNsyIqInncipMGcUXqAadachREE9F2PwhBUZUNw5kHnd4JdXkamORRgEA
C2custom10: Custom engine code is hT3NirhPjfWYQADBZnYcglOvK9Pfd7EOeniIqP8jNsyIqInncgkrYMMXCYbdK0dUjZIF9d4cJ0rHoBDjwVLBKuG86XYVV00BAA
AGcustom11: Custom engine code is hT3NirhP/fmYQADBZnYcglOvK9Pfd7EOeniIqP8jNsyIqInnckcwYMMXCYbdK0dUjZIF9d4cJ0rHoBDjwVLBKuHEZnZByh0BAA
Bcustom12: Custom engine code is hT3NjrhPDfiYQADBZnYcglOvK9PfWxFtenjIyBqfrgr7if/jL/yPOuK1BAflEcW0DxNH2eDIoezN2gxlQFg81RZtiWXh7aiTAidvAQA
Ncustom13: Custom engine code is hT3NR7hPByFp3TrFSTLhUmMH4KWtJglTyV/c51BHEeZWamnJv767nE6PCak26bd3gf3XGN3rIRheufhDieCJQVISo+gNYUKhiUedBKGtsP/a18svAnlMJZudHxDFwK5ufsyoxsIyiAeSY2oi3tEuoDHr5gw42DFKAG3PqO3CEsl8Azzdt3pl5nGA1Ifv2H02eYsFzWb/nfp8PMb3F0krE/EgBcm8TD9Div8BAA
0: Finished reduce in 0s
Tricustom14: Custom engine code is hT3Nu7hP3fiYQADBZnYcglNHp9bfd7EOeniIqP/ji8sGLQu8yhsFO+wxJ+O+R0bU8g/IewXFomyos+viQnWc2xYNYmMqpo3i40O7DaZR7qfp4YqNx26KRvQ/qx0BAA
0.0.PRE: Performing Proof Simplification...
0.0.N: clocks: 1, declared: 1, looping: 0, posedge: 1, negedge: 0, noedge: 0, bothedge: 0
0.0.N: Proof Simplification Iteration 1	[0.00 s]
0.0.PRE: A proof was found: No trace exists. [0.00 s]
INFO (IPF057): 0.0.PRE: The property ":noDeadEnd" was proven in 0.00 s.
    Use check_assumptions -show -dead_end to show this property in the property table.
0.0.PRE: A proof was found: No trace exists. [0.00 s]
INFO (IPF057): 0.0.PRE: The property ":noConflict" was proven in 0.00 s.
    Use check_assumptions -show to show this property in the property table.
INFO (IPF047): 0.0.PRE: The cover property ":live" was covered in 1 cycles in 0.00 s.
    Use check_assumptions -show -live to show this property in the property table.
0.0.PRE: Proof Simplification completed in 0.00 s
0: About to start ProofGrid in its own thread with a limit of 10000 pending notifications and a limit of 10 traces.
0: =============================== ProofGrid start ===============================
0: ProofGrid usable level: 1
0: Initial ProofGrid level: 1
0: ProofGrid is starting event handling
0.0.Hp: Proofgrid shell started at 21840@vlsi-ria85(local) jg_21756_vlsi-ria85_1
0.0.N: Proofgrid shell started at 21839@vlsi-ria85(local) jg_21756_vlsi-ria85_1
0.0.N: clocks: 1, declared: 1, looping: 0, posedge: 1, negedge: 0, noedge: 0, bothedge: 0
0.0.N: Last scan. Per property time limit: 0s
0.0.N: Starting proof for property "BLINK.p1"	[0.00 s].
0.0.N: Trace Attempt  1	[0.00 s]
0.0.N: Trace Attempt  2	[0.00 s]
0.0.Hp: clocks: 1, declared: 1, looping: 0, posedge: 1, negedge: 0, noedge: 0, bothedge: 0
0.0.Hp: Last scan. Per property time limit: 0s
0.0.Hp: Trace Attempt  1	[0.00 s]
0.0.Hp: Trace Attempt  2	[0.00 s]
0.0.Hp: Trace Attempt  3	[0.00 s]
0.0.Hp: Trace Attempt  4	[0.00 s]
0.0.Hp: Trace Attempt  5	[0.00 s]
0.0.N: Trace Attempt  2	[0.00 s]
0.0.N: Trace Attempt  3	[0.00 s]
0.0.N: Trace Attempt  3	[0.00 s]
0.0.N: Trace Attempt  4	[0.00 s]
0.0.N: Trace Attempt  5	[0.00 s]
0.0.N: Trace Attempt  1	[0.00 s]
0.0.N: Trace Attempt  2	[0.00 s]
0.0.N: Trace Attempt  3	[0.00 s]
0.0.N: Trace Attempt  4	[0.00 s]
0.0.N: Trace Attempt  5	[0.01 s]
0.0.Ht: Proofgrid shell started at 21913@vlsi-ria85(local) jg_21756_vlsi-ria85_1
0.0.B: Proofgrid shell started at 21919@vlsi-ria85(local) jg_21756_vlsi-ria85_1
0.0.Oh: Proofgrid shell started at 21915@vlsi-ria85(local) jg_21756_vlsi-ria85_1
0.0.Oh: clocks: 1, declared: 1, looping: 0, posedge: 1, negedge: 0, noedge: 0, bothedge: 0
0.0.Ht: clocks: 1, declared: 1, looping: 0, posedge: 1, negedge: 0, noedge: 0, bothedge: 0
0.0.Ht: Last scan. Per property time limit: 0s
0.0.Ht: Trace Attempt  1	[0.00 s]
0.0.Ht: Trace Attempt  2	[0.00 s]
0.0.Ht: Trace Attempt  3	[0.00 s]
0.0.Ht: Trace Attempt  4	[0.00 s]
0.0.Ht: Trace Attempt  5	[0.00 s]
0.0.Oh: Reached length limit (2147483647) [0.00 s]
0.0.B: clocks: 1, declared: 1, looping: 0, posedge: 1, negedge: 0, noedge: 0, bothedge: 0
0.0.B: Last scan. Per property time limit: 0s
0.0.B: Starting proof for property "BLINK.p1"	[0.00 s].
0.0.B: Trace Attempt  1	[0.00 s]
0.0.B: Trace Attempt  2	[0.00 s]
0.0.B: Trace Attempt  3	[0.00 s]
0.0.B: Trace Attempt  4	[0.00 s]
0.0.Oh: Exited with Success (@ 0.04 s)
0.0.Oh: Completed, Restart ignored.
0.0.B: Trace Attempt  5	[0.00 s]
0.0.AM: Proofgrid shell started at 21923@vlsi-ria85(local) jg_21756_vlsi-ria85_1
0.0.AM: clocks: 1, declared: 1, looping: 0, posedge: 1, negedge: 0, noedge: 0, bothedge: 0
0.0.AM: Last scan. Per property time limit: 0s
0.0.AM: Starting proof for property "BLINK.p1"	[0.00 s].
0.0.AM: Trace Attempt  1	[0.00 s]
0.0.AM: Trace Attempt  2	[0.00 s]
0.0.AM: Trace Attempt  3	[0.00 s]
0.0.AM: Trace Attempt  4	[0.00 s]
0.0.AM: Trace Attempt  5	[0.00 s]
0.0.AM: Trace Attempt  1	[0.00 s]
0.0.AM: Trace Attempt  2	[0.00 s]
0.0.AM: Trace Attempt  3	[0.00 s]
0.0.AM: Trace Attempt  4	[0.01 s]
0.0.AM: Trace Attempt  5	[0.01 s]
0.0.AM: Trace Attempt  1	[0.02 s]
0.0.AM: Trace Attempt  2	[0.02 s]
0.0.AM: Trace Attempt  3	[0.02 s]
0.0.AM: Trace Attempt  4	[0.02 s]
0.0.AM: Trace Attempt  5	[0.02 s]
0.0.AM: Trace Attempt  1	[0.05 s]
0.0.AM: Trace Attempt  2	[0.05 s]
0.0.AM: Trace Attempt  3	[0.05 s]
0.0.AM: Trace Attempt  4	[0.05 s]
0.0.AM: Trace Attempt  5	[0.06 s]
0.0.AM: Trace Attempt  1	[0.12 s]
0.0.AM: Trace Attempt  2	[0.13 s]
0.0.AM: Trace Attempt  3	[0.13 s]
0.0.AM: Trace Attempt  4	[0.13 s]
0.0.AM: Trace Attempt  5	[0.13 s]
0.0.AM: Trace Attempt  1	[0.26 s]
0.0.AM: Trace Attempt  2	[0.26 s]
0.0.AM: Trace Attempt  3	[0.26 s]
0.0.AM: Trace Attempt  4	[0.26 s]
0.0.AM: Trace Attempt  5	[0.26 s]
0.0.AM: Trace Attempt  1	[0.71 s]
0.0.AM: Trace Attempt  2	[0.72 s]
0.0.AM: Trace Attempt  3	[0.72 s]
0.0.AM: Trace Attempt  4	[0.72 s]
0.0.AM: Trace Attempt  5	[0.72 s]
0.0.AM: Trace Attempt  1	[1.86 s]
0.0.AM: Trace Attempt  2	[1.86 s]
0.0.AM: Trace Attempt  3	[1.86 s]
0.0.AM: Trace Attempt  4	[1.86 s]
0.0.AM: Trace Attempt  5	[1.87 s]
0.0.Hp: Trace Attempt 657	[4.00 s]
0.0.B: Trace Attempt 1954	[4.00 s]
0.0.Ht: Trace Attempt 2011	[4.00 s]
0.0.N: Trace Attempt 231	[4.26 s]
0.0.AM: Trace Attempt 440	[5.91 s]
0.0.Hp: Trace Attempt 919	[8.01 s]
0.0.B: Trace Attempt 2718	[8.01 s]
0.0.Ht: Trace Attempt 2718	[8.01 s]
0.0.N: Trace Attempt 344	[8.42 s]
0.0.AM: Trace Attempt  1	[8.82 s]
0.0.AM: Trace Attempt  2	[8.82 s]
0.0.AM: Trace Attempt  3	[8.82 s]
0.0.AM: Trace Attempt  4	[8.82 s]
0.0.AM: Trace Attempt  5	[8.82 s]
0.0.Hp: Trace Attempt 1119	[12.02 s]
0.0.Ht: Trace Attempt 3274	[12.01 s]
0.0.B: Trace Attempt 3310	[12.01 s]
0.0.N: Trace Attempt 384	[12.52 s]
0.0.AM: Trace Attempt 518	[12.92 s]
0.0.Hp: Trace Attempt 1289	[16.04 s]
0.0.Ht: Trace Attempt 3769	[16.01 s]
0.0.B: Trace Attempt 3815	[16.01 s]
0.0.N: Trace Attempt 393	[16.79 s]
0.0.AM: Trace Attempt 728	[16.96 s]
0.0.Hp: Trace Attempt 1438	[20.05 s]
0.0.Ht: Trace Attempt 4192	[20.02 s]
0.0.B: Trace Attempt 4266	[20.02 s]
0.0.N: Trace Attempt 453	[20.80 s]
0.0.AM: Trace Attempt 795	[20.97 s]
0.0.Ht: Trace Attempt 4584	[24.02 s]
0.0.B: Trace Attempt 4668	[24.02 s]
0.0.Hp: Trace Attempt 1572	[24.07 s]
0.0.N: Trace Attempt 566	[24.95 s]
0.0.AM: Trace Attempt 861	[25.46 s]
0.0.Ht: Trace Attempt 4958	[28.03 s]
0.0.B: Trace Attempt 5039	[28.04 s]
0.0.Hp: Trace Attempt 1694	[28.07 s]
0.0.AM: Trace Attempt 516	[29.48 s]
0.0.N: Trace Attempt 789	[31.14 s]
0.0.Ht: Trace Attempt 5272	[32.03 s]
0.0.B: Trace Attempt 5362	[32.05 s]
0.0.Hp: Trace Attempt 1802	[32.08 s]
0.0.AM: Trace Attempt 796	[33.48 s]
0.0.N: Trace Attempt 885	[36.05 s]
0.0.Ht: Trace Attempt 5560	[36.04 s]
0.0.B: Trace Attempt 5649	[36.06 s]
0.0.Hp: Trace Attempt 1901	[36.12 s]
0.0.AM: Trace Attempt 1003	[37.49 s]
0.0.AM: Trace Attempt  1	[38.21 s]
0.0.AM: Trace Attempt  2	[38.22 s]
0.0.AM: Trace Attempt  3	[38.22 s]
0.0.AM: Trace Attempt  4	[38.22 s]
0.0.AM: Trace Attempt  5	[38.22 s]
0.0.N: Trace Attempt 1178	[40.05 s]
0.0.Ht: Trace Attempt 5857	[40.05 s]
0.0.B: Trace Attempt 5938	[40.06 s]
0.0.Hp: Trace Attempt 1999	[40.12 s]
0.0.AM: Trace Attempt 615	[42.23 s]
0.0.B: Trace Attempt 6236	[44.07 s]
0.0.Ht: Trace Attempt 6162	[44.07 s]
0.0.Hp: Trace Attempt 2095	[44.12 s]
0.0.N: Trace Attempt 1399	[44.27 s]
0.0.AM: Trace Attempt 868	[46.32 s]
0.0.Ht: Trace Attempt 6425	[48.07 s]
0.0.B: Trace Attempt 6519	[48.07 s]
0.0.Hp: Trace Attempt 2186	[48.13 s]
0.0.N: Trace Attempt 1499	[49.59 s]
0.0.AM: Trace Attempt 894	[50.57 s]
0.0.Ht: Trace Attempt 6705	[52.08 s]
0.0.B: Trace Attempt 6786	[52.09 s]
0.0.Hp: Trace Attempt 2273	[52.18 s]
0.0.N: Trace Attempt 1657	[53.61 s]
0.0.AM: Trace Attempt 1100	[54.74 s]
0.0.Ht: Trace Attempt 6970	[56.08 s]
0.0.B: Trace Attempt 7044	[56.09 s]
0.0.Hp: Trace Attempt 2359	[56.21 s]
0.0.AM: Trace Attempt 1242	[58.75 s]
0.0.N: Trace Attempt 1728	[58.91 s]
0.0.B: Trace Attempt 7286	[60.09 s]
0.0.Ht: Trace Attempt 7223	[60.10 s]
0.0.Hp: Trace Attempt 2441	[60.22 s]
0.0.AM: Trace Attempt 1691	[62.82 s]
0.0.N: Trace Attempt 1749	[63.05 s]
0.0.B: Trace Attempt 7518	[64.09 s]
0.0.Ht: Trace Attempt 7453	[64.11 s]
0.0.Hp: Trace Attempt 2520	[64.23 s]
0.0.N: Trace Attempt 1753	[67.09 s]
0.0.AM: Trace Attempt 1720	[67.72 s]
0.0.B: Trace Attempt 7744	[68.10 s]
0.0.Ht: Trace Attempt 7687	[68.11 s]
0.0.Hp: Trace Attempt 2596	[68.28 s]
0.0.N: Trace Attempt 1996	[71.28 s]
0.0.AM: Trace Attempt 1742	[71.95 s]
0.0.B: Trace Attempt 7972	[72.11 s]
0.0.Ht: Trace Attempt 7913	[72.13 s]
0.0.Hp: Trace Attempt 2670	[72.29 s]
0.0.N: Trace Attempt 2080	[75.39 s]
0.0.B: Trace Attempt 8189	[76.11 s]
0.0.Ht: Trace Attempt 8136	[76.15 s]
0.0.Hp: Trace Attempt 2740	[76.32 s]
0.0.AM: Trace Attempt 1747	[76.30 s]
0.0.N: Trace Attempt 2155	[79.42 s]
0.0.B: Trace Attempt 8404	[80.13 s]
0.0.Ht: Trace Attempt 8312	[80.16 s]
0.0.Hp: Trace Attempt 2808	[80.35 s]
0.0.AM: Trace Attempt 1765	[80.69 s]
0.0.N: Trace Attempt 2188	[83.45 s]
0.0.B: Trace Attempt 8612	[84.15 s]
0.0.Ht: Trace Attempt 8478	[84.16 s]
0.0.Hp: Trace Attempt 2876	[84.40 s]
0.0.AM: Trace Attempt 1775	[85.16 s]
0.0.N: Trace Attempt 2551	[87.47 s]
0.0.B: Trace Attempt 8807	[88.15 s]
0.0.Ht: Trace Attempt 8675	[88.17 s]
0.0.Hp: Trace Attempt 2940	[88.40 s]
0.0.AM: Trace Attempt 1085	[89.16 s]
0.0.B: Trace Attempt 8984	[92.17 s]
0.0.Ht: Trace Attempt 8844	[92.17 s]
0.0.Hp: Trace Attempt 3000	[92.44 s]
0.0.N: Trace Attempt 2615	[92.69 s]
0.0.AM: Trace Attempt 1216	[93.18 s]
0.0.B: Trace Attempt 9156	[96.18 s]
0.0.Ht: Trace Attempt 9012	[96.18 s]
0.0.Hp: Trace Attempt 3057	[96.48 s]
0.0.N: Trace Attempt 2849	[96.72 s]
0.0.AM: Trace Attempt 1342	[97.19 s]
0.0.B: Trace Attempt 9323	[100.18 s]
0.0.Ht: Trace Attempt 9184	[100.20 s]
0.0.Hp: Trace Attempt 3113	[100.51 s]
0.0.N: Trace Attempt 2969	[100.72 s]
0.0.AM: Trace Attempt 1468	[101.19 s]
0.0.B: Trace Attempt 9490	[104.20 s]
0.0.Ht: Trace Attempt 9329	[104.23 s]
0.0.Hp: Trace Attempt 3169	[104.58 s]
0.0.N: Trace Attempt 3198	[104.83 s]
0.0.AM: Trace Attempt 1581	[105.19 s]
0.0.B: Trace Attempt 9656	[108.22 s]
0.0.Ht: Trace Attempt 9466	[108.24 s]
0.0.Hp: Trace Attempt 3223	[108.63 s]
0.0.N: Trace Attempt 3265	[109.12 s]
0.0.Ht: Trace Attempt 9627	[112.24 s]
0.0.B: Trace Attempt 9817	[112.24 s]
0.0.Hp: Trace Attempt 3276	[112.70 s]
0.0.AM: Trace Attempt 1605	[112.84 s]
0.0.N: Trace Attempt 3478	[113.31 s]
0.0.B: Trace Attempt 9983	[116.24 s]
0.0.Ht: Trace Attempt 9790	[116.25 s]
0.0.Hp: Trace Attempt 3330	[116.73 s]
0.0.AM: Trace Attempt 1700	[116.86 s]
0.0.N: Trace Attempt 3752	[117.81 s]
0.0.B: Trace Attempt 10146	[120.25 s]
0.0.Ht: Trace Attempt 9944	[120.27 s]
0.0.Hp: Trace Attempt 3384	[120.75 s]
0.0.AM: Trace Attempt 1800	[120.90 s]
0.0.N: Trace Attempt 3963	[121.94 s]
0.0.B: Trace Attempt 10307	[124.27 s]
0.0.Ht: Trace Attempt 10104	[124.27 s]
0.0.Hp: Trace Attempt 3437	[124.77 s]
0.0.AM: Trace Attempt 1894	[124.92 s]
0.0.N: Trace Attempt 4106	[126.01 s]
0.0.Ht: Trace Attempt 10256	[128.28 s]
0.0.B: Trace Attempt 10466	[128.28 s]
0.0.Hp: Trace Attempt 3489	[128.77 s]
0.0.AM: Trace Attempt 1984	[128.94 s]
0.0.N: Trace Attempt 4180	[130.02 s]
0.0.B: Trace Attempt 10620	[132.29 s]
0.0.Ht: Trace Attempt 10377	[132.32 s]
0.0.Hp: Trace Attempt 3540	[132.80 s]
0.0.N: Trace Attempt 4185	[134.22 s]
0.0.B: Trace Attempt 10764	[136.31 s]
0.0.Ht: Trace Attempt 10491	[136.35 s]
0.0.Hp: Trace Attempt 3589	[136.86 s]
0.0.N: Trace Attempt 4227	[138.78 s]
0.0.AM: Trace Attempt 2049	[139.72 s]
0.0.AM: Trace Attempt  1	[140.28 s]
0.0.AM: Trace Attempt  2	[140.28 s]
0.0.AM: Trace Attempt  3	[140.28 s]
0.0.AM: Trace Attempt  4	[140.28 s]
0.0.AM: Trace Attempt  5	[140.28 s]
0.0.B: Trace Attempt 10905	[140.33 s]
0.0.Ht: Trace Attempt 10637	[140.37 s]
0.0.Hp: Trace Attempt 3637	[140.92 s]
0.0.N: Trace Attempt 4236	[143.52 s]
0.0.AM: Trace Attempt 282	[144.30 s]
0.0.B: Trace Attempt 11065	[144.34 s]
0.0.Ht: Trace Attempt 10798	[144.37 s]
0.0.Hp: Trace Attempt 3689	[144.97 s]
0.0.B: Trace Attempt 11222	[148.34 s]
0.0.AM: Trace Attempt 351	[148.33 s]
0.0.Ht: Trace Attempt 10949	[148.38 s]
0.0.Hp: Trace Attempt 3740	[148.98 s]
0.0.N: Trace Attempt 4237	[151.45 s]
0.0.B: Trace Attempt 11376	[152.35 s]
0.0.Ht: Trace Attempt 11105	[152.38 s]
0.0.AM: Trace Attempt 386	[152.36 s]
0.0.Hp: Trace Attempt 3791	[153.04 s]
0.0.B: Trace Attempt 11528	[156.37 s]
0.0.Ht: Trace Attempt 11263	[156.39 s]
0.0.AM: Trace Attempt 418	[156.56 s]
0.0.Hp: Trace Attempt 3841	[157.08 s]
0.0.B: Trace Attempt 11678	[160.39 s]
0.0.Ht: Trace Attempt 11390	[160.40 s]
0.0.N: Trace Attempt 4241	[160.60 s]
0.0.Hp: Trace Attempt 3891	[161.14 s]
0.0.AM: Trace Attempt 435	[161.58 s]
0.0.B: Trace Attempt 11826	[164.40 s]
0.0.Ht: Trace Attempt 11516	[164.42 s]
0.0.N: Trace Attempt 4323	[164.69 s]
0.0.Hp: Trace Attempt 3940	[165.16 s]
0.0.AM: Trace Attempt 506	[165.60 s]
0.0.B: Trace Attempt 11970	[168.41 s]
0.0.Ht: Trace Attempt 11666	[168.42 s]
0.0.N: Trace Attempt 4352	[168.90 s]
0.0.Hp: Trace Attempt 3987	[169.22 s]
0.0.AM: Trace Attempt 543	[169.64 s]
0.0.B: Trace Attempt 12112	[172.43 s]
0.0.Ht: Trace Attempt 11812	[172.44 s]
0.0.N: Trace Attempt 4379	[173.21 s]
0.0.Hp: Trace Attempt 4034	[173.25 s]
0.0.AM: Trace Attempt 570	[173.89 s]
0.0.B: Trace Attempt 12259	[176.45 s]
0.0.Ht: Trace Attempt 11950	[176.46 s]
0.0.N: Trace Attempt 4550	[177.24 s]
0.0.Hp: Trace Attempt 4081	[177.28 s]
0.0.AM: Trace Attempt 583	[178.12 s]
0.0.B: Trace Attempt 12403	[180.46 s]
0.0.Ht: Trace Attempt 12091	[180.46 s]
0.0.Tri: Proofgrid shell started at 22648@vlsi-ria85(local) jg_21756_vlsi-ria85_1
0.0.Tri: clocks: 1, declared: 1, looping: 0, posedge: 1, negedge: 0, noedge: 0, bothedge: 0
0.0.Tri: Last scan. Per property time limit: 0s
0.0.Tri: Starting proof for property "BLINK.p1"	[0.00 s].
0.0.Tri: Trace Attempt  1	[0.00 s]
0.0.AM: Trace Attempt 591	[179.25 s]
0.0.AM: Stopped processing property "BLINK.p1"	[181.04 s].
0.0.AM: Morphing to AMcustom3
0.0.Tri:    0.00" ---- Launching main thread ----
0.0.AM: All properties determined. [0.00 s]
0.0.AM: Exited with Success (@ 0.00 s)
0.0.AMcustom3: clocks: 1, declared: 1, looping: 0, posedge: 1, negedge: 0, noedge: 0, bothedge: 0
0.0.AMcustom3: Starting proof for property "BLINK.p1"	[0.00 s].
0.0.AMcustom3: Trace Attempt  1	[0.00 s]
0.0.AMcustom3: Trace Attempt  2	[0.00 s]
0.0.AMcustom3: Trace Attempt  3	[0.00 s]
0.0.AMcustom3: Trace Attempt  4	[0.00 s]
0.0.AMcustom3: Trace Attempt  5	[0.00 s]
0.0.AMcustom3: Trace Attempt  1	[0.00 s]
0.0.AMcustom3: Trace Attempt  2	[0.00 s]
0.0.AMcustom3: Trace Attempt  3	[0.00 s]
0.0.AMcustom3: Trace Attempt  4	[0.01 s]
0.0.AMcustom3: Trace Attempt  5	[0.01 s]
0.0.AMcustom3: Trace Attempt  1	[0.02 s]
0.0.AMcustom3: Trace Attempt  2	[0.02 s]
0.0.AMcustom3: Trace Attempt  3	[0.02 s]
0.0.B: Trace Attempt 12420	[180.93 s]
0.0.B: Stopped processing property "BLINK.p1"	[181.09 s].
0.0.B: Morphing to Bcustom2
0.0.B: All properties determined. [0.00 s]
0.0.B: Exited with Success (@ 0.00 s)
0.0.AMcustom3: Trace Attempt  4	[0.02 s]
0.0.Bcustom2: clocks: 1, declared: 1, looping: 0, posedge: 1, negedge: 0, noedge: 0, bothedge: 0
0.0.Bcustom2: Starting proof for property "BLINK.p1"	[0.00 s].
0.0.AMcustom3: Trace Attempt  5	[0.02 s]
0.0.Bcustom2: Trace Attempt  1	[0.00 s]
0.0.Bcustom2: Trace Attempt  2	[0.00 s]
0.0.Bcustom2: Trace Attempt  1	[0.00 s]
0.0.Bcustom2: Trace Attempt  2	[0.00 s]
0.0.Bcustom2: Trace Attempt  3	[0.00 s]
0.0.Bcustom2: Trace Attempt  4	[0.00 s]
0.0.Bcustom2: Trace Attempt  5	[0.00 s]
0.0.Tri:    0.03" ---- Launching abstraction thread ----
0.0.Tri:    0.03" ---- Launching multi-phase simplification thread ----
0.0.Tri:    0.04" ---- Launching liveness simplification thread ----
0.0.AMcustom3: Trace Attempt  1	[0.05 s]
0.0.AMcustom3: Trace Attempt  2	[0.05 s]
0.0.AMcustom3: Trace Attempt  3	[0.06 s]
0.0.AMcustom3: Trace Attempt  4	[0.06 s]
0.0.AMcustom3: Trace Attempt  5	[0.06 s]
0.0.AMcustom3: Trace Attempt  1	[0.12 s]
0.0.AMcustom3: Trace Attempt  2	[0.12 s]
0.0.AMcustom3: Trace Attempt  3	[0.12 s]
0.0.AMcustom3: Trace Attempt  4	[0.12 s]
0.0.AMcustom3: Trace Attempt  5	[0.12 s]
0.0.Hp: Trace Attempt 4126	[181.29 s]
0.0.AMcustom3: Trace Attempt  1	[0.34 s]
0.0.AMcustom3: Trace Attempt  2	[0.34 s]
0.0.AMcustom3: Trace Attempt  3	[0.34 s]
0.0.AMcustom3: Trace Attempt  4	[0.34 s]
0.0.AMcustom3: Trace Attempt  5	[0.34 s]
0.0.N: Trace Attempt 4596	[178.73 s]
0.0.N: Stopped processing property "BLINK.p1"	[181.44 s].
0.0.N: Morphing to Ncustom1
0.0.N: All properties determined. [0.00 s]
0.0.N: Exited with Success (@ 0.00 s)
0.0.Ncustom1: clocks: 1, declared: 1, looping: 0, posedge: 1, negedge: 0, noedge: 0, bothedge: 0
0.0.Ncustom1: Starting proof for property "BLINK.p1"	[0.00 s].
0.0.Ncustom1: Trace Attempt  3	[0.00 s]
0.0.Ncustom1: Trace Attempt  4	[0.00 s]
0.0.Ncustom1: Trace Attempt  5	[0.00 s]
0.0.Ncustom1: Trace Attempt  1	[0.00 s]
0.0.Ncustom1: Trace Attempt  2	[0.00 s]
0.0.Ncustom1: Trace Attempt  3	[0.00 s]
0.0.Ncustom1: Trace Attempt  4	[0.01 s]
0.0.Ncustom1: Trace Attempt  5	[0.02 s]
0.0.AMcustom3: Trace Attempt  1	[0.86 s]
0.0.AMcustom3: Trace Attempt  2	[0.86 s]
0.0.AMcustom3: Trace Attempt  3	[0.86 s]
0.0.AMcustom3: Trace Attempt  4	[0.87 s]
0.0.AMcustom3: Trace Attempt  5	[0.87 s]
0.0.Tri:    0.91" Simplification phase 1 complete
0.0.Ncustom1: Requesting engine job to terminate
0.0.Bcustom2: Requesting engine job to terminate
0.0.AMcustom3: Requesting engine job to terminate
0.0.Tri: Requesting engine job to terminate
0.0.Hp: Requesting engine job to terminate
0.0.Ht: Requesting engine job to terminate
INFO (IPF144): 0: Initiating shutdown of proof [182.05 s]
0.0.Tri: A proof was found: No trace exists. [0.98 s]
INFO (IPF057): 0.0.Tri: The property "BLINK.p1" was proven in 0.99 s.
0.0.AMcustom3: Trace Attempt 27	[0.94 s]
0.0.AMcustom3: Stopped processing property "BLINK.p1"	[0.95 s].
0.0.AMcustom3: All properties determined. [0.94 s]
0.0.Ncustom1: Trace Attempt 62	[0.27 s]
0.0.Ncustom1: Stopped processing property "BLINK.p1"	[0.60 s].
0.0.Ncustom1: All properties determined. [0.60 s]
0.0.Ht: Trace Attempt 12144	[181.99 s]
0.0.Ht: All properties determined. [182.02 s]
0.0.Bcustom2: Trace Attempt 1542	[0.92 s]
0.0.Bcustom2: Stopped processing property "BLINK.p1"	[0.93 s].
0.0.Bcustom2: All properties determined. [0.93 s]
0.0.Hp: Trace Attempt 4133	[181.97 s]
0.0.Hp: All properties determined. [182.06 s]
0.0.AMcustom3: Exited with Success (@ 182.06 s)
0: ProofGrid usable level: 0
0.0.Ncustom1: Exited with Success (@ 182.07 s)
0.0.Bcustom2: Exited with Success (@ 182.08 s)
0.0.Ht: Exited with Success (@ 182.15 s)
0.0.Tri: Stopped processing property "BLINK.p1"	[1.13 s].
0.0.Tri: All properties determined. [1.13 s]
0.0.Tri: Exited with Success (@ 182.19 s)
0.0.Hp: Exited with Success (@ 182.24 s)
0: --------------------------------------------------------------
ProofGrid Summary (utilization 99.97 %)
--------------------------------------------------------------
     engines started                               :    10
     engine jobs started                           :     7

    Average time in state (seconds)
    ------------------------------------------------------
    Engine  Pending     Running        Dead    Utilization
    ------------------------------------------------------
     Hp        0.03      182.05        0.00       99.98 %
     Ht        0.03      182.01        0.00       99.98 %
     Oh        0.03        0.00        0.00        2.72 %
    Ncustom1        0.03      181.58        0.00       99.98 %
    Bcustom2        0.03      181.88        0.00       99.98 %
    AMcustom3        0.05      181.88        0.00       99.97 %
    Tri        0.07        0.99        0.00       93.73 %
    all        0.04      130.06        0.00       99.97 %

    Total time in state (seconds)
    -----------------------------------------
            Pending     Running        Dead  
    -----------------------------------------
               0.28      910.39        0.00

    Data read    : 7.23 MiB
    Data written : 5.40 kiB

0: All pending notifications were processed.
INFO (IPF059): 0: Completed proof on task: "<embedded>"

==============================================================
SUMMARY
==============================================================
           Properties Considered              : 1
                 assertions                   : 1
                  - proven                    : 1 (100%)
                  - bounded_proven (user)     : 0 (0%)
                  - bounded_proven (auto)     : 0 (0%)
                  - marked_proven             : 0 (0%)
                  - cex                       : 0 (0%)
                  - ar_cex                    : 0 (0%)
                  - undetermined              : 0 (0%)
                  - unknown                   : 0 (0%)
                  - error                     : 0 (0%)
                 covers                       : 0
                  - unreachable               : 0
                  - bounded_unreachable (user): 0
                  - covered                   : 0
                  - ar_covered                : 0
                  - undetermined              : 0
                  - unknown                   : 0
                  - error                     : 0
proven
[<embedded>] % exit -force
INFO (IPL005): Received request to exit from the console.
INFO: Waiting for proof threads to stop...
INFO: Proof threads stopped.
INFO (IPL018): The peak resident set memory use for this session was 2.716 GB.
INFO (IPL014): Waiting for the Tcl-thread to exit.
INFO (IPL015): The Tcl-thread exited with status 0.
INFO (IPL016): Exiting the analysis session with status 0.
