2025-11-17 19:58:13.075289 (27224) main____ INFO    ----------------------------------------
2025-11-17 19:58:13.075335 (27224) main____ INFO    Jasper version info
2025-11-17 19:58:13.075341 (27224) main____ INFO      tool      : Jasper 2024.06
2025-11-17 19:58:13.075345 (27224) main____ INFO      version   : 2024.06p002 64 bits
2025-11-17 19:58:13.075348 (27224) main____ INFO      build date: 2024.09.02 16:28:38 UTC
2025-11-17 19:58:13.075350 (27224) main____ INFO    ----------------------------------------
2025-11-17 19:58:13.075352 (27224) main____ INFO    Runtime info:
2025-11-17 19:58:13.075354 (27224) main____ INFO      platform  : Linux 3.10.0-1160.62.1.el7.x86_64 x86_64
2025-11-17 19:58:13.075360 (27224) main____ INFO      hostname  : vlsi-ria85
2025-11-17 19:58:13.075365 (27224) main____ INFO      pid       : 27224
2025-11-17 19:58:13.075367 (27224) main____ INFO      arguments : '-style' 'windows' '-proj' '../jgprojects/delay_13' '-batch' 'delay_13.tcl'
2025-11-17 19:58:13.075370 (27224) main____ INFO      locale    : ANSI_X3.4-1968
2025-11-17 19:58:13.075372 (27224) main____ INFO    ----------------------------------------
2025-11-17 19:58:13.075374 (27224) main____ INFO    System resource limits info:
2025-11-17 19:58:13.075377 (27224) main____ INFO      virtual memory: unlimited
2025-11-17 19:58:13.075381 (27224) main____ INFO      cpu time      : unlimited
2025-11-17 19:58:13.075386 (27224) main____ INFO      processes     : 4096
2025-11-17 19:58:13.075392 (27224) main____ INFO      stack size    : 8388608 B
2025-11-17 19:58:13.075395 (27224) main____ INFO      core file size: 1024 B
2025-11-17 19:58:13.075398 (27224) main____ INFO      open files    : 4096
2025-11-17 19:58:13.075401 (27224) main____ INFO      file size     : unlimited
2025-11-17 19:58:13.075403 (27224) main____ INFO    ----------------------------------------
2025-11-17 19:58:13.075404 (27224) main____ INFO    Memory statistics:
2025-11-17 19:58:13.075407 (27224) main____ INFO      total physical memory  : 65714912 kB
2025-11-17 19:58:13.075410 (27224) main____ INFO      free physical memory   : 5728396 kB
2025-11-17 19:58:13.075412 (27224) main____ INFO      committed address space: 169454300 kB
2025-11-17 19:58:13.075414 (27224) main____ INFO    ----------------------------------------
2025-11-17 19:58:13.076031 (27224) main____ INFO    Important environment variables:
2025-11-17 19:58:13.076044 (27224) main____ INFO      CDS_ASSURA         : '/eda/cadence/2023-24/RHELx86/ASSURA_04.16.115_231'
2025-11-17 19:58:13.076048 (27224) main____ INFO      CDS_AUTO_64BIT     : 'ALL'
2025-11-17 19:58:13.076051 (27224) main____ INFO      CDS_CONFRML        : '/eda/cadence/2023-24/RHELx86/CONFRML_23.10.300'
2025-11-17 19:58:13.076055 (27224) main____ INFO      CDS_DDIEXPORT      : '/eda/cadence/2023-24/RHELx86/DDIEXPORT_22.33.000'
2025-11-17 19:58:13.076058 (27224) main____ INFO      CDS_EMX            : '/eda/cadence/2023-24/RHELx86/EMX_23.10.000'
2025-11-17 19:58:13.076061 (27224) main____ INFO      CDS_GENUS          : '/eda/cadence/2023-24/RHELx86/DDIEXPORT_22.33.000/GENUS221'
2025-11-17 19:58:13.076065 (27224) main____ INFO      CDS_IC             : '/eda/cadence/2023-24/RHELx86/IC_23.10.020'
2025-11-17 19:58:13.076068 (27224) main____ INFO      CDS_INNOVUS        : '/eda/cadence/2023-24/RHELx86/DDIEXPORT_22.33.000/INNOVUS221'
2025-11-17 19:58:13.076071 (27224) main____ INFO      CDS_JLS            : '/eda/cadence/2023-24/RHELx86/DDIEXPORT_22.33.000/JLS221'
2025-11-17 19:58:13.076077 (27224) main____ INFO      CDS_LIC_FILE       : '/etc/local/cadence/license_8x.3868dd0560aa:5280@132.68.59.69:/etc/local/cadence/license_8x.1831bfb82c67:5280@132.68.59.64:/etc/local/cadence/license_8x.0894ef683fc3:5280@132.68.59.79:/etc/local/cadence/license_8x.1831bfb82c67:5280@132.68.59.61'
2025-11-17 19:58:13.076085 (27224) main____ INFO      CDS_LITMUS         : '/eda/cadence/2023-24/RHELx86/LITMUS_23.10.300'
2025-11-17 19:58:13.076088 (27224) main____ INFO      CDS_MODUS          : '/eda/cadence/2023-24/RHELx86/MODUS_22.12.000'
2025-11-17 19:58:13.076091 (27224) main____ INFO      CDS_MVS            : '/eda/cadence/2023-24/RHELx86/MVS_21.12.000'
2025-11-17 19:58:13.076096 (27224) main____ INFO      CDS_Netlisting_Mode: 'Analog'
2025-11-17 19:58:13.076099 (27224) main____ INFO      CDS_PEGASUS        : '/eda/cadence/2023-24/RHELx86/PEGASUS_23.11.000'
2025-11-17 19:58:13.076120 (27224) main____ INFO      CDS_PEGASUSDFM     : '/eda/cadence/2023-24/RHELx86/PEGASUSDFM_23.11.000'
2025-11-17 19:58:13.076123 (27224) main____ INFO      CDS_PVS            : '/eda/cadence/2023-24/RHELx86/PVS_22.22.000'
2025-11-17 19:58:13.076126 (27224) main____ INFO      CDS_QUANTUS        : '/eda/cadence/2023-24/RHELx86/QUANTUS_23.10.000'
2025-11-17 19:58:13.076149 (27224) main____ INFO      CDS_SPECTRE        : '/eda/cadence/2023-24/RHELx86/SPECTRE_23.10.242'
2025-11-17 19:58:13.076152 (27224) main____ INFO      CDS_SSV            : '/eda/cadence/2023-24/RHELx86/SSV_22.13.000'
2025-11-17 19:58:13.076155 (27224) main____ INFO      CDS_USE_PALETTE    : ''
2025-11-17 19:58:13.076158 (27224) main____ INFO      CDS_VERISIUMDEBUG  : '/eda/cadence/2023-24/RHELx86/VERISIUMDEBUG_23.03.001'
2025-11-17 19:58:13.076161 (27224) main____ INFO      CDS_VIPCAT         : '/eda/cadence/2023-24/RHELx86/VIPCAT_11.30.093'
2025-11-17 19:58:13.076166 (27224) main____ INFO      CDS_VMANAGER       : '/eda/cadence/2023-24/RHELx86/VMANAGER_23.03.004'
2025-11-17 19:58:13.076169 (27224) main____ INFO      CDS_XCELIUM        : '/eda/cadence/2023-24/RHELx86/XCELIUM_23.03.007'
2025-11-17 19:58:13.076171 (27224) main____ INFO      DISPLAY            : 'localhost:13.0'
2025-11-17 19:58:13.076174 (27224) main____ INFO      JASPER_CPU_CHECK   : '1'
2025-11-17 19:58:13.076178 (27224) main____ INFO      JASPER_INSTALL_DIR : '/tools/cadence2425/JASPER/jasper_2024.06p002'
2025-11-17 19:58:13.076180 (27224) main____ INFO      JASPER_KERNEL_CHECK: '1'
2025-11-17 19:58:13.076183 (27224) main____ INFO      JASPER_OS_CHECK    : '1'
2025-11-17 19:58:13.076186 (27224) main____ INFO      LANG               : 'C'
2025-11-17 19:58:13.076188 (27224) main____ INFO      TMPDIR             : '/tmp'
2025-11-17 19:58:13.076190 (27224) main____ INFO    ----------------------------------------
2025-11-17 19:58:13.076588 (27224) lic_core INFO    Initializing license system ...
2025-11-17 19:58:13.080670 (27224) lic_core INFO    ... license system initialized.
2025-11-17 19:58:13.087824 (27224) lic__man INFO    Claim 'fpv' for <ui>.
2025-11-17 19:58:13.087861 (27224) lic_core INFO    (1) checking out 'jasper_fpv' ...
2025-11-17 19:58:13.123332 (27224) lic_core INFO    ... (1) checkout failed (error: -5) ("FLEXnet ERROR(-5, 0, 0): No such feature exists.")
2025-11-17 19:58:13.123352 (27224) lic_core INFO    (2) checking out 'jasper_fao' ...
2025-11-17 19:58:13.131880 (27224) lic_core INFO    ... (2) checkout succeeded
2025-11-17 19:58:13.154414 (27224) session_ INFO    Starting analysis session with session id 'session_0' (launcher: <local>) ...
2025-11-17 19:58:13.155539 (27224) session_ INFO    Analysis session with session id 'session_0' started (pid: 27250)
2025-11-17 19:58:13.780683 (27224) session_ INFO    Analysis session 'session_0' connected to the console (host: 127.0.0.1:51348)
2025-11-17 19:58:14.355450 (27224) lic__man INFO    Unclaim everything for 'session_0'.
2025-11-17 19:58:14.398071 (27224) lic__man INFO    Claim 'fpv' for 'session_0'.
2025-11-17 19:58:14.398090 (27224) lic__man INFO    Claim 'fpv' for 'session_0/prove-0'.
2025-11-17 20:01:17.467385 (27224) lic__man INFO    Unclaim everything for 'session_0/prove-0'.
2025-11-17 20:01:17.469006 (27224) main____ INFO    About to exit: request to exit with status 0 received from analysis session 'session_0'
2025-11-17 20:01:17.550793 (27224) session_ INFO    Analysis session 'session_0' disconnected.
2025-11-17 20:01:17.550869 (27224) lic__man INFO    Unclaim everything for 'session_0'.
2025-11-17 20:01:17.550985 (27224) session_ INFO    Process for analysis session 'session_0' has exited with exit status '0'.
2025-11-17 20:01:19.370289 (27224) lic_core INFO    (2) checkin jasper_fao
2025-11-17 20:01:19.651078 (27224) main____ INFO    Exiting with status 0.
