2025-11-20 01:44:03.945637 (27122) main____ INFO    ----------------------------------------
2025-11-20 01:44:03.945679 (27122) main____ INFO    Jasper version info
2025-11-20 01:44:03.945684 (27122) main____ INFO      tool      : Jasper 2024.06
2025-11-20 01:44:03.945688 (27122) main____ INFO      version   : 2024.06p002 64 bits
2025-11-20 01:44:03.945691 (27122) main____ INFO      build date: 2024.09.02 16:28:38 UTC
2025-11-20 01:44:03.945693 (27122) main____ INFO    ----------------------------------------
2025-11-20 01:44:03.945695 (27122) main____ INFO    Runtime info:
2025-11-20 01:44:03.945698 (27122) main____ INFO      platform  : Linux 3.10.0-1160.62.1.el7.x86_64 x86_64
2025-11-20 01:44:03.945703 (27122) main____ INFO      hostname  : vlsi-ria85
2025-11-20 01:44:03.945707 (27122) main____ INFO      pid       : 27122
2025-11-20 01:44:03.945709 (27122) main____ INFO      arguments : '-style' 'windows' '-proj' '../jgprojects/2_delay_10' '-batch' '2_delay_10.tcl'
2025-11-20 01:44:03.945712 (27122) main____ INFO      locale    : ANSI_X3.4-1968
2025-11-20 01:44:03.945714 (27122) main____ INFO    ----------------------------------------
2025-11-20 01:44:03.945716 (27122) main____ INFO    System resource limits info:
2025-11-20 01:44:03.945718 (27122) main____ INFO      virtual memory: unlimited
2025-11-20 01:44:03.945722 (27122) main____ INFO      cpu time      : unlimited
2025-11-20 01:44:03.945727 (27122) main____ INFO      processes     : 4096
2025-11-20 01:44:03.945733 (27122) main____ INFO      stack size    : 8388608 B
2025-11-20 01:44:03.945736 (27122) main____ INFO      core file size: 1024 B
2025-11-20 01:44:03.945739 (27122) main____ INFO      open files    : 4096
2025-11-20 01:44:03.945742 (27122) main____ INFO      file size     : unlimited
2025-11-20 01:44:03.945743 (27122) main____ INFO    ----------------------------------------
2025-11-20 01:44:03.945745 (27122) main____ INFO    Memory statistics:
2025-11-20 01:44:03.945747 (27122) main____ INFO      total physical memory  : 65714912 kB
2025-11-20 01:44:03.945750 (27122) main____ INFO      free physical memory   : 3941864 kB
2025-11-20 01:44:03.945752 (27122) main____ INFO      committed address space: 188492296 kB
2025-11-20 01:44:03.945753 (27122) main____ INFO    ----------------------------------------
2025-11-20 01:44:03.946300 (27122) main____ INFO    Important environment variables:
2025-11-20 01:44:03.946312 (27122) main____ INFO      CDS_ASSURA         : '/eda/cadence/2023-24/RHELx86/ASSURA_04.16.115_231'
2025-11-20 01:44:03.946316 (27122) main____ INFO      CDS_AUTO_64BIT     : 'ALL'
2025-11-20 01:44:03.946319 (27122) main____ INFO      CDS_CONFRML        : '/eda/cadence/2023-24/RHELx86/CONFRML_23.10.300'
2025-11-20 01:44:03.946323 (27122) main____ INFO      CDS_DDIEXPORT      : '/eda/cadence/2023-24/RHELx86/DDIEXPORT_22.33.000'
2025-11-20 01:44:03.946326 (27122) main____ INFO      CDS_EMX            : '/eda/cadence/2023-24/RHELx86/EMX_23.10.000'
2025-11-20 01:44:03.946329 (27122) main____ INFO      CDS_GENUS          : '/eda/cadence/2023-24/RHELx86/DDIEXPORT_22.33.000/GENUS221'
2025-11-20 01:44:03.946332 (27122) main____ INFO      CDS_IC             : '/eda/cadence/2023-24/RHELx86/IC_23.10.020'
2025-11-20 01:44:03.946336 (27122) main____ INFO      CDS_INNOVUS        : '/eda/cadence/2023-24/RHELx86/DDIEXPORT_22.33.000/INNOVUS221'
2025-11-20 01:44:03.946339 (27122) main____ INFO      CDS_JLS            : '/eda/cadence/2023-24/RHELx86/DDIEXPORT_22.33.000/JLS221'
2025-11-20 01:44:03.946344 (27122) main____ INFO      CDS_LIC_FILE       : '/etc/local/cadence/license_8x.3868dd0560aa:5280@132.68.59.69:/etc/local/cadence/license_8x.1831bfb82c67:5280@132.68.59.64:/etc/local/cadence/license_8x.0894ef683fc3:5280@132.68.59.79:/etc/local/cadence/license_8x.1831bfb82c67:5280@132.68.59.61'
2025-11-20 01:44:03.946351 (27122) main____ INFO      CDS_LITMUS         : '/eda/cadence/2023-24/RHELx86/LITMUS_23.10.300'
2025-11-20 01:44:03.946355 (27122) main____ INFO      CDS_MODUS          : '/eda/cadence/2023-24/RHELx86/MODUS_22.12.000'
2025-11-20 01:44:03.946358 (27122) main____ INFO      CDS_MVS            : '/eda/cadence/2023-24/RHELx86/MVS_21.12.000'
2025-11-20 01:44:03.946362 (27122) main____ INFO      CDS_Netlisting_Mode: 'Analog'
2025-11-20 01:44:03.946366 (27122) main____ INFO      CDS_PEGASUS        : '/eda/cadence/2023-24/RHELx86/PEGASUS_23.11.000'
2025-11-20 01:44:03.946369 (27122) main____ INFO      CDS_PEGASUSDFM     : '/eda/cadence/2023-24/RHELx86/PEGASUSDFM_23.11.000'
2025-11-20 01:44:03.946372 (27122) main____ INFO      CDS_PVS            : '/eda/cadence/2023-24/RHELx86/PVS_22.22.000'
2025-11-20 01:44:03.946375 (27122) main____ INFO      CDS_QUANTUS        : '/eda/cadence/2023-24/RHELx86/QUANTUS_23.10.000'
2025-11-20 01:44:03.946378 (27122) main____ INFO      CDS_SPECTRE        : '/eda/cadence/2023-24/RHELx86/SPECTRE_23.10.242'
2025-11-20 01:44:03.946381 (27122) main____ INFO      CDS_SSV            : '/eda/cadence/2023-24/RHELx86/SSV_22.13.000'
2025-11-20 01:44:03.946383 (27122) main____ INFO      CDS_USE_PALETTE    : ''
2025-11-20 01:44:03.946387 (27122) main____ INFO      CDS_VERISIUMDEBUG  : '/eda/cadence/2023-24/RHELx86/VERISIUMDEBUG_23.03.001'
2025-11-20 01:44:03.946390 (27122) main____ INFO      CDS_VIPCAT         : '/eda/cadence/2023-24/RHELx86/VIPCAT_11.30.093'
2025-11-20 01:44:03.946393 (27122) main____ INFO      CDS_VMANAGER       : '/eda/cadence/2023-24/RHELx86/VMANAGER_23.03.004'
2025-11-20 01:44:03.946396 (27122) main____ INFO      CDS_XCELIUM        : '/eda/cadence/2023-24/RHELx86/XCELIUM_23.03.007'
2025-11-20 01:44:03.946399 (27122) main____ INFO      DISPLAY            : 'localhost:13.0'
2025-11-20 01:44:03.946402 (27122) main____ INFO      JASPER_CPU_CHECK   : '1'
2025-11-20 01:44:03.946405 (27122) main____ INFO      JASPER_INSTALL_DIR : '/tools/cadence2425/JASPER/jasper_2024.06p002'
2025-11-20 01:44:03.946407 (27122) main____ INFO      JASPER_KERNEL_CHECK: '1'
2025-11-20 01:44:03.946410 (27122) main____ INFO      JASPER_OS_CHECK    : '1'
2025-11-20 01:44:03.946412 (27122) main____ INFO      LANG               : 'C'
2025-11-20 01:44:03.946415 (27122) main____ INFO      TMPDIR             : '/tmp'
2025-11-20 01:44:03.946417 (27122) main____ INFO    ----------------------------------------
2025-11-20 01:44:03.946807 (27122) lic_core INFO    Initializing license system ...
2025-11-20 01:44:03.950866 (27122) lic_core INFO    ... license system initialized.
2025-11-20 01:44:03.957743 (27122) lic__man INFO    Claim 'fpv' for <ui>.
2025-11-20 01:44:03.957774 (27122) lic_core INFO    (1) checking out 'jasper_fpv' ...
2025-11-20 01:44:03.972117 (27122) lic_core INFO    ... (1) checkout failed (error: -5) ("FLEXnet ERROR(-5, 0, 0): No such feature exists.")
2025-11-20 01:44:03.972137 (27122) lic_core INFO    (2) checking out 'jasper_fao' ...
2025-11-20 01:44:03.981183 (27122) lic_core INFO    ... (2) checkout succeeded
2025-11-20 01:44:04.004888 (27122) session_ INFO    Starting analysis session with session id 'session_0' (launcher: <local>) ...
2025-11-20 01:44:04.005740 (27122) session_ INFO    Analysis session with session id 'session_0' started (pid: 27146)
2025-11-20 01:44:04.624827 (27122) session_ INFO    Analysis session 'session_0' connected to the console (host: 127.0.0.1:46966)
2025-11-20 01:44:05.077178 (27122) lic__man INFO    Unclaim everything for 'session_0'.
2025-11-20 01:44:05.120249 (27122) lic__man INFO    Claim 'fpv' for 'session_0'.
2025-11-20 01:44:05.120266 (27122) lic__man INFO    Claim 'fpv' for 'session_0/prove-0'.
2025-11-20 01:47:08.178689 (27122) lic__man INFO    Unclaim everything for 'session_0/prove-0'.
2025-11-20 01:47:08.180556 (27122) main____ INFO    About to exit: request to exit with status 0 received from analysis session 'session_0'
2025-11-20 01:47:08.254533 (27122) session_ INFO    Analysis session 'session_0' disconnected.
2025-11-20 01:47:08.254599 (27122) lic__man INFO    Unclaim everything for 'session_0'.
2025-11-20 01:47:08.254673 (27122) session_ INFO    Process for analysis session 'session_0' has exited with exit status '0'.
2025-11-20 01:47:10.283361 (27122) lic_core INFO    (2) checkin jasper_fao
2025-11-20 01:47:10.284991 (27122) main____ INFO    Exiting with status 0.
