2025-11-21 04:00:00.848402 (11962) main____ INFO    ----------------------------------------
2025-11-21 04:00:00.848501 (11962) main____ INFO    Jasper version info
2025-11-21 04:00:00.848509 (11962) main____ INFO      tool      : Jasper 2024.06
2025-11-21 04:00:00.848518 (11962) main____ INFO      version   : 2024.06p002 64 bits
2025-11-21 04:00:00.848524 (11962) main____ INFO      build date: 2024.09.02 16:28:38 UTC
2025-11-21 04:00:00.848528 (11962) main____ INFO    ----------------------------------------
2025-11-21 04:00:00.848531 (11962) main____ INFO    Runtime info:
2025-11-21 04:00:00.848536 (11962) main____ INFO      platform  : Linux 3.10.0-1062.el7.x86_64 x86_64
2025-11-21 04:00:00.848547 (11962) main____ INFO      hostname  : vlsi-moon
2025-11-21 04:00:00.848553 (11962) main____ INFO      pid       : 11962
2025-11-21 04:00:00.848558 (11962) main____ INFO      arguments : '-style' 'windows' '-proj' '../jgprojects/1_load_store_2' '-batch' '1_load_store_2.tcl'
2025-11-21 04:00:00.848563 (11962) main____ INFO      locale    : ANSI_X3.4-1968
2025-11-21 04:00:00.848567 (11962) main____ INFO    ----------------------------------------
2025-11-21 04:00:00.848570 (11962) main____ INFO    System resource limits info:
2025-11-21 04:00:00.848575 (11962) main____ INFO      virtual memory: unlimited
2025-11-21 04:00:00.848583 (11962) main____ INFO      cpu time      : unlimited
2025-11-21 04:00:00.848592 (11962) main____ INFO      processes     : 4096
2025-11-21 04:00:00.848603 (11962) main____ INFO      stack size    : 8388608 B
2025-11-21 04:00:00.848610 (11962) main____ INFO      core file size: 1024 B
2025-11-21 04:00:00.848615 (11962) main____ INFO      open files    : 4096
2025-11-21 04:00:00.848620 (11962) main____ INFO      file size     : unlimited
2025-11-21 04:00:00.848623 (11962) main____ INFO    ----------------------------------------
2025-11-21 04:00:00.848627 (11962) main____ INFO    Memory statistics:
2025-11-21 04:00:00.848633 (11962) main____ INFO      total physical memory  : 527831204 kB
2025-11-21 04:00:00.848638 (11962) main____ INFO      free physical memory   : 504221008 kB
2025-11-21 04:00:00.848642 (11962) main____ INFO      committed address space: 32642548 kB
2025-11-21 04:00:00.848646 (11962) main____ INFO    ----------------------------------------
2025-11-21 04:00:00.849533 (11962) main____ INFO    Important environment variables:
2025-11-21 04:00:00.849553 (11962) main____ INFO      CDS_ASSURA         : '/eda/cadence/2023-24/RHELx86/ASSURA_04.16.115_231'
2025-11-21 04:00:00.849560 (11962) main____ INFO      CDS_AUTO_64BIT     : 'ALL'
2025-11-21 04:00:00.849566 (11962) main____ INFO      CDS_CONFRML        : '/eda/cadence/2023-24/RHELx86/CONFRML_23.10.300'
2025-11-21 04:00:00.849571 (11962) main____ INFO      CDS_DDIEXPORT      : '/eda/cadence/2023-24/RHELx86/DDIEXPORT_22.33.000'
2025-11-21 04:00:00.849577 (11962) main____ INFO      CDS_EMX            : '/eda/cadence/2023-24/RHELx86/EMX_23.10.000'
2025-11-21 04:00:00.849583 (11962) main____ INFO      CDS_GENUS          : '/eda/cadence/2023-24/RHELx86/DDIEXPORT_22.33.000/GENUS221'
2025-11-21 04:00:00.849589 (11962) main____ INFO      CDS_IC             : '/eda/cadence/2023-24/RHELx86/IC_23.10.020'
2025-11-21 04:00:00.849596 (11962) main____ INFO      CDS_INNOVUS        : '/eda/cadence/2023-24/RHELx86/DDIEXPORT_22.33.000/INNOVUS221'
2025-11-21 04:00:00.849601 (11962) main____ INFO      CDS_JLS            : '/eda/cadence/2023-24/RHELx86/DDIEXPORT_22.33.000/JLS221'
2025-11-21 04:00:00.849611 (11962) main____ INFO      CDS_LIC_FILE       : '/etc/local/cadence/license_8x.3868dd0560aa:5280@132.68.59.69:/etc/local/cadence/license_8x.1831bfb82c67:5280@132.68.59.64:/etc/local/cadence/license_8x.0894ef683fc3:5280@132.68.59.79:/etc/local/cadence/license_8x.1831bfb82c67:5280@132.68.59.61'
2025-11-21 04:00:00.849624 (11962) main____ INFO      CDS_LITMUS         : '/eda/cadence/2023-24/RHELx86/LITMUS_23.10.300'
2025-11-21 04:00:00.849630 (11962) main____ INFO      CDS_MODUS          : '/eda/cadence/2023-24/RHELx86/MODUS_22.12.000'
2025-11-21 04:00:00.849635 (11962) main____ INFO      CDS_MVS            : '/eda/cadence/2023-24/RHELx86/MVS_21.12.000'
2025-11-21 04:00:00.849644 (11962) main____ INFO      CDS_Netlisting_Mode: 'Analog'
2025-11-21 04:00:00.849649 (11962) main____ INFO      CDS_PEGASUS        : '/eda/cadence/2023-24/RHELx86/PEGASUS_23.11.000'
2025-11-21 04:00:00.849655 (11962) main____ INFO      CDS_PEGASUSDFM     : '/eda/cadence/2023-24/RHELx86/PEGASUSDFM_23.11.000'
2025-11-21 04:00:00.849661 (11962) main____ INFO      CDS_PVS            : '/eda/cadence/2023-24/RHELx86/PVS_22.22.000'
2025-11-21 04:00:00.849666 (11962) main____ INFO      CDS_QUANTUS        : '/eda/cadence/2023-24/RHELx86/QUANTUS_23.10.000'
2025-11-21 04:00:00.849672 (11962) main____ INFO      CDS_SPECTRE        : '/eda/cadence/2023-24/RHELx86/SPECTRE_23.10.242'
2025-11-21 04:00:00.849677 (11962) main____ INFO      CDS_SSV            : '/eda/cadence/2023-24/RHELx86/SSV_22.13.000'
2025-11-21 04:00:00.849682 (11962) main____ INFO      CDS_USE_PALETTE    : ''
2025-11-21 04:00:00.849687 (11962) main____ INFO      CDS_VERISIUMDEBUG  : '/eda/cadence/2023-24/RHELx86/VERISIUMDEBUG_23.03.001'
2025-11-21 04:00:00.849693 (11962) main____ INFO      CDS_VIPCAT         : '/eda/cadence/2023-24/RHELx86/VIPCAT_11.30.093'
2025-11-21 04:00:00.849700 (11962) main____ INFO      CDS_VMANAGER       : '/eda/cadence/2023-24/RHELx86/VMANAGER_23.03.004'
2025-11-21 04:00:00.849706 (11962) main____ INFO      CDS_XCELIUM        : '/eda/cadence/2023-24/RHELx86/XCELIUM_23.03.007'
2025-11-21 04:00:00.849711 (11962) main____ INFO      DISPLAY            : 'localhost:11.0'
2025-11-21 04:00:00.849716 (11962) main____ INFO      JASPER_CPU_CHECK   : '1'
2025-11-21 04:00:00.849721 (11962) main____ INFO      JASPER_INSTALL_DIR : '/tools/cadence2425/JASPER/jasper_2024.06p002'
2025-11-21 04:00:00.849726 (11962) main____ INFO      JASPER_KERNEL_CHECK: '1'
2025-11-21 04:00:00.849730 (11962) main____ INFO      JASPER_OS_CHECK    : '1'
2025-11-21 04:00:00.849735 (11962) main____ INFO      LANG               : 'C'
2025-11-21 04:00:00.849748 (11962) main____ INFO      TMPDIR             : '/tmp'
2025-11-21 04:00:00.849753 (11962) main____ INFO    ----------------------------------------
2025-11-21 04:00:00.850388 (11962) lic_core INFO    Initializing license system ...
2025-11-21 04:00:00.859642 (11962) lic_core INFO    ... license system initialized.
2025-11-21 04:00:00.888579 (11962) lic__man INFO    Claim 'fpv' for <ui>.
2025-11-21 04:00:00.888717 (11962) lic_core INFO    (1) checking out 'jasper_fpv' ...
2025-11-21 04:00:01.322627 (11962) lic_core INFO    ... (1) checkout failed (error: -5) ("FLEXnet ERROR(-5, 0, 0): No such feature exists.")
2025-11-21 04:00:01.322705 (11962) lic_core INFO    (2) checking out 'jasper_fao' ...
2025-11-21 04:00:01.344961 (11962) lic_core INFO    ... (2) checkout succeeded
2025-11-21 04:00:01.381844 (11962) session_ INFO    Starting analysis session with session id 'session_0' (launcher: <local>) ...
2025-11-21 04:00:01.384061 (11962) session_ INFO    Analysis session with session id 'session_0' started (pid: 11996)
2025-11-21 04:00:02.348795 (11962) session_ INFO    Analysis session 'session_0' connected to the console (host: 127.0.0.1:47264)
2025-11-21 04:00:03.017033 (11962) lic__man INFO    Unclaim everything for 'session_0'.
2025-11-21 04:00:03.063610 (11962) lic__man INFO    Claim 'fpv' for 'session_0'.
2025-11-21 04:00:03.063672 (11962) lic__man INFO    Claim 'fpv' for 'session_0/prove-0'.
2025-11-21 04:03:55.279513 (11962) lic__man INFO    Unclaim everything for 'session_0/prove-0'.
2025-11-21 04:03:55.286963 (11962) main____ INFO    About to exit: request to exit with status 0 received from analysis session 'session_0'
2025-11-21 04:03:55.431342 (11962) session_ INFO    Analysis session 'session_0' disconnected.
2025-11-21 04:03:55.431731 (11962) lic__man INFO    Unclaim everything for 'session_0'.
2025-11-21 04:03:55.432150 (11962) session_ INFO    Process for analysis session 'session_0' has exited with exit status '0'.
2025-11-21 04:03:57.199990 (11962) lic_core INFO    (2) checkin jasper_fao
2025-11-21 04:03:57.202716 (11962) main____ INFO    Exiting with status 0.
