# ----------------------------------------
# Jasper Version Info
# tool      : Jasper 2024.06
# platform  : Linux 3.10.0-1160.62.1.el7.x86_64
# version   : 2024.06p002 64 bits
# build date: 2024.09.02 16:28:38 UTC
# ----------------------------------------
# started   : 2025-11-17 18:33:17 IST
# hostname  : vlsi-ria85.vlsidomain
# pid       : 18863
# arguments : '-label' 'session_0' '-console' '//127.0.0.1:45386' '-nowindow' '-style' 'windows' '-exitonerror' '-data' 'AAAAznicY2RgYLCp////PwMYMD6A0Aw2jAyoAMRnQhUJbEChGRhYYZphSliAmItBl6GAoYghnyELyNNh0ANCfSA7HS6aypDMUMJQDBRNYshhyGTIY8hmiGcwBEIGBh6g7iSGRKB8MkMGkC+BoUYPLJcDtg8AYyQXPQ==' '-proj' '/users/rompel/jasper_executions/safety/jgprojects/blink_11/sessionLogs/session_0' '-init' '-hidden' '/users/rompel/jasper_executions/safety/jgprojects/blink_11/.tmp/.initCmds.tcl' 'blink_11.tcl' '-hidden' '/users/rompel/jasper_executions/safety/jgprojects/blink_11/.tmp/.postCmds.tcl'

Any disclosure about the Cadence Design Systems software or its use
model to any third party violates the written Non-Disclosure Agreement
between Cadence Design Systems, Inc. and the customer.

THIS SOFTWARE CONTAINS CONFIDENTIAL INFORMATION AND TRADE SECRETS OF
CADENCE DESIGN SYSTEMS, INC. USE, DISCLOSURE, OR REPRODUCTION IS
PROHIBITED WITHOUT THE PRIOR EXPRESS WRITTEN PERMISSION OF CADENCE
DESIGN SYSTEMS, INC.

Copyright (C) 2000-2024 Cadence Design Systems, Inc. All Rights
Reserved.  Unpublished -- rights reserved under the copyright laws of
the United States.

This product includes software developed by others and redistributed
according to license agreement. See doc/third_party_readme.txt for
further details.

RESTRICTED RIGHTS LEGEND

Use, duplication, or disclosure by the Government is subject to
restrictions as set forth in subparagraph (c) (1) (ii) of the Rights in
Technical Data and Computer Software clause at DFARS 252.227-7013 or
subparagraphs (c) (1) and (2) of Commercial Computer Software -- Restricted
Rights at 48 CFR 52.227-19, as applicable.


                          Cadence Design Systems, Inc.
                          2655 Seely Avenue
                          San Jose, CA 95134
                          Phone: 408.943.1234

For technical assistance visit http://support.cadence.com.

Jasper Apps Analysis Session - /users/rompel/jasper_executions/safety/jgprojects/blink_11/sessionLogs/session_0

WARNING (WG017): [session]: The system's locale is "ANSI_X3.4-1968", which is not UTF-8. Non-ASCII characters might not be handled correctly.
WARNING (WG017): [jg_console]: The system's locale is "ANSI_X3.4-1968", which is not UTF-8. Non-ASCII characters might not be handled correctly.
INFO: successfully checked out license "jasper_fao".
INFO: reading configuration file "/users/rompel/.config/cadence/jasper.conf".
% analyze -sv09 ../blink_11.sv
[-- (VERI-1482)] Analyzing Verilog file '/tools/cadence2425/JASPER/jasper_2024.06p002/lib/verilog/packages/std/std.sv' into library 'std'
[-- (VERI-1482)] Analyzing Verilog file '../blink_11.sv'
% elaborate -bbox_mul 1000000 -bbox_div 1000000 -bbox_mod 1000000 -bbox_a 1000000
[INFO (HIER-8002)] ../blink_11.sv(18): Disabling old hierarchical reference handler
[INFO (VERI-1018)] ../blink_11.sv(1): compiling module 'BLINK'
[WARN (VERI-1209)] ../blink_11.sv(10): expression size 32 truncated to fit in target size 18
INFO (ISW003): Top module name is "BLINK".
INFO (INL208): Elaboration synthesis summary:
  Number of synthesized netlists          1 (0 packages)
  Single run mode                         On
  Pipeline                                On (1 pipelined netlists)
  Late hierarchical reference connection  On
  Number of analyzed Verilog modules      1 (1 synthesized)
  Number of analyzed VHDL entities        0 (0 synthesized)
INFO (INL003): Clearing all state information (assumes, stopats, and so forth).
BLINK
[<embedded>] % reset rst
INFO (IPM031): Clearing proof results of all properties.
INFO (IRS006): Current reset condition is "rst".
[<embedded>] % clock clk
[<embedded>] % prove -all
Ncustom1: Custom engine code is hT3Ng7hPPfiYQOTDZ3qhYOwGAM51eA+J/FjkM5shLioAsqhgLR4Ft+O1BuKG6ilQ83B9tLXSl+CwjiTMAQA
Bcustom2: Custom engine code is hT3Nm7hPr1Vp3Di1Ra2USNIGL4JypRnLKLAdF6JAyuavO2JfGCiY9OZJhcAcOUnLx5xwNdhILGrAWX9s+z2WDkKwNR7tAfClBEjRFVQeq6DU54boFgEA
AMcustom3: Custom engine code is hT3Ng7hP/feYQOTDZ3qhYOwGAM51eA+J/FjkM5shLioAsqhgLR4Ft+O1BuKG6ilQ83B9tLXSmmqwm7g9AQA
Mpcustom4: Custom engine code is hT3NZbhP9fmY2AbBQnsjfOxn6c+6e6yL+/e8fZFmaQrnlgEA
INFO (IPF036): Starting proof on task: "<embedded>", 1 properties to prove with 0 already proven/unreachable
INFO (IRS029): Starting reset analysis: phase 1 of 4.
INFO (IRS030): Running reset analysis: phase 2 of 4.
INFO (IRS031): Running reset analysis: phase 3 of 4.
INFO (IRS020): Starting the reset analysis simulation with a limit of 100 iterations (phase 4 of 4).
INFO (IRS024): Reset iterations 0 to 4 analyzed.
INFO (IRS018): Reset analysis simulation executed for 3 iterations. Assigned values for 19 of 21 design flops, 0 of 0 design latches, 3 of 3 internal elements.
INFO (IRS039): Reset analysis complete.
INFO (IPF031): Settings used for proof thread 0:
    orchestration                 = on
    time_limit                    = 86400s
    per_property_time_limit       = 1s * 10 ^ scan
    engine_mode                   = auto
    proofgrid_per_engine_max_jobs = 1
    max engine jobs               = auto
    proofgrid_mode                = local
    proofgrid_restarts            = 10
0: Using multistage preprocessing
AMcustom5: Custom engine code is hT3N1rhP11/52HrFRS21ROp2LOjVTgPvT8L8BGXHgLhaIuqtT4nARFjUqrBL+7pLmaTOzBepZW/Jm8SSrHDybSQtoNiO3y43wk+dEoWlsZizu97Fih6O6lPVG/LpWP5SsUPwlGagLNa1FKEFvwVXyX7//8prySbvSxIHXr5er+z4RAEA
0: Starting reduce
Ncustom6: Custom engine code is hT3OXrhPByJp3TrFSTLhUmMH4KVtJgmTCnNDF46yMXOKY48m4LS5nE7yBzFjA7kDuwO/GhGUpEPiky3p3wmPn3dJZHxFMsafSoObRzSC+tn7sEY0WbTdZ/FV4hL3MYH/b1CIUvXSWR4wqEoVLsmMOD4xIPT4lI1LO6ZCO7PnnWQuLwetnvKlrXx6wCW/A+x+enqslg1YPobi4wEF/EvbzOvcTYdJvl2s4H2yZg2b2ofAVN5WvhWk1HoBAA
ADcustom7: Custom engine code is hT3Nv7hPv1752HrFRa2kROx2f/ECJeZB2AZsLdlO8VwmIuqtT4nIDFXclhg+O+o+DMmQCekbheGk0kK28laA9gaOFDXsQp29J3X615HY1IPHJWd6FUFvCHjO+p1k652b5JJvZlShNpGlGSXAiQe/mEAj6tEBAA
Tricustom8: Custom engine code is hT3Nu7hPt1752DvFRa0kNDiyIV97VyejwM9C/jCLJjdPvusZONHY42VYUy0Q1ZotnhcVtNc56tJ5wbxv6V2+XpdsaSlHck5vfnbYjdwj1OECy9U+7oSQ0SZE3g5ayD+Phuh4odCJTjeKa2k4elM9ldQfkAEA
Gcustom9: Custom engine code is hT3NibhPDfeYQADBZnYcglOvK9Pfd7EOeniIqP8jNsyIqInncipMGcUXqAadachREE9F2PwhBUZUNw5kHnd4JdXkamORRgEA
C2custom10: Custom engine code is hT3NirhPjfWYQADBZnYcglOvK9Pfd7EOeniIqP8jNsyIqInncgkrYMMXCYbdK0dUjZIF9d4cJ0rHoBDjwVLBKuG86XYVV00BAA
AGcustom11: Custom engine code is hT3NirhP/fmYQADBZnYcglOvK9Pfd7EOeniIqP8jNsyIqInnckcwYMMXCYbdK0dUjZIF9d4cJ0rHoBDjwVLBKuHEZnZByh0BAA
Bcustom12: Custom engine code is hT3NjrhPDfiYQADBZnYcglOvK9PfWxFtenjIyBqfrgr7if/jL/yPOuK1BAflEcW0DxNH2eDIoezN2gxlQFg81RZtiWXh7aiTAidvAQA
Ncustom13: Custom engine code is hT3NR7hPByFp3TrFSTLhUmMH4KWtJglTyV/c51BHEeZWamnJv767nE6PCak26bd3gf3XGN3rIRheufhDieCJQVISo+gNYUKhiUedBKGtsP/a18svAnlMJZudHxDFwK5ufsyoxsIyiAeSY2oi3tEuoDHr5gw42DFKAG3PqO3CEsl8Azzdt3pl5nGA1Ifv2H02eYsFzWb/nfp8PMb3F0krE/EgBcm8TD9Div8BAA
0: Finished reduce in 0s
Tricustom14: Custom engine code is hT3Nu7hP3fiYQADBZnYcglNHp9bfd7EOeniIqP/ji8sGLQu8yhsFO+wxJ+O+R0bU8g/IewXFomyos+viQnWc2xYNYmMqpo3i40O7DaZR7qfp4YqNx26KRvQ/qx0BAA
0.0.PRE: Performing Proof Simplification...
0.0.N: clocks: 1, declared: 1, looping: 0, posedge: 1, negedge: 0, noedge: 0, bothedge: 0
0.0.N: Proof Simplification Iteration 1	[0.00 s]
0.0.PRE: A proof was found: No trace exists. [0.00 s]
INFO (IPF057): 0.0.PRE: The property ":noDeadEnd" was proven in 0.00 s.
    Use check_assumptions -show -dead_end to show this property in the property table.
0.0.PRE: A proof was found: No trace exists. [0.00 s]
INFO (IPF057): 0.0.PRE: The property ":noConflict" was proven in 0.00 s.
    Use check_assumptions -show to show this property in the property table.
INFO (IPF047): 0.0.PRE: The cover property ":live" was covered in 1 cycles in 0.00 s.
    Use check_assumptions -show -live to show this property in the property table.
0.0.PRE: Proof Simplification completed in 0.00 s
0: About to start ProofGrid in its own thread with a limit of 10000 pending notifications and a limit of 10 traces.
0: =============================== ProofGrid start ===============================
0: ProofGrid usable level: 1
0: Initial ProofGrid level: 1
0: ProofGrid is starting event handling
0.0.N: Proofgrid shell started at 19006@vlsi-ria85(local) jg_18863_vlsi-ria85_1
0.0.Hp: Proofgrid shell started at 19007@vlsi-ria85(local) jg_18863_vlsi-ria85_1
0.0.N: clocks: 1, declared: 1, looping: 0, posedge: 1, negedge: 0, noedge: 0, bothedge: 0
0.0.Hp: clocks: 1, declared: 1, looping: 0, posedge: 1, negedge: 0, noedge: 0, bothedge: 0
0.0.N: Last scan. Per property time limit: 0s
0.0.N: Starting proof for property "BLINK.p1"	[0.00 s].
0.0.N: Trace Attempt  1	[0.00 s]
0.0.N: Trace Attempt  2	[0.00 s]
0.0.N: Trace Attempt  2	[0.00 s]
0.0.Hp: Last scan. Per property time limit: 0s
0.0.Hp: Trace Attempt  1	[0.00 s]
0.0.Hp: Trace Attempt  2	[0.00 s]
0.0.N: Trace Attempt  3	[0.00 s]
0.0.Hp: Trace Attempt  3	[0.00 s]
0.0.Hp: Trace Attempt  4	[0.00 s]
0.0.Hp: Trace Attempt  5	[0.00 s]
0.0.N: Trace Attempt  3	[0.00 s]
0.0.N: Trace Attempt  4	[0.00 s]
0.0.N: Trace Attempt  5	[0.00 s]
0.0.N: Trace Attempt  1	[0.00 s]
0.0.N: Trace Attempt  2	[0.00 s]
0.0.N: Trace Attempt  3	[0.00 s]
0.0.N: Trace Attempt  4	[0.01 s]
0.0.N: Trace Attempt  5	[0.01 s]
0.0.B: Proofgrid shell started at 19070@vlsi-ria85(local) jg_18863_vlsi-ria85_1
0.0.B: clocks: 1, declared: 1, looping: 0, posedge: 1, negedge: 0, noedge: 0, bothedge: 0
0.0.B: Last scan. Per property time limit: 0s
0.0.B: Starting proof for property "BLINK.p1"	[0.00 s].
0.0.AM: Proofgrid shell started at 19072@vlsi-ria85(local) jg_18863_vlsi-ria85_1
0.0.B: Trace Attempt  1	[0.00 s]
0.0.B: Trace Attempt  2	[0.00 s]
0.0.B: Trace Attempt  3	[0.00 s]
0.0.B: Trace Attempt  4	[0.00 s]
0.0.B: Trace Attempt  5	[0.00 s]
0.0.Oh: Proofgrid shell started at 19069@vlsi-ria85(local) jg_18863_vlsi-ria85_1
0.0.AM: clocks: 1, declared: 1, looping: 0, posedge: 1, negedge: 0, noedge: 0, bothedge: 0
0.0.AM: Last scan. Per property time limit: 0s
0.0.AM: Starting proof for property "BLINK.p1"	[0.00 s].
0.0.AM: Trace Attempt  1	[0.00 s]
0.0.AM: Trace Attempt  2	[0.00 s]
0.0.AM: Trace Attempt  3	[0.00 s]
0.0.AM: Trace Attempt  4	[0.00 s]
0.0.AM: Trace Attempt  5	[0.00 s]
0.0.AM: Trace Attempt  1	[0.00 s]
0.0.AM: Trace Attempt  2	[0.00 s]
0.0.AM: Trace Attempt  3	[0.00 s]
0.0.AM: Trace Attempt  4	[0.01 s]
0.0.Oh: clocks: 1, declared: 1, looping: 0, posedge: 1, negedge: 0, noedge: 0, bothedge: 0
0.0.Oh: Reached length limit (2147483647) [0.00 s]
0.0.Oh: Exited with Success (@ 0.06 s)
0.0.Oh: Completed, Restart ignored.
0.0.AM: Trace Attempt  1	[0.02 s]
0.0.AM: Trace Attempt  2	[0.02 s]
0.0.AM: Trace Attempt  3	[0.02 s]
0.0.AM: Trace Attempt  4	[0.02 s]
0.0.AM: Trace Attempt  5	[0.02 s]
0.0.Ht: Proofgrid shell started at 19068@vlsi-ria85(local) jg_18863_vlsi-ria85_1
0.0.Ht: clocks: 1, declared: 1, looping: 0, posedge: 1, negedge: 0, noedge: 0, bothedge: 0
0.0.Ht: Last scan. Per property time limit: 0s
0.0.Ht: Trace Attempt  1	[0.00 s]
0.0.Ht: Trace Attempt  2	[0.00 s]
0.0.Ht: Trace Attempt  3	[0.00 s]
0.0.Ht: Trace Attempt  4	[0.00 s]
0.0.Ht: Trace Attempt  5	[0.00 s]
0.0.AM: Trace Attempt  1	[0.06 s]
0.0.AM: Trace Attempt  2	[0.06 s]
0.0.AM: Trace Attempt  3	[0.06 s]
0.0.AM: Trace Attempt  4	[0.06 s]
0.0.AM: Trace Attempt  5	[0.06 s]
0.0.AM: Trace Attempt  1	[0.17 s]
0.0.AM: Trace Attempt  2	[0.17 s]
0.0.AM: Trace Attempt  3	[0.17 s]
0.0.AM: Trace Attempt  4	[0.17 s]
0.0.AM: Trace Attempt  5	[0.17 s]
0.0.AM: Trace Attempt  1	[0.38 s]
0.0.AM: Trace Attempt  2	[0.38 s]
0.0.AM: Trace Attempt  3	[0.38 s]
0.0.AM: Trace Attempt  4	[0.38 s]
0.0.AM: Trace Attempt  5	[0.38 s]
0.0.AM: Trace Attempt  1	[0.85 s]
0.0.AM: Trace Attempt  2	[0.85 s]
0.0.AM: Trace Attempt  3	[0.85 s]
0.0.AM: Trace Attempt  4	[0.85 s]
0.0.AM: Trace Attempt  5	[0.85 s]
0.0.AM: Trace Attempt  1	[2.60 s]
0.0.AM: Trace Attempt  2	[2.60 s]
0.0.AM: Trace Attempt  3	[2.60 s]
0.0.AM: Trace Attempt  4	[2.60 s]
0.0.AM: Trace Attempt  5	[2.60 s]
0.0.Hp: Trace Attempt 599	[4.01 s]
0.0.B: Trace Attempt 1839	[4.00 s]
0.0.Ht: Trace Attempt 1806	[4.00 s]
0.0.N: Trace Attempt 189	[4.81 s]
0.0.AM: Trace Attempt 384	[6.60 s]
0.0.Hp: Trace Attempt 829	[8.01 s]
0.0.B: Trace Attempt 2517	[8.01 s]
0.0.Ht: Trace Attempt 2468	[8.00 s]
0.0.AM: Trace Attempt  1	[8.05 s]
0.0.AM: Trace Attempt  2	[8.05 s]
0.0.AM: Trace Attempt  3	[8.05 s]
0.0.AM: Trace Attempt  4	[8.06 s]
0.0.AM: Trace Attempt  5	[8.06 s]
0.0.N: Trace Attempt 251	[8.88 s]
0.0.Hp: Trace Attempt 1013	[12.02 s]
0.0.B: Trace Attempt 3071	[12.02 s]
0.0.Ht: Trace Attempt 3010	[12.00 s]
0.0.AM: Trace Attempt 537	[12.11 s]
0.0.N: Trace Attempt 291	[12.89 s]
0.0.Hp: Trace Attempt 1166	[16.03 s]
0.0.B: Trace Attempt 3535	[16.02 s]
0.0.Ht: Trace Attempt 3475	[16.01 s]
0.0.AM: Trace Attempt 646	[16.17 s]
0.0.N: Trace Attempt 307	[17.08 s]
0.0.B: Trace Attempt 3931	[20.02 s]
0.0.Hp: Trace Attempt 1299	[20.05 s]
0.0.Ht: Trace Attempt 3887	[20.01 s]
0.0.AM: Trace Attempt 836	[20.22 s]
0.0.B: Trace Attempt 4303	[24.03 s]
0.0.Hp: Trace Attempt 1419	[24.07 s]
0.0.Ht: Trace Attempt 4247	[24.02 s]
0.0.N: Trace Attempt 317	[24.13 s]
0.0.AM: Trace Attempt 863	[24.23 s]
0.0.B: Trace Attempt 4647	[28.04 s]
0.0.Hp: Trace Attempt 1530	[28.09 s]
0.0.Ht: Trace Attempt 4564	[28.02 s]
0.0.AM: Trace Attempt 880	[28.32 s]
0.0.N: Trace Attempt 322	[28.41 s]
0.0.B: Trace Attempt 4943	[32.04 s]
0.0.Ht: Trace Attempt 4835	[32.03 s]
0.0.Hp: Trace Attempt 1628	[32.10 s]
0.0.AM: Trace Attempt 717	[32.32 s]
0.0.N: Trace Attempt 365	[32.44 s]
0.0.B: Trace Attempt 5217	[36.05 s]
0.0.Ht: Trace Attempt 5086	[36.03 s]
0.0.Hp: Trace Attempt 1719	[36.14 s]
0.0.AM: Trace Attempt 911	[36.34 s]
0.0.N: Trace Attempt 387	[36.87 s]
0.0.AM: Trace Attempt  1	[39.59 s]
0.0.AM: Trace Attempt  2	[39.59 s]
0.0.AM: Trace Attempt  3	[39.59 s]
0.0.AM: Trace Attempt  4	[39.59 s]
0.0.AM: Trace Attempt  5	[39.60 s]
0.0.B: Trace Attempt 5473	[40.05 s]
0.0.Ht: Trace Attempt 5346	[40.04 s]
0.0.Hp: Trace Attempt 1806	[40.14 s]
0.0.N: Trace Attempt 389	[43.86 s]
0.0.AM: Trace Attempt 428	[43.84 s]
0.0.B: Trace Attempt 5738	[44.06 s]
0.0.Ht: Trace Attempt 5624	[44.04 s]
0.0.Hp: Trace Attempt 1894	[44.16 s]
0.0.AM: Trace Attempt 669	[48.01 s]
0.0.B: Trace Attempt 5992	[48.07 s]
0.0.Ht: Trace Attempt 5889	[48.05 s]
0.0.N: Trace Attempt 395	[48.15 s]
0.0.Hp: Trace Attempt 1979	[48.17 s]
0.0.B: Trace Attempt 6236	[52.07 s]
0.0.AM: Trace Attempt 848	[52.07 s]
0.0.Ht: Trace Attempt 6143	[52.06 s]
0.0.Hp: Trace Attempt 2059	[52.18 s]
0.0.N: Trace Attempt 538	[52.21 s]
0.0.B: Trace Attempt 6471	[56.08 s]
0.0.Ht: Trace Attempt 6374	[56.07 s]
0.0.Hp: Trace Attempt 2136	[56.19 s]
0.0.N: Trace Attempt 586	[56.23 s]
0.0.AM: Trace Attempt 1016	[56.22 s]
0.0.B: Trace Attempt 6699	[60.09 s]
0.0.Ht: Trace Attempt 6599	[60.07 s]
0.0.Hp: Trace Attempt 2211	[60.22 s]
0.0.N: Trace Attempt 615	[60.27 s]
0.0.AM: Trace Attempt 1086	[60.29 s]
0.0.B: Trace Attempt 6917	[64.10 s]
0.0.Ht: Trace Attempt 6814	[64.09 s]
0.0.Hp: Trace Attempt 2283	[64.23 s]
0.0.AM: Trace Attempt 1108	[64.33 s]
0.0.N: Trace Attempt 635	[65.27 s]
0.0.B: Trace Attempt 7127	[68.11 s]
0.0.Ht: Trace Attempt 7016	[68.10 s]
0.0.Hp: Trace Attempt 2353	[68.25 s]
0.0.AM: Trace Attempt 1140	[68.38 s]
0.0.B: Trace Attempt 7330	[72.12 s]
0.0.Ht: Trace Attempt 7214	[72.11 s]
0.0.Hp: Trace Attempt 2421	[72.25 s]
0.0.AM: Trace Attempt 1174	[72.46 s]
0.0.N: Trace Attempt 637	[73.04 s]
0.0.B: Trace Attempt 7531	[76.13 s]
0.0.Ht: Trace Attempt 7415	[76.12 s]
0.0.Hp: Trace Attempt 2487	[76.28 s]
0.0.AM: Trace Attempt 1201	[76.51 s]
0.0.N: Trace Attempt 665	[77.81 s]
0.0.B: Trace Attempt 7728	[80.14 s]
0.0.Ht: Trace Attempt 7611	[80.13 s]
0.0.Hp: Trace Attempt 2551	[80.31 s]
0.0.AM: Trace Attempt 1332	[80.68 s]
0.0.N: Trace Attempt 709	[81.84 s]
0.0.B: Trace Attempt 7920	[84.14 s]
0.0.Ht: Trace Attempt 7801	[84.14 s]
0.0.Hp: Trace Attempt 2613	[84.36 s]
0.0.AM: Trace Attempt 1391	[84.71 s]
0.0.N: Trace Attempt 723	[87.15 s]
0.0.B: Trace Attempt 8102	[88.16 s]
0.0.Ht: Trace Attempt 7990	[88.15 s]
0.0.Hp: Trace Attempt 2673	[88.41 s]
0.0.AM: Trace Attempt 1452	[88.75 s]
0.0.N: Trace Attempt 733	[91.90 s]
0.0.B: Trace Attempt 8281	[92.19 s]
0.0.Ht: Trace Attempt 8178	[92.16 s]
0.0.Hp: Trace Attempt 2732	[92.45 s]
0.0.AM: Trace Attempt 1543	[92.77 s]
0.0.B: Trace Attempt 8458	[96.19 s]
0.0.Ht: Trace Attempt 8306	[96.17 s]
0.0.N: Trace Attempt 744	[96.42 s]
0.0.Hp: Trace Attempt 2790	[96.51 s]
0.0.AM: Trace Attempt 1601	[96.78 s]
0.0.B: Trace Attempt 8634	[100.19 s]
0.0.Ht: Trace Attempt 8432	[100.20 s]
0.0.Hp: Trace Attempt 2847	[100.55 s]
0.0.N: Trace Attempt 945	[100.59 s]
0.0.AM: Trace Attempt 1629	[100.86 s]
0.0.B: Trace Attempt 8802	[104.20 s]
0.0.Ht: Trace Attempt 8578	[104.20 s]
0.0.Hp: Trace Attempt 2902	[104.60 s]
0.0.N: Trace Attempt 1003	[104.67 s]
0.0.AM: Trace Attempt 1649	[104.94 s]
0.0.B: Trace Attempt 8968	[108.21 s]
0.0.Ht: Trace Attempt 8718	[108.20 s]
0.0.Hp: Trace Attempt 2956	[108.61 s]
0.0.N: Trace Attempt 1071	[109.38 s]
0.0.AM: Trace Attempt 1666	[110.48 s]
0.0.B: Trace Attempt 9127	[112.23 s]
0.0.Ht: Trace Attempt 8839	[112.23 s]
0.0.Hp: Trace Attempt 3009	[112.68 s]
0.0.N: Trace Attempt 1213	[113.39 s]
0.0.AM: Trace Attempt 1675	[114.62 s]
0.0.B: Trace Attempt 9286	[116.24 s]
0.0.Ht: Trace Attempt 8961	[116.25 s]
0.0.Hp: Trace Attempt 3061	[116.72 s]
0.0.N: Trace Attempt 1306	[117.66 s]
0.0.AM: Trace Attempt 1688	[118.67 s]
0.0.B: Trace Attempt 9445	[120.25 s]
0.0.Ht: Trace Attempt 9099	[120.27 s]
0.0.Hp: Trace Attempt 3112	[120.75 s]
0.0.N: Trace Attempt 1313	[121.80 s]
0.0.B: Trace Attempt 9600	[124.27 s]
0.0.Ht: Trace Attempt 9237	[124.28 s]
0.0.Hp: Trace Attempt 3162	[124.80 s]
0.0.N: Trace Attempt 1544	[126.47 s]
0.0.B: Trace Attempt 9753	[128.29 s]
0.0.Ht: Trace Attempt 9403	[128.30 s]
0.0.Hp: Trace Attempt 3212	[128.87 s]
0.0.N: Trace Attempt 1625	[130.63 s]
0.0.B: Trace Attempt 9904	[132.31 s]
0.0.Ht: Trace Attempt 9567	[132.30 s]
0.0.Hp: Trace Attempt 3261	[132.91 s]
0.0.N: Trace Attempt 1685	[134.73 s]
0.0.AM: Trace Attempt 1690	[136.16 s]
0.0.B: Trace Attempt 10052	[136.31 s]
0.0.Ht: Trace Attempt 9729	[136.31 s]
0.0.Hp: Trace Attempt 3307	[136.96 s]
0.0.N: Trace Attempt 1726	[139.22 s]
0.0.B: Trace Attempt 10196	[140.33 s]
0.0.Ht: Trace Attempt 9885	[140.32 s]
0.0.Hp: Trace Attempt 3352	[140.99 s]
0.0.AM: Trace Attempt 1695	[141.12 s]
0.0.B: Trace Attempt 10335	[144.34 s]
0.0.Ht: Trace Attempt 10037	[144.33 s]
0.0.Hp: Trace Attempt 3396	[145.06 s]
0.0.N: Trace Attempt 1730	[146.14 s]
0.0.AM: Trace Attempt 1704	[147.24 s]
0.0.B: Trace Attempt 10472	[148.35 s]
0.0.Ht: Trace Attempt 10187	[148.34 s]
0.0.Hp: Trace Attempt 3440	[149.08 s]
0.0.N: Trace Attempt 1976	[150.59 s]
0.0.AM: Trace Attempt 1710	[151.39 s]
0.0.B: Trace Attempt 10606	[152.36 s]
0.0.Ht: Trace Attempt 10327	[152.35 s]
0.0.Hp: Trace Attempt 3485	[153.16 s]
0.0.N: Trace Attempt 2261	[155.03 s]
0.0.AM: Trace Attempt 1715	[155.69 s]
0.0.B: Trace Attempt 10740	[156.37 s]
0.0.Ht: Trace Attempt 10464	[156.37 s]
0.0.Hp: Trace Attempt 3530	[157.25 s]
0.0.N: Trace Attempt 2411	[159.33 s]
0.0.B: Trace Attempt 10872	[160.40 s]
0.0.Ht: Trace Attempt 10600	[160.39 s]
0.0.AM: Trace Attempt 1726	[160.49 s]
0.0.Hp: Trace Attempt 3574	[161.29 s]
0.0.N: Trace Attempt 2478	[163.96 s]
0.0.B: Trace Attempt 11002	[164.43 s]
0.0.Ht: Trace Attempt 10734	[164.42 s]
0.0.AM: Trace Attempt 1735	[164.55 s]
0.0.Hp: Trace Attempt 3617	[165.33 s]
0.0.B: Trace Attempt 11127	[168.44 s]
0.0.Ht: Trace Attempt 10862	[168.44 s]
0.0.N: Trace Attempt 2608	[168.99 s]
0.0.AM: Trace Attempt 1741	[169.24 s]
0.0.Hp: Trace Attempt 3658	[169.34 s]
0.0.B: Trace Attempt 11249	[172.46 s]
0.0.Ht: Trace Attempt 10987	[172.46 s]
0.0.N: Trace Attempt 2671	[173.03 s]
0.0.Hp: Trace Attempt 3700	[173.42 s]
0.0.AM: Trace Attempt 1744	[175.72 s]
0.0.B: Trace Attempt 11373	[176.48 s]
0.0.Ht: Trace Attempt 11114	[176.48 s]
0.0.Hp: Trace Attempt 3742	[177.48 s]
0.0.N: Trace Attempt 2690	[178.88 s]
0.0.AM: Trace Attempt 1754	[180.07 s]
0.0.B: Trace Attempt 11496	[180.51 s]
0.0.Ht: Trace Attempt 11236	[180.49 s]
0.0.Tri: Proofgrid shell started at 23847@vlsi-ria85(local) jg_18863_vlsi-ria85_1
0.0.Tri: clocks: 1, declared: 1, looping: 0, posedge: 1, negedge: 0, noedge: 0, bothedge: 0
0.0.Tri: Last scan. Per property time limit: 0s
0.0.Tri: Starting proof for property "BLINK.p1"	[0.00 s].
0.0.Tri: Trace Attempt  1	[0.00 s]
0.0.B: Trace Attempt 11511	[180.99 s]
0.0.B: Stopped processing property "BLINK.p1"	[181.13 s].
0.0.B: Morphing to Bcustom2
0.0.B: All properties determined. [0.00 s]
0.0.B: Exited with Success (@ 0.00 s)
0.0.Bcustom2: clocks: 1, declared: 1, looping: 0, posedge: 1, negedge: 0, noedge: 0, bothedge: 0
0.0.Bcustom2: Starting proof for property "BLINK.p1"	[0.00 s].
0.0.Bcustom2: Trace Attempt  1	[0.00 s]
0.0.Bcustom2: Trace Attempt  2	[0.00 s]
0.0.Bcustom2: Trace Attempt  1	[0.00 s]
0.0.Bcustom2: Trace Attempt  2	[0.00 s]
0.0.Bcustom2: Trace Attempt  3	[0.00 s]
0.0.Bcustom2: Trace Attempt  4	[0.00 s]
0.0.Bcustom2: Trace Attempt  5	[0.00 s]
0.0.Tri:    0.00" ---- Launching main thread ----
0.0.Tri:    0.07" ---- Launching abstraction thread ----
0.0.Tri:    0.08" ---- Launching multi-phase simplification thread ----
0.0.Tri:    0.12" ---- Launching liveness simplification thread ----
0.0.AM: Trace Attempt 1755	[180.38 s]
0.0.AM: Stopped processing property "BLINK.p1"	[181.39 s].
0.0.AM: Morphing to AMcustom3
0.0.AM: All properties determined. [0.00 s]
0.0.AM: Exited with Success (@ 0.00 s)
0.0.AMcustom3: clocks: 1, declared: 1, looping: 0, posedge: 1, negedge: 0, noedge: 0, bothedge: 0
0.0.AMcustom3: Starting proof for property "BLINK.p1"	[0.00 s].
0.0.AMcustom3: Trace Attempt  1	[0.00 s]
0.0.AMcustom3: Trace Attempt  2	[0.00 s]
0.0.AMcustom3: Trace Attempt  3	[0.00 s]
0.0.AMcustom3: Trace Attempt  4	[0.00 s]
0.0.AMcustom3: Trace Attempt  5	[0.00 s]
0.0.AMcustom3: Trace Attempt  1	[0.00 s]
0.0.AMcustom3: Trace Attempt  2	[0.00 s]
0.0.AMcustom3: Trace Attempt  3	[0.00 s]
0.0.AMcustom3: Trace Attempt  4	[0.01 s]
0.0.AMcustom3: Trace Attempt  1	[0.02 s]
0.0.AMcustom3: Trace Attempt  2	[0.02 s]
0.0.AMcustom3: Trace Attempt  3	[0.02 s]
0.0.AMcustom3: Trace Attempt  4	[0.02 s]
0.0.AMcustom3: Trace Attempt  1	[0.06 s]
0.0.AMcustom3: Trace Attempt  2	[0.06 s]
0.0.AMcustom3: Trace Attempt  3	[0.06 s]
0.0.AMcustom3: Trace Attempt  4	[0.07 s]
0.0.AMcustom3: Trace Attempt  5	[0.07 s]
0.0.N: Trace Attempt 2736	[181.01 s]
0.0.N: Stopped processing property "BLINK.p1"	[181.54 s].
0.0.N: Morphing to Ncustom1
0.0.N: All properties determined. [0.00 s]
0.0.N: Exited with Success (@ 0.00 s)
0.0.Ncustom1: clocks: 1, declared: 1, looping: 0, posedge: 1, negedge: 0, noedge: 0, bothedge: 0
0.0.Ncustom1: Starting proof for property "BLINK.p1"	[0.00 s].
0.0.Ncustom1: Trace Attempt  3	[0.00 s]
0.0.Ncustom1: Trace Attempt  4	[0.00 s]
0.0.Ncustom1: Trace Attempt  5	[0.00 s]
0.0.Ncustom1: Trace Attempt  1	[0.00 s]
0.0.Ncustom1: Trace Attempt  2	[0.00 s]
0.0.Ncustom1: Trace Attempt  3	[0.00 s]
0.0.Ncustom1: Trace Attempt  4	[0.00 s]
0.0.Ncustom1: Trace Attempt  5	[0.01 s]
0.0.Hp: Trace Attempt 3783	[181.54 s]
0.0.AMcustom3: Trace Attempt  1	[0.14 s]
0.0.AMcustom3: Trace Attempt  2	[0.14 s]
0.0.AMcustom3: Trace Attempt  3	[0.14 s]
0.0.AMcustom3: Trace Attempt  4	[0.15 s]
0.0.AMcustom3: Trace Attempt  5	[0.15 s]
0.0.AMcustom3: Trace Attempt  1	[0.53 s]
0.0.AMcustom3: Trace Attempt  2	[0.53 s]
0.0.AMcustom3: Trace Attempt  3	[0.53 s]
0.0.AMcustom3: Trace Attempt  4	[0.54 s]
0.0.AMcustom3: Trace Attempt  5	[0.54 s]
0.0.AMcustom3: Trace Attempt 56	[0.67 s]
0.0.AMcustom3: Stopped processing property "BLINK.p1"	[0.66 s].
0.0.AMcustom3: Morphing to M
0.0.AMcustom3: All properties determined. [0.00 s]
0.0.AMcustom3: Exited with Success (@ 0.00 s)
0.0.M: clocks: 1, declared: 1, looping: 0, posedge: 1, negedge: 0, noedge: 0, bothedge: 0
0.0.Bcustom2: Trace Attempt 1465	[0.94 s]
0.0.Bcustom2: Stopped processing property "BLINK.p1"	[0.96 s].
0.0.Bcustom2: Morphing to D
0.0.Bcustom2: All properties determined. [0.00 s]
0.0.Bcustom2: Exited with Success (@ 0.00 s)
0.0.M: Starting proof for property "BLINK.p1"	[0.00 s].
0.0.M: Trace Attempt  1	[0.00 s]
0.0.M: Trace Attempt  2	[0.00 s]
0.0.M: Trace Attempt  3	[0.00 s]
0.0.M: Trace Attempt  4	[0.00 s]
0.0.M: Trace Attempt  5	[0.01 s]
0.0.D: clocks: 1, declared: 1, looping: 0, posedge: 1, negedge: 0, noedge: 0, bothedge: 0
0.0.D: Starting proof for property "BLINK.p1"	[0.00 s].
0.0.D: Trace Attempt  1	[0.00 s]
0.0.D: Trace Attempt  2	[0.00 s]
0.0.D: Trace Attempt  4	[0.00 s]
0.0.D: Trace Attempt  5	[0.00 s]
0.0.Tri: Stopped processing property "BLINK.p1"	[0.98 s].
0.0.Tri: Morphing to AMcustom5
0.0.Tri: All properties determined. [0.00 s]
0.0.Tri: Exited with Success (@ 0.00 s)
0.0.AMcustom5: clocks: 1, declared: 1, looping: 0, posedge: 1, negedge: 0, noedge: 0, bothedge: 0
0.0.AMcustom5: Starting proof for property "BLINK.p1"	[0.00 s].
0.0.AMcustom5: Trace Attempt  1	[0.00 s]
0.0.AMcustom5: Trace Attempt  2	[0.00 s]
0.0.AMcustom5: Trace Attempt  1	[0.00 s]
0.0.AMcustom5: Trace Attempt  2	[0.00 s]
0.0.AMcustom5: Trace Attempt  3	[0.00 s]
0.0.AMcustom5: Trace Attempt  4	[0.00 s]
0.0.AMcustom5: Trace Attempt  5	[0.00 s]
0.0.AMcustom5: Trace Attempt  1	[0.00 s]
0.0.AMcustom5: Trace Attempt  2	[0.00 s]
0.0.AMcustom5: Trace Attempt  3	[0.00 s]
0.0.AMcustom5: Trace Attempt  4	[0.01 s]
0.0.AMcustom5: Trace Attempt  5	[0.01 s]
0.0.Ncustom1: Trace Attempt 156	[2.66 s]
0.0.Ncustom1: Stopped processing property "BLINK.p1"	[2.94 s].
0.0.Ncustom1: Morphing to Bcustom2
0.0.D: Trace Attempt 129	[1.21 s]
0.0.D: Stopped processing property "BLINK.p1"	[2.36 s].
0.0.D: Morphing to AMcustom3
0.0.D: All properties determined. [0.00 s]
0.0.D: Exited with Success (@ 0.00 s)
0.0.AMcustom3: clocks: 1, declared: 1, looping: 0, posedge: 1, negedge: 0, noedge: 0, bothedge: 0
0.0.AMcustom3: Starting proof for property "BLINK.p1"	[0.00 s].
0.0.AMcustom5: Trace Attempt 123	[2.29 s]
0.0.AMcustom5: Stopped processing property "BLINK.p1"	[2.33 s].
0.0.AMcustom5: Morphing to ADcustom7
0.0.AMcustom5: All properties determined. [0.00 s]
0.0.AMcustom5: Exited with Success (@ 0.00 s)
0.0.AMcustom3: Trace Attempt  1	[0.00 s]
0.0.AMcustom3: Trace Attempt  2	[0.00 s]
0.0.AMcustom3: Trace Attempt  3	[0.00 s]
0.0.AMcustom3: Trace Attempt  4	[0.00 s]
0.0.AMcustom3: Trace Attempt  5	[0.00 s]
0.0.AMcustom3: Trace Attempt  1	[0.00 s]
0.0.AMcustom3: Trace Attempt  2	[0.00 s]
0.0.AMcustom3: Trace Attempt  3	[0.00 s]
0.0.AMcustom3: Trace Attempt  4	[0.01 s]
0.0.ADcustom7: clocks: 1, declared: 1, looping: 0, posedge: 1, negedge: 0, noedge: 0, bothedge: 0
0.0.ADcustom7: Starting proof for property "BLINK.p1"	[0.00 s].
0.0.ADcustom7: Trace Attempt  1	[0.00 s]
0.0.ADcustom7: Trace Attempt  2	[0.00 s]
0.0.ADcustom7: Trace Attempt  1	[0.00 s]
0.0.ADcustom7: Trace Attempt  2	[0.00 s]
0.0.ADcustom7: Trace Attempt  3	[0.00 s]
0.0.ADcustom7: Trace Attempt  4	[0.00 s]
0.0.ADcustom7: Trace Attempt  5	[0.00 s]
0.0.AMcustom3: Trace Attempt  1	[0.02 s]
0.0.AMcustom3: Trace Attempt  2	[0.02 s]
0.0.AMcustom3: Trace Attempt  3	[0.02 s]
0.0.ADcustom7: Trace Attempt  1	[0.00 s]
0.0.ADcustom7: Trace Attempt  2	[0.00 s]
0.0.ADcustom7: Trace Attempt  4	[0.00 s]
0.0.ADcustom7: Trace Attempt  5	[0.01 s]
0.0.AMcustom3: Trace Attempt  4	[0.02 s]
0.0.Ncustom1: All properties determined. [0.00 s]
0.0.Ncustom1: Exited with Success (@ 0.00 s)
0.0.Bcustom2: clocks: 1, declared: 1, looping: 0, posedge: 1, negedge: 0, noedge: 0, bothedge: 0
0.0.Bcustom2: Starting proof for property "BLINK.p1"	[0.00 s].
0.0.Bcustom2: Trace Attempt  1	[0.00 s]
0.0.Bcustom2: Trace Attempt  2	[0.00 s]
0.0.Bcustom2: Trace Attempt  1	[0.00 s]
0.0.Bcustom2: Trace Attempt  2	[0.00 s]
0.0.Bcustom2: Trace Attempt  3	[0.00 s]
0.0.Bcustom2: Trace Attempt  4	[0.00 s]
0.0.Bcustom2: Trace Attempt  5	[0.00 s]
0.0.AMcustom3: Trace Attempt  1	[0.06 s]
0.0.AMcustom3: Trace Attempt  2	[0.06 s]
0.0.AMcustom3: Trace Attempt  3	[0.06 s]
0.0.AMcustom3: Trace Attempt  4	[0.06 s]
0.0.AMcustom3: Trace Attempt  5	[0.06 s]
0.0.Ht: Trace Attempt 11370	[184.51 s]
0.0.AMcustom3: Trace Attempt  1	[0.15 s]
0.0.AMcustom3: Trace Attempt  2	[0.15 s]
0.0.AMcustom3: Trace Attempt  3	[0.15 s]
0.0.AMcustom3: Trace Attempt  4	[0.15 s]
0.0.AMcustom3: Trace Attempt  5	[0.15 s]
0.0.AMcustom3: Trace Attempt  1	[0.56 s]
0.0.AMcustom3: Trace Attempt  2	[0.56 s]
0.0.AMcustom3: Trace Attempt  3	[0.56 s]
0.0.AMcustom3: Trace Attempt  4	[0.56 s]
0.0.AMcustom3: Trace Attempt  5	[0.56 s]
0.0.Hp: Trace Attempt 3825	[185.56 s]
0.0.AMcustom3: Trace Attempt  1	[1.18 s]
0.0.AMcustom3: Trace Attempt  2	[1.18 s]
0.0.AMcustom3: Trace Attempt  3	[1.18 s]
0.0.AMcustom3: Trace Attempt  4	[1.19 s]
0.0.AMcustom3: Trace Attempt  5	[1.19 s]
0.0.M: Trace Attempt 359	[5.39 s]
0.0.AMcustom3: Trace Attempt  1	[3.32 s]
0.0.AMcustom3: Trace Attempt  2	[3.32 s]
0.0.AMcustom3: Trace Attempt  3	[3.32 s]
0.0.AMcustom3: Trace Attempt  4	[3.32 s]
0.0.AMcustom3: Trace Attempt  5	[3.33 s]
0.0.ADcustom7: Trace Attempt 193	[2.63 s]
0.0.ADcustom7: Stopped processing property "BLINK.p1"	[3.65 s].
0.0.ADcustom7: Morphing to Tricustom8
0.0.ADcustom7: All properties determined. [0.00 s]
0.0.ADcustom7: Exited with Success (@ 0.00 s)
0.0.Bcustom2: Trace Attempt 2914	[3.59 s]
0.0.Bcustom2: Stopped processing property "BLINK.p1"	[3.60 s].
0.0.AMcustom3: Trace Attempt 89	[3.65 s]
0.0.AMcustom3: Stopped processing property "BLINK.p1"	[3.66 s].
0.0.AMcustom3: Morphing to D
0.0.AMcustom3: All properties determined. [0.00 s]
0.0.AMcustom3: Exited with Success (@ 0.00 s)
0.0.Tricustom8: clocks: 1, declared: 1, looping: 0, posedge: 1, negedge: 0, noedge: 0, bothedge: 0
0.0.Bcustom2: Morphing to Tri
0.0.Bcustom2: All properties determined. [0.00 s]
0.0.Bcustom2: Exited with Success (@ 0.00 s)
0.0.D: clocks: 1, declared: 1, looping: 0, posedge: 1, negedge: 0, noedge: 0, bothedge: 0
0.0.D: Starting proof for property "BLINK.p1"	[0.00 s].
0.0.Tricustom8: Starting proof for property "BLINK.p1"	[0.00 s].
0.0.Tricustom8: Trace Attempt  1	[0.00 s]
0.0.Tri: clocks: 1, declared: 1, looping: 0, posedge: 1, negedge: 0, noedge: 0, bothedge: 0
0.0.Tri: Starting proof for property "BLINK.p1"	[0.00 s].
0.0.Tri: Trace Attempt  1	[0.00 s]
0.0.D: Trace Attempt 129	[0.01 s]
0.0.Tri:    0.00" ---- Launching main thread ----
0.0.Tri: Requesting engine job to terminate
0.0.D: Requesting engine job to terminate
0.0.M: Requesting engine job to terminate
0.0.Tricustom8: Requesting engine job to terminate
0.0.Hp: Requesting engine job to terminate
0.0.Ht: Requesting engine job to terminate
INFO (IPF144): 0: Initiating shutdown of proof [188.23 s]
0.0.Tricustom8: A proof was found: No trace exists. [0.09 s]
INFO (IPF057): 0.0.Tricustom8: The property "BLINK.p1" was proven in 0.09 s.
0.0.D: Stopped processing property "BLINK.p1"	[0.09 s].
0.0.D: All properties determined. [0.09 s]
0.0.Tri:    0.05" ---- Launching abstraction thread ----
0.0.Tri: Stopped processing property "BLINK.p1"	[0.10 s].
0.0.Tri: All properties determined. [0.10 s]
0.0.Hp: Trace Attempt 3849	[188.16 s]
0.0.Hp: All properties determined. [188.25 s]
0.0.Ht: Trace Attempt 11480	[188.15 s]
0.0.Ht: All properties determined. [188.18 s]
0.0.M: Trace Attempt 390	[5.96 s]
0.0.M: Stopped processing property "BLINK.p1"	[6.14 s].
0.0.M: All properties determined. [6.14 s]
0.0.Tri: Exited with Success (@ 188.26 s)
0: ProofGrid usable level: 0
0.0.D: Exited with Success (@ 188.27 s)
0.0.M: Exited with Success (@ 188.30 s)
0.0.Tricustom8: Stopped processing property "BLINK.p1"	[0.22 s].
0.0.Tricustom8: All properties determined. [0.22 s]
0.0.Tricustom8: Exited with Success (@ 188.36 s)
0.0.Ht: Exited with Success (@ 188.37 s)
0.0.Hp: Exited with Success (@ 188.46 s)
0: --------------------------------------------------------------
ProofGrid Summary (utilization 99.96 %)
--------------------------------------------------------------
     engines started                               :    15
     engine jobs started                           :     7

    Average time in state (seconds)
    ------------------------------------------------------
    Engine  Pending     Running        Dead    Utilization
    ------------------------------------------------------
     Hp        0.03      188.23        0.00       99.98 %
     Ht        0.07      188.16        0.00       99.96 %
     Oh        0.05        0.01        0.00       12.81 %
    Tri        0.03      187.65        0.00       99.98 %
      D        0.03      188.03        0.00       99.98 %
      M        0.04      187.81        0.00       99.98 %
    Tricustom8        0.08        7.03        0.00       98.81 %
    all        0.05      135.28        0.00       99.96 %

    Total time in state (seconds)
    -----------------------------------------
            Pending     Running        Dead  
    -----------------------------------------
               0.34      946.93        0.00

    Data read    : 6.83 MiB
    Data written : 7.79 kiB

0: All pending notifications were processed.
INFO (IPF059): 0: Completed proof on task: "<embedded>"

==============================================================
SUMMARY
==============================================================
           Properties Considered              : 1
                 assertions                   : 1
                  - proven                    : 1 (100%)
                  - bounded_proven (user)     : 0 (0%)
                  - bounded_proven (auto)     : 0 (0%)
                  - marked_proven             : 0 (0%)
                  - cex                       : 0 (0%)
                  - ar_cex                    : 0 (0%)
                  - undetermined              : 0 (0%)
                  - unknown                   : 0 (0%)
                  - error                     : 0 (0%)
                 covers                       : 0
                  - unreachable               : 0
                  - bounded_unreachable (user): 0
                  - covered                   : 0
                  - ar_covered                : 0
                  - undetermined              : 0
                  - unknown                   : 0
                  - error                     : 0
proven
[<embedded>] % exit -force
INFO (IPL005): Received request to exit from the console.
INFO: Waiting for proof threads to stop...
INFO: Proof threads stopped.
INFO (IPL018): The peak resident set memory use for this session was 2.653 GB.
INFO (IPL014): Waiting for the Tcl-thread to exit.
INFO (IPL015): The Tcl-thread exited with status 0.
INFO (IPL016): Exiting the analysis session with status 0.
