2025-11-21 23:46:34.483721 (99963) main____ INFO    ----------------------------------------
2025-11-21 23:46:34.483862 (99963) main____ INFO    Jasper version info
2025-11-21 23:46:34.483877 (99963) main____ INFO      tool      : Jasper 2024.06
2025-11-21 23:46:34.483890 (99963) main____ INFO      version   : 2024.06p002 64 bits
2025-11-21 23:46:34.483901 (99963) main____ INFO      build date: 2024.09.02 16:28:38 UTC
2025-11-21 23:46:34.483908 (99963) main____ INFO    ----------------------------------------
2025-11-21 23:46:34.483915 (99963) main____ INFO    Runtime info:
2025-11-21 23:46:34.483924 (99963) main____ INFO      platform  : Linux 3.10.0-1062.el7.x86_64 x86_64
2025-11-21 23:46:34.483942 (99963) main____ INFO      hostname  : vlsi-moon
2025-11-21 23:46:34.483953 (99963) main____ INFO      pid       : 99963
2025-11-21 23:46:34.483961 (99963) main____ INFO      arguments : '-style' 'windows' '-proj' '../jgprojects/2_gray_11' '-batch' '2_gray_11.tcl'
2025-11-21 23:46:34.483970 (99963) main____ INFO      locale    : ANSI_X3.4-1968
2025-11-21 23:46:34.483977 (99963) main____ INFO    ----------------------------------------
2025-11-21 23:46:34.483983 (99963) main____ INFO    System resource limits info:
2025-11-21 23:46:34.483992 (99963) main____ INFO      virtual memory: unlimited
2025-11-21 23:46:34.484005 (99963) main____ INFO      cpu time      : unlimited
2025-11-21 23:46:34.484021 (99963) main____ INFO      processes     : 4096
2025-11-21 23:46:34.484039 (99963) main____ INFO      stack size    : 8388608 B
2025-11-21 23:46:34.484050 (99963) main____ INFO      core file size: 1024 B
2025-11-21 23:46:34.484060 (99963) main____ INFO      open files    : 4096
2025-11-21 23:46:34.484069 (99963) main____ INFO      file size     : unlimited
2025-11-21 23:46:34.484075 (99963) main____ INFO    ----------------------------------------
2025-11-21 23:46:34.484081 (99963) main____ INFO    Memory statistics:
2025-11-21 23:46:34.484091 (99963) main____ INFO      total physical memory  : 527831204 kB
2025-11-21 23:46:34.484099 (99963) main____ INFO      free physical memory   : 511340500 kB
2025-11-21 23:46:34.484107 (99963) main____ INFO      committed address space: 10030376 kB
2025-11-21 23:46:34.484115 (99963) main____ INFO    ----------------------------------------
2025-11-21 23:46:34.485787 (99963) main____ INFO    Important environment variables:
2025-11-21 23:46:34.485820 (99963) main____ INFO      CDS_ASSURA         : '/eda/cadence/2023-24/RHELx86/ASSURA_04.16.115_231'
2025-11-21 23:46:34.485832 (99963) main____ INFO      CDS_AUTO_64BIT     : 'ALL'
2025-11-21 23:46:34.485843 (99963) main____ INFO      CDS_CONFRML        : '/eda/cadence/2023-24/RHELx86/CONFRML_23.10.300'
2025-11-21 23:46:34.485854 (99963) main____ INFO      CDS_DDIEXPORT      : '/eda/cadence/2023-24/RHELx86/DDIEXPORT_22.33.000'
2025-11-21 23:46:34.485865 (99963) main____ INFO      CDS_EMX            : '/eda/cadence/2023-24/RHELx86/EMX_23.10.000'
2025-11-21 23:46:34.485877 (99963) main____ INFO      CDS_GENUS          : '/eda/cadence/2023-24/RHELx86/DDIEXPORT_22.33.000/GENUS221'
2025-11-21 23:46:34.485888 (99963) main____ INFO      CDS_IC             : '/eda/cadence/2023-24/RHELx86/IC_23.10.020'
2025-11-21 23:46:34.485899 (99963) main____ INFO      CDS_INNOVUS        : '/eda/cadence/2023-24/RHELx86/DDIEXPORT_22.33.000/INNOVUS221'
2025-11-21 23:46:34.485910 (99963) main____ INFO      CDS_JLS            : '/eda/cadence/2023-24/RHELx86/DDIEXPORT_22.33.000/JLS221'
2025-11-21 23:46:34.485926 (99963) main____ INFO      CDS_LIC_FILE       : '/etc/local/cadence/license_8x.3868dd0560aa:5280@132.68.59.69:/etc/local/cadence/license_8x.1831bfb82c67:5280@132.68.59.64:/etc/local/cadence/license_8x.0894ef683fc3:5280@132.68.59.79:/etc/local/cadence/license_8x.1831bfb82c67:5280@132.68.59.61'
2025-11-21 23:46:34.485948 (99963) main____ INFO      CDS_LITMUS         : '/eda/cadence/2023-24/RHELx86/LITMUS_23.10.300'
2025-11-21 23:46:34.485959 (99963) main____ INFO      CDS_MODUS          : '/eda/cadence/2023-24/RHELx86/MODUS_22.12.000'
2025-11-21 23:46:34.485970 (99963) main____ INFO      CDS_MVS            : '/eda/cadence/2023-24/RHELx86/MVS_21.12.000'
2025-11-21 23:46:34.485984 (99963) main____ INFO      CDS_Netlisting_Mode: 'Analog'
2025-11-21 23:46:34.485995 (99963) main____ INFO      CDS_PEGASUS        : '/eda/cadence/2023-24/RHELx86/PEGASUS_23.11.000'
2025-11-21 23:46:34.486005 (99963) main____ INFO      CDS_PEGASUSDFM     : '/eda/cadence/2023-24/RHELx86/PEGASUSDFM_23.11.000'
2025-11-21 23:46:34.486016 (99963) main____ INFO      CDS_PVS            : '/eda/cadence/2023-24/RHELx86/PVS_22.22.000'
2025-11-21 23:46:34.486026 (99963) main____ INFO      CDS_QUANTUS        : '/eda/cadence/2023-24/RHELx86/QUANTUS_23.10.000'
2025-11-21 23:46:34.486037 (99963) main____ INFO      CDS_SPECTRE        : '/eda/cadence/2023-24/RHELx86/SPECTRE_23.10.242'
2025-11-21 23:46:34.486047 (99963) main____ INFO      CDS_SSV            : '/eda/cadence/2023-24/RHELx86/SSV_22.13.000'
2025-11-21 23:46:34.486055 (99963) main____ INFO      CDS_USE_PALETTE    : ''
2025-11-21 23:46:34.486066 (99963) main____ INFO      CDS_VERISIUMDEBUG  : '/eda/cadence/2023-24/RHELx86/VERISIUMDEBUG_23.03.001'
2025-11-21 23:46:34.486077 (99963) main____ INFO      CDS_VIPCAT         : '/eda/cadence/2023-24/RHELx86/VIPCAT_11.30.093'
2025-11-21 23:46:34.486089 (99963) main____ INFO      CDS_VMANAGER       : '/eda/cadence/2023-24/RHELx86/VMANAGER_23.03.004'
2025-11-21 23:46:34.486099 (99963) main____ INFO      CDS_XCELIUM        : '/eda/cadence/2023-24/RHELx86/XCELIUM_23.03.007'
2025-11-21 23:46:34.486109 (99963) main____ INFO      DISPLAY            : 'localhost:11.0'
2025-11-21 23:46:34.486119 (99963) main____ INFO      JASPER_CPU_CHECK   : '1'
2025-11-21 23:46:34.486128 (99963) main____ INFO      JASPER_INSTALL_DIR : '/tools/cadence2425/JASPER/jasper_2024.06p002'
2025-11-21 23:46:34.486137 (99963) main____ INFO      JASPER_KERNEL_CHECK: '1'
2025-11-21 23:46:34.486147 (99963) main____ INFO      JASPER_OS_CHECK    : '1'
2025-11-21 23:46:34.486156 (99963) main____ INFO      LANG               : 'C'
2025-11-21 23:46:34.486165 (99963) main____ INFO      TMPDIR             : '/tmp'
2025-11-21 23:46:34.486172 (99963) main____ INFO    ----------------------------------------
2025-11-21 23:46:34.487387 (99963) lic_core INFO    Initializing license system ...
2025-11-21 23:46:34.497619 (99963) lic_core INFO    ... license system initialized.
2025-11-21 23:46:34.532563 (99963) lic__man INFO    Claim 'fpv' for <ui>.
2025-11-21 23:46:34.532685 (99963) lic_core INFO    (1) checking out 'jasper_fpv' ...
2025-11-21 23:46:34.648287 (99963) lic_core INFO    ... (1) checkout failed (error: -5) ("FLEXnet ERROR(-5, 0, 0): No such feature exists.")
2025-11-21 23:46:34.648356 (99963) lic_core INFO    (2) checking out 'jasper_fao' ...
2025-11-21 23:46:34.669388 (99963) lic_core INFO    ... (2) checkout succeeded
2025-11-21 23:46:34.698088 (99963) session_ INFO    Starting analysis session with session id 'session_0' (launcher: <local>) ...
2025-11-21 23:46:34.700332 (99963) session_ INFO    Analysis session with session id 'session_0' started (pid: 99982)
2025-11-21 23:46:35.639383 (99963) session_ INFO    Analysis session 'session_0' connected to the console (host: 127.0.0.1:54440)
2025-11-21 23:46:36.347179 (99963) lic__man INFO    Unclaim everything for 'session_0'.
2025-11-21 23:46:36.393332 (99963) lic__man INFO    Claim 'fpv' for 'session_0'.
2025-11-21 23:46:36.393388 (99963) lic__man INFO    Claim 'fpv' for 'session_0/prove-0'.
