2025-11-17 20:37:38.208217 (20666) main____ INFO    ----------------------------------------
2025-11-17 20:37:38.208259 (20666) main____ INFO    Jasper version info
2025-11-17 20:37:38.208263 (20666) main____ INFO      tool      : Jasper 2024.06
2025-11-17 20:37:38.208267 (20666) main____ INFO      version   : 2024.06p002 64 bits
2025-11-17 20:37:38.208270 (20666) main____ INFO      build date: 2024.09.02 16:28:38 UTC
2025-11-17 20:37:38.208272 (20666) main____ INFO    ----------------------------------------
2025-11-17 20:37:38.208273 (20666) main____ INFO    Runtime info:
2025-11-17 20:37:38.208276 (20666) main____ INFO      platform  : Linux 3.10.0-1160.62.1.el7.x86_64 x86_64
2025-11-17 20:37:38.208281 (20666) main____ INFO      hostname  : vlsi-ria84
2025-11-17 20:37:38.208285 (20666) main____ INFO      pid       : 20666
2025-11-17 20:37:38.208287 (20666) main____ INFO      arguments : '-style' 'windows' '-proj' '../jgprojects/gray_11' '-batch' 'gray_11.tcl'
2025-11-17 20:37:38.208290 (20666) main____ INFO      locale    : ANSI_X3.4-1968
2025-11-17 20:37:38.208291 (20666) main____ INFO    ----------------------------------------
2025-11-17 20:37:38.208293 (20666) main____ INFO    System resource limits info:
2025-11-17 20:37:38.208296 (20666) main____ INFO      virtual memory: unlimited
2025-11-17 20:37:38.208300 (20666) main____ INFO      cpu time      : unlimited
2025-11-17 20:37:38.208305 (20666) main____ INFO      processes     : 4096
2025-11-17 20:37:38.208310 (20666) main____ INFO      stack size    : 8388608 B
2025-11-17 20:37:38.208314 (20666) main____ INFO      core file size: 1024 B
2025-11-17 20:37:38.208316 (20666) main____ INFO      open files    : 4096
2025-11-17 20:37:38.208319 (20666) main____ INFO      file size     : unlimited
2025-11-17 20:37:38.208320 (20666) main____ INFO    ----------------------------------------
2025-11-17 20:37:38.208322 (20666) main____ INFO    Memory statistics:
2025-11-17 20:37:38.208324 (20666) main____ INFO      total physical memory  : 65711068 kB
2025-11-17 20:37:38.208327 (20666) main____ INFO      free physical memory   : 42387624 kB
2025-11-17 20:37:38.208329 (20666) main____ INFO      committed address space: 28085464 kB
2025-11-17 20:37:38.208330 (20666) main____ INFO    ----------------------------------------
2025-11-17 20:37:38.208871 (20666) main____ INFO    Important environment variables:
2025-11-17 20:37:38.208883 (20666) main____ INFO      CDS_ASSURA         : '/eda/cadence/2023-24/RHELx86/ASSURA_04.16.115_231'
2025-11-17 20:37:38.208887 (20666) main____ INFO      CDS_AUTO_64BIT     : 'ALL'
2025-11-17 20:37:38.208890 (20666) main____ INFO      CDS_CONFRML        : '/eda/cadence/2023-24/RHELx86/CONFRML_23.10.300'
2025-11-17 20:37:38.208893 (20666) main____ INFO      CDS_DDIEXPORT      : '/eda/cadence/2023-24/RHELx86/DDIEXPORT_22.33.000'
2025-11-17 20:37:38.208897 (20666) main____ INFO      CDS_EMX            : '/eda/cadence/2023-24/RHELx86/EMX_23.10.000'
2025-11-17 20:37:38.208900 (20666) main____ INFO      CDS_GENUS          : '/eda/cadence/2023-24/RHELx86/DDIEXPORT_22.33.000/GENUS221'
2025-11-17 20:37:38.208903 (20666) main____ INFO      CDS_IC             : '/eda/cadence/2023-24/RHELx86/IC_23.10.020'
2025-11-17 20:37:38.208906 (20666) main____ INFO      CDS_INNOVUS        : '/eda/cadence/2023-24/RHELx86/DDIEXPORT_22.33.000/INNOVUS221'
2025-11-17 20:37:38.208910 (20666) main____ INFO      CDS_JLS            : '/eda/cadence/2023-24/RHELx86/DDIEXPORT_22.33.000/JLS221'
2025-11-17 20:37:38.208914 (20666) main____ INFO      CDS_LIC_FILE       : '/etc/local/cadence/license_8x.3868dd0560aa:5280@132.68.59.69:/etc/local/cadence/license_8x.1831bfb82c67:5280@132.68.59.64:/etc/local/cadence/license_8x.0894ef683fc3:5280@132.68.59.79:/etc/local/cadence/license_8x.1831bfb82c67:5280@132.68.59.61'
2025-11-17 20:37:38.208921 (20666) main____ INFO      CDS_LITMUS         : '/eda/cadence/2023-24/RHELx86/LITMUS_23.10.300'
2025-11-17 20:37:38.208924 (20666) main____ INFO      CDS_MODUS          : '/eda/cadence/2023-24/RHELx86/MODUS_22.12.000'
2025-11-17 20:37:38.208927 (20666) main____ INFO      CDS_MVS            : '/eda/cadence/2023-24/RHELx86/MVS_21.12.000'
2025-11-17 20:37:38.208932 (20666) main____ INFO      CDS_Netlisting_Mode: 'Analog'
2025-11-17 20:37:38.208935 (20666) main____ INFO      CDS_PEGASUS        : '/eda/cadence/2023-24/RHELx86/PEGASUS_23.11.000'
2025-11-17 20:37:38.208938 (20666) main____ INFO      CDS_PEGASUSDFM     : '/eda/cadence/2023-24/RHELx86/PEGASUSDFM_23.11.000'
2025-11-17 20:37:38.208941 (20666) main____ INFO      CDS_PVS            : '/eda/cadence/2023-24/RHELx86/PVS_22.22.000'
2025-11-17 20:37:38.208944 (20666) main____ INFO      CDS_QUANTUS        : '/eda/cadence/2023-24/RHELx86/QUANTUS_23.10.000'
2025-11-17 20:37:38.208947 (20666) main____ INFO      CDS_SPECTRE        : '/eda/cadence/2023-24/RHELx86/SPECTRE_23.10.242'
2025-11-17 20:37:38.208950 (20666) main____ INFO      CDS_SSV            : '/eda/cadence/2023-24/RHELx86/SSV_22.13.000'
2025-11-17 20:37:38.208953 (20666) main____ INFO      CDS_USE_PALETTE    : ''
2025-11-17 20:37:38.208956 (20666) main____ INFO      CDS_VERISIUMDEBUG  : '/eda/cadence/2023-24/RHELx86/VERISIUMDEBUG_23.03.001'
2025-11-17 20:37:38.208959 (20666) main____ INFO      CDS_VIPCAT         : '/eda/cadence/2023-24/RHELx86/VIPCAT_11.30.093'
2025-11-17 20:37:38.208963 (20666) main____ INFO      CDS_VMANAGER       : '/eda/cadence/2023-24/RHELx86/VMANAGER_23.03.004'
2025-11-17 20:37:38.208966 (20666) main____ INFO      CDS_XCELIUM        : '/eda/cadence/2023-24/RHELx86/XCELIUM_23.03.007'
2025-11-17 20:37:38.208969 (20666) main____ INFO      DISPLAY            : 'localhost:11.0'
2025-11-17 20:37:38.208971 (20666) main____ INFO      JASPER_CPU_CHECK   : '1'
2025-11-17 20:37:38.208974 (20666) main____ INFO      JASPER_INSTALL_DIR : '/tools/cadence2425/JASPER/jasper_2024.06p002'
2025-11-17 20:37:38.208977 (20666) main____ INFO      JASPER_KERNEL_CHECK: '1'
2025-11-17 20:37:38.208979 (20666) main____ INFO      JASPER_OS_CHECK    : '1'
2025-11-17 20:37:38.208982 (20666) main____ INFO      LANG               : 'C'
2025-11-17 20:37:38.208985 (20666) main____ INFO      TMPDIR             : '/tmp'
2025-11-17 20:37:38.208986 (20666) main____ INFO    ----------------------------------------
2025-11-17 20:37:38.209380 (20666) lic_core INFO    Initializing license system ...
2025-11-17 20:37:38.213487 (20666) lic_core INFO    ... license system initialized.
2025-11-17 20:37:38.221265 (20666) lic__man INFO    Claim 'fpv' for <ui>.
2025-11-17 20:37:38.221297 (20666) lic_core INFO    (1) checking out 'jasper_fpv' ...
2025-11-17 20:37:38.346049 (20666) lic_core INFO    ... (1) checkout failed (error: -5) ("FLEXnet ERROR(-5, 0, 0): No such feature exists.")
2025-11-17 20:37:38.346068 (20666) lic_core INFO    (2) checking out 'jasper_fao' ...
2025-11-17 20:37:38.356028 (20666) lic_core INFO    ... (2) checkout succeeded
2025-11-17 20:37:38.381916 (20666) session_ INFO    Starting analysis session with session id 'session_0' (launcher: <local>) ...
2025-11-17 20:37:38.382543 (20666) session_ INFO    Analysis session with session id 'session_0' started (pid: 20692)
2025-11-17 20:37:38.958894 (20666) session_ INFO    Analysis session 'session_0' connected to the console (host: 127.0.0.1:56128)
2025-11-17 20:37:39.484649 (20666) lic__man INFO    Unclaim everything for 'session_0'.
2025-11-17 20:37:39.527083 (20666) lic__man INFO    Claim 'fpv' for 'session_0'.
2025-11-17 20:37:39.527097 (20666) lic__man INFO    Claim 'fpv' for 'session_0/prove-0'.
2025-11-17 20:40:42.012775 (20666) lic__man INFO    Unclaim everything for 'session_0/prove-0'.
2025-11-17 20:40:42.015098 (20666) main____ INFO    About to exit: request to exit with status 0 received from analysis session 'session_0'
2025-11-17 20:40:42.080932 (20666) session_ INFO    Analysis session 'session_0' disconnected.
2025-11-17 20:40:42.080993 (20666) lic__man INFO    Unclaim everything for 'session_0'.
2025-11-17 20:40:42.081072 (20666) session_ INFO    Process for analysis session 'session_0' has exited with exit status '0'.
2025-11-17 20:40:43.916756 (20666) lic_core INFO    (2) checkin jasper_fao
2025-11-17 20:40:48.356380 (20666) main____ INFO    Exiting with status 0.
