# ----------------------------------------
# Jasper Version Info
# tool      : Jasper 2024.06
# platform  : Linux 3.10.0-1062.el7.x86_64
# version   : 2024.06p002 64 bits
# build date: 2024.09.02 16:28:38 UTC
# ----------------------------------------
# started   : 2025-11-20 14:16:51 IST
# hostname  : vlsi-moon.vlsidomain
# pid       : 96210
# arguments : '-label' 'session_0' '-console' '//127.0.0.1:44570' '-nowindow' '-style' 'windows' '-exitonerror' '-data' 'AAAAynicY2RgYLCp////PwMYMD6A0Aw2jAyoAMRnQhUJbEChGRhYYZphSliAmItBl6GAoYghnyELyNNi0ANCfSA7HS6aypDMUMJQDBQ1ZIhnyGQwAvLjGSyAqnmAepMYEoGyyQwZQL4Ymgo9sEwO2C4A47EV4Q==' '-proj' '/users/rompel/jasper_executions/safety_liveness/jgprojects/1_i2c_8/sessionLogs/session_0' '-init' '-hidden' '/users/rompel/jasper_executions/safety_liveness/jgprojects/1_i2c_8/.tmp/.initCmds.tcl' '1_i2c_8.tcl' '-hidden' '/users/rompel/jasper_executions/safety_liveness/jgprojects/1_i2c_8/.tmp/.postCmds.tcl'

Any disclosure about the Cadence Design Systems software or its use
model to any third party violates the written Non-Disclosure Agreement
between Cadence Design Systems, Inc. and the customer.

THIS SOFTWARE CONTAINS CONFIDENTIAL INFORMATION AND TRADE SECRETS OF
CADENCE DESIGN SYSTEMS, INC. USE, DISCLOSURE, OR REPRODUCTION IS
PROHIBITED WITHOUT THE PRIOR EXPRESS WRITTEN PERMISSION OF CADENCE
DESIGN SYSTEMS, INC.

Copyright (C) 2000-2024 Cadence Design Systems, Inc. All Rights
Reserved.  Unpublished -- rights reserved under the copyright laws of
the United States.

This product includes software developed by others and redistributed
according to license agreement. See doc/third_party_readme.txt for
further details.

RESTRICTED RIGHTS LEGEND

Use, duplication, or disclosure by the Government is subject to
restrictions as set forth in subparagraph (c) (1) (ii) of the Rights in
Technical Data and Computer Software clause at DFARS 252.227-7013 or
subparagraphs (c) (1) and (2) of Commercial Computer Software -- Restricted
Rights at 48 CFR 52.227-19, as applicable.


                          Cadence Design Systems, Inc.
                          2655 Seely Avenue
                          San Jose, CA 95134
                          Phone: 408.943.1234

For technical assistance visit http://support.cadence.com.

Jasper Apps Analysis Session - /users/rompel/jasper_executions/safety_liveness/jgprojects/1_i2c_8/sessionLogs/session_0

WARNING (WG017): [session]: The system's locale is "ANSI_X3.4-1968", which is not UTF-8. Non-ASCII characters might not be handled correctly.
WARNING (WG017): [jg_console]: The system's locale is "ANSI_X3.4-1968", which is not UTF-8. Non-ASCII characters might not be handled correctly.
INFO: successfully checked out license "jasper_fao".
INFO: reading configuration file "/users/rompel/.config/cadence/jasper.conf".
% analyze -sv09 ../1_i2c_8.sv
[-- (VERI-1482)] Analyzing Verilog file '/tools/cadence2425/JASPER/jasper_2024.06p002/lib/verilog/packages/std/std.sv' into library 'std'
[-- (VERI-1482)] Analyzing Verilog file '../1_i2c_8.sv'
% elaborate -bbox_mul 1000000 -bbox_div 1000000 -bbox_mod 1000000 -bbox_a 1000000
[INFO (HIER-8002)] ../1_i2c_8.sv(43): Disabling old hierarchical reference handler
[INFO (VERI-1018)] ../1_i2c_8.sv(1): compiling module 'i2cStrech'
[WARN (VERI-1209)] ../1_i2c_8.sv(15): expression size 32 truncated to fit in target size 14
[INFO (VERI-8005)] ../1_i2c_8.sv(6): Unintentional sequential element inferred for stretch read before write using blocking assignment
[INFO (VERI-8005)] ../1_i2c_8.sv(4): Unintentional sequential element inferred for cnt read before write using blocking assignment
[INFO (VERI-8005)] ../1_i2c_8.sv(5): Unintentional sequential element inferred for scl_clk read before write using blocking assignment
[INFO (VERI-8005)] ../1_i2c_8.sv(1): Unintentional sequential element inferred for data_clk read before write using blocking assignment
[INFO (VERI-8005)] ../1_i2c_8.sv(1): Unintentional sequential element inferred for switch_range read before write using blocking assignment
INFO (ISW003): Top module name is "i2cStrech".
INFO (INL208): Elaboration synthesis summary:
  Number of synthesized netlists          1 (0 packages)
  Single run mode                         On
  Pipeline                                On (1 pipelined netlists)
  Late hierarchical reference connection  On
  Number of analyzed Verilog modules      1 (1 synthesized)
  Number of analyzed VHDL entities        0 (0 synthesized)
INFO (INL003): Clearing all state information (assumes, stopats, and so forth).
i2cStrech
[<embedded>] % reset rst
INFO (IPM031): Clearing proof results of all properties.
INFO (IRS006): Current reset condition is "rst".
[<embedded>] % clock clk
[<embedded>] % prove -all
Ncustom1: Custom engine code is hT3Ng7hPPfiYQOTDZ3qhYOwGAM51eA+J/FjkM5shLioAsqhgLR4Ft+O1BuKG6ilQ83B9tLXSl+CwjiTMAQA
Bcustom2: Custom engine code is hT3Nm7hPr1Vp3Di1Ra2USNIGL4JypRnLKLAdF6JAyuavO2JfGCiY9OZJhcAcOUnLx5xwNdhILGrAWX9s+z2WDkKwNR7tAfClBEjRFVQeq6DU54boFgEA
AMcustom3: Custom engine code is hT3Ng7hP/feYQOTDZ3qhYOwGAM51eA+J/FjkM5shLioAsqhgLR4Ft+O1BuKG6ilQ83B9tLXSmmqwm7g9AQA
Mpcustom4: Custom engine code is hT3NZbhP9fmY2AbBQnsjfOxn6c+6e6yL+/e8fZFmaQrnlgEA
INFO (IPF036): Starting proof on task: "<embedded>", 2 properties to prove with 0 already proven/unreachable
INFO (IRS029): Starting reset analysis: phase 1 of 4.
INFO (IRS030): Running reset analysis: phase 2 of 4.
INFO (IRS031): Running reset analysis: phase 3 of 4.
INFO (IRS020): Starting the reset analysis simulation with a limit of 100 iterations (phase 4 of 4).
INFO (IRS024): Reset iterations 0 to 4 analyzed.
INFO (IRS018): Reset analysis simulation executed for 3 iterations. Assigned values for 18 of 18 design flops, 0 of 0 design latches, 6 of 6 internal elements.
INFO (IRS039): Reset analysis complete.
INFO (IPF031): Settings used for proof thread 0:
    orchestration                 = on
    time_limit                    = 86400s
    per_property_time_limit       = 1s * 10 ^ scan
    engine_mode                   = auto
    proofgrid_per_engine_max_jobs = 1
    max engine jobs               = auto
    proofgrid_mode                = local
    proofgrid_restarts            = 10
0: Using multistage preprocessing
0: Starting reduce
AMcustom5: Custom engine code is hT3N1rhP11/52HrFRS21ROp2LOjVTgPvT8L8BGXHgLhaIuqtT4nARFjUqrBL+7pLmaTOzBepZW/Jm8SSrHDybSQtoNiO3y43wk+dEoWlsZizu97Fih6O6lPVG/LpWP5SsUPwlGagLNa1FKEFvwVXyX7//8prySbvSxIHXr5er+z4RAEA
Ncustom6: Custom engine code is hT3OXrhPByJp3TrFSTLhUmMH4KVtJgmTCnNDF46yMXOKY48m4LS5nE7yBzFjA7kDuwO/GhGUpEPiky3p3wmPn3dJZHxFMsafSoObRzSC+tn7sEY0WbTdZ/FV4hL3MYH/b1CIUvXSWR4wqEoVLsmMOD4xIPT4lI1LO6ZCO7PnnWQuLwetnvKlrXx6wCW/A+x+enqslg1YPobi4wEF/EvbzOvcTYdJvl2s4H2yZg2b2ofAVN5WvhWk1HoBAA
0: Finished reduce in 0s
ADcustom7: Custom engine code is hT3Nv7hPv1752HrFRa2kROx2f/ECJeZB2AZsLdlO8VwmIuqtT4nIDFXclhg+O+o+DMmQCekbheGk0kK28laA9gaOFDXsQp29J3X615HY1IPHJWd6FUFvCHjO+p1k652b5JJvZlShNpGlGSXAiQe/mEAj6tEBAA
Tricustom8: Custom engine code is hT3Nu7hPt1752DvFRa0kNDiyIV97VyejwM9C/jCLJjdPvusZONHY42VYUy0Q1ZotnhcVtNc56tJ5wbxv6V2+XpdsaSlHck5vfnbYjdwj1OECy9U+7oSQ0SZE3g5ayD+Phuh4odCJTjeKa2k4elM9ldQfkAEA
Gcustom9: Custom engine code is hT3NibhPDfeYQADBZnYcglOvK9Pfd7EOeniIqP8jNsyIqInncipMGcUXqAadachREE9F2PwhBUZUNw5kHnd4JdXkamORRgEA
C2custom10: Custom engine code is hT3NirhPjfWYQADBZnYcglOvK9Pfd7EOeniIqP8jNsyIqInncgkrYMMXCYbdK0dUjZIF9d4cJ0rHoBDjwVLBKuG86XYVV00BAA
AGcustom11: Custom engine code is hT3NirhP/fmYQADBZnYcglOvK9Pfd7EOeniIqP8jNsyIqInnckcwYMMXCYbdK0dUjZIF9d4cJ0rHoBDjwVLBKuHEZnZByh0BAA
0.0.PRE: Performing Proof Simplification...
Bcustom12: Custom engine code is hT3NjrhPDfiYQADBZnYcglOvK9PfWxFtenjIyBqfrgr7if/jL/yPOuK1BAflEcW0DxNH2eDIoezN2gxlQFg81RZtiWXh7aiTAidvAQA
0.0.N: clocks: 1, declared: 1, looping: 0, posedge: 1, negedge: 0, noedge: 0, bothedge: 0
Ncustom13: Custom engine code is hT3NR7hPByFp3TrFSTLhUmMH4KWtJglTyV/c51BHEeZWamnJv767nE6PCak26bd3gf3XGN3rIRheufhDieCJQVISo+gNYUKhiUedBKGtsP/a18svAnlMJZudHxDFwK5ufsyoxsIyiAeSY2oi3tEuoDHr5gw42DFKAG3PqO3CEsl8Azzdt3pl5nGA1Ifv2H02eYsFzWb/nfp8PMb3F0krE/EgBcm8TD9Div8BAA
0.0.N: Proof Simplification Iteration 1	[0.00 s]
Tricustom14: Custom engine code is hT3Nu7hP3fiYQADBZnYcglNHp9bfd7EOeniIqP/ji8sGLQu8yhsFO+wxJ+O+R0bU8g/IewXFomyos+viQnWc2xYNYmMqpo3i40O7DaZR7qfp4YqNx26KRvQ/qx0BAA
0.0.PRE: A trace with 1 cycles was found. [0.00 s]
INFO (IPF047): 0.0.PRE: The cover property "i2cStrech.p1:precondition1" was covered in 1 cycles in 0.00 s.
0.0.N: Proof Simplification Iteration 2	[0.03 s]
0.0.N: Proof Simplification Iteration 3	[0.03 s]
0.0.PRE: A proof was found: No trace exists. [0.00 s]
INFO (IPF057): 0.0.PRE: The property ":noDeadEnd" was proven in 0.00 s.
    Use check_assumptions -show -dead_end to show this property in the property table.
0.0.PRE: A proof was found: No trace exists. [0.00 s]
INFO (IPF057): 0.0.PRE: The property ":noConflict" was proven in 0.00 s.
    Use check_assumptions -show to show this property in the property table.
INFO (IPF047): 0.0.PRE: The cover property ":live" was covered in 1 cycles in 0.00 s.
    Use check_assumptions -show -live to show this property in the property table.
0.0.PRE: Proof Simplification completed in 0.03 s
0: About to start ProofGrid in its own thread with a limit of 10000 pending notifications and a limit of 10 traces.
0: =============================== ProofGrid start ===============================
0: ProofGrid usable level: 1
0: Initial ProofGrid level: 1
0: ProofGrid is starting event handling
0.0.Hp: Proofgrid shell started at 96279@vlsi-moon(local) jg_96210_vlsi-moon_1
0.0.N: Proofgrid shell started at 96278@vlsi-moon(local) jg_96210_vlsi-moon_1
0.0.Hp: clocks: 1, declared: 1, looping: 0, posedge: 1, negedge: 0, noedge: 0, bothedge: 0
0.0.Hp: Last scan. Per property time limit: 0s
0.0.N: clocks: 1, declared: 1, looping: 0, posedge: 1, negedge: 0, noedge: 0, bothedge: 0
0.0.N: Last scan. Per property time limit: 0s
0.0.N: Starting proof for property "i2cStrech.p1"	[0.00 s].
0.0.Hp: Trace Attempt  1	[0.00 s]
0.0.Hp: Trace Attempt  2	[0.00 s]
0.0.Hp: Trace Attempt  3	[0.00 s]
0.0.N: Trace Attempt  1	[0.00 s]
0.0.N: Trace Attempt  2	[0.00 s]
0.0.Hp: Trace Attempt  4	[0.00 s]
0.0.Hp: Trace Attempt  5	[0.01 s]
0.0.N: Trace Attempt  2	[0.00 s]
0.0.N: Trace Attempt  3	[0.01 s]
0.0.N: Trace Attempt  3	[0.01 s]
0.0.N: Trace Attempt  4	[0.01 s]
0.0.N: Trace Attempt  5	[0.01 s]
0.0.N: Trace Attempt  1	[0.03 s]
0.0.N: Trace Attempt  2	[0.03 s]
0.0.N: Trace Attempt  3	[0.03 s]
0.0.N: Trace Attempt  4	[0.03 s]
0.0.N: Trace Attempt  5	[0.04 s]
0.0.Bm: Proofgrid shell started at 96311@vlsi-moon(local) jg_96210_vlsi-moon_1
0.0.Bm: clocks: 1, declared: 1, looping: 0, posedge: 1, negedge: 0, noedge: 0, bothedge: 0
0.0.Bm: Ignoring liveness properties
0.0.Bm: Last scan. Per property time limit: 0s
0.0.Bm: Trace Attempt  1	[0.00 s]
0.0.Bm: Trace Attempt  2	[0.00 s]
0.0.Bm: Trace Attempt  3	[0.00 s]
0.0.Bm: Trace Attempt  4	[0.00 s]
0.0.Bm: Trace Attempt  5	[0.00 s]
0.0.Mpcustom4: Proofgrid shell started at 96312@vlsi-moon(local) jg_96210_vlsi-moon_1
0.0.Mpcustom4: clocks: 1, declared: 1, looping: 0, posedge: 1, negedge: 0, noedge: 0, bothedge: 0
0.0.Mpcustom4: Ignoring liveness properties
0.0.AM: Proofgrid shell started at 96316@vlsi-moon(local) jg_96210_vlsi-moon_1
0.0.Ht: Proofgrid shell started at 96310@vlsi-moon(local) jg_96210_vlsi-moon_1
0.0.Mpcustom4: All properties either determined or skipped. [0.00 s]
0.0.L: Proofgrid shell started at 96314@vlsi-moon(local) jg_96210_vlsi-moon_1
0.0.Ht: clocks: 1, declared: 1, looping: 0, posedge: 1, negedge: 0, noedge: 0, bothedge: 0
0.0.AM: clocks: 1, declared: 1, looping: 0, posedge: 1, negedge: 0, noedge: 0, bothedge: 0
0.0.L: clocks: 1, declared: 1, looping: 0, posedge: 1, negedge: 0, noedge: 0, bothedge: 0
0.0.Ht: Last scan. Per property time limit: 0s
0.0.AM: Last scan. Per property time limit: 0s
0.0.AM: Starting proof for property "i2cStrech.p1"	[0.00 s].
0.0.L: Using trace diversification with seed 1 (0.05)
0.0.L: Using LRU state removal heuristic
0.0.L: Ignoring liveness properties
0.0.L: All properties either determined or skipped. [0.00 s]
0.0.Ht: Trace Attempt  1	[0.00 s]
0.0.Mpcustom4: Exited with Success (@ 0.07 s)
0.0.Mpcustom4: Completed, Restart ignored.
0.0.AM: Trace Attempt  1	[0.00 s]
0.0.Ht: Trace Attempt  2	[0.00 s]
0.0.Ht: Trace Attempt  3	[0.00 s]
0.0.Ht: Trace Attempt  4	[0.00 s]
0.0.Ht: Trace Attempt  5	[0.00 s]
0.0.AM: Trace Attempt  2	[0.00 s]
0.0.L: Exited with Success (@ 0.07 s)
0.0.L: Completed, Restart ignored.
0.0.AM: Trace Attempt  3	[0.00 s]
0.0.AM: Trace Attempt  4	[0.00 s]
0.0.AM: Trace Attempt  5	[0.00 s]
0.0.AM: Trace Attempt  1	[0.00 s]
0.0.AM: Trace Attempt  2	[0.01 s]
0.0.AM: Trace Attempt  3	[0.01 s]
0.0.B: Proofgrid shell started at 96315@vlsi-moon(local) jg_96210_vlsi-moon_1
0.0.B: clocks: 1, declared: 1, looping: 0, posedge: 1, negedge: 0, noedge: 0, bothedge: 0
0.0.B: Last scan. Per property time limit: 0s
0.0.B: Starting proof for property "i2cStrech.p1"	[0.00 s].
0.0.B: Trace Attempt  1	[0.00 s]
0.0.AM: Trace Attempt  4	[0.01 s]
0.0.B: Trace Attempt  2	[0.00 s]
0.0.B: Trace Attempt  3	[0.00 s]
0.0.Oh: Proofgrid shell started at 96313@vlsi-moon(local) jg_96210_vlsi-moon_1
0.0.B: Trace Attempt  4	[0.00 s]
0.0.AM: Trace Attempt  5	[0.01 s]
0.0.B: Trace Attempt  5	[0.00 s]
0.0.Oh: clocks: 1, declared: 1, looping: 0, posedge: 1, negedge: 0, noedge: 0, bothedge: 0
0.0.Oh: Reached length limit (2147483647) [0.00 s]
0.0.Oh: Exited with Success (@ 0.09 s)
0.0.AM: Trace Attempt  1	[0.02 s]
0.0.AM: Trace Attempt  2	[0.02 s]
0.0.AM: Trace Attempt  3	[0.02 s]
0.0.AM: Trace Attempt  4	[0.02 s]
0.0.AM: Trace Attempt  5	[0.03 s]
0.0.AM: Trace Attempt  1	[0.07 s]
0.0.AM: Trace Attempt  2	[0.07 s]
0.0.AM: Trace Attempt  3	[0.07 s]
0.0.AM: Trace Attempt  4	[0.07 s]
0.0.AM: Trace Attempt  5	[0.07 s]
0.0.N: Trace Attempt  1	[0.24 s]
0.0.N: Trace Attempt  2	[0.24 s]
0.0.N: Trace Attempt  3	[0.24 s]
0.0.N: Trace Attempt  4	[0.25 s]
0.0.N: Trace Attempt  5	[0.25 s]
0.0.AM: Trace Attempt  1	[0.24 s]
0.0.AM: Trace Attempt  2	[0.24 s]
0.0.AM: Trace Attempt  3	[0.24 s]
0.0.AM: Trace Attempt  5	[0.24 s]
0.0.N: Trace Attempt  1	[0.91 s]
0.0.N: Trace Attempt  2	[0.91 s]
0.0.N: Trace Attempt  3	[0.91 s]
0.0.N: Trace Attempt  4	[0.92 s]
0.0.N: Trace Attempt  5	[0.92 s]
0.0.AM: Trace Attempt  1	[0.91 s]
0.0.AM: Trace Attempt  2	[0.91 s]
0.0.AM: Trace Attempt  3	[0.91 s]
0.0.AM: Trace Attempt  4	[0.92 s]
0.0.AM: Trace Attempt  5	[0.92 s]
0.0.N: Trace Attempt  1	[3.60 s]
0.0.N: Trace Attempt  2	[3.60 s]
0.0.N: Trace Attempt  3	[3.60 s]
0.0.N: Trace Attempt  4	[3.60 s]
0.0.N: Trace Attempt  5	[3.61 s]
0.0.AM: Trace Attempt  1	[3.86 s]
0.0.AM: Trace Attempt  2	[3.86 s]
0.0.AM: Trace Attempt  3	[3.86 s]
0.0.AM: Trace Attempt  4	[3.86 s]
0.0.AM: Trace Attempt  5	[3.87 s]
0.0.Hp: Trace Attempt 461	[4.01 s]
0.0.Bm: Trace Attempt 1631	[4.00 s]
0.0.Ht: Trace Attempt 1710	[4.00 s]
0.0.B: Trace Attempt 1772	[4.00 s]
0.0.N: Trace Attempt 149	[7.69 s]
0.0.AM: Trace Attempt 147	[7.93 s]
0.0.Hp: Trace Attempt 653	[8.03 s]
0.0.Bm: Trace Attempt 2258	[8.01 s]
0.0.Ht: Trace Attempt 2344	[8.01 s]
0.0.B: Trace Attempt 2471	[8.01 s]
0.0.N: Trace Attempt 224	[11.72 s]
0.0.AM: Trace Attempt 222	[11.94 s]
0.0.Hp: Trace Attempt 807	[12.04 s]
0.0.Bm: Trace Attempt 2716	[12.01 s]
0.0.Ht: Trace Attempt 2782	[12.01 s]
0.0.B: Trace Attempt 2963	[12.02 s]
0.0.N: Trace Attempt  1	[13.65 s]
0.0.N: Trace Attempt  2	[13.65 s]
0.0.N: Trace Attempt  3	[13.65 s]
0.0.N: Trace Attempt  4	[13.65 s]
0.0.N: Trace Attempt  5	[13.66 s]
0.0.AM: Trace Attempt  1	[14.02 s]
0.0.AM: Trace Attempt  2	[14.02 s]
0.0.AM: Trace Attempt  3	[14.02 s]
0.0.AM: Trace Attempt  4	[14.03 s]
0.0.AM: Trace Attempt  5	[14.03 s]
0.0.Hp: Trace Attempt 941	[16.04 s]
0.0.Ht: Trace Attempt 3175	[16.02 s]
0.0.Bm: Trace Attempt 3027	[16.02 s]
0.0.B: Trace Attempt 3355	[16.02 s]
0.0.N: Trace Attempt 149	[17.73 s]
0.0.AM: Trace Attempt 140	[18.08 s]
0.0.Hp: Trace Attempt 1059	[20.05 s]
0.0.Bm: Trace Attempt 3359	[20.03 s]
0.0.Ht: Trace Attempt 3542	[20.02 s]
0.0.B: Trace Attempt 3684	[20.03 s]
0.0.N: Trace Attempt 225	[21.75 s]
0.0.AM: Trace Attempt 220	[22.09 s]
0.0.N: Trace Attempt  1	[23.60 s]
0.0.N: Trace Attempt  2	[23.60 s]
0.0.N: Trace Attempt  3	[23.60 s]
0.0.N: Trace Attempt  4	[23.61 s]
0.0.N: Trace Attempt  5	[23.61 s]
0.0.Hp: Trace Attempt 1168	[24.06 s]
0.0.Ht: Trace Attempt 3867	[24.03 s]
0.0.Bm: Trace Attempt 3676	[24.04 s]
0.0.B: Trace Attempt 3982	[24.04 s]
0.0.AM: Trace Attempt 248	[26.14 s]
0.0.N: Trace Attempt 149	[27.64 s]
0.0.Hp: Trace Attempt 1267	[28.10 s]
0.0.Bm: Trace Attempt 3978	[28.04 s]
0.0.Ht: Trace Attempt 4161	[28.04 s]
0.0.B: Trace Attempt 4264	[28.05 s]
0.0.AM: Trace Attempt 269	[30.28 s]
0.0.N: Trace Attempt 224	[31.66 s]
0.0.Bm: Trace Attempt 4258	[32.04 s]
0.0.Ht: Trace Attempt 4436	[32.05 s]
0.0.B: Trace Attempt 4525	[32.05 s]
0.0.Hp: Trace Attempt 1358	[32.14 s]
0.0.N: Trace Attempt  1	[33.73 s]
0.0.N: Trace Attempt  2	[33.74 s]
0.0.N: Trace Attempt  3	[33.74 s]
0.0.N: Trace Attempt  4	[33.74 s]
0.0.N: Trace Attempt  5	[33.74 s]
0.0.AM: Trace Attempt 297	[34.35 s]
0.0.Bm: Trace Attempt 4516	[36.05 s]
0.0.Ht: Trace Attempt 4699	[36.05 s]
0.0.B: Trace Attempt 4772	[36.07 s]
0.0.Hp: Trace Attempt 1443	[36.17 s]
0.0.N: Trace Attempt 146	[37.76 s]
0.0.AM: Trace Attempt 329	[38.42 s]
0.0.Ht: Trace Attempt 4941	[40.06 s]
0.0.Bm: Trace Attempt 4764	[40.07 s]
0.0.B: Trace Attempt 5003	[40.07 s]
0.0.Hp: Trace Attempt 1523	[40.18 s]
0.0.N: Trace Attempt 220	[41.77 s]
0.0.AM: Trace Attempt 353	[42.76 s]
0.0.N: Trace Attempt  1	[44.03 s]
0.0.N: Trace Attempt  2	[44.03 s]
0.0.N: Trace Attempt  3	[44.03 s]
0.0.N: Trace Attempt  4	[44.04 s]
0.0.N: Trace Attempt  5	[44.04 s]
0.0.Bm: Trace Attempt 4993	[44.07 s]
0.0.Ht: Trace Attempt 5168	[44.07 s]
0.0.B: Trace Attempt 5219	[44.08 s]
0.0.Hp: Trace Attempt 1599	[44.19 s]
0.0.AM: Trace Attempt 377	[46.83 s]
0.0.N: Trace Attempt 145	[48.06 s]
0.0.Bm: Trace Attempt 5211	[48.08 s]
0.0.Ht: Trace Attempt 5388	[48.08 s]
0.0.B: Trace Attempt 5424	[48.09 s]
0.0.Hp: Trace Attempt 1673	[48.24 s]
0.0.AM: Trace Attempt 407	[50.95 s]
0.0.N: Trace Attempt 221	[52.08 s]
0.0.Bm: Trace Attempt 5419	[52.09 s]
0.0.Ht: Trace Attempt 5589	[52.09 s]
0.0.B: Trace Attempt 5626	[52.10 s]
0.0.Hp: Trace Attempt 1743	[52.26 s]
0.0.N: Trace Attempt  1	[54.27 s]
0.0.N: Trace Attempt  2	[54.27 s]
0.0.N: Trace Attempt  3	[54.27 s]
0.0.N: Trace Attempt  4	[54.28 s]
0.0.N: Trace Attempt  5	[54.28 s]
0.0.AM: Trace Attempt 440	[55.03 s]
0.0.Ht: Trace Attempt 5786	[56.09 s]
0.0.Bm: Trace Attempt 5621	[56.11 s]
0.0.B: Trace Attempt 5819	[56.10 s]
0.0.Hp: Trace Attempt 1810	[56.28 s]
0.0.N: Trace Attempt 145	[58.31 s]
0.0.AM: Trace Attempt 292	[59.03 s]
0.0.Ht: Trace Attempt 5975	[60.09 s]
0.0.Bm: Trace Attempt 5814	[60.12 s]
0.0.Hp: Trace Attempt 1874	[60.32 s]
0.0.N: Trace Attempt 219	[62.32 s]
0.0.B: Trace Attempt 6001	[63.44 s]
0.0.Ht: Trace Attempt 6357	[64.10 s]
0.0.Bm: Trace Attempt 5997	[64.13 s]
0.0.Hp: Trace Attempt 1936	[64.38 s]
0.0.N: Trace Attempt  1	[65.31 s]
0.0.N: Trace Attempt  2	[65.31 s]
0.0.N: Trace Attempt  3	[65.31 s]
0.0.N: Trace Attempt  4	[65.31 s]
0.0.N: Trace Attempt  5	[65.32 s]
0.0.AM: Trace Attempt 512	[66.98 s]
0.0.AM: Trace Attempt  1	[67.33 s]
0.0.AM: Trace Attempt  2	[67.33 s]
0.0.AM: Trace Attempt  3	[67.33 s]
0.0.AM: Trace Attempt  4	[67.34 s]
0.0.AM: Trace Attempt  5	[67.34 s]
0.0.B: Trace Attempt 6324	[67.44 s]
0.0.Ht: Trace Attempt 6656	[68.11 s]
0.0.Bm: Trace Attempt 6023	[68.14 s]
0.0.Hp: Trace Attempt 1995	[68.40 s]
0.0.N: Trace Attempt 141	[69.37 s]
0.0.AM: Trace Attempt 147	[71.37 s]
0.0.B: Trace Attempt 6623	[71.45 s]
0.0.Bm: Trace Attempt 6358	[72.15 s]
0.0.Hp: Trace Attempt 2054	[72.44 s]
0.0.N: Trace Attempt 183	[73.59 s]
0.0.AM: Trace Attempt 215	[75.38 s]
0.0.B: Trace Attempt 6898	[75.45 s]
0.0.Bm: Trace Attempt 6657	[76.16 s]
0.0.Hp: Trace Attempt 2112	[76.44 s]
0.0.Ht: Trace Attempt 6851	[76.58 s]
0.0.N: Trace Attempt 205	[77.83 s]
0.0.AM: Trace Attempt 244	[79.39 s]
0.0.B: Trace Attempt 7153	[79.47 s]
0.0.Bm: Trace Attempt 6931	[80.16 s]
0.0.Hp: Trace Attempt 2168	[80.47 s]
0.0.Ht: Trace Attempt 7377	[80.59 s]
0.0.N: Trace Attempt 224	[82.00 s]
0.0.B: Trace Attempt 7391	[83.47 s]
0.0.AM: Trace Attempt 279	[83.50 s]
0.0.Bm: Trace Attempt 7187	[84.17 s]
0.0.Hp: Trace Attempt 2223	[84.54 s]
0.0.Ht: Trace Attempt 7739	[84.59 s]
0.0.N: Trace Attempt 246	[86.13 s]
0.0.B: Trace Attempt 7613	[87.48 s]
0.0.AM: Trace Attempt 313	[87.68 s]
0.0.Bm: Trace Attempt 7422	[88.18 s]
0.0.Hp: Trace Attempt 2277	[88.58 s]
0.0.Ht: Trace Attempt 7892	[88.84 s]
0.0.N: Trace Attempt 277	[90.47 s]
0.0.B: Trace Attempt 7823	[91.50 s]
0.0.AM: Trace Attempt 343	[91.77 s]
0.0.Bm: Trace Attempt 7642	[92.19 s]
0.0.Hp: Trace Attempt 2329	[92.60 s]
0.0.Ht: Trace Attempt 9185	[93.05 s]
0.0.N: Trace Attempt 307	[94.54 s]
0.0.B: Trace Attempt 8019	[95.51 s]
0.0.AM: Trace Attempt 366	[95.80 s]
0.0.Bm: Trace Attempt 7848	[96.21 s]
0.0.Hp: Trace Attempt 2382	[96.60 s]
0.0.Ht: Trace Attempt 9297	[97.06 s]
0.0.N: Trace Attempt 341	[98.81 s]
0.0.B: Trace Attempt 8207	[99.53 s]
0.0.AM: Trace Attempt 400	[99.83 s]
0.0.Bm: Trace Attempt 8043	[100.22 s]
0.0.Hp: Trace Attempt 2434	[100.66 s]
0.0.Ht: Trace Attempt 9409	[101.14 s]
0.0.N: Trace Attempt 363	[102.86 s]
0.0.B: Trace Attempt 8432	[103.53 s]
0.0.AM: Trace Attempt 431	[103.93 s]
0.0.Bm: Trace Attempt 8240	[104.22 s]
0.0.Hp: Trace Attempt 2483	[104.70 s]
0.0.Ht: Trace Attempt 9549	[105.24 s]
0.0.N: Trace Attempt 386	[107.02 s]
0.0.B: Trace Attempt 8648	[107.55 s]
0.0.AM: Trace Attempt 457	[107.98 s]
0.0.Bm: Trace Attempt 8465	[108.23 s]
0.0.Hp: Trace Attempt 2531	[108.70 s]
0.0.Ht: Trace Attempt 9633	[109.25 s]
0.0.N: Trace Attempt 412	[111.04 s]
0.0.B: Trace Attempt 8850	[111.56 s]
0.0.Bm: Trace Attempt 8680	[112.23 s]
0.0.Hp: Trace Attempt 2577	[112.70 s]
0.0.AM: Trace Attempt 465	[112.92 s]
0.0.Ht: Trace Attempt 9709	[113.41 s]
0.0.N: Trace Attempt 440	[115.04 s]
0.0.B: Trace Attempt 9031	[115.56 s]
0.0.Bm: Trace Attempt 8885	[116.25 s]
0.0.Hp: Trace Attempt 2623	[116.73 s]
0.0.AM: Trace Attempt 471	[117.39 s]
0.0.N: Trace Attempt 469	[119.21 s]
0.0.B: Trace Attempt 9160	[119.57 s]
0.0.Bm: Trace Attempt 9052	[120.27 s]
0.0.Ht: Trace Attempt 9829	[120.47 s]
0.0.Hp: Trace Attempt 2669	[120.76 s]
0.0.AM: Trace Attempt 477	[121.47 s]
0.0.N: Trace Attempt 475	[123.36 s]
0.0.N: Trace Attempt  1	[123.38 s]
0.0.N: Trace Attempt  2	[123.38 s]
0.0.N: Trace Attempt  3	[123.38 s]
0.0.N: Trace Attempt  4	[123.38 s]
0.0.N: Trace Attempt  5	[123.39 s]
0.0.B: Trace Attempt 9267	[123.58 s]
0.0.Bm: Trace Attempt 9182	[124.27 s]
0.0.Ht: Trace Attempt 10039	[124.48 s]
0.0.Hp: Trace Attempt 2713	[124.76 s]
0.0.AM: Trace Attempt 490	[125.70 s]
0.0.N: Trace Attempt 141	[127.42 s]
0.0.B: Trace Attempt 9360	[127.60 s]
0.0.Bm: Trace Attempt 9292	[128.30 s]
0.0.Ht: Trace Attempt 10178	[128.51 s]
0.0.Hp: Trace Attempt 2757	[128.84 s]
0.0.AM: Trace Attempt 503	[130.01 s]
0.0.N: Trace Attempt 183	[131.60 s]
0.0.B: Trace Attempt 9448	[131.62 s]
0.0.Bm: Trace Attempt 9387	[132.34 s]
0.0.Ht: Trace Attempt 10350	[132.54 s]
0.0.Hp: Trace Attempt 2800	[132.92 s]
0.0.AM: Trace Attempt 518	[134.29 s]
0.0.B: Trace Attempt 9537	[135.65 s]
0.0.N: Trace Attempt 205	[135.78 s]
0.0.Bm: Trace Attempt 9481	[136.35 s]
0.0.Ht: Trace Attempt 10514	[136.54 s]
0.0.Hp: Trace Attempt 2842	[136.94 s]
0.0.AM: Trace Attempt 531	[138.64 s]
0.0.B: Trace Attempt 9623	[139.66 s]
0.0.N: Trace Attempt 224	[139.97 s]
0.0.Bm: Trace Attempt 9565	[140.38 s]
0.0.Ht: Trace Attempt 10729	[140.55 s]
0.0.Hp: Trace Attempt 2884	[141.02 s]
0.0.AM: Trace Attempt 548	[142.66 s]
0.0.B: Trace Attempt 9702	[143.68 s]
0.0.N: Trace Attempt 246	[144.11 s]
0.0.Bm: Trace Attempt 9652	[144.40 s]
0.0.Ht: Trace Attempt 10935	[144.55 s]
0.0.Hp: Trace Attempt 2926	[145.11 s]
0.0.AM: Trace Attempt 564	[147.00 s]
0.0.B: Trace Attempt 9783	[147.71 s]
0.0.N: Trace Attempt 276	[148.11 s]
0.0.Bm: Trace Attempt 9737	[148.45 s]
0.0.Ht: Trace Attempt 11113	[148.57 s]
0.0.Hp: Trace Attempt 2967	[149.20 s]
0.0.AM: Trace Attempt 576	[151.13 s]
0.0.B: Trace Attempt 9862	[151.73 s]
0.0.N: Trace Attempt 304	[152.24 s]
0.0.Bm: Trace Attempt 9814	[152.50 s]
0.0.Ht: Trace Attempt 11275	[152.57 s]
0.0.Hp: Trace Attempt 3007	[153.24 s]
0.0.AM: Trace Attempt 587	[155.26 s]
0.0.B: Trace Attempt 9934	[155.74 s]
0.0.N: Trace Attempt 338	[156.26 s]
0.0.Bm: Trace Attempt 9893	[156.51 s]
0.0.Ht: Trace Attempt 11460	[156.57 s]
0.0.Hp: Trace Attempt 3047	[157.29 s]
0.0.AM: Trace Attempt 599	[159.56 s]
0.0.B: Trace Attempt 10009	[159.75 s]
0.0.N: Trace Attempt 360	[160.34 s]
0.0.Bm: Trace Attempt 9965	[160.52 s]
0.0.Hp: Trace Attempt 3086	[161.36 s]
0.0.B: Trace Attempt 10084	[163.78 s]
0.0.AM: Trace Attempt 610	[163.81 s]
0.0.N: Trace Attempt 383	[164.43 s]
0.0.Bm: Trace Attempt 10045	[164.53 s]
0.0.Ht: Trace Attempt 11585	[164.54 s]
0.0.Hp: Trace Attempt 3124	[165.36 s]
0.0.AM: Trace Attempt 622	[167.83 s]
0.0.B: Trace Attempt 10157	[167.83 s]
0.0.N: Trace Attempt 409	[168.50 s]
0.0.Bm: Trace Attempt 10120	[168.58 s]
0.0.Ht: Trace Attempt 11737	[168.59 s]
0.0.Hp: Trace Attempt 3162	[169.40 s]
0.0.B: Trace Attempt 10228	[171.84 s]
0.0.AM: Trace Attempt 633	[171.86 s]
0.0.Bm: Trace Attempt 10191	[172.60 s]
0.0.N: Trace Attempt 438	[172.67 s]
0.0.Ht: Trace Attempt 11841	[172.61 s]
0.0.Hp: Trace Attempt 3201	[173.46 s]
0.0.B: Trace Attempt 10298	[175.84 s]
0.0.AM: Trace Attempt 642	[176.14 s]
0.0.Bm: Trace Attempt 10263	[176.65 s]
0.0.N: Trace Attempt 468	[176.72 s]
0.0.Ht: Trace Attempt 12002	[176.81 s]
0.0.Hp: Trace Attempt 3238	[177.53 s]
0.0.B: Trace Attempt 10380	[179.85 s]
0.0.AM: Trace Attempt 652	[180.29 s]
0.0.Bm: Trace Attempt 10332	[180.69 s]
0.0.N: Trace Attempt 475	[179.74 s]
0.0.N: Stopped processing property "i2cStrech.p1"	[181.08 s].
0.0.N: Morphing to Ncustom1
0.0.N: All properties determined. [0.00 s]
0.0.N: Exited with Success (@ 0.00 s)
0.0.Ncustom1: clocks: 1, declared: 1, looping: 0, posedge: 1, negedge: 0, noedge: 0, bothedge: 0
0.0.Ncustom1: Starting proof for property "i2cStrech.p1"	[0.00 s].
0.0.Ncustom1: Trace Attempt 475	[0.08 s]
0.0.Tri: Proofgrid shell started at 98036@vlsi-moon(local) jg_96210_vlsi-moon_1
0.0.Tri: clocks: 1, declared: 1, looping: 0, posedge: 1, negedge: 0, noedge: 0, bothedge: 0
0.0.D: Proofgrid shell started at 98037@vlsi-moon(local) jg_96210_vlsi-moon_1
0.0.D: clocks: 1, declared: 1, looping: 0, posedge: 1, negedge: 0, noedge: 0, bothedge: 0
0.0.D: Last scan. Per property time limit: 0s
0.0.D: Starting proof for property "i2cStrech.p1"	[0.00 s].
0.0.D: Trace Attempt  1	[0.00 s]
0.0.D: Trace Attempt  2	[0.00 s]
0.0.D: Trace Attempt  3	[0.00 s]
0.0.Tri: Last scan. Per property time limit: 0s
0.0.Tri: Starting proof for property "i2cStrech.p1"	[0.00 s].
0.0.Tri: Trace Attempt  1	[0.00 s]
0.0.B: Trace Attempt 10400	[180.98 s]
0.0.B: Stopped processing property "i2cStrech.p1"	[181.11 s].
0.0.B: Morphing to Bcustom2
0.0.B: All properties determined. [0.00 s]
0.0.B: Exited with Success (@ 0.00 s)
0.0.Bcustom2: clocks: 1, declared: 1, looping: 0, posedge: 1, negedge: 0, noedge: 0, bothedge: 0
0.0.Bcustom2: Starting proof for property "i2cStrech.p1"	[0.00 s].
0.0.Bcustom2: Trace Attempt  1	[0.00 s]
0.0.Bcustom2: Trace Attempt  2	[0.00 s]
0.0.Bcustom2: Trace Attempt  1	[0.00 s]
0.0.Bcustom2: Trace Attempt  2	[0.00 s]
0.0.Bcustom2: Trace Attempt  3	[0.00 s]
0.0.Bcustom2: Trace Attempt  4	[0.00 s]
0.0.Bcustom2: Trace Attempt  5	[0.00 s]
0.0.Bcustom2: Trace Attempt  1	[0.00 s]
0.0.Bcustom2: Trace Attempt  2	[0.00 s]
0.0.Bcustom2: Trace Attempt  3	[0.00 s]
0.0.Bcustom2: Trace Attempt  4	[0.00 s]
0.0.Bcustom2: Trace Attempt  5	[0.00 s]
0.0.Bcustom2: Trace Attempt  1	[0.01 s]
0.0.Bcustom2: Trace Attempt  2	[0.01 s]
0.0.Bcustom2: Trace Attempt  3	[0.01 s]
0.0.Bcustom2: Trace Attempt  4	[0.01 s]
0.0.Bcustom2: Trace Attempt  5	[0.01 s]
0.0.Bcustom2: Trace Attempt  1	[0.01 s]
0.0.Bcustom2: Trace Attempt  2	[0.01 s]
0.0.Bcustom2: Trace Attempt  3	[0.01 s]
0.0.Bcustom2: Trace Attempt  4	[0.01 s]
0.0.Bcustom2: Trace Attempt  5	[0.01 s]
0.0.AM: Trace Attempt 653	[180.71 s]
0.0.AM: Stopped processing property "i2cStrech.p1"	[181.14 s].
0.0.AM: Morphing to AMcustom3
0.0.Bcustom2: Trace Attempt  1	[0.03 s]
0.0.Tri:    0.00" ---- Launching main thread ----
0.0.Bcustom2: Trace Attempt  2	[0.03 s]
0.0.Bcustom2: Trace Attempt  3	[0.03 s]
0.0.Bcustom2: Trace Attempt  4	[0.03 s]
0.0.Bcustom2: Trace Attempt  5	[0.03 s]
0.0.AM: All properties determined. [0.00 s]
0.0.AM: Exited with Success (@ 0.00 s)
0.0.AMcustom3: clocks: 1, declared: 1, looping: 0, posedge: 1, negedge: 0, noedge: 0, bothedge: 0
0.0.AMcustom3: Starting proof for property "i2cStrech.p1"	[0.00 s].
0.0.AMcustom3: Trace Attempt  1	[0.00 s]
0.0.AMcustom3: Trace Attempt  2	[0.00 s]
0.0.AMcustom3: Trace Attempt  3	[0.00 s]
0.0.AMcustom3: Trace Attempt  4	[0.00 s]
0.0.AMcustom3: Trace Attempt  5	[0.00 s]
0.0.AMcustom3: Trace Attempt  1	[0.00 s]
0.0.AMcustom3: Trace Attempt  2	[0.01 s]
0.0.AMcustom3: Trace Attempt  3	[0.01 s]
0.0.AMcustom3: Trace Attempt  4	[0.01 s]
0.0.AMcustom3: Trace Attempt  5	[0.01 s]
0.0.AMcustom3: Trace Attempt  1	[0.02 s]
0.0.AMcustom3: Trace Attempt  2	[0.02 s]
0.0.AMcustom3: Trace Attempt  3	[0.02 s]
0.0.Tri:    0.03" ---- Launching abstraction thread ----
0.0.AMcustom3: Trace Attempt  4	[0.02 s]
0.0.AMcustom3: Trace Attempt  5	[0.02 s]
0.0.Bcustom2: Trace Attempt  1	[0.07 s]
0.0.Bcustom2: Trace Attempt  2	[0.07 s]
0.0.Bcustom2: Trace Attempt  3	[0.07 s]
0.0.Bcustom2: Trace Attempt  4	[0.07 s]
0.0.Bcustom2: Trace Attempt  5	[0.07 s]
0.0.Tri:    0.05" ---- Launching multi-phase simplification thread ----
0.0.AMcustom3: Trace Attempt  1	[0.06 s]
0.0.Tri:    0.07" ---- Launching liveness simplification thread ----
0.0.AMcustom3: Trace Attempt  2	[0.06 s]
0.0.AMcustom3: Trace Attempt  3	[0.06 s]
0.0.AMcustom3: Trace Attempt  4	[0.06 s]
0.0.AMcustom3: Trace Attempt  5	[0.07 s]
0.0.Bcustom2: Trace Attempt  1	[0.14 s]
0.0.Bcustom2: Trace Attempt  2	[0.14 s]
0.0.Bcustom2: Trace Attempt  3	[0.14 s]
0.0.Bcustom2: Trace Attempt  4	[0.14 s]
0.0.Bcustom2: Trace Attempt  5	[0.14 s]
0.0.AMcustom3: Trace Attempt  1	[0.21 s]
0.0.AMcustom3: Trace Attempt  2	[0.21 s]
0.0.AMcustom3: Trace Attempt  3	[0.21 s]
0.0.AMcustom3: Trace Attempt  5	[0.21 s]
0.0.Hp: Trace Attempt 3275	[181.62 s]
0.0.AMcustom3: Trace Attempt  1	[0.80 s]
0.0.AMcustom3: Trace Attempt  2	[0.80 s]
0.0.AMcustom3: Trace Attempt  3	[0.80 s]
0.0.AMcustom3: Trace Attempt  4	[0.80 s]
0.0.AMcustom3: Trace Attempt  5	[0.80 s]
0.0.Tri:    0.90" Simplification phase 1 complete
0.0.Tri:    0.96" ---- Completed liveness simplification thread ----
0.0.Bcustom2: Trace Attempt  1	[1.12 s]
0.0.Bcustom2: Trace Attempt  2	[1.12 s]
0.0.Bcustom2: Trace Attempt  3	[1.12 s]
0.0.Bcustom2: Trace Attempt  4	[1.12 s]
0.0.Bcustom2: Trace Attempt  5	[1.12 s]
0.0.D: Trace Attempt 35	[0.39 s]
0.0.D: Stopped processing property "i2cStrech.p1"	[1.16 s].
0.0.D: Morphing to M
0.0.D: All properties determined. [0.00 s]
0.0.D: Exited with Success (@ 0.00 s)
0.0.M: clocks: 1, declared: 1, looping: 0, posedge: 1, negedge: 0, noedge: 0, bothedge: 0
0.0.M: Starting proof for property "i2cStrech.p1"	[0.00 s].
0.0.M: Trace Attempt  1	[0.00 s]
0.0.M: Trace Attempt  2	[0.00 s]
0.0.M: Trace Attempt  3	[0.00 s]
0.0.M: Trace Attempt  4	[0.01 s]
0.0.M: Trace Attempt  5	[0.01 s]
0.0.AMcustom5: Proofgrid shell started at 98135@vlsi-moon(local) jg_96210_vlsi-moon_1
0.0.AMcustom5: clocks: 1, declared: 1, looping: 0, posedge: 1, negedge: 0, noedge: 0, bothedge: 0
0.0.AMcustom5: Last scan. Per property time limit: 0s
0.0.AMcustom5: Starting proof for property "i2cStrech.p1"	[0.00 s].
0.0.AMcustom5: Trace Attempt  1	[0.00 s]
0.0.AMcustom5: Trace Attempt  2	[0.00 s]
0.0.AMcustom5: Trace Attempt  1	[0.00 s]
0.0.AMcustom5: Trace Attempt  2	[0.00 s]
0.0.AMcustom5: Trace Attempt  3	[0.00 s]
0.0.AMcustom5: Trace Attempt  4	[0.00 s]
0.0.AMcustom5: Trace Attempt  5	[0.00 s]
0.0.AMcustom5: Trace Attempt  1	[0.01 s]
0.0.AMcustom5: Trace Attempt  2	[0.01 s]
0.0.AMcustom5: Trace Attempt  3	[0.01 s]
0.0.AMcustom5: Trace Attempt  4	[0.01 s]
0.0.AMcustom5: Trace Attempt  5	[0.01 s]
0.0.AMcustom5: Trace Attempt  1	[0.01 s]
0.0.AMcustom5: Trace Attempt  2	[0.01 s]
0.0.AMcustom5: Trace Attempt  3	[0.01 s]
0.0.AMcustom5: Trace Attempt  4	[0.01 s]
0.0.AMcustom5: Trace Attempt  5	[0.01 s]
0.0.AMcustom5: Trace Attempt  1	[0.03 s]
0.0.AMcustom5: Trace Attempt  2	[0.03 s]
0.0.AMcustom5: Trace Attempt  3	[0.03 s]
0.0.AMcustom5: Trace Attempt  4	[0.03 s]
0.0.AMcustom5: Trace Attempt  5	[0.03 s]
0.0.AMcustom5: Trace Attempt  1	[0.03 s]
0.0.AMcustom5: Trace Attempt  2	[0.04 s]
0.0.AMcustom5: Trace Attempt  3	[0.04 s]
0.0.AMcustom5: Trace Attempt  4	[0.04 s]
0.0.AMcustom5: Trace Attempt  5	[0.04 s]
0.0.AMcustom5: Trace Attempt  1	[0.05 s]
0.0.AMcustom5: Trace Attempt  2	[0.05 s]
0.0.AMcustom5: Trace Attempt  3	[0.05 s]
0.0.AMcustom5: Trace Attempt  4	[0.06 s]
0.0.AMcustom5: Trace Attempt  5	[0.06 s]
0.0.AMcustom5: Trace Attempt  1	[0.10 s]
0.0.AMcustom5: Trace Attempt  2	[0.10 s]
0.0.AMcustom5: Trace Attempt  3	[0.10 s]
0.0.AMcustom5: Trace Attempt  4	[0.11 s]
0.0.AMcustom5: Trace Attempt  5	[0.11 s]
0.0.AMcustom5: Trace Attempt  1	[0.11 s]
0.0.AMcustom5: Trace Attempt  2	[0.11 s]
0.0.AMcustom5: Trace Attempt  3	[0.11 s]
0.0.AMcustom5: Trace Attempt  4	[0.11 s]
0.0.AMcustom5: Trace Attempt  5	[0.11 s]
0.0.AMcustom5: Trace Attempt  1	[0.12 s]
0.0.AMcustom5: Trace Attempt  2	[0.12 s]
0.0.AMcustom5: Trace Attempt  3	[0.12 s]
0.0.AMcustom5: Trace Attempt  4	[0.12 s]
0.0.AMcustom5: Trace Attempt  5	[0.12 s]
0.0.AMcustom5: Trace Attempt  1	[0.16 s]
0.0.AMcustom5: Trace Attempt  2	[0.16 s]
0.0.AMcustom5: Trace Attempt  3	[0.16 s]
0.0.AMcustom5: Trace Attempt  4	[0.16 s]
0.0.AMcustom5: Trace Attempt  5	[0.16 s]
0.0.Tri:    1.37" Simplification phase 2 complete
0.0.AMcustom5: Trace Attempt  1	[0.30 s]
0.0.AMcustom5: Trace Attempt  2	[0.30 s]
0.0.AMcustom5: Trace Attempt  3	[0.30 s]
0.0.AMcustom5: Trace Attempt  4	[0.30 s]
0.0.AMcustom5: Trace Attempt  5	[0.30 s]
0.0.AMcustom5: Trace Attempt  1	[0.30 s]
0.0.AMcustom5: Trace Attempt  2	[0.30 s]
0.0.AMcustom5: Trace Attempt  3	[0.30 s]
0.0.AMcustom5: Trace Attempt  4	[0.30 s]
0.0.AMcustom5: Trace Attempt  5	[0.30 s]
0.0.AMcustom5: Trace Attempt  1	[0.31 s]
0.0.AMcustom5: Trace Attempt  2	[0.31 s]
0.0.AMcustom5: Trace Attempt  3	[0.31 s]
0.0.AMcustom5: Trace Attempt  4	[0.31 s]
0.0.AMcustom5: Trace Attempt  5	[0.31 s]
0.0.AMcustom5: Trace Attempt  1	[0.34 s]
0.0.AMcustom5: Trace Attempt  2	[0.35 s]
0.0.AMcustom5: Trace Attempt  3	[0.35 s]
0.0.AMcustom5: Trace Attempt  4	[0.35 s]
0.0.AMcustom5: Trace Attempt  5	[0.35 s]
0.0.Tri:    1.63" Simplification phase 3 complete
   1.63" ---- Completed simplification thread ----
0.0.Tri:    1.63" ---- Restarting main thread on simplified netlist ----
0.0.AMcustom5: Trace Attempt  1	[0.47 s]
0.0.AMcustom5: Trace Attempt  2	[0.47 s]
0.0.AMcustom5: Trace Attempt  3	[0.47 s]
0.0.AMcustom5: Trace Attempt  4	[0.48 s]
0.0.AMcustom5: Trace Attempt  5	[0.48 s]
0.0.Tri:    1.68" ---- Restarting abstraction thread on simplified netlist ----
0.0.Ncustom1: Trace Attempt  1	[2.08 s]
0.0.Ncustom1: Trace Attempt  2	[2.08 s]
0.0.Ncustom1: Trace Attempt  3	[2.08 s]
0.0.Ncustom1: Trace Attempt  4	[2.08 s]
0.0.Ncustom1: Trace Attempt  5	[2.08 s]
0.0.AMcustom5: Trace Attempt  1	[1.05 s]
0.0.AMcustom5: Trace Attempt  2	[1.05 s]
0.0.AMcustom5: Trace Attempt  3	[1.05 s]
0.0.AMcustom5: Trace Attempt  4	[1.05 s]
0.0.AMcustom5: Trace Attempt  5	[1.05 s]
0.0.AMcustom5: Trace Attempt  1	[1.05 s]
0.0.AMcustom5: Trace Attempt  2	[1.05 s]
0.0.AMcustom5: Trace Attempt  3	[1.05 s]
0.0.AMcustom5: Trace Attempt  4	[1.05 s]
0.0.AMcustom5: Trace Attempt  5	[1.05 s]
0.0.AMcustom5: Trace Attempt  1	[1.06 s]
0.0.AMcustom5: Trace Attempt  2	[1.06 s]
0.0.AMcustom5: Trace Attempt  3	[1.06 s]
0.0.AMcustom5: Trace Attempt  4	[1.06 s]
0.0.AMcustom5: Trace Attempt  5	[1.06 s]
0.0.AMcustom5: Trace Attempt  1	[1.10 s]
0.0.AMcustom5: Trace Attempt  2	[1.10 s]
0.0.AMcustom5: Trace Attempt  3	[1.10 s]
0.0.AMcustom5: Trace Attempt  4	[1.10 s]
0.0.AMcustom5: Trace Attempt  5	[1.10 s]
0.0.AMcustom5: Trace Attempt  1	[1.22 s]
0.0.AMcustom5: Trace Attempt  2	[1.22 s]
0.0.AMcustom5: Trace Attempt  3	[1.22 s]
0.0.AMcustom5: Trace Attempt  4	[1.22 s]
0.0.AMcustom5: Trace Attempt  5	[1.22 s]
0.0.AMcustom5: Trace Attempt  1	[1.78 s]
0.0.AMcustom5: Trace Attempt  2	[1.79 s]
0.0.AMcustom5: Trace Attempt  3	[1.79 s]
0.0.AMcustom5: Trace Attempt  4	[1.79 s]
0.0.AMcustom5: Trace Attempt  5	[1.79 s]
0.0.Tri: Stopped processing property "i2cStrech.p1"	[3.14 s].
0.0.Tri: Morphing to ADcustom7
0.0.Tri: All properties determined. [0.00 s]
0.0.Tri: Exited with Success (@ 0.00 s)
0.0.ADcustom7: clocks: 1, declared: 1, looping: 0, posedge: 1, negedge: 0, noedge: 0, bothedge: 0
0.0.ADcustom7: Starting proof for property "i2cStrech.p1"	[0.00 s].
0.0.ADcustom7: Trace Attempt  1	[0.00 s]
0.0.ADcustom7: Trace Attempt  2	[0.00 s]
0.0.ADcustom7: Trace Attempt  1	[0.00 s]
0.0.ADcustom7: Trace Attempt  2	[0.00 s]
0.0.ADcustom7: Trace Attempt  3	[0.00 s]
0.0.ADcustom7: Trace Attempt  4	[0.00 s]
0.0.ADcustom7: Trace Attempt  5	[0.01 s]
0.0.ADcustom7: Trace Attempt  1	[0.01 s]
0.0.ADcustom7: Trace Attempt  2	[0.01 s]
0.0.ADcustom7: Trace Attempt  3	[0.01 s]
0.0.ADcustom7: Trace Attempt  4	[0.01 s]
0.0.ADcustom7: Trace Attempt  5	[0.01 s]
0.0.ADcustom7: Trace Attempt  1	[0.01 s]
0.0.ADcustom7: Trace Attempt  2	[0.01 s]
0.0.ADcustom7: Trace Attempt  3	[0.01 s]
0.0.ADcustom7: Trace Attempt  1	[0.03 s]
0.0.ADcustom7: Trace Attempt  2	[0.03 s]
0.0.ADcustom7: Trace Attempt  3	[0.03 s]
0.0.ADcustom7: Trace Attempt  4	[0.03 s]
0.0.ADcustom7: Trace Attempt  5	[0.03 s]
0.0.ADcustom7: Trace Attempt  1	[0.03 s]
0.0.ADcustom7: Trace Attempt  2	[0.03 s]
0.0.ADcustom7: Trace Attempt  3	[0.03 s]
0.0.ADcustom7: Trace Attempt  1	[0.05 s]
0.0.ADcustom7: Trace Attempt  2	[0.05 s]
0.0.ADcustom7: Trace Attempt  3	[0.05 s]
0.0.ADcustom7: Trace Attempt  1	[0.11 s]
0.0.ADcustom7: Trace Attempt  2	[0.11 s]
0.0.ADcustom7: Trace Attempt  3	[0.11 s]
0.0.ADcustom7: Trace Attempt  4	[0.11 s]
0.0.ADcustom7: Trace Attempt  5	[0.11 s]
0.0.ADcustom7: Trace Attempt  1	[0.11 s]
0.0.ADcustom7: Trace Attempt  2	[0.11 s]
0.0.ADcustom7: Trace Attempt  3	[0.11 s]
0.0.ADcustom7: Trace Attempt  1	[0.12 s]
0.0.ADcustom7: Trace Attempt  2	[0.12 s]
0.0.ADcustom7: Trace Attempt  3	[0.13 s]
0.0.ADcustom7: Trace Attempt  1	[0.18 s]
0.0.ADcustom7: Trace Attempt  2	[0.18 s]
0.0.ADcustom7: Trace Attempt  3	[0.18 s]
0.0.AMcustom3: Trace Attempt  1	[3.47 s]
0.0.AMcustom3: Trace Attempt  2	[3.47 s]
0.0.AMcustom3: Trace Attempt  3	[3.47 s]
0.0.AMcustom3: Trace Attempt  4	[3.48 s]
0.0.AMcustom3: Trace Attempt  5	[3.48 s]
0.0.Bm: Trace Attempt 10416	[184.70 s]
0.0.ADcustom7: Trace Attempt  1	[0.45 s]
0.0.ADcustom7: Trace Attempt  2	[0.45 s]
0.0.ADcustom7: Trace Attempt  3	[0.45 s]
0.0.ADcustom7: Trace Attempt  4	[0.45 s]
0.0.ADcustom7: Trace Attempt  5	[0.45 s]
0.0.ADcustom7: Trace Attempt  1	[0.45 s]
0.0.ADcustom7: Trace Attempt  2	[0.45 s]
0.0.ADcustom7: Trace Attempt  3	[0.45 s]
0.0.ADcustom7: Trace Attempt  1	[0.46 s]
0.0.ADcustom7: Trace Attempt  2	[0.46 s]
0.0.ADcustom7: Trace Attempt  3	[0.46 s]
0.0.ADcustom7: Trace Attempt  1	[0.51 s]
0.0.ADcustom7: Trace Attempt  2	[0.51 s]
0.0.ADcustom7: Trace Attempt  3	[0.52 s]
0.0.ADcustom7: Trace Attempt  1	[0.78 s]
0.0.ADcustom7: Trace Attempt  2	[0.78 s]
0.0.ADcustom7: Trace Attempt  3	[0.78 s]
0.0.Hp: Trace Attempt 3311	[185.69 s]
0.0.Bcustom2: Trace Attempt  1	[4.87 s]
0.0.Bcustom2: Stopped processing property "i2cStrech.p1"	[4.87 s].
0.0.Bcustom2: Morphing to D
0.0.Bcustom2: All properties determined. [0.00 s]
0.0.Bcustom2: Exited with Success (@ 0.00 s)
0.0.D: clocks: 1, declared: 1, looping: 0, posedge: 1, negedge: 0, noedge: 0, bothedge: 0
0.0.D: Starting proof for property "i2cStrech.p1"	[0.00 s].
0.0.D: Trace Attempt  1	[0.00 s]
0.0.D: Trace Attempt  2	[0.00 s]
0.0.D: Trace Attempt  3	[0.00 s]
0.0.AMcustom5: Trace Attempt  1	[3.92 s]
0.0.AMcustom5: Trace Attempt  2	[3.92 s]
0.0.AMcustom5: Trace Attempt  3	[3.92 s]
0.0.AMcustom5: Trace Attempt  4	[3.92 s]
0.0.AMcustom5: Trace Attempt  5	[3.92 s]
0.0.AMcustom5: Trace Attempt  1	[3.92 s]
0.0.AMcustom5: Trace Attempt  2	[3.92 s]
0.0.AMcustom5: Trace Attempt  3	[3.92 s]
0.0.AMcustom5: Trace Attempt  4	[3.93 s]
0.0.AMcustom5: Trace Attempt  5	[3.93 s]
0.0.AMcustom5: Trace Attempt  1	[3.94 s]
0.0.AMcustom5: Trace Attempt  2	[3.94 s]
0.0.AMcustom5: Trace Attempt  3	[3.94 s]
0.0.AMcustom5: Trace Attempt  4	[3.94 s]
0.0.AMcustom5: Trace Attempt  5	[3.94 s]
0.0.M: Trace Attempt 172	[4.03 s]
0.0.ADcustom7: Trace Attempt  1	[2.03 s]
0.0.ADcustom7: Trace Attempt  2	[2.03 s]
0.0.ADcustom7: Trace Attempt  3	[2.03 s]
0.0.ADcustom7: Trace Attempt  4	[2.03 s]
0.0.ADcustom7: Trace Attempt  5	[2.03 s]
0.0.ADcustom7: Trace Attempt  1	[2.03 s]
0.0.ADcustom7: Trace Attempt  2	[2.04 s]
0.0.ADcustom7: Trace Attempt  3	[2.04 s]
0.0.AMcustom5: Trace Attempt  1	[3.98 s]
0.0.AMcustom5: Trace Attempt  2	[3.98 s]
0.0.AMcustom5: Trace Attempt  3	[3.98 s]
0.0.AMcustom5: Trace Attempt  4	[3.98 s]
0.0.AMcustom5: Trace Attempt  5	[3.98 s]
0.0.ADcustom7: Trace Attempt  1	[2.05 s]
0.0.ADcustom7: Trace Attempt  2	[2.05 s]
0.0.ADcustom7: Trace Attempt  3	[2.05 s]
0.0.ADcustom7: Trace Attempt  1	[2.10 s]
0.0.ADcustom7: Trace Attempt  2	[2.10 s]
0.0.ADcustom7: Trace Attempt  3	[2.10 s]
0.0.AMcustom5: Trace Attempt  1	[4.11 s]
0.0.AMcustom5: Trace Attempt  2	[4.11 s]
0.0.AMcustom5: Trace Attempt  3	[4.11 s]
0.0.AMcustom5: Trace Attempt  4	[4.11 s]
0.0.AMcustom5: Trace Attempt  5	[4.11 s]
0.0.ADcustom7: Trace Attempt  1	[2.38 s]
0.0.ADcustom7: Trace Attempt  2	[2.38 s]
0.0.ADcustom7: Trace Attempt  3	[2.38 s]
0.0.AMcustom5: Trace Attempt  1	[4.61 s]
0.0.AMcustom5: Trace Attempt  2	[4.61 s]
0.0.AMcustom5: Trace Attempt  3	[4.61 s]
0.0.AMcustom5: Trace Attempt  4	[4.61 s]
0.0.AMcustom5: Trace Attempt  5	[4.61 s]
0.0.Ncustom1: Trace Attempt 140	[6.14 s]
0.0.ADcustom7: Trace Attempt  1	[3.60 s]
0.0.ADcustom7: Trace Attempt  2	[3.60 s]
0.0.ADcustom7: Trace Attempt  3	[3.60 s]
0.0.AMcustom5: Trace Attempt 112	[6.07 s]
0.0.AMcustom5: Stopped processing property "i2cStrech.p1"	[6.08 s].
0.0.AMcustom5: Morphing to Tricustom8
0.0.AMcustom5: All properties determined. [0.00 s]
0.0.AMcustom5: Exited with Success (@ 0.00 s)
0.0.Tricustom8: clocks: 1, declared: 1, looping: 0, posedge: 1, negedge: 0, noedge: 0, bothedge: 0
0.0.AMcustom3: Trace Attempt 143	[7.23 s]
0.0.AMcustom3: Stopped processing property "i2cStrech.p1"	[7.25 s].
0.0.AMcustom3: Morphing to Tri
0.0.AMcustom3: All properties determined. [0.00 s]
0.0.AMcustom3: Exited with Success (@ 0.00 s)
0.0.Ncustom1: Trace Attempt 158	[7.31 s]
0.0.Ncustom1: Stopped processing property "i2cStrech.p1"	[7.40 s].
0.0.Ncustom1: Morphing to Bcustom2
0.0.Tri: clocks: 1, declared: 1, looping: 0, posedge: 1, negedge: 0, noedge: 0, bothedge: 0
0.0.Ncustom1: All properties determined. [0.00 s]
0.0.Ncustom1: Exited with Success (@ 0.00 s)
0.0.Bcustom2: clocks: 1, declared: 1, looping: 0, posedge: 1, negedge: 0, noedge: 0, bothedge: 0
0.0.Bcustom2: Starting proof for property "i2cStrech.p1"	[0.00 s].
0.0.Tricustom8: Starting proof for property "i2cStrech.p1"	[0.00 s].
0.0.Tricustom8: Trace Attempt  1	[0.00 s]
0.0.Bcustom2: Trace Attempt  1	[0.00 s]
0.0.Bcustom2: Trace Attempt  2	[0.00 s]
0.0.Tri: Starting proof for property "i2cStrech.p1"	[0.00 s].
0.0.Tri: Trace Attempt  1	[0.00 s]
0.0.Bcustom2: Trace Attempt  1	[0.00 s]
0.0.Bcustom2: Trace Attempt  2	[0.00 s]
0.0.Bcustom2: Trace Attempt  3	[0.00 s]
0.0.Bcustom2: Trace Attempt  4	[0.00 s]
0.0.Bcustom2: Trace Attempt  5	[0.00 s]
0.0.Bcustom2: Trace Attempt  1	[0.00 s]
0.0.Bcustom2: Trace Attempt  2	[0.00 s]
0.0.Bcustom2: Trace Attempt  3	[0.00 s]
0.0.Bcustom2: Trace Attempt  4	[0.00 s]
0.0.Bcustom2: Trace Attempt  5	[0.00 s]
0.0.Bcustom2: Trace Attempt  1	[0.01 s]
0.0.Bcustom2: Trace Attempt  2	[0.01 s]
0.0.Bcustom2: Trace Attempt  3	[0.01 s]
0.0.Bcustom2: Trace Attempt  4	[0.01 s]
0.0.Bcustom2: Trace Attempt  5	[0.01 s]
0.0.Bcustom2: Trace Attempt  1	[0.01 s]
0.0.Bcustom2: Trace Attempt  2	[0.01 s]
0.0.Bcustom2: Trace Attempt  3	[0.01 s]
0.0.Bcustom2: Trace Attempt  4	[0.01 s]
0.0.Bcustom2: Trace Attempt  5	[0.01 s]
0.0.Bcustom2: Trace Attempt  1	[0.03 s]
0.0.Bcustom2: Trace Attempt  2	[0.03 s]
0.0.Bcustom2: Trace Attempt  3	[0.03 s]
0.0.Bcustom2: Trace Attempt  4	[0.03 s]
0.0.Bcustom2: Trace Attempt  5	[0.03 s]
0.0.Tri:    0.00" ---- Launching main thread ----
0.0.Bcustom2: Trace Attempt  1	[0.06 s]
0.0.Bcustom2: Trace Attempt  2	[0.06 s]
0.0.Bcustom2: Trace Attempt  3	[0.06 s]
0.0.Bcustom2: Trace Attempt  4	[0.06 s]
0.0.Bcustom2: Trace Attempt  5	[0.06 s]
0.0.Tri:    0.05" ---- Launching abstraction thread ----
0.0.Tri:    0.05" ---- Launching multi-phase simplification thread ----
0.0.Tri:    0.07" ---- Launching liveness simplification thread ----
0.0.Bcustom2: Trace Attempt  1	[0.14 s]
0.0.Bcustom2: Trace Attempt  2	[0.14 s]
0.0.Bcustom2: Trace Attempt  3	[0.14 s]
0.0.Bcustom2: Trace Attempt  4	[0.14 s]
0.0.Bcustom2: Trace Attempt  5	[0.14 s]
0.0.Bm: Trace Attempt 10509	[188.71 s]
0.0.Ht: Trace Attempt 12006	[189.31 s]
0.0.Tri:    0.90" Simplification phase 1 complete
0.0.Tri:    1.00" ---- Completed liveness simplification thread ----
0.0.Bcustom2: Trace Attempt  1	[1.08 s]
0.0.Bcustom2: Trace Attempt  2	[1.09 s]
0.0.Bcustom2: Trace Attempt  3	[1.09 s]
0.0.Bcustom2: Trace Attempt  4	[1.09 s]
0.0.Bcustom2: Trace Attempt  5	[1.09 s]
0.0.Hp: Trace Attempt 3346	[189.76 s]
0.0.Tri:    1.39" Simplification phase 2 complete
0.0.Tri:    1.65" Simplification phase 3 complete
0.0.Tri:    1.65" ---- Completed simplification thread ----
0.0.Tri:    1.65" ---- Restarting main thread on simplified netlist ----
0.0.Tri:    1.69" ---- Restarting abstraction thread on simplified netlist ----
0.0.M: Trace Attempt 254	[8.13 s]
0.0.Bm: Trace Attempt 10573	[192.73 s]
0.0.Bcustom2: Trace Attempt  1	[4.65 s]
0.0.Bcustom2: Trace Attempt  2	[4.65 s]
0.0.Bcustom2: Trace Attempt  3	[4.65 s]
0.0.Bcustom2: Trace Attempt  4	[4.65 s]
0.0.Bcustom2: Trace Attempt  5	[4.66 s]
0.0.Ht: Trace Attempt 12014	[193.50 s]
0.0.Hp: Trace Attempt 3381	[193.83 s]
0.0.ADcustom7: Trace Attempt 127	[9.90 s]
0.0.M: Trace Attempt 326	[12.20 s]
0.0.ADcustom7: Trace Attempt  1	[10.37 s]
0.0.ADcustom7: Trace Attempt  2	[10.37 s]
0.0.ADcustom7: Trace Attempt  3	[10.37 s]
0.0.ADcustom7: Trace Attempt  4	[10.37 s]
0.0.ADcustom7: Trace Attempt  5	[10.37 s]
0.0.ADcustom7: Trace Attempt  1	[10.37 s]
0.0.ADcustom7: Trace Attempt  2	[10.37 s]
0.0.ADcustom7: Trace Attempt  3	[10.38 s]
0.0.ADcustom7: Trace Attempt  1	[10.39 s]
0.0.ADcustom7: Trace Attempt  2	[10.39 s]
0.0.ADcustom7: Trace Attempt  3	[10.39 s]
0.0.D: Trace Attempt 127	[8.66 s]
0.0.ADcustom7: Trace Attempt  1	[10.45 s]
0.0.ADcustom7: Trace Attempt  2	[10.45 s]
0.0.ADcustom7: Trace Attempt  3	[10.45 s]
0.0.ADcustom7: Trace Attempt  1	[10.73 s]
0.0.ADcustom7: Trace Attempt  2	[10.73 s]
0.0.ADcustom7: Trace Attempt  3	[10.73 s]
0.0.ADcustom7: Trace Attempt  1	[12.20 s]
0.0.ADcustom7: Trace Attempt  2	[12.20 s]
0.0.ADcustom7: Trace Attempt  3	[12.20 s]
0.0.D: Trace Attempt 129	[9.06 s]
0.0.D: Stopped processing property "i2cStrech.p1"	[10.68 s].
0.0.D: Morphing to AMcustom3
0.0.D: All properties determined. [0.00 s]
0.0.D: Exited with Success (@ 0.00 s)
0.0.AMcustom3: clocks: 1, declared: 1, looping: 0, posedge: 1, negedge: 0, noedge: 0, bothedge: 0
0.0.AMcustom3: Starting proof for property "i2cStrech.p1"	[0.00 s].
0.0.AMcustom3: Trace Attempt  1	[0.00 s]
0.0.AMcustom3: Trace Attempt  2	[0.00 s]
0.0.AMcustom3: Trace Attempt  3	[0.00 s]
0.0.AMcustom3: Trace Attempt  4	[0.00 s]
0.0.AMcustom3: Trace Attempt  5	[0.00 s]
0.0.AMcustom3: Trace Attempt  1	[0.00 s]
0.0.AMcustom3: Trace Attempt  2	[0.01 s]
0.0.AMcustom3: Trace Attempt  3	[0.01 s]
0.0.AMcustom3: Trace Attempt  4	[0.01 s]
0.0.AMcustom3: Trace Attempt  5	[0.01 s]
0.0.AMcustom3: Trace Attempt  1	[0.02 s]
0.0.AMcustom3: Trace Attempt  2	[0.02 s]
0.0.AMcustom3: Trace Attempt  3	[0.02 s]
0.0.AMcustom3: Trace Attempt  4	[0.02 s]
0.0.AMcustom3: Trace Attempt  5	[0.02 s]
0.0.M: Trace Attempt 357	[14.34 s]
0.0.M: Stopped processing property "i2cStrech.p1"	[14.46 s].
0.0.M: Morphing to AMcustom5
0.0.M: All properties determined. [0.00 s]
0.0.M: Exited with Success (@ 0.00 s)
0.0.AMcustom5: clocks: 1, declared: 1, looping: 0, posedge: 1, negedge: 0, noedge: 0, bothedge: 0
0.0.AMcustom5: Starting proof for property "i2cStrech.p1"	[0.00 s].
0.0.AMcustom5: Trace Attempt  1	[0.00 s]
0.0.AMcustom5: Trace Attempt  2	[0.00 s]
0.0.AMcustom5: Trace Attempt  1	[0.00 s]
0.0.AMcustom5: Trace Attempt  2	[0.00 s]
0.0.AMcustom5: Trace Attempt  3	[0.00 s]
0.0.AMcustom5: Trace Attempt  4	[0.00 s]
0.0.AMcustom5: Trace Attempt  5	[0.01 s]
0.0.AMcustom5: Trace Attempt  1	[0.01 s]
0.0.AMcustom5: Trace Attempt  2	[0.01 s]
0.0.AMcustom5: Trace Attempt  3	[0.01 s]
0.0.AMcustom5: Trace Attempt  4	[0.01 s]
0.0.AMcustom5: Trace Attempt  5	[0.01 s]
0.0.AMcustom5: Trace Attempt  1	[0.01 s]
0.0.AMcustom3: Trace Attempt  1	[0.06 s]
0.0.AMcustom5: Trace Attempt  2	[0.01 s]
0.0.AMcustom5: Trace Attempt  3	[0.01 s]
0.0.AMcustom3: Trace Attempt  2	[0.07 s]
0.0.AMcustom3: Trace Attempt  3	[0.07 s]
0.0.AMcustom3: Trace Attempt  4	[0.07 s]
0.0.AMcustom5: Trace Attempt  4	[0.02 s]
0.0.AMcustom3: Trace Attempt  5	[0.07 s]
0.0.AMcustom5: Trace Attempt  5	[0.02 s]
0.0.AMcustom5: Trace Attempt  1	[0.03 s]
0.0.AMcustom5: Trace Attempt  2	[0.03 s]
0.0.AMcustom5: Trace Attempt  3	[0.03 s]
0.0.AMcustom5: Trace Attempt  4	[0.03 s]
0.0.AMcustom5: Trace Attempt  5	[0.03 s]
0.0.AMcustom5: Trace Attempt  1	[0.03 s]
0.0.AMcustom5: Trace Attempt  2	[0.04 s]
0.0.AMcustom5: Trace Attempt  3	[0.04 s]
0.0.AMcustom5: Trace Attempt  4	[0.04 s]
0.0.Bm: Trace Attempt 10652	[196.77 s]
0.0.AMcustom5: Trace Attempt  5	[0.04 s]
0.0.AMcustom5: Trace Attempt  1	[0.04 s]
0.0.AMcustom5: Trace Attempt  2	[0.05 s]
0.0.AMcustom5: Trace Attempt  3	[0.05 s]
0.0.AMcustom5: Trace Attempt  4	[0.05 s]
0.0.AMcustom5: Trace Attempt  5	[0.05 s]
0.0.Tri: Stopped processing property "i2cStrech.p1"	[8.38 s].
0.0.Tri: Morphing to Ncustom1
0.0.Tri: All properties determined. [0.00 s]
0.0.Tri: Exited with Success (@ 0.00 s)
0.0.Ncustom1: clocks: 1, declared: 1, looping: 0, posedge: 1, negedge: 0, noedge: 0, bothedge: 0
0.0.Ncustom1: Starting proof for property "i2cStrech.p1"	[0.00 s].
0.0.AMcustom5: Trace Attempt  1	[0.11 s]
0.0.AMcustom5: Trace Attempt  2	[0.11 s]
0.0.AMcustom5: Trace Attempt  3	[0.11 s]
0.0.AMcustom5: Trace Attempt  4	[0.11 s]
0.0.AMcustom5: Trace Attempt  5	[0.11 s]
0.0.AMcustom5: Trace Attempt  1	[0.11 s]
0.0.AMcustom5: Trace Attempt  2	[0.11 s]
0.0.AMcustom5: Trace Attempt  3	[0.11 s]
0.0.AMcustom5: Trace Attempt  4	[0.11 s]
0.0.AMcustom5: Trace Attempt  5	[0.11 s]
0.0.AMcustom5: Trace Attempt  1	[0.12 s]
0.0.AMcustom5: Trace Attempt  2	[0.12 s]
0.0.AMcustom5: Trace Attempt  3	[0.12 s]
0.0.AMcustom5: Trace Attempt  4	[0.12 s]
0.0.AMcustom5: Trace Attempt  5	[0.12 s]
0.0.Tricustom8: Stopped processing property "i2cStrech.p1"	[8.44 s].
0.0.Tricustom8: Morphing to I
0.0.Tricustom8: All properties determined. [0.00 s]
0.0.Tricustom8: Exited with Success (@ 0.00 s)
0.0.I: clocks: 1, declared: 1, looping: 0, posedge: 1, negedge: 0, noedge: 0, bothedge: 0
0.0.I: Starting proof for property "i2cStrech.p1"	[0.00 s].
0.0.AMcustom5: Trace Attempt  1	[0.16 s]
0.0.AMcustom5: Trace Attempt  2	[0.16 s]
0.0.AMcustom5: Trace Attempt  3	[0.16 s]
0.0.AMcustom5: Trace Attempt  4	[0.16 s]
0.0.AMcustom5: Trace Attempt  5	[0.16 s]
0.0.Ncustom1: Trace Attempt 475	[0.09 s]
0.0.AMcustom3: Trace Attempt  1	[0.22 s]
0.0.AMcustom3: Trace Attempt  2	[0.23 s]
0.0.AMcustom3: Trace Attempt  3	[0.23 s]
0.0.AMcustom3: Trace Attempt  5	[0.23 s]
0.0.I: Trace Attempt 475	[0.09 s]
0.0.AMcustom5: Trace Attempt  1	[0.29 s]
0.0.AMcustom5: Trace Attempt  2	[0.29 s]
0.0.AMcustom5: Trace Attempt  3	[0.29 s]
0.0.AMcustom5: Trace Attempt  4	[0.29 s]
0.0.AMcustom5: Trace Attempt  5	[0.29 s]
0.0.AMcustom5: Trace Attempt  1	[0.29 s]
0.0.AMcustom5: Trace Attempt  2	[0.29 s]
0.0.AMcustom5: Trace Attempt  3	[0.29 s]
0.0.AMcustom5: Trace Attempt  4	[0.30 s]
0.0.AMcustom5: Trace Attempt  5	[0.30 s]
0.0.AMcustom5: Trace Attempt  1	[0.30 s]
0.0.AMcustom5: Trace Attempt  2	[0.30 s]
0.0.AMcustom5: Trace Attempt  3	[0.31 s]
0.0.AMcustom5: Trace Attempt  4	[0.31 s]
0.0.AMcustom5: Trace Attempt  5	[0.31 s]
0.0.AMcustom5: Trace Attempt  1	[0.34 s]
0.0.AMcustom5: Trace Attempt  2	[0.34 s]
0.0.AMcustom5: Trace Attempt  3	[0.34 s]
0.0.AMcustom5: Trace Attempt  4	[0.34 s]
0.0.AMcustom5: Trace Attempt  5	[0.34 s]
0.0.AMcustom5: Trace Attempt  1	[0.47 s]
0.0.AMcustom5: Trace Attempt  2	[0.47 s]
0.0.AMcustom5: Trace Attempt  3	[0.47 s]
0.0.AMcustom5: Trace Attempt  4	[0.47 s]
0.0.AMcustom5: Trace Attempt  5	[0.47 s]
0.0.AMcustom3: Trace Attempt  1	[0.85 s]
0.0.AMcustom3: Trace Attempt  2	[0.86 s]
0.0.AMcustom3: Trace Attempt  3	[0.86 s]
0.0.AMcustom3: Trace Attempt  4	[0.86 s]
0.0.AMcustom3: Trace Attempt  5	[0.86 s]
0.0.Ht: Trace Attempt 12024	[197.76 s]
0.0.AMcustom5: Trace Attempt  1	[1.06 s]
0.0.AMcustom5: Trace Attempt  2	[1.06 s]
0.0.AMcustom5: Trace Attempt  3	[1.06 s]
0.0.AMcustom5: Trace Attempt  4	[1.06 s]
0.0.AMcustom5: Trace Attempt  5	[1.06 s]
0.0.AMcustom5: Trace Attempt  1	[1.06 s]
0.0.AMcustom5: Trace Attempt  2	[1.06 s]
0.0.AMcustom5: Trace Attempt  3	[1.06 s]
0.0.AMcustom5: Trace Attempt  4	[1.07 s]
0.0.AMcustom5: Trace Attempt  5	[1.07 s]
0.0.AMcustom5: Trace Attempt  1	[1.07 s]
0.0.AMcustom5: Trace Attempt  2	[1.07 s]
0.0.AMcustom5: Trace Attempt  3	[1.07 s]
0.0.AMcustom5: Trace Attempt  4	[1.08 s]
0.0.AMcustom5: Trace Attempt  5	[1.08 s]
0.0.Hp: Trace Attempt 3416	[197.90 s]
0.0.AMcustom5: Trace Attempt  1	[1.11 s]
0.0.AMcustom5: Trace Attempt  2	[1.11 s]
0.0.AMcustom5: Trace Attempt  3	[1.12 s]
0.0.AMcustom5: Trace Attempt  4	[1.12 s]
0.0.AMcustom5: Trace Attempt  5	[1.12 s]
0.0.AMcustom5: Trace Attempt  1	[1.24 s]
0.0.AMcustom5: Trace Attempt  2	[1.24 s]
0.0.AMcustom5: Trace Attempt  3	[1.24 s]
0.0.AMcustom5: Trace Attempt  4	[1.24 s]
0.0.AMcustom5: Trace Attempt  5	[1.24 s]
0.0.AMcustom5: Trace Attempt  1	[1.80 s]
0.0.AMcustom5: Trace Attempt  2	[1.81 s]
0.0.AMcustom5: Trace Attempt  3	[1.81 s]
0.0.AMcustom5: Trace Attempt  4	[1.81 s]
0.0.AMcustom5: Trace Attempt  5	[1.81 s]
0.0.Ncustom1: Trace Attempt  1	[2.01 s]
0.0.Ncustom1: Trace Attempt  2	[2.01 s]
0.0.Ncustom1: Trace Attempt  3	[2.01 s]
0.0.Ncustom1: Trace Attempt  4	[2.01 s]
0.0.Ncustom1: Trace Attempt  5	[2.02 s]
0.0.I: Trace Attempt  1	[2.06 s]
0.0.I: Trace Attempt  2	[2.06 s]
0.0.I: Trace Attempt  3	[2.06 s]
0.0.AMcustom3: Trace Attempt  1	[3.65 s]
0.0.AMcustom3: Trace Attempt  2	[3.65 s]
0.0.AMcustom3: Trace Attempt  3	[3.65 s]
0.0.AMcustom3: Trace Attempt  4	[3.65 s]
0.0.AMcustom3: Trace Attempt  5	[3.65 s]
0.0.AMcustom5: Trace Attempt  1	[3.98 s]
0.0.AMcustom5: Trace Attempt  2	[3.99 s]
0.0.AMcustom5: Trace Attempt  3	[3.99 s]
0.0.AMcustom5: Trace Attempt  4	[3.99 s]
0.0.AMcustom5: Trace Attempt  5	[3.99 s]
0.0.AMcustom5: Trace Attempt  1	[3.99 s]
0.0.AMcustom5: Trace Attempt  2	[3.99 s]
0.0.AMcustom5: Trace Attempt  3	[3.99 s]
0.0.AMcustom5: Trace Attempt  4	[3.99 s]
0.0.AMcustom5: Trace Attempt  5	[3.99 s]
0.0.AMcustom5: Trace Attempt  1	[4.00 s]
0.0.AMcustom5: Trace Attempt  2	[4.00 s]
0.0.AMcustom5: Trace Attempt  3	[4.00 s]
0.0.AMcustom5: Trace Attempt  4	[4.00 s]
0.0.AMcustom5: Trace Attempt  5	[4.00 s]
0.0.AMcustom5: Trace Attempt  1	[4.04 s]
0.0.AMcustom5: Trace Attempt  2	[4.04 s]
0.0.AMcustom5: Trace Attempt  3	[4.04 s]
0.0.AMcustom5: Trace Attempt  4	[4.04 s]
0.0.AMcustom5: Trace Attempt  5	[4.04 s]
0.0.Bm: Trace Attempt 10722	[200.83 s]
0.0.AMcustom5: Trace Attempt  1	[4.17 s]
0.0.AMcustom5: Trace Attempt  2	[4.17 s]
0.0.AMcustom5: Trace Attempt  3	[4.17 s]
0.0.AMcustom5: Trace Attempt  4	[4.18 s]
0.0.AMcustom5: Trace Attempt  5	[4.18 s]
0.0.AMcustom5: Trace Attempt  1	[4.70 s]
0.0.AMcustom5: Trace Attempt  2	[4.70 s]
0.0.AMcustom5: Trace Attempt  3	[4.70 s]
0.0.AMcustom5: Trace Attempt  4	[4.70 s]
0.0.AMcustom5: Trace Attempt  5	[4.70 s]
0.0.ADcustom7: Trace Attempt 127	[17.38 s]
0.0.Hp: Trace Attempt 3450	[201.91 s]
0.0.ADcustom7: Trace Attempt  1	[17.77 s]
0.0.ADcustom7: Trace Attempt  2	[17.78 s]
0.0.ADcustom7: Trace Attempt  3	[17.78 s]
0.0.Ncustom1: Trace Attempt 143	[6.04 s]
0.0.Bcustom2: Trace Attempt  1	[14.59 s]
0.0.Bcustom2: Trace Attempt  2	[14.59 s]
0.0.Bcustom2: Trace Attempt  3	[14.59 s]
0.0.Bcustom2: Trace Attempt  4	[14.59 s]
0.0.Bcustom2: Trace Attempt  5	[14.59 s]
0.0.AMcustom5: Trace Attempt  1	[6.70 s]
0.0.AMcustom5: Trace Attempt  2	[6.70 s]
0.0.AMcustom5: Trace Attempt  3	[6.71 s]
0.0.AMcustom5: Trace Attempt  4	[6.71 s]
0.0.AMcustom5: Trace Attempt  5	[6.71 s]
0.0.AMcustom3: Trace Attempt 147	[7.72 s]
0.0.Bm: Trace Attempt 10791	[204.85 s]
0.0.I: Trace Attempt 127	[8.21 s]
0.0.Ht: Trace Attempt 12029	[205.31 s]
0.0.Hp: Trace Attempt 3484	[205.96 s]
0.0.Ncustom1: Trace Attempt 184	[10.21 s]
0.0.Bcustom2: Trace Attempt 1614	[18.59 s]
0.0.AMcustom5: Trace Attempt 156	[10.74 s]
0.0.AMcustom3: Trace Attempt 218	[11.72 s]
0.0.ADcustom7: Trace Attempt 127	[24.32 s]
0.0.Bm: Trace Attempt 10854	[208.90 s]
0.0.Ht: Trace Attempt 12040	[209.50 s]
0.0.Hp: Trace Attempt 3518	[210.07 s]
0.0.AMcustom3: Trace Attempt  1	[14.14 s]
0.0.AMcustom3: Trace Attempt  2	[14.14 s]
0.0.AMcustom3: Trace Attempt  3	[14.15 s]
0.0.AMcustom3: Trace Attempt  4	[14.15 s]
0.0.AMcustom3: Trace Attempt  5	[14.15 s]
0.0.Ncustom1: Trace Attempt 206	[14.41 s]
0.0.AMcustom5: Trace Attempt 232	[14.79 s]
0.0.AMcustom3: Trace Attempt 96	[15.74 s]
0.0.AMcustom3: Stopped processing property "i2cStrech.p1"	[15.75 s].
0.0.AMcustom3: Morphing to D
0.0.AMcustom3: All properties determined. [0.00 s]
0.0.AMcustom3: Exited with Success (@ 0.00 s)
0.0.I: Trace Attempt 130	[8.72 s]
0.0.I: Stopped processing property "i2cStrech.p1"	[15.57 s].
0.0.I: Morphing to Tricustom8
0.0.I: All properties determined. [0.00 s]
0.0.I: Exited with Success (@ 0.00 s)
0.0.D: clocks: 1, declared: 1, looping: 0, posedge: 1, negedge: 0, noedge: 0, bothedge: 0
0.0.D: Starting proof for property "i2cStrech.p1"	[0.00 s].
0.0.Tricustom8: clocks: 1, declared: 1, looping: 0, posedge: 1, negedge: 0, noedge: 0, bothedge: 0
0.0.Tricustom8: Starting proof for property "i2cStrech.p1"	[0.00 s].
0.0.Tricustom8: Trace Attempt  1	[0.00 s]
0.0.AMcustom5: Trace Attempt 205	[15.70 s]
0.0.AMcustom5: Stopped processing property "i2cStrech.p1"	[15.71 s].
0.0.AMcustom5: Morphing to M
0.0.AMcustom5: All properties determined. [0.00 s]
0.0.AMcustom5: Exited with Success (@ 0.00 s)
0.0.M: clocks: 1, declared: 1, looping: 0, posedge: 1, negedge: 0, noedge: 0, bothedge: 0
0.0.M: Starting proof for property "i2cStrech.p1"	[0.00 s].
0.0.M: Trace Attempt  1	[0.00 s]
0.0.M: Trace Attempt  2	[0.00 s]
0.0.M: Trace Attempt  3	[0.00 s]
0.0.D: Trace Attempt 129	[0.02 s]
0.0.M: Trace Attempt  4	[0.01 s]
0.0.M: Trace Attempt  5	[0.01 s]
0.0.Bcustom2: Trace Attempt 2049	[22.57 s]
0.0.Bcustom2: Stopped processing property "i2cStrech.p1"	[24.14 s].
0.0.Bcustom2: Morphing to Tri
0.0.Bcustom2: All properties determined. [0.00 s]
0.0.Bcustom2: Exited with Success (@ 0.00 s)
0.0.Tri: clocks: 1, declared: 1, looping: 0, posedge: 1, negedge: 0, noedge: 0, bothedge: 0
0.0.Tri: Starting proof for property "i2cStrech.p1"	[0.00 s].
0.0.Tri: Trace Attempt  1	[0.00 s]
0.0.Tri:    0.00" ---- Launching main thread ----
0.0.Tri:    0.05" ---- Launching abstraction thread ----
0.0.Tri:    0.05" ---- Launching multi-phase simplification thread ----
0.0.Tri:    0.07" ---- Launching liveness simplification thread ----
0.0.Bm: Trace Attempt 10918	[212.91 s]
0.0.Tri:    0.91" Simplification phase 1 complete
0.0.Tri:    0.96" ---- Completed liveness simplification thread ----
0.0.Tri:    1.39" Simplification phase 2 complete
0.0.Ht: Trace Attempt 12046	[214.05 s]
0.0.Hp: Trace Attempt 3552	[214.17 s]
0.0.Tri:    1.62" Simplification phase 3 complete
   1.62" ---- Completed simplification thread ----
0.0.Tri:    1.63" ---- Restarting main thread on simplified netlist ----
0.0.Tri:    1.67" ---- Restarting abstraction thread on simplified netlist ----
0.0.Ncustom1: Trace Attempt 225	[18.53 s]
0.0.M: Trace Attempt 126	[4.09 s]
0.0.Bm: Trace Attempt 10983	[216.97 s]
0.0.Hp: Trace Attempt 3585	[218.20 s]
0.0.Ncustom1: Trace Attempt 249	[22.64 s]
0.0.M: Trace Attempt 185	[8.12 s]
0.0.Bm: Trace Attempt 11045	[220.98 s]
0.0.Hp: Trace Attempt 3617	[222.24 s]
0.0.Ncustom1: Trace Attempt 277	[26.65 s]
0.0.Bm: Trace Attempt 11119	[225.01 s]
0.0.M: Trace Attempt 236	[12.56 s]
0.0.Hp: Trace Attempt 3649	[226.28 s]
0.0.Ht: Trace Attempt 12051	[227.02 s]
0.0.Ncustom1: Trace Attempt 307	[30.67 s]
0.0.Bm: Trace Attempt 11187	[229.04 s]
0.0.M: Trace Attempt 250	[16.70 s]
0.0.Hp: Trace Attempt 3681	[230.29 s]
0.0.Ht: Trace Attempt 12061	[231.22 s]
0.0.Ncustom1: Trace Attempt 341	[34.92 s]
0.0.Bm: Trace Attempt 11256	[233.08 s]
0.0.M: Trace Attempt 276	[20.84 s]
0.0.Hp: Trace Attempt 3713	[234.33 s]
0.0.Ht: Trace Attempt 12071	[235.29 s]
0.0.Ncustom1: Trace Attempt 364	[39.08 s]
0.0.ADcustom7: Trace Attempt 247	[51.79 s]
0.0.Bm: Trace Attempt 11315	[237.08 s]
0.0.M: Trace Attempt 300	[24.85 s]
0.0.Hp: Trace Attempt 3744	[238.34 s]
0.0.Ncustom1: Trace Attempt 386	[43.10 s]
0.0.Bm: Trace Attempt 11376	[241.10 s]
0.0.ADcustom7: Trace Attempt 255	[56.89 s]
0.0.M: Trace Attempt 324	[29.00 s]
0.0.Hp: Trace Attempt 3775	[242.34 s]
0.0.ADcustom7: Trace Attempt  1	[59.41 s]
0.0.ADcustom7: Trace Attempt  2	[59.41 s]
0.0.ADcustom7: Trace Attempt  3	[59.41 s]
0.0.ADcustom7: Trace Attempt  4	[59.41 s]
0.0.ADcustom7: Trace Attempt  5	[59.41 s]
0.0.ADcustom7: Trace Attempt  1	[59.41 s]
0.0.ADcustom7: Trace Attempt  2	[59.41 s]
0.0.ADcustom7: Trace Attempt  3	[59.41 s]
0.0.ADcustom7: Trace Attempt  1	[59.42 s]
0.0.ADcustom7: Trace Attempt  2	[59.42 s]
0.0.ADcustom7: Trace Attempt  3	[59.42 s]
0.0.ADcustom7: Trace Attempt  1	[59.48 s]
0.0.ADcustom7: Trace Attempt  2	[59.48 s]
0.0.ADcustom7: Trace Attempt  3	[59.48 s]
0.0.Ncustom1: Trace Attempt 413	[47.21 s]
0.0.ADcustom7: Trace Attempt  1	[59.77 s]
0.0.ADcustom7: Trace Attempt  2	[59.77 s]
0.0.ADcustom7: Trace Attempt  3	[59.78 s]
0.0.D: Stopped processing property "i2cStrech.p1"	[32.71 s].
0.0.D: Morphing to AMcustom3
0.0.D: All properties determined. [0.00 s]
0.0.D: Exited with Success (@ 0.00 s)
0.0.AMcustom3: clocks: 1, declared: 1, looping: 0, posedge: 1, negedge: 0, noedge: 0, bothedge: 0
0.0.AMcustom3: Starting proof for property "i2cStrech.p1"	[0.00 s].
0.0.AMcustom3: Trace Attempt  1	[0.00 s]
0.0.AMcustom3: Trace Attempt  2	[0.00 s]
0.0.AMcustom3: Trace Attempt  3	[0.00 s]
0.0.AMcustom3: Trace Attempt  4	[0.00 s]
0.0.AMcustom3: Trace Attempt  5	[0.00 s]
0.0.AMcustom3: Trace Attempt  1	[0.00 s]
0.0.AMcustom3: Trace Attempt  2	[0.01 s]
0.0.AMcustom3: Trace Attempt  3	[0.01 s]
0.0.AMcustom3: Trace Attempt  4	[0.01 s]
0.0.AMcustom3: Trace Attempt  5	[0.01 s]
0.0.Bm: Trace Attempt 11437	[245.16 s]
0.0.AMcustom3: Trace Attempt  1	[0.02 s]
0.0.AMcustom3: Trace Attempt  2	[0.02 s]
0.0.AMcustom3: Trace Attempt  3	[0.02 s]
0.0.M: Trace Attempt 342	[32.63 s]
0.0.M: Stopped processing property "i2cStrech.p1"	[32.72 s].
0.0.M: Morphing to AMcustom5
0.0.AMcustom3: Trace Attempt  4	[0.03 s]
0.0.AMcustom3: Trace Attempt  5	[0.03 s]
0.0.M: All properties determined. [0.00 s]
0.0.M: Exited with Success (@ 0.00 s)
0.0.AMcustom5: clocks: 1, declared: 1, looping: 0, posedge: 1, negedge: 0, noedge: 0, bothedge: 0
0.0.AMcustom5: Starting proof for property "i2cStrech.p1"	[0.00 s].
0.0.AMcustom5: Trace Attempt  1	[0.00 s]
0.0.AMcustom5: Trace Attempt  2	[0.00 s]
0.0.AMcustom5: Trace Attempt  1	[0.00 s]
0.0.AMcustom5: Trace Attempt  2	[0.00 s]
0.0.AMcustom5: Trace Attempt  3	[0.00 s]
0.0.AMcustom5: Trace Attempt  4	[0.00 s]
0.0.AMcustom5: Trace Attempt  5	[0.00 s]
0.0.AMcustom5: Trace Attempt  1	[0.01 s]
0.0.AMcustom5: Trace Attempt  2	[0.01 s]
0.0.AMcustom5: Trace Attempt  3	[0.01 s]
0.0.AMcustom5: Trace Attempt  4	[0.01 s]
0.0.AMcustom5: Trace Attempt  5	[0.01 s]
0.0.AMcustom5: Trace Attempt  1	[0.01 s]
0.0.Ncustom1: Trace Attempt 420	[48.23 s]
0.0.Ncustom1: Stopped processing property "i2cStrech.p1"	[48.38 s].
0.0.Ncustom1: Morphing to Bcustom2
0.0.AMcustom5: Trace Attempt  2	[0.01 s]
0.0.AMcustom5: Trace Attempt  3	[0.01 s]
0.0.AMcustom5: Trace Attempt  4	[0.01 s]
0.0.AMcustom5: Trace Attempt  5	[0.01 s]
0.0.Ncustom1: All properties determined. [0.00 s]
0.0.Ncustom1: Exited with Success (@ 0.00 s)
0.0.Bcustom2: clocks: 1, declared: 1, looping: 0, posedge: 1, negedge: 0, noedge: 0, bothedge: 0
0.0.Bcustom2: Starting proof for property "i2cStrech.p1"	[0.00 s].
0.0.Bcustom2: Trace Attempt  1	[0.00 s]
0.0.Bcustom2: Trace Attempt  2	[0.00 s]
0.0.Bcustom2: Trace Attempt  1	[0.00 s]
0.0.Bcustom2: Trace Attempt  2	[0.00 s]
0.0.Bcustom2: Trace Attempt  3	[0.00 s]
0.0.Bcustom2: Trace Attempt  4	[0.00 s]
0.0.Bcustom2: Trace Attempt  5	[0.00 s]
0.0.Bcustom2: Trace Attempt  1	[0.00 s]
0.0.Bcustom2: Trace Attempt  2	[0.00 s]
0.0.Bcustom2: Trace Attempt  3	[0.00 s]
0.0.Bcustom2: Trace Attempt  4	[0.00 s]
0.0.Bcustom2: Trace Attempt  5	[0.00 s]
0.0.AMcustom5: Trace Attempt  1	[0.02 s]
0.0.AMcustom5: Trace Attempt  2	[0.02 s]
0.0.AMcustom5: Trace Attempt  3	[0.02 s]
0.0.AMcustom5: Trace Attempt  4	[0.02 s]
0.0.AMcustom5: Trace Attempt  5	[0.02 s]
0.0.AMcustom5: Trace Attempt  1	[0.03 s]
0.0.Bcustom2: Trace Attempt  1	[0.01 s]
0.0.Bcustom2: Trace Attempt  2	[0.01 s]
0.0.Bcustom2: Trace Attempt  3	[0.01 s]
0.0.Bcustom2: Trace Attempt  4	[0.01 s]
0.0.Bcustom2: Trace Attempt  5	[0.01 s]
0.0.AMcustom5: Trace Attempt  2	[0.03 s]
0.0.AMcustom5: Trace Attempt  3	[0.03 s]
0.0.Tricustom8: Stopped processing property "i2cStrech.p1"	[32.76 s].
0.0.AMcustom5: Trace Attempt  4	[0.03 s]
0.0.AMcustom5: Trace Attempt  5	[0.03 s]
0.0.Tricustom8: Morphing to I
0.0.Tricustom8: All properties determined. [0.00 s]
0.0.Tricustom8: Exited with Success (@ 0.00 s)
0.0.I: clocks: 1, declared: 1, looping: 0, posedge: 1, negedge: 0, noedge: 0, bothedge: 0
0.0.I: Starting proof for property "i2cStrech.p1"	[0.00 s].
0.0.AMcustom3: Trace Attempt  1	[0.07 s]
0.0.Bcustom2: Trace Attempt  1	[0.01 s]
0.0.Bcustom2: Trace Attempt  2	[0.01 s]
0.0.Bcustom2: Trace Attempt  3	[0.01 s]
0.0.Bcustom2: Trace Attempt  4	[0.01 s]
0.0.Bcustom2: Trace Attempt  5	[0.01 s]
0.0.AMcustom3: Trace Attempt  2	[0.07 s]
0.0.AMcustom3: Trace Attempt  3	[0.07 s]
0.0.AMcustom3: Trace Attempt  4	[0.07 s]
0.0.AMcustom5: Trace Attempt  1	[0.04 s]
0.0.AMcustom3: Trace Attempt  5	[0.07 s]
0.0.AMcustom5: Trace Attempt  2	[0.04 s]
0.0.AMcustom5: Trace Attempt  3	[0.04 s]
0.0.AMcustom5: Trace Attempt  4	[0.04 s]
0.0.AMcustom5: Trace Attempt  5	[0.04 s]
0.0.Bcustom2: Trace Attempt  1	[0.03 s]
0.0.Bcustom2: Trace Attempt  2	[0.03 s]
0.0.Bcustom2: Trace Attempt  3	[0.03 s]
0.0.Bcustom2: Trace Attempt  4	[0.03 s]
0.0.Bcustom2: Trace Attempt  5	[0.03 s]
0.0.Bcustom2: Trace Attempt  1	[0.06 s]
0.0.Bcustom2: Trace Attempt  2	[0.06 s]
0.0.Bcustom2: Trace Attempt  3	[0.06 s]
0.0.Bcustom2: Trace Attempt  4	[0.06 s]
0.0.Bcustom2: Trace Attempt  5	[0.06 s]
0.0.AMcustom5: Trace Attempt  1	[0.09 s]
0.0.AMcustom5: Trace Attempt  2	[0.09 s]
0.0.AMcustom5: Trace Attempt  3	[0.09 s]
0.0.AMcustom5: Trace Attempt  4	[0.09 s]
0.0.AMcustom5: Trace Attempt  5	[0.09 s]
0.0.AMcustom5: Trace Attempt  1	[0.09 s]
0.0.AMcustom5: Trace Attempt  2	[0.09 s]
0.0.AMcustom5: Trace Attempt  3	[0.09 s]
0.0.AMcustom5: Trace Attempt  4	[0.10 s]
0.0.AMcustom5: Trace Attempt  5	[0.10 s]
0.0.AMcustom5: Trace Attempt  1	[0.10 s]
0.0.AMcustom5: Trace Attempt  2	[0.10 s]
0.0.AMcustom5: Trace Attempt  3	[0.10 s]
0.0.AMcustom5: Trace Attempt  4	[0.10 s]
0.0.AMcustom5: Trace Attempt  5	[0.11 s]
0.0.ADcustom7: Trace Attempt  1	[61.02 s]
0.0.ADcustom7: Trace Attempt  2	[61.02 s]
0.0.ADcustom7: Trace Attempt  3	[61.02 s]
0.0.I: Trace Attempt 475	[0.09 s]
0.0.AMcustom5: Trace Attempt  1	[0.14 s]
0.0.AMcustom5: Trace Attempt  2	[0.14 s]
0.0.AMcustom5: Trace Attempt  3	[0.14 s]
0.0.AMcustom5: Trace Attempt  4	[0.14 s]
0.0.AMcustom5: Trace Attempt  5	[0.15 s]
0.0.Bcustom2: Trace Attempt  1	[0.13 s]
0.0.Bcustom2: Trace Attempt  2	[0.14 s]
0.0.Bcustom2: Trace Attempt  3	[0.14 s]
0.0.Bcustom2: Trace Attempt  4	[0.14 s]
0.0.Bcustom2: Trace Attempt  5	[0.14 s]
0.0.AMcustom3: Trace Attempt  1	[0.23 s]
0.0.AMcustom3: Trace Attempt  2	[0.23 s]
0.0.AMcustom3: Trace Attempt  3	[0.23 s]
0.0.AMcustom3: Trace Attempt  5	[0.23 s]
0.0.AMcustom5: Trace Attempt  1	[0.27 s]
0.0.AMcustom5: Trace Attempt  2	[0.27 s]
0.0.AMcustom5: Trace Attempt  3	[0.27 s]
0.0.AMcustom5: Trace Attempt  4	[0.28 s]
0.0.AMcustom5: Trace Attempt  5	[0.28 s]
0.0.AMcustom5: Trace Attempt  1	[0.28 s]
0.0.AMcustom5: Trace Attempt  2	[0.28 s]
0.0.AMcustom5: Trace Attempt  3	[0.28 s]
0.0.AMcustom5: Trace Attempt  4	[0.28 s]
0.0.AMcustom5: Trace Attempt  5	[0.28 s]
0.0.AMcustom5: Trace Attempt  1	[0.29 s]
0.0.AMcustom5: Trace Attempt  2	[0.29 s]
0.0.AMcustom5: Trace Attempt  3	[0.29 s]
0.0.AMcustom5: Trace Attempt  4	[0.29 s]
0.0.AMcustom5: Trace Attempt  5	[0.29 s]
0.0.AMcustom5: Trace Attempt  1	[0.32 s]
0.0.AMcustom5: Trace Attempt  2	[0.32 s]
0.0.AMcustom5: Trace Attempt  3	[0.32 s]
0.0.AMcustom5: Trace Attempt  4	[0.33 s]
0.0.AMcustom5: Trace Attempt  5	[0.33 s]
0.0.AMcustom5: Trace Attempt  1	[0.45 s]
0.0.AMcustom5: Trace Attempt  2	[0.45 s]
0.0.AMcustom5: Trace Attempt  3	[0.45 s]
0.0.AMcustom5: Trace Attempt  4	[0.46 s]
0.0.AMcustom5: Trace Attempt  5	[0.46 s]
0.0.AMcustom3: Trace Attempt  1	[0.85 s]
0.0.AMcustom3: Trace Attempt  2	[0.86 s]
0.0.AMcustom3: Trace Attempt  3	[0.86 s]
0.0.AMcustom3: Trace Attempt  4	[0.86 s]
0.0.AMcustom3: Trace Attempt  5	[0.86 s]
0.0.AMcustom5: Trace Attempt  1	[1.02 s]
0.0.AMcustom5: Trace Attempt  2	[1.02 s]
0.0.AMcustom5: Trace Attempt  3	[1.02 s]
0.0.AMcustom5: Trace Attempt  4	[1.02 s]
0.0.AMcustom5: Trace Attempt  5	[1.02 s]
0.0.AMcustom5: Trace Attempt  1	[1.02 s]
0.0.AMcustom5: Trace Attempt  2	[1.02 s]
0.0.AMcustom5: Trace Attempt  3	[1.02 s]
0.0.AMcustom5: Trace Attempt  4	[1.03 s]
0.0.AMcustom5: Trace Attempt  5	[1.03 s]
0.0.AMcustom5: Trace Attempt  1	[1.03 s]
0.0.AMcustom5: Trace Attempt  2	[1.04 s]
0.0.AMcustom5: Trace Attempt  3	[1.04 s]
0.0.AMcustom5: Trace Attempt  4	[1.04 s]
0.0.AMcustom5: Trace Attempt  5	[1.04 s]
0.0.AMcustom5: Trace Attempt  1	[1.07 s]
0.0.AMcustom5: Trace Attempt  2	[1.07 s]
0.0.AMcustom5: Trace Attempt  3	[1.07 s]
0.0.AMcustom5: Trace Attempt  4	[1.07 s]
0.0.AMcustom5: Trace Attempt  5	[1.08 s]
0.0.Bcustom2: Trace Attempt  1	[1.06 s]
0.0.Bcustom2: Trace Attempt  2	[1.06 s]
0.0.Bcustom2: Trace Attempt  3	[1.06 s]
0.0.Bcustom2: Trace Attempt  4	[1.06 s]
0.0.Bcustom2: Trace Attempt  5	[1.06 s]
0.0.Hp: Trace Attempt 3806	[246.37 s]
0.0.AMcustom5: Trace Attempt  1	[1.20 s]
0.0.AMcustom5: Trace Attempt  2	[1.20 s]
0.0.AMcustom5: Trace Attempt  3	[1.20 s]
0.0.AMcustom5: Trace Attempt  4	[1.20 s]
0.0.AMcustom5: Trace Attempt  5	[1.20 s]
0.0.AMcustom5: Trace Attempt  1	[1.80 s]
0.0.AMcustom5: Trace Attempt  2	[1.80 s]
0.0.AMcustom5: Trace Attempt  3	[1.80 s]
0.0.AMcustom5: Trace Attempt  4	[1.81 s]
0.0.AMcustom5: Trace Attempt  5	[1.81 s]
0.0.I: Trace Attempt  1	[2.10 s]
0.0.I: Trace Attempt  2	[2.10 s]
0.0.I: Trace Attempt  3	[2.10 s]
0.0.AMcustom3: Trace Attempt  1	[3.64 s]
0.0.AMcustom3: Trace Attempt  2	[3.64 s]
0.0.AMcustom3: Trace Attempt  3	[3.64 s]
0.0.AMcustom3: Trace Attempt  4	[3.64 s]
0.0.AMcustom3: Trace Attempt  5	[3.65 s]
0.0.AMcustom5: Trace Attempt  1	[3.96 s]
0.0.AMcustom5: Trace Attempt  2	[3.96 s]
0.0.AMcustom5: Trace Attempt  3	[3.97 s]
0.0.AMcustom5: Trace Attempt  4	[3.97 s]
0.0.AMcustom5: Trace Attempt  5	[3.97 s]
0.0.AMcustom5: Trace Attempt  1	[3.97 s]
0.0.AMcustom5: Trace Attempt  2	[3.97 s]
0.0.AMcustom5: Trace Attempt  3	[3.97 s]
0.0.AMcustom5: Trace Attempt  4	[3.97 s]
0.0.AMcustom5: Trace Attempt  5	[3.97 s]
0.0.AMcustom5: Trace Attempt  1	[3.98 s]
0.0.AMcustom5: Trace Attempt  2	[3.98 s]
0.0.AMcustom5: Trace Attempt  3	[3.98 s]
0.0.AMcustom5: Trace Attempt  4	[3.98 s]
0.0.AMcustom5: Trace Attempt  5	[3.98 s]
0.0.Bm: Trace Attempt 11494	[249.19 s]
0.0.AMcustom5: Trace Attempt  1	[4.02 s]
0.0.AMcustom5: Trace Attempt  2	[4.02 s]
0.0.AMcustom5: Trace Attempt  3	[4.02 s]
0.0.AMcustom5: Trace Attempt  4	[4.02 s]
0.0.AMcustom5: Trace Attempt  5	[4.02 s]
0.0.AMcustom5: Trace Attempt  1	[4.16 s]
0.0.AMcustom5: Trace Attempt  2	[4.16 s]
0.0.AMcustom5: Trace Attempt  3	[4.16 s]
0.0.AMcustom5: Trace Attempt  4	[4.16 s]
0.0.AMcustom5: Trace Attempt  5	[4.16 s]
0.0.Bcustom2: Trace Attempt  1	[4.57 s]
0.0.Bcustom2: Trace Attempt  2	[4.57 s]
0.0.Bcustom2: Trace Attempt  3	[4.57 s]
0.0.Bcustom2: Trace Attempt  4	[4.57 s]
0.0.Bcustom2: Trace Attempt  5	[4.57 s]
0.0.AMcustom5: Trace Attempt  1	[4.71 s]
0.0.AMcustom5: Trace Attempt  2	[4.71 s]
0.0.AMcustom5: Trace Attempt  3	[4.71 s]
0.0.AMcustom5: Trace Attempt  4	[4.71 s]
0.0.AMcustom5: Trace Attempt  5	[4.71 s]
0.0.Hp: Trace Attempt 3837	[250.44 s]
0.0.AMcustom5: Trace Attempt  1	[6.82 s]
0.0.AMcustom5: Trace Attempt  2	[6.83 s]
0.0.AMcustom5: Trace Attempt  3	[6.83 s]
0.0.AMcustom5: Trace Attempt  4	[6.83 s]
0.0.AMcustom5: Trace Attempt  5	[6.83 s]
0.0.ADcustom7: Trace Attempt 127	[68.03 s]
0.0.ADcustom7: Trace Attempt  1	[68.43 s]
0.0.ADcustom7: Trace Attempt  2	[68.43 s]
0.0.ADcustom7: Trace Attempt  3	[68.43 s]
0.0.AMcustom3: Trace Attempt 145	[7.68 s]
0.0.Ht: Trace Attempt 12080	[252.84 s]
0.0.Bm: Trace Attempt 11555	[253.23 s]
0.0.I: Trace Attempt 127	[8.31 s]
0.0.Hp: Trace Attempt 3867	[254.46 s]
0.0.Bcustom2: Requesting engine job to terminate
0.0.AMcustom3: Requesting engine job to terminate
0.0.Tri: Requesting engine job to terminate
0.0.AMcustom5: Requesting engine job to terminate
0.0.ADcustom7: Requesting engine job to terminate
0.0.I: Requesting engine job to terminate
0.0.Hp: Requesting engine job to terminate
0.0.Ht: Requesting engine job to terminate
0.0.Bm: Requesting engine job to terminate
INFO (IPF144): 0: Initiating shutdown of proof [254.75 s]
0.0.Tri: A proof was found: No trace exists. [42.11 s]
INFO (IPF057): 0.0.Tri: The property "i2cStrech.p1" was proven in 42.11 s.
0.0.I: Trace Attempt 130	[8.84 s]
0.0.I: Stopped processing property "i2cStrech.p1"	[9.48 s].
0.0.I: All properties determined. [9.48 s]
0.0.AMcustom5: Trace Attempt 123	[9.51 s]
0.0.AMcustom5: Stopped processing property "i2cStrech.p1"	[9.52 s].
0.0.AMcustom5: All properties determined. [9.52 s]
0.0.ADcustom7: Trace Attempt 67	[69.86 s]
0.0.ADcustom7: Stopped processing property "i2cStrech.p1"	[70.43 s].
0.0.ADcustom7: All properties determined. [70.43 s]
0.0.AMcustom5: Exited with Success (@ 254.77 s)
0: ProofGrid usable level: 0
0.0.I: Exited with Success (@ 254.77 s)
0.0.ADcustom7: Exited with Success (@ 254.77 s)
0.0.AMcustom3: Trace Attempt 176	[9.51 s]
0.0.AMcustom3: Stopped processing property "i2cStrech.p1"	[9.57 s].
0.0.AMcustom3: All properties determined. [9.57 s]
0.0.AMcustom3: Exited with Success (@ 254.81 s)
0.0.Hp: Trace Attempt 3869	[254.73 s]
0.0.Hp: All properties determined. [254.84 s]
0.0.Bm: Trace Attempt 11574	[254.65 s]
0.0.Bm: All properties determined. [254.82 s]
0.0.Bm: Exited with Success (@ 254.92 s)
0.0.Tri: Stopped processing property "i2cStrech.p1"	[42.31 s].
0.0.Tri: All properties determined. [42.31 s]
0.0.Tri: Exited with Success (@ 254.97 s)
0.0.Hp: Exited with Success (@ 255.28 s)
0.0.Ht: Trace Attempt 12084	[254.49 s]
0.0.Ht: All properties determined. [255.60 s]
0.0.Ht: Exited with Success (@ 255.73 s)
0.0.Bcustom2: Sending SIGKILL
0.0.Bcustom2: Stopped processing property "i2cStrech.p1"	[11.73 s].
0.0.Bcustom2: Trace Attempt 1025	[5.70 s]
0.0.Bcustom2: Terminated by signal SIGKILL (@ 256.99 s)
0: --------------------------------------------------------------
ProofGrid Summary (utilization 99.95 %)
--------------------------------------------------------------
     engines started                               :    19
     engine jobs started                           :    12

    Average time in state (seconds)
    ------------------------------------------------------
    Engine  Pending     Running        Dead    Utilization
    ------------------------------------------------------
     Hp        0.08      254.75        0.00       99.97 %
     Ht        0.07      254.68        0.00       99.97 %
     Bm        0.06      254.69        0.00       99.97 %
    Mpcustom4        0.07        0.00        0.00        0.65 %
     Oh        0.08        0.00        0.00        0.47 %
      L        0.07        0.00        0.00        0.82 %
    Bcustom2        0.07      254.30        0.00       99.97 %
    AMcustom3        0.08      252.65        0.00       99.97 %
    Tri        0.08      254.57        0.00       99.97 %
    AMcustom5        0.08       73.45        0.00       99.88 %
    ADcustom7        0.09       73.48        0.00       99.88 %
      I        0.07       72.07        0.00       99.90 %
    all        0.08      145.39        0.00       99.95 %

    Total time in state (seconds)
    -----------------------------------------
            Pending     Running        Dead  
    -----------------------------------------
               0.91     1744.65        0.00

    Data read    : 8.33 MiB
    Data written : 8.89 kiB

0: All pending notifications were processed.
INFO (IPF059): 0: Completed proof on task: "<embedded>"

==============================================================
SUMMARY
==============================================================
           Properties Considered              : 2
                 assertions                   : 1
                  - proven                    : 1 (100%)
                  - bounded_proven (user)     : 0 (0%)
                  - bounded_proven (auto)     : 0 (0%)
                  - marked_proven             : 0 (0%)
                  - cex                       : 0 (0%)
                  - ar_cex                    : 0 (0%)
                  - undetermined              : 0 (0%)
                  - unknown                   : 0 (0%)
                  - error                     : 0 (0%)
                 covers                       : 1
                  - unreachable               : 0 (0%)
                  - bounded_unreachable (user): 0 (0%)
                  - covered                   : 1 (100%)
                  - ar_covered                : 0 (0%)
                  - undetermined              : 0 (0%)
                  - unknown                   : 0 (0%)
                  - error                     : 0 (0%)
determined
[<embedded>] % exit -force
INFO (IPL005): Received request to exit from the console.
INFO (IPL014): Waiting for the Tcl-thread to exit.
INFO: Waiting for proof threads to stop...
INFO: Proof threads stopped.
INFO (IPL018): The peak resident set memory use for this session was 2.589 GB.
INFO (IPL015): The Tcl-thread exited with status 0.
INFO (IPL016): Exiting the analysis session with status 0.
