2025-11-19 23:36:38.810450 (12777) main____ INFO    ----------------------------------------
2025-11-19 23:36:38.810490 (12777) main____ INFO    Jasper version info
2025-11-19 23:36:38.810495 (12777) main____ INFO      tool      : Jasper 2024.06
2025-11-19 23:36:38.810499 (12777) main____ INFO      version   : 2024.06p002 64 bits
2025-11-19 23:36:38.810502 (12777) main____ INFO      build date: 2024.09.02 16:28:38 UTC
2025-11-19 23:36:38.810504 (12777) main____ INFO    ----------------------------------------
2025-11-19 23:36:38.810506 (12777) main____ INFO    Runtime info:
2025-11-19 23:36:38.810508 (12777) main____ INFO      platform  : Linux 3.10.0-1160.62.1.el7.x86_64 x86_64
2025-11-19 23:36:38.810514 (12777) main____ INFO      hostname  : vlsi-ria84
2025-11-19 23:36:38.810518 (12777) main____ INFO      pid       : 12777
2025-11-19 23:36:38.810521 (12777) main____ INFO      arguments : '-style' 'windows' '-proj' '../jgprojects/s1_lcd_3' '-batch' 's1_lcd_3.tcl'
2025-11-19 23:36:38.810523 (12777) main____ INFO      locale    : ANSI_X3.4-1968
2025-11-19 23:36:38.810525 (12777) main____ INFO    ----------------------------------------
2025-11-19 23:36:38.810527 (12777) main____ INFO    System resource limits info:
2025-11-19 23:36:38.810530 (12777) main____ INFO      virtual memory: unlimited
2025-11-19 23:36:38.810533 (12777) main____ INFO      cpu time      : unlimited
2025-11-19 23:36:38.810538 (12777) main____ INFO      processes     : 4096
2025-11-19 23:36:38.810544 (12777) main____ INFO      stack size    : 8388608 B
2025-11-19 23:36:38.810547 (12777) main____ INFO      core file size: 1024 B
2025-11-19 23:36:38.810550 (12777) main____ INFO      open files    : 4096
2025-11-19 23:36:38.810552 (12777) main____ INFO      file size     : unlimited
2025-11-19 23:36:38.810554 (12777) main____ INFO    ----------------------------------------
2025-11-19 23:36:38.810556 (12777) main____ INFO    Memory statistics:
2025-11-19 23:36:38.810558 (12777) main____ INFO      total physical memory  : 65711068 kB
2025-11-19 23:36:38.810561 (12777) main____ INFO      free physical memory   : 50102100 kB
2025-11-19 23:36:38.810563 (12777) main____ INFO      committed address space: 6851964 kB
2025-11-19 23:36:38.810564 (12777) main____ INFO    ----------------------------------------
2025-11-19 23:36:38.811104 (12777) main____ INFO    Important environment variables:
2025-11-19 23:36:38.811116 (12777) main____ INFO      CDS_ASSURA         : '/eda/cadence/2023-24/RHELx86/ASSURA_04.16.115_231'
2025-11-19 23:36:38.811120 (12777) main____ INFO      CDS_AUTO_64BIT     : 'ALL'
2025-11-19 23:36:38.811124 (12777) main____ INFO      CDS_CONFRML        : '/eda/cadence/2023-24/RHELx86/CONFRML_23.10.300'
2025-11-19 23:36:38.811127 (12777) main____ INFO      CDS_DDIEXPORT      : '/eda/cadence/2023-24/RHELx86/DDIEXPORT_22.33.000'
2025-11-19 23:36:38.811130 (12777) main____ INFO      CDS_EMX            : '/eda/cadence/2023-24/RHELx86/EMX_23.10.000'
2025-11-19 23:36:38.811133 (12777) main____ INFO      CDS_GENUS          : '/eda/cadence/2023-24/RHELx86/DDIEXPORT_22.33.000/GENUS221'
2025-11-19 23:36:38.811136 (12777) main____ INFO      CDS_IC             : '/eda/cadence/2023-24/RHELx86/IC_23.10.020'
2025-11-19 23:36:38.811139 (12777) main____ INFO      CDS_INNOVUS        : '/eda/cadence/2023-24/RHELx86/DDIEXPORT_22.33.000/INNOVUS221'
2025-11-19 23:36:38.811143 (12777) main____ INFO      CDS_JLS            : '/eda/cadence/2023-24/RHELx86/DDIEXPORT_22.33.000/JLS221'
2025-11-19 23:36:38.811148 (12777) main____ INFO      CDS_LIC_FILE       : '/etc/local/cadence/license_8x.3868dd0560aa:5280@132.68.59.69:/etc/local/cadence/license_8x.1831bfb82c67:5280@132.68.59.64:/etc/local/cadence/license_8x.0894ef683fc3:5280@132.68.59.79:/etc/local/cadence/license_8x.1831bfb82c67:5280@132.68.59.61'
2025-11-19 23:36:38.811154 (12777) main____ INFO      CDS_LITMUS         : '/eda/cadence/2023-24/RHELx86/LITMUS_23.10.300'
2025-11-19 23:36:38.811158 (12777) main____ INFO      CDS_MODUS          : '/eda/cadence/2023-24/RHELx86/MODUS_22.12.000'
2025-11-19 23:36:38.811161 (12777) main____ INFO      CDS_MVS            : '/eda/cadence/2023-24/RHELx86/MVS_21.12.000'
2025-11-19 23:36:38.811166 (12777) main____ INFO      CDS_Netlisting_Mode: 'Analog'
2025-11-19 23:36:38.811169 (12777) main____ INFO      CDS_PEGASUS        : '/eda/cadence/2023-24/RHELx86/PEGASUS_23.11.000'
2025-11-19 23:36:38.811172 (12777) main____ INFO      CDS_PEGASUSDFM     : '/eda/cadence/2023-24/RHELx86/PEGASUSDFM_23.11.000'
2025-11-19 23:36:38.811175 (12777) main____ INFO      CDS_PVS            : '/eda/cadence/2023-24/RHELx86/PVS_22.22.000'
2025-11-19 23:36:38.811178 (12777) main____ INFO      CDS_QUANTUS        : '/eda/cadence/2023-24/RHELx86/QUANTUS_23.10.000'
2025-11-19 23:36:38.811181 (12777) main____ INFO      CDS_SPECTRE        : '/eda/cadence/2023-24/RHELx86/SPECTRE_23.10.242'
2025-11-19 23:36:38.811184 (12777) main____ INFO      CDS_SSV            : '/eda/cadence/2023-24/RHELx86/SSV_22.13.000'
2025-11-19 23:36:38.811187 (12777) main____ INFO      CDS_USE_PALETTE    : ''
2025-11-19 23:36:38.811190 (12777) main____ INFO      CDS_VERISIUMDEBUG  : '/eda/cadence/2023-24/RHELx86/VERISIUMDEBUG_23.03.001'
2025-11-19 23:36:38.811193 (12777) main____ INFO      CDS_VIPCAT         : '/eda/cadence/2023-24/RHELx86/VIPCAT_11.30.093'
2025-11-19 23:36:38.811197 (12777) main____ INFO      CDS_VMANAGER       : '/eda/cadence/2023-24/RHELx86/VMANAGER_23.03.004'
2025-11-19 23:36:38.811200 (12777) main____ INFO      CDS_XCELIUM        : '/eda/cadence/2023-24/RHELx86/XCELIUM_23.03.007'
2025-11-19 23:36:38.811202 (12777) main____ INFO      DISPLAY            : 'localhost:11.0'
2025-11-19 23:36:38.811205 (12777) main____ INFO      JASPER_CPU_CHECK   : '1'
2025-11-19 23:36:38.811208 (12777) main____ INFO      JASPER_INSTALL_DIR : '/tools/cadence2425/JASPER/jasper_2024.06p002'
2025-11-19 23:36:38.811211 (12777) main____ INFO      JASPER_KERNEL_CHECK: '1'
2025-11-19 23:36:38.811213 (12777) main____ INFO      JASPER_OS_CHECK    : '1'
2025-11-19 23:36:38.811216 (12777) main____ INFO      LANG               : 'C'
2025-11-19 23:36:38.811218 (12777) main____ INFO      TMPDIR             : '/tmp'
2025-11-19 23:36:38.811220 (12777) main____ INFO    ----------------------------------------
2025-11-19 23:36:38.811612 (12777) lic_core INFO    Initializing license system ...
2025-11-19 23:36:38.813605 (12777) lic_core INFO    ... license system initialized.
2025-11-19 23:36:38.820431 (12777) lic__man INFO    Claim 'fpv' for <ui>.
2025-11-19 23:36:38.820459 (12777) lic_core INFO    (1) checking out 'jasper_fpv' ...
2025-11-19 23:36:38.833691 (12777) lic_core INFO    ... (1) checkout failed (error: -5) ("FLEXnet ERROR(-5, 0, 0): No such feature exists.")
2025-11-19 23:36:38.833706 (12777) lic_core INFO    (2) checking out 'jasper_fao' ...
2025-11-19 23:36:38.842029 (12777) lic_core INFO    ... (2) checkout succeeded
2025-11-19 23:36:38.864097 (12777) session_ INFO    Starting analysis session with session id 'session_0' (launcher: <local>) ...
2025-11-19 23:36:38.864891 (12777) session_ INFO    Analysis session with session id 'session_0' started (pid: 12796)
2025-11-19 23:36:39.374619 (12777) session_ INFO    Analysis session 'session_0' connected to the console (host: 127.0.0.1:58914)
2025-11-19 23:36:39.716858 (12777) lic__man INFO    Unclaim everything for 'session_0'.
2025-11-19 23:36:39.759947 (12777) lic__man INFO    Claim 'fpv' for 'session_0'.
2025-11-19 23:36:39.759960 (12777) lic__man INFO    Claim 'fpv' for 'session_0/prove-0'.
2025-11-19 23:36:39.862541 (12777) lic__man INFO    Unclaim everything for 'session_0/prove-0'.
2025-11-19 23:36:39.863291 (12777) main____ INFO    About to exit: request to exit with status 0 received from analysis session 'session_0'
2025-11-19 23:36:39.926463 (12777) session_ INFO    Analysis session 'session_0' disconnected.
2025-11-19 23:36:39.926524 (12777) lic__man INFO    Unclaim everything for 'session_0'.
2025-11-19 23:36:39.926645 (12777) session_ INFO    Process for analysis session 'session_0' has exited with exit status '0'.
2025-11-19 23:36:41.833249 (12777) lic_core INFO    (2) checkin jasper_fao
2025-11-19 23:36:41.834682 (12777) main____ INFO    Exiting with status 0.
