2025-11-20 06:00:41.410816 (40672) main____ INFO    ----------------------------------------
2025-11-20 06:00:41.410944 (40672) main____ INFO    Jasper version info
2025-11-20 06:00:41.410958 (40672) main____ INFO      tool      : Jasper 2024.06
2025-11-20 06:00:41.410971 (40672) main____ INFO      version   : 2024.06p002 64 bits
2025-11-20 06:00:41.410980 (40672) main____ INFO      build date: 2024.09.02 16:28:38 UTC
2025-11-20 06:00:41.410987 (40672) main____ INFO    ----------------------------------------
2025-11-20 06:00:41.410993 (40672) main____ INFO    Runtime info:
2025-11-20 06:00:41.411001 (40672) main____ INFO      platform  : Linux 3.10.0-1062.el7.x86_64 x86_64
2025-11-20 06:00:41.411017 (40672) main____ INFO      hostname  : vlsi-moon
2025-11-20 06:00:41.411028 (40672) main____ INFO      pid       : 40672
2025-11-20 06:00:41.411036 (40672) main____ INFO      arguments : '-style' 'windows' '-proj' '../jgprojects/1_i2c_12' '-batch' '1_i2c_12.tcl'
2025-11-20 06:00:41.411044 (40672) main____ INFO      locale    : ANSI_X3.4-1968
2025-11-20 06:00:41.411050 (40672) main____ INFO    ----------------------------------------
2025-11-20 06:00:41.411056 (40672) main____ INFO    System resource limits info:
2025-11-20 06:00:41.411065 (40672) main____ INFO      virtual memory: unlimited
2025-11-20 06:00:41.411077 (40672) main____ INFO      cpu time      : unlimited
2025-11-20 06:00:41.411091 (40672) main____ INFO      processes     : 4096
2025-11-20 06:00:41.411107 (40672) main____ INFO      stack size    : 8388608 B
2025-11-20 06:00:41.411118 (40672) main____ INFO      core file size: 1024 B
2025-11-20 06:00:41.411126 (40672) main____ INFO      open files    : 4096
2025-11-20 06:00:41.411134 (40672) main____ INFO      file size     : unlimited
2025-11-20 06:00:41.411140 (40672) main____ INFO    ----------------------------------------
2025-11-20 06:00:41.411146 (40672) main____ INFO    Memory statistics:
2025-11-20 06:00:41.411155 (40672) main____ INFO      total physical memory  : 527831204 kB
2025-11-20 06:00:41.411163 (40672) main____ INFO      free physical memory   : 512966904 kB
2025-11-20 06:00:41.411170 (40672) main____ INFO      committed address space: 11691604 kB
2025-11-20 06:00:41.411178 (40672) main____ INFO    ----------------------------------------
2025-11-20 06:00:41.412779 (40672) main____ INFO    Important environment variables:
2025-11-20 06:00:41.412812 (40672) main____ INFO      CDS_ASSURA         : '/eda/cadence/2023-24/RHELx86/ASSURA_04.16.115_231'
2025-11-20 06:00:41.412824 (40672) main____ INFO      CDS_AUTO_64BIT     : 'ALL'
2025-11-20 06:00:41.412835 (40672) main____ INFO      CDS_CONFRML        : '/eda/cadence/2023-24/RHELx86/CONFRML_23.10.300'
2025-11-20 06:00:41.412846 (40672) main____ INFO      CDS_DDIEXPORT      : '/eda/cadence/2023-24/RHELx86/DDIEXPORT_22.33.000'
2025-11-20 06:00:41.412857 (40672) main____ INFO      CDS_EMX            : '/eda/cadence/2023-24/RHELx86/EMX_23.10.000'
2025-11-20 06:00:41.412868 (40672) main____ INFO      CDS_GENUS          : '/eda/cadence/2023-24/RHELx86/DDIEXPORT_22.33.000/GENUS221'
2025-11-20 06:00:41.412879 (40672) main____ INFO      CDS_IC             : '/eda/cadence/2023-24/RHELx86/IC_23.10.020'
2025-11-20 06:00:41.412890 (40672) main____ INFO      CDS_INNOVUS        : '/eda/cadence/2023-24/RHELx86/DDIEXPORT_22.33.000/INNOVUS221'
2025-11-20 06:00:41.412901 (40672) main____ INFO      CDS_JLS            : '/eda/cadence/2023-24/RHELx86/DDIEXPORT_22.33.000/JLS221'
2025-11-20 06:00:41.412918 (40672) main____ INFO      CDS_LIC_FILE       : '/etc/local/cadence/license_8x.3868dd0560aa:5280@132.68.59.69:/etc/local/cadence/license_8x.1831bfb82c67:5280@132.68.59.64:/etc/local/cadence/license_8x.0894ef683fc3:5280@132.68.59.79:/etc/local/cadence/license_8x.1831bfb82c67:5280@132.68.59.61'
2025-11-20 06:00:41.412939 (40672) main____ INFO      CDS_LITMUS         : '/eda/cadence/2023-24/RHELx86/LITMUS_23.10.300'
2025-11-20 06:00:41.412950 (40672) main____ INFO      CDS_MODUS          : '/eda/cadence/2023-24/RHELx86/MODUS_22.12.000'
2025-11-20 06:00:41.412961 (40672) main____ INFO      CDS_MVS            : '/eda/cadence/2023-24/RHELx86/MVS_21.12.000'
2025-11-20 06:00:41.412975 (40672) main____ INFO      CDS_Netlisting_Mode: 'Analog'
2025-11-20 06:00:41.412986 (40672) main____ INFO      CDS_PEGASUS        : '/eda/cadence/2023-24/RHELx86/PEGASUS_23.11.000'
2025-11-20 06:00:41.412997 (40672) main____ INFO      CDS_PEGASUSDFM     : '/eda/cadence/2023-24/RHELx86/PEGASUSDFM_23.11.000'
2025-11-20 06:00:41.413008 (40672) main____ INFO      CDS_PVS            : '/eda/cadence/2023-24/RHELx86/PVS_22.22.000'
2025-11-20 06:00:41.413018 (40672) main____ INFO      CDS_QUANTUS        : '/eda/cadence/2023-24/RHELx86/QUANTUS_23.10.000'
2025-11-20 06:00:41.413029 (40672) main____ INFO      CDS_SPECTRE        : '/eda/cadence/2023-24/RHELx86/SPECTRE_23.10.242'
2025-11-20 06:00:41.413039 (40672) main____ INFO      CDS_SSV            : '/eda/cadence/2023-24/RHELx86/SSV_22.13.000'
2025-11-20 06:00:41.413047 (40672) main____ INFO      CDS_USE_PALETTE    : ''
2025-11-20 06:00:41.413058 (40672) main____ INFO      CDS_VERISIUMDEBUG  : '/eda/cadence/2023-24/RHELx86/VERISIUMDEBUG_23.03.001'
2025-11-20 06:00:41.413069 (40672) main____ INFO      CDS_VIPCAT         : '/eda/cadence/2023-24/RHELx86/VIPCAT_11.30.093'
2025-11-20 06:00:41.413080 (40672) main____ INFO      CDS_VMANAGER       : '/eda/cadence/2023-24/RHELx86/VMANAGER_23.03.004'
2025-11-20 06:00:41.413091 (40672) main____ INFO      CDS_XCELIUM        : '/eda/cadence/2023-24/RHELx86/XCELIUM_23.03.007'
2025-11-20 06:00:41.413100 (40672) main____ INFO      DISPLAY            : 'localhost:11.0'
2025-11-20 06:00:41.413110 (40672) main____ INFO      JASPER_CPU_CHECK   : '1'
2025-11-20 06:00:41.413119 (40672) main____ INFO      JASPER_INSTALL_DIR : '/tools/cadence2425/JASPER/jasper_2024.06p002'
2025-11-20 06:00:41.413128 (40672) main____ INFO      JASPER_KERNEL_CHECK: '1'
2025-11-20 06:00:41.413137 (40672) main____ INFO      JASPER_OS_CHECK    : '1'
2025-11-20 06:00:41.413146 (40672) main____ INFO      LANG               : 'C'
2025-11-20 06:00:41.413156 (40672) main____ INFO      TMPDIR             : '/tmp'
2025-11-20 06:00:41.413162 (40672) main____ INFO    ----------------------------------------
2025-11-20 06:00:41.414362 (40672) lic_core INFO    Initializing license system ...
2025-11-20 06:00:41.425166 (40672) lic_core INFO    ... license system initialized.
2025-11-20 06:00:41.442601 (40672) lic__man INFO    Claim 'fpv' for <ui>.
2025-11-20 06:00:41.442752 (40672) lic_core INFO    (1) checking out 'jasper_fpv' ...
2025-11-20 06:00:41.466222 (40672) lic_core INFO    ... (1) checkout failed (error: -5) ("FLEXnet ERROR(-5, 0, 0): No such feature exists.")
2025-11-20 06:00:41.466291 (40672) lic_core INFO    (2) checking out 'jasper_fao' ...
2025-11-20 06:00:41.486453 (40672) lic_core INFO    ... (2) checkout succeeded
2025-11-20 06:00:41.517778 (40672) session_ INFO    Starting analysis session with session id 'session_0' (launcher: <local>) ...
2025-11-20 06:00:41.519754 (40672) session_ INFO    Analysis session with session id 'session_0' started (pid: 40690)
2025-11-20 06:00:42.462698 (40672) session_ INFO    Analysis session 'session_0' connected to the console (host: 127.0.0.1:46880)
2025-11-20 06:00:43.117148 (40672) lic__man INFO    Unclaim everything for 'session_0'.
2025-11-20 06:00:43.164438 (40672) lic__man INFO    Claim 'fpv' for 'session_0'.
2025-11-20 06:00:43.164498 (40672) lic__man INFO    Claim 'fpv' for 'session_0/prove-0'.
2025-11-20 06:07:31.390755 (40672) lic__man INFO    Unclaim everything for 'session_0/prove-0'.
2025-11-20 06:07:31.398167 (40672) main____ INFO    About to exit: request to exit with status 0 received from analysis session 'session_0'
2025-11-20 06:07:31.544958 (40672) session_ INFO    Analysis session 'session_0' disconnected.
2025-11-20 06:07:31.545343 (40672) lic__man INFO    Unclaim everything for 'session_0'.
2025-11-20 06:07:31.545982 (40672) session_ INFO    Process for analysis session 'session_0' has exited with exit status '0'.
2025-11-20 06:07:33.313104 (40672) lic_core INFO    (2) checkin jasper_fao
2025-11-20 06:07:33.315555 (40672) main____ INFO    Exiting with status 0.
