# ----------------------------------------
# Jasper Version Info
# tool      : Jasper 2024.06
# platform  : Linux 3.10.0-1062.el7.x86_64
# version   : 2024.06p002 64 bits
# build date: 2024.09.02 16:28:38 UTC
# ----------------------------------------
# started   : 2025-11-17 20:43:22 IST
# hostname  : vlsi-moon.vlsidomain
# pid       : 60388
# arguments : '-label' 'session_0' '-console' '//127.0.0.1:41901' '-nowindow' '-style' 'windows' '-exitonerror' '-data' 'AAAAxnicY2RgYLCp////PwMYMD6A0Aw2jAyoAMRnQhUJbEChGRhYYZphSliAmItBl6GAoYghnyELyNNg0ANCfSA7HS6aypDMUMJQDBRNB4okMlQyxDMYAtXyAHUmAfklQPkMIF8ERV4PLJ4DtgcAqRUWGQ==' '-proj' '/users/rompel/jasper_executions/liveness/jgprojects/gray_1/sessionLogs/session_0' '-init' '-hidden' '/users/rompel/jasper_executions/liveness/jgprojects/gray_1/.tmp/.initCmds.tcl' 'gray_1.tcl' '-hidden' '/users/rompel/jasper_executions/liveness/jgprojects/gray_1/.tmp/.postCmds.tcl'

Any disclosure about the Cadence Design Systems software or its use
model to any third party violates the written Non-Disclosure Agreement
between Cadence Design Systems, Inc. and the customer.

THIS SOFTWARE CONTAINS CONFIDENTIAL INFORMATION AND TRADE SECRETS OF
CADENCE DESIGN SYSTEMS, INC. USE, DISCLOSURE, OR REPRODUCTION IS
PROHIBITED WITHOUT THE PRIOR EXPRESS WRITTEN PERMISSION OF CADENCE
DESIGN SYSTEMS, INC.

Copyright (C) 2000-2024 Cadence Design Systems, Inc. All Rights
Reserved.  Unpublished -- rights reserved under the copyright laws of
the United States.

This product includes software developed by others and redistributed
according to license agreement. See doc/third_party_readme.txt for
further details.

RESTRICTED RIGHTS LEGEND

Use, duplication, or disclosure by the Government is subject to
restrictions as set forth in subparagraph (c) (1) (ii) of the Rights in
Technical Data and Computer Software clause at DFARS 252.227-7013 or
subparagraphs (c) (1) and (2) of Commercial Computer Software -- Restricted
Rights at 48 CFR 52.227-19, as applicable.


                          Cadence Design Systems, Inc.
                          2655 Seely Avenue
                          San Jose, CA 95134
                          Phone: 408.943.1234

For technical assistance visit http://support.cadence.com.

Jasper Apps Analysis Session - /users/rompel/jasper_executions/liveness/jgprojects/gray_1/sessionLogs/session_0

WARNING (WG017): [session]: The system's locale is "ANSI_X3.4-1968", which is not UTF-8. Non-ASCII characters might not be handled correctly.
WARNING (WG017): [jg_console]: The system's locale is "ANSI_X3.4-1968", which is not UTF-8. Non-ASCII characters might not be handled correctly.
INFO: successfully checked out license "jasper_fao".
INFO: reading configuration file "/users/rompel/.config/cadence/jasper.conf".
% analyze -sv09 ../gray_1.sv
[-- (VERI-1482)] Analyzing Verilog file '/tools/cadence2425/JASPER/jasper_2024.06p002/lib/verilog/packages/std/std.sv' into library 'std'
[-- (VERI-1482)] Analyzing Verilog file '../gray_1.sv'
% elaborate -bbox_mul 1000000 -bbox_div 1000000 -bbox_mod 1000000 -bbox_a 1000000
[INFO (HIER-8002)] ../gray_1.sv(14): Disabling old hierarchical reference handler
[INFO (VERI-1018)] ../gray_1.sv(1): compiling module 'GRAY'
[WARN (VERI-1209)] ../gray_1.sv(9): expression size 32 truncated to fit in target size 8
INFO (ISW003): Top module name is "GRAY".
INFO (INL208): Elaboration synthesis summary:
  Number of synthesized netlists          1 (0 packages)
  Single run mode                         On
  Pipeline                                On (1 pipelined netlists)
  Late hierarchical reference connection  On
  Number of analyzed Verilog modules      1 (1 synthesized)
  Number of analyzed VHDL entities        0 (0 synthesized)
INFO (IPL017): The host machine is running out of memory.
    This message was triggered because the system reached 1% memory.
    System memory use information:
    [Process]
        Memory In Use: 286696 kB (0%)
        Peak Memory Usage: 286696 kB (0%)
    [Host]
        Available Memory: 1587888 kB (0%)
        Total Memory: 527831204 kB
        Free Swap: 1169127396 kB (74%)
        Total Swap: 1565294584 kB
INFO (IPL017): The host machine is running out of memory.
    This message was triggered because the system reached 10% memory.
    System memory use information:
    [Process]
        Memory In Use: 286696 kB (0%)
        Peak Memory Usage: 286696 kB (0%)
    [Host]
        Available Memory: 1587888 kB (0%)
        Total Memory: 527831204 kB
        Free Swap: 1169127396 kB (74%)
        Total Swap: 1565294584 kB
INFO (INL003): Clearing all state information (assumes, stopats, and so forth).
GRAY
[<embedded>] % reset rst
INFO (IPM031): Clearing proof results of all properties.
INFO (IRS006): Current reset condition is "rst".
[<embedded>] % clock clk
[<embedded>] % prove -all
Ncustom1: Custom engine code is hT3Ng7hPPfiYQOTDZ3qhYOwGAM51eA+J/FjkM5shLioAsqhgLR4Ft+O1BuKG6ilQ83B9tLXSl+CwjiTMAQA
Bcustom2: Custom engine code is hT3Nm7hPr1Vp3Di1Ra2USNIGL4JypRnLKLAdF6JAyuavO2JfGCiY9OZJhcAcOUnLx5xwNdhILGrAWX9s+z2WDkKwNR7tAfClBEjRFVQeq6DU54boFgEA
AMcustom3: Custom engine code is hT3Ng7hP/feYQOTDZ3qhYOwGAM51eA+J/FjkM5shLioAsqhgLR4Ft+O1BuKG6ilQ83B9tLXSmmqwm7g9AQA
Mpcustom4: Custom engine code is hT3NZbhP9fmY2AbBQnsjfOxn6c+6e6yL+/e8fZFmaQrnlgEA
INFO (IPF036): Starting proof on task: "<embedded>", 2 properties to prove with 0 already proven/unreachable
INFO (IRS029): Starting reset analysis: phase 1 of 4.
INFO (IRS030): Running reset analysis: phase 2 of 4.
INFO (IRS031): Running reset analysis: phase 3 of 4.
INFO (IRS020): Starting the reset analysis simulation with a limit of 100 iterations (phase 4 of 4).
INFO (IRS024): Reset iterations 0 to 4 analyzed.
INFO (IRS018): Reset analysis simulation executed for 3 iterations. Assigned values for 8 of 16 design flops, 0 of 0 design latches, 6 of 6 internal elements.
INFO (IRS039): Reset analysis complete.
INFO (IPF031): Settings used for proof thread 0:
    orchestration                 = on
    time_limit                    = 86400s
    per_property_time_limit       = 1s * 10 ^ scan
    engine_mode                   = auto
    proofgrid_per_engine_max_jobs = 1
    max engine jobs               = auto
    proofgrid_mode                = local
    proofgrid_restarts            = 10
0: Using multistage preprocessing
0: Starting reduce
AMcustom5: Custom engine code is hT3N1rhP11/52HrFRS21ROp2LOjVTgPvT8L8BGXHgLhaIuqtT4nARFjUqrBL+7pLmaTOzBepZW/Jm8SSrHDybSQtoNiO3y43wk+dEoWlsZizu97Fih6O6lPVG/LpWP5SsUPwlGagLNa1FKEFvwVXyX7//8prySbvSxIHXr5er+z4RAEA
Ncustom6: Custom engine code is hT3OXrhPByJp3TrFSTLhUmMH4KVtJgmTCnNDF46yMXOKY48m4LS5nE7yBzFjA7kDuwO/GhGUpEPiky3p3wmPn3dJZHxFMsafSoObRzSC+tn7sEY0WbTdZ/FV4hL3MYH/b1CIUvXSWR4wqEoVLsmMOD4xIPT4lI1LO6ZCO7PnnWQuLwetnvKlrXx6wCW/A+x+enqslg1YPobi4wEF/EvbzOvcTYdJvl2s4H2yZg2b2ofAVN5WvhWk1HoBAA
ADcustom7: Custom engine code is hT3Nv7hPv1752HrFRa2kROx2f/ECJeZB2AZsLdlO8VwmIuqtT4nIDFXclhg+O+o+DMmQCekbheGk0kK28laA9gaOFDXsQp29J3X615HY1IPHJWd6FUFvCHjO+p1k652b5JJvZlShNpGlGSXAiQe/mEAj6tEBAA
0: Finished reduce in 0s
Tricustom8: Custom engine code is hT3Nu7hPt1752DvFRa0kNDiyIV97VyejwM9C/jCLJjdPvusZONHY42VYUy0Q1ZotnhcVtNc56tJ5wbxv6V2+XpdsaSlHck5vfnbYjdwj1OECy9U+7oSQ0SZE3g5ayD+Phuh4odCJTjeKa2k4elM9ldQfkAEA
Gcustom9: Custom engine code is hT3NibhPDfeYQADBZnYcglOvK9Pfd7EOeniIqP8jNsyIqInncipMGcUXqAadachREE9F2PwhBUZUNw5kHnd4JdXkamORRgEA
C2custom10: Custom engine code is hT3NirhPjfWYQADBZnYcglOvK9Pfd7EOeniIqP8jNsyIqInncgkrYMMXCYbdK0dUjZIF9d4cJ0rHoBDjwVLBKuG86XYVV00BAA
AGcustom11: Custom engine code is hT3NirhP/fmYQADBZnYcglOvK9Pfd7EOeniIqP8jNsyIqInnckcwYMMXCYbdK0dUjZIF9d4cJ0rHoBDjwVLBKuHEZnZByh0BAA
0.0.PRE: Performing Proof Simplification...
Bcustom12: Custom engine code is hT3NjrhPDfiYQADBZnYcglOvK9PfWxFtenjIyBqfrgr7if/jL/yPOuK1BAflEcW0DxNH2eDIoezN2gxlQFg81RZtiWXh7aiTAidvAQA
0.0.N: clocks: 1, declared: 1, looping: 0, posedge: 1, negedge: 0, noedge: 0, bothedge: 0
Ncustom13: Custom engine code is hT3NR7hPByFp3TrFSTLhUmMH4KWtJglTyV/c51BHEeZWamnJv767nE6PCak26bd3gf3XGN3rIRheufhDieCJQVISo+gNYUKhiUedBKGtsP/a18svAnlMJZudHxDFwK5ufsyoxsIyiAeSY2oi3tEuoDHr5gw42DFKAG3PqO3CEsl8Azzdt3pl5nGA1Ifv2H02eYsFzWb/nfp8PMb3F0krE/EgBcm8TD9Div8BAA
Tricustom14: Custom engine code is hT3Nu7hP3fiYQADBZnYcglNHp9bfd7EOeniIqP/ji8sGLQu8yhsFO+wxJ+O+R0bU8g/IewXFomyos+viQnWc2xYNYmMqpo3i40O7DaZR7qfp4YqNx26KRvQ/qx0BAA
0.0.N: Proof Simplification Iteration 1	[0.00 s]
0.0.PRE: A trace with 1 cycles was found. [0.00 s]
INFO (IPF047): 0.0.PRE: The cover property "GRAY.p1:precondition1" was covered in 1 cycles in 0.00 s.
0.0.N: Proof Simplification Iteration 2	[0.04 s]
0.0.PRE: A proof was found: No trace exists. [0.00 s]
INFO (IPF057): 0.0.PRE: The property ":noDeadEnd" was proven in 0.00 s.
    Use check_assumptions -show -dead_end to show this property in the property table.
0.0.PRE: A proof was found: No trace exists. [0.00 s]
INFO (IPF057): 0.0.PRE: The property ":noConflict" was proven in 0.00 s.
    Use check_assumptions -show to show this property in the property table.
INFO (IPF047): 0.0.PRE: The cover property ":live" was covered in 1 cycles in 0.00 s.
    Use check_assumptions -show -live to show this property in the property table.
0.0.PRE: Proof Simplification completed in 0.05 s
0: About to start ProofGrid in its own thread with a limit of 10000 pending notifications and a limit of 10 traces.
0: =============================== ProofGrid start ===============================
0: ProofGrid usable level: 1
0: Initial ProofGrid level: 1
0: ProofGrid is starting event handling
0.0.Hp: Proofgrid shell started at 60458@vlsi-moon(local) jg_60388_vlsi-moon_1
0.0.Hp: clocks: 1, declared: 1, looping: 0, posedge: 1, negedge: 0, noedge: 0, bothedge: 0
0.0.Hp: Last scan. Per property time limit: 0s
0.0.N: Proofgrid shell started at 60457@vlsi-moon(local) jg_60388_vlsi-moon_1
0.0.Hp: Trace Attempt  1	[0.00 s]
0.0.Hp: Trace Attempt  2	[0.00 s]
0.0.Hp: Trace Attempt  3	[0.00 s]
0.0.Hp: Trace Attempt  4	[0.00 s]
0.0.Hp: Trace Attempt  5	[0.00 s]
0.0.N: clocks: 1, declared: 1, looping: 0, posedge: 1, negedge: 0, noedge: 0, bothedge: 0
0.0.N: Last scan. Per property time limit: 0s
0.0.N: Starting proof for property "GRAY.p1"	[0.00 s].
0.0.N: Trace Attempt  1	[0.00 s]
0.0.N: Trace Attempt  2	[0.00 s]
0.0.N: Trace Attempt  2	[0.00 s]
0.0.N: Trace Attempt  3	[0.00 s]
0.0.N: Trace Attempt  4	[0.00 s]
0.0.N: Trace Attempt  4	[0.00 s]
0.0.N: Trace Attempt  5	[0.01 s]
0.0.N: Trace Attempt  1	[0.02 s]
0.0.N: Trace Attempt  2	[0.02 s]
0.0.N: Trace Attempt  3	[0.02 s]
0.0.N: Trace Attempt  4	[0.02 s]
0.0.N: Trace Attempt  5	[0.02 s]
0.0.B: Proofgrid shell started at 60494@vlsi-moon(local) jg_60388_vlsi-moon_1
0.0.B: clocks: 1, declared: 1, looping: 0, posedge: 1, negedge: 0, noedge: 0, bothedge: 0
0.0.B: Last scan. Per property time limit: 0s
0.0.B: Starting proof for property "GRAY.p1"	[0.00 s].
0.0.Ht: Proofgrid shell started at 60489@vlsi-moon(local) jg_60388_vlsi-moon_1
0.0.B: Trace Attempt  1	[0.00 s]
0.0.B: Trace Attempt  2	[0.00 s]
0.0.AM: Proofgrid shell started at 60495@vlsi-moon(local) jg_60388_vlsi-moon_1
0.0.B: Trace Attempt  3	[0.00 s]
0.0.B: Trace Attempt  4	[0.00 s]
0.0.B: Trace Attempt  5	[0.00 s]
0.0.Ht: clocks: 1, declared: 1, looping: 0, posedge: 1, negedge: 0, noedge: 0, bothedge: 0
0.0.Ht: Last scan. Per property time limit: 0s
0.0.AM: clocks: 1, declared: 1, looping: 0, posedge: 1, negedge: 0, noedge: 0, bothedge: 0
0.0.Ht: Trace Attempt  1	[0.00 s]
0.0.AM: Last scan. Per property time limit: 0s
0.0.AM: Starting proof for property "GRAY.p1"	[0.00 s].
0.0.Ht: Trace Attempt  2	[0.00 s]
0.0.Ht: Trace Attempt  3	[0.00 s]
0.0.Ht: Trace Attempt  4	[0.00 s]
0.0.AM: Trace Attempt  1	[0.00 s]
0.0.Ht: Trace Attempt  5	[0.00 s]
0.0.AM: Trace Attempt  2	[0.00 s]
0.0.AM: Trace Attempt  3	[0.00 s]
0.0.AM: Trace Attempt  4	[0.00 s]
0.0.AM: Trace Attempt  5	[0.00 s]
0.0.Mpcustom4: Proofgrid shell started at 60491@vlsi-moon(local) jg_60388_vlsi-moon_1
0.0.AM: Trace Attempt  1	[0.00 s]
0.0.Bm: Proofgrid shell started at 60490@vlsi-moon(local) jg_60388_vlsi-moon_1
0.0.AM: Trace Attempt  2	[0.00 s]
0.0.AM: Trace Attempt  3	[0.00 s]
0.0.Mpcustom4: clocks: 1, declared: 1, looping: 0, posedge: 1, negedge: 0, noedge: 0, bothedge: 0
0.0.Mpcustom4: Ignoring liveness properties
0.0.Mpcustom4: All properties either determined or skipped. [0.00 s]
0.0.AM: Trace Attempt  5	[0.00 s]
0.0.Bm: clocks: 1, declared: 1, looping: 0, posedge: 1, negedge: 0, noedge: 0, bothedge: 0
0.0.Bm: Ignoring liveness properties
0.0.Bm: Last scan. Per property time limit: 0s
0.0.Bm: Trace Attempt  1	[0.00 s]
0.0.Bm: Trace Attempt  2	[0.00 s]
0.0.Bm: Trace Attempt  3	[0.00 s]
0.0.Bm: Trace Attempt  4	[0.00 s]
0.0.Mpcustom4: Exited with Success (@ 0.09 s)
0.0.Mpcustom4: Completed, Restart ignored.
0.0.L: Proofgrid shell started at 60493@vlsi-moon(local) jg_60388_vlsi-moon_1
0.0.Bm: Trace Attempt  5	[0.00 s]
0.0.Oh: Proofgrid shell started at 60492@vlsi-moon(local) jg_60388_vlsi-moon_1
0.0.L: clocks: 1, declared: 1, looping: 0, posedge: 1, negedge: 0, noedge: 0, bothedge: 0
0.0.L: Using trace diversification with seed 1 (0.05)
0.0.L: Using LRU state removal heuristic
0.0.L: Ignoring liveness properties
0.0.L: All properties either determined or skipped. [0.00 s]
0.0.Oh: clocks: 1, declared: 1, looping: 0, posedge: 1, negedge: 0, noedge: 0, bothedge: 0
0.0.Oh: Reached length limit (2147483647) [0.00 s]
0.0.L: Exited with Success (@ 0.09 s)
0.0.L: Completed, Restart ignored.
0.0.AM: Trace Attempt  1	[0.01 s]
0.0.Oh: Exited with Success (@ 0.10 s)
0.0.AM: Trace Attempt  2	[0.01 s]
0.0.AM: Trace Attempt  3	[0.01 s]
0.0.AM: Trace Attempt  4	[0.01 s]
0.0.AM: Trace Attempt  5	[0.01 s]
0.0.AM: Trace Attempt  1	[0.03 s]
0.0.AM: Trace Attempt  2	[0.03 s]
0.0.AM: Trace Attempt  3	[0.03 s]
0.0.AM: Trace Attempt  4	[0.04 s]
0.0.AM: Trace Attempt  5	[0.04 s]
0.0.N: Trace Attempt  1	[0.13 s]
0.0.N: Trace Attempt  2	[0.13 s]
0.0.N: Trace Attempt  3	[0.13 s]
0.0.N: Trace Attempt  4	[0.13 s]
0.0.N: Trace Attempt  5	[0.13 s]
0.0.AM: Trace Attempt  1	[0.14 s]
0.0.AM: Trace Attempt  2	[0.14 s]
0.0.AM: Trace Attempt  3	[0.14 s]
0.0.AM: Trace Attempt  4	[0.14 s]
0.0.AM: Trace Attempt  5	[0.14 s]
0.0.N: Trace Attempt  1	[0.57 s]
0.0.N: Trace Attempt  2	[0.57 s]
0.0.N: Trace Attempt  3	[0.57 s]
0.0.N: Trace Attempt  4	[0.57 s]
0.0.N: Trace Attempt  5	[0.57 s]
0.0.AM: Trace Attempt  1	[0.52 s]
0.0.AM: Trace Attempt  2	[0.52 s]
0.0.AM: Trace Attempt  3	[0.52 s]
0.0.AM: Trace Attempt  4	[0.53 s]
0.0.AM: Trace Attempt  5	[0.53 s]
0.0.AM: Trace Attempt  1	[1.89 s]
0.0.AM: Trace Attempt  2	[1.90 s]
0.0.AM: Trace Attempt  3	[1.90 s]
0.0.AM: Trace Attempt  4	[1.90 s]
0.0.AM: Trace Attempt  5	[1.90 s]
0.0.N: Trace Attempt  1	[2.15 s]
0.0.N: Trace Attempt  2	[2.15 s]
0.0.N: Trace Attempt  3	[2.15 s]
0.0.N: Trace Attempt  4	[2.15 s]
0.0.N: Trace Attempt  5	[2.15 s]
0.0.N: Trace Attempt  1	[4.00 s]
0.0.N: Trace Attempt  2	[4.00 s]
0.0.N: Trace Attempt  3	[4.00 s]
0.0.N: Trace Attempt  4	[4.00 s]
0.0.N: Trace Attempt  5	[4.00 s]
0.0.Hp: Trace Attempt 443	[4.01 s]
0.0.B: Trace Attempt 1216	[4.01 s]
0.0.Ht: Trace Attempt 954	[4.01 s]
0.0.Bm: Trace Attempt 1238	[4.01 s]
0.0.AM: Trace Attempt 166	[5.93 s]
0.0.N: Trace Attempt 168	[8.02 s]
0.0.Ht: Trace Attempt 1265	[8.01 s]
0.0.B: Trace Attempt 1801	[8.01 s]
0.0.Bm: Trace Attempt 1808	[8.01 s]
0.0.Hp: Trace Attempt 521	[8.11 s]
0.0.AM: Trace Attempt 240	[9.93 s]
0.0.AM: Trace Attempt  1	[11.11 s]
0.0.AM: Trace Attempt  2	[11.11 s]
0.0.AM: Trace Attempt  3	[11.11 s]
0.0.AM: Trace Attempt  4	[11.11 s]
0.0.AM: Trace Attempt  5	[11.12 s]
0.0.Hp: Trace Attempt 543	[13.89 s]
0.0.Ht: Trace Attempt 1505	[12.01 s]
0.0.Bm: Trace Attempt 2179	[12.02 s]
0.0.B: Trace Attempt 2201	[12.02 s]
0.0.N: Trace Attempt 226	[12.30 s]
0.0.N: Trace Attempt  1	[13.35 s]
0.0.N: Trace Attempt  2	[13.38 s]
0.0.N: Trace Attempt  3	[13.38 s]
0.0.N: Trace Attempt  4	[13.50 s]
0.0.N: Trace Attempt  5	[13.50 s]
0.0.AM: Trace Attempt 137	[15.13 s]
0.0.Hp: Trace Attempt 605	[17.92 s]
0.0.Ht: Trace Attempt 1712	[16.07 s]
0.0.Ht: Trace Attempt 1805	[20.14 s]
0.0.Bm: Trace Attempt 2590	[16.07 s]
0.0.Bm: Trace Attempt 2853	[20.07 s]
0.0.B: Trace Attempt 2582	[16.08 s]
0.0.B: Trace Attempt 2849	[20.08 s]
0.0.N: Trace Attempt 131	[17.54 s]
0.0.Hp: Trace Attempt 670	[21.95 s]
0.0.Hp: Trace Attempt 713	[26.01 s]
0.0.Ht: Trace Attempt 2024	[24.15 s]
0.0.Bm: Trace Attempt 3113	[24.08 s]
0.0.B: Trace Attempt 3104	[24.10 s]
0.0.AM: Trace Attempt 196	[19.16 s]
0.0.N: Trace Attempt 187	[21.68 s]
0.0.N: Trace Attempt 227	[27.79 s]
0.0.Hp: Trace Attempt 765	[30.01 s]
0.0.Hp: Trace Attempt 786	[34.02 s]
0.0.Ht: Trace Attempt 2258	[28.15 s]
0.0.Ht: Trace Attempt 2438	[32.16 s]
0.0.Ht: Trace Attempt 2529	[36.18 s]
0.0.Bm: Trace Attempt 3384	[28.08 s]
0.0.Bm: Trace Attempt 3694	[32.09 s]
0.0.Bm: Trace Attempt 3998	[36.10 s]
0.0.B: Trace Attempt 3338	[28.11 s]
0.0.B: Trace Attempt 3628	[32.11 s]
0.0.B: Trace Attempt 3890	[36.11 s]
0.0.AM: Trace Attempt 241	[28.60 s]
0.0.N: Trace Attempt  1	[29.12 s]
0.0.N: Trace Attempt  2	[29.12 s]
0.0.N: Trace Attempt  3	[29.12 s]
0.0.N: Trace Attempt  4	[29.12 s]
0.0.N: Trace Attempt  5	[29.12 s]
0.0.Hp: Trace Attempt 791	[39.61 s]
0.0.Ht: Trace Attempt 2649	[40.19 s]
0.0.Bm: Trace Attempt 4277	[40.10 s]
0.0.B: Trace Attempt 4135	[40.11 s]
0.0.AM: Trace Attempt 256	[37.00 s]
0.0.N: Trace Attempt 125	[37.08 s]
0.0.N: Trace Attempt 194	[41.50 s]
0.0.AM: Trace Attempt 273	[41.43 s]
0.0.B: Trace Attempt 4347	[44.12 s]
0.0.Ht: Trace Attempt 2781	[44.20 s]
0.0.Bm: Trace Attempt 4559	[44.10 s]
0.0.AM: Trace Attempt 305	[45.47 s]
0.0.N: Trace Attempt 229	[45.73 s]
0.0.N: Trace Attempt  1	[45.80 s]
0.0.N: Trace Attempt  2	[45.80 s]
0.0.N: Trace Attempt  3	[45.80 s]
0.0.N: Trace Attempt  4	[45.89 s]
0.0.N: Trace Attempt  5	[45.89 s]
0.0.AM: Validation of fixpoint was successful. Time = 0.02
0.0.Hp: Trace Attempt 804	[47.21 s]
0.0.B: Trace Attempt 4585	[48.18 s]
0.0.Ht: Trace Attempt 2847	[48.22 s]
0.0.Bm: Trace Attempt 4817	[48.17 s]
0.0.N: Requesting engine job to terminate
0.0.B: Requesting engine job to terminate
0.0.AM: Requesting engine job to terminate
0.0.Hp: Requesting engine job to terminate
0.0.Ht: Requesting engine job to terminate
0.0.Bm: Requesting engine job to terminate
INFO (IPF144): 0: Initiating shutdown of proof [49.44 s]
0.0.AM: Trace Attempt 321	[46.52 s]
0.0.AM: A proof was found: No trace exists. [49.00 s]
INFO (IPF057): 0.0.AM: The property "GRAY.p1" was proven in 51.09 s.
0.0.AM: Stopped processing property "GRAY.p1"	[51.61 s].
0.0.Hp: Trace Attempt 807	[48.43 s]
0.0.Hp: All properties determined. [49.52 s]
0.0.Ht: Trace Attempt 2898	[49.22 s]
0.0.Ht: All properties determined. [49.44 s]
WARNING (WPF031): 0.0.Ht: Major page faults detected. Host "vlsi-moon" might be low on memory.
    Total memory = 527831204 kiB
    Free memory  = 1134092 kiB (0.21 %), Free swap = 1163482852 kiB
WARNING (WPF031): 0.0.Hp: Major page faults detected. Host "vlsi-moon" might be low on memory.
    Total memory = 527831204 kiB
    Free memory  = 1134092 kiB (0.21 %), Free swap = 1163482852 kiB
0.0.AM: All properties determined. [49.50 s]
WARNING (WPF031): 0.0.AM: Major page faults detected. Host "vlsi-moon" might be low on memory.
    Total memory = 527831204 kiB
    Free memory  = 1133088 kiB (0.21 %), Free swap = 1163482852 kiB
0: ProofGrid usable level: 0
0.0.N: Trace Attempt 127	[48.95 s]
0.0.N: Stopped processing property "GRAY.p1"	[53.03 s].
0.0.N: All properties determined. [49.98 s]
WARNING (WPF031): 0.0.N: Major page faults detected. Host "vlsi-moon" might be low on memory.
    Total memory = 527831204 kiB
    Free memory  = 1312404 kiB (0.25 %), Free swap = 1163479012 kiB
0.0.B: Trace Attempt 4635	[49.22 s]
0.0.B: Stopped processing property "GRAY.p1"	[52.96 s].
0.0.B: All properties determined. [49.92 s]
WARNING (WPF031): 0.0.B: Major page faults detected. Host "vlsi-moon" might be low on memory.
    Total memory = 527831204 kiB
    Free memory  = 1417180 kiB (0.27 %), Free swap = 1163479012 kiB
0.0.Bm: Trace Attempt 4870	[49.22 s]
0.0.Bm: All properties determined. [49.92 s]
WARNING (WPF031): 0.0.Bm: Major page faults detected. Host "vlsi-moon" might be low on memory.
    Total memory = 527831204 kiB
    Free memory  = 1416548 kiB (0.27 %), Free swap = 1163479012 kiB
0.0.AM: Exited with Success (@ 50.31 s)
0.0.B: Exited with Success (@ 50.31 s)
0.0.N: Exited with Success (@ 50.31 s)
0.0.Hp: Exited with Success (@ 50.31 s)
0.0.Ht: Exited with Success (@ 50.31 s)
0.0.Bm: Exited with Success (@ 50.31 s)
0: --------------------------------------------------------------
ProofGrid Summary (utilization 99.74 %)
--------------------------------------------------------------
     engines started                               :     9
     engine jobs started                           :     9

    Average time in state (seconds)
    ------------------------------------------------------
    Engine  Pending     Running        Dead    Utilization
    ------------------------------------------------------
      N        0.10       49.36        0.00       99.80 %
     Hp        0.09       49.37        0.00       99.82 %
     Ht        0.08       49.29        0.00       99.84 %
     Bm        0.09       49.28        0.00       99.83 %
    Mpcustom4        0.08        0.00        0.00        1.77 %
     Oh        0.09        0.00        0.00        1.45 %
      L        0.09        0.00        0.00        1.73 %
      B        0.07       49.29        0.00       99.85 %
     AM        0.08       49.29        0.00       99.85 %
    all        0.08       32.88        0.00       99.74 %

    Total time in state (seconds)
    -----------------------------------------
            Pending     Running        Dead  
    -----------------------------------------
               0.76      295.89        0.00

    Data read    : 1.71 MiB
    Data written : 2.99 kiB

0: All pending notifications were processed.
INFO (IPF059): 0: Completed proof on task: "<embedded>"

==============================================================
SUMMARY
==============================================================
           Properties Considered              : 2
                 assertions                   : 1
                  - proven                    : 1 (100%)
                  - bounded_proven (user)     : 0 (0%)
                  - bounded_proven (auto)     : 0 (0%)
                  - marked_proven             : 0 (0%)
                  - cex                       : 0 (0%)
                  - ar_cex                    : 0 (0%)
                  - undetermined              : 0 (0%)
                  - unknown                   : 0 (0%)
                  - error                     : 0 (0%)
                 covers                       : 1
                  - unreachable               : 0 (0%)
                  - bounded_unreachable (user): 0 (0%)
                  - covered                   : 1 (100%)
                  - ar_covered                : 0 (0%)
                  - undetermined              : 0 (0%)
                  - unknown                   : 0 (0%)
                  - error                     : 0 (0%)
determined
[<embedded>] % exit -force
INFO (IPL005): Received request to exit from the console.
INFO: Waiting for proof threads to stop...
INFO: Proof threads stopped.
INFO (IPL018): The peak resident set memory use for this session was 0.607 GB.
INFO (IPL014): Waiting for the Tcl-thread to exit.
INFO (IPL015): The Tcl-thread exited with status 0.
INFO (IPL016): Exiting the analysis session with status 0.
