2025-11-18 08:00:06.457084 (24529) main____ INFO    ----------------------------------------
2025-11-18 08:00:06.457123 (24529) main____ INFO    Jasper version info
2025-11-18 08:00:06.457128 (24529) main____ INFO      tool      : Jasper 2024.06
2025-11-18 08:00:06.457131 (24529) main____ INFO      version   : 2024.06p002 64 bits
2025-11-18 08:00:06.457134 (24529) main____ INFO      build date: 2024.09.02 16:28:38 UTC
2025-11-18 08:00:06.457136 (24529) main____ INFO    ----------------------------------------
2025-11-18 08:00:06.457138 (24529) main____ INFO    Runtime info:
2025-11-18 08:00:06.457141 (24529) main____ INFO      platform  : Linux 3.10.0-1160.62.1.el7.x86_64 x86_64
2025-11-18 08:00:06.457146 (24529) main____ INFO      hostname  : vlsi-ria84
2025-11-18 08:00:06.457149 (24529) main____ INFO      pid       : 24529
2025-11-18 08:00:06.457151 (24529) main____ INFO      arguments : '-style' 'windows' '-proj' '../jgprojects/seven_seg_11' '-batch' 'seven_seg_11.tcl'
2025-11-18 08:00:06.457154 (24529) main____ INFO      locale    : ANSI_X3.4-1968
2025-11-18 08:00:06.457156 (24529) main____ INFO    ----------------------------------------
2025-11-18 08:00:06.457158 (24529) main____ INFO    System resource limits info:
2025-11-18 08:00:06.457160 (24529) main____ INFO      virtual memory: unlimited
2025-11-18 08:00:06.457164 (24529) main____ INFO      cpu time      : unlimited
2025-11-18 08:00:06.457174 (24529) main____ INFO      processes     : 4096
2025-11-18 08:00:06.457180 (24529) main____ INFO      stack size    : 8388608 B
2025-11-18 08:00:06.457184 (24529) main____ INFO      core file size: 1024 B
2025-11-18 08:00:06.457186 (24529) main____ INFO      open files    : 4096
2025-11-18 08:00:06.457189 (24529) main____ INFO      file size     : unlimited
2025-11-18 08:00:06.457191 (24529) main____ INFO    ----------------------------------------
2025-11-18 08:00:06.457192 (24529) main____ INFO    Memory statistics:
2025-11-18 08:00:06.457195 (24529) main____ INFO      total physical memory  : 65711068 kB
2025-11-18 08:00:06.457197 (24529) main____ INFO      free physical memory   : 42183996 kB
2025-11-18 08:00:06.457199 (24529) main____ INFO      committed address space: 28171028 kB
2025-11-18 08:00:06.457201 (24529) main____ INFO    ----------------------------------------
2025-11-18 08:00:06.457733 (24529) main____ INFO    Important environment variables:
2025-11-18 08:00:06.457745 (24529) main____ INFO      CDS_ASSURA         : '/eda/cadence/2023-24/RHELx86/ASSURA_04.16.115_231'
2025-11-18 08:00:06.457749 (24529) main____ INFO      CDS_AUTO_64BIT     : 'ALL'
2025-11-18 08:00:06.457752 (24529) main____ INFO      CDS_CONFRML        : '/eda/cadence/2023-24/RHELx86/CONFRML_23.10.300'
2025-11-18 08:00:06.457755 (24529) main____ INFO      CDS_DDIEXPORT      : '/eda/cadence/2023-24/RHELx86/DDIEXPORT_22.33.000'
2025-11-18 08:00:06.457759 (24529) main____ INFO      CDS_EMX            : '/eda/cadence/2023-24/RHELx86/EMX_23.10.000'
2025-11-18 08:00:06.457762 (24529) main____ INFO      CDS_GENUS          : '/eda/cadence/2023-24/RHELx86/DDIEXPORT_22.33.000/GENUS221'
2025-11-18 08:00:06.457765 (24529) main____ INFO      CDS_IC             : '/eda/cadence/2023-24/RHELx86/IC_23.10.020'
2025-11-18 08:00:06.457769 (24529) main____ INFO      CDS_INNOVUS        : '/eda/cadence/2023-24/RHELx86/DDIEXPORT_22.33.000/INNOVUS221'
2025-11-18 08:00:06.457772 (24529) main____ INFO      CDS_JLS            : '/eda/cadence/2023-24/RHELx86/DDIEXPORT_22.33.000/JLS221'
2025-11-18 08:00:06.457777 (24529) main____ INFO      CDS_LIC_FILE       : '/etc/local/cadence/license_8x.3868dd0560aa:5280@132.68.59.69:/etc/local/cadence/license_8x.1831bfb82c67:5280@132.68.59.64:/etc/local/cadence/license_8x.0894ef683fc3:5280@132.68.59.79:/etc/local/cadence/license_8x.1831bfb82c67:5280@132.68.59.61'
2025-11-18 08:00:06.457783 (24529) main____ INFO      CDS_LITMUS         : '/eda/cadence/2023-24/RHELx86/LITMUS_23.10.300'
2025-11-18 08:00:06.457786 (24529) main____ INFO      CDS_MODUS          : '/eda/cadence/2023-24/RHELx86/MODUS_22.12.000'
2025-11-18 08:00:06.457789 (24529) main____ INFO      CDS_MVS            : '/eda/cadence/2023-24/RHELx86/MVS_21.12.000'
2025-11-18 08:00:06.457794 (24529) main____ INFO      CDS_Netlisting_Mode: 'Analog'
2025-11-18 08:00:06.457797 (24529) main____ INFO      CDS_PEGASUS        : '/eda/cadence/2023-24/RHELx86/PEGASUS_23.11.000'
2025-11-18 08:00:06.457800 (24529) main____ INFO      CDS_PEGASUSDFM     : '/eda/cadence/2023-24/RHELx86/PEGASUSDFM_23.11.000'
2025-11-18 08:00:06.457803 (24529) main____ INFO      CDS_PVS            : '/eda/cadence/2023-24/RHELx86/PVS_22.22.000'
2025-11-18 08:00:06.457806 (24529) main____ INFO      CDS_QUANTUS        : '/eda/cadence/2023-24/RHELx86/QUANTUS_23.10.000'
2025-11-18 08:00:06.457810 (24529) main____ INFO      CDS_SPECTRE        : '/eda/cadence/2023-24/RHELx86/SPECTRE_23.10.242'
2025-11-18 08:00:06.457812 (24529) main____ INFO      CDS_SSV            : '/eda/cadence/2023-24/RHELx86/SSV_22.13.000'
2025-11-18 08:00:06.457815 (24529) main____ INFO      CDS_USE_PALETTE    : ''
2025-11-18 08:00:06.457818 (24529) main____ INFO      CDS_VERISIUMDEBUG  : '/eda/cadence/2023-24/RHELx86/VERISIUMDEBUG_23.03.001'
2025-11-18 08:00:06.457821 (24529) main____ INFO      CDS_VIPCAT         : '/eda/cadence/2023-24/RHELx86/VIPCAT_11.30.093'
2025-11-18 08:00:06.457825 (24529) main____ INFO      CDS_VMANAGER       : '/eda/cadence/2023-24/RHELx86/VMANAGER_23.03.004'
2025-11-18 08:00:06.457828 (24529) main____ INFO      CDS_XCELIUM        : '/eda/cadence/2023-24/RHELx86/XCELIUM_23.03.007'
2025-11-18 08:00:06.457831 (24529) main____ INFO      DISPLAY            : 'localhost:11.0'
2025-11-18 08:00:06.457833 (24529) main____ INFO      JASPER_CPU_CHECK   : '1'
2025-11-18 08:00:06.457836 (24529) main____ INFO      JASPER_INSTALL_DIR : '/tools/cadence2425/JASPER/jasper_2024.06p002'
2025-11-18 08:00:06.457839 (24529) main____ INFO      JASPER_KERNEL_CHECK: '1'
2025-11-18 08:00:06.457841 (24529) main____ INFO      JASPER_OS_CHECK    : '1'
2025-11-18 08:00:06.457844 (24529) main____ INFO      LANG               : 'C'
2025-11-18 08:00:06.457847 (24529) main____ INFO      TMPDIR             : '/tmp'
2025-11-18 08:00:06.457849 (24529) main____ INFO    ----------------------------------------
2025-11-18 08:00:06.458240 (24529) lic_core INFO    Initializing license system ...
2025-11-18 08:00:06.463838 (24529) lic_core INFO    ... license system initialized.
2025-11-18 08:00:06.475805 (24529) lic__man INFO    Claim 'fpv' for <ui>.
2025-11-18 08:00:06.475834 (24529) lic_core INFO    (1) checking out 'jasper_fpv' ...
2025-11-18 08:00:06.654906 (24529) lic_core INFO    ... (1) checkout failed (error: -5) ("FLEXnet ERROR(-5, 0, 0): No such feature exists.")
2025-11-18 08:00:06.654925 (24529) lic_core INFO    (2) checking out 'jasper_fao' ...
2025-11-18 08:00:06.663827 (24529) lic_core INFO    ... (2) checkout succeeded
2025-11-18 08:00:06.703850 (24529) session_ INFO    Starting analysis session with session id 'session_0' (launcher: <local>) ...
2025-11-18 08:00:06.704744 (24529) session_ INFO    Analysis session with session id 'session_0' started (pid: 24548)
2025-11-18 08:00:07.282462 (24529) session_ INFO    Analysis session 'session_0' connected to the console (host: 127.0.0.1:49510)
2025-11-18 08:00:07.712249 (24529) lic__man INFO    Unclaim everything for 'session_0'.
2025-11-18 08:00:07.755055 (24529) lic__man INFO    Claim 'fpv' for 'session_0'.
2025-11-18 08:00:07.755069 (24529) lic__man INFO    Claim 'fpv' for 'session_0/prove-0'.
2025-11-18 08:03:10.201429 (24529) lic__man INFO    Unclaim everything for 'session_0/prove-0'.
2025-11-18 08:03:10.203521 (24529) main____ INFO    About to exit: request to exit with status 0 received from analysis session 'session_0'
2025-11-18 08:03:10.279937 (24529) session_ INFO    Analysis session 'session_0' disconnected.
2025-11-18 08:03:10.279997 (24529) lic__man INFO    Unclaim everything for 'session_0'.
2025-11-18 08:03:10.280078 (24529) session_ INFO    Process for analysis session 'session_0' has exited with exit status '0'.
2025-11-18 08:03:12.305848 (24529) lic_core INFO    (2) checkin jasper_fao
2025-11-18 08:03:12.307249 (24529) main____ INFO    Exiting with status 0.
