2025-11-18 10:25:32.922676 (208992) main____ INFO    ----------------------------------------
2025-11-18 10:25:32.922888 (208992) main____ INFO    Jasper version info
2025-11-18 10:25:32.922912 (208992) main____ INFO      tool      : Jasper 2024.06
2025-11-18 10:25:32.922934 (208992) main____ INFO      version   : 2024.06p002 64 bits
2025-11-18 10:25:32.922951 (208992) main____ INFO      build date: 2024.09.02 16:28:38 UTC
2025-11-18 10:25:32.922962 (208992) main____ INFO    ----------------------------------------
2025-11-18 10:25:32.922973 (208992) main____ INFO    Runtime info:
2025-11-18 10:25:32.922988 (208992) main____ INFO      platform  : Linux 3.10.0-1062.el7.x86_64 x86_64
2025-11-18 10:25:32.923016 (208992) main____ INFO      hostname  : vlsi-moon
2025-11-18 10:25:32.923033 (208992) main____ INFO      pid       : 208992
2025-11-18 10:25:32.923047 (208992) main____ INFO      arguments : '-style' 'windows' '-proj' '../jgprojects/uart_transmit_3' '-batch' 'uart_transmit_3.tcl'
2025-11-18 10:25:32.923062 (208992) main____ INFO      locale    : ANSI_X3.4-1968
2025-11-18 10:25:32.923073 (208992) main____ INFO    ----------------------------------------
2025-11-18 10:25:32.923083 (208992) main____ INFO    System resource limits info:
2025-11-18 10:25:32.923098 (208992) main____ INFO      virtual memory: unlimited
2025-11-18 10:25:32.923118 (208992) main____ INFO      cpu time      : unlimited
2025-11-18 10:25:32.923142 (208992) main____ INFO      processes     : 4096
2025-11-18 10:25:32.923168 (208992) main____ INFO      stack size    : 8388608 B
2025-11-18 10:25:32.923186 (208992) main____ INFO      core file size: 1024 B
2025-11-18 10:25:32.923201 (208992) main____ INFO      open files    : 4096
2025-11-18 10:25:32.923215 (208992) main____ INFO      file size     : unlimited
2025-11-18 10:25:32.923225 (208992) main____ INFO    ----------------------------------------
2025-11-18 10:25:32.923235 (208992) main____ INFO    Memory statistics:
2025-11-18 10:25:32.923250 (208992) main____ INFO      total physical memory  : 527831204 kB
2025-11-18 10:25:32.923263 (208992) main____ INFO      free physical memory   : 519198812 kB
2025-11-18 10:25:32.923276 (208992) main____ INFO      committed address space: 8727492 kB
2025-11-18 10:25:32.923286 (208992) main____ INFO    ----------------------------------------
2025-11-18 10:25:32.925979 (208992) main____ INFO    Important environment variables:
2025-11-18 10:25:32.926030 (208992) main____ INFO      CDS_ASSURA         : '/eda/cadence/2023-24/RHELx86/ASSURA_04.16.115_231'
2025-11-18 10:25:32.926050 (208992) main____ INFO      CDS_AUTO_64BIT     : 'ALL'
2025-11-18 10:25:32.926068 (208992) main____ INFO      CDS_CONFRML        : '/eda/cadence/2023-24/RHELx86/CONFRML_23.10.300'
2025-11-18 10:25:32.926086 (208992) main____ INFO      CDS_DDIEXPORT      : '/eda/cadence/2023-24/RHELx86/DDIEXPORT_22.33.000'
2025-11-18 10:25:32.926104 (208992) main____ INFO      CDS_EMX            : '/eda/cadence/2023-24/RHELx86/EMX_23.10.000'
2025-11-18 10:25:32.926123 (208992) main____ INFO      CDS_GENUS          : '/eda/cadence/2023-24/RHELx86/DDIEXPORT_22.33.000/GENUS221'
2025-11-18 10:25:32.926141 (208992) main____ INFO      CDS_IC             : '/eda/cadence/2023-24/RHELx86/IC_23.10.020'
2025-11-18 10:25:32.926160 (208992) main____ INFO      CDS_INNOVUS        : '/eda/cadence/2023-24/RHELx86/DDIEXPORT_22.33.000/INNOVUS221'
2025-11-18 10:25:32.926178 (208992) main____ INFO      CDS_JLS            : '/eda/cadence/2023-24/RHELx86/DDIEXPORT_22.33.000/JLS221'
2025-11-18 10:25:32.926204 (208992) main____ INFO      CDS_LIC_FILE       : '/etc/local/cadence/license_8x.3868dd0560aa:5280@132.68.59.69:/etc/local/cadence/license_8x.1831bfb82c67:5280@132.68.59.64:/etc/local/cadence/license_8x.0894ef683fc3:5280@132.68.59.79:/etc/local/cadence/license_8x.1831bfb82c67:5280@132.68.59.61'
2025-11-18 10:25:32.926238 (208992) main____ INFO      CDS_LITMUS         : '/eda/cadence/2023-24/RHELx86/LITMUS_23.10.300'
2025-11-18 10:25:32.926257 (208992) main____ INFO      CDS_MODUS          : '/eda/cadence/2023-24/RHELx86/MODUS_22.12.000'
2025-11-18 10:25:32.926281 (208992) main____ INFO      CDS_MVS            : '/eda/cadence/2023-24/RHELx86/MVS_21.12.000'
2025-11-18 10:25:32.926297 (208992) main____ INFO      CDS_Netlisting_Mode: 'Analog'
2025-11-18 10:25:32.926315 (208992) main____ INFO      CDS_PEGASUS        : '/eda/cadence/2023-24/RHELx86/PEGASUS_23.11.000'
2025-11-18 10:25:32.926332 (208992) main____ INFO      CDS_PEGASUSDFM     : '/eda/cadence/2023-24/RHELx86/PEGASUSDFM_23.11.000'
2025-11-18 10:25:32.926349 (208992) main____ INFO      CDS_PVS            : '/eda/cadence/2023-24/RHELx86/PVS_22.22.000'
2025-11-18 10:25:32.926366 (208992) main____ INFO      CDS_QUANTUS        : '/eda/cadence/2023-24/RHELx86/QUANTUS_23.10.000'
2025-11-18 10:25:32.926383 (208992) main____ INFO      CDS_SPECTRE        : '/eda/cadence/2023-24/RHELx86/SPECTRE_23.10.242'
2025-11-18 10:25:32.926400 (208992) main____ INFO      CDS_SSV            : '/eda/cadence/2023-24/RHELx86/SSV_22.13.000'
2025-11-18 10:25:32.926414 (208992) main____ INFO      CDS_USE_PALETTE    : ''
2025-11-18 10:25:32.926431 (208992) main____ INFO      CDS_VERISIUMDEBUG  : '/eda/cadence/2023-24/RHELx86/VERISIUMDEBUG_23.03.001'
2025-11-18 10:25:32.926449 (208992) main____ INFO      CDS_VIPCAT         : '/eda/cadence/2023-24/RHELx86/VIPCAT_11.30.093'
2025-11-18 10:25:32.926468 (208992) main____ INFO      CDS_VMANAGER       : '/eda/cadence/2023-24/RHELx86/VMANAGER_23.03.004'
2025-11-18 10:25:32.926485 (208992) main____ INFO      CDS_XCELIUM        : '/eda/cadence/2023-24/RHELx86/XCELIUM_23.03.007'
2025-11-18 10:25:32.926501 (208992) main____ INFO      DISPLAY            : 'localhost:10.0'
2025-11-18 10:25:32.926517 (208992) main____ INFO      JASPER_CPU_CHECK   : '1'
2025-11-18 10:25:32.926533 (208992) main____ INFO      JASPER_INSTALL_DIR : '/tools/cadence2425/JASPER/jasper_2024.06p002'
2025-11-18 10:25:32.926548 (208992) main____ INFO      JASPER_KERNEL_CHECK: '1'
2025-11-18 10:25:32.926563 (208992) main____ INFO      JASPER_OS_CHECK    : '1'
2025-11-18 10:25:32.926578 (208992) main____ INFO      LANG               : 'C'
2025-11-18 10:25:32.926593 (208992) main____ INFO      TMPDIR             : '/tmp'
2025-11-18 10:25:32.926604 (208992) main____ INFO    ----------------------------------------
2025-11-18 10:25:32.928340 (208992) lic_core INFO    Initializing license system ...
2025-11-18 10:25:32.936098 (208992) lic_core INFO    ... license system initialized.
2025-11-18 10:25:32.950380 (208992) lic__man INFO    Claim 'fpv' for <ui>.
2025-11-18 10:25:32.950515 (208992) lic_core INFO    (1) checking out 'jasper_fpv' ...
2025-11-18 10:25:32.970222 (208992) lic_core INFO    ... (1) checkout failed (error: -5) ("FLEXnet ERROR(-5, 0, 0): No such feature exists.")
2025-11-18 10:25:32.970267 (208992) lic_core INFO    (2) checking out 'jasper_fao' ...
2025-11-18 10:25:32.983403 (208992) lic_core INFO    ... (2) checkout succeeded
2025-11-18 10:25:33.009013 (208992) session_ INFO    Starting analysis session with session id 'session_0' (launcher: <local>) ...
2025-11-18 10:25:33.011620 (208992) session_ INFO    Analysis session with session id 'session_0' started (pid: 209011)
2025-11-18 10:25:33.885575 (208992) session_ INFO    Analysis session 'session_0' connected to the console (host: 127.0.0.1:43562)
2025-11-18 10:25:34.439823 (208992) lic__man INFO    Unclaim everything for 'session_0'.
2025-11-18 10:25:34.486493 (208992) lic__man INFO    Claim 'fpv' for 'session_0'.
2025-11-18 10:25:34.486549 (208992) lic__man INFO    Claim 'fpv' for 'session_0/prove-0'.
2025-11-18 10:25:34.729244 (208992) lic__man INFO    Unclaim everything for 'session_0/prove-0'.
2025-11-18 10:25:34.733177 (208992) main____ INFO    About to exit: request to exit with status 0 received from analysis session 'session_0'
2025-11-18 10:25:34.870918 (208992) session_ INFO    Analysis session 'session_0' disconnected.
2025-11-18 10:25:34.871148 (208992) lic__man INFO    Unclaim everything for 'session_0'.
2025-11-18 10:25:34.871444 (208992) session_ INFO    Process for analysis session 'session_0' has exited with exit status '0'.
2025-11-18 10:25:36.675607 (208992) lic_core INFO    (2) checkin jasper_fao
2025-11-18 10:25:36.677354 (208992) main____ INFO    Exiting with status 0.
