# ----------------------------------------
# Jasper Version Info
# tool      : Jasper 2024.06
# platform  : Linux 3.10.0-1160.62.1.el7.x86_64
# version   : 2024.06p002 64 bits
# build date: 2024.09.02 16:28:38 UTC
# ----------------------------------------
# started   : 2025-11-17 17:52:25 IST
# hostname  : vlsi-ria85.vlsidomain
# pid       : 4521
# arguments : '-label' 'session_0' '-console' '//127.0.0.1:40033' '-nowindow' '-style' 'windows' '-exitonerror' '-data' 'AAAAwnicY2RgYLCp////PwMYMD6A0Aw2jAyoAMRnQhUJbEChGRhYYZphSliAmItBl6GAoYghnyELyFNj0ANCfSA7HS6aypDMUMJQDBQNYAhn8GWIZzAEquQB6ktiSATKJDNkAPlCSLJ6YNEcsB0AMIcUlw==' '-proj' '/users/rompel/jasper_executions/safety/jgprojects/PWM_1/sessionLogs/session_0' '-init' '-hidden' '/users/rompel/jasper_executions/safety/jgprojects/PWM_1/.tmp/.initCmds.tcl' 'PWM_1.tcl' '-hidden' '/users/rompel/jasper_executions/safety/jgprojects/PWM_1/.tmp/.postCmds.tcl'

Any disclosure about the Cadence Design Systems software or its use
model to any third party violates the written Non-Disclosure Agreement
between Cadence Design Systems, Inc. and the customer.

THIS SOFTWARE CONTAINS CONFIDENTIAL INFORMATION AND TRADE SECRETS OF
CADENCE DESIGN SYSTEMS, INC. USE, DISCLOSURE, OR REPRODUCTION IS
PROHIBITED WITHOUT THE PRIOR EXPRESS WRITTEN PERMISSION OF CADENCE
DESIGN SYSTEMS, INC.

Copyright (C) 2000-2024 Cadence Design Systems, Inc. All Rights
Reserved.  Unpublished -- rights reserved under the copyright laws of
the United States.

This product includes software developed by others and redistributed
according to license agreement. See doc/third_party_readme.txt for
further details.

RESTRICTED RIGHTS LEGEND

Use, duplication, or disclosure by the Government is subject to
restrictions as set forth in subparagraph (c) (1) (ii) of the Rights in
Technical Data and Computer Software clause at DFARS 252.227-7013 or
subparagraphs (c) (1) and (2) of Commercial Computer Software -- Restricted
Rights at 48 CFR 52.227-19, as applicable.


                          Cadence Design Systems, Inc.
                          2655 Seely Avenue
                          San Jose, CA 95134
                          Phone: 408.943.1234

For technical assistance visit http://support.cadence.com.

Jasper Apps Analysis Session - /users/rompel/jasper_executions/safety/jgprojects/PWM_1/sessionLogs/session_0

WARNING (WG017): [session]: The system's locale is "ANSI_X3.4-1968", which is not UTF-8. Non-ASCII characters might not be handled correctly.
WARNING (WG017): [jg_console]: The system's locale is "ANSI_X3.4-1968", which is not UTF-8. Non-ASCII characters might not be handled correctly.
INFO: successfully checked out license "jasper_fao".
INFO: reading configuration file "/users/rompel/.config/cadence/jasper.conf".
% analyze -sv09 ../PWM_1.sv
[-- (VERI-1482)] Analyzing Verilog file '/tools/cadence2425/JASPER/jasper_2024.06p002/lib/verilog/packages/std/std.sv' into library 'std'
[-- (VERI-1482)] Analyzing Verilog file '../PWM_1.sv'
[INFO (VERI-2561)] ../PWM_1.sv(7): undeclared symbol 'lbR', assumed default net type 'wire'
[INFO (VERI-2561)] ../PWM_1.sv(8): undeclared symbol 'ubR', assumed default net type 'wire'
% elaborate -bbox_mul 1000000 -bbox_div 1000000 -bbox_mod 1000000 -bbox_a 1000000
[INFO (HIER-8002)] ../PWM_1.sv(32): Disabling old hierarchical reference handler
[INFO (VERI-1018)] ../PWM_1.sv(1): compiling module 'PWM_TOP'
[WARN (VERI-1209)] ../PWM_1.sv(7): expression size 11 truncated to fit in target size 1
[WARN (VERI-1209)] ../PWM_1.sv(8): expression size 11 truncated to fit in target size 1
[WARN (VERI-1209)] ../PWM_1.sv(13): expression size 32 truncated to fit in target size 10
[INFO (VERI-8005)] ../PWM_1.sv(1): Unintentional sequential element inferred for pulse_red read before write using blocking assignment
[INFO (VERI-8005)] ../PWM_1.sv(1): Unintentional sequential element inferred for lb_pulse read before write using blocking assignment
[INFO (VERI-8005)] ../PWM_1.sv(1): Unintentional sequential element inferred for ub_pulse read before write using blocking assignment
INFO (ISW003): Top module name is "PWM_TOP".
INFO (INL208): Elaboration synthesis summary:
  Number of synthesized netlists          1 (0 packages)
  Single run mode                         On
  Pipeline                                On (1 pipelined netlists)
  Late hierarchical reference connection  On
  Number of analyzed Verilog modules      1 (1 synthesized)
  Number of analyzed VHDL entities        0 (0 synthesized)
INFO (INL003): Clearing all state information (assumes, stopats, and so forth).
PWM_TOP
[<embedded>] % reset -none
INFO (IPM031): Clearing proof results of all properties.
[<embedded>] % clock clk
[<embedded>] % prove -all
Ncustom1: Custom engine code is hT3Ng7hPPfiYQOTDZ3qhYOwGAM51eA+J/FjkM5shLioAsqhgLR4Ft+O1BuKG6ilQ83B9tLXSl+CwjiTMAQA
Bcustom2: Custom engine code is hT3Nm7hPr1Vp3Di1Ra2USNIGL4JypRnLKLAdF6JAyuavO2JfGCiY9OZJhcAcOUnLx5xwNdhILGrAWX9s+z2WDkKwNR7tAfClBEjRFVQeq6DU54boFgEA
AMcustom3: Custom engine code is hT3Ng7hP/feYQOTDZ3qhYOwGAM51eA+J/FjkM5shLioAsqhgLR4Ft+O1BuKG6ilQ83B9tLXSmmqwm7g9AQA
Mpcustom4: Custom engine code is hT3NZbhP9fmY2AbBQnsjfOxn6c+6e6yL+/e8fZFmaQrnlgEA
INFO (IPF036): Starting proof on task: "<embedded>", 1 properties to prove with 0 already proven/unreachable
INFO (IRS029): Starting reset analysis: phase 1 of 4.
INFO (IRS030): Running reset analysis: phase 2 of 4.
INFO (IRS031): Running reset analysis: phase 3 of 4.
INFO (IRS020): Starting the reset analysis simulation with a limit of 100 iterations (phase 4 of 4).
INFO (IRS024): Reset iterations 0 to 4 analyzed.
INFO (IRS018): Reset analysis simulation executed for 3 iterations. Assigned values for 2 of 13 design flops, 0 of 0 design latches, 3 of 3 internal elements.
INFO (IRS039): Reset analysis complete.
INFO (IPF031): Settings used for proof thread 0:
    orchestration                 = on
    time_limit                    = 86400s
    per_property_time_limit       = 1s * 10 ^ scan
    engine_mode                   = auto
    proofgrid_per_engine_max_jobs = 1
    max engine jobs               = auto
    proofgrid_mode                = local
    proofgrid_restarts            = 10
AMcustom5: Custom engine code is hT3N1rhP11/52HrFRS21ROp2LOjVTgPvT8L8BGXHgLhaIuqtT4nARFjUqrBL+7pLmaTOzBepZW/Jm8SSrHDybSQtoNiO3y43wk+dEoWlsZizu97Fih6O6lPVG/LpWP5SsUPwlGagLNa1FKEFvwVXyX7//8prySbvSxIHXr5er+z4RAEA
0: Using multistage preprocessing
0: Starting reduce
Ncustom6: Custom engine code is hT3OXrhPByJp3TrFSTLhUmMH4KVtJgmTCnNDF46yMXOKY48m4LS5nE7yBzFjA7kDuwO/GhGUpEPiky3p3wmPn3dJZHxFMsafSoObRzSC+tn7sEY0WbTdZ/FV4hL3MYH/b1CIUvXSWR4wqEoVLsmMOD4xIPT4lI1LO6ZCO7PnnWQuLwetnvKlrXx6wCW/A+x+enqslg1YPobi4wEF/EvbzOvcTYdJvl2s4H2yZg2b2ofAVN5WvhWk1HoBAA
ADcustom7: Custom engine code is hT3Nv7hPv1752HrFRa2kROx2f/ECJeZB2AZsLdlO8VwmIuqtT4nIDFXclhg+O+o+DMmQCekbheGk0kK28laA9gaOFDXsQp29J3X615HY1IPHJWd6FUFvCHjO+p1k652b5JJvZlShNpGlGSXAiQe/mEAj6tEBAA
Tricustom8: Custom engine code is hT3Nu7hPt1752DvFRa0kNDiyIV97VyejwM9C/jCLJjdPvusZONHY42VYUy0Q1ZotnhcVtNc56tJ5wbxv6V2+XpdsaSlHck5vfnbYjdwj1OECy9U+7oSQ0SZE3g5ayD+Phuh4odCJTjeKa2k4elM9ldQfkAEA
Gcustom9: Custom engine code is hT3NibhPDfeYQADBZnYcglOvK9Pfd7EOeniIqP8jNsyIqInncipMGcUXqAadachREE9F2PwhBUZUNw5kHnd4JdXkamORRgEA
C2custom10: Custom engine code is hT3NirhPjfWYQADBZnYcglOvK9Pfd7EOeniIqP8jNsyIqInncgkrYMMXCYbdK0dUjZIF9d4cJ0rHoBDjwVLBKuG86XYVV00BAA
AGcustom11: Custom engine code is hT3NirhP/fmYQADBZnYcglOvK9Pfd7EOeniIqP8jNsyIqInnckcwYMMXCYbdK0dUjZIF9d4cJ0rHoBDjwVLBKuHEZnZByh0BAA
Bcustom12: Custom engine code is hT3NjrhPDfiYQADBZnYcglOvK9PfWxFtenjIyBqfrgr7if/jL/yPOuK1BAflEcW0DxNH2eDIoezN2gxlQFg81RZtiWXh7aiTAidvAQA
0: Finished reduce in 0s
Ncustom13: Custom engine code is hT3NR7hPByFp3TrFSTLhUmMH4KWtJglTyV/c51BHEeZWamnJv767nE6PCak26bd3gf3XGN3rIRheufhDieCJQVISo+gNYUKhiUedBKGtsP/a18svAnlMJZudHxDFwK5ufsyoxsIyiAeSY2oi3tEuoDHr5gw42DFKAG3PqO3CEsl8Azzdt3pl5nGA1Ifv2H02eYsFzWb/nfp8PMb3F0krE/EgBcm8TD9Div8BAA
0.0.PRE: Performing Proof Simplification...
Tricustom14: Custom engine code is hT3Nu7hP3fiYQADBZnYcglNHp9bfd7EOeniIqP/ji8sGLQu8yhsFO+wxJ+O+R0bU8g/IewXFomyos+viQnWc2xYNYmMqpo3i40O7DaZR7qfp4YqNx26KRvQ/qx0BAA
0.0.N: clocks: 1, declared: 1, looping: 0, posedge: 1, negedge: 0, noedge: 0, bothedge: 0
0.0.N: Proof Simplification Iteration 1	[0.00 s]
0.0.N: Proof Simplification Iteration 2	[0.00 s]
0.0.PRE: A proof was found: No trace exists. [0.00 s]
INFO (IPF057): 0.0.PRE: The property ":noDeadEnd" was proven in 0.00 s.
    Use check_assumptions -show -dead_end to show this property in the property table.
0.0.PRE: A proof was found: No trace exists. [0.00 s]
INFO (IPF057): 0.0.PRE: The property ":noConflict" was proven in 0.00 s.
    Use check_assumptions -show to show this property in the property table.
INFO (IPF047): 0.0.PRE: The cover property ":live" was covered in 1 cycles in 0.00 s.
    Use check_assumptions -show -live to show this property in the property table.
0.0.PRE: Proof Simplification completed in 0.00 s
0: About to start ProofGrid in its own thread with a limit of 10000 pending notifications and a limit of 10 traces.
0: =============================== ProofGrid start ===============================
0: ProofGrid usable level: 1
0: Initial ProofGrid level: 1
0: ProofGrid is starting event handling
0.0.Hp: Proofgrid shell started at 4660@vlsi-ria85(local) jg_4521_vlsi-ria85_1
0.0.N: Proofgrid shell started at 4655@vlsi-ria85(local) jg_4521_vlsi-ria85_1
0.0.Hp: clocks: 1, declared: 1, looping: 0, posedge: 1, negedge: 0, noedge: 0, bothedge: 0
0.0.N: clocks: 1, declared: 1, looping: 0, posedge: 1, negedge: 0, noedge: 0, bothedge: 0
0.0.Hp: Last scan. Per property time limit: 0s
0.0.N: Last scan. Per property time limit: 0s
0.0.N: Starting proof for property "PWM_TOP.p1"	[0.00 s].
0.0.Hp: Trace Attempt  1	[0.00 s]
0.0.Hp: Trace Attempt  2	[0.00 s]
0.0.Hp: Trace Attempt  3	[0.00 s]
0.0.Hp: Trace Attempt  4	[0.00 s]
0.0.Hp: Trace Attempt  5	[0.00 s]
0.0.N: Trace Attempt  1	[0.01 s]
0.0.N: Trace Attempt  2	[0.01 s]
0.0.N: Trace Attempt  2	[0.01 s]
0.0.N: Trace Attempt  3	[0.01 s]
0.0.N: Trace Attempt  3	[0.01 s]
0.0.N: Trace Attempt  4	[0.01 s]
0.0.N: Trace Attempt  5	[0.01 s]
0.0.N: Trace Attempt  5	[0.01 s]
0.0.N: Trace Attempt  1	[0.04 s]
0.0.N: Trace Attempt  2	[0.05 s]
0.0.Oh: Proofgrid shell started at 4715@vlsi-ria85(local) jg_4521_vlsi-ria85_1
0.0.B: Proofgrid shell started at 4719@vlsi-ria85(local) jg_4521_vlsi-ria85_1
0.0.AM: Proofgrid shell started at 4724@vlsi-ria85(local) jg_4521_vlsi-ria85_1
0.0.N: Trace Attempt  3	[0.05 s]
0.0.N: Trace Attempt  4	[0.05 s]
0.0.N: Trace Attempt  5	[0.05 s]
0.0.B: clocks: 1, declared: 1, looping: 0, posedge: 1, negedge: 0, noedge: 0, bothedge: 0
0.0.B: Last scan. Per property time limit: 0s
0.0.B: Starting proof for property "PWM_TOP.p1"	[0.00 s].
0.0.AM: clocks: 1, declared: 1, looping: 0, posedge: 1, negedge: 0, noedge: 0, bothedge: 0
0.0.AM: Last scan. Per property time limit: 0s
0.0.AM: Starting proof for property "PWM_TOP.p1"	[0.00 s].
0.0.B: Trace Attempt  1	[0.00 s]
0.0.AM: Trace Attempt  1	[0.00 s]
0.0.B: Trace Attempt  2	[0.00 s]
0.0.AM: Trace Attempt  2	[0.00 s]
0.0.Oh: clocks: 1, declared: 1, looping: 0, posedge: 1, negedge: 0, noedge: 0, bothedge: 0
0.0.Oh: Reached length limit (2147483647) [0.01 s]
0.0.B: Trace Attempt  3	[0.00 s]
0.0.B: Trace Attempt  4	[0.00 s]
0.0.B: Trace Attempt  5	[0.00 s]
0.0.AM: Trace Attempt  3	[0.00 s]
0.0.AM: Trace Attempt  4	[0.00 s]
0.0.AM: Trace Attempt  5	[0.00 s]
0.0.AM: Trace Attempt  1	[0.00 s]
0.0.AM: Trace Attempt  2	[0.00 s]
0.0.AM: Trace Attempt  3	[0.00 s]
0.0.AM: Trace Attempt  4	[0.01 s]
0.0.Ht: Proofgrid shell started at 4713@vlsi-ria85(local) jg_4521_vlsi-ria85_1
0.0.Oh: Exited with Success (@ 0.09 s)
0.0.Ht: clocks: 1, declared: 1, looping: 0, posedge: 1, negedge: 0, noedge: 0, bothedge: 0
0.0.Ht: Last scan. Per property time limit: 0s
0.0.Ht: Trace Attempt  1	[0.00 s]
0.0.Ht: Trace Attempt  2	[0.00 s]
0.0.Ht: Trace Attempt  3	[0.00 s]
0.0.Ht: Trace Attempt  4	[0.00 s]
0.0.Ht: Trace Attempt  5	[0.00 s]
0.0.AM: Trace Attempt  1	[0.01 s]
0.0.AM: Trace Attempt  2	[0.01 s]
0.0.AM: Trace Attempt  3	[0.01 s]
0.0.AM: Trace Attempt  4	[0.02 s]
0.0.AM: Trace Attempt  5	[0.02 s]
0.0.AM: Trace Attempt  1	[0.07 s]
0.0.AM: Trace Attempt  2	[0.07 s]
0.0.AM: Trace Attempt  3	[0.07 s]
0.0.AM: Trace Attempt  4	[0.08 s]
0.0.AM: Trace Attempt  5	[0.08 s]
0.0.N: Trace Attempt  1	[0.21 s]
0.0.N: Trace Attempt  2	[0.21 s]
0.0.N: Trace Attempt  3	[0.21 s]
0.0.N: Trace Attempt  4	[0.21 s]
0.0.N: Trace Attempt  5	[0.21 s]
0.0.N: Trace Attempt  1	[0.37 s]
0.0.N: Trace Attempt  2	[0.37 s]
0.0.N: Trace Attempt  3	[0.37 s]
0.0.N: Trace Attempt  4	[0.37 s]
0.0.N: Trace Attempt  5	[0.38 s]
0.0.N: Trace Attempt  1	[0.54 s]
0.0.N: Trace Attempt  2	[0.54 s]
0.0.N: Trace Attempt  3	[0.54 s]
0.0.N: Trace Attempt  4	[0.54 s]
0.0.N: Trace Attempt  5	[0.55 s]
0.0.N: Trace Attempt  1	[0.88 s]
0.0.N: Trace Attempt  2	[0.88 s]
0.0.N: Trace Attempt  3	[0.88 s]
0.0.N: Trace Attempt  4	[0.89 s]
0.0.N: Trace Attempt  5	[0.89 s]
0.0.AM: Trace Attempt  1	[1.42 s]
0.0.AM: Trace Attempt  2	[1.42 s]
0.0.AM: Trace Attempt  3	[1.42 s]
0.0.AM: Trace Attempt  4	[1.42 s]
0.0.AM: Trace Attempt  5	[1.43 s]
0.0.N: Trace Attempt  1	[2.16 s]
0.0.N: Trace Attempt  2	[2.16 s]
0.0.N: Trace Attempt  3	[2.16 s]
0.0.N: Trace Attempt  4	[2.17 s]
0.0.N: Trace Attempt  5	[2.17 s]
0.0.N: Trace Attempt  1	[3.51 s]
0.0.N: Trace Attempt  2	[3.51 s]
0.0.N: Trace Attempt  3	[3.51 s]
0.0.N: Trace Attempt  4	[3.52 s]
0.0.N: Trace Attempt  5	[3.52 s]
0.0.AM: Trace Attempt  1	[3.50 s]
0.0.AM: Trace Attempt  2	[3.50 s]
0.0.AM: Trace Attempt  3	[3.50 s]
0.0.AM: Trace Attempt  4	[3.51 s]
0.0.AM: Trace Attempt  5	[3.51 s]
0.0.Hp: Trace Attempt 141	[4.07 s]
0.0.Ht: Trace Attempt 142	[4.01 s]
0.0.B: Trace Attempt 157	[4.06 s]
0.0.N: Trace Attempt  1	[4.85 s]
0.0.N: Trace Attempt  2	[4.85 s]
0.0.N: Trace Attempt  3	[4.85 s]
0.0.N: Trace Attempt  4	[4.85 s]
0.0.N: Trace Attempt  5	[4.85 s]
0.0.N: Trace Attempt  1	[6.22 s]
0.0.N: Trace Attempt  2	[6.22 s]
0.0.N: Trace Attempt  3	[6.22 s]
0.0.N: Trace Attempt  4	[6.22 s]
0.0.N: Trace Attempt  5	[6.23 s]
0.0.N: Trace Attempt  1	[7.61 s]
0.0.N: Trace Attempt  2	[7.61 s]
0.0.N: Trace Attempt  3	[7.61 s]
0.0.N: Trace Attempt  4	[7.61 s]
0.0.N: Trace Attempt  5	[7.62 s]
0.0.AM: Trace Attempt 80	[7.79 s]
0.0.Hp: Trace Attempt 176	[8.07 s]
0.0.Ht: Trace Attempt 180	[8.05 s]
0.0.B: Trace Attempt 202	[8.10 s]
0.0.N: Trace Attempt  1	[9.08 s]
0.0.N: Trace Attempt  2	[9.08 s]
0.0.N: Trace Attempt  3	[9.08 s]
0.0.N: Trace Attempt  4	[9.08 s]
0.0.N: Trace Attempt  5	[9.09 s]
0.0.N: Trace Attempt  1	[10.61 s]
0.0.N: Trace Attempt  2	[10.61 s]
0.0.N: Trace Attempt  3	[10.61 s]
0.0.N: Trace Attempt  4	[10.61 s]
0.0.N: Trace Attempt  5	[10.62 s]
0.0.AM: Trace Attempt 71	[11.93 s]
0.0.Hp: Trace Attempt 202	[12.08 s]
0.0.N: Trace Attempt  1	[12.11 s]
0.0.N: Trace Attempt  2	[12.11 s]
0.0.N: Trace Attempt  3	[12.11 s]
0.0.N: Trace Attempt  4	[12.11 s]
0.0.N: Trace Attempt  5	[12.11 s]
0.0.Ht: Trace Attempt 207	[12.14 s]
0.0.B: Trace Attempt 230	[12.16 s]
0.0.N: Trace Attempt  1	[13.69 s]
0.0.N: Trace Attempt  2	[13.69 s]
0.0.N: Trace Attempt  3	[13.69 s]
0.0.N: Trace Attempt  4	[13.69 s]
0.0.N: Trace Attempt  5	[13.70 s]
0.0.N: Trace Attempt  1	[15.25 s]
0.0.N: Trace Attempt  2	[15.25 s]
0.0.N: Trace Attempt  3	[15.25 s]
0.0.N: Trace Attempt  4	[15.26 s]
0.0.N: Trace Attempt  5	[15.26 s]
0.0.AM: Trace Attempt 130	[16.04 s]
0.0.Hp: Trace Attempt 223	[16.10 s]
0.0.B: Trace Attempt 254	[16.25 s]
0.0.Ht: Trace Attempt 228	[16.39 s]
0.0.AM: Trace Attempt  1	[16.49 s]
0.0.AM: Trace Attempt  2	[16.49 s]
0.0.AM: Trace Attempt  3	[16.49 s]
0.0.AM: Trace Attempt  4	[16.49 s]
0.0.AM: Trace Attempt  5	[16.50 s]
0.0.N: Trace Attempt  1	[16.92 s]
0.0.N: Trace Attempt  2	[16.92 s]
0.0.N: Trace Attempt  3	[16.92 s]
0.0.N: Trace Attempt  4	[16.92 s]
0.0.N: Trace Attempt  5	[16.93 s]
0.0.N: Trace Attempt  1	[18.63 s]
0.0.N: Trace Attempt  2	[18.63 s]
0.0.N: Trace Attempt  3	[18.63 s]
0.0.N: Trace Attempt  4	[18.64 s]
0.0.N: Trace Attempt  5	[18.64 s]
0.0.Hp: Trace Attempt 238	[20.15 s]
0.0.Ht: Trace Attempt 244	[20.46 s]
0.0.N: Trace Attempt  1	[20.54 s]
0.0.N: Trace Attempt  2	[20.54 s]
0.0.N: Trace Attempt  3	[20.54 s]
0.0.N: Trace Attempt  4	[20.55 s]
0.0.N: Trace Attempt  5	[20.55 s]
0.0.AM: Trace Attempt 74	[20.61 s]
0.0.B: Trace Attempt 267	[20.62 s]
0.0.N: Trace Attempt  1	[22.54 s]
0.0.N: Trace Attempt  2	[22.54 s]
0.0.N: Trace Attempt  3	[22.54 s]
0.0.N: Trace Attempt  4	[22.55 s]
0.0.N: Trace Attempt  5	[22.55 s]
0.0.Hp: Trace Attempt 255	[24.37 s]
0.0.AM: Trace Attempt 93	[24.67 s]
0.0.Ht: Trace Attempt 261	[24.79 s]
0.0.B: Trace Attempt 281	[24.83 s]
0.0.N: Trace Attempt  1	[25.93 s]
0.0.N: Trace Attempt  2	[25.94 s]
0.0.N: Trace Attempt  3	[25.94 s]
0.0.N: Trace Attempt  4	[25.94 s]
0.0.N: Trace Attempt  5	[25.95 s]
0.0.Hp: Trace Attempt 266	[28.38 s]
0.0.Ht: Trace Attempt 271	[28.90 s]
0.0.B: Trace Attempt 294	[28.94 s]
0.0.AM: Trace Attempt 109	[29.05 s]
0.0.N: Trace Attempt 77	[30.02 s]
0.0.Hp: Trace Attempt 275	[32.76 s]
0.0.B: Trace Attempt 307	[33.23 s]
0.0.AM: Trace Attempt 120	[33.25 s]
0.0.Ht: Trace Attempt 281	[33.34 s]
0.0.N: Trace Attempt 87	[34.54 s]
0.0.Hp: Trace Attempt 284	[36.90 s]
0.0.B: Trace Attempt 318	[37.38 s]
0.0.Ht: Trace Attempt 290	[37.42 s]
0.0.AM: Trace Attempt 126	[37.45 s]
0.0.N: Trace Attempt 93	[39.11 s]
0.0.Hp: Trace Attempt 293	[41.16 s]
0.0.AM: Trace Attempt 134	[41.77 s]
0.0.Ht: Trace Attempt 298	[41.76 s]
0.0.B: Trace Attempt 328	[41.77 s]
0.0.N: Trace Attempt 94	[44.32 s]
0.0.N: Trace Attempt  1	[44.63 s]
0.0.N: Trace Attempt  2	[44.63 s]
0.0.N: Trace Attempt  3	[44.63 s]
0.0.N: Trace Attempt  4	[44.63 s]
0.0.N: Trace Attempt  5	[44.64 s]
0.0.Hp: Trace Attempt 300	[45.58 s]
0.0.AM: Trace Attempt 141	[45.90 s]
0.0.Ht: Trace Attempt 305	[45.89 s]
0.0.B: Trace Attempt 336	[45.98 s]
0.0.N: Trace Attempt 77	[48.69 s]
0.0.Hp: Trace Attempt 308	[50.02 s]
0.0.Ht: Trace Attempt 314	[50.13 s]
0.0.B: Trace Attempt 344	[50.16 s]
0.0.AM: Trace Attempt 148	[50.42 s]
0.0.N: Trace Attempt 87	[53.17 s]
0.0.B: Trace Attempt 352	[54.34 s]
0.0.Hp: Trace Attempt 317	[54.41 s]
0.0.Ht: Trace Attempt 323	[54.58 s]
0.0.AM: Trace Attempt 153	[56.16 s]
0.0.N: Trace Attempt 93	[57.70 s]
0.0.B: Trace Attempt 359	[58.45 s]
0.0.Hp: Trace Attempt 325	[58.55 s]
0.0.Ht: Trace Attempt 329	[58.71 s]
0.0.AM: Trace Attempt 155	[60.70 s]
0.0.B: Trace Attempt 366	[62.59 s]
0.0.Hp: Trace Attempt 331	[63.04 s]
0.0.Ht: Trace Attempt 336	[63.25 s]
0.0.N: Trace Attempt 95	[63.56 s]
0.0.N: Trace Attempt  1	[63.86 s]
0.0.N: Trace Attempt  2	[63.86 s]
0.0.N: Trace Attempt  3	[63.86 s]
0.0.N: Trace Attempt  4	[63.87 s]
0.0.N: Trace Attempt  5	[63.87 s]
0.0.AM: Trace Attempt 157	[64.87 s]
0.0.B: Trace Attempt 374	[66.89 s]
0.0.Hp: Trace Attempt 337	[67.24 s]
0.0.Ht: Trace Attempt 343	[67.34 s]
0.0.N: Trace Attempt 77	[67.91 s]
0.0.AM: Trace Attempt 159	[68.93 s]
0.0.Hp: Trace Attempt 344	[71.33 s]
0.0.B: Trace Attempt 382	[71.33 s]
0.0.Ht: Trace Attempt 351	[71.75 s]
0.0.N: Trace Attempt 87	[72.22 s]
0.0.AM: Trace Attempt 161	[73.54 s]
0.0.Hp: Trace Attempt 351	[75.68 s]
0.0.B: Trace Attempt 388	[76.11 s]
0.0.Ht: Trace Attempt 359	[76.28 s]
0.0.N: Trace Attempt 93	[76.76 s]
0.0.Hp: Trace Attempt 358	[80.18 s]
0.0.Ht: Trace Attempt 365	[80.74 s]
0.0.B: Trace Attempt 395	[80.75 s]
0.0.AM: Trace Attempt 163	[81.93 s]
0.0.N: Trace Attempt 96	[83.43 s]
0.0.N: Trace Attempt  1	[83.71 s]
0.0.N: Trace Attempt  2	[83.71 s]
0.0.N: Trace Attempt  3	[83.71 s]
0.0.N: Trace Attempt  4	[83.72 s]
0.0.N: Trace Attempt  5	[83.72 s]
0.0.Hp: Trace Attempt 363	[84.77 s]
0.0.B: Trace Attempt 400	[84.85 s]
0.0.Ht: Trace Attempt 371	[85.57 s]
0.0.N: Trace Attempt 78	[87.91 s]
0.0.AM: Trace Attempt 166	[88.05 s]
0.0.Hp: Trace Attempt 369	[89.29 s]
0.0.B: Trace Attempt 405	[89.44 s]
0.0.Ht: Trace Attempt 378	[89.70 s]
0.0.N: Trace Attempt 87	[92.09 s]
0.0.Hp: Trace Attempt 375	[93.78 s]
0.0.B: Trace Attempt 410	[93.74 s]
0.0.Ht: Trace Attempt 385	[94.17 s]
0.0.AM: Trace Attempt 168	[94.41 s]
0.0.N: Trace Attempt 93	[96.61 s]
0.0.Hp: Trace Attempt 381	[97.82 s]
0.0.Ht: Trace Attempt 392	[98.43 s]
0.0.B: Trace Attempt 415	[98.47 s]
0.0.Hp: Trace Attempt 388	[102.35 s]
0.0.AM: Trace Attempt 171	[102.94 s]
0.0.N: Trace Attempt 97	[103.28 s]
0.0.B: Trace Attempt 420	[103.23 s]
0.0.Ht: Trace Attempt 397	[103.28 s]
0.0.N: Trace Attempt  1	[103.60 s]
0.0.N: Trace Attempt  2	[103.60 s]
0.0.N: Trace Attempt  3	[103.60 s]
0.0.N: Trace Attempt  4	[103.61 s]
0.0.N: Trace Attempt  5	[103.61 s]
0.0.Hp: Trace Attempt 395	[106.91 s]
0.0.N: Trace Attempt 78	[107.78 s]
0.0.Ht: Trace Attempt 403	[107.81 s]
0.0.B: Trace Attempt 425	[107.89 s]
0.0.Hp: Trace Attempt 399	[111.09 s]
0.0.AM: Trace Attempt 173	[111.40 s]
0.0.N: Trace Attempt 87	[111.93 s]
0.0.Ht: Trace Attempt 408	[111.96 s]
0.0.B: Trace Attempt 430	[112.22 s]
0.0.Hp: Trace Attempt 404	[115.36 s]
0.0.N: Trace Attempt 93	[116.32 s]
0.0.B: Trace Attempt 435	[116.29 s]
0.0.Ht: Trace Attempt 414	[116.66 s]
0.0.AM: Trace Attempt 175	[119.25 s]
0.0.Hp: Trace Attempt 409	[119.89 s]
0.0.B: Trace Attempt 440	[120.64 s]
0.0.Ht: Trace Attempt 419	[120.70 s]
0.0.N: Trace Attempt 98	[122.88 s]
0.0.N: Trace Attempt  1	[123.20 s]
0.0.N: Trace Attempt  2	[123.20 s]
0.0.N: Trace Attempt  3	[123.20 s]
0.0.N: Trace Attempt  4	[123.20 s]
0.0.N: Trace Attempt  5	[123.21 s]
0.0.AM: Trace Attempt 176	[123.96 s]
0.0.Hp: Trace Attempt 414	[124.02 s]
0.0.B: Trace Attempt 445	[124.89 s]
0.0.Ht: Trace Attempt 425	[125.33 s]
0.0.N: Trace Attempt 77	[127.22 s]
0.0.Hp: Trace Attempt 419	[128.12 s]
0.0.AM: Trace Attempt 179	[128.37 s]
0.0.Ht: Trace Attempt 430	[129.37 s]
0.0.B: Trace Attempt 450	[129.68 s]
0.0.N: Trace Attempt 87	[131.55 s]
0.0.Hp: Trace Attempt 424	[132.20 s]
0.0.AM: Trace Attempt 181	[133.10 s]
0.0.Ht: Trace Attempt 434	[133.78 s]
0.0.B: Trace Attempt 454	[133.80 s]
0.0.N: Trace Attempt 93	[135.94 s]
0.0.Hp: Trace Attempt 429	[136.49 s]
0.0.AM: Trace Attempt 183	[137.30 s]
0.0.Ht: Trace Attempt 439	[138.19 s]
0.0.B: Trace Attempt 458	[138.22 s]
0.0.Hp: Trace Attempt 432	[140.81 s]
0.0.Ht: Trace Attempt 443	[142.40 s]
0.0.B: Trace Attempt 462	[142.66 s]
0.0.AM: Trace Attempt 185	[143.70 s]
0.0.N: Trace Attempt 99	[143.97 s]
0.0.N: Trace Attempt  1	[144.28 s]
0.0.N: Trace Attempt  2	[144.28 s]
0.0.N: Trace Attempt  3	[144.28 s]
0.0.N: Trace Attempt  4	[144.28 s]
0.0.N: Trace Attempt  5	[144.29 s]
0.0.Hp: Trace Attempt 438	[145.55 s]
0.0.Ht: Trace Attempt 448	[146.50 s]
0.0.B: Trace Attempt 466	[147.26 s]
0.0.N: Trace Attempt 78	[148.44 s]
0.0.Hp: Trace Attempt 442	[150.56 s]
0.0.Ht: Trace Attempt 453	[151.26 s]
0.0.B: Trace Attempt 471	[152.17 s]
0.0.N: Trace Attempt 87	[152.56 s]
0.0.AM: Trace Attempt 187	[152.71 s]
0.0.Hp: Trace Attempt 447	[154.82 s]
0.0.Ht: Trace Attempt 458	[155.40 s]
0.0.B: Trace Attempt 475	[156.38 s]
0.0.N: Trace Attempt 93	[157.01 s]
0.0.AM: Trace Attempt 188	[158.66 s]
0.0.Hp: Trace Attempt 452	[159.70 s]
0.0.Ht: Trace Attempt 463	[159.78 s]
0.0.B: Trace Attempt 480	[161.43 s]
0.0.N: Trace Attempt 100	[163.65 s]
0.0.N: Trace Attempt  1	[163.97 s]
0.0.N: Trace Attempt  2	[163.97 s]
0.0.N: Trace Attempt  3	[163.97 s]
0.0.N: Trace Attempt  4	[163.97 s]
0.0.N: Trace Attempt  5	[163.98 s]
0.0.Ht: Trace Attempt 468	[163.99 s]
0.0.Hp: Trace Attempt 457	[164.31 s]
0.0.AM: Trace Attempt 189	[165.93 s]
0.0.B: Trace Attempt 485	[166.17 s]
0.0.N: Trace Attempt 77	[168.01 s]
0.0.Ht: Trace Attempt 473	[168.14 s]
0.0.Hp: Trace Attempt 462	[168.47 s]
0.0.B: Trace Attempt 490	[170.54 s]
0.0.N: Trace Attempt 87	[172.34 s]
0.0.Ht: Trace Attempt 476	[172.74 s]
0.0.Hp: Trace Attempt 468	[173.12 s]
0.0.B: Trace Attempt 496	[175.19 s]
0.0.AM: Trace Attempt 190	[175.45 s]
0.0.N: Trace Attempt 93	[176.67 s]
0.0.Ht: Trace Attempt 480	[176.91 s]
0.0.Hp: Trace Attempt 474	[179.72 s]
0.0.B: Trace Attempt 501	[179.68 s]
0.0.Ht: Trace Attempt 483	[181.30 s]
0.0.N: Trace Attempt 100	[177.25 s]
0.0.N: Stopped processing property "PWM_TOP.p1"	[181.37 s].
0.0.N: Morphing to Ncustom1
0.0.N: All properties determined. [0.00 s]
0.0.N: Exited with Success (@ 0.00 s)
0.0.Ncustom1: clocks: 1, declared: 1, looping: 0, posedge: 1, negedge: 0, noedge: 0, bothedge: 0
0.0.Ncustom1: Starting proof for property "PWM_TOP.p1"	[0.00 s].
0.0.Ncustom1: Trace Attempt 100	[0.00 s]
0.0.B: Trace Attempt 502	[180.85 s]
0.0.B: Stopped processing property "PWM_TOP.p1"	[181.32 s].
0.0.B: Morphing to Bcustom2
0.0.B: All properties determined. [0.00 s]
0.0.B: Exited with Success (@ 0.00 s)
0.0.Bcustom2: clocks: 1, declared: 1, looping: 0, posedge: 1, negedge: 0, noedge: 0, bothedge: 0
0.0.Bcustom2: Starting proof for property "PWM_TOP.p1"	[0.00 s].
0.0.Bcustom2: Trace Attempt  1	[0.00 s]
0.0.Bcustom2: Trace Attempt  2	[0.00 s]
0.0.Bcustom2: Trace Attempt  1	[0.00 s]
0.0.Bcustom2: Trace Attempt  2	[0.00 s]
0.0.Bcustom2: Trace Attempt  3	[0.00 s]
0.0.Bcustom2: Trace Attempt  4	[0.00 s]
0.0.Bcustom2: Trace Attempt  5	[0.00 s]
0.0.Tri: Proofgrid shell started at 12973@vlsi-ria85(local) jg_4521_vlsi-ria85_1
0.0.Tri: clocks: 1, declared: 1, looping: 0, posedge: 1, negedge: 0, noedge: 0, bothedge: 0
0.0.Tri: Last scan. Per property time limit: 0s
0.0.Tri: Starting proof for property "PWM_TOP.p1"	[0.00 s].
0.0.Tri: Trace Attempt  1	[0.00 s]
0.0.Tri:    0.00" ---- Launching main thread ----
0.0.Tri:    0.05" ---- Launching abstraction thread ----
0.0.Tri:    0.07" ---- Launching multi-phase simplification thread ----
0.0.Tri:    0.11" ---- Launching liveness simplification thread ----
0.0.AM: Stopped processing property "PWM_TOP.p1"	[181.71 s].
0.0.AM: Morphing to AMcustom3
0.0.AM: All properties determined. [0.00 s]
0.0.AM: Exited with Success (@ 0.00 s)
0.0.AMcustom3: clocks: 1, declared: 1, looping: 0, posedge: 1, negedge: 0, noedge: 0, bothedge: 0
0.0.AMcustom3: Starting proof for property "PWM_TOP.p1"	[0.00 s].
0.0.AMcustom3: Trace Attempt  1	[0.00 s]
0.0.AMcustom3: Trace Attempt  2	[0.00 s]
0.0.AMcustom3: Trace Attempt  3	[0.00 s]
0.0.AMcustom3: Trace Attempt  4	[0.00 s]
0.0.AMcustom3: Trace Attempt  5	[0.00 s]
0.0.AMcustom3: Trace Attempt  1	[0.00 s]
0.0.AMcustom3: Trace Attempt  2	[0.00 s]
0.0.AMcustom3: Trace Attempt  3	[0.00 s]
0.0.AMcustom3: Trace Attempt  4	[0.00 s]
0.0.AMcustom3: Trace Attempt  1	[0.01 s]
0.0.AMcustom3: Trace Attempt  2	[0.01 s]
0.0.AMcustom3: Trace Attempt  3	[0.01 s]
0.0.AMcustom3: Trace Attempt  4	[0.01 s]
0.0.AMcustom3: Trace Attempt  5	[0.02 s]
0.0.AMcustom3: Trace Attempt  1	[0.08 s]
0.0.AMcustom3: Trace Attempt  2	[0.08 s]
0.0.AMcustom3: Trace Attempt  3	[0.08 s]
0.0.AMcustom3: Trace Attempt  4	[0.08 s]
0.0.AMcustom3: Trace Attempt  5	[0.09 s]
0.0.Tri:    0.88" Simplification phase 1 complete
0.0.Ncustom1: Requesting engine job to terminate
0.0.Bcustom2: Requesting engine job to terminate
0.0.AMcustom3: Requesting engine job to terminate
0.0.Tri: Requesting engine job to terminate
0.0.Hp: Requesting engine job to terminate
0.0.Ht: Requesting engine job to terminate
INFO (IPF144): 0: Initiating shutdown of proof [182.49 s]
0.0.Tri: A proof was found: No trace exists. [1.01 s]
INFO (IPF057): 0.0.Tri: The property "PWM_TOP.p1" was proven in 1.02 s.
0.0.Ncustom1: Stopped processing property "PWM_TOP.p1"	[1.10 s].
0.0.Ncustom1: All properties determined. [1.10 s]
0.0.AMcustom3: Trace Attempt 34	[0.61 s]
0.0.AMcustom3: Stopped processing property "PWM_TOP.p1"	[0.69 s].
0.0.AMcustom3: All properties determined. [0.69 s]
0.0.AMcustom3: Exited with Success (@ 182.49 s)
0: ProofGrid usable level: 0
0.0.Ncustom1: Exited with Success (@ 182.50 s)
0.0.Bcustom2: Trace Attempt 85	[1.08 s]
0.0.Bcustom2: Stopped processing property "PWM_TOP.p1"	[1.11 s].
0.0.Bcustom2: All properties determined. [1.12 s]
0.0.Bcustom2: Exited with Success (@ 182.52 s)
0.0.Ht: Trace Attempt 484	[182.39 s]
0.0.Ht: All properties determined. [182.46 s]
0.0.Hp: Trace Attempt 476	[181.80 s]
0.0.Hp: All properties determined. [182.53 s]
0.0.Ht: Exited with Success (@ 182.56 s)
0.0.Hp: Exited with Success (@ 182.58 s)
0.0.Tri: Stopped processing property "PWM_TOP.p1"	[1.21 s].
0.0.Tri: All properties determined. [1.21 s]
0.0.Tri: Exited with Success (@ 182.68 s)
0: --------------------------------------------------------------
ProofGrid Summary (utilization 99.95 %)
--------------------------------------------------------------
     engines started                               :    10
     engine jobs started                           :     7

    Average time in state (seconds)
    ------------------------------------------------------
    Engine  Pending     Running        Dead    Utilization
    ------------------------------------------------------
     Hp        0.04      182.47        0.00       99.98 %
     Ht        0.09      182.40        0.00       99.95 %
     Oh        0.07        0.01        0.00        8.51 %
    Ncustom1        0.05      182.47        0.00       99.97 %
    Bcustom2        0.06      182.40        0.00       99.97 %
    AMcustom3        0.06      182.00        0.00       99.97 %
    Tri        0.07        1.02        0.00       93.43 %
    all        0.06      130.40        0.00       99.95 %

    Total time in state (seconds)
    -----------------------------------------
            Pending     Running        Dead  
    -----------------------------------------
               0.45      912.77        0.00

    Data read    : 1.54 MiB
    Data written : 2.88 kiB

0: All pending notifications were processed.
INFO (IPF059): 0: Completed proof on task: "<embedded>"

==============================================================
SUMMARY
==============================================================
           Properties Considered              : 1
                 assertions                   : 1
                  - proven                    : 1 (100%)
                  - bounded_proven (user)     : 0 (0%)
                  - bounded_proven (auto)     : 0 (0%)
                  - marked_proven             : 0 (0%)
                  - cex                       : 0 (0%)
                  - ar_cex                    : 0 (0%)
                  - undetermined              : 0 (0%)
                  - unknown                   : 0 (0%)
                  - error                     : 0 (0%)
                 covers                       : 0
                  - unreachable               : 0
                  - bounded_unreachable (user): 0
                  - covered                   : 0
                  - ar_covered                : 0
                  - undetermined              : 0
                  - unknown                   : 0
                  - error                     : 0
proven
[<embedded>] % exit -force
INFO (IPL005): Received request to exit from the console.
INFO: Waiting for proof threads to stop...
INFO: Proof threads stopped.
INFO (IPL018): The peak resident set memory use for this session was 1.018 GB.
INFO (IPL014): Waiting for the Tcl-thread to exit.
INFO (IPL015): The Tcl-thread exited with status 0.
INFO (IPL016): Exiting the analysis session with status 0.
