2025-11-26 22:58:42.940515 (5757) main____ INFO    ----------------------------------------
2025-11-26 22:58:42.940555 (5757) main____ INFO    Jasper version info
2025-11-26 22:58:42.940560 (5757) main____ INFO      tool      : Jasper 2024.06
2025-11-26 22:58:42.940564 (5757) main____ INFO      version   : 2024.06p002 64 bits
2025-11-26 22:58:42.940567 (5757) main____ INFO      build date: 2024.09.02 16:28:38 UTC
2025-11-26 22:58:42.940569 (5757) main____ INFO    ----------------------------------------
2025-11-26 22:58:42.940570 (5757) main____ INFO    Runtime info:
2025-11-26 22:58:42.940573 (5757) main____ INFO      platform  : Linux 3.10.0-1160.62.1.el7.x86_64 x86_64
2025-11-26 22:58:42.940578 (5757) main____ INFO      hostname  : vlsi-ria85
2025-11-26 22:58:42.940582 (5757) main____ INFO      pid       : 5757
2025-11-26 22:58:42.940584 (5757) main____ INFO      arguments : '-style' 'windows' '-proj' '../jgprojects/1_blink_11' '-batch' '1_blink_11.tcl'
2025-11-26 22:58:42.940587 (5757) main____ INFO      locale    : ANSI_X3.4-1968
2025-11-26 22:58:42.940589 (5757) main____ INFO    ----------------------------------------
2025-11-26 22:58:42.940590 (5757) main____ INFO    System resource limits info:
2025-11-26 22:58:42.940593 (5757) main____ INFO      virtual memory: unlimited
2025-11-26 22:58:42.940596 (5757) main____ INFO      cpu time      : unlimited
2025-11-26 22:58:42.940601 (5757) main____ INFO      processes     : 4096
2025-11-26 22:58:42.940607 (5757) main____ INFO      stack size    : 8388608 B
2025-11-26 22:58:42.940611 (5757) main____ INFO      core file size: 1024 B
2025-11-26 22:58:42.940613 (5757) main____ INFO      open files    : 4096
2025-11-26 22:58:42.940616 (5757) main____ INFO      file size     : unlimited
2025-11-26 22:58:42.940617 (5757) main____ INFO    ----------------------------------------
2025-11-26 22:58:42.940619 (5757) main____ INFO    Memory statistics:
2025-11-26 22:58:42.940622 (5757) main____ INFO      total physical memory  : 65714912 kB
2025-11-26 22:58:42.940624 (5757) main____ INFO      free physical memory   : 27843424 kB
2025-11-26 22:58:42.940626 (5757) main____ INFO      committed address space: 65618504 kB
2025-11-26 22:58:42.940628 (5757) main____ INFO    ----------------------------------------
2025-11-26 22:58:42.941176 (5757) main____ INFO    Important environment variables:
2025-11-26 22:58:42.941187 (5757) main____ INFO      CDS_ASSURA         : '/eda/cadence/2023-24/RHELx86/ASSURA_04.16.115_231'
2025-11-26 22:58:42.941191 (5757) main____ INFO      CDS_AUTO_64BIT     : 'ALL'
2025-11-26 22:58:42.941195 (5757) main____ INFO      CDS_CONFRML        : '/eda/cadence/2023-24/RHELx86/CONFRML_23.10.300'
2025-11-26 22:58:42.941198 (5757) main____ INFO      CDS_DDIEXPORT      : '/eda/cadence/2023-24/RHELx86/DDIEXPORT_22.33.000'
2025-11-26 22:58:42.941201 (5757) main____ INFO      CDS_EMX            : '/eda/cadence/2023-24/RHELx86/EMX_23.10.000'
2025-11-26 22:58:42.941205 (5757) main____ INFO      CDS_GENUS          : '/eda/cadence/2023-24/RHELx86/DDIEXPORT_22.33.000/GENUS221'
2025-11-26 22:58:42.941208 (5757) main____ INFO      CDS_IC             : '/eda/cadence/2023-24/RHELx86/IC_23.10.020'
2025-11-26 22:58:42.941211 (5757) main____ INFO      CDS_INNOVUS        : '/eda/cadence/2023-24/RHELx86/DDIEXPORT_22.33.000/INNOVUS221'
2025-11-26 22:58:42.941214 (5757) main____ INFO      CDS_JLS            : '/eda/cadence/2023-24/RHELx86/DDIEXPORT_22.33.000/JLS221'
2025-11-26 22:58:42.941219 (5757) main____ INFO      CDS_LIC_FILE       : '/etc/local/cadence/license_8x.3868dd0560aa:5280@132.68.59.69:/etc/local/cadence/license_8x.1831bfb82c67:5280@132.68.59.64:/etc/local/cadence/license_8x.0894ef683fc3:5280@132.68.59.79:/etc/local/cadence/license_8x.1831bfb82c67:5280@132.68.59.61'
2025-11-26 22:58:42.941223 (5757) main____ INFO      CDS_LITMUS         : '/eda/cadence/2023-24/RHELx86/LITMUS_23.10.300'
2025-11-26 22:58:42.941226 (5757) main____ INFO      CDS_MODUS          : '/eda/cadence/2023-24/RHELx86/MODUS_22.12.000'
2025-11-26 22:58:42.941229 (5757) main____ INFO      CDS_MVS            : '/eda/cadence/2023-24/RHELx86/MVS_21.12.000'
2025-11-26 22:58:42.941234 (5757) main____ INFO      CDS_Netlisting_Mode: 'Analog'
2025-11-26 22:58:42.941238 (5757) main____ INFO      CDS_PEGASUS        : '/eda/cadence/2023-24/RHELx86/PEGASUS_23.11.000'
2025-11-26 22:58:42.941241 (5757) main____ INFO      CDS_PEGASUSDFM     : '/eda/cadence/2023-24/RHELx86/PEGASUSDFM_23.11.000'
2025-11-26 22:58:42.941244 (5757) main____ INFO      CDS_PVS            : '/eda/cadence/2023-24/RHELx86/PVS_22.22.000'
2025-11-26 22:58:42.941247 (5757) main____ INFO      CDS_QUANTUS        : '/eda/cadence/2023-24/RHELx86/QUANTUS_23.10.000'
2025-11-26 22:58:42.941250 (5757) main____ INFO      CDS_SPECTRE        : '/eda/cadence/2023-24/RHELx86/SPECTRE_23.10.242'
2025-11-26 22:58:42.941253 (5757) main____ INFO      CDS_SSV            : '/eda/cadence/2023-24/RHELx86/SSV_22.13.000'
2025-11-26 22:58:42.941255 (5757) main____ INFO      CDS_USE_PALETTE    : ''
2025-11-26 22:58:42.941258 (5757) main____ INFO      CDS_VERISIUMDEBUG  : '/eda/cadence/2023-24/RHELx86/VERISIUMDEBUG_23.03.001'
2025-11-26 22:58:42.941261 (5757) main____ INFO      CDS_VIPCAT         : '/eda/cadence/2023-24/RHELx86/VIPCAT_11.30.093'
2025-11-26 22:58:42.941265 (5757) main____ INFO      CDS_VMANAGER       : '/eda/cadence/2023-24/RHELx86/VMANAGER_23.03.004'
2025-11-26 22:58:42.941268 (5757) main____ INFO      CDS_XCELIUM        : '/eda/cadence/2023-24/RHELx86/XCELIUM_23.03.007'
2025-11-26 22:58:42.941271 (5757) main____ INFO      DISPLAY            : 'localhost:18.0'
2025-11-26 22:58:42.941273 (5757) main____ INFO      JASPER_CPU_CHECK   : '1'
2025-11-26 22:58:42.941276 (5757) main____ INFO      JASPER_INSTALL_DIR : '/tools/cadence2425/JASPER/jasper_2024.06p002'
2025-11-26 22:58:42.941279 (5757) main____ INFO      JASPER_KERNEL_CHECK: '1'
2025-11-26 22:58:42.941281 (5757) main____ INFO      JASPER_OS_CHECK    : '1'
2025-11-26 22:58:42.941284 (5757) main____ INFO      LANG               : 'C'
2025-11-26 22:58:42.941286 (5757) main____ INFO      TMPDIR             : '/tmp'
2025-11-26 22:58:42.941288 (5757) main____ INFO    ----------------------------------------
2025-11-26 22:58:42.941678 (5757) lic_core INFO    Initializing license system ...
2025-11-26 22:58:42.945327 (5757) lic_core INFO    ... license system initialized.
2025-11-26 22:58:42.952401 (5757) lic__man INFO    Claim 'fpv' for <ui>.
2025-11-26 22:58:42.952430 (5757) lic_core INFO    (1) checking out 'jasper_fpv' ...
2025-11-26 22:58:42.966374 (5757) lic_core INFO    ... (1) checkout failed (error: -5) ("FLEXnet ERROR(-5, 0, 0): No such feature exists.")
2025-11-26 22:58:42.966391 (5757) lic_core INFO    (2) checking out 'jasper_fao' ...
2025-11-26 22:58:42.974451 (5757) lic_core INFO    ... (2) checkout succeeded
2025-11-26 22:58:42.998503 (5757) session_ INFO    Starting analysis session with session id 'session_0' (launcher: <local>) ...
2025-11-26 22:58:42.999345 (5757) session_ INFO    Analysis session with session id 'session_0' started (pid: 5777)
2025-11-26 22:58:43.560480 (5757) session_ INFO    Analysis session 'session_0' connected to the console (host: 127.0.0.1:54760)
2025-11-26 22:58:43.988316 (5757) lic__man INFO    Unclaim everything for 'session_0'.
2025-11-26 22:58:44.030632 (5757) lic__man INFO    Claim 'fpv' for 'session_0'.
2025-11-26 22:58:44.030646 (5757) lic__man INFO    Claim 'fpv' for 'session_0/prove-0'.
2025-11-26 23:01:52.527180 (5757) lic__man INFO    Unclaim everything for 'session_0/prove-0'.
2025-11-26 23:01:52.565830 (5757) main____ INFO    About to exit: request to exit with status 0 received from analysis session 'session_0'
2025-11-26 23:01:52.619095 (5757) session_ INFO    Analysis session 'session_0' disconnected.
2025-11-26 23:01:52.619157 (5757) lic__man INFO    Unclaim everything for 'session_0'.
2025-11-26 23:01:52.619237 (5757) session_ INFO    Process for analysis session 'session_0' has exited with exit status '0'.
2025-11-26 23:01:54.468280 (5757) lic_core INFO    (2) checkin jasper_fao
2025-11-26 23:01:54.469470 (5757) main____ INFO    Exiting with status 0.
