2025-11-18 08:05:28.543414 (26441) main____ INFO    ----------------------------------------
2025-11-18 08:05:28.543458 (26441) main____ INFO    Jasper version info
2025-11-18 08:05:28.543463 (26441) main____ INFO      tool      : Jasper 2024.06
2025-11-18 08:05:28.543467 (26441) main____ INFO      version   : 2024.06p002 64 bits
2025-11-18 08:05:28.543471 (26441) main____ INFO      build date: 2024.09.02 16:28:38 UTC
2025-11-18 08:05:28.543473 (26441) main____ INFO    ----------------------------------------
2025-11-18 08:05:28.543474 (26441) main____ INFO    Runtime info:
2025-11-18 08:05:28.543477 (26441) main____ INFO      platform  : Linux 3.10.0-1160.62.1.el7.x86_64 x86_64
2025-11-18 08:05:28.543483 (26441) main____ INFO      hostname  : vlsi-ria85
2025-11-18 08:05:28.543487 (26441) main____ INFO      pid       : 26441
2025-11-18 08:05:28.543489 (26441) main____ INFO      arguments : '-style' 'windows' '-proj' '../jgprojects/load_store_2' '-batch' 'load_store_2.tcl'
2025-11-18 08:05:28.543492 (26441) main____ INFO      locale    : ANSI_X3.4-1968
2025-11-18 08:05:28.543494 (26441) main____ INFO    ----------------------------------------
2025-11-18 08:05:28.543495 (26441) main____ INFO    System resource limits info:
2025-11-18 08:05:28.543498 (26441) main____ INFO      virtual memory: unlimited
2025-11-18 08:05:28.543502 (26441) main____ INFO      cpu time      : unlimited
2025-11-18 08:05:28.543507 (26441) main____ INFO      processes     : 4096
2025-11-18 08:05:28.543513 (26441) main____ INFO      stack size    : 8388608 B
2025-11-18 08:05:28.543516 (26441) main____ INFO      core file size: 1024 B
2025-11-18 08:05:28.543519 (26441) main____ INFO      open files    : 4096
2025-11-18 08:05:28.543522 (26441) main____ INFO      file size     : unlimited
2025-11-18 08:05:28.543523 (26441) main____ INFO    ----------------------------------------
2025-11-18 08:05:28.543525 (26441) main____ INFO    Memory statistics:
2025-11-18 08:05:28.543528 (26441) main____ INFO      total physical memory  : 65714912 kB
2025-11-18 08:05:28.543530 (26441) main____ INFO      free physical memory   : 15582068 kB
2025-11-18 08:05:28.543532 (26441) main____ INFO      committed address space: 166009676 kB
2025-11-18 08:05:28.543534 (26441) main____ INFO    ----------------------------------------
2025-11-18 08:05:28.544076 (26441) main____ INFO    Important environment variables:
2025-11-18 08:05:28.544087 (26441) main____ INFO      CDS_ASSURA         : '/eda/cadence/2023-24/RHELx86/ASSURA_04.16.115_231'
2025-11-18 08:05:28.544091 (26441) main____ INFO      CDS_AUTO_64BIT     : 'ALL'
2025-11-18 08:05:28.544095 (26441) main____ INFO      CDS_CONFRML        : '/eda/cadence/2023-24/RHELx86/CONFRML_23.10.300'
2025-11-18 08:05:28.544098 (26441) main____ INFO      CDS_DDIEXPORT      : '/eda/cadence/2023-24/RHELx86/DDIEXPORT_22.33.000'
2025-11-18 08:05:28.544102 (26441) main____ INFO      CDS_EMX            : '/eda/cadence/2023-24/RHELx86/EMX_23.10.000'
2025-11-18 08:05:28.544105 (26441) main____ INFO      CDS_GENUS          : '/eda/cadence/2023-24/RHELx86/DDIEXPORT_22.33.000/GENUS221'
2025-11-18 08:05:28.544108 (26441) main____ INFO      CDS_IC             : '/eda/cadence/2023-24/RHELx86/IC_23.10.020'
2025-11-18 08:05:28.544112 (26441) main____ INFO      CDS_INNOVUS        : '/eda/cadence/2023-24/RHELx86/DDIEXPORT_22.33.000/INNOVUS221'
2025-11-18 08:05:28.544115 (26441) main____ INFO      CDS_JLS            : '/eda/cadence/2023-24/RHELx86/DDIEXPORT_22.33.000/JLS221'
2025-11-18 08:05:28.544120 (26441) main____ INFO      CDS_LIC_FILE       : '/etc/local/cadence/license_8x.3868dd0560aa:5280@132.68.59.69:/etc/local/cadence/license_8x.1831bfb82c67:5280@132.68.59.64:/etc/local/cadence/license_8x.0894ef683fc3:5280@132.68.59.79:/etc/local/cadence/license_8x.1831bfb82c67:5280@132.68.59.61'
2025-11-18 08:05:28.544128 (26441) main____ INFO      CDS_LITMUS         : '/eda/cadence/2023-24/RHELx86/LITMUS_23.10.300'
2025-11-18 08:05:28.544131 (26441) main____ INFO      CDS_MODUS          : '/eda/cadence/2023-24/RHELx86/MODUS_22.12.000'
2025-11-18 08:05:28.544134 (26441) main____ INFO      CDS_MVS            : '/eda/cadence/2023-24/RHELx86/MVS_21.12.000'
2025-11-18 08:05:28.544142 (26441) main____ INFO      CDS_Netlisting_Mode: 'Analog'
2025-11-18 08:05:28.544146 (26441) main____ INFO      CDS_PEGASUS        : '/eda/cadence/2023-24/RHELx86/PEGASUS_23.11.000'
2025-11-18 08:05:28.544150 (26441) main____ INFO      CDS_PEGASUSDFM     : '/eda/cadence/2023-24/RHELx86/PEGASUSDFM_23.11.000'
2025-11-18 08:05:28.544153 (26441) main____ INFO      CDS_PVS            : '/eda/cadence/2023-24/RHELx86/PVS_22.22.000'
2025-11-18 08:05:28.544156 (26441) main____ INFO      CDS_QUANTUS        : '/eda/cadence/2023-24/RHELx86/QUANTUS_23.10.000'
2025-11-18 08:05:28.544160 (26441) main____ INFO      CDS_SPECTRE        : '/eda/cadence/2023-24/RHELx86/SPECTRE_23.10.242'
2025-11-18 08:05:28.544163 (26441) main____ INFO      CDS_SSV            : '/eda/cadence/2023-24/RHELx86/SSV_22.13.000'
2025-11-18 08:05:28.544165 (26441) main____ INFO      CDS_USE_PALETTE    : ''
2025-11-18 08:05:28.544168 (26441) main____ INFO      CDS_VERISIUMDEBUG  : '/eda/cadence/2023-24/RHELx86/VERISIUMDEBUG_23.03.001'
2025-11-18 08:05:28.544172 (26441) main____ INFO      CDS_VIPCAT         : '/eda/cadence/2023-24/RHELx86/VIPCAT_11.30.093'
2025-11-18 08:05:28.544176 (26441) main____ INFO      CDS_VMANAGER       : '/eda/cadence/2023-24/RHELx86/VMANAGER_23.03.004'
2025-11-18 08:05:28.544179 (26441) main____ INFO      CDS_XCELIUM        : '/eda/cadence/2023-24/RHELx86/XCELIUM_23.03.007'
2025-11-18 08:05:28.544182 (26441) main____ INFO      DISPLAY            : 'localhost:13.0'
2025-11-18 08:05:28.544185 (26441) main____ INFO      JASPER_CPU_CHECK   : '1'
2025-11-18 08:05:28.544188 (26441) main____ INFO      JASPER_INSTALL_DIR : '/tools/cadence2425/JASPER/jasper_2024.06p002'
2025-11-18 08:05:28.544190 (26441) main____ INFO      JASPER_KERNEL_CHECK: '1'
2025-11-18 08:05:28.544193 (26441) main____ INFO      JASPER_OS_CHECK    : '1'
2025-11-18 08:05:28.544196 (26441) main____ INFO      LANG               : 'C'
2025-11-18 08:05:28.544199 (26441) main____ INFO      TMPDIR             : '/tmp'
2025-11-18 08:05:28.544201 (26441) main____ INFO    ----------------------------------------
2025-11-18 08:05:28.544632 (26441) lic_core INFO    Initializing license system ...
2025-11-18 08:05:28.548959 (26441) lic_core INFO    ... license system initialized.
2025-11-18 08:05:28.557853 (26441) lic__man INFO    Claim 'fpv' for <ui>.
2025-11-18 08:05:28.557925 (26441) lic_core INFO    (1) checking out 'jasper_fpv' ...
2025-11-18 08:05:28.573593 (26441) lic_core INFO    ... (1) checkout failed (error: -5) ("FLEXnet ERROR(-5, 0, 0): No such feature exists.")
2025-11-18 08:05:28.573611 (26441) lic_core INFO    (2) checking out 'jasper_fao' ...
2025-11-18 08:05:28.581828 (26441) lic_core INFO    ... (2) checkout succeeded
2025-11-18 08:05:28.611055 (26441) session_ INFO    Starting analysis session with session id 'session_0' (launcher: <local>) ...
2025-11-18 08:05:28.611824 (26441) session_ INFO    Analysis session with session id 'session_0' started (pid: 26462)
2025-11-18 08:05:29.227266 (26441) session_ INFO    Analysis session 'session_0' connected to the console (host: 127.0.0.1:48274)
2025-11-18 08:05:29.699147 (26441) lic__man INFO    Unclaim everything for 'session_0'.
2025-11-18 08:05:29.743058 (26441) lic__man INFO    Claim 'fpv' for 'session_0'.
2025-11-18 08:05:29.743074 (26441) lic__man INFO    Claim 'fpv' for 'session_0/prove-0'.
2025-11-18 08:08:32.407608 (26441) lic__man INFO    Unclaim everything for 'session_0/prove-0'.
2025-11-18 08:08:32.409639 (26441) main____ INFO    About to exit: request to exit with status 0 received from analysis session 'session_0'
2025-11-18 08:08:32.467668 (26441) session_ INFO    Analysis session 'session_0' disconnected.
2025-11-18 08:08:32.467728 (26441) lic__man INFO    Unclaim everything for 'session_0'.
2025-11-18 08:08:32.467809 (26441) session_ INFO    Process for analysis session 'session_0' has exited with exit status '0'.
2025-11-18 08:08:34.324844 (26441) lic_core INFO    (2) checkin jasper_fao
2025-11-18 08:08:34.326567 (26441) main____ INFO    Exiting with status 0.
