2025-11-18 10:24:50.453941 (29265) main____ INFO    ----------------------------------------
2025-11-18 10:24:50.453982 (29265) main____ INFO    Jasper version info
2025-11-18 10:24:50.453987 (29265) main____ INFO      tool      : Jasper 2024.06
2025-11-18 10:24:50.453991 (29265) main____ INFO      version   : 2024.06p002 64 bits
2025-11-18 10:24:50.453994 (29265) main____ INFO      build date: 2024.09.02 16:28:38 UTC
2025-11-18 10:24:50.453996 (29265) main____ INFO    ----------------------------------------
2025-11-18 10:24:50.453997 (29265) main____ INFO    Runtime info:
2025-11-18 10:24:50.454000 (29265) main____ INFO      platform  : Linux 3.10.0-1160.62.1.el7.x86_64 x86_64
2025-11-18 10:24:50.454005 (29265) main____ INFO      hostname  : vlsi-ria85
2025-11-18 10:24:50.454009 (29265) main____ INFO      pid       : 29265
2025-11-18 10:24:50.454011 (29265) main____ INFO      arguments : '-style' 'windows' '-proj' '../jgprojects/vga_7' '-batch' 'vga_7.tcl'
2025-11-18 10:24:50.454014 (29265) main____ INFO      locale    : ANSI_X3.4-1968
2025-11-18 10:24:50.454016 (29265) main____ INFO    ----------------------------------------
2025-11-18 10:24:50.454017 (29265) main____ INFO    System resource limits info:
2025-11-18 10:24:50.454020 (29265) main____ INFO      virtual memory: unlimited
2025-11-18 10:24:50.454024 (29265) main____ INFO      cpu time      : unlimited
2025-11-18 10:24:50.454029 (29265) main____ INFO      processes     : 4096
2025-11-18 10:24:50.454034 (29265) main____ INFO      stack size    : 8388608 B
2025-11-18 10:24:50.454038 (29265) main____ INFO      core file size: 1024 B
2025-11-18 10:24:50.454041 (29265) main____ INFO      open files    : 4096
2025-11-18 10:24:50.454044 (29265) main____ INFO      file size     : unlimited
2025-11-18 10:24:50.454045 (29265) main____ INFO    ----------------------------------------
2025-11-18 10:24:50.454047 (29265) main____ INFO    Memory statistics:
2025-11-18 10:24:50.454049 (29265) main____ INFO      total physical memory  : 65714912 kB
2025-11-18 10:24:50.454052 (29265) main____ INFO      free physical memory   : 13673916 kB
2025-11-18 10:24:50.454054 (29265) main____ INFO      committed address space: 166148416 kB
2025-11-18 10:24:50.454055 (29265) main____ INFO    ----------------------------------------
2025-11-18 10:24:50.454595 (29265) main____ INFO    Important environment variables:
2025-11-18 10:24:50.454606 (29265) main____ INFO      CDS_ASSURA         : '/eda/cadence/2023-24/RHELx86/ASSURA_04.16.115_231'
2025-11-18 10:24:50.454610 (29265) main____ INFO      CDS_AUTO_64BIT     : 'ALL'
2025-11-18 10:24:50.454614 (29265) main____ INFO      CDS_CONFRML        : '/eda/cadence/2023-24/RHELx86/CONFRML_23.10.300'
2025-11-18 10:24:50.454617 (29265) main____ INFO      CDS_DDIEXPORT      : '/eda/cadence/2023-24/RHELx86/DDIEXPORT_22.33.000'
2025-11-18 10:24:50.454620 (29265) main____ INFO      CDS_EMX            : '/eda/cadence/2023-24/RHELx86/EMX_23.10.000'
2025-11-18 10:24:50.454624 (29265) main____ INFO      CDS_GENUS          : '/eda/cadence/2023-24/RHELx86/DDIEXPORT_22.33.000/GENUS221'
2025-11-18 10:24:50.454627 (29265) main____ INFO      CDS_IC             : '/eda/cadence/2023-24/RHELx86/IC_23.10.020'
2025-11-18 10:24:50.454630 (29265) main____ INFO      CDS_INNOVUS        : '/eda/cadence/2023-24/RHELx86/DDIEXPORT_22.33.000/INNOVUS221'
2025-11-18 10:24:50.454633 (29265) main____ INFO      CDS_JLS            : '/eda/cadence/2023-24/RHELx86/DDIEXPORT_22.33.000/JLS221'
2025-11-18 10:24:50.454638 (29265) main____ INFO      CDS_LIC_FILE       : '/etc/local/cadence/license_8x.3868dd0560aa:5280@132.68.59.69:/etc/local/cadence/license_8x.1831bfb82c67:5280@132.68.59.64:/etc/local/cadence/license_8x.0894ef683fc3:5280@132.68.59.79:/etc/local/cadence/license_8x.1831bfb82c67:5280@132.68.59.61'
2025-11-18 10:24:50.454645 (29265) main____ INFO      CDS_LITMUS         : '/eda/cadence/2023-24/RHELx86/LITMUS_23.10.300'
2025-11-18 10:24:50.454648 (29265) main____ INFO      CDS_MODUS          : '/eda/cadence/2023-24/RHELx86/MODUS_22.12.000'
2025-11-18 10:24:50.454651 (29265) main____ INFO      CDS_MVS            : '/eda/cadence/2023-24/RHELx86/MVS_21.12.000'
2025-11-18 10:24:50.454656 (29265) main____ INFO      CDS_Netlisting_Mode: 'Analog'
2025-11-18 10:24:50.454660 (29265) main____ INFO      CDS_PEGASUS        : '/eda/cadence/2023-24/RHELx86/PEGASUS_23.11.000'
2025-11-18 10:24:50.454663 (29265) main____ INFO      CDS_PEGASUSDFM     : '/eda/cadence/2023-24/RHELx86/PEGASUSDFM_23.11.000'
2025-11-18 10:24:50.454666 (29265) main____ INFO      CDS_PVS            : '/eda/cadence/2023-24/RHELx86/PVS_22.22.000'
2025-11-18 10:24:50.454669 (29265) main____ INFO      CDS_QUANTUS        : '/eda/cadence/2023-24/RHELx86/QUANTUS_23.10.000'
2025-11-18 10:24:50.454672 (29265) main____ INFO      CDS_SPECTRE        : '/eda/cadence/2023-24/RHELx86/SPECTRE_23.10.242'
2025-11-18 10:24:50.454675 (29265) main____ INFO      CDS_SSV            : '/eda/cadence/2023-24/RHELx86/SSV_22.13.000'
2025-11-18 10:24:50.454678 (29265) main____ INFO      CDS_USE_PALETTE    : ''
2025-11-18 10:24:50.454681 (29265) main____ INFO      CDS_VERISIUMDEBUG  : '/eda/cadence/2023-24/RHELx86/VERISIUMDEBUG_23.03.001'
2025-11-18 10:24:50.454684 (29265) main____ INFO      CDS_VIPCAT         : '/eda/cadence/2023-24/RHELx86/VIPCAT_11.30.093'
2025-11-18 10:24:50.454688 (29265) main____ INFO      CDS_VMANAGER       : '/eda/cadence/2023-24/RHELx86/VMANAGER_23.03.004'
2025-11-18 10:24:50.454691 (29265) main____ INFO      CDS_XCELIUM        : '/eda/cadence/2023-24/RHELx86/XCELIUM_23.03.007'
2025-11-18 10:24:50.454693 (29265) main____ INFO      DISPLAY            : 'localhost:13.0'
2025-11-18 10:24:50.454696 (29265) main____ INFO      JASPER_CPU_CHECK   : '1'
2025-11-18 10:24:50.454699 (29265) main____ INFO      JASPER_INSTALL_DIR : '/tools/cadence2425/JASPER/jasper_2024.06p002'
2025-11-18 10:24:50.454702 (29265) main____ INFO      JASPER_KERNEL_CHECK: '1'
2025-11-18 10:24:50.454704 (29265) main____ INFO      JASPER_OS_CHECK    : '1'
2025-11-18 10:24:50.454707 (29265) main____ INFO      LANG               : 'C'
2025-11-18 10:24:50.454710 (29265) main____ INFO      TMPDIR             : '/tmp'
2025-11-18 10:24:50.454711 (29265) main____ INFO    ----------------------------------------
2025-11-18 10:24:50.455100 (29265) lic_core INFO    Initializing license system ...
2025-11-18 10:24:50.459113 (29265) lic_core INFO    ... license system initialized.
2025-11-18 10:24:50.466691 (29265) lic__man INFO    Claim 'fpv' for <ui>.
2025-11-18 10:24:50.466722 (29265) lic_core INFO    (1) checking out 'jasper_fpv' ...
2025-11-18 10:24:50.480923 (29265) lic_core INFO    ... (1) checkout failed (error: -5) ("FLEXnet ERROR(-5, 0, 0): No such feature exists.")
2025-11-18 10:24:50.480941 (29265) lic_core INFO    (2) checking out 'jasper_fao' ...
2025-11-18 10:24:50.489793 (29265) lic_core INFO    ... (2) checkout succeeded
2025-11-18 10:24:50.517783 (29265) session_ INFO    Starting analysis session with session id 'session_0' (launcher: <local>) ...
2025-11-18 10:24:50.518561 (29265) session_ INFO    Analysis session with session id 'session_0' started (pid: 29300)
2025-11-18 10:24:51.141973 (29265) session_ INFO    Analysis session 'session_0' connected to the console (host: 127.0.0.1:50754)
2025-11-18 10:24:51.822053 (29265) lic__man INFO    Unclaim everything for 'session_0'.
2025-11-18 10:24:51.865072 (29265) lic__man INFO    Claim 'fpv' for 'session_0'.
2025-11-18 10:24:51.865088 (29265) lic__man INFO    Claim 'fpv' for 'session_0/prove-0'.
2025-11-18 10:27:54.460102 (29265) lic__man INFO    Unclaim everything for 'session_0/prove-0'.
2025-11-18 10:27:54.462165 (29265) main____ INFO    About to exit: request to exit with status 0 received from analysis session 'session_0'
2025-11-18 10:27:54.524831 (29265) session_ INFO    Analysis session 'session_0' disconnected.
2025-11-18 10:27:54.524892 (29265) lic__man INFO    Unclaim everything for 'session_0'.
2025-11-18 10:27:54.524969 (29265) session_ INFO    Process for analysis session 'session_0' has exited with exit status '0'.
2025-11-18 10:27:56.365030 (29265) lic_core INFO    (2) checkin jasper_fao
2025-11-18 10:27:56.366252 (29265) main____ INFO    Exiting with status 0.
