2025-11-18 10:02:59.397179 (23041) main____ INFO    ----------------------------------------
2025-11-18 10:02:59.397227 (23041) main____ INFO    Jasper version info
2025-11-18 10:02:59.397232 (23041) main____ INFO      tool      : Jasper 2024.06
2025-11-18 10:02:59.397237 (23041) main____ INFO      version   : 2024.06p002 64 bits
2025-11-18 10:02:59.397240 (23041) main____ INFO      build date: 2024.09.02 16:28:38 UTC
2025-11-18 10:02:59.397242 (23041) main____ INFO    ----------------------------------------
2025-11-18 10:02:59.397244 (23041) main____ INFO    Runtime info:
2025-11-18 10:02:59.397247 (23041) main____ INFO      platform  : Linux 3.10.0-1160.62.1.el7.x86_64 x86_64
2025-11-18 10:02:59.397253 (23041) main____ INFO      hostname  : vlsi-ria85
2025-11-18 10:02:59.397256 (23041) main____ INFO      pid       : 23041
2025-11-18 10:02:59.397259 (23041) main____ INFO      arguments : '-style' 'windows' '-proj' '../jgprojects/uart_transmit_9' '-batch' 'uart_transmit_9.tcl'
2025-11-18 10:02:59.397262 (23041) main____ INFO      locale    : ANSI_X3.4-1968
2025-11-18 10:02:59.397263 (23041) main____ INFO    ----------------------------------------
2025-11-18 10:02:59.397265 (23041) main____ INFO    System resource limits info:
2025-11-18 10:02:59.397268 (23041) main____ INFO      virtual memory: unlimited
2025-11-18 10:02:59.397271 (23041) main____ INFO      cpu time      : unlimited
2025-11-18 10:02:59.397276 (23041) main____ INFO      processes     : 4096
2025-11-18 10:02:59.397282 (23041) main____ INFO      stack size    : 8388608 B
2025-11-18 10:02:59.397285 (23041) main____ INFO      core file size: 1024 B
2025-11-18 10:02:59.397288 (23041) main____ INFO      open files    : 4096
2025-11-18 10:02:59.397290 (23041) main____ INFO      file size     : unlimited
2025-11-18 10:02:59.397292 (23041) main____ INFO    ----------------------------------------
2025-11-18 10:02:59.397294 (23041) main____ INFO    Memory statistics:
2025-11-18 10:02:59.397296 (23041) main____ INFO      total physical memory  : 65714912 kB
2025-11-18 10:02:59.397298 (23041) main____ INFO      free physical memory   : 13748288 kB
2025-11-18 10:02:59.397301 (23041) main____ INFO      committed address space: 166065792 kB
2025-11-18 10:02:59.397302 (23041) main____ INFO    ----------------------------------------
2025-11-18 10:02:59.397855 (23041) main____ INFO    Important environment variables:
2025-11-18 10:02:59.397867 (23041) main____ INFO      CDS_ASSURA         : '/eda/cadence/2023-24/RHELx86/ASSURA_04.16.115_231'
2025-11-18 10:02:59.397871 (23041) main____ INFO      CDS_AUTO_64BIT     : 'ALL'
2025-11-18 10:02:59.397874 (23041) main____ INFO      CDS_CONFRML        : '/eda/cadence/2023-24/RHELx86/CONFRML_23.10.300'
2025-11-18 10:02:59.397878 (23041) main____ INFO      CDS_DDIEXPORT      : '/eda/cadence/2023-24/RHELx86/DDIEXPORT_22.33.000'
2025-11-18 10:02:59.397881 (23041) main____ INFO      CDS_EMX            : '/eda/cadence/2023-24/RHELx86/EMX_23.10.000'
2025-11-18 10:02:59.397884 (23041) main____ INFO      CDS_GENUS          : '/eda/cadence/2023-24/RHELx86/DDIEXPORT_22.33.000/GENUS221'
2025-11-18 10:02:59.397887 (23041) main____ INFO      CDS_IC             : '/eda/cadence/2023-24/RHELx86/IC_23.10.020'
2025-11-18 10:02:59.397891 (23041) main____ INFO      CDS_INNOVUS        : '/eda/cadence/2023-24/RHELx86/DDIEXPORT_22.33.000/INNOVUS221'
2025-11-18 10:02:59.397894 (23041) main____ INFO      CDS_JLS            : '/eda/cadence/2023-24/RHELx86/DDIEXPORT_22.33.000/JLS221'
2025-11-18 10:02:59.397900 (23041) main____ INFO      CDS_LIC_FILE       : '/etc/local/cadence/license_8x.3868dd0560aa:5280@132.68.59.69:/etc/local/cadence/license_8x.1831bfb82c67:5280@132.68.59.64:/etc/local/cadence/license_8x.0894ef683fc3:5280@132.68.59.79:/etc/local/cadence/license_8x.1831bfb82c67:5280@132.68.59.61'
2025-11-18 10:02:59.397907 (23041) main____ INFO      CDS_LITMUS         : '/eda/cadence/2023-24/RHELx86/LITMUS_23.10.300'
2025-11-18 10:02:59.397911 (23041) main____ INFO      CDS_MODUS          : '/eda/cadence/2023-24/RHELx86/MODUS_22.12.000'
2025-11-18 10:02:59.397914 (23041) main____ INFO      CDS_MVS            : '/eda/cadence/2023-24/RHELx86/MVS_21.12.000'
2025-11-18 10:02:59.397918 (23041) main____ INFO      CDS_Netlisting_Mode: 'Analog'
2025-11-18 10:02:59.397922 (23041) main____ INFO      CDS_PEGASUS        : '/eda/cadence/2023-24/RHELx86/PEGASUS_23.11.000'
2025-11-18 10:02:59.397925 (23041) main____ INFO      CDS_PEGASUSDFM     : '/eda/cadence/2023-24/RHELx86/PEGASUSDFM_23.11.000'
2025-11-18 10:02:59.397928 (23041) main____ INFO      CDS_PVS            : '/eda/cadence/2023-24/RHELx86/PVS_22.22.000'
2025-11-18 10:02:59.397931 (23041) main____ INFO      CDS_QUANTUS        : '/eda/cadence/2023-24/RHELx86/QUANTUS_23.10.000'
2025-11-18 10:02:59.397934 (23041) main____ INFO      CDS_SPECTRE        : '/eda/cadence/2023-24/RHELx86/SPECTRE_23.10.242'
2025-11-18 10:02:59.397937 (23041) main____ INFO      CDS_SSV            : '/eda/cadence/2023-24/RHELx86/SSV_22.13.000'
2025-11-18 10:02:59.397940 (23041) main____ INFO      CDS_USE_PALETTE    : ''
2025-11-18 10:02:59.397943 (23041) main____ INFO      CDS_VERISIUMDEBUG  : '/eda/cadence/2023-24/RHELx86/VERISIUMDEBUG_23.03.001'
2025-11-18 10:02:59.397946 (23041) main____ INFO      CDS_VIPCAT         : '/eda/cadence/2023-24/RHELx86/VIPCAT_11.30.093'
2025-11-18 10:02:59.397950 (23041) main____ INFO      CDS_VMANAGER       : '/eda/cadence/2023-24/RHELx86/VMANAGER_23.03.004'
2025-11-18 10:02:59.397953 (23041) main____ INFO      CDS_XCELIUM        : '/eda/cadence/2023-24/RHELx86/XCELIUM_23.03.007'
2025-11-18 10:02:59.397956 (23041) main____ INFO      DISPLAY            : 'localhost:13.0'
2025-11-18 10:02:59.397959 (23041) main____ INFO      JASPER_CPU_CHECK   : '1'
2025-11-18 10:02:59.397962 (23041) main____ INFO      JASPER_INSTALL_DIR : '/tools/cadence2425/JASPER/jasper_2024.06p002'
2025-11-18 10:02:59.397965 (23041) main____ INFO      JASPER_KERNEL_CHECK: '1'
2025-11-18 10:02:59.397968 (23041) main____ INFO      JASPER_OS_CHECK    : '1'
2025-11-18 10:02:59.397970 (23041) main____ INFO      LANG               : 'C'
2025-11-18 10:02:59.397973 (23041) main____ INFO      TMPDIR             : '/tmp'
2025-11-18 10:02:59.397975 (23041) main____ INFO    ----------------------------------------
2025-11-18 10:02:59.398371 (23041) lic_core INFO    Initializing license system ...
2025-11-18 10:02:59.400387 (23041) lic_core INFO    ... license system initialized.
2025-11-18 10:02:59.407216 (23041) lic__man INFO    Claim 'fpv' for <ui>.
2025-11-18 10:02:59.407247 (23041) lic_core INFO    (1) checking out 'jasper_fpv' ...
2025-11-18 10:02:59.422548 (23041) lic_core INFO    ... (1) checkout failed (error: -5) ("FLEXnet ERROR(-5, 0, 0): No such feature exists.")
2025-11-18 10:02:59.422568 (23041) lic_core INFO    (2) checking out 'jasper_fao' ...
2025-11-18 10:02:59.430356 (23041) lic_core INFO    ... (2) checkout succeeded
2025-11-18 10:02:59.475001 (23041) session_ INFO    Starting analysis session with session id 'session_0' (launcher: <local>) ...
2025-11-18 10:02:59.475860 (23041) session_ INFO    Analysis session with session id 'session_0' started (pid: 23064)
2025-11-18 10:03:00.062558 (23041) session_ INFO    Analysis session 'session_0' connected to the console (host: 127.0.0.1:33998)
2025-11-18 10:03:00.552782 (23041) lic__man INFO    Unclaim everything for 'session_0'.
2025-11-18 10:03:00.596106 (23041) lic__man INFO    Claim 'fpv' for 'session_0'.
2025-11-18 10:03:00.596125 (23041) lic__man INFO    Claim 'fpv' for 'session_0/prove-0'.
2025-11-18 10:03:00.729475 (23041) lic__man INFO    Unclaim everything for 'session_0/prove-0'.
2025-11-18 10:03:00.770344 (23041) main____ INFO    About to exit: request to exit with status 0 received from analysis session 'session_0'
2025-11-18 10:03:00.828919 (23041) session_ INFO    Analysis session 'session_0' disconnected.
2025-11-18 10:03:00.828977 (23041) lic__man INFO    Unclaim everything for 'session_0'.
2025-11-18 10:03:00.829056 (23041) session_ INFO    Process for analysis session 'session_0' has exited with exit status '0'.
2025-11-18 10:03:02.824857 (23041) lic_core INFO    (2) checkin jasper_fao
2025-11-18 10:03:02.826203 (23041) main____ INFO    Exiting with status 0.
