# ----------------------------------------
# Jasper Version Info
# tool      : Jasper 2024.06
# platform  : Linux 3.10.0-1062.el7.x86_64
# version   : 2024.06p002 64 bits
# build date: 2024.09.02 16:28:38 UTC
# ----------------------------------------
# started   : 2025-11-20 05:22:06 IST
# hostname  : vlsi-moon.vlsidomain
# pid       : 17888
# arguments : '-label' 'session_0' '-console' '//127.0.0.1:43385' '-nowindow' '-style' 'windows' '-exitonerror' '-data' 'AAAAznicY2RgYLCp////PwMYMD6A0Aw2jAyoAMRnQhUJbEChGRhYYZphSliAmItBl6GAoYghnyELyNNh0ANCfSA7HS6aypDMUMJQDBQ1ZIgHihcxJDJUAlnGQPU8QN1JQH4JUE0GkC+BoUYPLJcDtg8AXrgXRQ==' '-proj' '/users/rompel/jasper_executions/safety_liveness/jgprojects/1_gray_3/sessionLogs/session_0' '-init' '-hidden' '/users/rompel/jasper_executions/safety_liveness/jgprojects/1_gray_3/.tmp/.initCmds.tcl' '1_gray_3.tcl' '-hidden' '/users/rompel/jasper_executions/safety_liveness/jgprojects/1_gray_3/.tmp/.postCmds.tcl'

Any disclosure about the Cadence Design Systems software or its use
model to any third party violates the written Non-Disclosure Agreement
between Cadence Design Systems, Inc. and the customer.

THIS SOFTWARE CONTAINS CONFIDENTIAL INFORMATION AND TRADE SECRETS OF
CADENCE DESIGN SYSTEMS, INC. USE, DISCLOSURE, OR REPRODUCTION IS
PROHIBITED WITHOUT THE PRIOR EXPRESS WRITTEN PERMISSION OF CADENCE
DESIGN SYSTEMS, INC.

Copyright (C) 2000-2024 Cadence Design Systems, Inc. All Rights
Reserved.  Unpublished -- rights reserved under the copyright laws of
the United States.

This product includes software developed by others and redistributed
according to license agreement. See doc/third_party_readme.txt for
further details.

RESTRICTED RIGHTS LEGEND

Use, duplication, or disclosure by the Government is subject to
restrictions as set forth in subparagraph (c) (1) (ii) of the Rights in
Technical Data and Computer Software clause at DFARS 252.227-7013 or
subparagraphs (c) (1) and (2) of Commercial Computer Software -- Restricted
Rights at 48 CFR 52.227-19, as applicable.


                          Cadence Design Systems, Inc.
                          2655 Seely Avenue
                          San Jose, CA 95134
                          Phone: 408.943.1234

For technical assistance visit http://support.cadence.com.

Jasper Apps Analysis Session - /users/rompel/jasper_executions/safety_liveness/jgprojects/1_gray_3/sessionLogs/session_0

WARNING (WG017): [session]: The system's locale is "ANSI_X3.4-1968", which is not UTF-8. Non-ASCII characters might not be handled correctly.
WARNING (WG017): [jg_console]: The system's locale is "ANSI_X3.4-1968", which is not UTF-8. Non-ASCII characters might not be handled correctly.
INFO: successfully checked out license "jasper_fao".
INFO: reading configuration file "/users/rompel/.config/cadence/jasper.conf".
% analyze -sv09 ../1_gray_3.sv
[-- (VERI-1482)] Analyzing Verilog file '/tools/cadence2425/JASPER/jasper_2024.06p002/lib/verilog/packages/std/std.sv' into library 'std'
[-- (VERI-1482)] Analyzing Verilog file '../1_gray_3.sv'
% elaborate -bbox_mul 1000000 -bbox_div 1000000 -bbox_mod 1000000 -bbox_a 1000000
[INFO (HIER-8002)] ../1_gray_3.sv(14): Disabling old hierarchical reference handler
[INFO (VERI-1018)] ../1_gray_3.sv(1): compiling module 'GRAY'
[WARN (VERI-1209)] ../1_gray_3.sv(9): expression size 32 truncated to fit in target size 10
INFO (ISW003): Top module name is "GRAY".
INFO (INL208): Elaboration synthesis summary:
  Number of synthesized netlists          1 (0 packages)
  Single run mode                         On
  Pipeline                                On (1 pipelined netlists)
  Late hierarchical reference connection  On
  Number of analyzed Verilog modules      1 (1 synthesized)
  Number of analyzed VHDL entities        0 (0 synthesized)
INFO (INL003): Clearing all state information (assumes, stopats, and so forth).
GRAY
[<embedded>] % reset rst
INFO (IPM031): Clearing proof results of all properties.
INFO (IRS006): Current reset condition is "rst".
[<embedded>] % clock clk
[<embedded>] % prove -all
Ncustom1: Custom engine code is hT3Ng7hPPfiYQOTDZ3qhYOwGAM51eA+J/FjkM5shLioAsqhgLR4Ft+O1BuKG6ilQ83B9tLXSl+CwjiTMAQA
Bcustom2: Custom engine code is hT3Nm7hPr1Vp3Di1Ra2USNIGL4JypRnLKLAdF6JAyuavO2JfGCiY9OZJhcAcOUnLx5xwNdhILGrAWX9s+z2WDkKwNR7tAfClBEjRFVQeq6DU54boFgEA
AMcustom3: Custom engine code is hT3Ng7hP/feYQOTDZ3qhYOwGAM51eA+J/FjkM5shLioAsqhgLR4Ft+O1BuKG6ilQ83B9tLXSmmqwm7g9AQA
Mpcustom4: Custom engine code is hT3NZbhP9fmY2AbBQnsjfOxn6c+6e6yL+/e8fZFmaQrnlgEA
INFO (IPF036): Starting proof on task: "<embedded>", 1 properties to prove with 0 already proven/unreachable
INFO (IRS029): Starting reset analysis: phase 1 of 4.
INFO (IRS030): Running reset analysis: phase 2 of 4.
INFO (IRS031): Running reset analysis: phase 3 of 4.
INFO (IRS020): Starting the reset analysis simulation with a limit of 100 iterations (phase 4 of 4).
INFO (IRS024): Reset iterations 0 to 4 analyzed.
INFO (IRS018): Reset analysis simulation executed for 3 iterations. Assigned values for 10 of 20 design flops, 0 of 0 design latches, 5 of 5 internal elements.
INFO (IRS039): Reset analysis complete.
INFO (IPF031): Settings used for proof thread 0:
    orchestration                 = on
    time_limit                    = 86400s
    per_property_time_limit       = 1s * 10 ^ scan
    engine_mode                   = auto
    proofgrid_per_engine_max_jobs = 1
    max engine jobs               = auto
    proofgrid_mode                = local
    proofgrid_restarts            = 10
0: Using multistage preprocessing
0: Starting reduce
AMcustom5: Custom engine code is hT3N1rhP11/52HrFRS21ROp2LOjVTgPvT8L8BGXHgLhaIuqtT4nARFjUqrBL+7pLmaTOzBepZW/Jm8SSrHDybSQtoNiO3y43wk+dEoWlsZizu97Fih6O6lPVG/LpWP5SsUPwlGagLNa1FKEFvwVXyX7//8prySbvSxIHXr5er+z4RAEA
Ncustom6: Custom engine code is hT3OXrhPByJp3TrFSTLhUmMH4KVtJgmTCnNDF46yMXOKY48m4LS5nE7yBzFjA7kDuwO/GhGUpEPiky3p3wmPn3dJZHxFMsafSoObRzSC+tn7sEY0WbTdZ/FV4hL3MYH/b1CIUvXSWR4wqEoVLsmMOD4xIPT4lI1LO6ZCO7PnnWQuLwetnvKlrXx6wCW/A+x+enqslg1YPobi4wEF/EvbzOvcTYdJvl2s4H2yZg2b2ofAVN5WvhWk1HoBAA
ADcustom7: Custom engine code is hT3Nv7hPv1752HrFRa2kROx2f/ECJeZB2AZsLdlO8VwmIuqtT4nIDFXclhg+O+o+DMmQCekbheGk0kK28laA9gaOFDXsQp29J3X615HY1IPHJWd6FUFvCHjO+p1k652b5JJvZlShNpGlGSXAiQe/mEAj6tEBAA
Tricustom8: Custom engine code is hT3Nu7hPt1752DvFRa0kNDiyIV97VyejwM9C/jCLJjdPvusZONHY42VYUy0Q1ZotnhcVtNc56tJ5wbxv6V2+XpdsaSlHck5vfnbYjdwj1OECy9U+7oSQ0SZE3g5ayD+Phuh4odCJTjeKa2k4elM9ldQfkAEA
0: Finished reduce in 0s
Gcustom9: Custom engine code is hT3NibhPDfeYQADBZnYcglOvK9Pfd7EOeniIqP8jNsyIqInncipMGcUXqAadachREE9F2PwhBUZUNw5kHnd4JdXkamORRgEA
C2custom10: Custom engine code is hT3NirhPjfWYQADBZnYcglOvK9Pfd7EOeniIqP8jNsyIqInncgkrYMMXCYbdK0dUjZIF9d4cJ0rHoBDjwVLBKuG86XYVV00BAA
AGcustom11: Custom engine code is hT3NirhP/fmYQADBZnYcglOvK9Pfd7EOeniIqP8jNsyIqInnckcwYMMXCYbdK0dUjZIF9d4cJ0rHoBDjwVLBKuHEZnZByh0BAA
0.0.PRE: Performing Proof Simplification...
Bcustom12: Custom engine code is hT3NjrhPDfiYQADBZnYcglOvK9PfWxFtenjIyBqfrgr7if/jL/yPOuK1BAflEcW0DxNH2eDIoezN2gxlQFg81RZtiWXh7aiTAidvAQA
0.0.N: clocks: 1, declared: 1, looping: 0, posedge: 1, negedge: 0, noedge: 0, bothedge: 0
Ncustom13: Custom engine code is hT3NR7hPByFp3TrFSTLhUmMH4KWtJglTyV/c51BHEeZWamnJv767nE6PCak26bd3gf3XGN3rIRheufhDieCJQVISo+gNYUKhiUedBKGtsP/a18svAnlMJZudHxDFwK5ufsyoxsIyiAeSY2oi3tEuoDHr5gw42DFKAG3PqO3CEsl8Azzdt3pl5nGA1Ifv2H02eYsFzWb/nfp8PMb3F0krE/EgBcm8TD9Div8BAA
Tricustom14: Custom engine code is hT3Nu7hP3fiYQADBZnYcglNHp9bfd7EOeniIqP/ji8sGLQu8yhsFO+wxJ+O+R0bU8g/IewXFomyos+viQnWc2xYNYmMqpo3i40O7DaZR7qfp4YqNx26KRvQ/qx0BAA
0.0.N: Proof Simplification Iteration 1	[0.00 s]
0.0.N: Proof Simplification Iteration 2	[0.00 s]
0.0.PRE: A proof was found: No trace exists. [0.00 s]
INFO (IPF057): 0.0.PRE: The property ":noDeadEnd" was proven in 0.00 s.
    Use check_assumptions -show -dead_end to show this property in the property table.
0.0.PRE: A proof was found: No trace exists. [0.00 s]
INFO (IPF057): 0.0.PRE: The property ":noConflict" was proven in 0.00 s.
    Use check_assumptions -show to show this property in the property table.
INFO (IPF047): 0.0.PRE: The cover property ":live" was covered in 1 cycles in 0.00 s.
    Use check_assumptions -show -live to show this property in the property table.
0.0.PRE: Proof Simplification completed in 0.00 s
0: About to start ProofGrid in its own thread with a limit of 10000 pending notifications and a limit of 10 traces.
0: =============================== ProofGrid start ===============================
0: ProofGrid usable level: 1
0: Initial ProofGrid level: 1
0: ProofGrid is starting event handling
0.0.Hp: Proofgrid shell started at 17955@vlsi-moon(local) jg_17888_vlsi-moon_1
0.0.Hp: clocks: 1, declared: 1, looping: 0, posedge: 1, negedge: 0, noedge: 0, bothedge: 0
0.0.N: Proofgrid shell started at 17954@vlsi-moon(local) jg_17888_vlsi-moon_1
0.0.Hp: Last scan. Per property time limit: 0s
0.0.Hp: Trace Attempt  1	[0.00 s]
0.0.Hp: Trace Attempt  2	[0.00 s]
0.0.Hp: Trace Attempt  3	[0.00 s]
0.0.Hp: Trace Attempt  4	[0.00 s]
0.0.Hp: Trace Attempt  5	[0.00 s]
0.0.N: clocks: 1, declared: 1, looping: 0, posedge: 1, negedge: 0, noedge: 0, bothedge: 0
0.0.N: Last scan. Per property time limit: 0s
0.0.N: Starting proof for property "GRAY.p1"	[0.00 s].
0.0.N: Trace Attempt  1	[0.00 s]
0.0.N: Trace Attempt  2	[0.00 s]
0.0.N: Trace Attempt  3	[0.00 s]
0.0.N: Trace Attempt  3	[0.00 s]
0.0.N: Trace Attempt  4	[0.00 s]
0.0.N: Trace Attempt  4	[0.00 s]
0.0.N: Trace Attempt  5	[0.00 s]
0.0.N: Trace Attempt  1	[0.01 s]
0.0.N: Trace Attempt  2	[0.01 s]
0.0.N: Trace Attempt  3	[0.01 s]
0.0.N: Trace Attempt  5	[0.01 s]
0.0.Ht: Proofgrid shell started at 17986@vlsi-moon(local) jg_17888_vlsi-moon_1
0.0.Oh: Proofgrid shell started at 17987@vlsi-moon(local) jg_17888_vlsi-moon_1
0.0.B: Proofgrid shell started at 17988@vlsi-moon(local) jg_17888_vlsi-moon_1
0.0.Oh: clocks: 1, declared: 1, looping: 0, posedge: 1, negedge: 0, noedge: 0, bothedge: 0
0.0.B: clocks: 1, declared: 1, looping: 0, posedge: 1, negedge: 0, noedge: 0, bothedge: 0
0.0.Oh: Reached length limit (2147483647) [0.00 s]
0.0.B: Last scan. Per property time limit: 0s
0.0.B: Starting proof for property "GRAY.p1"	[0.00 s].
0.0.B: Trace Attempt  1	[0.00 s]
0.0.B: Trace Attempt  2	[0.00 s]
0.0.B: Trace Attempt  3	[0.00 s]
0.0.Ht: clocks: 1, declared: 1, looping: 0, posedge: 1, negedge: 0, noedge: 0, bothedge: 0
0.0.B: Trace Attempt  4	[0.00 s]
0.0.Ht: Last scan. Per property time limit: 0s
0.0.B: Trace Attempt  5	[0.00 s]
0.0.Ht: Trace Attempt  1	[0.00 s]
0.0.Ht: Trace Attempt  2	[0.00 s]
0.0.Ht: Trace Attempt  3	[0.00 s]
0.0.Oh: Exited with Success (@ 0.09 s)
0.0.Ht: Trace Attempt  4	[0.00 s]
0.0.AM: Proofgrid shell started at 17989@vlsi-moon(local) jg_17888_vlsi-moon_1
0.0.Ht: Trace Attempt  5	[0.00 s]
0.0.AM: clocks: 1, declared: 1, looping: 0, posedge: 1, negedge: 0, noedge: 0, bothedge: 0
0.0.AM: Last scan. Per property time limit: 0s
0.0.AM: Starting proof for property "GRAY.p1"	[0.00 s].
0.0.AM: Trace Attempt  1	[0.00 s]
0.0.AM: Trace Attempt  2	[0.00 s]
0.0.AM: Trace Attempt  3	[0.00 s]
0.0.AM: Trace Attempt  4	[0.00 s]
0.0.AM: Trace Attempt  5	[0.00 s]
0.0.AM: Trace Attempt  1	[0.00 s]
0.0.AM: Trace Attempt  2	[0.00 s]
0.0.AM: Trace Attempt  3	[0.00 s]
0.0.AM: Trace Attempt  4	[0.00 s]
0.0.AM: Trace Attempt  5	[0.01 s]
0.0.AM: Trace Attempt  1	[0.01 s]
0.0.AM: Trace Attempt  2	[0.01 s]
0.0.AM: Trace Attempt  3	[0.01 s]
0.0.AM: Trace Attempt  4	[0.01 s]
0.0.AM: Trace Attempt  5	[0.01 s]
0.0.N: Trace Attempt  1	[0.12 s]
0.0.AM: Trace Attempt  1	[0.04 s]
0.0.N: Trace Attempt  2	[0.12 s]
0.0.N: Trace Attempt  3	[0.12 s]
0.0.AM: Trace Attempt  2	[0.04 s]
0.0.AM: Trace Attempt  3	[0.04 s]
0.0.N: Trace Attempt  4	[0.12 s]
0.0.AM: Trace Attempt  4	[0.04 s]
0.0.N: Trace Attempt  5	[0.12 s]
0.0.AM: Trace Attempt  5	[0.04 s]
0.0.AM: Trace Attempt  1	[0.12 s]
0.0.AM: Trace Attempt  2	[0.12 s]
0.0.AM: Trace Attempt  3	[0.12 s]
0.0.AM: Trace Attempt  4	[0.12 s]
0.0.AM: Trace Attempt  5	[0.12 s]
0.0.N: Trace Attempt  1	[0.51 s]
0.0.N: Trace Attempt  2	[0.51 s]
0.0.N: Trace Attempt  3	[0.51 s]
0.0.N: Trace Attempt  5	[0.51 s]
0.0.AM: Trace Attempt  1	[0.49 s]
0.0.AM: Trace Attempt  2	[0.49 s]
0.0.AM: Trace Attempt  3	[0.49 s]
0.0.AM: Trace Attempt  4	[0.49 s]
0.0.AM: Trace Attempt  5	[0.49 s]
0.0.AM: Trace Attempt  1	[1.85 s]
0.0.AM: Trace Attempt  2	[1.85 s]
0.0.AM: Trace Attempt  3	[1.85 s]
0.0.AM: Trace Attempt  4	[1.85 s]
0.0.AM: Trace Attempt  5	[1.85 s]
0.0.N: Trace Attempt  1	[2.16 s]
0.0.N: Trace Attempt  2	[2.16 s]
0.0.N: Trace Attempt  3	[2.16 s]
0.0.N: Trace Attempt  5	[2.16 s]
0.0.N: Trace Attempt  1	[3.88 s]
0.0.N: Trace Attempt  2	[3.88 s]
0.0.N: Trace Attempt  3	[3.88 s]
0.0.N: Trace Attempt  4	[3.89 s]
0.0.N: Trace Attempt  5	[3.89 s]
0.0.Hp: Trace Attempt 700	[4.01 s]
0.0.B: Trace Attempt 1420	[4.00 s]
0.0.Ht: Trace Attempt 1247	[4.00 s]
0.0.AM: Trace Attempt 178	[5.87 s]
0.0.N: Trace Attempt 174	[7.98 s]
0.0.Hp: Trace Attempt 968	[8.01 s]
0.0.Ht: Trace Attempt 1662	[8.00 s]
0.0.B: Trace Attempt 1792	[8.00 s]
0.0.AM: Trace Attempt  1	[9.03 s]
0.0.AM: Trace Attempt  2	[9.03 s]
0.0.AM: Trace Attempt  3	[9.03 s]
0.0.AM: Trace Attempt  4	[9.03 s]
0.0.AM: Trace Attempt  5	[9.04 s]
0.0.N: Trace Attempt  1	[10.71 s]
0.0.N: Trace Attempt  2	[10.71 s]
0.0.N: Trace Attempt  3	[10.71 s]
0.0.N: Trace Attempt  4	[10.72 s]
0.0.N: Trace Attempt  5	[10.72 s]
0.0.Hp: Trace Attempt 1091	[12.03 s]
0.0.Ht: Trace Attempt 1953	[12.02 s]
0.0.B: Trace Attempt 2050	[12.10 s]
0.0.AM: Trace Attempt 187	[13.07 s]
0.0.N: Trace Attempt 174	[14.74 s]
0.0.Hp: Trace Attempt 1190	[16.06 s]
0.0.Ht: Trace Attempt 2142	[16.02 s]
0.0.B: Trace Attempt 2153	[16.12 s]
0.0.AM: Trace Attempt 247	[17.11 s]
0.0.N: Trace Attempt  1	[17.62 s]
0.0.N: Trace Attempt  2	[17.62 s]
0.0.N: Trace Attempt  3	[17.62 s]
0.0.N: Trace Attempt  4	[17.63 s]
0.0.N: Trace Attempt  5	[17.63 s]
0.0.Hp: Trace Attempt 1319	[20.08 s]
0.0.Ht: Trace Attempt 2293	[20.02 s]
0.0.B: Trace Attempt 2259	[20.13 s]
0.0.AM: Trace Attempt 283	[21.15 s]
0.0.N: Trace Attempt 173	[21.63 s]
0.0.Hp: Trace Attempt 1435	[24.09 s]
0.0.Ht: Trace Attempt 2404	[24.03 s]
0.0.B: Trace Attempt 2354	[24.18 s]
0.0.N: Trace Attempt  1	[24.67 s]
0.0.N: Trace Attempt  2	[24.67 s]
0.0.N: Trace Attempt  3	[24.67 s]
0.0.N: Trace Attempt  4	[24.68 s]
0.0.N: Trace Attempt  5	[24.68 s]
0.0.AM: Trace Attempt 327	[25.19 s]
0.0.Ht: Trace Attempt 2535	[28.05 s]
0.0.B: Trace Attempt 2442	[28.19 s]
0.0.N: Trace Attempt 174	[28.74 s]
0.0.AM: Trace Attempt 361	[29.27 s]
0.0.N: Trace Attempt  1	[31.48 s]
0.0.N: Trace Attempt  2	[31.48 s]
0.0.N: Trace Attempt  3	[31.48 s]
0.0.N: Trace Attempt  4	[31.48 s]
0.0.N: Trace Attempt  5	[31.48 s]
0.0.Ht: Trace Attempt 2667	[32.05 s]
0.0.B: Trace Attempt 2528	[32.23 s]
0.0.AM: Trace Attempt 399	[33.31 s]
0.0.Hp: Trace Attempt 1537	[33.88 s]
0.0.N: Trace Attempt 174	[35.54 s]
0.0.Ht: Trace Attempt 2797	[36.06 s]
0.0.B: Trace Attempt 2604	[36.28 s]
0.0.AM: Trace Attempt 436	[37.34 s]
0.0.Hp: Trace Attempt 1548	[38.01 s]
0.0.N: Trace Attempt  1	[38.46 s]
0.0.N: Trace Attempt  2	[38.46 s]
0.0.N: Trace Attempt  3	[38.46 s]
0.0.N: Trace Attempt  4	[38.46 s]
0.0.N: Trace Attempt  5	[38.46 s]
0.0.Ht: Trace Attempt 2930	[40.07 s]
0.0.B: Trace Attempt 2679	[40.28 s]
0.0.AM: Trace Attempt 326	[41.35 s]
0.0.Hp: Trace Attempt 1570	[42.16 s]
0.0.N: Trace Attempt 173	[42.50 s]
0.0.Ht: Trace Attempt 3047	[44.07 s]
0.0.B: Trace Attempt 2748	[44.29 s]
0.0.N: Trace Attempt  1	[45.45 s]
0.0.N: Trace Attempt  2	[45.45 s]
0.0.N: Trace Attempt  3	[45.45 s]
0.0.N: Trace Attempt  4	[45.45 s]
0.0.N: Trace Attempt  5	[45.45 s]
0.0.AM: Trace Attempt 513	[45.39 s]
0.0.AM: Trace Attempt  1	[45.71 s]
0.0.AM: Trace Attempt  2	[45.71 s]
0.0.AM: Trace Attempt  3	[45.71 s]
0.0.AM: Trace Attempt  4	[45.71 s]
0.0.AM: Trace Attempt  5	[45.71 s]
0.0.Hp: Trace Attempt 1592	[46.25 s]
0.0.Ht: Trace Attempt 3149	[48.12 s]
0.0.B: Trace Attempt 2830	[48.29 s]
0.0.N: Trace Attempt 175	[49.53 s]
0.0.AM: Trace Attempt 169	[49.72 s]
0.0.Hp: Trace Attempt 1615	[50.27 s]
0.0.Ht: Trace Attempt 3229	[52.12 s]
0.0.N: Trace Attempt  1	[52.30 s]
0.0.N: Trace Attempt  2	[52.30 s]
0.0.N: Trace Attempt  3	[52.30 s]
0.0.N: Trace Attempt  4	[52.30 s]
0.0.N: Trace Attempt  5	[52.30 s]
0.0.B: Trace Attempt 2909	[52.33 s]
0.0.AM: Trace Attempt 230	[53.80 s]
0.0.Hp: Trace Attempt 1639	[54.37 s]
0.0.Ht: Trace Attempt 3312	[56.16 s]
0.0.N: Trace Attempt 175	[56.38 s]
0.0.B: Trace Attempt 2985	[56.34 s]
0.0.AM: Trace Attempt 259	[57.81 s]
0.0.Hp: Trace Attempt 1663	[58.42 s]
0.0.N: Trace Attempt  1	[59.24 s]
0.0.N: Trace Attempt  2	[59.25 s]
0.0.N: Trace Attempt  3	[59.25 s]
0.0.N: Trace Attempt  4	[59.25 s]
0.0.N: Trace Attempt  5	[59.25 s]
0.0.Ht: Trace Attempt 3362	[60.20 s]
0.0.B: Trace Attempt 3058	[60.35 s]
0.0.AM: Trace Attempt 299	[61.88 s]
0.0.Hp: Trace Attempt 1687	[62.55 s]
0.0.N: Trace Attempt 174	[63.29 s]
0.0.Ht: Trace Attempt 3451	[64.30 s]
0.0.B: Trace Attempt 3119	[64.41 s]
0.0.AM: Trace Attempt 333	[65.93 s]
0.0.N: Trace Attempt  1	[66.02 s]
0.0.N: Trace Attempt  2	[66.02 s]
0.0.N: Trace Attempt  3	[66.02 s]
0.0.N: Trace Attempt  4	[66.02 s]
0.0.N: Trace Attempt  5	[66.02 s]
0.0.Hp: Trace Attempt 1709	[66.67 s]
0.0.Ht: Trace Attempt 3539	[68.47 s]
0.0.B: Trace Attempt 3168	[68.47 s]
0.0.AM: Trace Attempt 365	[69.96 s]
0.0.N: Trace Attempt 176	[70.05 s]
0.0.Hp: Trace Attempt 1730	[70.70 s]
0.0.Ht: Trace Attempt 3611	[72.51 s]
0.0.B: Trace Attempt 3217	[72.55 s]
0.0.N: Trace Attempt  1	[72.91 s]
0.0.N: Trace Attempt  2	[72.91 s]
0.0.N: Trace Attempt  3	[72.91 s]
0.0.N: Trace Attempt  4	[72.91 s]
0.0.N: Trace Attempt  5	[72.91 s]
0.0.AM: Trace Attempt 400	[74.11 s]
0.0.Hp: Trace Attempt 1752	[74.82 s]
0.0.Ht: Trace Attempt 3696	[76.54 s]
0.0.B: Trace Attempt 3267	[76.66 s]
0.0.N: Trace Attempt 173	[76.96 s]
0.0.AM: Trace Attempt 431	[78.24 s]
0.0.Hp: Trace Attempt 1774	[78.89 s]
0.0.N: Trace Attempt  1	[79.95 s]
0.0.N: Trace Attempt  2	[79.95 s]
0.0.N: Trace Attempt  3	[79.95 s]
0.0.N: Trace Attempt  4	[79.95 s]
0.0.N: Trace Attempt  5	[79.96 s]
0.0.Ht: Trace Attempt 3765	[80.56 s]
0.0.B: Trace Attempt 3307	[80.74 s]
0.0.AM: Trace Attempt 457	[82.35 s]
0.0.N: Trace Attempt 175	[84.01 s]
0.0.B: Trace Attempt 3354	[84.82 s]
0.0.Ht: Trace Attempt 3819	[84.95 s]
0.0.Hp: Trace Attempt 1793	[86.27 s]
0.0.AM: Trace Attempt 464	[86.91 s]
0.0.N: Trace Attempt  1	[87.04 s]
0.0.N: Trace Attempt  2	[87.05 s]
0.0.N: Trace Attempt  3	[87.05 s]
0.0.N: Trace Attempt  4	[87.05 s]
0.0.N: Trace Attempt  5	[87.05 s]
0.0.B: Trace Attempt 3397	[88.89 s]
0.0.Ht: Trace Attempt 3897	[88.95 s]
0.0.Hp: Trace Attempt 1890	[90.29 s]
0.0.N: Trace Attempt 174	[91.08 s]
0.0.AM: Trace Attempt 475	[91.50 s]
0.0.B: Trace Attempt 3443	[92.91 s]
0.0.Ht: Trace Attempt 3972	[92.97 s]
0.0.N: Trace Attempt  1	[93.86 s]
0.0.N: Trace Attempt  2	[93.86 s]
0.0.N: Trace Attempt  3	[93.86 s]
0.0.N: Trace Attempt  4	[93.86 s]
0.0.N: Trace Attempt  5	[93.86 s]
0.0.Hp: Trace Attempt 1966	[94.42 s]
0.0.AM: Trace Attempt 484	[95.53 s]
0.0.B: Trace Attempt 3486	[96.93 s]
0.0.Ht: Trace Attempt 4061	[96.98 s]
0.0.N: Trace Attempt 174	[97.91 s]
0.0.Hp: Trace Attempt 2053	[98.53 s]
0.0.AM: Trace Attempt 499	[99.76 s]
0.0.N: Trace Attempt  1	[100.70 s]
0.0.N: Trace Attempt  2	[100.70 s]
0.0.N: Trace Attempt  3	[100.70 s]
0.0.N: Trace Attempt  4	[100.70 s]
0.0.N: Trace Attempt  5	[100.70 s]
0.0.B: Trace Attempt 3524	[100.93 s]
0.0.Ht: Trace Attempt 4122	[101.03 s]
0.0.AM: Trace Attempt 516	[103.97 s]
0.0.Hp: Trace Attempt 2065	[104.50 s]
0.0.N: Trace Attempt 174	[104.78 s]
0.0.B: Trace Attempt 3560	[104.93 s]
0.0.Ht: Trace Attempt 4160	[106.30 s]
0.0.N: Trace Attempt  1	[107.48 s]
0.0.N: Trace Attempt  2	[107.48 s]
0.0.N: Trace Attempt  3	[107.48 s]
0.0.N: Trace Attempt  4	[107.48 s]
0.0.N: Trace Attempt  5	[107.48 s]
0.0.AM: Trace Attempt 530	[108.21 s]
0.0.B: Trace Attempt 3598	[109.03 s]
0.0.Ht: Trace Attempt 4204	[110.34 s]
0.0.N: Trace Attempt 174	[111.51 s]
0.0.Hp: Trace Attempt 2068	[112.34 s]
0.0.AM: Trace Attempt 546	[112.36 s]
0.0.B: Trace Attempt 3635	[113.09 s]
0.0.Ht: Trace Attempt 4238	[114.35 s]
0.0.N: Trace Attempt  1	[114.48 s]
0.0.N: Trace Attempt  2	[114.48 s]
0.0.N: Trace Attempt  3	[114.48 s]
0.0.N: Trace Attempt  4	[114.48 s]
0.0.N: Trace Attempt  5	[114.48 s]
0.0.AM: Trace Attempt 561	[116.55 s]
0.0.B: Trace Attempt 3670	[117.12 s]
0.0.Hp: Trace Attempt 2075	[117.52 s]
0.0.Ht: Trace Attempt 4288	[118.45 s]
0.0.N: Trace Attempt 175	[118.58 s]
0.0.AM: Trace Attempt 573	[120.80 s]
0.0.N: Trace Attempt  1	[121.25 s]
0.0.N: Trace Attempt  2	[121.25 s]
0.0.N: Trace Attempt  3	[121.25 s]
0.0.N: Trace Attempt  4	[121.25 s]
0.0.N: Trace Attempt  5	[121.25 s]
0.0.B: Trace Attempt 3702	[121.22 s]
0.0.Ht: Trace Attempt 4330	[122.46 s]
0.0.Hp: Trace Attempt 2081	[122.56 s]
0.0.AM: Trace Attempt 584	[124.88 s]
0.0.N: Trace Attempt 175	[125.33 s]
0.0.B: Trace Attempt 3734	[125.25 s]
0.0.Ht: Trace Attempt 4362	[126.51 s]
0.0.Hp: Trace Attempt 2089	[126.63 s]
0.0.N: Trace Attempt  1	[128.31 s]
0.0.N: Trace Attempt  2	[128.31 s]
0.0.N: Trace Attempt  3	[128.31 s]
0.0.N: Trace Attempt  4	[128.31 s]
0.0.N: Trace Attempt  5	[128.31 s]
0.0.AM: Trace Attempt 595	[129.01 s]
0.0.B: Trace Attempt 3765	[129.35 s]
0.0.Ht: Trace Attempt 4419	[130.52 s]
0.0.Hp: Trace Attempt 2099	[130.78 s]
0.0.N: Trace Attempt 174	[132.40 s]
0.0.AM: Trace Attempt 608	[133.27 s]
0.0.B: Trace Attempt 3793	[133.38 s]
0.0.Ht: Trace Attempt 4456	[134.54 s]
0.0.Hp: Trace Attempt 2107	[134.86 s]
0.0.N: Trace Attempt  1	[135.13 s]
0.0.N: Trace Attempt  2	[135.13 s]
0.0.N: Trace Attempt  3	[135.13 s]
0.0.N: Trace Attempt  4	[135.13 s]
0.0.N: Trace Attempt  5	[135.13 s]
0.0.B: Trace Attempt 3823	[137.44 s]
0.0.AM: Trace Attempt 620	[137.74 s]
0.0.Ht: Trace Attempt 4495	[138.63 s]
0.0.N: Trace Attempt 173	[139.13 s]
0.0.Hp: Trace Attempt 2113	[141.08 s]
0.0.B: Trace Attempt 3852	[141.56 s]
0.0.AM: Trace Attempt 631	[142.03 s]
0.0.N: Trace Attempt  1	[142.17 s]
0.0.N: Trace Attempt  2	[142.17 s]
0.0.N: Trace Attempt  3	[142.17 s]
0.0.N: Trace Attempt  4	[142.18 s]
0.0.N: Trace Attempt  5	[142.18 s]
0.0.Ht: Trace Attempt 4533	[142.72 s]
0.0.B: Trace Attempt 3881	[145.60 s]
0.0.Hp: Trace Attempt 2118	[146.10 s]
0.0.N: Trace Attempt 174	[146.24 s]
0.0.AM: Trace Attempt 643	[146.34 s]
0.0.Ht: Trace Attempt 4563	[148.30 s]
0.0.N: Trace Attempt  1	[149.30 s]
0.0.N: Trace Attempt  2	[149.31 s]
0.0.N: Trace Attempt  3	[149.31 s]
0.0.N: Trace Attempt  4	[149.31 s]
0.0.N: Trace Attempt  5	[149.31 s]
0.0.B: Trace Attempt 3909	[149.62 s]
0.0.Hp: Trace Attempt 2121	[150.17 s]
0.0.AM: Trace Attempt 652	[150.34 s]
0.0.Ht: Trace Attempt 4602	[152.37 s]
0.0.N: Trace Attempt 175	[153.36 s]
0.0.B: Trace Attempt 3937	[153.65 s]
0.0.Hp: Trace Attempt 2126	[154.42 s]
0.0.AM: Trace Attempt 662	[154.40 s]
0.0.N: Trace Attempt  1	[156.13 s]
0.0.N: Trace Attempt  2	[156.14 s]
0.0.N: Trace Attempt  3	[156.14 s]
0.0.N: Trace Attempt  4	[156.14 s]
0.0.N: Trace Attempt  5	[156.14 s]
0.0.Ht: Trace Attempt 4646	[156.42 s]
0.0.B: Trace Attempt 3969	[157.84 s]
0.0.AM: Trace Attempt 672	[158.97 s]
0.0.Hp: Trace Attempt 2135	[159.15 s]
0.0.N: Trace Attempt 174	[160.17 s]
0.0.Ht: Trace Attempt 4683	[160.44 s]
0.0.B: Trace Attempt 3999	[161.96 s]
0.0.N: Trace Attempt  1	[163.28 s]
0.0.N: Trace Attempt  2	[163.28 s]
0.0.N: Trace Attempt  3	[163.28 s]
0.0.N: Trace Attempt  4	[163.28 s]
0.0.N: Trace Attempt  5	[163.28 s]
0.0.Hp: Trace Attempt 2140	[163.62 s]
0.0.AM: Trace Attempt 680	[163.55 s]
0.0.Ht: Trace Attempt 4733	[164.50 s]
0.0.B: Trace Attempt 4027	[165.97 s]
0.0.N: Trace Attempt 162	[167.29 s]
0.0.Hp: Trace Attempt 2148	[167.80 s]
0.0.AM: Trace Attempt 687	[167.90 s]
0.0.Ht: Trace Attempt 4774	[168.50 s]
0.0.B: Trace Attempt 4059	[170.15 s]
0.0.N: Trace Attempt 233	[171.33 s]
0.0.AM: Trace Attempt 694	[172.27 s]
0.0.Ht: Trace Attempt 4815	[172.54 s]
0.0.Hp: Trace Attempt 2156	[173.10 s]
0.0.B: Trace Attempt 4091	[174.16 s]
0.0.N: Trace Attempt 266	[175.36 s]
0.0.Ht: Trace Attempt 4861	[176.54 s]
0.0.AM: Trace Attempt 701	[176.56 s]
0.0.Hp: Trace Attempt 2173	[177.18 s]
0.0.B: Trace Attempt 4117	[178.20 s]
0.0.N: Trace Attempt 314	[179.50 s]
0.0.Ht: Trace Attempt 4883	[180.57 s]
0.0.AM: Trace Attempt 710	[180.73 s]
0.0.N: Trace Attempt 326	[181.03 s]
0.0.N: Stopped processing property "GRAY.p1"	[181.15 s].
0.0.N: Morphing to Ncustom1
0.0.N: All properties determined. [0.00 s]
0.0.N: Exited with Success (@ 0.00 s)
0.0.Ncustom1: clocks: 1, declared: 1, looping: 0, posedge: 1, negedge: 0, noedge: 0, bothedge: 0
0.0.Ncustom1: Starting proof for property "GRAY.p1"	[0.00 s].
0.0.Ncustom1: Trace Attempt 256	[0.01 s]
0.0.B: Trace Attempt 4137	[180.87 s]
0.0.B: Stopped processing property "GRAY.p1"	[181.10 s].
0.0.B: Morphing to Bcustom2
0.0.B: All properties determined. [0.00 s]
0.0.B: Exited with Success (@ 0.00 s)
0.0.Bcustom2: clocks: 1, declared: 1, looping: 0, posedge: 1, negedge: 0, noedge: 0, bothedge: 0
0.0.Bcustom2: Starting proof for property "GRAY.p1"	[0.00 s].
0.0.Bcustom2: Trace Attempt  1	[0.00 s]
0.0.Bcustom2: Trace Attempt  2	[0.00 s]
0.0.Bcustom2: Trace Attempt  3	[0.00 s]
0.0.Bcustom2: Trace Attempt  1	[0.00 s]
0.0.Bcustom2: Trace Attempt  2	[0.00 s]
0.0.Bcustom2: Trace Attempt  3	[0.00 s]
0.0.Bcustom2: Trace Attempt  4	[0.00 s]
0.0.Bcustom2: Trace Attempt  5	[0.00 s]
0.0.Bcustom2: Trace Attempt  1	[0.00 s]
0.0.Bcustom2: Trace Attempt  2	[0.00 s]
0.0.Bcustom2: Trace Attempt  3	[0.00 s]
0.0.Bcustom2: Trace Attempt  4	[0.00 s]
0.0.Bcustom2: Trace Attempt  5	[0.00 s]
0.0.Bcustom2: Trace Attempt  1	[0.01 s]
0.0.Bcustom2: Trace Attempt  2	[0.01 s]
0.0.Bcustom2: Trace Attempt  3	[0.01 s]
0.0.Bcustom2: Trace Attempt  4	[0.01 s]
0.0.Bcustom2: Trace Attempt  5	[0.01 s]
0.0.Bcustom2: Trace Attempt  1	[0.01 s]
0.0.Bcustom2: Trace Attempt  2	[0.01 s]
0.0.Bcustom2: Trace Attempt  3	[0.01 s]
0.0.Bcustom2: Trace Attempt  4	[0.01 s]
0.0.Bcustom2: Trace Attempt  5	[0.01 s]
0.0.Bcustom2: Trace Attempt  1	[0.03 s]
0.0.Bcustom2: Trace Attempt  2	[0.03 s]
0.0.Bcustom2: Trace Attempt  3	[0.03 s]
0.0.Bcustom2: Trace Attempt  4	[0.03 s]
0.0.Bcustom2: Trace Attempt  5	[0.03 s]
0.0.Tri: Proofgrid shell started at 19483@vlsi-moon(local) jg_17888_vlsi-moon_1
0.0.Tri: clocks: 1, declared: 1, looping: 0, posedge: 1, negedge: 0, noedge: 0, bothedge: 0
0.0.Tri: Last scan. Per property time limit: 0s
0.0.Tri: Starting proof for property "GRAY.p1"	[0.00 s].
0.0.Tri: Trace Attempt  1	[0.00 s]
0.0.Bcustom2: Trace Attempt  1	[0.07 s]
0.0.Bcustom2: Trace Attempt  2	[0.07 s]
0.0.Bcustom2: Trace Attempt  3	[0.07 s]
0.0.Bcustom2: Trace Attempt  4	[0.07 s]
0.0.Bcustom2: Trace Attempt  5	[0.07 s]
0.0.AM: Stopped processing property "GRAY.p1"	[181.21 s].
0.0.AM: Morphing to AMcustom3
0.0.Tri:    0.00" ---- Launching main thread ----
0.0.AM: All properties determined. [0.00 s]
0.0.AM: Exited with Success (@ 0.00 s)
0.0.AMcustom3: clocks: 1, declared: 1, looping: 0, posedge: 1, negedge: 0, noedge: 0, bothedge: 0
0.0.AMcustom3: Starting proof for property "GRAY.p1"	[0.00 s].
0.0.AMcustom3: Trace Attempt  1	[0.00 s]
0.0.AMcustom3: Trace Attempt  2	[0.00 s]
0.0.AMcustom3: Trace Attempt  3	[0.00 s]
0.0.AMcustom3: Trace Attempt  4	[0.00 s]
0.0.AMcustom3: Trace Attempt  5	[0.00 s]
0.0.AMcustom3: Trace Attempt  1	[0.00 s]
0.0.AMcustom3: Trace Attempt  2	[0.00 s]
0.0.AMcustom3: Trace Attempt  3	[0.00 s]
0.0.AMcustom3: Trace Attempt  4	[0.00 s]
0.0.AMcustom3: Trace Attempt  5	[0.00 s]
0.0.AMcustom3: Trace Attempt  1	[0.01 s]
0.0.AMcustom3: Trace Attempt  2	[0.01 s]
0.0.AMcustom3: Trace Attempt  3	[0.01 s]
0.0.AMcustom3: Trace Attempt  4	[0.01 s]
0.0.AMcustom3: Trace Attempt  5	[0.01 s]
0.0.Hp: Trace Attempt 2190	[181.34 s]
0.0.Tri:    0.04" ---- Launching abstraction thread ----
0.0.AMcustom3: Trace Attempt  1	[0.04 s]
0.0.AMcustom3: Trace Attempt  2	[0.04 s]
0.0.AMcustom3: Trace Attempt  3	[0.04 s]
0.0.AMcustom3: Trace Attempt  4	[0.04 s]
0.0.AMcustom3: Trace Attempt  5	[0.04 s]
0.0.Tri:    0.05" ---- Launching multi-phase simplification thread ----
0.0.Tri:    0.07" ---- Launching liveness simplification thread ----
0.0.Bcustom2: Trace Attempt  1	[0.19 s]
0.0.Bcustom2: Trace Attempt  2	[0.19 s]
0.0.Bcustom2: Trace Attempt  3	[0.19 s]
0.0.Bcustom2: Trace Attempt  4	[0.19 s]
0.0.Bcustom2: Trace Attempt  5	[0.19 s]
0.0.AMcustom3: Trace Attempt  1	[0.13 s]
0.0.AMcustom3: Trace Attempt  2	[0.13 s]
0.0.AMcustom3: Trace Attempt  3	[0.13 s]
0.0.AMcustom3: Trace Attempt  4	[0.13 s]
0.0.AMcustom3: Trace Attempt  5	[0.13 s]
0.0.Ncustom1: Trace Attempt  1	[0.36 s]
0.0.Ncustom1: Trace Attempt  2	[0.36 s]
0.0.Ncustom1: Trace Attempt  3	[0.36 s]
0.0.Ncustom1: Trace Attempt  4	[0.36 s]
0.0.Ncustom1: Trace Attempt  5	[0.36 s]
0.0.Bcustom2: Trace Attempt  1	[0.46 s]
0.0.Bcustom2: Trace Attempt  2	[0.46 s]
0.0.Bcustom2: Trace Attempt  3	[0.46 s]
0.0.Bcustom2: Trace Attempt  4	[0.46 s]
0.0.Bcustom2: Trace Attempt  5	[0.46 s]
0.0.AMcustom3: Trace Attempt  1	[0.50 s]
0.0.AMcustom3: Trace Attempt  2	[0.50 s]
0.0.AMcustom3: Trace Attempt  3	[0.50 s]
0.0.AMcustom3: Trace Attempt  4	[0.51 s]
0.0.AMcustom3: Trace Attempt  5	[0.51 s]
0.0.Tri:    0.92" Simplification phase 1 complete
0.0.Tri:    0.96" ---- Completed liveness simplification thread ----
0.0.Bcustom2: Trace Attempt  1	[1.17 s]
0.0.Bcustom2: Trace Attempt  2	[1.17 s]
0.0.Bcustom2: Trace Attempt  3	[1.17 s]
0.0.Bcustom2: Trace Attempt  4	[1.17 s]
0.0.Bcustom2: Trace Attempt  5	[1.17 s]
0.0.Bcustom2: Trace Attempt 78	[1.17 s]
0.0.Bcustom2: Stopped processing property "GRAY.p1"	[1.17 s].
0.0.Bcustom2: Morphing to D
0.0.Bcustom2: All properties determined. [0.00 s]
0.0.Bcustom2: Exited with Success (@ 0.00 s)
0.0.D: clocks: 1, declared: 1, looping: 0, posedge: 1, negedge: 0, noedge: 0, bothedge: 0
0.0.D: Starting proof for property "GRAY.p1"	[0.00 s].
0.0.AMcustom3: Trace Attempt 68	[1.04 s]
0.0.AMcustom3: Stopped processing property "GRAY.p1"	[1.05 s].
0.0.AMcustom3: Morphing to M
0.0.AMcustom3: All properties determined. [0.00 s]
0.0.AMcustom3: Exited with Success (@ 0.00 s)
0.0.M: clocks: 1, declared: 1, looping: 0, posedge: 1, negedge: 0, noedge: 0, bothedge: 0
0.0.M: Starting proof for property "GRAY.p1"	[0.00 s].
0.0.D: Trace Attempt  1	[0.00 s]
0.0.M: Trace Attempt  1	[0.00 s]
0.0.D: Trace Attempt  2	[0.00 s]
0.0.D: Trace Attempt  3	[0.00 s]
0.0.M: Trace Attempt  2	[0.00 s]
0.0.M: Trace Attempt  3	[0.00 s]
0.0.D: Trace Attempt  4	[0.00 s]
0.0.M: Trace Attempt  4	[0.00 s]
0.0.M: Trace Attempt  5	[0.00 s]
0.0.Tri:    1.15" Simplification phase 2 complete
0.0.Tri: Stopped processing property "GRAY.p1"	[1.20 s].
0.0.Tri: Morphing to AMcustom5
0.0.Tri: All properties determined. [0.00 s]
0.0.Tri: Exited with Success (@ 0.00 s)
0.0.AMcustom5: clocks: 1, declared: 1, looping: 0, posedge: 1, negedge: 0, noedge: 0, bothedge: 0
0.0.AMcustom5: Starting proof for property "GRAY.p1"	[0.00 s].
0.0.AMcustom5: Trace Attempt  1	[0.00 s]
0.0.AMcustom5: Trace Attempt  2	[0.00 s]
0.0.AMcustom5: Trace Attempt  3	[0.00 s]
0.0.AMcustom5: Trace Attempt  1	[0.00 s]
0.0.AMcustom5: Trace Attempt  2	[0.00 s]
0.0.AMcustom5: Trace Attempt  3	[0.00 s]
0.0.AMcustom5: Trace Attempt  4	[0.01 s]
0.0.AMcustom5: Trace Attempt  5	[0.01 s]
0.0.AMcustom5: Trace Attempt  1	[0.01 s]
0.0.AMcustom5: Trace Attempt  2	[0.01 s]
0.0.AMcustom5: Trace Attempt  3	[0.01 s]
0.0.AMcustom5: Trace Attempt  4	[0.01 s]
0.0.AMcustom5: Trace Attempt  5	[0.01 s]
0.0.AMcustom5: Trace Attempt  1	[0.01 s]
0.0.AMcustom5: Trace Attempt  2	[0.01 s]
0.0.AMcustom5: Trace Attempt  3	[0.01 s]
0.0.AMcustom5: Trace Attempt  4	[0.01 s]
0.0.AMcustom5: Trace Attempt  5	[0.01 s]
0.0.AMcustom5: Trace Attempt  1	[0.02 s]
0.0.AMcustom5: Trace Attempt  2	[0.02 s]
0.0.AMcustom5: Trace Attempt  3	[0.02 s]
0.0.AMcustom5: Trace Attempt  4	[0.02 s]
0.0.AMcustom5: Trace Attempt  5	[0.02 s]
0.0.AMcustom5: Trace Attempt  1	[0.02 s]
0.0.AMcustom5: Trace Attempt  2	[0.02 s]
0.0.AMcustom5: Trace Attempt  3	[0.02 s]
0.0.AMcustom5: Trace Attempt  4	[0.02 s]
0.0.AMcustom5: Trace Attempt  5	[0.02 s]
0.0.AMcustom5: Trace Attempt  1	[0.03 s]
0.0.AMcustom5: Trace Attempt  2	[0.03 s]
0.0.AMcustom5: Trace Attempt  3	[0.03 s]
0.0.AMcustom5: Trace Attempt  4	[0.03 s]
0.0.AMcustom5: Trace Attempt  5	[0.03 s]
0.0.AMcustom5: Trace Attempt  1	[0.05 s]
0.0.AMcustom5: Trace Attempt  2	[0.05 s]
0.0.AMcustom5: Trace Attempt  3	[0.05 s]
0.0.AMcustom5: Trace Attempt  4	[0.05 s]
0.0.AMcustom5: Trace Attempt  5	[0.06 s]
0.0.AMcustom5: Trace Attempt  1	[0.06 s]
0.0.AMcustom5: Trace Attempt  2	[0.06 s]
0.0.AMcustom5: Trace Attempt  3	[0.06 s]
0.0.AMcustom5: Trace Attempt  4	[0.06 s]
0.0.AMcustom5: Trace Attempt  5	[0.06 s]
0.0.AMcustom5: Trace Attempt  1	[0.06 s]
0.0.AMcustom5: Trace Attempt  2	[0.06 s]
0.0.AMcustom5: Trace Attempt  3	[0.06 s]
0.0.AMcustom5: Trace Attempt  4	[0.06 s]
0.0.AMcustom5: Trace Attempt  5	[0.06 s]
0.0.AMcustom5: Trace Attempt  1	[0.09 s]
0.0.AMcustom5: Trace Attempt  2	[0.09 s]
0.0.AMcustom5: Trace Attempt  3	[0.09 s]
0.0.AMcustom5: Trace Attempt  4	[0.09 s]
0.0.AMcustom5: Trace Attempt  5	[0.09 s]
0.0.AMcustom5: Trace Attempt  1	[0.18 s]
0.0.AMcustom5: Trace Attempt  2	[0.18 s]
0.0.AMcustom5: Trace Attempt  3	[0.18 s]
0.0.AMcustom5: Trace Attempt  4	[0.18 s]
0.0.AMcustom5: Trace Attempt  5	[0.18 s]
0.0.AMcustom5: Trace Attempt  1	[0.18 s]
0.0.AMcustom5: Trace Attempt  2	[0.18 s]
0.0.AMcustom5: Trace Attempt  3	[0.18 s]
0.0.AMcustom5: Trace Attempt  4	[0.18 s]
0.0.AMcustom5: Trace Attempt  5	[0.18 s]
0.0.AMcustom5: Trace Attempt  1	[0.18 s]
0.0.AMcustom5: Trace Attempt  2	[0.19 s]
0.0.AMcustom5: Trace Attempt  3	[0.19 s]
0.0.AMcustom5: Trace Attempt  4	[0.19 s]
0.0.AMcustom5: Trace Attempt  5	[0.19 s]
0.0.AMcustom5: Trace Attempt  1	[0.21 s]
0.0.AMcustom5: Trace Attempt  2	[0.21 s]
0.0.AMcustom5: Trace Attempt  3	[0.21 s]
0.0.AMcustom5: Trace Attempt  5	[0.21 s]
0.0.AMcustom5: Trace Attempt  1	[0.29 s]
0.0.AMcustom5: Trace Attempt  2	[0.30 s]
0.0.AMcustom5: Trace Attempt  3	[0.30 s]
0.0.AMcustom5: Trace Attempt  5	[0.30 s]
0.0.AMcustom5: Trace Attempt  1	[0.70 s]
0.0.AMcustom5: Trace Attempt  2	[0.70 s]
0.0.AMcustom5: Trace Attempt  3	[0.70 s]
0.0.AMcustom5: Trace Attempt  4	[0.70 s]
0.0.AMcustom5: Trace Attempt  5	[0.70 s]
0.0.AMcustom5: Trace Attempt  1	[0.70 s]
0.0.AMcustom5: Trace Attempt  2	[0.70 s]
0.0.AMcustom5: Trace Attempt  3	[0.70 s]
0.0.AMcustom5: Trace Attempt  4	[0.70 s]
0.0.AMcustom5: Trace Attempt  5	[0.71 s]
0.0.AMcustom5: Trace Attempt  1	[0.71 s]
0.0.AMcustom5: Trace Attempt  2	[0.71 s]
0.0.AMcustom5: Trace Attempt  3	[0.71 s]
0.0.AMcustom5: Trace Attempt  4	[0.71 s]
0.0.AMcustom5: Trace Attempt  5	[0.71 s]
0.0.AMcustom5: Trace Attempt  1	[0.73 s]
0.0.AMcustom5: Trace Attempt  2	[0.73 s]
0.0.AMcustom5: Trace Attempt  3	[0.74 s]
0.0.AMcustom5: Trace Attempt  4	[0.74 s]
0.0.AMcustom5: Trace Attempt  5	[0.74 s]
0.0.AMcustom5: Trace Attempt  1	[0.81 s]
0.0.AMcustom5: Trace Attempt  2	[0.81 s]
0.0.AMcustom5: Trace Attempt  3	[0.81 s]
0.0.AMcustom5: Trace Attempt  4	[0.82 s]
0.0.AMcustom5: Trace Attempt  5	[0.82 s]
0.0.AMcustom5: Trace Attempt  1	[1.19 s]
0.0.AMcustom5: Trace Attempt  2	[1.19 s]
0.0.AMcustom5: Trace Attempt  3	[1.19 s]
0.0.AMcustom5: Trace Attempt  4	[1.19 s]
0.0.AMcustom5: Trace Attempt  5	[1.20 s]
0.0.AMcustom5: Trace Attempt 86	[2.18 s]
0.0.AMcustom5: Stopped processing property "GRAY.p1"	[2.20 s].
0.0.AMcustom5: Morphing to ADcustom7
0.0.AMcustom5: All properties determined. [0.00 s]
0.0.AMcustom5: Exited with Success (@ 0.00 s)
0.0.ADcustom7: clocks: 1, declared: 1, looping: 0, posedge: 1, negedge: 0, noedge: 0, bothedge: 0
0.0.ADcustom7: Starting proof for property "GRAY.p1"	[0.00 s].
0.0.ADcustom7: Trace Attempt  1	[0.00 s]
0.0.ADcustom7: Trace Attempt  2	[0.00 s]
0.0.ADcustom7: Trace Attempt  3	[0.00 s]
0.0.ADcustom7: Trace Attempt  1	[0.00 s]
0.0.ADcustom7: Trace Attempt  2	[0.00 s]
0.0.ADcustom7: Trace Attempt  3	[0.00 s]
0.0.ADcustom7: Trace Attempt  4	[0.00 s]
0.0.ADcustom7: Trace Attempt  5	[0.00 s]
0.0.ADcustom7: Trace Attempt  1	[0.00 s]
0.0.ADcustom7: Trace Attempt  2	[0.00 s]
0.0.ADcustom7: Trace Attempt  3	[0.00 s]
0.0.ADcustom7: Trace Attempt  4	[0.00 s]
0.0.ADcustom7: Trace Attempt  5	[0.00 s]
0.0.ADcustom7: Trace Attempt  1	[0.01 s]
0.0.ADcustom7: Trace Attempt  2	[0.01 s]
0.0.ADcustom7: Trace Attempt  3	[0.01 s]
0.0.ADcustom7: Trace Attempt  4	[0.01 s]
0.0.Ncustom1: Trace Attempt 145	[3.44 s]
0.0.Ncustom1: Stopped processing property "GRAY.p1"	[3.53 s].
0.0.Ncustom1: Morphing to Bcustom2
0.0.D: Trace Attempt 69	[0.83 s]
0.0.D: Stopped processing property "GRAY.p1"	[2.32 s].
0.0.D: Morphing to AMcustom3
0.0.D: All properties determined. [0.00 s]
0.0.D: Exited with Success (@ 0.00 s)
0.0.ADcustom7: Trace Attempt  1	[0.01 s]
0.0.ADcustom7: Trace Attempt  2	[0.01 s]
0.0.ADcustom7: Trace Attempt  3	[0.01 s]
0.0.ADcustom7: Trace Attempt  4	[0.01 s]
0.0.ADcustom7: Trace Attempt  5	[0.01 s]
0.0.Ncustom1: All properties determined. [0.00 s]
0.0.Ncustom1: Exited with Success (@ 0.00 s)
0.0.AMcustom3: clocks: 1, declared: 1, looping: 0, posedge: 1, negedge: 0, noedge: 0, bothedge: 0
0.0.AMcustom3: Starting proof for property "GRAY.p1"	[0.00 s].
0.0.AMcustom3: Trace Attempt  1	[0.00 s]
0.0.AMcustom3: Trace Attempt  2	[0.00 s]
0.0.ADcustom7: Trace Attempt  1	[0.02 s]
0.0.AMcustom3: Trace Attempt  3	[0.00 s]
0.0.ADcustom7: Trace Attempt  2	[0.02 s]
0.0.Bcustom2: clocks: 1, declared: 1, looping: 0, posedge: 1, negedge: 0, noedge: 0, bothedge: 0
0.0.Bcustom2: Starting proof for property "GRAY.p1"	[0.00 s].
0.0.AMcustom3: Trace Attempt  4	[0.00 s]
0.0.ADcustom7: Trace Attempt  3	[0.02 s]
0.0.AMcustom3: Trace Attempt  5	[0.00 s]
0.0.Bcustom2: Trace Attempt  1	[0.00 s]
0.0.Bcustom2: Trace Attempt  2	[0.00 s]
0.0.Bcustom2: Trace Attempt  3	[0.00 s]
0.0.ADcustom7: Trace Attempt  4	[0.02 s]
0.0.AMcustom3: Trace Attempt  1	[0.00 s]
0.0.Bcustom2: Trace Attempt  1	[0.00 s]
0.0.Bcustom2: Trace Attempt  2	[0.00 s]
0.0.Bcustom2: Trace Attempt  3	[0.00 s]
0.0.Bcustom2: Trace Attempt  4	[0.00 s]
0.0.Bcustom2: Trace Attempt  5	[0.00 s]
0.0.AMcustom3: Trace Attempt  2	[0.00 s]
0.0.AMcustom3: Trace Attempt  3	[0.00 s]
0.0.Bcustom2: Trace Attempt  1	[0.00 s]
0.0.Bcustom2: Trace Attempt  2	[0.00 s]
0.0.Bcustom2: Trace Attempt  3	[0.00 s]
0.0.Bcustom2: Trace Attempt  4	[0.00 s]
0.0.Bcustom2: Trace Attempt  5	[0.00 s]
0.0.AMcustom3: Trace Attempt  4	[0.00 s]
0.0.AMcustom3: Trace Attempt  5	[0.00 s]
0.0.Bcustom2: Trace Attempt  1	[0.01 s]
0.0.Bcustom2: Trace Attempt  2	[0.01 s]
0.0.Bcustom2: Trace Attempt  3	[0.01 s]
0.0.Bcustom2: Trace Attempt  4	[0.01 s]
0.0.Bcustom2: Trace Attempt  5	[0.01 s]
0.0.ADcustom7: Trace Attempt  1	[0.02 s]
0.0.ADcustom7: Trace Attempt  2	[0.02 s]
0.0.ADcustom7: Trace Attempt  3	[0.02 s]
0.0.ADcustom7: Trace Attempt  4	[0.03 s]
0.0.AMcustom3: Trace Attempt  1	[0.01 s]
0.0.Bcustom2: Trace Attempt  1	[0.01 s]
0.0.Bcustom2: Trace Attempt  2	[0.01 s]
0.0.Bcustom2: Trace Attempt  3	[0.01 s]
0.0.Bcustom2: Trace Attempt  4	[0.01 s]
0.0.Bcustom2: Trace Attempt  5	[0.01 s]
0.0.AMcustom3: Trace Attempt  2	[0.01 s]
0.0.AMcustom3: Trace Attempt  3	[0.01 s]
0.0.AMcustom3: Trace Attempt  4	[0.01 s]
0.0.AMcustom3: Trace Attempt  5	[0.01 s]
0.0.Bcustom2: Trace Attempt  1	[0.03 s]
0.0.Bcustom2: Trace Attempt  2	[0.03 s]
0.0.Bcustom2: Trace Attempt  3	[0.03 s]
0.0.Bcustom2: Trace Attempt  4	[0.03 s]
0.0.Bcustom2: Trace Attempt  5	[0.03 s]
0.0.Ht: Trace Attempt 4939	[184.64 s]
0.0.AMcustom3: Trace Attempt  1	[0.04 s]
0.0.AMcustom3: Trace Attempt  2	[0.04 s]
0.0.AMcustom3: Trace Attempt  3	[0.04 s]
0.0.AMcustom3: Trace Attempt  4	[0.04 s]
0.0.AMcustom3: Trace Attempt  5	[0.04 s]
0.0.ADcustom7: Trace Attempt  1	[0.06 s]
0.0.ADcustom7: Trace Attempt  2	[0.06 s]
0.0.ADcustom7: Trace Attempt  3	[0.06 s]
0.0.ADcustom7: Trace Attempt  4	[0.06 s]
0.0.ADcustom7: Trace Attempt  5	[0.06 s]
0.0.ADcustom7: Trace Attempt  1	[0.06 s]
0.0.ADcustom7: Trace Attempt  2	[0.06 s]
0.0.ADcustom7: Trace Attempt  3	[0.06 s]
0.0.ADcustom7: Trace Attempt  4	[0.06 s]
0.0.ADcustom7: Trace Attempt  1	[0.07 s]
0.0.ADcustom7: Trace Attempt  2	[0.07 s]
0.0.ADcustom7: Trace Attempt  3	[0.07 s]
0.0.ADcustom7: Trace Attempt  4	[0.07 s]
0.0.Bcustom2: Trace Attempt  1	[0.07 s]
0.0.Bcustom2: Trace Attempt  2	[0.07 s]
0.0.Bcustom2: Trace Attempt  3	[0.07 s]
0.0.Bcustom2: Trace Attempt  4	[0.07 s]
0.0.Bcustom2: Trace Attempt  5	[0.07 s]
0.0.ADcustom7: Trace Attempt  1	[0.10 s]
0.0.ADcustom7: Trace Attempt  2	[0.10 s]
0.0.ADcustom7: Trace Attempt  3	[0.10 s]
0.0.ADcustom7: Trace Attempt  4	[0.10 s]
0.0.AMcustom3: Trace Attempt  1	[0.12 s]
0.0.AMcustom3: Trace Attempt  2	[0.13 s]
0.0.AMcustom3: Trace Attempt  3	[0.13 s]
0.0.AMcustom3: Trace Attempt  4	[0.13 s]
0.0.AMcustom3: Trace Attempt  5	[0.13 s]
0.0.Bcustom2: Trace Attempt  1	[0.19 s]
0.0.Bcustom2: Trace Attempt  2	[0.19 s]
0.0.Bcustom2: Trace Attempt  3	[0.19 s]
0.0.Bcustom2: Trace Attempt  4	[0.19 s]
0.0.Bcustom2: Trace Attempt  5	[0.19 s]
0.0.ADcustom7: Trace Attempt  1	[0.23 s]
0.0.ADcustom7: Trace Attempt  2	[0.23 s]
0.0.ADcustom7: Trace Attempt  3	[0.23 s]
0.0.ADcustom7: Trace Attempt  4	[0.23 s]
0.0.ADcustom7: Trace Attempt  5	[0.23 s]
0.0.ADcustom7: Trace Attempt  1	[0.23 s]
0.0.ADcustom7: Trace Attempt  2	[0.23 s]
0.0.ADcustom7: Trace Attempt  3	[0.23 s]
0.0.ADcustom7: Trace Attempt  4	[0.23 s]
0.0.ADcustom7: Trace Attempt  1	[0.23 s]
0.0.ADcustom7: Trace Attempt  2	[0.23 s]
0.0.ADcustom7: Trace Attempt  3	[0.23 s]
0.0.ADcustom7: Trace Attempt  4	[0.24 s]
0.0.ADcustom7: Trace Attempt  1	[0.26 s]
0.0.ADcustom7: Trace Attempt  2	[0.26 s]
0.0.ADcustom7: Trace Attempt  3	[0.26 s]
0.0.ADcustom7: Trace Attempt  4	[0.26 s]
0.0.ADcustom7: Trace Attempt  1	[0.38 s]
0.0.ADcustom7: Trace Attempt  2	[0.38 s]
0.0.ADcustom7: Trace Attempt  3	[0.39 s]
0.0.ADcustom7: Trace Attempt  4	[0.39 s]
0.0.Bcustom2: Trace Attempt  1	[0.47 s]
0.0.Bcustom2: Trace Attempt  2	[0.47 s]
0.0.Bcustom2: Trace Attempt  3	[0.47 s]
0.0.Bcustom2: Trace Attempt  4	[0.47 s]
0.0.Bcustom2: Trace Attempt  5	[0.47 s]
0.0.AMcustom3: Trace Attempt  1	[0.50 s]
0.0.AMcustom3: Trace Attempt  2	[0.50 s]
0.0.AMcustom3: Trace Attempt  3	[0.50 s]
0.0.AMcustom3: Trace Attempt  4	[0.50 s]
0.0.AMcustom3: Trace Attempt  5	[0.50 s]
0.0.Hp: Trace Attempt 2201	[185.68 s]
0.0.ADcustom7: Trace Attempt  1	[1.10 s]
0.0.ADcustom7: Trace Attempt  2	[1.10 s]
0.0.ADcustom7: Trace Attempt  3	[1.10 s]
0.0.ADcustom7: Trace Attempt  4	[1.10 s]
0.0.ADcustom7: Trace Attempt  5	[1.10 s]
0.0.ADcustom7: Trace Attempt  1	[1.10 s]
0.0.ADcustom7: Trace Attempt  2	[1.10 s]
0.0.ADcustom7: Trace Attempt  3	[1.10 s]
0.0.ADcustom7: Trace Attempt  4	[1.10 s]
0.0.ADcustom7: Trace Attempt  1	[1.11 s]
0.0.ADcustom7: Trace Attempt  2	[1.11 s]
0.0.ADcustom7: Trace Attempt  3	[1.11 s]
0.0.ADcustom7: Trace Attempt  4	[1.11 s]
0.0.ADcustom7: Trace Attempt  1	[1.14 s]
0.0.ADcustom7: Trace Attempt  2	[1.14 s]
0.0.ADcustom7: Trace Attempt  3	[1.14 s]
0.0.ADcustom7: Trace Attempt  4	[1.14 s]
0.0.Bcustom2: Trace Attempt  1	[1.16 s]
0.0.Bcustom2: Trace Attempt  2	[1.16 s]
0.0.Bcustom2: Trace Attempt  3	[1.16 s]
0.0.Bcustom2: Trace Attempt  4	[1.16 s]
0.0.Bcustom2: Trace Attempt  5	[1.16 s]
0.0.ADcustom7: Trace Attempt  1	[1.25 s]
0.0.ADcustom7: Trace Attempt  2	[1.25 s]
0.0.ADcustom7: Trace Attempt  3	[1.26 s]
0.0.ADcustom7: Trace Attempt  4	[1.26 s]
0.0.M: Trace Attempt 164	[4.02 s]
0.0.ADcustom7: Trace Attempt  1	[1.87 s]
0.0.ADcustom7: Trace Attempt  2	[1.87 s]
0.0.ADcustom7: Trace Attempt  3	[1.87 s]
0.0.ADcustom7: Trace Attempt  4	[1.87 s]
0.0.AMcustom3: Trace Attempt  1	[1.90 s]
0.0.AMcustom3: Trace Attempt  2	[1.91 s]
0.0.AMcustom3: Trace Attempt  3	[1.91 s]
0.0.AMcustom3: Trace Attempt  4	[1.91 s]
0.0.AMcustom3: Trace Attempt  5	[1.91 s]
0.0.Ht: Trace Attempt 4998	[188.67 s]
0.0.AMcustom3: Trace Attempt 131	[4.19 s]
0.0.AMcustom3: Stopped processing property "GRAY.p1"	[4.24 s].
0.0.AMcustom3: Morphing to D
0.0.AMcustom3: All properties determined. [0.00 s]
0.0.AMcustom3: Exited with Success (@ 0.00 s)
0.0.D: clocks: 1, declared: 1, looping: 0, posedge: 1, negedge: 0, noedge: 0, bothedge: 0
0.0.ADcustom7: Trace Attempt 64	[2.47 s]
0.0.ADcustom7: Stopped processing property "GRAY.p1"	[4.26 s].
0.0.ADcustom7: Morphing to Tricustom8
0.0.ADcustom7: All properties determined. [0.00 s]
0.0.ADcustom7: Exited with Success (@ 0.00 s)
0.0.D: Starting proof for property "GRAY.p1"	[0.00 s].
0.0.Tricustom8: clocks: 1, declared: 1, looping: 0, posedge: 1, negedge: 0, noedge: 0, bothedge: 0
0.0.D: Trace Attempt 69	[0.00 s]
0.0.Tricustom8: Starting proof for property "GRAY.p1"	[0.00 s].
0.0.Tricustom8: Trace Attempt  1	[0.00 s]
0.0.Bcustom2: Trace Attempt 1034	[4.24 s]
0.0.Bcustom2: Stopped processing property "GRAY.p1"	[4.27 s].
0.0.Bcustom2: Morphing to Tri
0.0.Bcustom2: All properties determined. [0.00 s]
0.0.Bcustom2: Exited with Success (@ 0.00 s)
0.0.Tri: clocks: 1, declared: 1, looping: 0, posedge: 1, negedge: 0, noedge: 0, bothedge: 0
0.0.Tri: Starting proof for property "GRAY.p1"	[0.00 s].
0.0.Tri: Trace Attempt  1	[0.00 s]
0.0.Tri:    0.00" ---- Launching main thread ----
0.0.Tri:    0.04" ---- Launching abstraction thread ----
0.0.Tri:    0.04" ---- Launching multi-phase simplification thread ----
0.0.Tri:    0.06" ---- Launching liveness simplification thread ----
0.0.Hp: Trace Attempt 2211	[189.69 s]
0.0.Tri:    0.92" Simplification phase 1 complete
0.0.Tri:    0.96" ---- Completed liveness simplification thread ----
0.0.Tri:    1.16" Simplification phase 2 complete
0.0.Tri:    1.38" Simplification phase 3 complete
0.0.Tri:    1.38" ---- Completed simplification thread ----
0.0.Tri:    1.38" ---- Restarting main thread on simplified netlist ----
0.0.Tri:    1.42" ---- Restarting abstraction thread on simplified netlist ----
0.0.M: Trace Attempt 241	[8.43 s]
0.0.Tri: Requesting engine job to terminate
0.0.D: Requesting engine job to terminate
0.0.M: Requesting engine job to terminate
0.0.Tricustom8: Requesting engine job to terminate
0.0.Hp: Requesting engine job to terminate
0.0.Ht: Requesting engine job to terminate
INFO (IPF144): 0: Initiating shutdown of proof [192.49 s]
0.0.Tri: A proof was found: No trace exists. [3.50 s]
INFO (IPF057): 0.0.Tri: The property "GRAY.p1" was proven in 3.50 s.
0.0.D: Trace Attempt 128	[3.25 s]
0.0.D: Stopped processing property "GRAY.p1"	[3.54 s].
0.0.D: All properties determined. [3.54 s]
0.0.D: Exited with Success (@ 192.49 s)
0: ProofGrid usable level: 0
0.0.Hp: Trace Attempt 2224	[192.46 s]
0.0.Hp: All properties determined. [192.49 s]
0.0.M: Trace Attempt 248	[10.08 s]
0.0.M: Stopped processing property "GRAY.p1"	[10.13 s].
0.0.M: All properties determined. [10.13 s]
0.0.M: Exited with Success (@ 192.51 s)
0.0.Ht: Trace Attempt 5052	[192.38 s]
0.0.Ht: All properties determined. [192.45 s]
0.0.Ht: Exited with Success (@ 192.56 s)
0.0.Tricustom8: Stopped processing property "GRAY.p1"	[3.62 s].
0.0.Hp: Exited with Success (@ 192.58 s)
0.0.Tricustom8: All properties determined. [3.62 s]
0.0.Tricustom8: Exited with Success (@ 192.58 s)
0.0.Tri: Stopped processing property "GRAY.p1"	[3.66 s].
0.0.Tri: All properties determined. [3.66 s]
0.0.Tri: Exited with Success (@ 192.65 s)
0: --------------------------------------------------------------
ProofGrid Summary (utilization 99.94 %)
--------------------------------------------------------------
     engines started                               :    15
     engine jobs started                           :     7

    Average time in state (seconds)
    ------------------------------------------------------
    Engine  Pending     Running        Dead    Utilization
    ------------------------------------------------------
     Hp        0.09      192.48        0.00       99.96 %
     Ht        0.09      192.40        0.00       99.95 %
     Oh        0.09        0.00        0.00        0.45 %
    Tri        0.09      192.37        0.00       99.95 %
      D        0.08      192.30        0.00       99.96 %
      M        0.09      192.23        0.00       99.96 %
    Tricustom8        0.10       11.12        0.00       99.12 %
    all        0.09      138.99        0.00       99.94 %

    Total time in state (seconds)
    -----------------------------------------
            Pending     Running        Dead  
    -----------------------------------------
               0.62      972.90        0.00

    Data read    : 6.71 MiB
    Data written : 5.15 kiB

0: All pending notifications were processed.
INFO (IPF059): 0: Completed proof on task: "<embedded>"

==============================================================
SUMMARY
==============================================================
           Properties Considered              : 1
                 assertions                   : 1
                  - proven                    : 1 (100%)
                  - bounded_proven (user)     : 0 (0%)
                  - bounded_proven (auto)     : 0 (0%)
                  - marked_proven             : 0 (0%)
                  - cex                       : 0 (0%)
                  - ar_cex                    : 0 (0%)
                  - undetermined              : 0 (0%)
                  - unknown                   : 0 (0%)
                  - error                     : 0 (0%)
                 covers                       : 0
                  - unreachable               : 0
                  - bounded_unreachable (user): 0
                  - covered                   : 0
                  - ar_covered                : 0
                  - undetermined              : 0
                  - unknown                   : 0
                  - error                     : 0
proven
[<embedded>] % exit -force
INFO (IPL005): Received request to exit from the console.
INFO: Waiting for proof threads to stop...
INFO: Proof threads stopped.
INFO (IPL018): The peak resident set memory use for this session was 1.460 GB.
INFO (IPL014): Waiting for the Tcl-thread to exit.
INFO (IPL015): The Tcl-thread exited with status 0.
INFO (IPL016): Exiting the analysis session with status 0.
