2025-11-19 23:36:48.288829 (13451) main____ INFO    ----------------------------------------
2025-11-19 23:36:48.288870 (13451) main____ INFO    Jasper version info
2025-11-19 23:36:48.288874 (13451) main____ INFO      tool      : Jasper 2024.06
2025-11-19 23:36:48.288878 (13451) main____ INFO      version   : 2024.06p002 64 bits
2025-11-19 23:36:48.288881 (13451) main____ INFO      build date: 2024.09.02 16:28:38 UTC
2025-11-19 23:36:48.288883 (13451) main____ INFO    ----------------------------------------
2025-11-19 23:36:48.288885 (13451) main____ INFO    Runtime info:
2025-11-19 23:36:48.288887 (13451) main____ INFO      platform  : Linux 3.10.0-1160.62.1.el7.x86_64 x86_64
2025-11-19 23:36:48.288893 (13451) main____ INFO      hostname  : vlsi-ria84
2025-11-19 23:36:48.288896 (13451) main____ INFO      pid       : 13451
2025-11-19 23:36:48.288899 (13451) main____ INFO      arguments : '-style' 'windows' '-proj' '../jgprojects/s1_lcd_6' '-batch' 's1_lcd_6.tcl'
2025-11-19 23:36:48.288901 (13451) main____ INFO      locale    : ANSI_X3.4-1968
2025-11-19 23:36:48.288903 (13451) main____ INFO    ----------------------------------------
2025-11-19 23:36:48.288905 (13451) main____ INFO    System resource limits info:
2025-11-19 23:36:48.288907 (13451) main____ INFO      virtual memory: unlimited
2025-11-19 23:36:48.288911 (13451) main____ INFO      cpu time      : unlimited
2025-11-19 23:36:48.288915 (13451) main____ INFO      processes     : 4096
2025-11-19 23:36:48.288921 (13451) main____ INFO      stack size    : 8388608 B
2025-11-19 23:36:48.288924 (13451) main____ INFO      core file size: 1024 B
2025-11-19 23:36:48.288927 (13451) main____ INFO      open files    : 4096
2025-11-19 23:36:48.288929 (13451) main____ INFO      file size     : unlimited
2025-11-19 23:36:48.288931 (13451) main____ INFO    ----------------------------------------
2025-11-19 23:36:48.288933 (13451) main____ INFO    Memory statistics:
2025-11-19 23:36:48.288935 (13451) main____ INFO      total physical memory  : 65711068 kB
2025-11-19 23:36:48.288937 (13451) main____ INFO      free physical memory   : 50108816 kB
2025-11-19 23:36:48.288939 (13451) main____ INFO      committed address space: 6852272 kB
2025-11-19 23:36:48.288941 (13451) main____ INFO    ----------------------------------------
2025-11-19 23:36:48.289492 (13451) main____ INFO    Important environment variables:
2025-11-19 23:36:48.289504 (13451) main____ INFO      CDS_ASSURA         : '/eda/cadence/2023-24/RHELx86/ASSURA_04.16.115_231'
2025-11-19 23:36:48.289508 (13451) main____ INFO      CDS_AUTO_64BIT     : 'ALL'
2025-11-19 23:36:48.289511 (13451) main____ INFO      CDS_CONFRML        : '/eda/cadence/2023-24/RHELx86/CONFRML_23.10.300'
2025-11-19 23:36:48.289515 (13451) main____ INFO      CDS_DDIEXPORT      : '/eda/cadence/2023-24/RHELx86/DDIEXPORT_22.33.000'
2025-11-19 23:36:48.289518 (13451) main____ INFO      CDS_EMX            : '/eda/cadence/2023-24/RHELx86/EMX_23.10.000'
2025-11-19 23:36:48.289521 (13451) main____ INFO      CDS_GENUS          : '/eda/cadence/2023-24/RHELx86/DDIEXPORT_22.33.000/GENUS221'
2025-11-19 23:36:48.289524 (13451) main____ INFO      CDS_IC             : '/eda/cadence/2023-24/RHELx86/IC_23.10.020'
2025-11-19 23:36:48.289527 (13451) main____ INFO      CDS_INNOVUS        : '/eda/cadence/2023-24/RHELx86/DDIEXPORT_22.33.000/INNOVUS221'
2025-11-19 23:36:48.289530 (13451) main____ INFO      CDS_JLS            : '/eda/cadence/2023-24/RHELx86/DDIEXPORT_22.33.000/JLS221'
2025-11-19 23:36:48.289536 (13451) main____ INFO      CDS_LIC_FILE       : '/etc/local/cadence/license_8x.3868dd0560aa:5280@132.68.59.69:/etc/local/cadence/license_8x.1831bfb82c67:5280@132.68.59.64:/etc/local/cadence/license_8x.0894ef683fc3:5280@132.68.59.79:/etc/local/cadence/license_8x.1831bfb82c67:5280@132.68.59.61'
2025-11-19 23:36:48.289542 (13451) main____ INFO      CDS_LITMUS         : '/eda/cadence/2023-24/RHELx86/LITMUS_23.10.300'
2025-11-19 23:36:48.289546 (13451) main____ INFO      CDS_MODUS          : '/eda/cadence/2023-24/RHELx86/MODUS_22.12.000'
2025-11-19 23:36:48.289549 (13451) main____ INFO      CDS_MVS            : '/eda/cadence/2023-24/RHELx86/MVS_21.12.000'
2025-11-19 23:36:48.289553 (13451) main____ INFO      CDS_Netlisting_Mode: 'Analog'
2025-11-19 23:36:48.289556 (13451) main____ INFO      CDS_PEGASUS        : '/eda/cadence/2023-24/RHELx86/PEGASUS_23.11.000'
2025-11-19 23:36:48.289560 (13451) main____ INFO      CDS_PEGASUSDFM     : '/eda/cadence/2023-24/RHELx86/PEGASUSDFM_23.11.000'
2025-11-19 23:36:48.289563 (13451) main____ INFO      CDS_PVS            : '/eda/cadence/2023-24/RHELx86/PVS_22.22.000'
2025-11-19 23:36:48.289566 (13451) main____ INFO      CDS_QUANTUS        : '/eda/cadence/2023-24/RHELx86/QUANTUS_23.10.000'
2025-11-19 23:36:48.289569 (13451) main____ INFO      CDS_SPECTRE        : '/eda/cadence/2023-24/RHELx86/SPECTRE_23.10.242'
2025-11-19 23:36:48.289571 (13451) main____ INFO      CDS_SSV            : '/eda/cadence/2023-24/RHELx86/SSV_22.13.000'
2025-11-19 23:36:48.289574 (13451) main____ INFO      CDS_USE_PALETTE    : ''
2025-11-19 23:36:48.289577 (13451) main____ INFO      CDS_VERISIUMDEBUG  : '/eda/cadence/2023-24/RHELx86/VERISIUMDEBUG_23.03.001'
2025-11-19 23:36:48.289580 (13451) main____ INFO      CDS_VIPCAT         : '/eda/cadence/2023-24/RHELx86/VIPCAT_11.30.093'
2025-11-19 23:36:48.289583 (13451) main____ INFO      CDS_VMANAGER       : '/eda/cadence/2023-24/RHELx86/VMANAGER_23.03.004'
2025-11-19 23:36:48.289586 (13451) main____ INFO      CDS_XCELIUM        : '/eda/cadence/2023-24/RHELx86/XCELIUM_23.03.007'
2025-11-19 23:36:48.289589 (13451) main____ INFO      DISPLAY            : 'localhost:11.0'
2025-11-19 23:36:48.289592 (13451) main____ INFO      JASPER_CPU_CHECK   : '1'
2025-11-19 23:36:48.289595 (13451) main____ INFO      JASPER_INSTALL_DIR : '/tools/cadence2425/JASPER/jasper_2024.06p002'
2025-11-19 23:36:48.289597 (13451) main____ INFO      JASPER_KERNEL_CHECK: '1'
2025-11-19 23:36:48.289600 (13451) main____ INFO      JASPER_OS_CHECK    : '1'
2025-11-19 23:36:48.289602 (13451) main____ INFO      LANG               : 'C'
2025-11-19 23:36:48.289605 (13451) main____ INFO      TMPDIR             : '/tmp'
2025-11-19 23:36:48.289607 (13451) main____ INFO    ----------------------------------------
2025-11-19 23:36:48.289995 (13451) lic_core INFO    Initializing license system ...
2025-11-19 23:36:48.291638 (13451) lic_core INFO    ... license system initialized.
2025-11-19 23:36:48.299362 (13451) lic__man INFO    Claim 'fpv' for <ui>.
2025-11-19 23:36:48.299390 (13451) lic_core INFO    (1) checking out 'jasper_fpv' ...
2025-11-19 23:36:48.463155 (13451) lic_core INFO    ... (1) checkout failed (error: -5) ("FLEXnet ERROR(-5, 0, 0): No such feature exists.")
2025-11-19 23:36:48.463171 (13451) lic_core INFO    (2) checking out 'jasper_fao' ...
2025-11-19 23:36:48.472048 (13451) lic_core INFO    ... (2) checkout succeeded
2025-11-19 23:36:48.494220 (13451) session_ INFO    Starting analysis session with session id 'session_0' (launcher: <local>) ...
2025-11-19 23:36:48.494887 (13451) session_ INFO    Analysis session with session id 'session_0' started (pid: 13470)
2025-11-19 23:36:49.010132 (13451) session_ INFO    Analysis session 'session_0' connected to the console (host: 127.0.0.1:47744)
2025-11-19 23:36:49.364661 (13451) lic__man INFO    Unclaim everything for 'session_0'.
2025-11-19 23:36:49.406944 (13451) lic__man INFO    Claim 'fpv' for 'session_0'.
2025-11-19 23:36:49.406957 (13451) lic__man INFO    Claim 'fpv' for 'session_0/prove-0'.
2025-11-19 23:36:49.521326 (13451) lic__man INFO    Unclaim everything for 'session_0/prove-0'.
2025-11-19 23:36:49.522933 (13451) main____ INFO    About to exit: request to exit with status 0 received from analysis session 'session_0'
2025-11-19 23:36:49.585597 (13451) session_ INFO    Analysis session 'session_0' disconnected.
2025-11-19 23:36:49.585659 (13451) lic__man INFO    Unclaim everything for 'session_0'.
2025-11-19 23:36:49.585740 (13451) session_ INFO    Process for analysis session 'session_0' has exited with exit status '0'.
2025-11-19 23:36:51.424420 (13451) lic_core INFO    (2) checkin jasper_fao
2025-11-19 23:36:51.426003 (13451) main____ INFO    Exiting with status 0.
