2025-11-18 10:35:33.386361 (215788) main____ INFO    ----------------------------------------
2025-11-18 10:35:33.386459 (215788) main____ INFO    Jasper version info
2025-11-18 10:35:33.386469 (215788) main____ INFO      tool      : Jasper 2024.06
2025-11-18 10:35:33.386478 (215788) main____ INFO      version   : 2024.06p002 64 bits
2025-11-18 10:35:33.386485 (215788) main____ INFO      build date: 2024.09.02 16:28:38 UTC
2025-11-18 10:35:33.386489 (215788) main____ INFO    ----------------------------------------
2025-11-18 10:35:33.386493 (215788) main____ INFO    Runtime info:
2025-11-18 10:35:33.386499 (215788) main____ INFO      platform  : Linux 3.10.0-1062.el7.x86_64 x86_64
2025-11-18 10:35:33.386512 (215788) main____ INFO      hostname  : vlsi-moon
2025-11-18 10:35:33.386519 (215788) main____ INFO      pid       : 215788
2025-11-18 10:35:33.386525 (215788) main____ INFO      arguments : '-style' 'windows' '-proj' '../jgprojects/vga_3' '-batch' 'vga_3.tcl'
2025-11-18 10:35:33.386530 (215788) main____ INFO      locale    : ANSI_X3.4-1968
2025-11-18 10:35:33.386535 (215788) main____ INFO    ----------------------------------------
2025-11-18 10:35:33.386539 (215788) main____ INFO    System resource limits info:
2025-11-18 10:35:33.386545 (215788) main____ INFO      virtual memory: unlimited
2025-11-18 10:35:33.386553 (215788) main____ INFO      cpu time      : unlimited
2025-11-18 10:35:33.386564 (215788) main____ INFO      processes     : 4096
2025-11-18 10:35:33.386576 (215788) main____ INFO      stack size    : 8388608 B
2025-11-18 10:35:33.386584 (215788) main____ INFO      core file size: 1024 B
2025-11-18 10:35:33.386590 (215788) main____ INFO      open files    : 4096
2025-11-18 10:35:33.386596 (215788) main____ INFO      file size     : unlimited
2025-11-18 10:35:33.386600 (215788) main____ INFO    ----------------------------------------
2025-11-18 10:35:33.386604 (215788) main____ INFO    Memory statistics:
2025-11-18 10:35:33.386611 (215788) main____ INFO      total physical memory  : 527831204 kB
2025-11-18 10:35:33.386616 (215788) main____ INFO      free physical memory   : 519198312 kB
2025-11-18 10:35:33.386621 (215788) main____ INFO      committed address space: 8727648 kB
2025-11-18 10:35:33.386626 (215788) main____ INFO    ----------------------------------------
2025-11-18 10:35:33.387716 (215788) main____ INFO    Important environment variables:
2025-11-18 10:35:33.387743 (215788) main____ INFO      CDS_ASSURA         : '/eda/cadence/2023-24/RHELx86/ASSURA_04.16.115_231'
2025-11-18 10:35:33.387752 (215788) main____ INFO      CDS_AUTO_64BIT     : 'ALL'
2025-11-18 10:35:33.387759 (215788) main____ INFO      CDS_CONFRML        : '/eda/cadence/2023-24/RHELx86/CONFRML_23.10.300'
2025-11-18 10:35:33.387766 (215788) main____ INFO      CDS_DDIEXPORT      : '/eda/cadence/2023-24/RHELx86/DDIEXPORT_22.33.000'
2025-11-18 10:35:33.387773 (215788) main____ INFO      CDS_EMX            : '/eda/cadence/2023-24/RHELx86/EMX_23.10.000'
2025-11-18 10:35:33.387781 (215788) main____ INFO      CDS_GENUS          : '/eda/cadence/2023-24/RHELx86/DDIEXPORT_22.33.000/GENUS221'
2025-11-18 10:35:33.387788 (215788) main____ INFO      CDS_IC             : '/eda/cadence/2023-24/RHELx86/IC_23.10.020'
2025-11-18 10:35:33.387795 (215788) main____ INFO      CDS_INNOVUS        : '/eda/cadence/2023-24/RHELx86/DDIEXPORT_22.33.000/INNOVUS221'
2025-11-18 10:35:33.387802 (215788) main____ INFO      CDS_JLS            : '/eda/cadence/2023-24/RHELx86/DDIEXPORT_22.33.000/JLS221'
2025-11-18 10:35:33.387813 (215788) main____ INFO      CDS_LIC_FILE       : '/etc/local/cadence/license_8x.3868dd0560aa:5280@132.68.59.69:/etc/local/cadence/license_8x.1831bfb82c67:5280@132.68.59.64:/etc/local/cadence/license_8x.0894ef683fc3:5280@132.68.59.79:/etc/local/cadence/license_8x.1831bfb82c67:5280@132.68.59.61'
2025-11-18 10:35:33.387828 (215788) main____ INFO      CDS_LITMUS         : '/eda/cadence/2023-24/RHELx86/LITMUS_23.10.300'
2025-11-18 10:35:33.387835 (215788) main____ INFO      CDS_MODUS          : '/eda/cadence/2023-24/RHELx86/MODUS_22.12.000'
2025-11-18 10:35:33.387842 (215788) main____ INFO      CDS_MVS            : '/eda/cadence/2023-24/RHELx86/MVS_21.12.000'
2025-11-18 10:35:33.387852 (215788) main____ INFO      CDS_Netlisting_Mode: 'Analog'
2025-11-18 10:35:33.387859 (215788) main____ INFO      CDS_PEGASUS        : '/eda/cadence/2023-24/RHELx86/PEGASUS_23.11.000'
2025-11-18 10:35:33.387866 (215788) main____ INFO      CDS_PEGASUSDFM     : '/eda/cadence/2023-24/RHELx86/PEGASUSDFM_23.11.000'
2025-11-18 10:35:33.387873 (215788) main____ INFO      CDS_PVS            : '/eda/cadence/2023-24/RHELx86/PVS_22.22.000'
2025-11-18 10:35:33.387880 (215788) main____ INFO      CDS_QUANTUS        : '/eda/cadence/2023-24/RHELx86/QUANTUS_23.10.000'
2025-11-18 10:35:33.387886 (215788) main____ INFO      CDS_SPECTRE        : '/eda/cadence/2023-24/RHELx86/SPECTRE_23.10.242'
2025-11-18 10:35:33.387893 (215788) main____ INFO      CDS_SSV            : '/eda/cadence/2023-24/RHELx86/SSV_22.13.000'
2025-11-18 10:35:33.387898 (215788) main____ INFO      CDS_USE_PALETTE    : ''
2025-11-18 10:35:33.387905 (215788) main____ INFO      CDS_VERISIUMDEBUG  : '/eda/cadence/2023-24/RHELx86/VERISIUMDEBUG_23.03.001'
2025-11-18 10:35:33.387912 (215788) main____ INFO      CDS_VIPCAT         : '/eda/cadence/2023-24/RHELx86/VIPCAT_11.30.093'
2025-11-18 10:35:33.387920 (215788) main____ INFO      CDS_VMANAGER       : '/eda/cadence/2023-24/RHELx86/VMANAGER_23.03.004'
2025-11-18 10:35:33.387927 (215788) main____ INFO      CDS_XCELIUM        : '/eda/cadence/2023-24/RHELx86/XCELIUM_23.03.007'
2025-11-18 10:35:33.387933 (215788) main____ INFO      DISPLAY            : 'localhost:10.0'
2025-11-18 10:35:33.387939 (215788) main____ INFO      JASPER_CPU_CHECK   : '1'
2025-11-18 10:35:33.387946 (215788) main____ INFO      JASPER_INSTALL_DIR : '/tools/cadence2425/JASPER/jasper_2024.06p002'
2025-11-18 10:35:33.387952 (215788) main____ INFO      JASPER_KERNEL_CHECK: '1'
2025-11-18 10:35:33.387958 (215788) main____ INFO      JASPER_OS_CHECK    : '1'
2025-11-18 10:35:33.387964 (215788) main____ INFO      LANG               : 'C'
2025-11-18 10:35:33.387970 (215788) main____ INFO      TMPDIR             : '/tmp'
2025-11-18 10:35:33.387974 (215788) main____ INFO    ----------------------------------------
2025-11-18 10:35:33.388756 (215788) lic_core INFO    Initializing license system ...
2025-11-18 10:35:33.395958 (215788) lic_core INFO    ... license system initialized.
2025-11-18 10:35:33.410240 (215788) lic__man INFO    Claim 'fpv' for <ui>.
2025-11-18 10:35:33.410371 (215788) lic_core INFO    (1) checking out 'jasper_fpv' ...
2025-11-18 10:35:33.429629 (215788) lic_core INFO    ... (1) checkout failed (error: -5) ("FLEXnet ERROR(-5, 0, 0): No such feature exists.")
2025-11-18 10:35:33.429672 (215788) lic_core INFO    (2) checking out 'jasper_fao' ...
2025-11-18 10:35:33.448981 (215788) lic_core INFO    ... (2) checkout succeeded
2025-11-18 10:35:33.473973 (215788) session_ INFO    Starting analysis session with session id 'session_0' (launcher: <local>) ...
2025-11-18 10:35:33.476598 (215788) session_ INFO    Analysis session with session id 'session_0' started (pid: 215806)
2025-11-18 10:35:34.405457 (215788) session_ INFO    Analysis session 'session_0' connected to the console (host: 127.0.0.1:38896)
2025-11-18 10:35:35.032771 (215788) lic__man INFO    Unclaim everything for 'session_0'.
2025-11-18 10:35:35.079471 (215788) lic__man INFO    Claim 'fpv' for 'session_0'.
2025-11-18 10:35:35.079526 (215788) lic__man INFO    Claim 'fpv' for 'session_0/prove-0'.
2025-11-18 10:38:43.950584 (215788) lic__man INFO    Unclaim everything for 'session_0/prove-0'.
2025-11-18 10:38:43.958382 (215788) main____ INFO    About to exit: request to exit with status 0 received from analysis session 'session_0'
2025-11-18 10:38:44.105880 (215788) session_ INFO    Analysis session 'session_0' disconnected.
2025-11-18 10:38:44.106291 (215788) lic__man INFO    Unclaim everything for 'session_0'.
2025-11-18 10:38:44.106778 (215788) session_ INFO    Process for analysis session 'session_0' has exited with exit status '0'.
2025-11-18 10:38:46.072556 (215788) lic_core INFO    (2) checkin jasper_fao
2025-11-18 10:38:46.075270 (215788) main____ INFO    Exiting with status 0.
