2025-11-18 09:08:21.464864 (164186) main____ INFO    ----------------------------------------
2025-11-18 09:08:21.464962 (164186) main____ INFO    Jasper version info
2025-11-18 09:08:21.464974 (164186) main____ INFO      tool      : Jasper 2024.06
2025-11-18 09:08:21.464984 (164186) main____ INFO      version   : 2024.06p002 64 bits
2025-11-18 09:08:21.464992 (164186) main____ INFO      build date: 2024.09.02 16:28:38 UTC
2025-11-18 09:08:21.464997 (164186) main____ INFO    ----------------------------------------
2025-11-18 09:08:21.465001 (164186) main____ INFO    Runtime info:
2025-11-18 09:08:21.465008 (164186) main____ INFO      platform  : Linux 3.10.0-1062.el7.x86_64 x86_64
2025-11-18 09:08:21.465021 (164186) main____ INFO      hostname  : vlsi-moon
2025-11-18 09:08:21.465029 (164186) main____ INFO      pid       : 164186
2025-11-18 09:08:21.465036 (164186) main____ INFO      arguments : '-style' 'windows' '-proj' '../jgprojects/seven_seg_15' '-batch' 'seven_seg_15.tcl'
2025-11-18 09:08:21.465042 (164186) main____ INFO      locale    : ANSI_X3.4-1968
2025-11-18 09:08:21.465047 (164186) main____ INFO    ----------------------------------------
2025-11-18 09:08:21.465051 (164186) main____ INFO    System resource limits info:
2025-11-18 09:08:21.465058 (164186) main____ INFO      virtual memory: unlimited
2025-11-18 09:08:21.465068 (164186) main____ INFO      cpu time      : unlimited
2025-11-18 09:08:21.465080 (164186) main____ INFO      processes     : 4096
2025-11-18 09:08:21.465094 (164186) main____ INFO      stack size    : 8388608 B
2025-11-18 09:08:21.465103 (164186) main____ INFO      core file size: 1024 B
2025-11-18 09:08:21.465110 (164186) main____ INFO      open files    : 4096
2025-11-18 09:08:21.465116 (164186) main____ INFO      file size     : unlimited
2025-11-18 09:08:21.465121 (164186) main____ INFO    ----------------------------------------
2025-11-18 09:08:21.465126 (164186) main____ INFO    Memory statistics:
2025-11-18 09:08:21.465133 (164186) main____ INFO      total physical memory  : 527831204 kB
2025-11-18 09:08:21.465139 (164186) main____ INFO      free physical memory   : 519231564 kB
2025-11-18 09:08:21.465144 (164186) main____ INFO      committed address space: 8727304 kB
2025-11-18 09:08:21.465149 (164186) main____ INFO    ----------------------------------------
2025-11-18 09:08:21.466353 (164186) main____ INFO    Important environment variables:
2025-11-18 09:08:21.466378 (164186) main____ INFO      CDS_ASSURA         : '/eda/cadence/2023-24/RHELx86/ASSURA_04.16.115_231'
2025-11-18 09:08:21.466386 (164186) main____ INFO      CDS_AUTO_64BIT     : 'ALL'
2025-11-18 09:08:21.466394 (164186) main____ INFO      CDS_CONFRML        : '/eda/cadence/2023-24/RHELx86/CONFRML_23.10.300'
2025-11-18 09:08:21.466403 (164186) main____ INFO      CDS_DDIEXPORT      : '/eda/cadence/2023-24/RHELx86/DDIEXPORT_22.33.000'
2025-11-18 09:08:21.466411 (164186) main____ INFO      CDS_EMX            : '/eda/cadence/2023-24/RHELx86/EMX_23.10.000'
2025-11-18 09:08:21.466419 (164186) main____ INFO      CDS_GENUS          : '/eda/cadence/2023-24/RHELx86/DDIEXPORT_22.33.000/GENUS221'
2025-11-18 09:08:21.466427 (164186) main____ INFO      CDS_IC             : '/eda/cadence/2023-24/RHELx86/IC_23.10.020'
2025-11-18 09:08:21.466435 (164186) main____ INFO      CDS_INNOVUS        : '/eda/cadence/2023-24/RHELx86/DDIEXPORT_22.33.000/INNOVUS221'
2025-11-18 09:08:21.466443 (164186) main____ INFO      CDS_JLS            : '/eda/cadence/2023-24/RHELx86/DDIEXPORT_22.33.000/JLS221'
2025-11-18 09:08:21.466456 (164186) main____ INFO      CDS_LIC_FILE       : '/etc/local/cadence/license_8x.3868dd0560aa:5280@132.68.59.69:/etc/local/cadence/license_8x.1831bfb82c67:5280@132.68.59.64:/etc/local/cadence/license_8x.0894ef683fc3:5280@132.68.59.79:/etc/local/cadence/license_8x.1831bfb82c67:5280@132.68.59.61'
2025-11-18 09:08:21.466478 (164186) main____ INFO      CDS_LITMUS         : '/eda/cadence/2023-24/RHELx86/LITMUS_23.10.300'
2025-11-18 09:08:21.466486 (164186) main____ INFO      CDS_MODUS          : '/eda/cadence/2023-24/RHELx86/MODUS_22.12.000'
2025-11-18 09:08:21.466498 (164186) main____ INFO      CDS_MVS            : '/eda/cadence/2023-24/RHELx86/MVS_21.12.000'
2025-11-18 09:08:21.466505 (164186) main____ INFO      CDS_Netlisting_Mode: 'Analog'
2025-11-18 09:08:21.466513 (164186) main____ INFO      CDS_PEGASUS        : '/eda/cadence/2023-24/RHELx86/PEGASUS_23.11.000'
2025-11-18 09:08:21.466521 (164186) main____ INFO      CDS_PEGASUSDFM     : '/eda/cadence/2023-24/RHELx86/PEGASUSDFM_23.11.000'
2025-11-18 09:08:21.466529 (164186) main____ INFO      CDS_PVS            : '/eda/cadence/2023-24/RHELx86/PVS_22.22.000'
2025-11-18 09:08:21.466536 (164186) main____ INFO      CDS_QUANTUS        : '/eda/cadence/2023-24/RHELx86/QUANTUS_23.10.000'
2025-11-18 09:08:21.466544 (164186) main____ INFO      CDS_SPECTRE        : '/eda/cadence/2023-24/RHELx86/SPECTRE_23.10.242'
2025-11-18 09:08:21.466551 (164186) main____ INFO      CDS_SSV            : '/eda/cadence/2023-24/RHELx86/SSV_22.13.000'
2025-11-18 09:08:21.466558 (164186) main____ INFO      CDS_USE_PALETTE    : ''
2025-11-18 09:08:21.466566 (164186) main____ INFO      CDS_VERISIUMDEBUG  : '/eda/cadence/2023-24/RHELx86/VERISIUMDEBUG_23.03.001'
2025-11-18 09:08:21.466573 (164186) main____ INFO      CDS_VIPCAT         : '/eda/cadence/2023-24/RHELx86/VIPCAT_11.30.093'
2025-11-18 09:08:21.466582 (164186) main____ INFO      CDS_VMANAGER       : '/eda/cadence/2023-24/RHELx86/VMANAGER_23.03.004'
2025-11-18 09:08:21.466590 (164186) main____ INFO      CDS_XCELIUM        : '/eda/cadence/2023-24/RHELx86/XCELIUM_23.03.007'
2025-11-18 09:08:21.466597 (164186) main____ INFO      DISPLAY            : 'localhost:10.0'
2025-11-18 09:08:21.466604 (164186) main____ INFO      JASPER_CPU_CHECK   : '1'
2025-11-18 09:08:21.466611 (164186) main____ INFO      JASPER_INSTALL_DIR : '/tools/cadence2425/JASPER/jasper_2024.06p002'
2025-11-18 09:08:21.466618 (164186) main____ INFO      JASPER_KERNEL_CHECK: '1'
2025-11-18 09:08:21.466625 (164186) main____ INFO      JASPER_OS_CHECK    : '1'
2025-11-18 09:08:21.466632 (164186) main____ INFO      LANG               : 'C'
2025-11-18 09:08:21.466639 (164186) main____ INFO      TMPDIR             : '/tmp'
2025-11-18 09:08:21.466644 (164186) main____ INFO    ----------------------------------------
2025-11-18 09:08:21.467523 (164186) lic_core INFO    Initializing license system ...
2025-11-18 09:08:21.476076 (164186) lic_core INFO    ... license system initialized.
2025-11-18 09:08:21.491208 (164186) lic__man INFO    Claim 'fpv' for <ui>.
2025-11-18 09:08:21.491341 (164186) lic_core INFO    (1) checking out 'jasper_fpv' ...
2025-11-18 09:08:21.512639 (164186) lic_core INFO    ... (1) checkout failed (error: -5) ("FLEXnet ERROR(-5, 0, 0): No such feature exists.")
2025-11-18 09:08:21.512709 (164186) lic_core INFO    (2) checking out 'jasper_fao' ...
2025-11-18 09:08:21.533190 (164186) lic_core INFO    ... (2) checkout succeeded
2025-11-18 09:08:21.576184 (164186) session_ INFO    Starting analysis session with session id 'session_0' (launcher: <local>) ...
2025-11-18 09:08:21.578303 (164186) session_ INFO    Analysis session with session id 'session_0' started (pid: 164204)
2025-11-18 09:08:22.495517 (164186) session_ INFO    Analysis session 'session_0' connected to the console (host: 127.0.0.1:35848)
2025-11-18 09:08:23.159536 (164186) lic__man INFO    Unclaim everything for 'session_0'.
2025-11-18 09:08:23.206324 (164186) lic__man INFO    Claim 'fpv' for 'session_0'.
2025-11-18 09:08:23.206381 (164186) lic__man INFO    Claim 'fpv' for 'session_0/prove-0'.
2025-11-18 09:11:26.114958 (164186) lic__man INFO    Unclaim everything for 'session_0/prove-0'.
2025-11-18 09:11:26.121708 (164186) main____ INFO    About to exit: request to exit with status 0 received from analysis session 'session_0'
2025-11-18 09:11:26.291774 (164186) session_ INFO    Analysis session 'session_0' disconnected.
2025-11-18 09:11:26.292220 (164186) lic__man INFO    Unclaim everything for 'session_0'.
2025-11-18 09:11:26.292860 (164186) session_ INFO    Process for analysis session 'session_0' has exited with exit status '0'.
2025-11-18 09:11:28.183216 (164186) lic_core INFO    (2) checkin jasper_fao
2025-11-18 09:11:28.186080 (164186) main____ INFO    Exiting with status 0.
