2025-11-17 21:32:35.734858 (88591) main____ INFO    ----------------------------------------
2025-11-17 21:32:35.735052 (88591) main____ INFO    Jasper version info
2025-11-17 21:32:35.735075 (88591) main____ INFO      tool      : Jasper 2024.06
2025-11-17 21:32:35.735096 (88591) main____ INFO      version   : 2024.06p002 64 bits
2025-11-17 21:32:35.735113 (88591) main____ INFO      build date: 2024.09.02 16:28:38 UTC
2025-11-17 21:32:35.735124 (88591) main____ INFO    ----------------------------------------
2025-11-17 21:32:35.735134 (88591) main____ INFO    Runtime info:
2025-11-17 21:32:35.735149 (88591) main____ INFO      platform  : Linux 3.10.0-1062.el7.x86_64 x86_64
2025-11-17 21:32:35.735179 (88591) main____ INFO      hostname  : vlsi-moon
2025-11-17 21:32:35.735196 (88591) main____ INFO      pid       : 88591
2025-11-17 21:32:35.735210 (88591) main____ INFO      arguments : '-style' 'windows' '-proj' '../jgprojects/lcd_13' '-batch' 'lcd_13.tcl'
2025-11-17 21:32:35.735224 (88591) main____ INFO      locale    : ANSI_X3.4-1968
2025-11-17 21:32:35.735235 (88591) main____ INFO    ----------------------------------------
2025-11-17 21:32:35.735245 (88591) main____ INFO    System resource limits info:
2025-11-17 21:32:35.735260 (88591) main____ INFO      virtual memory: unlimited
2025-11-17 21:32:35.735281 (88591) main____ INFO      cpu time      : unlimited
2025-11-17 21:32:35.735303 (88591) main____ INFO      processes     : 4096
2025-11-17 21:32:35.735329 (88591) main____ INFO      stack size    : 8388608 B
2025-11-17 21:32:35.735346 (88591) main____ INFO      core file size: 1024 B
2025-11-17 21:32:35.735361 (88591) main____ INFO      open files    : 4096
2025-11-17 21:32:35.735375 (88591) main____ INFO      file size     : unlimited
2025-11-17 21:32:35.735386 (88591) main____ INFO    ----------------------------------------
2025-11-17 21:32:35.735395 (88591) main____ INFO    Memory statistics:
2025-11-17 21:32:35.735409 (88591) main____ INFO      total physical memory  : 527831204 kB
2025-11-17 21:32:35.735422 (88591) main____ INFO      free physical memory   : 1324480 kB
2025-11-17 21:32:35.735435 (88591) main____ INFO      committed address space: 728077884 kB
2025-11-17 21:32:35.735445 (88591) main____ INFO    ----------------------------------------
2025-11-17 21:32:35.738141 (88591) main____ INFO    Important environment variables:
2025-11-17 21:32:35.738189 (88591) main____ INFO      CDS_ASSURA         : '/eda/cadence/2023-24/RHELx86/ASSURA_04.16.115_231'
2025-11-17 21:32:35.738209 (88591) main____ INFO      CDS_AUTO_64BIT     : 'ALL'
2025-11-17 21:32:35.738227 (88591) main____ INFO      CDS_CONFRML        : '/eda/cadence/2023-24/RHELx86/CONFRML_23.10.300'
2025-11-17 21:32:35.738245 (88591) main____ INFO      CDS_DDIEXPORT      : '/eda/cadence/2023-24/RHELx86/DDIEXPORT_22.33.000'
2025-11-17 21:32:35.738263 (88591) main____ INFO      CDS_EMX            : '/eda/cadence/2023-24/RHELx86/EMX_23.10.000'
2025-11-17 21:32:35.738281 (88591) main____ INFO      CDS_GENUS          : '/eda/cadence/2023-24/RHELx86/DDIEXPORT_22.33.000/GENUS221'
2025-11-17 21:32:35.738299 (88591) main____ INFO      CDS_IC             : '/eda/cadence/2023-24/RHELx86/IC_23.10.020'
2025-11-17 21:32:35.738317 (88591) main____ INFO      CDS_INNOVUS        : '/eda/cadence/2023-24/RHELx86/DDIEXPORT_22.33.000/INNOVUS221'
2025-11-17 21:32:35.738335 (88591) main____ INFO      CDS_JLS            : '/eda/cadence/2023-24/RHELx86/DDIEXPORT_22.33.000/JLS221'
2025-11-17 21:32:35.738363 (88591) main____ INFO      CDS_LIC_FILE       : '/etc/local/cadence/license_8x.3868dd0560aa:5280@132.68.59.69:/etc/local/cadence/license_8x.1831bfb82c67:5280@132.68.59.64:/etc/local/cadence/license_8x.0894ef683fc3:5280@132.68.59.79:/etc/local/cadence/license_8x.1831bfb82c67:5280@132.68.59.61'
2025-11-17 21:32:35.738397 (88591) main____ INFO      CDS_LITMUS         : '/eda/cadence/2023-24/RHELx86/LITMUS_23.10.300'
2025-11-17 21:32:35.738414 (88591) main____ INFO      CDS_MODUS          : '/eda/cadence/2023-24/RHELx86/MODUS_22.12.000'
2025-11-17 21:32:35.738432 (88591) main____ INFO      CDS_MVS            : '/eda/cadence/2023-24/RHELx86/MVS_21.12.000'
2025-11-17 21:32:35.738454 (88591) main____ INFO      CDS_Netlisting_Mode: 'Analog'
2025-11-17 21:32:35.738472 (88591) main____ INFO      CDS_PEGASUS        : '/eda/cadence/2023-24/RHELx86/PEGASUS_23.11.000'
2025-11-17 21:32:35.738489 (88591) main____ INFO      CDS_PEGASUSDFM     : '/eda/cadence/2023-24/RHELx86/PEGASUSDFM_23.11.000'
2025-11-17 21:32:35.738506 (88591) main____ INFO      CDS_PVS            : '/eda/cadence/2023-24/RHELx86/PVS_22.22.000'
2025-11-17 21:32:35.738523 (88591) main____ INFO      CDS_QUANTUS        : '/eda/cadence/2023-24/RHELx86/QUANTUS_23.10.000'
2025-11-17 21:32:35.738540 (88591) main____ INFO      CDS_SPECTRE        : '/eda/cadence/2023-24/RHELx86/SPECTRE_23.10.242'
2025-11-17 21:32:35.738557 (88591) main____ INFO      CDS_SSV            : '/eda/cadence/2023-24/RHELx86/SSV_22.13.000'
2025-11-17 21:32:35.738571 (88591) main____ INFO      CDS_USE_PALETTE    : ''
2025-11-17 21:32:35.738588 (88591) main____ INFO      CDS_VERISIUMDEBUG  : '/eda/cadence/2023-24/RHELx86/VERISIUMDEBUG_23.03.001'
2025-11-17 21:32:35.738606 (88591) main____ INFO      CDS_VIPCAT         : '/eda/cadence/2023-24/RHELx86/VIPCAT_11.30.093'
2025-11-17 21:32:35.738624 (88591) main____ INFO      CDS_VMANAGER       : '/eda/cadence/2023-24/RHELx86/VMANAGER_23.03.004'
2025-11-17 21:32:35.738642 (88591) main____ INFO      CDS_XCELIUM        : '/eda/cadence/2023-24/RHELx86/XCELIUM_23.03.007'
2025-11-17 21:32:35.738657 (88591) main____ INFO      DISPLAY            : 'localhost:10.0'
2025-11-17 21:32:35.738673 (88591) main____ INFO      JASPER_CPU_CHECK   : '1'
2025-11-17 21:32:35.738689 (88591) main____ INFO      JASPER_INSTALL_DIR : '/tools/cadence2425/JASPER/jasper_2024.06p002'
2025-11-17 21:32:35.738704 (88591) main____ INFO      JASPER_KERNEL_CHECK: '1'
2025-11-17 21:32:35.738719 (88591) main____ INFO      JASPER_OS_CHECK    : '1'
2025-11-17 21:32:35.738733 (88591) main____ INFO      LANG               : 'C'
2025-11-17 21:32:35.738765 (88591) main____ INFO      TMPDIR             : '/tmp'
2025-11-17 21:32:35.738776 (88591) main____ INFO    ----------------------------------------
2025-11-17 21:32:35.740696 (88591) lic_core INFO    Initializing license system ...
2025-11-17 21:32:35.755753 (88591) lic_core INFO    ... license system initialized.
2025-11-17 21:32:35.775506 (88591) lic__man INFO    Claim 'fpv' for <ui>.
2025-11-17 21:32:35.775660 (88591) lic_core INFO    (1) checking out 'jasper_fpv' ...
2025-11-17 21:32:35.808042 (88591) lic_core INFO    ... (1) checkout failed (error: -5) ("FLEXnet ERROR(-5, 0, 0): No such feature exists.")
2025-11-17 21:32:35.808128 (88591) lic_core INFO    (2) checking out 'jasper_fao' ...
2025-11-17 21:32:35.828540 (88591) lic_core INFO    ... (2) checkout succeeded
2025-11-17 21:32:35.864640 (88591) session_ INFO    Starting analysis session with session id 'session_0' (launcher: <local>) ...
2025-11-17 21:32:35.866230 (88591) session_ INFO    Analysis session with session id 'session_0' started (pid: 88609)
2025-11-17 21:32:39.751584 (88591) session_ INFO    Analysis session 'session_0' connected to the console (host: 127.0.0.1:39986)
2025-11-17 21:32:41.458627 (88591) lic__man INFO    Unclaim everything for 'session_0'.
2025-11-17 21:32:42.155198 (88591) lic__man INFO    Claim 'fpv' for 'session_0'.
2025-11-17 21:32:42.155275 (88591) lic__man INFO    Claim 'fpv' for 'session_0/prove-0'.
2025-11-17 21:36:10.910117 (88591) lic__man INFO    Unclaim everything for 'session_0/prove-0'.
2025-11-17 21:36:11.095991 (88591) main____ INFO    About to exit: request to exit with status 0 received from analysis session 'session_0'
2025-11-17 21:36:12.900047 (88591) session_ INFO    Analysis session 'session_0' disconnected.
2025-11-17 21:36:12.943670 (88591) lic__man INFO    Unclaim everything for 'session_0'.
2025-11-17 21:36:12.944452 (88591) session_ INFO    Process for analysis session 'session_0' has exited with exit status '0'.
2025-11-17 21:36:13.411210 (88591) lic_core INFO    (2) checkin jasper_fao
2025-11-17 21:36:13.439595 (88591) main____ INFO    Exiting with status 0.
