# ----------------------------------------
# Jasper Version Info
# tool      : Jasper 2024.06
# platform  : Linux 3.10.0-1160.62.1.el7.x86_64
# version   : 2024.06p002 64 bits
# build date: 2024.09.02 16:28:38 UTC
# ----------------------------------------
# started   : 2025-11-27 13:17:57 IST
# hostname  : vlsi-ria85.vlsidomain
# pid       : 24217
# arguments : '-label' 'session_0' '-console' '//127.0.0.1:34077' '-nowindow' '-style' 'windows' '-exitonerror' '-data' 'AAAAynicY2RgYLCp////PwMYMD6A0Aw2jAyoAMRnQhUJbEChGRhYYZphSliAmItBl6GAoYghnyELyNNi0ANCfSA7HS6aypDMUMJQDBQ1ZIhnyGQwAvLjGUyBqnmAepMYEoGyyQwZQL4Ymgo9sEwO2C4A4vcV2w==' '-proj' '/users/rompel/jasper_executions/liveness/jgprojects/1_i2c_5/sessionLogs/session_0' '-init' '-hidden' '/users/rompel/jasper_executions/liveness/jgprojects/1_i2c_5/.tmp/.initCmds.tcl' '1_i2c_5.tcl' '-hidden' '/users/rompel/jasper_executions/liveness/jgprojects/1_i2c_5/.tmp/.postCmds.tcl'

Any disclosure about the Cadence Design Systems software or its use
model to any third party violates the written Non-Disclosure Agreement
between Cadence Design Systems, Inc. and the customer.

THIS SOFTWARE CONTAINS CONFIDENTIAL INFORMATION AND TRADE SECRETS OF
CADENCE DESIGN SYSTEMS, INC. USE, DISCLOSURE, OR REPRODUCTION IS
PROHIBITED WITHOUT THE PRIOR EXPRESS WRITTEN PERMISSION OF CADENCE
DESIGN SYSTEMS, INC.

Copyright (C) 2000-2024 Cadence Design Systems, Inc. All Rights
Reserved.  Unpublished -- rights reserved under the copyright laws of
the United States.

This product includes software developed by others and redistributed
according to license agreement. See doc/third_party_readme.txt for
further details.

RESTRICTED RIGHTS LEGEND

Use, duplication, or disclosure by the Government is subject to
restrictions as set forth in subparagraph (c) (1) (ii) of the Rights in
Technical Data and Computer Software clause at DFARS 252.227-7013 or
subparagraphs (c) (1) and (2) of Commercial Computer Software -- Restricted
Rights at 48 CFR 52.227-19, as applicable.


                          Cadence Design Systems, Inc.
                          2655 Seely Avenue
                          San Jose, CA 95134
                          Phone: 408.943.1234

For technical assistance visit http://support.cadence.com.

Jasper Apps Analysis Session - /users/rompel/jasper_executions/liveness/jgprojects/1_i2c_5/sessionLogs/session_0

WARNING (WG017): [session]: The system's locale is "ANSI_X3.4-1968", which is not UTF-8. Non-ASCII characters might not be handled correctly.
WARNING (WG017): [jg_console]: The system's locale is "ANSI_X3.4-1968", which is not UTF-8. Non-ASCII characters might not be handled correctly.
INFO: successfully checked out license "jasper_fao".
INFO: reading configuration file "/users/rompel/.config/cadence/jasper.conf".
% analyze -sv09 ../1_i2c_5.sv
[-- (VERI-1482)] Analyzing Verilog file '/tools/cadence2425/JASPER/jasper_2024.06p002/lib/verilog/packages/std/std.sv' into library 'std'
[-- (VERI-1482)] Analyzing Verilog file '../1_i2c_5.sv'
% elaborate -bbox_mul 1000000 -bbox_div 1000000 -bbox_mod 1000000 -bbox_a 1000000
[INFO (HIER-8002)] ../1_i2c_5.sv(43): Disabling old hierarchical reference handler
[INFO (VERI-1018)] ../1_i2c_5.sv(1): compiling module 'i2cStrech'
[WARN (VERI-1209)] ../1_i2c_5.sv(15): expression size 32 truncated to fit in target size 13
[INFO (VERI-8005)] ../1_i2c_5.sv(6): Unintentional sequential element inferred for stretch read before write using blocking assignment
[INFO (VERI-8005)] ../1_i2c_5.sv(4): Unintentional sequential element inferred for cnt read before write using blocking assignment
[INFO (VERI-8005)] ../1_i2c_5.sv(5): Unintentional sequential element inferred for scl_clk read before write using blocking assignment
[INFO (VERI-8005)] ../1_i2c_5.sv(1): Unintentional sequential element inferred for data_clk read before write using blocking assignment
[INFO (VERI-8005)] ../1_i2c_5.sv(1): Unintentional sequential element inferred for switch_range read before write using blocking assignment
INFO (ISW003): Top module name is "i2cStrech".
INFO (INL208): Elaboration synthesis summary:
  Number of synthesized netlists          1 (0 packages)
  Single run mode                         On
  Pipeline                                On (1 pipelined netlists)
  Late hierarchical reference connection  On
  Number of analyzed Verilog modules      1 (1 synthesized)
  Number of analyzed VHDL entities        0 (0 synthesized)
INFO (INL003): Clearing all state information (assumes, stopats, and so forth).
i2cStrech
[<embedded>] % reset rst
INFO (IPM031): Clearing proof results of all properties.
INFO (IRS006): Current reset condition is "rst".
[<embedded>] % clock clk
[<embedded>] % prove -all
Ncustom1: Custom engine code is hT3Ng7hPPfiYQOTDZ3qhYOwGAM51eA+J/FjkM5shLioAsqhgLR4Ft+O1BuKG6ilQ83B9tLXSl+CwjiTMAQA
Bcustom2: Custom engine code is hT3Nm7hPr1Vp3Di1Ra2USNIGL4JypRnLKLAdF6JAyuavO2JfGCiY9OZJhcAcOUnLx5xwNdhILGrAWX9s+z2WDkKwNR7tAfClBEjRFVQeq6DU54boFgEA
AMcustom3: Custom engine code is hT3Ng7hP/feYQOTDZ3qhYOwGAM51eA+J/FjkM5shLioAsqhgLR4Ft+O1BuKG6ilQ83B9tLXSmmqwm7g9AQA
Mpcustom4: Custom engine code is hT3NZbhP9fmY2AbBQnsjfOxn6c+6e6yL+/e8fZFmaQrnlgEA
INFO (IPF036): Starting proof on task: "<embedded>", 2 properties to prove with 0 already proven/unreachable
INFO (IRS029): Starting reset analysis: phase 1 of 4.
INFO (IRS030): Running reset analysis: phase 2 of 4.
INFO (IRS031): Running reset analysis: phase 3 of 4.
INFO (IRS020): Starting the reset analysis simulation with a limit of 100 iterations (phase 4 of 4).
INFO (IRS024): Reset iterations 0 to 4 analyzed.
INFO (IRS018): Reset analysis simulation executed for 3 iterations. Assigned values for 17 of 17 design flops, 0 of 0 design latches, 4 of 4 internal elements.
INFO (IRS039): Reset analysis complete.
INFO (IPF031): Settings used for proof thread 0:
    orchestration                 = on
    time_limit                    = 86400s
    per_property_time_limit       = 1s * 10 ^ scan
    engine_mode                   = auto
    proofgrid_per_engine_max_jobs = 1
    max engine jobs               = auto
    proofgrid_mode                = local
    proofgrid_restarts            = 10
0: Using multistage preprocessing
AMcustom5: Custom engine code is hT3N1rhP11/52HrFRS21ROp2LOjVTgPvT8L8BGXHgLhaIuqtT4nARFjUqrBL+7pLmaTOzBepZW/Jm8SSrHDybSQtoNiO3y43wk+dEoWlsZizu97Fih6O6lPVG/LpWP5SsUPwlGagLNa1FKEFvwVXyX7//8prySbvSxIHXr5er+z4RAEA
0: Starting reduce
Ncustom6: Custom engine code is hT3OXrhPByJp3TrFSTLhUmMH4KVtJgmTCnNDF46yMXOKY48m4LS5nE7yBzFjA7kDuwO/GhGUpEPiky3p3wmPn3dJZHxFMsafSoObRzSC+tn7sEY0WbTdZ/FV4hL3MYH/b1CIUvXSWR4wqEoVLsmMOD4xIPT4lI1LO6ZCO7PnnWQuLwetnvKlrXx6wCW/A+x+enqslg1YPobi4wEF/EvbzOvcTYdJvl2s4H2yZg2b2ofAVN5WvhWk1HoBAA
ADcustom7: Custom engine code is hT3Nv7hPv1752HrFRa2kROx2f/ECJeZB2AZsLdlO8VwmIuqtT4nIDFXclhg+O+o+DMmQCekbheGk0kK28laA9gaOFDXsQp29J3X615HY1IPHJWd6FUFvCHjO+p1k652b5JJvZlShNpGlGSXAiQe/mEAj6tEBAA
Tricustom8: Custom engine code is hT3Nu7hPt1752DvFRa0kNDiyIV97VyejwM9C/jCLJjdPvusZONHY42VYUy0Q1ZotnhcVtNc56tJ5wbxv6V2+XpdsaSlHck5vfnbYjdwj1OECy9U+7oSQ0SZE3g5ayD+Phuh4odCJTjeKa2k4elM9ldQfkAEA
Gcustom9: Custom engine code is hT3NibhPDfeYQADBZnYcglOvK9Pfd7EOeniIqP8jNsyIqInncipMGcUXqAadachREE9F2PwhBUZUNw5kHnd4JdXkamORRgEA
C2custom10: Custom engine code is hT3NirhPjfWYQADBZnYcglOvK9Pfd7EOeniIqP8jNsyIqInncgkrYMMXCYbdK0dUjZIF9d4cJ0rHoBDjwVLBKuG86XYVV00BAA
AGcustom11: Custom engine code is hT3NirhP/fmYQADBZnYcglOvK9Pfd7EOeniIqP8jNsyIqInnckcwYMMXCYbdK0dUjZIF9d4cJ0rHoBDjwVLBKuHEZnZByh0BAA
Bcustom12: Custom engine code is hT3NjrhPDfiYQADBZnYcglOvK9PfWxFtenjIyBqfrgr7if/jL/yPOuK1BAflEcW0DxNH2eDIoezN2gxlQFg81RZtiWXh7aiTAidvAQA
Ncustom13: Custom engine code is hT3NR7hPByFp3TrFSTLhUmMH4KWtJglTyV/c51BHEeZWamnJv767nE6PCak26bd3gf3XGN3rIRheufhDieCJQVISo+gNYUKhiUedBKGtsP/a18svAnlMJZudHxDFwK5ufsyoxsIyiAeSY2oi3tEuoDHr5gw42DFKAG3PqO3CEsl8Azzdt3pl5nGA1Ifv2H02eYsFzWb/nfp8PMb3F0krE/EgBcm8TD9Div8BAA
0: Finished reduce in 0s
Tricustom14: Custom engine code is hT3Nu7hP3fiYQADBZnYcglNHp9bfd7EOeniIqP/ji8sGLQu8yhsFO+wxJ+O+R0bU8g/IewXFomyos+viQnWc2xYNYmMqpo3i40O7DaZR7qfp4YqNx26KRvQ/qx0BAA
0.0.PRE: Performing Proof Simplification...
0.0.N: clocks: 1, declared: 1, looping: 0, posedge: 1, negedge: 0, noedge: 0, bothedge: 0
0.0.N: Proof Simplification Iteration 1	[0.00 s]
0.0.PRE: A trace with 1 cycles was found. [0.00 s]
INFO (IPF047): 0.0.PRE: The cover property "i2cStrech.p1:precondition1" was covered in 1 cycles in 0.00 s.
0.0.N: Proof Simplification Iteration 2	[0.06 s]
0.0.N: Proof Simplification Iteration 3	[0.06 s]
0.0.PRE: A proof was found: No trace exists. [0.00 s]
INFO (IPF057): 0.0.PRE: The property ":noDeadEnd" was proven in 0.00 s.
    Use check_assumptions -show -dead_end to show this property in the property table.
0.0.PRE: A proof was found: No trace exists. [0.00 s]
INFO (IPF057): 0.0.PRE: The property ":noConflict" was proven in 0.00 s.
    Use check_assumptions -show to show this property in the property table.
INFO (IPF047): 0.0.PRE: The cover property ":live" was covered in 1 cycles in 0.00 s.
    Use check_assumptions -show -live to show this property in the property table.
0.0.PRE: Proof Simplification completed in 0.06 s
0: About to start ProofGrid in its own thread with a limit of 10000 pending notifications and a limit of 10 traces.
0: =============================== ProofGrid start ===============================
0: ProofGrid usable level: 1
0: Initial ProofGrid level: 1
0: ProofGrid is starting event handling
0.0.Hp: Proofgrid shell started at 24354@vlsi-ria85(local) jg_24217_vlsi-ria85_1
0.0.N: Proofgrid shell started at 24353@vlsi-ria85(local) jg_24217_vlsi-ria85_1
0.0.Hp: clocks: 1, declared: 1, looping: 0, posedge: 1, negedge: 0, noedge: 0, bothedge: 0
0.0.Hp: Last scan. Per property time limit: 0s
0.0.N: clocks: 1, declared: 1, looping: 0, posedge: 1, negedge: 0, noedge: 0, bothedge: 0
0.0.N: Last scan. Per property time limit: 0s
0.0.N: Starting proof for property "i2cStrech.p1"	[0.00 s].
0.0.N: Trace Attempt  1	[0.00 s]
0.0.N: Trace Attempt  2	[0.00 s]
0.0.N: Trace Attempt  2	[0.00 s]
0.0.N: Trace Attempt  3	[0.00 s]
0.0.N: Trace Attempt  3	[0.00 s]
0.0.N: Trace Attempt  4	[0.00 s]
0.0.N: Trace Attempt  5	[0.00 s]
0.0.N: Trace Attempt  1	[0.01 s]
0.0.N: Trace Attempt  2	[0.01 s]
0.0.N: Trace Attempt  3	[0.01 s]
0.0.N: Trace Attempt  4	[0.01 s]
0.0.N: Trace Attempt  5	[0.01 s]
0.0.Hp: Trace Attempt  1	[0.00 s]
0.0.Hp: Trace Attempt  2	[0.00 s]
0.0.Hp: Trace Attempt  3	[0.00 s]
0.0.Hp: Trace Attempt  4	[0.00 s]
0.0.Hp: Trace Attempt  5	[0.00 s]
0.0.Oh: Proofgrid shell started at 24450@vlsi-ria85(local) jg_24217_vlsi-ria85_1
0.0.Mpcustom4: Proofgrid shell started at 24449@vlsi-ria85(local) jg_24217_vlsi-ria85_1
0.0.Mpcustom4: clocks: 1, declared: 1, looping: 0, posedge: 1, negedge: 0, noedge: 0, bothedge: 0
0.0.Mpcustom4: Ignoring liveness properties
0.0.Mpcustom4: All properties either determined or skipped. [0.00 s]
0.0.Mpcustom4: Exited with Success (@ 0.04 s)
0.0.Mpcustom4: Completed, Restart ignored.
0.0.Bm: Proofgrid shell started at 24447@vlsi-ria85(local) jg_24217_vlsi-ria85_1
0.0.Bm: clocks: 1, declared: 1, looping: 0, posedge: 1, negedge: 0, noedge: 0, bothedge: 0
0.0.Bm: Ignoring liveness properties
0.0.Bm: Last scan. Per property time limit: 0s
0.0.Bm: Trace Attempt  1	[0.00 s]
0.0.Bm: Trace Attempt  2	[0.00 s]
0.0.Bm: Trace Attempt  3	[0.00 s]
0.0.B: Proofgrid shell started at 24453@vlsi-ria85(local) jg_24217_vlsi-ria85_1
0.0.Bm: Trace Attempt  4	[0.00 s]
0.0.Bm: Trace Attempt  5	[0.00 s]
0.0.B: clocks: 1, declared: 1, looping: 0, posedge: 1, negedge: 0, noedge: 0, bothedge: 0
0.0.B: Last scan. Per property time limit: 0s
0.0.B: Starting proof for property "i2cStrech.p1"	[0.00 s].
0.0.Oh: clocks: 1, declared: 1, looping: 0, posedge: 1, negedge: 0, noedge: 0, bothedge: 0
0.0.Oh: Reached length limit (2147483647) [0.00 s]
0.0.B: Trace Attempt  1	[0.00 s]
0.0.B: Trace Attempt  2	[0.00 s]
0.0.B: Trace Attempt  3	[0.00 s]
0.0.B: Trace Attempt  4	[0.00 s]
0.0.B: Trace Attempt  5	[0.00 s]
0.0.Oh: Exited with Success (@ 0.05 s)
0.0.L: Proofgrid shell started at 24452@vlsi-ria85(local) jg_24217_vlsi-ria85_1
0.0.L: clocks: 1, declared: 1, looping: 0, posedge: 1, negedge: 0, noedge: 0, bothedge: 0
0.0.L: Using trace diversification with seed 1 (0.05)
0.0.L: Using LRU state removal heuristic
0.0.L: Ignoring liveness properties
0.0.L: All properties either determined or skipped. [0.00 s]
0.0.AM: Proofgrid shell started at 24581@vlsi-ria85(local) jg_24217_vlsi-ria85_1
0.0.L: Exited with Success (@ 0.07 s)
0.0.L: Completed, Restart ignored.
0.0.AM: clocks: 1, declared: 1, looping: 0, posedge: 1, negedge: 0, noedge: 0, bothedge: 0
0.0.AM: Last scan. Per property time limit: 0s
0.0.AM: Starting proof for property "i2cStrech.p1"	[0.00 s].
0.0.AM: Trace Attempt  1	[0.00 s]
0.0.AM: Trace Attempt  2	[0.00 s]
0.0.AM: Trace Attempt  3	[0.00 s]
0.0.AM: Trace Attempt  4	[0.00 s]
0.0.AM: Trace Attempt  5	[0.00 s]
0.0.AM: Trace Attempt  1	[0.00 s]
0.0.Ht: Proofgrid shell started at 24446@vlsi-ria85(local) jg_24217_vlsi-ria85_1
0.0.AM: Trace Attempt  2	[0.00 s]
0.0.AM: Trace Attempt  3	[0.01 s]
0.0.Ht: clocks: 1, declared: 1, looping: 0, posedge: 1, negedge: 0, noedge: 0, bothedge: 0
0.0.AM: Trace Attempt  4	[0.01 s]
0.0.AM: Trace Attempt  5	[0.01 s]
0.0.Ht: Last scan. Per property time limit: 0s
0.0.Ht: Trace Attempt  1	[0.00 s]
0.0.Ht: Trace Attempt  2	[0.00 s]
0.0.Ht: Trace Attempt  3	[0.00 s]
0.0.Ht: Trace Attempt  4	[0.00 s]
0.0.Ht: Trace Attempt  5	[0.00 s]
0.0.AM: Trace Attempt  1	[0.04 s]
0.0.AM: Trace Attempt  2	[0.04 s]
0.0.AM: Trace Attempt  3	[0.04 s]
0.0.AM: Trace Attempt  4	[0.04 s]
0.0.AM: Trace Attempt  5	[0.04 s]
0.0.N: Trace Attempt  1	[0.13 s]
0.0.N: Trace Attempt  2	[0.13 s]
0.0.N: Trace Attempt  3	[0.13 s]
0.0.N: Trace Attempt  4	[0.13 s]
0.0.N: Trace Attempt  5	[0.13 s]
0.0.AM: Trace Attempt  1	[0.13 s]
0.0.AM: Trace Attempt  2	[0.13 s]
0.0.AM: Trace Attempt  3	[0.13 s]
0.0.AM: Trace Attempt  4	[0.13 s]
0.0.AM: Trace Attempt  5	[0.13 s]
0.0.AM: Trace Attempt  1	[0.46 s]
0.0.AM: Trace Attempt  2	[0.46 s]
0.0.AM: Trace Attempt  3	[0.46 s]
0.0.AM: Trace Attempt  5	[0.46 s]
0.0.N: Trace Attempt  1	[0.60 s]
0.0.N: Trace Attempt  2	[0.60 s]
0.0.N: Trace Attempt  3	[0.60 s]
0.0.N: Trace Attempt  4	[0.60 s]
0.0.N: Trace Attempt  5	[0.61 s]
0.0.N: Trace Attempt  1	[2.02 s]
0.0.N: Trace Attempt  2	[2.02 s]
0.0.N: Trace Attempt  3	[2.02 s]
0.0.N: Trace Attempt  4	[2.02 s]
0.0.N: Trace Attempt  5	[2.02 s]
0.0.AM: Trace Attempt  1	[2.05 s]
0.0.AM: Trace Attempt  2	[2.05 s]
0.0.AM: Trace Attempt  3	[2.05 s]
0.0.AM: Trace Attempt  4	[2.05 s]
0.0.AM: Trace Attempt  5	[2.05 s]
0.0.N: Trace Attempt  1	[3.43 s]
0.0.N: Trace Attempt  2	[3.43 s]
0.0.N: Trace Attempt  3	[3.43 s]
0.0.N: Trace Attempt  4	[3.44 s]
0.0.N: Trace Attempt  5	[3.44 s]
0.0.Hp: Trace Attempt 591	[4.00 s]
0.0.Bm: Trace Attempt 1756	[4.00 s]
0.0.B: Trace Attempt 1753	[4.00 s]
0.0.Ht: Trace Attempt 1861	[4.00 s]
0.0.N: Trace Attempt  1	[4.94 s]
0.0.N: Trace Attempt  2	[4.94 s]
0.0.N: Trace Attempt  3	[4.94 s]
0.0.N: Trace Attempt  4	[4.94 s]
0.0.N: Trace Attempt  5	[4.94 s]
0.0.AM: Trace Attempt 256	[6.28 s]
0.0.AM: Trace Attempt  1	[6.33 s]
0.0.AM: Trace Attempt  2	[6.34 s]
0.0.AM: Trace Attempt  3	[6.34 s]
0.0.AM: Trace Attempt  4	[6.34 s]
0.0.AM: Trace Attempt  5	[6.34 s]
0.0.Hp: Trace Attempt 824	[8.02 s]
0.0.Bm: Trace Attempt 2416	[8.00 s]
0.0.B: Trace Attempt 2410	[8.01 s]
0.0.Ht: Trace Attempt 2540	[8.01 s]
0.0.N: Trace Attempt 175	[8.97 s]
0.0.AM: Trace Attempt 166	[10.40 s]
0.0.Hp: Trace Attempt 1005	[12.03 s]
0.0.Bm: Trace Attempt 2931	[12.01 s]
0.0.B: Trace Attempt 2920	[12.01 s]
0.0.N: Trace Attempt  1	[12.07 s]
0.0.N: Trace Attempt  2	[12.07 s]
0.0.N: Trace Attempt  3	[12.07 s]
0.0.N: Trace Attempt  4	[12.07 s]
0.0.N: Trace Attempt  5	[12.07 s]
0.0.Ht: Trace Attempt 3031	[12.01 s]
0.0.AM: Trace Attempt 236	[14.47 s]
0.0.Hp: Trace Attempt 1158	[16.03 s]
0.0.B: Trace Attempt 3197	[16.01 s]
0.0.Bm: Trace Attempt 3205	[16.01 s]
0.0.Ht: Trace Attempt 3233	[16.01 s]
0.0.N: Trace Attempt 170	[16.10 s]
0.0.AM: Trace Attempt 278	[18.47 s]
0.0.N: Trace Attempt  1	[19.43 s]
0.0.N: Trace Attempt  2	[19.43 s]
0.0.N: Trace Attempt  3	[19.43 s]
0.0.N: Trace Attempt  4	[19.43 s]
0.0.N: Trace Attempt  5	[19.43 s]
0.0.Hp: Trace Attempt 1293	[20.03 s]
0.0.B: Trace Attempt 3421	[20.01 s]
0.0.Bm: Trace Attempt 3432	[20.02 s]
0.0.Ht: Trace Attempt 3417	[20.02 s]
0.0.AM: Trace Attempt 342	[22.49 s]
0.0.N: Trace Attempt 171	[23.44 s]
0.0.Hp: Trace Attempt 1417	[24.05 s]
0.0.B: Trace Attempt 3631	[24.02 s]
0.0.Bm: Trace Attempt 3647	[24.03 s]
0.0.Ht: Trace Attempt 3589	[24.04 s]
0.0.AM: Trace Attempt 373	[26.51 s]
0.0.N: Trace Attempt  1	[26.75 s]
0.0.N: Trace Attempt  2	[26.76 s]
0.0.N: Trace Attempt  3	[26.76 s]
0.0.N: Trace Attempt  4	[26.76 s]
0.0.N: Trace Attempt  5	[26.76 s]
0.0.Hp: Trace Attempt 1527	[28.07 s]
0.0.Bm: Trace Attempt 3864	[28.03 s]
0.0.B: Trace Attempt 3853	[28.03 s]
0.0.Ht: Trace Attempt 3777	[28.05 s]
0.0.AM: Trace Attempt 419	[30.65 s]
0.0.N: Trace Attempt 169	[30.76 s]
0.0.B: Trace Attempt 4057	[32.04 s]
0.0.Bm: Trace Attempt 4070	[32.05 s]
0.0.Hp: Trace Attempt 1630	[32.10 s]
0.0.Ht: Trace Attempt 3958	[32.07 s]
0.0.N: Trace Attempt  1	[34.15 s]
0.0.N: Trace Attempt  2	[34.16 s]
0.0.N: Trace Attempt  3	[34.16 s]
0.0.N: Trace Attempt  4	[34.16 s]
0.0.N: Trace Attempt  5	[34.16 s]
0.0.AM: Trace Attempt 459	[34.71 s]
0.0.Bm: Trace Attempt 4257	[36.05 s]
0.0.B: Trace Attempt 4245	[36.06 s]
0.0.Hp: Trace Attempt 1727	[36.12 s]
0.0.N: Trace Attempt 172	[38.17 s]
0.0.AM: Trace Attempt 375	[38.72 s]
0.0.Ht: Trace Attempt 4084	[39.06 s]
0.0.B: Trace Attempt 4410	[40.07 s]
0.0.Bm: Trace Attempt 4422	[40.08 s]
0.0.Hp: Trace Attempt 1818	[40.16 s]
0.0.N: Trace Attempt  1	[41.52 s]
0.0.N: Trace Attempt  2	[41.52 s]
0.0.N: Trace Attempt  3	[41.52 s]
0.0.N: Trace Attempt  4	[41.53 s]
0.0.N: Trace Attempt  5	[41.53 s]
0.0.Ht: Trace Attempt 4607	[43.06 s]
0.0.B: Trace Attempt 4591	[44.09 s]
0.0.Bm: Trace Attempt 4610	[44.10 s]
0.0.Hp: Trace Attempt 1899	[44.20 s]
0.0.N: Trace Attempt 171	[45.53 s]
0.0.AM: Trace Attempt 512	[45.65 s]
0.0.AM: Trace Attempt  1	[45.94 s]
0.0.AM: Trace Attempt  2	[45.94 s]
0.0.AM: Trace Attempt  3	[45.95 s]
0.0.AM: Trace Attempt  4	[45.95 s]
0.0.AM: Trace Attempt  5	[45.95 s]
0.0.Ht: Trace Attempt 4966	[47.06 s]
0.0.Bm: Trace Attempt 4755	[48.10 s]
0.0.B: Trace Attempt 4745	[48.10 s]
0.0.Hp: Trace Attempt 1982	[48.21 s]
0.0.N: Trace Attempt  1	[48.89 s]
0.0.N: Trace Attempt  2	[48.89 s]
0.0.N: Trace Attempt  3	[48.89 s]
0.0.N: Trace Attempt  4	[48.89 s]
0.0.N: Trace Attempt  5	[48.89 s]
0.0.AM: Trace Attempt 173	[49.98 s]
0.0.Ht: Trace Attempt 5286	[51.06 s]
0.0.Bm: Trace Attempt 4905	[52.10 s]
0.0.B: Trace Attempt 4896	[52.10 s]
0.0.Hp: Trace Attempt 2064	[52.24 s]
0.0.N: Trace Attempt 171	[52.90 s]
0.0.AM: Trace Attempt 241	[53.98 s]
0.0.Ht: Trace Attempt 5494	[55.93 s]
0.0.Bm: Trace Attempt 5074	[56.10 s]
0.0.B: Trace Attempt 5065	[56.12 s]
0.0.Hp: Trace Attempt 2144	[56.29 s]
0.0.N: Trace Attempt  1	[56.56 s]
0.0.N: Trace Attempt  2	[56.57 s]
0.0.N: Trace Attempt  3	[56.57 s]
0.0.N: Trace Attempt  4	[56.57 s]
0.0.N: Trace Attempt  5	[56.57 s]
0.0.AM: Trace Attempt 288	[58.17 s]
0.0.Ht: Trace Attempt 5685	[59.95 s]
0.0.Bm: Trace Attempt 5224	[60.12 s]
0.0.B: Trace Attempt 5216	[60.13 s]
0.0.Hp: Trace Attempt 2173	[60.30 s]
0.0.N: Trace Attempt 181	[60.59 s]
0.0.AM: Trace Attempt 335	[62.19 s]
0.0.Ht: Trace Attempt 5862	[63.98 s]
0.0.Bm: Trace Attempt 5354	[64.14 s]
0.0.B: Trace Attempt 5346	[64.14 s]
0.0.Hp: Trace Attempt 2193	[64.36 s]
0.0.N: Trace Attempt 252	[64.63 s]
0.0.AM: Trace Attempt 371	[66.20 s]
0.0.Bm: Trace Attempt 5499	[68.15 s]
0.0.B: Trace Attempt 5488	[68.17 s]
0.0.Hp: Trace Attempt 2213	[68.42 s]
0.0.N: Trace Attempt 294	[68.70 s]
0.0.Ht: Trace Attempt 6001	[70.01 s]
0.0.AM: Trace Attempt 409	[70.28 s]
0.0.Bm: Trace Attempt 5634	[72.16 s]
0.0.B: Trace Attempt 5625	[72.18 s]
0.0.Hp: Trace Attempt 2233	[72.61 s]
0.0.N: Trace Attempt 335	[72.75 s]
0.0.AM: Trace Attempt 444	[74.34 s]
0.0.Ht: Trace Attempt 6010	[74.77 s]
0.0.Bm: Trace Attempt 5752	[76.18 s]
0.0.B: Trace Attempt 5745	[76.21 s]
0.0.N: Trace Attempt 371	[76.77 s]
0.0.Hp: Trace Attempt 2253	[76.80 s]
0.0.AM: Trace Attempt 463	[78.47 s]
0.0.Bm: Trace Attempt 5867	[80.18 s]
0.0.B: Trace Attempt 5860	[80.21 s]
0.0.N: Trace Attempt 410	[80.78 s]
0.0.Hp: Trace Attempt 2272	[80.88 s]
0.0.AM: Trace Attempt 471	[82.56 s]
0.0.Bm: Trace Attempt 5999	[84.21 s]
0.0.B: Trace Attempt 5991	[84.23 s]
0.0.N: Trace Attempt 447	[84.78 s]
0.0.Hp: Trace Attempt 2291	[85.01 s]
0.0.AM: Trace Attempt 481	[86.75 s]
0.0.Bm: Trace Attempt 6019	[88.23 s]
0.0.B: Trace Attempt 6018	[88.40 s]
0.0.Ht: Trace Attempt 6024	[88.74 s]
0.0.Hp: Trace Attempt 2311	[89.14 s]
0.0.N: Trace Attempt 468	[89.55 s]
0.0.AM: Trace Attempt 501	[90.82 s]
0.0.Bm: Trace Attempt 6039	[92.26 s]
0.0.B: Trace Attempt 6038	[92.44 s]
0.0.Ht: Trace Attempt 6062	[92.75 s]
0.0.N: Trace Attempt  1	[92.84 s]
0.0.N: Trace Attempt  2	[92.84 s]
0.0.N: Trace Attempt  3	[92.84 s]
0.0.N: Trace Attempt  4	[92.84 s]
0.0.N: Trace Attempt  5	[92.84 s]
0.0.Hp: Trace Attempt 2331	[93.34 s]
0.0.AM: Trace Attempt 517	[95.01 s]
0.0.Bm: Trace Attempt 6059	[96.36 s]
0.0.B: Trace Attempt 6058	[96.52 s]
0.0.Ht: Trace Attempt 6107	[96.75 s]
0.0.N: Trace Attempt 183	[96.87 s]
0.0.Hp: Trace Attempt 2351	[97.38 s]
0.0.AM: Trace Attempt 533	[99.07 s]
0.0.Bm: Trace Attempt 6079	[100.48 s]
0.0.B: Trace Attempt 6078	[100.67 s]
0.0.Ht: Trace Attempt 6158	[100.77 s]
0.0.N: Trace Attempt 253	[100.90 s]
0.0.Hp: Trace Attempt 2371	[101.48 s]
0.0.AM: Trace Attempt 549	[103.48 s]
0.0.Bm: Trace Attempt 6096	[104.56 s]
0.0.N: Trace Attempt 294	[104.92 s]
0.0.B: Trace Attempt 6096	[104.87 s]
0.0.Ht: Trace Attempt 6199	[104.93 s]
0.0.Hp: Trace Attempt 2391	[105.59 s]
0.0.AM: Trace Attempt 563	[107.57 s]
0.0.Bm: Trace Attempt 6113	[108.60 s]
0.0.B: Trace Attempt 6113	[108.92 s]
0.0.N: Trace Attempt 336	[109.04 s]
0.0.Hp: Trace Attempt 2411	[109.74 s]
0.0.AM: Trace Attempt 577	[111.62 s]
0.0.Ht: Trace Attempt 6226	[111.84 s]
0.0.Bm: Trace Attempt 6130	[112.72 s]
0.0.B: Trace Attempt 6130	[112.99 s]
0.0.N: Trace Attempt 373	[113.19 s]
0.0.Hp: Trace Attempt 2431	[113.87 s]
0.0.AM: Trace Attempt 593	[115.78 s]
0.0.Ht: Trace Attempt 6260	[115.85 s]
0.0.Bm: Trace Attempt 6149	[116.96 s]
0.0.N: Trace Attempt 414	[117.20 s]
0.0.B: Trace Attempt 6149	[117.22 s]
0.0.Hp: Trace Attempt 2451	[118.05 s]
0.0.Ht: Trace Attempt 6301	[119.92 s]
0.0.AM: Trace Attempt 609	[120.01 s]
0.0.Bm: Trace Attempt 6168	[120.99 s]
0.0.N: Trace Attempt 453	[121.28 s]
0.0.B: Trace Attempt 6168	[121.28 s]
0.0.Hp: Trace Attempt 2471	[122.24 s]
0.0.Ht: Trace Attempt 6340	[123.97 s]
0.0.AM: Trace Attempt 623	[124.36 s]
0.0.Bm: Trace Attempt 6185	[125.29 s]
0.0.B: Trace Attempt 6185	[125.44 s]
0.0.N: Trace Attempt 468	[125.57 s]
0.0.Hp: Trace Attempt 2489	[126.25 s]
0.0.Ht: Trace Attempt 6381	[128.03 s]
0.0.AM: Trace Attempt 636	[128.44 s]
0.0.N: Trace Attempt  1	[129.26 s]
0.0.N: Trace Attempt  2	[129.26 s]
0.0.N: Trace Attempt  3	[129.26 s]
0.0.N: Trace Attempt  4	[129.27 s]
0.0.N: Trace Attempt  5	[129.27 s]
0.0.Bm: Trace Attempt 6205	[129.45 s]
0.0.B: Trace Attempt 6206	[129.62 s]
0.0.Hp: Trace Attempt 2508	[130.43 s]
0.0.AM: Trace Attempt 649	[132.62 s]
0.0.N: Trace Attempt 178	[133.28 s]
0.0.Bm: Trace Attempt 6221	[133.59 s]
0.0.B: Trace Attempt 6223	[133.68 s]
0.0.Ht: Trace Attempt 6408	[134.06 s]
0.0.Hp: Trace Attempt 2527	[134.53 s]
0.0.AM: Trace Attempt 662	[136.67 s]
0.0.N: Trace Attempt 251	[137.42 s]
0.0.B: Trace Attempt 6239	[137.68 s]
0.0.Bm: Trace Attempt 6238	[137.88 s]
0.0.Ht: Trace Attempt 6457	[138.06 s]
0.0.Hp: Trace Attempt 2546	[138.63 s]
0.0.AM: Trace Attempt 671	[140.72 s]
0.0.N: Trace Attempt 293	[141.53 s]
0.0.B: Trace Attempt 6258	[141.86 s]
0.0.Ht: Trace Attempt 6503	[142.10 s]
0.0.Bm: Trace Attempt 6258	[142.28 s]
0.0.Hp: Trace Attempt 2566	[142.84 s]
0.0.AM: Trace Attempt 680	[145.06 s]
0.0.N: Trace Attempt 335	[145.60 s]
0.0.B: Trace Attempt 6274	[146.03 s]
0.0.Ht: Trace Attempt 6532	[146.21 s]
0.0.Bm: Trace Attempt 6274	[146.54 s]
0.0.Hp: Trace Attempt 2585	[146.90 s]
0.0.AM: Trace Attempt 689	[149.13 s]
0.0.N: Trace Attempt 372	[149.69 s]
0.0.B: Trace Attempt 6295	[150.12 s]
0.0.Ht: Trace Attempt 6576	[150.22 s]
0.0.Bm: Trace Attempt 6294	[150.54 s]
0.0.Hp: Trace Attempt 2604	[150.96 s]
0.0.AM: Trace Attempt 699	[153.15 s]
0.0.N: Trace Attempt 413	[153.82 s]
0.0.B: Trace Attempt 6312	[154.27 s]
0.0.Ht: Trace Attempt 6614	[154.33 s]
0.0.Bm: Trace Attempt 6311	[154.61 s]
0.0.Hp: Trace Attempt 2623	[155.15 s]
0.0.AM: Trace Attempt 709	[157.33 s]
0.0.N: Trace Attempt 452	[157.91 s]
0.0.B: Trace Attempt 6328	[158.43 s]
0.0.Ht: Trace Attempt 6638	[158.51 s]
0.0.Bm: Trace Attempt 6326	[158.70 s]
0.0.Hp: Trace Attempt 2642	[159.34 s]
0.0.AM: Trace Attempt 720	[161.51 s]
0.0.N: Trace Attempt 468	[162.27 s]
0.0.Ht: Trace Attempt 6652	[162.60 s]
0.0.B: Trace Attempt 6344	[162.68 s]
0.0.Bm: Trace Attempt 6342	[162.87 s]
0.0.Hp: Trace Attempt 2660	[163.42 s]
0.0.AM: Trace Attempt 730	[165.56 s]
0.0.N: Trace Attempt  1	[165.69 s]
0.0.N: Trace Attempt  2	[165.69 s]
0.0.N: Trace Attempt  3	[165.69 s]
0.0.N: Trace Attempt  4	[165.69 s]
0.0.N: Trace Attempt  5	[165.69 s]
0.0.Ht: Trace Attempt 6666	[166.61 s]
0.0.Bm: Trace Attempt 6357	[166.87 s]
0.0.B: Trace Attempt 6361	[166.90 s]
0.0.Hp: Trace Attempt 2678	[167.51 s]
0.0.N: Trace Attempt 179	[169.69 s]
0.0.AM: Trace Attempt 741	[169.84 s]
0.0.Ht: Trace Attempt 6699	[170.63 s]
0.0.Bm: Trace Attempt 6374	[170.93 s]
0.0.B: Trace Attempt 6378	[171.00 s]
0.0.Hp: Trace Attempt 2696	[171.54 s]
0.0.N: Trace Attempt 251	[173.71 s]
0.0.AM: Trace Attempt 751	[173.92 s]
0.0.Ht: Trace Attempt 6743	[174.66 s]
0.0.Bm: Trace Attempt 6392	[175.06 s]
0.0.B: Trace Attempt 6396	[175.18 s]
0.0.Hp: Trace Attempt 2715	[175.69 s]
0.0.N: Trace Attempt 293	[177.81 s]
0.0.AM: Trace Attempt 761	[178.19 s]
0.0.Ht: Trace Attempt 6786	[178.66 s]
0.0.Bm: Trace Attempt 6408	[179.07 s]
0.0.B: Trace Attempt 6413	[179.18 s]
0.0.Hp: Trace Attempt 2733	[179.79 s]
0.0.N: Trace Attempt 325	[180.97 s]
0.0.N: Stopped processing property "i2cStrech.p1"	[180.99 s].
0.0.N: Morphing to Ncustom1
0.0.N: All properties determined. [0.00 s]
0.0.N: Exited with Success (@ 0.00 s)
0.0.Ncustom1: clocks: 1, declared: 1, looping: 0, posedge: 1, negedge: 0, noedge: 0, bothedge: 0
0.0.Ncustom1: Starting proof for property "i2cStrech.p1"	[0.00 s].
0.0.Ncustom1: Trace Attempt 474	[0.06 s]
0.0.B: Trace Attempt 6420	[180.74 s]
0.0.B: Stopped processing property "i2cStrech.p1"	[181.03 s].
0.0.B: Morphing to Bcustom2
0.0.B: All properties determined. [0.00 s]
0.0.B: Exited with Success (@ 0.00 s)
0.0.Bcustom2: clocks: 1, declared: 1, looping: 0, posedge: 1, negedge: 0, noedge: 0, bothedge: 0
0.0.Bcustom2: Starting proof for property "i2cStrech.p1"	[0.00 s].
0.0.Bcustom2: Trace Attempt  1	[0.00 s]
0.0.Bcustom2: Trace Attempt  2	[0.00 s]
0.0.Bcustom2: Trace Attempt  1	[0.00 s]
0.0.Bcustom2: Trace Attempt  2	[0.00 s]
0.0.Bcustom2: Trace Attempt  3	[0.00 s]
0.0.Bcustom2: Trace Attempt  4	[0.00 s]
0.0.Bcustom2: Trace Attempt  5	[0.00 s]
0.0.Bcustom2: Trace Attempt  1	[0.00 s]
0.0.Bcustom2: Trace Attempt  2	[0.00 s]
0.0.Bcustom2: Trace Attempt  3	[0.00 s]
0.0.Bcustom2: Trace Attempt  4	[0.00 s]
0.0.Bcustom2: Trace Attempt  5	[0.00 s]
0.0.Bcustom2: Trace Attempt  1	[0.00 s]
0.0.Bcustom2: Trace Attempt  2	[0.00 s]
0.0.Bcustom2: Trace Attempt  3	[0.00 s]
0.0.Bcustom2: Trace Attempt  4	[0.00 s]
0.0.Bcustom2: Trace Attempt  5	[0.00 s]
0.0.Bcustom2: Trace Attempt  1	[0.01 s]
0.0.Bcustom2: Trace Attempt  2	[0.01 s]
0.0.Bcustom2: Trace Attempt  3	[0.01 s]
0.0.Bcustom2: Trace Attempt  4	[0.01 s]
0.0.Bcustom2: Trace Attempt  5	[0.01 s]
0.0.Tri: Proofgrid shell started at 25760@vlsi-ria85(local) jg_24217_vlsi-ria85_1
0.0.Tri: clocks: 1, declared: 1, looping: 0, posedge: 1, negedge: 0, noedge: 0, bothedge: 0
0.0.D: Proofgrid shell started at 25761@vlsi-ria85(local) jg_24217_vlsi-ria85_1
0.0.Bcustom2: Trace Attempt  1	[0.02 s]
0.0.D: clocks: 1, declared: 1, looping: 0, posedge: 1, negedge: 0, noedge: 0, bothedge: 0
0.0.D: Last scan. Per property time limit: 0s
0.0.D: Starting proof for property "i2cStrech.p1"	[0.00 s].
0.0.D: Trace Attempt  1	[0.00 s]
0.0.D: Trace Attempt  2	[0.00 s]
0.0.D: Trace Attempt  3	[0.00 s]
0.0.Bcustom2: Trace Attempt  2	[0.02 s]
0.0.Bcustom2: Trace Attempt  3	[0.02 s]
0.0.Bcustom2: Trace Attempt  4	[0.02 s]
0.0.Bcustom2: Trace Attempt  5	[0.02 s]
0.0.Tri: Last scan. Per property time limit: 0s
0.0.Tri: Starting proof for property "i2cStrech.p1"	[0.00 s].
0.0.Tri: Trace Attempt  1	[0.00 s]
0.0.Bcustom2: Trace Attempt  1	[0.04 s]
0.0.Bcustom2: Trace Attempt  2	[0.04 s]
0.0.Bcustom2: Trace Attempt  3	[0.04 s]
0.0.Bcustom2: Trace Attempt  4	[0.04 s]
0.0.Bcustom2: Trace Attempt  5	[0.04 s]
0.0.AM: Trace Attempt 767	[180.60 s]
0.0.AM: Stopped processing property "i2cStrech.p1"	[181.07 s].
0.0.AM: Morphing to AMcustom3
0.0.AM: All properties determined. [0.00 s]
0.0.AM: Exited with Success (@ 0.00 s)
0.0.AMcustom3: clocks: 1, declared: 1, looping: 0, posedge: 1, negedge: 0, noedge: 0, bothedge: 0
0.0.AMcustom3: Starting proof for property "i2cStrech.p1"	[0.00 s].
0.0.AMcustom3: Trace Attempt  1	[0.00 s]
0.0.AMcustom3: Trace Attempt  2	[0.00 s]
0.0.AMcustom3: Trace Attempt  3	[0.00 s]
0.0.AMcustom3: Trace Attempt  4	[0.00 s]
0.0.AMcustom3: Trace Attempt  5	[0.00 s]
0.0.AMcustom3: Trace Attempt  1	[0.00 s]
0.0.AMcustom3: Trace Attempt  2	[0.01 s]
0.0.AMcustom3: Trace Attempt  3	[0.01 s]
0.0.AMcustom3: Trace Attempt  4	[0.01 s]
0.0.AMcustom3: Trace Attempt  5	[0.01 s]
0.0.Tri:    0.00" ---- Launching main thread ----
0.0.AMcustom3: Trace Attempt  1	[0.05 s]
0.0.AMcustom3: Trace Attempt  2	[0.05 s]
0.0.AMcustom3: Trace Attempt  3	[0.05 s]
0.0.AMcustom3: Trace Attempt  4	[0.05 s]
0.0.AMcustom3: Trace Attempt  5	[0.05 s]
0.0.Tri:    0.08" ---- Launching abstraction thread ----
0.0.Bcustom2: Trace Attempt  1	[0.20 s]
0.0.Bcustom2: Trace Attempt  2	[0.20 s]
0.0.Bcustom2: Trace Attempt  3	[0.20 s]
0.0.Bcustom2: Trace Attempt  4	[0.20 s]
0.0.Bcustom2: Trace Attempt  5	[0.20 s]
0.0.Tri:    0.14" ---- Launching multi-phase simplification thread ----
0.0.AMcustom3: Trace Attempt  1	[0.15 s]
0.0.AMcustom3: Trace Attempt  2	[0.15 s]
0.0.AMcustom3: Trace Attempt  3	[0.15 s]
0.0.AMcustom3: Trace Attempt  4	[0.15 s]
0.0.AMcustom3: Trace Attempt  5	[0.15 s]
0.0.Tri:    0.18" ---- Launching liveness simplification thread ----
0.0.AMcustom3: Trace Attempt  1	[0.53 s]
0.0.AMcustom3: Trace Attempt  2	[0.53 s]
0.0.AMcustom3: Trace Attempt  3	[0.53 s]
0.0.AMcustom3: Trace Attempt  5	[0.53 s]
0.0.Bcustom2: Trace Attempt  1	[0.82 s]
0.0.Bcustom2: Trace Attempt  2	[0.82 s]
0.0.Bcustom2: Trace Attempt  3	[0.82 s]
0.0.Bcustom2: Trace Attempt  4	[0.82 s]
0.0.Bcustom2: Trace Attempt  5	[0.82 s]
0.0.D: Trace Attempt 35	[0.27 s]
0.0.D: Stopped processing property "i2cStrech.p1"	[0.89 s].
0.0.D: Morphing to M
0.0.D: All properties determined. [0.00 s]
0.0.D: Exited with Success (@ 0.00 s)
0.0.M: clocks: 1, declared: 1, looping: 0, posedge: 1, negedge: 0, noedge: 0, bothedge: 0
0.0.M: Starting proof for property "i2cStrech.p1"	[0.00 s].
0.0.M: Trace Attempt  1	[0.00 s]
0.0.M: Trace Attempt  2	[0.00 s]
0.0.M: Trace Attempt  3	[0.00 s]
0.0.M: Trace Attempt  4	[0.01 s]
0.0.M: Trace Attempt  5	[0.01 s]
0.0.Tri:    1.00" Simplification phase 1 complete
0.0.Ncustom1: Requesting engine job to terminate
0.0.Bcustom2: Requesting engine job to terminate
0.0.AMcustom3: Requesting engine job to terminate
0.0.Tri: Requesting engine job to terminate
0.0.M: Requesting engine job to terminate
0.0.Hp: Requesting engine job to terminate
0.0.Ht: Requesting engine job to terminate
0.0.Bm: Requesting engine job to terminate
INFO (IPF144): 0: Initiating shutdown of proof [182.21 s]
0.0.Tri: A proof was found: No trace exists. [1.09 s]
INFO (IPF057): 0.0.Tri: The property "i2cStrech.p1" was proven in 1.10 s.
0.0.M: Trace Attempt 38	[0.20 s]
0.0.M: Stopped processing property "i2cStrech.p1"	[0.21 s].
0.0.M: All properties determined. [0.21 s]
0.0.M: Exited with Success (@ 182.21 s)
0: ProofGrid usable level: 0
0.0.AMcustom3: Trace Attempt 64	[1.05 s]
0.0.AMcustom3: Stopped processing property "i2cStrech.p1"	[1.06 s].
0.0.AMcustom3: All properties determined. [1.06 s]
0.0.AMcustom3: Exited with Success (@ 182.22 s)
0.0.Ht: Trace Attempt 6825	[182.03 s]
0.0.Ht: All properties determined. [182.14 s]
0.0.Ncustom1: Stopped processing property "i2cStrech.p1"	[1.20 s].
0.0.Ncustom1: All properties determined. [1.21 s]
0.0.Ncustom1: Exited with Success (@ 182.23 s)
0.0.AMcustom5: Proofgrid shell started at 25840@vlsi-ria85(local) jg_24217_vlsi-ria85_1
0.0.AMcustom5: Requesting engine job to terminate
0.0.AMcustom5: Preventing job from starting because proof is shutting down.
0.0.AMcustom5: Requesting engine job to terminate
0.0.AMcustom5: Interrupted. [0.00 s]
0.0.AMcustom5: Exited with Success (@ 182.24 s)
0.0.Ht: Exited with Success (@ 182.26 s)
0.0.Bm: Trace Attempt 6421	[182.04 s]
0.0.Bm: All properties determined. [182.23 s]
0.0.Bm: Exited with Success (@ 182.29 s)
0.0.Hp: Trace Attempt 2743	[182.12 s]
0.0.Hp: All properties determined. [182.32 s]
0.0.Tri: Stopped processing property "i2cStrech.p1"	[1.29 s].
0.0.Tri: All properties determined. [1.29 s]
0.0.Tri: Exited with Success (@ 182.41 s)
0.0.Hp: Exited with Success (@ 182.54 s)
0.0.Bcustom2: Trace Attempt  1	[2.26 s]
0.0.Bcustom2: Stopped processing property "i2cStrech.p1"	[2.26 s].
0.0.Bcustom2: All properties determined. [2.26 s]
0.0.Bcustom2: Exited with Success (@ 183.35 s)
0: --------------------------------------------------------------
ProofGrid Summary (utilization 99.92 %)
--------------------------------------------------------------
     engines started                               :    16
     engine jobs started                           :    12

    Average time in state (seconds)
    ------------------------------------------------------
    Engine  Pending     Running        Dead    Utilization
    ------------------------------------------------------
     Hp        0.03      182.21        0.00       99.98 %
     Ht        0.08      182.13        0.00       99.96 %
     Bm        0.05      182.16        0.00       99.98 %
    Mpcustom4        0.04        0.00        0.00        3.16 %
     Oh        0.04        0.00        0.00        3.34 %
      L        0.06        0.00        0.00        6.46 %
    Ncustom1        0.03      182.17        0.00       99.98 %
    Bcustom2        0.04      182.06        0.00       99.98 %
    AMcustom3        0.05      181.99        0.00       99.97 %
    Tri        0.09        1.11        0.00       92.47 %
      M        0.08        1.08        0.00       92.80 %
    AMcustom5        0.25        0.00        0.00        0.00 %
    all        0.07       91.24        0.00       99.92 %

    Total time in state (seconds)
    -----------------------------------------
            Pending     Running        Dead  
    -----------------------------------------
               0.85     1094.92        0.00

    Data read    : 5.96 MiB
    Data written : 4.09 kiB

0: All pending notifications were processed.
INFO (IPF059): 0: Completed proof on task: "<embedded>"

==============================================================
SUMMARY
==============================================================
           Properties Considered              : 2
                 assertions                   : 1
                  - proven                    : 1 (100%)
                  - bounded_proven (user)     : 0 (0%)
                  - bounded_proven (auto)     : 0 (0%)
                  - marked_proven             : 0 (0%)
                  - cex                       : 0 (0%)
                  - ar_cex                    : 0 (0%)
                  - undetermined              : 0 (0%)
                  - unknown                   : 0 (0%)
                  - error                     : 0 (0%)
                 covers                       : 1
                  - unreachable               : 0 (0%)
                  - bounded_unreachable (user): 0 (0%)
                  - covered                   : 1 (100%)
                  - ar_covered                : 0 (0%)
                  - undetermined              : 0 (0%)
                  - unknown                   : 0 (0%)
                  - error                     : 0 (0%)
determined
[<embedded>] % exit -force
INFO (IPL005): Received request to exit from the console.
INFO (IPL014): Waiting for the Tcl-thread to exit.
INFO: Waiting for proof threads to stop...
INFO: Proof threads stopped.
INFO (IPL018): The peak resident set memory use for this session was 2.107 GB.
INFO (IPL015): The Tcl-thread exited with status 0.
INFO (IPL016): Exiting the analysis session with status 0.
