# ----------------------------------------
# Jasper Version Info
# tool      : Jasper 2024.06
# platform  : Linux 3.10.0-1062.el7.x86_64
# version   : 2024.06p002 64 bits
# build date: 2024.09.02 16:28:38 UTC
# ----------------------------------------
# started   : 2025-11-18 08:41:19 IST
# hostname  : vlsi-moon.vlsidomain
# pid       : 148591
# arguments : '-label' 'session_0' '-console' '//127.0.0.1:42872' '-nowindow' '-style' 'windows' '-exitonerror' '-data' 'AAAA3nicY2RgYLCp////PwMYMD6A0Aw2jAyoAMRnQhUJbEChGRhYYZphSliAmItBl6GAoYghnyELyDNh0ANCfSA7HS6aypDMUMJQDBTNAfITGVIY4oG8EiC7CCgXz2AO1McDNCUJKFcCVJsB5CvgVKsHVpMDth8AOsIbLw==' '-proj' '/users/rompel/jasper_executions/liveness/jgprojects/load_store_7/sessionLogs/session_0' '-init' '-hidden' '/users/rompel/jasper_executions/liveness/jgprojects/load_store_7/.tmp/.initCmds.tcl' 'load_store_7.tcl' '-hidden' '/users/rompel/jasper_executions/liveness/jgprojects/load_store_7/.tmp/.postCmds.tcl'

Any disclosure about the Cadence Design Systems software or its use
model to any third party violates the written Non-Disclosure Agreement
between Cadence Design Systems, Inc. and the customer.

THIS SOFTWARE CONTAINS CONFIDENTIAL INFORMATION AND TRADE SECRETS OF
CADENCE DESIGN SYSTEMS, INC. USE, DISCLOSURE, OR REPRODUCTION IS
PROHIBITED WITHOUT THE PRIOR EXPRESS WRITTEN PERMISSION OF CADENCE
DESIGN SYSTEMS, INC.

Copyright (C) 2000-2024 Cadence Design Systems, Inc. All Rights
Reserved.  Unpublished -- rights reserved under the copyright laws of
the United States.

This product includes software developed by others and redistributed
according to license agreement. See doc/third_party_readme.txt for
further details.

RESTRICTED RIGHTS LEGEND

Use, duplication, or disclosure by the Government is subject to
restrictions as set forth in subparagraph (c) (1) (ii) of the Rights in
Technical Data and Computer Software clause at DFARS 252.227-7013 or
subparagraphs (c) (1) and (2) of Commercial Computer Software -- Restricted
Rights at 48 CFR 52.227-19, as applicable.


                          Cadence Design Systems, Inc.
                          2655 Seely Avenue
                          San Jose, CA 95134
                          Phone: 408.943.1234

For technical assistance visit http://support.cadence.com.

Jasper Apps Analysis Session - /users/rompel/jasper_executions/liveness/jgprojects/load_store_7/sessionLogs/session_0

WARNING (WG017): [session]: The system's locale is "ANSI_X3.4-1968", which is not UTF-8. Non-ASCII characters might not be handled correctly.
WARNING (WG017): [jg_console]: The system's locale is "ANSI_X3.4-1968", which is not UTF-8. Non-ASCII characters might not be handled correctly.
INFO: successfully checked out license "jasper_fao".
INFO: reading configuration file "/users/rompel/.config/cadence/jasper.conf".
% analyze -sv09 ../load_store_7.sv
[-- (VERI-1482)] Analyzing Verilog file '/tools/cadence2425/JASPER/jasper_2024.06p002/lib/verilog/packages/std/std.sv' into library 'std'
[-- (VERI-1482)] Analyzing Verilog file '../load_store_7.sv'
% elaborate -bbox_mul 1000000 -bbox_div 1000000 -bbox_mod 1000000 -bbox_a 1000000
[INFO (HIER-8002)] ../load_store_7.sv(23): Disabling old hierarchical reference handler
[INFO (VERI-1018)] ../load_store_7.sv(1): compiling module 'Load_Store'
[WARN (VERI-1209)] ../load_store_7.sv(10): expression size 32 truncated to fit in target size 14
[WARN (VERI-1209)] ../load_store_7.sv(12): expression size 32 truncated to fit in target size 14
[INFO (VERI-8005)] ../load_store_7.sv(5): Unintentional sequential element inferred for m read before write using blocking assignment
[INFO (VERI-8005)] ../load_store_7.sv(4): Unintentional sequential element inferred for vol read before write using blocking assignment
[INFO (VERI-8005)] ../load_store_7.sv(1): Unintentional sequential element inferred for sig read before write using blocking assignment
INFO (ISW003): Top module name is "Load_Store".
INFO (INL208): Elaboration synthesis summary:
  Number of synthesized netlists          1 (0 packages)
  Single run mode                         On
  Pipeline                                On (1 pipelined netlists)
  Late hierarchical reference connection  On
  Number of analyzed Verilog modules      1 (1 synthesized)
  Number of analyzed VHDL entities        0 (0 synthesized)
INFO (INL003): Clearing all state information (assumes, stopats, and so forth).
Load_Store
[<embedded>] % reset rst
INFO (IPM031): Clearing proof results of all properties.
INFO (IRS006): Current reset condition is "rst".
[<embedded>] % clock clk
[<embedded>] % prove -all
Ncustom1: Custom engine code is hT3Ng7hPPfiYQOTDZ3qhYOwGAM51eA+J/FjkM5shLioAsqhgLR4Ft+O1BuKG6ilQ83B9tLXSl+CwjiTMAQA
Bcustom2: Custom engine code is hT3Nm7hPr1Vp3Di1Ra2USNIGL4JypRnLKLAdF6JAyuavO2JfGCiY9OZJhcAcOUnLx5xwNdhILGrAWX9s+z2WDkKwNR7tAfClBEjRFVQeq6DU54boFgEA
AMcustom3: Custom engine code is hT3Ng7hP/feYQOTDZ3qhYOwGAM51eA+J/FjkM5shLioAsqhgLR4Ft+O1BuKG6ilQ83B9tLXSmmqwm7g9AQA
Mpcustom4: Custom engine code is hT3NZbhP9fmY2AbBQnsjfOxn6c+6e6yL+/e8fZFmaQrnlgEA
INFO (IPF036): Starting proof on task: "<embedded>", 1 properties to prove with 0 already proven/unreachable
INFO (IRS029): Starting reset analysis: phase 1 of 4.
INFO (IRS030): Running reset analysis: phase 2 of 4.
INFO (IRS031): Running reset analysis: phase 3 of 4.
INFO (IRS020): Starting the reset analysis simulation with a limit of 100 iterations (phase 4 of 4).
INFO (IRS024): Reset iterations 0 to 4 analyzed.
INFO (IRS018): Reset analysis simulation executed for 3 iterations. Assigned values for 16 of 16 design flops, 0 of 0 design latches, 3 of 3 internal elements.
INFO (IRS039): Reset analysis complete.
INFO (IPF031): Settings used for proof thread 0:
    orchestration                 = on
    time_limit                    = 86400s
    per_property_time_limit       = 1s * 10 ^ scan
    engine_mode                   = auto
    proofgrid_per_engine_max_jobs = 1
    max engine jobs               = auto
    proofgrid_mode                = local
    proofgrid_restarts            = 10
0: Using multistage preprocessing
0: Starting reduce
AMcustom5: Custom engine code is hT3N1rhP11/52HrFRS21ROp2LOjVTgPvT8L8BGXHgLhaIuqtT4nARFjUqrBL+7pLmaTOzBepZW/Jm8SSrHDybSQtoNiO3y43wk+dEoWlsZizu97Fih6O6lPVG/LpWP5SsUPwlGagLNa1FKEFvwVXyX7//8prySbvSxIHXr5er+z4RAEA
Ncustom6: Custom engine code is hT3OXrhPByJp3TrFSTLhUmMH4KVtJgmTCnNDF46yMXOKY48m4LS5nE7yBzFjA7kDuwO/GhGUpEPiky3p3wmPn3dJZHxFMsafSoObRzSC+tn7sEY0WbTdZ/FV4hL3MYH/b1CIUvXSWR4wqEoVLsmMOD4xIPT4lI1LO6ZCO7PnnWQuLwetnvKlrXx6wCW/A+x+enqslg1YPobi4wEF/EvbzOvcTYdJvl2s4H2yZg2b2ofAVN5WvhWk1HoBAA
ADcustom7: Custom engine code is hT3Nv7hPv1752HrFRa2kROx2f/ECJeZB2AZsLdlO8VwmIuqtT4nIDFXclhg+O+o+DMmQCekbheGk0kK28laA9gaOFDXsQp29J3X615HY1IPHJWd6FUFvCHjO+p1k652b5JJvZlShNpGlGSXAiQe/mEAj6tEBAA
Tricustom8: Custom engine code is hT3Nu7hPt1752DvFRa0kNDiyIV97VyejwM9C/jCLJjdPvusZONHY42VYUy0Q1ZotnhcVtNc56tJ5wbxv6V2+XpdsaSlHck5vfnbYjdwj1OECy9U+7oSQ0SZE3g5ayD+Phuh4odCJTjeKa2k4elM9ldQfkAEA
0: Finished reduce in 0s
Gcustom9: Custom engine code is hT3NibhPDfeYQADBZnYcglOvK9Pfd7EOeniIqP8jNsyIqInncipMGcUXqAadachREE9F2PwhBUZUNw5kHnd4JdXkamORRgEA
C2custom10: Custom engine code is hT3NirhPjfWYQADBZnYcglOvK9Pfd7EOeniIqP8jNsyIqInncgkrYMMXCYbdK0dUjZIF9d4cJ0rHoBDjwVLBKuG86XYVV00BAA
AGcustom11: Custom engine code is hT3NirhP/fmYQADBZnYcglOvK9Pfd7EOeniIqP8jNsyIqInnckcwYMMXCYbdK0dUjZIF9d4cJ0rHoBDjwVLBKuHEZnZByh0BAA
0.0.PRE: Performing Proof Simplification...
Bcustom12: Custom engine code is hT3NjrhPDfiYQADBZnYcglOvK9PfWxFtenjIyBqfrgr7if/jL/yPOuK1BAflEcW0DxNH2eDIoezN2gxlQFg81RZtiWXh7aiTAidvAQA
0.0.N: clocks: 1, declared: 1, looping: 0, posedge: 1, negedge: 0, noedge: 0, bothedge: 0
Ncustom13: Custom engine code is hT3NR7hPByFp3TrFSTLhUmMH4KWtJglTyV/c51BHEeZWamnJv767nE6PCak26bd3gf3XGN3rIRheufhDieCJQVISo+gNYUKhiUedBKGtsP/a18svAnlMJZudHxDFwK5ufsyoxsIyiAeSY2oi3tEuoDHr5gw42DFKAG3PqO3CEsl8Azzdt3pl5nGA1Ifv2H02eYsFzWb/nfp8PMb3F0krE/EgBcm8TD9Div8BAA
Tricustom14: Custom engine code is hT3Nu7hP3fiYQADBZnYcglNHp9bfd7EOeniIqP/ji8sGLQu8yhsFO+wxJ+O+R0bU8g/IewXFomyos+viQnWc2xYNYmMqpo3i40O7DaZR7qfp4YqNx26KRvQ/qx0BAA
0.0.N: Proof Simplification Iteration 1	[0.00 s]
0.0.N: Proof Simplification Iteration 2	[0.00 s]
0.0.N: Proof Simplification Iteration 3	[0.00 s]
0.0.PRE: A proof was found: No trace exists. [0.00 s]
INFO (IPF057): 0.0.PRE: The property ":noDeadEnd" was proven in 0.00 s.
    Use check_assumptions -show -dead_end to show this property in the property table.
0.0.PRE: A proof was found: No trace exists. [0.00 s]
INFO (IPF057): 0.0.PRE: The property ":noConflict" was proven in 0.00 s.
    Use check_assumptions -show to show this property in the property table.
INFO (IPF047): 0.0.PRE: The cover property ":live" was covered in 1 cycles in 0.00 s.
    Use check_assumptions -show -live to show this property in the property table.
0.0.PRE: Proof Simplification completed in 0.00 s
0: About to start ProofGrid in its own thread with a limit of 10000 pending notifications and a limit of 10 traces.
0: =============================== ProofGrid start ===============================
0: ProofGrid usable level: 1
0: Initial ProofGrid level: 1
0: ProofGrid is starting event handling
0.0.Hp: Proofgrid shell started at 148657@vlsi-moon(local) jg_148591_vlsi-moon_1
0.0.N: Proofgrid shell started at 148656@vlsi-moon(local) jg_148591_vlsi-moon_1
0.0.Hp: clocks: 1, declared: 1, looping: 0, posedge: 1, negedge: 0, noedge: 0, bothedge: 0
0.0.Hp: Last scan. Per property time limit: 0s
0.0.N: clocks: 1, declared: 1, looping: 0, posedge: 1, negedge: 0, noedge: 0, bothedge: 0
0.0.N: Last scan. Per property time limit: 0s
0.0.N: Starting proof for property "Load_Store.p1"	[0.00 s].
0.0.N: Trace Attempt  1	[0.00 s]
0.0.N: Trace Attempt  2	[0.00 s]
0.0.Hp: Trace Attempt  1	[0.00 s]
0.0.N: Trace Attempt  2	[0.00 s]
0.0.N: Trace Attempt  3	[0.00 s]
0.0.Hp: Trace Attempt  2	[0.01 s]
0.0.N: Trace Attempt  3	[0.00 s]
0.0.N: Trace Attempt  4	[0.01 s]
0.0.N: Trace Attempt  5	[0.01 s]
0.0.Hp: Trace Attempt  3	[0.01 s]
0.0.N: Trace Attempt  5	[0.01 s]
0.0.Hp: Trace Attempt  4	[0.01 s]
0.0.Hp: Trace Attempt  5	[0.01 s]
0.0.N: Trace Attempt  1	[0.03 s]
0.0.N: Trace Attempt  2	[0.03 s]
0.0.N: Trace Attempt  3	[0.03 s]
0.0.N: Trace Attempt  4	[0.04 s]
0.0.N: Trace Attempt  5	[0.04 s]
0.0.AM: Proofgrid shell started at 148691@vlsi-moon(local) jg_148591_vlsi-moon_1
0.0.Ht: Proofgrid shell started at 148688@vlsi-moon(local) jg_148591_vlsi-moon_1
0.0.AM: clocks: 1, declared: 1, looping: 0, posedge: 1, negedge: 0, noedge: 0, bothedge: 0
0.0.AM: Last scan. Per property time limit: 0s
0.0.AM: Starting proof for property "Load_Store.p1"	[0.00 s].
0.0.AM: Trace Attempt  1	[0.00 s]
0.0.Ht: clocks: 1, declared: 1, looping: 0, posedge: 1, negedge: 0, noedge: 0, bothedge: 0
0.0.Ht: Last scan. Per property time limit: 0s
0.0.AM: Trace Attempt  2	[0.00 s]
0.0.Ht: Trace Attempt  1	[0.00 s]
0.0.B: Proofgrid shell started at 148690@vlsi-moon(local) jg_148591_vlsi-moon_1
0.0.Ht: Trace Attempt  2	[0.00 s]
0.0.AM: Trace Attempt  3	[0.00 s]
0.0.Ht: Trace Attempt  3	[0.00 s]
0.0.Ht: Trace Attempt  4	[0.00 s]
0.0.Ht: Trace Attempt  5	[0.00 s]
0.0.AM: Trace Attempt  4	[0.00 s]
0.0.AM: Trace Attempt  5	[0.00 s]
0.0.Oh: Proofgrid shell started at 148689@vlsi-moon(local) jg_148591_vlsi-moon_1
0.0.B: clocks: 1, declared: 1, looping: 0, posedge: 1, negedge: 0, noedge: 0, bothedge: 0
0.0.B: Last scan. Per property time limit: 0s
0.0.B: Starting proof for property "Load_Store.p1"	[0.00 s].
0.0.B: Trace Attempt  1	[0.00 s]
0.0.B: Trace Attempt  2	[0.00 s]
0.0.B: Trace Attempt  3	[0.00 s]
0.0.B: Trace Attempt  4	[0.00 s]
0.0.Oh: clocks: 1, declared: 1, looping: 0, posedge: 1, negedge: 0, noedge: 0, bothedge: 0
0.0.B: Trace Attempt  5	[0.00 s]
0.0.Oh: Reached length limit (2147483647) [0.00 s]
0.0.AM: Trace Attempt  1	[0.01 s]
0.0.Oh: Exited with Success (@ 0.09 s)
0.0.AM: Trace Attempt  2	[0.01 s]
0.0.AM: Trace Attempt  3	[0.01 s]
0.0.AM: Trace Attempt  4	[0.01 s]
0.0.AM: Trace Attempt  5	[0.01 s]
0.0.AM: Trace Attempt  1	[0.03 s]
0.0.AM: Trace Attempt  2	[0.03 s]
0.0.AM: Trace Attempt  3	[0.03 s]
0.0.AM: Trace Attempt  4	[0.04 s]
0.0.AM: Trace Attempt  5	[0.04 s]
0.0.AM: Trace Attempt  1	[0.09 s]
0.0.AM: Trace Attempt  2	[0.09 s]
0.0.AM: Trace Attempt  3	[0.09 s]
0.0.AM: Trace Attempt  4	[0.10 s]
0.0.AM: Trace Attempt  5	[0.10 s]
0.0.N: Trace Attempt  1	[0.29 s]
0.0.N: Trace Attempt  2	[0.30 s]
0.0.N: Trace Attempt  3	[0.30 s]
0.0.N: Trace Attempt  4	[0.30 s]
0.0.N: Trace Attempt  5	[0.30 s]
0.0.AM: Trace Attempt  1	[0.31 s]
0.0.AM: Trace Attempt  2	[0.31 s]
0.0.AM: Trace Attempt  3	[0.31 s]
0.0.AM: Trace Attempt  4	[0.32 s]
0.0.AM: Trace Attempt  5	[0.32 s]
0.0.N: Trace Attempt  1	[1.11 s]
0.0.N: Trace Attempt  2	[1.11 s]
0.0.N: Trace Attempt  3	[1.11 s]
0.0.AM: Trace Attempt  1	[1.04 s]
0.0.AM: Trace Attempt  2	[1.04 s]
0.0.AM: Trace Attempt  3	[1.04 s]
0.0.N: Trace Attempt  4	[1.12 s]
0.0.N: Trace Attempt  5	[1.12 s]
0.0.AM: Trace Attempt  4	[1.05 s]
0.0.AM: Trace Attempt  5	[1.05 s]
0.0.N: Trace Attempt  1	[3.83 s]
0.0.N: Trace Attempt  2	[3.83 s]
0.0.N: Trace Attempt  3	[3.83 s]
0.0.N: Trace Attempt  4	[3.84 s]
0.0.N: Trace Attempt  5	[3.84 s]
0.0.AM: Trace Attempt  1	[3.92 s]
0.0.AM: Trace Attempt  2	[3.92 s]
0.0.AM: Trace Attempt  3	[3.92 s]
0.0.AM: Trace Attempt  4	[3.93 s]
0.0.AM: Trace Attempt  5	[3.93 s]
0.0.Hp: Trace Attempt 337	[4.04 s]
0.0.Ht: Trace Attempt 2276	[4.00 s]
0.0.B: Trace Attempt 1980	[4.00 s]
0.0.N: Trace Attempt  1	[6.73 s]
0.0.N: Trace Attempt  2	[6.74 s]
0.0.N: Trace Attempt  3	[6.74 s]
0.0.N: Trace Attempt  4	[6.74 s]
0.0.N: Trace Attempt  5	[6.74 s]
0.0.Hp: Trace Attempt 445	[8.05 s]
0.0.Ht: Trace Attempt 3062	[8.00 s]
0.0.B: Trace Attempt 2714	[8.01 s]
0.0.AM: Trace Attempt 127	[8.02 s]
0.0.N: Trace Attempt  1	[9.69 s]
0.0.N: Trace Attempt  2	[9.70 s]
0.0.N: Trace Attempt  3	[9.70 s]
0.0.N: Trace Attempt  4	[9.70 s]
0.0.N: Trace Attempt  5	[9.70 s]
0.0.Ht: Trace Attempt 3624	[12.01 s]
0.0.Hp: Trace Attempt 537	[12.08 s]
0.0.B: Trace Attempt 3255	[12.01 s]
0.0.AM: Trace Attempt 202	[12.07 s]
0.0.N: Trace Attempt  1	[12.74 s]
0.0.N: Trace Attempt  2	[12.74 s]
0.0.N: Trace Attempt  3	[12.74 s]
0.0.N: Trace Attempt  4	[12.74 s]
0.0.N: Trace Attempt  5	[12.74 s]
0.0.AM: Trace Attempt  1	[14.60 s]
0.0.AM: Trace Attempt  2	[14.60 s]
0.0.AM: Trace Attempt  3	[14.60 s]
0.0.AM: Trace Attempt  4	[14.61 s]
0.0.AM: Trace Attempt  5	[14.61 s]
0.0.Ht: Trace Attempt 4100	[16.01 s]
0.0.B: Trace Attempt 3677	[16.02 s]
0.0.Hp: Trace Attempt 612	[16.11 s]
0.0.N: Trace Attempt 117	[16.77 s]
0.0.AM: Trace Attempt 143	[18.65 s]
0.0.Ht: Trace Attempt 4503	[20.01 s]
0.0.B: Trace Attempt 4057	[20.03 s]
0.0.Hp: Trace Attempt 686	[20.16 s]
0.0.N: Trace Attempt 175	[20.81 s]
0.0.AM: Trace Attempt 215	[22.66 s]
0.0.Ht: Trace Attempt 4875	[24.01 s]
0.0.B: Trace Attempt 4408	[24.04 s]
0.0.Hp: Trace Attempt 748	[24.22 s]
0.0.N: Trace Attempt 226	[24.82 s]
0.0.N: Trace Attempt  1	[25.33 s]
0.0.N: Trace Attempt  2	[25.33 s]
0.0.N: Trace Attempt  3	[25.33 s]
0.0.N: Trace Attempt  4	[25.34 s]
0.0.N: Trace Attempt  5	[25.34 s]
0.0.AM: Trace Attempt 245	[26.67 s]
0.0.Ht: Trace Attempt 5204	[28.02 s]
0.0.B: Trace Attempt 4728	[28.04 s]
0.0.Hp: Trace Attempt 809	[28.27 s]
0.0.N: Trace Attempt 133	[29.36 s]
0.0.AM: Trace Attempt 278	[30.75 s]
0.0.Ht: Trace Attempt 5510	[32.03 s]
0.0.B: Trace Attempt 5021	[32.05 s]
0.0.Hp: Trace Attempt 862	[32.33 s]
0.0.N: Trace Attempt 198	[33.37 s]
0.0.AM: Trace Attempt 308	[34.78 s]
0.0.N: Trace Attempt  1	[35.71 s]
0.0.N: Trace Attempt  2	[35.71 s]
0.0.N: Trace Attempt  3	[35.71 s]
0.0.N: Trace Attempt  4	[35.72 s]
0.0.N: Trace Attempt  5	[35.72 s]
0.0.Ht: Trace Attempt 5794	[36.04 s]
0.0.B: Trace Attempt 5290	[36.06 s]
0.0.Hp: Trace Attempt 915	[36.36 s]
0.0.AM: Trace Attempt 338	[38.85 s]
0.0.N: Trace Attempt 128	[39.74 s]
0.0.Ht: Trace Attempt 6068	[40.05 s]
0.0.B: Trace Attempt 5541	[40.06 s]
0.0.Hp: Trace Attempt 968	[40.44 s]
0.0.AM: Trace Attempt 364	[42.88 s]
0.0.N: Trace Attempt 195	[43.82 s]
0.0.Ht: Trace Attempt 6324	[44.05 s]
0.0.B: Trace Attempt 5771	[44.08 s]
0.0.Hp: Trace Attempt 1018	[44.52 s]
0.0.N: Trace Attempt  1	[46.85 s]
0.0.N: Trace Attempt  2	[46.85 s]
0.0.N: Trace Attempt  3	[46.85 s]
0.0.N: Trace Attempt  4	[46.86 s]
0.0.N: Trace Attempt  5	[46.86 s]
0.0.AM: Trace Attempt 395	[46.89 s]
0.0.Ht: Trace Attempt 6564	[48.05 s]
0.0.B: Trace Attempt 5988	[48.09 s]
0.0.Hp: Trace Attempt 1066	[48.59 s]
0.0.N: Trace Attempt 127	[50.87 s]
0.0.AM: Trace Attempt 431	[50.97 s]
0.0.Ht: Trace Attempt 6813	[52.07 s]
0.0.B: Trace Attempt 6204	[52.10 s]
0.0.Hp: Trace Attempt 1112	[52.67 s]
0.0.N: Trace Attempt 195	[54.99 s]
0.0.AM: Trace Attempt 261	[55.18 s]
0.0.Ht: Trace Attempt 7048	[56.09 s]
0.0.B: Trace Attempt 6405	[56.10 s]
0.0.N: Trace Attempt  1	[58.01 s]
0.0.N: Trace Attempt  2	[58.01 s]
0.0.N: Trace Attempt  3	[58.01 s]
0.0.N: Trace Attempt  4	[58.02 s]
0.0.N: Trace Attempt  5	[58.02 s]
0.0.AM: Trace Attempt 449	[59.19 s]
0.0.Ht: Trace Attempt 7260	[60.09 s]
0.0.B: Trace Attempt 6599	[60.10 s]
0.0.Hp: Trace Attempt 1132	[61.13 s]
0.0.N: Trace Attempt 133	[62.07 s]
0.0.AM: Trace Attempt 514	[63.20 s]
0.0.AM: Trace Attempt  1	[63.33 s]
0.0.AM: Trace Attempt  2	[63.33 s]
0.0.AM: Trace Attempt  3	[63.34 s]
0.0.AM: Trace Attempt  4	[63.34 s]
0.0.AM: Trace Attempt  5	[63.34 s]
0.0.Ht: Trace Attempt 7466	[64.09 s]
0.0.B: Trace Attempt 6781	[64.11 s]
0.0.Hp: Trace Attempt 1149	[65.14 s]
0.0.N: Trace Attempt 198	[66.09 s]
0.0.AM: Trace Attempt 140	[67.36 s]
0.0.Ht: Trace Attempt 7670	[68.11 s]
0.0.B: Trace Attempt 6963	[68.12 s]
0.0.N: Trace Attempt  1	[68.61 s]
0.0.N: Trace Attempt  2	[68.61 s]
0.0.N: Trace Attempt  3	[68.61 s]
0.0.N: Trace Attempt  4	[68.61 s]
0.0.N: Trace Attempt  5	[68.62 s]
0.0.Hp: Trace Attempt 1199	[69.14 s]
0.0.AM: Trace Attempt 213	[71.43 s]
0.0.Ht: Trace Attempt 7868	[72.12 s]
0.0.B: Trace Attempt 7149	[72.14 s]
0.0.N: Trace Attempt 128	[72.64 s]
0.0.Hp: Trace Attempt 1247	[73.15 s]
0.0.AM: Trace Attempt 245	[75.48 s]
0.0.Ht: Trace Attempt 8065	[76.12 s]
0.0.B: Trace Attempt 7329	[76.14 s]
0.0.N: Trace Attempt 195	[76.72 s]
0.0.Hp: Trace Attempt 1294	[77.18 s]
0.0.AM: Trace Attempt 281	[79.61 s]
0.0.N: Trace Attempt  1	[79.86 s]
0.0.N: Trace Attempt  2	[79.86 s]
0.0.N: Trace Attempt  3	[79.86 s]
0.0.N: Trace Attempt  4	[79.86 s]
0.0.N: Trace Attempt  5	[79.87 s]
0.0.Ht: Trace Attempt 8243	[80.12 s]
0.0.B: Trace Attempt 7503	[80.15 s]
0.0.Hp: Trace Attempt 1339	[81.25 s]
0.0.AM: Trace Attempt 315	[83.62 s]
0.0.N: Trace Attempt 132	[83.88 s]
0.0.Ht: Trace Attempt 8434	[84.14 s]
0.0.B: Trace Attempt 7673	[84.15 s]
0.0.Hp: Trace Attempt 1383	[85.33 s]
0.0.AM: Trace Attempt 347	[87.68 s]
0.0.N: Trace Attempt 198	[87.96 s]
0.0.Ht: Trace Attempt 8608	[88.16 s]
0.0.B: Trace Attempt 7839	[88.17 s]
0.0.Hp: Trace Attempt 1425	[89.35 s]
0.0.N: Trace Attempt  1	[90.50 s]
0.0.N: Trace Attempt  2	[90.50 s]
0.0.N: Trace Attempt  3	[90.50 s]
0.0.N: Trace Attempt  4	[90.50 s]
0.0.N: Trace Attempt  5	[90.51 s]
0.0.AM: Trace Attempt 377	[91.81 s]
0.0.Ht: Trace Attempt 8787	[92.18 s]
0.0.B: Trace Attempt 8000	[92.18 s]
0.0.Hp: Trace Attempt 1466	[93.41 s]
0.0.N: Trace Attempt 129	[94.52 s]
0.0.AM: Trace Attempt 408	[95.93 s]
0.0.Ht: Trace Attempt 8965	[96.18 s]
0.0.B: Trace Attempt 8159	[96.19 s]
0.0.Hp: Trace Attempt 1504	[97.45 s]
0.0.N: Trace Attempt 195	[98.55 s]
0.0.AM: Trace Attempt 443	[100.00 s]
0.0.Ht: Trace Attempt 9135	[100.19 s]
0.0.B: Trace Attempt 8316	[100.20 s]
0.0.Hp: Trace Attempt 1546	[101.51 s]
0.0.N: Trace Attempt  1	[101.69 s]
0.0.N: Trace Attempt  2	[101.69 s]
0.0.N: Trace Attempt  3	[101.69 s]
0.0.N: Trace Attempt  4	[101.70 s]
0.0.N: Trace Attempt  5	[101.70 s]
0.0.AM: Trace Attempt 453	[104.20 s]
0.0.Ht: Trace Attempt 9295	[104.21 s]
0.0.B: Trace Attempt 8471	[104.22 s]
0.0.Hp: Trace Attempt 1587	[105.61 s]
0.0.N: Trace Attempt 129	[105.72 s]
0.0.B: Trace Attempt 8617	[108.22 s]
0.0.Ht: Trace Attempt 9456	[108.22 s]
0.0.AM: Trace Attempt 461	[108.59 s]
0.0.Hp: Trace Attempt 1626	[109.64 s]
0.0.N: Trace Attempt 195	[109.76 s]
0.0.B: Trace Attempt 8769	[112.24 s]
0.0.Ht: Trace Attempt 9610	[112.25 s]
0.0.AM: Trace Attempt 477	[112.64 s]
0.0.N: Trace Attempt  1	[112.89 s]
0.0.N: Trace Attempt  2	[112.89 s]
0.0.N: Trace Attempt  3	[112.89 s]
0.0.N: Trace Attempt  4	[112.89 s]
0.0.N: Trace Attempt  5	[112.90 s]
0.0.Hp: Trace Attempt 1660	[113.67 s]
0.0.B: Trace Attempt 8906	[116.25 s]
0.0.Ht: Trace Attempt 9762	[116.27 s]
0.0.AM: Trace Attempt 500	[116.75 s]
0.0.N: Trace Attempt 129	[116.92 s]
0.0.Hp: Trace Attempt 1697	[117.73 s]
0.0.B: Trace Attempt 9027	[120.25 s]
0.0.Ht: Trace Attempt 9919	[120.27 s]
0.0.AM: Trace Attempt 513	[120.76 s]
0.0.N: Trace Attempt 195	[120.96 s]
0.0.Hp: Trace Attempt 1733	[121.78 s]
0.0.N: Trace Attempt  1	[124.09 s]
0.0.N: Trace Attempt  2	[124.09 s]
0.0.N: Trace Attempt  3	[124.09 s]
0.0.N: Trace Attempt  4	[124.10 s]
0.0.N: Trace Attempt  5	[124.10 s]
0.0.B: Trace Attempt 9169	[124.26 s]
0.0.Ht: Trace Attempt 10069	[124.28 s]
0.0.AM: Trace Attempt 532	[124.95 s]
0.0.Hp: Trace Attempt 1768	[125.84 s]
0.0.N: Trace Attempt 133	[128.13 s]
0.0.B: Trace Attempt 9311	[128.26 s]
0.0.Ht: Trace Attempt 10218	[128.28 s]
0.0.AM: Trace Attempt 547	[129.05 s]
0.0.Hp: Trace Attempt 1802	[129.88 s]
0.0.N: Trace Attempt 200	[132.17 s]
0.0.B: Trace Attempt 9450	[132.27 s]
0.0.Ht: Trace Attempt 10362	[132.30 s]
0.0.AM: Trace Attempt 561	[133.27 s]
0.0.Hp: Trace Attempt 1835	[133.88 s]
0.0.N: Trace Attempt  1	[134.62 s]
0.0.N: Trace Attempt  2	[134.62 s]
0.0.N: Trace Attempt  3	[134.62 s]
0.0.N: Trace Attempt  4	[134.63 s]
0.0.N: Trace Attempt  5	[134.63 s]
0.0.B: Trace Attempt 9588	[136.28 s]
0.0.Ht: Trace Attempt 10503	[136.31 s]
0.0.AM: Trace Attempt 573	[137.34 s]
0.0.Hp: Trace Attempt 1868	[137.95 s]
0.0.N: Trace Attempt 129	[138.63 s]
0.0.B: Trace Attempt 9723	[140.30 s]
0.0.Ht: Trace Attempt 10641	[140.31 s]
0.0.AM: Trace Attempt 588	[141.63 s]
0.0.Hp: Trace Attempt 1900	[141.99 s]
0.0.N: Trace Attempt 195	[142.65 s]
0.0.B: Trace Attempt 9854	[144.30 s]
0.0.Ht: Trace Attempt 10782	[144.33 s]
0.0.N: Trace Attempt  1	[145.67 s]
0.0.N: Trace Attempt  2	[145.67 s]
0.0.N: Trace Attempt  3	[145.67 s]
0.0.N: Trace Attempt  4	[145.68 s]
0.0.N: Trace Attempt  5	[145.68 s]
0.0.AM: Trace Attempt 603	[145.72 s]
0.0.Hp: Trace Attempt 1931	[146.03 s]
0.0.B: Trace Attempt 9985	[148.31 s]
0.0.Ht: Trace Attempt 10921	[148.33 s]
0.0.N: Trace Attempt 133	[149.70 s]
0.0.AM: Trace Attempt 616	[150.03 s]
0.0.Hp: Trace Attempt 1962	[150.11 s]
0.0.B: Trace Attempt 10113	[152.32 s]
0.0.Ht: Trace Attempt 11060	[152.33 s]
0.0.N: Trace Attempt 200	[153.73 s]
0.0.Hp: Trace Attempt 1992	[154.12 s]
0.0.AM: Trace Attempt 629	[154.68 s]
0.0.N: Trace Attempt  1	[156.21 s]
0.0.N: Trace Attempt  2	[156.22 s]
0.0.N: Trace Attempt  3	[156.22 s]
0.0.N: Trace Attempt  4	[156.22 s]
0.0.N: Trace Attempt  5	[156.22 s]
0.0.Ht: Trace Attempt 11194	[156.34 s]
0.0.B: Trace Attempt 10242	[156.35 s]
0.0.Hp: Trace Attempt 2022	[158.16 s]
0.0.AM: Trace Attempt 641	[158.69 s]
0.0.N: Trace Attempt 128	[160.22 s]
0.0.Ht: Trace Attempt 11320	[160.34 s]
0.0.B: Trace Attempt 10366	[160.38 s]
0.0.Hp: Trace Attempt 2052	[162.29 s]
0.0.AM: Trace Attempt 654	[162.72 s]
0.0.N: Trace Attempt 195	[164.30 s]
0.0.Ht: Trace Attempt 11450	[164.36 s]
0.0.B: Trace Attempt 10488	[164.39 s]
0.0.Hp: Trace Attempt 2081	[166.39 s]
0.0.AM: Trace Attempt 664	[166.81 s]
0.0.N: Trace Attempt  1	[167.40 s]
0.0.N: Trace Attempt  2	[167.41 s]
0.0.N: Trace Attempt  3	[167.41 s]
0.0.N: Trace Attempt  4	[167.41 s]
0.0.N: Trace Attempt  5	[167.41 s]
0.0.Ht: Trace Attempt 11572	[168.38 s]
0.0.B: Trace Attempt 10609	[168.42 s]
0.0.Hp: Trace Attempt 2110	[170.46 s]
0.0.AM: Trace Attempt 672	[170.84 s]
0.0.N: Trace Attempt 117	[171.47 s]
0.0.Ht: Trace Attempt 11696	[172.39 s]
0.0.B: Trace Attempt 10723	[172.44 s]
0.0.Hp: Trace Attempt 2138	[174.48 s]
0.0.AM: Trace Attempt 683	[175.12 s]
0.0.N: Trace Attempt 175	[175.51 s]
0.0.Ht: Trace Attempt 11822	[176.41 s]
0.0.B: Trace Attempt 10841	[176.44 s]
0.0.Hp: Trace Attempt 2166	[178.54 s]
0.0.AM: Trace Attempt 693	[179.24 s]
0.0.N: Trace Attempt 226	[179.55 s]
0.0.N: Trace Attempt  1	[180.23 s]
0.0.N: Trace Attempt  2	[180.23 s]
0.0.N: Trace Attempt  3	[180.23 s]
0.0.N: Trace Attempt  4	[180.24 s]
0.0.N: Trace Attempt  5	[180.24 s]
0.0.Ht: Trace Attempt 11945	[180.43 s]
0.0.B: Trace Attempt 10953	[180.47 s]
0.0.N: Trace Attempt 57	[180.93 s]
0.0.N: Stopped processing property "Load_Store.p1"	[180.98 s].
0.0.N: Morphing to Ncustom1
0.0.N: All properties determined. [0.00 s]
0.0.N: Exited with Success (@ 0.00 s)
0.0.Ncustom1: clocks: 1, declared: 1, looping: 0, posedge: 1, negedge: 0, noedge: 0, bothedge: 0
0.0.Ncustom1: Starting proof for property "Load_Store.p1"	[0.00 s].
0.0.Ncustom1: Trace Attempt 244	[0.04 s]
0.0.Tri: Proofgrid shell started at 150181@vlsi-moon(local) jg_148591_vlsi-moon_1
0.0.Tri: clocks: 1, declared: 1, looping: 0, posedge: 1, negedge: 0, noedge: 0, bothedge: 0
0.0.Tri: Last scan. Per property time limit: 0s
0.0.Tri: Starting proof for property "Load_Store.p1"	[0.00 s].
0.0.Tri: Trace Attempt  1	[0.00 s]
0.0.B: Trace Attempt 10965	[180.89 s]
0.0.B: Stopped processing property "Load_Store.p1"	[181.03 s].
0.0.B: Morphing to Bcustom2
0.0.B: All properties determined. [0.00 s]
0.0.B: Exited with Success (@ 0.00 s)
0.0.Bcustom2: clocks: 1, declared: 1, looping: 0, posedge: 1, negedge: 0, noedge: 0, bothedge: 0
0.0.Bcustom2: Starting proof for property "Load_Store.p1"	[0.00 s].
0.0.Bcustom2: Trace Attempt  1	[0.00 s]
0.0.Bcustom2: Trace Attempt  2	[0.00 s]
0.0.Bcustom2: Trace Attempt  1	[0.00 s]
0.0.Bcustom2: Trace Attempt  2	[0.00 s]
0.0.Bcustom2: Trace Attempt  3	[0.00 s]
0.0.Bcustom2: Trace Attempt  1	[0.00 s]
0.0.Bcustom2: Trace Attempt  2	[0.00 s]
0.0.Bcustom2: Trace Attempt  3	[0.00 s]
0.0.Bcustom2: Trace Attempt  4	[0.00 s]
0.0.Bcustom2: Trace Attempt  5	[0.00 s]
0.0.Bcustom2: Trace Attempt  1	[0.00 s]
0.0.Bcustom2: Trace Attempt  2	[0.00 s]
0.0.Bcustom2: Trace Attempt  3	[0.01 s]
0.0.Bcustom2: Trace Attempt  4	[0.01 s]
0.0.Bcustom2: Trace Attempt  5	[0.01 s]
0.0.Bcustom2: Trace Attempt  1	[0.01 s]
0.0.Bcustom2: Trace Attempt  2	[0.01 s]
0.0.Bcustom2: Trace Attempt  3	[0.01 s]
0.0.Bcustom2: Trace Attempt  4	[0.01 s]
0.0.Bcustom2: Trace Attempt  5	[0.01 s]
0.0.Bcustom2: Trace Attempt  1	[0.02 s]
0.0.Bcustom2: Trace Attempt  2	[0.02 s]
0.0.Bcustom2: Trace Attempt  3	[0.02 s]
0.0.Bcustom2: Trace Attempt  4	[0.02 s]
0.0.Bcustom2: Trace Attempt  5	[0.02 s]
0.0.Bcustom2: Trace Attempt  1	[0.03 s]
0.0.Bcustom2: Trace Attempt  2	[0.03 s]
0.0.Bcustom2: Trace Attempt  3	[0.03 s]
0.0.Bcustom2: Trace Attempt  4	[0.03 s]
0.0.Bcustom2: Trace Attempt  5	[0.03 s]
0.0.AM: Trace Attempt 696	[180.31 s]
0.0.AM: Stopped processing property "Load_Store.p1"	[181.07 s].
0.0.AM: Morphing to AMcustom3
0.0.Tri:    0.00" ---- Launching main thread ----
0.0.AM: All properties determined. [0.00 s]
0.0.AM: Exited with Success (@ 0.00 s)
0.0.AMcustom3: clocks: 1, declared: 1, looping: 0, posedge: 1, negedge: 0, noedge: 0, bothedge: 0
0.0.AMcustom3: Starting proof for property "Load_Store.p1"	[0.00 s].
0.0.AMcustom3: Trace Attempt  1	[0.00 s]
0.0.AMcustom3: Trace Attempt  2	[0.00 s]
0.0.AMcustom3: Trace Attempt  3	[0.00 s]
0.0.AMcustom3: Trace Attempt  4	[0.00 s]
0.0.AMcustom3: Trace Attempt  5	[0.00 s]
0.0.Bcustom2: Trace Attempt  1	[0.07 s]
0.0.Bcustom2: Trace Attempt  2	[0.07 s]
0.0.Bcustom2: Trace Attempt  3	[0.07 s]
0.0.Bcustom2: Trace Attempt  4	[0.07 s]
0.0.Bcustom2: Trace Attempt  5	[0.07 s]
0.0.AMcustom3: Trace Attempt  1	[0.00 s]
0.0.AMcustom3: Trace Attempt  2	[0.01 s]
0.0.AMcustom3: Trace Attempt  3	[0.01 s]
0.0.AMcustom3: Trace Attempt  4	[0.01 s]
0.0.AMcustom3: Trace Attempt  5	[0.01 s]
0.0.Tri:    0.04" ---- Launching abstraction thread ----
0.0.AMcustom3: Trace Attempt  1	[0.03 s]
0.0.AMcustom3: Trace Attempt  2	[0.03 s]
0.0.AMcustom3: Trace Attempt  3	[0.03 s]
0.0.Tri:    0.05" ---- Launching multi-phase simplification thread ----
0.0.AMcustom3: Trace Attempt  4	[0.04 s]
0.0.AMcustom3: Trace Attempt  5	[0.04 s]
0.0.Tri:    0.07" ---- Launching liveness simplification thread ----
0.0.Bcustom2: Trace Attempt  1	[0.14 s]
0.0.Bcustom2: Trace Attempt  2	[0.14 s]
0.0.Bcustom2: Trace Attempt  3	[0.14 s]
0.0.Bcustom2: Trace Attempt  4	[0.14 s]
0.0.Bcustom2: Trace Attempt  5	[0.14 s]
0.0.AMcustom3: Trace Attempt  1	[0.09 s]
0.0.AMcustom3: Trace Attempt  2	[0.09 s]
0.0.AMcustom3: Trace Attempt  3	[0.10 s]
0.0.AMcustom3: Trace Attempt  4	[0.10 s]
0.0.AMcustom3: Trace Attempt  5	[0.10 s]
0.0.Bcustom2: Trace Attempt  1	[0.34 s]
0.0.Bcustom2: Trace Attempt  2	[0.34 s]
0.0.Bcustom2: Trace Attempt  3	[0.34 s]
0.0.Bcustom2: Trace Attempt  4	[0.34 s]
0.0.Bcustom2: Trace Attempt  5	[0.34 s]
0.0.AMcustom3: Trace Attempt  1	[0.32 s]
0.0.AMcustom3: Trace Attempt  2	[0.32 s]
0.0.AMcustom3: Trace Attempt  3	[0.32 s]
0.0.AMcustom3: Trace Attempt  4	[0.32 s]
0.0.AMcustom3: Trace Attempt  5	[0.33 s]
0.0.Ncustom1: Trace Attempt  1	[0.52 s]
0.0.Ncustom1: Trace Attempt  2	[0.53 s]
0.0.Ncustom1: Trace Attempt  3	[0.53 s]
0.0.Ncustom1: Trace Attempt  4	[0.53 s]
0.0.Ncustom1: Trace Attempt  5	[0.53 s]
0.0.Tri:    0.92" Simplification phase 1 complete
0.0.AMcustom3: Trace Attempt  1	[1.06 s]
0.0.AMcustom3: Trace Attempt  2	[1.06 s]
0.0.AMcustom3: Trace Attempt  3	[1.06 s]
0.0.AMcustom3: Trace Attempt  4	[1.07 s]
0.0.AMcustom3: Trace Attempt  5	[1.07 s]
0.0.AMcustom3: Trace Attempt  8	[1.08 s]
0.0.AMcustom3: Stopped processing property "Load_Store.p1"	[1.09 s].
0.0.AMcustom3: Morphing to M
0.0.AMcustom3: All properties determined. [0.00 s]
0.0.AMcustom3: Exited with Success (@ 0.00 s)
0.0.M: clocks: 1, declared: 1, looping: 0, posedge: 1, negedge: 0, noedge: 0, bothedge: 0
0.0.M: Starting proof for property "Load_Store.p1"	[0.00 s].
0.0.M: Trace Attempt  1	[0.00 s]
0.0.M: Trace Attempt  2	[0.00 s]
0.0.M: Trace Attempt  3	[0.00 s]
0.0.M: Trace Attempt  4	[0.01 s]
0.0.M: Trace Attempt  5	[0.01 s]
0.0.Tri: Stopped processing property "Load_Store.p1"	[1.18 s].
0.0.Tri: Morphing to AMcustom5
0.0.Tri: All properties determined. [0.00 s]
0.0.Tri: Exited with Success (@ 0.00 s)
0.0.AMcustom5: clocks: 1, declared: 1, looping: 0, posedge: 1, negedge: 0, noedge: 0, bothedge: 0
0.0.AMcustom5: Starting proof for property "Load_Store.p1"	[0.00 s].
0.0.AMcustom5: Trace Attempt  1	[0.00 s]
0.0.AMcustom5: Trace Attempt  2	[0.00 s]
0.0.AMcustom5: Trace Attempt  1	[0.01 s]
0.0.AMcustom5: Trace Attempt  2	[0.01 s]
0.0.AMcustom5: Trace Attempt  3	[0.01 s]
0.0.AMcustom5: Trace Attempt  1	[0.01 s]
0.0.AMcustom5: Trace Attempt  2	[0.01 s]
0.0.AMcustom5: Trace Attempt  3	[0.01 s]
0.0.AMcustom5: Trace Attempt  4	[0.02 s]
0.0.AMcustom5: Trace Attempt  5	[0.02 s]
0.0.AMcustom5: Trace Attempt  1	[0.02 s]
0.0.AMcustom5: Trace Attempt  2	[0.02 s]
0.0.AMcustom5: Trace Attempt  3	[0.02 s]
0.0.AMcustom5: Trace Attempt  4	[0.02 s]
0.0.AMcustom5: Trace Attempt  5	[0.02 s]
0.0.AMcustom5: Trace Attempt  1	[0.03 s]
0.0.AMcustom5: Trace Attempt  2	[0.03 s]
0.0.AMcustom5: Trace Attempt  3	[0.03 s]
0.0.AMcustom5: Trace Attempt  4	[0.03 s]
0.0.AMcustom5: Trace Attempt  5	[0.03 s]
0.0.AMcustom5: Trace Attempt  1	[0.06 s]
0.0.AMcustom5: Trace Attempt  2	[0.06 s]
0.0.AMcustom5: Trace Attempt  3	[0.06 s]
0.0.AMcustom5: Trace Attempt  4	[0.06 s]
0.0.AMcustom5: Trace Attempt  5	[0.06 s]
0.0.AMcustom5: Trace Attempt  1	[0.06 s]
0.0.AMcustom5: Trace Attempt  2	[0.06 s]
0.0.AMcustom5: Trace Attempt  3	[0.06 s]
0.0.AMcustom5: Trace Attempt  4	[0.07 s]
0.0.AMcustom5: Trace Attempt  5	[0.07 s]
0.0.AMcustom5: Trace Attempt  1	[0.08 s]
0.0.AMcustom5: Trace Attempt  2	[0.09 s]
0.0.AMcustom5: Trace Attempt  3	[0.09 s]
0.0.AMcustom5: Trace Attempt  4	[0.09 s]
0.0.AMcustom5: Trace Attempt  5	[0.09 s]
0.0.AMcustom5: Trace Attempt  1	[0.14 s]
0.0.AMcustom5: Trace Attempt  2	[0.14 s]
0.0.AMcustom5: Trace Attempt  3	[0.14 s]
0.0.AMcustom5: Trace Attempt  4	[0.14 s]
0.0.AMcustom5: Trace Attempt  5	[0.14 s]
0.0.AMcustom5: Trace Attempt  1	[0.14 s]
0.0.AMcustom5: Trace Attempt  2	[0.15 s]
0.0.AMcustom5: Trace Attempt  3	[0.15 s]
0.0.AMcustom5: Trace Attempt  4	[0.15 s]
0.0.AMcustom5: Trace Attempt  5	[0.15 s]
0.0.AMcustom5: Trace Attempt  1	[0.17 s]
0.0.AMcustom5: Trace Attempt  2	[0.17 s]
0.0.AMcustom5: Trace Attempt  3	[0.17 s]
0.0.AMcustom5: Trace Attempt  4	[0.17 s]
0.0.AMcustom5: Trace Attempt  5	[0.17 s]
0.0.AMcustom5: Trace Attempt  1	[0.24 s]
0.0.AMcustom5: Trace Attempt  2	[0.24 s]
0.0.AMcustom5: Trace Attempt  3	[0.24 s]
0.0.AMcustom5: Trace Attempt  4	[0.25 s]
0.0.AMcustom5: Trace Attempt  5	[0.25 s]
0.0.Hp: Trace Attempt 2194	[182.65 s]
0.0.AMcustom5: Trace Attempt  1	[0.43 s]
0.0.AMcustom5: Trace Attempt  2	[0.43 s]
0.0.AMcustom5: Trace Attempt  3	[0.43 s]
0.0.AMcustom5: Trace Attempt  4	[0.43 s]
0.0.AMcustom5: Trace Attempt  5	[0.43 s]
0.0.AMcustom5: Trace Attempt  1	[0.43 s]
0.0.AMcustom5: Trace Attempt  2	[0.43 s]
0.0.AMcustom5: Trace Attempt  3	[0.43 s]
0.0.AMcustom5: Trace Attempt  4	[0.44 s]
0.0.AMcustom5: Trace Attempt  5	[0.44 s]
0.0.AMcustom5: Trace Attempt  1	[0.45 s]
0.0.AMcustom5: Trace Attempt  2	[0.45 s]
0.0.AMcustom5: Trace Attempt  3	[0.45 s]
0.0.AMcustom5: Trace Attempt  4	[0.46 s]
0.0.AMcustom5: Trace Attempt  5	[0.46 s]
0.0.AMcustom5: Trace Attempt  1	[0.53 s]
0.0.AMcustom5: Trace Attempt  2	[0.53 s]
0.0.AMcustom5: Trace Attempt  3	[0.53 s]
0.0.AMcustom5: Trace Attempt  4	[0.53 s]
0.0.AMcustom5: Trace Attempt  5	[0.54 s]
0.0.AMcustom5: Trace Attempt  1	[0.74 s]
0.0.AMcustom5: Trace Attempt  2	[0.74 s]
0.0.AMcustom5: Trace Attempt  3	[0.74 s]
0.0.AMcustom5: Trace Attempt  4	[0.74 s]
0.0.AMcustom5: Trace Attempt  5	[0.75 s]
0.0.AMcustom5: Trace Attempt  1	[1.53 s]
0.0.AMcustom5: Trace Attempt  2	[1.53 s]
0.0.AMcustom5: Trace Attempt  3	[1.53 s]
0.0.AMcustom5: Trace Attempt  4	[1.53 s]
0.0.AMcustom5: Trace Attempt  5	[1.53 s]
0.0.AMcustom5: Trace Attempt  1	[1.54 s]
0.0.AMcustom5: Trace Attempt  2	[1.54 s]
0.0.AMcustom5: Trace Attempt  3	[1.54 s]
0.0.AMcustom5: Trace Attempt  4	[1.55 s]
0.0.AMcustom5: Trace Attempt  5	[1.55 s]
0.0.AMcustom5: Trace Attempt  1	[1.66 s]
0.0.AMcustom5: Trace Attempt  2	[1.67 s]
0.0.AMcustom5: Trace Attempt  3	[1.67 s]
0.0.AMcustom5: Trace Attempt  4	[1.67 s]
0.0.AMcustom5: Trace Attempt  5	[1.67 s]
0.0.AMcustom5: Trace Attempt  1	[2.03 s]
0.0.AMcustom5: Trace Attempt  2	[2.03 s]
0.0.AMcustom5: Trace Attempt  3	[2.03 s]
0.0.AMcustom5: Trace Attempt  4	[2.04 s]
0.0.AMcustom5: Trace Attempt  5	[2.04 s]
0.0.AMcustom5: Trace Attempt 16	[2.09 s]
0.0.AMcustom5: Stopped processing property "Load_Store.p1"	[2.09 s].
0.0.AMcustom5: Morphing to ADcustom7
0.0.AMcustom5: All properties determined. [0.00 s]
0.0.AMcustom5: Exited with Success (@ 0.00 s)
0.0.ADcustom7: clocks: 1, declared: 1, looping: 0, posedge: 1, negedge: 0, noedge: 0, bothedge: 0
0.0.ADcustom7: Starting proof for property "Load_Store.p1"	[0.00 s].
0.0.ADcustom7: Trace Attempt  1	[0.00 s]
0.0.ADcustom7: Trace Attempt  2	[0.00 s]
0.0.ADcustom7: Trace Attempt  1	[0.00 s]
0.0.ADcustom7: Trace Attempt  2	[0.00 s]
0.0.ADcustom7: Trace Attempt  3	[0.00 s]
0.0.Ncustom1: Trace Attempt 112	[3.36 s]
0.0.Ncustom1: Stopped processing property "Load_Store.p1"	[3.39 s].
0.0.Ncustom1: Morphing to AMcustom3
0.0.Ncustom1: All properties determined. [0.00 s]
0.0.Ncustom1: Exited with Success (@ 0.00 s)
0.0.AMcustom3: clocks: 1, declared: 1, looping: 0, posedge: 1, negedge: 0, noedge: 0, bothedge: 0
0.0.AMcustom3: Starting proof for property "Load_Store.p1"	[0.00 s].
0.0.AMcustom3: Trace Attempt  1	[0.00 s]
0.0.AMcustom3: Trace Attempt  2	[0.00 s]
0.0.AMcustom3: Trace Attempt  3	[0.00 s]
0.0.AMcustom3: Trace Attempt  4	[0.00 s]
0.0.AMcustom3: Trace Attempt  5	[0.00 s]
0.0.ADcustom7: Trace Attempt  1	[0.01 s]
0.0.ADcustom7: Trace Attempt  2	[0.01 s]
0.0.AMcustom3: Trace Attempt  1	[0.01 s]
0.0.ADcustom7: Trace Attempt  3	[0.01 s]
0.0.ADcustom7: Trace Attempt  4	[0.01 s]
0.0.AMcustom3: Trace Attempt  2	[0.01 s]
0.0.AMcustom3: Trace Attempt  3	[0.01 s]
0.0.ADcustom7: Trace Attempt  5	[0.01 s]
0.0.ADcustom7: Trace Attempt  1	[0.02 s]
0.0.ADcustom7: Trace Attempt  2	[0.02 s]
0.0.ADcustom7: Trace Attempt  3	[0.02 s]
0.0.AMcustom3: Trace Attempt  4	[0.01 s]
0.0.ADcustom7: Trace Attempt  4	[0.02 s]
0.0.ADcustom7: Trace Attempt  5	[0.02 s]
0.0.AMcustom3: Trace Attempt  5	[0.01 s]
0.0.ADcustom7: Trace Attempt  1	[0.02 s]
0.0.ADcustom7: Trace Attempt  2	[0.02 s]
0.0.ADcustom7: Trace Attempt  4	[0.03 s]
0.0.AMcustom3: Trace Attempt  1	[0.03 s]
0.0.AMcustom3: Trace Attempt  2	[0.03 s]
0.0.AMcustom3: Trace Attempt  3	[0.03 s]
0.0.AMcustom3: Trace Attempt  4	[0.04 s]
0.0.ADcustom7: Trace Attempt  1	[0.05 s]
0.0.AMcustom3: Trace Attempt  5	[0.04 s]
0.0.ADcustom7: Trace Attempt  2	[0.05 s]
0.0.ADcustom7: Trace Attempt  3	[0.05 s]
0.0.ADcustom7: Trace Attempt  4	[0.05 s]
0.0.ADcustom7: Trace Attempt  5	[0.05 s]
0.0.ADcustom7: Trace Attempt  1	[0.05 s]
0.0.ADcustom7: Trace Attempt  2	[0.05 s]
0.0.ADcustom7: Trace Attempt  4	[0.05 s]
0.0.ADcustom7: Trace Attempt  1	[0.08 s]
0.0.ADcustom7: Trace Attempt  2	[0.08 s]
0.0.ADcustom7: Trace Attempt  4	[0.08 s]
0.0.AMcustom3: Trace Attempt  1	[0.09 s]
0.0.AMcustom3: Trace Attempt  2	[0.10 s]
0.0.AMcustom3: Trace Attempt  3	[0.10 s]
0.0.AMcustom3: Trace Attempt  4	[0.10 s]
0.0.AMcustom3: Trace Attempt  5	[0.10 s]
0.0.ADcustom7: Trace Attempt  1	[0.15 s]
0.0.ADcustom7: Trace Attempt  2	[0.15 s]
0.0.ADcustom7: Trace Attempt  3	[0.15 s]
0.0.ADcustom7: Trace Attempt  4	[0.15 s]
0.0.ADcustom7: Trace Attempt  5	[0.15 s]
0.0.ADcustom7: Trace Attempt  1	[0.15 s]
0.0.ADcustom7: Trace Attempt  2	[0.15 s]
0.0.Ht: Trace Attempt 12066	[184.45 s]
0.0.ADcustom7: Trace Attempt  4	[0.15 s]
0.0.ADcustom7: Trace Attempt  1	[0.17 s]
0.0.ADcustom7: Trace Attempt  2	[0.17 s]
0.0.ADcustom7: Trace Attempt  5	[0.18 s]
0.0.ADcustom7: Trace Attempt  1	[0.24 s]
0.0.ADcustom7: Trace Attempt  2	[0.24 s]
0.0.ADcustom7: Trace Attempt  5	[0.24 s]
0.0.AMcustom3: Trace Attempt  1	[0.31 s]
0.0.AMcustom3: Trace Attempt  2	[0.31 s]
0.0.AMcustom3: Trace Attempt  3	[0.31 s]
0.0.AMcustom3: Trace Attempt  4	[0.32 s]
0.0.AMcustom3: Trace Attempt  5	[0.32 s]
0.0.Bcustom2: Trace Attempt  1	[3.70 s]
0.0.Bcustom2: Stopped processing property "Load_Store.p1"	[3.70 s].
0.0.Bcustom2: Morphing to D
0.0.Bcustom2: All properties determined. [0.00 s]
0.0.Bcustom2: Exited with Success (@ 0.00 s)
0.0.D: clocks: 1, declared: 1, looping: 0, posedge: 1, negedge: 0, noedge: 0, bothedge: 0
0.0.D: Starting proof for property "Load_Store.p1"	[0.00 s].
0.0.D: Trace Attempt  1	[0.00 s]
0.0.D: Trace Attempt  2	[0.00 s]
0.0.D: Trace Attempt  4	[0.00 s]
0.0.ADcustom7: Trace Attempt  1	[0.61 s]
0.0.ADcustom7: Trace Attempt  2	[0.61 s]
0.0.ADcustom7: Trace Attempt  3	[0.61 s]
0.0.ADcustom7: Trace Attempt  4	[0.61 s]
0.0.ADcustom7: Trace Attempt  5	[0.61 s]
0.0.ADcustom7: Trace Attempt  1	[0.62 s]
0.0.ADcustom7: Trace Attempt  2	[0.62 s]
0.0.ADcustom7: Trace Attempt  4	[0.62 s]
0.0.ADcustom7: Trace Attempt  1	[0.64 s]
0.0.ADcustom7: Trace Attempt  2	[0.64 s]
0.0.ADcustom7: Trace Attempt  4	[0.64 s]
0.0.ADcustom7: Trace Attempt  1	[0.71 s]
0.0.ADcustom7: Trace Attempt  2	[0.71 s]
0.0.ADcustom7: Trace Attempt  4	[0.71 s]
0.0.ADcustom7: Trace Attempt  1	[0.99 s]
0.0.ADcustom7: Trace Attempt  2	[1.00 s]
0.0.ADcustom7: Trace Attempt  4	[1.00 s]
0.0.AMcustom3: Trace Attempt  1	[1.04 s]
0.0.AMcustom3: Trace Attempt  2	[1.05 s]
0.0.AMcustom3: Trace Attempt  3	[1.05 s]
0.0.AMcustom3: Trace Attempt  4	[1.05 s]
0.0.AMcustom3: Trace Attempt  5	[1.05 s]
0.0.M: Trace Attempt 124	[4.01 s]
0.0.Hp: Trace Attempt 2222	[186.76 s]
0.0.ADcustom7: Trace Attempt  1	[2.50 s]
0.0.ADcustom7: Trace Attempt  2	[2.50 s]
0.0.ADcustom7: Trace Attempt  3	[2.50 s]
0.0.ADcustom7: Trace Attempt  4	[2.50 s]
0.0.ADcustom7: Trace Attempt  5	[2.50 s]
0.0.ADcustom7: Trace Attempt  1	[2.50 s]
0.0.ADcustom7: Trace Attempt  2	[2.50 s]
0.0.ADcustom7: Trace Attempt  4	[2.51 s]
0.0.ADcustom7: Trace Attempt  1	[2.61 s]
0.0.ADcustom7: Trace Attempt  2	[2.61 s]
0.0.ADcustom7: Trace Attempt  5	[2.61 s]
0.0.ADcustom7: Trace Attempt  1	[2.97 s]
0.0.ADcustom7: Trace Attempt  2	[2.97 s]
0.0.ADcustom7: Trace Attempt  5	[2.98 s]
0.0.AMcustom3: Trace Attempt  1	[3.91 s]
0.0.AMcustom3: Trace Attempt  2	[3.91 s]
0.0.AMcustom3: Trace Attempt  3	[3.91 s]
0.0.AMcustom3: Trace Attempt  4	[3.92 s]
0.0.AMcustom3: Trace Attempt  5	[3.92 s]
0.0.AMcustom3: Trace Attempt 10	[3.94 s]
0.0.AMcustom3: Stopped processing property "Load_Store.p1"	[3.94 s].
0.0.AMcustom3: Morphing to Tri
0.0.AMcustom3: All properties determined. [0.00 s]
0.0.AMcustom3: Exited with Success (@ 0.00 s)
0.0.Tri: clocks: 1, declared: 1, looping: 0, posedge: 1, negedge: 0, noedge: 0, bothedge: 0
0.0.ADcustom7: Trace Attempt 33	[3.38 s]
0.0.ADcustom7: Stopped processing property "Load_Store.p1"	[3.95 s].
0.0.ADcustom7: Morphing to Tricustom8
0.0.ADcustom7: All properties determined. [0.00 s]
0.0.ADcustom7: Exited with Success (@ 0.00 s)
0.0.Tricustom8: clocks: 1, declared: 1, looping: 0, posedge: 1, negedge: 0, noedge: 0, bothedge: 0
0.0.Tri: Starting proof for property "Load_Store.p1"	[0.00 s].
0.0.Tri: Trace Attempt  1	[0.00 s]
0.0.Tricustom8: Starting proof for property "Load_Store.p1"	[0.00 s].
0.0.Tricustom8: Trace Attempt  1	[0.00 s]
0.0.M: Trace Attempt 147	[6.05 s]
0.0.M: Stopped processing property "Load_Store.p1"	[6.08 s].
0.0.M: Morphing to AMcustom5
0.0.M: All properties determined. [0.00 s]
0.0.M: Exited with Success (@ 0.00 s)
0.0.AMcustom5: clocks: 1, declared: 1, looping: 0, posedge: 1, negedge: 0, noedge: 0, bothedge: 0
0.0.AMcustom5: Starting proof for property "Load_Store.p1"	[0.00 s].
0.0.AMcustom5: Trace Attempt  1	[0.00 s]
0.0.AMcustom5: Trace Attempt  2	[0.00 s]
0.0.AMcustom5: Trace Attempt  1	[0.00 s]
0.0.AMcustom5: Trace Attempt  2	[0.00 s]
0.0.AMcustom5: Trace Attempt  3	[0.00 s]
0.0.AMcustom5: Trace Attempt  1	[0.00 s]
0.0.AMcustom5: Trace Attempt  2	[0.01 s]
0.0.AMcustom5: Trace Attempt  3	[0.01 s]
0.0.AMcustom5: Trace Attempt  4	[0.01 s]
0.0.AMcustom5: Trace Attempt  5	[0.01 s]
0.0.AMcustom5: Trace Attempt  1	[0.01 s]
0.0.AMcustom5: Trace Attempt  2	[0.01 s]
0.0.AMcustom5: Trace Attempt  3	[0.01 s]
0.0.AMcustom5: Trace Attempt  4	[0.01 s]
0.0.AMcustom5: Trace Attempt  5	[0.01 s]
0.0.AMcustom5: Trace Attempt  1	[0.01 s]
0.0.AMcustom5: Trace Attempt  2	[0.01 s]
0.0.AMcustom5: Trace Attempt  3	[0.02 s]
0.0.AMcustom5: Trace Attempt  4	[0.02 s]
0.0.AMcustom5: Trace Attempt  5	[0.02 s]
0.0.AMcustom5: Trace Attempt  1	[0.04 s]
0.0.AMcustom5: Trace Attempt  2	[0.04 s]
0.0.AMcustom5: Trace Attempt  3	[0.05 s]
0.0.AMcustom5: Trace Attempt  4	[0.05 s]
0.0.AMcustom5: Trace Attempt  5	[0.05 s]
0.0.AMcustom5: Trace Attempt  1	[0.05 s]
0.0.AMcustom5: Trace Attempt  2	[0.05 s]
0.0.AMcustom5: Trace Attempt  3	[0.05 s]
0.0.AMcustom5: Trace Attempt  4	[0.06 s]
0.0.Tri:    0.00" ---- Launching main thread ----
0.0.AMcustom5: Trace Attempt  5	[0.06 s]
0.0.AMcustom5: Trace Attempt  1	[0.07 s]
0.0.AMcustom5: Trace Attempt  2	[0.07 s]
0.0.AMcustom5: Trace Attempt  3	[0.07 s]
0.0.AMcustom5: Trace Attempt  4	[0.08 s]
0.0.AMcustom5: Trace Attempt  5	[0.08 s]
0.0.Tri:    0.04" ---- Launching abstraction thread ----
0.0.Tri:    0.05" ---- Launching multi-phase simplification thread ----
0.0.Tri:    0.07" ---- Launching liveness simplification thread ----
0.0.AMcustom5: Trace Attempt  1	[0.13 s]
0.0.AMcustom5: Trace Attempt  2	[0.13 s]
0.0.AMcustom5: Trace Attempt  3	[0.13 s]
0.0.AMcustom5: Trace Attempt  4	[0.13 s]
0.0.AMcustom5: Trace Attempt  5	[0.13 s]
0.0.AMcustom5: Trace Attempt  1	[0.13 s]
0.0.AMcustom5: Trace Attempt  2	[0.14 s]
0.0.AMcustom5: Trace Attempt  3	[0.14 s]
0.0.AMcustom5: Trace Attempt  4	[0.14 s]
0.0.AMcustom5: Trace Attempt  5	[0.14 s]
0.0.AMcustom5: Trace Attempt  1	[0.16 s]
0.0.AMcustom5: Trace Attempt  2	[0.16 s]
0.0.AMcustom5: Trace Attempt  3	[0.16 s]
0.0.AMcustom5: Trace Attempt  4	[0.16 s]
0.0.AMcustom5: Trace Attempt  5	[0.17 s]
0.0.Ht: Trace Attempt 12187	[188.47 s]
0.0.AMcustom5: Trace Attempt  1	[0.23 s]
0.0.AMcustom5: Trace Attempt  2	[0.24 s]
0.0.AMcustom5: Trace Attempt  3	[0.24 s]
0.0.AMcustom5: Trace Attempt  4	[0.25 s]
0.0.AMcustom5: Trace Attempt  5	[0.25 s]
0.0.Tri: Requesting engine job to terminate
0.0.D: Requesting engine job to terminate
0.0.AMcustom5: Requesting engine job to terminate
0.0.Tricustom8: Requesting engine job to terminate
0.0.Hp: Requesting engine job to terminate
0.0.Ht: Requesting engine job to terminate
INFO (IPF144): 0: Initiating shutdown of proof [188.63 s]
0.0.Tricustom8: A proof was found: No trace exists. [0.29 s]
INFO (IPF057): 0.0.Tricustom8: The property "Load_Store.p1" was proven in 0.29 s.
0.0.AMcustom5: Trace Attempt 11	[0.28 s]
0.0.AMcustom5: Stopped processing property "Load_Store.p1"	[0.29 s].
0.0.AMcustom5: All properties determined. [0.29 s]
0.0.D: Trace Attempt 65	[2.01 s]
0.0.D: Stopped processing property "Load_Store.p1"	[3.83 s].
0.0.D: All properties determined. [3.83 s]
0.0.AMcustom5: Exited with Success (@ 188.64 s)
0: ProofGrid usable level: 0
0.0.Ht: Trace Attempt 12189	[188.54 s]
0.0.Ht: All properties determined. [188.58 s]
0.0.Hp: Trace Attempt 2234	[188.52 s]
0.0.Hp: All properties determined. [188.66 s]
0.0.D: Exited with Success (@ 188.66 s)
0.0.Tri: Stopped processing property "Load_Store.p1"	[0.34 s].
0.0.Tri: All properties determined. [0.34 s]
0.0.Tri: Exited with Success (@ 188.68 s)
0.0.Ht: Exited with Success (@ 188.82 s)
0.0.Tricustom8: Stopped processing property "Load_Store.p1"	[0.49 s].
0.0.Tricustom8: All properties determined. [0.49 s]
0.0.Tricustom8: Exited with Success (@ 188.84 s)
0.0.Hp: Exited with Success (@ 188.94 s)
0: --------------------------------------------------------------
ProofGrid Summary (utilization 99.94 %)
--------------------------------------------------------------
     engines started                               :    15
     engine jobs started                           :     7

    Average time in state (seconds)
    ------------------------------------------------------
    Engine  Pending     Running        Dead    Utilization
    ------------------------------------------------------
     Hp        0.08      188.63        0.00       99.96 %
     Ht        0.08      188.55        0.00       99.96 %
     Oh        0.08        0.00        0.00        1.73 %
    Tri        0.09      188.61        0.00       99.95 %
      D        0.08      185.88        0.00       99.96 %
    AMcustom5        0.07      188.35        0.00       99.96 %
    Tricustom8        0.10        7.51        0.00       98.72 %
    all        0.08      135.36        0.00       99.94 %

    Total time in state (seconds)
    -----------------------------------------
            Pending     Running        Dead  
    -----------------------------------------
               0.58      947.55        0.00

    Data read    : 5.16 MiB
    Data written : 5.12 kiB

0: All pending notifications were processed.
INFO (IPF059): 0: Completed proof on task: "<embedded>"

==============================================================
SUMMARY
==============================================================
           Properties Considered              : 1
                 assertions                   : 1
                  - proven                    : 1 (100%)
                  - bounded_proven (user)     : 0 (0%)
                  - bounded_proven (auto)     : 0 (0%)
                  - marked_proven             : 0 (0%)
                  - cex                       : 0 (0%)
                  - ar_cex                    : 0 (0%)
                  - undetermined              : 0 (0%)
                  - unknown                   : 0 (0%)
                  - error                     : 0 (0%)
                 covers                       : 0
                  - unreachable               : 0
                  - bounded_unreachable (user): 0
                  - covered                   : 0
                  - ar_covered                : 0
                  - undetermined              : 0
                  - unknown                   : 0
                  - error                     : 0
proven
[<embedded>] % exit -force
INFO (IPL005): Received request to exit from the console.
INFO: Waiting for proof threads to stop...
INFO: Proof threads stopped.
INFO (IPL018): The peak resident set memory use for this session was 1.698 GB.
INFO (IPL014): Waiting for the Tcl-thread to exit.
INFO (IPL015): The Tcl-thread exited with status 0.
INFO (IPL016): Exiting the analysis session with status 0.
