2025-11-19 23:36:29.291437 (12115) main____ INFO    ----------------------------------------
2025-11-19 23:36:29.291476 (12115) main____ INFO    Jasper version info
2025-11-19 23:36:29.291480 (12115) main____ INFO      tool      : Jasper 2024.06
2025-11-19 23:36:29.291484 (12115) main____ INFO      version   : 2024.06p002 64 bits
2025-11-19 23:36:29.291487 (12115) main____ INFO      build date: 2024.09.02 16:28:38 UTC
2025-11-19 23:36:29.291489 (12115) main____ INFO    ----------------------------------------
2025-11-19 23:36:29.291491 (12115) main____ INFO    Runtime info:
2025-11-19 23:36:29.291493 (12115) main____ INFO      platform  : Linux 3.10.0-1160.62.1.el7.x86_64 x86_64
2025-11-19 23:36:29.291498 (12115) main____ INFO      hostname  : vlsi-ria84
2025-11-19 23:36:29.291502 (12115) main____ INFO      pid       : 12115
2025-11-19 23:36:29.291504 (12115) main____ INFO      arguments : '-style' 'windows' '-proj' '../jgprojects/s1_lcd_13' '-batch' 's1_lcd_13.tcl'
2025-11-19 23:36:29.291507 (12115) main____ INFO      locale    : ANSI_X3.4-1968
2025-11-19 23:36:29.291509 (12115) main____ INFO    ----------------------------------------
2025-11-19 23:36:29.291511 (12115) main____ INFO    System resource limits info:
2025-11-19 23:36:29.291513 (12115) main____ INFO      virtual memory: unlimited
2025-11-19 23:36:29.291517 (12115) main____ INFO      cpu time      : unlimited
2025-11-19 23:36:29.291521 (12115) main____ INFO      processes     : 4096
2025-11-19 23:36:29.291527 (12115) main____ INFO      stack size    : 8388608 B
2025-11-19 23:36:29.291530 (12115) main____ INFO      core file size: 1024 B
2025-11-19 23:36:29.291532 (12115) main____ INFO      open files    : 4096
2025-11-19 23:36:29.291535 (12115) main____ INFO      file size     : unlimited
2025-11-19 23:36:29.291537 (12115) main____ INFO    ----------------------------------------
2025-11-19 23:36:29.291538 (12115) main____ INFO    Memory statistics:
2025-11-19 23:36:29.291541 (12115) main____ INFO      total physical memory  : 65711068 kB
2025-11-19 23:36:29.291543 (12115) main____ INFO      free physical memory   : 50105640 kB
2025-11-19 23:36:29.291545 (12115) main____ INFO      committed address space: 6851812 kB
2025-11-19 23:36:29.291547 (12115) main____ INFO    ----------------------------------------
2025-11-19 23:36:29.292083 (12115) main____ INFO    Important environment variables:
2025-11-19 23:36:29.292094 (12115) main____ INFO      CDS_ASSURA         : '/eda/cadence/2023-24/RHELx86/ASSURA_04.16.115_231'
2025-11-19 23:36:29.292099 (12115) main____ INFO      CDS_AUTO_64BIT     : 'ALL'
2025-11-19 23:36:29.292102 (12115) main____ INFO      CDS_CONFRML        : '/eda/cadence/2023-24/RHELx86/CONFRML_23.10.300'
2025-11-19 23:36:29.292105 (12115) main____ INFO      CDS_DDIEXPORT      : '/eda/cadence/2023-24/RHELx86/DDIEXPORT_22.33.000'
2025-11-19 23:36:29.292108 (12115) main____ INFO      CDS_EMX            : '/eda/cadence/2023-24/RHELx86/EMX_23.10.000'
2025-11-19 23:36:29.292111 (12115) main____ INFO      CDS_GENUS          : '/eda/cadence/2023-24/RHELx86/DDIEXPORT_22.33.000/GENUS221'
2025-11-19 23:36:29.292114 (12115) main____ INFO      CDS_IC             : '/eda/cadence/2023-24/RHELx86/IC_23.10.020'
2025-11-19 23:36:29.292117 (12115) main____ INFO      CDS_INNOVUS        : '/eda/cadence/2023-24/RHELx86/DDIEXPORT_22.33.000/INNOVUS221'
2025-11-19 23:36:29.292121 (12115) main____ INFO      CDS_JLS            : '/eda/cadence/2023-24/RHELx86/DDIEXPORT_22.33.000/JLS221'
2025-11-19 23:36:29.292126 (12115) main____ INFO      CDS_LIC_FILE       : '/etc/local/cadence/license_8x.3868dd0560aa:5280@132.68.59.69:/etc/local/cadence/license_8x.1831bfb82c67:5280@132.68.59.64:/etc/local/cadence/license_8x.0894ef683fc3:5280@132.68.59.79:/etc/local/cadence/license_8x.1831bfb82c67:5280@132.68.59.61'
2025-11-19 23:36:29.292133 (12115) main____ INFO      CDS_LITMUS         : '/eda/cadence/2023-24/RHELx86/LITMUS_23.10.300'
2025-11-19 23:36:29.292136 (12115) main____ INFO      CDS_MODUS          : '/eda/cadence/2023-24/RHELx86/MODUS_22.12.000'
2025-11-19 23:36:29.292139 (12115) main____ INFO      CDS_MVS            : '/eda/cadence/2023-24/RHELx86/MVS_21.12.000'
2025-11-19 23:36:29.292143 (12115) main____ INFO      CDS_Netlisting_Mode: 'Analog'
2025-11-19 23:36:29.292147 (12115) main____ INFO      CDS_PEGASUS        : '/eda/cadence/2023-24/RHELx86/PEGASUS_23.11.000'
2025-11-19 23:36:29.292150 (12115) main____ INFO      CDS_PEGASUSDFM     : '/eda/cadence/2023-24/RHELx86/PEGASUSDFM_23.11.000'
2025-11-19 23:36:29.292153 (12115) main____ INFO      CDS_PVS            : '/eda/cadence/2023-24/RHELx86/PVS_22.22.000'
2025-11-19 23:36:29.292156 (12115) main____ INFO      CDS_QUANTUS        : '/eda/cadence/2023-24/RHELx86/QUANTUS_23.10.000'
2025-11-19 23:36:29.292159 (12115) main____ INFO      CDS_SPECTRE        : '/eda/cadence/2023-24/RHELx86/SPECTRE_23.10.242'
2025-11-19 23:36:29.292161 (12115) main____ INFO      CDS_SSV            : '/eda/cadence/2023-24/RHELx86/SSV_22.13.000'
2025-11-19 23:36:29.292164 (12115) main____ INFO      CDS_USE_PALETTE    : ''
2025-11-19 23:36:29.292167 (12115) main____ INFO      CDS_VERISIUMDEBUG  : '/eda/cadence/2023-24/RHELx86/VERISIUMDEBUG_23.03.001'
2025-11-19 23:36:29.292170 (12115) main____ INFO      CDS_VIPCAT         : '/eda/cadence/2023-24/RHELx86/VIPCAT_11.30.093'
2025-11-19 23:36:29.292173 (12115) main____ INFO      CDS_VMANAGER       : '/eda/cadence/2023-24/RHELx86/VMANAGER_23.03.004'
2025-11-19 23:36:29.292176 (12115) main____ INFO      CDS_XCELIUM        : '/eda/cadence/2023-24/RHELx86/XCELIUM_23.03.007'
2025-11-19 23:36:29.292179 (12115) main____ INFO      DISPLAY            : 'localhost:11.0'
2025-11-19 23:36:29.292182 (12115) main____ INFO      JASPER_CPU_CHECK   : '1'
2025-11-19 23:36:29.292184 (12115) main____ INFO      JASPER_INSTALL_DIR : '/tools/cadence2425/JASPER/jasper_2024.06p002'
2025-11-19 23:36:29.292187 (12115) main____ INFO      JASPER_KERNEL_CHECK: '1'
2025-11-19 23:36:29.292190 (12115) main____ INFO      JASPER_OS_CHECK    : '1'
2025-11-19 23:36:29.292192 (12115) main____ INFO      LANG               : 'C'
2025-11-19 23:36:29.292195 (12115) main____ INFO      TMPDIR             : '/tmp'
2025-11-19 23:36:29.292197 (12115) main____ INFO    ----------------------------------------
2025-11-19 23:36:29.292584 (12115) lic_core INFO    Initializing license system ...
2025-11-19 23:36:29.294240 (12115) lic_core INFO    ... license system initialized.
2025-11-19 23:36:29.300658 (12115) lic__man INFO    Claim 'fpv' for <ui>.
2025-11-19 23:36:29.300686 (12115) lic_core INFO    (1) checking out 'jasper_fpv' ...
2025-11-19 23:36:29.313941 (12115) lic_core INFO    ... (1) checkout failed (error: -5) ("FLEXnet ERROR(-5, 0, 0): No such feature exists.")
2025-11-19 23:36:29.313957 (12115) lic_core INFO    (2) checking out 'jasper_fao' ...
2025-11-19 23:36:29.322065 (12115) lic_core INFO    ... (2) checkout succeeded
2025-11-19 23:36:29.345752 (12115) session_ INFO    Starting analysis session with session id 'session_0' (launcher: <local>) ...
2025-11-19 23:36:29.346538 (12115) session_ INFO    Analysis session with session id 'session_0' started (pid: 12134)
2025-11-19 23:36:29.911929 (12115) session_ INFO    Analysis session 'session_0' connected to the console (host: 127.0.0.1:48788)
2025-11-19 23:36:30.310886 (12115) lic__man INFO    Unclaim everything for 'session_0'.
2025-11-19 23:36:30.352834 (12115) lic__man INFO    Claim 'fpv' for 'session_0'.
2025-11-19 23:36:30.352845 (12115) lic__man INFO    Claim 'fpv' for 'session_0/prove-0'.
2025-11-19 23:36:30.468603 (12115) lic__man INFO    Unclaim everything for 'session_0/prove-0'.
2025-11-19 23:36:30.470061 (12115) main____ INFO    About to exit: request to exit with status 0 received from analysis session 'session_0'
2025-11-19 23:36:30.533337 (12115) session_ INFO    Analysis session 'session_0' disconnected.
2025-11-19 23:36:30.533399 (12115) lic__man INFO    Unclaim everything for 'session_0'.
2025-11-19 23:36:30.533475 (12115) session_ INFO    Process for analysis session 'session_0' has exited with exit status '0'.
2025-11-19 23:36:32.372996 (12115) lic_core INFO    (2) checkin jasper_fao
2025-11-19 23:36:32.374128 (12115) main____ INFO    Exiting with status 0.
