2025-11-17 19:55:54.416277 (32902) main____ INFO    ----------------------------------------
2025-11-17 19:55:54.416371 (32902) main____ INFO    Jasper version info
2025-11-17 19:55:54.416379 (32902) main____ INFO      tool      : Jasper 2024.06
2025-11-17 19:55:54.416388 (32902) main____ INFO      version   : 2024.06p002 64 bits
2025-11-17 19:55:54.416394 (32902) main____ INFO      build date: 2024.09.02 16:28:38 UTC
2025-11-17 19:55:54.416397 (32902) main____ INFO    ----------------------------------------
2025-11-17 19:55:54.416400 (32902) main____ INFO    Runtime info:
2025-11-17 19:55:54.416405 (32902) main____ INFO      platform  : Linux 3.10.0-1062.el7.x86_64 x86_64
2025-11-17 19:55:54.416416 (32902) main____ INFO      hostname  : vlsi-moon
2025-11-17 19:55:54.416422 (32902) main____ INFO      pid       : 32902
2025-11-17 19:55:54.416426 (32902) main____ INFO      arguments : '-style' 'windows' '-proj' '../jgprojects/delay_11' '-batch' 'delay_11.tcl'
2025-11-17 19:55:54.416431 (32902) main____ INFO      locale    : ANSI_X3.4-1968
2025-11-17 19:55:54.416434 (32902) main____ INFO    ----------------------------------------
2025-11-17 19:55:54.416437 (32902) main____ INFO    System resource limits info:
2025-11-17 19:55:54.416443 (32902) main____ INFO      virtual memory: unlimited
2025-11-17 19:55:54.416451 (32902) main____ INFO      cpu time      : unlimited
2025-11-17 19:55:54.416461 (32902) main____ INFO      processes     : 4096
2025-11-17 19:55:54.416473 (32902) main____ INFO      stack size    : 8388608 B
2025-11-17 19:55:54.416479 (32902) main____ INFO      core file size: 1024 B
2025-11-17 19:55:54.416484 (32902) main____ INFO      open files    : 4096
2025-11-17 19:55:54.416489 (32902) main____ INFO      file size     : unlimited
2025-11-17 19:55:54.416504 (32902) main____ INFO    ----------------------------------------
2025-11-17 19:55:54.416507 (32902) main____ INFO    Memory statistics:
2025-11-17 19:55:54.416513 (32902) main____ INFO      total physical memory  : 527831204 kB
2025-11-17 19:55:54.416518 (32902) main____ INFO      free physical memory   : 2520984 kB
2025-11-17 19:55:54.416523 (32902) main____ INFO      committed address space: 722514140 kB
2025-11-17 19:55:54.416527 (32902) main____ INFO    ----------------------------------------
2025-11-17 19:55:54.417446 (32902) main____ INFO    Important environment variables:
2025-11-17 19:55:54.417468 (32902) main____ INFO      CDS_ASSURA         : '/eda/cadence/2023-24/RHELx86/ASSURA_04.16.115_231'
2025-11-17 19:55:54.417475 (32902) main____ INFO      CDS_AUTO_64BIT     : 'ALL'
2025-11-17 19:55:54.417481 (32902) main____ INFO      CDS_CONFRML        : '/eda/cadence/2023-24/RHELx86/CONFRML_23.10.300'
2025-11-17 19:55:54.417487 (32902) main____ INFO      CDS_DDIEXPORT      : '/eda/cadence/2023-24/RHELx86/DDIEXPORT_22.33.000'
2025-11-17 19:55:54.417493 (32902) main____ INFO      CDS_EMX            : '/eda/cadence/2023-24/RHELx86/EMX_23.10.000'
2025-11-17 19:55:54.417500 (32902) main____ INFO      CDS_GENUS          : '/eda/cadence/2023-24/RHELx86/DDIEXPORT_22.33.000/GENUS221'
2025-11-17 19:55:54.417506 (32902) main____ INFO      CDS_IC             : '/eda/cadence/2023-24/RHELx86/IC_23.10.020'
2025-11-17 19:55:54.417512 (32902) main____ INFO      CDS_INNOVUS        : '/eda/cadence/2023-24/RHELx86/DDIEXPORT_22.33.000/INNOVUS221'
2025-11-17 19:55:54.417518 (32902) main____ INFO      CDS_JLS            : '/eda/cadence/2023-24/RHELx86/DDIEXPORT_22.33.000/JLS221'
2025-11-17 19:55:54.417528 (32902) main____ INFO      CDS_LIC_FILE       : '/etc/local/cadence/license_8x.3868dd0560aa:5280@132.68.59.69:/etc/local/cadence/license_8x.1831bfb82c67:5280@132.68.59.64:/etc/local/cadence/license_8x.0894ef683fc3:5280@132.68.59.79:/etc/local/cadence/license_8x.1831bfb82c67:5280@132.68.59.61'
2025-11-17 19:55:54.417542 (32902) main____ INFO      CDS_LITMUS         : '/eda/cadence/2023-24/RHELx86/LITMUS_23.10.300'
2025-11-17 19:55:54.417548 (32902) main____ INFO      CDS_MODUS          : '/eda/cadence/2023-24/RHELx86/MODUS_22.12.000'
2025-11-17 19:55:54.417554 (32902) main____ INFO      CDS_MVS            : '/eda/cadence/2023-24/RHELx86/MVS_21.12.000'
2025-11-17 19:55:54.417562 (32902) main____ INFO      CDS_Netlisting_Mode: 'Analog'
2025-11-17 19:55:54.417568 (32902) main____ INFO      CDS_PEGASUS        : '/eda/cadence/2023-24/RHELx86/PEGASUS_23.11.000'
2025-11-17 19:55:54.417575 (32902) main____ INFO      CDS_PEGASUSDFM     : '/eda/cadence/2023-24/RHELx86/PEGASUSDFM_23.11.000'
2025-11-17 19:55:54.417580 (32902) main____ INFO      CDS_PVS            : '/eda/cadence/2023-24/RHELx86/PVS_22.22.000'
2025-11-17 19:55:54.417586 (32902) main____ INFO      CDS_QUANTUS        : '/eda/cadence/2023-24/RHELx86/QUANTUS_23.10.000'
2025-11-17 19:55:54.417592 (32902) main____ INFO      CDS_SPECTRE        : '/eda/cadence/2023-24/RHELx86/SPECTRE_23.10.242'
2025-11-17 19:55:54.417597 (32902) main____ INFO      CDS_SSV            : '/eda/cadence/2023-24/RHELx86/SSV_22.13.000'
2025-11-17 19:55:54.417602 (32902) main____ INFO      CDS_USE_PALETTE    : ''
2025-11-17 19:55:54.417608 (32902) main____ INFO      CDS_VERISIUMDEBUG  : '/eda/cadence/2023-24/RHELx86/VERISIUMDEBUG_23.03.001'
2025-11-17 19:55:54.417614 (32902) main____ INFO      CDS_VIPCAT         : '/eda/cadence/2023-24/RHELx86/VIPCAT_11.30.093'
2025-11-17 19:55:54.417621 (32902) main____ INFO      CDS_VMANAGER       : '/eda/cadence/2023-24/RHELx86/VMANAGER_23.03.004'
2025-11-17 19:55:54.417626 (32902) main____ INFO      CDS_XCELIUM        : '/eda/cadence/2023-24/RHELx86/XCELIUM_23.03.007'
2025-11-17 19:55:54.417632 (32902) main____ INFO      DISPLAY            : 'localhost:10.0'
2025-11-17 19:55:54.417637 (32902) main____ INFO      JASPER_CPU_CHECK   : '1'
2025-11-17 19:55:54.417642 (32902) main____ INFO      JASPER_INSTALL_DIR : '/tools/cadence2425/JASPER/jasper_2024.06p002'
2025-11-17 19:55:54.417647 (32902) main____ INFO      JASPER_KERNEL_CHECK: '1'
2025-11-17 19:55:54.417653 (32902) main____ INFO      JASPER_OS_CHECK    : '1'
2025-11-17 19:55:54.417658 (32902) main____ INFO      LANG               : 'C'
2025-11-17 19:55:54.417663 (32902) main____ INFO      TMPDIR             : '/tmp'
2025-11-17 19:55:54.417667 (32902) main____ INFO    ----------------------------------------
2025-11-17 19:55:54.418337 (32902) lic_core INFO    Initializing license system ...
2025-11-17 19:55:54.429713 (32902) lic_core INFO    ... license system initialized.
2025-11-17 19:55:54.446738 (32902) lic__man INFO    Claim 'fpv' for <ui>.
2025-11-17 19:55:54.446857 (32902) lic_core INFO    (1) checking out 'jasper_fpv' ...
2025-11-17 19:55:54.470719 (32902) lic_core INFO    ... (1) checkout failed (error: -5) ("FLEXnet ERROR(-5, 0, 0): No such feature exists.")
2025-11-17 19:55:54.470810 (32902) lic_core INFO    (2) checking out 'jasper_fao' ...
2025-11-17 19:55:54.492916 (32902) lic_core INFO    ... (2) checkout succeeded
2025-11-17 19:55:54.539731 (32902) session_ INFO    Starting analysis session with session id 'session_0' (launcher: <local>) ...
2025-11-17 19:55:54.542764 (32902) session_ INFO    Analysis session with session id 'session_0' started (pid: 32920)
2025-11-17 19:55:56.576841 (32902) session_ INFO    Analysis session 'session_0' connected to the console (host: 127.0.0.1:38628)
2025-11-17 19:55:57.815386 (32902) lic__man INFO    Unclaim everything for 'session_0'.
2025-11-17 19:55:57.910183 (32902) lic__man INFO    Claim 'fpv' for 'session_0'.
2025-11-17 19:55:57.910240 (32902) lic__man INFO    Claim 'fpv' for 'session_0/prove-0'.
2025-11-17 19:59:06.039424 (32902) lic__man INFO    Unclaim everything for 'session_0/prove-0'.
2025-11-17 19:59:06.467911 (32902) main____ INFO    About to exit: request to exit with status 0 received from analysis session 'session_0'
2025-11-17 19:59:08.539925 (32902) session_ INFO    Analysis session 'session_0' disconnected.
2025-11-17 19:59:08.550572 (32902) lic__man INFO    Unclaim everything for 'session_0'.
2025-11-17 19:59:08.564984 (32902) session_ INFO    Process for analysis session 'session_0' has exited with exit status '0'.
2025-11-17 19:59:08.759119 (32902) lic_core INFO    (2) checkin jasper_fao
2025-11-17 19:59:08.854221 (32902) main____ INFO    Exiting with status 0.
