# ----------------------------------------
# Jasper Version Info
# tool      : Jasper 2024.06
# platform  : Linux 3.10.0-1160.62.1.el7.x86_64
# version   : 2024.06p002 64 bits
# build date: 2024.09.02 16:28:38 UTC
# ----------------------------------------
# started   : 2025-11-20 01:44:04 IST
# hostname  : vlsi-ria85.vlsidomain
# pid       : 27146
# arguments : '-label' 'session_0' '-console' '//127.0.0.1:36725' '-nowindow' '-style' 'windows' '-exitonerror' '-data' 'AAAA1nicY2RgYLCp////PwMYMD6A0Aw2jAyoAMRnQhUJbEChGRhYYZphSliAmItBl6GAoYghnyELyDNg0ANCfSA7HS6aypDMUMJQDBQ1YohnSAHycxgSGSqBbEOgegYGHqAJSUCREqC6DCBfBqs6PbB8DtheACEjGGM=' '-proj' '/users/rompel/jasper_executions/liveness/jgprojects/2_delay_10/sessionLogs/session_0' '-init' '-hidden' '/users/rompel/jasper_executions/liveness/jgprojects/2_delay_10/.tmp/.initCmds.tcl' '2_delay_10.tcl' '-hidden' '/users/rompel/jasper_executions/liveness/jgprojects/2_delay_10/.tmp/.postCmds.tcl'

Any disclosure about the Cadence Design Systems software or its use
model to any third party violates the written Non-Disclosure Agreement
between Cadence Design Systems, Inc. and the customer.

THIS SOFTWARE CONTAINS CONFIDENTIAL INFORMATION AND TRADE SECRETS OF
CADENCE DESIGN SYSTEMS, INC. USE, DISCLOSURE, OR REPRODUCTION IS
PROHIBITED WITHOUT THE PRIOR EXPRESS WRITTEN PERMISSION OF CADENCE
DESIGN SYSTEMS, INC.

Copyright (C) 2000-2024 Cadence Design Systems, Inc. All Rights
Reserved.  Unpublished -- rights reserved under the copyright laws of
the United States.

This product includes software developed by others and redistributed
according to license agreement. See doc/third_party_readme.txt for
further details.

RESTRICTED RIGHTS LEGEND

Use, duplication, or disclosure by the Government is subject to
restrictions as set forth in subparagraph (c) (1) (ii) of the Rights in
Technical Data and Computer Software clause at DFARS 252.227-7013 or
subparagraphs (c) (1) and (2) of Commercial Computer Software -- Restricted
Rights at 48 CFR 52.227-19, as applicable.


                          Cadence Design Systems, Inc.
                          2655 Seely Avenue
                          San Jose, CA 95134
                          Phone: 408.943.1234

For technical assistance visit http://support.cadence.com.

Jasper Apps Analysis Session - /users/rompel/jasper_executions/liveness/jgprojects/2_delay_10/sessionLogs/session_0

WARNING (WG017): [session]: The system's locale is "ANSI_X3.4-1968", which is not UTF-8. Non-ASCII characters might not be handled correctly.
WARNING (WG017): [jg_console]: The system's locale is "ANSI_X3.4-1968", which is not UTF-8. Non-ASCII characters might not be handled correctly.
INFO: successfully checked out license "jasper_fao".
INFO: reading configuration file "/users/rompel/.config/cadence/jasper.conf".
% analyze -sv09 ../2_delay_10.sv
[-- (VERI-1482)] Analyzing Verilog file '/tools/cadence2425/JASPER/jasper_2024.06p002/lib/verilog/packages/std/std.sv' into library 'std'
[-- (VERI-1482)] Analyzing Verilog file '../2_delay_10.sv'
% elaborate -bbox_mul 1000000 -bbox_div 1000000 -bbox_mod 1000000 -bbox_a 1000000
[INFO (HIER-8002)] ../2_delay_10.sv(13): Disabling old hierarchical reference handler
[INFO (VERI-1018)] ../2_delay_10.sv(1): compiling module 'DELAY'
[WARN (VERI-1209)] ../2_delay_10.sv(10): expression size 32 truncated to fit in target size 15
INFO (ISW003): Top module name is "DELAY".
INFO (INL208): Elaboration synthesis summary:
  Number of synthesized netlists          1 (0 packages)
  Single run mode                         On
  Pipeline                                On (1 pipelined netlists)
  Late hierarchical reference connection  On
  Number of analyzed Verilog modules      1 (1 synthesized)
  Number of analyzed VHDL entities        0 (0 synthesized)
INFO (INL003): Clearing all state information (assumes, stopats, and so forth).
DELAY
[<embedded>] % reset rst
INFO (IPM031): Clearing proof results of all properties.
INFO (IRS006): Current reset condition is "rst".
[<embedded>] % clock clk
[<embedded>] % prove -all
Ncustom1: Custom engine code is hT3Ng7hPPfiYQOTDZ3qhYOwGAM51eA+J/FjkM5shLioAsqhgLR4Ft+O1BuKG6ilQ83B9tLXSl+CwjiTMAQA
Bcustom2: Custom engine code is hT3Nm7hPr1Vp3Di1Ra2USNIGL4JypRnLKLAdF6JAyuavO2JfGCiY9OZJhcAcOUnLx5xwNdhILGrAWX9s+z2WDkKwNR7tAfClBEjRFVQeq6DU54boFgEA
AMcustom3: Custom engine code is hT3Ng7hP/feYQOTDZ3qhYOwGAM51eA+J/FjkM5shLioAsqhgLR4Ft+O1BuKG6ilQ83B9tLXSmmqwm7g9AQA
Mpcustom4: Custom engine code is hT3NZbhP9fmY2AbBQnsjfOxn6c+6e6yL+/e8fZFmaQrnlgEA
INFO (IPF036): Starting proof on task: "<embedded>", 2 properties to prove with 0 already proven/unreachable
INFO (IRS029): Starting reset analysis: phase 1 of 4.
INFO (IRS030): Running reset analysis: phase 2 of 4.
INFO (IRS031): Running reset analysis: phase 3 of 4.
INFO (IRS020): Starting the reset analysis simulation with a limit of 100 iterations (phase 4 of 4).
INFO (IRS024): Reset iterations 0 to 4 analyzed.
INFO (IRS018): Reset analysis simulation executed for 3 iterations. Assigned values for 15 of 15 design flops, 0 of 0 design latches, 6 of 6 internal elements.
INFO (IRS039): Reset analysis complete.
INFO (IPF031): Settings used for proof thread 0:
    orchestration                 = on
    time_limit                    = 86400s
    per_property_time_limit       = 1s * 10 ^ scan
    engine_mode                   = auto
    proofgrid_per_engine_max_jobs = 1
    max engine jobs               = auto
    proofgrid_mode                = local
    proofgrid_restarts            = 10
0: Using multistage preprocessing
AMcustom5: Custom engine code is hT3N1rhP11/52HrFRS21ROp2LOjVTgPvT8L8BGXHgLhaIuqtT4nARFjUqrBL+7pLmaTOzBepZW/Jm8SSrHDybSQtoNiO3y43wk+dEoWlsZizu97Fih6O6lPVG/LpWP5SsUPwlGagLNa1FKEFvwVXyX7//8prySbvSxIHXr5er+z4RAEA
0: Starting reduce
Ncustom6: Custom engine code is hT3OXrhPByJp3TrFSTLhUmMH4KVtJgmTCnNDF46yMXOKY48m4LS5nE7yBzFjA7kDuwO/GhGUpEPiky3p3wmPn3dJZHxFMsafSoObRzSC+tn7sEY0WbTdZ/FV4hL3MYH/b1CIUvXSWR4wqEoVLsmMOD4xIPT4lI1LO6ZCO7PnnWQuLwetnvKlrXx6wCW/A+x+enqslg1YPobi4wEF/EvbzOvcTYdJvl2s4H2yZg2b2ofAVN5WvhWk1HoBAA
ADcustom7: Custom engine code is hT3Nv7hPv1752HrFRa2kROx2f/ECJeZB2AZsLdlO8VwmIuqtT4nIDFXclhg+O+o+DMmQCekbheGk0kK28laA9gaOFDXsQp29J3X615HY1IPHJWd6FUFvCHjO+p1k652b5JJvZlShNpGlGSXAiQe/mEAj6tEBAA
Tricustom8: Custom engine code is hT3Nu7hPt1752DvFRa0kNDiyIV97VyejwM9C/jCLJjdPvusZONHY42VYUy0Q1ZotnhcVtNc56tJ5wbxv6V2+XpdsaSlHck5vfnbYjdwj1OECy9U+7oSQ0SZE3g5ayD+Phuh4odCJTjeKa2k4elM9ldQfkAEA
Gcustom9: Custom engine code is hT3NibhPDfeYQADBZnYcglOvK9Pfd7EOeniIqP8jNsyIqInncipMGcUXqAadachREE9F2PwhBUZUNw5kHnd4JdXkamORRgEA
C2custom10: Custom engine code is hT3NirhPjfWYQADBZnYcglOvK9Pfd7EOeniIqP8jNsyIqInncgkrYMMXCYbdK0dUjZIF9d4cJ0rHoBDjwVLBKuG86XYVV00BAA
AGcustom11: Custom engine code is hT3NirhP/fmYQADBZnYcglOvK9Pfd7EOeniIqP8jNsyIqInnckcwYMMXCYbdK0dUjZIF9d4cJ0rHoBDjwVLBKuHEZnZByh0BAA
Bcustom12: Custom engine code is hT3NjrhPDfiYQADBZnYcglOvK9PfWxFtenjIyBqfrgr7if/jL/yPOuK1BAflEcW0DxNH2eDIoezN2gxlQFg81RZtiWXh7aiTAidvAQA
0: Finished reduce in 0s
Ncustom13: Custom engine code is hT3NR7hPByFp3TrFSTLhUmMH4KWtJglTyV/c51BHEeZWamnJv767nE6PCak26bd3gf3XGN3rIRheufhDieCJQVISo+gNYUKhiUedBKGtsP/a18svAnlMJZudHxDFwK5ufsyoxsIyiAeSY2oi3tEuoDHr5gw42DFKAG3PqO3CEsl8Azzdt3pl5nGA1Ifv2H02eYsFzWb/nfp8PMb3F0krE/EgBcm8TD9Div8BAA
Tricustom14: Custom engine code is hT3Nu7hP3fiYQADBZnYcglNHp9bfd7EOeniIqP/ji8sGLQu8yhsFO+wxJ+O+R0bU8g/IewXFomyos+viQnWc2xYNYmMqpo3i40O7DaZR7qfp4YqNx26KRvQ/qx0BAA
0.0.PRE: Performing Proof Simplification...
0.0.N: clocks: 1, declared: 1, looping: 0, posedge: 1, negedge: 0, noedge: 0, bothedge: 0
0.0.N: Proof Simplification Iteration 1	[0.00 s]
0.0.PRE: A trace with 1 cycles was found. [0.00 s]
INFO (IPF047): 0.0.PRE: The cover property "DELAY.p1:precondition1" was covered in 1 cycles in 0.00 s.
0.0.N: Proof Simplification Iteration 2	[0.05 s]
0.0.PRE: A proof was found: No trace exists. [0.00 s]
INFO (IPF057): 0.0.PRE: The property ":noDeadEnd" was proven in 0.00 s.
    Use check_assumptions -show -dead_end to show this property in the property table.
0.0.PRE: A proof was found: No trace exists. [0.00 s]
INFO (IPF057): 0.0.PRE: The property ":noConflict" was proven in 0.00 s.
    Use check_assumptions -show to show this property in the property table.
INFO (IPF047): 0.0.PRE: The cover property ":live" was covered in 1 cycles in 0.00 s.
    Use check_assumptions -show -live to show this property in the property table.
0.0.PRE: Proof Simplification completed in 0.05 s
0: About to start ProofGrid in its own thread with a limit of 10000 pending notifications and a limit of 10 traces.
0: =============================== ProofGrid start ===============================
0: ProofGrid usable level: 1
0: Initial ProofGrid level: 1
0: ProofGrid is starting event handling
0.0.Hp: Proofgrid shell started at 27265@vlsi-ria85(local) jg_27146_vlsi-ria85_1
0.0.N: Proofgrid shell started at 27264@vlsi-ria85(local) jg_27146_vlsi-ria85_1
0.0.N: clocks: 1, declared: 1, looping: 0, posedge: 1, negedge: 0, noedge: 0, bothedge: 0
0.0.Hp: clocks: 1, declared: 1, looping: 0, posedge: 1, negedge: 0, noedge: 0, bothedge: 0
0.0.Hp: Last scan. Per property time limit: 0s
0.0.N: Last scan. Per property time limit: 0s
0.0.N: Starting proof for property "DELAY.p1"	[0.00 s].
0.0.N: Trace Attempt  1	[0.00 s]
0.0.N: Trace Attempt  2	[0.00 s]
0.0.N: Trace Attempt  2	[0.00 s]
0.0.Hp: Trace Attempt  1	[0.00 s]
0.0.N: Trace Attempt  3	[0.00 s]
0.0.N: Trace Attempt  4	[0.00 s]
0.0.Hp: Trace Attempt  2	[0.00 s]
0.0.Hp: Trace Attempt  3	[0.00 s]
0.0.Hp: Trace Attempt  4	[0.00 s]
0.0.Hp: Trace Attempt  5	[0.00 s]
0.0.N: Trace Attempt  4	[0.00 s]
0.0.N: Trace Attempt  5	[0.00 s]
0.0.N: Trace Attempt  1	[0.01 s]
0.0.N: Trace Attempt  2	[0.01 s]
0.0.N: Trace Attempt  3	[0.01 s]
0.0.N: Trace Attempt  4	[0.01 s]
0.0.N: Trace Attempt  5	[0.01 s]
0.0.Oh: Proofgrid shell started at 27304@vlsi-ria85(local) jg_27146_vlsi-ria85_1
0.0.L: Proofgrid shell started at 27305@vlsi-ria85(local) jg_27146_vlsi-ria85_1
0.0.Oh: clocks: 1, declared: 1, looping: 0, posedge: 1, negedge: 0, noedge: 0, bothedge: 0
0.0.L: clocks: 1, declared: 1, looping: 0, posedge: 1, negedge: 0, noedge: 0, bothedge: 0
0.0.L: Using trace diversification with seed 1 (0.05)
0.0.L: Using LRU state removal heuristic
0.0.L: Ignoring liveness properties
0.0.L: All properties either determined or skipped. [0.00 s]
0.0.AM: Proofgrid shell started at 27307@vlsi-ria85(local) jg_27146_vlsi-ria85_1
0.0.Bm: Proofgrid shell started at 27302@vlsi-ria85(local) jg_27146_vlsi-ria85_1
0.0.Oh: Reached length limit (2147483647) [0.00 s]
0.0.L: Exited with Success (@ 0.05 s)
0.0.L: Completed, Restart ignored.
0.0.Oh: Exited with Success (@ 0.05 s)
0.0.Oh: Completed, Restart ignored.
0.0.B: Proofgrid shell started at 27306@vlsi-ria85(local) jg_27146_vlsi-ria85_1
0.0.Bm: clocks: 1, declared: 1, looping: 0, posedge: 1, negedge: 0, noedge: 0, bothedge: 0
0.0.Bm: Ignoring liveness properties
0.0.Bm: Last scan. Per property time limit: 0s
0.0.Bm: Trace Attempt  1	[0.00 s]
0.0.Bm: Trace Attempt  2	[0.00 s]
0.0.Bm: Trace Attempt  3	[0.00 s]
0.0.Bm: Trace Attempt  4	[0.00 s]
0.0.Bm: Trace Attempt  5	[0.00 s]
0.0.AM: clocks: 1, declared: 1, looping: 0, posedge: 1, negedge: 0, noedge: 0, bothedge: 0
0.0.AM: Last scan. Per property time limit: 0s
0.0.AM: Starting proof for property "DELAY.p1"	[0.00 s].
0.0.AM: Trace Attempt  1	[0.00 s]
0.0.AM: Trace Attempt  2	[0.00 s]
0.0.AM: Trace Attempt  3	[0.00 s]
0.0.AM: Trace Attempt  4	[0.00 s]
0.0.AM: Trace Attempt  5	[0.00 s]
0.0.AM: Trace Attempt  1	[0.00 s]
0.0.AM: Trace Attempt  2	[0.00 s]
0.0.AM: Trace Attempt  3	[0.00 s]
0.0.AM: Trace Attempt  4	[0.00 s]
0.0.AM: Trace Attempt  5	[0.00 s]
0.0.Mpcustom4: Proofgrid shell started at 27303@vlsi-ria85(local) jg_27146_vlsi-ria85_1
0.0.B: clocks: 1, declared: 1, looping: 0, posedge: 1, negedge: 0, noedge: 0, bothedge: 0
0.0.B: Last scan. Per property time limit: 0s
0.0.B: Starting proof for property "DELAY.p1"	[0.00 s].
0.0.B: Trace Attempt  1	[0.00 s]
0.0.B: Trace Attempt  2	[0.00 s]
0.0.B: Trace Attempt  3	[0.00 s]
0.0.B: Trace Attempt  4	[0.00 s]
0.0.B: Trace Attempt  5	[0.00 s]
0.0.Mpcustom4: clocks: 1, declared: 1, looping: 0, posedge: 1, negedge: 0, noedge: 0, bothedge: 0
0.0.Mpcustom4: Ignoring liveness properties
0.0.Mpcustom4: All properties either determined or skipped. [0.00 s]
0.0.AM: Trace Attempt  1	[0.01 s]
0.0.Ht: Proofgrid shell started at 27300@vlsi-ria85(local) jg_27146_vlsi-ria85_1
0.0.Mpcustom4: Exited with Success (@ 0.07 s)
0.0.Mpcustom4: Completed, Restart ignored.
0.0.AM: Trace Attempt  2	[0.01 s]
0.0.AM: Trace Attempt  3	[0.01 s]
0.0.AM: Trace Attempt  4	[0.01 s]
0.0.AM: Trace Attempt  5	[0.01 s]
0.0.Ht: clocks: 1, declared: 1, looping: 0, posedge: 1, negedge: 0, noedge: 0, bothedge: 0
0.0.Ht: Last scan. Per property time limit: 0s
0.0.Ht: Trace Attempt  1	[0.00 s]
0.0.Ht: Trace Attempt  2	[0.00 s]
0.0.Ht: Trace Attempt  3	[0.00 s]
0.0.Ht: Trace Attempt  4	[0.00 s]
0.0.Ht: Trace Attempt  5	[0.00 s]
0.0.AM: Trace Attempt  1	[0.03 s]
0.0.AM: Trace Attempt  2	[0.03 s]
0.0.AM: Trace Attempt  3	[0.03 s]
0.0.AM: Trace Attempt  4	[0.03 s]
0.0.AM: Trace Attempt  5	[0.03 s]
0.0.N: Trace Attempt  1	[0.10 s]
0.0.N: Trace Attempt  2	[0.10 s]
0.0.N: Trace Attempt  3	[0.10 s]
0.0.N: Trace Attempt  4	[0.10 s]
0.0.N: Trace Attempt  5	[0.11 s]
0.0.AM: Trace Attempt  1	[0.11 s]
0.0.AM: Trace Attempt  2	[0.12 s]
0.0.AM: Trace Attempt  3	[0.12 s]
0.0.AM: Trace Attempt  4	[0.12 s]
0.0.AM: Trace Attempt  5	[0.12 s]
0.0.N: Trace Attempt  1	[0.46 s]
0.0.N: Trace Attempt  2	[0.46 s]
0.0.N: Trace Attempt  3	[0.46 s]
0.0.N: Trace Attempt  4	[0.46 s]
0.0.N: Trace Attempt  5	[0.46 s]
0.0.AM: Trace Attempt  1	[0.48 s]
0.0.AM: Trace Attempt  2	[0.48 s]
0.0.AM: Trace Attempt  3	[0.48 s]
0.0.AM: Trace Attempt  4	[0.48 s]
0.0.AM: Trace Attempt  5	[0.48 s]
0.0.AM: Trace Attempt  1	[1.65 s]
0.0.AM: Trace Attempt  2	[1.65 s]
0.0.AM: Trace Attempt  3	[1.65 s]
0.0.AM: Trace Attempt  4	[1.65 s]
0.0.AM: Trace Attempt  5	[1.65 s]
0.0.N: Trace Attempt  1	[1.82 s]
0.0.N: Trace Attempt  2	[1.82 s]
0.0.N: Trace Attempt  3	[1.82 s]
0.0.N: Trace Attempt  4	[1.82 s]
0.0.N: Trace Attempt  5	[1.82 s]
0.0.N: Trace Attempt  1	[3.18 s]
0.0.N: Trace Attempt  2	[3.18 s]
0.0.N: Trace Attempt  3	[3.18 s]
0.0.N: Trace Attempt  4	[3.18 s]
0.0.N: Trace Attempt  5	[3.18 s]
0.0.Hp: Trace Attempt 597	[4.00 s]
0.0.Bm: Trace Attempt 1629	[4.00 s]
0.0.B: Trace Attempt 1623	[4.00 s]
0.0.Ht: Trace Attempt 1789	[4.00 s]
0.0.N: Trace Attempt  1	[4.64 s]
0.0.N: Trace Attempt  2	[4.64 s]
0.0.N: Trace Attempt  3	[4.64 s]
0.0.N: Trace Attempt  4	[4.64 s]
0.0.N: Trace Attempt  5	[4.64 s]
0.0.AM: Trace Attempt 181	[5.67 s]
0.0.Hp: Trace Attempt 837	[8.02 s]
0.0.Bm: Trace Attempt 2252	[8.01 s]
0.0.B: Trace Attempt 2250	[8.00 s]
0.0.Ht: Trace Attempt 2447	[8.00 s]
0.0.N: Trace Attempt 175	[8.67 s]
0.0.AM: Trace Attempt 257	[9.70 s]
0.0.AM: Trace Attempt  1	[9.76 s]
0.0.AM: Trace Attempt  2	[9.76 s]
0.0.AM: Trace Attempt  3	[9.76 s]
0.0.AM: Trace Attempt  4	[9.77 s]
0.0.AM: Trace Attempt  5	[9.77 s]
0.0.N: Trace Attempt  1	[11.83 s]
0.0.N: Trace Attempt  2	[11.83 s]
0.0.N: Trace Attempt  3	[11.83 s]
0.0.N: Trace Attempt  4	[11.83 s]
0.0.N: Trace Attempt  5	[11.84 s]
0.0.Hp: Trace Attempt 1015	[12.02 s]
0.0.Bm: Trace Attempt 2726	[12.01 s]
0.0.B: Trace Attempt 2718	[12.01 s]
0.0.Ht: Trace Attempt 2924	[12.00 s]
0.0.AM: Trace Attempt 185	[13.80 s]
0.0.N: Trace Attempt 172	[15.85 s]
0.0.Hp: Trace Attempt 1170	[16.02 s]
0.0.B: Trace Attempt 3126	[16.01 s]
0.0.Bm: Trace Attempt 3139	[16.02 s]
0.0.Ht: Trace Attempt 3352	[16.01 s]
0.0.AM: Trace Attempt 251	[17.93 s]
0.0.N: Trace Attempt  1	[19.00 s]
0.0.N: Trace Attempt  2	[19.00 s]
0.0.N: Trace Attempt  3	[19.00 s]
0.0.N: Trace Attempt  4	[19.01 s]
0.0.N: Trace Attempt  5	[19.01 s]
0.0.Hp: Trace Attempt 1306	[20.03 s]
0.0.B: Trace Attempt 3475	[20.01 s]
0.0.Bm: Trace Attempt 3492	[20.03 s]
0.0.Ht: Trace Attempt 3721	[20.01 s]
0.0.AM: Trace Attempt 301	[21.97 s]
0.0.N: Trace Attempt 174	[23.02 s]
0.0.Hp: Trace Attempt 1430	[24.05 s]
0.0.B: Trace Attempt 3794	[24.01 s]
0.0.Bm: Trace Attempt 3814	[24.04 s]
0.0.Ht: Trace Attempt 4060	[24.02 s]
0.0.N: Trace Attempt  1	[25.91 s]
0.0.N: Trace Attempt  2	[25.92 s]
0.0.N: Trace Attempt  3	[25.92 s]
0.0.N: Trace Attempt  4	[25.92 s]
0.0.N: Trace Attempt  5	[25.92 s]
0.0.AM: Trace Attempt 346	[26.01 s]
0.0.Hp: Trace Attempt 1542	[28.06 s]
0.0.B: Trace Attempt 4085	[28.01 s]
0.0.Bm: Trace Attempt 4107	[28.04 s]
0.0.Ht: Trace Attempt 4367	[28.02 s]
0.0.N: Trace Attempt 171	[29.92 s]
0.0.AM: Trace Attempt 377	[30.08 s]
0.0.Hp: Trace Attempt 1646	[32.06 s]
0.0.B: Trace Attempt 4363	[32.02 s]
0.0.Bm: Trace Attempt 4387	[32.04 s]
0.0.Ht: Trace Attempt 4651	[32.04 s]
0.0.N: Trace Attempt  1	[32.94 s]
0.0.N: Trace Attempt  2	[32.94 s]
0.0.N: Trace Attempt  3	[32.94 s]
0.0.N: Trace Attempt  4	[32.94 s]
0.0.N: Trace Attempt  5	[32.94 s]
0.0.AM: Trace Attempt 420	[34.13 s]
0.0.B: Trace Attempt 4619	[36.03 s]
0.0.Bm: Trace Attempt 4644	[36.05 s]
0.0.Hp: Trace Attempt 1743	[36.10 s]
0.0.Ht: Trace Attempt 4918	[36.05 s]
0.0.N: Trace Attempt 174	[36.95 s]
0.0.AM: Trace Attempt 459	[38.15 s]
0.0.N: Trace Attempt  1	[39.93 s]
0.0.N: Trace Attempt  2	[39.93 s]
0.0.N: Trace Attempt  3	[39.93 s]
0.0.N: Trace Attempt  4	[39.93 s]
0.0.N: Trace Attempt  5	[39.93 s]
0.0.Bm: Trace Attempt 4880	[40.05 s]
0.0.B: Trace Attempt 4854	[40.05 s]
0.0.Ht: Trace Attempt 5172	[40.06 s]
0.0.Hp: Trace Attempt 1833	[40.13 s]
0.0.AM: Trace Attempt 458	[42.15 s]
0.0.N: Trace Attempt 174	[43.95 s]
0.0.B: Trace Attempt 5066	[44.05 s]
0.0.Bm: Trace Attempt 5091	[44.06 s]
0.0.Ht: Trace Attempt 5406	[44.06 s]
0.0.Hp: Trace Attempt 1915	[44.16 s]
0.0.AM: Trace Attempt 513	[46.67 s]
0.0.N: Trace Attempt  1	[46.88 s]
0.0.N: Trace Attempt  2	[46.88 s]
0.0.N: Trace Attempt  3	[46.88 s]
0.0.N: Trace Attempt  4	[46.88 s]
0.0.N: Trace Attempt  5	[46.88 s]
0.0.AM: Trace Attempt  1	[47.21 s]
0.0.AM: Trace Attempt  2	[47.21 s]
0.0.AM: Trace Attempt  3	[47.21 s]
0.0.AM: Trace Attempt  4	[47.21 s]
0.0.AM: Trace Attempt  5	[47.21 s]
0.0.B: Trace Attempt 5272	[48.06 s]
0.0.Bm: Trace Attempt 5293	[48.08 s]
0.0.Ht: Trace Attempt 5638	[48.07 s]
0.0.Hp: Trace Attempt 1994	[48.19 s]
0.0.N: Trace Attempt 174	[50.89 s]
0.0.AM: Trace Attempt 240	[51.26 s]
0.0.B: Trace Attempt 5486	[52.07 s]
0.0.Bm: Trace Attempt 5505	[52.09 s]
0.0.Ht: Trace Attempt 5870	[52.09 s]
0.0.Hp: Trace Attempt 2074	[52.19 s]
0.0.N: Trace Attempt  1	[53.81 s]
0.0.N: Trace Attempt  2	[53.81 s]
0.0.N: Trace Attempt  3	[53.82 s]
0.0.N: Trace Attempt  4	[53.82 s]
0.0.N: Trace Attempt  5	[53.82 s]
0.0.AM: Trace Attempt 334	[55.30 s]
0.0.B: Trace Attempt 5685	[56.08 s]
0.0.Bm: Trace Attempt 5701	[56.10 s]
0.0.Ht: Trace Attempt 6089	[56.09 s]
0.0.Hp: Trace Attempt 2150	[56.22 s]
0.0.N: Trace Attempt 171	[57.83 s]
0.0.AM: Trace Attempt 422	[59.32 s]
0.0.B: Trace Attempt 5884	[60.09 s]
0.0.Bm: Trace Attempt 5898	[60.12 s]
0.0.Ht: Trace Attempt 6290	[60.10 s]
0.0.Hp: Trace Attempt 2225	[60.26 s]
0.0.N: Trace Attempt  1	[61.25 s]
0.0.N: Trace Attempt  2	[61.25 s]
0.0.N: Trace Attempt  3	[61.25 s]
0.0.N: Trace Attempt  4	[61.25 s]
0.0.N: Trace Attempt  5	[61.25 s]
0.0.AM: Trace Attempt 448	[63.36 s]
0.0.B: Trace Attempt 6071	[64.10 s]
0.0.Bm: Trace Attempt 6085	[64.14 s]
0.0.Ht: Trace Attempt 6486	[64.11 s]
0.0.Hp: Trace Attempt 2296	[64.26 s]
0.0.N: Trace Attempt 183	[65.26 s]
0.0.AM: Trace Attempt 472	[67.44 s]
0.0.B: Trace Attempt 6252	[68.11 s]
0.0.Bm: Trace Attempt 6266	[68.14 s]
0.0.Ht: Trace Attempt 6680	[68.12 s]
0.0.Hp: Trace Attempt 2364	[68.28 s]
0.0.N: Trace Attempt 247	[69.26 s]
0.0.AM: Trace Attempt 505	[71.46 s]
0.0.B: Trace Attempt 6426	[72.11 s]
0.0.Bm: Trace Attempt 6440	[72.14 s]
0.0.Ht: Trace Attempt 6866	[72.13 s]
0.0.Hp: Trace Attempt 2431	[72.29 s]
0.0.N: Trace Attempt 272	[73.27 s]
0.0.AM: Trace Attempt 536	[75.47 s]
0.0.B: Trace Attempt 6594	[76.11 s]
0.0.Bm: Trace Attempt 6608	[76.15 s]
0.0.Ht: Trace Attempt 7045	[76.13 s]
0.0.Hp: Trace Attempt 2496	[76.33 s]
0.0.N: Trace Attempt 306	[77.31 s]
0.0.AM: Trace Attempt 567	[79.59 s]
0.0.B: Trace Attempt 6756	[80.12 s]
0.0.Bm: Trace Attempt 6770	[80.16 s]
0.0.Ht: Trace Attempt 7222	[80.14 s]
0.0.Hp: Trace Attempt 2559	[80.33 s]
0.0.N: Trace Attempt 341	[81.39 s]
0.0.AM: Trace Attempt 593	[83.66 s]
0.0.B: Trace Attempt 6912	[84.13 s]
0.0.Bm: Trace Attempt 6926	[84.16 s]
0.0.Ht: Trace Attempt 7400	[84.16 s]
0.0.Hp: Trace Attempt 2619	[84.40 s]
0.0.N: Trace Attempt 375	[85.42 s]
0.0.AM: Trace Attempt 621	[87.77 s]
0.0.B: Trace Attempt 7063	[88.15 s]
0.0.Bm: Trace Attempt 7077	[88.17 s]
0.0.Ht: Trace Attempt 7565	[88.17 s]
0.0.Hp: Trace Attempt 2678	[88.41 s]
0.0.N: Trace Attempt 409	[89.47 s]
0.0.AM: Trace Attempt 646	[91.89 s]
0.0.B: Trace Attempt 7209	[92.15 s]
0.0.Bm: Trace Attempt 7220	[92.18 s]
0.0.Ht: Trace Attempt 7725	[92.19 s]
0.0.Hp: Trace Attempt 2735	[92.42 s]
0.0.N: Trace Attempt 444	[93.53 s]
0.0.AM: Trace Attempt 672	[95.89 s]
0.0.B: Trace Attempt 7350	[96.16 s]
0.0.Bm: Trace Attempt 7363	[96.19 s]
0.0.Ht: Trace Attempt 7883	[96.21 s]
0.0.Hp: Trace Attempt 2791	[96.46 s]
0.0.N: Trace Attempt 460	[98.85 s]
0.0.N: Trace Attempt  1	[98.86 s]
0.0.N: Trace Attempt  2	[98.86 s]
0.0.N: Trace Attempt  3	[98.86 s]
0.0.N: Trace Attempt  4	[98.87 s]
0.0.N: Trace Attempt  5	[98.87 s]
0.0.AM: Trace Attempt 693	[99.99 s]
0.0.B: Trace Attempt 7490	[100.17 s]
0.0.Bm: Trace Attempt 7504	[100.20 s]
0.0.Ht: Trace Attempt 8034	[100.24 s]
0.0.Hp: Trace Attempt 2845	[100.47 s]
0.0.N: Trace Attempt 184	[102.89 s]
0.0.AM: Trace Attempt 712	[104.00 s]
0.0.B: Trace Attempt 7635	[104.19 s]
0.0.Bm: Trace Attempt 7650	[104.22 s]
0.0.Ht: Trace Attempt 8192	[104.24 s]
0.0.Hp: Trace Attempt 2900	[104.51 s]
0.0.N: Trace Attempt 248	[107.02 s]
0.0.B: Trace Attempt 7774	[108.19 s]
0.0.Bm: Trace Attempt 7790	[108.23 s]
0.0.AM: Trace Attempt 737	[108.22 s]
0.0.Ht: Trace Attempt 8331	[108.25 s]
0.0.Hp: Trace Attempt 2954	[108.55 s]
0.0.N: Trace Attempt 275	[111.05 s]
0.0.B: Trace Attempt 7909	[112.19 s]
0.0.Bm: Trace Attempt 7926	[112.23 s]
0.0.AM: Trace Attempt 761	[112.23 s]
0.0.Ht: Trace Attempt 8478	[112.27 s]
0.0.Hp: Trace Attempt 3006	[112.55 s]
0.0.N: Trace Attempt 309	[115.16 s]
0.0.B: Trace Attempt 8041	[116.20 s]
0.0.AM: Trace Attempt 784	[116.24 s]
0.0.Bm: Trace Attempt 8058	[116.25 s]
0.0.Ht: Trace Attempt 8619	[116.29 s]
0.0.Hp: Trace Attempt 3057	[116.56 s]
0.0.N: Trace Attempt 343	[119.28 s]
0.0.B: Trace Attempt 8171	[120.23 s]
0.0.Bm: Trace Attempt 8187	[120.26 s]
0.0.Ht: Trace Attempt 8752	[120.30 s]
0.0.AM: Trace Attempt 808	[120.49 s]
0.0.Hp: Trace Attempt 3107	[120.61 s]
0.0.N: Trace Attempt 378	[123.37 s]
0.0.B: Trace Attempt 8303	[124.24 s]
0.0.Bm: Trace Attempt 8319	[124.27 s]
0.0.Ht: Trace Attempt 8891	[124.33 s]
0.0.AM: Trace Attempt 830	[124.51 s]
0.0.Hp: Trace Attempt 3156	[124.64 s]
0.0.N: Trace Attempt 411	[127.46 s]
0.0.B: Trace Attempt 8432	[128.27 s]
0.0.Bm: Trace Attempt 8447	[128.28 s]
0.0.Ht: Trace Attempt 9021	[128.33 s]
0.0.Hp: Trace Attempt 3204	[128.68 s]
0.0.AM: Trace Attempt 850	[128.65 s]
0.0.N: Trace Attempt 445	[131.53 s]
0.0.B: Trace Attempt 8558	[132.28 s]
0.0.Bm: Trace Attempt 8572	[132.29 s]
0.0.Ht: Trace Attempt 9157	[132.34 s]
0.0.Hp: Trace Attempt 3251	[132.71 s]
0.0.AM: Trace Attempt 871	[132.66 s]
0.0.N: Trace Attempt 461	[135.73 s]
0.0.N: Trace Attempt  1	[135.75 s]
0.0.N: Trace Attempt  2	[135.75 s]
0.0.N: Trace Attempt  3	[135.75 s]
0.0.N: Trace Attempt  4	[135.75 s]
0.0.N: Trace Attempt  5	[135.75 s]
0.0.B: Trace Attempt 8679	[136.29 s]
0.0.Bm: Trace Attempt 8693	[136.30 s]
0.0.Ht: Trace Attempt 9283	[136.35 s]
0.0.AM: Trace Attempt 890	[136.66 s]
0.0.Hp: Trace Attempt 3297	[136.76 s]
0.0.N: Trace Attempt 183	[139.75 s]
0.0.B: Trace Attempt 8804	[140.30 s]
0.0.Bm: Trace Attempt 8817	[140.32 s]
0.0.Ht: Trace Attempt 9420	[140.38 s]
0.0.Hp: Trace Attempt 3344	[140.85 s]
0.0.AM: Trace Attempt 912	[140.82 s]
0.0.N: Trace Attempt 248	[143.93 s]
0.0.B: Trace Attempt 8925	[144.31 s]
0.0.Bm: Trace Attempt 8938	[144.32 s]
0.0.Ht: Trace Attempt 9547	[144.40 s]
0.0.Hp: Trace Attempt 3389	[144.90 s]
0.0.AM: Trace Attempt 933	[145.01 s]
0.0.N: Trace Attempt 274	[147.93 s]
0.0.B: Trace Attempt 9042	[148.31 s]
0.0.Bm: Trace Attempt 9055	[148.32 s]
0.0.Ht: Trace Attempt 9677	[148.40 s]
0.0.Hp: Trace Attempt 3433	[148.91 s]
0.0.AM: Trace Attempt 516	[149.12 s]
0.0.N: Trace Attempt 308	[151.98 s]
0.0.B: Trace Attempt 9151	[152.33 s]
0.0.Bm: Trace Attempt 9164	[152.34 s]
0.0.Ht: Trace Attempt 9792	[152.42 s]
0.0.Hp: Trace Attempt 3475	[152.96 s]
0.0.AM: Trace Attempt 620	[153.14 s]
0.0.N: Trace Attempt 342	[156.09 s]
0.0.B: Trace Attempt 9259	[156.36 s]
0.0.Bm: Trace Attempt 9272	[156.37 s]
0.0.Ht: Trace Attempt 9913	[156.44 s]
0.0.Hp: Trace Attempt 3517	[157.01 s]
0.0.AM: Trace Attempt 750	[157.16 s]
0.0.N: Trace Attempt 376	[160.20 s]
0.0.Bm: Trace Attempt 9380	[160.38 s]
0.0.B: Trace Attempt 9368	[160.40 s]
0.0.Ht: Trace Attempt 10028	[160.44 s]
0.0.Hp: Trace Attempt 3559	[161.08 s]
0.0.AM: Trace Attempt 784	[161.91 s]
0.0.N: Trace Attempt 409	[164.29 s]
0.0.Bm: Trace Attempt 9487	[164.38 s]
0.0.B: Trace Attempt 9476	[164.43 s]
0.0.Ht: Trace Attempt 10145	[164.47 s]
0.0.Hp: Trace Attempt 3600	[165.14 s]
0.0.AM: Trace Attempt 910	[165.94 s]
0.0.N: Trace Attempt 442	[168.29 s]
0.0.Bm: Trace Attempt 9591	[168.39 s]
0.0.B: Trace Attempt 9580	[168.46 s]
0.0.Ht: Trace Attempt 10256	[168.50 s]
0.0.Hp: Trace Attempt 3640	[169.23 s]
0.0.AM: Trace Attempt 1025	[170.13 s]
0.0.AM: Trace Attempt  1	[170.34 s]
0.0.AM: Trace Attempt  2	[170.34 s]
0.0.AM: Trace Attempt  3	[170.34 s]
0.0.AM: Trace Attempt  4	[170.34 s]
0.0.AM: Trace Attempt  5	[170.34 s]
0.0.Bm: Trace Attempt 9696	[172.40 s]
0.0.B: Trace Attempt 9686	[172.47 s]
0.0.Ht: Trace Attempt 10363	[172.52 s]
0.0.Hp: Trace Attempt 3681	[173.25 s]
0.0.N: Trace Attempt 462	[173.45 s]
0.0.N: Trace Attempt  1	[173.47 s]
0.0.N: Trace Attempt  2	[173.47 s]
0.0.N: Trace Attempt  3	[173.48 s]
0.0.N: Trace Attempt  4	[173.48 s]
0.0.N: Trace Attempt  5	[173.48 s]
0.0.AM: Trace Attempt 244	[174.37 s]
0.0.Bm: Trace Attempt 9807	[176.41 s]
0.0.B: Trace Attempt 9800	[176.49 s]
0.0.Ht: Trace Attempt 10485	[176.55 s]
0.0.Hp: Trace Attempt 3724	[177.32 s]
0.0.N: Trace Attempt 183	[177.53 s]
0.0.AM: Trace Attempt 334	[178.41 s]
0.0.Bm: Trace Attempt 9920	[180.43 s]
0.0.B: Trace Attempt 9914	[180.51 s]
0.0.Ht: Trace Attempt 10599	[180.58 s]
0.0.N: Trace Attempt 244	[180.88 s]
0.0.N: Stopped processing property "DELAY.p1"	[180.99 s].
0.0.N: Morphing to Ncustom1
0.0.N: All properties determined. [0.00 s]
0.0.N: Exited with Success (@ 0.00 s)
0.0.Ncustom1: clocks: 1, declared: 1, looping: 0, posedge: 1, negedge: 0, noedge: 0, bothedge: 0
0.0.Ncustom1: Starting proof for property "DELAY.p1"	[0.00 s].
0.0.AM: Trace Attempt 380	[180.92 s]
0.0.AM: Stopped processing property "DELAY.p1"	[180.95 s].
0.0.Ncustom1: Trace Attempt 461	[0.04 s]
0.0.AM: Morphing to AMcustom3
0.0.AM: All properties determined. [0.00 s]
0.0.AM: Exited with Success (@ 0.00 s)
0.0.AMcustom3: clocks: 1, declared: 1, looping: 0, posedge: 1, negedge: 0, noedge: 0, bothedge: 0
0.0.AMcustom3: Starting proof for property "DELAY.p1"	[0.00 s].
0.0.AMcustom3: Trace Attempt  1	[0.00 s]
0.0.AMcustom3: Trace Attempt  2	[0.00 s]
0.0.AMcustom3: Trace Attempt  3	[0.00 s]
0.0.AMcustom3: Trace Attempt  4	[0.00 s]
0.0.AMcustom3: Trace Attempt  5	[0.00 s]
0.0.AMcustom3: Trace Attempt  1	[0.00 s]
0.0.AMcustom3: Trace Attempt  2	[0.00 s]
0.0.AMcustom3: Trace Attempt  3	[0.00 s]
0.0.AMcustom3: Trace Attempt  4	[0.00 s]
0.0.AMcustom3: Trace Attempt  5	[0.00 s]
0.0.AMcustom3: Trace Attempt  1	[0.01 s]
0.0.AMcustom3: Trace Attempt  2	[0.01 s]
0.0.AMcustom3: Trace Attempt  3	[0.01 s]
0.0.AMcustom3: Trace Attempt  4	[0.01 s]
0.0.AMcustom3: Trace Attempt  5	[0.01 s]
0.0.AMcustom3: Trace Attempt  1	[0.03 s]
0.0.AMcustom3: Trace Attempt  2	[0.04 s]
0.0.AMcustom3: Trace Attempt  3	[0.04 s]
0.0.AMcustom3: Trace Attempt  4	[0.04 s]
0.0.AMcustom3: Trace Attempt  5	[0.04 s]
0.0.Tri: Proofgrid shell started at 683@vlsi-ria85(local) jg_27146_vlsi-ria85_1
0.0.B: Trace Attempt 9925	[180.90 s]
0.0.B: Stopped processing property "DELAY.p1"	[181.07 s].
0.0.B: Morphing to Bcustom2
0.0.B: All properties determined. [0.00 s]
0.0.B: Exited with Success (@ 0.00 s)
0.0.Tri: clocks: 1, declared: 1, looping: 0, posedge: 1, negedge: 0, noedge: 0, bothedge: 0
0.0.Bcustom2: clocks: 1, declared: 1, looping: 0, posedge: 1, negedge: 0, noedge: 0, bothedge: 0
0.0.Bcustom2: Starting proof for property "DELAY.p1"	[0.00 s].
0.0.Bcustom2: Trace Attempt  1	[0.00 s]
0.0.Bcustom2: Trace Attempt  2	[0.00 s]
0.0.Bcustom2: Trace Attempt  1	[0.00 s]
0.0.Bcustom2: Trace Attempt  2	[0.00 s]
0.0.Bcustom2: Trace Attempt  3	[0.00 s]
0.0.Bcustom2: Trace Attempt  4	[0.00 s]
0.0.Bcustom2: Trace Attempt  5	[0.00 s]
0.0.Bcustom2: Trace Attempt  1	[0.00 s]
0.0.Bcustom2: Trace Attempt  2	[0.00 s]
0.0.Bcustom2: Trace Attempt  3	[0.00 s]
0.0.Bcustom2: Trace Attempt  4	[0.00 s]
0.0.Bcustom2: Trace Attempt  5	[0.00 s]
0.0.Bcustom2: Trace Attempt  1	[0.00 s]
0.0.Bcustom2: Trace Attempt  2	[0.00 s]
0.0.Bcustom2: Trace Attempt  3	[0.00 s]
0.0.Bcustom2: Trace Attempt  4	[0.00 s]
0.0.Bcustom2: Trace Attempt  5	[0.00 s]
0.0.Bcustom2: Trace Attempt  1	[0.01 s]
0.0.Bcustom2: Trace Attempt  2	[0.01 s]
0.0.Bcustom2: Trace Attempt  3	[0.01 s]
0.0.Bcustom2: Trace Attempt  4	[0.01 s]
0.0.Bcustom2: Trace Attempt  5	[0.01 s]
0.0.Bcustom2: Trace Attempt  1	[0.02 s]
0.0.Bcustom2: Trace Attempt  2	[0.02 s]
0.0.Bcustom2: Trace Attempt  3	[0.02 s]
0.0.Bcustom2: Trace Attempt  4	[0.02 s]
0.0.Bcustom2: Trace Attempt  5	[0.02 s]
0.0.Tri: Last scan. Per property time limit: 0s
0.0.Tri: Starting proof for property "DELAY.p1"	[0.00 s].
0.0.Tri: Trace Attempt  1	[0.00 s]
0.0.D: Proofgrid shell started at 684@vlsi-ria85(local) jg_27146_vlsi-ria85_1
0.0.D: clocks: 1, declared: 1, looping: 0, posedge: 1, negedge: 0, noedge: 0, bothedge: 0
0.0.D: Last scan. Per property time limit: 0s
0.0.D: Starting proof for property "DELAY.p1"	[0.00 s].
0.0.D: Trace Attempt  1	[0.00 s]
0.0.D: Trace Attempt  2	[0.00 s]
0.0.D: Trace Attempt  4	[0.00 s]
0.0.Bcustom2: Trace Attempt  1	[0.04 s]
0.0.Bcustom2: Trace Attempt  2	[0.04 s]
0.0.Bcustom2: Trace Attempt  3	[0.04 s]
0.0.Bcustom2: Trace Attempt  4	[0.04 s]
0.0.Bcustom2: Trace Attempt  5	[0.04 s]
0.0.AMcustom3: Trace Attempt  1	[0.13 s]
0.0.AMcustom3: Trace Attempt  2	[0.13 s]
0.0.AMcustom3: Trace Attempt  3	[0.13 s]
0.0.AMcustom3: Trace Attempt  4	[0.13 s]
0.0.AMcustom3: Trace Attempt  5	[0.13 s]
0.0.Tri:    0.00" ---- Launching main thread ----
0.0.Bcustom2: Trace Attempt  1	[0.09 s]
0.0.Bcustom2: Trace Attempt  2	[0.09 s]
0.0.Bcustom2: Trace Attempt  3	[0.09 s]
0.0.Bcustom2: Trace Attempt  4	[0.09 s]
0.0.Bcustom2: Trace Attempt  5	[0.09 s]
0.0.Bcustom2: Trace Attempt  1	[0.22 s]
0.0.Bcustom2: Trace Attempt  2	[0.22 s]
0.0.Bcustom2: Trace Attempt  3	[0.22 s]
0.0.Bcustom2: Trace Attempt  4	[0.22 s]
0.0.Bcustom2: Trace Attempt  5	[0.22 s]
0.0.Tri:    0.18" ---- Launching abstraction thread ----
0.0.Hp: Trace Attempt 3766	[181.38 s]
0.0.Tri:    0.25" ---- Launching multi-phase simplification thread ----
0.0.AMcustom3: Trace Attempt  1	[0.54 s]
0.0.AMcustom3: Trace Attempt  2	[0.54 s]
0.0.AMcustom3: Trace Attempt  3	[0.54 s]
0.0.AMcustom3: Trace Attempt  4	[0.54 s]
0.0.AMcustom3: Trace Attempt  5	[0.54 s]
0.0.Tri:    0.39" ---- Launching liveness simplification thread ----
0.0.Tri:    1.21" Simplification phase 1 complete
0.0.D: Trace Attempt 64	[0.77 s]
0.0.D: Stopped processing property "DELAY.p1"	[1.31 s].
0.0.D: Morphing to M
0.0.D: All properties determined. [0.00 s]
0.0.D: Exited with Success (@ 0.00 s)
0.0.M: clocks: 1, declared: 1, looping: 0, posedge: 1, negedge: 0, noedge: 0, bothedge: 0
0.0.M: Starting proof for property "DELAY.p1"	[0.00 s].
0.0.M: Trace Attempt  1	[0.00 s]
0.0.M: Trace Attempt  2	[0.00 s]
0.0.M: Trace Attempt  3	[0.00 s]
0.0.M: Trace Attempt  4	[0.00 s]
0.0.M: Trace Attempt  5	[0.01 s]
0.0.Ncustom1: Requesting engine job to terminate
0.0.Bcustom2: Requesting engine job to terminate
0.0.AMcustom3: Requesting engine job to terminate
0.0.Tri: Requesting engine job to terminate
0.0.M: Requesting engine job to terminate
0.0.Hp: Requesting engine job to terminate
0.0.Ht: Requesting engine job to terminate
0.0.Bm: Requesting engine job to terminate
INFO (IPF144): 0: Initiating shutdown of proof [182.49 s]
0.0.Tri: A proof was found: No trace exists. [1.33 s]
INFO (IPF057): 0.0.Tri: The property "DELAY.p1" was proven in 1.34 s.
0.0.M: Trace Attempt 10	[0.01 s]
0.0.M: Stopped processing property "DELAY.p1"	[0.02 s].
0.0.M: All properties determined. [0.02 s]
0.0.M: Exited with Success (@ 182.50 s)
0: ProofGrid usable level: 0
0.0.Ht: Trace Attempt 10651	[182.43 s]
0.0.Ht: All properties determined. [182.43 s]
0.0.Hp: Trace Attempt 3776	[182.49 s]
0.0.Hp: All properties determined. [182.50 s]
0.0.AMcustom3: Trace Attempt 96	[1.43 s]
0.0.AMcustom3: Stopped processing property "DELAY.p1"	[1.44 s].
0.0.AMcustom3: All properties determined. [1.45 s]
0.0.AMcustom3: Exited with Success (@ 182.50 s)
0.0.Ncustom1: Stopped processing property "DELAY.p1"	[1.50 s].
0.0.Ncustom1: All properties determined. [1.52 s]
0.0.Ncustom1: Exited with Success (@ 182.52 s)
0.0.AMcustom5: Proofgrid shell started at 799@vlsi-ria85(local) jg_27146_vlsi-ria85_1
0.0.AMcustom5: Requesting engine job to terminate
0.0.AMcustom5: Preventing job from starting because proof is shutting down.
0.0.AMcustom5: Requesting engine job to terminate
0.0.AMcustom5: Interrupted. [0.00 s]
0.0.AMcustom5: Exited with Success (@ 182.57 s)
0.0.Bm: Trace Attempt 9970	[182.41 s]
0.0.Bm: All properties determined. [182.57 s]
0.0.Bm: Exited with Success (@ 182.65 s)
0.0.Ht: Exited with Success (@ 182.66 s)
0.0.Tri: Stopped processing property "DELAY.p1"	[1.57 s].
0.0.Tri: All properties determined. [1.58 s]
0.0.Tri: Exited with Success (@ 182.74 s)
0.0.Hp: Exited with Success (@ 182.75 s)
0.0.Bcustom2: Trace Attempt  1	[1.80 s]
0.0.Bcustom2: Stopped processing property "DELAY.p1"	[1.79 s].
0.0.Bcustom2: All properties determined. [1.80 s]
0.0.Bcustom2: Exited with Success (@ 182.96 s)
0: --------------------------------------------------------------
ProofGrid Summary (utilization 99.92 %)
--------------------------------------------------------------
     engines started                               :    16
     engine jobs started                           :    12

    Average time in state (seconds)
    ------------------------------------------------------
    Engine  Pending     Running        Dead    Utilization
    ------------------------------------------------------
     Hp        0.03      182.49        0.00       99.98 %
     Ht        0.07      182.42        0.00       99.96 %
     Bm        0.05      182.45        0.00       99.97 %
    Mpcustom4        0.06        0.00        0.00        6.19 %
     Oh        0.04        0.01        0.00       17.37 %
      L        0.04        0.01        0.00       17.26 %
    Ncustom1        0.04      182.46        0.00       99.98 %
    Bcustom2        0.05      182.28        0.00       99.97 %
    AMcustom3        0.04      182.37        0.00       99.98 %
    Tri        0.14        1.36        0.00       90.59 %
      M        0.17        1.32        0.00       88.73 %
    AMcustom5        0.11        0.00        0.00        0.00 %
    all        0.07       91.43        0.00       99.92 %

    Total time in state (seconds)
    -----------------------------------------
            Pending     Running        Dead  
    -----------------------------------------
               0.83     1097.18        0.00

    Data read    : 7.53 MiB
    Data written : 4.17 kiB

0: All pending notifications were processed.
INFO (IPF059): 0: Completed proof on task: "<embedded>"

==============================================================
SUMMARY
==============================================================
           Properties Considered              : 2
                 assertions                   : 1
                  - proven                    : 1 (100%)
                  - bounded_proven (user)     : 0 (0%)
                  - bounded_proven (auto)     : 0 (0%)
                  - marked_proven             : 0 (0%)
                  - cex                       : 0 (0%)
                  - ar_cex                    : 0 (0%)
                  - undetermined              : 0 (0%)
                  - unknown                   : 0 (0%)
                  - error                     : 0 (0%)
                 covers                       : 1
                  - unreachable               : 0 (0%)
                  - bounded_unreachable (user): 0 (0%)
                  - covered                   : 1 (100%)
                  - ar_covered                : 0 (0%)
                  - undetermined              : 0 (0%)
                  - unknown                   : 0 (0%)
                  - error                     : 0 (0%)
determined
[<embedded>] % exit -force
INFO (IPL005): Received request to exit from the console.
INFO (IPL014): Waiting for the Tcl-thread to exit.
INFO: Waiting for proof threads to stop...
INFO: Proof threads stopped.
INFO (IPL018): The peak resident set memory use for this session was 2.097 GB.
INFO (IPL015): The Tcl-thread exited with status 0.
INFO (IPL016): Exiting the analysis session with status 0.
