2025-11-17 21:16:48.079740 (18690) main____ INFO    ----------------------------------------
2025-11-17 21:16:48.079787 (18690) main____ INFO    Jasper version info
2025-11-17 21:16:48.079792 (18690) main____ INFO      tool      : Jasper 2024.06
2025-11-17 21:16:48.079796 (18690) main____ INFO      version   : 2024.06p002 64 bits
2025-11-17 21:16:48.079799 (18690) main____ INFO      build date: 2024.09.02 16:28:38 UTC
2025-11-17 21:16:48.079800 (18690) main____ INFO    ----------------------------------------
2025-11-17 21:16:48.079802 (18690) main____ INFO    Runtime info:
2025-11-17 21:16:48.079805 (18690) main____ INFO      platform  : Linux 3.10.0-1160.62.1.el7.x86_64 x86_64
2025-11-17 21:16:48.079811 (18690) main____ INFO      hostname  : vlsi-ria85
2025-11-17 21:16:48.079814 (18690) main____ INFO      pid       : 18690
2025-11-17 21:16:48.079817 (18690) main____ INFO      arguments : '-style' 'windows' '-proj' '../jgprojects/lcd_13' '-batch' 'lcd_13.tcl'
2025-11-17 21:16:48.079819 (18690) main____ INFO      locale    : ANSI_X3.4-1968
2025-11-17 21:16:48.079821 (18690) main____ INFO    ----------------------------------------
2025-11-17 21:16:48.079823 (18690) main____ INFO    System resource limits info:
2025-11-17 21:16:48.079825 (18690) main____ INFO      virtual memory: unlimited
2025-11-17 21:16:48.079829 (18690) main____ INFO      cpu time      : unlimited
2025-11-17 21:16:48.079834 (18690) main____ INFO      processes     : 4096
2025-11-17 21:16:48.079840 (18690) main____ INFO      stack size    : 8388608 B
2025-11-17 21:16:48.079843 (18690) main____ INFO      core file size: 1024 B
2025-11-17 21:16:48.079846 (18690) main____ INFO      open files    : 4096
2025-11-17 21:16:48.079848 (18690) main____ INFO      file size     : unlimited
2025-11-17 21:16:48.079850 (18690) main____ INFO    ----------------------------------------
2025-11-17 21:16:48.079852 (18690) main____ INFO    Memory statistics:
2025-11-17 21:16:48.079854 (18690) main____ INFO      total physical memory  : 65714912 kB
2025-11-17 21:16:48.079856 (18690) main____ INFO      free physical memory   : 7662752 kB
2025-11-17 21:16:48.079858 (18690) main____ INFO      committed address space: 165964628 kB
2025-11-17 21:16:48.079860 (18690) main____ INFO    ----------------------------------------
2025-11-17 21:16:48.080408 (18690) main____ INFO    Important environment variables:
2025-11-17 21:16:48.080420 (18690) main____ INFO      CDS_ASSURA         : '/eda/cadence/2023-24/RHELx86/ASSURA_04.16.115_231'
2025-11-17 21:16:48.080424 (18690) main____ INFO      CDS_AUTO_64BIT     : 'ALL'
2025-11-17 21:16:48.080428 (18690) main____ INFO      CDS_CONFRML        : '/eda/cadence/2023-24/RHELx86/CONFRML_23.10.300'
2025-11-17 21:16:48.080431 (18690) main____ INFO      CDS_DDIEXPORT      : '/eda/cadence/2023-24/RHELx86/DDIEXPORT_22.33.000'
2025-11-17 21:16:48.080434 (18690) main____ INFO      CDS_EMX            : '/eda/cadence/2023-24/RHELx86/EMX_23.10.000'
2025-11-17 21:16:48.080438 (18690) main____ INFO      CDS_GENUS          : '/eda/cadence/2023-24/RHELx86/DDIEXPORT_22.33.000/GENUS221'
2025-11-17 21:16:48.080441 (18690) main____ INFO      CDS_IC             : '/eda/cadence/2023-24/RHELx86/IC_23.10.020'
2025-11-17 21:16:48.080444 (18690) main____ INFO      CDS_INNOVUS        : '/eda/cadence/2023-24/RHELx86/DDIEXPORT_22.33.000/INNOVUS221'
2025-11-17 21:16:48.080447 (18690) main____ INFO      CDS_JLS            : '/eda/cadence/2023-24/RHELx86/DDIEXPORT_22.33.000/JLS221'
2025-11-17 21:16:48.080452 (18690) main____ INFO      CDS_LIC_FILE       : '/etc/local/cadence/license_8x.3868dd0560aa:5280@132.68.59.69:/etc/local/cadence/license_8x.1831bfb82c67:5280@132.68.59.64:/etc/local/cadence/license_8x.0894ef683fc3:5280@132.68.59.79:/etc/local/cadence/license_8x.1831bfb82c67:5280@132.68.59.61'
2025-11-17 21:16:48.080459 (18690) main____ INFO      CDS_LITMUS         : '/eda/cadence/2023-24/RHELx86/LITMUS_23.10.300'
2025-11-17 21:16:48.080463 (18690) main____ INFO      CDS_MODUS          : '/eda/cadence/2023-24/RHELx86/MODUS_22.12.000'
2025-11-17 21:16:48.080466 (18690) main____ INFO      CDS_MVS            : '/eda/cadence/2023-24/RHELx86/MVS_21.12.000'
2025-11-17 21:16:48.080471 (18690) main____ INFO      CDS_Netlisting_Mode: 'Analog'
2025-11-17 21:16:48.080474 (18690) main____ INFO      CDS_PEGASUS        : '/eda/cadence/2023-24/RHELx86/PEGASUS_23.11.000'
2025-11-17 21:16:48.080477 (18690) main____ INFO      CDS_PEGASUSDFM     : '/eda/cadence/2023-24/RHELx86/PEGASUSDFM_23.11.000'
2025-11-17 21:16:48.080480 (18690) main____ INFO      CDS_PVS            : '/eda/cadence/2023-24/RHELx86/PVS_22.22.000'
2025-11-17 21:16:48.080483 (18690) main____ INFO      CDS_QUANTUS        : '/eda/cadence/2023-24/RHELx86/QUANTUS_23.10.000'
2025-11-17 21:16:48.080486 (18690) main____ INFO      CDS_SPECTRE        : '/eda/cadence/2023-24/RHELx86/SPECTRE_23.10.242'
2025-11-17 21:16:48.080489 (18690) main____ INFO      CDS_SSV            : '/eda/cadence/2023-24/RHELx86/SSV_22.13.000'
2025-11-17 21:16:48.080492 (18690) main____ INFO      CDS_USE_PALETTE    : ''
2025-11-17 21:16:48.080495 (18690) main____ INFO      CDS_VERISIUMDEBUG  : '/eda/cadence/2023-24/RHELx86/VERISIUMDEBUG_23.03.001'
2025-11-17 21:16:48.080498 (18690) main____ INFO      CDS_VIPCAT         : '/eda/cadence/2023-24/RHELx86/VIPCAT_11.30.093'
2025-11-17 21:16:48.080502 (18690) main____ INFO      CDS_VMANAGER       : '/eda/cadence/2023-24/RHELx86/VMANAGER_23.03.004'
2025-11-17 21:16:48.080505 (18690) main____ INFO      CDS_XCELIUM        : '/eda/cadence/2023-24/RHELx86/XCELIUM_23.03.007'
2025-11-17 21:16:48.080508 (18690) main____ INFO      DISPLAY            : 'localhost:13.0'
2025-11-17 21:16:48.080510 (18690) main____ INFO      JASPER_CPU_CHECK   : '1'
2025-11-17 21:16:48.080513 (18690) main____ INFO      JASPER_INSTALL_DIR : '/tools/cadence2425/JASPER/jasper_2024.06p002'
2025-11-17 21:16:48.080516 (18690) main____ INFO      JASPER_KERNEL_CHECK: '1'
2025-11-17 21:16:48.080519 (18690) main____ INFO      JASPER_OS_CHECK    : '1'
2025-11-17 21:16:48.080521 (18690) main____ INFO      LANG               : 'C'
2025-11-17 21:16:48.080524 (18690) main____ INFO      TMPDIR             : '/tmp'
2025-11-17 21:16:48.080526 (18690) main____ INFO    ----------------------------------------
2025-11-17 21:16:48.080949 (18690) lic_core INFO    Initializing license system ...
2025-11-17 21:16:48.084330 (18690) lic_core INFO    ... license system initialized.
2025-11-17 21:16:48.091786 (18690) lic__man INFO    Claim 'fpv' for <ui>.
2025-11-17 21:16:48.091820 (18690) lic_core INFO    (1) checking out 'jasper_fpv' ...
2025-11-17 21:16:48.155544 (18690) lic_core INFO    ... (1) checkout failed (error: -5) ("FLEXnet ERROR(-5, 0, 0): No such feature exists.")
2025-11-17 21:16:48.155564 (18690) lic_core INFO    (2) checking out 'jasper_fao' ...
2025-11-17 21:16:48.170494 (18690) lic_core INFO    ... (2) checkout succeeded
2025-11-17 21:16:48.192964 (18690) session_ INFO    Starting analysis session with session id 'session_0' (launcher: <local>) ...
2025-11-17 21:16:48.193738 (18690) session_ INFO    Analysis session with session id 'session_0' started (pid: 18723)
2025-11-17 21:16:48.809075 (18690) session_ INFO    Analysis session 'session_0' connected to the console (host: 127.0.0.1:38042)
2025-11-17 21:16:49.224651 (18690) lic__man INFO    Unclaim everything for 'session_0'.
2025-11-17 21:16:49.267028 (18690) lic__man INFO    Claim 'fpv' for 'session_0'.
2025-11-17 21:16:49.267045 (18690) lic__man INFO    Claim 'fpv' for 'session_0/prove-0'.
2025-11-17 21:20:06.065042 (18690) lic__man INFO    Unclaim everything for 'session_0/prove-0'.
2025-11-17 21:20:06.104370 (18690) main____ INFO    About to exit: request to exit with status 0 received from analysis session 'session_0'
2025-11-17 21:20:06.170818 (18690) session_ INFO    Analysis session 'session_0' disconnected.
2025-11-17 21:20:06.170894 (18690) lic__man INFO    Unclaim everything for 'session_0'.
2025-11-17 21:20:06.171002 (18690) session_ INFO    Process for analysis session 'session_0' has exited with exit status '0'.
2025-11-17 21:20:08.207647 (18690) lic_core INFO    (2) checkin jasper_fao
2025-11-17 21:20:08.208836 (18690) main____ INFO    Exiting with status 0.
