2025-11-17 19:52:43.133172 (31048) main____ INFO    ----------------------------------------
2025-11-17 19:52:43.133290 (31048) main____ INFO    Jasper version info
2025-11-17 19:52:43.133301 (31048) main____ INFO      tool      : Jasper 2024.06
2025-11-17 19:52:43.133312 (31048) main____ INFO      version   : 2024.06p002 64 bits
2025-11-17 19:52:43.133320 (31048) main____ INFO      build date: 2024.09.02 16:28:38 UTC
2025-11-17 19:52:43.133325 (31048) main____ INFO    ----------------------------------------
2025-11-17 19:52:43.133329 (31048) main____ INFO    Runtime info:
2025-11-17 19:52:43.133336 (31048) main____ INFO      platform  : Linux 3.10.0-1062.el7.x86_64 x86_64
2025-11-17 19:52:43.133350 (31048) main____ INFO      hostname  : vlsi-moon
2025-11-17 19:52:43.133359 (31048) main____ INFO      pid       : 31048
2025-11-17 19:52:43.133365 (31048) main____ INFO      arguments : '-style' 'windows' '-proj' '../jgprojects/delay_10' '-batch' 'delay_10.tcl'
2025-11-17 19:52:43.133372 (31048) main____ INFO      locale    : ANSI_X3.4-1968
2025-11-17 19:52:43.133376 (31048) main____ INFO    ----------------------------------------
2025-11-17 19:52:43.133381 (31048) main____ INFO    System resource limits info:
2025-11-17 19:52:43.133388 (31048) main____ INFO      virtual memory: unlimited
2025-11-17 19:52:43.133398 (31048) main____ INFO      cpu time      : unlimited
2025-11-17 19:52:43.133411 (31048) main____ INFO      processes     : 4096
2025-11-17 19:52:43.133426 (31048) main____ INFO      stack size    : 8388608 B
2025-11-17 19:52:43.133435 (31048) main____ INFO      core file size: 1024 B
2025-11-17 19:52:43.133442 (31048) main____ INFO      open files    : 4096
2025-11-17 19:52:43.133449 (31048) main____ INFO      file size     : unlimited
2025-11-17 19:52:43.133454 (31048) main____ INFO    ----------------------------------------
2025-11-17 19:52:43.133458 (31048) main____ INFO    Memory statistics:
2025-11-17 19:52:43.133466 (31048) main____ INFO      total physical memory  : 527831204 kB
2025-11-17 19:52:43.133471 (31048) main____ INFO      free physical memory   : 1823056 kB
2025-11-17 19:52:43.133477 (31048) main____ INFO      committed address space: 722514120 kB
2025-11-17 19:52:43.133482 (31048) main____ INFO    ----------------------------------------
2025-11-17 19:52:43.134737 (31048) main____ INFO    Important environment variables:
2025-11-17 19:52:43.134769 (31048) main____ INFO      CDS_ASSURA         : '/eda/cadence/2023-24/RHELx86/ASSURA_04.16.115_231'
2025-11-17 19:52:43.134778 (31048) main____ INFO      CDS_AUTO_64BIT     : 'ALL'
2025-11-17 19:52:43.134786 (31048) main____ INFO      CDS_CONFRML        : '/eda/cadence/2023-24/RHELx86/CONFRML_23.10.300'
2025-11-17 19:52:43.134794 (31048) main____ INFO      CDS_DDIEXPORT      : '/eda/cadence/2023-24/RHELx86/DDIEXPORT_22.33.000'
2025-11-17 19:52:43.134802 (31048) main____ INFO      CDS_EMX            : '/eda/cadence/2023-24/RHELx86/EMX_23.10.000'
2025-11-17 19:52:43.134810 (31048) main____ INFO      CDS_GENUS          : '/eda/cadence/2023-24/RHELx86/DDIEXPORT_22.33.000/GENUS221'
2025-11-17 19:52:43.134818 (31048) main____ INFO      CDS_IC             : '/eda/cadence/2023-24/RHELx86/IC_23.10.020'
2025-11-17 19:52:43.134826 (31048) main____ INFO      CDS_INNOVUS        : '/eda/cadence/2023-24/RHELx86/DDIEXPORT_22.33.000/INNOVUS221'
2025-11-17 19:52:43.134834 (31048) main____ INFO      CDS_JLS            : '/eda/cadence/2023-24/RHELx86/DDIEXPORT_22.33.000/JLS221'
2025-11-17 19:52:43.134848 (31048) main____ INFO      CDS_LIC_FILE       : '/etc/local/cadence/license_8x.3868dd0560aa:5280@132.68.59.69:/etc/local/cadence/license_8x.1831bfb82c67:5280@132.68.59.64:/etc/local/cadence/license_8x.0894ef683fc3:5280@132.68.59.79:/etc/local/cadence/license_8x.1831bfb82c67:5280@132.68.59.61'
2025-11-17 19:52:43.134867 (31048) main____ INFO      CDS_LITMUS         : '/eda/cadence/2023-24/RHELx86/LITMUS_23.10.300'
2025-11-17 19:52:43.134875 (31048) main____ INFO      CDS_MODUS          : '/eda/cadence/2023-24/RHELx86/MODUS_22.12.000'
2025-11-17 19:52:43.134882 (31048) main____ INFO      CDS_MVS            : '/eda/cadence/2023-24/RHELx86/MVS_21.12.000'
2025-11-17 19:52:43.134893 (31048) main____ INFO      CDS_Netlisting_Mode: 'Analog'
2025-11-17 19:52:43.134901 (31048) main____ INFO      CDS_PEGASUS        : '/eda/cadence/2023-24/RHELx86/PEGASUS_23.11.000'
2025-11-17 19:52:43.134909 (31048) main____ INFO      CDS_PEGASUSDFM     : '/eda/cadence/2023-24/RHELx86/PEGASUSDFM_23.11.000'
2025-11-17 19:52:43.134917 (31048) main____ INFO      CDS_PVS            : '/eda/cadence/2023-24/RHELx86/PVS_22.22.000'
2025-11-17 19:52:43.134924 (31048) main____ INFO      CDS_QUANTUS        : '/eda/cadence/2023-24/RHELx86/QUANTUS_23.10.000'
2025-11-17 19:52:43.134932 (31048) main____ INFO      CDS_SPECTRE        : '/eda/cadence/2023-24/RHELx86/SPECTRE_23.10.242'
2025-11-17 19:52:43.134939 (31048) main____ INFO      CDS_SSV            : '/eda/cadence/2023-24/RHELx86/SSV_22.13.000'
2025-11-17 19:52:43.134945 (31048) main____ INFO      CDS_USE_PALETTE    : ''
2025-11-17 19:52:43.134953 (31048) main____ INFO      CDS_VERISIUMDEBUG  : '/eda/cadence/2023-24/RHELx86/VERISIUMDEBUG_23.03.001'
2025-11-17 19:52:43.134961 (31048) main____ INFO      CDS_VIPCAT         : '/eda/cadence/2023-24/RHELx86/VIPCAT_11.30.093'
2025-11-17 19:52:43.134970 (31048) main____ INFO      CDS_VMANAGER       : '/eda/cadence/2023-24/RHELx86/VMANAGER_23.03.004'
2025-11-17 19:52:43.134977 (31048) main____ INFO      CDS_XCELIUM        : '/eda/cadence/2023-24/RHELx86/XCELIUM_23.03.007'
2025-11-17 19:52:43.134984 (31048) main____ INFO      DISPLAY            : 'localhost:10.0'
2025-11-17 19:52:43.134991 (31048) main____ INFO      JASPER_CPU_CHECK   : '1'
2025-11-17 19:52:43.134998 (31048) main____ INFO      JASPER_INSTALL_DIR : '/tools/cadence2425/JASPER/jasper_2024.06p002'
2025-11-17 19:52:43.135005 (31048) main____ INFO      JASPER_KERNEL_CHECK: '1'
2025-11-17 19:52:43.135012 (31048) main____ INFO      JASPER_OS_CHECK    : '1'
2025-11-17 19:52:43.135018 (31048) main____ INFO      LANG               : 'C'
2025-11-17 19:52:43.135025 (31048) main____ INFO      TMPDIR             : '/tmp'
2025-11-17 19:52:43.135030 (31048) main____ INFO    ----------------------------------------
2025-11-17 19:52:43.135933 (31048) lic_core INFO    Initializing license system ...
2025-11-17 19:52:43.150365 (31048) lic_core INFO    ... license system initialized.
2025-11-17 19:52:43.166914 (31048) lic__man INFO    Claim 'fpv' for <ui>.
2025-11-17 19:52:43.167052 (31048) lic_core INFO    (1) checking out 'jasper_fpv' ...
2025-11-17 19:52:43.354537 (31048) lic_core INFO    ... (1) checkout failed (error: -5) ("FLEXnet ERROR(-5, 0, 0): No such feature exists.")
2025-11-17 19:52:43.354612 (31048) lic_core INFO    (2) checking out 'jasper_fao' ...
2025-11-17 19:52:43.376036 (31048) lic_core INFO    ... (2) checkout succeeded
2025-11-17 19:52:43.415081 (31048) session_ INFO    Starting analysis session with session id 'session_0' (launcher: <local>) ...
2025-11-17 19:52:43.417698 (31048) session_ INFO    Analysis session with session id 'session_0' started (pid: 31066)
2025-11-17 19:52:45.315669 (31048) session_ INFO    Analysis session 'session_0' connected to the console (host: 127.0.0.1:53864)
2025-11-17 19:52:46.397284 (31048) lic__man INFO    Unclaim everything for 'session_0'.
2025-11-17 19:52:46.494754 (31048) lic__man INFO    Claim 'fpv' for 'session_0'.
2025-11-17 19:52:46.494808 (31048) lic__man INFO    Claim 'fpv' for 'session_0/prove-0'.
2025-11-17 19:55:51.733294 (31048) lic__man INFO    Unclaim everything for 'session_0/prove-0'.
2025-11-17 19:55:51.873882 (31048) main____ INFO    About to exit: request to exit with status 0 received from analysis session 'session_0'
2025-11-17 19:55:53.768356 (31048) session_ INFO    Analysis session 'session_0' disconnected.
2025-11-17 19:55:53.793733 (31048) lic__man INFO    Unclaim everything for 'session_0'.
2025-11-17 19:55:53.817911 (31048) session_ INFO    Process for analysis session 'session_0' has exited with exit status '0'.
2025-11-17 19:55:54.001102 (31048) lic_core INFO    (2) checkin jasper_fao
2025-11-17 19:55:54.040961 (31048) main____ INFO    Exiting with status 0.
