2025-11-26 23:23:58.004364 (11597) main____ INFO    ----------------------------------------
2025-11-26 23:23:58.004405 (11597) main____ INFO    Jasper version info
2025-11-26 23:23:58.004410 (11597) main____ INFO      tool      : Jasper 2024.06
2025-11-26 23:23:58.004414 (11597) main____ INFO      version   : 2024.06p002 64 bits
2025-11-26 23:23:58.004417 (11597) main____ INFO      build date: 2024.09.02 16:28:38 UTC
2025-11-26 23:23:58.004419 (11597) main____ INFO    ----------------------------------------
2025-11-26 23:23:58.004421 (11597) main____ INFO    Runtime info:
2025-11-26 23:23:58.004423 (11597) main____ INFO      platform  : Linux 3.10.0-1160.62.1.el7.x86_64 x86_64
2025-11-26 23:23:58.004429 (11597) main____ INFO      hostname  : vlsi-ria85
2025-11-26 23:23:58.004433 (11597) main____ INFO      pid       : 11597
2025-11-26 23:23:58.004435 (11597) main____ INFO      arguments : '-style' 'windows' '-proj' '../jgprojects/1_blink_19' '-batch' '1_blink_19.tcl'
2025-11-26 23:23:58.004438 (11597) main____ INFO      locale    : ANSI_X3.4-1968
2025-11-26 23:23:58.004440 (11597) main____ INFO    ----------------------------------------
2025-11-26 23:23:58.004442 (11597) main____ INFO    System resource limits info:
2025-11-26 23:23:58.004444 (11597) main____ INFO      virtual memory: unlimited
2025-11-26 23:23:58.004448 (11597) main____ INFO      cpu time      : unlimited
2025-11-26 23:23:58.004453 (11597) main____ INFO      processes     : 4096
2025-11-26 23:23:58.004459 (11597) main____ INFO      stack size    : 8388608 B
2025-11-26 23:23:58.004462 (11597) main____ INFO      core file size: 1024 B
2025-11-26 23:23:58.004465 (11597) main____ INFO      open files    : 4096
2025-11-26 23:23:58.004468 (11597) main____ INFO      file size     : unlimited
2025-11-26 23:23:58.004469 (11597) main____ INFO    ----------------------------------------
2025-11-26 23:23:58.004471 (11597) main____ INFO    Memory statistics:
2025-11-26 23:23:58.004474 (11597) main____ INFO      total physical memory  : 65714912 kB
2025-11-26 23:23:58.004476 (11597) main____ INFO      free physical memory   : 27839472 kB
2025-11-26 23:23:58.004478 (11597) main____ INFO      committed address space: 65561604 kB
2025-11-26 23:23:58.004480 (11597) main____ INFO    ----------------------------------------
2025-11-26 23:23:58.005008 (11597) main____ INFO    Important environment variables:
2025-11-26 23:23:58.005020 (11597) main____ INFO      CDS_ASSURA         : '/eda/cadence/2023-24/RHELx86/ASSURA_04.16.115_231'
2025-11-26 23:23:58.005024 (11597) main____ INFO      CDS_AUTO_64BIT     : 'ALL'
2025-11-26 23:23:58.005027 (11597) main____ INFO      CDS_CONFRML        : '/eda/cadence/2023-24/RHELx86/CONFRML_23.10.300'
2025-11-26 23:23:58.005031 (11597) main____ INFO      CDS_DDIEXPORT      : '/eda/cadence/2023-24/RHELx86/DDIEXPORT_22.33.000'
2025-11-26 23:23:58.005034 (11597) main____ INFO      CDS_EMX            : '/eda/cadence/2023-24/RHELx86/EMX_23.10.000'
2025-11-26 23:23:58.005037 (11597) main____ INFO      CDS_GENUS          : '/eda/cadence/2023-24/RHELx86/DDIEXPORT_22.33.000/GENUS221'
2025-11-26 23:23:58.005040 (11597) main____ INFO      CDS_IC             : '/eda/cadence/2023-24/RHELx86/IC_23.10.020'
2025-11-26 23:23:58.005044 (11597) main____ INFO      CDS_INNOVUS        : '/eda/cadence/2023-24/RHELx86/DDIEXPORT_22.33.000/INNOVUS221'
2025-11-26 23:23:58.005047 (11597) main____ INFO      CDS_JLS            : '/eda/cadence/2023-24/RHELx86/DDIEXPORT_22.33.000/JLS221'
2025-11-26 23:23:58.005052 (11597) main____ INFO      CDS_LIC_FILE       : '/etc/local/cadence/license_8x.3868dd0560aa:5280@132.68.59.69:/etc/local/cadence/license_8x.1831bfb82c67:5280@132.68.59.64:/etc/local/cadence/license_8x.0894ef683fc3:5280@132.68.59.79:/etc/local/cadence/license_8x.1831bfb82c67:5280@132.68.59.61'
2025-11-26 23:23:58.005058 (11597) main____ INFO      CDS_LITMUS         : '/eda/cadence/2023-24/RHELx86/LITMUS_23.10.300'
2025-11-26 23:23:58.005062 (11597) main____ INFO      CDS_MODUS          : '/eda/cadence/2023-24/RHELx86/MODUS_22.12.000'
2025-11-26 23:23:58.005065 (11597) main____ INFO      CDS_MVS            : '/eda/cadence/2023-24/RHELx86/MVS_21.12.000'
2025-11-26 23:23:58.005069 (11597) main____ INFO      CDS_Netlisting_Mode: 'Analog'
2025-11-26 23:23:58.005072 (11597) main____ INFO      CDS_PEGASUS        : '/eda/cadence/2023-24/RHELx86/PEGASUS_23.11.000'
2025-11-26 23:23:58.005075 (11597) main____ INFO      CDS_PEGASUSDFM     : '/eda/cadence/2023-24/RHELx86/PEGASUSDFM_23.11.000'
2025-11-26 23:23:58.005078 (11597) main____ INFO      CDS_PVS            : '/eda/cadence/2023-24/RHELx86/PVS_22.22.000'
2025-11-26 23:23:58.005081 (11597) main____ INFO      CDS_QUANTUS        : '/eda/cadence/2023-24/RHELx86/QUANTUS_23.10.000'
2025-11-26 23:23:58.005084 (11597) main____ INFO      CDS_SPECTRE        : '/eda/cadence/2023-24/RHELx86/SPECTRE_23.10.242'
2025-11-26 23:23:58.005087 (11597) main____ INFO      CDS_SSV            : '/eda/cadence/2023-24/RHELx86/SSV_22.13.000'
2025-11-26 23:23:58.005090 (11597) main____ INFO      CDS_USE_PALETTE    : ''
2025-11-26 23:23:58.005093 (11597) main____ INFO      CDS_VERISIUMDEBUG  : '/eda/cadence/2023-24/RHELx86/VERISIUMDEBUG_23.03.001'
2025-11-26 23:23:58.005096 (11597) main____ INFO      CDS_VIPCAT         : '/eda/cadence/2023-24/RHELx86/VIPCAT_11.30.093'
2025-11-26 23:23:58.005099 (11597) main____ INFO      CDS_VMANAGER       : '/eda/cadence/2023-24/RHELx86/VMANAGER_23.03.004'
2025-11-26 23:23:58.005102 (11597) main____ INFO      CDS_XCELIUM        : '/eda/cadence/2023-24/RHELx86/XCELIUM_23.03.007'
2025-11-26 23:23:58.005105 (11597) main____ INFO      DISPLAY            : 'localhost:18.0'
2025-11-26 23:23:58.005108 (11597) main____ INFO      JASPER_CPU_CHECK   : '1'
2025-11-26 23:23:58.005111 (11597) main____ INFO      JASPER_INSTALL_DIR : '/tools/cadence2425/JASPER/jasper_2024.06p002'
2025-11-26 23:23:58.005113 (11597) main____ INFO      JASPER_KERNEL_CHECK: '1'
2025-11-26 23:23:58.005116 (11597) main____ INFO      JASPER_OS_CHECK    : '1'
2025-11-26 23:23:58.005118 (11597) main____ INFO      LANG               : 'C'
2025-11-26 23:23:58.005121 (11597) main____ INFO      TMPDIR             : '/tmp'
2025-11-26 23:23:58.005123 (11597) main____ INFO    ----------------------------------------
2025-11-26 23:23:58.005501 (11597) lic_core INFO    Initializing license system ...
2025-11-26 23:23:58.009369 (11597) lic_core INFO    ... license system initialized.
2025-11-26 23:23:58.015968 (11597) lic__man INFO    Claim 'fpv' for <ui>.
2025-11-26 23:23:58.015996 (11597) lic_core INFO    (1) checking out 'jasper_fpv' ...
2025-11-26 23:23:58.031072 (11597) lic_core INFO    ... (1) checkout failed (error: -5) ("FLEXnet ERROR(-5, 0, 0): No such feature exists.")
2025-11-26 23:23:58.031089 (11597) lic_core INFO    (2) checking out 'jasper_fao' ...
2025-11-26 23:23:58.039407 (11597) lic_core INFO    ... (2) checkout succeeded
2025-11-26 23:23:58.073257 (11597) session_ INFO    Starting analysis session with session id 'session_0' (launcher: <local>) ...
2025-11-26 23:23:58.074207 (11597) session_ INFO    Analysis session with session id 'session_0' started (pid: 11615)
2025-11-26 23:23:58.646761 (11597) session_ INFO    Analysis session 'session_0' connected to the console (host: 127.0.0.1:44736)
2025-11-26 23:23:59.054416 (11597) lic__man INFO    Unclaim everything for 'session_0'.
2025-11-26 23:23:59.096672 (11597) lic__man INFO    Claim 'fpv' for 'session_0'.
2025-11-26 23:23:59.096687 (11597) lic__man INFO    Claim 'fpv' for 'session_0/prove-0'.
2025-11-26 23:27:07.555292 (11597) lic__man INFO    Unclaim everything for 'session_0/prove-0'.
2025-11-26 23:27:07.594912 (11597) main____ INFO    About to exit: request to exit with status 0 received from analysis session 'session_0'
2025-11-26 23:27:07.648593 (11597) session_ INFO    Analysis session 'session_0' disconnected.
2025-11-26 23:27:07.648652 (11597) lic__man INFO    Unclaim everything for 'session_0'.
2025-11-26 23:27:07.648767 (11597) session_ INFO    Process for analysis session 'session_0' has exited with exit status '0'.
2025-11-26 23:27:09.697107 (11597) lic_core INFO    (2) checkin jasper_fao
2025-11-26 23:27:09.698649 (11597) main____ INFO    Exiting with status 0.
