2025-11-20 02:57:04.371665 (26383) main____ INFO    ----------------------------------------
2025-11-20 02:57:04.371713 (26383) main____ INFO    Jasper version info
2025-11-20 02:57:04.371718 (26383) main____ INFO      tool      : Jasper 2024.06
2025-11-20 02:57:04.371722 (26383) main____ INFO      version   : 2024.06p002 64 bits
2025-11-20 02:57:04.371725 (26383) main____ INFO      build date: 2024.09.02 16:28:38 UTC
2025-11-20 02:57:04.371727 (26383) main____ INFO    ----------------------------------------
2025-11-20 02:57:04.371729 (26383) main____ INFO    Runtime info:
2025-11-20 02:57:04.371732 (26383) main____ INFO      platform  : Linux 3.10.0-1160.62.1.el7.x86_64 x86_64
2025-11-20 02:57:04.371738 (26383) main____ INFO      hostname  : vlsi-ria85
2025-11-20 02:57:04.371742 (26383) main____ INFO      pid       : 26383
2025-11-20 02:57:04.371745 (26383) main____ INFO      arguments : '-style' 'windows' '-proj' '../jgprojects/2_gray_8' '-batch' '2_gray_8.tcl'
2025-11-20 02:57:04.371747 (26383) main____ INFO      locale    : ANSI_X3.4-1968
2025-11-20 02:57:04.371749 (26383) main____ INFO    ----------------------------------------
2025-11-20 02:57:04.371751 (26383) main____ INFO    System resource limits info:
2025-11-20 02:57:04.371754 (26383) main____ INFO      virtual memory: unlimited
2025-11-20 02:57:04.371758 (26383) main____ INFO      cpu time      : unlimited
2025-11-20 02:57:04.371763 (26383) main____ INFO      processes     : 4096
2025-11-20 02:57:04.371769 (26383) main____ INFO      stack size    : 8388608 B
2025-11-20 02:57:04.371772 (26383) main____ INFO      core file size: 1024 B
2025-11-20 02:57:04.371776 (26383) main____ INFO      open files    : 4096
2025-11-20 02:57:04.371778 (26383) main____ INFO      file size     : unlimited
2025-11-20 02:57:04.371780 (26383) main____ INFO    ----------------------------------------
2025-11-20 02:57:04.371782 (26383) main____ INFO    Memory statistics:
2025-11-20 02:57:04.371784 (26383) main____ INFO      total physical memory  : 65714912 kB
2025-11-20 02:57:04.371786 (26383) main____ INFO      free physical memory   : 2819676 kB
2025-11-20 02:57:04.371788 (26383) main____ INFO      committed address space: 189081412 kB
2025-11-20 02:57:04.371790 (26383) main____ INFO    ----------------------------------------
2025-11-20 02:57:04.372401 (26383) main____ INFO    Important environment variables:
2025-11-20 02:57:04.372413 (26383) main____ INFO      CDS_ASSURA         : '/eda/cadence/2023-24/RHELx86/ASSURA_04.16.115_231'
2025-11-20 02:57:04.372417 (26383) main____ INFO      CDS_AUTO_64BIT     : 'ALL'
2025-11-20 02:57:04.372420 (26383) main____ INFO      CDS_CONFRML        : '/eda/cadence/2023-24/RHELx86/CONFRML_23.10.300'
2025-11-20 02:57:04.372424 (26383) main____ INFO      CDS_DDIEXPORT      : '/eda/cadence/2023-24/RHELx86/DDIEXPORT_22.33.000'
2025-11-20 02:57:04.372427 (26383) main____ INFO      CDS_EMX            : '/eda/cadence/2023-24/RHELx86/EMX_23.10.000'
2025-11-20 02:57:04.372430 (26383) main____ INFO      CDS_GENUS          : '/eda/cadence/2023-24/RHELx86/DDIEXPORT_22.33.000/GENUS221'
2025-11-20 02:57:04.372434 (26383) main____ INFO      CDS_IC             : '/eda/cadence/2023-24/RHELx86/IC_23.10.020'
2025-11-20 02:57:04.372437 (26383) main____ INFO      CDS_INNOVUS        : '/eda/cadence/2023-24/RHELx86/DDIEXPORT_22.33.000/INNOVUS221'
2025-11-20 02:57:04.372440 (26383) main____ INFO      CDS_JLS            : '/eda/cadence/2023-24/RHELx86/DDIEXPORT_22.33.000/JLS221'
2025-11-20 02:57:04.372446 (26383) main____ INFO      CDS_LIC_FILE       : '/etc/local/cadence/license_8x.3868dd0560aa:5280@132.68.59.69:/etc/local/cadence/license_8x.1831bfb82c67:5280@132.68.59.64:/etc/local/cadence/license_8x.0894ef683fc3:5280@132.68.59.79:/etc/local/cadence/license_8x.1831bfb82c67:5280@132.68.59.61'
2025-11-20 02:57:04.372453 (26383) main____ INFO      CDS_LITMUS         : '/eda/cadence/2023-24/RHELx86/LITMUS_23.10.300'
2025-11-20 02:57:04.372457 (26383) main____ INFO      CDS_MODUS          : '/eda/cadence/2023-24/RHELx86/MODUS_22.12.000'
2025-11-20 02:57:04.372460 (26383) main____ INFO      CDS_MVS            : '/eda/cadence/2023-24/RHELx86/MVS_21.12.000'
2025-11-20 02:57:04.372465 (26383) main____ INFO      CDS_Netlisting_Mode: 'Analog'
2025-11-20 02:57:04.372468 (26383) main____ INFO      CDS_PEGASUS        : '/eda/cadence/2023-24/RHELx86/PEGASUS_23.11.000'
2025-11-20 02:57:04.372471 (26383) main____ INFO      CDS_PEGASUSDFM     : '/eda/cadence/2023-24/RHELx86/PEGASUSDFM_23.11.000'
2025-11-20 02:57:04.372474 (26383) main____ INFO      CDS_PVS            : '/eda/cadence/2023-24/RHELx86/PVS_22.22.000'
2025-11-20 02:57:04.372477 (26383) main____ INFO      CDS_QUANTUS        : '/eda/cadence/2023-24/RHELx86/QUANTUS_23.10.000'
2025-11-20 02:57:04.372480 (26383) main____ INFO      CDS_SPECTRE        : '/eda/cadence/2023-24/RHELx86/SPECTRE_23.10.242'
2025-11-20 02:57:04.372483 (26383) main____ INFO      CDS_SSV            : '/eda/cadence/2023-24/RHELx86/SSV_22.13.000'
2025-11-20 02:57:04.372486 (26383) main____ INFO      CDS_USE_PALETTE    : ''
2025-11-20 02:57:04.372489 (26383) main____ INFO      CDS_VERISIUMDEBUG  : '/eda/cadence/2023-24/RHELx86/VERISIUMDEBUG_23.03.001'
2025-11-20 02:57:04.372492 (26383) main____ INFO      CDS_VIPCAT         : '/eda/cadence/2023-24/RHELx86/VIPCAT_11.30.093'
2025-11-20 02:57:04.372496 (26383) main____ INFO      CDS_VMANAGER       : '/eda/cadence/2023-24/RHELx86/VMANAGER_23.03.004'
2025-11-20 02:57:04.372499 (26383) main____ INFO      CDS_XCELIUM        : '/eda/cadence/2023-24/RHELx86/XCELIUM_23.03.007'
2025-11-20 02:57:04.372502 (26383) main____ INFO      DISPLAY            : 'localhost:13.0'
2025-11-20 02:57:04.372505 (26383) main____ INFO      JASPER_CPU_CHECK   : '1'
2025-11-20 02:57:04.372507 (26383) main____ INFO      JASPER_INSTALL_DIR : '/tools/cadence2425/JASPER/jasper_2024.06p002'
2025-11-20 02:57:04.372510 (26383) main____ INFO      JASPER_KERNEL_CHECK: '1'
2025-11-20 02:57:04.372513 (26383) main____ INFO      JASPER_OS_CHECK    : '1'
2025-11-20 02:57:04.372515 (26383) main____ INFO      LANG               : 'C'
2025-11-20 02:57:04.372518 (26383) main____ INFO      TMPDIR             : '/tmp'
2025-11-20 02:57:04.372520 (26383) main____ INFO    ----------------------------------------
2025-11-20 02:57:04.372914 (26383) lic_core INFO    Initializing license system ...
2025-11-20 02:57:04.376659 (26383) lic_core INFO    ... license system initialized.
2025-11-20 02:57:04.383674 (26383) lic__man INFO    Claim 'fpv' for <ui>.
2025-11-20 02:57:04.383725 (26383) lic_core INFO    (1) checking out 'jasper_fpv' ...
2025-11-20 02:57:04.398419 (26383) lic_core INFO    ... (1) checkout failed (error: -5) ("FLEXnet ERROR(-5, 0, 0): No such feature exists.")
2025-11-20 02:57:04.398437 (26383) lic_core INFO    (2) checking out 'jasper_fao' ...
2025-11-20 02:57:04.408386 (26383) lic_core INFO    ... (2) checkout succeeded
2025-11-20 02:57:04.432105 (26383) session_ INFO    Starting analysis session with session id 'session_0' (launcher: <local>) ...
2025-11-20 02:57:04.432945 (26383) session_ INFO    Analysis session with session id 'session_0' started (pid: 26410)
2025-11-20 02:57:05.042104 (26383) session_ INFO    Analysis session 'session_0' connected to the console (host: 127.0.0.1:42178)
2025-11-20 02:57:05.509459 (26383) lic__man INFO    Unclaim everything for 'session_0'.
2025-11-20 02:57:05.552117 (26383) lic__man INFO    Claim 'fpv' for 'session_0'.
2025-11-20 02:57:05.552136 (26383) lic__man INFO    Claim 'fpv' for 'session_0/prove-0'.
2025-11-20 03:00:09.058765 (26383) lic__man INFO    Unclaim everything for 'session_0/prove-0'.
2025-11-20 03:00:09.060480 (26383) main____ INFO    About to exit: request to exit with status 0 received from analysis session 'session_0'
2025-11-20 03:00:09.140290 (26383) session_ INFO    Analysis session 'session_0' disconnected.
2025-11-20 03:00:09.140347 (26383) lic__man INFO    Unclaim everything for 'session_0'.
2025-11-20 03:00:09.140424 (26383) session_ INFO    Process for analysis session 'session_0' has exited with exit status '0'.
2025-11-20 03:00:10.962783 (26383) lic_core INFO    (2) checkin jasper_fao
2025-11-20 03:00:10.964659 (26383) main____ INFO    Exiting with status 0.
