2025-11-17 19:01:47.999375 (334) main____ INFO    ----------------------------------------
2025-11-17 19:01:47.999414 (334) main____ INFO    Jasper version info
2025-11-17 19:01:47.999419 (334) main____ INFO      tool      : Jasper 2024.06
2025-11-17 19:01:47.999422 (334) main____ INFO      version   : 2024.06p002 64 bits
2025-11-17 19:01:47.999425 (334) main____ INFO      build date: 2024.09.02 16:28:38 UTC
2025-11-17 19:01:47.999427 (334) main____ INFO    ----------------------------------------
2025-11-17 19:01:47.999429 (334) main____ INFO    Runtime info:
2025-11-17 19:01:47.999431 (334) main____ INFO      platform  : Linux 3.10.0-1160.62.1.el7.x86_64 x86_64
2025-11-17 19:01:47.999437 (334) main____ INFO      hostname  : vlsi-ria84
2025-11-17 19:01:47.999440 (334) main____ INFO      pid       : 334
2025-11-17 19:01:47.999442 (334) main____ INFO      arguments : '-style' 'windows' '-proj' '../jgprojects/blink_2' '-batch' 'blink_2.tcl'
2025-11-17 19:01:47.999445 (334) main____ INFO      locale    : ANSI_X3.4-1968
2025-11-17 19:01:47.999447 (334) main____ INFO    ----------------------------------------
2025-11-17 19:01:47.999449 (334) main____ INFO    System resource limits info:
2025-11-17 19:01:47.999451 (334) main____ INFO      virtual memory: unlimited
2025-11-17 19:01:47.999455 (334) main____ INFO      cpu time      : unlimited
2025-11-17 19:01:47.999460 (334) main____ INFO      processes     : 4096
2025-11-17 19:01:47.999466 (334) main____ INFO      stack size    : 8388608 B
2025-11-17 19:01:47.999469 (334) main____ INFO      core file size: 1024 B
2025-11-17 19:01:47.999472 (334) main____ INFO      open files    : 4096
2025-11-17 19:01:47.999474 (334) main____ INFO      file size     : unlimited
2025-11-17 19:01:47.999476 (334) main____ INFO    ----------------------------------------
2025-11-17 19:01:47.999478 (334) main____ INFO    Memory statistics:
2025-11-17 19:01:47.999480 (334) main____ INFO      total physical memory  : 65711068 kB
2025-11-17 19:01:47.999483 (334) main____ INFO      free physical memory   : 41067444 kB
2025-11-17 19:01:47.999485 (334) main____ INFO      committed address space: 32373424 kB
2025-11-17 19:01:47.999486 (334) main____ INFO    ----------------------------------------
2025-11-17 19:01:48.000023 (334) main____ INFO    Important environment variables:
2025-11-17 19:01:48.000035 (334) main____ INFO      CDS_ASSURA         : '/eda/cadence/2023-24/RHELx86/ASSURA_04.16.115_231'
2025-11-17 19:01:48.000039 (334) main____ INFO      CDS_AUTO_64BIT     : 'ALL'
2025-11-17 19:01:48.000042 (334) main____ INFO      CDS_CONFRML        : '/eda/cadence/2023-24/RHELx86/CONFRML_23.10.300'
2025-11-17 19:01:48.000046 (334) main____ INFO      CDS_DDIEXPORT      : '/eda/cadence/2023-24/RHELx86/DDIEXPORT_22.33.000'
2025-11-17 19:01:48.000049 (334) main____ INFO      CDS_EMX            : '/eda/cadence/2023-24/RHELx86/EMX_23.10.000'
2025-11-17 19:01:48.000052 (334) main____ INFO      CDS_GENUS          : '/eda/cadence/2023-24/RHELx86/DDIEXPORT_22.33.000/GENUS221'
2025-11-17 19:01:48.000055 (334) main____ INFO      CDS_IC             : '/eda/cadence/2023-24/RHELx86/IC_23.10.020'
2025-11-17 19:01:48.000059 (334) main____ INFO      CDS_INNOVUS        : '/eda/cadence/2023-24/RHELx86/DDIEXPORT_22.33.000/INNOVUS221'
2025-11-17 19:01:48.000062 (334) main____ INFO      CDS_JLS            : '/eda/cadence/2023-24/RHELx86/DDIEXPORT_22.33.000/JLS221'
2025-11-17 19:01:48.000066 (334) main____ INFO      CDS_LIC_FILE       : '/etc/local/cadence/license_8x.3868dd0560aa:5280@132.68.59.69:/etc/local/cadence/license_8x.1831bfb82c67:5280@132.68.59.64:/etc/local/cadence/license_8x.0894ef683fc3:5280@132.68.59.79:/etc/local/cadence/license_8x.1831bfb82c67:5280@132.68.59.61'
2025-11-17 19:01:48.000070 (334) main____ INFO      CDS_LITMUS         : '/eda/cadence/2023-24/RHELx86/LITMUS_23.10.300'
2025-11-17 19:01:48.000073 (334) main____ INFO      CDS_MODUS          : '/eda/cadence/2023-24/RHELx86/MODUS_22.12.000'
2025-11-17 19:01:48.000076 (334) main____ INFO      CDS_MVS            : '/eda/cadence/2023-24/RHELx86/MVS_21.12.000'
2025-11-17 19:01:48.000081 (334) main____ INFO      CDS_Netlisting_Mode: 'Analog'
2025-11-17 19:01:48.000084 (334) main____ INFO      CDS_PEGASUS        : '/eda/cadence/2023-24/RHELx86/PEGASUS_23.11.000'
2025-11-17 19:01:48.000088 (334) main____ INFO      CDS_PEGASUSDFM     : '/eda/cadence/2023-24/RHELx86/PEGASUSDFM_23.11.000'
2025-11-17 19:01:48.000091 (334) main____ INFO      CDS_PVS            : '/eda/cadence/2023-24/RHELx86/PVS_22.22.000'
2025-11-17 19:01:48.000094 (334) main____ INFO      CDS_QUANTUS        : '/eda/cadence/2023-24/RHELx86/QUANTUS_23.10.000'
2025-11-17 19:01:48.000097 (334) main____ INFO      CDS_SPECTRE        : '/eda/cadence/2023-24/RHELx86/SPECTRE_23.10.242'
2025-11-17 19:01:48.000100 (334) main____ INFO      CDS_SSV            : '/eda/cadence/2023-24/RHELx86/SSV_22.13.000'
2025-11-17 19:01:48.000102 (334) main____ INFO      CDS_USE_PALETTE    : ''
2025-11-17 19:01:48.000105 (334) main____ INFO      CDS_VERISIUMDEBUG  : '/eda/cadence/2023-24/RHELx86/VERISIUMDEBUG_23.03.001'
2025-11-17 19:01:48.000109 (334) main____ INFO      CDS_VIPCAT         : '/eda/cadence/2023-24/RHELx86/VIPCAT_11.30.093'
2025-11-17 19:01:48.000112 (334) main____ INFO      CDS_VMANAGER       : '/eda/cadence/2023-24/RHELx86/VMANAGER_23.03.004'
2025-11-17 19:01:48.000115 (334) main____ INFO      CDS_XCELIUM        : '/eda/cadence/2023-24/RHELx86/XCELIUM_23.03.007'
2025-11-17 19:01:48.000118 (334) main____ INFO      DISPLAY            : 'localhost:11.0'
2025-11-17 19:01:48.000121 (334) main____ INFO      JASPER_CPU_CHECK   : '1'
2025-11-17 19:01:48.000124 (334) main____ INFO      JASPER_INSTALL_DIR : '/tools/cadence2425/JASPER/jasper_2024.06p002'
2025-11-17 19:01:48.000126 (334) main____ INFO      JASPER_KERNEL_CHECK: '1'
2025-11-17 19:01:48.000129 (334) main____ INFO      JASPER_OS_CHECK    : '1'
2025-11-17 19:01:48.000132 (334) main____ INFO      LANG               : 'C'
2025-11-17 19:01:48.000134 (334) main____ INFO      TMPDIR             : '/tmp'
2025-11-17 19:01:48.000136 (334) main____ INFO    ----------------------------------------
2025-11-17 19:01:48.000528 (334) lic_core INFO    Initializing license system ...
2025-11-17 19:01:48.004351 (334) lic_core INFO    ... license system initialized.
2025-11-17 19:01:48.012450 (334) lic__man INFO    Claim 'fpv' for <ui>.
2025-11-17 19:01:48.012480 (334) lic_core INFO    (1) checking out 'jasper_fpv' ...
2025-11-17 19:01:48.171150 (334) lic_core INFO    ... (1) checkout failed (error: -5) ("FLEXnet ERROR(-5, 0, 0): No such feature exists.")
2025-11-17 19:01:48.171172 (334) lic_core INFO    (2) checking out 'jasper_fao' ...
2025-11-17 19:01:48.180009 (334) lic_core INFO    ... (2) checkout succeeded
2025-11-17 19:01:48.205699 (334) session_ INFO    Starting analysis session with session id 'session_0' (launcher: <local>) ...
2025-11-17 19:01:48.206662 (334) session_ INFO    Analysis session with session id 'session_0' started (pid: 357)
2025-11-17 19:01:48.771410 (334) session_ INFO    Analysis session 'session_0' connected to the console (host: 127.0.0.1:36862)
2025-11-17 19:01:49.189847 (334) lic__man INFO    Unclaim everything for 'session_0'.
2025-11-17 19:01:49.232074 (334) lic__man INFO    Claim 'fpv' for 'session_0'.
2025-11-17 19:01:49.232088 (334) lic__man INFO    Claim 'fpv' for 'session_0/prove-0'.
2025-11-17 19:03:56.044917 (334) lic__man INFO    Unclaim everything for 'session_0/prove-0'.
2025-11-17 19:03:56.047646 (334) main____ INFO    About to exit: request to exit with status 0 received from analysis session 'session_0'
2025-11-17 19:03:56.107559 (334) session_ INFO    Analysis session 'session_0' disconnected.
2025-11-17 19:03:56.107671 (334) lic__man INFO    Unclaim everything for 'session_0'.
2025-11-17 19:03:56.107763 (334) session_ INFO    Process for analysis session 'session_0' has exited with exit status '0'.
2025-11-17 19:03:57.949536 (334) lic_core INFO    (2) checkin jasper_fao
2025-11-17 19:03:58.083201 (334) main____ INFO    Exiting with status 0.
