# ----------------------------------------
# Jasper Version Info
# tool      : Jasper 2024.06
# platform  : Linux 3.10.0-1160.62.1.el7.x86_64
# version   : 2024.06p002 64 bits
# build date: 2024.09.02 16:28:38 UTC
# ----------------------------------------
# started   : 2025-11-18 10:27:57 IST
# hostname  : vlsi-ria85.vlsidomain
# pid       : 2588
# arguments : '-label' 'session_0' '-console' '//127.0.0.1:36844' '-nowindow' '-style' 'windows' '-exitonerror' '-data' 'AAAAwnicY2RgYLCp////PwMYMD6A0Aw2jAyoAMRnQhUJbEChGRhYYZphSliAmItBl6GAoYghnyELyFNj0ANCfSA7HS6aypDMUMJQDBQtA4omMsQzWABV8gD1JQF5JUDZDCBfCElWDyyaA7YDAEahFTk=' '-proj' '/users/rompel/jasper_executions/safety/jgprojects/vga_8/sessionLogs/session_0' '-init' '-hidden' '/users/rompel/jasper_executions/safety/jgprojects/vga_8/.tmp/.initCmds.tcl' 'vga_8.tcl' '-hidden' '/users/rompel/jasper_executions/safety/jgprojects/vga_8/.tmp/.postCmds.tcl'

Any disclosure about the Cadence Design Systems software or its use
model to any third party violates the written Non-Disclosure Agreement
between Cadence Design Systems, Inc. and the customer.

THIS SOFTWARE CONTAINS CONFIDENTIAL INFORMATION AND TRADE SECRETS OF
CADENCE DESIGN SYSTEMS, INC. USE, DISCLOSURE, OR REPRODUCTION IS
PROHIBITED WITHOUT THE PRIOR EXPRESS WRITTEN PERMISSION OF CADENCE
DESIGN SYSTEMS, INC.

Copyright (C) 2000-2024 Cadence Design Systems, Inc. All Rights
Reserved.  Unpublished -- rights reserved under the copyright laws of
the United States.

This product includes software developed by others and redistributed
according to license agreement. See doc/third_party_readme.txt for
further details.

RESTRICTED RIGHTS LEGEND

Use, duplication, or disclosure by the Government is subject to
restrictions as set forth in subparagraph (c) (1) (ii) of the Rights in
Technical Data and Computer Software clause at DFARS 252.227-7013 or
subparagraphs (c) (1) and (2) of Commercial Computer Software -- Restricted
Rights at 48 CFR 52.227-19, as applicable.


                          Cadence Design Systems, Inc.
                          2655 Seely Avenue
                          San Jose, CA 95134
                          Phone: 408.943.1234

For technical assistance visit http://support.cadence.com.

Jasper Apps Analysis Session - /users/rompel/jasper_executions/safety/jgprojects/vga_8/sessionLogs/session_0

WARNING (WG017): [session]: The system's locale is "ANSI_X3.4-1968", which is not UTF-8. Non-ASCII characters might not be handled correctly.
WARNING (WG017): [jg_console]: The system's locale is "ANSI_X3.4-1968", which is not UTF-8. Non-ASCII characters might not be handled correctly.
INFO: successfully checked out license "jasper_fao".
INFO: reading configuration file "/users/rompel/.config/cadence/jasper.conf".
% analyze -sv09 ../vga_8.sv
[-- (VERI-1482)] Analyzing Verilog file '/tools/cadence2425/JASPER/jasper_2024.06p002/lib/verilog/packages/std/std.sv' into library 'std'
[-- (VERI-1482)] Analyzing Verilog file '../vga_8.sv'
% elaborate -bbox_mul 1000000 -bbox_div 1000000 -bbox_mod 1000000 -bbox_a 1000000
[INFO (HIER-8002)] ../vga_8.sv(64): Disabling old hierarchical reference handler
[INFO (VERI-1018)] ../vga_8.sv(1): compiling module 'VGA'
[WARN (VERI-1209)] ../vga_8.sv(33): expression size 32 truncated to fit in target size 10
[WARN (VERI-1209)] ../vga_8.sv(37): expression size 32 truncated to fit in target size 9
[INFO (VERI-8005)] ../vga_8.sv(17): Unintentional sequential element inferred for h_cnt read before write using blocking assignment
[INFO (VERI-8005)] ../vga_8.sv(18): Unintentional sequential element inferred for v_cnt read before write using blocking assignment
[INFO (VERI-8005)] ../vga_8.sv(19): Unintentional sequential element inferred for h_sync read before write using blocking assignment
[INFO (VERI-8005)] ../vga_8.sv(20): Unintentional sequential element inferred for v_sync read before write using blocking assignment
[INFO (VERI-8005)] ../vga_8.sv(1): Unintentional sequential element inferred for disp_ena read before write using blocking assignment
[INFO (VERI-8005)] ../vga_8.sv(1): Unintentional sequential element inferred for col read before write using blocking assignment
[INFO (VERI-8005)] ../vga_8.sv(1): Unintentional sequential element inferred for row read before write using blocking assignment
INFO (ISW003): Top module name is "VGA".
INFO (INL208): Elaboration synthesis summary:
  Number of synthesized netlists          1 (0 packages)
  Single run mode                         On
  Pipeline                                On (1 pipelined netlists)
  Late hierarchical reference connection  On
  Number of analyzed Verilog modules      1 (1 synthesized)
  Number of analyzed VHDL entities        0 (0 synthesized)
INFO (INL003): Clearing all state information (assumes, stopats, and so forth).
VGA
[<embedded>] % reset rst
INFO (IPM031): Clearing proof results of all properties.
INFO (IRS006): Current reset condition is "rst".
[<embedded>] % clock clk
[<embedded>] % prove -all
Ncustom1: Custom engine code is hT3Ng7hPPfiYQOTDZ3qhYOwGAM51eA+J/FjkM5shLioAsqhgLR4Ft+O1BuKG6ilQ83B9tLXSl+CwjiTMAQA
Bcustom2: Custom engine code is hT3Nm7hPr1Vp3Di1Ra2USNIGL4JypRnLKLAdF6JAyuavO2JfGCiY9OZJhcAcOUnLx5xwNdhILGrAWX9s+z2WDkKwNR7tAfClBEjRFVQeq6DU54boFgEA
AMcustom3: Custom engine code is hT3Ng7hP/feYQOTDZ3qhYOwGAM51eA+J/FjkM5shLioAsqhgLR4Ft+O1BuKG6ilQ83B9tLXSmmqwm7g9AQA
Mpcustom4: Custom engine code is hT3NZbhP9fmY2AbBQnsjfOxn6c+6e6yL+/e8fZFmaQrnlgEA
INFO (IPF036): Starting proof on task: "<embedded>", 1 properties to prove with 0 already proven/unreachable
INFO (IRS029): Starting reset analysis: phase 1 of 4.
INFO (IRS030): Running reset analysis: phase 2 of 4.
INFO (IRS031): Running reset analysis: phase 3 of 4.
INFO (IRS020): Starting the reset analysis simulation with a limit of 100 iterations (phase 4 of 4).
INFO (IRS024): Reset iterations 0 to 4 analyzed.
INFO (IRS018): Reset analysis simulation executed for 3 iterations. Assigned values for 39 of 41 design flops, 0 of 0 design latches, 3 of 3 internal elements.
INFO (IRS039): Reset analysis complete.
INFO (IPF031): Settings used for proof thread 0:
    orchestration                 = on
    time_limit                    = 86400s
    per_property_time_limit       = 1s * 10 ^ scan
    engine_mode                   = auto
    proofgrid_per_engine_max_jobs = 1
    max engine jobs               = auto
    proofgrid_mode                = local
    proofgrid_restarts            = 10
AMcustom5: Custom engine code is hT3N1rhP11/52HrFRS21ROp2LOjVTgPvT8L8BGXHgLhaIuqtT4nARFjUqrBL+7pLmaTOzBepZW/Jm8SSrHDybSQtoNiO3y43wk+dEoWlsZizu97Fih6O6lPVG/LpWP5SsUPwlGagLNa1FKEFvwVXyX7//8prySbvSxIHXr5er+z4RAEA
0: Using multistage preprocessing
Ncustom6: Custom engine code is hT3OXrhPByJp3TrFSTLhUmMH4KVtJgmTCnNDF46yMXOKY48m4LS5nE7yBzFjA7kDuwO/GhGUpEPiky3p3wmPn3dJZHxFMsafSoObRzSC+tn7sEY0WbTdZ/FV4hL3MYH/b1CIUvXSWR4wqEoVLsmMOD4xIPT4lI1LO6ZCO7PnnWQuLwetnvKlrXx6wCW/A+x+enqslg1YPobi4wEF/EvbzOvcTYdJvl2s4H2yZg2b2ofAVN5WvhWk1HoBAA
0: Starting reduce
ADcustom7: Custom engine code is hT3Nv7hPv1752HrFRa2kROx2f/ECJeZB2AZsLdlO8VwmIuqtT4nIDFXclhg+O+o+DMmQCekbheGk0kK28laA9gaOFDXsQp29J3X615HY1IPHJWd6FUFvCHjO+p1k652b5JJvZlShNpGlGSXAiQe/mEAj6tEBAA
Tricustom8: Custom engine code is hT3Nu7hPt1752DvFRa0kNDiyIV97VyejwM9C/jCLJjdPvusZONHY42VYUy0Q1ZotnhcVtNc56tJ5wbxv6V2+XpdsaSlHck5vfnbYjdwj1OECy9U+7oSQ0SZE3g5ayD+Phuh4odCJTjeKa2k4elM9ldQfkAEA
Gcustom9: Custom engine code is hT3NibhPDfeYQADBZnYcglOvK9Pfd7EOeniIqP8jNsyIqInncipMGcUXqAadachREE9F2PwhBUZUNw5kHnd4JdXkamORRgEA
C2custom10: Custom engine code is hT3NirhPjfWYQADBZnYcglOvK9Pfd7EOeniIqP8jNsyIqInncgkrYMMXCYbdK0dUjZIF9d4cJ0rHoBDjwVLBKuG86XYVV00BAA
AGcustom11: Custom engine code is hT3NirhP/fmYQADBZnYcglOvK9Pfd7EOeniIqP8jNsyIqInnckcwYMMXCYbdK0dUjZIF9d4cJ0rHoBDjwVLBKuHEZnZByh0BAA
Bcustom12: Custom engine code is hT3NjrhPDfiYQADBZnYcglOvK9PfWxFtenjIyBqfrgr7if/jL/yPOuK1BAflEcW0DxNH2eDIoezN2gxlQFg81RZtiWXh7aiTAidvAQA
Ncustom13: Custom engine code is hT3NR7hPByFp3TrFSTLhUmMH4KWtJglTyV/c51BHEeZWamnJv767nE6PCak26bd3gf3XGN3rIRheufhDieCJQVISo+gNYUKhiUedBKGtsP/a18svAnlMJZudHxDFwK5ufsyoxsIyiAeSY2oi3tEuoDHr5gw42DFKAG3PqO3CEsl8Azzdt3pl5nGA1Ifv2H02eYsFzWb/nfp8PMb3F0krE/EgBcm8TD9Div8BAA
Tricustom14: Custom engine code is hT3Nu7hP3fiYQADBZnYcglNHp9bfd7EOeniIqP/ji8sGLQu8yhsFO+wxJ+O+R0bU8g/IewXFomyos+viQnWc2xYNYmMqpo3i40O7DaZR7qfp4YqNx26KRvQ/qx0BAA
0: Finished reduce in 0s
0.0.PRE: Performing Proof Simplification...
0.0.N: clocks: 1, declared: 1, looping: 0, posedge: 1, negedge: 0, noedge: 0, bothedge: 0
0.0.N: Proof Simplification Iteration 1	[0.00 s]
0.0.PRE: A proof was found: No trace exists. [0.00 s]
INFO (IPF057): 0.0.PRE: The property ":noDeadEnd" was proven in 0.00 s.
    Use check_assumptions -show -dead_end to show this property in the property table.
0.0.PRE: A proof was found: No trace exists. [0.00 s]
INFO (IPF057): 0.0.PRE: The property ":noConflict" was proven in 0.00 s.
    Use check_assumptions -show to show this property in the property table.
INFO (IPF047): 0.0.PRE: The cover property ":live" was covered in 1 cycles in 0.00 s.
    Use check_assumptions -show -live to show this property in the property table.
0.0.PRE: Proof Simplification completed in 0.00 s
0: About to start ProofGrid in its own thread with a limit of 10000 pending notifications and a limit of 10 traces.
0: =============================== ProofGrid start ===============================
0: ProofGrid usable level: 1
0: Initial ProofGrid level: 1
0: ProofGrid is starting event handling
0.0.Hp: Proofgrid shell started at 2770@vlsi-ria85(local) jg_2588_vlsi-ria85_1
0.0.N: Proofgrid shell started at 2769@vlsi-ria85(local) jg_2588_vlsi-ria85_1
0.0.Hp: clocks: 1, declared: 1, looping: 0, posedge: 1, negedge: 0, noedge: 0, bothedge: 0
0.0.N: clocks: 1, declared: 1, looping: 0, posedge: 1, negedge: 0, noedge: 0, bothedge: 0
0.0.N: Last scan. Per property time limit: 0s
0.0.N: Starting proof for property "VGA.p1"	[0.00 s].
0.0.N: Trace Attempt  1	[0.00 s]
0.0.N: Trace Attempt  2	[0.00 s]
0.0.N: Trace Attempt  2	[0.00 s]
0.0.N: Trace Attempt  3	[0.00 s]
0.0.N: Trace Attempt  4	[0.00 s]
0.0.N: Trace Attempt  4	[0.00 s]
0.0.N: Trace Attempt  5	[0.00 s]
0.0.Hp: Last scan. Per property time limit: 0s
0.0.Hp: Trace Attempt  1	[0.00 s]
0.0.Hp: Trace Attempt  2	[0.00 s]
0.0.Hp: Trace Attempt  3	[0.00 s]
0.0.Hp: Trace Attempt  4	[0.00 s]
0.0.Hp: Trace Attempt  5	[0.00 s]
0.0.N: Trace Attempt  1	[0.01 s]
0.0.N: Trace Attempt  2	[0.01 s]
0.0.N: Trace Attempt  3	[0.01 s]
0.0.N: Trace Attempt  4	[0.01 s]
0.0.N: Trace Attempt  5	[0.01 s]
0.0.Ht: Proofgrid shell started at 2820@vlsi-ria85(local) jg_2588_vlsi-ria85_1
0.0.Oh: Proofgrid shell started at 2821@vlsi-ria85(local) jg_2588_vlsi-ria85_1
0.0.B: Proofgrid shell started at 2822@vlsi-ria85(local) jg_2588_vlsi-ria85_1
0.0.Ht: clocks: 1, declared: 1, looping: 0, posedge: 1, negedge: 0, noedge: 0, bothedge: 0
0.0.Ht: Last scan. Per property time limit: 0s
0.0.Ht: Trace Attempt  1	[0.00 s]
0.0.Ht: Trace Attempt  2	[0.00 s]
0.0.Ht: Trace Attempt  3	[0.00 s]
0.0.Ht: Trace Attempt  4	[0.00 s]
0.0.Ht: Trace Attempt  5	[0.00 s]
0.0.B: clocks: 1, declared: 1, looping: 0, posedge: 1, negedge: 0, noedge: 0, bothedge: 0
0.0.B: Last scan. Per property time limit: 0s
0.0.B: Starting proof for property "VGA.p1"	[0.00 s].
0.0.B: Trace Attempt  1	[0.00 s]
0.0.B: Trace Attempt  2	[0.00 s]
0.0.B: Trace Attempt  3	[0.00 s]
0.0.B: Trace Attempt  4	[0.00 s]
0.0.B: Trace Attempt  5	[0.00 s]
0.0.AM: Proofgrid shell started at 2823@vlsi-ria85(local) jg_2588_vlsi-ria85_1
0.0.AM: clocks: 1, declared: 1, looping: 0, posedge: 1, negedge: 0, noedge: 0, bothedge: 0
0.0.AM: Last scan. Per property time limit: 0s
0.0.AM: Starting proof for property "VGA.p1"	[0.00 s].
0.0.AM: Trace Attempt  1	[0.00 s]
0.0.AM: Trace Attempt  2	[0.00 s]
0.0.AM: Trace Attempt  3	[0.00 s]
0.0.AM: Trace Attempt  4	[0.00 s]
0.0.AM: Trace Attempt  5	[0.00 s]
0.0.AM: Trace Attempt  1	[0.00 s]
0.0.Oh: clocks: 1, declared: 1, looping: 0, posedge: 1, negedge: 0, noedge: 0, bothedge: 0
0.0.Oh: Reached length limit (2147483647) [0.01 s]
0.0.Oh: Exited with Success (@ 0.06 s)
0.0.Oh: Completed, Restart ignored.
0.0.AM: Trace Attempt  2	[0.00 s]
0.0.AM: Trace Attempt  3	[0.00 s]
0.0.AM: Trace Attempt  4	[0.00 s]
0.0.AM: Trace Attempt  5	[0.00 s]
0.0.AM: Trace Attempt  1	[0.02 s]
0.0.AM: Trace Attempt  2	[0.02 s]
0.0.AM: Trace Attempt  3	[0.02 s]
0.0.AM: Trace Attempt  4	[0.02 s]
0.0.N: Trace Attempt  1	[0.09 s]
0.0.N: Trace Attempt  2	[0.09 s]
0.0.N: Trace Attempt  3	[0.09 s]
0.0.N: Trace Attempt  4	[0.09 s]
0.0.N: Trace Attempt  5	[0.09 s]
0.0.N: Trace Attempt  1	[0.27 s]
0.0.N: Trace Attempt  2	[0.27 s]
0.0.N: Trace Attempt  3	[0.27 s]
0.0.N: Trace Attempt  4	[0.27 s]
0.0.N: Trace Attempt  5	[0.27 s]
0.0.N: Trace Attempt  1	[0.66 s]
0.0.N: Trace Attempt  2	[0.66 s]
0.0.N: Trace Attempt  3	[0.66 s]
0.0.N: Trace Attempt  4	[0.66 s]
0.0.N: Trace Attempt  5	[0.66 s]
0.0.N: Trace Attempt  1	[1.04 s]
0.0.N: Trace Attempt  2	[1.05 s]
0.0.N: Trace Attempt  3	[1.05 s]
0.0.N: Trace Attempt  4	[1.05 s]
0.0.N: Trace Attempt  5	[1.05 s]
0.0.N: Trace Attempt  1	[1.44 s]
0.0.N: Trace Attempt  2	[1.44 s]
0.0.N: Trace Attempt  3	[1.44 s]
0.0.N: Trace Attempt  4	[1.44 s]
0.0.N: Trace Attempt  5	[1.44 s]
0.0.N: Trace Attempt  1	[1.82 s]
0.0.N: Trace Attempt  2	[1.82 s]
0.0.N: Trace Attempt  3	[1.82 s]
0.0.N: Trace Attempt  4	[1.83 s]
0.0.N: Trace Attempt  5	[1.83 s]
0.0.N: Trace Attempt  1	[2.21 s]
0.0.N: Trace Attempt  2	[2.21 s]
0.0.N: Trace Attempt  3	[2.21 s]
0.0.N: Trace Attempt  4	[2.22 s]
0.0.N: Trace Attempt  5	[2.22 s]
0.0.N: Trace Attempt  1	[2.65 s]
0.0.N: Trace Attempt  2	[2.65 s]
0.0.N: Trace Attempt  3	[2.65 s]
0.0.N: Trace Attempt  4	[2.65 s]
0.0.N: Trace Attempt  5	[2.66 s]
0.0.N: Trace Attempt  1	[3.56 s]
0.0.N: Trace Attempt  2	[3.56 s]
0.0.N: Trace Attempt  3	[3.56 s]
0.0.N: Trace Attempt  4	[3.56 s]
0.0.N: Trace Attempt  5	[3.56 s]
0.0.Hp: Trace Attempt 347	[4.01 s]
0.0.B: Trace Attempt 1807	[4.00 s]
0.0.Ht: Trace Attempt 1838	[4.00 s]
0.0.AM: Trace Attempt 387	[4.09 s]
0.0.N: Trace Attempt  1	[4.44 s]
0.0.N: Trace Attempt  2	[4.44 s]
0.0.N: Trace Attempt  3	[4.44 s]
0.0.N: Trace Attempt  4	[4.44 s]
0.0.N: Trace Attempt  5	[4.44 s]
0.0.N: Trace Attempt  1	[5.32 s]
0.0.N: Trace Attempt  2	[5.32 s]
0.0.N: Trace Attempt  3	[5.32 s]
0.0.N: Trace Attempt  4	[5.33 s]
0.0.N: Trace Attempt  5	[5.33 s]
0.0.N: Trace Attempt  1	[6.20 s]
0.0.N: Trace Attempt  2	[6.20 s]
0.0.N: Trace Attempt  3	[6.20 s]
0.0.N: Trace Attempt  4	[6.20 s]
0.0.N: Trace Attempt  5	[6.21 s]
0.0.N: Trace Attempt  1	[7.08 s]
0.0.N: Trace Attempt  2	[7.08 s]
0.0.N: Trace Attempt  3	[7.08 s]
0.0.N: Trace Attempt  4	[7.08 s]
0.0.N: Trace Attempt  5	[7.09 s]
0.0.N: Trace Attempt  1	[7.96 s]
0.0.N: Trace Attempt  2	[7.96 s]
0.0.N: Trace Attempt  3	[7.97 s]
0.0.N: Trace Attempt  4	[7.97 s]
0.0.N: Trace Attempt  5	[7.97 s]
0.0.B: Trace Attempt 2519	[8.00 s]
0.0.Ht: Trace Attempt 2489	[8.01 s]
0.0.Hp: Trace Attempt 454	[8.05 s]
0.0.AM: Trace Attempt 427	[8.22 s]
0.0.N: Trace Attempt  1	[8.87 s]
0.0.N: Trace Attempt  2	[8.87 s]
0.0.N: Trace Attempt  3	[8.87 s]
0.0.N: Trace Attempt  4	[8.87 s]
0.0.N: Trace Attempt  5	[8.87 s]
0.0.N: Trace Attempt  1	[10.37 s]
0.0.N: Trace Attempt  2	[10.37 s]
0.0.N: Trace Attempt  3	[10.37 s]
0.0.N: Trace Attempt  4	[10.37 s]
0.0.N: Trace Attempt  5	[10.37 s]
0.0.N: Trace Attempt  1	[11.85 s]
0.0.N: Trace Attempt  2	[11.86 s]
0.0.N: Trace Attempt  3	[11.86 s]
0.0.N: Trace Attempt  4	[11.86 s]
0.0.N: Trace Attempt  5	[11.86 s]
0.0.B: Trace Attempt 3019	[12.00 s]
0.0.Ht: Trace Attempt 2944	[12.01 s]
0.0.Hp: Trace Attempt 532	[12.07 s]
0.0.N: Trace Attempt  1	[13.35 s]
0.0.N: Trace Attempt  2	[13.35 s]
0.0.N: Trace Attempt  3	[13.35 s]
0.0.N: Trace Attempt  4	[13.35 s]
0.0.N: Trace Attempt  5	[13.35 s]
0.0.AM: Trace Attempt 504	[13.36 s]
0.0.AM: Trace Attempt  1	[13.46 s]
0.0.AM: Trace Attempt  2	[13.46 s]
0.0.AM: Trace Attempt  3	[13.46 s]
0.0.AM: Trace Attempt  4	[13.46 s]
0.0.AM: Trace Attempt  5	[13.46 s]
0.0.N: Trace Attempt  1	[14.80 s]
0.0.N: Trace Attempt  2	[14.80 s]
0.0.N: Trace Attempt  3	[14.80 s]
0.0.N: Trace Attempt  4	[14.80 s]
0.0.N: Trace Attempt  5	[14.80 s]
0.0.B: Trace Attempt 3475	[16.01 s]
0.0.Ht: Trace Attempt 3359	[16.02 s]
0.0.Hp: Trace Attempt 607	[16.10 s]
0.0.N: Trace Attempt  1	[16.27 s]
0.0.N: Trace Attempt  2	[16.27 s]
0.0.N: Trace Attempt  3	[16.28 s]
0.0.N: Trace Attempt  4	[16.28 s]
0.0.N: Trace Attempt  5	[16.28 s]
0.0.AM: Trace Attempt 431	[17.47 s]
0.0.N: Trace Attempt  1	[17.75 s]
0.0.N: Trace Attempt  2	[17.75 s]
0.0.N: Trace Attempt  3	[17.75 s]
0.0.N: Trace Attempt  4	[17.76 s]
0.0.N: Trace Attempt  5	[17.76 s]
0.0.N: Trace Attempt  1	[19.23 s]
0.0.N: Trace Attempt  2	[19.23 s]
0.0.N: Trace Attempt  3	[19.23 s]
0.0.N: Trace Attempt  4	[19.23 s]
0.0.N: Trace Attempt  5	[19.23 s]
0.0.B: Trace Attempt 3895	[20.01 s]
0.0.Ht: Trace Attempt 3738	[20.02 s]
0.0.N: Trace Attempt  1	[20.70 s]
0.0.N: Trace Attempt  2	[20.71 s]
0.0.N: Trace Attempt  3	[20.71 s]
0.0.N: Trace Attempt  4	[20.71 s]
0.0.N: Trace Attempt  5	[20.71 s]
0.0.AM: Trace Attempt 544	[21.50 s]
0.0.Hp: Trace Attempt 664	[21.84 s]
0.0.N: Trace Attempt  1	[22.18 s]
0.0.N: Trace Attempt  2	[22.18 s]
0.0.N: Trace Attempt  3	[22.18 s]
0.0.N: Trace Attempt  4	[22.18 s]
0.0.N: Trace Attempt  5	[22.18 s]
0.0.N: Trace Attempt  1	[23.66 s]
0.0.N: Trace Attempt  2	[23.66 s]
0.0.N: Trace Attempt  3	[23.66 s]
0.0.N: Trace Attempt  4	[23.66 s]
0.0.N: Trace Attempt  5	[23.66 s]
0.0.B: Trace Attempt 4272	[24.02 s]
0.0.Ht: Trace Attempt 4090	[24.03 s]
0.0.N: Trace Attempt  1	[25.16 s]
0.0.N: Trace Attempt  2	[25.16 s]
0.0.N: Trace Attempt  3	[25.16 s]
0.0.N: Trace Attempt  4	[25.16 s]
0.0.N: Trace Attempt  5	[25.16 s]
0.0.AM: Trace Attempt 630	[25.58 s]
0.0.Hp: Trace Attempt 790	[25.84 s]
0.0.N: Trace Attempt  1	[26.64 s]
0.0.N: Trace Attempt  2	[26.64 s]
0.0.N: Trace Attempt  3	[26.64 s]
0.0.N: Trace Attempt  4	[26.64 s]
0.0.N: Trace Attempt  5	[26.64 s]
0.0.B: Trace Attempt 4616	[28.02 s]
0.0.Ht: Trace Attempt 4406	[28.03 s]
0.0.N: Trace Attempt  1	[28.12 s]
0.0.N: Trace Attempt  2	[28.12 s]
0.0.N: Trace Attempt  3	[28.12 s]
0.0.N: Trace Attempt  4	[28.12 s]
0.0.N: Trace Attempt  5	[28.12 s]
0.0.N: Trace Attempt  1	[29.59 s]
0.0.N: Trace Attempt  2	[29.59 s]
0.0.N: Trace Attempt  3	[29.59 s]
0.0.N: Trace Attempt  4	[29.60 s]
0.0.N: Trace Attempt  5	[29.60 s]
0.0.AM: Trace Attempt 681	[29.71 s]
0.0.Hp: Trace Attempt 901	[29.85 s]
0.0.N: Trace Attempt  1	[31.17 s]
0.0.N: Trace Attempt  2	[31.17 s]
0.0.N: Trace Attempt  3	[31.17 s]
0.0.N: Trace Attempt  4	[31.18 s]
0.0.N: Trace Attempt  5	[31.18 s]
0.0.B: Trace Attempt 4928	[32.03 s]
0.0.Ht: Trace Attempt 4701	[32.03 s]
0.0.AM: Trace Attempt 727	[33.79 s]
0.0.Hp: Trace Attempt 999	[33.89 s]
0.0.N: Trace Attempt 428	[35.22 s]
0.0.B: Trace Attempt 5223	[36.03 s]
0.0.Ht: Trace Attempt 4973	[36.04 s]
0.0.N: Trace Attempt  1	[37.17 s]
0.0.N: Trace Attempt  2	[37.17 s]
0.0.N: Trace Attempt  3	[37.17 s]
0.0.N: Trace Attempt  4	[37.18 s]
0.0.N: Trace Attempt  5	[37.18 s]
0.0.Hp: Trace Attempt 1040	[37.98 s]
0.0.AM: Trace Attempt 760	[37.93 s]
0.0.B: Trace Attempt 5511	[40.04 s]
0.0.Ht: Trace Attempt 5233	[40.05 s]
0.0.N: Trace Attempt 428	[41.18 s]
0.0.Hp: Trace Attempt 1129	[42.00 s]
0.0.AM: Trace Attempt 780	[42.12 s]
0.0.N: Trace Attempt  1	[43.12 s]
0.0.N: Trace Attempt  2	[43.12 s]
0.0.N: Trace Attempt  3	[43.12 s]
0.0.N: Trace Attempt  4	[43.12 s]
0.0.N: Trace Attempt  5	[43.12 s]
0.0.B: Trace Attempt 5781	[44.04 s]
0.0.Ht: Trace Attempt 5474	[44.06 s]
0.0.Hp: Trace Attempt 1212	[46.03 s]
0.0.AM: Trace Attempt 798	[46.34 s]
0.0.N: Trace Attempt 428	[47.16 s]
0.0.B: Trace Attempt 6038	[48.05 s]
0.0.Ht: Trace Attempt 5706	[48.06 s]
0.0.N: Trace Attempt  1	[49.13 s]
0.0.N: Trace Attempt  2	[49.13 s]
0.0.N: Trace Attempt  3	[49.13 s]
0.0.N: Trace Attempt  4	[49.13 s]
0.0.N: Trace Attempt  5	[49.13 s]
0.0.Hp: Trace Attempt 1290	[50.07 s]
0.0.AM: Trace Attempt 817	[50.73 s]
0.0.B: Trace Attempt 6279	[52.06 s]
0.0.Ht: Trace Attempt 5935	[52.07 s]
0.0.N: Trace Attempt 428	[53.14 s]
0.0.Hp: Trace Attempt 1364	[54.09 s]
0.0.AM: Trace Attempt 833	[54.86 s]
0.0.N: Trace Attempt  1	[55.09 s]
0.0.N: Trace Attempt  2	[55.09 s]
0.0.N: Trace Attempt  3	[55.09 s]
0.0.N: Trace Attempt  4	[55.09 s]
0.0.N: Trace Attempt  5	[55.09 s]
0.0.B: Trace Attempt 6514	[56.08 s]
0.0.Ht: Trace Attempt 6141	[56.10 s]
0.0.Hp: Trace Attempt 1434	[58.12 s]
0.0.AM: Trace Attempt 850	[58.88 s]
0.0.N: Trace Attempt 428	[59.12 s]
0.0.B: Trace Attempt 6737	[60.08 s]
0.0.Ht: Trace Attempt 6341	[60.12 s]
0.0.N: Trace Attempt  1	[61.09 s]
0.0.N: Trace Attempt  2	[61.09 s]
0.0.N: Trace Attempt  3	[61.09 s]
0.0.N: Trace Attempt  4	[61.09 s]
0.0.N: Trace Attempt  5	[61.09 s]
0.0.Hp: Trace Attempt 1501	[62.12 s]
0.0.AM: Trace Attempt 864	[63.24 s]
0.0.B: Trace Attempt 6947	[64.09 s]
0.0.Ht: Trace Attempt 6539	[64.13 s]
0.0.N: Trace Attempt 428	[65.16 s]
0.0.Hp: Trace Attempt 1566	[66.15 s]
0.0.N: Trace Attempt  1	[67.12 s]
0.0.N: Trace Attempt  2	[67.12 s]
0.0.N: Trace Attempt  3	[67.12 s]
0.0.N: Trace Attempt  4	[67.12 s]
0.0.N: Trace Attempt  5	[67.12 s]
0.0.AM: Trace Attempt 876	[67.26 s]
0.0.B: Trace Attempt 7152	[68.09 s]
0.0.Ht: Trace Attempt 6727	[68.14 s]
0.0.Hp: Trace Attempt 1629	[70.19 s]
0.0.N: Trace Attempt 428	[71.13 s]
0.0.AM: Trace Attempt 887	[71.73 s]
0.0.B: Trace Attempt 7354	[72.11 s]
0.0.Ht: Trace Attempt 6911	[72.15 s]
0.0.N: Trace Attempt  1	[73.10 s]
0.0.N: Trace Attempt  2	[73.10 s]
0.0.N: Trace Attempt  3	[73.10 s]
0.0.N: Trace Attempt  4	[73.10 s]
0.0.N: Trace Attempt  5	[73.11 s]
0.0.Hp: Trace Attempt 1673	[74.31 s]
0.0.AM: Trace Attempt 898	[75.96 s]
0.0.B: Trace Attempt 7543	[76.11 s]
0.0.Ht: Trace Attempt 7088	[76.17 s]
0.0.N: Trace Attempt 428	[77.11 s]
0.0.Hp: Trace Attempt 1702	[78.44 s]
0.0.N: Trace Attempt  1	[79.06 s]
0.0.N: Trace Attempt  2	[79.06 s]
0.0.N: Trace Attempt  3	[79.06 s]
0.0.N: Trace Attempt  4	[79.07 s]
0.0.N: Trace Attempt  5	[79.07 s]
0.0.B: Trace Attempt 7730	[80.13 s]
0.0.AM: Trace Attempt 910	[80.13 s]
0.0.Ht: Trace Attempt 7265	[80.17 s]
0.0.Hp: Trace Attempt 1730	[82.47 s]
0.0.N: Trace Attempt 428	[83.08 s]
0.0.B: Trace Attempt 7919	[84.13 s]
0.0.Ht: Trace Attempt 7433	[84.17 s]
0.0.AM: Trace Attempt 920	[84.27 s]
0.0.N: Trace Attempt  1	[85.02 s]
0.0.N: Trace Attempt  2	[85.02 s]
0.0.N: Trace Attempt  3	[85.02 s]
0.0.N: Trace Attempt  4	[85.02 s]
0.0.N: Trace Attempt  5	[85.02 s]
0.0.Hp: Trace Attempt 1761	[86.49 s]
0.0.B: Trace Attempt 8095	[88.15 s]
0.0.Ht: Trace Attempt 7598	[88.18 s]
0.0.AM: Trace Attempt 931	[88.31 s]
0.0.N: Trace Attempt 428	[89.03 s]
0.0.Hp: Trace Attempt 1793	[90.50 s]
0.0.N: Trace Attempt  1	[90.98 s]
0.0.N: Trace Attempt  2	[90.99 s]
0.0.N: Trace Attempt  3	[90.99 s]
0.0.N: Trace Attempt  4	[90.99 s]
0.0.N: Trace Attempt  5	[90.99 s]
0.0.B: Trace Attempt 8270	[92.17 s]
0.0.Ht: Trace Attempt 7760	[92.19 s]
0.0.AM: Trace Attempt 942	[92.37 s]
0.0.Hp: Trace Attempt 1822	[94.57 s]
0.0.N: Trace Attempt 428	[95.00 s]
0.0.B: Trace Attempt 8442	[96.17 s]
0.0.Ht: Trace Attempt 7923	[96.21 s]
0.0.AM: Trace Attempt 953	[96.85 s]
0.0.N: Trace Attempt  1	[96.95 s]
0.0.N: Trace Attempt  2	[96.95 s]
0.0.N: Trace Attempt  3	[96.95 s]
0.0.N: Trace Attempt  4	[96.95 s]
0.0.N: Trace Attempt  5	[96.95 s]
0.0.Hp: Trace Attempt 1852	[98.61 s]
0.0.B: Trace Attempt 8613	[100.19 s]
0.0.Ht: Trace Attempt 8079	[100.22 s]
0.0.N: Trace Attempt 428	[100.96 s]
0.0.AM: Trace Attempt 965	[101.13 s]
0.0.Hp: Trace Attempt 1878	[102.65 s]
0.0.N: Trace Attempt  1	[102.91 s]
0.0.N: Trace Attempt  2	[102.91 s]
0.0.N: Trace Attempt  3	[102.91 s]
0.0.N: Trace Attempt  4	[102.91 s]
0.0.N: Trace Attempt  5	[102.91 s]
0.0.B: Trace Attempt 8776	[104.19 s]
0.0.Ht: Trace Attempt 8231	[104.23 s]
0.0.AM: Trace Attempt 972	[105.67 s]
0.0.N: Trace Attempt 429	[106.99 s]
0.0.Hp: Trace Attempt 1888	[107.86 s]
0.0.B: Trace Attempt 8944	[108.22 s]
0.0.Ht: Trace Attempt 8386	[108.25 s]
0.0.N: Trace Attempt  1	[108.86 s]
0.0.N: Trace Attempt  2	[108.87 s]
0.0.N: Trace Attempt  3	[108.87 s]
0.0.N: Trace Attempt  4	[108.87 s]
0.0.N: Trace Attempt  5	[108.87 s]
0.0.AM: Trace Attempt 977	[110.39 s]
0.0.Hp: Trace Attempt 1908	[111.93 s]
0.0.B: Trace Attempt 9104	[112.23 s]
0.0.Ht: Trace Attempt 8536	[112.26 s]
0.0.N: Trace Attempt 428	[112.88 s]
0.0.N: Trace Attempt  1	[114.83 s]
0.0.N: Trace Attempt  2	[114.83 s]
0.0.N: Trace Attempt  3	[114.83 s]
0.0.N: Trace Attempt  4	[114.83 s]
0.0.N: Trace Attempt  5	[114.83 s]
0.0.Hp: Trace Attempt 1928	[116.09 s]
0.0.B: Trace Attempt 9261	[116.24 s]
0.0.Ht: Trace Attempt 8681	[116.28 s]
0.0.N: Trace Attempt 428	[118.86 s]
0.0.Hp: Trace Attempt 1947	[120.26 s]
0.0.B: Trace Attempt 9410	[120.26 s]
0.0.Ht: Trace Attempt 8823	[120.29 s]
0.0.N: Trace Attempt  1	[120.82 s]
0.0.N: Trace Attempt  2	[120.83 s]
0.0.N: Trace Attempt  3	[120.83 s]
0.0.N: Trace Attempt  4	[120.83 s]
0.0.N: Trace Attempt  5	[120.83 s]
0.0.AM: Trace Attempt 978	[121.28 s]
0.0.B: Trace Attempt 9549	[124.28 s]
0.0.Ht: Trace Attempt 8956	[124.30 s]
0.0.Hp: Trace Attempt 1967	[124.43 s]
0.0.N: Trace Attempt 427	[124.92 s]
0.0.AM: Trace Attempt 987	[125.51 s]
0.0.N: Trace Attempt  1	[127.12 s]
0.0.N: Trace Attempt  2	[127.12 s]
0.0.N: Trace Attempt  3	[127.12 s]
0.0.N: Trace Attempt  4	[127.13 s]
0.0.N: Trace Attempt  5	[127.13 s]
0.0.B: Trace Attempt 9686	[128.30 s]
0.0.Ht: Trace Attempt 9090	[128.30 s]
0.0.Hp: Trace Attempt 1987	[128.64 s]
0.0.AM: Trace Attempt 999	[129.54 s]
0.0.N: Trace Attempt 428	[131.16 s]
0.0.B: Trace Attempt 9829	[132.31 s]
0.0.Ht: Trace Attempt 9232	[132.31 s]
0.0.Hp: Trace Attempt 2006	[132.82 s]
0.0.N: Trace Attempt  1	[133.15 s]
0.0.N: Trace Attempt  2	[133.15 s]
0.0.N: Trace Attempt  3	[133.15 s]
0.0.N: Trace Attempt  4	[133.15 s]
0.0.N: Trace Attempt  5	[133.15 s]
0.0.B: Trace Attempt 9969	[136.33 s]
0.0.Ht: Trace Attempt 9366	[136.34 s]
0.0.Hp: Trace Attempt 2023	[136.82 s]
0.0.N: Trace Attempt 428	[137.16 s]
0.0.AM: Trace Attempt 1008	[138.06 s]
0.0.N: Trace Attempt  1	[139.12 s]
0.0.N: Trace Attempt  2	[139.12 s]
0.0.N: Trace Attempt  3	[139.12 s]
0.0.N: Trace Attempt  4	[139.12 s]
0.0.N: Trace Attempt  5	[139.12 s]
0.0.B: Trace Attempt 10104	[140.35 s]
0.0.Ht: Trace Attempt 9499	[140.36 s]
0.0.Hp: Trace Attempt 2041	[141.01 s]
0.0.AM: Trace Attempt 1014	[142.85 s]
0.0.N: Trace Attempt 428	[143.13 s]
0.0.B: Trace Attempt 10244	[144.36 s]
0.0.Ht: Trace Attempt 9629	[144.37 s]
0.0.N: Trace Attempt  1	[145.09 s]
0.0.N: Trace Attempt  2	[145.09 s]
0.0.N: Trace Attempt  3	[145.09 s]
0.0.N: Trace Attempt  4	[145.09 s]
0.0.N: Trace Attempt  5	[145.10 s]
0.0.Hp: Trace Attempt 2060	[145.22 s]
0.0.AM: Trace Attempt 1016	[147.14 s]
0.0.B: Trace Attempt 10383	[148.37 s]
0.0.Ht: Trace Attempt 9759	[148.39 s]
0.0.N: Trace Attempt 428	[149.11 s]
0.0.Hp: Trace Attempt 2078	[149.43 s]
0.0.N: Trace Attempt  1	[151.08 s]
0.0.N: Trace Attempt  2	[151.08 s]
0.0.N: Trace Attempt  3	[151.08 s]
0.0.N: Trace Attempt  4	[151.08 s]
0.0.N: Trace Attempt  5	[151.08 s]
0.0.AM: Trace Attempt 1021	[151.53 s]
0.0.B: Trace Attempt 10520	[152.37 s]
0.0.Ht: Trace Attempt 9890	[152.41 s]
0.0.Hp: Trace Attempt 2095	[153.56 s]
0.0.N: Trace Attempt 428	[155.10 s]
0.0.B: Trace Attempt 10657	[156.40 s]
0.0.Ht: Trace Attempt 10015	[156.42 s]
0.0.N: Trace Attempt  1	[157.06 s]
0.0.N: Trace Attempt  2	[157.06 s]
0.0.N: Trace Attempt  3	[157.06 s]
0.0.N: Trace Attempt  4	[157.06 s]
0.0.N: Trace Attempt  5	[157.06 s]
0.0.AM: Trace Attempt 1023	[157.08 s]
0.0.Hp: Trace Attempt 2113	[157.72 s]
0.0.B: Trace Attempt 10792	[160.41 s]
0.0.Ht: Trace Attempt 10140	[160.42 s]
0.0.N: Trace Attempt 428	[161.06 s]
0.0.Hp: Trace Attempt 2131	[161.84 s]
0.0.AM: Trace Attempt 1027	[162.16 s]
0.0.N: Trace Attempt  1	[163.03 s]
0.0.N: Trace Attempt  2	[163.03 s]
0.0.N: Trace Attempt  3	[163.03 s]
0.0.N: Trace Attempt  4	[163.03 s]
0.0.N: Trace Attempt  5	[163.03 s]
0.0.Ht: Trace Attempt 10262	[164.43 s]
0.0.B: Trace Attempt 10925	[164.43 s]
0.0.Hp: Trace Attempt 2148	[166.05 s]
0.0.N: Trace Attempt 428	[167.04 s]
0.0.B: Trace Attempt 11056	[168.44 s]
0.0.Ht: Trace Attempt 10385	[168.46 s]
0.0.N: Trace Attempt  1	[169.00 s]
0.0.N: Trace Attempt  2	[169.00 s]
0.0.N: Trace Attempt  3	[169.00 s]
0.0.N: Trace Attempt  4	[169.01 s]
0.0.N: Trace Attempt  5	[169.01 s]
0.0.Hp: Trace Attempt 2165	[170.29 s]
0.0.AM: Trace Attempt 1029	[171.77 s]
0.0.B: Trace Attempt 11187	[172.44 s]
0.0.Ht: Trace Attempt 10509	[172.46 s]
0.0.N: Trace Attempt 428	[173.01 s]
0.0.N: Trace Attempt  1	[174.98 s]
0.0.N: Trace Attempt  2	[174.98 s]
0.0.N: Trace Attempt  3	[174.98 s]
0.0.N: Trace Attempt  4	[174.98 s]
0.0.N: Trace Attempt  5	[174.98 s]
0.0.Hp: Trace Attempt 2183	[175.43 s]
0.0.AM: Trace Attempt 1035	[176.13 s]
0.0.Ht: Trace Attempt 10631	[176.46 s]
0.0.B: Trace Attempt 11314	[176.47 s]
0.0.N: Trace Attempt 429	[179.06 s]
0.0.Hp: Trace Attempt 2205	[179.45 s]
0.0.Ht: Trace Attempt 10753	[180.49 s]
0.0.B: Trace Attempt 11440	[180.50 s]
0.0.N: Trace Attempt  1	[180.93 s]
0.0.N: Trace Attempt  2	[180.93 s]
0.0.N: Trace Attempt  3	[180.93 s]
0.0.N: Trace Attempt  4	[180.93 s]
0.0.N: Trace Attempt  5	[180.93 s]
0.0.N: Trace Attempt 31	[180.98 s]
0.0.N: Stopped processing property "VGA.p1"	[180.98 s].
0.0.N: Morphing to Ncustom1
0.0.N: All properties determined. [0.00 s]
0.0.N: Exited with Success (@ 0.00 s)
0.0.Ncustom1: clocks: 1, declared: 1, looping: 0, posedge: 1, negedge: 0, noedge: 0, bothedge: 0
0.0.Ncustom1: Starting proof for property "VGA.p1"	[0.00 s].
0.0.Ncustom1: Trace Attempt 479	[0.06 s]
0.0.Tri: Proofgrid shell started at 11098@vlsi-ria85(local) jg_2588_vlsi-ria85_1
0.0.Tri: clocks: 1, declared: 1, looping: 0, posedge: 1, negedge: 0, noedge: 0, bothedge: 0
0.0.Tri: Last scan. Per property time limit: 0s
0.0.Tri: Starting proof for property "VGA.p1"	[0.00 s].
0.0.Tri: Trace Attempt  1	[0.00 s]
0.0.B: Trace Attempt 11453	[180.94 s]
0.0.B: Stopped processing property "VGA.p1"	[181.06 s].
0.0.B: Morphing to Bcustom2
0.0.B: All properties determined. [0.00 s]
0.0.B: Exited with Success (@ 0.00 s)
0.0.Bcustom2: clocks: 1, declared: 1, looping: 0, posedge: 1, negedge: 0, noedge: 0, bothedge: 0
0.0.Bcustom2: Starting proof for property "VGA.p1"	[0.00 s].
0.0.Bcustom2: Trace Attempt  1	[0.00 s]
0.0.Bcustom2: Trace Attempt  2	[0.00 s]
0.0.Bcustom2: Trace Attempt  1	[0.00 s]
0.0.Bcustom2: Trace Attempt  2	[0.00 s]
0.0.Bcustom2: Trace Attempt  3	[0.00 s]
0.0.Bcustom2: Trace Attempt  4	[0.00 s]
0.0.Bcustom2: Trace Attempt  5	[0.00 s]
0.0.Tri:    0.00" ---- Launching main thread ----
0.0.Tri:    0.03" ---- Launching abstraction thread ----
0.0.Tri:    0.04" ---- Launching multi-phase simplification thread ----
0.0.Bcustom2: Trace Attempt  1	[0.08 s]
0.0.Bcustom2: Trace Attempt  2	[0.08 s]
0.0.Bcustom2: Trace Attempt  3	[0.08 s]
0.0.Bcustom2: Trace Attempt  4	[0.08 s]
0.0.Bcustom2: Trace Attempt  5	[0.08 s]
0.0.Tri:    0.07" ---- Launching liveness simplification thread ----
0.0.Ncustom1: Trace Attempt  1	[0.21 s]
0.0.Ncustom1: Trace Attempt  2	[0.21 s]
0.0.Ncustom1: Trace Attempt  3	[0.21 s]
0.0.Ncustom1: Trace Attempt  4	[0.21 s]
0.0.Ncustom1: Trace Attempt  5	[0.21 s]
0.0.AM: Trace Attempt 1036	[176.57 s]
0.0.AM: Stopped processing property "VGA.p1"	[181.20 s].
0.0.AM: Morphing to AMcustom3
0.0.AM: All properties determined. [0.00 s]
0.0.AM: Exited with Success (@ 0.00 s)
0.0.AMcustom3: clocks: 1, declared: 1, looping: 0, posedge: 1, negedge: 0, noedge: 0, bothedge: 0
0.0.AMcustom3: Starting proof for property "VGA.p1"	[0.00 s].
0.0.AMcustom3: Trace Attempt  1	[0.00 s]
0.0.AMcustom3: Trace Attempt  2	[0.00 s]
0.0.AMcustom3: Trace Attempt  3	[0.00 s]
0.0.AMcustom3: Trace Attempt  4	[0.00 s]
0.0.AMcustom3: Trace Attempt  5	[0.00 s]
0.0.AMcustom3: Trace Attempt  1	[0.00 s]
0.0.AMcustom3: Trace Attempt  2	[0.00 s]
0.0.AMcustom3: Trace Attempt  3	[0.00 s]
0.0.AMcustom3: Trace Attempt  4	[0.02 s]
0.0.AMcustom3: Trace Attempt  5	[0.02 s]
0.0.Bcustom2: Trace Attempt  1	[0.19 s]
0.0.Bcustom2: Trace Attempt  2	[0.19 s]
0.0.Bcustom2: Trace Attempt  3	[0.19 s]
0.0.Bcustom2: Trace Attempt  4	[0.19 s]
0.0.Bcustom2: Trace Attempt  5	[0.19 s]
0.0.AMcustom3: Trace Attempt  1	[0.04 s]
0.0.AMcustom3: Trace Attempt  2	[0.05 s]
0.0.AMcustom3: Trace Attempt  3	[0.05 s]
0.0.AMcustom3: Trace Attempt  4	[0.05 s]
0.0.Tri:    0.87" Simplification phase 1 complete
0.0.Ncustom1: Requesting engine job to terminate
0.0.Bcustom2: Requesting engine job to terminate
0.0.AMcustom3: Requesting engine job to terminate
0.0.Tri: Requesting engine job to terminate
0.0.Hp: Requesting engine job to terminate
0.0.Ht: Requesting engine job to terminate
INFO (IPF144): 0: Initiating shutdown of proof [182.05 s]
0.0.Tri: A proof was found: No trace exists. [0.97 s]
INFO (IPF057): 0.0.Tri: The property "VGA.p1" was proven in 0.98 s.
0.0.AMcustom3: Trace Attempt 94	[0.77 s]
0.0.AMcustom3: Stopped processing property "VGA.p1"	[0.80 s].
0.0.AMcustom3: All properties determined. [0.79 s]
0.0.Ncustom1: Trace Attempt 222	[1.04 s]
0.0.Ncustom1: Stopped processing property "VGA.p1"	[1.06 s].
0.0.Ncustom1: All properties determined. [1.07 s]
0.0.Hp: Trace Attempt 2218	[182.00 s]
0.0.Hp: All properties determined. [182.05 s]
0.0.Ht: Trace Attempt 10799	[181.99 s]
0.0.Ht: All properties determined. [182.02 s]
0.0.AMcustom3: Exited with Success (@ 182.06 s)
0: ProofGrid usable level: 0
0.0.Ncustom1: Exited with Success (@ 182.06 s)
0.0.Bcustom2: Trace Attempt 667	[0.88 s]
0.0.Bcustom2: Stopped processing property "VGA.p1"	[0.95 s].
0.0.Bcustom2: All properties determined. [0.96 s]
0.0.Bcustom2: Exited with Success (@ 182.10 s)
0.0.Ht: Exited with Success (@ 182.15 s)
0.0.Tri: Stopped processing property "VGA.p1"	[1.13 s].
0.0.Tri: All properties determined. [1.13 s]
0.0.Tri: Exited with Success (@ 182.21 s)
0.0.Hp: Exited with Success (@ 182.27 s)
0: --------------------------------------------------------------
ProofGrid Summary (utilization 99.97 %)
--------------------------------------------------------------
     engines started                               :    10
     engine jobs started                           :     7

    Average time in state (seconds)
    ------------------------------------------------------
    Engine  Pending     Running        Dead    Utilization
    ------------------------------------------------------
     Hp        0.03      182.05        0.00       99.98 %
     Ht        0.03      182.01        0.00       99.98 %
     Oh        0.03        0.00        0.00        8.25 %
    Ncustom1        0.04      182.04        0.00       99.98 %
    Bcustom2        0.03      181.89        0.00       99.98 %
    AMcustom3        0.05      181.72        0.00       99.97 %
    Tri        0.08        0.98        0.00       92.12 %
    all        0.04      130.10        0.00       99.97 %

    Total time in state (seconds)
    -----------------------------------------
            Pending     Running        Dead  
    -----------------------------------------
               0.31      910.69        0.00

    Data read    : 12.12 MiB
    Data written : 4.60 kiB

0: All pending notifications were processed.
INFO (IPF059): 0: Completed proof on task: "<embedded>"

==============================================================
SUMMARY
==============================================================
           Properties Considered              : 1
                 assertions                   : 1
                  - proven                    : 1 (100%)
                  - bounded_proven (user)     : 0 (0%)
                  - bounded_proven (auto)     : 0 (0%)
                  - marked_proven             : 0 (0%)
                  - cex                       : 0 (0%)
                  - ar_cex                    : 0 (0%)
                  - undetermined              : 0 (0%)
                  - unknown                   : 0 (0%)
                  - error                     : 0 (0%)
                 covers                       : 0
                  - unreachable               : 0
                  - bounded_unreachable (user): 0
                  - covered                   : 0
                  - ar_covered                : 0
                  - undetermined              : 0
                  - unknown                   : 0
                  - error                     : 0
proven
[<embedded>] % exit -force
INFO (IPL005): Received request to exit from the console.
INFO: Waiting for proof threads to stop...
INFO: Proof threads stopped.
INFO (IPL018): The peak resident set memory use for this session was 2.120 GB.
INFO (IPL014): Waiting for the Tcl-thread to exit.
INFO (IPL015): The Tcl-thread exited with status 0.
INFO (IPL016): Exiting the analysis session with status 0.
