2025-11-20 02:15:07.439974 (29660) main____ INFO    ----------------------------------------
2025-11-20 02:15:07.440016 (29660) main____ INFO    Jasper version info
2025-11-20 02:15:07.440021 (29660) main____ INFO      tool      : Jasper 2024.06
2025-11-20 02:15:07.440025 (29660) main____ INFO      version   : 2024.06p002 64 bits
2025-11-20 02:15:07.440028 (29660) main____ INFO      build date: 2024.09.02 16:28:38 UTC
2025-11-20 02:15:07.440030 (29660) main____ INFO    ----------------------------------------
2025-11-20 02:15:07.440032 (29660) main____ INFO    Runtime info:
2025-11-20 02:15:07.440035 (29660) main____ INFO      platform  : Linux 3.10.0-1160.62.1.el7.x86_64 x86_64
2025-11-20 02:15:07.440040 (29660) main____ INFO      hostname  : vlsi-ria85
2025-11-20 02:15:07.440044 (29660) main____ INFO      pid       : 29660
2025-11-20 02:15:07.440046 (29660) main____ INFO      arguments : '-style' 'windows' '-proj' '../jgprojects/2_delay_5' '-batch' '2_delay_5.tcl'
2025-11-20 02:15:07.440049 (29660) main____ INFO      locale    : ANSI_X3.4-1968
2025-11-20 02:15:07.440051 (29660) main____ INFO    ----------------------------------------
2025-11-20 02:15:07.440052 (29660) main____ INFO    System resource limits info:
2025-11-20 02:15:07.440055 (29660) main____ INFO      virtual memory: unlimited
2025-11-20 02:15:07.440059 (29660) main____ INFO      cpu time      : unlimited
2025-11-20 02:15:07.440064 (29660) main____ INFO      processes     : 4096
2025-11-20 02:15:07.440070 (29660) main____ INFO      stack size    : 8388608 B
2025-11-20 02:15:07.440073 (29660) main____ INFO      core file size: 1024 B
2025-11-20 02:15:07.440076 (29660) main____ INFO      open files    : 4096
2025-11-20 02:15:07.440078 (29660) main____ INFO      file size     : unlimited
2025-11-20 02:15:07.440080 (29660) main____ INFO    ----------------------------------------
2025-11-20 02:15:07.440082 (29660) main____ INFO    Memory statistics:
2025-11-20 02:15:07.440084 (29660) main____ INFO      total physical memory  : 65714912 kB
2025-11-20 02:15:07.440086 (29660) main____ INFO      free physical memory   : 4059576 kB
2025-11-20 02:15:07.440089 (29660) main____ INFO      committed address space: 188554988 kB
2025-11-20 02:15:07.440090 (29660) main____ INFO    ----------------------------------------
2025-11-20 02:15:07.440667 (29660) main____ INFO    Important environment variables:
2025-11-20 02:15:07.440679 (29660) main____ INFO      CDS_ASSURA         : '/eda/cadence/2023-24/RHELx86/ASSURA_04.16.115_231'
2025-11-20 02:15:07.440683 (29660) main____ INFO      CDS_AUTO_64BIT     : 'ALL'
2025-11-20 02:15:07.440686 (29660) main____ INFO      CDS_CONFRML        : '/eda/cadence/2023-24/RHELx86/CONFRML_23.10.300'
2025-11-20 02:15:07.440689 (29660) main____ INFO      CDS_DDIEXPORT      : '/eda/cadence/2023-24/RHELx86/DDIEXPORT_22.33.000'
2025-11-20 02:15:07.440693 (29660) main____ INFO      CDS_EMX            : '/eda/cadence/2023-24/RHELx86/EMX_23.10.000'
2025-11-20 02:15:07.440696 (29660) main____ INFO      CDS_GENUS          : '/eda/cadence/2023-24/RHELx86/DDIEXPORT_22.33.000/GENUS221'
2025-11-20 02:15:07.440699 (29660) main____ INFO      CDS_IC             : '/eda/cadence/2023-24/RHELx86/IC_23.10.020'
2025-11-20 02:15:07.440703 (29660) main____ INFO      CDS_INNOVUS        : '/eda/cadence/2023-24/RHELx86/DDIEXPORT_22.33.000/INNOVUS221'
2025-11-20 02:15:07.440706 (29660) main____ INFO      CDS_JLS            : '/eda/cadence/2023-24/RHELx86/DDIEXPORT_22.33.000/JLS221'
2025-11-20 02:15:07.440712 (29660) main____ INFO      CDS_LIC_FILE       : '/etc/local/cadence/license_8x.3868dd0560aa:5280@132.68.59.69:/etc/local/cadence/license_8x.1831bfb82c67:5280@132.68.59.64:/etc/local/cadence/license_8x.0894ef683fc3:5280@132.68.59.79:/etc/local/cadence/license_8x.1831bfb82c67:5280@132.68.59.61'
2025-11-20 02:15:07.440719 (29660) main____ INFO      CDS_LITMUS         : '/eda/cadence/2023-24/RHELx86/LITMUS_23.10.300'
2025-11-20 02:15:07.440722 (29660) main____ INFO      CDS_MODUS          : '/eda/cadence/2023-24/RHELx86/MODUS_22.12.000'
2025-11-20 02:15:07.440725 (29660) main____ INFO      CDS_MVS            : '/eda/cadence/2023-24/RHELx86/MVS_21.12.000'
2025-11-20 02:15:07.440730 (29660) main____ INFO      CDS_Netlisting_Mode: 'Analog'
2025-11-20 02:15:07.440733 (29660) main____ INFO      CDS_PEGASUS        : '/eda/cadence/2023-24/RHELx86/PEGASUS_23.11.000'
2025-11-20 02:15:07.440736 (29660) main____ INFO      CDS_PEGASUSDFM     : '/eda/cadence/2023-24/RHELx86/PEGASUSDFM_23.11.000'
2025-11-20 02:15:07.440739 (29660) main____ INFO      CDS_PVS            : '/eda/cadence/2023-24/RHELx86/PVS_22.22.000'
2025-11-20 02:15:07.440743 (29660) main____ INFO      CDS_QUANTUS        : '/eda/cadence/2023-24/RHELx86/QUANTUS_23.10.000'
2025-11-20 02:15:07.440746 (29660) main____ INFO      CDS_SPECTRE        : '/eda/cadence/2023-24/RHELx86/SPECTRE_23.10.242'
2025-11-20 02:15:07.440749 (29660) main____ INFO      CDS_SSV            : '/eda/cadence/2023-24/RHELx86/SSV_22.13.000'
2025-11-20 02:15:07.440751 (29660) main____ INFO      CDS_USE_PALETTE    : ''
2025-11-20 02:15:07.440754 (29660) main____ INFO      CDS_VERISIUMDEBUG  : '/eda/cadence/2023-24/RHELx86/VERISIUMDEBUG_23.03.001'
2025-11-20 02:15:07.440757 (29660) main____ INFO      CDS_VIPCAT         : '/eda/cadence/2023-24/RHELx86/VIPCAT_11.30.093'
2025-11-20 02:15:07.440761 (29660) main____ INFO      CDS_VMANAGER       : '/eda/cadence/2023-24/RHELx86/VMANAGER_23.03.004'
2025-11-20 02:15:07.440764 (29660) main____ INFO      CDS_XCELIUM        : '/eda/cadence/2023-24/RHELx86/XCELIUM_23.03.007'
2025-11-20 02:15:07.440767 (29660) main____ INFO      DISPLAY            : 'localhost:13.0'
2025-11-20 02:15:07.440770 (29660) main____ INFO      JASPER_CPU_CHECK   : '1'
2025-11-20 02:15:07.440773 (29660) main____ INFO      JASPER_INSTALL_DIR : '/tools/cadence2425/JASPER/jasper_2024.06p002'
2025-11-20 02:15:07.440775 (29660) main____ INFO      JASPER_KERNEL_CHECK: '1'
2025-11-20 02:15:07.440778 (29660) main____ INFO      JASPER_OS_CHECK    : '1'
2025-11-20 02:15:07.440781 (29660) main____ INFO      LANG               : 'C'
2025-11-20 02:15:07.440783 (29660) main____ INFO      TMPDIR             : '/tmp'
2025-11-20 02:15:07.440785 (29660) main____ INFO    ----------------------------------------
2025-11-20 02:15:07.441179 (29660) lic_core INFO    Initializing license system ...
2025-11-20 02:15:07.445020 (29660) lic_core INFO    ... license system initialized.
2025-11-20 02:15:07.452583 (29660) lic__man INFO    Claim 'fpv' for <ui>.
2025-11-20 02:15:07.452628 (29660) lic_core INFO    (1) checking out 'jasper_fpv' ...
2025-11-20 02:15:07.469099 (29660) lic_core INFO    ... (1) checkout failed (error: -5) ("FLEXnet ERROR(-5, 0, 0): No such feature exists.")
2025-11-20 02:15:07.469117 (29660) lic_core INFO    (2) checking out 'jasper_fao' ...
2025-11-20 02:15:07.477796 (29660) lic_core INFO    ... (2) checkout succeeded
2025-11-20 02:15:07.503005 (29660) session_ INFO    Starting analysis session with session id 'session_0' (launcher: <local>) ...
2025-11-20 02:15:07.503876 (29660) session_ INFO    Analysis session with session id 'session_0' started (pid: 29700)
2025-11-20 02:15:08.120022 (29660) session_ INFO    Analysis session 'session_0' connected to the console (host: 127.0.0.1:53086)
2025-11-20 02:15:08.566742 (29660) lic__man INFO    Unclaim everything for 'session_0'.
2025-11-20 02:15:08.610027 (29660) lic__man INFO    Claim 'fpv' for 'session_0'.
2025-11-20 02:15:08.610044 (29660) lic__man INFO    Claim 'fpv' for 'session_0/prove-0'.
2025-11-20 02:18:12.121982 (29660) lic__man INFO    Unclaim everything for 'session_0/prove-0'.
2025-11-20 02:18:12.124424 (29660) main____ INFO    About to exit: request to exit with status 0 received from analysis session 'session_0'
2025-11-20 02:18:12.195365 (29660) session_ INFO    Analysis session 'session_0' disconnected.
2025-11-20 02:18:12.195426 (29660) lic__man INFO    Unclaim everything for 'session_0'.
2025-11-20 02:18:12.195502 (29660) session_ INFO    Process for analysis session 'session_0' has exited with exit status '0'.
2025-11-20 02:18:14.227033 (29660) lic_core INFO    (2) checkin jasper_fao
2025-11-20 02:18:14.228788 (29660) main____ INFO    Exiting with status 0.
