2025-11-19 23:36:13.427894 (11123) main____ INFO    ----------------------------------------
2025-11-19 23:36:13.427934 (11123) main____ INFO    Jasper version info
2025-11-19 23:36:13.427939 (11123) main____ INFO      tool      : Jasper 2024.06
2025-11-19 23:36:13.427942 (11123) main____ INFO      version   : 2024.06p002 64 bits
2025-11-19 23:36:13.427945 (11123) main____ INFO      build date: 2024.09.02 16:28:38 UTC
2025-11-19 23:36:13.427947 (11123) main____ INFO    ----------------------------------------
2025-11-19 23:36:13.427949 (11123) main____ INFO    Runtime info:
2025-11-19 23:36:13.427951 (11123) main____ INFO      platform  : Linux 3.10.0-1160.62.1.el7.x86_64 x86_64
2025-11-19 23:36:13.427956 (11123) main____ INFO      hostname  : vlsi-ria84
2025-11-19 23:36:13.427960 (11123) main____ INFO      pid       : 11123
2025-11-19 23:36:13.427963 (11123) main____ INFO      arguments : '-style' 'windows' '-proj' '../jgprojects/s1_delay_9' '-batch' 's1_delay_9.tcl'
2025-11-19 23:36:13.427965 (11123) main____ INFO      locale    : ANSI_X3.4-1968
2025-11-19 23:36:13.427967 (11123) main____ INFO    ----------------------------------------
2025-11-19 23:36:13.427969 (11123) main____ INFO    System resource limits info:
2025-11-19 23:36:13.427972 (11123) main____ INFO      virtual memory: unlimited
2025-11-19 23:36:13.427975 (11123) main____ INFO      cpu time      : unlimited
2025-11-19 23:36:13.427980 (11123) main____ INFO      processes     : 4096
2025-11-19 23:36:13.427985 (11123) main____ INFO      stack size    : 8388608 B
2025-11-19 23:36:13.427988 (11123) main____ INFO      core file size: 1024 B
2025-11-19 23:36:13.427991 (11123) main____ INFO      open files    : 4096
2025-11-19 23:36:13.427993 (11123) main____ INFO      file size     : unlimited
2025-11-19 23:36:13.427995 (11123) main____ INFO    ----------------------------------------
2025-11-19 23:36:13.427997 (11123) main____ INFO    Memory statistics:
2025-11-19 23:36:13.427999 (11123) main____ INFO      total physical memory  : 65711068 kB
2025-11-19 23:36:13.428001 (11123) main____ INFO      free physical memory   : 50107704 kB
2025-11-19 23:36:13.428004 (11123) main____ INFO      committed address space: 6851796 kB
2025-11-19 23:36:13.428005 (11123) main____ INFO    ----------------------------------------
2025-11-19 23:36:13.428540 (11123) main____ INFO    Important environment variables:
2025-11-19 23:36:13.428552 (11123) main____ INFO      CDS_ASSURA         : '/eda/cadence/2023-24/RHELx86/ASSURA_04.16.115_231'
2025-11-19 23:36:13.428556 (11123) main____ INFO      CDS_AUTO_64BIT     : 'ALL'
2025-11-19 23:36:13.428559 (11123) main____ INFO      CDS_CONFRML        : '/eda/cadence/2023-24/RHELx86/CONFRML_23.10.300'
2025-11-19 23:36:13.428563 (11123) main____ INFO      CDS_DDIEXPORT      : '/eda/cadence/2023-24/RHELx86/DDIEXPORT_22.33.000'
2025-11-19 23:36:13.428566 (11123) main____ INFO      CDS_EMX            : '/eda/cadence/2023-24/RHELx86/EMX_23.10.000'
2025-11-19 23:36:13.428569 (11123) main____ INFO      CDS_GENUS          : '/eda/cadence/2023-24/RHELx86/DDIEXPORT_22.33.000/GENUS221'
2025-11-19 23:36:13.428572 (11123) main____ INFO      CDS_IC             : '/eda/cadence/2023-24/RHELx86/IC_23.10.020'
2025-11-19 23:36:13.428575 (11123) main____ INFO      CDS_INNOVUS        : '/eda/cadence/2023-24/RHELx86/DDIEXPORT_22.33.000/INNOVUS221'
2025-11-19 23:36:13.428578 (11123) main____ INFO      CDS_JLS            : '/eda/cadence/2023-24/RHELx86/DDIEXPORT_22.33.000/JLS221'
2025-11-19 23:36:13.428583 (11123) main____ INFO      CDS_LIC_FILE       : '/etc/local/cadence/license_8x.3868dd0560aa:5280@132.68.59.69:/etc/local/cadence/license_8x.1831bfb82c67:5280@132.68.59.64:/etc/local/cadence/license_8x.0894ef683fc3:5280@132.68.59.79:/etc/local/cadence/license_8x.1831bfb82c67:5280@132.68.59.61'
2025-11-19 23:36:13.428589 (11123) main____ INFO      CDS_LITMUS         : '/eda/cadence/2023-24/RHELx86/LITMUS_23.10.300'
2025-11-19 23:36:13.428593 (11123) main____ INFO      CDS_MODUS          : '/eda/cadence/2023-24/RHELx86/MODUS_22.12.000'
2025-11-19 23:36:13.428596 (11123) main____ INFO      CDS_MVS            : '/eda/cadence/2023-24/RHELx86/MVS_21.12.000'
2025-11-19 23:36:13.428600 (11123) main____ INFO      CDS_Netlisting_Mode: 'Analog'
2025-11-19 23:36:13.428603 (11123) main____ INFO      CDS_PEGASUS        : '/eda/cadence/2023-24/RHELx86/PEGASUS_23.11.000'
2025-11-19 23:36:13.428607 (11123) main____ INFO      CDS_PEGASUSDFM     : '/eda/cadence/2023-24/RHELx86/PEGASUSDFM_23.11.000'
2025-11-19 23:36:13.428610 (11123) main____ INFO      CDS_PVS            : '/eda/cadence/2023-24/RHELx86/PVS_22.22.000'
2025-11-19 23:36:13.428613 (11123) main____ INFO      CDS_QUANTUS        : '/eda/cadence/2023-24/RHELx86/QUANTUS_23.10.000'
2025-11-19 23:36:13.428616 (11123) main____ INFO      CDS_SPECTRE        : '/eda/cadence/2023-24/RHELx86/SPECTRE_23.10.242'
2025-11-19 23:36:13.428618 (11123) main____ INFO      CDS_SSV            : '/eda/cadence/2023-24/RHELx86/SSV_22.13.000'
2025-11-19 23:36:13.428621 (11123) main____ INFO      CDS_USE_PALETTE    : ''
2025-11-19 23:36:13.428624 (11123) main____ INFO      CDS_VERISIUMDEBUG  : '/eda/cadence/2023-24/RHELx86/VERISIUMDEBUG_23.03.001'
2025-11-19 23:36:13.428627 (11123) main____ INFO      CDS_VIPCAT         : '/eda/cadence/2023-24/RHELx86/VIPCAT_11.30.093'
2025-11-19 23:36:13.428630 (11123) main____ INFO      CDS_VMANAGER       : '/eda/cadence/2023-24/RHELx86/VMANAGER_23.03.004'
2025-11-19 23:36:13.428633 (11123) main____ INFO      CDS_XCELIUM        : '/eda/cadence/2023-24/RHELx86/XCELIUM_23.03.007'
2025-11-19 23:36:13.428636 (11123) main____ INFO      DISPLAY            : 'localhost:11.0'
2025-11-19 23:36:13.428639 (11123) main____ INFO      JASPER_CPU_CHECK   : '1'
2025-11-19 23:36:13.428641 (11123) main____ INFO      JASPER_INSTALL_DIR : '/tools/cadence2425/JASPER/jasper_2024.06p002'
2025-11-19 23:36:13.428644 (11123) main____ INFO      JASPER_KERNEL_CHECK: '1'
2025-11-19 23:36:13.428647 (11123) main____ INFO      JASPER_OS_CHECK    : '1'
2025-11-19 23:36:13.428649 (11123) main____ INFO      LANG               : 'C'
2025-11-19 23:36:13.428652 (11123) main____ INFO      TMPDIR             : '/tmp'
2025-11-19 23:36:13.428654 (11123) main____ INFO    ----------------------------------------
2025-11-19 23:36:13.429039 (11123) lic_core INFO    Initializing license system ...
2025-11-19 23:36:13.430663 (11123) lic_core INFO    ... license system initialized.
2025-11-19 23:36:13.437031 (11123) lic__man INFO    Claim 'fpv' for <ui>.
2025-11-19 23:36:13.437063 (11123) lic_core INFO    (1) checking out 'jasper_fpv' ...
2025-11-19 23:36:13.449567 (11123) lic_core INFO    ... (1) checkout failed (error: -5) ("FLEXnet ERROR(-5, 0, 0): No such feature exists.")
2025-11-19 23:36:13.449581 (11123) lic_core INFO    (2) checking out 'jasper_fao' ...
2025-11-19 23:36:13.458053 (11123) lic_core INFO    ... (2) checkout succeeded
2025-11-19 23:36:13.480144 (11123) session_ INFO    Starting analysis session with session id 'session_0' (launcher: <local>) ...
2025-11-19 23:36:13.480763 (11123) session_ INFO    Analysis session with session id 'session_0' started (pid: 11141)
2025-11-19 23:36:14.006914 (11123) session_ INFO    Analysis session 'session_0' connected to the console (host: 127.0.0.1:44018)
2025-11-19 23:36:14.407882 (11123) lic__man INFO    Unclaim everything for 'session_0'.
2025-11-19 23:36:14.450906 (11123) lic__man INFO    Claim 'fpv' for 'session_0'.
2025-11-19 23:36:14.450920 (11123) lic__man INFO    Claim 'fpv' for 'session_0/prove-0'.
2025-11-19 23:36:14.534334 (11123) lic__man INFO    Unclaim everything for 'session_0/prove-0'.
2025-11-19 23:36:14.536669 (11123) main____ INFO    About to exit: request to exit with status 0 received from analysis session 'session_0'
2025-11-19 23:36:14.590291 (11123) session_ INFO    Analysis session 'session_0' disconnected.
2025-11-19 23:36:14.590351 (11123) lic__man INFO    Unclaim everything for 'session_0'.
2025-11-19 23:36:14.590427 (11123) session_ INFO    Process for analysis session 'session_0' has exited with exit status '0'.
2025-11-19 23:36:16.438709 (11123) lic_core INFO    (2) checkin jasper_fao
2025-11-19 23:36:16.440336 (11123) main____ INFO    Exiting with status 0.
