2025-11-19 23:43:49.893549 (118069) main____ INFO    ----------------------------------------
2025-11-19 23:43:49.893627 (118069) main____ INFO    Jasper version info
2025-11-19 23:43:49.893634 (118069) main____ INFO      tool      : Jasper 2024.06
2025-11-19 23:43:49.893641 (118069) main____ INFO      version   : 2024.06p002 64 bits
2025-11-19 23:43:49.893646 (118069) main____ INFO      build date: 2024.09.02 16:28:38 UTC
2025-11-19 23:43:49.893649 (118069) main____ INFO    ----------------------------------------
2025-11-19 23:43:49.893652 (118069) main____ INFO    Runtime info:
2025-11-19 23:43:49.893657 (118069) main____ INFO      platform  : Linux 3.10.0-1062.el7.x86_64 x86_64
2025-11-19 23:43:49.893667 (118069) main____ INFO      hostname  : vlsi-moon
2025-11-19 23:43:49.893672 (118069) main____ INFO      pid       : 118069
2025-11-19 23:43:49.893676 (118069) main____ INFO      arguments : '-style' 'windows' '-proj' '../jgprojects/1_delay_11' '-batch' '1_delay_11.tcl'
2025-11-19 23:43:49.893681 (118069) main____ INFO      locale    : ANSI_X3.4-1968
2025-11-19 23:43:49.893684 (118069) main____ INFO    ----------------------------------------
2025-11-19 23:43:49.893687 (118069) main____ INFO    System resource limits info:
2025-11-19 23:43:49.893691 (118069) main____ INFO      virtual memory: unlimited
2025-11-19 23:43:49.893698 (118069) main____ INFO      cpu time      : unlimited
2025-11-19 23:43:49.893706 (118069) main____ INFO      processes     : 4096
2025-11-19 23:43:49.893716 (118069) main____ INFO      stack size    : 8388608 B
2025-11-19 23:43:49.893721 (118069) main____ INFO      core file size: 1024 B
2025-11-19 23:43:49.893725 (118069) main____ INFO      open files    : 4096
2025-11-19 23:43:49.893729 (118069) main____ INFO      file size     : unlimited
2025-11-19 23:43:49.893732 (118069) main____ INFO    ----------------------------------------
2025-11-19 23:43:49.893735 (118069) main____ INFO    Memory statistics:
2025-11-19 23:43:49.893746 (118069) main____ INFO      total physical memory  : 527831204 kB
2025-11-19 23:43:49.893750 (118069) main____ INFO      free physical memory   : 513014108 kB
2025-11-19 23:43:49.893754 (118069) main____ INFO      committed address space: 11672836 kB
2025-11-19 23:43:49.893757 (118069) main____ INFO    ----------------------------------------
2025-11-19 23:43:49.894538 (118069) main____ INFO    Important environment variables:
2025-11-19 23:43:49.894555 (118069) main____ INFO      CDS_ASSURA         : '/eda/cadence/2023-24/RHELx86/ASSURA_04.16.115_231'
2025-11-19 23:43:49.894561 (118069) main____ INFO      CDS_AUTO_64BIT     : 'ALL'
2025-11-19 23:43:49.894566 (118069) main____ INFO      CDS_CONFRML        : '/eda/cadence/2023-24/RHELx86/CONFRML_23.10.300'
2025-11-19 23:43:49.894572 (118069) main____ INFO      CDS_DDIEXPORT      : '/eda/cadence/2023-24/RHELx86/DDIEXPORT_22.33.000'
2025-11-19 23:43:49.894577 (118069) main____ INFO      CDS_EMX            : '/eda/cadence/2023-24/RHELx86/EMX_23.10.000'
2025-11-19 23:43:49.894582 (118069) main____ INFO      CDS_GENUS          : '/eda/cadence/2023-24/RHELx86/DDIEXPORT_22.33.000/GENUS221'
2025-11-19 23:43:49.894588 (118069) main____ INFO      CDS_IC             : '/eda/cadence/2023-24/RHELx86/IC_23.10.020'
2025-11-19 23:43:49.894593 (118069) main____ INFO      CDS_INNOVUS        : '/eda/cadence/2023-24/RHELx86/DDIEXPORT_22.33.000/INNOVUS221'
2025-11-19 23:43:49.894598 (118069) main____ INFO      CDS_JLS            : '/eda/cadence/2023-24/RHELx86/DDIEXPORT_22.33.000/JLS221'
2025-11-19 23:43:49.894606 (118069) main____ INFO      CDS_LIC_FILE       : '/etc/local/cadence/license_8x.3868dd0560aa:5280@132.68.59.69:/etc/local/cadence/license_8x.1831bfb82c67:5280@132.68.59.64:/etc/local/cadence/license_8x.0894ef683fc3:5280@132.68.59.79:/etc/local/cadence/license_8x.1831bfb82c67:5280@132.68.59.61'
2025-11-19 23:43:49.894617 (118069) main____ INFO      CDS_LITMUS         : '/eda/cadence/2023-24/RHELx86/LITMUS_23.10.300'
2025-11-19 23:43:49.894623 (118069) main____ INFO      CDS_MODUS          : '/eda/cadence/2023-24/RHELx86/MODUS_22.12.000'
2025-11-19 23:43:49.894631 (118069) main____ INFO      CDS_MVS            : '/eda/cadence/2023-24/RHELx86/MVS_21.12.000'
2025-11-19 23:43:49.894635 (118069) main____ INFO      CDS_Netlisting_Mode: 'Analog'
2025-11-19 23:43:49.894640 (118069) main____ INFO      CDS_PEGASUS        : '/eda/cadence/2023-24/RHELx86/PEGASUS_23.11.000'
2025-11-19 23:43:49.894645 (118069) main____ INFO      CDS_PEGASUSDFM     : '/eda/cadence/2023-24/RHELx86/PEGASUSDFM_23.11.000'
2025-11-19 23:43:49.894650 (118069) main____ INFO      CDS_PVS            : '/eda/cadence/2023-24/RHELx86/PVS_22.22.000'
2025-11-19 23:43:49.894655 (118069) main____ INFO      CDS_QUANTUS        : '/eda/cadence/2023-24/RHELx86/QUANTUS_23.10.000'
2025-11-19 23:43:49.894660 (118069) main____ INFO      CDS_SPECTRE        : '/eda/cadence/2023-24/RHELx86/SPECTRE_23.10.242'
2025-11-19 23:43:49.894665 (118069) main____ INFO      CDS_SSV            : '/eda/cadence/2023-24/RHELx86/SSV_22.13.000'
2025-11-19 23:43:49.894669 (118069) main____ INFO      CDS_USE_PALETTE    : ''
2025-11-19 23:43:49.894674 (118069) main____ INFO      CDS_VERISIUMDEBUG  : '/eda/cadence/2023-24/RHELx86/VERISIUMDEBUG_23.03.001'
2025-11-19 23:43:49.894679 (118069) main____ INFO      CDS_VIPCAT         : '/eda/cadence/2023-24/RHELx86/VIPCAT_11.30.093'
2025-11-19 23:43:49.894685 (118069) main____ INFO      CDS_VMANAGER       : '/eda/cadence/2023-24/RHELx86/VMANAGER_23.03.004'
2025-11-19 23:43:49.894690 (118069) main____ INFO      CDS_XCELIUM        : '/eda/cadence/2023-24/RHELx86/XCELIUM_23.03.007'
2025-11-19 23:43:49.894694 (118069) main____ INFO      DISPLAY            : 'localhost:11.0'
2025-11-19 23:43:49.894699 (118069) main____ INFO      JASPER_CPU_CHECK   : '1'
2025-11-19 23:43:49.894703 (118069) main____ INFO      JASPER_INSTALL_DIR : '/tools/cadence2425/JASPER/jasper_2024.06p002'
2025-11-19 23:43:49.894707 (118069) main____ INFO      JASPER_KERNEL_CHECK: '1'
2025-11-19 23:43:49.894712 (118069) main____ INFO      JASPER_OS_CHECK    : '1'
2025-11-19 23:43:49.894716 (118069) main____ INFO      LANG               : 'C'
2025-11-19 23:43:49.894720 (118069) main____ INFO      TMPDIR             : '/tmp'
2025-11-19 23:43:49.894723 (118069) main____ INFO    ----------------------------------------
2025-11-19 23:43:49.895296 (118069) lic_core INFO    Initializing license system ...
2025-11-19 23:43:49.903826 (118069) lic_core INFO    ... license system initialized.
2025-11-19 23:43:49.917738 (118069) lic__man INFO    Claim 'fpv' for <ui>.
2025-11-19 23:43:49.917881 (118069) lic_core INFO    (1) checking out 'jasper_fpv' ...
2025-11-19 23:43:49.939261 (118069) lic_core INFO    ... (1) checkout failed (error: -5) ("FLEXnet ERROR(-5, 0, 0): No such feature exists.")
2025-11-19 23:43:49.939327 (118069) lic_core INFO    (2) checking out 'jasper_fao' ...
2025-11-19 23:43:49.961160 (118069) lic_core INFO    ... (2) checkout succeeded
2025-11-19 23:43:49.999807 (118069) session_ INFO    Starting analysis session with session id 'session_0' (launcher: <local>) ...
2025-11-19 23:43:50.001464 (118069) session_ INFO    Analysis session with session id 'session_0' started (pid: 118088)
2025-11-19 23:43:50.942658 (118069) session_ INFO    Analysis session 'session_0' connected to the console (host: 127.0.0.1:60680)
2025-11-19 23:43:51.615583 (118069) lic__man INFO    Unclaim everything for 'session_0'.
2025-11-19 23:43:51.662219 (118069) lic__man INFO    Claim 'fpv' for 'session_0'.
2025-11-19 23:43:51.662274 (118069) lic__man INFO    Claim 'fpv' for 'session_0/prove-0'.
2025-11-19 23:46:54.804129 (118069) lic__man INFO    Unclaim everything for 'session_0/prove-0'.
2025-11-19 23:46:54.811058 (118069) main____ INFO    About to exit: request to exit with status 0 received from analysis session 'session_0'
2025-11-19 23:46:54.948630 (118069) session_ INFO    Analysis session 'session_0' disconnected.
2025-11-19 23:46:54.949093 (118069) lic__man INFO    Unclaim everything for 'session_0'.
2025-11-19 23:46:54.949738 (118069) session_ INFO    Process for analysis session 'session_0' has exited with exit status '0'.
2025-11-19 23:46:56.727789 (118069) lic_core INFO    (2) checkin jasper_fao
2025-11-19 23:46:56.729697 (118069) main____ INFO    Exiting with status 0.
