2025-11-20 00:56:32.095292 (22252) main____ INFO    ----------------------------------------
2025-11-20 00:56:32.095334 (22252) main____ INFO    Jasper version info
2025-11-20 00:56:32.095339 (22252) main____ INFO      tool      : Jasper 2024.06
2025-11-20 00:56:32.095343 (22252) main____ INFO      version   : 2024.06p002 64 bits
2025-11-20 00:56:32.095346 (22252) main____ INFO      build date: 2024.09.02 16:28:38 UTC
2025-11-20 00:56:32.095348 (22252) main____ INFO    ----------------------------------------
2025-11-20 00:56:32.095350 (22252) main____ INFO    Runtime info:
2025-11-20 00:56:32.095352 (22252) main____ INFO      platform  : Linux 3.10.0-1160.62.1.el7.x86_64 x86_64
2025-11-20 00:56:32.095358 (22252) main____ INFO      hostname  : vlsi-ria85
2025-11-20 00:56:32.095361 (22252) main____ INFO      pid       : 22252
2025-11-20 00:56:32.095364 (22252) main____ INFO      arguments : '-style' 'windows' '-proj' '../jgprojects/1_seven_seg_1' '-batch' '1_seven_seg_1.tcl'
2025-11-20 00:56:32.095366 (22252) main____ INFO      locale    : ANSI_X3.4-1968
2025-11-20 00:56:32.095368 (22252) main____ INFO    ----------------------------------------
2025-11-20 00:56:32.095370 (22252) main____ INFO    System resource limits info:
2025-11-20 00:56:32.095373 (22252) main____ INFO      virtual memory: unlimited
2025-11-20 00:56:32.095376 (22252) main____ INFO      cpu time      : unlimited
2025-11-20 00:56:32.095381 (22252) main____ INFO      processes     : 4096
2025-11-20 00:56:32.095387 (22252) main____ INFO      stack size    : 8388608 B
2025-11-20 00:56:32.095390 (22252) main____ INFO      core file size: 1024 B
2025-11-20 00:56:32.095393 (22252) main____ INFO      open files    : 4096
2025-11-20 00:56:32.095395 (22252) main____ INFO      file size     : unlimited
2025-11-20 00:56:32.095397 (22252) main____ INFO    ----------------------------------------
2025-11-20 00:56:32.095399 (22252) main____ INFO    Memory statistics:
2025-11-20 00:56:32.095401 (22252) main____ INFO      total physical memory  : 65714912 kB
2025-11-20 00:56:32.095404 (22252) main____ INFO      free physical memory   : 5382772 kB
2025-11-20 00:56:32.095406 (22252) main____ INFO      committed address space: 188533028 kB
2025-11-20 00:56:32.095407 (22252) main____ INFO    ----------------------------------------
2025-11-20 00:56:32.095951 (22252) main____ INFO    Important environment variables:
2025-11-20 00:56:32.095962 (22252) main____ INFO      CDS_ASSURA         : '/eda/cadence/2023-24/RHELx86/ASSURA_04.16.115_231'
2025-11-20 00:56:32.095966 (22252) main____ INFO      CDS_AUTO_64BIT     : 'ALL'
2025-11-20 00:56:32.095970 (22252) main____ INFO      CDS_CONFRML        : '/eda/cadence/2023-24/RHELx86/CONFRML_23.10.300'
2025-11-20 00:56:32.095973 (22252) main____ INFO      CDS_DDIEXPORT      : '/eda/cadence/2023-24/RHELx86/DDIEXPORT_22.33.000'
2025-11-20 00:56:32.095976 (22252) main____ INFO      CDS_EMX            : '/eda/cadence/2023-24/RHELx86/EMX_23.10.000'
2025-11-20 00:56:32.095979 (22252) main____ INFO      CDS_GENUS          : '/eda/cadence/2023-24/RHELx86/DDIEXPORT_22.33.000/GENUS221'
2025-11-20 00:56:32.095983 (22252) main____ INFO      CDS_IC             : '/eda/cadence/2023-24/RHELx86/IC_23.10.020'
2025-11-20 00:56:32.095986 (22252) main____ INFO      CDS_INNOVUS        : '/eda/cadence/2023-24/RHELx86/DDIEXPORT_22.33.000/INNOVUS221'
2025-11-20 00:56:32.095989 (22252) main____ INFO      CDS_JLS            : '/eda/cadence/2023-24/RHELx86/DDIEXPORT_22.33.000/JLS221'
2025-11-20 00:56:32.095994 (22252) main____ INFO      CDS_LIC_FILE       : '/etc/local/cadence/license_8x.3868dd0560aa:5280@132.68.59.69:/etc/local/cadence/license_8x.1831bfb82c67:5280@132.68.59.64:/etc/local/cadence/license_8x.0894ef683fc3:5280@132.68.59.79:/etc/local/cadence/license_8x.1831bfb82c67:5280@132.68.59.61'
2025-11-20 00:56:32.096001 (22252) main____ INFO      CDS_LITMUS         : '/eda/cadence/2023-24/RHELx86/LITMUS_23.10.300'
2025-11-20 00:56:32.096004 (22252) main____ INFO      CDS_MODUS          : '/eda/cadence/2023-24/RHELx86/MODUS_22.12.000'
2025-11-20 00:56:32.096007 (22252) main____ INFO      CDS_MVS            : '/eda/cadence/2023-24/RHELx86/MVS_21.12.000'
2025-11-20 00:56:32.096012 (22252) main____ INFO      CDS_Netlisting_Mode: 'Analog'
2025-11-20 00:56:32.096015 (22252) main____ INFO      CDS_PEGASUS        : '/eda/cadence/2023-24/RHELx86/PEGASUS_23.11.000'
2025-11-20 00:56:32.096018 (22252) main____ INFO      CDS_PEGASUSDFM     : '/eda/cadence/2023-24/RHELx86/PEGASUSDFM_23.11.000'
2025-11-20 00:56:32.096021 (22252) main____ INFO      CDS_PVS            : '/eda/cadence/2023-24/RHELx86/PVS_22.22.000'
2025-11-20 00:56:32.096024 (22252) main____ INFO      CDS_QUANTUS        : '/eda/cadence/2023-24/RHELx86/QUANTUS_23.10.000'
2025-11-20 00:56:32.096027 (22252) main____ INFO      CDS_SPECTRE        : '/eda/cadence/2023-24/RHELx86/SPECTRE_23.10.242'
2025-11-20 00:56:32.096030 (22252) main____ INFO      CDS_SSV            : '/eda/cadence/2023-24/RHELx86/SSV_22.13.000'
2025-11-20 00:56:32.096033 (22252) main____ INFO      CDS_USE_PALETTE    : ''
2025-11-20 00:56:32.096036 (22252) main____ INFO      CDS_VERISIUMDEBUG  : '/eda/cadence/2023-24/RHELx86/VERISIUMDEBUG_23.03.001'
2025-11-20 00:56:32.096039 (22252) main____ INFO      CDS_VIPCAT         : '/eda/cadence/2023-24/RHELx86/VIPCAT_11.30.093'
2025-11-20 00:56:32.096042 (22252) main____ INFO      CDS_VMANAGER       : '/eda/cadence/2023-24/RHELx86/VMANAGER_23.03.004'
2025-11-20 00:56:32.096046 (22252) main____ INFO      CDS_XCELIUM        : '/eda/cadence/2023-24/RHELx86/XCELIUM_23.03.007'
2025-11-20 00:56:32.096048 (22252) main____ INFO      DISPLAY            : 'localhost:13.0'
2025-11-20 00:56:32.096051 (22252) main____ INFO      JASPER_CPU_CHECK   : '1'
2025-11-20 00:56:32.096054 (22252) main____ INFO      JASPER_INSTALL_DIR : '/tools/cadence2425/JASPER/jasper_2024.06p002'
2025-11-20 00:56:32.096057 (22252) main____ INFO      JASPER_KERNEL_CHECK: '1'
2025-11-20 00:56:32.096059 (22252) main____ INFO      JASPER_OS_CHECK    : '1'
2025-11-20 00:56:32.096062 (22252) main____ INFO      LANG               : 'C'
2025-11-20 00:56:32.096064 (22252) main____ INFO      TMPDIR             : '/tmp'
2025-11-20 00:56:32.096066 (22252) main____ INFO    ----------------------------------------
2025-11-20 00:56:32.096460 (22252) lic_core INFO    Initializing license system ...
2025-11-20 00:56:32.099879 (22252) lic_core INFO    ... license system initialized.
2025-11-20 00:56:32.106722 (22252) lic__man INFO    Claim 'fpv' for <ui>.
2025-11-20 00:56:32.106753 (22252) lic_core INFO    (1) checking out 'jasper_fpv' ...
2025-11-20 00:56:32.121843 (22252) lic_core INFO    ... (1) checkout failed (error: -5) ("FLEXnet ERROR(-5, 0, 0): No such feature exists.")
2025-11-20 00:56:32.121863 (22252) lic_core INFO    (2) checking out 'jasper_fao' ...
2025-11-20 00:56:32.130938 (22252) lic_core INFO    ... (2) checkout succeeded
2025-11-20 00:56:32.154602 (22252) session_ INFO    Starting analysis session with session id 'session_0' (launcher: <local>) ...
2025-11-20 00:56:32.155386 (22252) session_ INFO    Analysis session with session id 'session_0' started (pid: 22271)
2025-11-20 00:56:32.766791 (22252) session_ INFO    Analysis session 'session_0' connected to the console (host: 127.0.0.1:44654)
2025-11-20 00:56:33.315892 (22252) lic__man INFO    Unclaim everything for 'session_0'.
2025-11-20 00:56:33.358061 (22252) lic__man INFO    Claim 'fpv' for 'session_0'.
2025-11-20 00:56:33.358076 (22252) lic__man INFO    Claim 'fpv' for 'session_0/prove-0'.
2025-11-20 00:57:26.918821 (22252) lic__man INFO    Unclaim everything for 'session_0/prove-0'.
2025-11-20 00:57:26.920106 (22252) main____ INFO    About to exit: request to exit with status 0 received from analysis session 'session_0'
2025-11-20 00:57:26.983720 (22252) session_ INFO    Analysis session 'session_0' disconnected.
2025-11-20 00:57:26.983781 (22252) lic__man INFO    Unclaim everything for 'session_0'.
2025-11-20 00:57:26.983860 (22252) session_ INFO    Process for analysis session 'session_0' has exited with exit status '0'.
2025-11-20 00:57:28.825363 (22252) lic_core INFO    (2) checkin jasper_fao
2025-11-20 00:57:28.829023 (22252) main____ INFO    Exiting with status 0.
