2025-11-27 00:10:17.435039 (26019) main____ INFO    ----------------------------------------
2025-11-27 00:10:17.435081 (26019) main____ INFO    Jasper version info
2025-11-27 00:10:17.435086 (26019) main____ INFO      tool      : Jasper 2024.06
2025-11-27 00:10:17.435090 (26019) main____ INFO      version   : 2024.06p002 64 bits
2025-11-27 00:10:17.435093 (26019) main____ INFO      build date: 2024.09.02 16:28:38 UTC
2025-11-27 00:10:17.435095 (26019) main____ INFO    ----------------------------------------
2025-11-27 00:10:17.435097 (26019) main____ INFO    Runtime info:
2025-11-27 00:10:17.435099 (26019) main____ INFO      platform  : Linux 3.10.0-1160.62.1.el7.x86_64 x86_64
2025-11-27 00:10:17.435105 (26019) main____ INFO      hostname  : vlsi-ria85
2025-11-27 00:10:17.435109 (26019) main____ INFO      pid       : 26019
2025-11-27 00:10:17.435111 (26019) main____ INFO      arguments : '-style' 'windows' '-proj' '../jgprojects/1_i2c_17' '-batch' '1_i2c_17.tcl'
2025-11-27 00:10:17.435114 (26019) main____ INFO      locale    : ANSI_X3.4-1968
2025-11-27 00:10:17.435115 (26019) main____ INFO    ----------------------------------------
2025-11-27 00:10:17.435117 (26019) main____ INFO    System resource limits info:
2025-11-27 00:10:17.435120 (26019) main____ INFO      virtual memory: unlimited
2025-11-27 00:10:17.435123 (26019) main____ INFO      cpu time      : unlimited
2025-11-27 00:10:17.435128 (26019) main____ INFO      processes     : 4096
2025-11-27 00:10:17.435134 (26019) main____ INFO      stack size    : 8388608 B
2025-11-27 00:10:17.435137 (26019) main____ INFO      core file size: 1024 B
2025-11-27 00:10:17.435139 (26019) main____ INFO      open files    : 4096
2025-11-27 00:10:17.435142 (26019) main____ INFO      file size     : unlimited
2025-11-27 00:10:17.435143 (26019) main____ INFO    ----------------------------------------
2025-11-27 00:10:17.435145 (26019) main____ INFO    Memory statistics:
2025-11-27 00:10:17.435148 (26019) main____ INFO      total physical memory  : 65714912 kB
2025-11-27 00:10:17.435150 (26019) main____ INFO      free physical memory   : 27942444 kB
2025-11-27 00:10:17.435152 (26019) main____ INFO      committed address space: 65466312 kB
2025-11-27 00:10:17.435154 (26019) main____ INFO    ----------------------------------------
2025-11-27 00:10:17.435693 (26019) main____ INFO    Important environment variables:
2025-11-27 00:10:17.435709 (26019) main____ INFO      CDS_ASSURA         : '/eda/cadence/2023-24/RHELx86/ASSURA_04.16.115_231'
2025-11-27 00:10:17.435713 (26019) main____ INFO      CDS_AUTO_64BIT     : 'ALL'
2025-11-27 00:10:17.435716 (26019) main____ INFO      CDS_CONFRML        : '/eda/cadence/2023-24/RHELx86/CONFRML_23.10.300'
2025-11-27 00:10:17.435719 (26019) main____ INFO      CDS_DDIEXPORT      : '/eda/cadence/2023-24/RHELx86/DDIEXPORT_22.33.000'
2025-11-27 00:10:17.435723 (26019) main____ INFO      CDS_EMX            : '/eda/cadence/2023-24/RHELx86/EMX_23.10.000'
2025-11-27 00:10:17.435726 (26019) main____ INFO      CDS_GENUS          : '/eda/cadence/2023-24/RHELx86/DDIEXPORT_22.33.000/GENUS221'
2025-11-27 00:10:17.435730 (26019) main____ INFO      CDS_IC             : '/eda/cadence/2023-24/RHELx86/IC_23.10.020'
2025-11-27 00:10:17.435733 (26019) main____ INFO      CDS_INNOVUS        : '/eda/cadence/2023-24/RHELx86/DDIEXPORT_22.33.000/INNOVUS221'
2025-11-27 00:10:17.435736 (26019) main____ INFO      CDS_JLS            : '/eda/cadence/2023-24/RHELx86/DDIEXPORT_22.33.000/JLS221'
2025-11-27 00:10:17.435741 (26019) main____ INFO      CDS_LIC_FILE       : '/etc/local/cadence/license_8x.3868dd0560aa:5280@132.68.59.69:/etc/local/cadence/license_8x.1831bfb82c67:5280@132.68.59.64:/etc/local/cadence/license_8x.0894ef683fc3:5280@132.68.59.79:/etc/local/cadence/license_8x.1831bfb82c67:5280@132.68.59.61'
2025-11-27 00:10:17.435748 (26019) main____ INFO      CDS_LITMUS         : '/eda/cadence/2023-24/RHELx86/LITMUS_23.10.300'
2025-11-27 00:10:17.435751 (26019) main____ INFO      CDS_MODUS          : '/eda/cadence/2023-24/RHELx86/MODUS_22.12.000'
2025-11-27 00:10:17.435754 (26019) main____ INFO      CDS_MVS            : '/eda/cadence/2023-24/RHELx86/MVS_21.12.000'
2025-11-27 00:10:17.435758 (26019) main____ INFO      CDS_Netlisting_Mode: 'Analog'
2025-11-27 00:10:17.435762 (26019) main____ INFO      CDS_PEGASUS        : '/eda/cadence/2023-24/RHELx86/PEGASUS_23.11.000'
2025-11-27 00:10:17.435765 (26019) main____ INFO      CDS_PEGASUSDFM     : '/eda/cadence/2023-24/RHELx86/PEGASUSDFM_23.11.000'
2025-11-27 00:10:17.435768 (26019) main____ INFO      CDS_PVS            : '/eda/cadence/2023-24/RHELx86/PVS_22.22.000'
2025-11-27 00:10:17.435771 (26019) main____ INFO      CDS_QUANTUS        : '/eda/cadence/2023-24/RHELx86/QUANTUS_23.10.000'
2025-11-27 00:10:17.435773 (26019) main____ INFO      CDS_SPECTRE        : '/eda/cadence/2023-24/RHELx86/SPECTRE_23.10.242'
2025-11-27 00:10:17.435776 (26019) main____ INFO      CDS_SSV            : '/eda/cadence/2023-24/RHELx86/SSV_22.13.000'
2025-11-27 00:10:17.435779 (26019) main____ INFO      CDS_USE_PALETTE    : ''
2025-11-27 00:10:17.435782 (26019) main____ INFO      CDS_VERISIUMDEBUG  : '/eda/cadence/2023-24/RHELx86/VERISIUMDEBUG_23.03.001'
2025-11-27 00:10:17.435785 (26019) main____ INFO      CDS_VIPCAT         : '/eda/cadence/2023-24/RHELx86/VIPCAT_11.30.093'
2025-11-27 00:10:17.435788 (26019) main____ INFO      CDS_VMANAGER       : '/eda/cadence/2023-24/RHELx86/VMANAGER_23.03.004'
2025-11-27 00:10:17.435791 (26019) main____ INFO      CDS_XCELIUM        : '/eda/cadence/2023-24/RHELx86/XCELIUM_23.03.007'
2025-11-27 00:10:17.435794 (26019) main____ INFO      DISPLAY            : 'localhost:18.0'
2025-11-27 00:10:17.435797 (26019) main____ INFO      JASPER_CPU_CHECK   : '1'
2025-11-27 00:10:17.435799 (26019) main____ INFO      JASPER_INSTALL_DIR : '/tools/cadence2425/JASPER/jasper_2024.06p002'
2025-11-27 00:10:17.435802 (26019) main____ INFO      JASPER_KERNEL_CHECK: '1'
2025-11-27 00:10:17.435804 (26019) main____ INFO      JASPER_OS_CHECK    : '1'
2025-11-27 00:10:17.435807 (26019) main____ INFO      LANG               : 'C'
2025-11-27 00:10:17.435809 (26019) main____ INFO      TMPDIR             : '/tmp'
2025-11-27 00:10:17.435811 (26019) main____ INFO    ----------------------------------------
2025-11-27 00:10:17.436202 (26019) lic_core INFO    Initializing license system ...
2025-11-27 00:10:17.438676 (26019) lic_core INFO    ... license system initialized.
2025-11-27 00:10:17.445538 (26019) lic__man INFO    Claim 'fpv' for <ui>.
2025-11-27 00:10:17.445566 (26019) lic_core INFO    (1) checking out 'jasper_fpv' ...
2025-11-27 00:10:17.459042 (26019) lic_core INFO    ... (1) checkout failed (error: -5) ("FLEXnet ERROR(-5, 0, 0): No such feature exists.")
2025-11-27 00:10:17.459057 (26019) lic_core INFO    (2) checking out 'jasper_fao' ...
2025-11-27 00:10:17.466930 (26019) lic_core INFO    ... (2) checkout succeeded
2025-11-27 00:10:17.496155 (26019) session_ INFO    Starting analysis session with session id 'session_0' (launcher: <local>) ...
2025-11-27 00:10:17.497142 (26019) session_ INFO    Analysis session with session id 'session_0' started (pid: 26082)
2025-11-27 00:10:18.054899 (26019) session_ INFO    Analysis session 'session_0' connected to the console (host: 127.0.0.1:46204)
2025-11-27 00:10:18.389526 (26019) main____ INFO    About to exit: request to exit with status 1 received from analysis session 'session_0'
2025-11-27 00:10:18.444354 (26019) session_ INFO    Analysis session 'session_0' disconnected.
2025-11-27 00:10:18.444489 (26019) lic__man INFO    Unclaim everything for 'session_0'.
2025-11-27 00:10:18.444587 (26019) session_ INFO    Process for analysis session 'session_0' has exited with exit status '1'.
2025-11-27 00:10:20.333360 (26019) lic_core INFO    (2) checkin jasper_fao
2025-11-27 00:10:20.335306 (26019) main____ INFO    Exiting with status 1.
