2025-11-19 23:37:13.961174 (15251) main____ INFO    ----------------------------------------
2025-11-19 23:37:13.961214 (15251) main____ INFO    Jasper version info
2025-11-19 23:37:13.961219 (15251) main____ INFO      tool      : Jasper 2024.06
2025-11-19 23:37:13.961223 (15251) main____ INFO      version   : 2024.06p002 64 bits
2025-11-19 23:37:13.961226 (15251) main____ INFO      build date: 2024.09.02 16:28:38 UTC
2025-11-19 23:37:13.961228 (15251) main____ INFO    ----------------------------------------
2025-11-19 23:37:13.961230 (15251) main____ INFO    Runtime info:
2025-11-19 23:37:13.961232 (15251) main____ INFO      platform  : Linux 3.10.0-1160.62.1.el7.x86_64 x86_64
2025-11-19 23:37:13.961238 (15251) main____ INFO      hostname  : vlsi-ria84
2025-11-19 23:37:13.961241 (15251) main____ INFO      pid       : 15251
2025-11-19 23:37:13.961244 (15251) main____ INFO      arguments : '-style' 'windows' '-proj' '../jgprojects/s1_vga_4' '-batch' 's1_vga_4.tcl'
2025-11-19 23:37:13.961247 (15251) main____ INFO      locale    : ANSI_X3.4-1968
2025-11-19 23:37:13.961248 (15251) main____ INFO    ----------------------------------------
2025-11-19 23:37:13.961250 (15251) main____ INFO    System resource limits info:
2025-11-19 23:37:13.961253 (15251) main____ INFO      virtual memory: unlimited
2025-11-19 23:37:13.961256 (15251) main____ INFO      cpu time      : unlimited
2025-11-19 23:37:13.961261 (15251) main____ INFO      processes     : 4096
2025-11-19 23:37:13.961267 (15251) main____ INFO      stack size    : 8388608 B
2025-11-19 23:37:13.961270 (15251) main____ INFO      core file size: 1024 B
2025-11-19 23:37:13.961273 (15251) main____ INFO      open files    : 4096
2025-11-19 23:37:13.961276 (15251) main____ INFO      file size     : unlimited
2025-11-19 23:37:13.961278 (15251) main____ INFO    ----------------------------------------
2025-11-19 23:37:13.961279 (15251) main____ INFO    Memory statistics:
2025-11-19 23:37:13.961282 (15251) main____ INFO      total physical memory  : 65711068 kB
2025-11-19 23:37:13.961284 (15251) main____ INFO      free physical memory   : 50094448 kB
2025-11-19 23:37:13.961286 (15251) main____ INFO      committed address space: 6853280 kB
2025-11-19 23:37:13.961288 (15251) main____ INFO    ----------------------------------------
2025-11-19 23:37:13.961831 (15251) main____ INFO    Important environment variables:
2025-11-19 23:37:13.961842 (15251) main____ INFO      CDS_ASSURA         : '/eda/cadence/2023-24/RHELx86/ASSURA_04.16.115_231'
2025-11-19 23:37:13.961846 (15251) main____ INFO      CDS_AUTO_64BIT     : 'ALL'
2025-11-19 23:37:13.961850 (15251) main____ INFO      CDS_CONFRML        : '/eda/cadence/2023-24/RHELx86/CONFRML_23.10.300'
2025-11-19 23:37:13.961853 (15251) main____ INFO      CDS_DDIEXPORT      : '/eda/cadence/2023-24/RHELx86/DDIEXPORT_22.33.000'
2025-11-19 23:37:13.961856 (15251) main____ INFO      CDS_EMX            : '/eda/cadence/2023-24/RHELx86/EMX_23.10.000'
2025-11-19 23:37:13.961859 (15251) main____ INFO      CDS_GENUS          : '/eda/cadence/2023-24/RHELx86/DDIEXPORT_22.33.000/GENUS221'
2025-11-19 23:37:13.961862 (15251) main____ INFO      CDS_IC             : '/eda/cadence/2023-24/RHELx86/IC_23.10.020'
2025-11-19 23:37:13.961866 (15251) main____ INFO      CDS_INNOVUS        : '/eda/cadence/2023-24/RHELx86/DDIEXPORT_22.33.000/INNOVUS221'
2025-11-19 23:37:13.961869 (15251) main____ INFO      CDS_JLS            : '/eda/cadence/2023-24/RHELx86/DDIEXPORT_22.33.000/JLS221'
2025-11-19 23:37:13.961874 (15251) main____ INFO      CDS_LIC_FILE       : '/etc/local/cadence/license_8x.3868dd0560aa:5280@132.68.59.69:/etc/local/cadence/license_8x.1831bfb82c67:5280@132.68.59.64:/etc/local/cadence/license_8x.0894ef683fc3:5280@132.68.59.79:/etc/local/cadence/license_8x.1831bfb82c67:5280@132.68.59.61'
2025-11-19 23:37:13.961880 (15251) main____ INFO      CDS_LITMUS         : '/eda/cadence/2023-24/RHELx86/LITMUS_23.10.300'
2025-11-19 23:37:13.961884 (15251) main____ INFO      CDS_MODUS          : '/eda/cadence/2023-24/RHELx86/MODUS_22.12.000'
2025-11-19 23:37:13.961887 (15251) main____ INFO      CDS_MVS            : '/eda/cadence/2023-24/RHELx86/MVS_21.12.000'
2025-11-19 23:37:13.961891 (15251) main____ INFO      CDS_Netlisting_Mode: 'Analog'
2025-11-19 23:37:13.961895 (15251) main____ INFO      CDS_PEGASUS        : '/eda/cadence/2023-24/RHELx86/PEGASUS_23.11.000'
2025-11-19 23:37:13.961898 (15251) main____ INFO      CDS_PEGASUSDFM     : '/eda/cadence/2023-24/RHELx86/PEGASUSDFM_23.11.000'
2025-11-19 23:37:13.961901 (15251) main____ INFO      CDS_PVS            : '/eda/cadence/2023-24/RHELx86/PVS_22.22.000'
2025-11-19 23:37:13.961904 (15251) main____ INFO      CDS_QUANTUS        : '/eda/cadence/2023-24/RHELx86/QUANTUS_23.10.000'
2025-11-19 23:37:13.961907 (15251) main____ INFO      CDS_SPECTRE        : '/eda/cadence/2023-24/RHELx86/SPECTRE_23.10.242'
2025-11-19 23:37:13.961910 (15251) main____ INFO      CDS_SSV            : '/eda/cadence/2023-24/RHELx86/SSV_22.13.000'
2025-11-19 23:37:13.961912 (15251) main____ INFO      CDS_USE_PALETTE    : ''
2025-11-19 23:37:13.961915 (15251) main____ INFO      CDS_VERISIUMDEBUG  : '/eda/cadence/2023-24/RHELx86/VERISIUMDEBUG_23.03.001'
2025-11-19 23:37:13.961918 (15251) main____ INFO      CDS_VIPCAT         : '/eda/cadence/2023-24/RHELx86/VIPCAT_11.30.093'
2025-11-19 23:37:13.961922 (15251) main____ INFO      CDS_VMANAGER       : '/eda/cadence/2023-24/RHELx86/VMANAGER_23.03.004'
2025-11-19 23:37:13.961925 (15251) main____ INFO      CDS_XCELIUM        : '/eda/cadence/2023-24/RHELx86/XCELIUM_23.03.007'
2025-11-19 23:37:13.961927 (15251) main____ INFO      DISPLAY            : 'localhost:11.0'
2025-11-19 23:37:13.961930 (15251) main____ INFO      JASPER_CPU_CHECK   : '1'
2025-11-19 23:37:13.961933 (15251) main____ INFO      JASPER_INSTALL_DIR : '/tools/cadence2425/JASPER/jasper_2024.06p002'
2025-11-19 23:37:13.961935 (15251) main____ INFO      JASPER_KERNEL_CHECK: '1'
2025-11-19 23:37:13.961938 (15251) main____ INFO      JASPER_OS_CHECK    : '1'
2025-11-19 23:37:13.961940 (15251) main____ INFO      LANG               : 'C'
2025-11-19 23:37:13.961943 (15251) main____ INFO      TMPDIR             : '/tmp'
2025-11-19 23:37:13.961945 (15251) main____ INFO    ----------------------------------------
2025-11-19 23:37:13.962338 (15251) lic_core INFO    Initializing license system ...
2025-11-19 23:37:13.964013 (15251) lic_core INFO    ... license system initialized.
2025-11-19 23:37:13.976216 (15251) lic__man INFO    Claim 'fpv' for <ui>.
2025-11-19 23:37:13.976245 (15251) lic_core INFO    (1) checking out 'jasper_fpv' ...
2025-11-19 23:37:13.991350 (15251) lic_core INFO    ... (1) checkout failed (error: -5) ("FLEXnet ERROR(-5, 0, 0): No such feature exists.")
2025-11-19 23:37:13.991365 (15251) lic_core INFO    (2) checking out 'jasper_fao' ...
2025-11-19 23:37:13.999885 (15251) lic_core INFO    ... (2) checkout succeeded
2025-11-19 23:37:14.039504 (15251) session_ INFO    Starting analysis session with session id 'session_0' (launcher: <local>) ...
2025-11-19 23:37:14.040132 (15251) session_ INFO    Analysis session with session id 'session_0' started (pid: 15269)
2025-11-19 23:37:14.634914 (15251) session_ INFO    Analysis session 'session_0' connected to the console (host: 127.0.0.1:55474)
2025-11-19 23:37:15.008776 (15251) lic__man INFO    Unclaim everything for 'session_0'.
2025-11-19 23:37:15.051037 (15251) lic__man INFO    Claim 'fpv' for 'session_0'.
2025-11-19 23:37:15.051057 (15251) lic__man INFO    Claim 'fpv' for 'session_0/prove-0'.
2025-11-19 23:37:15.178929 (15251) lic__man INFO    Unclaim everything for 'session_0/prove-0'.
2025-11-19 23:37:15.180793 (15251) main____ INFO    About to exit: request to exit with status 0 received from analysis session 'session_0'
2025-11-19 23:37:15.241949 (15251) session_ INFO    Analysis session 'session_0' disconnected.
2025-11-19 23:37:15.242009 (15251) lic__man INFO    Unclaim everything for 'session_0'.
2025-11-19 23:37:15.242091 (15251) session_ INFO    Process for analysis session 'session_0' has exited with exit status '0'.
2025-11-19 23:37:17.282644 (15251) lic_core INFO    (2) checkin jasper_fao
2025-11-19 23:37:17.283863 (15251) main____ INFO    Exiting with status 0.
