2025-11-20 03:42:08.125370 (29618) main____ INFO    ----------------------------------------
2025-11-20 03:42:08.125419 (29618) main____ INFO    Jasper version info
2025-11-20 03:42:08.125424 (29618) main____ INFO      tool      : Jasper 2024.06
2025-11-20 03:42:08.125429 (29618) main____ INFO      version   : 2024.06p002 64 bits
2025-11-20 03:42:08.125432 (29618) main____ INFO      build date: 2024.09.02 16:28:38 UTC
2025-11-20 03:42:08.125434 (29618) main____ INFO    ----------------------------------------
2025-11-20 03:42:08.125435 (29618) main____ INFO    Runtime info:
2025-11-20 03:42:08.125438 (29618) main____ INFO      platform  : Linux 3.10.0-1160.62.1.el7.x86_64 x86_64
2025-11-20 03:42:08.125447 (29618) main____ INFO      hostname  : vlsi-ria85
2025-11-20 03:42:08.125466 (29618) main____ INFO      pid       : 29618
2025-11-20 03:42:08.125469 (29618) main____ INFO      arguments : '-style' 'windows' '-proj' '../jgprojects/2_seven_seg_8' '-batch' '2_seven_seg_8.tcl'
2025-11-20 03:42:08.125472 (29618) main____ INFO      locale    : ANSI_X3.4-1968
2025-11-20 03:42:08.125474 (29618) main____ INFO    ----------------------------------------
2025-11-20 03:42:08.125476 (29618) main____ INFO    System resource limits info:
2025-11-20 03:42:08.125478 (29618) main____ INFO      virtual memory: unlimited
2025-11-20 03:42:08.125482 (29618) main____ INFO      cpu time      : unlimited
2025-11-20 03:42:08.125488 (29618) main____ INFO      processes     : 4096
2025-11-20 03:42:08.125494 (29618) main____ INFO      stack size    : 8388608 B
2025-11-20 03:42:08.125497 (29618) main____ INFO      core file size: 1024 B
2025-11-20 03:42:08.125500 (29618) main____ INFO      open files    : 4096
2025-11-20 03:42:08.125503 (29618) main____ INFO      file size     : unlimited
2025-11-20 03:42:08.125505 (29618) main____ INFO    ----------------------------------------
2025-11-20 03:42:08.125507 (29618) main____ INFO    Memory statistics:
2025-11-20 03:42:08.125509 (29618) main____ INFO      total physical memory  : 65714912 kB
2025-11-20 03:42:08.125511 (29618) main____ INFO      free physical memory   : 2964492 kB
2025-11-20 03:42:08.125514 (29618) main____ INFO      committed address space: 188694936 kB
2025-11-20 03:42:08.125516 (29618) main____ INFO    ----------------------------------------
2025-11-20 03:42:08.126086 (29618) main____ INFO    Important environment variables:
2025-11-20 03:42:08.126100 (29618) main____ INFO      CDS_ASSURA         : '/eda/cadence/2023-24/RHELx86/ASSURA_04.16.115_231'
2025-11-20 03:42:08.126104 (29618) main____ INFO      CDS_AUTO_64BIT     : 'ALL'
2025-11-20 03:42:08.126107 (29618) main____ INFO      CDS_CONFRML        : '/eda/cadence/2023-24/RHELx86/CONFRML_23.10.300'
2025-11-20 03:42:08.126111 (29618) main____ INFO      CDS_DDIEXPORT      : '/eda/cadence/2023-24/RHELx86/DDIEXPORT_22.33.000'
2025-11-20 03:42:08.126114 (29618) main____ INFO      CDS_EMX            : '/eda/cadence/2023-24/RHELx86/EMX_23.10.000'
2025-11-20 03:42:08.126118 (29618) main____ INFO      CDS_GENUS          : '/eda/cadence/2023-24/RHELx86/DDIEXPORT_22.33.000/GENUS221'
2025-11-20 03:42:08.126121 (29618) main____ INFO      CDS_IC             : '/eda/cadence/2023-24/RHELx86/IC_23.10.020'
2025-11-20 03:42:08.126124 (29618) main____ INFO      CDS_INNOVUS        : '/eda/cadence/2023-24/RHELx86/DDIEXPORT_22.33.000/INNOVUS221'
2025-11-20 03:42:08.126128 (29618) main____ INFO      CDS_JLS            : '/eda/cadence/2023-24/RHELx86/DDIEXPORT_22.33.000/JLS221'
2025-11-20 03:42:08.126134 (29618) main____ INFO      CDS_LIC_FILE       : '/etc/local/cadence/license_8x.3868dd0560aa:5280@132.68.59.69:/etc/local/cadence/license_8x.1831bfb82c67:5280@132.68.59.64:/etc/local/cadence/license_8x.0894ef683fc3:5280@132.68.59.79:/etc/local/cadence/license_8x.1831bfb82c67:5280@132.68.59.61'
2025-11-20 03:42:08.126146 (29618) main____ INFO      CDS_LITMUS         : '/eda/cadence/2023-24/RHELx86/LITMUS_23.10.300'
2025-11-20 03:42:08.126150 (29618) main____ INFO      CDS_MODUS          : '/eda/cadence/2023-24/RHELx86/MODUS_22.12.000'
2025-11-20 03:42:08.126154 (29618) main____ INFO      CDS_MVS            : '/eda/cadence/2023-24/RHELx86/MVS_21.12.000'
2025-11-20 03:42:08.126159 (29618) main____ INFO      CDS_Netlisting_Mode: 'Analog'
2025-11-20 03:42:08.126162 (29618) main____ INFO      CDS_PEGASUS        : '/eda/cadence/2023-24/RHELx86/PEGASUS_23.11.000'
2025-11-20 03:42:08.126165 (29618) main____ INFO      CDS_PEGASUSDFM     : '/eda/cadence/2023-24/RHELx86/PEGASUSDFM_23.11.000'
2025-11-20 03:42:08.126168 (29618) main____ INFO      CDS_PVS            : '/eda/cadence/2023-24/RHELx86/PVS_22.22.000'
2025-11-20 03:42:08.126172 (29618) main____ INFO      CDS_QUANTUS        : '/eda/cadence/2023-24/RHELx86/QUANTUS_23.10.000'
2025-11-20 03:42:08.126175 (29618) main____ INFO      CDS_SPECTRE        : '/eda/cadence/2023-24/RHELx86/SPECTRE_23.10.242'
2025-11-20 03:42:08.126178 (29618) main____ INFO      CDS_SSV            : '/eda/cadence/2023-24/RHELx86/SSV_22.13.000'
2025-11-20 03:42:08.126180 (29618) main____ INFO      CDS_USE_PALETTE    : ''
2025-11-20 03:42:08.126183 (29618) main____ INFO      CDS_VERISIUMDEBUG  : '/eda/cadence/2023-24/RHELx86/VERISIUMDEBUG_23.03.001'
2025-11-20 03:42:08.126186 (29618) main____ INFO      CDS_VIPCAT         : '/eda/cadence/2023-24/RHELx86/VIPCAT_11.30.093'
2025-11-20 03:42:08.126191 (29618) main____ INFO      CDS_VMANAGER       : '/eda/cadence/2023-24/RHELx86/VMANAGER_23.03.004'
2025-11-20 03:42:08.126194 (29618) main____ INFO      CDS_XCELIUM        : '/eda/cadence/2023-24/RHELx86/XCELIUM_23.03.007'
2025-11-20 03:42:08.126197 (29618) main____ INFO      DISPLAY            : 'localhost:13.0'
2025-11-20 03:42:08.126200 (29618) main____ INFO      JASPER_CPU_CHECK   : '1'
2025-11-20 03:42:08.126203 (29618) main____ INFO      JASPER_INSTALL_DIR : '/tools/cadence2425/JASPER/jasper_2024.06p002'
2025-11-20 03:42:08.126205 (29618) main____ INFO      JASPER_KERNEL_CHECK: '1'
2025-11-20 03:42:08.126208 (29618) main____ INFO      JASPER_OS_CHECK    : '1'
2025-11-20 03:42:08.126210 (29618) main____ INFO      LANG               : 'C'
2025-11-20 03:42:08.126213 (29618) main____ INFO      TMPDIR             : '/tmp'
2025-11-20 03:42:08.126215 (29618) main____ INFO    ----------------------------------------
2025-11-20 03:42:08.126648 (29618) lic_core INFO    Initializing license system ...
2025-11-20 03:42:08.130772 (29618) lic_core INFO    ... license system initialized.
2025-11-20 03:42:08.138561 (29618) lic__man INFO    Claim 'fpv' for <ui>.
2025-11-20 03:42:08.138594 (29618) lic_core INFO    (1) checking out 'jasper_fpv' ...
2025-11-20 03:42:08.155103 (29618) lic_core INFO    ... (1) checkout failed (error: -5) ("FLEXnet ERROR(-5, 0, 0): No such feature exists.")
2025-11-20 03:42:08.155122 (29618) lic_core INFO    (2) checking out 'jasper_fao' ...
2025-11-20 03:42:08.163739 (29618) lic_core INFO    ... (2) checkout succeeded
2025-11-20 03:42:08.189192 (29618) session_ INFO    Starting analysis session with session id 'session_0' (launcher: <local>) ...
2025-11-20 03:42:08.190008 (29618) session_ INFO    Analysis session with session id 'session_0' started (pid: 29660)
2025-11-20 03:42:08.811538 (29618) session_ INFO    Analysis session 'session_0' connected to the console (host: 127.0.0.1:45016)
2025-11-20 03:42:09.265029 (29618) lic__man INFO    Unclaim everything for 'session_0'.
2025-11-20 03:42:09.307031 (29618) lic__man INFO    Claim 'fpv' for 'session_0'.
2025-11-20 03:42:09.307046 (29618) lic__man INFO    Claim 'fpv' for 'session_0/prove-0'.
2025-11-20 03:45:13.304540 (29618) lic__man INFO    Unclaim everything for 'session_0/prove-0'.
2025-11-20 03:45:13.307550 (29618) main____ INFO    About to exit: request to exit with status 0 received from analysis session 'session_0'
2025-11-20 03:45:13.389896 (29618) session_ INFO    Analysis session 'session_0' disconnected.
2025-11-20 03:45:13.389955 (29618) lic__man INFO    Unclaim everything for 'session_0'.
2025-11-20 03:45:13.390027 (29618) session_ INFO    Process for analysis session 'session_0' has exited with exit status '0'.
2025-11-20 03:45:15.325262 (29618) lic_core INFO    (2) checkin jasper_fao
2025-11-20 03:45:15.326997 (29618) main____ INFO    Exiting with status 0.
