2025-11-20 02:44:37.297707 (29030) main____ INFO    ----------------------------------------
2025-11-20 02:44:37.297752 (29030) main____ INFO    Jasper version info
2025-11-20 02:44:37.297757 (29030) main____ INFO      tool      : Jasper 2024.06
2025-11-20 02:44:37.297761 (29030) main____ INFO      version   : 2024.06p002 64 bits
2025-11-20 02:44:37.297764 (29030) main____ INFO      build date: 2024.09.02 16:28:38 UTC
2025-11-20 02:44:37.297766 (29030) main____ INFO    ----------------------------------------
2025-11-20 02:44:37.297767 (29030) main____ INFO    Runtime info:
2025-11-20 02:44:37.297770 (29030) main____ INFO      platform  : Linux 3.10.0-1160.62.1.el7.x86_64 x86_64
2025-11-20 02:44:37.297775 (29030) main____ INFO      hostname  : vlsi-ria85
2025-11-20 02:44:37.297779 (29030) main____ INFO      pid       : 29030
2025-11-20 02:44:37.297782 (29030) main____ INFO      arguments : '-style' 'windows' '-proj' '../jgprojects/2_gray_4' '-batch' '2_gray_4.tcl'
2025-11-20 02:44:37.297785 (29030) main____ INFO      locale    : ANSI_X3.4-1968
2025-11-20 02:44:37.297787 (29030) main____ INFO    ----------------------------------------
2025-11-20 02:44:37.297789 (29030) main____ INFO    System resource limits info:
2025-11-20 02:44:37.297791 (29030) main____ INFO      virtual memory: unlimited
2025-11-20 02:44:37.297795 (29030) main____ INFO      cpu time      : unlimited
2025-11-20 02:44:37.297801 (29030) main____ INFO      processes     : 4096
2025-11-20 02:44:37.297806 (29030) main____ INFO      stack size    : 8388608 B
2025-11-20 02:44:37.297809 (29030) main____ INFO      core file size: 1024 B
2025-11-20 02:44:37.297812 (29030) main____ INFO      open files    : 4096
2025-11-20 02:44:37.297815 (29030) main____ INFO      file size     : unlimited
2025-11-20 02:44:37.297817 (29030) main____ INFO    ----------------------------------------
2025-11-20 02:44:37.297818 (29030) main____ INFO    Memory statistics:
2025-11-20 02:44:37.297821 (29030) main____ INFO      total physical memory  : 65714912 kB
2025-11-20 02:44:37.297824 (29030) main____ INFO      free physical memory   : 4112580 kB
2025-11-20 02:44:37.297826 (29030) main____ INFO      committed address space: 188475408 kB
2025-11-20 02:44:37.297828 (29030) main____ INFO    ----------------------------------------
2025-11-20 02:44:37.298402 (29030) main____ INFO    Important environment variables:
2025-11-20 02:44:37.298414 (29030) main____ INFO      CDS_ASSURA         : '/eda/cadence/2023-24/RHELx86/ASSURA_04.16.115_231'
2025-11-20 02:44:37.298418 (29030) main____ INFO      CDS_AUTO_64BIT     : 'ALL'
2025-11-20 02:44:37.298422 (29030) main____ INFO      CDS_CONFRML        : '/eda/cadence/2023-24/RHELx86/CONFRML_23.10.300'
2025-11-20 02:44:37.298425 (29030) main____ INFO      CDS_DDIEXPORT      : '/eda/cadence/2023-24/RHELx86/DDIEXPORT_22.33.000'
2025-11-20 02:44:37.298428 (29030) main____ INFO      CDS_EMX            : '/eda/cadence/2023-24/RHELx86/EMX_23.10.000'
2025-11-20 02:44:37.298432 (29030) main____ INFO      CDS_GENUS          : '/eda/cadence/2023-24/RHELx86/DDIEXPORT_22.33.000/GENUS221'
2025-11-20 02:44:37.298435 (29030) main____ INFO      CDS_IC             : '/eda/cadence/2023-24/RHELx86/IC_23.10.020'
2025-11-20 02:44:37.298438 (29030) main____ INFO      CDS_INNOVUS        : '/eda/cadence/2023-24/RHELx86/DDIEXPORT_22.33.000/INNOVUS221'
2025-11-20 02:44:37.298441 (29030) main____ INFO      CDS_JLS            : '/eda/cadence/2023-24/RHELx86/DDIEXPORT_22.33.000/JLS221'
2025-11-20 02:44:37.298447 (29030) main____ INFO      CDS_LIC_FILE       : '/etc/local/cadence/license_8x.3868dd0560aa:5280@132.68.59.69:/etc/local/cadence/license_8x.1831bfb82c67:5280@132.68.59.64:/etc/local/cadence/license_8x.0894ef683fc3:5280@132.68.59.79:/etc/local/cadence/license_8x.1831bfb82c67:5280@132.68.59.61'
2025-11-20 02:44:37.298454 (29030) main____ INFO      CDS_LITMUS         : '/eda/cadence/2023-24/RHELx86/LITMUS_23.10.300'
2025-11-20 02:44:37.298458 (29030) main____ INFO      CDS_MODUS          : '/eda/cadence/2023-24/RHELx86/MODUS_22.12.000'
2025-11-20 02:44:37.298461 (29030) main____ INFO      CDS_MVS            : '/eda/cadence/2023-24/RHELx86/MVS_21.12.000'
2025-11-20 02:44:37.298465 (29030) main____ INFO      CDS_Netlisting_Mode: 'Analog'
2025-11-20 02:44:37.298469 (29030) main____ INFO      CDS_PEGASUS        : '/eda/cadence/2023-24/RHELx86/PEGASUS_23.11.000'
2025-11-20 02:44:37.298472 (29030) main____ INFO      CDS_PEGASUSDFM     : '/eda/cadence/2023-24/RHELx86/PEGASUSDFM_23.11.000'
2025-11-20 02:44:37.298475 (29030) main____ INFO      CDS_PVS            : '/eda/cadence/2023-24/RHELx86/PVS_22.22.000'
2025-11-20 02:44:37.298478 (29030) main____ INFO      CDS_QUANTUS        : '/eda/cadence/2023-24/RHELx86/QUANTUS_23.10.000'
2025-11-20 02:44:37.298482 (29030) main____ INFO      CDS_SPECTRE        : '/eda/cadence/2023-24/RHELx86/SPECTRE_23.10.242'
2025-11-20 02:44:37.298484 (29030) main____ INFO      CDS_SSV            : '/eda/cadence/2023-24/RHELx86/SSV_22.13.000'
2025-11-20 02:44:37.298487 (29030) main____ INFO      CDS_USE_PALETTE    : ''
2025-11-20 02:44:37.298490 (29030) main____ INFO      CDS_VERISIUMDEBUG  : '/eda/cadence/2023-24/RHELx86/VERISIUMDEBUG_23.03.001'
2025-11-20 02:44:37.298493 (29030) main____ INFO      CDS_VIPCAT         : '/eda/cadence/2023-24/RHELx86/VIPCAT_11.30.093'
2025-11-20 02:44:37.298498 (29030) main____ INFO      CDS_VMANAGER       : '/eda/cadence/2023-24/RHELx86/VMANAGER_23.03.004'
2025-11-20 02:44:37.298501 (29030) main____ INFO      CDS_XCELIUM        : '/eda/cadence/2023-24/RHELx86/XCELIUM_23.03.007'
2025-11-20 02:44:37.298504 (29030) main____ INFO      DISPLAY            : 'localhost:13.0'
2025-11-20 02:44:37.298507 (29030) main____ INFO      JASPER_CPU_CHECK   : '1'
2025-11-20 02:44:37.298510 (29030) main____ INFO      JASPER_INSTALL_DIR : '/tools/cadence2425/JASPER/jasper_2024.06p002'
2025-11-20 02:44:37.298513 (29030) main____ INFO      JASPER_KERNEL_CHECK: '1'
2025-11-20 02:44:37.298515 (29030) main____ INFO      JASPER_OS_CHECK    : '1'
2025-11-20 02:44:37.298518 (29030) main____ INFO      LANG               : 'C'
2025-11-20 02:44:37.298521 (29030) main____ INFO      TMPDIR             : '/tmp'
2025-11-20 02:44:37.298522 (29030) main____ INFO    ----------------------------------------
2025-11-20 02:44:37.298914 (29030) lic_core INFO    Initializing license system ...
2025-11-20 02:44:37.302450 (29030) lic_core INFO    ... license system initialized.
2025-11-20 02:44:37.324740 (29030) lic__man INFO    Claim 'fpv' for <ui>.
2025-11-20 02:44:37.324795 (29030) lic_core INFO    (1) checking out 'jasper_fpv' ...
2025-11-20 02:44:37.341349 (29030) lic_core INFO    ... (1) checkout failed (error: -5) ("FLEXnet ERROR(-5, 0, 0): No such feature exists.")
2025-11-20 02:44:37.341368 (29030) lic_core INFO    (2) checking out 'jasper_fao' ...
2025-11-20 02:44:37.349304 (29030) lic_core INFO    ... (2) checkout succeeded
2025-11-20 02:44:37.372911 (29030) session_ INFO    Starting analysis session with session id 'session_0' (launcher: <local>) ...
2025-11-20 02:44:37.373704 (29030) session_ INFO    Analysis session with session id 'session_0' started (pid: 29071)
2025-11-20 02:44:37.978629 (29030) session_ INFO    Analysis session 'session_0' connected to the console (host: 127.0.0.1:60630)
2025-11-20 02:44:38.423476 (29030) lic__man INFO    Unclaim everything for 'session_0'.
2025-11-20 02:44:38.466112 (29030) lic__man INFO    Claim 'fpv' for 'session_0'.
2025-11-20 02:44:38.466127 (29030) lic__man INFO    Claim 'fpv' for 'session_0/prove-0'.
2025-11-20 02:47:41.190396 (29030) lic__man INFO    Unclaim everything for 'session_0/prove-0'.
2025-11-20 02:47:41.192540 (29030) main____ INFO    About to exit: request to exit with status 0 received from analysis session 'session_0'
2025-11-20 02:47:41.284524 (29030) session_ INFO    Analysis session 'session_0' disconnected.
2025-11-20 02:47:41.284586 (29030) lic__man INFO    Unclaim everything for 'session_0'.
2025-11-20 02:47:41.284668 (29030) session_ INFO    Process for analysis session 'session_0' has exited with exit status '0'.
2025-11-20 02:47:43.295889 (29030) lic_core INFO    (2) checkin jasper_fao
2025-11-20 02:47:43.297662 (29030) main____ INFO    Exiting with status 0.
