# ----------------------------------------
# Jasper Version Info
# tool      : Jasper 2024.06
# platform  : Linux 3.10.0-1160.62.1.el7.x86_64
# version   : 2024.06p002 64 bits
# build date: 2024.09.02 16:28:38 UTC
# ----------------------------------------
# started   : 2025-11-18 09:59:17 IST
# hostname  : vlsi-ria85.vlsidomain
# pid       : 13750
# arguments : '-label' 'session_0' '-console' '//127.0.0.1:34942' '-nowindow' '-style' 'windows' '-exitonerror' '-data' 'AAAA5nicY2RgYLCp////PwMYMD6A0Aw2jAyoAMRnQhUJbEChGRhYYZphSliAmItBl6GAoYghnyELyLNg0ANCfSA7HS6aypDMUMJQDBQtYcgA8ooYcoHiyUBcClSTAxSJZ7AE6uUBmpTEkAhUlQxUx8Cggle9HlhdDtgdADxpHRE=' '-proj' '/users/rompel/jasper_executions/safety/jgprojects/thermocouple_9/sessionLogs/session_0' '-init' '-hidden' '/users/rompel/jasper_executions/safety/jgprojects/thermocouple_9/.tmp/.initCmds.tcl' 'thermocouple_9.tcl' '-hidden' '/users/rompel/jasper_executions/safety/jgprojects/thermocouple_9/.tmp/.postCmds.tcl'

Any disclosure about the Cadence Design Systems software or its use
model to any third party violates the written Non-Disclosure Agreement
between Cadence Design Systems, Inc. and the customer.

THIS SOFTWARE CONTAINS CONFIDENTIAL INFORMATION AND TRADE SECRETS OF
CADENCE DESIGN SYSTEMS, INC. USE, DISCLOSURE, OR REPRODUCTION IS
PROHIBITED WITHOUT THE PRIOR EXPRESS WRITTEN PERMISSION OF CADENCE
DESIGN SYSTEMS, INC.

Copyright (C) 2000-2024 Cadence Design Systems, Inc. All Rights
Reserved.  Unpublished -- rights reserved under the copyright laws of
the United States.

This product includes software developed by others and redistributed
according to license agreement. See doc/third_party_readme.txt for
further details.

RESTRICTED RIGHTS LEGEND

Use, duplication, or disclosure by the Government is subject to
restrictions as set forth in subparagraph (c) (1) (ii) of the Rights in
Technical Data and Computer Software clause at DFARS 252.227-7013 or
subparagraphs (c) (1) and (2) of Commercial Computer Software -- Restricted
Rights at 48 CFR 52.227-19, as applicable.


                          Cadence Design Systems, Inc.
                          2655 Seely Avenue
                          San Jose, CA 95134
                          Phone: 408.943.1234

For technical assistance visit http://support.cadence.com.

Jasper Apps Analysis Session - /users/rompel/jasper_executions/safety/jgprojects/thermocouple_9/sessionLogs/session_0

WARNING (WG017): [session]: The system's locale is "ANSI_X3.4-1968", which is not UTF-8. Non-ASCII characters might not be handled correctly.
WARNING (WG017): [jg_console]: The system's locale is "ANSI_X3.4-1968", which is not UTF-8. Non-ASCII characters might not be handled correctly.
INFO: successfully checked out license "jasper_fao".
INFO: reading configuration file "/users/rompel/.config/cadence/jasper.conf".
% analyze -sv09 ../thermocouple_9.sv
[-- (VERI-1482)] Analyzing Verilog file '/tools/cadence2425/JASPER/jasper_2024.06p002/lib/verilog/packages/std/std.sv' into library 'std'
[-- (VERI-1482)] Analyzing Verilog file '../thermocouple_9.sv'
% elaborate -bbox_mul 1000000 -bbox_div 1000000 -bbox_mod 1000000 -bbox_a 1000000
[INFO (HIER-8002)] ../thermocouple_9.sv(46): Disabling old hierarchical reference handler
[INFO (VERI-1018)] ../thermocouple_9.sv(1): compiling module 'Thermocouple'
[WARN (VERI-1209)] ../thermocouple_9.sv(18): expression size 32 truncated to fit in target size 13
[WARN (VERI-1209)] ../thermocouple_9.sv(37): expression size 32 truncated to fit in target size 13
[INFO (VERI-8005)] ../thermocouple_9.sv(1): Unintentional sequential element inferred for tc_temp_data read before write using blocking assignment
[INFO (VERI-8005)] ../thermocouple_9.sv(1): Unintentional sequential element inferred for junction_temp_data read before write using blocking assignment
[INFO (VERI-8005)] ../thermocouple_9.sv(1): Unintentional sequential element inferred for fault_bits read before write using blocking assignment
[INFO (VERI-8005)] ../thermocouple_9.sv(5): Unintentional sequential element inferred for state read before write using blocking assignment
[INFO (VERI-8005)] ../thermocouple_9.sv(6): Unintentional sequential element inferred for cnt read before write using blocking assignment
INFO (ISW003): Top module name is "Thermocouple".
INFO (INL208): Elaboration synthesis summary:
  Number of synthesized netlists          1 (0 packages)
  Single run mode                         On
  Pipeline                                On (1 pipelined netlists)
  Late hierarchical reference connection  On
  Number of analyzed Verilog modules      1 (1 synthesized)
  Number of analyzed VHDL entities        0 (0 synthesized)
INFO (INL003): Clearing all state information (assumes, stopats, and so forth).
Thermocouple
[<embedded>] % reset rst
INFO (IPM031): Clearing proof results of all properties.
INFO (IRS006): Current reset condition is "rst".
[<embedded>] % clock clk
[<embedded>] % prove -all
Ncustom1: Custom engine code is hT3Ng7hPPfiYQOTDZ3qhYOwGAM51eA+J/FjkM5shLioAsqhgLR4Ft+O1BuKG6ilQ83B9tLXSl+CwjiTMAQA
Bcustom2: Custom engine code is hT3Nm7hPr1Vp3Di1Ra2USNIGL4JypRnLKLAdF6JAyuavO2JfGCiY9OZJhcAcOUnLx5xwNdhILGrAWX9s+z2WDkKwNR7tAfClBEjRFVQeq6DU54boFgEA
AMcustom3: Custom engine code is hT3Ng7hP/feYQOTDZ3qhYOwGAM51eA+J/FjkM5shLioAsqhgLR4Ft+O1BuKG6ilQ83B9tLXSmmqwm7g9AQA
Mpcustom4: Custom engine code is hT3NZbhP9fmY2AbBQnsjfOxn6c+6e6yL+/e8fZFmaQrnlgEA
INFO (IPF036): Starting proof on task: "<embedded>", 1 properties to prove with 0 already proven/unreachable
INFO (IRS029): Starting reset analysis: phase 1 of 4.
INFO (IRS030): Running reset analysis: phase 2 of 4.
INFO (IRS031): Running reset analysis: phase 3 of 4.
INFO (IRS020): Starting the reset analysis simulation with a limit of 100 iterations (phase 4 of 4).
INFO (IRS024): Reset iterations 0 to 4 analyzed.
INFO (IRS018): Reset analysis simulation executed for 3 iterations. Assigned values for 46 of 46 design flops, 0 of 0 design latches, 3 of 3 internal elements.
INFO (IRS039): Reset analysis complete.
INFO (IPF031): Settings used for proof thread 0:
    orchestration                 = on
    time_limit                    = 86400s
    per_property_time_limit       = 1s * 10 ^ scan
    engine_mode                   = auto
    proofgrid_per_engine_max_jobs = 1
    max engine jobs               = auto
    proofgrid_mode                = local
    proofgrid_restarts            = 10
0: Using multistage preprocessing
AMcustom5: Custom engine code is hT3N1rhP11/52HrFRS21ROp2LOjVTgPvT8L8BGXHgLhaIuqtT4nARFjUqrBL+7pLmaTOzBepZW/Jm8SSrHDybSQtoNiO3y43wk+dEoWlsZizu97Fih6O6lPVG/LpWP5SsUPwlGagLNa1FKEFvwVXyX7//8prySbvSxIHXr5er+z4RAEA
0: Starting reduce
Ncustom6: Custom engine code is hT3OXrhPByJp3TrFSTLhUmMH4KVtJgmTCnNDF46yMXOKY48m4LS5nE7yBzFjA7kDuwO/GhGUpEPiky3p3wmPn3dJZHxFMsafSoObRzSC+tn7sEY0WbTdZ/FV4hL3MYH/b1CIUvXSWR4wqEoVLsmMOD4xIPT4lI1LO6ZCO7PnnWQuLwetnvKlrXx6wCW/A+x+enqslg1YPobi4wEF/EvbzOvcTYdJvl2s4H2yZg2b2ofAVN5WvhWk1HoBAA
ADcustom7: Custom engine code is hT3Nv7hPv1752HrFRa2kROx2f/ECJeZB2AZsLdlO8VwmIuqtT4nIDFXclhg+O+o+DMmQCekbheGk0kK28laA9gaOFDXsQp29J3X615HY1IPHJWd6FUFvCHjO+p1k652b5JJvZlShNpGlGSXAiQe/mEAj6tEBAA
Tricustom8: Custom engine code is hT3Nu7hPt1752DvFRa0kNDiyIV97VyejwM9C/jCLJjdPvusZONHY42VYUy0Q1ZotnhcVtNc56tJ5wbxv6V2+XpdsaSlHck5vfnbYjdwj1OECy9U+7oSQ0SZE3g5ayD+Phuh4odCJTjeKa2k4elM9ldQfkAEA
Gcustom9: Custom engine code is hT3NibhPDfeYQADBZnYcglOvK9Pfd7EOeniIqP8jNsyIqInncipMGcUXqAadachREE9F2PwhBUZUNw5kHnd4JdXkamORRgEA
C2custom10: Custom engine code is hT3NirhPjfWYQADBZnYcglOvK9Pfd7EOeniIqP8jNsyIqInncgkrYMMXCYbdK0dUjZIF9d4cJ0rHoBDjwVLBKuG86XYVV00BAA
AGcustom11: Custom engine code is hT3NirhP/fmYQADBZnYcglOvK9Pfd7EOeniIqP8jNsyIqInnckcwYMMXCYbdK0dUjZIF9d4cJ0rHoBDjwVLBKuHEZnZByh0BAA
Bcustom12: Custom engine code is hT3NjrhPDfiYQADBZnYcglOvK9PfWxFtenjIyBqfrgr7if/jL/yPOuK1BAflEcW0DxNH2eDIoezN2gxlQFg81RZtiWXh7aiTAidvAQA
Ncustom13: Custom engine code is hT3NR7hPByFp3TrFSTLhUmMH4KWtJglTyV/c51BHEeZWamnJv767nE6PCak26bd3gf3XGN3rIRheufhDieCJQVISo+gNYUKhiUedBKGtsP/a18svAnlMJZudHxDFwK5ufsyoxsIyiAeSY2oi3tEuoDHr5gw42DFKAG3PqO3CEsl8Azzdt3pl5nGA1Ifv2H02eYsFzWb/nfp8PMb3F0krE/EgBcm8TD9Div8BAA
0: Finished reduce in 0s
Tricustom14: Custom engine code is hT3Nu7hP3fiYQADBZnYcglNHp9bfd7EOeniIqP/ji8sGLQu8yhsFO+wxJ+O+R0bU8g/IewXFomyos+viQnWc2xYNYmMqpo3i40O7DaZR7qfp4YqNx26KRvQ/qx0BAA
0.0.PRE: Performing Proof Simplification...
0.0.N: clocks: 1, declared: 1, looping: 0, posedge: 1, negedge: 0, noedge: 0, bothedge: 0
0.0.N: Proof Simplification Iteration 1	[0.00 s]
0.0.N: Proof Simplification Iteration 2	[0.00 s]
0.0.N: Proof Simplification Iteration 3	[0.00 s]
0.0.PRE: A proof was found: No trace exists. [0.00 s]
INFO (IPF057): 0.0.PRE: The property ":noDeadEnd" was proven in 0.00 s.
    Use check_assumptions -show -dead_end to show this property in the property table.
0.0.PRE: A proof was found: No trace exists. [0.00 s]
INFO (IPF057): 0.0.PRE: The property ":noConflict" was proven in 0.00 s.
    Use check_assumptions -show to show this property in the property table.
INFO (IPF047): 0.0.PRE: The cover property ":live" was covered in 1 cycles in 0.00 s.
    Use check_assumptions -show -live to show this property in the property table.
0.0.PRE: Proof Simplification completed in 0.00 s
0: About to start ProofGrid in its own thread with a limit of 10000 pending notifications and a limit of 10 traces.
0: =============================== ProofGrid start ===============================
0: ProofGrid usable level: 1
0: Initial ProofGrid level: 1
0: ProofGrid is starting event handling
0.0.Hp: Proofgrid shell started at 13887@vlsi-ria85(local) jg_13750_vlsi-ria85_1
0.0.N: Proofgrid shell started at 13886@vlsi-ria85(local) jg_13750_vlsi-ria85_1
0.0.Hp: clocks: 1, declared: 1, looping: 0, posedge: 1, negedge: 0, noedge: 0, bothedge: 0
0.0.Hp: Last scan. Per property time limit: 0s
0.0.N: clocks: 1, declared: 1, looping: 0, posedge: 1, negedge: 0, noedge: 0, bothedge: 0
0.0.N: Last scan. Per property time limit: 0s
0.0.N: Starting proof for property "Thermocouple.p1"	[0.00 s].
0.0.N: Trace Attempt  1	[0.00 s]
0.0.Hp: Trace Attempt  1	[0.00 s]
0.0.N: Trace Attempt  2	[0.00 s]
0.0.Hp: Trace Attempt  2	[0.00 s]
0.0.N: Trace Attempt  2	[0.00 s]
0.0.N: Trace Attempt  3	[0.00 s]
0.0.N: Trace Attempt  4	[0.00 s]
0.0.Hp: Trace Attempt  3	[0.00 s]
0.0.N: Trace Attempt  4	[0.00 s]
0.0.Hp: Trace Attempt  4	[0.00 s]
0.0.Hp: Trace Attempt  5	[0.00 s]
0.0.N: Trace Attempt  5	[0.00 s]
0.0.N: Trace Attempt  1	[0.01 s]
0.0.N: Trace Attempt  2	[0.01 s]
0.0.N: Trace Attempt  3	[0.01 s]
0.0.N: Trace Attempt  4	[0.01 s]
0.0.N: Trace Attempt  5	[0.02 s]
0.0.B: Proofgrid shell started at 13960@vlsi-ria85(local) jg_13750_vlsi-ria85_1
0.0.B: clocks: 1, declared: 1, looping: 0, posedge: 1, negedge: 0, noedge: 0, bothedge: 0
0.0.B: Last scan. Per property time limit: 0s
0.0.B: Starting proof for property "Thermocouple.p1"	[0.00 s].
0.0.B: Trace Attempt  1	[0.00 s]
0.0.B: Trace Attempt  2	[0.00 s]
0.0.B: Trace Attempt  3	[0.00 s]
0.0.B: Trace Attempt  4	[0.00 s]
0.0.B: Trace Attempt  5	[0.00 s]
0.0.AM: Proofgrid shell started at 13961@vlsi-ria85(local) jg_13750_vlsi-ria85_1
0.0.Ht: Proofgrid shell started at 13958@vlsi-ria85(local) jg_13750_vlsi-ria85_1
0.0.Oh: Proofgrid shell started at 13959@vlsi-ria85(local) jg_13750_vlsi-ria85_1
0.0.Ht: clocks: 1, declared: 1, looping: 0, posedge: 1, negedge: 0, noedge: 0, bothedge: 0
0.0.Oh: clocks: 1, declared: 1, looping: 0, posedge: 1, negedge: 0, noedge: 0, bothedge: 0
0.0.AM: clocks: 1, declared: 1, looping: 0, posedge: 1, negedge: 0, noedge: 0, bothedge: 0
0.0.Ht: Last scan. Per property time limit: 0s
0.0.AM: Last scan. Per property time limit: 0s
0.0.AM: Starting proof for property "Thermocouple.p1"	[0.00 s].
0.0.Oh: Reached length limit (2147483647) [0.00 s]
0.0.Ht: Trace Attempt  1	[0.00 s]
0.0.Ht: Trace Attempt  2	[0.00 s]
0.0.Ht: Trace Attempt  3	[0.00 s]
0.0.Ht: Trace Attempt  4	[0.00 s]
0.0.AM: Trace Attempt  1	[0.00 s]
0.0.Ht: Trace Attempt  5	[0.00 s]
0.0.Oh: Exited with Success (@ 0.05 s)
0.0.AM: Trace Attempt  2	[0.00 s]
0.0.AM: Trace Attempt  3	[0.00 s]
0.0.AM: Trace Attempt  4	[0.00 s]
0.0.AM: Trace Attempt  5	[0.00 s]
0.0.AM: Trace Attempt  1	[0.00 s]
0.0.AM: Trace Attempt  2	[0.00 s]
0.0.AM: Trace Attempt  3	[0.00 s]
0.0.AM: Trace Attempt  4	[0.01 s]
0.0.AM: Trace Attempt  5	[0.01 s]
0.0.AM: Trace Attempt  1	[0.01 s]
0.0.AM: Trace Attempt  2	[0.01 s]
0.0.AM: Trace Attempt  3	[0.02 s]
0.0.AM: Trace Attempt  4	[0.02 s]
0.0.AM: Trace Attempt  5	[0.02 s]
0.0.AM: Trace Attempt  1	[0.04 s]
0.0.AM: Trace Attempt  2	[0.04 s]
0.0.AM: Trace Attempt  3	[0.04 s]
0.0.AM: Trace Attempt  4	[0.04 s]
0.0.AM: Trace Attempt  5	[0.04 s]
0.0.N: Trace Attempt  1	[0.11 s]
0.0.N: Trace Attempt  2	[0.11 s]
0.0.N: Trace Attempt  3	[0.11 s]
0.0.N: Trace Attempt  4	[0.12 s]
0.0.N: Trace Attempt  5	[0.12 s]
0.0.AM: Trace Attempt  1	[0.14 s]
0.0.AM: Trace Attempt  2	[0.14 s]
0.0.AM: Trace Attempt  3	[0.14 s]
0.0.AM: Trace Attempt  4	[0.14 s]
0.0.AM: Trace Attempt  5	[0.14 s]
0.0.N: Trace Attempt  1	[0.49 s]
0.0.N: Trace Attempt  2	[0.49 s]
0.0.N: Trace Attempt  3	[0.49 s]
0.0.N: Trace Attempt  4	[0.49 s]
0.0.N: Trace Attempt  5	[0.49 s]
0.0.AM: Trace Attempt  1	[0.49 s]
0.0.AM: Trace Attempt  2	[0.49 s]
0.0.AM: Trace Attempt  3	[0.49 s]
0.0.AM: Trace Attempt  4	[0.49 s]
0.0.AM: Trace Attempt  5	[0.49 s]
0.0.N: Trace Attempt  1	[2.28 s]
0.0.N: Trace Attempt  2	[2.28 s]
0.0.N: Trace Attempt  3	[2.28 s]
0.0.N: Trace Attempt  4	[2.29 s]
0.0.N: Trace Attempt  5	[2.29 s]
0.0.AM: Trace Attempt  1	[2.24 s]
0.0.AM: Trace Attempt  2	[2.25 s]
0.0.AM: Trace Attempt  3	[2.25 s]
0.0.AM: Trace Attempt  4	[2.25 s]
0.0.AM: Trace Attempt  5	[2.25 s]
0.0.B: Trace Attempt 1905	[4.00 s]
0.0.Ht: Trace Attempt 2040	[4.00 s]
0.0.Hp: Trace Attempt 471	[6.10 s]
0.0.AM: Trace Attempt 179	[6.27 s]
0.0.N: Trace Attempt 233	[6.44 s]
0.0.N: Trace Attempt  1	[6.89 s]
0.0.N: Trace Attempt  2	[6.89 s]
0.0.N: Trace Attempt  3	[6.89 s]
0.0.N: Trace Attempt  4	[6.90 s]
0.0.N: Trace Attempt  5	[6.90 s]
0.0.B: Trace Attempt 2624	[8.01 s]
0.0.Ht: Trace Attempt 2779	[8.00 s]
0.0.AM: Trace Attempt  1	[9.26 s]
0.0.AM: Trace Attempt  2	[9.27 s]
0.0.AM: Trace Attempt  3	[9.27 s]
0.0.AM: Trace Attempt  4	[9.27 s]
0.0.AM: Trace Attempt  5	[9.27 s]
0.0.N: Trace Attempt 182	[10.93 s]
0.0.Hp: Trace Attempt 477	[11.06 s]
0.0.B: Trace Attempt 3177	[12.01 s]
0.0.Ht: Trace Attempt 3356	[12.01 s]
0.0.N: Trace Attempt  1	[13.00 s]
0.0.N: Trace Attempt  2	[13.00 s]
0.0.N: Trace Attempt  3	[13.00 s]
0.0.N: Trace Attempt  4	[13.00 s]
0.0.N: Trace Attempt  5	[13.00 s]
0.0.AM: Trace Attempt 181	[13.32 s]
0.0.Hp: Trace Attempt 490	[15.90 s]
0.0.Ht: Trace Attempt 3849	[16.01 s]
0.0.B: Trace Attempt 3646	[16.02 s]
0.0.N: Trace Attempt 179	[17.00 s]
0.0.AM: Trace Attempt 245	[17.38 s]
0.0.N: Trace Attempt  1	[19.10 s]
0.0.N: Trace Attempt  2	[19.10 s]
0.0.N: Trace Attempt  3	[19.10 s]
0.0.N: Trace Attempt  4	[19.10 s]
0.0.N: Trace Attempt  5	[19.10 s]
0.0.Hp: Trace Attempt 498	[19.92 s]
0.0.B: Trace Attempt 4056	[20.02 s]
0.0.Ht: Trace Attempt 4275	[20.02 s]
0.0.AM: Trace Attempt 285	[21.38 s]
0.0.N: Trace Attempt 180	[23.16 s]
0.0.B: Trace Attempt 4447	[24.02 s]
0.0.Ht: Trace Attempt 4665	[24.03 s]
0.0.Hp: Trace Attempt 512	[25.29 s]
0.0.N: Trace Attempt  1	[25.30 s]
0.0.N: Trace Attempt  2	[25.31 s]
0.0.N: Trace Attempt  3	[25.31 s]
0.0.N: Trace Attempt  4	[25.31 s]
0.0.N: Trace Attempt  5	[25.31 s]
0.0.AM: Trace Attempt 335	[25.43 s]
0.0.B: Trace Attempt 4796	[28.03 s]
0.0.Ht: Trace Attempt 5024	[28.03 s]
0.0.N: Trace Attempt 179	[29.31 s]
0.0.AM: Trace Attempt 379	[29.44 s]
0.0.Hp: Trace Attempt 524	[31.14 s]
0.0.N: Trace Attempt  1	[31.50 s]
0.0.N: Trace Attempt  2	[31.50 s]
0.0.N: Trace Attempt  3	[31.50 s]
0.0.N: Trace Attempt  4	[31.50 s]
0.0.N: Trace Attempt  5	[31.50 s]
0.0.Ht: Trace Attempt 5359	[32.03 s]
0.0.B: Trace Attempt 5119	[32.04 s]
0.0.AM: Trace Attempt 428	[33.49 s]
0.0.Hp: Trace Attempt 539	[35.25 s]
0.0.N: Trace Attempt 178	[35.51 s]
0.0.Ht: Trace Attempt 5668	[36.04 s]
0.0.B: Trace Attempt 5420	[36.05 s]
0.0.AM: Trace Attempt 319	[37.49 s]
0.0.N: Trace Attempt  1	[37.86 s]
0.0.N: Trace Attempt  2	[37.87 s]
0.0.N: Trace Attempt  3	[37.87 s]
0.0.N: Trace Attempt  4	[37.87 s]
0.0.N: Trace Attempt  5	[37.87 s]
0.0.Hp: Trace Attempt 552	[39.38 s]
0.0.Ht: Trace Attempt 5933	[40.05 s]
0.0.B: Trace Attempt 5679	[40.06 s]
0.0.N: Trace Attempt 180	[41.95 s]
0.0.AM: Trace Attempt 513	[43.57 s]
0.0.AM: Trace Attempt  1	[43.68 s]
0.0.AM: Trace Attempt  2	[43.69 s]
0.0.AM: Trace Attempt  3	[43.69 s]
0.0.AM: Trace Attempt  4	[43.69 s]
0.0.AM: Trace Attempt  5	[43.71 s]
0.0.Hp: Trace Attempt 566	[43.94 s]
0.0.B: Trace Attempt 5907	[44.07 s]
0.0.N: Trace Attempt  1	[44.28 s]
0.0.N: Trace Attempt  2	[44.28 s]
0.0.N: Trace Attempt  3	[44.28 s]
0.0.N: Trace Attempt  4	[44.28 s]
0.0.N: Trace Attempt  5	[44.29 s]
0.0.AM: Trace Attempt 178	[47.71 s]
0.0.Hp: Trace Attempt 586	[48.28 s]
0.0.N: Trace Attempt 177	[48.35 s]
0.0.N: Trace Attempt  1	[50.61 s]
0.0.N: Trace Attempt  2	[50.61 s]
0.0.N: Trace Attempt  3	[50.61 s]
0.0.N: Trace Attempt  4	[50.62 s]
0.0.N: Trace Attempt  5	[50.62 s]
0.0.AM: Trace Attempt 238	[51.74 s]
0.0.Hp: Trace Attempt 602	[52.39 s]
0.0.Ht: Trace Attempt 6005	[53.13 s]
0.0.N: Trace Attempt 180	[54.66 s]
0.0.AM: Trace Attempt 287	[55.77 s]
0.0.Hp: Trace Attempt 616	[56.85 s]
0.0.N: Trace Attempt  1	[57.02 s]
0.0.N: Trace Attempt  2	[57.02 s]
0.0.N: Trace Attempt  3	[57.02 s]
0.0.N: Trace Attempt  4	[57.02 s]
0.0.N: Trace Attempt  5	[57.02 s]
0.0.B: Trace Attempt 6003	[59.16 s]
0.0.AM: Trace Attempt 335	[59.82 s]
0.0.Ht: Trace Attempt 6955	[60.91 s]
0.0.N: Trace Attempt 180	[61.08 s]
0.0.Hp: Trace Attempt 628	[61.29 s]
0.0.N: Trace Attempt  1	[63.42 s]
0.0.N: Trace Attempt  2	[63.42 s]
0.0.N: Trace Attempt  3	[63.42 s]
0.0.N: Trace Attempt  4	[63.42 s]
0.0.N: Trace Attempt  5	[63.42 s]
0.0.B: Trace Attempt 6018	[63.69 s]
0.0.AM: Trace Attempt 385	[63.90 s]
0.0.Ht: Trace Attempt 7798	[64.91 s]
0.0.Hp: Trace Attempt 644	[66.33 s]
0.0.N: Trace Attempt 179	[67.44 s]
0.0.AM: Trace Attempt 433	[67.94 s]
0.0.Ht: Trace Attempt 8401	[68.91 s]
0.0.N: Trace Attempt  1	[69.86 s]
0.0.N: Trace Attempt  2	[69.86 s]
0.0.N: Trace Attempt  3	[69.86 s]
0.0.N: Trace Attempt  4	[69.86 s]
0.0.N: Trace Attempt  5	[69.87 s]
0.0.Hp: Trace Attempt 658	[70.62 s]
0.0.B: Trace Attempt 6019	[70.74 s]
0.0.AM: Trace Attempt 452	[72.17 s]
0.0.Ht: Trace Attempt 8811	[72.98 s]
0.0.N: Trace Attempt 179	[73.88 s]
0.0.Hp: Trace Attempt 672	[74.73 s]
0.0.N: Trace Attempt  1	[76.14 s]
0.0.N: Trace Attempt  2	[76.14 s]
0.0.N: Trace Attempt  3	[76.14 s]
0.0.N: Trace Attempt  4	[76.14 s]
0.0.N: Trace Attempt  5	[76.14 s]
0.0.AM: Trace Attempt 464	[76.24 s]
0.0.Ht: Trace Attempt 9550	[76.98 s]
0.0.B: Trace Attempt 6023	[77.19 s]
0.0.N: Trace Attempt 179	[80.16 s]
0.0.AM: Trace Attempt 486	[80.31 s]
0.0.Hp: Trace Attempt 677	[81.02 s]
0.0.Ht: Trace Attempt 10113	[80.99 s]
0.0.B: Trace Attempt 6359	[81.19 s]
0.0.N: Trace Attempt  1	[82.92 s]
0.0.N: Trace Attempt  2	[82.92 s]
0.0.N: Trace Attempt  3	[82.92 s]
0.0.N: Trace Attempt  4	[82.92 s]
0.0.N: Trace Attempt  5	[82.92 s]
0.0.AM: Trace Attempt 503	[84.31 s]
0.0.Ht: Trace Attempt 10574	[84.99 s]
0.0.B: Trace Attempt 6750	[85.20 s]
0.0.Hp: Trace Attempt 692	[85.31 s]
0.0.N: Trace Attempt 186	[86.95 s]
0.0.AM: Trace Attempt 521	[88.34 s]
0.0.Ht: Trace Attempt 10984	[88.99 s]
0.0.B: Trace Attempt 7090	[89.22 s]
0.0.Hp: Trace Attempt 702	[90.00 s]
0.0.N: Trace Attempt 247	[91.08 s]
0.0.AM: Trace Attempt 540	[92.86 s]
0.0.Ht: Trace Attempt 11358	[93.00 s]
0.0.B: Trace Attempt 7387	[93.22 s]
0.0.Hp: Trace Attempt 711	[94.34 s]
0.0.N: Trace Attempt 286	[95.16 s]
0.0.AM: Trace Attempt 559	[96.95 s]
0.0.Ht: Trace Attempt 11703	[97.00 s]
0.0.B: Trace Attempt 7658	[97.22 s]
0.0.Hp: Trace Attempt 717	[98.63 s]
0.0.N: Trace Attempt 323	[99.19 s]
0.0.Ht: Trace Attempt 12022	[101.01 s]
0.0.AM: Trace Attempt 575	[101.21 s]
0.0.B: Trace Attempt 7902	[101.24 s]
0.0.N: Trace Attempt 361	[103.24 s]
0.0.Hp: Trace Attempt 720	[103.50 s]
0.0.Ht: Trace Attempt 12302	[105.02 s]
0.0.B: Trace Attempt 8114	[105.24 s]
0.0.AM: Trace Attempt 590	[105.40 s]
0.0.N: Trace Attempt 400	[107.25 s]
0.0.Hp: Trace Attempt 739	[108.13 s]
0.0.Ht: Trace Attempt 12579	[109.02 s]
0.0.B: Trace Attempt 8322	[109.25 s]
0.0.AM: Trace Attempt 605	[109.45 s]
0.0.N: Trace Attempt 443	[111.25 s]
0.0.Ht: Trace Attempt 12858	[113.03 s]
0.0.B: Trace Attempt 8516	[113.25 s]
0.0.AM: Trace Attempt 619	[113.46 s]
0.0.Hp: Trace Attempt 751	[113.58 s]
0.0.N: Trace Attempt 461	[115.31 s]
0.0.Ht: Trace Attempt 13161	[117.03 s]
0.0.N: Trace Attempt  1	[117.18 s]
0.0.N: Trace Attempt  2	[117.18 s]
0.0.N: Trace Attempt  3	[117.18 s]
0.0.N: Trace Attempt  4	[117.18 s]
0.0.N: Trace Attempt  5	[117.18 s]
0.0.B: Trace Attempt 8694	[117.26 s]
0.0.AM: Trace Attempt 632	[117.52 s]
0.0.Hp: Trace Attempt 762	[118.06 s]
0.0.Ht: Trace Attempt 13462	[121.04 s]
0.0.N: Trace Attempt 175	[121.24 s]
0.0.B: Trace Attempt 8870	[121.27 s]
0.0.AM: Trace Attempt 647	[121.64 s]
0.0.Ht: Trace Attempt 13745	[125.05 s]
0.0.N: Trace Attempt 244	[125.27 s]
0.0.B: Trace Attempt 9043	[125.27 s]
0.0.AM: Trace Attempt 661	[125.77 s]
0.0.Ht: Trace Attempt 14015	[129.05 s]
0.0.B: Trace Attempt 9210	[129.28 s]
0.0.N: Trace Attempt 283	[129.32 s]
0.0.AM: Trace Attempt 674	[130.09 s]
0.0.Hp: Trace Attempt 770	[132.54 s]
0.0.Ht: Trace Attempt 14272	[133.05 s]
0.0.B: Trace Attempt 9370	[133.28 s]
0.0.N: Trace Attempt 332	[133.39 s]
0.0.AM: Trace Attempt 686	[134.30 s]
0.0.Hp: Trace Attempt 783	[136.67 s]
0.0.Ht: Trace Attempt 14514	[137.06 s]
0.0.B: Trace Attempt 9523	[137.30 s]
0.0.N: Trace Attempt 365	[137.45 s]
0.0.AM: Trace Attempt 699	[138.35 s]
0.0.Ht: Trace Attempt 14744	[141.06 s]
0.0.Hp: Trace Attempt 792	[141.10 s]
0.0.B: Trace Attempt 9670	[141.31 s]
0.0.N: Trace Attempt 405	[141.53 s]
0.0.AM: Trace Attempt 714	[142.46 s]
0.0.Ht: Trace Attempt 14964	[145.07 s]
0.0.B: Trace Attempt 9812	[145.31 s]
0.0.Hp: Trace Attempt 803	[145.68 s]
0.0.N: Trace Attempt 444	[145.69 s]
0.0.AM: Trace Attempt 727	[146.55 s]
0.0.B: Trace Attempt 9950	[149.33 s]
0.0.Hp: Trace Attempt 813	[149.90 s]
0.0.AM: Trace Attempt 741	[150.74 s]
0.0.N: Trace Attempt 470	[150.93 s]
0.0.N: Trace Attempt  1	[150.94 s]
0.0.N: Trace Attempt  2	[150.94 s]
0.0.N: Trace Attempt  3	[150.94 s]
0.0.N: Trace Attempt  4	[150.94 s]
0.0.N: Trace Attempt  5	[150.94 s]
0.0.B: Trace Attempt 10098	[153.37 s]
0.0.AM: Trace Attempt 755	[154.92 s]
0.0.N: Trace Attempt 175	[154.97 s]
0.0.Hp: Trace Attempt 824	[156.13 s]
0.0.B: Trace Attempt 10243	[157.38 s]
0.0.N: Trace Attempt 245	[159.04 s]
0.0.AM: Trace Attempt 769	[159.10 s]
0.0.Hp: Trace Attempt 835	[161.18 s]
0.0.B: Trace Attempt 10388	[161.38 s]
0.0.N: Trace Attempt 285	[163.06 s]
0.0.AM: Trace Attempt 782	[163.25 s]
0.0.Hp: Trace Attempt 842	[165.27 s]
0.0.B: Trace Attempt 10532	[165.39 s]
0.0.N: Trace Attempt 335	[167.09 s]
0.0.AM: Trace Attempt 795	[167.33 s]
0.0.Ht: Trace Attempt 15172	[168.46 s]
0.0.B: Trace Attempt 10662	[169.40 s]
0.0.Hp: Trace Attempt 850	[170.21 s]
0.0.N: Trace Attempt 367	[171.21 s]
0.0.AM: Trace Attempt 806	[171.41 s]
0.0.Ht: Trace Attempt 15552	[172.46 s]
0.0.B: Trace Attempt 10778	[173.44 s]
0.0.Hp: Trace Attempt 854	[174.43 s]
0.0.N: Trace Attempt 407	[175.35 s]
0.0.AM: Trace Attempt 818	[175.59 s]
0.0.Ht: Trace Attempt 15904	[176.47 s]
0.0.B: Trace Attempt 10892	[177.46 s]
0.0.Hp: Trace Attempt 871	[178.77 s]
0.0.N: Trace Attempt 444	[179.35 s]
0.0.AM: Trace Attempt 830	[179.81 s]
0.0.Ht: Trace Attempt 16223	[180.47 s]
0.0.N: Trace Attempt 460	[180.99 s]
0.0.N: Stopped processing property "Thermocouple.p1"	[181.12 s].
0.0.N: Morphing to Ncustom1
0.0.Tri: Proofgrid shell started at 19215@vlsi-ria85(local) jg_13750_vlsi-ria85_1
0.0.Tri: clocks: 1, declared: 1, looping: 0, posedge: 1, negedge: 0, noedge: 0, bothedge: 0
0.0.N: All properties determined. [0.00 s]
0.0.N: Exited with Success (@ 0.00 s)
0.0.Ncustom1: clocks: 1, declared: 1, looping: 0, posedge: 1, negedge: 0, noedge: 0, bothedge: 0
0.0.Ncustom1: Starting proof for property "Thermocouple.p1"	[0.00 s].
0.0.Tri: Last scan. Per property time limit: 0s
0.0.Tri: Starting proof for property "Thermocouple.p1"	[0.00 s].
0.0.Tri: Trace Attempt  1	[0.00 s]
0.0.Tri:    0.00" ---- Launching main thread ----
0.0.Ncustom1: Trace Attempt 469	[0.06 s]
0.0.AM: Trace Attempt 833	[180.82 s]
0.0.AM: Stopped processing property "Thermocouple.p1"	[181.19 s].
0.0.AM: Morphing to AMcustom3
0.0.Tri:    0.04" ---- Launching abstraction thread ----
0.0.Tri:    0.06" ---- Launching multi-phase simplification thread ----
0.0.Tri:    0.08" ---- Launching liveness simplification thread ----
0.0.AM: All properties determined. [0.00 s]
0.0.AM: Exited with Success (@ 0.00 s)
0.0.AMcustom3: clocks: 1, declared: 1, looping: 0, posedge: 1, negedge: 0, noedge: 0, bothedge: 0
0.0.AMcustom3: Starting proof for property "Thermocouple.p1"	[0.00 s].
0.0.AMcustom3: Trace Attempt  1	[0.00 s]
0.0.AMcustom3: Trace Attempt  2	[0.00 s]
0.0.AMcustom3: Trace Attempt  3	[0.00 s]
0.0.AMcustom3: Trace Attempt  4	[0.00 s]
0.0.AMcustom3: Trace Attempt  5	[0.00 s]
0.0.AMcustom3: Trace Attempt  1	[0.00 s]
0.0.AMcustom3: Trace Attempt  2	[0.00 s]
0.0.AMcustom3: Trace Attempt  3	[0.00 s]
0.0.AMcustom3: Trace Attempt  4	[0.01 s]
0.0.AMcustom3: Trace Attempt  5	[0.01 s]
0.0.AMcustom3: Trace Attempt  1	[0.01 s]
0.0.AMcustom3: Trace Attempt  2	[0.01 s]
0.0.AMcustom3: Trace Attempt  3	[0.02 s]
0.0.AMcustom3: Trace Attempt  4	[0.02 s]
0.0.AMcustom3: Trace Attempt  5	[0.02 s]
0.0.B: Trace Attempt 10987	[181.03 s]
0.0.B: Stopped processing property "Thermocouple.p1"	[181.28 s].
0.0.B: Morphing to Bcustom2
0.0.AMcustom3: Trace Attempt  1	[0.04 s]
0.0.AMcustom3: Trace Attempt  2	[0.04 s]
0.0.AMcustom3: Trace Attempt  3	[0.04 s]
0.0.B: All properties determined. [0.00 s]
0.0.B: Exited with Success (@ 0.00 s)
0.0.AMcustom3: Trace Attempt  4	[0.05 s]
0.0.Bcustom2: clocks: 1, declared: 1, looping: 0, posedge: 1, negedge: 0, noedge: 0, bothedge: 0
0.0.Bcustom2: Starting proof for property "Thermocouple.p1"	[0.00 s].
0.0.Bcustom2: Trace Attempt  1	[0.00 s]
0.0.Bcustom2: Trace Attempt  2	[0.00 s]
0.0.Bcustom2: Trace Attempt  1	[0.00 s]
0.0.Bcustom2: Trace Attempt  2	[0.00 s]
0.0.Bcustom2: Trace Attempt  3	[0.00 s]
0.0.Bcustom2: Trace Attempt  4	[0.00 s]
0.0.Bcustom2: Trace Attempt  5	[0.00 s]
0.0.Bcustom2: Trace Attempt  1	[0.00 s]
0.0.Bcustom2: Trace Attempt  2	[0.00 s]
0.0.Bcustom2: Trace Attempt  3	[0.00 s]
0.0.Bcustom2: Trace Attempt  4	[0.00 s]
0.0.Bcustom2: Trace Attempt  5	[0.00 s]
0.0.Bcustom2: Trace Attempt  1	[0.01 s]
0.0.Bcustom2: Trace Attempt  2	[0.01 s]
0.0.Bcustom2: Trace Attempt  3	[0.01 s]
0.0.Bcustom2: Trace Attempt  4	[0.01 s]
0.0.Bcustom2: Trace Attempt  5	[0.01 s]
0.0.AMcustom3: Trace Attempt  5	[0.05 s]
0.0.Bcustom2: Trace Attempt  1	[0.01 s]
0.0.Bcustom2: Trace Attempt  2	[0.01 s]
0.0.Bcustom2: Trace Attempt  3	[0.01 s]
0.0.Bcustom2: Trace Attempt  4	[0.01 s]
0.0.Bcustom2: Trace Attempt  5	[0.01 s]
0.0.Bcustom2: Trace Attempt  1	[0.02 s]
0.0.Bcustom2: Trace Attempt  2	[0.02 s]
0.0.Bcustom2: Trace Attempt  3	[0.02 s]
0.0.Bcustom2: Trace Attempt  4	[0.02 s]
0.0.Bcustom2: Trace Attempt  5	[0.02 s]
0.0.Bcustom2: Trace Attempt  1	[0.04 s]
0.0.Bcustom2: Trace Attempt  2	[0.04 s]
0.0.Bcustom2: Trace Attempt  3	[0.04 s]
0.0.Bcustom2: Trace Attempt  4	[0.04 s]
0.0.Bcustom2: Trace Attempt  5	[0.04 s]
0.0.Bcustom2: Trace Attempt  1	[0.10 s]
0.0.Bcustom2: Trace Attempt  2	[0.10 s]
0.0.Bcustom2: Trace Attempt  3	[0.10 s]
0.0.Bcustom2: Trace Attempt  4	[0.10 s]
0.0.Bcustom2: Trace Attempt  5	[0.10 s]
0.0.AMcustom3: Trace Attempt  1	[0.15 s]
0.0.AMcustom3: Trace Attempt  2	[0.15 s]
0.0.AMcustom3: Trace Attempt  3	[0.15 s]
0.0.AMcustom3: Trace Attempt  4	[0.15 s]
0.0.AMcustom3: Trace Attempt  5	[0.15 s]
0.0.Bcustom2: Trace Attempt  1	[0.23 s]
0.0.Bcustom2: Trace Attempt  2	[0.23 s]
0.0.Bcustom2: Trace Attempt  3	[0.23 s]
0.0.Bcustom2: Trace Attempt  4	[0.23 s]
0.0.Bcustom2: Trace Attempt  5	[0.23 s]
0.0.AMcustom3: Trace Attempt  1	[0.55 s]
0.0.AMcustom3: Trace Attempt  2	[0.55 s]
0.0.AMcustom3: Trace Attempt  3	[0.55 s]
0.0.AMcustom3: Trace Attempt  4	[0.56 s]
0.0.AMcustom3: Trace Attempt  5	[0.56 s]
0.0.Bcustom2: Trace Attempt  1	[0.70 s]
0.0.Bcustom2: Trace Attempt  2	[0.70 s]
0.0.Bcustom2: Trace Attempt  3	[0.70 s]
0.0.Bcustom2: Trace Attempt  4	[0.70 s]
0.0.Bcustom2: Trace Attempt  5	[0.70 s]
0.0.AMcustom3: Trace Attempt 45	[0.78 s]
0.0.AMcustom3: Stopped processing property "Thermocouple.p1"	[0.78 s].
0.0.AMcustom3: Morphing to M
0.0.AMcustom3: All properties determined. [0.00 s]
0.0.AMcustom3: Exited with Success (@ 0.00 s)
0.0.Bcustom2: Trace Attempt 240	[0.74 s]
0.0.Bcustom2: Stopped processing property "Thermocouple.p1"	[0.75 s].
0.0.Bcustom2: Morphing to D
0.0.Bcustom2: All properties determined. [0.00 s]
0.0.Bcustom2: Exited with Success (@ 0.00 s)
0.0.M: clocks: 1, declared: 1, looping: 0, posedge: 1, negedge: 0, noedge: 0, bothedge: 0
0.0.M: Starting proof for property "Thermocouple.p1"	[0.00 s].
0.0.M: Trace Attempt  1	[0.00 s]
0.0.D: clocks: 1, declared: 1, looping: 0, posedge: 1, negedge: 0, noedge: 0, bothedge: 0
0.0.M: Trace Attempt  2	[0.00 s]
0.0.M: Trace Attempt  3	[0.00 s]
0.0.D: Starting proof for property "Thermocouple.p1"	[0.00 s].
0.0.D: Trace Attempt  1	[0.00 s]
0.0.D: Trace Attempt  2	[0.00 s]
0.0.D: Trace Attempt  4	[0.00 s]
0.0.M: Trace Attempt  4	[0.00 s]
0.0.Tri: Stopped processing property "Thermocouple.p1"	[0.93 s].
0.0.M: Trace Attempt  5	[0.01 s]
0.0.Tri: Morphing to AMcustom5
0.0.Tri: All properties determined. [0.00 s]
0.0.Tri: Exited with Success (@ 0.00 s)
0.0.AMcustom5: clocks: 1, declared: 1, looping: 0, posedge: 1, negedge: 0, noedge: 0, bothedge: 0
0.0.AMcustom5: Starting proof for property "Thermocouple.p1"	[0.00 s].
0.0.AMcustom5: Trace Attempt  1	[0.00 s]
0.0.AMcustom5: Trace Attempt  2	[0.00 s]
0.0.AMcustom5: Trace Attempt  1	[0.00 s]
0.0.AMcustom5: Trace Attempt  2	[0.00 s]
0.0.AMcustom5: Trace Attempt  3	[0.00 s]
0.0.AMcustom5: Trace Attempt  4	[0.00 s]
0.0.AMcustom5: Trace Attempt  5	[0.00 s]
0.0.AMcustom5: Trace Attempt  1	[0.01 s]
0.0.AMcustom5: Trace Attempt  2	[0.01 s]
0.0.AMcustom5: Trace Attempt  3	[0.01 s]
0.0.AMcustom5: Trace Attempt  4	[0.01 s]
0.0.AMcustom5: Trace Attempt  5	[0.01 s]
0.0.AMcustom5: Trace Attempt  1	[0.01 s]
0.0.AMcustom5: Trace Attempt  2	[0.01 s]
0.0.AMcustom5: Trace Attempt  3	[0.01 s]
0.0.AMcustom5: Trace Attempt  4	[0.01 s]
0.0.AMcustom5: Trace Attempt  5	[0.01 s]
0.0.AMcustom5: Trace Attempt  1	[0.01 s]
0.0.AMcustom5: Trace Attempt  2	[0.01 s]
0.0.AMcustom5: Trace Attempt  3	[0.01 s]
0.0.AMcustom5: Trace Attempt  4	[0.02 s]
0.0.AMcustom5: Trace Attempt  5	[0.02 s]
0.0.AMcustom5: Trace Attempt  1	[0.02 s]
0.0.AMcustom5: Trace Attempt  2	[0.02 s]
0.0.AMcustom5: Trace Attempt  3	[0.02 s]
0.0.AMcustom5: Trace Attempt  4	[0.02 s]
0.0.AMcustom5: Trace Attempt  1	[0.02 s]
0.0.AMcustom5: Trace Attempt  2	[0.03 s]
0.0.AMcustom5: Trace Attempt  3	[0.03 s]
0.0.AMcustom5: Trace Attempt  4	[0.03 s]
0.0.AMcustom5: Trace Attempt  5	[0.03 s]
0.0.AMcustom5: Trace Attempt  1	[0.06 s]
0.0.AMcustom5: Trace Attempt  2	[0.06 s]
0.0.AMcustom5: Trace Attempt  3	[0.06 s]
0.0.AMcustom5: Trace Attempt  4	[0.06 s]
0.0.AMcustom5: Trace Attempt  5	[0.06 s]
0.0.AMcustom5: Trace Attempt  1	[0.06 s]
0.0.AMcustom5: Trace Attempt  2	[0.06 s]
0.0.AMcustom5: Trace Attempt  3	[0.06 s]
0.0.AMcustom5: Trace Attempt  4	[0.06 s]
0.0.AMcustom5: Trace Attempt  1	[0.07 s]
0.0.AMcustom5: Trace Attempt  2	[0.07 s]
0.0.AMcustom5: Trace Attempt  3	[0.07 s]
0.0.AMcustom5: Trace Attempt  4	[0.07 s]
0.0.AMcustom5: Trace Attempt  5	[0.07 s]
0.0.AMcustom5: Trace Attempt  1	[0.09 s]
0.0.AMcustom5: Trace Attempt  2	[0.09 s]
0.0.AMcustom5: Trace Attempt  3	[0.09 s]
0.0.AMcustom5: Trace Attempt  4	[0.09 s]
0.0.AMcustom5: Trace Attempt  5	[0.09 s]
0.0.AMcustom5: Trace Attempt  1	[0.17 s]
0.0.AMcustom5: Trace Attempt  2	[0.17 s]
0.0.AMcustom5: Trace Attempt  3	[0.17 s]
0.0.AMcustom5: Trace Attempt  4	[0.17 s]
0.0.AMcustom5: Trace Attempt  5	[0.17 s]
0.0.AMcustom5: Trace Attempt  1	[0.17 s]
0.0.AMcustom5: Trace Attempt  2	[0.17 s]
0.0.AMcustom5: Trace Attempt  3	[0.17 s]
0.0.AMcustom5: Trace Attempt  4	[0.17 s]
0.0.AMcustom5: Trace Attempt  5	[0.18 s]
0.0.AMcustom5: Trace Attempt  1	[0.18 s]
0.0.AMcustom5: Trace Attempt  2	[0.18 s]
0.0.AMcustom5: Trace Attempt  3	[0.18 s]
0.0.AMcustom5: Trace Attempt  4	[0.18 s]
0.0.AMcustom5: Trace Attempt  5	[0.18 s]
0.0.AMcustom5: Trace Attempt  1	[0.20 s]
0.0.AMcustom5: Trace Attempt  2	[0.21 s]
0.0.AMcustom5: Trace Attempt  3	[0.21 s]
0.0.AMcustom5: Trace Attempt  4	[0.21 s]
0.0.AMcustom5: Trace Attempt  5	[0.21 s]
0.0.AMcustom5: Trace Attempt  1	[0.31 s]
0.0.AMcustom5: Trace Attempt  2	[0.31 s]
0.0.AMcustom5: Trace Attempt  3	[0.31 s]
0.0.AMcustom5: Trace Attempt  4	[0.31 s]
0.0.AMcustom5: Trace Attempt  5	[0.31 s]
0.0.Ncustom1: Trace Attempt  1	[1.59 s]
0.0.Ncustom1: Trace Attempt  2	[1.59 s]
0.0.Ncustom1: Trace Attempt  3	[1.59 s]
0.0.Ncustom1: Trace Attempt  4	[1.59 s]
0.0.Ncustom1: Trace Attempt  5	[1.59 s]
0.0.AMcustom5: Trace Attempt  1	[0.68 s]
0.0.AMcustom5: Trace Attempt  2	[0.68 s]
0.0.AMcustom5: Trace Attempt  3	[0.68 s]
0.0.AMcustom5: Trace Attempt  4	[0.68 s]
0.0.AMcustom5: Trace Attempt  5	[0.68 s]
0.0.AMcustom5: Trace Attempt  1	[0.68 s]
0.0.AMcustom5: Trace Attempt  2	[0.68 s]
0.0.AMcustom5: Trace Attempt  3	[0.68 s]
0.0.AMcustom5: Trace Attempt  4	[0.68 s]
0.0.AMcustom5: Trace Attempt  5	[0.68 s]
0.0.AMcustom5: Trace Attempt  1	[0.69 s]
0.0.AMcustom5: Trace Attempt  2	[0.69 s]
0.0.AMcustom5: Trace Attempt  3	[0.69 s]
0.0.AMcustom5: Trace Attempt  4	[0.69 s]
0.0.AMcustom5: Trace Attempt  5	[0.69 s]
0.0.AMcustom5: Trace Attempt  1	[0.71 s]
0.0.AMcustom5: Trace Attempt  2	[0.71 s]
0.0.AMcustom5: Trace Attempt  3	[0.71 s]
0.0.AMcustom5: Trace Attempt  4	[0.71 s]
0.0.AMcustom5: Trace Attempt  5	[0.71 s]
0.0.AMcustom5: Trace Attempt  1	[0.82 s]
0.0.AMcustom5: Trace Attempt  2	[0.82 s]
0.0.AMcustom5: Trace Attempt  3	[0.82 s]
0.0.AMcustom5: Trace Attempt  4	[0.82 s]
0.0.AMcustom5: Trace Attempt  5	[0.82 s]
0.0.AMcustom5: Trace Attempt  1	[1.18 s]
0.0.AMcustom5: Trace Attempt  2	[1.18 s]
0.0.AMcustom5: Trace Attempt  3	[1.18 s]
0.0.AMcustom5: Trace Attempt  4	[1.18 s]
0.0.AMcustom5: Trace Attempt  5	[1.19 s]
0.0.Hp: Trace Attempt 883	[184.19 s]
0.0.D: Trace Attempt 64	[0.92 s]
0.0.D: Stopped processing property "Thermocouple.p1"	[2.27 s].
0.0.D: Morphing to AMcustom3
0.0.D: All properties determined. [0.00 s]
0.0.D: Exited with Success (@ 0.00 s)
0.0.AMcustom3: clocks: 1, declared: 1, looping: 0, posedge: 1, negedge: 0, noedge: 0, bothedge: 0
0.0.AMcustom3: Starting proof for property "Thermocouple.p1"	[0.00 s].
0.0.AMcustom3: Trace Attempt  1	[0.00 s]
0.0.AMcustom3: Trace Attempt  2	[0.00 s]
0.0.AMcustom3: Trace Attempt  3	[0.00 s]
0.0.AMcustom3: Trace Attempt  4	[0.00 s]
0.0.Ncustom1: Trace Attempt 119	[3.17 s]
0.0.Ncustom1: Stopped processing property "Thermocouple.p1"	[3.20 s].
0.0.Ncustom1: Morphing to Bcustom2
0.0.Ncustom1: All properties determined. [0.00 s]
0.0.Ncustom1: Exited with Success (@ 0.00 s)
0.0.AMcustom3: Trace Attempt  5	[0.00 s]
0.0.AMcustom3: Trace Attempt  1	[0.00 s]
0.0.AMcustom3: Trace Attempt  2	[0.00 s]
0.0.AMcustom3: Trace Attempt  3	[0.00 s]
0.0.AMcustom3: Trace Attempt  4	[0.01 s]
0.0.AMcustom3: Trace Attempt  5	[0.01 s]
0.0.Bcustom2: clocks: 1, declared: 1, looping: 0, posedge: 1, negedge: 0, noedge: 0, bothedge: 0
0.0.Bcustom2: Starting proof for property "Thermocouple.p1"	[0.00 s].
0.0.Bcustom2: Trace Attempt  1	[0.00 s]
0.0.Bcustom2: Trace Attempt  2	[0.00 s]
0.0.Bcustom2: Trace Attempt  1	[0.00 s]
0.0.Bcustom2: Trace Attempt  2	[0.00 s]
0.0.Bcustom2: Trace Attempt  3	[0.00 s]
0.0.Bcustom2: Trace Attempt  4	[0.00 s]
0.0.Bcustom2: Trace Attempt  5	[0.00 s]
0.0.Bcustom2: Trace Attempt  1	[0.00 s]
0.0.Bcustom2: Trace Attempt  2	[0.00 s]
0.0.Bcustom2: Trace Attempt  3	[0.00 s]
0.0.Bcustom2: Trace Attempt  4	[0.00 s]
0.0.Bcustom2: Trace Attempt  5	[0.00 s]
0.0.Bcustom2: Trace Attempt  1	[0.01 s]
0.0.Bcustom2: Trace Attempt  2	[0.01 s]
0.0.Bcustom2: Trace Attempt  3	[0.01 s]
0.0.Bcustom2: Trace Attempt  4	[0.01 s]
0.0.Bcustom2: Trace Attempt  5	[0.01 s]
0.0.Bcustom2: Trace Attempt  1	[0.01 s]
0.0.Bcustom2: Trace Attempt  2	[0.01 s]
0.0.Bcustom2: Trace Attempt  3	[0.01 s]
0.0.Bcustom2: Trace Attempt  4	[0.01 s]
0.0.Bcustom2: Trace Attempt  5	[0.01 s]
0.0.AMcustom3: Trace Attempt  1	[0.01 s]
0.0.AMcustom3: Trace Attempt  2	[0.02 s]
0.0.AMcustom3: Trace Attempt  3	[0.02 s]
0.0.AMcustom3: Trace Attempt  4	[0.02 s]
0.0.AMcustom3: Trace Attempt  5	[0.02 s]
0.0.AMcustom5: Trace Attempt 99	[2.26 s]
0.0.AMcustom5: Stopped processing property "Thermocouple.p1"	[2.27 s].
0.0.AMcustom5: Morphing to ADcustom7
0.0.AMcustom5: All properties determined. [0.00 s]
0.0.AMcustom5: Exited with Success (@ 0.00 s)
0.0.ADcustom7: clocks: 1, declared: 1, looping: 0, posedge: 1, negedge: 0, noedge: 0, bothedge: 0
0.0.ADcustom7: Starting proof for property "Thermocouple.p1"	[0.00 s].
0.0.ADcustom7: Trace Attempt  1	[0.00 s]
0.0.ADcustom7: Trace Attempt  2	[0.00 s]
0.0.ADcustom7: Trace Attempt  1	[0.00 s]
0.0.ADcustom7: Trace Attempt  2	[0.00 s]
0.0.ADcustom7: Trace Attempt  3	[0.00 s]
0.0.ADcustom7: Trace Attempt  4	[0.00 s]
0.0.ADcustom7: Trace Attempt  5	[0.00 s]
0.0.ADcustom7: Trace Attempt  1	[0.00 s]
0.0.Bcustom2: Trace Attempt  1	[0.02 s]
0.0.Bcustom2: Trace Attempt  2	[0.02 s]
0.0.Bcustom2: Trace Attempt  3	[0.02 s]
0.0.Bcustom2: Trace Attempt  4	[0.02 s]
0.0.Bcustom2: Trace Attempt  5	[0.02 s]
0.0.ADcustom7: Trace Attempt  2	[0.00 s]
0.0.ADcustom7: Trace Attempt  3	[0.00 s]
0.0.ADcustom7: Trace Attempt  4	[0.00 s]
0.0.ADcustom7: Trace Attempt  5	[0.00 s]
0.0.ADcustom7: Trace Attempt  1	[0.00 s]
0.0.ADcustom7: Trace Attempt  2	[0.00 s]
0.0.ADcustom7: Trace Attempt  3	[0.01 s]
0.0.ADcustom7: Trace Attempt  4	[0.01 s]
0.0.ADcustom7: Trace Attempt  1	[0.01 s]
0.0.ADcustom7: Trace Attempt  2	[0.01 s]
0.0.ADcustom7: Trace Attempt  3	[0.01 s]
0.0.ADcustom7: Trace Attempt  4	[0.01 s]
0.0.ADcustom7: Trace Attempt  5	[0.01 s]
0.0.ADcustom7: Trace Attempt  1	[0.02 s]
0.0.ADcustom7: Trace Attempt  2	[0.02 s]
0.0.ADcustom7: Trace Attempt  3	[0.02 s]
0.0.ADcustom7: Trace Attempt  4	[0.02 s]
0.0.AMcustom3: Trace Attempt  1	[0.04 s]
0.0.AMcustom3: Trace Attempt  2	[0.05 s]
0.0.AMcustom3: Trace Attempt  3	[0.05 s]
0.0.AMcustom3: Trace Attempt  4	[0.05 s]
0.0.AMcustom3: Trace Attempt  5	[0.05 s]
0.0.ADcustom7: Trace Attempt  1	[0.03 s]
0.0.Bcustom2: Trace Attempt  1	[0.04 s]
0.0.Bcustom2: Trace Attempt  2	[0.04 s]
0.0.Bcustom2: Trace Attempt  3	[0.04 s]
0.0.Bcustom2: Trace Attempt  4	[0.04 s]
0.0.Bcustom2: Trace Attempt  5	[0.04 s]
0.0.ADcustom7: Trace Attempt  2	[0.03 s]
0.0.ADcustom7: Trace Attempt  3	[0.03 s]
0.0.ADcustom7: Trace Attempt  4	[0.03 s]
0.0.ADcustom7: Trace Attempt  1	[0.06 s]
0.0.ADcustom7: Trace Attempt  2	[0.06 s]
0.0.ADcustom7: Trace Attempt  3	[0.06 s]
0.0.ADcustom7: Trace Attempt  4	[0.06 s]
0.0.ADcustom7: Trace Attempt  5	[0.06 s]
0.0.ADcustom7: Trace Attempt  1	[0.06 s]
0.0.ADcustom7: Trace Attempt  2	[0.06 s]
0.0.ADcustom7: Trace Attempt  3	[0.06 s]
0.0.ADcustom7: Trace Attempt  4	[0.06 s]
0.0.ADcustom7: Trace Attempt  1	[0.07 s]
0.0.ADcustom7: Trace Attempt  2	[0.07 s]
0.0.ADcustom7: Trace Attempt  3	[0.07 s]
0.0.ADcustom7: Trace Attempt  4	[0.07 s]
0.0.Bcustom2: Trace Attempt  1	[0.10 s]
0.0.Bcustom2: Trace Attempt  2	[0.10 s]
0.0.Bcustom2: Trace Attempt  3	[0.10 s]
0.0.Bcustom2: Trace Attempt  4	[0.10 s]
0.0.Bcustom2: Trace Attempt  5	[0.10 s]
0.0.ADcustom7: Trace Attempt  1	[0.10 s]
0.0.ADcustom7: Trace Attempt  2	[0.10 s]
0.0.ADcustom7: Trace Attempt  3	[0.10 s]
0.0.ADcustom7: Trace Attempt  4	[0.10 s]
0.0.AMcustom3: Trace Attempt  1	[0.15 s]
0.0.AMcustom3: Trace Attempt  2	[0.15 s]
0.0.AMcustom3: Trace Attempt  3	[0.15 s]
0.0.AMcustom3: Trace Attempt  4	[0.15 s]
0.0.AMcustom3: Trace Attempt  5	[0.15 s]
0.0.Ht: Trace Attempt 16546	[184.48 s]
0.0.Bcustom2: Trace Attempt  1	[0.22 s]
0.0.Bcustom2: Trace Attempt  2	[0.22 s]
0.0.Bcustom2: Trace Attempt  3	[0.22 s]
0.0.Bcustom2: Trace Attempt  4	[0.22 s]
0.0.Bcustom2: Trace Attempt  5	[0.22 s]
0.0.ADcustom7: Trace Attempt  1	[0.25 s]
0.0.ADcustom7: Trace Attempt  2	[0.25 s]
0.0.ADcustom7: Trace Attempt  3	[0.25 s]
0.0.ADcustom7: Trace Attempt  4	[0.25 s]
0.0.ADcustom7: Trace Attempt  5	[0.25 s]
0.0.ADcustom7: Trace Attempt  1	[0.25 s]
0.0.ADcustom7: Trace Attempt  2	[0.25 s]
0.0.ADcustom7: Trace Attempt  3	[0.25 s]
0.0.ADcustom7: Trace Attempt  4	[0.26 s]
0.0.ADcustom7: Trace Attempt  1	[0.26 s]
0.0.ADcustom7: Trace Attempt  2	[0.26 s]
0.0.ADcustom7: Trace Attempt  3	[0.26 s]
0.0.ADcustom7: Trace Attempt  4	[0.27 s]
0.0.ADcustom7: Trace Attempt  1	[0.30 s]
0.0.ADcustom7: Trace Attempt  2	[0.30 s]
0.0.ADcustom7: Trace Attempt  3	[0.30 s]
0.0.ADcustom7: Trace Attempt  4	[0.30 s]
0.0.ADcustom7: Trace Attempt  1	[0.46 s]
0.0.ADcustom7: Trace Attempt  2	[0.46 s]
0.0.ADcustom7: Trace Attempt  3	[0.46 s]
0.0.ADcustom7: Trace Attempt  4	[0.47 s]
0.0.AMcustom3: Trace Attempt  1	[0.54 s]
0.0.AMcustom3: Trace Attempt  2	[0.54 s]
0.0.AMcustom3: Trace Attempt  3	[0.54 s]
0.0.AMcustom3: Trace Attempt  4	[0.54 s]
0.0.AMcustom3: Trace Attempt  5	[0.54 s]
0.0.Bcustom2: Trace Attempt  1	[0.61 s]
0.0.Bcustom2: Trace Attempt  2	[0.61 s]
0.0.Bcustom2: Trace Attempt  3	[0.61 s]
0.0.Bcustom2: Trace Attempt  4	[0.61 s]
0.0.Bcustom2: Trace Attempt  5	[0.61 s]
0.0.ADcustom7: Trace Attempt  1	[1.28 s]
0.0.ADcustom7: Trace Attempt  2	[1.28 s]
0.0.ADcustom7: Trace Attempt  3	[1.28 s]
0.0.ADcustom7: Trace Attempt  4	[1.28 s]
0.0.ADcustom7: Trace Attempt  5	[1.28 s]
0.0.ADcustom7: Trace Attempt  1	[1.28 s]
0.0.ADcustom7: Trace Attempt  2	[1.28 s]
0.0.ADcustom7: Trace Attempt  3	[1.28 s]
0.0.ADcustom7: Trace Attempt  4	[1.28 s]
0.0.ADcustom7: Trace Attempt  1	[1.29 s]
0.0.ADcustom7: Trace Attempt  2	[1.29 s]
0.0.ADcustom7: Trace Attempt  3	[1.29 s]
0.0.ADcustom7: Trace Attempt  4	[1.29 s]
0.0.ADcustom7: Trace Attempt  1	[1.33 s]
0.0.ADcustom7: Trace Attempt  2	[1.33 s]
0.0.ADcustom7: Trace Attempt  3	[1.33 s]
0.0.ADcustom7: Trace Attempt  4	[1.33 s]
0.0.ADcustom7: Trace Attempt  1	[1.50 s]
0.0.ADcustom7: Trace Attempt  2	[1.50 s]
0.0.ADcustom7: Trace Attempt  3	[1.50 s]
0.0.ADcustom7: Trace Attempt  4	[1.50 s]
0.0.M: Trace Attempt 175	[4.05 s]
0.0.Bcustom2: Trace Attempt  1	[2.25 s]
0.0.Bcustom2: Trace Attempt  2	[2.25 s]
0.0.Bcustom2: Trace Attempt  3	[2.25 s]
0.0.Bcustom2: Trace Attempt  4	[2.25 s]
0.0.Bcustom2: Trace Attempt  5	[2.25 s]
0.0.ADcustom7: Trace Attempt  1	[2.31 s]
0.0.ADcustom7: Trace Attempt  2	[2.31 s]
0.0.ADcustom7: Trace Attempt  3	[2.31 s]
0.0.ADcustom7: Trace Attempt  4	[2.31 s]
0.0.AMcustom3: Trace Attempt  1	[2.50 s]
0.0.AMcustom3: Trace Attempt  2	[2.50 s]
0.0.AMcustom3: Trace Attempt  3	[2.50 s]
0.0.AMcustom3: Trace Attempt  4	[2.50 s]
0.0.AMcustom3: Trace Attempt  5	[2.50 s]
0.0.AMcustom3: Trace Attempt 116	[3.85 s]
0.0.AMcustom3: Stopped processing property "Thermocouple.p1"	[3.87 s].
0.0.AMcustom3: Morphing to D
0.0.AMcustom3: All properties determined. [0.00 s]
0.0.AMcustom3: Exited with Success (@ 0.00 s)
0.0.D: clocks: 1, declared: 1, looping: 0, posedge: 1, negedge: 0, noedge: 0, bothedge: 0
0.0.ADcustom7: Trace Attempt 64	[3.18 s]
0.0.ADcustom7: Stopped processing property "Thermocouple.p1"	[3.85 s].
0.0.ADcustom7: Morphing to Tricustom8
0.0.ADcustom7: All properties determined. [0.00 s]
0.0.ADcustom7: Exited with Success (@ 0.00 s)
0.0.D: Starting proof for property "Thermocouple.p1"	[0.00 s].
0.0.Tricustom8: clocks: 1, declared: 1, looping: 0, posedge: 1, negedge: 0, noedge: 0, bothedge: 0
0.0.Tricustom8: Starting proof for property "Thermocouple.p1"	[0.00 s].
0.0.Tricustom8: Trace Attempt  1	[0.00 s]
0.0.D: Trace Attempt 64	[0.01 s]
0.0.Bcustom2: Trace Attempt 1077	[3.86 s]
0.0.Bcustom2: Stopped processing property "Thermocouple.p1"	[3.87 s].
0.0.Bcustom2: Morphing to Tri
0.0.Bcustom2: All properties determined. [0.00 s]
0.0.Bcustom2: Exited with Success (@ 0.00 s)
0.0.Tri: clocks: 1, declared: 1, looping: 0, posedge: 1, negedge: 0, noedge: 0, bothedge: 0
0.0.Tri: Starting proof for property "Thermocouple.p1"	[0.00 s].
0.0.Tri: Trace Attempt  1	[0.00 s]
0.0.Tri:    0.00" ---- Launching main thread ----
0.0.Tri:    0.04" ---- Launching abstraction thread ----
0.0.Tri:    0.05" ---- Launching multi-phase simplification thread ----
0.0.Tri: Requesting engine job to terminate
0.0.D: Requesting engine job to terminate
0.0.M: Requesting engine job to terminate
0.0.Tricustom8: Requesting engine job to terminate
0.0.Hp: Requesting engine job to terminate
0.0.Ht: Requesting engine job to terminate
INFO (IPF144): 0: Initiating shutdown of proof [188.32 s]
0.0.Tricustom8: A proof was found: No trace exists. [0.10 s]
INFO (IPF057): 0.0.Tricustom8: The property "Thermocouple.p1" was proven in 0.10 s.
0.0.D: Stopped processing property "Thermocouple.p1"	[0.11 s].
0.0.D: All properties determined. [0.11 s]
0.0.Ht: Trace Attempt 16817	[188.27 s]
0.0.Ht: All properties determined. [188.28 s]
0.0.Tri:    0.07" ---- Launching liveness simplification thread ----
0.0.Tri: Stopped processing property "Thermocouple.p1"	[0.10 s].
0.0.D: Exited with Success (@ 188.34 s)
0: ProofGrid usable level: 0
0.0.M: Trace Attempt 227	[6.18 s]
0.0.M: Stopped processing property "Thermocouple.p1"	[6.27 s].
0.0.M: All properties determined. [6.27 s]
0.0.M: Exited with Success (@ 188.35 s)
0.0.Tri: All properties determined. [0.11 s]
0.0.Tri: Exited with Success (@ 188.35 s)
0.0.Hp: Trace Attempt 889	[186.42 s]
0.0.Hp: All properties determined. [188.51 s]
0.0.Tricustom8: Stopped processing property "Thermocouple.p1"	[0.30 s].
0.0.Tricustom8: All properties determined. [0.30 s]
0.0.Tricustom8: Exited with Success (@ 188.53 s)
0.0.Ht: Exited with Success (@ 188.56 s)
0.0.Hp: Exited with Success (@ 188.58 s)
0: --------------------------------------------------------------
ProofGrid Summary (utilization 99.97 %)
--------------------------------------------------------------
     engines started                               :    15
     engine jobs started                           :     7

    Average time in state (seconds)
    ------------------------------------------------------
    Engine  Pending     Running        Dead    Utilization
    ------------------------------------------------------
     Hp        0.03      188.32        0.00       99.98 %
     Ht        0.04      188.28        0.00       99.98 %
     Oh        0.04        0.00        0.00        1.23 %
    Tri        0.03      188.20        0.00       99.98 %
      D        0.03      188.02        0.00       99.98 %
      M        0.04      188.06        0.00       99.98 %
    Tricustom8        0.07        7.14        0.00       99.05 %
    all        0.04      135.43        0.00       99.97 %

    Total time in state (seconds)
    -----------------------------------------
            Pending     Running        Dead  
    -----------------------------------------
               0.29      948.03        0.00

    Data read    : 6.69 MiB
    Data written : 4.97 kiB

0: All pending notifications were processed.
INFO (IPF059): 0: Completed proof on task: "<embedded>"

==============================================================
SUMMARY
==============================================================
           Properties Considered              : 1
                 assertions                   : 1
                  - proven                    : 1 (100%)
                  - bounded_proven (user)     : 0 (0%)
                  - bounded_proven (auto)     : 0 (0%)
                  - marked_proven             : 0 (0%)
                  - cex                       : 0 (0%)
                  - ar_cex                    : 0 (0%)
                  - undetermined              : 0 (0%)
                  - unknown                   : 0 (0%)
                  - error                     : 0 (0%)
                 covers                       : 0
                  - unreachable               : 0
                  - bounded_unreachable (user): 0
                  - covered                   : 0
                  - ar_covered                : 0
                  - undetermined              : 0
                  - unknown                   : 0
                  - error                     : 0
proven
[<embedded>] % exit -force
INFO (IPL005): Received request to exit from the console.
INFO: Waiting for proof threads to stop...
INFO: Proof threads stopped.
INFO (IPL018): The peak resident set memory use for this session was 2.388 GB.
INFO (IPL014): Waiting for the Tcl-thread to exit.
INFO (IPL015): The Tcl-thread exited with status 0.
INFO (IPL016): Exiting the analysis session with status 0.
