2025-11-18 09:05:42.432419 (5284) main____ INFO    ----------------------------------------
2025-11-18 09:05:42.432461 (5284) main____ INFO    Jasper version info
2025-11-18 09:05:42.432466 (5284) main____ INFO      tool      : Jasper 2024.06
2025-11-18 09:05:42.432469 (5284) main____ INFO      version   : 2024.06p002 64 bits
2025-11-18 09:05:42.432472 (5284) main____ INFO      build date: 2024.09.02 16:28:38 UTC
2025-11-18 09:05:42.432474 (5284) main____ INFO    ----------------------------------------
2025-11-18 09:05:42.432476 (5284) main____ INFO    Runtime info:
2025-11-18 09:05:42.432479 (5284) main____ INFO      platform  : Linux 3.10.0-1160.62.1.el7.x86_64 x86_64
2025-11-18 09:05:42.432484 (5284) main____ INFO      hostname  : vlsi-ria84
2025-11-18 09:05:42.432488 (5284) main____ INFO      pid       : 5284
2025-11-18 09:05:42.432490 (5284) main____ INFO      arguments : '-style' 'windows' '-proj' '../jgprojects/thermocouple_3' '-batch' 'thermocouple_3.tcl'
2025-11-18 09:05:42.432493 (5284) main____ INFO      locale    : ANSI_X3.4-1968
2025-11-18 09:05:42.432495 (5284) main____ INFO    ----------------------------------------
2025-11-18 09:05:42.432496 (5284) main____ INFO    System resource limits info:
2025-11-18 09:05:42.432499 (5284) main____ INFO      virtual memory: unlimited
2025-11-18 09:05:42.432503 (5284) main____ INFO      cpu time      : unlimited
2025-11-18 09:05:42.432508 (5284) main____ INFO      processes     : 4096
2025-11-18 09:05:42.432514 (5284) main____ INFO      stack size    : 8388608 B
2025-11-18 09:05:42.432518 (5284) main____ INFO      core file size: 1024 B
2025-11-18 09:05:42.432521 (5284) main____ INFO      open files    : 4096
2025-11-18 09:05:42.432523 (5284) main____ INFO      file size     : unlimited
2025-11-18 09:05:42.432525 (5284) main____ INFO    ----------------------------------------
2025-11-18 09:05:42.432527 (5284) main____ INFO    Memory statistics:
2025-11-18 09:05:42.432529 (5284) main____ INFO      total physical memory  : 65711068 kB
2025-11-18 09:05:42.432531 (5284) main____ INFO      free physical memory   : 42093740 kB
2025-11-18 09:05:42.432534 (5284) main____ INFO      committed address space: 28173816 kB
2025-11-18 09:05:42.432536 (5284) main____ INFO    ----------------------------------------
2025-11-18 09:05:42.433072 (5284) main____ INFO    Important environment variables:
2025-11-18 09:05:42.433084 (5284) main____ INFO      CDS_ASSURA         : '/eda/cadence/2023-24/RHELx86/ASSURA_04.16.115_231'
2025-11-18 09:05:42.433088 (5284) main____ INFO      CDS_AUTO_64BIT     : 'ALL'
2025-11-18 09:05:42.433092 (5284) main____ INFO      CDS_CONFRML        : '/eda/cadence/2023-24/RHELx86/CONFRML_23.10.300'
2025-11-18 09:05:42.433095 (5284) main____ INFO      CDS_DDIEXPORT      : '/eda/cadence/2023-24/RHELx86/DDIEXPORT_22.33.000'
2025-11-18 09:05:42.433098 (5284) main____ INFO      CDS_EMX            : '/eda/cadence/2023-24/RHELx86/EMX_23.10.000'
2025-11-18 09:05:42.433101 (5284) main____ INFO      CDS_GENUS          : '/eda/cadence/2023-24/RHELx86/DDIEXPORT_22.33.000/GENUS221'
2025-11-18 09:05:42.433105 (5284) main____ INFO      CDS_IC             : '/eda/cadence/2023-24/RHELx86/IC_23.10.020'
2025-11-18 09:05:42.433108 (5284) main____ INFO      CDS_INNOVUS        : '/eda/cadence/2023-24/RHELx86/DDIEXPORT_22.33.000/INNOVUS221'
2025-11-18 09:05:42.433111 (5284) main____ INFO      CDS_JLS            : '/eda/cadence/2023-24/RHELx86/DDIEXPORT_22.33.000/JLS221'
2025-11-18 09:05:42.433116 (5284) main____ INFO      CDS_LIC_FILE       : '/etc/local/cadence/license_8x.3868dd0560aa:5280@132.68.59.69:/etc/local/cadence/license_8x.1831bfb82c67:5280@132.68.59.64:/etc/local/cadence/license_8x.0894ef683fc3:5280@132.68.59.79:/etc/local/cadence/license_8x.1831bfb82c67:5280@132.68.59.61'
2025-11-18 09:05:42.433120 (5284) main____ INFO      CDS_LITMUS         : '/eda/cadence/2023-24/RHELx86/LITMUS_23.10.300'
2025-11-18 09:05:42.433123 (5284) main____ INFO      CDS_MODUS          : '/eda/cadence/2023-24/RHELx86/MODUS_22.12.000'
2025-11-18 09:05:42.433126 (5284) main____ INFO      CDS_MVS            : '/eda/cadence/2023-24/RHELx86/MVS_21.12.000'
2025-11-18 09:05:42.433131 (5284) main____ INFO      CDS_Netlisting_Mode: 'Analog'
2025-11-18 09:05:42.433134 (5284) main____ INFO      CDS_PEGASUS        : '/eda/cadence/2023-24/RHELx86/PEGASUS_23.11.000'
2025-11-18 09:05:42.433138 (5284) main____ INFO      CDS_PEGASUSDFM     : '/eda/cadence/2023-24/RHELx86/PEGASUSDFM_23.11.000'
2025-11-18 09:05:42.433141 (5284) main____ INFO      CDS_PVS            : '/eda/cadence/2023-24/RHELx86/PVS_22.22.000'
2025-11-18 09:05:42.433144 (5284) main____ INFO      CDS_QUANTUS        : '/eda/cadence/2023-24/RHELx86/QUANTUS_23.10.000'
2025-11-18 09:05:42.433147 (5284) main____ INFO      CDS_SPECTRE        : '/eda/cadence/2023-24/RHELx86/SPECTRE_23.10.242'
2025-11-18 09:05:42.433150 (5284) main____ INFO      CDS_SSV            : '/eda/cadence/2023-24/RHELx86/SSV_22.13.000'
2025-11-18 09:05:42.433153 (5284) main____ INFO      CDS_USE_PALETTE    : ''
2025-11-18 09:05:42.433156 (5284) main____ INFO      CDS_VERISIUMDEBUG  : '/eda/cadence/2023-24/RHELx86/VERISIUMDEBUG_23.03.001'
2025-11-18 09:05:42.433159 (5284) main____ INFO      CDS_VIPCAT         : '/eda/cadence/2023-24/RHELx86/VIPCAT_11.30.093'
2025-11-18 09:05:42.433163 (5284) main____ INFO      CDS_VMANAGER       : '/eda/cadence/2023-24/RHELx86/VMANAGER_23.03.004'
2025-11-18 09:05:42.433169 (5284) main____ INFO      CDS_XCELIUM        : '/eda/cadence/2023-24/RHELx86/XCELIUM_23.03.007'
2025-11-18 09:05:42.433173 (5284) main____ INFO      DISPLAY            : 'localhost:11.0'
2025-11-18 09:05:42.433176 (5284) main____ INFO      JASPER_CPU_CHECK   : '1'
2025-11-18 09:05:42.433179 (5284) main____ INFO      JASPER_INSTALL_DIR : '/tools/cadence2425/JASPER/jasper_2024.06p002'
2025-11-18 09:05:42.433181 (5284) main____ INFO      JASPER_KERNEL_CHECK: '1'
2025-11-18 09:05:42.433184 (5284) main____ INFO      JASPER_OS_CHECK    : '1'
2025-11-18 09:05:42.433187 (5284) main____ INFO      LANG               : 'C'
2025-11-18 09:05:42.433190 (5284) main____ INFO      TMPDIR             : '/tmp'
2025-11-18 09:05:42.433192 (5284) main____ INFO    ----------------------------------------
2025-11-18 09:05:42.433583 (5284) lic_core INFO    Initializing license system ...
2025-11-18 09:05:42.436073 (5284) lic_core INFO    ... license system initialized.
2025-11-18 09:05:42.444531 (5284) lic__man INFO    Claim 'fpv' for <ui>.
2025-11-18 09:05:42.444584 (5284) lic_core INFO    (1) checking out 'jasper_fpv' ...
2025-11-18 09:05:42.458872 (5284) lic_core INFO    ... (1) checkout failed (error: -5) ("FLEXnet ERROR(-5, 0, 0): No such feature exists.")
2025-11-18 09:05:42.458888 (5284) lic_core INFO    (2) checking out 'jasper_fao' ...
2025-11-18 09:05:42.466286 (5284) lic_core INFO    ... (2) checkout succeeded
2025-11-18 09:05:42.489787 (5284) session_ INFO    Starting analysis session with session id 'session_0' (launcher: <local>) ...
2025-11-18 09:05:42.490428 (5284) session_ INFO    Analysis session with session id 'session_0' started (pid: 5303)
2025-11-18 09:05:43.031741 (5284) session_ INFO    Analysis session 'session_0' connected to the console (host: 127.0.0.1:37914)
2025-11-18 09:05:43.379563 (5284) lic__man INFO    Unclaim everything for 'session_0'.
2025-11-18 09:05:43.422054 (5284) lic__man INFO    Claim 'fpv' for 'session_0'.
2025-11-18 09:05:43.422067 (5284) lic__man INFO    Claim 'fpv' for 'session_0/prove-0'.
2025-11-18 09:08:06.453525 (5284) lic__man INFO    Unclaim everything for 'session_0/prove-0'.
2025-11-18 09:08:06.455750 (5284) main____ INFO    About to exit: request to exit with status 0 received from analysis session 'session_0'
2025-11-18 09:08:06.510817 (5284) session_ INFO    Analysis session 'session_0' disconnected.
2025-11-18 09:08:06.510879 (5284) lic__man INFO    Unclaim everything for 'session_0'.
2025-11-18 09:08:06.510957 (5284) session_ INFO    Process for analysis session 'session_0' has exited with exit status '0'.
2025-11-18 09:08:08.357530 (5284) lic_core INFO    (2) checkin jasper_fao
2025-11-18 09:08:08.360913 (5284) main____ INFO    Exiting with status 0.
