2025-11-20 00:33:04.491165 (454) main____ INFO    ----------------------------------------
2025-11-20 00:33:04.491208 (454) main____ INFO    Jasper version info
2025-11-20 00:33:04.491213 (454) main____ INFO      tool      : Jasper 2024.06
2025-11-20 00:33:04.491217 (454) main____ INFO      version   : 2024.06p002 64 bits
2025-11-20 00:33:04.491220 (454) main____ INFO      build date: 2024.09.02 16:28:38 UTC
2025-11-20 00:33:04.491222 (454) main____ INFO    ----------------------------------------
2025-11-20 00:33:04.491224 (454) main____ INFO    Runtime info:
2025-11-20 00:33:04.491226 (454) main____ INFO      platform  : Linux 3.10.0-1160.62.1.el7.x86_64 x86_64
2025-11-20 00:33:04.491232 (454) main____ INFO      hostname  : vlsi-ria85
2025-11-20 00:33:04.491235 (454) main____ INFO      pid       : 454
2025-11-20 00:33:04.491238 (454) main____ INFO      arguments : '-style' 'windows' '-proj' '../jgprojects/1_gray_2' '-batch' '1_gray_2.tcl'
2025-11-20 00:33:04.491241 (454) main____ INFO      locale    : ANSI_X3.4-1968
2025-11-20 00:33:04.491243 (454) main____ INFO    ----------------------------------------
2025-11-20 00:33:04.491244 (454) main____ INFO    System resource limits info:
2025-11-20 00:33:04.491247 (454) main____ INFO      virtual memory: unlimited
2025-11-20 00:33:04.491251 (454) main____ INFO      cpu time      : unlimited
2025-11-20 00:33:04.491255 (454) main____ INFO      processes     : 4096
2025-11-20 00:33:04.491261 (454) main____ INFO      stack size    : 8388608 B
2025-11-20 00:33:04.491265 (454) main____ INFO      core file size: 1024 B
2025-11-20 00:33:04.491268 (454) main____ INFO      open files    : 4096
2025-11-20 00:33:04.491270 (454) main____ INFO      file size     : unlimited
2025-11-20 00:33:04.491272 (454) main____ INFO    ----------------------------------------
2025-11-20 00:33:04.491274 (454) main____ INFO    Memory statistics:
2025-11-20 00:33:04.491277 (454) main____ INFO      total physical memory  : 65714912 kB
2025-11-20 00:33:04.491279 (454) main____ INFO      free physical memory   : 5685032 kB
2025-11-20 00:33:04.491281 (454) main____ INFO      committed address space: 188529292 kB
2025-11-20 00:33:04.491283 (454) main____ INFO    ----------------------------------------
2025-11-20 00:33:04.491862 (454) main____ INFO    Important environment variables:
2025-11-20 00:33:04.491873 (454) main____ INFO      CDS_ASSURA         : '/eda/cadence/2023-24/RHELx86/ASSURA_04.16.115_231'
2025-11-20 00:33:04.491877 (454) main____ INFO      CDS_AUTO_64BIT     : 'ALL'
2025-11-20 00:33:04.491881 (454) main____ INFO      CDS_CONFRML        : '/eda/cadence/2023-24/RHELx86/CONFRML_23.10.300'
2025-11-20 00:33:04.491884 (454) main____ INFO      CDS_DDIEXPORT      : '/eda/cadence/2023-24/RHELx86/DDIEXPORT_22.33.000'
2025-11-20 00:33:04.491887 (454) main____ INFO      CDS_EMX            : '/eda/cadence/2023-24/RHELx86/EMX_23.10.000'
2025-11-20 00:33:04.491891 (454) main____ INFO      CDS_GENUS          : '/eda/cadence/2023-24/RHELx86/DDIEXPORT_22.33.000/GENUS221'
2025-11-20 00:33:04.491894 (454) main____ INFO      CDS_IC             : '/eda/cadence/2023-24/RHELx86/IC_23.10.020'
2025-11-20 00:33:04.491897 (454) main____ INFO      CDS_INNOVUS        : '/eda/cadence/2023-24/RHELx86/DDIEXPORT_22.33.000/INNOVUS221'
2025-11-20 00:33:04.491900 (454) main____ INFO      CDS_JLS            : '/eda/cadence/2023-24/RHELx86/DDIEXPORT_22.33.000/JLS221'
2025-11-20 00:33:04.491905 (454) main____ INFO      CDS_LIC_FILE       : '/etc/local/cadence/license_8x.3868dd0560aa:5280@132.68.59.69:/etc/local/cadence/license_8x.1831bfb82c67:5280@132.68.59.64:/etc/local/cadence/license_8x.0894ef683fc3:5280@132.68.59.79:/etc/local/cadence/license_8x.1831bfb82c67:5280@132.68.59.61'
2025-11-20 00:33:04.491909 (454) main____ INFO      CDS_LITMUS         : '/eda/cadence/2023-24/RHELx86/LITMUS_23.10.300'
2025-11-20 00:33:04.491912 (454) main____ INFO      CDS_MODUS          : '/eda/cadence/2023-24/RHELx86/MODUS_22.12.000'
2025-11-20 00:33:04.491915 (454) main____ INFO      CDS_MVS            : '/eda/cadence/2023-24/RHELx86/MVS_21.12.000'
2025-11-20 00:33:04.491920 (454) main____ INFO      CDS_Netlisting_Mode: 'Analog'
2025-11-20 00:33:04.491923 (454) main____ INFO      CDS_PEGASUS        : '/eda/cadence/2023-24/RHELx86/PEGASUS_23.11.000'
2025-11-20 00:33:04.491926 (454) main____ INFO      CDS_PEGASUSDFM     : '/eda/cadence/2023-24/RHELx86/PEGASUSDFM_23.11.000'
2025-11-20 00:33:04.491929 (454) main____ INFO      CDS_PVS            : '/eda/cadence/2023-24/RHELx86/PVS_22.22.000'
2025-11-20 00:33:04.491933 (454) main____ INFO      CDS_QUANTUS        : '/eda/cadence/2023-24/RHELx86/QUANTUS_23.10.000'
2025-11-20 00:33:04.491936 (454) main____ INFO      CDS_SPECTRE        : '/eda/cadence/2023-24/RHELx86/SPECTRE_23.10.242'
2025-11-20 00:33:04.491938 (454) main____ INFO      CDS_SSV            : '/eda/cadence/2023-24/RHELx86/SSV_22.13.000'
2025-11-20 00:33:04.491941 (454) main____ INFO      CDS_USE_PALETTE    : ''
2025-11-20 00:33:04.491944 (454) main____ INFO      CDS_VERISIUMDEBUG  : '/eda/cadence/2023-24/RHELx86/VERISIUMDEBUG_23.03.001'
2025-11-20 00:33:04.491947 (454) main____ INFO      CDS_VIPCAT         : '/eda/cadence/2023-24/RHELx86/VIPCAT_11.30.093'
2025-11-20 00:33:04.491951 (454) main____ INFO      CDS_VMANAGER       : '/eda/cadence/2023-24/RHELx86/VMANAGER_23.03.004'
2025-11-20 00:33:04.491954 (454) main____ INFO      CDS_XCELIUM        : '/eda/cadence/2023-24/RHELx86/XCELIUM_23.03.007'
2025-11-20 00:33:04.491957 (454) main____ INFO      DISPLAY            : 'localhost:13.0'
2025-11-20 00:33:04.491959 (454) main____ INFO      JASPER_CPU_CHECK   : '1'
2025-11-20 00:33:04.491962 (454) main____ INFO      JASPER_INSTALL_DIR : '/tools/cadence2425/JASPER/jasper_2024.06p002'
2025-11-20 00:33:04.491965 (454) main____ INFO      JASPER_KERNEL_CHECK: '1'
2025-11-20 00:33:04.491967 (454) main____ INFO      JASPER_OS_CHECK    : '1'
2025-11-20 00:33:04.491970 (454) main____ INFO      LANG               : 'C'
2025-11-20 00:33:04.491973 (454) main____ INFO      TMPDIR             : '/tmp'
2025-11-20 00:33:04.491975 (454) main____ INFO    ----------------------------------------
2025-11-20 00:33:04.492369 (454) lic_core INFO    Initializing license system ...
2025-11-20 00:33:04.496043 (454) lic_core INFO    ... license system initialized.
2025-11-20 00:33:04.504293 (454) lic__man INFO    Claim 'fpv' for <ui>.
2025-11-20 00:33:04.504347 (454) lic_core INFO    (1) checking out 'jasper_fpv' ...
2025-11-20 00:33:04.519344 (454) lic_core INFO    ... (1) checkout failed (error: -5) ("FLEXnet ERROR(-5, 0, 0): No such feature exists.")
2025-11-20 00:33:04.519361 (454) lic_core INFO    (2) checking out 'jasper_fao' ...
2025-11-20 00:33:04.528449 (454) lic_core INFO    ... (2) checkout succeeded
2025-11-20 00:33:04.553283 (454) session_ INFO    Starting analysis session with session id 'session_0' (launcher: <local>) ...
2025-11-20 00:33:04.554036 (454) session_ INFO    Analysis session with session id 'session_0' started (pid: 512)
2025-11-20 00:33:05.181167 (454) session_ INFO    Analysis session 'session_0' connected to the console (host: 127.0.0.1:46388)
2025-11-20 00:33:05.645316 (454) lic__man INFO    Unclaim everything for 'session_0'.
2025-11-20 00:33:05.688087 (454) lic__man INFO    Claim 'fpv' for 'session_0'.
2025-11-20 00:33:05.688105 (454) lic__man INFO    Claim 'fpv' for 'session_0/prove-0'.
2025-11-20 00:34:43.797944 (454) lic__man INFO    Unclaim everything for 'session_0/prove-0'.
2025-11-20 00:34:43.799937 (454) main____ INFO    About to exit: request to exit with status 0 received from analysis session 'session_0'
2025-11-20 00:34:43.863910 (454) session_ INFO    Analysis session 'session_0' disconnected.
2025-11-20 00:34:43.863969 (454) lic__man INFO    Unclaim everything for 'session_0'.
2025-11-20 00:34:43.864061 (454) session_ INFO    Process for analysis session 'session_0' has exited with exit status '0'.
2025-11-20 00:34:45.825066 (454) lic_core INFO    (2) checkin jasper_fao
2025-11-20 00:34:45.828458 (454) main____ INFO    Exiting with status 0.
