2025-11-20 05:20:06.495334 (16735) main____ INFO    ----------------------------------------
2025-11-20 05:20:06.495467 (16735) main____ INFO    Jasper version info
2025-11-20 05:20:06.495482 (16735) main____ INFO      tool      : Jasper 2024.06
2025-11-20 05:20:06.495496 (16735) main____ INFO      version   : 2024.06p002 64 bits
2025-11-20 05:20:06.495506 (16735) main____ INFO      build date: 2024.09.02 16:28:38 UTC
2025-11-20 05:20:06.495513 (16735) main____ INFO    ----------------------------------------
2025-11-20 05:20:06.495520 (16735) main____ INFO    Runtime info:
2025-11-20 05:20:06.495529 (16735) main____ INFO      platform  : Linux 3.10.0-1062.el7.x86_64 x86_64
2025-11-20 05:20:06.495546 (16735) main____ INFO      hostname  : vlsi-moon
2025-11-20 05:20:06.495557 (16735) main____ INFO      pid       : 16735
2025-11-20 05:20:06.495566 (16735) main____ INFO      arguments : '-style' 'windows' '-proj' '../jgprojects/1_gray_2' '-batch' '1_gray_2.tcl'
2025-11-20 05:20:06.495575 (16735) main____ INFO      locale    : ANSI_X3.4-1968
2025-11-20 05:20:06.495582 (16735) main____ INFO    ----------------------------------------
2025-11-20 05:20:06.495588 (16735) main____ INFO    System resource limits info:
2025-11-20 05:20:06.495597 (16735) main____ INFO      virtual memory: unlimited
2025-11-20 05:20:06.495610 (16735) main____ INFO      cpu time      : unlimited
2025-11-20 05:20:06.495625 (16735) main____ INFO      processes     : 4096
2025-11-20 05:20:06.495642 (16735) main____ INFO      stack size    : 8388608 B
2025-11-20 05:20:06.495654 (16735) main____ INFO      core file size: 1024 B
2025-11-20 05:20:06.495663 (16735) main____ INFO      open files    : 4096
2025-11-20 05:20:06.495671 (16735) main____ INFO      file size     : unlimited
2025-11-20 05:20:06.495678 (16735) main____ INFO    ----------------------------------------
2025-11-20 05:20:06.495684 (16735) main____ INFO    Memory statistics:
2025-11-20 05:20:06.495694 (16735) main____ INFO      total physical memory  : 527831204 kB
2025-11-20 05:20:06.495702 (16735) main____ INFO      free physical memory   : 512976780 kB
2025-11-20 05:20:06.495710 (16735) main____ INFO      committed address space: 11691256 kB
2025-11-20 05:20:06.495718 (16735) main____ INFO    ----------------------------------------
2025-11-20 05:20:06.497375 (16735) main____ INFO    Important environment variables:
2025-11-20 05:20:06.497407 (16735) main____ INFO      CDS_ASSURA         : '/eda/cadence/2023-24/RHELx86/ASSURA_04.16.115_231'
2025-11-20 05:20:06.497420 (16735) main____ INFO      CDS_AUTO_64BIT     : 'ALL'
2025-11-20 05:20:06.497431 (16735) main____ INFO      CDS_CONFRML        : '/eda/cadence/2023-24/RHELx86/CONFRML_23.10.300'
2025-11-20 05:20:06.497442 (16735) main____ INFO      CDS_DDIEXPORT      : '/eda/cadence/2023-24/RHELx86/DDIEXPORT_22.33.000'
2025-11-20 05:20:06.497453 (16735) main____ INFO      CDS_EMX            : '/eda/cadence/2023-24/RHELx86/EMX_23.10.000'
2025-11-20 05:20:06.497464 (16735) main____ INFO      CDS_GENUS          : '/eda/cadence/2023-24/RHELx86/DDIEXPORT_22.33.000/GENUS221'
2025-11-20 05:20:06.497475 (16735) main____ INFO      CDS_IC             : '/eda/cadence/2023-24/RHELx86/IC_23.10.020'
2025-11-20 05:20:06.497487 (16735) main____ INFO      CDS_INNOVUS        : '/eda/cadence/2023-24/RHELx86/DDIEXPORT_22.33.000/INNOVUS221'
2025-11-20 05:20:06.497497 (16735) main____ INFO      CDS_JLS            : '/eda/cadence/2023-24/RHELx86/DDIEXPORT_22.33.000/JLS221'
2025-11-20 05:20:06.497514 (16735) main____ INFO      CDS_LIC_FILE       : '/etc/local/cadence/license_8x.3868dd0560aa:5280@132.68.59.69:/etc/local/cadence/license_8x.1831bfb82c67:5280@132.68.59.64:/etc/local/cadence/license_8x.0894ef683fc3:5280@132.68.59.79:/etc/local/cadence/license_8x.1831bfb82c67:5280@132.68.59.61'
2025-11-20 05:20:06.497535 (16735) main____ INFO      CDS_LITMUS         : '/eda/cadence/2023-24/RHELx86/LITMUS_23.10.300'
2025-11-20 05:20:06.497546 (16735) main____ INFO      CDS_MODUS          : '/eda/cadence/2023-24/RHELx86/MODUS_22.12.000'
2025-11-20 05:20:06.497557 (16735) main____ INFO      CDS_MVS            : '/eda/cadence/2023-24/RHELx86/MVS_21.12.000'
2025-11-20 05:20:06.497571 (16735) main____ INFO      CDS_Netlisting_Mode: 'Analog'
2025-11-20 05:20:06.497582 (16735) main____ INFO      CDS_PEGASUS        : '/eda/cadence/2023-24/RHELx86/PEGASUS_23.11.000'
2025-11-20 05:20:06.497593 (16735) main____ INFO      CDS_PEGASUSDFM     : '/eda/cadence/2023-24/RHELx86/PEGASUSDFM_23.11.000'
2025-11-20 05:20:06.497604 (16735) main____ INFO      CDS_PVS            : '/eda/cadence/2023-24/RHELx86/PVS_22.22.000'
2025-11-20 05:20:06.497614 (16735) main____ INFO      CDS_QUANTUS        : '/eda/cadence/2023-24/RHELx86/QUANTUS_23.10.000'
2025-11-20 05:20:06.497625 (16735) main____ INFO      CDS_SPECTRE        : '/eda/cadence/2023-24/RHELx86/SPECTRE_23.10.242'
2025-11-20 05:20:06.497635 (16735) main____ INFO      CDS_SSV            : '/eda/cadence/2023-24/RHELx86/SSV_22.13.000'
2025-11-20 05:20:06.497643 (16735) main____ INFO      CDS_USE_PALETTE    : ''
2025-11-20 05:20:06.497654 (16735) main____ INFO      CDS_VERISIUMDEBUG  : '/eda/cadence/2023-24/RHELx86/VERISIUMDEBUG_23.03.001'
2025-11-20 05:20:06.497665 (16735) main____ INFO      CDS_VIPCAT         : '/eda/cadence/2023-24/RHELx86/VIPCAT_11.30.093'
2025-11-20 05:20:06.497677 (16735) main____ INFO      CDS_VMANAGER       : '/eda/cadence/2023-24/RHELx86/VMANAGER_23.03.004'
2025-11-20 05:20:06.497687 (16735) main____ INFO      CDS_XCELIUM        : '/eda/cadence/2023-24/RHELx86/XCELIUM_23.03.007'
2025-11-20 05:20:06.497697 (16735) main____ INFO      DISPLAY            : 'localhost:11.0'
2025-11-20 05:20:06.497706 (16735) main____ INFO      JASPER_CPU_CHECK   : '1'
2025-11-20 05:20:06.497716 (16735) main____ INFO      JASPER_INSTALL_DIR : '/tools/cadence2425/JASPER/jasper_2024.06p002'
2025-11-20 05:20:06.497725 (16735) main____ INFO      JASPER_KERNEL_CHECK: '1'
2025-11-20 05:20:06.497734 (16735) main____ INFO      JASPER_OS_CHECK    : '1'
2025-11-20 05:20:06.497749 (16735) main____ INFO      LANG               : 'C'
2025-11-20 05:20:06.497758 (16735) main____ INFO      TMPDIR             : '/tmp'
2025-11-20 05:20:06.497765 (16735) main____ INFO    ----------------------------------------
2025-11-20 05:20:06.498969 (16735) lic_core INFO    Initializing license system ...
2025-11-20 05:20:06.512149 (16735) lic_core INFO    ... license system initialized.
2025-11-20 05:20:06.538182 (16735) lic__man INFO    Claim 'fpv' for <ui>.
2025-11-20 05:20:06.538318 (16735) lic_core INFO    (1) checking out 'jasper_fpv' ...
2025-11-20 05:20:06.635059 (16735) lic_core INFO    ... (1) checkout failed (error: -5) ("FLEXnet ERROR(-5, 0, 0): No such feature exists.")
2025-11-20 05:20:06.635133 (16735) lic_core INFO    (2) checking out 'jasper_fao' ...
2025-11-20 05:20:06.656044 (16735) lic_core INFO    ... (2) checkout succeeded
2025-11-20 05:20:06.694825 (16735) session_ INFO    Starting analysis session with session id 'session_0' (launcher: <local>) ...
2025-11-20 05:20:06.696974 (16735) session_ INFO    Analysis session with session id 'session_0' started (pid: 16753)
2025-11-20 05:20:07.632435 (16735) session_ INFO    Analysis session 'session_0' connected to the console (host: 127.0.0.1:60230)
2025-11-20 05:20:08.297843 (16735) lic__man INFO    Unclaim everything for 'session_0'.
2025-11-20 05:20:08.345227 (16735) lic__man INFO    Claim 'fpv' for 'session_0'.
2025-11-20 05:20:08.345287 (16735) lic__man INFO    Claim 'fpv' for 'session_0/prove-0'.
2025-11-20 05:22:03.577817 (16735) lic__man INFO    Unclaim everything for 'session_0/prove-0'.
2025-11-20 05:22:03.585152 (16735) main____ INFO    About to exit: request to exit with status 0 received from analysis session 'session_0'
2025-11-20 05:22:03.733888 (16735) session_ INFO    Analysis session 'session_0' disconnected.
2025-11-20 05:22:03.734299 (16735) lic__man INFO    Unclaim everything for 'session_0'.
2025-11-20 05:22:03.734933 (16735) session_ INFO    Process for analysis session 'session_0' has exited with exit status '0'.
2025-11-20 05:22:05.683199 (16735) lic_core INFO    (2) checkin jasper_fao
2025-11-20 05:22:05.687174 (16735) main____ INFO    Exiting with status 0.
