# ----------------------------------------
# Jasper Version Info
# tool      : Jasper 2024.06
# platform  : Linux 3.10.0-1160.62.1.el7.x86_64
# version   : 2024.06p002 64 bits
# build date: 2024.09.02 16:28:38 UTC
# ----------------------------------------
# started   : 2025-11-17 18:43:02 IST
# hostname  : vlsi-ria84.vlsidomain
# pid       : 28822
# arguments : '-label' 'session_0' '-console' '//127.0.0.1:35966' '-nowindow' '-style' 'windows' '-exitonerror' '-data' 'AAAAznicY2RgYLCp////PwMYMD6A0Aw2jAyoAMRnQhUJbEChGRhYYZphSliAmItBl6GAoYghnyELyNNh0ANCfSA7HS6aypDMUMJQDBRNYshhyGTIY8hmiGcwZDABqucB6k5iSATKJzNkAPkSGGr0wHI5YPsAY+QXQw==' '-proj' '/users/rompel/jasper_executions/safety_liveness/jgprojects/blink_14/sessionLogs/session_0' '-init' '-hidden' '/users/rompel/jasper_executions/safety_liveness/jgprojects/blink_14/.tmp/.initCmds.tcl' 'blink_14.tcl' '-hidden' '/users/rompel/jasper_executions/safety_liveness/jgprojects/blink_14/.tmp/.postCmds.tcl'

Any disclosure about the Cadence Design Systems software or its use
model to any third party violates the written Non-Disclosure Agreement
between Cadence Design Systems, Inc. and the customer.

THIS SOFTWARE CONTAINS CONFIDENTIAL INFORMATION AND TRADE SECRETS OF
CADENCE DESIGN SYSTEMS, INC. USE, DISCLOSURE, OR REPRODUCTION IS
PROHIBITED WITHOUT THE PRIOR EXPRESS WRITTEN PERMISSION OF CADENCE
DESIGN SYSTEMS, INC.

Copyright (C) 2000-2024 Cadence Design Systems, Inc. All Rights
Reserved.  Unpublished -- rights reserved under the copyright laws of
the United States.

This product includes software developed by others and redistributed
according to license agreement. See doc/third_party_readme.txt for
further details.

RESTRICTED RIGHTS LEGEND

Use, duplication, or disclosure by the Government is subject to
restrictions as set forth in subparagraph (c) (1) (ii) of the Rights in
Technical Data and Computer Software clause at DFARS 252.227-7013 or
subparagraphs (c) (1) and (2) of Commercial Computer Software -- Restricted
Rights at 48 CFR 52.227-19, as applicable.


                          Cadence Design Systems, Inc.
                          2655 Seely Avenue
                          San Jose, CA 95134
                          Phone: 408.943.1234

For technical assistance visit http://support.cadence.com.

Jasper Apps Analysis Session - /users/rompel/jasper_executions/safety_liveness/jgprojects/blink_14/sessionLogs/session_0

WARNING (WG017): [session]: The system's locale is "ANSI_X3.4-1968", which is not UTF-8. Non-ASCII characters might not be handled correctly.
WARNING (WG017): [jg_console]: The system's locale is "ANSI_X3.4-1968", which is not UTF-8. Non-ASCII characters might not be handled correctly.
INFO: successfully checked out license "jasper_fao".
INFO: reading configuration file "/users/rompel/.config/cadence/jasper.conf".
% analyze -sv09 ../blink_14.sv
[-- (VERI-1482)] Analyzing Verilog file '/tools/cadence2425/JASPER/jasper_2024.06p002/lib/verilog/packages/std/std.sv' into library 'std'
[-- (VERI-1482)] Analyzing Verilog file '../blink_14.sv'
% elaborate -bbox_mul 1000000 -bbox_div 1000000 -bbox_mod 1000000 -bbox_a 1000000
[INFO (HIER-8002)] ../blink_14.sv(18): Disabling old hierarchical reference handler
[INFO (VERI-1018)] ../blink_14.sv(1): compiling module 'BLINK'
[WARN (VERI-1209)] ../blink_14.sv(10): expression size 32 truncated to fit in target size 21
INFO (ISW003): Top module name is "BLINK".
INFO (INL208): Elaboration synthesis summary:
  Number of synthesized netlists          1 (0 packages)
  Single run mode                         On
  Pipeline                                On (1 pipelined netlists)
  Late hierarchical reference connection  On
  Number of analyzed Verilog modules      1 (1 synthesized)
  Number of analyzed VHDL entities        0 (0 synthesized)
INFO (INL003): Clearing all state information (assumes, stopats, and so forth).
BLINK
[<embedded>] % reset rst
INFO (IPM031): Clearing proof results of all properties.
INFO (IRS006): Current reset condition is "rst".
[<embedded>] % clock clk
[<embedded>] % prove -all
Ncustom1: Custom engine code is hT3Ng7hPPfiYQOTDZ3qhYOwGAM51eA+J/FjkM5shLioAsqhgLR4Ft+O1BuKG6ilQ83B9tLXSl+CwjiTMAQA
Bcustom2: Custom engine code is hT3Nm7hPr1Vp3Di1Ra2USNIGL4JypRnLKLAdF6JAyuavO2JfGCiY9OZJhcAcOUnLx5xwNdhILGrAWX9s+z2WDkKwNR7tAfClBEjRFVQeq6DU54boFgEA
AMcustom3: Custom engine code is hT3Ng7hP/feYQOTDZ3qhYOwGAM51eA+J/FjkM5shLioAsqhgLR4Ft+O1BuKG6ilQ83B9tLXSmmqwm7g9AQA
Mpcustom4: Custom engine code is hT3NZbhP9fmY2AbBQnsjfOxn6c+6e6yL+/e8fZFmaQrnlgEA
INFO (IPF036): Starting proof on task: "<embedded>", 1 properties to prove with 0 already proven/unreachable
INFO (IRS029): Starting reset analysis: phase 1 of 4.
INFO (IRS030): Running reset analysis: phase 2 of 4.
INFO (IRS031): Running reset analysis: phase 3 of 4.
INFO (IRS020): Starting the reset analysis simulation with a limit of 100 iterations (phase 4 of 4).
INFO (IRS024): Reset iterations 0 to 4 analyzed.
INFO (IRS018): Reset analysis simulation executed for 3 iterations. Assigned values for 22 of 24 design flops, 0 of 0 design latches, 3 of 3 internal elements.
INFO (IRS039): Reset analysis complete.
INFO (IPF031): Settings used for proof thread 0:
    orchestration                 = on
    time_limit                    = 86400s
    per_property_time_limit       = 1s * 10 ^ scan
    engine_mode                   = auto
    proofgrid_per_engine_max_jobs = 1
    max engine jobs               = auto
    proofgrid_mode                = local
    proofgrid_restarts            = 10
0: Using multistage preprocessing
AMcustom5: Custom engine code is hT3N1rhP11/52HrFRS21ROp2LOjVTgPvT8L8BGXHgLhaIuqtT4nARFjUqrBL+7pLmaTOzBepZW/Jm8SSrHDybSQtoNiO3y43wk+dEoWlsZizu97Fih6O6lPVG/LpWP5SsUPwlGagLNa1FKEFvwVXyX7//8prySbvSxIHXr5er+z4RAEA
0: Starting reduce
Ncustom6: Custom engine code is hT3OXrhPByJp3TrFSTLhUmMH4KVtJgmTCnNDF46yMXOKY48m4LS5nE7yBzFjA7kDuwO/GhGUpEPiky3p3wmPn3dJZHxFMsafSoObRzSC+tn7sEY0WbTdZ/FV4hL3MYH/b1CIUvXSWR4wqEoVLsmMOD4xIPT4lI1LO6ZCO7PnnWQuLwetnvKlrXx6wCW/A+x+enqslg1YPobi4wEF/EvbzOvcTYdJvl2s4H2yZg2b2ofAVN5WvhWk1HoBAA
ADcustom7: Custom engine code is hT3Nv7hPv1752HrFRa2kROx2f/ECJeZB2AZsLdlO8VwmIuqtT4nIDFXclhg+O+o+DMmQCekbheGk0kK28laA9gaOFDXsQp29J3X615HY1IPHJWd6FUFvCHjO+p1k652b5JJvZlShNpGlGSXAiQe/mEAj6tEBAA
Tricustom8: Custom engine code is hT3Nu7hPt1752DvFRa0kNDiyIV97VyejwM9C/jCLJjdPvusZONHY42VYUy0Q1ZotnhcVtNc56tJ5wbxv6V2+XpdsaSlHck5vfnbYjdwj1OECy9U+7oSQ0SZE3g5ayD+Phuh4odCJTjeKa2k4elM9ldQfkAEA
Gcustom9: Custom engine code is hT3NibhPDfeYQADBZnYcglOvK9Pfd7EOeniIqP8jNsyIqInncipMGcUXqAadachREE9F2PwhBUZUNw5kHnd4JdXkamORRgEA
C2custom10: Custom engine code is hT3NirhPjfWYQADBZnYcglOvK9Pfd7EOeniIqP8jNsyIqInncgkrYMMXCYbdK0dUjZIF9d4cJ0rHoBDjwVLBKuG86XYVV00BAA
AGcustom11: Custom engine code is hT3NirhP/fmYQADBZnYcglOvK9Pfd7EOeniIqP8jNsyIqInnckcwYMMXCYbdK0dUjZIF9d4cJ0rHoBDjwVLBKuHEZnZByh0BAA
Bcustom12: Custom engine code is hT3NjrhPDfiYQADBZnYcglOvK9PfWxFtenjIyBqfrgr7if/jL/yPOuK1BAflEcW0DxNH2eDIoezN2gxlQFg81RZtiWXh7aiTAidvAQA
Ncustom13: Custom engine code is hT3NR7hPByFp3TrFSTLhUmMH4KWtJglTyV/c51BHEeZWamnJv767nE6PCak26bd3gf3XGN3rIRheufhDieCJQVISo+gNYUKhiUedBKGtsP/a18svAnlMJZudHxDFwK5ufsyoxsIyiAeSY2oi3tEuoDHr5gw42DFKAG3PqO3CEsl8Azzdt3pl5nGA1Ifv2H02eYsFzWb/nfp8PMb3F0krE/EgBcm8TD9Div8BAA
Tricustom14: Custom engine code is hT3Nu7hP3fiYQADBZnYcglNHp9bfd7EOeniIqP/ji8sGLQu8yhsFO+wxJ+O+R0bU8g/IewXFomyos+viQnWc2xYNYmMqpo3i40O7DaZR7qfp4YqNx26KRvQ/qx0BAA
0: Finished reduce in 0s
0.0.PRE: Performing Proof Simplification...
0.0.N: clocks: 1, declared: 1, looping: 0, posedge: 1, negedge: 0, noedge: 0, bothedge: 0
0.0.N: Proof Simplification Iteration 1	[0.00 s]
0.0.PRE: A proof was found: No trace exists. [0.00 s]
INFO (IPF057): 0.0.PRE: The property ":noDeadEnd" was proven in 0.00 s.
    Use check_assumptions -show -dead_end to show this property in the property table.
0.0.PRE: A proof was found: No trace exists. [0.00 s]
INFO (IPF057): 0.0.PRE: The property ":noConflict" was proven in 0.00 s.
    Use check_assumptions -show to show this property in the property table.
INFO (IPF047): 0.0.PRE: The cover property ":live" was covered in 1 cycles in 0.00 s.
    Use check_assumptions -show -live to show this property in the property table.
0.0.PRE: Proof Simplification completed in 0.00 s
0: About to start ProofGrid in its own thread with a limit of 10000 pending notifications and a limit of 10 traces.
0: =============================== ProofGrid start ===============================
0: ProofGrid usable level: 1
0: Initial ProofGrid level: 1
0: ProofGrid is starting event handling
0.0.Hp: Proofgrid shell started at 28888@vlsi-ria84(local) jg_28822_vlsi-ria84_1
0.0.N: Proofgrid shell started at 28887@vlsi-ria84(local) jg_28822_vlsi-ria84_1
0.0.Hp: clocks: 1, declared: 1, looping: 0, posedge: 1, negedge: 0, noedge: 0, bothedge: 0
0.0.Hp: Last scan. Per property time limit: 0s
0.0.Hp: Trace Attempt  1	[0.00 s]
0.0.Hp: Trace Attempt  2	[0.00 s]
0.0.Hp: Trace Attempt  3	[0.00 s]
0.0.Hp: Trace Attempt  4	[0.00 s]
0.0.Hp: Trace Attempt  5	[0.00 s]
0.0.N: clocks: 1, declared: 1, looping: 0, posedge: 1, negedge: 0, noedge: 0, bothedge: 0
0.0.N: Last scan. Per property time limit: 0s
0.0.N: Starting proof for property "BLINK.p1"	[0.00 s].
0.0.N: Trace Attempt  1	[0.00 s]
0.0.N: Trace Attempt  2	[0.00 s]
0.0.N: Trace Attempt  2	[0.00 s]
0.0.N: Trace Attempt  3	[0.00 s]
0.0.N: Trace Attempt  3	[0.00 s]
0.0.N: Trace Attempt  4	[0.00 s]
0.0.N: Trace Attempt  5	[0.00 s]
0.0.N: Trace Attempt  1	[0.00 s]
0.0.N: Trace Attempt  2	[0.00 s]
0.0.N: Trace Attempt  3	[0.00 s]
0.0.N: Trace Attempt  4	[0.01 s]
0.0.N: Trace Attempt  5	[0.01 s]
0.0.Ht: Proofgrid shell started at 28919@vlsi-ria84(local) jg_28822_vlsi-ria84_1
0.0.B: Proofgrid shell started at 28921@vlsi-ria84(local) jg_28822_vlsi-ria84_1
0.0.Oh: Proofgrid shell started at 28920@vlsi-ria84(local) jg_28822_vlsi-ria84_1
0.0.AM: Proofgrid shell started at 28922@vlsi-ria84(local) jg_28822_vlsi-ria84_1
0.0.Ht: clocks: 1, declared: 1, looping: 0, posedge: 1, negedge: 0, noedge: 0, bothedge: 0
0.0.B: clocks: 1, declared: 1, looping: 0, posedge: 1, negedge: 0, noedge: 0, bothedge: 0
0.0.Ht: Last scan. Per property time limit: 0s
0.0.B: Last scan. Per property time limit: 0s
0.0.B: Starting proof for property "BLINK.p1"	[0.00 s].
0.0.Ht: Trace Attempt  1	[0.00 s]
0.0.B: Trace Attempt  1	[0.00 s]
0.0.Ht: Trace Attempt  2	[0.00 s]
0.0.B: Trace Attempt  2	[0.00 s]
0.0.Ht: Trace Attempt  3	[0.00 s]
0.0.Ht: Trace Attempt  4	[0.00 s]
0.0.B: Trace Attempt  3	[0.00 s]
0.0.Ht: Trace Attempt  5	[0.00 s]
0.0.B: Trace Attempt  4	[0.00 s]
0.0.Oh: clocks: 1, declared: 1, looping: 0, posedge: 1, negedge: 0, noedge: 0, bothedge: 0
0.0.B: Trace Attempt  5	[0.00 s]
0.0.Oh: Reached length limit (2147483647) [0.00 s]
0.0.Oh: Exited with Success (@ 0.04 s)
0.0.Oh: Completed, Restart ignored.
0.0.AM: clocks: 1, declared: 1, looping: 0, posedge: 1, negedge: 0, noedge: 0, bothedge: 0
0.0.AM: Last scan. Per property time limit: 0s
0.0.AM: Starting proof for property "BLINK.p1"	[0.00 s].
0.0.AM: Trace Attempt  1	[0.00 s]
0.0.AM: Trace Attempt  2	[0.00 s]
0.0.AM: Trace Attempt  3	[0.00 s]
0.0.AM: Trace Attempt  4	[0.00 s]
0.0.AM: Trace Attempt  5	[0.00 s]
0.0.AM: Trace Attempt  1	[0.00 s]
0.0.AM: Trace Attempt  2	[0.00 s]
0.0.AM: Trace Attempt  3	[0.00 s]
0.0.AM: Trace Attempt  4	[0.01 s]
0.0.AM: Trace Attempt  5	[0.01 s]
0.0.AM: Trace Attempt  1	[0.02 s]
0.0.AM: Trace Attempt  2	[0.02 s]
0.0.AM: Trace Attempt  3	[0.02 s]
0.0.AM: Trace Attempt  4	[0.02 s]
0.0.AM: Trace Attempt  5	[0.02 s]
0.0.AM: Trace Attempt  1	[0.06 s]
0.0.AM: Trace Attempt  2	[0.06 s]
0.0.AM: Trace Attempt  3	[0.06 s]
0.0.AM: Trace Attempt  4	[0.06 s]
0.0.AM: Trace Attempt  5	[0.06 s]
0.0.AM: Trace Attempt  1	[0.13 s]
0.0.AM: Trace Attempt  2	[0.14 s]
0.0.AM: Trace Attempt  3	[0.14 s]
0.0.AM: Trace Attempt  4	[0.14 s]
0.0.AM: Trace Attempt  5	[0.14 s]
0.0.AM: Trace Attempt  1	[0.35 s]
0.0.AM: Trace Attempt  2	[0.35 s]
0.0.AM: Trace Attempt  3	[0.35 s]
0.0.AM: Trace Attempt  4	[0.35 s]
0.0.AM: Trace Attempt  5	[0.35 s]
0.0.AM: Trace Attempt  1	[0.80 s]
0.0.AM: Trace Attempt  2	[0.80 s]
0.0.AM: Trace Attempt  3	[0.80 s]
0.0.AM: Trace Attempt  4	[0.81 s]
0.0.AM: Trace Attempt  5	[0.81 s]
0.0.AM: Trace Attempt  1	[2.39 s]
0.0.AM: Trace Attempt  2	[2.39 s]
0.0.AM: Trace Attempt  3	[2.39 s]
0.0.AM: Trace Attempt  4	[2.40 s]
0.0.AM: Trace Attempt  5	[2.40 s]
0.0.Hp: Trace Attempt 576	[4.01 s]
0.0.B: Trace Attempt 1820	[4.00 s]
0.0.Ht: Trace Attempt 1719	[4.00 s]
0.0.N: Trace Attempt 142	[4.24 s]
0.0.AM: Trace Attempt 377	[6.40 s]
0.0.AM: Trace Attempt  1	[7.88 s]
0.0.AM: Trace Attempt  2	[7.88 s]
0.0.AM: Trace Attempt  3	[7.88 s]
0.0.AM: Trace Attempt  4	[7.88 s]
0.0.AM: Trace Attempt  5	[7.89 s]
0.0.Hp: Trace Attempt 800	[8.03 s]
0.0.B: Trace Attempt 2505	[8.00 s]
0.0.Ht: Trace Attempt 2318	[8.00 s]
0.0.N: Trace Attempt 184	[8.27 s]
0.0.AM: Trace Attempt 488	[11.89 s]
0.0.Hp: Trace Attempt 982	[12.03 s]
0.0.Ht: Trace Attempt 2837	[12.01 s]
0.0.B: Trace Attempt 3079	[12.01 s]
0.0.N: Trace Attempt 221	[12.54 s]
0.0.B: Trace Attempt 3553	[16.01 s]
0.0.Ht: Trace Attempt 3258	[16.01 s]
0.0.Hp: Trace Attempt 1133	[16.06 s]
0.0.AM: Trace Attempt 760	[16.05 s]
0.0.N: Trace Attempt 293	[18.02 s]
0.0.B: Trace Attempt 3971	[20.01 s]
0.0.Ht: Trace Attempt 3637	[20.01 s]
0.0.Hp: Trace Attempt 1268	[20.07 s]
0.0.AM: Trace Attempt 849	[20.14 s]
0.0.N: Trace Attempt 376	[22.17 s]
0.0.Ht: Trace Attempt 3971	[24.01 s]
0.0.B: Trace Attempt 4325	[24.02 s]
0.0.Hp: Trace Attempt 1387	[24.07 s]
0.0.AM: Trace Attempt 877	[24.15 s]
0.0.N: Trace Attempt 411	[26.61 s]
0.0.B: Trace Attempt 4631	[28.02 s]
0.0.Ht: Trace Attempt 4256	[28.02 s]
0.0.Hp: Trace Attempt 1496	[28.10 s]
0.0.AM: Trace Attempt 586	[28.16 s]
0.0.N: Trace Attempt 414	[30.68 s]
0.0.B: Trace Attempt 4895	[32.02 s]
0.0.Ht: Trace Attempt 4494	[32.04 s]
0.0.Hp: Trace Attempt 1590	[32.10 s]
0.0.AM: Trace Attempt 815	[32.16 s]
0.0.B: Trace Attempt 5146	[36.03 s]
0.0.Ht: Trace Attempt 4718	[36.05 s]
0.0.N: Trace Attempt 419	[36.12 s]
0.0.Hp: Trace Attempt 1678	[36.15 s]
0.0.AM: Trace Attempt 1002	[36.17 s]
0.0.AM: Trace Attempt  1	[36.99 s]
0.0.AM: Trace Attempt  2	[36.99 s]
0.0.AM: Trace Attempt  3	[37.00 s]
0.0.AM: Trace Attempt  4	[37.00 s]
0.0.AM: Trace Attempt  5	[37.00 s]
0.0.B: Trace Attempt 5410	[40.05 s]
0.0.Ht: Trace Attempt 4956	[40.06 s]
0.0.Hp: Trace Attempt 1769	[40.19 s]
0.0.AM: Trace Attempt 440	[41.03 s]
0.0.N: Trace Attempt 447	[41.12 s]
0.0.B: Trace Attempt 5665	[44.06 s]
0.0.Ht: Trace Attempt 5188	[44.07 s]
0.0.Hp: Trace Attempt 1855	[44.23 s]
0.0.AM: Trace Attempt 664	[45.09 s]
0.0.N: Trace Attempt 456	[45.78 s]
0.0.B: Trace Attempt 5907	[48.07 s]
0.0.Ht: Trace Attempt 5415	[48.08 s]
0.0.Hp: Trace Attempt 1938	[48.27 s]
0.0.AM: Trace Attempt 869	[49.25 s]
0.0.N: Trace Attempt 478	[49.84 s]
0.0.B: Trace Attempt 6137	[52.07 s]
0.0.Ht: Trace Attempt 5628	[52.09 s]
0.0.Hp: Trace Attempt 2016	[52.28 s]
0.0.AM: Trace Attempt 1000	[53.26 s]
0.0.N: Trace Attempt 494	[54.00 s]
0.0.B: Trace Attempt 6373	[56.08 s]
0.0.Ht: Trace Attempt 5823	[56.10 s]
0.0.Hp: Trace Attempt 2091	[56.31 s]
0.0.AM: Trace Attempt 1266	[57.37 s]
0.0.N: Trace Attempt 498	[58.10 s]
0.0.B: Trace Attempt 6594	[60.08 s]
0.0.Ht: Trace Attempt 6008	[60.11 s]
0.0.Hp: Trace Attempt 2162	[60.33 s]
0.0.AM: Trace Attempt 1508	[61.38 s]
0.0.B: Trace Attempt 6811	[64.09 s]
0.0.Ht: Trace Attempt 6217	[64.12 s]
0.0.Hp: Trace Attempt 2233	[64.34 s]
0.0.N: Trace Attempt 500	[64.34 s]
0.0.AM: Trace Attempt 1680	[65.45 s]
0.0.B: Trace Attempt 7019	[68.10 s]
0.0.Ht: Trace Attempt 6420	[68.13 s]
0.0.Hp: Trace Attempt 2302	[68.39 s]
0.0.N: Trace Attempt 502	[68.81 s]
0.0.AM: Trace Attempt 1701	[69.70 s]
0.0.B: Trace Attempt 7218	[72.11 s]
0.0.Ht: Trace Attempt 6613	[72.14 s]
0.0.Hp: Trace Attempt 2368	[72.44 s]
0.0.AM: Trace Attempt 1711	[73.91 s]
0.0.B: Trace Attempt 7409	[76.11 s]
0.0.Ht: Trace Attempt 6799	[76.14 s]
0.0.Hp: Trace Attempt 2432	[76.47 s]
0.0.AM: Trace Attempt 1722	[78.00 s]
0.0.B: Trace Attempt 7600	[80.11 s]
0.0.Ht: Trace Attempt 6985	[80.16 s]
0.0.Hp: Trace Attempt 2495	[80.49 s]
0.0.N: Trace Attempt 506	[81.12 s]
0.0.AM: Trace Attempt 1736	[82.12 s]
0.0.B: Trace Attempt 7783	[84.13 s]
0.0.Ht: Trace Attempt 7163	[84.16 s]
0.0.Hp: Trace Attempt 2556	[84.54 s]
0.0.N: Trace Attempt 563	[85.83 s]
0.0.AM: Trace Attempt 1744	[86.22 s]
0.0.B: Trace Attempt 7961	[88.15 s]
0.0.Ht: Trace Attempt 7329	[88.17 s]
0.0.Hp: Trace Attempt 2615	[88.61 s]
0.0.N: Trace Attempt 599	[90.31 s]
0.0.AM: Trace Attempt 1753	[90.34 s]
0.0.B: Trace Attempt 8138	[92.16 s]
0.0.Ht: Trace Attempt 7500	[92.19 s]
0.0.Hp: Trace Attempt 2673	[92.64 s]
0.0.AM: Trace Attempt 1762	[94.39 s]
0.0.N: Trace Attempt 609	[95.37 s]
0.0.B: Trace Attempt 8311	[96.17 s]
0.0.Ht: Trace Attempt 7667	[96.21 s]
0.0.Hp: Trace Attempt 2730	[96.70 s]
0.0.AM: Trace Attempt 1771	[99.78 s]
0.0.B: Trace Attempt 8482	[100.18 s]
0.0.Ht: Trace Attempt 7826	[100.23 s]
0.0.N: Trace Attempt 1021	[100.63 s]
0.0.Hp: Trace Attempt 2786	[100.71 s]
0.0.AM: Trace Attempt 1028	[103.96 s]
0.0.B: Trace Attempt 8643	[104.19 s]
0.0.Ht: Trace Attempt 7981	[104.23 s]
0.0.N: Trace Attempt 1071	[104.65 s]
0.0.Hp: Trace Attempt 2839	[104.76 s]
0.0.AM: Trace Attempt 1152	[107.98 s]
0.0.B: Trace Attempt 8792	[108.20 s]
0.0.Ht: Trace Attempt 8123	[108.25 s]
0.0.Hp: Trace Attempt 2889	[108.84 s]
0.0.N: Trace Attempt 1124	[108.90 s]
0.0.AM: Trace Attempt 1263	[111.98 s]
0.0.B: Trace Attempt 8938	[112.22 s]
0.0.Ht: Trace Attempt 8255	[112.28 s]
0.0.Hp: Trace Attempt 2938	[112.88 s]
0.0.N: Trace Attempt 1148	[113.05 s]
0.0.AM: Trace Attempt 1378	[115.98 s]
0.0.B: Trace Attempt 9077	[116.24 s]
0.0.Ht: Trace Attempt 8386	[116.30 s]
0.0.Hp: Trace Attempt 2986	[116.94 s]
0.0.AM: Trace Attempt 1491	[120.02 s]
0.0.B: Trace Attempt 9217	[120.27 s]
0.0.Ht: Trace Attempt 8513	[120.33 s]
0.0.Hp: Trace Attempt 3033	[120.99 s]
0.0.N: Trace Attempt 1180	[122.83 s]
0.0.AM: Trace Attempt 1590	[124.04 s]
0.0.B: Trace Attempt 9353	[124.28 s]
0.0.Ht: Trace Attempt 8640	[124.33 s]
0.0.Hp: Trace Attempt 3079	[125.01 s]
0.0.B: Trace Attempt 9493	[128.29 s]
0.0.Ht: Trace Attempt 8769	[128.37 s]
0.0.Hp: Trace Attempt 3125	[129.08 s]
0.0.N: Trace Attempt 1182	[129.50 s]
0.0.AM: Trace Attempt 1604	[132.23 s]
0.0.B: Trace Attempt 9625	[132.30 s]
0.0.Ht: Trace Attempt 8894	[132.38 s]
0.0.Hp: Trace Attempt 3169	[133.12 s]
0.0.N: Trace Attempt 1225	[133.54 s]
0.0.AM: Trace Attempt 1696	[136.24 s]
0.0.B: Trace Attempt 9762	[136.31 s]
0.0.Ht: Trace Attempt 9022	[136.39 s]
0.0.Hp: Trace Attempt 3214	[137.12 s]
0.0.N: Trace Attempt 1263	[138.05 s]
0.0.AM: Trace Attempt 1792	[140.27 s]
0.0.B: Trace Attempt 9894	[140.34 s]
0.0.Ht: Trace Attempt 9148	[140.42 s]
0.0.Hp: Trace Attempt 3258	[141.12 s]
0.0.N: Trace Attempt 1269	[142.49 s]
0.0.AM: Trace Attempt 1883	[144.30 s]
0.0.B: Trace Attempt 10024	[144.34 s]
0.0.Ht: Trace Attempt 9272	[144.42 s]
0.0.Hp: Trace Attempt 3302	[145.14 s]
0.0.AM: Trace Attempt 1969	[148.32 s]
0.0.B: Trace Attempt 10152	[148.36 s]
0.0.Ht: Trace Attempt 9394	[148.44 s]
0.0.Hp: Trace Attempt 3344	[149.15 s]
0.0.B: Trace Attempt 10274	[152.37 s]
0.0.Ht: Trace Attempt 9515	[152.47 s]
0.0.Hp: Trace Attempt 3385	[153.21 s]
0.0.N: Trace Attempt 1273	[154.70 s]
0.0.B: Trace Attempt 10394	[156.38 s]
0.0.Ht: Trace Attempt 9627	[156.50 s]
0.0.Hp: Trace Attempt 3425	[157.22 s]
0.0.N: Trace Attempt 1437	[159.03 s]
0.0.B: Trace Attempt 10506	[160.38 s]
0.0.Ht: Trace Attempt 9743	[160.53 s]
0.0.Hp: Trace Attempt 3464	[161.29 s]
0.0.AM: Trace Attempt 2049	[161.33 s]
0.0.AM: Trace Attempt  1	[161.71 s]
0.0.AM: Trace Attempt  2	[161.71 s]
0.0.AM: Trace Attempt  3	[161.71 s]
0.0.AM: Trace Attempt  4	[161.72 s]
0.0.AM: Trace Attempt  5	[161.72 s]
0.0.N: Trace Attempt 1486	[163.25 s]
0.0.B: Trace Attempt 10638	[164.38 s]
0.0.Ht: Trace Attempt 9862	[164.54 s]
0.0.Hp: Trace Attempt 3509	[165.35 s]
0.0.AM: Trace Attempt 516	[165.73 s]
0.0.N: Trace Attempt 1537	[167.31 s]
0.0.B: Trace Attempt 10768	[168.40 s]
0.0.Ht: Trace Attempt 9997	[168.56 s]
0.0.Hp: Trace Attempt 3552	[169.39 s]
0.0.AM: Trace Attempt 840	[169.76 s]
0.0.N: Trace Attempt 1573	[171.63 s]
0.0.B: Trace Attempt 10896	[172.42 s]
0.0.Ht: Trace Attempt 10112	[172.57 s]
0.0.Hp: Trace Attempt 3594	[173.47 s]
0.0.AM: Trace Attempt 961	[173.77 s]
0.0.N: Trace Attempt 1580	[175.66 s]
0.0.B: Trace Attempt 11020	[176.45 s]
0.0.Ht: Trace Attempt 10245	[176.59 s]
0.0.Hp: Trace Attempt 3635	[177.54 s]
0.0.AM: Trace Attempt 1282	[177.78 s]
0.0.N: Trace Attempt 1844	[179.94 s]
0.0.B: Trace Attempt 11146	[180.46 s]
0.0.Ht: Trace Attempt 10374	[180.61 s]
0.0.Tri: Proofgrid shell started at 29183@vlsi-ria84(local) jg_28822_vlsi-ria84_1
0.0.Tri: clocks: 1, declared: 1, looping: 0, posedge: 1, negedge: 0, noedge: 0, bothedge: 0
0.0.Tri: Last scan. Per property time limit: 0s
0.0.Tri: Starting proof for property "BLINK.p1"	[0.00 s].
0.0.Tri: Trace Attempt  1	[0.00 s]
0.0.AM: Trace Attempt 1574	[180.94 s]
0.0.AM: Stopped processing property "BLINK.p1"	[181.03 s].
0.0.AM: Morphing to AMcustom3
0.0.AM: All properties determined. [0.00 s]
0.0.AM: Exited with Success (@ 0.00 s)
0.0.AMcustom3: clocks: 1, declared: 1, looping: 0, posedge: 1, negedge: 0, noedge: 0, bothedge: 0
0.0.AMcustom3: Starting proof for property "BLINK.p1"	[0.00 s].
0.0.AMcustom3: Trace Attempt  1	[0.00 s]
0.0.AMcustom3: Trace Attempt  2	[0.00 s]
0.0.AMcustom3: Trace Attempt  3	[0.00 s]
0.0.AMcustom3: Trace Attempt  4	[0.00 s]
0.0.AMcustom3: Trace Attempt  5	[0.00 s]
0.0.AMcustom3: Trace Attempt  1	[0.00 s]
0.0.AMcustom3: Trace Attempt  2	[0.00 s]
0.0.AMcustom3: Trace Attempt  3	[0.00 s]
0.0.AMcustom3: Trace Attempt  4	[0.01 s]
0.0.AMcustom3: Trace Attempt  5	[0.01 s]
0.0.Tri:    0.00" ---- Launching main thread ----
0.0.AMcustom3: Trace Attempt  1	[0.02 s]
0.0.AMcustom3: Trace Attempt  2	[0.02 s]
0.0.AMcustom3: Trace Attempt  3	[0.02 s]
0.0.B: Trace Attempt 11161	[180.92 s]
0.0.B: Stopped processing property "BLINK.p1"	[181.07 s].
0.0.B: Morphing to Bcustom2
0.0.B: All properties determined. [0.00 s]
0.0.B: Exited with Success (@ 0.00 s)
0.0.AMcustom3: Trace Attempt  4	[0.02 s]
0.0.Bcustom2: clocks: 1, declared: 1, looping: 0, posedge: 1, negedge: 0, noedge: 0, bothedge: 0
0.0.Bcustom2: Starting proof for property "BLINK.p1"	[0.00 s].
0.0.Bcustom2: Trace Attempt  1	[0.00 s]
0.0.AMcustom3: Trace Attempt  5	[0.02 s]
0.0.Bcustom2: Trace Attempt  2	[0.00 s]
0.0.Bcustom2: Trace Attempt  1	[0.00 s]
0.0.Bcustom2: Trace Attempt  2	[0.00 s]
0.0.Bcustom2: Trace Attempt  3	[0.00 s]
0.0.Bcustom2: Trace Attempt  4	[0.00 s]
0.0.Bcustom2: Trace Attempt  5	[0.00 s]
0.0.Tri:    0.03" ---- Launching abstraction thread ----
0.0.Tri:    0.04" ---- Launching multi-phase simplification thread ----
0.0.AMcustom3: Trace Attempt  1	[0.05 s]
0.0.AMcustom3: Trace Attempt  2	[0.05 s]
0.0.AMcustom3: Trace Attempt  3	[0.05 s]
0.0.AMcustom3: Trace Attempt  4	[0.06 s]
0.0.AMcustom3: Trace Attempt  5	[0.06 s]
0.0.Tri:    0.05" ---- Launching liveness simplification thread ----
0.0.AMcustom3: Trace Attempt  1	[0.17 s]
0.0.AMcustom3: Trace Attempt  2	[0.17 s]
0.0.AMcustom3: Trace Attempt  3	[0.17 s]
0.0.AMcustom3: Trace Attempt  4	[0.18 s]
0.0.AMcustom3: Trace Attempt  5	[0.18 s]
0.0.N: Trace Attempt 1869	[180.97 s]
0.0.N: Stopped processing property "BLINK.p1"	[181.34 s].
0.0.N: Morphing to Ncustom1
0.0.N: All properties determined. [0.00 s]
0.0.N: Exited with Success (@ 0.00 s)
0.0.Ncustom1: clocks: 1, declared: 1, looping: 0, posedge: 1, negedge: 0, noedge: 0, bothedge: 0
0.0.Ncustom1: Starting proof for property "BLINK.p1"	[0.00 s].
0.0.Ncustom1: Trace Attempt  3	[0.00 s]
0.0.Ncustom1: Trace Attempt  4	[0.00 s]
0.0.Ncustom1: Trace Attempt  5	[0.00 s]
0.0.Ncustom1: Trace Attempt  1	[0.00 s]
0.0.Ncustom1: Trace Attempt  2	[0.00 s]
0.0.Ncustom1: Trace Attempt  3	[0.00 s]
0.0.Ncustom1: Trace Attempt  4	[0.01 s]
0.0.Ncustom1: Trace Attempt  5	[0.01 s]
0.0.AMcustom3: Trace Attempt  1	[0.41 s]
0.0.AMcustom3: Trace Attempt  2	[0.41 s]
0.0.AMcustom3: Trace Attempt  3	[0.41 s]
0.0.AMcustom3: Trace Attempt  4	[0.42 s]
0.0.AMcustom3: Trace Attempt  5	[0.42 s]
0.0.Hp: Trace Attempt 3677	[181.60 s]
0.0.Tri:    0.91" Simplification phase 1 complete
0.0.Ncustom1: Requesting engine job to terminate
0.0.Hp: Requesting engine job to terminate
0.0.Ht: Requesting engine job to terminate
INFO (IPF144): 0: Initiating shutdown of proof [182.04 s]
0.0.Tri: A proof was found: No trace exists. [0.99 s]
INFO (IPF057): 0.0.Tri: The property "BLINK.p1" was proven in 0.99 s.
0.0.Tri: Stopped processing property "BLINK.p1"	[0.99 s].
0.0.Ncustom1: Trace Attempt 77	[0.60 s]
0.0.Ncustom1: Stopped processing property "BLINK.p1"	[0.70 s].
0.0.Ncustom1: All properties determined. [0.70 s]
0.0.Ht: Trace Attempt 10419	[181.98 s]
0.0.Ht: All properties determined. [182.01 s]
0.0.Tri: Morphing to AMcustom5
0.0.Tri: Preventing job from starting because proof is shutting down.
0.0.Tri: Requesting engine job to terminate
0.0.Tri: Interrupted. [0.00 s]
0.0.Tri: Exited with Success (@ 182.05 s)
0: ProofGrid usable level: 0
0.0.Bcustom2: Trace Attempt 1540	[0.93 s]
0.0.Bcustom2: Stopped processing property "BLINK.p1"	[0.94 s].
0.0.Bcustom2: Morphing to D
0.0.Bcustom2: Preventing job from starting because proof is shutting down.
0.0.Bcustom2: Requesting engine job to terminate
0.0.Bcustom2: Interrupted. [0.00 s]
0.0.Bcustom2: Exited with Success (@ 182.07 s)
0.0.Ncustom1: Exited with Success (@ 182.08 s)
0.0.AMcustom3: Trace Attempt 117	[0.98 s]
0.0.AMcustom3: Stopped processing property "BLINK.p1"	[0.99 s].
0.0.AMcustom3: Morphing to M
0.0.AMcustom3: Preventing job from starting because proof is shutting down.
0.0.AMcustom3: Requesting engine job to terminate
0.0.AMcustom3: Interrupted. [0.00 s]
0.0.AMcustom3: Exited with Success (@ 182.09 s)
0.0.Hp: Trace Attempt 3681	[182.00 s]
0.0.Hp: All properties determined. [182.09 s]
0.0.Ht: Exited with Success (@ 182.14 s)
0.0.Hp: Exited with Success (@ 182.29 s)
0: --------------------------------------------------------------
ProofGrid Summary (utilization 99.97 %)
--------------------------------------------------------------
     engines started                               :    13
     engine jobs started                           :     7

    Average time in state (seconds)
    ------------------------------------------------------
    Engine  Pending     Running        Dead    Utilization
    ------------------------------------------------------
     Hp        0.03      182.04        0.00       99.98 %
     Ht        0.04      182.01        0.00       99.98 %
     Oh        0.04        0.00        0.00        3.11 %
    Ncustom1        0.03      181.67        0.00       99.98 %
      D        0.04      181.88        0.00       99.98 %
      M        0.04      181.92        0.00       99.98 %
    AMcustom5        0.05        0.99        0.00       95.09 %
    all        0.04      130.07        0.00       99.97 %

    Total time in state (seconds)
    -----------------------------------------
            Pending     Running        Dead  
    -----------------------------------------
               0.26      910.51        0.00

    Data read    : 5.35 MiB
    Data written : 5.64 kiB

0: All pending notifications were processed.
INFO (IPF059): 0: Completed proof on task: "<embedded>"

==============================================================
SUMMARY
==============================================================
           Properties Considered              : 1
                 assertions                   : 1
                  - proven                    : 1 (100%)
                  - bounded_proven (user)     : 0 (0%)
                  - bounded_proven (auto)     : 0 (0%)
                  - marked_proven             : 0 (0%)
                  - cex                       : 0 (0%)
                  - ar_cex                    : 0 (0%)
                  - undetermined              : 0 (0%)
                  - unknown                   : 0 (0%)
                  - error                     : 0 (0%)
                 covers                       : 0
                  - unreachable               : 0
                  - bounded_unreachable (user): 0
                  - covered                   : 0
                  - ar_covered                : 0
                  - undetermined              : 0
                  - unknown                   : 0
                  - error                     : 0
proven
[<embedded>] % exit -force
INFO (IPL005): Received request to exit from the console.
INFO: Waiting for proof threads to stop...
INFO: Proof threads stopped.
INFO (IPL018): The peak resident set memory use for this session was 2.597 GB.
INFO (IPL014): Waiting for the Tcl-thread to exit.
INFO (IPL015): The Tcl-thread exited with status 0.
INFO (IPL016): Exiting the analysis session with status 0.
